Generated Packets 1 | ReceivedPackets 1
TL = 148611 |  AE2ED = 0.148611 |  PDR = 1
Generated Packets 4 | ReceivedPackets 2
TL = 1597494 |  AE2ED = 0.798747 |  PDR = 0.5
Generated Packets 5 | ReceivedPackets 3
TL = 1641451 |  AE2ED = 0.5471503333333334 |  PDR = 0.6
Generated Packets 6 | ReceivedPackets 4
TL = 1713757 |  AE2ED = 0.42843925 |  PDR = 0.6666666666666666
Generated Packets 6 | ReceivedPackets 5
TL = 5781193 |  AE2ED = 1.1562386 |  PDR = 0.8333333333333334
Generated Packets 6 | ReceivedPackets 6
TL = 8723769 |  AE2ED = 1.4539615 |  PDR = 1
Generated Packets 7 | ReceivedPackets 7
TL = 8796904 |  AE2ED = 1.2567005714285713 |  PDR = 1
Generated Packets 8 | ReceivedPackets 8
TL = 8938595 |  AE2ED = 1.117324375 |  PDR = 1
Generated Packets 9 | ReceivedPackets 9
TL = 9086282 |  AE2ED = 1.0095868888888888 |  PDR = 1
Generated Packets 10 | ReceivedPackets 10
TL = 9112605 |  AE2ED = 0.9112605 |  PDR = 1
Generated Packets 11 | ReceivedPackets 11
TL = 9211827 |  AE2ED = 0.8374388181818182 |  PDR = 1
Generated Packets 12 | ReceivedPackets 12
TL = 9301031 |  AE2ED = 0.7750859166666666 |  PDR = 1
Generated Packets 14 | ReceivedPackets 13
TL = 10551011 |  AE2ED = 0.8116162307692307 |  PDR = 0.9285714285714286
Generated Packets 14 | ReceivedPackets 14
TL = 11521808 |  AE2ED = 0.8229862857142857 |  PDR = 1
Generated Packets 17 | ReceivedPackets 15
TL = 14216802 |  AE2ED = 0.9477868 |  PDR = 0.8823529411764706
Generated Packets 22 | ReceivedPackets 16
TL = 21590645 |  AE2ED = 1.3494153125 |  PDR = 0.7272727272727273
Generated Packets 32 | ReceivedPackets 17
TL = 39470040 |  AE2ED = 2.3217670588235295 |  PDR = 0.53125
Generated Packets 42 | ReceivedPackets 18
TL = 43122622 |  AE2ED = 2.395701222222222 |  PDR = 0.42857142857142855
Generated Packets 56 | ReceivedPackets 19
TL = 81220385 |  AE2ED = 4.274757105263157 |  PDR = 0.3392857142857143
Generated Packets 60 | ReceivedPackets 20
TL = 102001326 |  AE2ED = 5.1000663 |  PDR = 0.3333333333333333
Generated Packets 61 | ReceivedPackets 21
TL = 123032157 |  AE2ED = 5.858674142857143 |  PDR = 0.3442622950819672
Generated Packets 65 | ReceivedPackets 22
TL = 130186454 |  AE2ED = 5.917566090909091 |  PDR = 0.3384615384615385
Generated Packets 72 | ReceivedPackets 23
TL = 151007554 |  AE2ED = 6.565545826086956 |  PDR = 0.3194444444444444
Generated Packets 72 | ReceivedPackets 24
TL = 170328305 |  AE2ED = 7.097012708333333 |  PDR = 0.3333333333333333
Generated Packets 72 | ReceivedPackets 25
TL = 190642014 |  AE2ED = 7.625680559999999 |  PDR = 0.3472222222222222
Generated Packets 72 | ReceivedPackets 26
TL = 204146719 |  AE2ED = 7.851796884615385 |  PDR = 0.3611111111111111
Generated Packets 77 | ReceivedPackets 27
TL = 224644909 |  AE2ED = 8.320181814814815 |  PDR = 0.35064935064935066
Generated Packets 77 | ReceivedPackets 28
TL = 225281637 |  AE2ED = 8.04577275 |  PDR = 0.36363636363636365
Generated Packets 98 | ReceivedPackets 29
TL = 230648977 |  AE2ED = 7.953413 |  PDR = 0.29591836734693877
Generated Packets 114 | ReceivedPackets 30
TL = 230756488 |  AE2ED = 7.691882933333334 |  PDR = 0.2631578947368421
Generated Packets 116 | ReceivedPackets 31
TL = 232017992 |  AE2ED = 7.4844513548387095 |  PDR = 0.2672413793103448
Generated Packets 119 | ReceivedPackets 32
TL = 244023244 |  AE2ED = 7.625726375 |  PDR = 0.2689075630252101
Generated Packets 122 | ReceivedPackets 33
TL = 259411434 |  AE2ED = 7.860952545454546 |  PDR = 0.27049180327868855
Generated Packets 123 | ReceivedPackets 34
TL = 262531307 |  AE2ED = 7.721509029411765 |  PDR = 0.2764227642276423
Generated Packets 142 | ReceivedPackets 35
TL = 262942037 |  AE2ED = 7.512629628571428 |  PDR = 0.24647887323943662
Generated Packets 152 | ReceivedPackets 36
TL = 266137552 |  AE2ED = 7.392709777777778 |  PDR = 0.23684210526315788
Generated Packets 160 | ReceivedPackets 37
TL = 269054885 |  AE2ED = 7.271753648648649 |  PDR = 0.23125
Generated Packets 163 | ReceivedPackets 38
TL = 287545336 |  AE2ED = 7.5669825263157895 |  PDR = 0.2331288343558282
Generated Packets 184 | ReceivedPackets 39
TL = 296574955 |  AE2ED = 7.604486025641026 |  PDR = 0.21195652173913043
Generated Packets 190 | ReceivedPackets 40
TL = 299518318 |  AE2ED = 7.48795795 |  PDR = 0.21052631578947367
Generated Packets 195 | ReceivedPackets 41
TL = 307930940 |  AE2ED = 7.510510731707317 |  PDR = 0.21025641025641026
Generated Packets 221 | ReceivedPackets 42
TL = 325804229 |  AE2ED = 7.757243547619048 |  PDR = 0.19004524886877827
Generated Packets 237 | ReceivedPackets 43
TL = 328358399 |  AE2ED = 7.636241837209302 |  PDR = 0.18143459915611815
Generated Packets 241 | ReceivedPackets 44
TL = 332526609 |  AE2ED = 7.557422931818182 |  PDR = 0.1825726141078838
Generated Packets 247 | ReceivedPackets 45
TL = 337950915 |  AE2ED = 7.510020333333333 |  PDR = 0.18218623481781376
Generated Packets 253 | ReceivedPackets 46
TL = 338043151 |  AE2ED = 7.348764152173913 |  PDR = 0.18181818181818182
Generated Packets 263 | ReceivedPackets 47
TL = 338067088 |  AE2ED = 7.192916765957447 |  PDR = 0.17870722433460076
Generated Packets 266 | ReceivedPackets 48
TL = 338091861 |  AE2ED = 7.0435804375 |  PDR = 0.18045112781954886
Generated Packets 275 | ReceivedPackets 49
TL = 339661062 |  AE2ED = 6.931858408163265 |  PDR = 0.1781818181818182
Generated Packets 283 | ReceivedPackets 50
TL = 346987197 |  AE2ED = 6.9397439400000005 |  PDR = 0.17667844522968199
Generated Packets 290 | ReceivedPackets 51
TL = 348126176 |  AE2ED = 6.826003450980393 |  PDR = 0.17586206896551723
Generated Packets 297 | ReceivedPackets 52
TL = 355726018 |  AE2ED = 6.840884961538462 |  PDR = 0.1750841750841751
Generated Packets 301 | ReceivedPackets 53
TL = 355749443 |  AE2ED = 6.7122536415094345 |  PDR = 0.1760797342192691
Generated Packets 311 | ReceivedPackets 54
TL = 361139793 |  AE2ED = 6.687773944444444 |  PDR = 0.17363344051446947
Generated Packets 318 | ReceivedPackets 55
TL = 361139793 |  AE2ED = 6.566178054545455 |  PDR = 0.17295597484276728
Generated Packets 344 | ReceivedPackets 56
TL = 364155365 |  AE2ED = 6.502774375 |  PDR = 0.16279069767441862
Generated Packets 354 | ReceivedPackets 57
TL = 364231532 |  AE2ED = 6.390026877192983 |  PDR = 0.16101694915254236
Generated Packets 354 | ReceivedPackets 58
TL = 377003103 |  AE2ED = 6.5000535 |  PDR = 0.1638418079096045
Generated Packets 375 | ReceivedPackets 59
TL = 378314115 |  AE2ED = 6.4121036440677965 |  PDR = 0.15733333333333333
Generated Packets 377 | ReceivedPackets 60
TL = 384874911 |  AE2ED = 6.414581849999999 |  PDR = 0.15915119363395225
Generated Packets 388 | ReceivedPackets 61
TL = 384899015 |  AE2ED = 6.309819918032787 |  PDR = 0.15721649484536082
Generated Packets 390 | ReceivedPackets 62
TL = 384924118 |  AE2ED = 6.208453516129032 |  PDR = 0.15897435897435896
Generated Packets 396 | ReceivedPackets 63
TL = 388391773 |  AE2ED = 6.164948777777778 |  PDR = 0.1590909090909091
Generated Packets 404 | ReceivedPackets 64
TL = 391179913 |  AE2ED = 6.112186140625 |  PDR = 0.15841584158415842
Generated Packets 415 | ReceivedPackets 65
TL = 394578095 |  AE2ED = 6.070432230769231 |  PDR = 0.1566265060240964
Generated Packets 426 | ReceivedPackets 66
TL = 397717160 |  AE2ED = 6.026017575757576 |  PDR = 0.15492957746478872
Generated Packets 430 | ReceivedPackets 67
TL = 400953758 |  AE2ED = 5.984384447761194 |  PDR = 0.1558139534883721
Generated Packets 432 | ReceivedPackets 68
TL = 403685781 |  AE2ED = 5.936555602941177 |  PDR = 0.1574074074074074
Generated Packets 439 | ReceivedPackets 69
TL = 411730990 |  AE2ED = 5.9671157971014495 |  PDR = 0.1571753986332574
Generated Packets 456 | ReceivedPackets 70
TL = 412080277 |  AE2ED = 5.8868611 |  PDR = 0.15350877192982457
Generated Packets 460 | ReceivedPackets 71
TL = 412247100 |  AE2ED = 5.806297183098592 |  PDR = 0.15434782608695652
Generated Packets 463 | ReceivedPackets 72
TL = 412272468 |  AE2ED = 5.7260065 |  PDR = 0.15550755939524838
Generated Packets 480 | ReceivedPackets 73
TL = 415277641 |  AE2ED = 5.688734808219178 |  PDR = 0.15208333333333332
Generated Packets 488 | ReceivedPackets 74
TL = 422315347 |  AE2ED = 5.706964148648648 |  PDR = 0.15163934426229508
Generated Packets 505 | ReceivedPackets 75
TL = 433791746 |  AE2ED = 5.783889946666666 |  PDR = 0.1485148514851485
Generated Packets 505 | ReceivedPackets 76
TL = 439095120 |  AE2ED = 5.777567368421052 |  PDR = 0.1504950495049505
Generated Packets 507 | ReceivedPackets 77
TL = 450753634 |  AE2ED = 5.8539432987012985 |  PDR = 0.15187376725838264
Generated Packets 536 | ReceivedPackets 78
TL = 451187289 |  AE2ED = 5.784452423076923 |  PDR = 0.1455223880597015
Generated Packets 541 | ReceivedPackets 79
TL = 461108911 |  AE2ED = 5.836821658227848 |  PDR = 0.14602587800369685
Generated Packets 552 | ReceivedPackets 80
TL = 468747346 |  AE2ED = 5.8593418250000004 |  PDR = 0.14492753623188406
Generated Packets 558 | ReceivedPackets 81
TL = 468917666 |  AE2ED = 5.789106987654321 |  PDR = 0.14516129032258066
Generated Packets 560 | ReceivedPackets 82
TL = 473755580 |  AE2ED = 5.777507073170732 |  PDR = 0.14642857142857144
Generated Packets 573 | ReceivedPackets 83
TL = 473779521 |  AE2ED = 5.708187 |  PDR = 0.14485165794066318
Generated Packets 576 | ReceivedPackets 84
TL = 483021961 |  AE2ED = 5.750261440476191 |  PDR = 0.14583333333333334
Generated Packets 576 | ReceivedPackets 85
TL = 492536322 |  AE2ED = 5.794544964705882 |  PDR = 0.14756944444444445
Generated Packets 578 | ReceivedPackets 86
TL = 493486941 |  AE2ED = 5.738220244186047 |  PDR = 0.14878892733564014
Generated Packets 611 | ReceivedPackets 87
TL = 499047738 |  AE2ED = 5.7361808965517245 |  PDR = 0.14238952536824878
Generated Packets 615 | ReceivedPackets 88
TL = 519100923 |  AE2ED = 5.898874125 |  PDR = 0.14308943089430895
Generated Packets 615 | ReceivedPackets 89
TL = 531169758 |  AE2ED = 5.968199528089888 |  PDR = 0.14471544715447154
Generated Packets 617 | ReceivedPackets 90
TL = 533360843 |  AE2ED = 5.926231588888889 |  PDR = 0.1458670988654781
Generated Packets 637 | ReceivedPackets 91
TL = 533429901 |  AE2ED = 5.861867043956044 |  PDR = 0.14285714285714285
Generated Packets 639 | ReceivedPackets 92
TL = 536638514 |  AE2ED = 5.833027326086956 |  PDR = 0.14397496087636932
Generated Packets 648 | ReceivedPackets 93
TL = 547071241 |  AE2ED = 5.882486462365591 |  PDR = 0.14351851851851852
Generated Packets 668 | ReceivedPackets 94
TL = 570038452 |  AE2ED = 6.06423885106383 |  PDR = 0.1407185628742515
Generated Packets 685 | ReceivedPackets 95
TL = 573695837 |  AE2ED = 6.038903547368421 |  PDR = 0.1386861313868613
Generated Packets 688 | ReceivedPackets 96
TL = 573719282 |  AE2ED = 5.976242520833333 |  PDR = 0.13953488372093023
Generated Packets 691 | ReceivedPackets 97
TL = 579889089 |  AE2ED = 5.978238030927835 |  PDR = 0.14037626628075253
Generated Packets 696 | ReceivedPackets 98
TL = 579913221 |  AE2ED = 5.9174818469387755 |  PDR = 0.14080459770114942
Generated Packets 697 | ReceivedPackets 99
TL = 587981925 |  AE2ED = 5.939211363636363 |  PDR = 0.14203730272596843
Generated Packets 715 | ReceivedPackets 100
TL = 600476378 |  AE2ED = 6.00476378 |  PDR = 0.13986013986013987
Generated Packets 716 | ReceivedPackets 101
TL = 600500208 |  AE2ED = 5.945546613861386 |  PDR = 0.14106145251396648
Generated Packets 748 | ReceivedPackets 102
TL = 602850075 |  AE2ED = 5.910294852941177 |  PDR = 0.13636363636363635
Generated Packets 748 | ReceivedPackets 103
TL = 608653165 |  AE2ED = 5.909254029126214 |  PDR = 0.13770053475935828
Generated Packets 774 | ReceivedPackets 104
TL = 615648351 |  AE2ED = 5.919695682692308 |  PDR = 0.1343669250645995
Generated Packets 774 | ReceivedPackets 105
TL = 622201349 |  AE2ED = 5.925727133333334 |  PDR = 0.13565891472868216
Generated Packets 778 | ReceivedPackets 106
TL = 622983366 |  AE2ED = 5.877201566037736 |  PDR = 0.13624678663239073
Generated Packets 795 | ReceivedPackets 107
TL = 623840346 |  AE2ED = 5.830283607476636 |  PDR = 0.13459119496855346
Generated Packets 800 | ReceivedPackets 108
TL = 623864414 |  AE2ED = 5.776522351851852 |  PDR = 0.135
Generated Packets 804 | ReceivedPackets 109
TL = 626612870 |  AE2ED = 5.748741926605505 |  PDR = 0.13557213930348258
Generated Packets 811 | ReceivedPackets 110
TL = 626766177 |  AE2ED = 5.697874336363636 |  PDR = 0.13563501849568435
Generated Packets 822 | ReceivedPackets 111
TL = 626790272 |  AE2ED = 5.646759207207207 |  PDR = 0.13503649635036497
Generated Packets 826 | ReceivedPackets 112
TL = 635264904 |  AE2ED = 5.672008071428571 |  PDR = 0.13559322033898305
Generated Packets 840 | ReceivedPackets 113
TL = 636497256 |  AE2ED = 5.632719079646018 |  PDR = 0.13452380952380952
Generated Packets 848 | ReceivedPackets 114
TL = 636628282 |  AE2ED = 5.584458614035087 |  PDR = 0.13443396226415094
Generated Packets 860 | ReceivedPackets 115
TL = 636651996 |  AE2ED = 5.536104313043478 |  PDR = 0.13372093023255813
Generated Packets 861 | ReceivedPackets 116
TL = 636675809 |  AE2ED = 5.488584560344828 |  PDR = 0.13472706155632985
Generated Packets 865 | ReceivedPackets 117
TL = 646447341 |  AE2ED = 5.525190948717949 |  PDR = 0.1352601156069364
Script timed out
Performance Calculation
Generated Packets 869 | ReceivedPackets 117
TL = 646447341 |  AE2ED = 5.525190948717949 |  PDR = 0.13463751438434982
