Generated Packets 1 | ReceivedPackets 1
TL = 148611 |  AE2ED = 0.148611 |  PDR = 1
Generated Packets 4 | ReceivedPackets 2
TL = 1597494 |  AE2ED = 0.798747 |  PDR = 0.5
Generated Packets 5 | ReceivedPackets 3
TL = 1641451 |  AE2ED = 0.5471503333333334 |  PDR = 0.6
Generated Packets 6 | ReceivedPackets 4
TL = 1713757 |  AE2ED = 0.42843925 |  PDR = 0.6666666666666666
Generated Packets 6 | ReceivedPackets 5
TL = 5781193 |  AE2ED = 1.1562386 |  PDR = 0.8333333333333334
Generated Packets 6 | ReceivedPackets 6
TL = 8723769 |  AE2ED = 1.4539615 |  PDR = 1
Generated Packets 7 | ReceivedPackets 7
TL = 8796904 |  AE2ED = 1.2567005714285713 |  PDR = 1
Generated Packets 8 | ReceivedPackets 8
TL = 8938595 |  AE2ED = 1.117324375 |  PDR = 1
Generated Packets 9 | ReceivedPackets 9
TL = 9086282 |  AE2ED = 1.0095868888888888 |  PDR = 1
Generated Packets 10 | ReceivedPackets 10
TL = 9112605 |  AE2ED = 0.9112605 |  PDR = 1
Generated Packets 11 | ReceivedPackets 11
TL = 9211827 |  AE2ED = 0.8374388181818182 |  PDR = 1
Generated Packets 12 | ReceivedPackets 12
TL = 9301031 |  AE2ED = 0.7750859166666666 |  PDR = 1
Generated Packets 14 | ReceivedPackets 13
TL = 10551011 |  AE2ED = 0.8116162307692307 |  PDR = 0.9285714285714286
Generated Packets 14 | ReceivedPackets 14
TL = 11521808 |  AE2ED = 0.8229862857142857 |  PDR = 1
Generated Packets 19 | ReceivedPackets 15
TL = 22452584 |  AE2ED = 1.4968389333333334 |  PDR = 0.7894736842105263
Generated Packets 19 | ReceivedPackets 16
TL = 29839304 |  AE2ED = 1.8649565 |  PDR = 0.8421052631578947
Generated Packets 24 | ReceivedPackets 17
TL = 39557524 |  AE2ED = 2.3269131764705886 |  PDR = 0.7083333333333334
Generated Packets 24 | ReceivedPackets 18
TL = 43610957 |  AE2ED = 2.4228309444444447 |  PDR = 0.75
Generated Packets 24 | ReceivedPackets 19
TL = 45904099 |  AE2ED = 2.416005210526316 |  PDR = 0.7916666666666666
Generated Packets 28 | ReceivedPackets 20
TL = 54652505 |  AE2ED = 2.73262525 |  PDR = 0.7142857142857143
Generated Packets 28 | ReceivedPackets 21
TL = 66055629 |  AE2ED = 3.1455061428571427 |  PDR = 0.75
Generated Packets 28 | ReceivedPackets 22
TL = 74976474 |  AE2ED = 3.4080215454545453 |  PDR = 0.7857142857142857
Generated Packets 28 | ReceivedPackets 23
TL = 76163586 |  AE2ED = 3.3114602608695654 |  PDR = 0.8214285714285714
Generated Packets 30 | ReceivedPackets 24
TL = 80600339 |  AE2ED = 3.3583474583333337 |  PDR = 0.8
Generated Packets 30 | ReceivedPackets 25
TL = 94155707 |  AE2ED = 3.76622828 |  PDR = 0.8333333333333334
Generated Packets 32 | ReceivedPackets 26
TL = 101154541 |  AE2ED = 3.890559269230769 |  PDR = 0.8125
Generated Packets 50 | ReceivedPackets 27
TL = 126794440 |  AE2ED = 4.696090370370371 |  PDR = 0.54
Generated Packets 53 | ReceivedPackets 28
TL = 141316185 |  AE2ED = 5.047006607142857 |  PDR = 0.5283018867924528
Generated Packets 53 | ReceivedPackets 29
TL = 175748438 |  AE2ED = 6.0602909655172414 |  PDR = 0.5471698113207547
Generated Packets 53 | ReceivedPackets 30
TL = 191332009 |  AE2ED = 6.377733633333333 |  PDR = 0.5660377358490566
Generated Packets 55 | ReceivedPackets 31
TL = 216768876 |  AE2ED = 6.992544387096774 |  PDR = 0.5636363636363636
Generated Packets 56 | ReceivedPackets 32
TL = 220298229 |  AE2ED = 6.88431965625 |  PDR = 0.5714285714285714
Generated Packets 64 | ReceivedPackets 33
TL = 263275422 |  AE2ED = 7.9780430909090905 |  PDR = 0.515625
Generated Packets 71 | ReceivedPackets 34
TL = 270234737 |  AE2ED = 7.9480805 |  PDR = 0.4788732394366197
Generated Packets 74 | ReceivedPackets 35
TL = 272386354 |  AE2ED = 7.782467257142857 |  PDR = 0.47297297297297297
Generated Packets 74 | ReceivedPackets 36
TL = 272909594 |  AE2ED = 7.580822055555556 |  PDR = 0.4864864864864865
Generated Packets 74 | ReceivedPackets 37
TL = 285360745 |  AE2ED = 7.712452567567567 |  PDR = 0.5
Generated Packets 88 | ReceivedPackets 38
TL = 293794909 |  AE2ED = 7.73144497368421 |  PDR = 0.4318181818181818
Generated Packets 91 | ReceivedPackets 39
TL = 299574233 |  AE2ED = 7.68139058974359 |  PDR = 0.42857142857142855
Generated Packets 94 | ReceivedPackets 40
TL = 299689800 |  AE2ED = 7.492245 |  PDR = 0.425531914893617
Generated Packets 94 | ReceivedPackets 41
TL = 309758185 |  AE2ED = 7.555077682926829 |  PDR = 0.43617021276595747
Generated Packets 95 | ReceivedPackets 42
TL = 310112568 |  AE2ED = 7.3836325714285715 |  PDR = 0.4421052631578947
Generated Packets 102 | ReceivedPackets 43
TL = 312930991 |  AE2ED = 7.2774649069767445 |  PDR = 0.4215686274509804
Generated Packets 105 | ReceivedPackets 44
TL = 315075175 |  AE2ED = 7.160799431818182 |  PDR = 0.41904761904761906
Generated Packets 111 | ReceivedPackets 45
TL = 318245563 |  AE2ED = 7.072123622222223 |  PDR = 0.40540540540540543
Generated Packets 122 | ReceivedPackets 46
TL = 318970629 |  AE2ED = 6.934144108695652 |  PDR = 0.3770491803278688
Generated Packets 137 | ReceivedPackets 47
TL = 322273311 |  AE2ED = 6.856878957446809 |  PDR = 0.34306569343065696
Generated Packets 138 | ReceivedPackets 48
TL = 336677914 |  AE2ED = 7.014123208333333 |  PDR = 0.34782608695652173
Generated Packets 145 | ReceivedPackets 49
TL = 340934014 |  AE2ED = 6.957837020408163 |  PDR = 0.33793103448275863
Generated Packets 164 | ReceivedPackets 50
TL = 343111986 |  AE2ED = 6.86223972 |  PDR = 0.3048780487804878
Generated Packets 180 | ReceivedPackets 51
TL = 345755259 |  AE2ED = 6.779514882352941 |  PDR = 0.2833333333333333
Generated Packets 180 | ReceivedPackets 52
TL = 346050198 |  AE2ED = 6.6548115 |  PDR = 0.28888888888888886
Generated Packets 190 | ReceivedPackets 53
TL = 359923630 |  AE2ED = 6.791011886792453 |  PDR = 0.2789473684210526
Generated Packets 190 | ReceivedPackets 54
TL = 369845045 |  AE2ED = 6.848982314814815 |  PDR = 0.28421052631578947
Generated Packets 210 | ReceivedPackets 55
TL = 376046289 |  AE2ED = 6.837205254545455 |  PDR = 0.2619047619047619
Generated Packets 212 | ReceivedPackets 56
TL = 376395499 |  AE2ED = 6.721348196428572 |  PDR = 0.2641509433962264
Generated Packets 215 | ReceivedPackets 57
TL = 382398492 |  AE2ED = 6.7087454736842105 |  PDR = 0.2651162790697674
Generated Packets 252 | ReceivedPackets 58
TL = 399748550 |  AE2ED = 6.892216379310345 |  PDR = 0.23015873015873015
Generated Packets 260 | ReceivedPackets 59
TL = 406339588 |  AE2ED = 6.88711166101695 |  PDR = 0.22692307692307692
Generated Packets 262 | ReceivedPackets 60
TL = 406615210 |  AE2ED = 6.776920166666667 |  PDR = 0.22900763358778625
Generated Packets 275 | ReceivedPackets 61
TL = 408879010 |  AE2ED = 6.702934590163934 |  PDR = 0.22181818181818183
Generated Packets 290 | ReceivedPackets 62
TL = 409017494 |  AE2ED = 6.59705635483871 |  PDR = 0.21379310344827587
Generated Packets 294 | ReceivedPackets 63
TL = 417070002 |  AE2ED = 6.620158761904762 |  PDR = 0.21428571428571427
Generated Packets 325 | ReceivedPackets 64
TL = 418271219 |  AE2ED = 6.535487796875 |  PDR = 0.19692307692307692
Generated Packets 349 | ReceivedPackets 65
TL = 419925986 |  AE2ED = 6.460399784615384 |  PDR = 0.18624641833810887
Generated Packets 352 | ReceivedPackets 66
TL = 427006468 |  AE2ED = 6.46979496969697 |  PDR = 0.1875
Generated Packets 389 | ReceivedPackets 67
TL = 427147248 |  AE2ED = 6.375332059701492 |  PDR = 0.17223650385604114
Generated Packets 400 | ReceivedPackets 68
TL = 435639168 |  AE2ED = 6.4064583529411765 |  PDR = 0.17
Generated Packets 415 | ReceivedPackets 69
TL = 439253112 |  AE2ED = 6.365987130434783 |  PDR = 0.16626506024096385
Generated Packets 416 | ReceivedPackets 70
TL = 440298532 |  AE2ED = 6.2899790285714285 |  PDR = 0.16826923076923078
Generated Packets 429 | ReceivedPackets 71
TL = 440359597 |  AE2ED = 6.202247845070422 |  PDR = 0.1655011655011655
Generated Packets 440 | ReceivedPackets 72
TL = 441059186 |  AE2ED = 6.125822027777778 |  PDR = 0.16363636363636364
Generated Packets 455 | ReceivedPackets 73
TL = 457213674 |  AE2ED = 6.26320101369863 |  PDR = 0.16043956043956045
Generated Packets 458 | ReceivedPackets 74
TL = 459087265 |  AE2ED = 6.203881959459459 |  PDR = 0.1615720524017467
Generated Packets 466 | ReceivedPackets 75
TL = 463007472 |  AE2ED = 6.1734329599999995 |  PDR = 0.1609442060085837
Generated Packets 496 | ReceivedPackets 76
TL = 463113961 |  AE2ED = 6.09360475 |  PDR = 0.1532258064516129
Generated Packets 496 | ReceivedPackets 77
TL = 483621795 |  AE2ED = 6.280802532467533 |  PDR = 0.15524193548387097
Generated Packets 499 | ReceivedPackets 78
TL = 483752748 |  AE2ED = 6.201958307692308 |  PDR = 0.156312625250501
Generated Packets 515 | ReceivedPackets 79
TL = 483939962 |  AE2ED = 6.125822303797468 |  PDR = 0.1533980582524272
Generated Packets 520 | ReceivedPackets 80
TL = 488050799 |  AE2ED = 6.100634987499999 |  PDR = 0.15384615384615385
Generated Packets 530 | ReceivedPackets 81
TL = 503869664 |  AE2ED = 6.220613135802469 |  PDR = 0.15283018867924528
Generated Packets 546 | ReceivedPackets 82
TL = 515864036 |  AE2ED = 6.291024829268292 |  PDR = 0.15018315018315018
Generated Packets 550 | ReceivedPackets 83
TL = 515889856 |  AE2ED = 6.215540433734939 |  PDR = 0.1509090909090909
Generated Packets 559 | ReceivedPackets 84
TL = 516387863 |  AE2ED = 6.147474559523809 |  PDR = 0.15026833631484796
Generated Packets 571 | ReceivedPackets 85
TL = 522214243 |  AE2ED = 6.143696976470588 |  PDR = 0.14886164623467601
Generated Packets 573 | ReceivedPackets 86
TL = 536139271 |  AE2ED = 6.234177569767442 |  PDR = 0.15008726003490402
Generated Packets 582 | ReceivedPackets 87
TL = 546208191 |  AE2ED = 6.2782550689655165 |  PDR = 0.14948453608247422
Generated Packets 587 | ReceivedPackets 88
TL = 548691079 |  AE2ED = 6.235125897727272 |  PDR = 0.14991482112436116
Generated Packets 587 | ReceivedPackets 89
TL = 556111531 |  AE2ED = 6.248444168539326 |  PDR = 0.151618398637138
Generated Packets 594 | ReceivedPackets 90
TL = 563073813 |  AE2ED = 6.2563757 |  PDR = 0.15151515151515152
Generated Packets 607 | ReceivedPackets 91
TL = 566887760 |  AE2ED = 6.229535824175825 |  PDR = 0.14991762767710048
Generated Packets 626 | ReceivedPackets 92
TL = 566940371 |  AE2ED = 6.162395336956521 |  PDR = 0.14696485623003194
Generated Packets 630 | ReceivedPackets 93
TL = 569376237 |  AE2ED = 6.122325129032258 |  PDR = 0.14761904761904762
Generated Packets 642 | ReceivedPackets 94
TL = 570138320 |  AE2ED = 6.065301276595744 |  PDR = 0.14641744548286603
Generated Packets 644 | ReceivedPackets 95
TL = 573398696 |  AE2ED = 6.0357757473684215 |  PDR = 0.14751552795031056
Generated Packets 654 | ReceivedPackets 96
TL = 575311243 |  AE2ED = 5.992825447916667 |  PDR = 0.14678899082568808
Generated Packets 659 | ReceivedPackets 97
TL = 584192075 |  AE2ED = 6.022598711340206 |  PDR = 0.1471927162367223
Generated Packets 668 | ReceivedPackets 98
TL = 594682354 |  AE2ED = 6.068187285714285 |  PDR = 0.1467065868263473
Generated Packets 673 | ReceivedPackets 99
TL = 596716809 |  AE2ED = 6.027442515151516 |  PDR = 0.14710252600297177
Generated Packets 677 | ReceivedPackets 100
TL = 602780275 |  AE2ED = 6.02780275 |  PDR = 0.14771048744460857
Generated Packets 680 | ReceivedPackets 101
TL = 623123821 |  AE2ED = 6.169542782178217 |  PDR = 0.14852941176470588
Generated Packets 710 | ReceivedPackets 102
TL = 625845160 |  AE2ED = 6.135736862745098 |  PDR = 0.14366197183098592
Generated Packets 712 | ReceivedPackets 103
TL = 634788113 |  AE2ED = 6.162991388349514 |  PDR = 0.1446629213483146
Generated Packets 716 | ReceivedPackets 104
TL = 651907070 |  AE2ED = 6.268337211538462 |  PDR = 0.1452513966480447
Generated Packets 722 | ReceivedPackets 105
TL = 660826886 |  AE2ED = 6.293589390476191 |  PDR = 0.14542936288088643
Generated Packets 740 | ReceivedPackets 106
TL = 674906923 |  AE2ED = 6.367046443396227 |  PDR = 0.14324324324324325
Generated Packets 743 | ReceivedPackets 107
TL = 689215161 |  AE2ED = 6.441263186915887 |  PDR = 0.1440107671601615
Generated Packets 744 | ReceivedPackets 108
TL = 699209496 |  AE2ED = 6.474162 |  PDR = 0.14516129032258066
Generated Packets 759 | ReceivedPackets 109
TL = 707950028 |  AE2ED = 6.494954385321101 |  PDR = 0.14361001317523056
Generated Packets 768 | ReceivedPackets 110
TL = 708120123 |  AE2ED = 6.4374556636363645 |  PDR = 0.14322916666666666
Generated Packets 790 | ReceivedPackets 111
TL = 721623595 |  AE2ED = 6.501113468468469 |  PDR = 0.14050632911392405
Generated Packets 790 | ReceivedPackets 112
TL = 726848557 |  AE2ED = 6.489719258928572 |  PDR = 0.14177215189873418
Generated Packets 819 | ReceivedPackets 113
TL = 731771944 |  AE2ED = 6.475857911504425 |  PDR = 0.13797313797313798
Generated Packets 862 | ReceivedPackets 114
TL = 733653319 |  AE2ED = 6.435555429824562 |  PDR = 0.13225058004640372
Script timed out
Performance Calculation
Generated Packets 870 | ReceivedPackets 114
TL = 733653319 |  AE2ED = 6.435555429824562 |  PDR = 0.1310344827586207
