Generated Packets 1 | ReceivedPackets 1
TL = 24341 |  AE2ED = 0.024341 |  PDR = 1
Generated Packets 2 | ReceivedPackets 2
TL = 125075 |  AE2ED = 0.0625375 |  PDR = 1
Generated Packets 3 | ReceivedPackets 3
TL = 247587 |  AE2ED = 0.082529 |  PDR = 1
Generated Packets 4 | ReceivedPackets 4
TL = 345210 |  AE2ED = 0.0863025 |  PDR = 1
Generated Packets 5 | ReceivedPackets 5
TL = 505556 |  AE2ED = 0.1011112 |  PDR = 1
Generated Packets 6 | ReceivedPackets 6
TL = 544050 |  AE2ED = 0.090675 |  PDR = 1
Generated Packets 7 | ReceivedPackets 7
TL = 632896 |  AE2ED = 0.09041371428571429 |  PDR = 1
Generated Packets 9 | ReceivedPackets 8
TL = 671534 |  AE2ED = 0.08394175 |  PDR = 0.8888888888888888
Generated Packets 9 | ReceivedPackets 9
TL = 813192 |  AE2ED = 0.09035466666666667 |  PDR = 1
Generated Packets 10 | ReceivedPackets 10
TL = 907592 |  AE2ED = 0.0907592 |  PDR = 1
Generated Packets 11 | ReceivedPackets 11
TL = 1044822 |  AE2ED = 0.09498381818181818 |  PDR = 1
Generated Packets 12 | ReceivedPackets 12
TL = 1176462 |  AE2ED = 0.0980385 |  PDR = 1
Generated Packets 13 | ReceivedPackets 13
TL = 1224985 |  AE2ED = 0.09422961538461538 |  PDR = 1
Generated Packets 14 | ReceivedPackets 14
TL = 1380085 |  AE2ED = 0.0985775 |  PDR = 1
Generated Packets 15 | ReceivedPackets 15
TL = 1508669 |  AE2ED = 0.10057793333333333 |  PDR = 1
Generated Packets 18 | ReceivedPackets 16
TL = 7117009 |  AE2ED = 0.4448130625 |  PDR = 0.8888888888888888
Generated Packets 18 | ReceivedPackets 17
TL = 11427826 |  AE2ED = 0.6722250588235295 |  PDR = 0.9444444444444444
Generated Packets 21 | ReceivedPackets 18
TL = 11823967 |  AE2ED = 0.6568870555555555 |  PDR = 0.8571428571428571
Generated Packets 22 | ReceivedPackets 19
TL = 12089069 |  AE2ED = 0.6362667894736842 |  PDR = 0.8636363636363636
Generated Packets 26 | ReceivedPackets 20
TL = 19612920 |  AE2ED = 0.980646 |  PDR = 0.7692307692307693
Generated Packets 32 | ReceivedPackets 21
TL = 35839794 |  AE2ED = 1.706656857142857 |  PDR = 0.65625
Generated Packets 46 | ReceivedPackets 22
TL = 74753449 |  AE2ED = 3.3978840454545454 |  PDR = 0.4782608695652174
Generated Packets 53 | ReceivedPackets 23
TL = 125398508 |  AE2ED = 5.452109043478261 |  PDR = 0.4339622641509434
Generated Packets 66 | ReceivedPackets 24
TL = 172905299 |  AE2ED = 7.204387458333333 |  PDR = 0.36363636363636365
Generated Packets 66 | ReceivedPackets 25
TL = 193763557 |  AE2ED = 7.75054228 |  PDR = 0.3787878787878788
Generated Packets 79 | ReceivedPackets 26
TL = 217696455 |  AE2ED = 8.372940576923076 |  PDR = 0.3291139240506329
Generated Packets 79 | ReceivedPackets 27
TL = 223529142 |  AE2ED = 8.278857111111112 |  PDR = 0.34177215189873417
Generated Packets 79 | ReceivedPackets 28
TL = 240768039 |  AE2ED = 8.598858535714285 |  PDR = 0.35443037974683544
Generated Packets 82 | ReceivedPackets 29
TL = 240954462 |  AE2ED = 8.308774551724138 |  PDR = 0.35365853658536583
Generated Packets 82 | ReceivedPackets 30
TL = 244260834 |  AE2ED = 8.1420278 |  PDR = 0.36585365853658536
Generated Packets 86 | ReceivedPackets 31
TL = 250509861 |  AE2ED = 8.080963258064516 |  PDR = 0.36046511627906974
Generated Packets 119 | ReceivedPackets 32
TL = 253760964 |  AE2ED = 7.930030125 |  PDR = 0.2689075630252101
Generated Packets 122 | ReceivedPackets 33
TL = 258535699 |  AE2ED = 7.834415121212121 |  PDR = 0.27049180327868855
Generated Packets 129 | ReceivedPackets 34
TL = 261953790 |  AE2ED = 7.7045232352941175 |  PDR = 0.26356589147286824
Generated Packets 135 | ReceivedPackets 35
TL = 262534062 |  AE2ED = 7.5009732 |  PDR = 0.25925925925925924
Generated Packets 139 | ReceivedPackets 36
TL = 267040344 |  AE2ED = 7.417787333333333 |  PDR = 0.2589928057553957
Generated Packets 143 | ReceivedPackets 37
TL = 267238501 |  AE2ED = 7.222662189189189 |  PDR = 0.25874125874125875
Generated Packets 161 | ReceivedPackets 38
TL = 283961965 |  AE2ED = 7.472683289473684 |  PDR = 0.2360248447204969
Generated Packets 171 | ReceivedPackets 39
TL = 284100938 |  AE2ED = 7.284639435897436 |  PDR = 0.22807017543859648
Generated Packets 210 | ReceivedPackets 40
TL = 295333502 |  AE2ED = 7.38333755 |  PDR = 0.19047619047619047
Generated Packets 210 | ReceivedPackets 41
TL = 303182082 |  AE2ED = 7.394684926829268 |  PDR = 0.19523809523809524
Generated Packets 217 | ReceivedPackets 42
TL = 307778146 |  AE2ED = 7.328051095238095 |  PDR = 0.1935483870967742
Generated Packets 235 | ReceivedPackets 43
TL = 311084291 |  AE2ED = 7.234518395348838 |  PDR = 0.1829787234042553
Generated Packets 249 | ReceivedPackets 44
TL = 312848309 |  AE2ED = 7.110188840909091 |  PDR = 0.17670682730923695
Generated Packets 256 | ReceivedPackets 45
TL = 317948549 |  AE2ED = 7.065523311111111 |  PDR = 0.17578125
Generated Packets 275 | ReceivedPackets 46
TL = 318681797 |  AE2ED = 6.927865152173913 |  PDR = 0.16727272727272727
Generated Packets 297 | ReceivedPackets 47
TL = 320918026 |  AE2ED = 6.828043106382979 |  PDR = 0.15824915824915825
Generated Packets 312 | ReceivedPackets 48
TL = 325010306 |  AE2ED = 6.771048041666667 |  PDR = 0.15384615384615385
Generated Packets 324 | ReceivedPackets 49
TL = 337763625 |  AE2ED = 6.8931352040816325 |  PDR = 0.15123456790123457
Generated Packets 345 | ReceivedPackets 50
TL = 337789169 |  AE2ED = 6.75578338 |  PDR = 0.14492753623188406
Generated Packets 352 | ReceivedPackets 51
TL = 338209411 |  AE2ED = 6.631557078431372 |  PDR = 0.14488636363636365
Generated Packets 365 | ReceivedPackets 52
TL = 347769656 |  AE2ED = 6.687878 |  PDR = 0.14246575342465753
Generated Packets 377 | ReceivedPackets 53
TL = 350618958 |  AE2ED = 6.615452037735849 |  PDR = 0.14058355437665782
Generated Packets 391 | ReceivedPackets 54
TL = 353265883 |  AE2ED = 6.541960796296297 |  PDR = 0.13810741687979539
Generated Packets 396 | ReceivedPackets 55
TL = 353498244 |  AE2ED = 6.4272408 |  PDR = 0.1388888888888889
Generated Packets 432 | ReceivedPackets 56
TL = 363707673 |  AE2ED = 6.494779875 |  PDR = 0.12962962962962962
Generated Packets 436 | ReceivedPackets 57
TL = 367142374 |  AE2ED = 6.441094280701755 |  PDR = 0.13073394495412843
Generated Packets 468 | ReceivedPackets 58
TL = 371968514 |  AE2ED = 6.41325024137931 |  PDR = 0.12393162393162394
Generated Packets 481 | ReceivedPackets 59
TL = 378480494 |  AE2ED = 6.414923627118644 |  PDR = 0.12266112266112267
Generated Packets 484 | ReceivedPackets 60
TL = 380446238 |  AE2ED = 6.340770633333333 |  PDR = 0.12396694214876033
Generated Packets 498 | ReceivedPackets 61
TL = 380473318 |  AE2ED = 6.237267508196721 |  PDR = 0.12248995983935743
Generated Packets 502 | ReceivedPackets 62
TL = 392994288 |  AE2ED = 6.338617548387097 |  PDR = 0.12350597609561753
Generated Packets 502 | ReceivedPackets 63
TL = 392994288 |  AE2ED = 6.238004571428572 |  PDR = 0.1254980079681275
Generated Packets 521 | ReceivedPackets 64
TL = 400622680 |  AE2ED = 6.259729375 |  PDR = 0.12284069097888675
Generated Packets 533 | ReceivedPackets 65
TL = 405268630 |  AE2ED = 6.234902 |  PDR = 0.12195121951219512
Generated Packets 538 | ReceivedPackets 66
TL = 406775951 |  AE2ED = 6.1632719848484845 |  PDR = 0.12267657992565056
Generated Packets 539 | ReceivedPackets 67
TL = 409196420 |  AE2ED = 6.107409253731343 |  PDR = 0.12430426716141002
Generated Packets 543 | ReceivedPackets 68
TL = 415518895 |  AE2ED = 6.110571985294118 |  PDR = 0.1252302025782689
Generated Packets 545 | ReceivedPackets 69
TL = 415547013 |  AE2ED = 6.0224204782608695 |  PDR = 0.12660550458715597
Generated Packets 552 | ReceivedPackets 70
TL = 416070210 |  AE2ED = 5.943860142857143 |  PDR = 0.12681159420289856
Generated Packets 552 | ReceivedPackets 71
TL = 421200186 |  AE2ED = 5.932396985915493 |  PDR = 0.1286231884057971
Generated Packets 553 | ReceivedPackets 72
TL = 429088675 |  AE2ED = 5.959564930555556 |  PDR = 0.1301989150090416
Generated Packets 553 | ReceivedPackets 73
TL = 430553565 |  AE2ED = 5.89799404109589 |  PDR = 0.13200723327305605
Generated Packets 556 | ReceivedPackets 74
TL = 430578868 |  AE2ED = 5.818633351351352 |  PDR = 0.13309352517985612
Generated Packets 556 | ReceivedPackets 75
TL = 439286918 |  AE2ED = 5.857158906666666 |  PDR = 0.13489208633093525
Generated Packets 556 | ReceivedPackets 76
TL = 446206727 |  AE2ED = 5.871141144736843 |  PDR = 0.1366906474820144
Generated Packets 558 | ReceivedPackets 77
TL = 446720756 |  AE2ED = 5.801568259740259 |  PDR = 0.13799283154121864
Generated Packets 564 | ReceivedPackets 78
TL = 447047459 |  AE2ED = 5.731377679487179 |  PDR = 0.13829787234042554
Generated Packets 566 | ReceivedPackets 79
TL = 456705407 |  AE2ED = 5.781081101265823 |  PDR = 0.13957597173144876
Generated Packets 566 | ReceivedPackets 80
TL = 473766448 |  AE2ED = 5.922080599999999 |  PDR = 0.1413427561837456
Generated Packets 566 | ReceivedPackets 81
TL = 478405619 |  AE2ED = 5.906242209876543 |  PDR = 0.1431095406360424
Generated Packets 567 | ReceivedPackets 82
TL = 484769070 |  AE2ED = 5.9118179268292685 |  PDR = 0.14462081128747795
Generated Packets 569 | ReceivedPackets 83
TL = 485728043 |  AE2ED = 5.852145096385542 |  PDR = 0.14586994727592267
Generated Packets 570 | ReceivedPackets 84
TL = 503454516 |  AE2ED = 5.993506142857143 |  PDR = 0.14736842105263157
Generated Packets 570 | ReceivedPackets 85
TL = 506077881 |  AE2ED = 5.953857423529412 |  PDR = 0.14912280701754385
Generated Packets 573 | ReceivedPackets 86
TL = 507800598 |  AE2ED = 5.9046581162790694 |  PDR = 0.15008726003490402
Generated Packets 575 | ReceivedPackets 87
TL = 508580252 |  AE2ED = 5.845750022988506 |  PDR = 0.15130434782608695
Generated Packets 578 | ReceivedPackets 88
TL = 508636310 |  AE2ED = 5.779958068181818 |  PDR = 0.1522491349480969
Generated Packets 580 | ReceivedPackets 89
TL = 514092787 |  AE2ED = 5.776323449438202 |  PDR = 0.15344827586206897
Generated Packets 581 | ReceivedPackets 90
TL = 514926730 |  AE2ED = 5.721408111111111 |  PDR = 0.1549053356282272
Generated Packets 586 | ReceivedPackets 91
TL = 524690910 |  AE2ED = 5.765834175824176 |  PDR = 0.1552901023890785
Generated Packets 586 | ReceivedPackets 92
TL = 538931963 |  AE2ED = 5.857956119565218 |  PDR = 0.15699658703071673
Generated Packets 586 | ReceivedPackets 93
TL = 547039851 |  AE2ED = 5.882148935483871 |  PDR = 0.15870307167235495
Generated Packets 589 | ReceivedPackets 94
TL = 552997129 |  AE2ED = 5.882948180851064 |  PDR = 0.15959252971137522
Generated Packets 592 | ReceivedPackets 95
TL = 553387354 |  AE2ED = 5.825130042105263 |  PDR = 0.16047297297297297
Generated Packets 597 | ReceivedPackets 96
TL = 558968043 |  AE2ED = 5.82258378125 |  PDR = 0.16080402010050251
Generated Packets 597 | ReceivedPackets 97
TL = 561384858 |  AE2ED = 5.787472762886598 |  PDR = 0.1624790619765494
Generated Packets 597 | ReceivedPackets 98
TL = 568516386 |  AE2ED = 5.801187612244897 |  PDR = 0.16415410385259632
Generated Packets 598 | ReceivedPackets 99
TL = 572333803 |  AE2ED = 5.781149525252526 |  PDR = 0.16555183946488294
Generated Packets 599 | ReceivedPackets 100
TL = 582356346 |  AE2ED = 5.82356346 |  PDR = 0.1669449081803005
Generated Packets 600 | ReceivedPackets 101
TL = 592682174 |  AE2ED = 5.8681403366336635 |  PDR = 0.16833333333333333
Generated Packets 600 | ReceivedPackets 102
TL = 594344639 |  AE2ED = 5.826908225490196 |  PDR = 0.17
Generated Packets 604 | ReceivedPackets 103
TL = 606541832 |  AE2ED = 5.888755650485437 |  PDR = 0.17052980132450332
Generated Packets 604 | ReceivedPackets 104
TL = 610423313 |  AE2ED = 5.869454932692308 |  PDR = 0.17218543046357615
Generated Packets 605 | ReceivedPackets 105
TL = 610449644 |  AE2ED = 5.813806133333334 |  PDR = 0.17355371900826447
Generated Packets 605 | ReceivedPackets 106
TL = 614275585 |  AE2ED = 5.795052688679245 |  PDR = 0.17520661157024794
Generated Packets 605 | ReceivedPackets 107
TL = 624383485 |  AE2ED = 5.835359672897196 |  PDR = 0.1768595041322314
Generated Packets 606 | ReceivedPackets 108
TL = 624522517 |  AE2ED = 5.782615898148149 |  PDR = 0.1782178217821782
Generated Packets 608 | ReceivedPackets 109
TL = 625852424 |  AE2ED = 5.741765357798164 |  PDR = 0.17927631578947367
Generated Packets 608 | ReceivedPackets 110
TL = 627359750 |  AE2ED = 5.7032704545454544 |  PDR = 0.18092105263157895
Generated Packets 610 | ReceivedPackets 111
TL = 627660167 |  AE2ED = 5.654596099099098 |  PDR = 0.1819672131147541
Generated Packets 612 | ReceivedPackets 112
TL = 627814958 |  AE2ED = 5.605490696428572 |  PDR = 0.1830065359477124
Generated Packets 615 | ReceivedPackets 113
TL = 627975167 |  AE2ED = 5.557302362831858 |  PDR = 0.183739837398374
Generated Packets 618 | ReceivedPackets 114
TL = 633535659 |  AE2ED = 5.557330342105263 |  PDR = 0.18446601941747573
Generated Packets 619 | ReceivedPackets 115
TL = 636752929 |  AE2ED = 5.536981991304348 |  PDR = 0.18578352180936994
Generated Packets 619 | ReceivedPackets 116
TL = 646190317 |  AE2ED = 5.570606181034483 |  PDR = 0.18739903069466882
Generated Packets 619 | ReceivedPackets 117
TL = 650835439 |  AE2ED = 5.56269605982906 |  PDR = 0.1890145395799677
Generated Packets 624 | ReceivedPackets 118
TL = 652266644 |  AE2ED = 5.5276834237288135 |  PDR = 0.1891025641025641
Generated Packets 624 | ReceivedPackets 119
TL = 658366634 |  AE2ED = 5.532492722689075 |  PDR = 0.1907051282051282
Generated Packets 625 | ReceivedPackets 120
TL = 661341163 |  AE2ED = 5.5111763583333335 |  PDR = 0.192
Generated Packets 626 | ReceivedPackets 121
TL = 674338828 |  AE2ED = 5.573048165289256 |  PDR = 0.19329073482428116
Generated Packets 634 | ReceivedPackets 122
TL = 675540542 |  AE2ED = 5.537217557377049 |  PDR = 0.19242902208201892
Generated Packets 634 | ReceivedPackets 123
TL = 684124160 |  AE2ED = 5.5619850406504066 |  PDR = 0.19400630914826497
Generated Packets 634 | ReceivedPackets 124
TL = 701351351 |  AE2ED = 5.656059282258065 |  PDR = 0.19558359621451105
Generated Packets 635 | ReceivedPackets 125
TL = 711545006 |  AE2ED = 5.692360048 |  PDR = 0.1968503937007874
Generated Packets 635 | ReceivedPackets 126
TL = 716585148 |  AE2ED = 5.687183714285714 |  PDR = 0.1984251968503937
Generated Packets 635 | ReceivedPackets 127
TL = 729533066 |  AE2ED = 5.744354850393701 |  PDR = 0.2
Generated Packets 637 | ReceivedPackets 128
TL = 736541251 |  AE2ED = 5.7542285234375 |  PDR = 0.20094191522762953
Generated Packets 637 | ReceivedPackets 129
TL = 743821098 |  AE2ED = 5.766055023255814 |  PDR = 0.20251177394034536
Generated Packets 638 | ReceivedPackets 130
TL = 745264964 |  AE2ED = 5.732807415384616 |  PDR = 0.20376175548589343
Generated Packets 638 | ReceivedPackets 131
TL = 747938234 |  AE2ED = 5.709452167938931 |  PDR = 0.20532915360501566
Generated Packets 641 | ReceivedPackets 132
TL = 748317333 |  AE2ED = 5.6690707045454545 |  PDR = 0.2059282371294852
Generated Packets 644 | ReceivedPackets 133
TL = 751339301 |  AE2ED = 5.64916767669173 |  PDR = 0.20652173913043478
Generated Packets 644 | ReceivedPackets 134
TL = 764182378 |  AE2ED = 5.702853567164179 |  PDR = 0.2080745341614907
Generated Packets 646 | ReceivedPackets 135
TL = 764544019 |  AE2ED = 5.66328902962963 |  PDR = 0.2089783281733746
Generated Packets 646 | ReceivedPackets 136
TL = 778878163 |  AE2ED = 5.72704531617647 |  PDR = 0.21052631578947367
Generated Packets 646 | ReceivedPackets 137
TL = 778878163 |  AE2ED = 5.685242065693431 |  PDR = 0.21207430340557276
Generated Packets 647 | ReceivedPackets 138
TL = 785200819 |  AE2ED = 5.689861007246377 |  PDR = 0.2132921174652241
Generated Packets 649 | ReceivedPackets 139
TL = 788597435 |  AE2ED = 5.673362841726619 |  PDR = 0.21417565485362094
Generated Packets 650 | ReceivedPackets 140
TL = 788688294 |  AE2ED = 5.633487814285714 |  PDR = 0.2153846153846154
Generated Packets 651 | ReceivedPackets 141
TL = 798076497 |  AE2ED = 5.660117 |  PDR = 0.21658986175115208
Generated Packets 652 | ReceivedPackets 142
TL = 798155417 |  AE2ED = 5.620812795774648 |  PDR = 0.21779141104294478
Generated Packets 654 | ReceivedPackets 143
TL = 798901037 |  AE2ED = 5.586720538461538 |  PDR = 0.21865443425076453
Generated Packets 655 | ReceivedPackets 144
TL = 798926151 |  AE2ED = 5.548098270833333 |  PDR = 0.2198473282442748
Generated Packets 655 | ReceivedPackets 145
TL = 807315619 |  AE2ED = 5.567693924137932 |  PDR = 0.22137404580152673
Generated Packets 655 | ReceivedPackets 146
TL = 812554579 |  AE2ED = 5.565442321917809 |  PDR = 0.22290076335877862
Generated Packets 656 | ReceivedPackets 147
TL = 815083645 |  AE2ED = 5.544786700680271 |  PDR = 0.22408536585365854
Generated Packets 659 | ReceivedPackets 148
TL = 815109421 |  AE2ED = 5.507496087837838 |  PDR = 0.22458270106221548
Generated Packets 659 | ReceivedPackets 149
TL = 834381413 |  AE2ED = 5.599875255033557 |  PDR = 0.22610015174506828
Generated Packets 659 | ReceivedPackets 150
TL = 837911299 |  AE2ED = 5.586075326666667 |  PDR = 0.2276176024279211
Generated Packets 662 | ReceivedPackets 151
TL = 840806687 |  AE2ED = 5.568256205298013 |  PDR = 0.2280966767371601
Generated Packets 663 | ReceivedPackets 152
TL = 840831955 |  AE2ED = 5.5317891776315795 |  PDR = 0.22926093514328807
Generated Packets 663 | ReceivedPackets 153
TL = 845826142 |  AE2ED = 5.528275437908497 |  PDR = 0.23076923076923078
Generated Packets 668 | ReceivedPackets 154
TL = 851448367 |  AE2ED = 5.5288855 |  PDR = 0.23053892215568864
Generated Packets 671 | ReceivedPackets 155
TL = 851448367 |  AE2ED = 5.493215270967742 |  PDR = 0.23099850968703428
Generated Packets 672 | ReceivedPackets 156
TL = 852122155 |  AE2ED = 5.462321506410256 |  PDR = 0.23214285714285715
Generated Packets 674 | ReceivedPackets 157
TL = 853600410 |  AE2ED = 5.436945286624203 |  PDR = 0.23293768545994065
Generated Packets 675 | ReceivedPackets 158
TL = 871979704 |  AE2ED = 5.518858886075949 |  PDR = 0.23407407407407407
Generated Packets 675 | ReceivedPackets 159
TL = 883723954 |  AE2ED = 5.558012289308176 |  PDR = 0.23555555555555555
Generated Packets 675 | ReceivedPackets 160
TL = 887046602 |  AE2ED = 5.5440412625 |  PDR = 0.23703703703703705
Generated Packets 677 | ReceivedPackets 161
TL = 887138733 |  AE2ED = 5.51017846583851 |  PDR = 0.2378138847858198
Generated Packets 678 | ReceivedPackets 162
TL = 891336017 |  AE2ED = 5.502074179012346 |  PDR = 0.23893805309734514
Generated Packets 679 | ReceivedPackets 163
TL = 891459328 |  AE2ED = 5.46907563190184 |  PDR = 0.24005891016200295
Generated Packets 679 | ReceivedPackets 164
TL = 891459328 |  AE2ED = 5.435727609756097 |  PDR = 0.24153166421207659
Generated Packets 679 | ReceivedPackets 165
TL = 895676596 |  AE2ED = 5.428343006060606 |  PDR = 0.24300441826215022
Generated Packets 680 | ReceivedPackets 166
TL = 900214536 |  AE2ED = 5.42297913253012 |  PDR = 0.24411764705882352
Generated Packets 682 | ReceivedPackets 167
TL = 903556786 |  AE2ED = 5.4105196766467065 |  PDR = 0.24486803519061584
Generated Packets 685 | ReceivedPackets 168
TL = 909677894 |  AE2ED = 5.41474936904762 |  PDR = 0.24525547445255474
Generated Packets 685 | ReceivedPackets 169
TL = 909754145 |  AE2ED = 5.383160621301775 |  PDR = 0.24671532846715327
Generated Packets 685 | ReceivedPackets 170
TL = 939565266 |  AE2ED = 5.526854505882352 |  PDR = 0.24817518248175183
Generated Packets 685 | ReceivedPackets 171
TL = 942588799 |  AE2ED = 5.512215198830409 |  PDR = 0.24963503649635035
Generated Packets 686 | ReceivedPackets 172
TL = 959844971 |  AE2ED = 5.58049401744186 |  PDR = 0.25072886297376096
Generated Packets 689 | ReceivedPackets 173
TL = 963964399 |  AE2ED = 5.572048549132948 |  PDR = 0.251088534107402
Generated Packets 689 | ReceivedPackets 174
TL = 969133182 |  AE2ED = 5.569730931034483 |  PDR = 0.2525399129172714
Generated Packets 690 | ReceivedPackets 175
TL = 971085727 |  AE2ED = 5.549061297142857 |  PDR = 0.2536231884057971
Generated Packets 692 | ReceivedPackets 176
TL = 971111287 |  AE2ED = 5.517677767045454 |  PDR = 0.2543352601156069
Generated Packets 694 | ReceivedPackets 177
TL = 986632982 |  AE2ED = 5.574197638418079 |  PDR = 0.25504322766570603
Generated Packets 695 | ReceivedPackets 178
TL = 991646732 |  AE2ED = 5.571049056179775 |  PDR = 0.25611510791366904
Generated Packets 698 | ReceivedPackets 179
TL = 998119886 |  AE2ED = 5.576088748603352 |  PDR = 0.25644699140401145
Generated Packets 699 | ReceivedPackets 180
TL = 998740874 |  AE2ED = 5.548560411111111 |  PDR = 0.2575107296137339
Generated Packets 699 | ReceivedPackets 181
TL = 1002991746 |  AE2ED = 5.541390861878453 |  PDR = 0.25894134477825465
Generated Packets 699 | ReceivedPackets 182
TL = 1014215030 |  AE2ED = 5.572610054945056 |  PDR = 0.2603719599427754
Generated Packets 700 | ReceivedPackets 183
TL = 1014416639 |  AE2ED = 5.543260322404372 |  PDR = 0.26142857142857145
Generated Packets 702 | ReceivedPackets 184
TL = 1021651855 |  AE2ED = 5.552455733695652 |  PDR = 0.2621082621082621
Generated Packets 704 | ReceivedPackets 185
TL = 1026936074 |  AE2ED = 5.5510058054054054 |  PDR = 0.2627840909090909
Generated Packets 704 | ReceivedPackets 186
TL = 1042087120 |  AE2ED = 5.602618924731183 |  PDR = 0.26420454545454547
Generated Packets 705 | ReceivedPackets 187
TL = 1048898172 |  AE2ED = 5.609081133689839 |  PDR = 0.2652482269503546
Generated Packets 706 | ReceivedPackets 188
TL = 1067670767 |  AE2ED = 5.679099824468086 |  PDR = 0.26628895184135976
Generated Packets 706 | ReceivedPackets 189
TL = 1079912059 |  AE2ED = 5.713820417989418 |  PDR = 0.26770538243626063
Generated Packets 707 | ReceivedPackets 190
TL = 1080037211 |  AE2ED = 5.684406373684211 |  PDR = 0.26874115983026875
Generated Packets 708 | ReceivedPackets 191
TL = 1086035142 |  AE2ED = 5.686047863874345 |  PDR = 0.269774011299435
Generated Packets 710 | ReceivedPackets 192
TL = 1089478649 |  AE2ED = 5.674367963541667 |  PDR = 0.2704225352112676
Generated Packets 711 | ReceivedPackets 193
TL = 1090542517 |  AE2ED = 5.650479362694301 |  PDR = 0.2714486638537271
Generated Packets 711 | ReceivedPackets 194
TL = 1097578702 |  AE2ED = 5.657622175257732 |  PDR = 0.27285513361462727
Generated Packets 713 | ReceivedPackets 195
TL = 1098962762 |  AE2ED = 5.6357064717948715 |  PDR = 0.27349228611500703
Generated Packets 714 | ReceivedPackets 196
TL = 1100242152 |  AE2ED = 5.613480367346939 |  PDR = 0.27450980392156865
Generated Packets 717 | ReceivedPackets 197
TL = 1100266692 |  AE2ED = 5.585110111675126 |  PDR = 0.27475592747559274
Generated Packets 717 | ReceivedPackets 198
TL = 1107114918 |  AE2ED = 5.591489484848484 |  PDR = 0.27615062761506276
Generated Packets 718 | ReceivedPackets 199
TL = 1107140286 |  AE2ED = 5.563519025125628 |  PDR = 0.27715877437325903
Generated Packets 718 | ReceivedPackets 200
TL = 1112216675 |  AE2ED = 5.561083375 |  PDR = 0.2785515320334262
Generated Packets 719 | ReceivedPackets 201
TL = 1123011825 |  AE2ED = 5.587123507462687 |  PDR = 0.2795549374130737
Generated Packets 719 | ReceivedPackets 202
TL = 1123510054 |  AE2ED = 5.561930960396039 |  PDR = 0.2809457579972184
Generated Packets 720 | ReceivedPackets 203
TL = 1124101693 |  AE2ED = 5.537446763546798 |  PDR = 0.28194444444444444
Generated Packets 722 | ReceivedPackets 204
TL = 1124631557 |  AE2ED = 5.512899789215687 |  PDR = 0.28254847645429365
Generated Packets 723 | ReceivedPackets 205
TL = 1125833692 |  AE2ED = 5.491871668292682 |  PDR = 0.2835408022130014
Generated Packets 724 | ReceivedPackets 206
TL = 1126534441 |  AE2ED = 5.468613791262136 |  PDR = 0.2845303867403315
Generated Packets 724 | ReceivedPackets 207
TL = 1126534441 |  AE2ED = 5.4421953671497585 |  PDR = 0.28591160220994477
Generated Packets 727 | ReceivedPackets 208
TL = 1129502136 |  AE2ED = 5.430298730769231 |  PDR = 0.2861072902338377
Generated Packets 730 | ReceivedPackets 209
TL = 1134694636 |  AE2ED = 5.429160937799043 |  PDR = 0.2863013698630137
Generated Packets 731 | ReceivedPackets 210
TL = 1137744806 |  AE2ED = 5.417832409523809 |  PDR = 0.2872777017783858
Generated Packets 731 | ReceivedPackets 211
TL = 1139246753 |  AE2ED = 5.3992737109004745 |  PDR = 0.28864569083447333
Generated Packets 732 | ReceivedPackets 212
TL = 1144536166 |  AE2ED = 5.3987555 |  PDR = 0.2896174863387978
Generated Packets 733 | ReceivedPackets 213
TL = 1151682541 |  AE2ED = 5.406960286384977 |  PDR = 0.29058663028649384
Generated Packets 733 | ReceivedPackets 214
TL = 1158173256 |  AE2ED = 5.412024560747663 |  PDR = 0.29195088676671216
Generated Packets 734 | ReceivedPackets 215
TL = 1158199588 |  AE2ED = 5.386974827906976 |  PDR = 0.29291553133514986
Generated Packets 734 | ReceivedPackets 216
TL = 1162534133 |  AE2ED = 5.382102467592592 |  PDR = 0.29427792915531337
Generated Packets 734 | ReceivedPackets 217
TL = 1168360144 |  AE2ED = 5.384148129032258 |  PDR = 0.2956403269754768
Generated Packets 735 | ReceivedPackets 218
TL = 1168384658 |  AE2ED = 5.359562651376147 |  PDR = 0.2965986394557823
Generated Packets 737 | ReceivedPackets 219
TL = 1168617460 |  AE2ED = 5.336152785388128 |  PDR = 0.2971506105834464
Generated Packets 739 | ReceivedPackets 220
TL = 1176063048 |  AE2ED = 5.345741127272727 |  PDR = 0.2976995940460081
Generated Packets 744 | ReceivedPackets 221
TL = 1184201272 |  AE2ED = 5.358376796380091 |  PDR = 0.2970430107526882
Generated Packets 744 | ReceivedPackets 222
TL = 1189947159 |  AE2ED = 5.360122337837837 |  PDR = 0.29838709677419356
Generated Packets 746 | ReceivedPackets 223
TL = 1201269296 |  AE2ED = 5.386857829596412 |  PDR = 0.29892761394101874
Generated Packets 747 | ReceivedPackets 224
TL = 1201294149 |  AE2ED = 5.362920308035714 |  PDR = 0.2998661311914324
Generated Packets 747 | ReceivedPackets 225
TL = 1210984936 |  AE2ED = 5.382155271111111 |  PDR = 0.30120481927710846
Generated Packets 751 | ReceivedPackets 226
TL = 1211011969 |  AE2ED = 5.358460039823009 |  PDR = 0.3009320905459387
Generated Packets 752 | ReceivedPackets 227
TL = 1228409169 |  AE2ED = 5.411494136563877 |  PDR = 0.30186170212765956
Generated Packets 752 | ReceivedPackets 228
TL = 1230208203 |  AE2ED = 5.395650013157895 |  PDR = 0.30319148936170215
Generated Packets 752 | ReceivedPackets 229
TL = 1237195338 |  AE2ED = 5.402599729257642 |  PDR = 0.3045212765957447
Generated Packets 752 | ReceivedPackets 230
TL = 1246396388 |  AE2ED = 5.419114730434782 |  PDR = 0.3058510638297872
Generated Packets 752 | ReceivedPackets 231
TL = 1262304335 |  AE2ED = 5.46452093073593 |  PDR = 0.3071808510638298
Generated Packets 755 | ReceivedPackets 232
TL = 1277786083 |  AE2ED = 5.50769863362069 |  PDR = 0.3072847682119205
Generated Packets 755 | ReceivedPackets 233
TL = 1279479802 |  AE2ED = 5.491329622317596 |  PDR = 0.3086092715231788
Generated Packets 757 | ReceivedPackets 234
TL = 1302796777 |  AE2ED = 5.567507594017094 |  PDR = 0.309114927344782
Generated Packets 762 | ReceivedPackets 235
TL = 1304417241 |  AE2ED = 5.550711663829787 |  PDR = 0.3083989501312336
Generated Packets 762 | ReceivedPackets 236
TL = 1317048060 |  AE2ED = 5.580712118644068 |  PDR = 0.30971128608923887
Generated Packets 763 | ReceivedPackets 237
TL = 1328179398 |  AE2ED = 5.604132481012658 |  PDR = 0.3106159895150721
Generated Packets 763 | ReceivedPackets 238
TL = 1329253336 |  AE2ED = 5.585098050420168 |  PDR = 0.3119266055045872
Generated Packets 766 | ReceivedPackets 239
TL = 1333594473 |  AE2ED = 5.579893192468619 |  PDR = 0.31201044386422977
Generated Packets 768 | ReceivedPackets 240
TL = 1337092452 |  AE2ED = 5.57121855 |  PDR = 0.3125
Generated Packets 770 | ReceivedPackets 241
TL = 1342490651 |  AE2ED = 5.570500626556017 |  PDR = 0.312987012987013
Generated Packets 773 | ReceivedPackets 242
TL = 1342515770 |  AE2ED = 5.547585826446281 |  PDR = 0.3130659767141009
Generated Packets 773 | ReceivedPackets 243
TL = 1343896900 |  AE2ED = 5.530439917695473 |  PDR = 0.314359637774903
Generated Packets 774 | ReceivedPackets 244
TL = 1364574472 |  AE2ED = 5.592518327868853 |  PDR = 0.3152454780361757
Generated Packets 775 | ReceivedPackets 245
TL = 1369844790 |  AE2ED = 5.591203224489796 |  PDR = 0.3161290322580645
Generated Packets 775 | ReceivedPackets 246
TL = 1371690831 |  AE2ED = 5.575978987804879 |  PDR = 0.3174193548387097
Generated Packets 776 | ReceivedPackets 247
TL = 1371938426 |  AE2ED = 5.554406582995951 |  PDR = 0.31829896907216493
Generated Packets 778 | ReceivedPackets 248
TL = 1385378372 |  AE2ED = 5.586203112903227 |  PDR = 0.31876606683804626
Generated Packets 778 | ReceivedPackets 249
TL = 1397563952 |  AE2ED = 5.612706634538152 |  PDR = 0.32005141388174807
Generated Packets 778 | ReceivedPackets 250
TL = 1399623090 |  AE2ED = 5.598492360000001 |  PDR = 0.3213367609254499
Generated Packets 778 | ReceivedPackets 251
TL = 1405750375 |  AE2ED = 5.600599103585657 |  PDR = 0.3226221079691517
Generated Packets 778 | ReceivedPackets 252
TL = 1422592967 |  AE2ED = 5.645210186507937 |  PDR = 0.32390745501285345
Generated Packets 784 | ReceivedPackets 253
TL = 1426708757 |  AE2ED = 5.63916504743083 |  PDR = 0.3227040816326531
Generated Packets 785 | ReceivedPackets 254
TL = 1426800991 |  AE2ED = 5.617326736220472 |  PDR = 0.3235668789808917
Generated Packets 785 | ReceivedPackets 255
TL = 1449643099 |  AE2ED = 5.684874898039215 |  PDR = 0.3248407643312102
Generated Packets 786 | ReceivedPackets 256
TL = 1453922363 |  AE2ED = 5.67938423046875 |  PDR = 0.3256997455470738
Generated Packets 788 | ReceivedPackets 257
TL = 1469594520 |  AE2ED = 5.718266614785993 |  PDR = 0.32614213197969544
Generated Packets 788 | ReceivedPackets 258
TL = 1472211000 |  AE2ED = 5.706244186046512 |  PDR = 0.32741116751269034
Generated Packets 789 | ReceivedPackets 259
TL = 1473522397 |  AE2ED = 5.689275664092664 |  PDR = 0.3282636248415716
Generated Packets 789 | ReceivedPackets 260
TL = 1482841025 |  AE2ED = 5.703234711538462 |  PDR = 0.32953105196451205
Generated Packets 790 | ReceivedPackets 261
TL = 1488257446 |  AE2ED = 5.702135808429119 |  PDR = 0.330379746835443
Generated Packets 791 | ReceivedPackets 262
TL = 1492943151 |  AE2ED = 5.698256301526718 |  PDR = 0.33122629582806573
Generated Packets 792 | ReceivedPackets 263
TL = 1493035485 |  AE2ED = 5.6769410076045626 |  PDR = 0.33207070707070707
Generated Packets 793 | ReceivedPackets 264
TL = 1493307022 |  AE2ED = 5.656465992424242 |  PDR = 0.3329129886506936
Generated Packets 794 | ReceivedPackets 265
TL = 1502397706 |  AE2ED = 5.669425305660377 |  PDR = 0.3337531486146096
Generated Packets 798 | ReceivedPackets 266
TL = 1505622859 |  AE2ED = 5.660236312030075 |  PDR = 0.3333333333333333
Generated Packets 798 | ReceivedPackets 267
TL = 1507207678 |  AE2ED = 5.644972576779026 |  PDR = 0.33458646616541354
Generated Packets 799 | ReceivedPackets 268
TL = 1516502640 |  AE2ED = 5.658591940298508 |  PDR = 0.3354192740926158
Generated Packets 801 | ReceivedPackets 269
TL = 1517950178 |  AE2ED = 5.642937464684016 |  PDR = 0.3358302122347066
Generated Packets 801 | ReceivedPackets 270
TL = 1535254829 |  AE2ED = 5.686128996296296 |  PDR = 0.33707865168539325
Generated Packets 802 | ReceivedPackets 271
TL = 1543253314 |  AE2ED = 5.694661675276753 |  PDR = 0.33790523690773067
Generated Packets 802 | ReceivedPackets 272
TL = 1547829079 |  AE2ED = 5.690548084558823 |  PDR = 0.33915211970074816
Generated Packets 805 | ReceivedPackets 273
TL = 1549991646 |  AE2ED = 5.677625076923077 |  PDR = 0.3391304347826087
Generated Packets 805 | ReceivedPackets 274
TL = 1571107394 |  AE2ED = 5.733968591240877 |  PDR = 0.3403726708074534
Generated Packets 808 | ReceivedPackets 275
TL = 1573262511 |  AE2ED = 5.720954585454546 |  PDR = 0.34034653465346537
Generated Packets 808 | ReceivedPackets 276
TL = 1591018897 |  AE2ED = 5.764561221014493 |  PDR = 0.3415841584158416
Generated Packets 810 | ReceivedPackets 277
TL = 1594931511 |  AE2ED = 5.757875490974729 |  PDR = 0.3419753086419753
Generated Packets 811 | ReceivedPackets 278
TL = 1601477245 |  AE2ED = 5.760709514388489 |  PDR = 0.34278668310727495
Generated Packets 814 | ReceivedPackets 279
TL = 1602540830 |  AE2ED = 5.74387394265233 |  PDR = 0.34275184275184273
Generated Packets 817 | ReceivedPackets 280
TL = 1602601244 |  AE2ED = 5.723575871428571 |  PDR = 0.3427172582619339
Generated Packets 819 | ReceivedPackets 281
TL = 1611146483 |  AE2ED = 5.733617377224199 |  PDR = 0.3431013431013431
Generated Packets 819 | ReceivedPackets 282
TL = 1616469734 |  AE2ED = 5.732162177304964 |  PDR = 0.3443223443223443
Generated Packets 821 | ReceivedPackets 283
TL = 1616495066 |  AE2ED = 5.711996699646644 |  PDR = 0.3447015834348356
Generated Packets 821 | ReceivedPackets 284
TL = 1622871190 |  AE2ED = 5.714335176056339 |  PDR = 0.3459196102314251
Generated Packets 824 | ReceivedPackets 285
TL = 1623923938 |  AE2ED = 5.697978729824562 |  PDR = 0.345873786407767
Generated Packets 825 | ReceivedPackets 286
TL = 1625836621 |  AE2ED = 5.68474343006993 |  PDR = 0.3466666666666667
Generated Packets 825 | ReceivedPackets 287
TL = 1640627149 |  AE2ED = 5.716470902439024 |  PDR = 0.3478787878787879
Generated Packets 828 | ReceivedPackets 288
TL = 1643269247 |  AE2ED = 5.705795996527778 |  PDR = 0.34782608695652173
Generated Packets 828 | ReceivedPackets 289
TL = 1644781585 |  AE2ED = 5.691285761245674 |  PDR = 0.34903381642512077
Generated Packets 830 | ReceivedPackets 290
TL = 1650477457 |  AE2ED = 5.691301575862068 |  PDR = 0.3493975903614458
Generated Packets 830 | ReceivedPackets 291
TL = 1659897899 |  AE2ED = 5.704116491408935 |  PDR = 0.3506024096385542
Generated Packets 830 | ReceivedPackets 292
TL = 1662973722 |  AE2ED = 5.69511548630137 |  PDR = 0.35180722891566263
Generated Packets 830 | ReceivedPackets 293
TL = 1669464027 |  AE2ED = 5.697829443686007 |  PDR = 0.3530120481927711
Generated Packets 830 | ReceivedPackets 294
TL = 1690087680 |  AE2ED = 5.748597551020408 |  PDR = 0.3542168674698795
Generated Packets 831 | ReceivedPackets 295
TL = 1690321826 |  AE2ED = 5.729904494915254 |  PDR = 0.35499398315282793
Generated Packets 832 | ReceivedPackets 296
TL = 1690347258 |  AE2ED = 5.710632628378378 |  PDR = 0.3557692307692308
Generated Packets 836 | ReceivedPackets 297
TL = 1690372968 |  AE2ED = 5.691491474747474 |  PDR = 0.35526315789473684
Generated Packets 837 | ReceivedPackets 298
TL = 1690522880 |  AE2ED = 5.672895570469798 |  PDR = 0.35603345280764637
Generated Packets 838 | ReceivedPackets 299
TL = 1697866190 |  AE2ED = 5.678482240802675 |  PDR = 0.3568019093078759
Generated Packets 839 | ReceivedPackets 300
TL = 1697891994 |  AE2ED = 5.659639980000001 |  PDR = 0.3575685339690107
Generated Packets 839 | ReceivedPackets 301
TL = 1709515587 |  AE2ED = 5.679453777408638 |  PDR = 0.35876042908224076
Generated Packets 839 | ReceivedPackets 302
TL = 1719138319 |  AE2ED = 5.692510990066225 |  PDR = 0.3599523241954708
Generated Packets 840 | ReceivedPackets 303
TL = 1723933616 |  AE2ED = 5.689549887788779 |  PDR = 0.3607142857142857
Generated Packets 842 | ReceivedPackets 304
TL = 1738344229 |  AE2ED = 5.718237595394737 |  PDR = 0.36104513064133015
Generated Packets 845 | ReceivedPackets 305
TL = 1739044861 |  AE2ED = 5.701786429508197 |  PDR = 0.3609467455621302
Generated Packets 845 | ReceivedPackets 306
TL = 1742420186 |  AE2ED = 5.694183614379084 |  PDR = 0.3621301775147929
Generated Packets 846 | ReceivedPackets 307
TL = 1742844026 |  AE2ED = 5.677016371335505 |  PDR = 0.3628841607565012
Generated Packets 848 | ReceivedPackets 308
TL = 1744846475 |  AE2ED = 5.665085957792208 |  PDR = 0.3632075471698113
Generated Packets 848 | ReceivedPackets 309
TL = 1749172864 |  AE2ED = 5.660753605177994 |  PDR = 0.3643867924528302
Generated Packets 849 | ReceivedPackets 310
TL = 1749499667 |  AE2ED = 5.643547312903226 |  PDR = 0.3651354534746761
Generated Packets 854 | ReceivedPackets 311
TL = 1749872364 |  AE2ED = 5.626599241157556 |  PDR = 0.36416861826697894
Generated Packets 854 | ReceivedPackets 312
TL = 1750290362 |  AE2ED = 5.609905006410256 |  PDR = 0.36533957845433257
Generated Packets 854 | ReceivedPackets 313
TL = 1754040510 |  AE2ED = 5.603963290734825 |  PDR = 0.3665105386416862
Generated Packets 856 | ReceivedPackets 314
TL = 1754065606 |  AE2ED = 5.58619619745223 |  PDR = 0.36682242990654207
Generated Packets 860 | ReceivedPackets 315
TL = 1764229284 |  AE2ED = 5.600727885714286 |  PDR = 0.36627906976744184
Generated Packets 862 | ReceivedPackets 316
TL = 1769102835 |  AE2ED = 5.5984266930379745 |  PDR = 0.3665893271461717
Generated Packets 862 | ReceivedPackets 317
TL = 1779077926 |  AE2ED = 5.6122332050473185 |  PDR = 0.3677494199535963
Generated Packets 867 | ReceivedPackets 318
TL = 1779287337 |  AE2ED = 5.595243198113208 |  PDR = 0.36678200692041524
Generated Packets 868 | ReceivedPackets 319
TL = 1783817185 |  AE2ED = 5.591903401253918 |  PDR = 0.3675115207373272
Generated Packets 870 | ReceivedPackets 320
TL = 1796124848 |  AE2ED = 5.61289015 |  PDR = 0.367816091954023
Generated Packets 870 | ReceivedPackets 321
TL = 1800703947 |  AE2ED = 5.60966961682243 |  PDR = 0.3689655172413793
Generated Packets 870 | ReceivedPackets 322
TL = 1815601191 |  AE2ED = 5.638513015527951 |  PDR = 0.3701149425287356
Script timed out
Performance Calculation
Generated Packets 870 | ReceivedPackets 322
TL = 1815601191 |  AE2ED = 5.638513015527951 |  PDR = 0.3701149425287356
