30129585	ID:36	RPL: Sending a DIS to fe80::c30c:0:0:8
30137996	ID:34	RPL: Sending a DIS to fe80::c30c:0:0:6
30428880	ID:35	RPL: Sending a DIS to fe80::c30c:0:0:7
30501327	ID:32	RPL: Sending a DIS to fe80::c30c:0:0:3
30540059	ID:34	RPL: Received a DIO from fe80::c30c:0:0:6
30543828	ID:34	RPL: Incoming DIO (id, ver, rank) = (30,240,341)
30548326	ID:34	RPL: Incoming DIO (dag_id, pref) = (fd00::ff:fe00:1, 0)
30550552	ID:34	RPL: DIO option 4, length: 14
30556460	ID:34	RPL: DAG conf:dbl=8, min=12 red=3 maxinc=896 mininc=128 ocp=1 d_l=10 l_u=60
30558686	ID:34	RPL: DIO option 8, length: 30
30560989	ID:34	RPL: Copying prefix information
30568343	ID:34	RPL: Neighbor added to neighbor cache fe80::c30c:0:0:6, c1:0c:00:00:00:00:00:06
30638999	ID:33	RPL: Sending a DIS to fe80::c30c:0:0:2
31920180	ID:36	RPL: Received a DIO from fe80::c30c:0:0:8
31923954	ID:36	RPL: Incoming DIO (id, ver, rank) = (30,240,458)
31928453	ID:36	RPL: Incoming DIO (dag_id, pref) = (fd00::ff:fe00:1, 0)
31930679	ID:36	RPL: DIO option 4, length: 14
31936598	ID:36	RPL: DAG conf:dbl=8, min=12 red=3 maxinc=896 mininc=128 ocp=1 d_l=10 l_u=60
31938824	ID:36	RPL: DIO option 8, length: 30
31941093	ID:36	RPL: Copying prefix information
31948711	ID:36	RPL: Neighbor added to neighbor cache fe80::c30c:0:0:8, c1:0c:00:00:00:00:00:08
34289464	ID:32	RPL: Received a DIO from fe80::c30c:0:0:3
34293245	ID:32	RPL: Incoming DIO (id, ver, rank) = (30,240,508)
34297744	ID:32	RPL: Incoming DIO (dag_id, pref) = (fd00::ff:fe00:1, 0)
34299970	ID:32	RPL: DIO option 4, length: 14
34305877	ID:32	RPL: DAG conf:dbl=8, min=12 red=3 maxinc=896 mininc=128 ocp=1 d_l=10 l_u=60
34308103	ID:32	RPL: DIO option 8, length: 30
34310390	ID:32	RPL: Copying prefix information
34318741	ID:32	RPL: Neighbor added to neighbor cache fe80::c30c:0:0:3, c1:0c:00:00:00:00:00:03
35571977	ID:34	RPL: Sending a multicast-DIO with rank 341
36948574	ID:36	RPL: Sending a multicast-DIO with rank 458
39320316	ID:32	RPL: Sending a multicast-DIO with rank 508
40571956	ID:34	RPL: Sending a multicast-DIO with rank 341
41948553	ID:36	RPL: Sending a multicast-DIO with rank 458
44320294	ID:32	RPL: Sending a multicast-DIO with rank 508
45571956	ID:34	RPL: Sending a multicast-DIO with rank 341
46948553	ID:36	RPL: Sending a multicast-DIO with rank 458
49320295	ID:32	RPL: Sending a multicast-DIO with rank 508
50571956	ID:34	RPL: Sending a multicast-DIO with rank 341
51948553	ID:36	RPL: Sending a multicast-DIO with rank 458
54320295	ID:32	RPL: Sending a multicast-DIO with rank 508
55571956	ID:34	RPL: Sending a multicast-DIO with rank 341
56948553	ID:36	RPL: Sending a multicast-DIO with rank 458
59320295	ID:32	RPL: Sending a multicast-DIO with rank 508
60571956	ID:34	RPL: Sending a multicast-DIO with rank 341
61948553	ID:36	RPL: Sending a multicast-DIO with rank 458
62210995	ID:35	RPL: Sending a DIS to fe80::c30c:0:0:7
64320295	ID:32	RPL: Sending a multicast-DIO with rank 508
65571956	ID:34	RPL: Sending a multicast-DIO with rank 341
66948553	ID:36	RPL: Sending a multicast-DIO with rank 458
68417618	ID:33	RPL: Sending a DIS to fe80::c30c:0:0:2
69320295	ID:32	RPL: Sending a multicast-DIO with rank 508
70571956	ID:34	RPL: Sending a multicast-DIO with rank 341
71948553	ID:36	RPL: Sending a multicast-DIO with rank 458
74320294	ID:32	RPL: Sending a multicast-DIO with rank 508
75571956	ID:34	RPL: Sending a multicast-DIO with rank 341
76948552	ID:36	RPL: Sending a multicast-DIO with rank 458
79320295	ID:32	RPL: Sending a multicast-DIO with rank 508
80571956	ID:34	RPL: Sending a multicast-DIO with rank 341
81948553	ID:36	RPL: Sending a multicast-DIO with rank 458
84320295	ID:32	RPL: Sending a multicast-DIO with rank 508
85571956	ID:34	RPL: Sending a multicast-DIO with rank 341
86948553	ID:36	RPL: Sending a multicast-DIO with rank 458
89320294	ID:32	RPL: Sending a multicast-DIO with rank 508
90571943	ID:34	RPL: Sending a multicast-DIO with rank 341
91948540	ID:36	RPL: Sending a multicast-DIO with rank 458
94320282	ID:32	RPL: Sending a multicast-DIO with rank 508
95571943	ID:34	RPL: Sending a multicast-DIO with rank 341
96948540	ID:36	RPL: Sending a multicast-DIO with rank 458
99320282	ID:32	RPL: Sending a multicast-DIO with rank 508
100571943	ID:34	RPL: Sending a multicast-DIO with rank 341
101948540	ID:36	RPL: Sending a multicast-DIO with rank 458
104320282	ID:32	RPL: Sending a multicast-DIO with rank 508
105571943	ID:34	RPL: Sending a multicast-DIO with rank 341
106948540	ID:36	RPL: Sending a multicast-DIO with rank 458
109320282	ID:32	RPL: Sending a multicast-DIO with rank 508
110571943	ID:34	RPL: Sending a multicast-DIO with rank 341
111948540	ID:36	RPL: Sending a multicast-DIO with rank 458
114320282	ID:32	RPL: Sending a multicast-DIO with rank 508
115571943	ID:34	RPL: Sending a multicast-DIO with rank 341
116948540	ID:36	RPL: Sending a multicast-DIO with rank 458
119320282	ID:32	RPL: Sending a multicast-DIO with rank 508
120571943	ID:34	RPL: Sending a multicast-DIO with rank 341
121948540	ID:36	RPL: Sending a multicast-DIO with rank 458
122210432	ID:35	RPL: Sending a DIS to fe80::c30c:0:0:7
124320282	ID:32	RPL: Sending a multicast-DIO with rank 508
125571943	ID:34	RPL: Sending a multicast-DIO with rank 341
126948540	ID:36	RPL: Sending a multicast-DIO with rank 458
128417605	ID:33	RPL: Sending a DIS to fe80::c30c:0:0:2
129320282	ID:32	RPL: Sending a multicast-DIO with rank 508
130571943	ID:34	RPL: Sending a multicast-DIO with rank 341
131948540	ID:36	RPL: Sending a multicast-DIO with rank 458
134320282	ID:32	RPL: Sending a multicast-DIO with rank 508
135571943	ID:34	RPL: Sending a multicast-DIO with rank 341
136948540	ID:36	RPL: Sending a multicast-DIO with rank 458
139320282	ID:32	RPL: Sending a multicast-DIO with rank 508
140571943	ID:34	RPL: Sending a multicast-DIO with rank 341
141948540	ID:36	RPL: Sending a multicast-DIO with rank 458
144320282	ID:32	RPL: Sending a multicast-DIO with rank 508
145571943	ID:34	RPL: Sending a multicast-DIO with rank 341
146948540	ID:36	RPL: Sending a multicast-DIO with rank 458
149320282	ID:32	RPL: Sending a multicast-DIO with rank 508
150571943	ID:34	RPL: Sending a multicast-DIO with rank 341
151948540	ID:36	RPL: Sending a multicast-DIO with rank 458
154320282	ID:32	RPL: Sending a multicast-DIO with rank 508
155571943	ID:34	RPL: Sending a multicast-DIO with rank 341
156948540	ID:36	RPL: Sending a multicast-DIO with rank 458
159320282	ID:32	RPL: Sending a multicast-DIO with rank 508
160571943	ID:34	RPL: Sending a multicast-DIO with rank 341
161948540	ID:36	RPL: Sending a multicast-DIO with rank 458
164320282	ID:32	RPL: Sending a multicast-DIO with rank 508
165571943	ID:34	RPL: Sending a multicast-DIO with rank 341
166948540	ID:36	RPL: Sending a multicast-DIO with rank 458
169320282	ID:32	RPL: Sending a multicast-DIO with rank 508
170571943	ID:34	RPL: Sending a multicast-DIO with rank 341
171948540	ID:36	RPL: Sending a multicast-DIO with rank 458
174320282	ID:32	RPL: Sending a multicast-DIO with rank 508
175571943	ID:34	RPL: Sending a multicast-DIO with rank 341
176948540	ID:36	RPL: Sending a multicast-DIO with rank 458
179320282	ID:32	RPL: Sending a multicast-DIO with rank 508
180571943	ID:34	RPL: Sending a multicast-DIO with rank 341
181948540	ID:36	RPL: Sending a multicast-DIO with rank 458
182210432	ID:35	RPL: Sending a DIS to fe80::c30c:0:0:7
184320282	ID:32	RPL: Sending a multicast-DIO with rank 508
185571943	ID:34	RPL: Sending a multicast-DIO with rank 341
186948540	ID:36	RPL: Sending a multicast-DIO with rank 458
188417605	ID:33	RPL: Sending a DIS to fe80::c30c:0:0:2
189320282	ID:32	RPL: Sending a multicast-DIO with rank 508
190571943	ID:34	RPL: Sending a multicast-DIO with rank 341
191948540	ID:36	RPL: Sending a multicast-DIO with rank 458
194320282	ID:32	RPL: Sending a multicast-DIO with rank 508
195571943	ID:34	RPL: Sending a multicast-DIO with rank 341
196948540	ID:36	RPL: Sending a multicast-DIO with rank 458
199320282	ID:32	RPL: Sending a multicast-DIO with rank 508
200571943	ID:34	RPL: Sending a multicast-DIO with rank 341
201948540	ID:36	RPL: Sending a multicast-DIO with rank 458
204320282	ID:32	RPL: Sending a multicast-DIO with rank 508
205571943	ID:34	RPL: Sending a multicast-DIO with rank 341
206948540	ID:36	RPL: Sending a multicast-DIO with rank 458
209320282	ID:32	RPL: Sending a multicast-DIO with rank 508
210571943	ID:34	RPL: Sending a multicast-DIO with rank 341
211948540	ID:36	RPL: Sending a multicast-DIO with rank 458
214320282	ID:32	RPL: Sending a multicast-DIO with rank 508
215571943	ID:34	RPL: Sending a multicast-DIO with rank 341
216948540	ID:36	RPL: Sending a multicast-DIO with rank 458
219320282	ID:32	RPL: Sending a multicast-DIO with rank 508
220571943	ID:34	RPL: Sending a multicast-DIO with rank 341
221948540	ID:36	RPL: Sending a multicast-DIO with rank 458
224320282	ID:32	RPL: Sending a multicast-DIO with rank 508
225571943	ID:34	RPL: Sending a multicast-DIO with rank 341
226948540	ID:36	RPL: Sending a multicast-DIO with rank 458
229320282	ID:32	RPL: Sending a multicast-DIO with rank 508
230571943	ID:34	RPL: Sending a multicast-DIO with rank 341
231948540	ID:36	RPL: Sending a multicast-DIO with rank 458
234320282	ID:32	RPL: Sending a multicast-DIO with rank 508
235571943	ID:34	RPL: Sending a multicast-DIO with rank 341
236948540	ID:36	RPL: Sending a multicast-DIO with rank 458
239320282	ID:32	RPL: Sending a multicast-DIO with rank 508
240571943	ID:34	RPL: Sending a multicast-DIO with rank 341
241948540	ID:36	RPL: Sending a multicast-DIO with rank 458
242210432	ID:35	RPL: Sending a DIS to fe80::c30c:0:0:7
244320282	ID:32	RPL: Sending a multicast-DIO with rank 508
245571943	ID:34	RPL: Sending a multicast-DIO with rank 341
246948540	ID:36	RPL: Sending a multicast-DIO with rank 458
248418208	ID:33	RPL: Sending a DIS to fe80::c30c:0:0:2
249320282	ID:32	RPL: Sending a multicast-DIO with rank 508
250571943	ID:34	RPL: Sending a multicast-DIO with rank 341
251948540	ID:36	RPL: Sending a multicast-DIO with rank 458
254320282	ID:32	RPL: Sending a multicast-DIO with rank 508
255571943	ID:34	RPL: Sending a multicast-DIO with rank 341
256948540	ID:36	RPL: Sending a multicast-DIO with rank 458
259320282	ID:32	RPL: Sending a multicast-DIO with rank 508
260571943	ID:34	RPL: Sending a multicast-DIO with rank 341
261948540	ID:36	RPL: Sending a multicast-DIO with rank 458
264320282	ID:32	RPL: Sending a multicast-DIO with rank 508
265571943	ID:34	RPL: Sending a multicast-DIO with rank 341
266948540	ID:36	RPL: Sending a multicast-DIO with rank 458
269320282	ID:32	RPL: Sending a multicast-DIO with rank 508
270571943	ID:34	RPL: Sending a multicast-DIO with rank 341
271948540	ID:36	RPL: Sending a multicast-DIO with rank 458
274320282	ID:32	RPL: Sending a multicast-DIO with rank 508
275571943	ID:34	RPL: Sending a multicast-DIO with rank 341
276948540	ID:36	RPL: Sending a multicast-DIO with rank 458
279320282	ID:32	RPL: Sending a multicast-DIO with rank 508
280571943	ID:34	RPL: Sending a multicast-DIO with rank 341
281948540	ID:36	RPL: Sending a multicast-DIO with rank 458
284320282	ID:32	RPL: Sending a multicast-DIO with rank 508
285571943	ID:34	RPL: Sending a multicast-DIO with rank 341
286948540	ID:36	RPL: Sending a multicast-DIO with rank 458
289320282	ID:32	RPL: Sending a multicast-DIO with rank 508
290571943	ID:34	RPL: Sending a multicast-DIO with rank 341
291948540	ID:36	RPL: Sending a multicast-DIO with rank 458
294320282	ID:32	RPL: Sending a multicast-DIO with rank 508
295571943	ID:34	RPL: Sending a multicast-DIO with rank 341
296948540	ID:36	RPL: Sending a multicast-DIO with rank 458
299320282	ID:32	RPL: Sending a multicast-DIO with rank 508
300571943	ID:34	RPL: Sending a multicast-DIO with rank 341
301948540	ID:36	RPL: Sending a multicast-DIO with rank 458
302210432	ID:35	RPL: Sending a DIS to fe80::c30c:0:0:7
304320282	ID:32	RPL: Sending a multicast-DIO with rank 508
305571943	ID:34	RPL: Sending a multicast-DIO with rank 341
306948540	ID:36	RPL: Sending a multicast-DIO with rank 458
308417605	ID:33	RPL: Sending a DIS to fe80::c30c:0:0:2
309320282	ID:32	RPL: Sending a multicast-DIO with rank 508
310571943	ID:34	RPL: Sending a multicast-DIO with rank 341
311948540	ID:36	RPL: Sending a multicast-DIO with rank 458
314320282	ID:32	RPL: Sending a multicast-DIO with rank 508
315571943	ID:34	RPL: Sending a multicast-DIO with rank 341
316948540	ID:36	RPL: Sending a multicast-DIO with rank 458
319320282	ID:32	RPL: Sending a multicast-DIO with rank 508
320571943	ID:34	RPL: Sending a multicast-DIO with rank 341
321948540	ID:36	RPL: Sending a multicast-DIO with rank 458
324320282	ID:32	RPL: Sending a multicast-DIO with rank 508
325571943	ID:34	RPL: Sending a multicast-DIO with rank 341
326948540	ID:36	RPL: Sending a multicast-DIO with rank 458
329320282	ID:32	RPL: Sending a multicast-DIO with rank 508
330571943	ID:34	RPL: Sending a multicast-DIO with rank 341
331948540	ID:36	RPL: Sending a multicast-DIO with rank 458
334320282	ID:32	RPL: Sending a multicast-DIO with rank 508
335571943	ID:34	RPL: Sending a multicast-DIO with rank 341
336948540	ID:36	RPL: Sending a multicast-DIO with rank 458
339320282	ID:32	RPL: Sending a multicast-DIO with rank 508
340571943	ID:34	RPL: Sending a multicast-DIO with rank 341
341948540	ID:36	RPL: Sending a multicast-DIO with rank 458
344320282	ID:32	RPL: Sending a multicast-DIO with rank 508
345571943	ID:34	RPL: Sending a multicast-DIO with rank 341
346948540	ID:36	RPL: Sending a multicast-DIO with rank 458
349320282	ID:32	RPL: Sending a multicast-DIO with rank 508
350571943	ID:34	RPL: Sending a multicast-DIO with rank 341
351948540	ID:36	RPL: Sending a multicast-DIO with rank 458
354320289	ID:32	RPL: Sending a multicast-DIO with rank 508
355571943	ID:34	RPL: Sending a multicast-DIO with rank 341
356948540	ID:36	RPL: Sending a multicast-DIO with rank 458
359320282	ID:32	RPL: Sending a multicast-DIO with rank 508
360571943	ID:34	RPL: Sending a multicast-DIO with rank 341
361948540	ID:36	RPL: Sending a multicast-DIO with rank 458
362211129	ID:35	RPL: Sending a DIS to fe80::c30c:0:0:7
364320282	ID:32	RPL: Sending a multicast-DIO with rank 508
365571943	ID:34	RPL: Sending a multicast-DIO with rank 341
366948540	ID:36	RPL: Sending a multicast-DIO with rank 458
368417605	ID:33	RPL: Sending a DIS to fe80::c30c:0:0:2
369320282	ID:32	RPL: Sending a multicast-DIO with rank 508
370571943	ID:34	RPL: Sending a multicast-DIO with rank 341
371948540	ID:36	RPL: Sending a multicast-DIO with rank 458
374320282	ID:32	RPL: Sending a multicast-DIO with rank 508
375571943	ID:34	RPL: Sending a multicast-DIO with rank 341
376948540	ID:36	RPL: Sending a multicast-DIO with rank 458
379320282	ID:32	RPL: Sending a multicast-DIO with rank 508
380571943	ID:34	RPL: Sending a multicast-DIO with rank 341
381948540	ID:36	RPL: Sending a multicast-DIO with rank 458
384320282	ID:32	RPL: Sending a multicast-DIO with rank 508
385571943	ID:34	RPL: Sending a multicast-DIO with rank 341
386948540	ID:36	RPL: Sending a multicast-DIO with rank 458
389320282	ID:32	RPL: Sending a multicast-DIO with rank 508
390571943	ID:34	RPL: Sending a multicast-DIO with rank 341
391948540	ID:36	RPL: Sending a multicast-DIO with rank 458
394320282	ID:32	RPL: Sending a multicast-DIO with rank 508
395571943	ID:34	RPL: Sending a multicast-DIO with rank 341
396948540	ID:36	RPL: Sending a multicast-DIO with rank 458
399320282	ID:32	RPL: Sending a multicast-DIO with rank 508
400571943	ID:34	RPL: Sending a multicast-DIO with rank 341
401948540	ID:36	RPL: Sending a multicast-DIO with rank 458
404320282	ID:32	RPL: Sending a multicast-DIO with rank 508
405571943	ID:34	RPL: Sending a multicast-DIO with rank 341
406948540	ID:36	RPL: Sending a multicast-DIO with rank 458
409320282	ID:32	RPL: Sending a multicast-DIO with rank 508
410571943	ID:34	RPL: Sending a multicast-DIO with rank 341
411948540	ID:36	RPL: Sending a multicast-DIO with rank 458
414320282	ID:32	RPL: Sending a multicast-DIO with rank 508
415571943	ID:34	RPL: Sending a multicast-DIO with rank 341
416948547	ID:36	RPL: Sending a multicast-DIO with rank 458
419320282	ID:32	RPL: Sending a multicast-DIO with rank 508
420571943	ID:34	RPL: Sending a multicast-DIO with rank 341
421948540	ID:36	RPL: Sending a multicast-DIO with rank 458
422210432	ID:35	RPL: Sending a DIS to fe80::c30c:0:0:7
424320282	ID:32	RPL: Sending a multicast-DIO with rank 508
425571950	ID:34	RPL: Sending a multicast-DIO with rank 341
426948540	ID:36	RPL: Sending a multicast-DIO with rank 458
428417605	ID:33	RPL: Sending a DIS to fe80::c30c:0:0:2
429320282	ID:32	RPL: Sending a multicast-DIO with rank 508
430571943	ID:34	RPL: Sending a multicast-DIO with rank 341
431948540	ID:36	RPL: Sending a multicast-DIO with rank 458
434320282	ID:32	RPL: Sending a multicast-DIO with rank 508
435571943	ID:34	RPL: Sending a multicast-DIO with rank 341
436948540	ID:36	RPL: Sending a multicast-DIO with rank 458
439320282	ID:32	RPL: Sending a multicast-DIO with rank 508
440571943	ID:34	RPL: Sending a multicast-DIO with rank 341
441948540	ID:36	RPL: Sending a multicast-DIO with rank 458
444320282	ID:32	RPL: Sending a multicast-DIO with rank 508
445571943	ID:34	RPL: Sending a multicast-DIO with rank 341
446948540	ID:36	RPL: Sending a multicast-DIO with rank 458
449320282	ID:32	RPL: Sending a multicast-DIO with rank 508
450571943	ID:34	RPL: Sending a multicast-DIO with rank 341
451948540	ID:36	RPL: Sending a multicast-DIO with rank 458
454320282	ID:32	RPL: Sending a multicast-DIO with rank 508
455571943	ID:34	RPL: Sending a multicast-DIO with rank 341
456948540	ID:36	RPL: Sending a multicast-DIO with rank 458
459320282	ID:32	RPL: Sending a multicast-DIO with rank 508
460571943	ID:34	RPL: Sending a multicast-DIO with rank 341
461948540	ID:36	RPL: Sending a multicast-DIO with rank 458
464320282	ID:32	RPL: Sending a multicast-DIO with rank 508
465571943	ID:34	RPL: Sending a multicast-DIO with rank 341
466948540	ID:36	RPL: Sending a multicast-DIO with rank 458
469320282	ID:32	RPL: Sending a multicast-DIO with rank 508
470571943	ID:34	RPL: Sending a multicast-DIO with rank 341
471948540	ID:36	RPL: Sending a multicast-DIO with rank 458
474320282	ID:32	RPL: Sending a multicast-DIO with rank 508
475571943	ID:34	RPL: Sending a multicast-DIO with rank 341
476948540	ID:36	RPL: Sending a multicast-DIO with rank 458
479320282	ID:32	RPL: Sending a multicast-DIO with rank 508
480571943	ID:34	RPL: Sending a multicast-DIO with rank 341
481948540	ID:36	RPL: Sending a multicast-DIO with rank 458
482210432	ID:35	RPL: Sending a DIS to fe80::c30c:0:0:7
484320282	ID:32	RPL: Sending a multicast-DIO with rank 508
485571943	ID:34	RPL: Sending a multicast-DIO with rank 341
486948540	ID:36	RPL: Sending a multicast-DIO with rank 458
488417605	ID:33	RPL: Sending a DIS to fe80::c30c:0:0:2
489320282	ID:32	RPL: Sending a multicast-DIO with rank 508
490571943	ID:34	RPL: Sending a multicast-DIO with rank 341
491948540	ID:36	RPL: Sending a multicast-DIO with rank 458
494320282	ID:32	RPL: Sending a multicast-DIO with rank 508
495571943	ID:34	RPL: Sending a multicast-DIO with rank 341
496948540	ID:36	RPL: Sending a multicast-DIO with rank 458
499320282	ID:32	RPL: Sending a multicast-DIO with rank 508
500571943	ID:34	RPL: Sending a multicast-DIO with rank 341
501948540	ID:36	RPL: Sending a multicast-DIO with rank 458
504320282	ID:32	RPL: Sending a multicast-DIO with rank 508
505571943	ID:34	RPL: Sending a multicast-DIO with rank 341
506948540	ID:36	RPL: Sending a multicast-DIO with rank 458
509320282	ID:32	RPL: Sending a multicast-DIO with rank 508
510571943	ID:34	RPL: Sending a multicast-DIO with rank 341
511948540	ID:36	RPL: Sending a multicast-DIO with rank 458
514320282	ID:32	RPL: Sending a multicast-DIO with rank 508
515571943	ID:34	RPL: Sending a multicast-DIO with rank 341
516948540	ID:36	RPL: Sending a multicast-DIO with rank 458
519320282	ID:32	RPL: Sending a multicast-DIO with rank 508
520571943	ID:34	RPL: Sending a multicast-DIO with rank 341
521948540	ID:36	RPL: Sending a multicast-DIO with rank 458
524320282	ID:32	RPL: Sending a multicast-DIO with rank 508
525571943	ID:34	RPL: Sending a multicast-DIO with rank 341
526948540	ID:36	RPL: Sending a multicast-DIO with rank 458
529320282	ID:32	RPL: Sending a multicast-DIO with rank 508
530571943	ID:34	RPL: Sending a multicast-DIO with rank 341
531948540	ID:36	RPL: Sending a multicast-DIO with rank 458
534320282	ID:32	RPL: Sending a multicast-DIO with rank 508
535571943	ID:34	RPL: Sending a multicast-DIO with rank 341
536948540	ID:36	RPL: Sending a multicast-DIO with rank 458
539320282	ID:32	RPL: Sending a multicast-DIO with rank 508
540571943	ID:34	RPL: Sending a multicast-DIO with rank 341
541948540	ID:36	RPL: Sending a multicast-DIO with rank 458
542210432	ID:35	RPL: Sending a DIS to fe80::c30c:0:0:7
544320282	ID:32	RPL: Sending a multicast-DIO with rank 508
545571943	ID:34	RPL: Sending a multicast-DIO with rank 341
546948540	ID:36	RPL: Sending a multicast-DIO with rank 458
548417605	ID:33	RPL: Sending a DIS to fe80::c30c:0:0:2
549320282	ID:32	RPL: Sending a multicast-DIO with rank 508
550571943	ID:34	RPL: Sending a multicast-DIO with rank 341
551948540	ID:36	RPL: Sending a multicast-DIO with rank 458
554320282	ID:32	RPL: Sending a multicast-DIO with rank 508
555571943	ID:34	RPL: Sending a multicast-DIO with rank 341
556948540	ID:36	RPL: Sending a multicast-DIO with rank 458
559320282	ID:32	RPL: Sending a multicast-DIO with rank 508
560571943	ID:34	RPL: Sending a multicast-DIO with rank 341
561948540	ID:36	RPL: Sending a multicast-DIO with rank 458
564320282	ID:32	RPL: Sending a multicast-DIO with rank 508
565571943	ID:34	RPL: Sending a multicast-DIO with rank 341
566948540	ID:36	RPL: Sending a multicast-DIO with rank 458
569320282	ID:32	RPL: Sending a multicast-DIO with rank 508
570571943	ID:34	RPL: Sending a multicast-DIO with rank 341
571948540	ID:36	RPL: Sending a multicast-DIO with rank 458
574320282	ID:32	RPL: Sending a multicast-DIO with rank 508
575571943	ID:34	RPL: Sending a multicast-DIO with rank 341
576948540	ID:36	RPL: Sending a multicast-DIO with rank 458
579320282	ID:32	RPL: Sending a multicast-DIO with rank 508
580571943	ID:34	RPL: Sending a multicast-DIO with rank 341
581948540	ID:36	RPL: Sending a multicast-DIO with rank 458
584320282	ID:32	RPL: Sending a multicast-DIO with rank 508
585571943	ID:34	RPL: Sending a multicast-DIO with rank 341
586948540	ID:36	RPL: Sending a multicast-DIO with rank 458
589320282	ID:32	RPL: Sending a multicast-DIO with rank 508
590571943	ID:34	RPL: Sending a multicast-DIO with rank 341
591948540	ID:36	RPL: Sending a multicast-DIO with rank 458
594320282	ID:32	RPL: Sending a multicast-DIO with rank 508
595571943	ID:34	RPL: Sending a multicast-DIO with rank 341
596948540	ID:36	RPL: Sending a multicast-DIO with rank 458
599320282	ID:32	RPL: Sending a multicast-DIO with rank 508
600571943	ID:34	RPL: Sending a multicast-DIO with rank 341
601948540	ID:36	RPL: Sending a multicast-DIO with rank 458
602210432	ID:35	RPL: Sending a DIS to fe80::c30c:0:0:7
604320282	ID:32	RPL: Sending a multicast-DIO with rank 508
605571943	ID:34	RPL: Sending a multicast-DIO with rank 341
606948540	ID:36	RPL: Sending a multicast-DIO with rank 458
608417605	ID:33	RPL: Sending a DIS to fe80::c30c:0:0:2
609320282	ID:32	RPL: Sending a multicast-DIO with rank 508
610571943	ID:34	RPL: Sending a multicast-DIO with rank 341
611948540	ID:36	RPL: Sending a multicast-DIO with rank 458
614320282	ID:32	RPL: Sending a multicast-DIO with rank 508
615571943	ID:34	RPL: Sending a multicast-DIO with rank 341
616948540	ID:36	RPL: Sending a multicast-DIO with rank 458
619320282	ID:32	RPL: Sending a multicast-DIO with rank 508
620571943	ID:34	RPL: Sending a multicast-DIO with rank 341
621948540	ID:36	RPL: Sending a multicast-DIO with rank 458
624320282	ID:32	RPL: Sending a multicast-DIO with rank 508
625571943	ID:34	RPL: Sending a multicast-DIO with rank 341
626948540	ID:36	RPL: Sending a multicast-DIO with rank 458
629320282	ID:32	RPL: Sending a multicast-DIO with rank 508
630571943	ID:34	RPL: Sending a multicast-DIO with rank 341
631948540	ID:36	RPL: Sending a multicast-DIO with rank 458
634320282	ID:32	RPL: Sending a multicast-DIO with rank 508
635571943	ID:34	RPL: Sending a multicast-DIO with rank 341
636948540	ID:36	RPL: Sending a multicast-DIO with rank 458
639320282	ID:32	RPL: Sending a multicast-DIO with rank 508
640571943	ID:34	RPL: Sending a multicast-DIO with rank 341
641948540	ID:36	RPL: Sending a multicast-DIO with rank 458
644320282	ID:32	RPL: Sending a multicast-DIO with rank 508
645571943	ID:34	RPL: Sending a multicast-DIO with rank 341
646948540	ID:36	RPL: Sending a multicast-DIO with rank 458
649320282	ID:32	RPL: Sending a multicast-DIO with rank 508
650571943	ID:34	RPL: Sending a multicast-DIO with rank 341
651948540	ID:36	RPL: Sending a multicast-DIO with rank 458
654320282	ID:32	RPL: Sending a multicast-DIO with rank 508
655571943	ID:34	RPL: Sending a multicast-DIO with rank 341
656948540	ID:36	RPL: Sending a multicast-DIO with rank 458
659320282	ID:32	RPL: Sending a multicast-DIO with rank 508
660571943	ID:34	RPL: Sending a multicast-DIO with rank 341
661948540	ID:36	RPL: Sending a multicast-DIO with rank 458
662210432	ID:35	RPL: Sending a DIS to fe80::c30c:0:0:7
664320282	ID:32	RPL: Sending a multicast-DIO with rank 508
665571943	ID:34	RPL: Sending a multicast-DIO with rank 341
666948540	ID:36	RPL: Sending a multicast-DIO with rank 458
668417605	ID:33	RPL: Sending a DIS to fe80::c30c:0:0:2
669320282	ID:32	RPL: Sending a multicast-DIO with rank 508
670571943	ID:34	RPL: Sending a multicast-DIO with rank 341
671948540	ID:36	RPL: Sending a multicast-DIO with rank 458
674320289	ID:32	RPL: Sending a multicast-DIO with rank 508
675571943	ID:34	RPL: Sending a multicast-DIO with rank 341
676948540	ID:36	RPL: Sending a multicast-DIO with rank 458
679320282	ID:32	RPL: Sending a multicast-DIO with rank 508
680571943	ID:34	RPL: Sending a multicast-DIO with rank 341
681948540	ID:36	RPL: Sending a multicast-DIO with rank 458
684320282	ID:32	RPL: Sending a multicast-DIO with rank 508
685571943	ID:34	RPL: Sending a multicast-DIO with rank 341
686948540	ID:36	RPL: Sending a multicast-DIO with rank 458
689320282	ID:32	RPL: Sending a multicast-DIO with rank 508
690571944	ID:34	RPL: Sending a multicast-DIO with rank 341
691948540	ID:36	RPL: Sending a multicast-DIO with rank 458
694320282	ID:32	RPL: Sending a multicast-DIO with rank 508
695571944	ID:34	RPL: Sending a multicast-DIO with rank 341
696948540	ID:36	RPL: Sending a multicast-DIO with rank 458
699320282	ID:32	RPL: Sending a multicast-DIO with rank 508
700571944	ID:34	RPL: Sending a multicast-DIO with rank 341
701948540	ID:36	RPL: Sending a multicast-DIO with rank 458
704320282	ID:32	RPL: Sending a multicast-DIO with rank 508
705571944	ID:34	RPL: Sending a multicast-DIO with rank 341
706948540	ID:36	RPL: Sending a multicast-DIO with rank 458
709320282	ID:32	RPL: Sending a multicast-DIO with rank 508
710571944	ID:34	RPL: Sending a multicast-DIO with rank 341
711948540	ID:36	RPL: Sending a multicast-DIO with rank 458
714320282	ID:32	RPL: Sending a multicast-DIO with rank 508
715571944	ID:34	RPL: Sending a multicast-DIO with rank 341
716948540	ID:36	RPL: Sending a multicast-DIO with rank 458
719320282	ID:32	RPL: Sending a multicast-DIO with rank 508
720571943	ID:34	RPL: Sending a multicast-DIO with rank 341
721948540	ID:36	RPL: Sending a multicast-DIO with rank 458
722210433	ID:35	RPL: Sending a DIS to fe80::c30c:0:0:7
724320282	ID:32	RPL: Sending a multicast-DIO with rank 508
725571944	ID:34	RPL: Sending a multicast-DIO with rank 341
726948540	ID:36	RPL: Sending a multicast-DIO with rank 458
728417606	ID:33	RPL: Sending a DIS to fe80::c30c:0:0:2
729320282	ID:32	RPL: Sending a multicast-DIO with rank 508
730571944	ID:34	RPL: Sending a multicast-DIO with rank 341
731948540	ID:36	RPL: Sending a multicast-DIO with rank 458
734320282	ID:32	RPL: Sending a multicast-DIO with rank 508
735571944	ID:34	RPL: Sending a multicast-DIO with rank 341
736948540	ID:36	RPL: Sending a multicast-DIO with rank 458
739320282	ID:32	RPL: Sending a multicast-DIO with rank 508
740571944	ID:34	RPL: Sending a multicast-DIO with rank 341
741948540	ID:36	RPL: Sending a multicast-DIO with rank 458
744320282	ID:32	RPL: Sending a multicast-DIO with rank 508
745571944	ID:34	RPL: Sending a multicast-DIO with rank 341
746948540	ID:36	RPL: Sending a multicast-DIO with rank 458
749320282	ID:32	RPL: Sending a multicast-DIO with rank 508
750571944	ID:34	RPL: Sending a multicast-DIO with rank 341
751948540	ID:36	RPL: Sending a multicast-DIO with rank 458
754320282	ID:32	RPL: Sending a multicast-DIO with rank 508
755571944	ID:34	RPL: Sending a multicast-DIO with rank 341
756948540	ID:36	RPL: Sending a multicast-DIO with rank 458
759320282	ID:32	RPL: Sending a multicast-DIO with rank 508
760571944	ID:34	RPL: Sending a multicast-DIO with rank 341
761948547	ID:36	RPL: Sending a multicast-DIO with rank 458
764320282	ID:32	RPL: Sending a multicast-DIO with rank 508
765571944	ID:34	RPL: Sending a multicast-DIO with rank 341
766948540	ID:36	RPL: Sending a multicast-DIO with rank 458
769320282	ID:32	RPL: Sending a multicast-DIO with rank 508
770571944	ID:34	RPL: Sending a multicast-DIO with rank 341
771948540	ID:36	RPL: Sending a multicast-DIO with rank 458
774320282	ID:32	RPL: Sending a multicast-DIO with rank 508
775571944	ID:34	RPL: Sending a multicast-DIO with rank 341
776948540	ID:36	RPL: Sending a multicast-DIO with rank 458
779320282	ID:32	RPL: Sending a multicast-DIO with rank 508
780571944	ID:34	RPL: Sending a multicast-DIO with rank 341
781948540	ID:36	RPL: Sending a multicast-DIO with rank 458
782210433	ID:35	RPL: Sending a DIS to fe80::c30c:0:0:7
784320282	ID:32	RPL: Sending a multicast-DIO with rank 508
785571944	ID:34	RPL: Sending a multicast-DIO with rank 341
786948540	ID:36	RPL: Sending a multicast-DIO with rank 458
788417606	ID:33	RPL: Sending a DIS to fe80::c30c:0:0:2
789320282	ID:32	RPL: Sending a multicast-DIO with rank 508
790571950	ID:34	RPL: Sending a multicast-DIO with rank 341
791948540	ID:36	RPL: Sending a multicast-DIO with rank 458
794320282	ID:32	RPL: Sending a multicast-DIO with rank 508
795571944	ID:34	RPL: Sending a multicast-DIO with rank 341
796948540	ID:36	RPL: Sending a multicast-DIO with rank 458
799320282	ID:32	RPL: Sending a multicast-DIO with rank 508
800571944	ID:34	RPL: Sending a multicast-DIO with rank 341
801948540	ID:36	RPL: Sending a multicast-DIO with rank 458
804320282	ID:32	RPL: Sending a multicast-DIO with rank 508
805571944	ID:34	RPL: Sending a multicast-DIO with rank 341
806948540	ID:36	RPL: Sending a multicast-DIO with rank 458
809320282	ID:32	RPL: Sending a multicast-DIO with rank 508
810571944	ID:34	RPL: Sending a multicast-DIO with rank 341
811948540	ID:36	RPL: Sending a multicast-DIO with rank 458
814320282	ID:32	RPL: Sending a multicast-DIO with rank 508
815571944	ID:34	RPL: Sending a multicast-DIO with rank 341
816948540	ID:36	RPL: Sending a multicast-DIO with rank 458
819320282	ID:32	RPL: Sending a multicast-DIO with rank 508
820571944	ID:34	RPL: Sending a multicast-DIO with rank 341
821948540	ID:36	RPL: Sending a multicast-DIO with rank 458
824320282	ID:32	RPL: Sending a multicast-DIO with rank 508
825571944	ID:34	RPL: Sending a multicast-DIO with rank 341
826948540	ID:36	RPL: Sending a multicast-DIO with rank 458
829320282	ID:32	RPL: Sending a multicast-DIO with rank 508
830571944	ID:34	RPL: Sending a multicast-DIO with rank 341
831948540	ID:36	RPL: Sending a multicast-DIO with rank 458
834320282	ID:32	RPL: Sending a multicast-DIO with rank 508
835571944	ID:34	RPL: Sending a multicast-DIO with rank 341
836948540	ID:36	RPL: Sending a multicast-DIO with rank 458
839320282	ID:32	RPL: Sending a multicast-DIO with rank 508
840571944	ID:34	RPL: Sending a multicast-DIO with rank 341
841948540	ID:36	RPL: Sending a multicast-DIO with rank 458
842210433	ID:35	RPL: Sending a DIS to fe80::c30c:0:0:7
844320282	ID:32	RPL: Sending a multicast-DIO with rank 508
845571944	ID:34	RPL: Sending a multicast-DIO with rank 341
846948540	ID:36	RPL: Sending a multicast-DIO with rank 458
848417606	ID:33	RPL: Sending a DIS to fe80::c30c:0:0:2
849320282	ID:32	RPL: Sending a multicast-DIO with rank 508
850571944	ID:34	RPL: Sending a multicast-DIO with rank 341
851948540	ID:36	RPL: Sending a multicast-DIO with rank 458
854320282	ID:32	RPL: Sending a multicast-DIO with rank 508
855571944	ID:34	RPL: Sending a multicast-DIO with rank 341
856948540	ID:36	RPL: Sending a multicast-DIO with rank 458
859320282	ID:32	RPL: Sending a multicast-DIO with rank 508
860571944	ID:34	RPL: Sending a multicast-DIO with rank 341
861948540	ID:36	RPL: Sending a multicast-DIO with rank 458
864320282	ID:32	RPL: Sending a multicast-DIO with rank 508
865571944	ID:34	RPL: Sending a multicast-DIO with rank 341
866948540	ID:36	RPL: Sending a multicast-DIO with rank 458
869320282	ID:32	RPL: Sending a multicast-DIO with rank 508
870571944	ID:34	RPL: Sending a multicast-DIO with rank 341
871948540	ID:36	RPL: Sending a multicast-DIO with rank 458
874320282	ID:32	RPL: Sending a multicast-DIO with rank 508
875571944	ID:34	RPL: Sending a multicast-DIO with rank 341
876948540	ID:36	RPL: Sending a multicast-DIO with rank 458
879320282	ID:32	RPL: Sending a multicast-DIO with rank 508
880571944	ID:34	RPL: Sending a multicast-DIO with rank 341
881948540	ID:36	RPL: Sending a multicast-DIO with rank 458
884320282	ID:32	RPL: Sending a multicast-DIO with rank 508
885571944	ID:34	RPL: Sending a multicast-DIO with rank 341
886948540	ID:36	RPL: Sending a multicast-DIO with rank 458
889320282	ID:32	RPL: Sending a multicast-DIO with rank 508
890571944	ID:34	RPL: Sending a multicast-DIO with rank 341
891948540	ID:36	RPL: Sending a multicast-DIO with rank 458
894320282	ID:32	RPL: Sending a multicast-DIO with rank 508
895571944	ID:34	RPL: Sending a multicast-DIO with rank 341
896948540	ID:36	RPL: Sending a multicast-DIO with rank 458
899320282	ID:32	RPL: Sending a multicast-DIO with rank 508
900571944	ID:34	RPL: Sending a multicast-DIO with rank 341
901948540	ID:36	RPL: Sending a multicast-DIO with rank 458
902210433	ID:35	RPL: Sending a DIS to fe80::c30c:0:0:7
904320282	ID:32	RPL: Sending a multicast-DIO with rank 508
905571944	ID:34	RPL: Sending a multicast-DIO with rank 341
906948540	ID:36	RPL: Sending a multicast-DIO with rank 458
908417606	ID:33	RPL: Sending a DIS to fe80::c30c:0:0:2
909320282	ID:32	RPL: Sending a multicast-DIO with rank 508
910571944	ID:34	RPL: Sending a multicast-DIO with rank 341
911948540	ID:36	RPL: Sending a multicast-DIO with rank 458
914320282	ID:32	RPL: Sending a multicast-DIO with rank 508
915571944	ID:34	RPL: Sending a multicast-DIO with rank 341
916948540	ID:36	RPL: Sending a multicast-DIO with rank 458
919320282	ID:32	RPL: Sending a multicast-DIO with rank 508
920571944	ID:34	RPL: Sending a multicast-DIO with rank 341
921948540	ID:36	RPL: Sending a multicast-DIO with rank 458
924320282	ID:32	RPL: Sending a multicast-DIO with rank 508
925571944	ID:34	RPL: Sending a multicast-DIO with rank 341
926948540	ID:36	RPL: Sending a multicast-DIO with rank 458
929320282	ID:32	RPL: Sending a multicast-DIO with rank 508
930571944	ID:34	RPL: Sending a multicast-DIO with rank 341
931948540	ID:36	RPL: Sending a multicast-DIO with rank 458
934320282	ID:32	RPL: Sending a multicast-DIO with rank 508
935571944	ID:34	RPL: Sending a multicast-DIO with rank 341
936948540	ID:36	RPL: Sending a multicast-DIO with rank 458
939320282	ID:32	RPL: Sending a multicast-DIO with rank 508
940571944	ID:34	RPL: Sending a multicast-DIO with rank 341
941948540	ID:36	RPL: Sending a multicast-DIO with rank 458
944320282	ID:32	RPL: Sending a multicast-DIO with rank 508
945571944	ID:34	RPL: Sending a multicast-DIO with rank 341
946948540	ID:36	RPL: Sending a multicast-DIO with rank 458
949320282	ID:32	RPL: Sending a multicast-DIO with rank 508
950571944	ID:34	RPL: Sending a multicast-DIO with rank 341
951948540	ID:36	RPL: Sending a multicast-DIO with rank 458
954320282	ID:32	RPL: Sending a multicast-DIO with rank 508
955571944	ID:34	RPL: Sending a multicast-DIO with rank 341
956948540	ID:36	RPL: Sending a multicast-DIO with rank 458
959320282	ID:32	RPL: Sending a multicast-DIO with rank 508
960571944	ID:34	RPL: Sending a multicast-DIO with rank 341
961948540	ID:36	RPL: Sending a multicast-DIO with rank 458
962210433	ID:35	RPL: Sending a DIS to fe80::c30c:0:0:7
964320282	ID:32	RPL: Sending a multicast-DIO with rank 508
965571944	ID:34	RPL: Sending a multicast-DIO with rank 341
966948540	ID:36	RPL: Sending a multicast-DIO with rank 458
968417606	ID:33	RPL: Sending a DIS to fe80::c30c:0:0:2
969320282	ID:32	RPL: Sending a multicast-DIO with rank 508
970571944	ID:34	RPL: Sending a multicast-DIO with rank 341
971948540	ID:36	RPL: Sending a multicast-DIO with rank 458
974320282	ID:32	RPL: Sending a multicast-DIO with rank 508
975571944	ID:34	RPL: Sending a multicast-DIO with rank 341
976948540	ID:36	RPL: Sending a multicast-DIO with rank 458
979320282	ID:32	RPL: Sending a multicast-DIO with rank 508
980571944	ID:34	RPL: Sending a multicast-DIO with rank 341
981948540	ID:36	RPL: Sending a multicast-DIO with rank 458
984320282	ID:32	RPL: Sending a multicast-DIO with rank 508
985571944	ID:34	RPL: Sending a multicast-DIO with rank 341
986948540	ID:36	RPL: Sending a multicast-DIO with rank 458
989320282	ID:32	RPL: Sending a multicast-DIO with rank 508
990571944	ID:34	RPL: Sending a multicast-DIO with rank 341
991948540	ID:36	RPL: Sending a multicast-DIO with rank 458
994320282	ID:32	RPL: Sending a multicast-DIO with rank 508
995571944	ID:34	RPL: Sending a multicast-DIO with rank 341
996948540	ID:36	RPL: Sending a multicast-DIO with rank 458
999320282	ID:32	RPL: Sending a multicast-DIO with rank 508
1000571944	ID:34	RPL: Sending a multicast-DIO with rank 341
1001948540	ID:36	RPL: Sending a multicast-DIO with rank 458
1004320282	ID:32	RPL: Sending a multicast-DIO with rank 508
1005571944	ID:34	RPL: Sending a multicast-DIO with rank 341
1006948540	ID:36	RPL: Sending a multicast-DIO with rank 458
1009320289	ID:32	RPL: Sending a multicast-DIO with rank 508
1010571944	ID:34	RPL: Sending a multicast-DIO with rank 341
1011948540	ID:36	RPL: Sending a multicast-DIO with rank 458
1014320282	ID:32	RPL: Sending a multicast-DIO with rank 508
1015571944	ID:34	RPL: Sending a multicast-DIO with rank 341
1016948540	ID:36	RPL: Sending a multicast-DIO with rank 458
1019320282	ID:32	RPL: Sending a multicast-DIO with rank 508
1020571944	ID:34	RPL: Sending a multicast-DIO with rank 341
1021948540	ID:36	RPL: Sending a multicast-DIO with rank 458
1022210433	ID:35	RPL: Sending a DIS to fe80::c30c:0:0:7
1024320282	ID:32	RPL: Sending a multicast-DIO with rank 508
1025571944	ID:34	RPL: Sending a multicast-DIO with rank 341
1026948541	ID:36	RPL: Sending a multicast-DIO with rank 458
1028417607	ID:33	RPL: Sending a DIS to fe80::c30c:0:0:2
1029320283	ID:32	RPL: Sending a multicast-DIO with rank 508
1030571944	ID:34	RPL: Sending a multicast-DIO with rank 341
1031948541	ID:36	RPL: Sending a multicast-DIO with rank 458
1034320283	ID:32	RPL: Sending a multicast-DIO with rank 508
1035571944	ID:34	RPL: Sending a multicast-DIO with rank 341
1036948541	ID:36	RPL: Sending a multicast-DIO with rank 458
1039320283	ID:32	RPL: Sending a multicast-DIO with rank 508
1040571944	ID:34	RPL: Sending a multicast-DIO with rank 341
1041948541	ID:36	RPL: Sending a multicast-DIO with rank 458
1044320283	ID:32	RPL: Sending a multicast-DIO with rank 508
1045571944	ID:34	RPL: Sending a multicast-DIO with rank 341
1046948541	ID:36	RPL: Sending a multicast-DIO with rank 458
1049320283	ID:32	RPL: Sending a multicast-DIO with rank 508
1050571944	ID:34	RPL: Sending a multicast-DIO with rank 341
1051948541	ID:36	RPL: Sending a multicast-DIO with rank 458
1054320283	ID:32	RPL: Sending a multicast-DIO with rank 508
1055571944	ID:34	RPL: Sending a multicast-DIO with rank 341
1056948541	ID:36	RPL: Sending a multicast-DIO with rank 458
1059320283	ID:32	RPL: Sending a multicast-DIO with rank 508
1060571944	ID:34	RPL: Sending a multicast-DIO with rank 341
1061948541	ID:36	RPL: Sending a multicast-DIO with rank 458
1064320283	ID:32	RPL: Sending a multicast-DIO with rank 508
1065571944	ID:34	RPL: Sending a multicast-DIO with rank 341
1066948541	ID:36	RPL: Sending a multicast-DIO with rank 458
1069320283	ID:32	RPL: Sending a multicast-DIO with rank 508
1070571944	ID:34	RPL: Sending a multicast-DIO with rank 341
1071948541	ID:36	RPL: Sending a multicast-DIO with rank 458
1074320283	ID:32	RPL: Sending a multicast-DIO with rank 508
1075571944	ID:34	RPL: Sending a multicast-DIO with rank 341
1076948541	ID:36	RPL: Sending a multicast-DIO with rank 458
1079320283	ID:32	RPL: Sending a multicast-DIO with rank 508
1080571944	ID:34	RPL: Sending a multicast-DIO with rank 341
1081948541	ID:36	RPL: Sending a multicast-DIO with rank 458
1082210434	ID:35	RPL: Sending a DIS to fe80::c30c:0:0:7
1084320283	ID:32	RPL: Sending a multicast-DIO with rank 508
1085571944	ID:34	RPL: Sending a multicast-DIO with rank 341
1086948541	ID:36	RPL: Sending a multicast-DIO with rank 458
1088417607	ID:33	RPL: Sending a DIS to fe80::c30c:0:0:2
1089320283	ID:32	RPL: Sending a multicast-DIO with rank 508
1090571944	ID:34	RPL: Sending a multicast-DIO with rank 341
1091948541	ID:36	RPL: Sending a multicast-DIO with rank 458
1094320283	ID:32	RPL: Sending a multicast-DIO with rank 508
1095571944	ID:34	RPL: Sending a multicast-DIO with rank 341
1096948541	ID:36	RPL: Sending a multicast-DIO with rank 458
1099320283	ID:32	RPL: Sending a multicast-DIO with rank 508
1100571944	ID:34	RPL: Sending a multicast-DIO with rank 341
1101948541	ID:36	RPL: Sending a multicast-DIO with rank 458
1104320283	ID:32	RPL: Sending a multicast-DIO with rank 508
1105571944	ID:34	RPL: Sending a multicast-DIO with rank 341
1106948541	ID:36	RPL: Sending a multicast-DIO with rank 458
1109320283	ID:32	RPL: Sending a multicast-DIO with rank 508
1110571944	ID:34	RPL: Sending a multicast-DIO with rank 341
1111948541	ID:36	RPL: Sending a multicast-DIO with rank 458
1114320283	ID:32	RPL: Sending a multicast-DIO with rank 508
1115571944	ID:34	RPL: Sending a multicast-DIO with rank 341
1116948541	ID:36	RPL: Sending a multicast-DIO with rank 458
1119320283	ID:32	RPL: Sending a multicast-DIO with rank 508
1120571944	ID:34	RPL: Sending a multicast-DIO with rank 341
1121948541	ID:36	RPL: Sending a multicast-DIO with rank 458
1124320283	ID:32	RPL: Sending a multicast-DIO with rank 508
1125571944	ID:34	RPL: Sending a multicast-DIO with rank 341
1126948541	ID:36	RPL: Sending a multicast-DIO with rank 458
1129320283	ID:32	RPL: Sending a multicast-DIO with rank 508
1130571944	ID:34	RPL: Sending a multicast-DIO with rank 341
1131948541	ID:36	RPL: Sending a multicast-DIO with rank 458
1134320283	ID:32	RPL: Sending a multicast-DIO with rank 508
1135571944	ID:34	RPL: Sending a multicast-DIO with rank 341
1136948541	ID:36	RPL: Sending a multicast-DIO with rank 458
1139320283	ID:32	RPL: Sending a multicast-DIO with rank 508
1140571944	ID:34	RPL: Sending a multicast-DIO with rank 341
1141948541	ID:36	RPL: Sending a multicast-DIO with rank 458
1142210434	ID:35	RPL: Sending a DIS to fe80::c30c:0:0:7
1144320283	ID:32	RPL: Sending a multicast-DIO with rank 508
1145571944	ID:34	RPL: Sending a multicast-DIO with rank 341
1146948541	ID:36	RPL: Sending a multicast-DIO with rank 458
1148417607	ID:33	RPL: Sending a DIS to fe80::c30c:0:0:2
1149320283	ID:32	RPL: Sending a multicast-DIO with rank 508
1150571944	ID:34	RPL: Sending a multicast-DIO with rank 341
1151948541	ID:36	RPL: Sending a multicast-DIO with rank 458
1154320283	ID:32	RPL: Sending a multicast-DIO with rank 508
1155571944	ID:34	RPL: Sending a multicast-DIO with rank 341
1156948541	ID:36	RPL: Sending a multicast-DIO with rank 458
1159320283	ID:32	RPL: Sending a multicast-DIO with rank 508
1160571944	ID:34	RPL: Sending a multicast-DIO with rank 341
1161948541	ID:36	RPL: Sending a multicast-DIO with rank 458
1164320283	ID:32	RPL: Sending a multicast-DIO with rank 508
1165571944	ID:34	RPL: Sending a multicast-DIO with rank 341
1166948541	ID:36	RPL: Sending a multicast-DIO with rank 458
1169320283	ID:32	RPL: Sending a multicast-DIO with rank 508
1170571944	ID:34	RPL: Sending a multicast-DIO with rank 341
1171948541	ID:36	RPL: Sending a multicast-DIO with rank 458
1174320283	ID:32	RPL: Sending a multicast-DIO with rank 508
1175571944	ID:34	RPL: Sending a multicast-DIO with rank 341
1176948541	ID:36	RPL: Sending a multicast-DIO with rank 458
1179320283	ID:32	RPL: Sending a multicast-DIO with rank 508
1180571944	ID:34	RPL: Sending a multicast-DIO with rank 341
1181948541	ID:36	RPL: Sending a multicast-DIO with rank 458
1184320283	ID:32	RPL: Sending a multicast-DIO with rank 508
1185571944	ID:34	RPL: Sending a multicast-DIO with rank 341
1186948541	ID:36	RPL: Sending a multicast-DIO with rank 458
1189320283	ID:32	RPL: Sending a multicast-DIO with rank 508
1190571944	ID:34	RPL: Sending a multicast-DIO with rank 341
1191948541	ID:36	RPL: Sending a multicast-DIO with rank 458
1194320283	ID:32	RPL: Sending a multicast-DIO with rank 508
1195571944	ID:34	RPL: Sending a multicast-DIO with rank 341
1196948541	ID:36	RPL: Sending a multicast-DIO with rank 458
1199320283	ID:32	RPL: Sending a multicast-DIO with rank 508
1200571944	ID:34	RPL: Sending a multicast-DIO with rank 341
1201948553	ID:36	RPL: Sending a multicast-DIO with rank 458
1202210439	ID:35	RPL: Sending a DIS to fe80::c30c:0:0:7
1204320288	ID:32	RPL: Sending a multicast-DIO with rank 508
1205571949	ID:34	RPL: Sending a multicast-DIO with rank 341
1206948540	ID:36	RPL: Sending a multicast-DIO with rank 458
1208417605	ID:33	RPL: Sending a DIS to fe80::c30c:0:0:2
1209320282	ID:32	RPL: Sending a multicast-DIO with rank 508
1210571943	ID:34	RPL: Sending a multicast-DIO with rank 341
1211948540	ID:36	RPL: Sending a multicast-DIO with rank 458
1214320282	ID:32	RPL: Sending a multicast-DIO with rank 508
1215571943	ID:34	RPL: Sending a multicast-DIO with rank 341
1216948540	ID:36	RPL: Sending a multicast-DIO with rank 458
1219320282	ID:32	RPL: Sending a multicast-DIO with rank 508
1220571943	ID:34	RPL: Sending a multicast-DIO with rank 341
1221948540	ID:36	RPL: Sending a multicast-DIO with rank 458
1224320282	ID:32	RPL: Sending a multicast-DIO with rank 508
1225571943	ID:34	RPL: Sending a multicast-DIO with rank 341
1226948540	ID:36	RPL: Sending a multicast-DIO with rank 458
1229320282	ID:32	RPL: Sending a multicast-DIO with rank 508
1230571943	ID:34	RPL: Sending a multicast-DIO with rank 341
1231948540	ID:36	RPL: Sending a multicast-DIO with rank 458
1234320282	ID:32	RPL: Sending a multicast-DIO with rank 508
1235571943	ID:34	RPL: Sending a multicast-DIO with rank 341
1236948540	ID:36	RPL: Sending a multicast-DIO with rank 458
1239320282	ID:32	RPL: Sending a multicast-DIO with rank 508
1240571950	ID:34	RPL: Sending a multicast-DIO with rank 341
1241948540	ID:36	RPL: Sending a multicast-DIO with rank 458
1244320282	ID:32	RPL: Sending a multicast-DIO with rank 508
1245571943	ID:34	RPL: Sending a multicast-DIO with rank 341
1246948540	ID:36	RPL: Sending a multicast-DIO with rank 458
1249320282	ID:32	RPL: Sending a multicast-DIO with rank 508
1250571943	ID:34	RPL: Sending a multicast-DIO with rank 341
1251948540	ID:36	RPL: Sending a multicast-DIO with rank 458
1254320282	ID:32	RPL: Sending a multicast-DIO with rank 508
1255571943	ID:34	RPL: Sending a multicast-DIO with rank 341
1256948540	ID:36	RPL: Sending a multicast-DIO with rank 458
1259320282	ID:32	RPL: Sending a multicast-DIO with rank 508
1260571943	ID:34	RPL: Sending a multicast-DIO with rank 341
1261948540	ID:36	RPL: Sending a multicast-DIO with rank 458
1262210432	ID:35	RPL: Sending a DIS to fe80::c30c:0:0:7
1264320282	ID:32	RPL: Sending a multicast-DIO with rank 508
1265571943	ID:34	RPL: Sending a multicast-DIO with rank 341
1266948540	ID:36	RPL: Sending a multicast-DIO with rank 458
1268417605	ID:33	RPL: Sending a DIS to fe80::c30c:0:0:2
1269320282	ID:32	RPL: Sending a multicast-DIO with rank 508
1270571943	ID:34	RPL: Sending a multicast-DIO with rank 341
1271948540	ID:36	RPL: Sending a multicast-DIO with rank 458
1274320282	ID:32	RPL: Sending a multicast-DIO with rank 508
1275571943	ID:34	RPL: Sending a multicast-DIO with rank 341
1276948540	ID:36	RPL: Sending a multicast-DIO with rank 458
1279320282	ID:32	RPL: Sending a multicast-DIO with rank 508
1280571943	ID:34	RPL: Sending a multicast-DIO with rank 341
1281948540	ID:36	RPL: Sending a multicast-DIO with rank 458
1284320282	ID:32	RPL: Sending a multicast-DIO with rank 508
1285571943	ID:34	RPL: Sending a multicast-DIO with rank 341
1286948540	ID:36	RPL: Sending a multicast-DIO with rank 458
1289320282	ID:32	RPL: Sending a multicast-DIO with rank 508
1290571943	ID:34	RPL: Sending a multicast-DIO with rank 341
1291948540	ID:36	RPL: Sending a multicast-DIO with rank 458
1294320282	ID:32	RPL: Sending a multicast-DIO with rank 508
1295571943	ID:34	RPL: Sending a multicast-DIO with rank 341
1296948540	ID:36	RPL: Sending a multicast-DIO with rank 458
1299320282	ID:32	RPL: Sending a multicast-DIO with rank 508
1300571943	ID:34	RPL: Sending a multicast-DIO with rank 341
1301948540	ID:36	RPL: Sending a multicast-DIO with rank 458
1304320282	ID:32	RPL: Sending a multicast-DIO with rank 508
1305571943	ID:34	RPL: Sending a multicast-DIO with rank 341
1306948540	ID:36	RPL: Sending a multicast-DIO with rank 458
1309320282	ID:32	RPL: Sending a multicast-DIO with rank 508
1310571943	ID:34	RPL: Sending a multicast-DIO with rank 341
1311948540	ID:36	RPL: Sending a multicast-DIO with rank 458
1314320282	ID:32	RPL: Sending a multicast-DIO with rank 508
1315571943	ID:34	RPL: Sending a multicast-DIO with rank 341
1316948540	ID:36	RPL: Sending a multicast-DIO with rank 458
1319320282	ID:32	RPL: Sending a multicast-DIO with rank 508
1320571943	ID:34	RPL: Sending a multicast-DIO with rank 341
1321948540	ID:36	RPL: Sending a multicast-DIO with rank 458
1322210432	ID:35	RPL: Sending a DIS to fe80::c30c:0:0:7
1324320282	ID:32	RPL: Sending a multicast-DIO with rank 508
1325571943	ID:34	RPL: Sending a multicast-DIO with rank 341
1326948540	ID:36	RPL: Sending a multicast-DIO with rank 458
1328417605	ID:33	RPL: Sending a DIS to fe80::c30c:0:0:2
1329320282	ID:32	RPL: Sending a multicast-DIO with rank 508
1330571943	ID:34	RPL: Sending a multicast-DIO with rank 341
1331948540	ID:36	RPL: Sending a multicast-DIO with rank 458
1334320282	ID:32	RPL: Sending a multicast-DIO with rank 508
1335571943	ID:34	RPL: Sending a multicast-DIO with rank 341
1336948540	ID:36	RPL: Sending a multicast-DIO with rank 458
1339320282	ID:32	RPL: Sending a multicast-DIO with rank 508
1340571943	ID:34	RPL: Sending a multicast-DIO with rank 341
1341948540	ID:36	RPL: Sending a multicast-DIO with rank 458
1344320282	ID:32	RPL: Sending a multicast-DIO with rank 508
1345571943	ID:34	RPL: Sending a multicast-DIO with rank 341
1346948540	ID:36	RPL: Sending a multicast-DIO with rank 458
1349320282	ID:32	RPL: Sending a multicast-DIO with rank 508
1350571943	ID:34	RPL: Sending a multicast-DIO with rank 341
1351948540	ID:36	RPL: Sending a multicast-DIO with rank 458
1354320282	ID:32	RPL: Sending a multicast-DIO with rank 508
1355571943	ID:34	RPL: Sending a multicast-DIO with rank 341
1356948540	ID:36	RPL: Sending a multicast-DIO with rank 458
1359320282	ID:32	RPL: Sending a multicast-DIO with rank 508
1360571943	ID:34	RPL: Sending a multicast-DIO with rank 341
1361948540	ID:36	RPL: Sending a multicast-DIO with rank 458
1364320282	ID:32	RPL: Sending a multicast-DIO with rank 508
1365571943	ID:34	RPL: Sending a multicast-DIO with rank 341
1366948540	ID:36	RPL: Sending a multicast-DIO with rank 458
1369320282	ID:32	RPL: Sending a multicast-DIO with rank 508
1370571943	ID:34	RPL: Sending a multicast-DIO with rank 341
1371948540	ID:36	RPL: Sending a multicast-DIO with rank 458
1374320282	ID:32	RPL: Sending a multicast-DIO with rank 508
1375571943	ID:34	RPL: Sending a multicast-DIO with rank 341
1376948540	ID:36	RPL: Sending a multicast-DIO with rank 458
1379320282	ID:32	RPL: Sending a multicast-DIO with rank 508
1380571943	ID:34	RPL: Sending a multicast-DIO with rank 341
1381948540	ID:36	RPL: Sending a multicast-DIO with rank 458
1382210432	ID:35	RPL: Sending a DIS to fe80::c30c:0:0:7
1384320282	ID:32	RPL: Sending a multicast-DIO with rank 508
1385571943	ID:34	RPL: Sending a multicast-DIO with rank 341
1386948540	ID:36	RPL: Sending a multicast-DIO with rank 458
1388417605	ID:33	RPL: Sending a DIS to fe80::c30c:0:0:2
1389320282	ID:32	RPL: Sending a multicast-DIO with rank 508
1390571943	ID:34	RPL: Sending a multicast-DIO with rank 341
1391948540	ID:36	RPL: Sending a multicast-DIO with rank 458
1394320282	ID:32	RPL: Sending a multicast-DIO with rank 508
1395571943	ID:34	RPL: Sending a multicast-DIO with rank 341
1396948540	ID:36	RPL: Sending a multicast-DIO with rank 458
1399320289	ID:32	RPL: Sending a multicast-DIO with rank 508
1400571943	ID:34	RPL: Sending a multicast-DIO with rank 341
1401948540	ID:36	RPL: Sending a multicast-DIO with rank 458
1404320282	ID:32	RPL: Sending a multicast-DIO with rank 508
1405571943	ID:34	RPL: Sending a multicast-DIO with rank 341
1406948540	ID:36	RPL: Sending a multicast-DIO with rank 458
1409320282	ID:32	RPL: Sending a multicast-DIO with rank 508
1410571943	ID:34	RPL: Sending a multicast-DIO with rank 341
1411948540	ID:36	RPL: Sending a multicast-DIO with rank 458
1414320282	ID:32	RPL: Sending a multicast-DIO with rank 508
1415571943	ID:34	RPL: Sending a multicast-DIO with rank 341
1416948540	ID:36	RPL: Sending a multicast-DIO with rank 458
1419320282	ID:32	RPL: Sending a multicast-DIO with rank 508
1420571943	ID:34	RPL: Sending a multicast-DIO with rank 341
1421948540	ID:36	RPL: Sending a multicast-DIO with rank 458
1424320282	ID:32	RPL: Sending a multicast-DIO with rank 508
1425571943	ID:34	RPL: Sending a multicast-DIO with rank 341
1426948540	ID:36	RPL: Sending a multicast-DIO with rank 458
1429320282	ID:32	RPL: Sending a multicast-DIO with rank 508
1430571943	ID:34	RPL: Sending a multicast-DIO with rank 341
1431948540	ID:36	RPL: Sending a multicast-DIO with rank 458
1434320282	ID:32	RPL: Sending a multicast-DIO with rank 508
1435571943	ID:34	RPL: Sending a multicast-DIO with rank 341
1436948540	ID:36	RPL: Sending a multicast-DIO with rank 458
1439320282	ID:32	RPL: Sending a multicast-DIO with rank 508
1440571943	ID:34	RPL: Sending a multicast-DIO with rank 341
1441948540	ID:36	RPL: Sending a multicast-DIO with rank 458
1442210994	ID:35	RPL: Sending a DIS to fe80::c30c:0:0:7
1444320282	ID:32	RPL: Sending a multicast-DIO with rank 508
1445571943	ID:34	RPL: Sending a multicast-DIO with rank 341
1446948540	ID:36	RPL: Sending a multicast-DIO with rank 458
1448417605	ID:33	RPL: Sending a DIS to fe80::c30c:0:0:2
1449320282	ID:32	RPL: Sending a multicast-DIO with rank 508
1450571943	ID:34	RPL: Sending a multicast-DIO with rank 341
1451948540	ID:36	RPL: Sending a multicast-DIO with rank 458
1454320282	ID:32	RPL: Sending a multicast-DIO with rank 508
1455571943	ID:34	RPL: Sending a multicast-DIO with rank 341
1456948540	ID:36	RPL: Sending a multicast-DIO with rank 458
1459320282	ID:32	RPL: Sending a multicast-DIO with rank 508
1460571943	ID:34	RPL: Sending a multicast-DIO with rank 341
1461948540	ID:36	RPL: Sending a multicast-DIO with rank 458
1464320282	ID:32	RPL: Sending a multicast-DIO with rank 508
1465571943	ID:34	RPL: Sending a multicast-DIO with rank 341
1466948540	ID:36	RPL: Sending a multicast-DIO with rank 458
1469320282	ID:32	RPL: Sending a multicast-DIO with rank 508
1470571943	ID:34	RPL: Sending a multicast-DIO with rank 341
1471948540	ID:36	RPL: Sending a multicast-DIO with rank 458
1474320282	ID:32	RPL: Sending a multicast-DIO with rank 508
1475571943	ID:34	RPL: Sending a multicast-DIO with rank 341
1476948540	ID:36	RPL: Sending a multicast-DIO with rank 458
1479320282	ID:32	RPL: Sending a multicast-DIO with rank 508
1480571943	ID:34	RPL: Sending a multicast-DIO with rank 341
1481948540	ID:36	RPL: Sending a multicast-DIO with rank 458
1484320282	ID:32	RPL: Sending a multicast-DIO with rank 508
1485571943	ID:34	RPL: Sending a multicast-DIO with rank 341
1486948540	ID:36	RPL: Sending a multicast-DIO with rank 458
1489320282	ID:32	RPL: Sending a multicast-DIO with rank 508
1490571943	ID:34	RPL: Sending a multicast-DIO with rank 341
1491948540	ID:36	RPL: Sending a multicast-DIO with rank 458
1494320282	ID:32	RPL: Sending a multicast-DIO with rank 508
1495571943	ID:34	RPL: Sending a multicast-DIO with rank 341
1496948540	ID:36	RPL: Sending a multicast-DIO with rank 458
1499320282	ID:32	RPL: Sending a multicast-DIO with rank 508
1500571943	ID:34	RPL: Sending a multicast-DIO with rank 341
1501948540	ID:36	RPL: Sending a multicast-DIO with rank 458
1502210432	ID:35	RPL: Sending a DIS to fe80::c30c:0:0:7
1504320282	ID:32	RPL: Sending a multicast-DIO with rank 508
1505571943	ID:34	RPL: Sending a multicast-DIO with rank 341
1506948540	ID:36	RPL: Sending a multicast-DIO with rank 458
1508417605	ID:33	RPL: Sending a DIS to fe80::c30c:0:0:2
1509320282	ID:32	RPL: Sending a multicast-DIO with rank 508
1510571943	ID:34	RPL: Sending a multicast-DIO with rank 341
1511948540	ID:36	RPL: Sending a multicast-DIO with rank 458
1514320282	ID:32	RPL: Sending a multicast-DIO with rank 508
1515571943	ID:34	RPL: Sending a multicast-DIO with rank 341
1516948547	ID:36	RPL: Sending a multicast-DIO with rank 458
1519320282	ID:32	RPL: Sending a multicast-DIO with rank 508
1520571943	ID:34	RPL: Sending a multicast-DIO with rank 341
1521948540	ID:36	RPL: Sending a multicast-DIO with rank 458
1524320282	ID:32	RPL: Sending a multicast-DIO with rank 508
1525571943	ID:34	RPL: Sending a multicast-DIO with rank 341
1526948540	ID:36	RPL: Sending a multicast-DIO with rank 458
1529320282	ID:32	RPL: Sending a multicast-DIO with rank 508
1530571943	ID:34	RPL: Sending a multicast-DIO with rank 341
1531948540	ID:36	RPL: Sending a multicast-DIO with rank 458
1534320282	ID:32	RPL: Sending a multicast-DIO with rank 508
1535571943	ID:34	RPL: Sending a multicast-DIO with rank 341
1536948540	ID:36	RPL: Sending a multicast-DIO with rank 458
1539320282	ID:32	RPL: Sending a multicast-DIO with rank 508
1540571943	ID:34	RPL: Sending a multicast-DIO with rank 341
1541948540	ID:36	RPL: Sending a multicast-DIO with rank 458
1544320282	ID:32	RPL: Sending a multicast-DIO with rank 508
1545571943	ID:34	RPL: Sending a multicast-DIO with rank 341
1546948540	ID:36	RPL: Sending a multicast-DIO with rank 458
1549320282	ID:32	RPL: Sending a multicast-DIO with rank 508
1550571943	ID:34	RPL: Sending a multicast-DIO with rank 341
1551948540	ID:36	RPL: Sending a multicast-DIO with rank 458
1554320282	ID:32	RPL: Sending a multicast-DIO with rank 508
1555571943	ID:34	RPL: Sending a multicast-DIO with rank 341
1556948540	ID:36	RPL: Sending a multicast-DIO with rank 458
1559320282	ID:32	RPL: Sending a multicast-DIO with rank 508
1560571943	ID:34	RPL: Sending a multicast-DIO with rank 341
1561948540	ID:36	RPL: Sending a multicast-DIO with rank 458
1562210432	ID:35	RPL: Sending a DIS to fe80::c30c:0:0:7
1564320282	ID:32	RPL: Sending a multicast-DIO with rank 508
1565571943	ID:34	RPL: Sending a multicast-DIO with rank 341
1566948540	ID:36	RPL: Sending a multicast-DIO with rank 458
1568417605	ID:33	RPL: Sending a DIS to fe80::c30c:0:0:2
1569320282	ID:32	RPL: Sending a multicast-DIO with rank 508
1570571950	ID:34	RPL: Sending a multicast-DIO with rank 341
1571948540	ID:36	RPL: Sending a multicast-DIO with rank 458
1574320282	ID:32	RPL: Sending a multicast-DIO with rank 508
1575571943	ID:34	RPL: Sending a multicast-DIO with rank 341
1576948540	ID:36	RPL: Sending a multicast-DIO with rank 458
1579320282	ID:32	RPL: Sending a multicast-DIO with rank 508
1580571943	ID:34	RPL: Sending a multicast-DIO with rank 341
1581948540	ID:36	RPL: Sending a multicast-DIO with rank 458
1584320282	ID:32	RPL: Sending a multicast-DIO with rank 508
1585571943	ID:34	RPL: Sending a multicast-DIO with rank 341
1586948540	ID:36	RPL: Sending a multicast-DIO with rank 458
1589320282	ID:32	RPL: Sending a multicast-DIO with rank 508
1590571943	ID:34	RPL: Sending a multicast-DIO with rank 341
1591948540	ID:36	RPL: Sending a multicast-DIO with rank 458
1594320282	ID:32	RPL: Sending a multicast-DIO with rank 508
1595571943	ID:34	RPL: Sending a multicast-DIO with rank 341
1596948540	ID:36	RPL: Sending a multicast-DIO with rank 458
1599320282	ID:32	RPL: Sending a multicast-DIO with rank 508
1600571943	ID:34	RPL: Sending a multicast-DIO with rank 341
1601948540	ID:36	RPL: Sending a multicast-DIO with rank 458
1604320282	ID:32	RPL: Sending a multicast-DIO with rank 508
1605571943	ID:34	RPL: Sending a multicast-DIO with rank 341
1606948540	ID:36	RPL: Sending a multicast-DIO with rank 458
1609320282	ID:32	RPL: Sending a multicast-DIO with rank 508
1610571943	ID:34	RPL: Sending a multicast-DIO with rank 341
1611948540	ID:36	RPL: Sending a multicast-DIO with rank 458
1614320282	ID:32	RPL: Sending a multicast-DIO with rank 508
1615571943	ID:34	RPL: Sending a multicast-DIO with rank 341
1616948540	ID:36	RPL: Sending a multicast-DIO with rank 458
1619320282	ID:32	RPL: Sending a multicast-DIO with rank 508
1620571943	ID:34	RPL: Sending a multicast-DIO with rank 341
1621948540	ID:36	RPL: Sending a multicast-DIO with rank 458
1622210432	ID:35	RPL: Sending a DIS to fe80::c30c:0:0:7
1624320282	ID:32	RPL: Sending a multicast-DIO with rank 508
1625571943	ID:34	RPL: Sending a multicast-DIO with rank 341
1626948540	ID:36	RPL: Sending a multicast-DIO with rank 458
1628417605	ID:33	RPL: Sending a DIS to fe80::c30c:0:0:2
1629320282	ID:32	RPL: Sending a multicast-DIO with rank 508
1630571943	ID:34	RPL: Sending a multicast-DIO with rank 341
1631948540	ID:36	RPL: Sending a multicast-DIO with rank 458
1634320282	ID:32	RPL: Sending a multicast-DIO with rank 508
1635571943	ID:34	RPL: Sending a multicast-DIO with rank 341
1636948540	ID:36	RPL: Sending a multicast-DIO with rank 458
1639320282	ID:32	RPL: Sending a multicast-DIO with rank 508
1640571943	ID:34	RPL: Sending a multicast-DIO with rank 341
1641948540	ID:36	RPL: Sending a multicast-DIO with rank 458
1644320282	ID:32	RPL: Sending a multicast-DIO with rank 508
1645571943	ID:34	RPL: Sending a multicast-DIO with rank 341
1646948540	ID:36	RPL: Sending a multicast-DIO with rank 458
1649320282	ID:32	RPL: Sending a multicast-DIO with rank 508
1650571943	ID:34	RPL: Sending a multicast-DIO with rank 341
1651948540	ID:36	RPL: Sending a multicast-DIO with rank 458
1654320282	ID:32	RPL: Sending a multicast-DIO with rank 508
1655571943	ID:34	RPL: Sending a multicast-DIO with rank 341
1656948540	ID:36	RPL: Sending a multicast-DIO with rank 458
1659320282	ID:32	RPL: Sending a multicast-DIO with rank 508
1660571943	ID:34	RPL: Sending a multicast-DIO with rank 341
1661948540	ID:36	RPL: Sending a multicast-DIO with rank 458
1664320282	ID:32	RPL: Sending a multicast-DIO with rank 508
1665571943	ID:34	RPL: Sending a multicast-DIO with rank 341
1666948540	ID:36	RPL: Sending a multicast-DIO with rank 458
1669320282	ID:32	RPL: Sending a multicast-DIO with rank 508
1670571943	ID:34	RPL: Sending a multicast-DIO with rank 341
1671948540	ID:36	RPL: Sending a multicast-DIO with rank 458
1674320282	ID:32	RPL: Sending a multicast-DIO with rank 508
1675571943	ID:34	RPL: Sending a multicast-DIO with rank 341
1676948540	ID:36	RPL: Sending a multicast-DIO with rank 458
1679320282	ID:32	RPL: Sending a multicast-DIO with rank 508
1680571943	ID:34	RPL: Sending a multicast-DIO with rank 341
1681948540	ID:36	RPL: Sending a multicast-DIO with rank 458
1682210432	ID:35	RPL: Sending a DIS to fe80::c30c:0:0:7
1684320282	ID:32	RPL: Sending a multicast-DIO with rank 508
1685571943	ID:34	RPL: Sending a multicast-DIO with rank 341
1686948540	ID:36	RPL: Sending a multicast-DIO with rank 458
1688417605	ID:33	RPL: Sending a DIS to fe80::c30c:0:0:2
1689320282	ID:32	RPL: Sending a multicast-DIO with rank 508
1690571943	ID:34	RPL: Sending a multicast-DIO with rank 341
1691948540	ID:36	RPL: Sending a multicast-DIO with rank 458
1694320282	ID:32	RPL: Sending a multicast-DIO with rank 508
1695571943	ID:34	RPL: Sending a multicast-DIO with rank 341
1696948540	ID:36	RPL: Sending a multicast-DIO with rank 458
1699320282	ID:32	RPL: Sending a multicast-DIO with rank 508
1700571943	ID:34	RPL: Sending a multicast-DIO with rank 341
1701948540	ID:36	RPL: Sending a multicast-DIO with rank 458
1704320282	ID:32	RPL: Sending a multicast-DIO with rank 508
1705571943	ID:34	RPL: Sending a multicast-DIO with rank 341
1706948540	ID:36	RPL: Sending a multicast-DIO with rank 458
1709320282	ID:32	RPL: Sending a multicast-DIO with rank 508
1710571943	ID:34	RPL: Sending a multicast-DIO with rank 341
1711948540	ID:36	RPL: Sending a multicast-DIO with rank 458
1714320282	ID:32	RPL: Sending a multicast-DIO with rank 508
1715571943	ID:34	RPL: Sending a multicast-DIO with rank 341
1716948540	ID:36	RPL: Sending a multicast-DIO with rank 458
1719320282	ID:32	RPL: Sending a multicast-DIO with rank 508
1720571943	ID:34	RPL: Sending a multicast-DIO with rank 341
1721948540	ID:36	RPL: Sending a multicast-DIO with rank 458
1724320282	ID:32	RPL: Sending a multicast-DIO with rank 508
1725571943	ID:34	RPL: Sending a multicast-DIO with rank 341
1726948540	ID:36	RPL: Sending a multicast-DIO with rank 458
1729320282	ID:32	RPL: Sending a multicast-DIO with rank 508
1730571943	ID:34	RPL: Sending a multicast-DIO with rank 341
1731948540	ID:36	RPL: Sending a multicast-DIO with rank 458
1734320282	ID:32	RPL: Sending a multicast-DIO with rank 508
1735571943	ID:34	RPL: Sending a multicast-DIO with rank 341
1736948540	ID:36	RPL: Sending a multicast-DIO with rank 458
1739320282	ID:32	RPL: Sending a multicast-DIO with rank 508
1740571943	ID:34	RPL: Sending a multicast-DIO with rank 341
1741948540	ID:36	RPL: Sending a multicast-DIO with rank 458
1742210432	ID:35	RPL: Sending a DIS to fe80::c30c:0:0:7
1744320282	ID:32	RPL: Sending a multicast-DIO with rank 508
1745571943	ID:34	RPL: Sending a multicast-DIO with rank 341
1746948540	ID:36	RPL: Sending a multicast-DIO with rank 458
1748417605	ID:33	RPL: Sending a DIS to fe80::c30c:0:0:2
1749320282	ID:32	RPL: Sending a multicast-DIO with rank 508
1750571943	ID:34	RPL: Sending a multicast-DIO with rank 341
1751948540	ID:36	RPL: Sending a multicast-DIO with rank 458
1754320282	ID:32	RPL: Sending a multicast-DIO with rank 508
1755571943	ID:34	RPL: Sending a multicast-DIO with rank 341
1756948540	ID:36	RPL: Sending a multicast-DIO with rank 458
1759320282	ID:32	RPL: Sending a multicast-DIO with rank 508
1760571943	ID:34	RPL: Sending a multicast-DIO with rank 341
1761948540	ID:36	RPL: Sending a multicast-DIO with rank 458
1764320282	ID:32	RPL: Sending a multicast-DIO with rank 508
1765571943	ID:34	RPL: Sending a multicast-DIO with rank 341
1766948540	ID:36	RPL: Sending a multicast-DIO with rank 458
1769320282	ID:32	RPL: Sending a multicast-DIO with rank 508
1770571943	ID:34	RPL: Sending a multicast-DIO with rank 341
1771948540	ID:36	RPL: Sending a multicast-DIO with rank 458
1774320282	ID:32	RPL: Sending a multicast-DIO with rank 508
1775571943	ID:34	RPL: Sending a multicast-DIO with rank 341
1776948540	ID:36	RPL: Sending a multicast-DIO with rank 458
1779320282	ID:32	RPL: Sending a multicast-DIO with rank 508
1780571943	ID:34	RPL: Sending a multicast-DIO with rank 341
1781948540	ID:36	RPL: Sending a multicast-DIO with rank 458
1784320282	ID:32	RPL: Sending a multicast-DIO with rank 508
1785571943	ID:34	RPL: Sending a multicast-DIO with rank 341
1786948540	ID:36	RPL: Sending a multicast-DIO with rank 458
1789320282	ID:32	RPL: Sending a multicast-DIO with rank 508
1790571943	ID:34	RPL: Sending a multicast-DIO with rank 341
1791948540	ID:36	RPL: Sending a multicast-DIO with rank 458
1794320282	ID:32	RPL: Sending a multicast-DIO with rank 508
1795571943	ID:34	RPL: Sending a multicast-DIO with rank 341
1796948540	ID:36	RPL: Sending a multicast-DIO with rank 458
1799320282	ID:32	RPL: Sending a multicast-DIO with rank 508
