Generated Packets 1 | ReceivedPackets 1
TL = 24341 |  AE2ED = 0.024341 |  PDR = 1
Generated Packets 2 | ReceivedPackets 2
TL = 125075 |  AE2ED = 0.0625375 |  PDR = 1
Generated Packets 3 | ReceivedPackets 3
TL = 247587 |  AE2ED = 0.082529 |  PDR = 1
Generated Packets 4 | ReceivedPackets 4
TL = 345210 |  AE2ED = 0.0863025 |  PDR = 1
Generated Packets 5 | ReceivedPackets 5
TL = 505556 |  AE2ED = 0.1011112 |  PDR = 1
Generated Packets 6 | ReceivedPackets 6
TL = 544050 |  AE2ED = 0.090675 |  PDR = 1
Generated Packets 7 | ReceivedPackets 7
TL = 632896 |  AE2ED = 0.09041371428571429 |  PDR = 1
Generated Packets 9 | ReceivedPackets 8
TL = 671534 |  AE2ED = 0.08394175 |  PDR = 0.8888888888888888
Generated Packets 9 | ReceivedPackets 9
TL = 813192 |  AE2ED = 0.09035466666666667 |  PDR = 1
Generated Packets 10 | ReceivedPackets 10
TL = 907592 |  AE2ED = 0.0907592 |  PDR = 1
Generated Packets 11 | ReceivedPackets 11
TL = 1044822 |  AE2ED = 0.09498381818181818 |  PDR = 1
Generated Packets 12 | ReceivedPackets 12
TL = 1176462 |  AE2ED = 0.0980385 |  PDR = 1
Generated Packets 13 | ReceivedPackets 13
TL = 1224985 |  AE2ED = 0.09422961538461538 |  PDR = 1
Generated Packets 14 | ReceivedPackets 14
TL = 1380085 |  AE2ED = 0.0985775 |  PDR = 1
Generated Packets 15 | ReceivedPackets 15
TL = 1508669 |  AE2ED = 0.10057793333333333 |  PDR = 1
Generated Packets 18 | ReceivedPackets 16
TL = 5991582 |  AE2ED = 0.374473875 |  PDR = 0.8888888888888888
Generated Packets 18 | ReceivedPackets 17
TL = 9803641 |  AE2ED = 0.5766847647058824 |  PDR = 0.9444444444444444
Generated Packets 19 | ReceivedPackets 18
TL = 10608648 |  AE2ED = 0.5893693333333334 |  PDR = 0.9473684210526315
Generated Packets 30 | ReceivedPackets 19
TL = 28530518 |  AE2ED = 1.5016062105263157 |  PDR = 0.6333333333333333
Generated Packets 33 | ReceivedPackets 20
TL = 34095914 |  AE2ED = 1.7047957 |  PDR = 0.6060606060606061
Generated Packets 37 | ReceivedPackets 21
TL = 43660609 |  AE2ED = 2.079076619047619 |  PDR = 0.5675675675675675
Generated Packets 37 | ReceivedPackets 22
TL = 53105783 |  AE2ED = 2.413899227272727 |  PDR = 0.5945945945945946
Generated Packets 37 | ReceivedPackets 23
TL = 71410126 |  AE2ED = 3.104788086956522 |  PDR = 0.6216216216216216
Generated Packets 42 | ReceivedPackets 24
TL = 77127205 |  AE2ED = 3.2136335416666664 |  PDR = 0.5714285714285714
Generated Packets 48 | ReceivedPackets 25
TL = 98525610 |  AE2ED = 3.9410244 |  PDR = 0.5208333333333334
Generated Packets 49 | ReceivedPackets 26
TL = 135546978 |  AE2ED = 5.213345307692308 |  PDR = 0.5306122448979592
Generated Packets 51 | ReceivedPackets 27
TL = 142971118 |  AE2ED = 5.295226592592592 |  PDR = 0.5294117647058824
Generated Packets 51 | ReceivedPackets 28
TL = 146079792 |  AE2ED = 5.217135428571428 |  PDR = 0.5490196078431373
Generated Packets 56 | ReceivedPackets 29
TL = 153230402 |  AE2ED = 5.2838069655172415 |  PDR = 0.5178571428571429
Generated Packets 59 | ReceivedPackets 30
TL = 163713209 |  AE2ED = 5.457106966666667 |  PDR = 0.5084745762711864
Generated Packets 66 | ReceivedPackets 31
TL = 177139332 |  AE2ED = 5.714172 |  PDR = 0.4696969696969697
Generated Packets 66 | ReceivedPackets 32
TL = 179092695 |  AE2ED = 5.59664671875 |  PDR = 0.48484848484848486
Generated Packets 68 | ReceivedPackets 33
TL = 193472460 |  AE2ED = 5.8628018181818184 |  PDR = 0.4852941176470588
Generated Packets 68 | ReceivedPackets 34
TL = 218604253 |  AE2ED = 6.429536852941177 |  PDR = 0.5
Generated Packets 71 | ReceivedPackets 35
TL = 229278427 |  AE2ED = 6.5508122 |  PDR = 0.49295774647887325
Generated Packets 75 | ReceivedPackets 36
TL = 235304181 |  AE2ED = 6.53622725 |  PDR = 0.48
Generated Packets 90 | ReceivedPackets 37
TL = 269478583 |  AE2ED = 7.283204945945945 |  PDR = 0.4111111111111111
Generated Packets 95 | ReceivedPackets 38
TL = 285038461 |  AE2ED = 7.501012131578947 |  PDR = 0.4
Generated Packets 95 | ReceivedPackets 39
TL = 293375908 |  AE2ED = 7.522459179487179 |  PDR = 0.4105263157894737
Generated Packets 101 | ReceivedPackets 40
TL = 300313612 |  AE2ED = 7.5078403 |  PDR = 0.39603960396039606
Generated Packets 101 | ReceivedPackets 41
TL = 306273654 |  AE2ED = 7.4700891219512195 |  PDR = 0.40594059405940597
Generated Packets 105 | ReceivedPackets 42
TL = 307107526 |  AE2ED = 7.312083952380952 |  PDR = 0.4
Generated Packets 105 | ReceivedPackets 43
TL = 307876703 |  AE2ED = 7.159923325581395 |  PDR = 0.4095238095238095
Generated Packets 106 | ReceivedPackets 44
TL = 308275471 |  AE2ED = 7.006260704545454 |  PDR = 0.41509433962264153
Generated Packets 125 | ReceivedPackets 45
TL = 322361908 |  AE2ED = 7.163597955555556 |  PDR = 0.36
Generated Packets 125 | ReceivedPackets 46
TL = 330199447 |  AE2ED = 7.178248847826087 |  PDR = 0.368
Generated Packets 128 | ReceivedPackets 47
TL = 330526039 |  AE2ED = 7.032468914893617 |  PDR = 0.3671875
Generated Packets 132 | ReceivedPackets 48
TL = 333914166 |  AE2ED = 6.956545125 |  PDR = 0.36363636363636365
Generated Packets 138 | ReceivedPackets 49
TL = 334406767 |  AE2ED = 6.824627897959184 |  PDR = 0.35507246376811596
Generated Packets 138 | ReceivedPackets 50
TL = 343892525 |  AE2ED = 6.8778505 |  PDR = 0.36231884057971014
Generated Packets 141 | ReceivedPackets 51
TL = 344078357 |  AE2ED = 6.746634450980392 |  PDR = 0.3617021276595745
Generated Packets 145 | ReceivedPackets 52
TL = 346626977 |  AE2ED = 6.665903403846154 |  PDR = 0.3586206896551724
Generated Packets 149 | ReceivedPackets 53
TL = 350003198 |  AE2ED = 6.603833924528302 |  PDR = 0.35570469798657717
Generated Packets 158 | ReceivedPackets 54
TL = 353767194 |  AE2ED = 6.551244333333333 |  PDR = 0.34177215189873417
Generated Packets 161 | ReceivedPackets 55
TL = 357166907 |  AE2ED = 6.493943763636364 |  PDR = 0.3416149068322981
Generated Packets 166 | ReceivedPackets 56
TL = 365822047 |  AE2ED = 6.532536553571428 |  PDR = 0.3373493975903614
Generated Packets 166 | ReceivedPackets 57
TL = 370858270 |  AE2ED = 6.506285438596491 |  PDR = 0.3433734939759036
Generated Packets 172 | ReceivedPackets 58
TL = 376340058 |  AE2ED = 6.488621689655172 |  PDR = 0.3372093023255814
Generated Packets 178 | ReceivedPackets 59
TL = 403960834 |  AE2ED = 6.846793796610169 |  PDR = 0.33146067415730335
Generated Packets 180 | ReceivedPackets 60
TL = 419201106 |  AE2ED = 6.9866851 |  PDR = 0.3333333333333333
Generated Packets 187 | ReceivedPackets 61
TL = 421613965 |  AE2ED = 6.911704344262295 |  PDR = 0.32620320855614976
Generated Packets 187 | ReceivedPackets 62
TL = 424420220 |  AE2ED = 6.845487419354838 |  PDR = 0.3315508021390374
Generated Packets 197 | ReceivedPackets 63
TL = 430797427 |  AE2ED = 6.838054396825396 |  PDR = 0.3197969543147208
Generated Packets 197 | ReceivedPackets 64
TL = 437436566 |  AE2ED = 6.83494634375 |  PDR = 0.3248730964467005
Generated Packets 201 | ReceivedPackets 65
TL = 437614137 |  AE2ED = 6.732525184615385 |  PDR = 0.32338308457711445
Generated Packets 206 | ReceivedPackets 66
TL = 447806545 |  AE2ED = 6.784947651515151 |  PDR = 0.32038834951456313
Generated Packets 210 | ReceivedPackets 67
TL = 458523376 |  AE2ED = 6.843632477611941 |  PDR = 0.319047619047619
Generated Packets 215 | ReceivedPackets 68
TL = 464584613 |  AE2ED = 6.832126661764706 |  PDR = 0.31627906976744186
Generated Packets 222 | ReceivedPackets 69
TL = 472797924 |  AE2ED = 6.852143826086956 |  PDR = 0.3108108108108108
Generated Packets 227 | ReceivedPackets 70
TL = 479493794 |  AE2ED = 6.849911342857143 |  PDR = 0.30837004405286345
Generated Packets 239 | ReceivedPackets 71
TL = 486880114 |  AE2ED = 6.857466394366197 |  PDR = 0.29707112970711297
Generated Packets 264 | ReceivedPackets 72
TL = 494722043 |  AE2ED = 6.871139486111111 |  PDR = 0.2727272727272727
Generated Packets 270 | ReceivedPackets 73
TL = 503337842 |  AE2ED = 6.895038931506849 |  PDR = 0.27037037037037037
Generated Packets 272 | ReceivedPackets 74
TL = 505250389 |  AE2ED = 6.82770795945946 |  PDR = 0.27205882352941174
Generated Packets 330 | ReceivedPackets 75
TL = 511835020 |  AE2ED = 6.824466933333333 |  PDR = 0.22727272727272727
Generated Packets 339 | ReceivedPackets 76
TL = 514288003 |  AE2ED = 6.766947407894737 |  PDR = 0.22418879056047197
Generated Packets 375 | ReceivedPackets 77
TL = 514381327 |  AE2ED = 6.680276974025974 |  PDR = 0.20533333333333334
Generated Packets 394 | ReceivedPackets 78
TL = 514900947 |  AE2ED = 6.601294192307692 |  PDR = 0.19796954314720813
Generated Packets 399 | ReceivedPackets 79
TL = 515092490 |  AE2ED = 6.520158101265823 |  PDR = 0.19799498746867167
Generated Packets 411 | ReceivedPackets 80
TL = 528785824 |  AE2ED = 6.6098228 |  PDR = 0.19464720194647203
Generated Packets 422 | ReceivedPackets 81
TL = 529405197 |  AE2ED = 6.53586662962963 |  PDR = 0.19194312796208532
Generated Packets 430 | ReceivedPackets 82
TL = 529856637 |  AE2ED = 6.461666304878048 |  PDR = 0.19069767441860466
Generated Packets 437 | ReceivedPackets 83
TL = 532994208 |  AE2ED = 6.421616963855422 |  PDR = 0.18993135011441648
Generated Packets 448 | ReceivedPackets 84
TL = 541456373 |  AE2ED = 6.445909202380952 |  PDR = 0.1875
Generated Packets 455 | ReceivedPackets 85
TL = 545512322 |  AE2ED = 6.417792023529413 |  PDR = 0.18681318681318682
Generated Packets 474 | ReceivedPackets 86
TL = 556260583 |  AE2ED = 6.468146313953488 |  PDR = 0.18143459915611815
Generated Packets 478 | ReceivedPackets 87
TL = 556384147 |  AE2ED = 6.39522008045977 |  PDR = 0.18200836820083682
Generated Packets 478 | ReceivedPackets 88
TL = 556452818 |  AE2ED = 6.323327477272728 |  PDR = 0.18410041841004185
Generated Packets 482 | ReceivedPackets 89
TL = 556544891 |  AE2ED = 6.253313382022472 |  PDR = 0.18464730290456433
Generated Packets 492 | ReceivedPackets 90
TL = 558090032 |  AE2ED = 6.201000355555556 |  PDR = 0.18292682926829268
Generated Packets 506 | ReceivedPackets 91
TL = 558143020 |  AE2ED = 6.13343978021978 |  PDR = 0.17984189723320157
Generated Packets 517 | ReceivedPackets 92
TL = 562999717 |  AE2ED = 6.119562141304348 |  PDR = 0.17794970986460348
Generated Packets 517 | ReceivedPackets 93
TL = 567208348 |  AE2ED = 6.099014494623655 |  PDR = 0.17988394584139264
Generated Packets 528 | ReceivedPackets 94
TL = 567349721 |  AE2ED = 6.035635329787234 |  PDR = 0.17803030303030304
Generated Packets 536 | ReceivedPackets 95
TL = 567375820 |  AE2ED = 5.972377052631579 |  PDR = 0.17723880597014927
Generated Packets 542 | ReceivedPackets 96
TL = 568679043 |  AE2ED = 5.92374003125 |  PDR = 0.17712177121771217
Generated Packets 547 | ReceivedPackets 97
TL = 569216375 |  AE2ED = 5.868210051546392 |  PDR = 0.1773308957952468
Generated Packets 551 | ReceivedPackets 98
TL = 581411899 |  AE2ED = 5.932774479591838 |  PDR = 0.17785843920145192
Generated Packets 574 | ReceivedPackets 99
TL = 586198603 |  AE2ED = 5.92119801010101 |  PDR = 0.17247386759581881
Generated Packets 580 | ReceivedPackets 100
TL = 589782924 |  AE2ED = 5.89782924 |  PDR = 0.1724137931034483
Generated Packets 583 | ReceivedPackets 101
TL = 590815663 |  AE2ED = 5.849660029702971 |  PDR = 0.1732418524871355
Generated Packets 598 | ReceivedPackets 102
TL = 599868954 |  AE2ED = 5.881068176470588 |  PDR = 0.1705685618729097
Generated Packets 619 | ReceivedPackets 103
TL = 607688241 |  AE2ED = 5.899885834951457 |  PDR = 0.16639741518578352
Generated Packets 627 | ReceivedPackets 104
TL = 611639920 |  AE2ED = 5.881153076923077 |  PDR = 0.16586921850079744
Generated Packets 630 | ReceivedPackets 105
TL = 613044493 |  AE2ED = 5.838518980952381 |  PDR = 0.16666666666666666
Generated Packets 641 | ReceivedPackets 106
TL = 613324602 |  AE2ED = 5.786081150943397 |  PDR = 0.16536661466458658
Generated Packets 641 | ReceivedPackets 107
TL = 617502107 |  AE2ED = 5.771047728971963 |  PDR = 0.1669266770670827
Generated Packets 662 | ReceivedPackets 108
TL = 635250734 |  AE2ED = 5.881951240740741 |  PDR = 0.16314199395770393
Generated Packets 664 | ReceivedPackets 109
TL = 648832725 |  AE2ED = 5.95259380733945 |  PDR = 0.16415662650602408
Generated Packets 672 | ReceivedPackets 110
TL = 651448475 |  AE2ED = 5.922258863636364 |  PDR = 0.1636904761904762
Generated Packets 682 | ReceivedPackets 111
TL = 651574729 |  AE2ED = 5.870042603603603 |  PDR = 0.1627565982404692
Generated Packets 691 | ReceivedPackets 112
TL = 655761872 |  AE2ED = 5.855016714285714 |  PDR = 0.16208393632416787
Generated Packets 695 | ReceivedPackets 113
TL = 670701559 |  AE2ED = 5.935412026548672 |  PDR = 0.16258992805755396
Generated Packets 696 | ReceivedPackets 114
TL = 672063033 |  AE2ED = 5.895289763157895 |  PDR = 0.16379310344827586
Generated Packets 707 | ReceivedPackets 115
TL = 674466919 |  AE2ED = 5.864929730434783 |  PDR = 0.16265912305516267
Generated Packets 717 | ReceivedPackets 116
TL = 677168169 |  AE2ED = 5.837656629310345 |  PDR = 0.16178521617852162
Generated Packets 718 | ReceivedPackets 117
TL = 679308031 |  AE2ED = 5.806051547008547 |  PDR = 0.16295264623955433
Generated Packets 729 | ReceivedPackets 118
TL = 680242914 |  AE2ED = 5.764770457627119 |  PDR = 0.16186556927297668
Generated Packets 741 | ReceivedPackets 119
TL = 684275645 |  AE2ED = 5.75021550420168 |  PDR = 0.16059379217273953
Generated Packets 748 | ReceivedPackets 120
TL = 684539790 |  AE2ED = 5.70449825 |  PDR = 0.16042780748663102
Generated Packets 756 | ReceivedPackets 121
TL = 688327483 |  AE2ED = 5.6886568842975205 |  PDR = 0.16005291005291006
Generated Packets 774 | ReceivedPackets 122
TL = 695652075 |  AE2ED = 5.70206618852459 |  PDR = 0.15762273901808785
Generated Packets 793 | ReceivedPackets 123
TL = 695677837 |  AE2ED = 5.65591737398374 |  PDR = 0.15510718789407313
Generated Packets 794 | ReceivedPackets 124
TL = 709192119 |  AE2ED = 5.719291282258064 |  PDR = 0.1561712846347607
Generated Packets 805 | ReceivedPackets 125
TL = 714573265 |  AE2ED = 5.7165861200000005 |  PDR = 0.15527950310559005
Generated Packets 809 | ReceivedPackets 126
TL = 719626260 |  AE2ED = 5.711319523809524 |  PDR = 0.1557478368355995
Generated Packets 823 | ReceivedPackets 127
TL = 728329207 |  AE2ED = 5.734875645669292 |  PDR = 0.1543134872417983
Generated Packets 829 | ReceivedPackets 128
TL = 731015260 |  AE2ED = 5.71105671875 |  PDR = 0.15440289505428226
Generated Packets 833 | ReceivedPackets 129
TL = 737424707 |  AE2ED = 5.716470596899224 |  PDR = 0.15486194477791115
Generated Packets 845 | ReceivedPackets 130
TL = 737501215 |  AE2ED = 5.673086269230769 |  PDR = 0.15384615384615385
Generated Packets 855 | ReceivedPackets 131
TL = 746274311 |  AE2ED = 5.696750465648855 |  PDR = 0.15321637426900586
Generated Packets 856 | ReceivedPackets 132
TL = 751335231 |  AE2ED = 5.691933568181819 |  PDR = 0.1542056074766355
Generated Packets 864 | ReceivedPackets 133
TL = 756708607 |  AE2ED = 5.68953839849624 |  PDR = 0.15393518518518517
Generated Packets 869 | ReceivedPackets 134
TL = 756708607 |  AE2ED = 5.647079156716417 |  PDR = 0.15420023014959724
Script timed out
Performance Calculation
Generated Packets 869 | ReceivedPackets 134
TL = 756708607 |  AE2ED = 5.647079156716417 |  PDR = 0.15420023014959724
