Generated Packets 1 | ReceivedPackets 1
TL = 24341 |  AE2ED = 0.024341 |  PDR = 1
Generated Packets 2 | ReceivedPackets 2
TL = 125075 |  AE2ED = 0.0625375 |  PDR = 1
Generated Packets 3 | ReceivedPackets 3
TL = 247587 |  AE2ED = 0.082529 |  PDR = 1
Generated Packets 4 | ReceivedPackets 4
TL = 345210 |  AE2ED = 0.0863025 |  PDR = 1
Generated Packets 5 | ReceivedPackets 5
TL = 505556 |  AE2ED = 0.1011112 |  PDR = 1
Generated Packets 6 | ReceivedPackets 6
TL = 544050 |  AE2ED = 0.090675 |  PDR = 1
Generated Packets 7 | ReceivedPackets 7
TL = 632896 |  AE2ED = 0.09041371428571429 |  PDR = 1
Generated Packets 9 | ReceivedPackets 8
TL = 671534 |  AE2ED = 0.08394175 |  PDR = 0.8888888888888888
Generated Packets 9 | ReceivedPackets 9
TL = 813192 |  AE2ED = 0.09035466666666667 |  PDR = 1
Generated Packets 10 | ReceivedPackets 10
TL = 907592 |  AE2ED = 0.0907592 |  PDR = 1
Generated Packets 11 | ReceivedPackets 11
TL = 1044822 |  AE2ED = 0.09498381818181818 |  PDR = 1
Generated Packets 12 | ReceivedPackets 12
TL = 1176462 |  AE2ED = 0.0980385 |  PDR = 1
Generated Packets 13 | ReceivedPackets 13
TL = 1224985 |  AE2ED = 0.09422961538461538 |  PDR = 1
Generated Packets 14 | ReceivedPackets 14
TL = 1380085 |  AE2ED = 0.0985775 |  PDR = 1
Generated Packets 15 | ReceivedPackets 15
TL = 1508669 |  AE2ED = 0.10057793333333333 |  PDR = 1
Generated Packets 18 | ReceivedPackets 16
TL = 7117009 |  AE2ED = 0.4448130625 |  PDR = 0.8888888888888888
Generated Packets 27 | ReceivedPackets 17
TL = 24452641 |  AE2ED = 1.4383906470588237 |  PDR = 0.6296296296296297
Generated Packets 27 | ReceivedPackets 18
TL = 32248478 |  AE2ED = 1.791582111111111 |  PDR = 0.6666666666666666
Generated Packets 27 | ReceivedPackets 19
TL = 35657133 |  AE2ED = 1.8766912105263158 |  PDR = 0.7037037037037037
Generated Packets 27 | ReceivedPackets 20
TL = 46405427 |  AE2ED = 2.32027135 |  PDR = 0.7407407407407407
Generated Packets 27 | ReceivedPackets 21
TL = 55227623 |  AE2ED = 2.6298868095238097 |  PDR = 0.7777777777777778
Generated Packets 36 | ReceivedPackets 22
TL = 75916362 |  AE2ED = 3.450743727272727 |  PDR = 0.6111111111111112
Generated Packets 36 | ReceivedPackets 23
TL = 92142684 |  AE2ED = 4.006203652173913 |  PDR = 0.6388888888888888
Generated Packets 39 | ReceivedPackets 24
TL = 92322136 |  AE2ED = 3.8467556666666667 |  PDR = 0.6153846153846154
Generated Packets 42 | ReceivedPackets 25
TL = 105103566 |  AE2ED = 4.20414264 |  PDR = 0.5952380952380952
Generated Packets 42 | ReceivedPackets 26
TL = 119386552 |  AE2ED = 4.591790461538462 |  PDR = 0.6190476190476191
Generated Packets 42 | ReceivedPackets 27
TL = 128077439 |  AE2ED = 4.743608851851851 |  PDR = 0.6428571428571429
Generated Packets 45 | ReceivedPackets 28
TL = 130032498 |  AE2ED = 4.6440177857142855 |  PDR = 0.6222222222222222
Generated Packets 46 | ReceivedPackets 29
TL = 130866572 |  AE2ED = 4.512640413793104 |  PDR = 0.6304347826086957
Generated Packets 50 | ReceivedPackets 30
TL = 134637658 |  AE2ED = 4.487921933333333 |  PDR = 0.6
Generated Packets 55 | ReceivedPackets 31
TL = 139116632 |  AE2ED = 4.48763329032258 |  PDR = 0.5636363636363636
Generated Packets 58 | ReceivedPackets 32
TL = 148949963 |  AE2ED = 4.65468634375 |  PDR = 0.5517241379310345
Generated Packets 58 | ReceivedPackets 33
TL = 155880687 |  AE2ED = 4.723657181818182 |  PDR = 0.5689655172413793
Generated Packets 58 | ReceivedPackets 34
TL = 157740402 |  AE2ED = 4.639423588235294 |  PDR = 0.5862068965517241
Generated Packets 59 | ReceivedPackets 35
TL = 167879327 |  AE2ED = 4.7965522 |  PDR = 0.5932203389830508
Generated Packets 59 | ReceivedPackets 36
TL = 180710399 |  AE2ED = 5.019733305555556 |  PDR = 0.6101694915254238
Generated Packets 60 | ReceivedPackets 37
TL = 180882798 |  AE2ED = 4.88872427027027 |  PDR = 0.6166666666666667
Generated Packets 60 | ReceivedPackets 38
TL = 184049965 |  AE2ED = 4.843420131578948 |  PDR = 0.6333333333333333
Generated Packets 64 | ReceivedPackets 39
TL = 184621207 |  AE2ED = 4.733877102564103 |  PDR = 0.609375
Generated Packets 66 | ReceivedPackets 40
TL = 184708946 |  AE2ED = 4.61772365 |  PDR = 0.6060606060606061
Generated Packets 66 | ReceivedPackets 41
TL = 185798665 |  AE2ED = 4.53167475609756 |  PDR = 0.6212121212121212
Generated Packets 67 | ReceivedPackets 42
TL = 185999800 |  AE2ED = 4.428566666666667 |  PDR = 0.6268656716417911
Generated Packets 68 | ReceivedPackets 43
TL = 193680972 |  AE2ED = 4.5042086511627915 |  PDR = 0.6323529411764706
Generated Packets 68 | ReceivedPackets 44
TL = 202258333 |  AE2ED = 4.596780295454546 |  PDR = 0.6470588235294118
Generated Packets 68 | ReceivedPackets 45
TL = 202399803 |  AE2ED = 4.497773400000001 |  PDR = 0.6617647058823529
Generated Packets 68 | ReceivedPackets 46
TL = 211885731 |  AE2ED = 4.606211543478261 |  PDR = 0.6764705882352942
Generated Packets 70 | ReceivedPackets 47
TL = 212914884 |  AE2ED = 4.530103914893617 |  PDR = 0.6714285714285714
Generated Packets 77 | ReceivedPackets 48
TL = 228082106 |  AE2ED = 4.751710541666667 |  PDR = 0.6233766233766234
Generated Packets 83 | ReceivedPackets 49
TL = 242281079 |  AE2ED = 4.94451181632653 |  PDR = 0.5903614457831325
Generated Packets 85 | ReceivedPackets 50
TL = 261394979 |  AE2ED = 5.22789958 |  PDR = 0.5882352941176471
Generated Packets 86 | ReceivedPackets 51
TL = 273603821 |  AE2ED = 5.364780803921568 |  PDR = 0.5930232558139535
Generated Packets 88 | ReceivedPackets 52
TL = 290905163 |  AE2ED = 5.594330057692308 |  PDR = 0.5909090909090909
Generated Packets 88 | ReceivedPackets 53
TL = 310853168 |  AE2ED = 5.865154113207547 |  PDR = 0.6022727272727273
Generated Packets 90 | ReceivedPackets 54
TL = 320966280 |  AE2ED = 5.94382 |  PDR = 0.6
Generated Packets 90 | ReceivedPackets 55
TL = 353031092 |  AE2ED = 6.418747127272727 |  PDR = 0.6111111111111112
Generated Packets 90 | ReceivedPackets 56
TL = 354927173 |  AE2ED = 6.337985232142858 |  PDR = 0.6222222222222222
Generated Packets 100 | ReceivedPackets 57
TL = 368749101 |  AE2ED = 6.469282473684211 |  PDR = 0.57
Generated Packets 100 | ReceivedPackets 58
TL = 383266804 |  AE2ED = 6.608048344827586 |  PDR = 0.58
Generated Packets 100 | ReceivedPackets 59
TL = 412898784 |  AE2ED = 6.998284474576272 |  PDR = 0.59
Generated Packets 100 | ReceivedPackets 60
TL = 428087277 |  AE2ED = 7.13478795 |  PDR = 0.6
Generated Packets 102 | ReceivedPackets 61
TL = 433904823 |  AE2ED = 7.113193819672131 |  PDR = 0.5980392156862745
Generated Packets 102 | ReceivedPackets 62
TL = 440029805 |  AE2ED = 7.097254919354838 |  PDR = 0.6078431372549019
Generated Packets 106 | ReceivedPackets 63
TL = 448657167 |  AE2ED = 7.121542333333333 |  PDR = 0.5943396226415094
Generated Packets 106 | ReceivedPackets 64
TL = 454178564 |  AE2ED = 7.0965400625 |  PDR = 0.6037735849056604
Generated Packets 106 | ReceivedPackets 65
TL = 459949005 |  AE2ED = 7.076138538461538 |  PDR = 0.6132075471698113
Generated Packets 106 | ReceivedPackets 66
TL = 466318092 |  AE2ED = 7.065425636363637 |  PDR = 0.6226415094339622
Generated Packets 108 | ReceivedPackets 67
TL = 467535584 |  AE2ED = 6.978143044776119 |  PDR = 0.6203703703703703
Generated Packets 110 | ReceivedPackets 68
TL = 475345716 |  AE2ED = 6.990378176470588 |  PDR = 0.6181818181818182
Generated Packets 110 | ReceivedPackets 69
TL = 482493551 |  AE2ED = 6.99266015942029 |  PDR = 0.6272727272727273
Generated Packets 111 | ReceivedPackets 70
TL = 506522882 |  AE2ED = 7.236041171428571 |  PDR = 0.6306306306306306
Generated Packets 113 | ReceivedPackets 71
TL = 509142494 |  AE2ED = 7.171021042253521 |  PDR = 0.6283185840707964
Generated Packets 116 | ReceivedPackets 72
TL = 517999146 |  AE2ED = 7.194432583333333 |  PDR = 0.6206896551724138
Generated Packets 117 | ReceivedPackets 73
TL = 521260161 |  AE2ED = 7.140550150684931 |  PDR = 0.6239316239316239
Generated Packets 121 | ReceivedPackets 74
TL = 533652342 |  AE2ED = 7.211518135135135 |  PDR = 0.6115702479338843
Generated Packets 121 | ReceivedPackets 75
TL = 548821782 |  AE2ED = 7.31762376 |  PDR = 0.6198347107438017
Generated Packets 122 | ReceivedPackets 76
TL = 557516047 |  AE2ED = 7.335737460526316 |  PDR = 0.6229508196721312
Generated Packets 122 | ReceivedPackets 77
TL = 564047051 |  AE2ED = 7.325286376623376 |  PDR = 0.6311475409836066
Generated Packets 128 | ReceivedPackets 78
TL = 568385539 |  AE2ED = 7.28699408974359 |  PDR = 0.609375
Generated Packets 128 | ReceivedPackets 79
TL = 572232110 |  AE2ED = 7.243444430379746 |  PDR = 0.6171875
Generated Packets 129 | ReceivedPackets 80
TL = 577452580 |  AE2ED = 7.21815725 |  PDR = 0.6201550387596899
Generated Packets 152 | ReceivedPackets 81
TL = 616238059 |  AE2ED = 7.607877271604939 |  PDR = 0.5328947368421053
Generated Packets 152 | ReceivedPackets 82
TL = 650631746 |  AE2ED = 7.934533487804878 |  PDR = 0.5394736842105263
Generated Packets 152 | ReceivedPackets 83
TL = 683185634 |  AE2ED = 8.23115221686747 |  PDR = 0.5460526315789473
Generated Packets 154 | ReceivedPackets 84
TL = 687517965 |  AE2ED = 8.184737678571429 |  PDR = 0.5454545454545454
Generated Packets 165 | ReceivedPackets 85
TL = 698911857 |  AE2ED = 8.222492435294118 |  PDR = 0.5151515151515151
Generated Packets 165 | ReceivedPackets 86
TL = 711380098 |  AE2ED = 8.271861604651162 |  PDR = 0.5212121212121212
Generated Packets 165 | ReceivedPackets 87
TL = 712724290 |  AE2ED = 8.192233218390804 |  PDR = 0.5272727272727272
Generated Packets 168 | ReceivedPackets 88
TL = 713772633 |  AE2ED = 8.111052647727272 |  PDR = 0.5238095238095238
Generated Packets 169 | ReceivedPackets 89
TL = 721314870 |  AE2ED = 8.104661460674157 |  PDR = 0.5266272189349113
Generated Packets 183 | ReceivedPackets 90
TL = 754707317 |  AE2ED = 8.385636855555555 |  PDR = 0.4918032786885246
Generated Packets 183 | ReceivedPackets 91
TL = 766223310 |  AE2ED = 8.420036373626374 |  PDR = 0.4972677595628415
Generated Packets 183 | ReceivedPackets 92
TL = 768785237 |  AE2ED = 8.35636127173913 |  PDR = 0.5027322404371585
Generated Packets 185 | ReceivedPackets 93
TL = 776291158 |  AE2ED = 8.347216752688173 |  PDR = 0.5027027027027027
Generated Packets 189 | ReceivedPackets 94
TL = 776351329 |  AE2ED = 8.259056691489363 |  PDR = 0.4973544973544973
Generated Packets 206 | ReceivedPackets 95
TL = 792018777 |  AE2ED = 8.337039757894736 |  PDR = 0.46116504854368934
Generated Packets 209 | ReceivedPackets 96
TL = 802591601 |  AE2ED = 8.360329177083333 |  PDR = 0.45933014354066987
Generated Packets 217 | ReceivedPackets 97
TL = 826761079 |  AE2ED = 8.523310092783506 |  PDR = 0.4470046082949309
Generated Packets 217 | ReceivedPackets 98
TL = 833474540 |  AE2ED = 8.50484224489796 |  PDR = 0.45161290322580644
Generated Packets 221 | ReceivedPackets 99
TL = 838827136 |  AE2ED = 8.473001373737373 |  PDR = 0.4479638009049774
Generated Packets 235 | ReceivedPackets 100
TL = 841612206 |  AE2ED = 8.416122060000001 |  PDR = 0.425531914893617
Generated Packets 264 | ReceivedPackets 101
TL = 841635878 |  AE2ED = 8.333028495049504 |  PDR = 0.38257575757575757
Generated Packets 265 | ReceivedPackets 102
TL = 841715933 |  AE2ED = 8.252116990196079 |  PDR = 0.3849056603773585
Generated Packets 286 | ReceivedPackets 103
TL = 849854931 |  AE2ED = 8.251018747572816 |  PDR = 0.36013986013986016
Generated Packets 300 | ReceivedPackets 104
TL = 850787819 |  AE2ED = 8.180652105769232 |  PDR = 0.3466666666666667
Generated Packets 305 | ReceivedPackets 105
TL = 850811791 |  AE2ED = 8.102969438095238 |  PDR = 0.3442622950819672
Generated Packets 315 | ReceivedPackets 106
TL = 856577488 |  AE2ED = 8.080919698113208 |  PDR = 0.33650793650793653
Generated Packets 352 | ReceivedPackets 107
TL = 857473054 |  AE2ED = 8.013766859813083 |  PDR = 0.3039772727272727
Generated Packets 355 | ReceivedPackets 108
TL = 857971358 |  AE2ED = 7.94417924074074 |  PDR = 0.30422535211267604
Generated Packets 376 | ReceivedPackets 109
TL = 863804129 |  AE2ED = 7.92480852293578 |  PDR = 0.2898936170212766
Generated Packets 380 | ReceivedPackets 110
TL = 874731010 |  AE2ED = 7.952100090909091 |  PDR = 0.2894736842105263
Generated Packets 414 | ReceivedPackets 111
TL = 880995005 |  AE2ED = 7.936891936936937 |  PDR = 0.26811594202898553
Generated Packets 445 | ReceivedPackets 112
TL = 896488282 |  AE2ED = 8.004359660714286 |  PDR = 0.251685393258427
Generated Packets 474 | ReceivedPackets 113
TL = 901189816 |  AE2ED = 7.975131115044247 |  PDR = 0.23839662447257384
Generated Packets 508 | ReceivedPackets 114
TL = 901213738 |  AE2ED = 7.905383666666667 |  PDR = 0.22440944881889763
Generated Packets 526 | ReceivedPackets 115
TL = 901587094 |  AE2ED = 7.839887773913044 |  PDR = 0.21863117870722434
Generated Packets 552 | ReceivedPackets 116
TL = 909929186 |  AE2ED = 7.844217120689655 |  PDR = 0.21014492753623187
Generated Packets 596 | ReceivedPackets 117
TL = 909952337 |  AE2ED = 7.777370401709402 |  PDR = 0.19630872483221476
Generated Packets 613 | ReceivedPackets 118
TL = 912708109 |  AE2ED = 7.734814483050847 |  PDR = 0.19249592169657423
Generated Packets 654 | ReceivedPackets 119
TL = 914628366 |  AE2ED = 7.685952655462185 |  PDR = 0.1819571865443425
Generated Packets 694 | ReceivedPackets 120
TL = 918853299 |  AE2ED = 7.657110825 |  PDR = 0.1729106628242075
Generated Packets 765 | ReceivedPackets 121
TL = 918877227 |  AE2ED = 7.5940266694214875 |  PDR = 0.15816993464052287
Generated Packets 785 | ReceivedPackets 122
TL = 923828738 |  AE2ED = 7.572366704918032 |  PDR = 0.1554140127388535
Generated Packets 810 | ReceivedPackets 123
TL = 931726220 |  AE2ED = 7.5750099186991875 |  PDR = 0.15185185185185185
Generated Packets 810 | ReceivedPackets 124
TL = 932175345 |  AE2ED = 7.517543104838709 |  PDR = 0.15308641975308643
Generated Packets 811 | ReceivedPackets 125
TL = 932483477 |  AE2ED = 7.459867816 |  PDR = 0.15413070283600494
Generated Packets 816 | ReceivedPackets 126
TL = 935556758 |  AE2ED = 7.425053634920635 |  PDR = 0.15441176470588236
Generated Packets 828 | ReceivedPackets 127
TL = 955031245 |  AE2ED = 7.519931062992126 |  PDR = 0.15338164251207728
Generated Packets 832 | ReceivedPackets 128
TL = 959357949 |  AE2ED = 7.4949839765625 |  PDR = 0.15384615384615385
Generated Packets 835 | ReceivedPackets 129
TL = 960636468 |  AE2ED = 7.446794325581395 |  PDR = 0.15449101796407186
Generated Packets 837 | ReceivedPackets 130
TL = 962700240 |  AE2ED = 7.405386461538462 |  PDR = 0.15531660692951016
Generated Packets 842 | ReceivedPackets 131
TL = 965877310 |  AE2ED = 7.373109236641222 |  PDR = 0.15558194774346792
Generated Packets 844 | ReceivedPackets 132
TL = 967259723 |  AE2ED = 7.327725174242424 |  PDR = 0.15639810426540285
Generated Packets 850 | ReceivedPackets 133
TL = 968066687 |  AE2ED = 7.278696894736842 |  PDR = 0.1564705882352941
Generated Packets 856 | ReceivedPackets 134
TL = 968091996 |  AE2ED = 7.224567134328358 |  PDR = 0.15654205607476634
Generated Packets 858 | ReceivedPackets 135
TL = 968175503 |  AE2ED = 7.171670392592592 |  PDR = 0.15734265734265734
Generated Packets 860 | ReceivedPackets 136
TL = 970075397 |  AE2ED = 7.132907330882353 |  PDR = 0.15813953488372093
Generated Packets 865 | ReceivedPackets 137
TL = 973422330 |  AE2ED = 7.1052724817518245 |  PDR = 0.15838150289017341
Generated Packets 869 | ReceivedPackets 138
TL = 976119565 |  AE2ED = 7.07333018115942 |  PDR = 0.15880322209436135
Script timed out
Performance Calculation
Generated Packets 869 | ReceivedPackets 138
TL = 976119565 |  AE2ED = 7.07333018115942 |  PDR = 0.15880322209436135
