30164982	ID:32	RPL: Sending a DIS to fe80::c30c:0:0:3
30248989	ID:33	RPL: Sending a DIS to fe80::c30c:0:0:2
30827633	ID:35	RPL: Sending a DIS to fe80::c30c:0:0:7
30930600	ID:34	RPL: Sending a DIS to fe80::c30c:0:0:6
30952259	ID:36	RPL: Sending a DIS to fe80::c30c:0:0:8
32492959	ID:35	RPL: Received a DIO from fe80::c30c:0:0:7
32496729	ID:35	RPL: Incoming DIO (id, ver, rank) = (30,240,595)
32501228	ID:35	RPL: Incoming DIO (dag_id, pref) = (fd00::ff:fe00:1, 0)
32503485	ID:35	RPL: DIO option 4, length: 14
32509504	ID:35	RPL: DAG conf:dbl=8, min=12 red=10 maxinc=896 mininc=128 ocp=1 d_l=10 l_u=60
32511732	ID:35	RPL: DIO option 8, length: 30
32514000	ID:35	RPL: Copying prefix information
32521614	ID:35	RPL: Neighbor added to neighbor cache fe80::c30c:0:0:7, c1:0c:00:00:00:00:00:07
34992001	ID:36	RPL: Received a DIO from fe80::c30c:0:0:8
34995776	ID:36	RPL: Incoming DIO (id, ver, rank) = (30,240,598)
35000275	ID:36	RPL: Incoming DIO (dag_id, pref) = (fd00::ff:fe00:1, 0)
35002539	ID:36	RPL: DIO option 4, length: 14
35008558	ID:36	RPL: DAG conf:dbl=8, min=12 red=10 maxinc=896 mininc=128 ocp=1 d_l=10 l_u=60
35010787	ID:36	RPL: DIO option 8, length: 30
35013056	ID:36	RPL: Copying prefix information
35021101	ID:36	RPL: Neighbor added to neighbor cache fe80::c30c:0:0:8, c1:0c:00:00:00:00:00:08
37521552	ID:35	RPL: Sending a multicast-DIO with rank 595
40029061	ID:36	RPL: Sending a multicast-DIO with rank 598
42521530	ID:35	RPL: Sending a multicast-DIO with rank 595
45029040	ID:36	RPL: Sending a multicast-DIO with rank 598
47521531	ID:35	RPL: Sending a multicast-DIO with rank 595
50029040	ID:36	RPL: Sending a multicast-DIO with rank 598
52521531	ID:35	RPL: Sending a multicast-DIO with rank 595
55029040	ID:36	RPL: Sending a multicast-DIO with rank 598
55662004	ID:33	RPL: Received a DIO from fe80::c30c:0:0:2
55665774	ID:33	RPL: Incoming DIO (id, ver, rank) = (30,240,577)
55670309	ID:33	RPL: Incoming DIO (dag_id, pref) = (fd00::ff:fe00:1, 0)
55672535	ID:33	RPL: DIO option 4, length: 14
55678554	ID:33	RPL: DAG conf:dbl=8, min=12 red=10 maxinc=896 mininc=128 ocp=1 d_l=10 l_u=60
55680780	ID:33	RPL: DIO option 8, length: 30
55683049	ID:33	RPL: Copying prefix information
55693086	ID:33	RPL: Neighbor added to neighbor cache fe80::c30c:0:0:2, c1:0c:00:00:00:00:00:02
57521531	ID:35	RPL: Sending a multicast-DIO with rank 595
60029040	ID:36	RPL: Sending a multicast-DIO with rank 598
60697916	ID:33	RPL: Sending a multicast-DIO with rank 577
61947917	ID:32	RPL: Sending a DIS to fe80::c30c:0:0:3
62521531	ID:35	RPL: Sending a multicast-DIO with rank 595
65029040	ID:36	RPL: Sending a multicast-DIO with rank 598
65697894	ID:33	RPL: Sending a multicast-DIO with rank 577
67521530	ID:35	RPL: Sending a multicast-DIO with rank 595
70029040	ID:36	RPL: Sending a multicast-DIO with rank 598
70697894	ID:33	RPL: Sending a multicast-DIO with rank 577
72521530	ID:35	RPL: Sending a multicast-DIO with rank 595
75029040	ID:36	RPL: Sending a multicast-DIO with rank 598
75697894	ID:33	RPL: Sending a multicast-DIO with rank 577
77521530	ID:35	RPL: Sending a multicast-DIO with rank 595
80029040	ID:36	RPL: Sending a multicast-DIO with rank 598
80697894	ID:33	RPL: Sending a multicast-DIO with rank 577
82521530	ID:35	RPL: Sending a multicast-DIO with rank 595
83703129	ID:34	RPL: Sending a DIS to fe80::c30c:0:0:6
85029040	ID:36	RPL: Sending a multicast-DIO with rank 598
85697894	ID:33	RPL: Sending a multicast-DIO with rank 577
87521530	ID:35	RPL: Sending a multicast-DIO with rank 595
90029040	ID:36	RPL: Sending a multicast-DIO with rank 598
90697882	ID:33	RPL: Sending a multicast-DIO with rank 577
92521518	ID:35	RPL: Sending a multicast-DIO with rank 595
95029027	ID:36	RPL: Sending a multicast-DIO with rank 598
95697882	ID:33	RPL: Sending a multicast-DIO with rank 577
97521518	ID:35	RPL: Sending a multicast-DIO with rank 595
100029027	ID:36	RPL: Sending a multicast-DIO with rank 598
100697882	ID:33	RPL: Sending a multicast-DIO with rank 577
102521518	ID:35	RPL: Sending a multicast-DIO with rank 595
105029027	ID:36	RPL: Sending a multicast-DIO with rank 598
105697882	ID:33	RPL: Sending a multicast-DIO with rank 577
107521518	ID:35	RPL: Sending a multicast-DIO with rank 595
110029027	ID:36	RPL: Sending a multicast-DIO with rank 598
110697882	ID:33	RPL: Sending a multicast-DIO with rank 577
112521518	ID:35	RPL: Sending a multicast-DIO with rank 595
115029027	ID:36	RPL: Sending a multicast-DIO with rank 598
115697882	ID:33	RPL: Sending a multicast-DIO with rank 577
117521518	ID:35	RPL: Sending a multicast-DIO with rank 595
120029027	ID:36	RPL: Sending a multicast-DIO with rank 598
120697882	ID:33	RPL: Sending a multicast-DIO with rank 577
121947506	ID:32	RPL: Sending a DIS to fe80::c30c:0:0:3
122521518	ID:35	RPL: Sending a multicast-DIO with rank 595
125029027	ID:36	RPL: Sending a multicast-DIO with rank 598
125697882	ID:33	RPL: Sending a multicast-DIO with rank 577
127521518	ID:35	RPL: Sending a multicast-DIO with rank 595
130029027	ID:36	RPL: Sending a multicast-DIO with rank 598
130697882	ID:33	RPL: Sending a multicast-DIO with rank 577
132521518	ID:35	RPL: Sending a multicast-DIO with rank 595
135029027	ID:36	RPL: Sending a multicast-DIO with rank 598
135697882	ID:33	RPL: Sending a multicast-DIO with rank 577
137521518	ID:35	RPL: Sending a multicast-DIO with rank 595
140029027	ID:36	RPL: Sending a multicast-DIO with rank 598
140697882	ID:33	RPL: Sending a multicast-DIO with rank 577
142521518	ID:35	RPL: Sending a multicast-DIO with rank 595
143703117	ID:34	RPL: Sending a DIS to fe80::c30c:0:0:6
145029027	ID:36	RPL: Sending a multicast-DIO with rank 598
145697882	ID:33	RPL: Sending a multicast-DIO with rank 577
147521518	ID:35	RPL: Sending a multicast-DIO with rank 595
150029027	ID:36	RPL: Sending a multicast-DIO with rank 598
150697882	ID:33	RPL: Sending a multicast-DIO with rank 577
152521518	ID:35	RPL: Sending a multicast-DIO with rank 595
155029027	ID:36	RPL: Sending a multicast-DIO with rank 598
155697882	ID:33	RPL: Sending a multicast-DIO with rank 577
157521518	ID:35	RPL: Sending a multicast-DIO with rank 595
160029027	ID:36	RPL: Sending a multicast-DIO with rank 598
160697882	ID:33	RPL: Sending a multicast-DIO with rank 577
162521518	ID:35	RPL: Sending a multicast-DIO with rank 595
165029027	ID:36	RPL: Sending a multicast-DIO with rank 598
165697882	ID:33	RPL: Sending a multicast-DIO with rank 577
167521518	ID:35	RPL: Sending a multicast-DIO with rank 595
170029027	ID:36	RPL: Sending a multicast-DIO with rank 598
170697882	ID:33	RPL: Sending a multicast-DIO with rank 577
172521518	ID:35	RPL: Sending a multicast-DIO with rank 595
175029027	ID:36	RPL: Sending a multicast-DIO with rank 598
175697882	ID:33	RPL: Sending a multicast-DIO with rank 577
177521518	ID:35	RPL: Sending a multicast-DIO with rank 595
180029027	ID:36	RPL: Sending a multicast-DIO with rank 598
180697882	ID:33	RPL: Sending a multicast-DIO with rank 577
181947506	ID:32	RPL: Sending a DIS to fe80::c30c:0:0:3
182521518	ID:35	RPL: Sending a multicast-DIO with rank 595
185029027	ID:36	RPL: Sending a multicast-DIO with rank 598
185697882	ID:33	RPL: Sending a multicast-DIO with rank 577
187521518	ID:35	RPL: Sending a multicast-DIO with rank 595
190029027	ID:36	RPL: Sending a multicast-DIO with rank 598
190697882	ID:33	RPL: Sending a multicast-DIO with rank 577
192521518	ID:35	RPL: Sending a multicast-DIO with rank 595
195029027	ID:36	RPL: Sending a multicast-DIO with rank 598
195697882	ID:33	RPL: Sending a multicast-DIO with rank 577
197521518	ID:35	RPL: Sending a multicast-DIO with rank 595
200029027	ID:36	RPL: Sending a multicast-DIO with rank 598
200697882	ID:33	RPL: Sending a multicast-DIO with rank 577
202521518	ID:35	RPL: Sending a multicast-DIO with rank 595
203703117	ID:34	RPL: Sending a DIS to fe80::c30c:0:0:6
205029027	ID:36	RPL: Sending a multicast-DIO with rank 598
205697882	ID:33	RPL: Sending a multicast-DIO with rank 577
207521518	ID:35	RPL: Sending a multicast-DIO with rank 595
210029027	ID:36	RPL: Sending a multicast-DIO with rank 598
210697882	ID:33	RPL: Sending a multicast-DIO with rank 577
212521518	ID:35	RPL: Sending a multicast-DIO with rank 595
215029027	ID:36	RPL: Sending a multicast-DIO with rank 598
215697882	ID:33	RPL: Sending a multicast-DIO with rank 577
217521518	ID:35	RPL: Sending a multicast-DIO with rank 595
220029027	ID:36	RPL: Sending a multicast-DIO with rank 598
220697882	ID:33	RPL: Sending a multicast-DIO with rank 577
222521518	ID:35	RPL: Sending a multicast-DIO with rank 595
225029027	ID:36	RPL: Sending a multicast-DIO with rank 598
225697882	ID:33	RPL: Sending a multicast-DIO with rank 577
227521518	ID:35	RPL: Sending a multicast-DIO with rank 595
230029027	ID:36	RPL: Sending a multicast-DIO with rank 598
230697882	ID:33	RPL: Sending a multicast-DIO with rank 577
232521518	ID:35	RPL: Sending a multicast-DIO with rank 595
235029027	ID:36	RPL: Sending a multicast-DIO with rank 598
235697882	ID:33	RPL: Sending a multicast-DIO with rank 577
237521518	ID:35	RPL: Sending a multicast-DIO with rank 595
240029027	ID:36	RPL: Sending a multicast-DIO with rank 598
240697882	ID:33	RPL: Sending a multicast-DIO with rank 577
241947506	ID:32	RPL: Sending a DIS to fe80::c30c:0:0:3
242521518	ID:35	RPL: Sending a multicast-DIO with rank 595
245029027	ID:36	RPL: Sending a multicast-DIO with rank 598
245697882	ID:33	RPL: Sending a multicast-DIO with rank 577
247521518	ID:35	RPL: Sending a multicast-DIO with rank 595
250029027	ID:36	RPL: Sending a multicast-DIO with rank 598
250697882	ID:33	RPL: Sending a multicast-DIO with rank 577
252521518	ID:35	RPL: Sending a multicast-DIO with rank 595
255029027	ID:36	RPL: Sending a multicast-DIO with rank 598
255697882	ID:33	RPL: Sending a multicast-DIO with rank 577
257521518	ID:35	RPL: Sending a multicast-DIO with rank 595
260029027	ID:36	RPL: Sending a multicast-DIO with rank 598
260697882	ID:33	RPL: Sending a multicast-DIO with rank 577
262521518	ID:35	RPL: Sending a multicast-DIO with rank 595
263703117	ID:34	RPL: Sending a DIS to fe80::c30c:0:0:6
265029027	ID:36	RPL: Sending a multicast-DIO with rank 598
265697882	ID:33	RPL: Sending a multicast-DIO with rank 577
267521518	ID:35	RPL: Sending a multicast-DIO with rank 595
270029027	ID:36	RPL: Sending a multicast-DIO with rank 598
270697882	ID:33	RPL: Sending a multicast-DIO with rank 577
272521518	ID:35	RPL: Sending a multicast-DIO with rank 595
275029027	ID:36	RPL: Sending a multicast-DIO with rank 598
275697882	ID:33	RPL: Sending a multicast-DIO with rank 577
277521518	ID:35	RPL: Sending a multicast-DIO with rank 595
280029027	ID:36	RPL: Sending a multicast-DIO with rank 598
280697882	ID:33	RPL: Sending a multicast-DIO with rank 577
282521518	ID:35	RPL: Sending a multicast-DIO with rank 595
285029027	ID:36	RPL: Sending a multicast-DIO with rank 598
285697882	ID:33	RPL: Sending a multicast-DIO with rank 577
287521518	ID:35	RPL: Sending a multicast-DIO with rank 595
290029027	ID:36	RPL: Sending a multicast-DIO with rank 598
290697882	ID:33	RPL: Sending a multicast-DIO with rank 577
292521518	ID:35	RPL: Sending a multicast-DIO with rank 595
295029027	ID:36	RPL: Sending a multicast-DIO with rank 598
295697882	ID:33	RPL: Sending a multicast-DIO with rank 577
297521518	ID:35	RPL: Sending a multicast-DIO with rank 595
300029027	ID:36	RPL: Sending a multicast-DIO with rank 598
300697882	ID:33	RPL: Sending a multicast-DIO with rank 577
301947506	ID:32	RPL: Sending a DIS to fe80::c30c:0:0:3
302521518	ID:35	RPL: Sending a multicast-DIO with rank 595
305029027	ID:36	RPL: Sending a multicast-DIO with rank 598
305697882	ID:33	RPL: Sending a multicast-DIO with rank 577
307521518	ID:35	RPL: Sending a multicast-DIO with rank 595
310029027	ID:36	RPL: Sending a multicast-DIO with rank 598
310697882	ID:33	RPL: Sending a multicast-DIO with rank 577
312521518	ID:35	RPL: Sending a multicast-DIO with rank 595
315029027	ID:36	RPL: Sending a multicast-DIO with rank 598
315697882	ID:33	RPL: Sending a multicast-DIO with rank 577
317521518	ID:35	RPL: Sending a multicast-DIO with rank 595
320029027	ID:36	RPL: Sending a multicast-DIO with rank 598
320697882	ID:33	RPL: Sending a multicast-DIO with rank 577
322521518	ID:35	RPL: Sending a multicast-DIO with rank 595
323703117	ID:34	RPL: Sending a DIS to fe80::c30c:0:0:6
325029027	ID:36	RPL: Sending a multicast-DIO with rank 598
325697882	ID:33	RPL: Sending a multicast-DIO with rank 577
327521518	ID:35	RPL: Sending a multicast-DIO with rank 595
330029027	ID:36	RPL: Sending a multicast-DIO with rank 598
330697882	ID:33	RPL: Sending a multicast-DIO with rank 577
332521518	ID:35	RPL: Sending a multicast-DIO with rank 595
335029027	ID:36	RPL: Sending a multicast-DIO with rank 598
335697882	ID:33	RPL: Sending a multicast-DIO with rank 577
337521518	ID:35	RPL: Sending a multicast-DIO with rank 595
340029027	ID:36	RPL: Sending a multicast-DIO with rank 598
340697882	ID:33	RPL: Sending a multicast-DIO with rank 577
342521518	ID:35	RPL: Sending a multicast-DIO with rank 595
345029027	ID:36	RPL: Sending a multicast-DIO with rank 598
345697882	ID:33	RPL: Sending a multicast-DIO with rank 577
347521518	ID:35	RPL: Sending a multicast-DIO with rank 595
350029027	ID:36	RPL: Sending a multicast-DIO with rank 598
350697882	ID:33	RPL: Sending a multicast-DIO with rank 577
352521518	ID:35	RPL: Sending a multicast-DIO with rank 595
355029027	ID:36	RPL: Sending a multicast-DIO with rank 598
355697882	ID:33	RPL: Sending a multicast-DIO with rank 577
357521518	ID:35	RPL: Sending a multicast-DIO with rank 595
360029027	ID:36	RPL: Sending a multicast-DIO with rank 598
360697882	ID:33	RPL: Sending a multicast-DIO with rank 577
361947506	ID:32	RPL: Sending a DIS to fe80::c30c:0:0:3
362521518	ID:35	RPL: Sending a multicast-DIO with rank 595
365029027	ID:36	RPL: Sending a multicast-DIO with rank 598
365697882	ID:33	RPL: Sending a multicast-DIO with rank 577
367521518	ID:35	RPL: Sending a multicast-DIO with rank 595
370029027	ID:36	RPL: Sending a multicast-DIO with rank 598
370697889	ID:33	RPL: Sending a multicast-DIO with rank 577
372521518	ID:35	RPL: Sending a multicast-DIO with rank 595
375029027	ID:36	RPL: Sending a multicast-DIO with rank 598
375697882	ID:33	RPL: Sending a multicast-DIO with rank 577
377521518	ID:35	RPL: Sending a multicast-DIO with rank 595
380029027	ID:36	RPL: Sending a multicast-DIO with rank 598
380697882	ID:33	RPL: Sending a multicast-DIO with rank 577
382521518	ID:35	RPL: Sending a multicast-DIO with rank 595
383703117	ID:34	RPL: Sending a DIS to fe80::c30c:0:0:6
385029027	ID:36	RPL: Sending a multicast-DIO with rank 598
385697882	ID:33	RPL: Sending a multicast-DIO with rank 577
387521518	ID:35	RPL: Sending a multicast-DIO with rank 595
390029027	ID:36	RPL: Sending a multicast-DIO with rank 598
390697882	ID:33	RPL: Sending a multicast-DIO with rank 577
392521518	ID:35	RPL: Sending a multicast-DIO with rank 595
395029027	ID:36	RPL: Sending a multicast-DIO with rank 598
395697882	ID:33	RPL: Sending a multicast-DIO with rank 577
397521518	ID:35	RPL: Sending a multicast-DIO with rank 595
400029027	ID:36	RPL: Sending a multicast-DIO with rank 598
400697882	ID:33	RPL: Sending a multicast-DIO with rank 577
402521518	ID:35	RPL: Sending a multicast-DIO with rank 595
405029027	ID:36	RPL: Sending a multicast-DIO with rank 598
405697882	ID:33	RPL: Sending a multicast-DIO with rank 577
407521518	ID:35	RPL: Sending a multicast-DIO with rank 595
410029027	ID:36	RPL: Sending a multicast-DIO with rank 598
410697882	ID:33	RPL: Sending a multicast-DIO with rank 577
412521518	ID:35	RPL: Sending a multicast-DIO with rank 595
415029027	ID:36	RPL: Sending a multicast-DIO with rank 598
415697882	ID:33	RPL: Sending a multicast-DIO with rank 577
417521518	ID:35	RPL: Sending a multicast-DIO with rank 595
420029034	ID:36	RPL: Sending a multicast-DIO with rank 598
420697882	ID:33	RPL: Sending a multicast-DIO with rank 577
421947506	ID:32	RPL: Sending a DIS to fe80::c30c:0:0:3
422521525	ID:35	RPL: Sending a multicast-DIO with rank 595
425029027	ID:36	RPL: Sending a multicast-DIO with rank 598
425697882	ID:33	RPL: Sending a multicast-DIO with rank 577
427521518	ID:35	RPL: Sending a multicast-DIO with rank 595
430029027	ID:36	RPL: Sending a multicast-DIO with rank 598
430697882	ID:33	RPL: Sending a multicast-DIO with rank 577
432521518	ID:35	RPL: Sending a multicast-DIO with rank 595
435029027	ID:36	RPL: Sending a multicast-DIO with rank 598
435697882	ID:33	RPL: Sending a multicast-DIO with rank 577
437521518	ID:35	RPL: Sending a multicast-DIO with rank 595
440029027	ID:36	RPL: Sending a multicast-DIO with rank 598
440697882	ID:33	RPL: Sending a multicast-DIO with rank 577
442521518	ID:35	RPL: Sending a multicast-DIO with rank 595
443703117	ID:34	RPL: Sending a DIS to fe80::c30c:0:0:6
445029027	ID:36	RPL: Sending a multicast-DIO with rank 598
445697882	ID:33	RPL: Sending a multicast-DIO with rank 577
447521518	ID:35	RPL: Sending a multicast-DIO with rank 595
450029027	ID:36	RPL: Sending a multicast-DIO with rank 598
450697882	ID:33	RPL: Sending a multicast-DIO with rank 577
452521518	ID:35	RPL: Sending a multicast-DIO with rank 595
455029027	ID:36	RPL: Sending a multicast-DIO with rank 598
455697882	ID:33	RPL: Sending a multicast-DIO with rank 577
457521518	ID:35	RPL: Sending a multicast-DIO with rank 595
460029027	ID:36	RPL: Sending a multicast-DIO with rank 598
460697882	ID:33	RPL: Sending a multicast-DIO with rank 577
462521518	ID:35	RPL: Sending a multicast-DIO with rank 595
465029027	ID:36	RPL: Sending a multicast-DIO with rank 598
465697882	ID:33	RPL: Sending a multicast-DIO with rank 577
467521518	ID:35	RPL: Sending a multicast-DIO with rank 595
470029027	ID:36	RPL: Sending a multicast-DIO with rank 598
470697882	ID:33	RPL: Sending a multicast-DIO with rank 577
472521518	ID:35	RPL: Sending a multicast-DIO with rank 595
475029027	ID:36	RPL: Sending a multicast-DIO with rank 598
475697882	ID:33	RPL: Sending a multicast-DIO with rank 577
477521518	ID:35	RPL: Sending a multicast-DIO with rank 595
480029027	ID:36	RPL: Sending a multicast-DIO with rank 598
480697882	ID:33	RPL: Sending a multicast-DIO with rank 577
481947506	ID:32	RPL: Sending a DIS to fe80::c30c:0:0:3
482521518	ID:35	RPL: Sending a multicast-DIO with rank 595
485029027	ID:36	RPL: Sending a multicast-DIO with rank 598
485697882	ID:33	RPL: Sending a multicast-DIO with rank 577
487521518	ID:35	RPL: Sending a multicast-DIO with rank 595
490029027	ID:36	RPL: Sending a multicast-DIO with rank 598
490697882	ID:33	RPL: Sending a multicast-DIO with rank 577
492521518	ID:35	RPL: Sending a multicast-DIO with rank 595
495029027	ID:36	RPL: Sending a multicast-DIO with rank 598
495697882	ID:33	RPL: Sending a multicast-DIO with rank 577
497521518	ID:35	RPL: Sending a multicast-DIO with rank 595
500029027	ID:36	RPL: Sending a multicast-DIO with rank 598
500697882	ID:33	RPL: Sending a multicast-DIO with rank 577
502521518	ID:35	RPL: Sending a multicast-DIO with rank 595
503703117	ID:34	RPL: Sending a DIS to fe80::c30c:0:0:6
505029027	ID:36	RPL: Sending a multicast-DIO with rank 598
505697882	ID:33	RPL: Sending a multicast-DIO with rank 577
507521518	ID:35	RPL: Sending a multicast-DIO with rank 595
510029027	ID:36	RPL: Sending a multicast-DIO with rank 598
510697882	ID:33	RPL: Sending a multicast-DIO with rank 577
512521518	ID:35	RPL: Sending a multicast-DIO with rank 595
515029027	ID:36	RPL: Sending a multicast-DIO with rank 598
515697882	ID:33	RPL: Sending a multicast-DIO with rank 577
517521518	ID:35	RPL: Sending a multicast-DIO with rank 595
520029027	ID:36	RPL: Sending a multicast-DIO with rank 598
520697882	ID:33	RPL: Sending a multicast-DIO with rank 577
522521518	ID:35	RPL: Sending a multicast-DIO with rank 595
525029027	ID:36	RPL: Sending a multicast-DIO with rank 598
525697882	ID:33	RPL: Sending a multicast-DIO with rank 577
527521518	ID:35	RPL: Sending a multicast-DIO with rank 595
530029027	ID:36	RPL: Sending a multicast-DIO with rank 598
530697882	ID:33	RPL: Sending a multicast-DIO with rank 577
532521518	ID:35	RPL: Sending a multicast-DIO with rank 595
535029027	ID:36	RPL: Sending a multicast-DIO with rank 598
535697882	ID:33	RPL: Sending a multicast-DIO with rank 577
537521518	ID:35	RPL: Sending a multicast-DIO with rank 595
540029027	ID:36	RPL: Sending a multicast-DIO with rank 598
540697882	ID:33	RPL: Sending a multicast-DIO with rank 577
541947506	ID:32	RPL: Sending a DIS to fe80::c30c:0:0:3
542521518	ID:35	RPL: Sending a multicast-DIO with rank 595
545029027	ID:36	RPL: Sending a multicast-DIO with rank 598
545697882	ID:33	RPL: Sending a multicast-DIO with rank 577
547521518	ID:35	RPL: Sending a multicast-DIO with rank 595
550029027	ID:36	RPL: Sending a multicast-DIO with rank 598
550697882	ID:33	RPL: Sending a multicast-DIO with rank 577
552521518	ID:35	RPL: Sending a multicast-DIO with rank 595
555029027	ID:36	RPL: Sending a multicast-DIO with rank 598
555697882	ID:33	RPL: Sending a multicast-DIO with rank 577
557521518	ID:35	RPL: Sending a multicast-DIO with rank 595
560029027	ID:36	RPL: Sending a multicast-DIO with rank 598
560697882	ID:33	RPL: Sending a multicast-DIO with rank 577
562521518	ID:35	RPL: Sending a multicast-DIO with rank 595
563703117	ID:34	RPL: Sending a DIS to fe80::c30c:0:0:6
565029027	ID:36	RPL: Sending a multicast-DIO with rank 598
565697882	ID:33	RPL: Sending a multicast-DIO with rank 577
567521518	ID:35	RPL: Sending a multicast-DIO with rank 595
570029027	ID:36	RPL: Sending a multicast-DIO with rank 598
570697882	ID:33	RPL: Sending a multicast-DIO with rank 577
572521518	ID:35	RPL: Sending a multicast-DIO with rank 595
575029027	ID:36	RPL: Sending a multicast-DIO with rank 598
575697882	ID:33	RPL: Sending a multicast-DIO with rank 577
577521518	ID:35	RPL: Sending a multicast-DIO with rank 595
580029027	ID:36	RPL: Sending a multicast-DIO with rank 598
580697882	ID:33	RPL: Sending a multicast-DIO with rank 577
582521518	ID:35	RPL: Sending a multicast-DIO with rank 595
585029027	ID:36	RPL: Sending a multicast-DIO with rank 598
585697882	ID:33	RPL: Sending a multicast-DIO with rank 577
587521518	ID:35	RPL: Sending a multicast-DIO with rank 595
590029027	ID:36	RPL: Sending a multicast-DIO with rank 598
590697882	ID:33	RPL: Sending a multicast-DIO with rank 577
592521518	ID:35	RPL: Sending a multicast-DIO with rank 595
595029027	ID:36	RPL: Sending a multicast-DIO with rank 598
595697882	ID:33	RPL: Sending a multicast-DIO with rank 577
597521518	ID:35	RPL: Sending a multicast-DIO with rank 595
600029027	ID:36	RPL: Sending a multicast-DIO with rank 598
600697882	ID:33	RPL: Sending a multicast-DIO with rank 577
601947506	ID:32	RPL: Sending a DIS to fe80::c30c:0:0:3
602521518	ID:35	RPL: Sending a multicast-DIO with rank 595
605029027	ID:36	RPL: Sending a multicast-DIO with rank 598
605697882	ID:33	RPL: Sending a multicast-DIO with rank 577
607521518	ID:35	RPL: Sending a multicast-DIO with rank 595
610029027	ID:36	RPL: Sending a multicast-DIO with rank 598
610697882	ID:33	RPL: Sending a multicast-DIO with rank 577
612521518	ID:35	RPL: Sending a multicast-DIO with rank 595
615029027	ID:36	RPL: Sending a multicast-DIO with rank 598
615697882	ID:33	RPL: Sending a multicast-DIO with rank 577
617521518	ID:35	RPL: Sending a multicast-DIO with rank 595
620029027	ID:36	RPL: Sending a multicast-DIO with rank 598
620697882	ID:33	RPL: Sending a multicast-DIO with rank 577
622521518	ID:35	RPL: Sending a multicast-DIO with rank 595
623703117	ID:34	RPL: Sending a DIS to fe80::c30c:0:0:6
625029027	ID:36	RPL: Sending a multicast-DIO with rank 598
625697882	ID:33	RPL: Sending a multicast-DIO with rank 577
627521518	ID:35	RPL: Sending a multicast-DIO with rank 595
630029027	ID:36	RPL: Sending a multicast-DIO with rank 598
630697882	ID:33	RPL: Sending a multicast-DIO with rank 577
632521518	ID:35	RPL: Sending a multicast-DIO with rank 595
635029027	ID:36	RPL: Sending a multicast-DIO with rank 598
635697882	ID:33	RPL: Sending a multicast-DIO with rank 577
637521518	ID:35	RPL: Sending a multicast-DIO with rank 595
640029027	ID:36	RPL: Sending a multicast-DIO with rank 598
640697882	ID:33	RPL: Sending a multicast-DIO with rank 577
642521518	ID:35	RPL: Sending a multicast-DIO with rank 595
645029027	ID:36	RPL: Sending a multicast-DIO with rank 598
645697882	ID:33	RPL: Sending a multicast-DIO with rank 577
647521518	ID:35	RPL: Sending a multicast-DIO with rank 595
650029027	ID:36	RPL: Sending a multicast-DIO with rank 598
650697882	ID:33	RPL: Sending a multicast-DIO with rank 577
652521518	ID:35	RPL: Sending a multicast-DIO with rank 595
655029027	ID:36	RPL: Sending a multicast-DIO with rank 598
655697882	ID:33	RPL: Sending a multicast-DIO with rank 577
657521518	ID:35	RPL: Sending a multicast-DIO with rank 595
660029027	ID:36	RPL: Sending a multicast-DIO with rank 598
660697882	ID:33	RPL: Sending a multicast-DIO with rank 577
661947506	ID:32	RPL: Sending a DIS to fe80::c30c:0:0:3
662521518	ID:35	RPL: Sending a multicast-DIO with rank 595
665029027	ID:36	RPL: Sending a multicast-DIO with rank 598
665697882	ID:33	RPL: Sending a multicast-DIO with rank 577
667521518	ID:35	RPL: Sending a multicast-DIO with rank 595
670029027	ID:36	RPL: Sending a multicast-DIO with rank 598
670697882	ID:33	RPL: Sending a multicast-DIO with rank 577
672521518	ID:35	RPL: Sending a multicast-DIO with rank 595
675029027	ID:36	RPL: Sending a multicast-DIO with rank 598
675697882	ID:33	RPL: Sending a multicast-DIO with rank 577
677521518	ID:35	RPL: Sending a multicast-DIO with rank 595
680029027	ID:36	RPL: Sending a multicast-DIO with rank 598
680697882	ID:33	RPL: Sending a multicast-DIO with rank 577
682521518	ID:35	RPL: Sending a multicast-DIO with rank 595
683703117	ID:34	RPL: Sending a DIS to fe80::c30c:0:0:6
685029027	ID:36	RPL: Sending a multicast-DIO with rank 598
685697882	ID:33	RPL: Sending a multicast-DIO with rank 577
687521518	ID:35	RPL: Sending a multicast-DIO with rank 595
690029028	ID:36	RPL: Sending a multicast-DIO with rank 598
690697882	ID:33	RPL: Sending a multicast-DIO with rank 577
692521518	ID:35	RPL: Sending a multicast-DIO with rank 595
695029028	ID:36	RPL: Sending a multicast-DIO with rank 598
695697882	ID:33	RPL: Sending a multicast-DIO with rank 577
697521518	ID:35	RPL: Sending a multicast-DIO with rank 595
700029028	ID:36	RPL: Sending a multicast-DIO with rank 598
700697882	ID:33	RPL: Sending a multicast-DIO with rank 577
702521518	ID:35	RPL: Sending a multicast-DIO with rank 595
705029028	ID:36	RPL: Sending a multicast-DIO with rank 598
705697889	ID:33	RPL: Sending a multicast-DIO with rank 577
707521518	ID:35	RPL: Sending a multicast-DIO with rank 595
710029028	ID:36	RPL: Sending a multicast-DIO with rank 598
710697882	ID:33	RPL: Sending a multicast-DIO with rank 577
712521518	ID:35	RPL: Sending a multicast-DIO with rank 595
715029028	ID:36	RPL: Sending a multicast-DIO with rank 598
715697882	ID:33	RPL: Sending a multicast-DIO with rank 577
717521518	ID:35	RPL: Sending a multicast-DIO with rank 595
720029028	ID:36	RPL: Sending a multicast-DIO with rank 598
720697882	ID:33	RPL: Sending a multicast-DIO with rank 577
721947506	ID:32	RPL: Sending a DIS to fe80::c30c:0:0:3
722521518	ID:35	RPL: Sending a multicast-DIO with rank 595
725029028	ID:36	RPL: Sending a multicast-DIO with rank 598
725697882	ID:33	RPL: Sending a multicast-DIO with rank 577
727521518	ID:35	RPL: Sending a multicast-DIO with rank 595
730029028	ID:36	RPL: Sending a multicast-DIO with rank 598
730697882	ID:33	RPL: Sending a multicast-DIO with rank 577
732521518	ID:35	RPL: Sending a multicast-DIO with rank 595
735029028	ID:36	RPL: Sending a multicast-DIO with rank 598
735697882	ID:33	RPL: Sending a multicast-DIO with rank 577
737521518	ID:35	RPL: Sending a multicast-DIO with rank 595
740029028	ID:36	RPL: Sending a multicast-DIO with rank 598
740697882	ID:33	RPL: Sending a multicast-DIO with rank 577
742521518	ID:35	RPL: Sending a multicast-DIO with rank 595
743703117	ID:34	RPL: Sending a DIS to fe80::c30c:0:0:6
745029028	ID:36	RPL: Sending a multicast-DIO with rank 598
745697882	ID:33	RPL: Sending a multicast-DIO with rank 577
747521518	ID:35	RPL: Sending a multicast-DIO with rank 595
750029028	ID:36	RPL: Sending a multicast-DIO with rank 598
750697882	ID:33	RPL: Sending a multicast-DIO with rank 577
752521518	ID:35	RPL: Sending a multicast-DIO with rank 595
755029028	ID:36	RPL: Sending a multicast-DIO with rank 598
755697882	ID:33	RPL: Sending a multicast-DIO with rank 577
757521518	ID:35	RPL: Sending a multicast-DIO with rank 595
760029028	ID:36	RPL: Sending a multicast-DIO with rank 598
760697882	ID:33	RPL: Sending a multicast-DIO with rank 577
762521518	ID:35	RPL: Sending a multicast-DIO with rank 595
765029028	ID:36	RPL: Sending a multicast-DIO with rank 598
765697882	ID:33	RPL: Sending a multicast-DIO with rank 577
767521518	ID:35	RPL: Sending a multicast-DIO with rank 595
770029027	ID:36	RPL: Sending a multicast-DIO with rank 598
770697882	ID:33	RPL: Sending a multicast-DIO with rank 577
772521518	ID:35	RPL: Sending a multicast-DIO with rank 595
775029028	ID:36	RPL: Sending a multicast-DIO with rank 598
775697882	ID:33	RPL: Sending a multicast-DIO with rank 577
777521525	ID:35	RPL: Sending a multicast-DIO with rank 595
780029028	ID:36	RPL: Sending a multicast-DIO with rank 598
780697882	ID:33	RPL: Sending a multicast-DIO with rank 577
781947506	ID:32	RPL: Sending a DIS to fe80::c30c:0:0:3
782521518	ID:35	RPL: Sending a multicast-DIO with rank 595
785029028	ID:36	RPL: Sending a multicast-DIO with rank 598
785697882	ID:33	RPL: Sending a multicast-DIO with rank 577
787521518	ID:35	RPL: Sending a multicast-DIO with rank 595
790029034	ID:36	RPL: Sending a multicast-DIO with rank 598
790697882	ID:33	RPL: Sending a multicast-DIO with rank 577
792521518	ID:35	RPL: Sending a multicast-DIO with rank 595
795029028	ID:36	RPL: Sending a multicast-DIO with rank 598
795697882	ID:33	RPL: Sending a multicast-DIO with rank 577
797521518	ID:35	RPL: Sending a multicast-DIO with rank 595
800029028	ID:36	RPL: Sending a multicast-DIO with rank 598
800697882	ID:33	RPL: Sending a multicast-DIO with rank 577
802521518	ID:35	RPL: Sending a multicast-DIO with rank 595
803703117	ID:34	RPL: Sending a DIS to fe80::c30c:0:0:6
805029028	ID:36	RPL: Sending a multicast-DIO with rank 598
805697882	ID:33	RPL: Sending a multicast-DIO with rank 577
807521518	ID:35	RPL: Sending a multicast-DIO with rank 595
810029028	ID:36	RPL: Sending a multicast-DIO with rank 598
810697882	ID:33	RPL: Sending a multicast-DIO with rank 577
812521518	ID:35	RPL: Sending a multicast-DIO with rank 595
815029028	ID:36	RPL: Sending a multicast-DIO with rank 598
815697882	ID:33	RPL: Sending a multicast-DIO with rank 577
817521518	ID:35	RPL: Sending a multicast-DIO with rank 595
820029028	ID:36	RPL: Sending a multicast-DIO with rank 598
820697882	ID:33	RPL: Sending a multicast-DIO with rank 577
822521518	ID:35	RPL: Sending a multicast-DIO with rank 595
825029028	ID:36	RPL: Sending a multicast-DIO with rank 598
825697882	ID:33	RPL: Sending a multicast-DIO with rank 577
827521518	ID:35	RPL: Sending a multicast-DIO with rank 595
830029028	ID:36	RPL: Sending a multicast-DIO with rank 598
830697882	ID:33	RPL: Sending a multicast-DIO with rank 577
832521518	ID:35	RPL: Sending a multicast-DIO with rank 595
835029028	ID:36	RPL: Sending a multicast-DIO with rank 598
835697882	ID:33	RPL: Sending a multicast-DIO with rank 577
837521518	ID:35	RPL: Sending a multicast-DIO with rank 595
840029028	ID:36	RPL: Sending a multicast-DIO with rank 598
840697882	ID:33	RPL: Sending a multicast-DIO with rank 577
841947506	ID:32	RPL: Sending a DIS to fe80::c30c:0:0:3
842521518	ID:35	RPL: Sending a multicast-DIO with rank 595
845029028	ID:36	RPL: Sending a multicast-DIO with rank 598
845697882	ID:33	RPL: Sending a multicast-DIO with rank 577
847521518	ID:35	RPL: Sending a multicast-DIO with rank 595
850029028	ID:36	RPL: Sending a multicast-DIO with rank 598
850697882	ID:33	RPL: Sending a multicast-DIO with rank 577
852521518	ID:35	RPL: Sending a multicast-DIO with rank 595
855029028	ID:36	RPL: Sending a multicast-DIO with rank 598
855697882	ID:33	RPL: Sending a multicast-DIO with rank 577
857521518	ID:35	RPL: Sending a multicast-DIO with rank 595
860029028	ID:36	RPL: Sending a multicast-DIO with rank 598
860697882	ID:33	RPL: Sending a multicast-DIO with rank 577
862521518	ID:35	RPL: Sending a multicast-DIO with rank 595
863703117	ID:34	RPL: Sending a DIS to fe80::c30c:0:0:6
865029028	ID:36	RPL: Sending a multicast-DIO with rank 598
865697882	ID:33	RPL: Sending a multicast-DIO with rank 577
867521518	ID:35	RPL: Sending a multicast-DIO with rank 595
870029028	ID:36	RPL: Sending a multicast-DIO with rank 598
870697882	ID:33	RPL: Sending a multicast-DIO with rank 577
872521518	ID:35	RPL: Sending a multicast-DIO with rank 595
875029028	ID:36	RPL: Sending a multicast-DIO with rank 598
875697882	ID:33	RPL: Sending a multicast-DIO with rank 577
877521518	ID:35	RPL: Sending a multicast-DIO with rank 595
880029028	ID:36	RPL: Sending a multicast-DIO with rank 598
880697882	ID:33	RPL: Sending a multicast-DIO with rank 577
882521518	ID:35	RPL: Sending a multicast-DIO with rank 595
885029028	ID:36	RPL: Sending a multicast-DIO with rank 598
885697882	ID:33	RPL: Sending a multicast-DIO with rank 577
887521518	ID:35	RPL: Sending a multicast-DIO with rank 595
890029028	ID:36	RPL: Sending a multicast-DIO with rank 598
890697882	ID:33	RPL: Sending a multicast-DIO with rank 577
892521518	ID:35	RPL: Sending a multicast-DIO with rank 595
895029028	ID:36	RPL: Sending a multicast-DIO with rank 598
895697882	ID:33	RPL: Sending a multicast-DIO with rank 577
897521518	ID:35	RPL: Sending a multicast-DIO with rank 595
900029028	ID:36	RPL: Sending a multicast-DIO with rank 598
900697882	ID:33	RPL: Sending a multicast-DIO with rank 577
901947506	ID:32	RPL: Sending a DIS to fe80::c30c:0:0:3
902521518	ID:35	RPL: Sending a multicast-DIO with rank 595
905029027	ID:36	RPL: Sending a multicast-DIO with rank 598
905697882	ID:33	RPL: Sending a multicast-DIO with rank 577
907521518	ID:35	RPL: Sending a multicast-DIO with rank 595
910029028	ID:36	RPL: Sending a multicast-DIO with rank 598
910697882	ID:33	RPL: Sending a multicast-DIO with rank 577
912521518	ID:35	RPL: Sending a multicast-DIO with rank 595
915029028	ID:36	RPL: Sending a multicast-DIO with rank 598
915697882	ID:33	RPL: Sending a multicast-DIO with rank 577
917521518	ID:35	RPL: Sending a multicast-DIO with rank 595
920029028	ID:36	RPL: Sending a multicast-DIO with rank 598
920697882	ID:33	RPL: Sending a multicast-DIO with rank 577
922521518	ID:35	RPL: Sending a multicast-DIO with rank 595
923703117	ID:34	RPL: Sending a DIS to fe80::c30c:0:0:6
925029028	ID:36	RPL: Sending a multicast-DIO with rank 598
925697882	ID:33	RPL: Sending a multicast-DIO with rank 577
927521518	ID:35	RPL: Sending a multicast-DIO with rank 595
930029028	ID:36	RPL: Sending a multicast-DIO with rank 598
930697882	ID:33	RPL: Sending a multicast-DIO with rank 577
932521518	ID:35	RPL: Sending a multicast-DIO with rank 595
935029028	ID:36	RPL: Sending a multicast-DIO with rank 598
935697882	ID:33	RPL: Sending a multicast-DIO with rank 577
937521518	ID:35	RPL: Sending a multicast-DIO with rank 595
940029028	ID:36	RPL: Sending a multicast-DIO with rank 598
940697882	ID:33	RPL: Sending a multicast-DIO with rank 577
942521518	ID:35	RPL: Sending a multicast-DIO with rank 595
945029028	ID:36	RPL: Sending a multicast-DIO with rank 598
945697882	ID:33	RPL: Sending a multicast-DIO with rank 577
947521518	ID:35	RPL: Sending a multicast-DIO with rank 595
950029028	ID:36	RPL: Sending a multicast-DIO with rank 598
950697882	ID:33	RPL: Sending a multicast-DIO with rank 577
952521518	ID:35	RPL: Sending a multicast-DIO with rank 595
955029028	ID:36	RPL: Sending a multicast-DIO with rank 598
955697882	ID:33	RPL: Sending a multicast-DIO with rank 577
957521518	ID:35	RPL: Sending a multicast-DIO with rank 595
960029028	ID:36	RPL: Sending a multicast-DIO with rank 598
960697882	ID:33	RPL: Sending a multicast-DIO with rank 577
961947506	ID:32	RPL: Sending a DIS to fe80::c30c:0:0:3
962521518	ID:35	RPL: Sending a multicast-DIO with rank 595
965029028	ID:36	RPL: Sending a multicast-DIO with rank 598
965697882	ID:33	RPL: Sending a multicast-DIO with rank 577
967521518	ID:35	RPL: Sending a multicast-DIO with rank 595
970029028	ID:36	RPL: Sending a multicast-DIO with rank 598
970697882	ID:33	RPL: Sending a multicast-DIO with rank 577
972521518	ID:35	RPL: Sending a multicast-DIO with rank 595
975029028	ID:36	RPL: Sending a multicast-DIO with rank 598
975697882	ID:33	RPL: Sending a multicast-DIO with rank 577
977521518	ID:35	RPL: Sending a multicast-DIO with rank 595
980029028	ID:36	RPL: Sending a multicast-DIO with rank 598
980697882	ID:33	RPL: Sending a multicast-DIO with rank 577
982521518	ID:35	RPL: Sending a multicast-DIO with rank 595
983703117	ID:34	RPL: Sending a DIS to fe80::c30c:0:0:6
985029028	ID:36	RPL: Sending a multicast-DIO with rank 598
985697882	ID:33	RPL: Sending a multicast-DIO with rank 577
987521518	ID:35	RPL: Sending a multicast-DIO with rank 595
990029028	ID:36	RPL: Sending a multicast-DIO with rank 598
990697882	ID:33	RPL: Sending a multicast-DIO with rank 577
992521518	ID:35	RPL: Sending a multicast-DIO with rank 595
995029028	ID:36	RPL: Sending a multicast-DIO with rank 598
995697882	ID:33	RPL: Sending a multicast-DIO with rank 577
997521518	ID:35	RPL: Sending a multicast-DIO with rank 595
1000029028	ID:36	RPL: Sending a multicast-DIO with rank 598
1000697882	ID:33	RPL: Sending a multicast-DIO with rank 577
1002521518	ID:35	RPL: Sending a multicast-DIO with rank 595
1005029028	ID:36	RPL: Sending a multicast-DIO with rank 598
1005697882	ID:33	RPL: Sending a multicast-DIO with rank 577
1007521518	ID:35	RPL: Sending a multicast-DIO with rank 595
1010029028	ID:36	RPL: Sending a multicast-DIO with rank 598
1010697882	ID:33	RPL: Sending a multicast-DIO with rank 577
1012521518	ID:35	RPL: Sending a multicast-DIO with rank 595
1015029028	ID:36	RPL: Sending a multicast-DIO with rank 598
1015697882	ID:33	RPL: Sending a multicast-DIO with rank 577
1017521518	ID:35	RPL: Sending a multicast-DIO with rank 595
1020029028	ID:36	RPL: Sending a multicast-DIO with rank 598
1020697889	ID:33	RPL: Sending a multicast-DIO with rank 577
1021947506	ID:32	RPL: Sending a DIS to fe80::c30c:0:0:3
1022521518	ID:35	RPL: Sending a multicast-DIO with rank 595
1025029028	ID:36	RPL: Sending a multicast-DIO with rank 598
1025697883	ID:33	RPL: Sending a multicast-DIO with rank 577
1027521519	ID:35	RPL: Sending a multicast-DIO with rank 595
1030029028	ID:36	RPL: Sending a multicast-DIO with rank 598
1030697883	ID:33	RPL: Sending a multicast-DIO with rank 577
1032521519	ID:35	RPL: Sending a multicast-DIO with rank 595
1035029028	ID:36	RPL: Sending a multicast-DIO with rank 598
1035697883	ID:33	RPL: Sending a multicast-DIO with rank 577
1037521519	ID:35	RPL: Sending a multicast-DIO with rank 595
1040029028	ID:36	RPL: Sending a multicast-DIO with rank 598
1040697883	ID:33	RPL: Sending a multicast-DIO with rank 577
1042521519	ID:35	RPL: Sending a multicast-DIO with rank 595
1043703118	ID:34	RPL: Sending a DIS to fe80::c30c:0:0:6
1045029028	ID:36	RPL: Sending a multicast-DIO with rank 598
1045697883	ID:33	RPL: Sending a multicast-DIO with rank 577
1047521519	ID:35	RPL: Sending a multicast-DIO with rank 595
1050029028	ID:36	RPL: Sending a multicast-DIO with rank 598
1050697883	ID:33	RPL: Sending a multicast-DIO with rank 577
1052521519	ID:35	RPL: Sending a multicast-DIO with rank 595
1055029028	ID:36	RPL: Sending a multicast-DIO with rank 598
1055697883	ID:33	RPL: Sending a multicast-DIO with rank 577
1057521519	ID:35	RPL: Sending a multicast-DIO with rank 595
1060029028	ID:36	RPL: Sending a multicast-DIO with rank 598
1060697883	ID:33	RPL: Sending a multicast-DIO with rank 577
1062521519	ID:35	RPL: Sending a multicast-DIO with rank 595
1065029028	ID:36	RPL: Sending a multicast-DIO with rank 598
1065697883	ID:33	RPL: Sending a multicast-DIO with rank 577
1067521519	ID:35	RPL: Sending a multicast-DIO with rank 595
1070029028	ID:36	RPL: Sending a multicast-DIO with rank 598
1070697883	ID:33	RPL: Sending a multicast-DIO with rank 577
1072521519	ID:35	RPL: Sending a multicast-DIO with rank 595
1075029028	ID:36	RPL: Sending a multicast-DIO with rank 598
1075697883	ID:33	RPL: Sending a multicast-DIO with rank 577
1077521519	ID:35	RPL: Sending a multicast-DIO with rank 595
1080029028	ID:36	RPL: Sending a multicast-DIO with rank 598
1080697883	ID:33	RPL: Sending a multicast-DIO with rank 577
1081947507	ID:32	RPL: Sending a DIS to fe80::c30c:0:0:3
1082521519	ID:35	RPL: Sending a multicast-DIO with rank 595
1085029028	ID:36	RPL: Sending a multicast-DIO with rank 598
1085697883	ID:33	RPL: Sending a multicast-DIO with rank 577
1087521519	ID:35	RPL: Sending a multicast-DIO with rank 595
1090029028	ID:36	RPL: Sending a multicast-DIO with rank 598
1090697883	ID:33	RPL: Sending a multicast-DIO with rank 577
1092521519	ID:35	RPL: Sending a multicast-DIO with rank 595
1095029028	ID:36	RPL: Sending a multicast-DIO with rank 598
1095697883	ID:33	RPL: Sending a multicast-DIO with rank 577
1097521519	ID:35	RPL: Sending a multicast-DIO with rank 595
1100029035	ID:36	RPL: Sending a multicast-DIO with rank 598
1100697883	ID:33	RPL: Sending a multicast-DIO with rank 577
1102521519	ID:35	RPL: Sending a multicast-DIO with rank 595
1103703118	ID:34	RPL: Sending a DIS to fe80::c30c:0:0:6
1105029028	ID:36	RPL: Sending a multicast-DIO with rank 598
1105697883	ID:33	RPL: Sending a multicast-DIO with rank 577
1107521519	ID:35	RPL: Sending a multicast-DIO with rank 595
1110029028	ID:36	RPL: Sending a multicast-DIO with rank 598
1110697883	ID:33	RPL: Sending a multicast-DIO with rank 577
1112521519	ID:35	RPL: Sending a multicast-DIO with rank 595
1115029028	ID:36	RPL: Sending a multicast-DIO with rank 598
1115697883	ID:33	RPL: Sending a multicast-DIO with rank 577
1117521519	ID:35	RPL: Sending a multicast-DIO with rank 595
1120029028	ID:36	RPL: Sending a multicast-DIO with rank 598
1120697883	ID:33	RPL: Sending a multicast-DIO with rank 577
1122521519	ID:35	RPL: Sending a multicast-DIO with rank 595
1125029028	ID:36	RPL: Sending a multicast-DIO with rank 598
1125697883	ID:33	RPL: Sending a multicast-DIO with rank 577
1127521519	ID:35	RPL: Sending a multicast-DIO with rank 595
1130029028	ID:36	RPL: Sending a multicast-DIO with rank 598
1130697883	ID:33	RPL: Sending a multicast-DIO with rank 577
1132521519	ID:35	RPL: Sending a multicast-DIO with rank 595
1135029028	ID:36	RPL: Sending a multicast-DIO with rank 598
1135697883	ID:33	RPL: Sending a multicast-DIO with rank 577
1137521519	ID:35	RPL: Sending a multicast-DIO with rank 595
1140029028	ID:36	RPL: Sending a multicast-DIO with rank 598
1140697883	ID:33	RPL: Sending a multicast-DIO with rank 577
1141947507	ID:32	RPL: Sending a DIS to fe80::c30c:0:0:3
1142521519	ID:35	RPL: Sending a multicast-DIO with rank 595
1145029028	ID:36	RPL: Sending a multicast-DIO with rank 598
1145697883	ID:33	RPL: Sending a multicast-DIO with rank 577
1147521519	ID:35	RPL: Sending a multicast-DIO with rank 595
1150029028	ID:36	RPL: Sending a multicast-DIO with rank 598
1150697883	ID:33	RPL: Sending a multicast-DIO with rank 577
1152521519	ID:35	RPL: Sending a multicast-DIO with rank 595
1155029028	ID:36	RPL: Sending a multicast-DIO with rank 598
1155697883	ID:33	RPL: Sending a multicast-DIO with rank 577
1157521519	ID:35	RPL: Sending a multicast-DIO with rank 595
1160029028	ID:36	RPL: Sending a multicast-DIO with rank 598
1160697883	ID:33	RPL: Sending a multicast-DIO with rank 577
1162521519	ID:35	RPL: Sending a multicast-DIO with rank 595
1163703118	ID:34	RPL: Sending a DIS to fe80::c30c:0:0:6
1165029028	ID:36	RPL: Sending a multicast-DIO with rank 598
1165697883	ID:33	RPL: Sending a multicast-DIO with rank 577
1167521519	ID:35	RPL: Sending a multicast-DIO with rank 595
1170029028	ID:36	RPL: Sending a multicast-DIO with rank 598
1170697883	ID:33	RPL: Sending a multicast-DIO with rank 577
1172521519	ID:35	RPL: Sending a multicast-DIO with rank 595
1175029028	ID:36	RPL: Sending a multicast-DIO with rank 598
1175697883	ID:33	RPL: Sending a multicast-DIO with rank 577
1177521519	ID:35	RPL: Sending a multicast-DIO with rank 595
1180029028	ID:36	RPL: Sending a multicast-DIO with rank 598
1180697883	ID:33	RPL: Sending a multicast-DIO with rank 577
1182521519	ID:35	RPL: Sending a multicast-DIO with rank 595
1185029028	ID:36	RPL: Sending a multicast-DIO with rank 598
1185697883	ID:33	RPL: Sending a multicast-DIO with rank 577
1187521519	ID:35	RPL: Sending a multicast-DIO with rank 595
1190029028	ID:36	RPL: Sending a multicast-DIO with rank 598
1190697883	ID:33	RPL: Sending a multicast-DIO with rank 577
1192521519	ID:35	RPL: Sending a multicast-DIO with rank 595
1195029028	ID:36	RPL: Sending a multicast-DIO with rank 598
1195697883	ID:33	RPL: Sending a multicast-DIO with rank 577
1197521519	ID:35	RPL: Sending a multicast-DIO with rank 595
1200029028	ID:36	RPL: Sending a multicast-DIO with rank 598
1200697883	ID:33	RPL: Sending a multicast-DIO with rank 577
1201947512	ID:32	RPL: Sending a DIS to fe80::c30c:0:0:3
1202521524	ID:35	RPL: Sending a multicast-DIO with rank 595
1205029033	ID:36	RPL: Sending a multicast-DIO with rank 598
1205697888	ID:33	RPL: Sending a multicast-DIO with rank 577
1207521525	ID:35	RPL: Sending a multicast-DIO with rank 595
1210029027	ID:36	RPL: Sending a multicast-DIO with rank 598
1210697882	ID:33	RPL: Sending a multicast-DIO with rank 577
1212521518	ID:35	RPL: Sending a multicast-DIO with rank 595
1215029027	ID:36	RPL: Sending a multicast-DIO with rank 598
1215697882	ID:33	RPL: Sending a multicast-DIO with rank 577
1217521518	ID:35	RPL: Sending a multicast-DIO with rank 595
1220029027	ID:36	RPL: Sending a multicast-DIO with rank 598
1220697882	ID:33	RPL: Sending a multicast-DIO with rank 577
1222521518	ID:35	RPL: Sending a multicast-DIO with rank 595
1223703117	ID:34	RPL: Sending a DIS to fe80::c30c:0:0:6
1225029027	ID:36	RPL: Sending a multicast-DIO with rank 598
1225697882	ID:33	RPL: Sending a multicast-DIO with rank 577
1227521518	ID:35	RPL: Sending a multicast-DIO with rank 595
1230029027	ID:36	RPL: Sending a multicast-DIO with rank 598
1230697882	ID:33	RPL: Sending a multicast-DIO with rank 577
1232521518	ID:35	RPL: Sending a multicast-DIO with rank 595
1235029027	ID:36	RPL: Sending a multicast-DIO with rank 598
1235697882	ID:33	RPL: Sending a multicast-DIO with rank 577
1237521518	ID:35	RPL: Sending a multicast-DIO with rank 595
1240029027	ID:36	RPL: Sending a multicast-DIO with rank 598
1240697882	ID:33	RPL: Sending a multicast-DIO with rank 577
1242521518	ID:35	RPL: Sending a multicast-DIO with rank 595
1245029027	ID:36	RPL: Sending a multicast-DIO with rank 598
1245697882	ID:33	RPL: Sending a multicast-DIO with rank 577
1247521518	ID:35	RPL: Sending a multicast-DIO with rank 595
1250029027	ID:36	RPL: Sending a multicast-DIO with rank 598
1250697882	ID:33	RPL: Sending a multicast-DIO with rank 577
1252521518	ID:35	RPL: Sending a multicast-DIO with rank 595
1255029027	ID:36	RPL: Sending a multicast-DIO with rank 598
1255697882	ID:33	RPL: Sending a multicast-DIO with rank 577
1257521518	ID:35	RPL: Sending a multicast-DIO with rank 595
1260029027	ID:36	RPL: Sending a multicast-DIO with rank 598
1260697882	ID:33	RPL: Sending a multicast-DIO with rank 577
1261947506	ID:32	RPL: Sending a DIS to fe80::c30c:0:0:3
1262521518	ID:35	RPL: Sending a multicast-DIO with rank 595
1265029027	ID:36	RPL: Sending a multicast-DIO with rank 598
1265697882	ID:33	RPL: Sending a multicast-DIO with rank 577
1267521518	ID:35	RPL: Sending a multicast-DIO with rank 595
1270029027	ID:36	RPL: Sending a multicast-DIO with rank 598
1270697882	ID:33	RPL: Sending a multicast-DIO with rank 577
1272521518	ID:35	RPL: Sending a multicast-DIO with rank 595
1275029027	ID:36	RPL: Sending a multicast-DIO with rank 598
1275697882	ID:33	RPL: Sending a multicast-DIO with rank 577
1277521518	ID:35	RPL: Sending a multicast-DIO with rank 595
1280029027	ID:36	RPL: Sending a multicast-DIO with rank 598
1280697882	ID:33	RPL: Sending a multicast-DIO with rank 577
1282521518	ID:35	RPL: Sending a multicast-DIO with rank 595
1283703117	ID:34	RPL: Sending a DIS to fe80::c30c:0:0:6
1285029027	ID:36	RPL: Sending a multicast-DIO with rank 598
1285697882	ID:33	RPL: Sending a multicast-DIO with rank 577
1287521518	ID:35	RPL: Sending a multicast-DIO with rank 595
1290029027	ID:36	RPL: Sending a multicast-DIO with rank 598
1290697882	ID:33	RPL: Sending a multicast-DIO with rank 577
1292521518	ID:35	RPL: Sending a multicast-DIO with rank 595
1295029027	ID:36	RPL: Sending a multicast-DIO with rank 598
1295697882	ID:33	RPL: Sending a multicast-DIO with rank 577
1297521518	ID:35	RPL: Sending a multicast-DIO with rank 595
1300029027	ID:36	RPL: Sending a multicast-DIO with rank 598
1300697882	ID:33	RPL: Sending a multicast-DIO with rank 577
1302521518	ID:35	RPL: Sending a multicast-DIO with rank 595
1305029027	ID:36	RPL: Sending a multicast-DIO with rank 598
1305697882	ID:33	RPL: Sending a multicast-DIO with rank 577
1307521518	ID:35	RPL: Sending a multicast-DIO with rank 595
1310029027	ID:36	RPL: Sending a multicast-DIO with rank 598
1310697882	ID:33	RPL: Sending a multicast-DIO with rank 577
1312521518	ID:35	RPL: Sending a multicast-DIO with rank 595
1315029027	ID:36	RPL: Sending a multicast-DIO with rank 598
1315697882	ID:33	RPL: Sending a multicast-DIO with rank 577
1317521518	ID:35	RPL: Sending a multicast-DIO with rank 595
1320029027	ID:36	RPL: Sending a multicast-DIO with rank 598
1320697882	ID:33	RPL: Sending a multicast-DIO with rank 577
1321947506	ID:32	RPL: Sending a DIS to fe80::c30c:0:0:3
1322521518	ID:35	RPL: Sending a multicast-DIO with rank 595
1325029027	ID:36	RPL: Sending a multicast-DIO with rank 598
1325697882	ID:33	RPL: Sending a multicast-DIO with rank 577
1327521518	ID:35	RPL: Sending a multicast-DIO with rank 595
1330029027	ID:36	RPL: Sending a multicast-DIO with rank 598
1330697882	ID:33	RPL: Sending a multicast-DIO with rank 577
1332521518	ID:35	RPL: Sending a multicast-DIO with rank 595
1335029027	ID:36	RPL: Sending a multicast-DIO with rank 598
1335697882	ID:33	RPL: Sending a multicast-DIO with rank 577
1337521518	ID:35	RPL: Sending a multicast-DIO with rank 595
1340029027	ID:36	RPL: Sending a multicast-DIO with rank 598
1340697882	ID:33	RPL: Sending a multicast-DIO with rank 577
1342521518	ID:35	RPL: Sending a multicast-DIO with rank 595
1343703117	ID:34	RPL: Sending a DIS to fe80::c30c:0:0:6
1345029027	ID:36	RPL: Sending a multicast-DIO with rank 598
1345697882	ID:33	RPL: Sending a multicast-DIO with rank 577
1347521518	ID:35	RPL: Sending a multicast-DIO with rank 595
1350029027	ID:36	RPL: Sending a multicast-DIO with rank 598
1350697882	ID:33	RPL: Sending a multicast-DIO with rank 577
1352521518	ID:35	RPL: Sending a multicast-DIO with rank 595
1355029027	ID:36	RPL: Sending a multicast-DIO with rank 598
1355697882	ID:33	RPL: Sending a multicast-DIO with rank 577
1357521518	ID:35	RPL: Sending a multicast-DIO with rank 595
1360029027	ID:36	RPL: Sending a multicast-DIO with rank 598
1360697882	ID:33	RPL: Sending a multicast-DIO with rank 577
1362521518	ID:35	RPL: Sending a multicast-DIO with rank 595
1365029027	ID:36	RPL: Sending a multicast-DIO with rank 598
1365697882	ID:33	RPL: Sending a multicast-DIO with rank 577
1367521518	ID:35	RPL: Sending a multicast-DIO with rank 595
1370029027	ID:36	RPL: Sending a multicast-DIO with rank 598
1370697882	ID:33	RPL: Sending a multicast-DIO with rank 577
1372521518	ID:35	RPL: Sending a multicast-DIO with rank 595
1375029027	ID:36	RPL: Sending a multicast-DIO with rank 598
1375697882	ID:33	RPL: Sending a multicast-DIO with rank 577
1377521518	ID:35	RPL: Sending a multicast-DIO with rank 595
1380029027	ID:36	RPL: Sending a multicast-DIO with rank 598
1380697882	ID:33	RPL: Sending a multicast-DIO with rank 577
1381947506	ID:32	RPL: Sending a DIS to fe80::c30c:0:0:3
1382521518	ID:35	RPL: Sending a multicast-DIO with rank 595
1385029027	ID:36	RPL: Sending a multicast-DIO with rank 598
1385697882	ID:33	RPL: Sending a multicast-DIO with rank 577
1387521518	ID:35	RPL: Sending a multicast-DIO with rank 595
1390029027	ID:36	RPL: Sending a multicast-DIO with rank 598
1390697882	ID:33	RPL: Sending a multicast-DIO with rank 577
1392521518	ID:35	RPL: Sending a multicast-DIO with rank 595
1395029027	ID:36	RPL: Sending a multicast-DIO with rank 598
1395697882	ID:33	RPL: Sending a multicast-DIO with rank 577
1397521518	ID:35	RPL: Sending a multicast-DIO with rank 595
1400029027	ID:36	RPL: Sending a multicast-DIO with rank 598
1400697882	ID:33	RPL: Sending a multicast-DIO with rank 577
1402521518	ID:35	RPL: Sending a multicast-DIO with rank 595
1403703117	ID:34	RPL: Sending a DIS to fe80::c30c:0:0:6
1405029027	ID:36	RPL: Sending a multicast-DIO with rank 598
1405697889	ID:33	RPL: Sending a multicast-DIO with rank 577
1407521518	ID:35	RPL: Sending a multicast-DIO with rank 595
1410029027	ID:36	RPL: Sending a multicast-DIO with rank 598
1410697882	ID:33	RPL: Sending a multicast-DIO with rank 577
1412521518	ID:35	RPL: Sending a multicast-DIO with rank 595
1415029027	ID:36	RPL: Sending a multicast-DIO with rank 598
1415697882	ID:33	RPL: Sending a multicast-DIO with rank 577
1417521518	ID:35	RPL: Sending a multicast-DIO with rank 595
1420029027	ID:36	RPL: Sending a multicast-DIO with rank 598
1420697882	ID:33	RPL: Sending a multicast-DIO with rank 577
1422521518	ID:35	RPL: Sending a multicast-DIO with rank 595
1425029027	ID:36	RPL: Sending a multicast-DIO with rank 598
1425697882	ID:33	RPL: Sending a multicast-DIO with rank 577
1427521518	ID:35	RPL: Sending a multicast-DIO with rank 595
1430029034	ID:36	RPL: Sending a multicast-DIO with rank 598
1430697882	ID:33	RPL: Sending a multicast-DIO with rank 577
1432521518	ID:35	RPL: Sending a multicast-DIO with rank 595
1435029027	ID:36	RPL: Sending a multicast-DIO with rank 598
1435697882	ID:33	RPL: Sending a multicast-DIO with rank 577
1437521518	ID:35	RPL: Sending a multicast-DIO with rank 595
1440029027	ID:36	RPL: Sending a multicast-DIO with rank 598
1440697882	ID:33	RPL: Sending a multicast-DIO with rank 577
1441947506	ID:32	RPL: Sending a DIS to fe80::c30c:0:0:3
1442521518	ID:35	RPL: Sending a multicast-DIO with rank 595
1445029027	ID:36	RPL: Sending a multicast-DIO with rank 598
1445697882	ID:33	RPL: Sending a multicast-DIO with rank 577
1447521518	ID:35	RPL: Sending a multicast-DIO with rank 595
1450029027	ID:36	RPL: Sending a multicast-DIO with rank 598
1450697882	ID:33	RPL: Sending a multicast-DIO with rank 577
1452521518	ID:35	RPL: Sending a multicast-DIO with rank 595
1455029027	ID:36	RPL: Sending a multicast-DIO with rank 598
1455697882	ID:33	RPL: Sending a multicast-DIO with rank 577
1457521518	ID:35	RPL: Sending a multicast-DIO with rank 595
1460029027	ID:36	RPL: Sending a multicast-DIO with rank 598
1460697882	ID:33	RPL: Sending a multicast-DIO with rank 577
1462521518	ID:35	RPL: Sending a multicast-DIO with rank 595
1463703117	ID:34	RPL: Sending a DIS to fe80::c30c:0:0:6
1465029027	ID:36	RPL: Sending a multicast-DIO with rank 598
1465697882	ID:33	RPL: Sending a multicast-DIO with rank 577
1467521518	ID:35	RPL: Sending a multicast-DIO with rank 595
1470029027	ID:36	RPL: Sending a multicast-DIO with rank 598
1470697882	ID:33	RPL: Sending a multicast-DIO with rank 577
1472521518	ID:35	RPL: Sending a multicast-DIO with rank 595
1475029027	ID:36	RPL: Sending a multicast-DIO with rank 598
1475697882	ID:33	RPL: Sending a multicast-DIO with rank 577
1477521518	ID:35	RPL: Sending a multicast-DIO with rank 595
1480029027	ID:36	RPL: Sending a multicast-DIO with rank 598
1480697882	ID:33	RPL: Sending a multicast-DIO with rank 577
1482521518	ID:35	RPL: Sending a multicast-DIO with rank 595
1485029027	ID:36	RPL: Sending a multicast-DIO with rank 598
1485697882	ID:33	RPL: Sending a multicast-DIO with rank 577
1487521518	ID:35	RPL: Sending a multicast-DIO with rank 595
1490029027	ID:36	RPL: Sending a multicast-DIO with rank 598
1490697882	ID:33	RPL: Sending a multicast-DIO with rank 577
1492521518	ID:35	RPL: Sending a multicast-DIO with rank 595
1495029027	ID:36	RPL: Sending a multicast-DIO with rank 598
1495697882	ID:33	RPL: Sending a multicast-DIO with rank 577
1497521518	ID:35	RPL: Sending a multicast-DIO with rank 595
1500029027	ID:36	RPL: Sending a multicast-DIO with rank 598
1500697882	ID:33	RPL: Sending a multicast-DIO with rank 577
1501947506	ID:32	RPL: Sending a DIS to fe80::c30c:0:0:3
1502521518	ID:35	RPL: Sending a multicast-DIO with rank 595
1505029027	ID:36	RPL: Sending a multicast-DIO with rank 598
1505697882	ID:33	RPL: Sending a multicast-DIO with rank 577
1507521518	ID:35	RPL: Sending a multicast-DIO with rank 595
1510029027	ID:36	RPL: Sending a multicast-DIO with rank 598
1510697882	ID:33	RPL: Sending a multicast-DIO with rank 577
1512521518	ID:35	RPL: Sending a multicast-DIO with rank 595
1515029027	ID:36	RPL: Sending a multicast-DIO with rank 598
1515697882	ID:33	RPL: Sending a multicast-DIO with rank 577
1517521518	ID:35	RPL: Sending a multicast-DIO with rank 595
1520029027	ID:36	RPL: Sending a multicast-DIO with rank 598
1520697882	ID:33	RPL: Sending a multicast-DIO with rank 577
1522521518	ID:35	RPL: Sending a multicast-DIO with rank 595
1523703117	ID:34	RPL: Sending a DIS to fe80::c30c:0:0:6
1525029027	ID:36	RPL: Sending a multicast-DIO with rank 598
1525697882	ID:33	RPL: Sending a multicast-DIO with rank 577
1527521518	ID:35	RPL: Sending a multicast-DIO with rank 595
1530029027	ID:36	RPL: Sending a multicast-DIO with rank 598
1530697882	ID:33	RPL: Sending a multicast-DIO with rank 577
1532521518	ID:35	RPL: Sending a multicast-DIO with rank 595
1535029027	ID:36	RPL: Sending a multicast-DIO with rank 598
1535697882	ID:33	RPL: Sending a multicast-DIO with rank 577
1537521525	ID:35	RPL: Sending a multicast-DIO with rank 595
1540029027	ID:36	RPL: Sending a multicast-DIO with rank 598
1540697882	ID:33	RPL: Sending a multicast-DIO with rank 577
1542521518	ID:35	RPL: Sending a multicast-DIO with rank 595
1545029027	ID:36	RPL: Sending a multicast-DIO with rank 598
1545697882	ID:33	RPL: Sending a multicast-DIO with rank 577
1547521518	ID:35	RPL: Sending a multicast-DIO with rank 595
1550029027	ID:36	RPL: Sending a multicast-DIO with rank 598
1550697882	ID:33	RPL: Sending a multicast-DIO with rank 577
1552521518	ID:35	RPL: Sending a multicast-DIO with rank 595
1555029027	ID:36	RPL: Sending a multicast-DIO with rank 598
1555697882	ID:33	RPL: Sending a multicast-DIO with rank 577
1557521518	ID:35	RPL: Sending a multicast-DIO with rank 595
1560029027	ID:36	RPL: Sending a multicast-DIO with rank 598
1560697882	ID:33	RPL: Sending a multicast-DIO with rank 577
1561947506	ID:32	RPL: Sending a DIS to fe80::c30c:0:0:3
1562521518	ID:35	RPL: Sending a multicast-DIO with rank 595
1565029027	ID:36	RPL: Sending a multicast-DIO with rank 598
1565697882	ID:33	RPL: Sending a multicast-DIO with rank 577
1567521518	ID:35	RPL: Sending a multicast-DIO with rank 595
1570029027	ID:36	RPL: Sending a multicast-DIO with rank 598
1570697882	ID:33	RPL: Sending a multicast-DIO with rank 577
1572521518	ID:35	RPL: Sending a multicast-DIO with rank 595
1575029027	ID:36	RPL: Sending a multicast-DIO with rank 598
1575697882	ID:33	RPL: Sending a multicast-DIO with rank 577
1577521518	ID:35	RPL: Sending a multicast-DIO with rank 595
1580029027	ID:36	RPL: Sending a multicast-DIO with rank 598
1580697882	ID:33	RPL: Sending a multicast-DIO with rank 577
1582521518	ID:35	RPL: Sending a multicast-DIO with rank 595
1583703117	ID:34	RPL: Sending a DIS to fe80::c30c:0:0:6
1585029027	ID:36	RPL: Sending a multicast-DIO with rank 598
1585697882	ID:33	RPL: Sending a multicast-DIO with rank 577
1587521518	ID:35	RPL: Sending a multicast-DIO with rank 595
1590029027	ID:36	RPL: Sending a multicast-DIO with rank 598
1590697882	ID:33	RPL: Sending a multicast-DIO with rank 577
1592521518	ID:35	RPL: Sending a multicast-DIO with rank 595
1595029027	ID:36	RPL: Sending a multicast-DIO with rank 598
1595697882	ID:33	RPL: Sending a multicast-DIO with rank 577
1597521518	ID:35	RPL: Sending a multicast-DIO with rank 595
1600029027	ID:36	RPL: Sending a multicast-DIO with rank 598
1600697882	ID:33	RPL: Sending a multicast-DIO with rank 577
1602521518	ID:35	RPL: Sending a multicast-DIO with rank 595
1605029027	ID:36	RPL: Sending a multicast-DIO with rank 598
1605697882	ID:33	RPL: Sending a multicast-DIO with rank 577
1607521518	ID:35	RPL: Sending a multicast-DIO with rank 595
1610029027	ID:36	RPL: Sending a multicast-DIO with rank 598
1610697882	ID:33	RPL: Sending a multicast-DIO with rank 577
1612521518	ID:35	RPL: Sending a multicast-DIO with rank 595
1615029027	ID:36	RPL: Sending a multicast-DIO with rank 598
1615697882	ID:33	RPL: Sending a multicast-DIO with rank 577
1617521518	ID:35	RPL: Sending a multicast-DIO with rank 595
1620029027	ID:36	RPL: Sending a multicast-DIO with rank 598
1620697882	ID:33	RPL: Sending a multicast-DIO with rank 577
1621947506	ID:32	RPL: Sending a DIS to fe80::c30c:0:0:3
1622521518	ID:35	RPL: Sending a multicast-DIO with rank 595
1625029027	ID:36	RPL: Sending a multicast-DIO with rank 598
1625697882	ID:33	RPL: Sending a multicast-DIO with rank 577
1627521518	ID:35	RPL: Sending a multicast-DIO with rank 595
1630029027	ID:36	RPL: Sending a multicast-DIO with rank 598
1630697882	ID:33	RPL: Sending a multicast-DIO with rank 577
1632521518	ID:35	RPL: Sending a multicast-DIO with rank 595
1635029027	ID:36	RPL: Sending a multicast-DIO with rank 598
1635697882	ID:33	RPL: Sending a multicast-DIO with rank 577
1637521518	ID:35	RPL: Sending a multicast-DIO with rank 595
1640029027	ID:36	RPL: Sending a multicast-DIO with rank 598
1640697882	ID:33	RPL: Sending a multicast-DIO with rank 577
1642521518	ID:35	RPL: Sending a multicast-DIO with rank 595
1643703117	ID:34	RPL: Sending a DIS to fe80::c30c:0:0:6
1645029027	ID:36	RPL: Sending a multicast-DIO with rank 598
1645697882	ID:33	RPL: Sending a multicast-DIO with rank 577
1647521518	ID:35	RPL: Sending a multicast-DIO with rank 595
1650029027	ID:36	RPL: Sending a multicast-DIO with rank 598
1650697882	ID:33	RPL: Sending a multicast-DIO with rank 577
1652521518	ID:35	RPL: Sending a multicast-DIO with rank 595
1655029027	ID:36	RPL: Sending a multicast-DIO with rank 598
1655697882	ID:33	RPL: Sending a multicast-DIO with rank 577
1657521518	ID:35	RPL: Sending a multicast-DIO with rank 595
1660029027	ID:36	RPL: Sending a multicast-DIO with rank 598
1660697882	ID:33	RPL: Sending a multicast-DIO with rank 577
1662521518	ID:35	RPL: Sending a multicast-DIO with rank 595
1665029027	ID:36	RPL: Sending a multicast-DIO with rank 598
1665697882	ID:33	RPL: Sending a multicast-DIO with rank 577
1667521518	ID:35	RPL: Sending a multicast-DIO with rank 595
1670029027	ID:36	RPL: Sending a multicast-DIO with rank 598
1670697882	ID:33	RPL: Sending a multicast-DIO with rank 577
1672521518	ID:35	RPL: Sending a multicast-DIO with rank 595
1675029027	ID:36	RPL: Sending a multicast-DIO with rank 598
1675697882	ID:33	RPL: Sending a multicast-DIO with rank 577
1677521518	ID:35	RPL: Sending a multicast-DIO with rank 595
1680029027	ID:36	RPL: Sending a multicast-DIO with rank 598
1680697882	ID:33	RPL: Sending a multicast-DIO with rank 577
1681947506	ID:32	RPL: Sending a DIS to fe80::c30c:0:0:3
1682521518	ID:35	RPL: Sending a multicast-DIO with rank 595
1685029027	ID:36	RPL: Sending a multicast-DIO with rank 598
1685697882	ID:33	RPL: Sending a multicast-DIO with rank 577
1687521518	ID:35	RPL: Sending a multicast-DIO with rank 595
1690029027	ID:36	RPL: Sending a multicast-DIO with rank 598
1690697882	ID:33	RPL: Sending a multicast-DIO with rank 577
1692521518	ID:35	RPL: Sending a multicast-DIO with rank 595
1695029027	ID:36	RPL: Sending a multicast-DIO with rank 598
1695697882	ID:33	RPL: Sending a multicast-DIO with rank 577
1697521518	ID:35	RPL: Sending a multicast-DIO with rank 595
1700029027	ID:36	RPL: Sending a multicast-DIO with rank 598
1700697882	ID:33	RPL: Sending a multicast-DIO with rank 577
1702521518	ID:35	RPL: Sending a multicast-DIO with rank 595
1703703117	ID:34	RPL: Sending a DIS to fe80::c30c:0:0:6
1705029027	ID:36	RPL: Sending a multicast-DIO with rank 598
1705697882	ID:33	RPL: Sending a multicast-DIO with rank 577
1707521518	ID:35	RPL: Sending a multicast-DIO with rank 595
1710029027	ID:36	RPL: Sending a multicast-DIO with rank 598
1710697882	ID:33	RPL: Sending a multicast-DIO with rank 577
1712521518	ID:35	RPL: Sending a multicast-DIO with rank 595
1715029027	ID:36	RPL: Sending a multicast-DIO with rank 598
1715697882	ID:33	RPL: Sending a multicast-DIO with rank 577
1717521518	ID:35	RPL: Sending a multicast-DIO with rank 595
1720029027	ID:36	RPL: Sending a multicast-DIO with rank 598
1720697882	ID:33	RPL: Sending a multicast-DIO with rank 577
1722521518	ID:35	RPL: Sending a multicast-DIO with rank 595
1725029027	ID:36	RPL: Sending a multicast-DIO with rank 598
1725697882	ID:33	RPL: Sending a multicast-DIO with rank 577
1727521518	ID:35	RPL: Sending a multicast-DIO with rank 595
1730029027	ID:36	RPL: Sending a multicast-DIO with rank 598
1730697882	ID:33	RPL: Sending a multicast-DIO with rank 577
1732521518	ID:35	RPL: Sending a multicast-DIO with rank 595
1735029027	ID:36	RPL: Sending a multicast-DIO with rank 598
1735697882	ID:33	RPL: Sending a multicast-DIO with rank 577
1737521518	ID:35	RPL: Sending a multicast-DIO with rank 595
1740029027	ID:36	RPL: Sending a multicast-DIO with rank 598
1740697882	ID:33	RPL: Sending a multicast-DIO with rank 577
1741947506	ID:32	RPL: Sending a DIS to fe80::c30c:0:0:3
1742521518	ID:35	RPL: Sending a multicast-DIO with rank 595
1745029027	ID:36	RPL: Sending a multicast-DIO with rank 598
1745697882	ID:33	RPL: Sending a multicast-DIO with rank 577
1747521518	ID:35	RPL: Sending a multicast-DIO with rank 595
1750029027	ID:36	RPL: Sending a multicast-DIO with rank 598
1750697882	ID:33	RPL: Sending a multicast-DIO with rank 577
1752521518	ID:35	RPL: Sending a multicast-DIO with rank 595
1755029027	ID:36	RPL: Sending a multicast-DIO with rank 598
1755697882	ID:33	RPL: Sending a multicast-DIO with rank 577
1757521518	ID:35	RPL: Sending a multicast-DIO with rank 595
1760029027	ID:36	RPL: Sending a multicast-DIO with rank 598
1760697889	ID:33	RPL: Sending a multicast-DIO with rank 577
1762521518	ID:35	RPL: Sending a multicast-DIO with rank 595
1763703117	ID:34	RPL: Sending a DIS to fe80::c30c:0:0:6
1765029027	ID:36	RPL: Sending a multicast-DIO with rank 598
1765697882	ID:33	RPL: Sending a multicast-DIO with rank 577
1767521518	ID:35	RPL: Sending a multicast-DIO with rank 595
1770029034	ID:36	RPL: Sending a multicast-DIO with rank 598
1770697882	ID:33	RPL: Sending a multicast-DIO with rank 577
1772521518	ID:35	RPL: Sending a multicast-DIO with rank 595
1775029027	ID:36	RPL: Sending a multicast-DIO with rank 598
1775697882	ID:33	RPL: Sending a multicast-DIO with rank 577
1777521518	ID:35	RPL: Sending a multicast-DIO with rank 595
1780029027	ID:36	RPL: Sending a multicast-DIO with rank 598
1780697882	ID:33	RPL: Sending a multicast-DIO with rank 577
1782521518	ID:35	RPL: Sending a multicast-DIO with rank 595
1785029027	ID:36	RPL: Sending a multicast-DIO with rank 598
1785697882	ID:33	RPL: Sending a multicast-DIO with rank 577
1787521518	ID:35	RPL: Sending a multicast-DIO with rank 595
1790029027	ID:36	RPL: Sending a multicast-DIO with rank 598
1790697882	ID:33	RPL: Sending a multicast-DIO with rank 577
1792521518	ID:35	RPL: Sending a multicast-DIO with rank 595
1795029027	ID:36	RPL: Sending a multicast-DIO with rank 598
1795697882	ID:33	RPL: Sending a multicast-DIO with rank 577
1797521518	ID:35	RPL: Sending a multicast-DIO with rank 595
