30123715	ID:34	RPL: Sending a DIS to fe80::c30c:0:0:6
30316703	ID:36	RPL: Sending a DIS to fe80::c30c:0:0:8
30918638	ID:35	RPL: Sending a DIS to fe80::c30c:0:0:7
31037502	ID:33	RPL: Sending a DIS to fe80::c30c:0:0:2
31081745	ID:32	RPL: Sending a DIS to fe80::c30c:0:0:3
32458190	ID:35	RPL: Received a DIO from fe80::c30c:0:0:7
32461959	ID:35	RPL: Incoming DIO (id, ver, rank) = (30,240,345)
32466457	ID:35	RPL: Incoming DIO (dag_id, pref) = (fd00::ff:fe00:1, 0)
32468683	ID:35	RPL: DIO option 4, length: 14
32474703	ID:35	RPL: DAG conf:dbl=8, min=12 red=10 maxinc=896 mininc=128 ocp=1 d_l=10 l_u=60
32476946	ID:35	RPL: DIO option 8, length: 30
32479215	ID:35	RPL: Copying prefix information
32487146	ID:35	RPL: Neighbor added to neighbor cache fe80::c30c:0:0:7, c1:0c:00:00:00:00:00:07
33248012	ID:32	RPL: Received a DIO from fe80::c30c:0:0:3
33251780	ID:32	RPL: Incoming DIO (id, ver, rank) = (30,240,498)
33256282	ID:32	RPL: Incoming DIO (dag_id, pref) = (fd00::ff:fe00:1, 0)
33258508	ID:32	RPL: DIO option 4, length: 14
33264571	ID:32	RPL: DAG conf:dbl=8, min=12 red=10 maxinc=896 mininc=128 ocp=1 d_l=10 l_u=60
33266797	ID:32	RPL: DIO option 8, length: 30
33269065	ID:32	RPL: Copying prefix information
33277378	ID:32	RPL: Neighbor added to neighbor cache fe80::c30c:0:0:3, c1:0c:00:00:00:00:00:03
37487554	ID:35	RPL: Sending a multicast-DIO with rank 345
38283546	ID:32	RPL: Sending a multicast-DIO with rank 498
42487533	ID:35	RPL: Sending a multicast-DIO with rank 345
43283525	ID:32	RPL: Sending a multicast-DIO with rank 498
47487533	ID:35	RPL: Sending a multicast-DIO with rank 345
48283525	ID:32	RPL: Sending a multicast-DIO with rank 498
52487533	ID:35	RPL: Sending a multicast-DIO with rank 345
53283525	ID:32	RPL: Sending a multicast-DIO with rank 498
57487533	ID:35	RPL: Sending a multicast-DIO with rank 345
57779546	ID:34	RPL: Received a DIO from fe80::c30c:0:0:6
57783315	ID:34	RPL: Incoming DIO (id, ver, rank) = (30,240,281)
57787833	ID:34	RPL: Incoming DIO (dag_id, pref) = (fd00::ff:fe00:1, 0)
57790059	ID:34	RPL: DIO option 4, length: 14
57796078	ID:34	RPL: DAG conf:dbl=8, min=12 red=10 maxinc=896 mininc=128 ocp=1 d_l=10 l_u=60
57798305	ID:34	RPL: DIO option 8, length: 30
57800573	ID:34	RPL: Copying prefix information
57811171	ID:34	RPL: Neighbor added to neighbor cache fe80::c30c:0:0:6, c1:0c:00:00:00:00:00:06
58283525	ID:32	RPL: Sending a multicast-DIO with rank 498
61576394	ID:33	RPL: Received a DIO from fe80::c30c:0:0:2
61580164	ID:33	RPL: Incoming DIO (id, ver, rank) = (30,240,292)
61584700	ID:33	RPL: Incoming DIO (dag_id, pref) = (fd00::ff:fe00:1, 0)
61586926	ID:33	RPL: DIO option 4, length: 14
61592946	ID:33	RPL: DAG conf:dbl=8, min=12 red=10 maxinc=896 mininc=128 ocp=1 d_l=10 l_u=60
61595172	ID:33	RPL: DIO option 8, length: 30
61597440	ID:33	RPL: Copying prefix information
61607794	ID:33	RPL: Neighbor added to neighbor cache fe80::c30c:0:0:2, c1:0c:00:00:00:00:00:02
62099290	ID:36	RPL: Sending a DIS to fe80::c30c:0:0:8
62487533	ID:35	RPL: Sending a multicast-DIO with rank 345
62815439	ID:34	RPL: Sending a multicast-DIO with rank 281
63283524	ID:32	RPL: Sending a multicast-DIO with rank 498
66108469	ID:36	RPL: Received a DIO from fe80::c30c:0:0:8
66112239	ID:36	RPL: Incoming DIO (id, ver, rank) = (30,240,292)
66116776	ID:36	RPL: Incoming DIO (dag_id, pref) = (fd00::ff:fe00:1, 0)
66119001	ID:36	RPL: DIO option 4, length: 14
66125021	ID:36	RPL: DAG conf:dbl=8, min=12 red=10 maxinc=896 mininc=128 ocp=1 d_l=10 l_u=60
66127247	ID:36	RPL: DIO option 8, length: 30
66129515	ID:36	RPL: Copying prefix information
66611428	ID:33	RPL: Sending a multicast-DIO with rank 292
67487533	ID:35	RPL: Sending a multicast-DIO with rank 345
67815417	ID:34	RPL: Sending a multicast-DIO with rank 281
68283524	ID:32	RPL: Sending a multicast-DIO with rank 498
71611407	ID:33	RPL: Sending a multicast-DIO with rank 292
72487533	ID:35	RPL: Sending a multicast-DIO with rank 345
72815417	ID:34	RPL: Sending a multicast-DIO with rank 281
73283524	ID:32	RPL: Sending a multicast-DIO with rank 498
76611407	ID:33	RPL: Sending a multicast-DIO with rank 292
77487533	ID:35	RPL: Sending a multicast-DIO with rank 345
77815417	ID:34	RPL: Sending a multicast-DIO with rank 281
78283524	ID:32	RPL: Sending a multicast-DIO with rank 498
81611407	ID:33	RPL: Sending a multicast-DIO with rank 292
82487533	ID:35	RPL: Sending a multicast-DIO with rank 345
82815417	ID:34	RPL: Sending a multicast-DIO with rank 281
83283524	ID:32	RPL: Sending a multicast-DIO with rank 498
86611407	ID:33	RPL: Sending a multicast-DIO with rank 292
87487533	ID:35	RPL: Sending a multicast-DIO with rank 345
87815417	ID:34	RPL: Sending a multicast-DIO with rank 281
88283524	ID:32	RPL: Sending a multicast-DIO with rank 498
91611394	ID:33	RPL: Sending a multicast-DIO with rank 292
92487520	ID:35	RPL: Sending a multicast-DIO with rank 345
92815405	ID:34	RPL: Sending a multicast-DIO with rank 281
93283512	ID:32	RPL: Sending a multicast-DIO with rank 498
96611394	ID:33	RPL: Sending a multicast-DIO with rank 292
97487520	ID:35	RPL: Sending a multicast-DIO with rank 345
97815405	ID:34	RPL: Sending a multicast-DIO with rank 281
98283512	ID:32	RPL: Sending a multicast-DIO with rank 498
101611394	ID:33	RPL: Sending a multicast-DIO with rank 292
102487520	ID:35	RPL: Sending a multicast-DIO with rank 345
102815405	ID:34	RPL: Sending a multicast-DIO with rank 281
103283512	ID:32	RPL: Sending a multicast-DIO with rank 498
106611394	ID:33	RPL: Sending a multicast-DIO with rank 292
107487520	ID:35	RPL: Sending a multicast-DIO with rank 345
107815405	ID:34	RPL: Sending a multicast-DIO with rank 281
108283512	ID:32	RPL: Sending a multicast-DIO with rank 498
111611394	ID:33	RPL: Sending a multicast-DIO with rank 292
112487520	ID:35	RPL: Sending a multicast-DIO with rank 345
112815405	ID:34	RPL: Sending a multicast-DIO with rank 281
113283512	ID:32	RPL: Sending a multicast-DIO with rank 498
116611394	ID:33	RPL: Sending a multicast-DIO with rank 292
117487520	ID:35	RPL: Sending a multicast-DIO with rank 345
117815405	ID:34	RPL: Sending a multicast-DIO with rank 281
118283512	ID:32	RPL: Sending a multicast-DIO with rank 498
121611394	ID:33	RPL: Sending a multicast-DIO with rank 292
122099536	ID:36	RPL: Sending a DIS to fe80::c30c:0:0:8
122487520	ID:35	RPL: Sending a multicast-DIO with rank 345
122815405	ID:34	RPL: Sending a multicast-DIO with rank 281
123283512	ID:32	RPL: Sending a multicast-DIO with rank 498
126611394	ID:33	RPL: Sending a multicast-DIO with rank 292
127487520	ID:35	RPL: Sending a multicast-DIO with rank 345
127815405	ID:34	RPL: Sending a multicast-DIO with rank 281
128283512	ID:32	RPL: Sending a multicast-DIO with rank 498
131611394	ID:33	RPL: Sending a multicast-DIO with rank 292
132487520	ID:35	RPL: Sending a multicast-DIO with rank 345
132815405	ID:34	RPL: Sending a multicast-DIO with rank 281
133283512	ID:32	RPL: Sending a multicast-DIO with rank 498
136611394	ID:33	RPL: Sending a multicast-DIO with rank 292
137487520	ID:35	RPL: Sending a multicast-DIO with rank 345
137815405	ID:34	RPL: Sending a multicast-DIO with rank 281
138283512	ID:32	RPL: Sending a multicast-DIO with rank 498
141611394	ID:33	RPL: Sending a multicast-DIO with rank 292
142487520	ID:35	RPL: Sending a multicast-DIO with rank 345
142815405	ID:34	RPL: Sending a multicast-DIO with rank 281
143283512	ID:32	RPL: Sending a multicast-DIO with rank 498
146611394	ID:33	RPL: Sending a multicast-DIO with rank 292
147487520	ID:35	RPL: Sending a multicast-DIO with rank 345
147815405	ID:34	RPL: Sending a multicast-DIO with rank 281
148283512	ID:32	RPL: Sending a multicast-DIO with rank 498
151611394	ID:33	RPL: Sending a multicast-DIO with rank 292
152487520	ID:35	RPL: Sending a multicast-DIO with rank 345
152815405	ID:34	RPL: Sending a multicast-DIO with rank 281
153283512	ID:32	RPL: Sending a multicast-DIO with rank 498
156611394	ID:33	RPL: Sending a multicast-DIO with rank 292
157487520	ID:35	RPL: Sending a multicast-DIO with rank 345
157815405	ID:34	RPL: Sending a multicast-DIO with rank 281
158283512	ID:32	RPL: Sending a multicast-DIO with rank 498
161611394	ID:33	RPL: Sending a multicast-DIO with rank 292
162487520	ID:35	RPL: Sending a multicast-DIO with rank 345
162815405	ID:34	RPL: Sending a multicast-DIO with rank 281
163283512	ID:32	RPL: Sending a multicast-DIO with rank 498
166611394	ID:33	RPL: Sending a multicast-DIO with rank 292
167487520	ID:35	RPL: Sending a multicast-DIO with rank 345
167815405	ID:34	RPL: Sending a multicast-DIO with rank 281
168283512	ID:32	RPL: Sending a multicast-DIO with rank 498
171611394	ID:33	RPL: Sending a multicast-DIO with rank 292
172487520	ID:35	RPL: Sending a multicast-DIO with rank 345
172815405	ID:34	RPL: Sending a multicast-DIO with rank 281
173283512	ID:32	RPL: Sending a multicast-DIO with rank 498
176611394	ID:33	RPL: Sending a multicast-DIO with rank 292
177487520	ID:35	RPL: Sending a multicast-DIO with rank 345
177815405	ID:34	RPL: Sending a multicast-DIO with rank 281
178283512	ID:32	RPL: Sending a multicast-DIO with rank 498
181611394	ID:33	RPL: Sending a multicast-DIO with rank 292
182099536	ID:36	RPL: Sending a DIS to fe80::c30c:0:0:8
182487520	ID:35	RPL: Sending a multicast-DIO with rank 345
182815405	ID:34	RPL: Sending a multicast-DIO with rank 281
183283512	ID:32	RPL: Sending a multicast-DIO with rank 498
186611394	ID:33	RPL: Sending a multicast-DIO with rank 292
187487520	ID:35	RPL: Sending a multicast-DIO with rank 345
187815405	ID:34	RPL: Sending a multicast-DIO with rank 281
188283512	ID:32	RPL: Sending a multicast-DIO with rank 498
191611394	ID:33	RPL: Sending a multicast-DIO with rank 292
192487520	ID:35	RPL: Sending a multicast-DIO with rank 345
192815405	ID:34	RPL: Sending a multicast-DIO with rank 281
193283512	ID:32	RPL: Sending a multicast-DIO with rank 498
196611394	ID:33	RPL: Sending a multicast-DIO with rank 292
197487520	ID:35	RPL: Sending a multicast-DIO with rank 345
197815405	ID:34	RPL: Sending a multicast-DIO with rank 281
198283512	ID:32	RPL: Sending a multicast-DIO with rank 498
201611394	ID:33	RPL: Sending a multicast-DIO with rank 292
202487520	ID:35	RPL: Sending a multicast-DIO with rank 345
202815405	ID:34	RPL: Sending a multicast-DIO with rank 281
203283512	ID:32	RPL: Sending a multicast-DIO with rank 498
206611394	ID:33	RPL: Sending a multicast-DIO with rank 292
207487520	ID:35	RPL: Sending a multicast-DIO with rank 345
207815405	ID:34	RPL: Sending a multicast-DIO with rank 281
208283512	ID:32	RPL: Sending a multicast-DIO with rank 498
211611394	ID:33	RPL: Sending a multicast-DIO with rank 292
212487520	ID:35	RPL: Sending a multicast-DIO with rank 345
212815405	ID:34	RPL: Sending a multicast-DIO with rank 281
213283512	ID:32	RPL: Sending a multicast-DIO with rank 498
216611394	ID:33	RPL: Sending a multicast-DIO with rank 292
217487520	ID:35	RPL: Sending a multicast-DIO with rank 345
217815405	ID:34	RPL: Sending a multicast-DIO with rank 281
218283512	ID:32	RPL: Sending a multicast-DIO with rank 498
221611394	ID:33	RPL: Sending a multicast-DIO with rank 292
222487520	ID:35	RPL: Sending a multicast-DIO with rank 345
222815405	ID:34	RPL: Sending a multicast-DIO with rank 281
223283512	ID:32	RPL: Sending a multicast-DIO with rank 498
226611394	ID:33	RPL: Sending a multicast-DIO with rank 292
227487520	ID:35	RPL: Sending a multicast-DIO with rank 345
227815405	ID:34	RPL: Sending a multicast-DIO with rank 281
228283512	ID:32	RPL: Sending a multicast-DIO with rank 498
231611394	ID:33	RPL: Sending a multicast-DIO with rank 292
232487520	ID:35	RPL: Sending a multicast-DIO with rank 345
232815405	ID:34	RPL: Sending a multicast-DIO with rank 281
233283512	ID:32	RPL: Sending a multicast-DIO with rank 498
236611394	ID:33	RPL: Sending a multicast-DIO with rank 292
237487520	ID:35	RPL: Sending a multicast-DIO with rank 345
237815405	ID:34	RPL: Sending a multicast-DIO with rank 281
238283512	ID:32	RPL: Sending a multicast-DIO with rank 498
241611394	ID:33	RPL: Sending a multicast-DIO with rank 292
242099536	ID:36	RPL: Sending a DIS to fe80::c30c:0:0:8
242487520	ID:35	RPL: Sending a multicast-DIO with rank 345
242815405	ID:34	RPL: Sending a multicast-DIO with rank 281
243283512	ID:32	RPL: Sending a multicast-DIO with rank 498
246611394	ID:33	RPL: Sending a multicast-DIO with rank 292
247487520	ID:35	RPL: Sending a multicast-DIO with rank 345
247815405	ID:34	RPL: Sending a multicast-DIO with rank 281
248283512	ID:32	RPL: Sending a multicast-DIO with rank 498
251611394	ID:33	RPL: Sending a multicast-DIO with rank 292
252487520	ID:35	RPL: Sending a multicast-DIO with rank 345
252815405	ID:34	RPL: Sending a multicast-DIO with rank 281
253283512	ID:32	RPL: Sending a multicast-DIO with rank 498
256611394	ID:33	RPL: Sending a multicast-DIO with rank 292
257487520	ID:35	RPL: Sending a multicast-DIO with rank 345
257815405	ID:34	RPL: Sending a multicast-DIO with rank 281
258283512	ID:32	RPL: Sending a multicast-DIO with rank 498
261611394	ID:33	RPL: Sending a multicast-DIO with rank 292
262487520	ID:35	RPL: Sending a multicast-DIO with rank 345
262815405	ID:34	RPL: Sending a multicast-DIO with rank 281
263283512	ID:32	RPL: Sending a multicast-DIO with rank 498
266611394	ID:33	RPL: Sending a multicast-DIO with rank 292
267487520	ID:35	RPL: Sending a multicast-DIO with rank 345
267815405	ID:34	RPL: Sending a multicast-DIO with rank 281
268283512	ID:32	RPL: Sending a multicast-DIO with rank 498
271611394	ID:33	RPL: Sending a multicast-DIO with rank 292
272487520	ID:35	RPL: Sending a multicast-DIO with rank 345
272815405	ID:34	RPL: Sending a multicast-DIO with rank 281
273283512	ID:32	RPL: Sending a multicast-DIO with rank 498
276611394	ID:33	RPL: Sending a multicast-DIO with rank 292
277487520	ID:35	RPL: Sending a multicast-DIO with rank 345
277815405	ID:34	RPL: Sending a multicast-DIO with rank 281
278283512	ID:32	RPL: Sending a multicast-DIO with rank 498
281611394	ID:33	RPL: Sending a multicast-DIO with rank 292
282487520	ID:35	RPL: Sending a multicast-DIO with rank 345
282815405	ID:34	RPL: Sending a multicast-DIO with rank 281
283283512	ID:32	RPL: Sending a multicast-DIO with rank 498
286611394	ID:33	RPL: Sending a multicast-DIO with rank 292
287487520	ID:35	RPL: Sending a multicast-DIO with rank 345
287815405	ID:34	RPL: Sending a multicast-DIO with rank 281
288283512	ID:32	RPL: Sending a multicast-DIO with rank 498
291611394	ID:33	RPL: Sending a multicast-DIO with rank 292
292487520	ID:35	RPL: Sending a multicast-DIO with rank 345
292815405	ID:34	RPL: Sending a multicast-DIO with rank 281
293283512	ID:32	RPL: Sending a multicast-DIO with rank 498
296611394	ID:33	RPL: Sending a multicast-DIO with rank 292
297487520	ID:35	RPL: Sending a multicast-DIO with rank 345
297815405	ID:34	RPL: Sending a multicast-DIO with rank 281
298283512	ID:32	RPL: Sending a multicast-DIO with rank 498
301611394	ID:33	RPL: Sending a multicast-DIO with rank 292
302099536	ID:36	RPL: Sending a DIS to fe80::c30c:0:0:8
302487520	ID:35	RPL: Sending a multicast-DIO with rank 345
302815405	ID:34	RPL: Sending a multicast-DIO with rank 281
303283512	ID:32	RPL: Sending a multicast-DIO with rank 498
306611394	ID:33	RPL: Sending a multicast-DIO with rank 292
307487520	ID:35	RPL: Sending a multicast-DIO with rank 345
307815405	ID:34	RPL: Sending a multicast-DIO with rank 281
308283512	ID:32	RPL: Sending a multicast-DIO with rank 498
311611394	ID:33	RPL: Sending a multicast-DIO with rank 292
312487520	ID:35	RPL: Sending a multicast-DIO with rank 345
312815405	ID:34	RPL: Sending a multicast-DIO with rank 281
313283512	ID:32	RPL: Sending a multicast-DIO with rank 498
316611394	ID:33	RPL: Sending a multicast-DIO with rank 292
317487520	ID:35	RPL: Sending a multicast-DIO with rank 345
317815405	ID:34	RPL: Sending a multicast-DIO with rank 281
318283512	ID:32	RPL: Sending a multicast-DIO with rank 498
321611394	ID:33	RPL: Sending a multicast-DIO with rank 292
322487520	ID:35	RPL: Sending a multicast-DIO with rank 345
322815405	ID:34	RPL: Sending a multicast-DIO with rank 281
323283512	ID:32	RPL: Sending a multicast-DIO with rank 498
326611394	ID:33	RPL: Sending a multicast-DIO with rank 292
327487520	ID:35	RPL: Sending a multicast-DIO with rank 345
327815405	ID:34	RPL: Sending a multicast-DIO with rank 281
328283512	ID:32	RPL: Sending a multicast-DIO with rank 498
331611394	ID:33	RPL: Sending a multicast-DIO with rank 292
332487520	ID:35	RPL: Sending a multicast-DIO with rank 345
332815405	ID:34	RPL: Sending a multicast-DIO with rank 281
333283512	ID:32	RPL: Sending a multicast-DIO with rank 498
336611394	ID:33	RPL: Sending a multicast-DIO with rank 292
337487520	ID:35	RPL: Sending a multicast-DIO with rank 345
337815405	ID:34	RPL: Sending a multicast-DIO with rank 281
338283512	ID:32	RPL: Sending a multicast-DIO with rank 498
341611394	ID:33	RPL: Sending a multicast-DIO with rank 292
342487520	ID:35	RPL: Sending a multicast-DIO with rank 345
342815405	ID:34	RPL: Sending a multicast-DIO with rank 281
343283512	ID:32	RPL: Sending a multicast-DIO with rank 498
346611394	ID:33	RPL: Sending a multicast-DIO with rank 292
347487520	ID:35	RPL: Sending a multicast-DIO with rank 345
347815405	ID:34	RPL: Sending a multicast-DIO with rank 281
348283512	ID:32	RPL: Sending a multicast-DIO with rank 498
351611394	ID:33	RPL: Sending a multicast-DIO with rank 292
352487520	ID:35	RPL: Sending a multicast-DIO with rank 345
352815405	ID:34	RPL: Sending a multicast-DIO with rank 281
353283518	ID:32	RPL: Sending a multicast-DIO with rank 498
356611394	ID:33	RPL: Sending a multicast-DIO with rank 292
357487520	ID:35	RPL: Sending a multicast-DIO with rank 345
357815405	ID:34	RPL: Sending a multicast-DIO with rank 281
358283512	ID:32	RPL: Sending a multicast-DIO with rank 498
361611394	ID:33	RPL: Sending a multicast-DIO with rank 292
362100104	ID:36	RPL: Sending a DIS to fe80::c30c:0:0:8
362487520	ID:35	RPL: Sending a multicast-DIO with rank 345
362815405	ID:34	RPL: Sending a multicast-DIO with rank 281
363283512	ID:32	RPL: Sending a multicast-DIO with rank 498
366611394	ID:33	RPL: Sending a multicast-DIO with rank 292
367487520	ID:35	RPL: Sending a multicast-DIO with rank 345
367815405	ID:34	RPL: Sending a multicast-DIO with rank 281
368283512	ID:32	RPL: Sending a multicast-DIO with rank 498
371611394	ID:33	RPL: Sending a multicast-DIO with rank 292
372487520	ID:35	RPL: Sending a multicast-DIO with rank 345
372815405	ID:34	RPL: Sending a multicast-DIO with rank 281
373283512	ID:32	RPL: Sending a multicast-DIO with rank 498
376611401	ID:33	RPL: Sending a multicast-DIO with rank 292
377487520	ID:35	RPL: Sending a multicast-DIO with rank 345
377815405	ID:34	RPL: Sending a multicast-DIO with rank 281
378283512	ID:32	RPL: Sending a multicast-DIO with rank 498
381611394	ID:33	RPL: Sending a multicast-DIO with rank 292
382487520	ID:35	RPL: Sending a multicast-DIO with rank 345
382815405	ID:34	RPL: Sending a multicast-DIO with rank 281
383283512	ID:32	RPL: Sending a multicast-DIO with rank 498
386611394	ID:33	RPL: Sending a multicast-DIO with rank 292
387487520	ID:35	RPL: Sending a multicast-DIO with rank 345
387815405	ID:34	RPL: Sending a multicast-DIO with rank 281
388283512	ID:32	RPL: Sending a multicast-DIO with rank 498
391611394	ID:33	RPL: Sending a multicast-DIO with rank 292
392487520	ID:35	RPL: Sending a multicast-DIO with rank 345
392815405	ID:34	RPL: Sending a multicast-DIO with rank 281
393283512	ID:32	RPL: Sending a multicast-DIO with rank 498
396611394	ID:33	RPL: Sending a multicast-DIO with rank 292
397487520	ID:35	RPL: Sending a multicast-DIO with rank 345
397815405	ID:34	RPL: Sending a multicast-DIO with rank 281
398283512	ID:32	RPL: Sending a multicast-DIO with rank 498
401611394	ID:33	RPL: Sending a multicast-DIO with rank 292
402487520	ID:35	RPL: Sending a multicast-DIO with rank 345
402815405	ID:34	RPL: Sending a multicast-DIO with rank 281
403283512	ID:32	RPL: Sending a multicast-DIO with rank 498
406611394	ID:33	RPL: Sending a multicast-DIO with rank 292
407487520	ID:35	RPL: Sending a multicast-DIO with rank 345
407815405	ID:34	RPL: Sending a multicast-DIO with rank 281
408283512	ID:32	RPL: Sending a multicast-DIO with rank 498
411611394	ID:33	RPL: Sending a multicast-DIO with rank 292
412487520	ID:35	RPL: Sending a multicast-DIO with rank 345
412815405	ID:34	RPL: Sending a multicast-DIO with rank 281
413283512	ID:32	RPL: Sending a multicast-DIO with rank 498
416611394	ID:33	RPL: Sending a multicast-DIO with rank 292
417487520	ID:35	RPL: Sending a multicast-DIO with rank 345
417815405	ID:34	RPL: Sending a multicast-DIO with rank 281
418283512	ID:32	RPL: Sending a multicast-DIO with rank 498
421611394	ID:33	RPL: Sending a multicast-DIO with rank 292
422099536	ID:36	RPL: Sending a DIS to fe80::c30c:0:0:8
422487527	ID:35	RPL: Sending a multicast-DIO with rank 345
422815405	ID:34	RPL: Sending a multicast-DIO with rank 281
423283512	ID:32	RPL: Sending a multicast-DIO with rank 498
426611394	ID:33	RPL: Sending a multicast-DIO with rank 292
427487520	ID:35	RPL: Sending a multicast-DIO with rank 345
427815405	ID:34	RPL: Sending a multicast-DIO with rank 281
428283512	ID:32	RPL: Sending a multicast-DIO with rank 498
431611394	ID:33	RPL: Sending a multicast-DIO with rank 292
432487520	ID:35	RPL: Sending a multicast-DIO with rank 345
432815405	ID:34	RPL: Sending a multicast-DIO with rank 281
433283512	ID:32	RPL: Sending a multicast-DIO with rank 498
436611394	ID:33	RPL: Sending a multicast-DIO with rank 292
437487520	ID:35	RPL: Sending a multicast-DIO with rank 345
437815405	ID:34	RPL: Sending a multicast-DIO with rank 281
438283512	ID:32	RPL: Sending a multicast-DIO with rank 498
441611394	ID:33	RPL: Sending a multicast-DIO with rank 292
442487520	ID:35	RPL: Sending a multicast-DIO with rank 345
442815405	ID:34	RPL: Sending a multicast-DIO with rank 281
443283512	ID:32	RPL: Sending a multicast-DIO with rank 498
446611394	ID:33	RPL: Sending a multicast-DIO with rank 292
447487520	ID:35	RPL: Sending a multicast-DIO with rank 345
447815405	ID:34	RPL: Sending a multicast-DIO with rank 281
448283512	ID:32	RPL: Sending a multicast-DIO with rank 498
451611394	ID:33	RPL: Sending a multicast-DIO with rank 292
452487520	ID:35	RPL: Sending a multicast-DIO with rank 345
452815411	ID:34	RPL: Sending a multicast-DIO with rank 281
453283512	ID:32	RPL: Sending a multicast-DIO with rank 498
456611394	ID:33	RPL: Sending a multicast-DIO with rank 292
457487520	ID:35	RPL: Sending a multicast-DIO with rank 345
457815405	ID:34	RPL: Sending a multicast-DIO with rank 281
458283512	ID:32	RPL: Sending a multicast-DIO with rank 498
461611394	ID:33	RPL: Sending a multicast-DIO with rank 292
462487520	ID:35	RPL: Sending a multicast-DIO with rank 345
462815405	ID:34	RPL: Sending a multicast-DIO with rank 281
463283512	ID:32	RPL: Sending a multicast-DIO with rank 498
466611394	ID:33	RPL: Sending a multicast-DIO with rank 292
467487520	ID:35	RPL: Sending a multicast-DIO with rank 345
467815405	ID:34	RPL: Sending a multicast-DIO with rank 281
468283512	ID:32	RPL: Sending a multicast-DIO with rank 498
471611394	ID:33	RPL: Sending a multicast-DIO with rank 292
472487520	ID:35	RPL: Sending a multicast-DIO with rank 345
472815405	ID:34	RPL: Sending a multicast-DIO with rank 281
473283512	ID:32	RPL: Sending a multicast-DIO with rank 498
476611394	ID:33	RPL: Sending a multicast-DIO with rank 292
477487520	ID:35	RPL: Sending a multicast-DIO with rank 345
477815405	ID:34	RPL: Sending a multicast-DIO with rank 281
478283512	ID:32	RPL: Sending a multicast-DIO with rank 498
481611394	ID:33	RPL: Sending a multicast-DIO with rank 292
482099536	ID:36	RPL: Sending a DIS to fe80::c30c:0:0:8
482487520	ID:35	RPL: Sending a multicast-DIO with rank 345
482815405	ID:34	RPL: Sending a multicast-DIO with rank 281
483283512	ID:32	RPL: Sending a multicast-DIO with rank 498
486611394	ID:33	RPL: Sending a multicast-DIO with rank 292
487487520	ID:35	RPL: Sending a multicast-DIO with rank 345
487815405	ID:34	RPL: Sending a multicast-DIO with rank 281
488283512	ID:32	RPL: Sending a multicast-DIO with rank 498
491611394	ID:33	RPL: Sending a multicast-DIO with rank 292
492487520	ID:35	RPL: Sending a multicast-DIO with rank 345
492815405	ID:34	RPL: Sending a multicast-DIO with rank 281
493283512	ID:32	RPL: Sending a multicast-DIO with rank 498
496611394	ID:33	RPL: Sending a multicast-DIO with rank 292
497487520	ID:35	RPL: Sending a multicast-DIO with rank 345
497815405	ID:34	RPL: Sending a multicast-DIO with rank 281
498283512	ID:32	RPL: Sending a multicast-DIO with rank 498
501611394	ID:33	RPL: Sending a multicast-DIO with rank 292
502487520	ID:35	RPL: Sending a multicast-DIO with rank 345
502815405	ID:34	RPL: Sending a multicast-DIO with rank 281
503283512	ID:32	RPL: Sending a multicast-DIO with rank 498
506611394	ID:33	RPL: Sending a multicast-DIO with rank 292
507487520	ID:35	RPL: Sending a multicast-DIO with rank 345
507815405	ID:34	RPL: Sending a multicast-DIO with rank 281
508283512	ID:32	RPL: Sending a multicast-DIO with rank 498
511611394	ID:33	RPL: Sending a multicast-DIO with rank 292
512487520	ID:35	RPL: Sending a multicast-DIO with rank 345
512815405	ID:34	RPL: Sending a multicast-DIO with rank 281
513283512	ID:32	RPL: Sending a multicast-DIO with rank 498
516611394	ID:33	RPL: Sending a multicast-DIO with rank 292
517487520	ID:35	RPL: Sending a multicast-DIO with rank 345
517815405	ID:34	RPL: Sending a multicast-DIO with rank 281
518283512	ID:32	RPL: Sending a multicast-DIO with rank 498
521611394	ID:33	RPL: Sending a multicast-DIO with rank 292
522487520	ID:35	RPL: Sending a multicast-DIO with rank 345
522815405	ID:34	RPL: Sending a multicast-DIO with rank 281
523283512	ID:32	RPL: Sending a multicast-DIO with rank 498
526611394	ID:33	RPL: Sending a multicast-DIO with rank 292
527487520	ID:35	RPL: Sending a multicast-DIO with rank 345
527815405	ID:34	RPL: Sending a multicast-DIO with rank 281
528283512	ID:32	RPL: Sending a multicast-DIO with rank 498
531611394	ID:33	RPL: Sending a multicast-DIO with rank 292
532487520	ID:35	RPL: Sending a multicast-DIO with rank 345
532815405	ID:34	RPL: Sending a multicast-DIO with rank 281
533283512	ID:32	RPL: Sending a multicast-DIO with rank 498
536611394	ID:33	RPL: Sending a multicast-DIO with rank 292
537487520	ID:35	RPL: Sending a multicast-DIO with rank 345
537815405	ID:34	RPL: Sending a multicast-DIO with rank 281
538283512	ID:32	RPL: Sending a multicast-DIO with rank 498
541611394	ID:33	RPL: Sending a multicast-DIO with rank 292
542099536	ID:36	RPL: Sending a DIS to fe80::c30c:0:0:8
542487520	ID:35	RPL: Sending a multicast-DIO with rank 345
542815405	ID:34	RPL: Sending a multicast-DIO with rank 281
543283512	ID:32	RPL: Sending a multicast-DIO with rank 498
546611394	ID:33	RPL: Sending a multicast-DIO with rank 292
547487520	ID:35	RPL: Sending a multicast-DIO with rank 345
547815405	ID:34	RPL: Sending a multicast-DIO with rank 281
548283512	ID:32	RPL: Sending a multicast-DIO with rank 498
551611394	ID:33	RPL: Sending a multicast-DIO with rank 292
552487520	ID:35	RPL: Sending a multicast-DIO with rank 345
552815405	ID:34	RPL: Sending a multicast-DIO with rank 281
553283512	ID:32	RPL: Sending a multicast-DIO with rank 498
556611394	ID:33	RPL: Sending a multicast-DIO with rank 292
557487520	ID:35	RPL: Sending a multicast-DIO with rank 345
557815405	ID:34	RPL: Sending a multicast-DIO with rank 281
558283512	ID:32	RPL: Sending a multicast-DIO with rank 498
561611394	ID:33	RPL: Sending a multicast-DIO with rank 292
562487520	ID:35	RPL: Sending a multicast-DIO with rank 345
562815405	ID:34	RPL: Sending a multicast-DIO with rank 281
563283512	ID:32	RPL: Sending a multicast-DIO with rank 498
566611394	ID:33	RPL: Sending a multicast-DIO with rank 292
567487520	ID:35	RPL: Sending a multicast-DIO with rank 345
567815405	ID:34	RPL: Sending a multicast-DIO with rank 281
568283512	ID:32	RPL: Sending a multicast-DIO with rank 498
571611394	ID:33	RPL: Sending a multicast-DIO with rank 292
572487520	ID:35	RPL: Sending a multicast-DIO with rank 345
572815405	ID:34	RPL: Sending a multicast-DIO with rank 281
573283512	ID:32	RPL: Sending a multicast-DIO with rank 498
576611394	ID:33	RPL: Sending a multicast-DIO with rank 292
577487520	ID:35	RPL: Sending a multicast-DIO with rank 345
577815405	ID:34	RPL: Sending a multicast-DIO with rank 281
578283512	ID:32	RPL: Sending a multicast-DIO with rank 498
581611394	ID:33	RPL: Sending a multicast-DIO with rank 292
582487520	ID:35	RPL: Sending a multicast-DIO with rank 345
582815405	ID:34	RPL: Sending a multicast-DIO with rank 281
583283512	ID:32	RPL: Sending a multicast-DIO with rank 498
586611394	ID:33	RPL: Sending a multicast-DIO with rank 292
587487520	ID:35	RPL: Sending a multicast-DIO with rank 345
587815405	ID:34	RPL: Sending a multicast-DIO with rank 281
588283512	ID:32	RPL: Sending a multicast-DIO with rank 498
591611394	ID:33	RPL: Sending a multicast-DIO with rank 292
592487520	ID:35	RPL: Sending a multicast-DIO with rank 345
592815405	ID:34	RPL: Sending a multicast-DIO with rank 281
593283512	ID:32	RPL: Sending a multicast-DIO with rank 498
596611394	ID:33	RPL: Sending a multicast-DIO with rank 292
597487520	ID:35	RPL: Sending a multicast-DIO with rank 345
597815405	ID:34	RPL: Sending a multicast-DIO with rank 281
598283512	ID:32	RPL: Sending a multicast-DIO with rank 498
601611394	ID:33	RPL: Sending a multicast-DIO with rank 292
602099536	ID:36	RPL: Sending a DIS to fe80::c30c:0:0:8
602487520	ID:35	RPL: Sending a multicast-DIO with rank 345
602815405	ID:34	RPL: Sending a multicast-DIO with rank 281
603283512	ID:32	RPL: Sending a multicast-DIO with rank 498
606611394	ID:33	RPL: Sending a multicast-DIO with rank 292
607487520	ID:35	RPL: Sending a multicast-DIO with rank 345
607815405	ID:34	RPL: Sending a multicast-DIO with rank 281
608283512	ID:32	RPL: Sending a multicast-DIO with rank 498
611611394	ID:33	RPL: Sending a multicast-DIO with rank 292
612487520	ID:35	RPL: Sending a multicast-DIO with rank 345
612815405	ID:34	RPL: Sending a multicast-DIO with rank 281
613283512	ID:32	RPL: Sending a multicast-DIO with rank 498
616611394	ID:33	RPL: Sending a multicast-DIO with rank 292
617487520	ID:35	RPL: Sending a multicast-DIO with rank 345
617815405	ID:34	RPL: Sending a multicast-DIO with rank 281
618283512	ID:32	RPL: Sending a multicast-DIO with rank 498
621611394	ID:33	RPL: Sending a multicast-DIO with rank 292
622487520	ID:35	RPL: Sending a multicast-DIO with rank 345
622815405	ID:34	RPL: Sending a multicast-DIO with rank 281
623283512	ID:32	RPL: Sending a multicast-DIO with rank 498
626611394	ID:33	RPL: Sending a multicast-DIO with rank 292
627487520	ID:35	RPL: Sending a multicast-DIO with rank 345
627815405	ID:34	RPL: Sending a multicast-DIO with rank 281
628283512	ID:32	RPL: Sending a multicast-DIO with rank 498
631611394	ID:33	RPL: Sending a multicast-DIO with rank 292
632487520	ID:35	RPL: Sending a multicast-DIO with rank 345
632815405	ID:34	RPL: Sending a multicast-DIO with rank 281
633283512	ID:32	RPL: Sending a multicast-DIO with rank 498
636611394	ID:33	RPL: Sending a multicast-DIO with rank 292
637487520	ID:35	RPL: Sending a multicast-DIO with rank 345
637815405	ID:34	RPL: Sending a multicast-DIO with rank 281
638283512	ID:32	RPL: Sending a multicast-DIO with rank 498
641611394	ID:33	RPL: Sending a multicast-DIO with rank 292
642487520	ID:35	RPL: Sending a multicast-DIO with rank 345
642815405	ID:34	RPL: Sending a multicast-DIO with rank 281
643283512	ID:32	RPL: Sending a multicast-DIO with rank 498
646611394	ID:33	RPL: Sending a multicast-DIO with rank 292
647487520	ID:35	RPL: Sending a multicast-DIO with rank 345
647815405	ID:34	RPL: Sending a multicast-DIO with rank 281
648283512	ID:32	RPL: Sending a multicast-DIO with rank 498
651611394	ID:33	RPL: Sending a multicast-DIO with rank 292
652487520	ID:35	RPL: Sending a multicast-DIO with rank 345
652815405	ID:34	RPL: Sending a multicast-DIO with rank 281
653283512	ID:32	RPL: Sending a multicast-DIO with rank 498
656611394	ID:33	RPL: Sending a multicast-DIO with rank 292
657487520	ID:35	RPL: Sending a multicast-DIO with rank 345
657815405	ID:34	RPL: Sending a multicast-DIO with rank 281
658283512	ID:32	RPL: Sending a multicast-DIO with rank 498
661611394	ID:33	RPL: Sending a multicast-DIO with rank 292
662099536	ID:36	RPL: Sending a DIS to fe80::c30c:0:0:8
662487520	ID:35	RPL: Sending a multicast-DIO with rank 345
662815405	ID:34	RPL: Sending a multicast-DIO with rank 281
663283512	ID:32	RPL: Sending a multicast-DIO with rank 498
666611394	ID:33	RPL: Sending a multicast-DIO with rank 292
667487520	ID:35	RPL: Sending a multicast-DIO with rank 345
667815405	ID:34	RPL: Sending a multicast-DIO with rank 281
668283512	ID:32	RPL: Sending a multicast-DIO with rank 498
671611394	ID:33	RPL: Sending a multicast-DIO with rank 292
672487520	ID:35	RPL: Sending a multicast-DIO with rank 345
672815405	ID:34	RPL: Sending a multicast-DIO with rank 281
673283512	ID:32	RPL: Sending a multicast-DIO with rank 498
676611394	ID:33	RPL: Sending a multicast-DIO with rank 292
677487520	ID:35	RPL: Sending a multicast-DIO with rank 345
677815405	ID:34	RPL: Sending a multicast-DIO with rank 281
678283512	ID:32	RPL: Sending a multicast-DIO with rank 498
681611394	ID:33	RPL: Sending a multicast-DIO with rank 292
682487520	ID:35	RPL: Sending a multicast-DIO with rank 345
682815405	ID:34	RPL: Sending a multicast-DIO with rank 281
683283512	ID:32	RPL: Sending a multicast-DIO with rank 498
686611394	ID:33	RPL: Sending a multicast-DIO with rank 292
687487520	ID:35	RPL: Sending a multicast-DIO with rank 345
687815405	ID:34	RPL: Sending a multicast-DIO with rank 281
688283512	ID:32	RPL: Sending a multicast-DIO with rank 498
691611395	ID:33	RPL: Sending a multicast-DIO with rank 292
692487521	ID:35	RPL: Sending a multicast-DIO with rank 345
692815405	ID:34	RPL: Sending a multicast-DIO with rank 281
693283512	ID:32	RPL: Sending a multicast-DIO with rank 498
696611395	ID:33	RPL: Sending a multicast-DIO with rank 292
697487521	ID:35	RPL: Sending a multicast-DIO with rank 345
697815405	ID:34	RPL: Sending a multicast-DIO with rank 281
698283512	ID:32	RPL: Sending a multicast-DIO with rank 498
701611395	ID:33	RPL: Sending a multicast-DIO with rank 292
702487521	ID:35	RPL: Sending a multicast-DIO with rank 345
702815405	ID:34	RPL: Sending a multicast-DIO with rank 281
703283512	ID:32	RPL: Sending a multicast-DIO with rank 498
706611395	ID:33	RPL: Sending a multicast-DIO with rank 292
707487521	ID:35	RPL: Sending a multicast-DIO with rank 345
707815405	ID:34	RPL: Sending a multicast-DIO with rank 281
708283512	ID:32	RPL: Sending a multicast-DIO with rank 498
711611401	ID:33	RPL: Sending a multicast-DIO with rank 292
712487520	ID:35	RPL: Sending a multicast-DIO with rank 345
712815405	ID:34	RPL: Sending a multicast-DIO with rank 281
713283512	ID:32	RPL: Sending a multicast-DIO with rank 498
716611395	ID:33	RPL: Sending a multicast-DIO with rank 292
717487521	ID:35	RPL: Sending a multicast-DIO with rank 345
717815405	ID:34	RPL: Sending a multicast-DIO with rank 281
718283512	ID:32	RPL: Sending a multicast-DIO with rank 498
721611395	ID:33	RPL: Sending a multicast-DIO with rank 292
722099536	ID:36	RPL: Sending a DIS to fe80::c30c:0:0:8
722487521	ID:35	RPL: Sending a multicast-DIO with rank 345
722815405	ID:34	RPL: Sending a multicast-DIO with rank 281
723283512	ID:32	RPL: Sending a multicast-DIO with rank 498
726611395	ID:33	RPL: Sending a multicast-DIO with rank 292
727487521	ID:35	RPL: Sending a multicast-DIO with rank 345
727815405	ID:34	RPL: Sending a multicast-DIO with rank 281
728283512	ID:32	RPL: Sending a multicast-DIO with rank 498
731611395	ID:33	RPL: Sending a multicast-DIO with rank 292
732487521	ID:35	RPL: Sending a multicast-DIO with rank 345
732815405	ID:34	RPL: Sending a multicast-DIO with rank 281
733283512	ID:32	RPL: Sending a multicast-DIO with rank 498
736611395	ID:33	RPL: Sending a multicast-DIO with rank 292
737487521	ID:35	RPL: Sending a multicast-DIO with rank 345
737815405	ID:34	RPL: Sending a multicast-DIO with rank 281
738283512	ID:32	RPL: Sending a multicast-DIO with rank 498
741611395	ID:33	RPL: Sending a multicast-DIO with rank 292
742487521	ID:35	RPL: Sending a multicast-DIO with rank 345
742815405	ID:34	RPL: Sending a multicast-DIO with rank 281
743283512	ID:32	RPL: Sending a multicast-DIO with rank 498
746611395	ID:33	RPL: Sending a multicast-DIO with rank 292
747487521	ID:35	RPL: Sending a multicast-DIO with rank 345
747815405	ID:34	RPL: Sending a multicast-DIO with rank 281
748283512	ID:32	RPL: Sending a multicast-DIO with rank 498
751611395	ID:33	RPL: Sending a multicast-DIO with rank 292
752487521	ID:35	RPL: Sending a multicast-DIO with rank 345
752815405	ID:34	RPL: Sending a multicast-DIO with rank 281
753283512	ID:32	RPL: Sending a multicast-DIO with rank 498
756611395	ID:33	RPL: Sending a multicast-DIO with rank 292
757487521	ID:35	RPL: Sending a multicast-DIO with rank 345
757815405	ID:34	RPL: Sending a multicast-DIO with rank 281
758283512	ID:32	RPL: Sending a multicast-DIO with rank 498
761611395	ID:33	RPL: Sending a multicast-DIO with rank 292
762487521	ID:35	RPL: Sending a multicast-DIO with rank 345
762815405	ID:34	RPL: Sending a multicast-DIO with rank 281
763283512	ID:32	RPL: Sending a multicast-DIO with rank 498
766611395	ID:33	RPL: Sending a multicast-DIO with rank 292
767487521	ID:35	RPL: Sending a multicast-DIO with rank 345
767815405	ID:34	RPL: Sending a multicast-DIO with rank 281
768283512	ID:32	RPL: Sending a multicast-DIO with rank 498
771611395	ID:33	RPL: Sending a multicast-DIO with rank 292
772487521	ID:35	RPL: Sending a multicast-DIO with rank 345
772815405	ID:34	RPL: Sending a multicast-DIO with rank 281
773283512	ID:32	RPL: Sending a multicast-DIO with rank 498
776611395	ID:33	RPL: Sending a multicast-DIO with rank 292
777487521	ID:35	RPL: Sending a multicast-DIO with rank 345
777815405	ID:34	RPL: Sending a multicast-DIO with rank 281
778283512	ID:32	RPL: Sending a multicast-DIO with rank 498
781611395	ID:33	RPL: Sending a multicast-DIO with rank 292
782099537	ID:36	RPL: Sending a DIS to fe80::c30c:0:0:8
782487521	ID:35	RPL: Sending a multicast-DIO with rank 345
782815405	ID:34	RPL: Sending a multicast-DIO with rank 281
783283512	ID:32	RPL: Sending a multicast-DIO with rank 498
786611395	ID:33	RPL: Sending a multicast-DIO with rank 292
787487521	ID:35	RPL: Sending a multicast-DIO with rank 345
787815405	ID:34	RPL: Sending a multicast-DIO with rank 281
788283512	ID:32	RPL: Sending a multicast-DIO with rank 498
791611395	ID:33	RPL: Sending a multicast-DIO with rank 292
792487521	ID:35	RPL: Sending a multicast-DIO with rank 345
792815405	ID:34	RPL: Sending a multicast-DIO with rank 281
793283512	ID:32	RPL: Sending a multicast-DIO with rank 498
796611395	ID:33	RPL: Sending a multicast-DIO with rank 292
797487520	ID:35	RPL: Sending a multicast-DIO with rank 345
797815405	ID:34	RPL: Sending a multicast-DIO with rank 281
798283519	ID:32	RPL: Sending a multicast-DIO with rank 498
801611395	ID:33	RPL: Sending a multicast-DIO with rank 292
802487520	ID:35	RPL: Sending a multicast-DIO with rank 345
802815405	ID:34	RPL: Sending a multicast-DIO with rank 281
803283512	ID:32	RPL: Sending a multicast-DIO with rank 498
806611395	ID:33	RPL: Sending a multicast-DIO with rank 292
807487521	ID:35	RPL: Sending a multicast-DIO with rank 345
807815405	ID:34	RPL: Sending a multicast-DIO with rank 281
808283512	ID:32	RPL: Sending a multicast-DIO with rank 498
811611395	ID:33	RPL: Sending a multicast-DIO with rank 292
812487521	ID:35	RPL: Sending a multicast-DIO with rank 345
812815405	ID:34	RPL: Sending a multicast-DIO with rank 281
813283512	ID:32	RPL: Sending a multicast-DIO with rank 498
816611395	ID:33	RPL: Sending a multicast-DIO with rank 292
817487521	ID:35	RPL: Sending a multicast-DIO with rank 345
817815405	ID:34	RPL: Sending a multicast-DIO with rank 281
818283512	ID:32	RPL: Sending a multicast-DIO with rank 498
821611395	ID:33	RPL: Sending a multicast-DIO with rank 292
822487520	ID:35	RPL: Sending a multicast-DIO with rank 345
822815405	ID:34	RPL: Sending a multicast-DIO with rank 281
823283512	ID:32	RPL: Sending a multicast-DIO with rank 498
826611395	ID:33	RPL: Sending a multicast-DIO with rank 292
827487521	ID:35	RPL: Sending a multicast-DIO with rank 345
827815405	ID:34	RPL: Sending a multicast-DIO with rank 281
828283512	ID:32	RPL: Sending a multicast-DIO with rank 498
831611395	ID:33	RPL: Sending a multicast-DIO with rank 292
832487527	ID:35	RPL: Sending a multicast-DIO with rank 345
832815405	ID:34	RPL: Sending a multicast-DIO with rank 281
833283512	ID:32	RPL: Sending a multicast-DIO with rank 498
836611395	ID:33	RPL: Sending a multicast-DIO with rank 292
837487521	ID:35	RPL: Sending a multicast-DIO with rank 345
837815405	ID:34	RPL: Sending a multicast-DIO with rank 281
838283512	ID:32	RPL: Sending a multicast-DIO with rank 498
841611394	ID:33	RPL: Sending a multicast-DIO with rank 292
842099537	ID:36	RPL: Sending a DIS to fe80::c30c:0:0:8
842487521	ID:35	RPL: Sending a multicast-DIO with rank 345
842815412	ID:34	RPL: Sending a multicast-DIO with rank 281
843283512	ID:32	RPL: Sending a multicast-DIO with rank 498
846611395	ID:33	RPL: Sending a multicast-DIO with rank 292
847487521	ID:35	RPL: Sending a multicast-DIO with rank 345
847815405	ID:34	RPL: Sending a multicast-DIO with rank 281
848283512	ID:32	RPL: Sending a multicast-DIO with rank 498
851611395	ID:33	RPL: Sending a multicast-DIO with rank 292
852487520	ID:35	RPL: Sending a multicast-DIO with rank 345
852815405	ID:34	RPL: Sending a multicast-DIO with rank 281
853283512	ID:32	RPL: Sending a multicast-DIO with rank 498
856611395	ID:33	RPL: Sending a multicast-DIO with rank 292
857487521	ID:35	RPL: Sending a multicast-DIO with rank 345
857815405	ID:34	RPL: Sending a multicast-DIO with rank 281
858283512	ID:32	RPL: Sending a multicast-DIO with rank 498
861611394	ID:33	RPL: Sending a multicast-DIO with rank 292
862487520	ID:35	RPL: Sending a multicast-DIO with rank 345
862815405	ID:34	RPL: Sending a multicast-DIO with rank 281
863283512	ID:32	RPL: Sending a multicast-DIO with rank 498
866611395	ID:33	RPL: Sending a multicast-DIO with rank 292
867487521	ID:35	RPL: Sending a multicast-DIO with rank 345
867815405	ID:34	RPL: Sending a multicast-DIO with rank 281
868283512	ID:32	RPL: Sending a multicast-DIO with rank 498
871611395	ID:33	RPL: Sending a multicast-DIO with rank 292
872487521	ID:35	RPL: Sending a multicast-DIO with rank 345
872815405	ID:34	RPL: Sending a multicast-DIO with rank 281
873283512	ID:32	RPL: Sending a multicast-DIO with rank 498
876611395	ID:33	RPL: Sending a multicast-DIO with rank 292
877487520	ID:35	RPL: Sending a multicast-DIO with rank 345
877815405	ID:34	RPL: Sending a multicast-DIO with rank 281
878283512	ID:32	RPL: Sending a multicast-DIO with rank 498
881611395	ID:33	RPL: Sending a multicast-DIO with rank 292
882487521	ID:35	RPL: Sending a multicast-DIO with rank 345
882815405	ID:34	RPL: Sending a multicast-DIO with rank 281
883283512	ID:32	RPL: Sending a multicast-DIO with rank 498
886611395	ID:33	RPL: Sending a multicast-DIO with rank 292
887487521	ID:35	RPL: Sending a multicast-DIO with rank 345
887815405	ID:34	RPL: Sending a multicast-DIO with rank 281
888283512	ID:32	RPL: Sending a multicast-DIO with rank 498
891611395	ID:33	RPL: Sending a multicast-DIO with rank 292
892487521	ID:35	RPL: Sending a multicast-DIO with rank 345
892815405	ID:34	RPL: Sending a multicast-DIO with rank 281
893283512	ID:32	RPL: Sending a multicast-DIO with rank 498
896611395	ID:33	RPL: Sending a multicast-DIO with rank 292
897487521	ID:35	RPL: Sending a multicast-DIO with rank 345
897815405	ID:34	RPL: Sending a multicast-DIO with rank 281
898283512	ID:32	RPL: Sending a multicast-DIO with rank 498
901611395	ID:33	RPL: Sending a multicast-DIO with rank 292
902099537	ID:36	RPL: Sending a DIS to fe80::c30c:0:0:8
902487521	ID:35	RPL: Sending a multicast-DIO with rank 345
902815405	ID:34	RPL: Sending a multicast-DIO with rank 281
903283512	ID:32	RPL: Sending a multicast-DIO with rank 498
906611395	ID:33	RPL: Sending a multicast-DIO with rank 292
907487521	ID:35	RPL: Sending a multicast-DIO with rank 345
907815405	ID:34	RPL: Sending a multicast-DIO with rank 281
908283512	ID:32	RPL: Sending a multicast-DIO with rank 498
911611395	ID:33	RPL: Sending a multicast-DIO with rank 292
912487520	ID:35	RPL: Sending a multicast-DIO with rank 345
912815405	ID:34	RPL: Sending a multicast-DIO with rank 281
913283512	ID:32	RPL: Sending a multicast-DIO with rank 498
916611395	ID:33	RPL: Sending a multicast-DIO with rank 292
917487521	ID:35	RPL: Sending a multicast-DIO with rank 345
917815405	ID:34	RPL: Sending a multicast-DIO with rank 281
918283512	ID:32	RPL: Sending a multicast-DIO with rank 498
921611395	ID:33	RPL: Sending a multicast-DIO with rank 292
922487520	ID:35	RPL: Sending a multicast-DIO with rank 345
922815405	ID:34	RPL: Sending a multicast-DIO with rank 281
923283512	ID:32	RPL: Sending a multicast-DIO with rank 498
926611394	ID:33	RPL: Sending a multicast-DIO with rank 292
927487521	ID:35	RPL: Sending a multicast-DIO with rank 345
927815405	ID:34	RPL: Sending a multicast-DIO with rank 281
928283512	ID:32	RPL: Sending a multicast-DIO with rank 498
931611395	ID:33	RPL: Sending a multicast-DIO with rank 292
932487521	ID:35	RPL: Sending a multicast-DIO with rank 345
932815405	ID:34	RPL: Sending a multicast-DIO with rank 281
933283512	ID:32	RPL: Sending a multicast-DIO with rank 498
936611395	ID:33	RPL: Sending a multicast-DIO with rank 292
937487521	ID:35	RPL: Sending a multicast-DIO with rank 345
937815405	ID:34	RPL: Sending a multicast-DIO with rank 281
938283512	ID:32	RPL: Sending a multicast-DIO with rank 498
941611395	ID:33	RPL: Sending a multicast-DIO with rank 292
942487521	ID:35	RPL: Sending a multicast-DIO with rank 345
942815405	ID:34	RPL: Sending a multicast-DIO with rank 281
943283512	ID:32	RPL: Sending a multicast-DIO with rank 498
946611395	ID:33	RPL: Sending a multicast-DIO with rank 292
947487520	ID:35	RPL: Sending a multicast-DIO with rank 345
947815405	ID:34	RPL: Sending a multicast-DIO with rank 281
948283512	ID:32	RPL: Sending a multicast-DIO with rank 498
951611395	ID:33	RPL: Sending a multicast-DIO with rank 292
952487520	ID:35	RPL: Sending a multicast-DIO with rank 345
952815405	ID:34	RPL: Sending a multicast-DIO with rank 281
953283512	ID:32	RPL: Sending a multicast-DIO with rank 498
956611395	ID:33	RPL: Sending a multicast-DIO with rank 292
957487521	ID:35	RPL: Sending a multicast-DIO with rank 345
957815405	ID:34	RPL: Sending a multicast-DIO with rank 281
958283512	ID:32	RPL: Sending a multicast-DIO with rank 498
961611395	ID:33	RPL: Sending a multicast-DIO with rank 292
962099537	ID:36	RPL: Sending a DIS to fe80::c30c:0:0:8
962487520	ID:35	RPL: Sending a multicast-DIO with rank 345
962815405	ID:34	RPL: Sending a multicast-DIO with rank 281
963283512	ID:32	RPL: Sending a multicast-DIO with rank 498
966611395	ID:33	RPL: Sending a multicast-DIO with rank 292
967487520	ID:35	RPL: Sending a multicast-DIO with rank 345
967815405	ID:34	RPL: Sending a multicast-DIO with rank 281
968283512	ID:32	RPL: Sending a multicast-DIO with rank 498
971611395	ID:33	RPL: Sending a multicast-DIO with rank 292
972487521	ID:35	RPL: Sending a multicast-DIO with rank 345
972815405	ID:34	RPL: Sending a multicast-DIO with rank 281
973283512	ID:32	RPL: Sending a multicast-DIO with rank 498
976611395	ID:33	RPL: Sending a multicast-DIO with rank 292
977487521	ID:35	RPL: Sending a multicast-DIO with rank 345
977815405	ID:34	RPL: Sending a multicast-DIO with rank 281
978283512	ID:32	RPL: Sending a multicast-DIO with rank 498
981611395	ID:33	RPL: Sending a multicast-DIO with rank 292
982487521	ID:35	RPL: Sending a multicast-DIO with rank 345
982815405	ID:34	RPL: Sending a multicast-DIO with rank 281
983283512	ID:32	RPL: Sending a multicast-DIO with rank 498
986611395	ID:33	RPL: Sending a multicast-DIO with rank 292
987487521	ID:35	RPL: Sending a multicast-DIO with rank 345
987815405	ID:34	RPL: Sending a multicast-DIO with rank 281
988283512	ID:32	RPL: Sending a multicast-DIO with rank 498
991611395	ID:33	RPL: Sending a multicast-DIO with rank 292
992487521	ID:35	RPL: Sending a multicast-DIO with rank 345
992815405	ID:34	RPL: Sending a multicast-DIO with rank 281
993283512	ID:32	RPL: Sending a multicast-DIO with rank 498
996611395	ID:33	RPL: Sending a multicast-DIO with rank 292
997487521	ID:35	RPL: Sending a multicast-DIO with rank 345
997815405	ID:34	RPL: Sending a multicast-DIO with rank 281
998283512	ID:32	RPL: Sending a multicast-DIO with rank 498
1001611395	ID:33	RPL: Sending a multicast-DIO with rank 292
1002487521	ID:35	RPL: Sending a multicast-DIO with rank 345
1002815405	ID:34	RPL: Sending a multicast-DIO with rank 281
1003283512	ID:32	RPL: Sending a multicast-DIO with rank 498
1006611395	ID:33	RPL: Sending a multicast-DIO with rank 292
1007487521	ID:35	RPL: Sending a multicast-DIO with rank 345
1007815405	ID:34	RPL: Sending a multicast-DIO with rank 281
1008283512	ID:32	RPL: Sending a multicast-DIO with rank 498
1011611395	ID:33	RPL: Sending a multicast-DIO with rank 292
1012487521	ID:35	RPL: Sending a multicast-DIO with rank 345
1012815405	ID:34	RPL: Sending a multicast-DIO with rank 281
1013283512	ID:32	RPL: Sending a multicast-DIO with rank 498
1016611395	ID:33	RPL: Sending a multicast-DIO with rank 292
1017487520	ID:35	RPL: Sending a multicast-DIO with rank 345
1017815405	ID:34	RPL: Sending a multicast-DIO with rank 281
1018283512	ID:32	RPL: Sending a multicast-DIO with rank 498
1021611395	ID:33	RPL: Sending a multicast-DIO with rank 292
1022099537	ID:36	RPL: Sending a DIS to fe80::c30c:0:0:8
1022487521	ID:35	RPL: Sending a multicast-DIO with rank 345
1022815405	ID:34	RPL: Sending a multicast-DIO with rank 281
1023283512	ID:32	RPL: Sending a multicast-DIO with rank 498
1026611395	ID:33	RPL: Sending a multicast-DIO with rank 292
1027487521	ID:35	RPL: Sending a multicast-DIO with rank 345
1027815406	ID:34	RPL: Sending a multicast-DIO with rank 281
1028283513	ID:32	RPL: Sending a multicast-DIO with rank 498
1031611395	ID:33	RPL: Sending a multicast-DIO with rank 292
1032487521	ID:35	RPL: Sending a multicast-DIO with rank 345
1032815406	ID:34	RPL: Sending a multicast-DIO with rank 281
1033283513	ID:32	RPL: Sending a multicast-DIO with rank 498
1036611395	ID:33	RPL: Sending a multicast-DIO with rank 292
1037487521	ID:35	RPL: Sending a multicast-DIO with rank 345
1037815406	ID:34	RPL: Sending a multicast-DIO with rank 281
1038283513	ID:32	RPL: Sending a multicast-DIO with rank 498
1041611395	ID:33	RPL: Sending a multicast-DIO with rank 292
1042487521	ID:35	RPL: Sending a multicast-DIO with rank 345
1042815406	ID:34	RPL: Sending a multicast-DIO with rank 281
1043283513	ID:32	RPL: Sending a multicast-DIO with rank 498
1046611395	ID:33	RPL: Sending a multicast-DIO with rank 292
1047487521	ID:35	RPL: Sending a multicast-DIO with rank 345
1047815406	ID:34	RPL: Sending a multicast-DIO with rank 281
1048283513	ID:32	RPL: Sending a multicast-DIO with rank 498
1051611395	ID:33	RPL: Sending a multicast-DIO with rank 292
1052487521	ID:35	RPL: Sending a multicast-DIO with rank 345
1052815406	ID:34	RPL: Sending a multicast-DIO with rank 281
1053283513	ID:32	RPL: Sending a multicast-DIO with rank 498
1056611395	ID:33	RPL: Sending a multicast-DIO with rank 292
1057487521	ID:35	RPL: Sending a multicast-DIO with rank 345
1057815406	ID:34	RPL: Sending a multicast-DIO with rank 281
1058283513	ID:32	RPL: Sending a multicast-DIO with rank 498
1061611395	ID:33	RPL: Sending a multicast-DIO with rank 292
1062487521	ID:35	RPL: Sending a multicast-DIO with rank 345
1062815406	ID:34	RPL: Sending a multicast-DIO with rank 281
1063283513	ID:32	RPL: Sending a multicast-DIO with rank 498
1066611395	ID:33	RPL: Sending a multicast-DIO with rank 292
1067487521	ID:35	RPL: Sending a multicast-DIO with rank 345
1067815406	ID:34	RPL: Sending a multicast-DIO with rank 281
1068283513	ID:32	RPL: Sending a multicast-DIO with rank 498
1071611402	ID:33	RPL: Sending a multicast-DIO with rank 292
1072487521	ID:35	RPL: Sending a multicast-DIO with rank 345
1072815406	ID:34	RPL: Sending a multicast-DIO with rank 281
1073283513	ID:32	RPL: Sending a multicast-DIO with rank 498
1076611395	ID:33	RPL: Sending a multicast-DIO with rank 292
1077487521	ID:35	RPL: Sending a multicast-DIO with rank 345
1077815406	ID:34	RPL: Sending a multicast-DIO with rank 281
1078283513	ID:32	RPL: Sending a multicast-DIO with rank 498
1081611395	ID:33	RPL: Sending a multicast-DIO with rank 292
1082099537	ID:36	RPL: Sending a DIS to fe80::c30c:0:0:8
1082487521	ID:35	RPL: Sending a multicast-DIO with rank 345
1082815406	ID:34	RPL: Sending a multicast-DIO with rank 281
1083283513	ID:32	RPL: Sending a multicast-DIO with rank 498
1086611395	ID:33	RPL: Sending a multicast-DIO with rank 292
1087487521	ID:35	RPL: Sending a multicast-DIO with rank 345
1087815406	ID:34	RPL: Sending a multicast-DIO with rank 281
1088283513	ID:32	RPL: Sending a multicast-DIO with rank 498
1091611395	ID:33	RPL: Sending a multicast-DIO with rank 292
1092487521	ID:35	RPL: Sending a multicast-DIO with rank 345
1092815406	ID:34	RPL: Sending a multicast-DIO with rank 281
1093283513	ID:32	RPL: Sending a multicast-DIO with rank 498
1096611395	ID:33	RPL: Sending a multicast-DIO with rank 292
1097487521	ID:35	RPL: Sending a multicast-DIO with rank 345
1097815406	ID:34	RPL: Sending a multicast-DIO with rank 281
1098283513	ID:32	RPL: Sending a multicast-DIO with rank 498
1101611395	ID:33	RPL: Sending a multicast-DIO with rank 292
1102487521	ID:35	RPL: Sending a multicast-DIO with rank 345
1102815406	ID:34	RPL: Sending a multicast-DIO with rank 281
1103283513	ID:32	RPL: Sending a multicast-DIO with rank 498
1106611395	ID:33	RPL: Sending a multicast-DIO with rank 292
1107487521	ID:35	RPL: Sending a multicast-DIO with rank 345
1107815406	ID:34	RPL: Sending a multicast-DIO with rank 281
1108283513	ID:32	RPL: Sending a multicast-DIO with rank 498
1111611395	ID:33	RPL: Sending a multicast-DIO with rank 292
1112487521	ID:35	RPL: Sending a multicast-DIO with rank 345
1112815406	ID:34	RPL: Sending a multicast-DIO with rank 281
1113283513	ID:32	RPL: Sending a multicast-DIO with rank 498
1116611395	ID:33	RPL: Sending a multicast-DIO with rank 292
1117487521	ID:35	RPL: Sending a multicast-DIO with rank 345
1117815406	ID:34	RPL: Sending a multicast-DIO with rank 281
1118283513	ID:32	RPL: Sending a multicast-DIO with rank 498
1121611395	ID:33	RPL: Sending a multicast-DIO with rank 292
1122487521	ID:35	RPL: Sending a multicast-DIO with rank 345
1122815406	ID:34	RPL: Sending a multicast-DIO with rank 281
1123283513	ID:32	RPL: Sending a multicast-DIO with rank 498
1126611395	ID:33	RPL: Sending a multicast-DIO with rank 292
1127487521	ID:35	RPL: Sending a multicast-DIO with rank 345
1127815406	ID:34	RPL: Sending a multicast-DIO with rank 281
1128283513	ID:32	RPL: Sending a multicast-DIO with rank 498
1131611395	ID:33	RPL: Sending a multicast-DIO with rank 292
1132487521	ID:35	RPL: Sending a multicast-DIO with rank 345
1132815406	ID:34	RPL: Sending a multicast-DIO with rank 281
1133283520	ID:32	RPL: Sending a multicast-DIO with rank 498
1136611395	ID:33	RPL: Sending a multicast-DIO with rank 292
1137487521	ID:35	RPL: Sending a multicast-DIO with rank 345
1137815406	ID:34	RPL: Sending a multicast-DIO with rank 281
1138283513	ID:32	RPL: Sending a multicast-DIO with rank 498
1141611395	ID:33	RPL: Sending a multicast-DIO with rank 292
1142099537	ID:36	RPL: Sending a DIS to fe80::c30c:0:0:8
1142487521	ID:35	RPL: Sending a multicast-DIO with rank 345
1142815406	ID:34	RPL: Sending a multicast-DIO with rank 281
1143283513	ID:32	RPL: Sending a multicast-DIO with rank 498
1146611395	ID:33	RPL: Sending a multicast-DIO with rank 292
1147487521	ID:35	RPL: Sending a multicast-DIO with rank 345
1147815406	ID:34	RPL: Sending a multicast-DIO with rank 281
1148283513	ID:32	RPL: Sending a multicast-DIO with rank 498
1151611395	ID:33	RPL: Sending a multicast-DIO with rank 292
1152487521	ID:35	RPL: Sending a multicast-DIO with rank 345
1152815406	ID:34	RPL: Sending a multicast-DIO with rank 281
1153283513	ID:32	RPL: Sending a multicast-DIO with rank 498
1156611395	ID:33	RPL: Sending a multicast-DIO with rank 292
1157487521	ID:35	RPL: Sending a multicast-DIO with rank 345
1157815406	ID:34	RPL: Sending a multicast-DIO with rank 281
1158283513	ID:32	RPL: Sending a multicast-DIO with rank 498
1161611395	ID:33	RPL: Sending a multicast-DIO with rank 292
1162487528	ID:35	RPL: Sending a multicast-DIO with rank 345
1162815406	ID:34	RPL: Sending a multicast-DIO with rank 281
1163283513	ID:32	RPL: Sending a multicast-DIO with rank 498
1166611395	ID:33	RPL: Sending a multicast-DIO with rank 292
1167487521	ID:35	RPL: Sending a multicast-DIO with rank 345
1167815406	ID:34	RPL: Sending a multicast-DIO with rank 281
1168283513	ID:32	RPL: Sending a multicast-DIO with rank 498
1171611395	ID:33	RPL: Sending a multicast-DIO with rank 292
1172487521	ID:35	RPL: Sending a multicast-DIO with rank 345
1172815406	ID:34	RPL: Sending a multicast-DIO with rank 281
1173283513	ID:32	RPL: Sending a multicast-DIO with rank 498
1176611395	ID:33	RPL: Sending a multicast-DIO with rank 292
1177487521	ID:35	RPL: Sending a multicast-DIO with rank 345
1177815406	ID:34	RPL: Sending a multicast-DIO with rank 281
1178283513	ID:32	RPL: Sending a multicast-DIO with rank 498
1181611395	ID:33	RPL: Sending a multicast-DIO with rank 292
1182487521	ID:35	RPL: Sending a multicast-DIO with rank 345
1182815406	ID:34	RPL: Sending a multicast-DIO with rank 281
1183283513	ID:32	RPL: Sending a multicast-DIO with rank 498
1186611395	ID:33	RPL: Sending a multicast-DIO with rank 292
1187487521	ID:35	RPL: Sending a multicast-DIO with rank 345
1187815406	ID:34	RPL: Sending a multicast-DIO with rank 281
1188283513	ID:32	RPL: Sending a multicast-DIO with rank 498
1191611395	ID:33	RPL: Sending a multicast-DIO with rank 292
1192487521	ID:35	RPL: Sending a multicast-DIO with rank 345
1192815413	ID:34	RPL: Sending a multicast-DIO with rank 281
1193283513	ID:32	RPL: Sending a multicast-DIO with rank 498
1196611395	ID:33	RPL: Sending a multicast-DIO with rank 292
1197487521	ID:35	RPL: Sending a multicast-DIO with rank 345
1197815406	ID:34	RPL: Sending a multicast-DIO with rank 281
1198283513	ID:32	RPL: Sending a multicast-DIO with rank 498
1201611395	ID:33	RPL: Sending a multicast-DIO with rank 292
1202099542	ID:36	RPL: Sending a DIS to fe80::c30c:0:0:8
1202487526	ID:35	RPL: Sending a multicast-DIO with rank 345
1202815411	ID:34	RPL: Sending a multicast-DIO with rank 281
1203283518	ID:32	RPL: Sending a multicast-DIO with rank 498
1206611400	ID:33	RPL: Sending a multicast-DIO with rank 292
1207487520	ID:35	RPL: Sending a multicast-DIO with rank 345
1207815405	ID:34	RPL: Sending a multicast-DIO with rank 281
1208283512	ID:32	RPL: Sending a multicast-DIO with rank 498
1211611394	ID:33	RPL: Sending a multicast-DIO with rank 292
1212487520	ID:35	RPL: Sending a multicast-DIO with rank 345
1212815405	ID:34	RPL: Sending a multicast-DIO with rank 281
1213283512	ID:32	RPL: Sending a multicast-DIO with rank 498
1216611394	ID:33	RPL: Sending a multicast-DIO with rank 292
1217487520	ID:35	RPL: Sending a multicast-DIO with rank 345
1217815405	ID:34	RPL: Sending a multicast-DIO with rank 281
1218283512	ID:32	RPL: Sending a multicast-DIO with rank 498
1221611394	ID:33	RPL: Sending a multicast-DIO with rank 292
1222487520	ID:35	RPL: Sending a multicast-DIO with rank 345
1222815405	ID:34	RPL: Sending a multicast-DIO with rank 281
1223283512	ID:32	RPL: Sending a multicast-DIO with rank 498
1226611394	ID:33	RPL: Sending a multicast-DIO with rank 292
1227487520	ID:35	RPL: Sending a multicast-DIO with rank 345
1227815405	ID:34	RPL: Sending a multicast-DIO with rank 281
1228283512	ID:32	RPL: Sending a multicast-DIO with rank 498
1231611394	ID:33	RPL: Sending a multicast-DIO with rank 292
1232487520	ID:35	RPL: Sending a multicast-DIO with rank 345
1232815405	ID:34	RPL: Sending a multicast-DIO with rank 281
1233283512	ID:32	RPL: Sending a multicast-DIO with rank 498
1236611394	ID:33	RPL: Sending a multicast-DIO with rank 292
1237487520	ID:35	RPL: Sending a multicast-DIO with rank 345
1237815405	ID:34	RPL: Sending a multicast-DIO with rank 281
1238283512	ID:32	RPL: Sending a multicast-DIO with rank 498
1241611394	ID:33	RPL: Sending a multicast-DIO with rank 292
1242487520	ID:35	RPL: Sending a multicast-DIO with rank 345
1242815405	ID:34	RPL: Sending a multicast-DIO with rank 281
1243283512	ID:32	RPL: Sending a multicast-DIO with rank 498
1246611394	ID:33	RPL: Sending a multicast-DIO with rank 292
1247487520	ID:35	RPL: Sending a multicast-DIO with rank 345
1247815405	ID:34	RPL: Sending a multicast-DIO with rank 281
1248283512	ID:32	RPL: Sending a multicast-DIO with rank 498
1251611394	ID:33	RPL: Sending a multicast-DIO with rank 292
1252487520	ID:35	RPL: Sending a multicast-DIO with rank 345
1252815405	ID:34	RPL: Sending a multicast-DIO with rank 281
1253283512	ID:32	RPL: Sending a multicast-DIO with rank 498
1256611394	ID:33	RPL: Sending a multicast-DIO with rank 292
1257487520	ID:35	RPL: Sending a multicast-DIO with rank 345
1257815405	ID:34	RPL: Sending a multicast-DIO with rank 281
1258283512	ID:32	RPL: Sending a multicast-DIO with rank 498
1261611394	ID:33	RPL: Sending a multicast-DIO with rank 292
1262099536	ID:36	RPL: Sending a DIS to fe80::c30c:0:0:8
1262487520	ID:35	RPL: Sending a multicast-DIO with rank 345
1262815405	ID:34	RPL: Sending a multicast-DIO with rank 281
1263283512	ID:32	RPL: Sending a multicast-DIO with rank 498
1266611394	ID:33	RPL: Sending a multicast-DIO with rank 292
1267487520	ID:35	RPL: Sending a multicast-DIO with rank 345
1267815405	ID:34	RPL: Sending a multicast-DIO with rank 281
1268283512	ID:32	RPL: Sending a multicast-DIO with rank 498
1271611394	ID:33	RPL: Sending a multicast-DIO with rank 292
1272487520	ID:35	RPL: Sending a multicast-DIO with rank 345
1272815405	ID:34	RPL: Sending a multicast-DIO with rank 281
1273283512	ID:32	RPL: Sending a multicast-DIO with rank 498
1276611394	ID:33	RPL: Sending a multicast-DIO with rank 292
1277487520	ID:35	RPL: Sending a multicast-DIO with rank 345
1277815405	ID:34	RPL: Sending a multicast-DIO with rank 281
1278283512	ID:32	RPL: Sending a multicast-DIO with rank 498
1281611394	ID:33	RPL: Sending a multicast-DIO with rank 292
1282487520	ID:35	RPL: Sending a multicast-DIO with rank 345
1282815405	ID:34	RPL: Sending a multicast-DIO with rank 281
1283283512	ID:32	RPL: Sending a multicast-DIO with rank 498
1286611394	ID:33	RPL: Sending a multicast-DIO with rank 292
1287487520	ID:35	RPL: Sending a multicast-DIO with rank 345
1287815405	ID:34	RPL: Sending a multicast-DIO with rank 281
1288283512	ID:32	RPL: Sending a multicast-DIO with rank 498
1291611394	ID:33	RPL: Sending a multicast-DIO with rank 292
1292487520	ID:35	RPL: Sending a multicast-DIO with rank 345
1292815405	ID:34	RPL: Sending a multicast-DIO with rank 281
1293283512	ID:32	RPL: Sending a multicast-DIO with rank 498
1296611394	ID:33	RPL: Sending a multicast-DIO with rank 292
1297487520	ID:35	RPL: Sending a multicast-DIO with rank 345
1297815405	ID:34	RPL: Sending a multicast-DIO with rank 281
1298283512	ID:32	RPL: Sending a multicast-DIO with rank 498
1301611394	ID:33	RPL: Sending a multicast-DIO with rank 292
1302487520	ID:35	RPL: Sending a multicast-DIO with rank 345
1302815405	ID:34	RPL: Sending a multicast-DIO with rank 281
1303283512	ID:32	RPL: Sending a multicast-DIO with rank 498
1306611394	ID:33	RPL: Sending a multicast-DIO with rank 292
1307487520	ID:35	RPL: Sending a multicast-DIO with rank 345
1307815405	ID:34	RPL: Sending a multicast-DIO with rank 281
1308283512	ID:32	RPL: Sending a multicast-DIO with rank 498
1311611394	ID:33	RPL: Sending a multicast-DIO with rank 292
1312487520	ID:35	RPL: Sending a multicast-DIO with rank 345
1312815405	ID:34	RPL: Sending a multicast-DIO with rank 281
1313283512	ID:32	RPL: Sending a multicast-DIO with rank 498
1316611394	ID:33	RPL: Sending a multicast-DIO with rank 292
1317487520	ID:35	RPL: Sending a multicast-DIO with rank 345
1317815405	ID:34	RPL: Sending a multicast-DIO with rank 281
1318283512	ID:32	RPL: Sending a multicast-DIO with rank 498
1321611394	ID:33	RPL: Sending a multicast-DIO with rank 292
1322099536	ID:36	RPL: Sending a DIS to fe80::c30c:0:0:8
1322487520	ID:35	RPL: Sending a multicast-DIO with rank 345
1322815405	ID:34	RPL: Sending a multicast-DIO with rank 281
1323283512	ID:32	RPL: Sending a multicast-DIO with rank 498
1326611394	ID:33	RPL: Sending a multicast-DIO with rank 292
1327487520	ID:35	RPL: Sending a multicast-DIO with rank 345
1327815405	ID:34	RPL: Sending a multicast-DIO with rank 281
1328283512	ID:32	RPL: Sending a multicast-DIO with rank 498
1331611394	ID:33	RPL: Sending a multicast-DIO with rank 292
1332487520	ID:35	RPL: Sending a multicast-DIO with rank 345
1332815405	ID:34	RPL: Sending a multicast-DIO with rank 281
1333283512	ID:32	RPL: Sending a multicast-DIO with rank 498
1336611394	ID:33	RPL: Sending a multicast-DIO with rank 292
1337487520	ID:35	RPL: Sending a multicast-DIO with rank 345
1337815405	ID:34	RPL: Sending a multicast-DIO with rank 281
1338283512	ID:32	RPL: Sending a multicast-DIO with rank 498
1341611394	ID:33	RPL: Sending a multicast-DIO with rank 292
1342487520	ID:35	RPL: Sending a multicast-DIO with rank 345
1342815405	ID:34	RPL: Sending a multicast-DIO with rank 281
1343283512	ID:32	RPL: Sending a multicast-DIO with rank 498
1346611394	ID:33	RPL: Sending a multicast-DIO with rank 292
1347487520	ID:35	RPL: Sending a multicast-DIO with rank 345
1347815405	ID:34	RPL: Sending a multicast-DIO with rank 281
1348283512	ID:32	RPL: Sending a multicast-DIO with rank 498
1351611394	ID:33	RPL: Sending a multicast-DIO with rank 292
1352487520	ID:35	RPL: Sending a multicast-DIO with rank 345
1352815405	ID:34	RPL: Sending a multicast-DIO with rank 281
1353283512	ID:32	RPL: Sending a multicast-DIO with rank 498
1356611394	ID:33	RPL: Sending a multicast-DIO with rank 292
1357487520	ID:35	RPL: Sending a multicast-DIO with rank 345
1357815405	ID:34	RPL: Sending a multicast-DIO with rank 281
1358283512	ID:32	RPL: Sending a multicast-DIO with rank 498
1361611394	ID:33	RPL: Sending a multicast-DIO with rank 292
1362487520	ID:35	RPL: Sending a multicast-DIO with rank 345
1362815405	ID:34	RPL: Sending a multicast-DIO with rank 281
1363283512	ID:32	RPL: Sending a multicast-DIO with rank 498
1366611394	ID:33	RPL: Sending a multicast-DIO with rank 292
1367487520	ID:35	RPL: Sending a multicast-DIO with rank 345
1367815405	ID:34	RPL: Sending a multicast-DIO with rank 281
1368283512	ID:32	RPL: Sending a multicast-DIO with rank 498
1371611394	ID:33	RPL: Sending a multicast-DIO with rank 292
1372487520	ID:35	RPL: Sending a multicast-DIO with rank 345
1372815405	ID:34	RPL: Sending a multicast-DIO with rank 281
1373283512	ID:32	RPL: Sending a multicast-DIO with rank 498
1376611394	ID:33	RPL: Sending a multicast-DIO with rank 292
1377487520	ID:35	RPL: Sending a multicast-DIO with rank 345
1377815405	ID:34	RPL: Sending a multicast-DIO with rank 281
1378283512	ID:32	RPL: Sending a multicast-DIO with rank 498
1381611394	ID:33	RPL: Sending a multicast-DIO with rank 292
1382099536	ID:36	RPL: Sending a DIS to fe80::c30c:0:0:8
1382487520	ID:35	RPL: Sending a multicast-DIO with rank 345
1382815405	ID:34	RPL: Sending a multicast-DIO with rank 281
1383283512	ID:32	RPL: Sending a multicast-DIO with rank 498
1386611394	ID:33	RPL: Sending a multicast-DIO with rank 292
1387487520	ID:35	RPL: Sending a multicast-DIO with rank 345
1387815405	ID:34	RPL: Sending a multicast-DIO with rank 281
1388283512	ID:32	RPL: Sending a multicast-DIO with rank 498
1391611394	ID:33	RPL: Sending a multicast-DIO with rank 292
1392487520	ID:35	RPL: Sending a multicast-DIO with rank 345
1392815405	ID:34	RPL: Sending a multicast-DIO with rank 281
1393283512	ID:32	RPL: Sending a multicast-DIO with rank 498
1396611394	ID:33	RPL: Sending a multicast-DIO with rank 292
1397487520	ID:35	RPL: Sending a multicast-DIO with rank 345
1397815405	ID:34	RPL: Sending a multicast-DIO with rank 281
1398283512	ID:32	RPL: Sending a multicast-DIO with rank 498
1401611394	ID:33	RPL: Sending a multicast-DIO with rank 292
1402487520	ID:35	RPL: Sending a multicast-DIO with rank 345
1402815405	ID:34	RPL: Sending a multicast-DIO with rank 281
1403283512	ID:32	RPL: Sending a multicast-DIO with rank 498
1406611394	ID:33	RPL: Sending a multicast-DIO with rank 292
1407487520	ID:35	RPL: Sending a multicast-DIO with rank 345
1407815405	ID:34	RPL: Sending a multicast-DIO with rank 281
1408283512	ID:32	RPL: Sending a multicast-DIO with rank 498
1411611394	ID:33	RPL: Sending a multicast-DIO with rank 292
1412487520	ID:35	RPL: Sending a multicast-DIO with rank 345
1412815405	ID:34	RPL: Sending a multicast-DIO with rank 281
1413283512	ID:32	RPL: Sending a multicast-DIO with rank 498
1416611394	ID:33	RPL: Sending a multicast-DIO with rank 292
1417487520	ID:35	RPL: Sending a multicast-DIO with rank 345
1417815405	ID:34	RPL: Sending a multicast-DIO with rank 281
1418283512	ID:32	RPL: Sending a multicast-DIO with rank 498
1421611401	ID:33	RPL: Sending a multicast-DIO with rank 292
1422487520	ID:35	RPL: Sending a multicast-DIO with rank 345
1422815405	ID:34	RPL: Sending a multicast-DIO with rank 281
1423283512	ID:32	RPL: Sending a multicast-DIO with rank 498
1426611394	ID:33	RPL: Sending a multicast-DIO with rank 292
1427487520	ID:35	RPL: Sending a multicast-DIO with rank 345
1427815405	ID:34	RPL: Sending a multicast-DIO with rank 281
1428283512	ID:32	RPL: Sending a multicast-DIO with rank 498
1431611394	ID:33	RPL: Sending a multicast-DIO with rank 292
1432487520	ID:35	RPL: Sending a multicast-DIO with rank 345
1432815405	ID:34	RPL: Sending a multicast-DIO with rank 281
1433283512	ID:32	RPL: Sending a multicast-DIO with rank 498
1436611394	ID:33	RPL: Sending a multicast-DIO with rank 292
1437487520	ID:35	RPL: Sending a multicast-DIO with rank 345
1437815405	ID:34	RPL: Sending a multicast-DIO with rank 281
1438283512	ID:32	RPL: Sending a multicast-DIO with rank 498
1441611394	ID:33	RPL: Sending a multicast-DIO with rank 292
1442099536	ID:36	RPL: Sending a DIS to fe80::c30c:0:0:8
1442487520	ID:35	RPL: Sending a multicast-DIO with rank 345
1442815405	ID:34	RPL: Sending a multicast-DIO with rank 281
1443283512	ID:32	RPL: Sending a multicast-DIO with rank 498
1446611394	ID:33	RPL: Sending a multicast-DIO with rank 292
1447487520	ID:35	RPL: Sending a multicast-DIO with rank 345
1447815405	ID:34	RPL: Sending a multicast-DIO with rank 281
1448283512	ID:32	RPL: Sending a multicast-DIO with rank 498
1451611394	ID:33	RPL: Sending a multicast-DIO with rank 292
1452487520	ID:35	RPL: Sending a multicast-DIO with rank 345
1452815405	ID:34	RPL: Sending a multicast-DIO with rank 281
1453283519	ID:32	RPL: Sending a multicast-DIO with rank 498
1456611394	ID:33	RPL: Sending a multicast-DIO with rank 292
1457487520	ID:35	RPL: Sending a multicast-DIO with rank 345
1457815405	ID:34	RPL: Sending a multicast-DIO with rank 281
1458283512	ID:32	RPL: Sending a multicast-DIO with rank 498
1461611394	ID:33	RPL: Sending a multicast-DIO with rank 292
1462487520	ID:35	RPL: Sending a multicast-DIO with rank 345
1462815405	ID:34	RPL: Sending a multicast-DIO with rank 281
1463283512	ID:32	RPL: Sending a multicast-DIO with rank 498
1466611394	ID:33	RPL: Sending a multicast-DIO with rank 292
1467487520	ID:35	RPL: Sending a multicast-DIO with rank 345
1467815405	ID:34	RPL: Sending a multicast-DIO with rank 281
1468283512	ID:32	RPL: Sending a multicast-DIO with rank 498
1471611394	ID:33	RPL: Sending a multicast-DIO with rank 292
1472487520	ID:35	RPL: Sending a multicast-DIO with rank 345
1472815405	ID:34	RPL: Sending a multicast-DIO with rank 281
1473283512	ID:32	RPL: Sending a multicast-DIO with rank 498
1476611394	ID:33	RPL: Sending a multicast-DIO with rank 292
1477487520	ID:35	RPL: Sending a multicast-DIO with rank 345
1477815405	ID:34	RPL: Sending a multicast-DIO with rank 281
1478283512	ID:32	RPL: Sending a multicast-DIO with rank 498
1481611394	ID:33	RPL: Sending a multicast-DIO with rank 292
1482487520	ID:35	RPL: Sending a multicast-DIO with rank 345
1482815405	ID:34	RPL: Sending a multicast-DIO with rank 281
1483283512	ID:32	RPL: Sending a multicast-DIO with rank 498
1486611394	ID:33	RPL: Sending a multicast-DIO with rank 292
1487487520	ID:35	RPL: Sending a multicast-DIO with rank 345
1487815405	ID:34	RPL: Sending a multicast-DIO with rank 281
1488283512	ID:32	RPL: Sending a multicast-DIO with rank 498
1491611394	ID:33	RPL: Sending a multicast-DIO with rank 292
1492487520	ID:35	RPL: Sending a multicast-DIO with rank 345
1492815405	ID:34	RPL: Sending a multicast-DIO with rank 281
1493283512	ID:32	RPL: Sending a multicast-DIO with rank 498
1496611394	ID:33	RPL: Sending a multicast-DIO with rank 292
1497487520	ID:35	RPL: Sending a multicast-DIO with rank 345
1497815405	ID:34	RPL: Sending a multicast-DIO with rank 281
1498283512	ID:32	RPL: Sending a multicast-DIO with rank 498
1501611394	ID:33	RPL: Sending a multicast-DIO with rank 292
1502099536	ID:36	RPL: Sending a DIS to fe80::c30c:0:0:8
1502487520	ID:35	RPL: Sending a multicast-DIO with rank 345
1502815405	ID:34	RPL: Sending a multicast-DIO with rank 281
1503283512	ID:32	RPL: Sending a multicast-DIO with rank 498
1506611394	ID:33	RPL: Sending a multicast-DIO with rank 292
1507487520	ID:35	RPL: Sending a multicast-DIO with rank 345
1507815405	ID:34	RPL: Sending a multicast-DIO with rank 281
1508283512	ID:32	RPL: Sending a multicast-DIO with rank 498
1511611394	ID:33	RPL: Sending a multicast-DIO with rank 292
1512487520	ID:35	RPL: Sending a multicast-DIO with rank 345
1512815405	ID:34	RPL: Sending a multicast-DIO with rank 281
1513283512	ID:32	RPL: Sending a multicast-DIO with rank 498
1516611394	ID:33	RPL: Sending a multicast-DIO with rank 292
1517487520	ID:35	RPL: Sending a multicast-DIO with rank 345
1517815405	ID:34	RPL: Sending a multicast-DIO with rank 281
1518283512	ID:32	RPL: Sending a multicast-DIO with rank 498
1521611394	ID:33	RPL: Sending a multicast-DIO with rank 292
1522487520	ID:35	RPL: Sending a multicast-DIO with rank 345
1522815412	ID:34	RPL: Sending a multicast-DIO with rank 281
1523283512	ID:32	RPL: Sending a multicast-DIO with rank 498
1526611394	ID:33	RPL: Sending a multicast-DIO with rank 292
1527487520	ID:35	RPL: Sending a multicast-DIO with rank 345
1527815405	ID:34	RPL: Sending a multicast-DIO with rank 281
1528283512	ID:32	RPL: Sending a multicast-DIO with rank 498
1531611394	ID:33	RPL: Sending a multicast-DIO with rank 292
1532487520	ID:35	RPL: Sending a multicast-DIO with rank 345
1532815405	ID:34	RPL: Sending a multicast-DIO with rank 281
1533283512	ID:32	RPL: Sending a multicast-DIO with rank 498
1536611394	ID:33	RPL: Sending a multicast-DIO with rank 292
1537487520	ID:35	RPL: Sending a multicast-DIO with rank 345
1537815405	ID:34	RPL: Sending a multicast-DIO with rank 281
1538283512	ID:32	RPL: Sending a multicast-DIO with rank 498
1541611394	ID:33	RPL: Sending a multicast-DIO with rank 292
1542487520	ID:35	RPL: Sending a multicast-DIO with rank 345
1542815405	ID:34	RPL: Sending a multicast-DIO with rank 281
1543283512	ID:32	RPL: Sending a multicast-DIO with rank 498
1546611394	ID:33	RPL: Sending a multicast-DIO with rank 292
1547487520	ID:35	RPL: Sending a multicast-DIO with rank 345
1547815405	ID:34	RPL: Sending a multicast-DIO with rank 281
1548283512	ID:32	RPL: Sending a multicast-DIO with rank 498
1551611394	ID:33	RPL: Sending a multicast-DIO with rank 292
1552487520	ID:35	RPL: Sending a multicast-DIO with rank 345
1552815405	ID:34	RPL: Sending a multicast-DIO with rank 281
1553283512	ID:32	RPL: Sending a multicast-DIO with rank 498
1556611394	ID:33	RPL: Sending a multicast-DIO with rank 292
1557487520	ID:35	RPL: Sending a multicast-DIO with rank 345
1557815405	ID:34	RPL: Sending a multicast-DIO with rank 281
1558283512	ID:32	RPL: Sending a multicast-DIO with rank 498
1561611394	ID:33	RPL: Sending a multicast-DIO with rank 292
1562099536	ID:36	RPL: Sending a DIS to fe80::c30c:0:0:8
1562487520	ID:35	RPL: Sending a multicast-DIO with rank 345
1562815405	ID:34	RPL: Sending a multicast-DIO with rank 281
1563283512	ID:32	RPL: Sending a multicast-DIO with rank 498
1566611394	ID:33	RPL: Sending a multicast-DIO with rank 292
1567487520	ID:35	RPL: Sending a multicast-DIO with rank 345
1567815405	ID:34	RPL: Sending a multicast-DIO with rank 281
1568283512	ID:32	RPL: Sending a multicast-DIO with rank 498
1571611394	ID:33	RPL: Sending a multicast-DIO with rank 292
1572487520	ID:35	RPL: Sending a multicast-DIO with rank 345
1572815405	ID:34	RPL: Sending a multicast-DIO with rank 281
1573283512	ID:32	RPL: Sending a multicast-DIO with rank 498
1576611394	ID:33	RPL: Sending a multicast-DIO with rank 292
1577487520	ID:35	RPL: Sending a multicast-DIO with rank 345
1577815405	ID:34	RPL: Sending a multicast-DIO with rank 281
1578283512	ID:32	RPL: Sending a multicast-DIO with rank 498
1581611394	ID:33	RPL: Sending a multicast-DIO with rank 292
1582487520	ID:35	RPL: Sending a multicast-DIO with rank 345
1582815405	ID:34	RPL: Sending a multicast-DIO with rank 281
1583283512	ID:32	RPL: Sending a multicast-DIO with rank 498
1586611394	ID:33	RPL: Sending a multicast-DIO with rank 292
1587487520	ID:35	RPL: Sending a multicast-DIO with rank 345
1587815405	ID:34	RPL: Sending a multicast-DIO with rank 281
1588283512	ID:32	RPL: Sending a multicast-DIO with rank 498
1591611394	ID:33	RPL: Sending a multicast-DIO with rank 292
1592487520	ID:35	RPL: Sending a multicast-DIO with rank 345
1592815405	ID:34	RPL: Sending a multicast-DIO with rank 281
1593283512	ID:32	RPL: Sending a multicast-DIO with rank 498
1596611394	ID:33	RPL: Sending a multicast-DIO with rank 292
1597487527	ID:35	RPL: Sending a multicast-DIO with rank 345
1597815405	ID:34	RPL: Sending a multicast-DIO with rank 281
1598283512	ID:32	RPL: Sending a multicast-DIO with rank 498
1601611394	ID:33	RPL: Sending a multicast-DIO with rank 292
1602487520	ID:35	RPL: Sending a multicast-DIO with rank 345
1602815405	ID:34	RPL: Sending a multicast-DIO with rank 281
1603283512	ID:32	RPL: Sending a multicast-DIO with rank 498
1606611394	ID:33	RPL: Sending a multicast-DIO with rank 292
1607487520	ID:35	RPL: Sending a multicast-DIO with rank 345
1607815405	ID:34	RPL: Sending a multicast-DIO with rank 281
1608283512	ID:32	RPL: Sending a multicast-DIO with rank 498
1611611394	ID:33	RPL: Sending a multicast-DIO with rank 292
1612487520	ID:35	RPL: Sending a multicast-DIO with rank 345
1612815405	ID:34	RPL: Sending a multicast-DIO with rank 281
1613283512	ID:32	RPL: Sending a multicast-DIO with rank 498
1616611394	ID:33	RPL: Sending a multicast-DIO with rank 292
1617487520	ID:35	RPL: Sending a multicast-DIO with rank 345
1617815405	ID:34	RPL: Sending a multicast-DIO with rank 281
1618283512	ID:32	RPL: Sending a multicast-DIO with rank 498
1621611394	ID:33	RPL: Sending a multicast-DIO with rank 292
1622099536	ID:36	RPL: Sending a DIS to fe80::c30c:0:0:8
1622487520	ID:35	RPL: Sending a multicast-DIO with rank 345
1622815405	ID:34	RPL: Sending a multicast-DIO with rank 281
1623283512	ID:32	RPL: Sending a multicast-DIO with rank 498
1626611394	ID:33	RPL: Sending a multicast-DIO with rank 292
1627487520	ID:35	RPL: Sending a multicast-DIO with rank 345
1627815405	ID:34	RPL: Sending a multicast-DIO with rank 281
1628283512	ID:32	RPL: Sending a multicast-DIO with rank 498
1631611394	ID:33	RPL: Sending a multicast-DIO with rank 292
1632487520	ID:35	RPL: Sending a multicast-DIO with rank 345
1632815405	ID:34	RPL: Sending a multicast-DIO with rank 281
1633283512	ID:32	RPL: Sending a multicast-DIO with rank 498
1636611394	ID:33	RPL: Sending a multicast-DIO with rank 292
1637487520	ID:35	RPL: Sending a multicast-DIO with rank 345
1637815405	ID:34	RPL: Sending a multicast-DIO with rank 281
1638283512	ID:32	RPL: Sending a multicast-DIO with rank 498
1641611394	ID:33	RPL: Sending a multicast-DIO with rank 292
1642487520	ID:35	RPL: Sending a multicast-DIO with rank 345
1642815405	ID:34	RPL: Sending a multicast-DIO with rank 281
1643283512	ID:32	RPL: Sending a multicast-DIO with rank 498
1646611394	ID:33	RPL: Sending a multicast-DIO with rank 292
1647487520	ID:35	RPL: Sending a multicast-DIO with rank 345
1647815405	ID:34	RPL: Sending a multicast-DIO with rank 281
1648283512	ID:32	RPL: Sending a multicast-DIO with rank 498
1651611394	ID:33	RPL: Sending a multicast-DIO with rank 292
1652487520	ID:35	RPL: Sending a multicast-DIO with rank 345
1652815405	ID:34	RPL: Sending a multicast-DIO with rank 281
1653283512	ID:32	RPL: Sending a multicast-DIO with rank 498
1656611394	ID:33	RPL: Sending a multicast-DIO with rank 292
1657487520	ID:35	RPL: Sending a multicast-DIO with rank 345
1657815405	ID:34	RPL: Sending a multicast-DIO with rank 281
1658283512	ID:32	RPL: Sending a multicast-DIO with rank 498
1661611394	ID:33	RPL: Sending a multicast-DIO with rank 292
1662487520	ID:35	RPL: Sending a multicast-DIO with rank 345
1662815405	ID:34	RPL: Sending a multicast-DIO with rank 281
1663283512	ID:32	RPL: Sending a multicast-DIO with rank 498
1666611394	ID:33	RPL: Sending a multicast-DIO with rank 292
1667487520	ID:35	RPL: Sending a multicast-DIO with rank 345
1667815405	ID:34	RPL: Sending a multicast-DIO with rank 281
1668283512	ID:32	RPL: Sending a multicast-DIO with rank 498
1671611394	ID:33	RPL: Sending a multicast-DIO with rank 292
1672487520	ID:35	RPL: Sending a multicast-DIO with rank 345
1672815405	ID:34	RPL: Sending a multicast-DIO with rank 281
1673283512	ID:32	RPL: Sending a multicast-DIO with rank 498
1676611394	ID:33	RPL: Sending a multicast-DIO with rank 292
1677487520	ID:35	RPL: Sending a multicast-DIO with rank 345
1677815405	ID:34	RPL: Sending a multicast-DIO with rank 281
1678283512	ID:32	RPL: Sending a multicast-DIO with rank 498
1681611394	ID:33	RPL: Sending a multicast-DIO with rank 292
1682099536	ID:36	RPL: Sending a DIS to fe80::c30c:0:0:8
1682487520	ID:35	RPL: Sending a multicast-DIO with rank 345
1682815405	ID:34	RPL: Sending a multicast-DIO with rank 281
1683283512	ID:32	RPL: Sending a multicast-DIO with rank 498
1686611394	ID:33	RPL: Sending a multicast-DIO with rank 292
1687487520	ID:35	RPL: Sending a multicast-DIO with rank 345
1687815405	ID:34	RPL: Sending a multicast-DIO with rank 281
1688283512	ID:32	RPL: Sending a multicast-DIO with rank 498
1691611394	ID:33	RPL: Sending a multicast-DIO with rank 292
1692487520	ID:35	RPL: Sending a multicast-DIO with rank 345
1692815405	ID:34	RPL: Sending a multicast-DIO with rank 281
1693283512	ID:32	RPL: Sending a multicast-DIO with rank 498
1696611394	ID:33	RPL: Sending a multicast-DIO with rank 292
1697487520	ID:35	RPL: Sending a multicast-DIO with rank 345
1697815405	ID:34	RPL: Sending a multicast-DIO with rank 281
1698283512	ID:32	RPL: Sending a multicast-DIO with rank 498
1701611394	ID:33	RPL: Sending a multicast-DIO with rank 292
1702487520	ID:35	RPL: Sending a multicast-DIO with rank 345
1702815405	ID:34	RPL: Sending a multicast-DIO with rank 281
1703283512	ID:32	RPL: Sending a multicast-DIO with rank 498
1706611394	ID:33	RPL: Sending a multicast-DIO with rank 292
1707487520	ID:35	RPL: Sending a multicast-DIO with rank 345
1707815405	ID:34	RPL: Sending a multicast-DIO with rank 281
1708283512	ID:32	RPL: Sending a multicast-DIO with rank 498
1711611394	ID:33	RPL: Sending a multicast-DIO with rank 292
1712487520	ID:35	RPL: Sending a multicast-DIO with rank 345
1712815405	ID:34	RPL: Sending a multicast-DIO with rank 281
1713283512	ID:32	RPL: Sending a multicast-DIO with rank 498
1716611394	ID:33	RPL: Sending a multicast-DIO with rank 292
1717487520	ID:35	RPL: Sending a multicast-DIO with rank 345
1717815405	ID:34	RPL: Sending a multicast-DIO with rank 281
1718283512	ID:32	RPL: Sending a multicast-DIO with rank 498
1721611394	ID:33	RPL: Sending a multicast-DIO with rank 292
1722487520	ID:35	RPL: Sending a multicast-DIO with rank 345
1722815405	ID:34	RPL: Sending a multicast-DIO with rank 281
1723283512	ID:32	RPL: Sending a multicast-DIO with rank 498
1726611394	ID:33	RPL: Sending a multicast-DIO with rank 292
1727487520	ID:35	RPL: Sending a multicast-DIO with rank 345
1727815405	ID:34	RPL: Sending a multicast-DIO with rank 281
1728283512	ID:32	RPL: Sending a multicast-DIO with rank 498
1731611394	ID:33	RPL: Sending a multicast-DIO with rank 292
1732487520	ID:35	RPL: Sending a multicast-DIO with rank 345
1732815405	ID:34	RPL: Sending a multicast-DIO with rank 281
1733283512	ID:32	RPL: Sending a multicast-DIO with rank 498
1736611394	ID:33	RPL: Sending a multicast-DIO with rank 292
1737487520	ID:35	RPL: Sending a multicast-DIO with rank 345
1737815405	ID:34	RPL: Sending a multicast-DIO with rank 281
1738283512	ID:32	RPL: Sending a multicast-DIO with rank 498
1741611394	ID:33	RPL: Sending a multicast-DIO with rank 292
1742099536	ID:36	RPL: Sending a DIS to fe80::c30c:0:0:8
1742487520	ID:35	RPL: Sending a multicast-DIO with rank 345
1742815405	ID:34	RPL: Sending a multicast-DIO with rank 281
1743283512	ID:32	RPL: Sending a multicast-DIO with rank 498
1746611394	ID:33	RPL: Sending a multicast-DIO with rank 292
1747487520	ID:35	RPL: Sending a multicast-DIO with rank 345
1747815405	ID:34	RPL: Sending a multicast-DIO with rank 281
1748283512	ID:32	RPL: Sending a multicast-DIO with rank 498
1751611394	ID:33	RPL: Sending a multicast-DIO with rank 292
1752487520	ID:35	RPL: Sending a multicast-DIO with rank 345
1752815405	ID:34	RPL: Sending a multicast-DIO with rank 281
1753283512	ID:32	RPL: Sending a multicast-DIO with rank 498
1756611394	ID:33	RPL: Sending a multicast-DIO with rank 292
1757487520	ID:35	RPL: Sending a multicast-DIO with rank 345
1757815405	ID:34	RPL: Sending a multicast-DIO with rank 281
1758283512	ID:32	RPL: Sending a multicast-DIO with rank 498
1761611394	ID:33	RPL: Sending a multicast-DIO with rank 292
1762487520	ID:35	RPL: Sending a multicast-DIO with rank 345
1762815405	ID:34	RPL: Sending a multicast-DIO with rank 281
1763283512	ID:32	RPL: Sending a multicast-DIO with rank 498
1766611394	ID:33	RPL: Sending a multicast-DIO with rank 292
1767487520	ID:35	RPL: Sending a multicast-DIO with rank 345
1767815405	ID:34	RPL: Sending a multicast-DIO with rank 281
1768283512	ID:32	RPL: Sending a multicast-DIO with rank 498
1771611394	ID:33	RPL: Sending a multicast-DIO with rank 292
1772487520	ID:35	RPL: Sending a multicast-DIO with rank 345
1772815405	ID:34	RPL: Sending a multicast-DIO with rank 281
1773283512	ID:32	RPL: Sending a multicast-DIO with rank 498
1776611394	ID:33	RPL: Sending a multicast-DIO with rank 292
1777487520	ID:35	RPL: Sending a multicast-DIO with rank 345
1777815405	ID:34	RPL: Sending a multicast-DIO with rank 281
1778283512	ID:32	RPL: Sending a multicast-DIO with rank 498
1781611394	ID:33	RPL: Sending a multicast-DIO with rank 292
1782487520	ID:35	RPL: Sending a multicast-DIO with rank 345
1782815405	ID:34	RPL: Sending a multicast-DIO with rank 281
1783283512	ID:32	RPL: Sending a multicast-DIO with rank 498
1786611394	ID:33	RPL: Sending a multicast-DIO with rank 292
1787487520	ID:35	RPL: Sending a multicast-DIO with rank 345
1787815405	ID:34	RPL: Sending a multicast-DIO with rank 281
1788283512	ID:32	RPL: Sending a multicast-DIO with rank 498
1791611394	ID:33	RPL: Sending a multicast-DIO with rank 292
1792487520	ID:35	RPL: Sending a multicast-DIO with rank 345
1792815405	ID:34	RPL: Sending a multicast-DIO with rank 281
1793283512	ID:32	RPL: Sending a multicast-DIO with rank 498
1796611394	ID:33	RPL: Sending a multicast-DIO with rank 292
1797487520	ID:35	RPL: Sending a multicast-DIO with rank 345
1797815405	ID:34	RPL: Sending a multicast-DIO with rank 281
1798283512	ID:32	RPL: Sending a multicast-DIO with rank 498
