30104760	ID:32	RPL: Sending a DIS to fe80::c30c:0:0:3
30190249	ID:36	RPL: Sending a DIS to fe80::c30c:0:0:8
30403713	ID:33	RPL: Sending a DIS to fe80::c30c:0:0:2
30437935	ID:34	RPL: Sending a DIS to fe80::c30c:0:0:6
30818640	ID:35	RPL: Sending a DIS to fe80::c30c:0:0:7
30895213	ID:32	RPL: Received a DIO from fe80::c30c:0:0:3
30898987	ID:32	RPL: Incoming DIO (id, ver, rank) = (30,240,601)
30903486	ID:32	RPL: Incoming DIO (dag_id, pref) = (fd00::ff:fe00:1, 0)
30905711	ID:32	RPL: DIO option 4, length: 14
30911619	ID:32	RPL: DAG conf:dbl=8, min=12 red=3 maxinc=896 mininc=128 ocp=1 d_l=10 l_u=60
30913851	ID:32	RPL: DIO option 8, length: 30
30916119	ID:32	RPL: Copying prefix information
30923595	ID:32	RPL: Neighbor added to neighbor cache fe80::c30c:0:0:3, c1:0c:00:00:00:00:00:03
31233882	ID:35	RPL: Received a DIO from fe80::c30c:0:0:7
31237654	ID:35	RPL: Incoming DIO (id, ver, rank) = (30,240,601)
31242153	ID:35	RPL: Incoming DIO (dag_id, pref) = (fd00::ff:fe00:1, 0)
31244379	ID:35	RPL: DIO option 4, length: 14
31250286	ID:35	RPL: DAG conf:dbl=8, min=12 red=3 maxinc=896 mininc=128 ocp=1 d_l=10 l_u=60
31252518	ID:35	RPL: DIO option 8, length: 30
31254787	ID:35	RPL: Copying prefix information
31262159	ID:35	RPL: Neighbor added to neighbor cache fe80::c30c:0:0:7, c1:0c:00:00:00:00:00:07
33923677	ID:32	RPL: Sending a multicast-DIO with rank 601
34262651	ID:35	RPL: Sending a multicast-DIO with rank 601
36923656	ID:32	RPL: Sending a multicast-DIO with rank 601
37262608	ID:35	RPL: Sending a multicast-DIO with rank 601
39923656	ID:32	RPL: Sending a multicast-DIO with rank 601
40262608	ID:35	RPL: Sending a multicast-DIO with rank 601
42923656	ID:32	RPL: Sending a multicast-DIO with rank 601
43262608	ID:35	RPL: Sending a multicast-DIO with rank 601
45923656	ID:32	RPL: Sending a multicast-DIO with rank 601
46262608	ID:35	RPL: Sending a multicast-DIO with rank 601
48923656	ID:32	RPL: Sending a multicast-DIO with rank 601
49262608	ID:35	RPL: Sending a multicast-DIO with rank 601
51923656	ID:32	RPL: Sending a multicast-DIO with rank 601
52262608	ID:35	RPL: Sending a multicast-DIO with rank 601
54923656	ID:32	RPL: Sending a multicast-DIO with rank 601
55262608	ID:35	RPL: Sending a multicast-DIO with rank 601
57923656	ID:32	RPL: Sending a multicast-DIO with rank 601
58262608	ID:35	RPL: Sending a multicast-DIO with rank 601
60923656	ID:32	RPL: Sending a multicast-DIO with rank 601
61262608	ID:35	RPL: Sending a multicast-DIO with rank 601
61971380	ID:36	RPL: Sending a DIS to fe80::c30c:0:0:8
63923656	ID:32	RPL: Sending a multicast-DIO with rank 601
64262608	ID:35	RPL: Sending a multicast-DIO with rank 601
66923656	ID:32	RPL: Sending a multicast-DIO with rank 601
67262608	ID:35	RPL: Sending a multicast-DIO with rank 601
68182090	ID:33	RPL: Sending a DIS to fe80::c30c:0:0:2
69923656	ID:32	RPL: Sending a multicast-DIO with rank 601
70262608	ID:35	RPL: Sending a multicast-DIO with rank 601
72923656	ID:32	RPL: Sending a multicast-DIO with rank 601
73262608	ID:35	RPL: Sending a multicast-DIO with rank 601
75923656	ID:32	RPL: Sending a multicast-DIO with rank 601
76262608	ID:35	RPL: Sending a multicast-DIO with rank 601
78923656	ID:32	RPL: Sending a multicast-DIO with rank 601
79262608	ID:35	RPL: Sending a multicast-DIO with rank 601
81923656	ID:32	RPL: Sending a multicast-DIO with rank 601
82262608	ID:35	RPL: Sending a multicast-DIO with rank 601
83209181	ID:34	RPL: Sending a DIS to fe80::c30c:0:0:6
84923656	ID:32	RPL: Sending a multicast-DIO with rank 601
85262608	ID:35	RPL: Sending a multicast-DIO with rank 601
87923656	ID:32	RPL: Sending a multicast-DIO with rank 601
88262608	ID:35	RPL: Sending a multicast-DIO with rank 601
90923643	ID:32	RPL: Sending a multicast-DIO with rank 601
91262595	ID:35	RPL: Sending a multicast-DIO with rank 601
93923643	ID:32	RPL: Sending a multicast-DIO with rank 601
94262595	ID:35	RPL: Sending a multicast-DIO with rank 601
96923643	ID:32	RPL: Sending a multicast-DIO with rank 601
97262595	ID:35	RPL: Sending a multicast-DIO with rank 601
99923643	ID:32	RPL: Sending a multicast-DIO with rank 601
100262595	ID:35	RPL: Sending a multicast-DIO with rank 601
102923643	ID:32	RPL: Sending a multicast-DIO with rank 601
103262595	ID:35	RPL: Sending a multicast-DIO with rank 601
105923643	ID:32	RPL: Sending a multicast-DIO with rank 601
106262595	ID:35	RPL: Sending a multicast-DIO with rank 601
108923643	ID:32	RPL: Sending a multicast-DIO with rank 601
109262595	ID:35	RPL: Sending a multicast-DIO with rank 601
111923643	ID:32	RPL: Sending a multicast-DIO with rank 601
112262595	ID:35	RPL: Sending a multicast-DIO with rank 601
114923643	ID:32	RPL: Sending a multicast-DIO with rank 601
115262595	ID:35	RPL: Sending a multicast-DIO with rank 601
117923643	ID:32	RPL: Sending a multicast-DIO with rank 601
118262595	ID:35	RPL: Sending a multicast-DIO with rank 601
120923643	ID:32	RPL: Sending a multicast-DIO with rank 601
121262595	ID:35	RPL: Sending a multicast-DIO with rank 601
121971488	ID:36	RPL: Sending a DIS to fe80::c30c:0:0:8
123923643	ID:32	RPL: Sending a multicast-DIO with rank 601
124262595	ID:35	RPL: Sending a multicast-DIO with rank 601
126923643	ID:32	RPL: Sending a multicast-DIO with rank 601
127262595	ID:35	RPL: Sending a multicast-DIO with rank 601
128182077	ID:33	RPL: Sending a DIS to fe80::c30c:0:0:2
129923643	ID:32	RPL: Sending a multicast-DIO with rank 601
130262595	ID:35	RPL: Sending a multicast-DIO with rank 601
132923643	ID:32	RPL: Sending a multicast-DIO with rank 601
133262595	ID:35	RPL: Sending a multicast-DIO with rank 601
135923643	ID:32	RPL: Sending a multicast-DIO with rank 601
136262595	ID:35	RPL: Sending a multicast-DIO with rank 601
138923643	ID:32	RPL: Sending a multicast-DIO with rank 601
139262595	ID:35	RPL: Sending a multicast-DIO with rank 601
141923643	ID:32	RPL: Sending a multicast-DIO with rank 601
142262595	ID:35	RPL: Sending a multicast-DIO with rank 601
143209168	ID:34	RPL: Sending a DIS to fe80::c30c:0:0:6
144923643	ID:32	RPL: Sending a multicast-DIO with rank 601
145262595	ID:35	RPL: Sending a multicast-DIO with rank 601
147923643	ID:32	RPL: Sending a multicast-DIO with rank 601
148262595	ID:35	RPL: Sending a multicast-DIO with rank 601
150923643	ID:32	RPL: Sending a multicast-DIO with rank 601
151262595	ID:35	RPL: Sending a multicast-DIO with rank 601
153923643	ID:32	RPL: Sending a multicast-DIO with rank 601
154262595	ID:35	RPL: Sending a multicast-DIO with rank 601
156923643	ID:32	RPL: Sending a multicast-DIO with rank 601
157262595	ID:35	RPL: Sending a multicast-DIO with rank 601
159923643	ID:32	RPL: Sending a multicast-DIO with rank 601
160262595	ID:35	RPL: Sending a multicast-DIO with rank 601
162923643	ID:32	RPL: Sending a multicast-DIO with rank 601
163262595	ID:35	RPL: Sending a multicast-DIO with rank 601
165923643	ID:32	RPL: Sending a multicast-DIO with rank 601
166262595	ID:35	RPL: Sending a multicast-DIO with rank 601
168923643	ID:32	RPL: Sending a multicast-DIO with rank 601
169262595	ID:35	RPL: Sending a multicast-DIO with rank 601
171923643	ID:32	RPL: Sending a multicast-DIO with rank 601
172262595	ID:35	RPL: Sending a multicast-DIO with rank 601
174923643	ID:32	RPL: Sending a multicast-DIO with rank 601
175262595	ID:35	RPL: Sending a multicast-DIO with rank 601
177923643	ID:32	RPL: Sending a multicast-DIO with rank 601
178262595	ID:35	RPL: Sending a multicast-DIO with rank 601
180923643	ID:32	RPL: Sending a multicast-DIO with rank 601
181262595	ID:35	RPL: Sending a multicast-DIO with rank 601
181971488	ID:36	RPL: Sending a DIS to fe80::c30c:0:0:8
183923643	ID:32	RPL: Sending a multicast-DIO with rank 601
184262595	ID:35	RPL: Sending a multicast-DIO with rank 601
186923643	ID:32	RPL: Sending a multicast-DIO with rank 601
187262595	ID:35	RPL: Sending a multicast-DIO with rank 601
188182696	ID:33	RPL: Sending a DIS to fe80::c30c:0:0:2
189923643	ID:32	RPL: Sending a multicast-DIO with rank 601
190262595	ID:35	RPL: Sending a multicast-DIO with rank 601
192923643	ID:32	RPL: Sending a multicast-DIO with rank 601
193262595	ID:35	RPL: Sending a multicast-DIO with rank 601
195923643	ID:32	RPL: Sending a multicast-DIO with rank 601
196262595	ID:35	RPL: Sending a multicast-DIO with rank 601
198923643	ID:32	RPL: Sending a multicast-DIO with rank 601
199262595	ID:35	RPL: Sending a multicast-DIO with rank 601
201923643	ID:32	RPL: Sending a multicast-DIO with rank 601
202262595	ID:35	RPL: Sending a multicast-DIO with rank 601
203209688	ID:34	RPL: Sending a DIS to fe80::c30c:0:0:6
204923643	ID:32	RPL: Sending a multicast-DIO with rank 601
205262595	ID:35	RPL: Sending a multicast-DIO with rank 601
207923643	ID:32	RPL: Sending a multicast-DIO with rank 601
208262595	ID:35	RPL: Sending a multicast-DIO with rank 601
210923643	ID:32	RPL: Sending a multicast-DIO with rank 601
211262595	ID:35	RPL: Sending a multicast-DIO with rank 601
213923643	ID:32	RPL: Sending a multicast-DIO with rank 601
214262595	ID:35	RPL: Sending a multicast-DIO with rank 601
216923643	ID:32	RPL: Sending a multicast-DIO with rank 601
217262595	ID:35	RPL: Sending a multicast-DIO with rank 601
219923643	ID:32	RPL: Sending a multicast-DIO with rank 601
220262595	ID:35	RPL: Sending a multicast-DIO with rank 601
222923643	ID:32	RPL: Sending a multicast-DIO with rank 601
223262595	ID:35	RPL: Sending a multicast-DIO with rank 601
225923643	ID:32	RPL: Sending a multicast-DIO with rank 601
226262595	ID:35	RPL: Sending a multicast-DIO with rank 601
228923643	ID:32	RPL: Sending a multicast-DIO with rank 601
229262595	ID:35	RPL: Sending a multicast-DIO with rank 601
231923643	ID:32	RPL: Sending a multicast-DIO with rank 601
232262595	ID:35	RPL: Sending a multicast-DIO with rank 601
234923643	ID:32	RPL: Sending a multicast-DIO with rank 601
235262595	ID:35	RPL: Sending a multicast-DIO with rank 601
237923643	ID:32	RPL: Sending a multicast-DIO with rank 601
238262595	ID:35	RPL: Sending a multicast-DIO with rank 601
240923643	ID:32	RPL: Sending a multicast-DIO with rank 601
241262595	ID:35	RPL: Sending a multicast-DIO with rank 601
241971488	ID:36	RPL: Sending a DIS to fe80::c30c:0:0:8
243923643	ID:32	RPL: Sending a multicast-DIO with rank 601
244262595	ID:35	RPL: Sending a multicast-DIO with rank 601
246923643	ID:32	RPL: Sending a multicast-DIO with rank 601
247262595	ID:35	RPL: Sending a multicast-DIO with rank 601
248182077	ID:33	RPL: Sending a DIS to fe80::c30c:0:0:2
249923643	ID:32	RPL: Sending a multicast-DIO with rank 601
250262595	ID:35	RPL: Sending a multicast-DIO with rank 601
252923643	ID:32	RPL: Sending a multicast-DIO with rank 601
253262595	ID:35	RPL: Sending a multicast-DIO with rank 601
255923643	ID:32	RPL: Sending a multicast-DIO with rank 601
256262595	ID:35	RPL: Sending a multicast-DIO with rank 601
258923643	ID:32	RPL: Sending a multicast-DIO with rank 601
259262595	ID:35	RPL: Sending a multicast-DIO with rank 601
261923643	ID:32	RPL: Sending a multicast-DIO with rank 601
262262595	ID:35	RPL: Sending a multicast-DIO with rank 601
263209168	ID:34	RPL: Sending a DIS to fe80::c30c:0:0:6
264923643	ID:32	RPL: Sending a multicast-DIO with rank 601
265262595	ID:35	RPL: Sending a multicast-DIO with rank 601
267923643	ID:32	RPL: Sending a multicast-DIO with rank 601
268262595	ID:35	RPL: Sending a multicast-DIO with rank 601
270923643	ID:32	RPL: Sending a multicast-DIO with rank 601
271262595	ID:35	RPL: Sending a multicast-DIO with rank 601
273923643	ID:32	RPL: Sending a multicast-DIO with rank 601
274262595	ID:35	RPL: Sending a multicast-DIO with rank 601
276923643	ID:32	RPL: Sending a multicast-DIO with rank 601
277262595	ID:35	RPL: Sending a multicast-DIO with rank 601
279923643	ID:32	RPL: Sending a multicast-DIO with rank 601
280262595	ID:35	RPL: Sending a multicast-DIO with rank 601
282923643	ID:32	RPL: Sending a multicast-DIO with rank 601
283262595	ID:35	RPL: Sending a multicast-DIO with rank 601
285923643	ID:32	RPL: Sending a multicast-DIO with rank 601
286262595	ID:35	RPL: Sending a multicast-DIO with rank 601
288923643	ID:32	RPL: Sending a multicast-DIO with rank 601
289262595	ID:35	RPL: Sending a multicast-DIO with rank 601
291923643	ID:32	RPL: Sending a multicast-DIO with rank 601
292262595	ID:35	RPL: Sending a multicast-DIO with rank 601
294923643	ID:32	RPL: Sending a multicast-DIO with rank 601
295262595	ID:35	RPL: Sending a multicast-DIO with rank 601
297923643	ID:32	RPL: Sending a multicast-DIO with rank 601
298262595	ID:35	RPL: Sending a multicast-DIO with rank 601
300923643	ID:32	RPL: Sending a multicast-DIO with rank 601
301262595	ID:35	RPL: Sending a multicast-DIO with rank 601
301972008	ID:36	RPL: Sending a DIS to fe80::c30c:0:0:8
303923643	ID:32	RPL: Sending a multicast-DIO with rank 601
304262595	ID:35	RPL: Sending a multicast-DIO with rank 601
306923643	ID:32	RPL: Sending a multicast-DIO with rank 601
307262595	ID:35	RPL: Sending a multicast-DIO with rank 601
308182077	ID:33	RPL: Sending a DIS to fe80::c30c:0:0:2
309923643	ID:32	RPL: Sending a multicast-DIO with rank 601
310262595	ID:35	RPL: Sending a multicast-DIO with rank 601
312923643	ID:32	RPL: Sending a multicast-DIO with rank 601
313262595	ID:35	RPL: Sending a multicast-DIO with rank 601
315923643	ID:32	RPL: Sending a multicast-DIO with rank 601
316262595	ID:35	RPL: Sending a multicast-DIO with rank 601
318923643	ID:32	RPL: Sending a multicast-DIO with rank 601
319262595	ID:35	RPL: Sending a multicast-DIO with rank 601
321923643	ID:32	RPL: Sending a multicast-DIO with rank 601
322262595	ID:35	RPL: Sending a multicast-DIO with rank 601
323209729	ID:34	RPL: Sending a DIS to fe80::c30c:0:0:6
324923643	ID:32	RPL: Sending a multicast-DIO with rank 601
325262595	ID:35	RPL: Sending a multicast-DIO with rank 601
327923643	ID:32	RPL: Sending a multicast-DIO with rank 601
328262595	ID:35	RPL: Sending a multicast-DIO with rank 601
330923643	ID:32	RPL: Sending a multicast-DIO with rank 601
331262595	ID:35	RPL: Sending a multicast-DIO with rank 601
333923643	ID:32	RPL: Sending a multicast-DIO with rank 601
334262595	ID:35	RPL: Sending a multicast-DIO with rank 601
336923643	ID:32	RPL: Sending a multicast-DIO with rank 601
337262595	ID:35	RPL: Sending a multicast-DIO with rank 601
339923643	ID:32	RPL: Sending a multicast-DIO with rank 601
340262595	ID:35	RPL: Sending a multicast-DIO with rank 601
342923643	ID:32	RPL: Sending a multicast-DIO with rank 601
343262595	ID:35	RPL: Sending a multicast-DIO with rank 601
345923643	ID:32	RPL: Sending a multicast-DIO with rank 601
346262595	ID:35	RPL: Sending a multicast-DIO with rank 601
348923650	ID:32	RPL: Sending a multicast-DIO with rank 601
349262595	ID:35	RPL: Sending a multicast-DIO with rank 601
351923643	ID:32	RPL: Sending a multicast-DIO with rank 601
352262595	ID:35	RPL: Sending a multicast-DIO with rank 601
354923643	ID:32	RPL: Sending a multicast-DIO with rank 601
355262595	ID:35	RPL: Sending a multicast-DIO with rank 601
357923643	ID:32	RPL: Sending a multicast-DIO with rank 601
358262595	ID:35	RPL: Sending a multicast-DIO with rank 601
360923643	ID:32	RPL: Sending a multicast-DIO with rank 601
361262595	ID:35	RPL: Sending a multicast-DIO with rank 601
361971488	ID:36	RPL: Sending a DIS to fe80::c30c:0:0:8
363923643	ID:32	RPL: Sending a multicast-DIO with rank 601
364262595	ID:35	RPL: Sending a multicast-DIO with rank 601
366923643	ID:32	RPL: Sending a multicast-DIO with rank 601
367262595	ID:35	RPL: Sending a multicast-DIO with rank 601
368182077	ID:33	RPL: Sending a DIS to fe80::c30c:0:0:2
369923643	ID:32	RPL: Sending a multicast-DIO with rank 601
370262595	ID:35	RPL: Sending a multicast-DIO with rank 601
372923643	ID:32	RPL: Sending a multicast-DIO with rank 601
373262595	ID:35	RPL: Sending a multicast-DIO with rank 601
375923643	ID:32	RPL: Sending a multicast-DIO with rank 601
376262595	ID:35	RPL: Sending a multicast-DIO with rank 601
378923643	ID:32	RPL: Sending a multicast-DIO with rank 601
379262595	ID:35	RPL: Sending a multicast-DIO with rank 601
381923643	ID:32	RPL: Sending a multicast-DIO with rank 601
382262595	ID:35	RPL: Sending a multicast-DIO with rank 601
383209168	ID:34	RPL: Sending a DIS to fe80::c30c:0:0:6
384923643	ID:32	RPL: Sending a multicast-DIO with rank 601
385262595	ID:35	RPL: Sending a multicast-DIO with rank 601
387923643	ID:32	RPL: Sending a multicast-DIO with rank 601
388262595	ID:35	RPL: Sending a multicast-DIO with rank 601
390923643	ID:32	RPL: Sending a multicast-DIO with rank 601
391262595	ID:35	RPL: Sending a multicast-DIO with rank 601
393923643	ID:32	RPL: Sending a multicast-DIO with rank 601
394262595	ID:35	RPL: Sending a multicast-DIO with rank 601
396923643	ID:32	RPL: Sending a multicast-DIO with rank 601
397262595	ID:35	RPL: Sending a multicast-DIO with rank 601
399923643	ID:32	RPL: Sending a multicast-DIO with rank 601
400262595	ID:35	RPL: Sending a multicast-DIO with rank 601
402923643	ID:32	RPL: Sending a multicast-DIO with rank 601
403262595	ID:35	RPL: Sending a multicast-DIO with rank 601
405923643	ID:32	RPL: Sending a multicast-DIO with rank 601
406262595	ID:35	RPL: Sending a multicast-DIO with rank 601
408923643	ID:32	RPL: Sending a multicast-DIO with rank 601
409262595	ID:35	RPL: Sending a multicast-DIO with rank 601
411923643	ID:32	RPL: Sending a multicast-DIO with rank 601
412262595	ID:35	RPL: Sending a multicast-DIO with rank 601
414923643	ID:32	RPL: Sending a multicast-DIO with rank 601
415262595	ID:35	RPL: Sending a multicast-DIO with rank 601
417923643	ID:32	RPL: Sending a multicast-DIO with rank 601
418262595	ID:35	RPL: Sending a multicast-DIO with rank 601
420923643	ID:32	RPL: Sending a multicast-DIO with rank 601
421262602	ID:35	RPL: Sending a multicast-DIO with rank 601
421971488	ID:36	RPL: Sending a DIS to fe80::c30c:0:0:8
423923643	ID:32	RPL: Sending a multicast-DIO with rank 601
424262595	ID:35	RPL: Sending a multicast-DIO with rank 601
426923643	ID:32	RPL: Sending a multicast-DIO with rank 601
427262595	ID:35	RPL: Sending a multicast-DIO with rank 601
428182077	ID:33	RPL: Sending a DIS to fe80::c30c:0:0:2
429923643	ID:32	RPL: Sending a multicast-DIO with rank 601
430262595	ID:35	RPL: Sending a multicast-DIO with rank 601
432923643	ID:32	RPL: Sending a multicast-DIO with rank 601
433262595	ID:35	RPL: Sending a multicast-DIO with rank 601
435923643	ID:32	RPL: Sending a multicast-DIO with rank 601
436262595	ID:35	RPL: Sending a multicast-DIO with rank 601
438923643	ID:32	RPL: Sending a multicast-DIO with rank 601
439262595	ID:35	RPL: Sending a multicast-DIO with rank 601
441923643	ID:32	RPL: Sending a multicast-DIO with rank 601
442262595	ID:35	RPL: Sending a multicast-DIO with rank 601
443209168	ID:34	RPL: Sending a DIS to fe80::c30c:0:0:6
444923643	ID:32	RPL: Sending a multicast-DIO with rank 601
445262595	ID:35	RPL: Sending a multicast-DIO with rank 601
447923643	ID:32	RPL: Sending a multicast-DIO with rank 601
448262595	ID:35	RPL: Sending a multicast-DIO with rank 601
450923643	ID:32	RPL: Sending a multicast-DIO with rank 601
451262595	ID:35	RPL: Sending a multicast-DIO with rank 601
453923643	ID:32	RPL: Sending a multicast-DIO with rank 601
454262595	ID:35	RPL: Sending a multicast-DIO with rank 601
456923643	ID:32	RPL: Sending a multicast-DIO with rank 601
457262595	ID:35	RPL: Sending a multicast-DIO with rank 601
459923643	ID:32	RPL: Sending a multicast-DIO with rank 601
460262595	ID:35	RPL: Sending a multicast-DIO with rank 601
462923643	ID:32	RPL: Sending a multicast-DIO with rank 601
463262595	ID:35	RPL: Sending a multicast-DIO with rank 601
465923643	ID:32	RPL: Sending a multicast-DIO with rank 601
466262595	ID:35	RPL: Sending a multicast-DIO with rank 601
468923643	ID:32	RPL: Sending a multicast-DIO with rank 601
469262595	ID:35	RPL: Sending a multicast-DIO with rank 601
471923643	ID:32	RPL: Sending a multicast-DIO with rank 601
472262595	ID:35	RPL: Sending a multicast-DIO with rank 601
474923643	ID:32	RPL: Sending a multicast-DIO with rank 601
475262595	ID:35	RPL: Sending a multicast-DIO with rank 601
477923643	ID:32	RPL: Sending a multicast-DIO with rank 601
478262595	ID:35	RPL: Sending a multicast-DIO with rank 601
480923643	ID:32	RPL: Sending a multicast-DIO with rank 601
481262595	ID:35	RPL: Sending a multicast-DIO with rank 601
481971488	ID:36	RPL: Sending a DIS to fe80::c30c:0:0:8
483923643	ID:32	RPL: Sending a multicast-DIO with rank 601
484262595	ID:35	RPL: Sending a multicast-DIO with rank 601
486923643	ID:32	RPL: Sending a multicast-DIO with rank 601
487262595	ID:35	RPL: Sending a multicast-DIO with rank 601
488182077	ID:33	RPL: Sending a DIS to fe80::c30c:0:0:2
489923643	ID:32	RPL: Sending a multicast-DIO with rank 601
490262595	ID:35	RPL: Sending a multicast-DIO with rank 601
492923643	ID:32	RPL: Sending a multicast-DIO with rank 601
493262595	ID:35	RPL: Sending a multicast-DIO with rank 601
495923643	ID:32	RPL: Sending a multicast-DIO with rank 601
496262595	ID:35	RPL: Sending a multicast-DIO with rank 601
498923643	ID:32	RPL: Sending a multicast-DIO with rank 601
499262595	ID:35	RPL: Sending a multicast-DIO with rank 601
501923643	ID:32	RPL: Sending a multicast-DIO with rank 601
502262595	ID:35	RPL: Sending a multicast-DIO with rank 601
503209168	ID:34	RPL: Sending a DIS to fe80::c30c:0:0:6
504923643	ID:32	RPL: Sending a multicast-DIO with rank 601
505262595	ID:35	RPL: Sending a multicast-DIO with rank 601
507923643	ID:32	RPL: Sending a multicast-DIO with rank 601
508262595	ID:35	RPL: Sending a multicast-DIO with rank 601
510923643	ID:32	RPL: Sending a multicast-DIO with rank 601
511262595	ID:35	RPL: Sending a multicast-DIO with rank 601
513923643	ID:32	RPL: Sending a multicast-DIO with rank 601
514262595	ID:35	RPL: Sending a multicast-DIO with rank 601
516923643	ID:32	RPL: Sending a multicast-DIO with rank 601
517262595	ID:35	RPL: Sending a multicast-DIO with rank 601
519923643	ID:32	RPL: Sending a multicast-DIO with rank 601
520262595	ID:35	RPL: Sending a multicast-DIO with rank 601
522923643	ID:32	RPL: Sending a multicast-DIO with rank 601
523262595	ID:35	RPL: Sending a multicast-DIO with rank 601
525923643	ID:32	RPL: Sending a multicast-DIO with rank 601
526262595	ID:35	RPL: Sending a multicast-DIO with rank 601
528923643	ID:32	RPL: Sending a multicast-DIO with rank 601
529262595	ID:35	RPL: Sending a multicast-DIO with rank 601
531923643	ID:32	RPL: Sending a multicast-DIO with rank 601
532262595	ID:35	RPL: Sending a multicast-DIO with rank 601
534923643	ID:32	RPL: Sending a multicast-DIO with rank 601
535262595	ID:35	RPL: Sending a multicast-DIO with rank 601
537923643	ID:32	RPL: Sending a multicast-DIO with rank 601
538262595	ID:35	RPL: Sending a multicast-DIO with rank 601
540923643	ID:32	RPL: Sending a multicast-DIO with rank 601
541262595	ID:35	RPL: Sending a multicast-DIO with rank 601
541971488	ID:36	RPL: Sending a DIS to fe80::c30c:0:0:8
543923643	ID:32	RPL: Sending a multicast-DIO with rank 601
544262595	ID:35	RPL: Sending a multicast-DIO with rank 601
546923643	ID:32	RPL: Sending a multicast-DIO with rank 601
547262595	ID:35	RPL: Sending a multicast-DIO with rank 601
548182077	ID:33	RPL: Sending a DIS to fe80::c30c:0:0:2
549923643	ID:32	RPL: Sending a multicast-DIO with rank 601
550262595	ID:35	RPL: Sending a multicast-DIO with rank 601
552923643	ID:32	RPL: Sending a multicast-DIO with rank 601
553262595	ID:35	RPL: Sending a multicast-DIO with rank 601
555923643	ID:32	RPL: Sending a multicast-DIO with rank 601
556262595	ID:35	RPL: Sending a multicast-DIO with rank 601
558923643	ID:32	RPL: Sending a multicast-DIO with rank 601
559262595	ID:35	RPL: Sending a multicast-DIO with rank 601
561923643	ID:32	RPL: Sending a multicast-DIO with rank 601
562262595	ID:35	RPL: Sending a multicast-DIO with rank 601
563209168	ID:34	RPL: Sending a DIS to fe80::c30c:0:0:6
564923643	ID:32	RPL: Sending a multicast-DIO with rank 601
565262595	ID:35	RPL: Sending a multicast-DIO with rank 601
567923643	ID:32	RPL: Sending a multicast-DIO with rank 601
568262595	ID:35	RPL: Sending a multicast-DIO with rank 601
570923643	ID:32	RPL: Sending a multicast-DIO with rank 601
571262595	ID:35	RPL: Sending a multicast-DIO with rank 601
573923643	ID:32	RPL: Sending a multicast-DIO with rank 601
574262595	ID:35	RPL: Sending a multicast-DIO with rank 601
576923643	ID:32	RPL: Sending a multicast-DIO with rank 601
577262595	ID:35	RPL: Sending a multicast-DIO with rank 601
579923643	ID:32	RPL: Sending a multicast-DIO with rank 601
580262595	ID:35	RPL: Sending a multicast-DIO with rank 601
582923643	ID:32	RPL: Sending a multicast-DIO with rank 601
583262595	ID:35	RPL: Sending a multicast-DIO with rank 601
585923643	ID:32	RPL: Sending a multicast-DIO with rank 601
586262595	ID:35	RPL: Sending a multicast-DIO with rank 601
588923643	ID:32	RPL: Sending a multicast-DIO with rank 601
589262595	ID:35	RPL: Sending a multicast-DIO with rank 601
591923643	ID:32	RPL: Sending a multicast-DIO with rank 601
592262595	ID:35	RPL: Sending a multicast-DIO with rank 601
594923643	ID:32	RPL: Sending a multicast-DIO with rank 601
595262595	ID:35	RPL: Sending a multicast-DIO with rank 601
597923643	ID:32	RPL: Sending a multicast-DIO with rank 601
598262595	ID:35	RPL: Sending a multicast-DIO with rank 601
600923643	ID:32	RPL: Sending a multicast-DIO with rank 601
601262595	ID:35	RPL: Sending a multicast-DIO with rank 601
601971488	ID:36	RPL: Sending a DIS to fe80::c30c:0:0:8
603923643	ID:32	RPL: Sending a multicast-DIO with rank 601
604262595	ID:35	RPL: Sending a multicast-DIO with rank 601
606923643	ID:32	RPL: Sending a multicast-DIO with rank 601
607262595	ID:35	RPL: Sending a multicast-DIO with rank 601
608182077	ID:33	RPL: Sending a DIS to fe80::c30c:0:0:2
609923643	ID:32	RPL: Sending a multicast-DIO with rank 601
610262595	ID:35	RPL: Sending a multicast-DIO with rank 601
612923643	ID:32	RPL: Sending a multicast-DIO with rank 601
613262595	ID:35	RPL: Sending a multicast-DIO with rank 601
615923643	ID:32	RPL: Sending a multicast-DIO with rank 601
616262595	ID:35	RPL: Sending a multicast-DIO with rank 601
618923643	ID:32	RPL: Sending a multicast-DIO with rank 601
619262595	ID:35	RPL: Sending a multicast-DIO with rank 601
621923643	ID:32	RPL: Sending a multicast-DIO with rank 601
622262595	ID:35	RPL: Sending a multicast-DIO with rank 601
623209168	ID:34	RPL: Sending a DIS to fe80::c30c:0:0:6
624923643	ID:32	RPL: Sending a multicast-DIO with rank 601
625262595	ID:35	RPL: Sending a multicast-DIO with rank 601
627923643	ID:32	RPL: Sending a multicast-DIO with rank 601
628262595	ID:35	RPL: Sending a multicast-DIO with rank 601
630923643	ID:32	RPL: Sending a multicast-DIO with rank 601
631262595	ID:35	RPL: Sending a multicast-DIO with rank 601
633923643	ID:32	RPL: Sending a multicast-DIO with rank 601
634262595	ID:35	RPL: Sending a multicast-DIO with rank 601
636923643	ID:32	RPL: Sending a multicast-DIO with rank 601
637262595	ID:35	RPL: Sending a multicast-DIO with rank 601
639923643	ID:32	RPL: Sending a multicast-DIO with rank 601
640262595	ID:35	RPL: Sending a multicast-DIO with rank 601
642923643	ID:32	RPL: Sending a multicast-DIO with rank 601
643262595	ID:35	RPL: Sending a multicast-DIO with rank 601
645923643	ID:32	RPL: Sending a multicast-DIO with rank 601
646262595	ID:35	RPL: Sending a multicast-DIO with rank 601
648923643	ID:32	RPL: Sending a multicast-DIO with rank 601
649262595	ID:35	RPL: Sending a multicast-DIO with rank 601
651923643	ID:32	RPL: Sending a multicast-DIO with rank 601
652262595	ID:35	RPL: Sending a multicast-DIO with rank 601
654923643	ID:32	RPL: Sending a multicast-DIO with rank 601
655262595	ID:35	RPL: Sending a multicast-DIO with rank 601
657923643	ID:32	RPL: Sending a multicast-DIO with rank 601
658262595	ID:35	RPL: Sending a multicast-DIO with rank 601
660923643	ID:32	RPL: Sending a multicast-DIO with rank 601
661262595	ID:35	RPL: Sending a multicast-DIO with rank 601
661971488	ID:36	RPL: Sending a DIS to fe80::c30c:0:0:8
663923643	ID:32	RPL: Sending a multicast-DIO with rank 601
664262595	ID:35	RPL: Sending a multicast-DIO with rank 601
666923643	ID:32	RPL: Sending a multicast-DIO with rank 601
667262595	ID:35	RPL: Sending a multicast-DIO with rank 601
668182077	ID:33	RPL: Sending a DIS to fe80::c30c:0:0:2
669923643	ID:32	RPL: Sending a multicast-DIO with rank 601
670262595	ID:35	RPL: Sending a multicast-DIO with rank 601
672923643	ID:32	RPL: Sending a multicast-DIO with rank 601
673262595	ID:35	RPL: Sending a multicast-DIO with rank 601
675923643	ID:32	RPL: Sending a multicast-DIO with rank 601
676262595	ID:35	RPL: Sending a multicast-DIO with rank 601
678923643	ID:32	RPL: Sending a multicast-DIO with rank 601
679262595	ID:35	RPL: Sending a multicast-DIO with rank 601
681923643	ID:32	RPL: Sending a multicast-DIO with rank 601
682262595	ID:35	RPL: Sending a multicast-DIO with rank 601
683209168	ID:34	RPL: Sending a DIS to fe80::c30c:0:0:6
684923643	ID:32	RPL: Sending a multicast-DIO with rank 601
685262595	ID:35	RPL: Sending a multicast-DIO with rank 601
687923643	ID:32	RPL: Sending a multicast-DIO with rank 601
688262595	ID:35	RPL: Sending a multicast-DIO with rank 601
690923644	ID:32	RPL: Sending a multicast-DIO with rank 601
691262596	ID:35	RPL: Sending a multicast-DIO with rank 601
693923644	ID:32	RPL: Sending a multicast-DIO with rank 601
694262596	ID:35	RPL: Sending a multicast-DIO with rank 601
696923644	ID:32	RPL: Sending a multicast-DIO with rank 601
697262596	ID:35	RPL: Sending a multicast-DIO with rank 601
699923644	ID:32	RPL: Sending a multicast-DIO with rank 601
700262596	ID:35	RPL: Sending a multicast-DIO with rank 601
702923644	ID:32	RPL: Sending a multicast-DIO with rank 601
703262596	ID:35	RPL: Sending a multicast-DIO with rank 601
705923644	ID:32	RPL: Sending a multicast-DIO with rank 601
706262596	ID:35	RPL: Sending a multicast-DIO with rank 601
708923644	ID:32	RPL: Sending a multicast-DIO with rank 601
709262596	ID:35	RPL: Sending a multicast-DIO with rank 601
711923644	ID:32	RPL: Sending a multicast-DIO with rank 601
712262596	ID:35	RPL: Sending a multicast-DIO with rank 601
714923644	ID:32	RPL: Sending a multicast-DIO with rank 601
715262596	ID:35	RPL: Sending a multicast-DIO with rank 601
717923644	ID:32	RPL: Sending a multicast-DIO with rank 601
718262596	ID:35	RPL: Sending a multicast-DIO with rank 601
720923644	ID:32	RPL: Sending a multicast-DIO with rank 601
721262596	ID:35	RPL: Sending a multicast-DIO with rank 601
721971488	ID:36	RPL: Sending a DIS to fe80::c30c:0:0:8
723923644	ID:32	RPL: Sending a multicast-DIO with rank 601
724262596	ID:35	RPL: Sending a multicast-DIO with rank 601
726923644	ID:32	RPL: Sending a multicast-DIO with rank 601
727262596	ID:35	RPL: Sending a multicast-DIO with rank 601
728182077	ID:33	RPL: Sending a DIS to fe80::c30c:0:0:2
729923644	ID:32	RPL: Sending a multicast-DIO with rank 601
730262596	ID:35	RPL: Sending a multicast-DIO with rank 601
732923644	ID:32	RPL: Sending a multicast-DIO with rank 601
733262596	ID:35	RPL: Sending a multicast-DIO with rank 601
735923644	ID:32	RPL: Sending a multicast-DIO with rank 601
736262596	ID:35	RPL: Sending a multicast-DIO with rank 601
738923644	ID:32	RPL: Sending a multicast-DIO with rank 601
739262596	ID:35	RPL: Sending a multicast-DIO with rank 601
741923644	ID:32	RPL: Sending a multicast-DIO with rank 601
742262596	ID:35	RPL: Sending a multicast-DIO with rank 601
743209168	ID:34	RPL: Sending a DIS to fe80::c30c:0:0:6
744923644	ID:32	RPL: Sending a multicast-DIO with rank 601
745262596	ID:35	RPL: Sending a multicast-DIO with rank 601
747923644	ID:32	RPL: Sending a multicast-DIO with rank 601
748262596	ID:35	RPL: Sending a multicast-DIO with rank 601
750923644	ID:32	RPL: Sending a multicast-DIO with rank 601
751262596	ID:35	RPL: Sending a multicast-DIO with rank 601
753923644	ID:32	RPL: Sending a multicast-DIO with rank 601
754262596	ID:35	RPL: Sending a multicast-DIO with rank 601
756923644	ID:32	RPL: Sending a multicast-DIO with rank 601
757262596	ID:35	RPL: Sending a multicast-DIO with rank 601
759923644	ID:32	RPL: Sending a multicast-DIO with rank 601
760262596	ID:35	RPL: Sending a multicast-DIO with rank 601
762923644	ID:32	RPL: Sending a multicast-DIO with rank 601
763262596	ID:35	RPL: Sending a multicast-DIO with rank 601
765923644	ID:32	RPL: Sending a multicast-DIO with rank 601
766262596	ID:35	RPL: Sending a multicast-DIO with rank 601
768923644	ID:32	RPL: Sending a multicast-DIO with rank 601
769262596	ID:35	RPL: Sending a multicast-DIO with rank 601
771923644	ID:32	RPL: Sending a multicast-DIO with rank 601
772262596	ID:35	RPL: Sending a multicast-DIO with rank 601
774923644	ID:32	RPL: Sending a multicast-DIO with rank 601
775262596	ID:35	RPL: Sending a multicast-DIO with rank 601
777923644	ID:32	RPL: Sending a multicast-DIO with rank 601
778262602	ID:35	RPL: Sending a multicast-DIO with rank 601
780923644	ID:32	RPL: Sending a multicast-DIO with rank 601
781262596	ID:35	RPL: Sending a multicast-DIO with rank 601
781971488	ID:36	RPL: Sending a DIS to fe80::c30c:0:0:8
783923644	ID:32	RPL: Sending a multicast-DIO with rank 601
784262596	ID:35	RPL: Sending a multicast-DIO with rank 601
786923644	ID:32	RPL: Sending a multicast-DIO with rank 601
787262596	ID:35	RPL: Sending a multicast-DIO with rank 601
788182077	ID:33	RPL: Sending a DIS to fe80::c30c:0:0:2
789923651	ID:32	RPL: Sending a multicast-DIO with rank 601
790262596	ID:35	RPL: Sending a multicast-DIO with rank 601
792923644	ID:32	RPL: Sending a multicast-DIO with rank 601
793262595	ID:35	RPL: Sending a multicast-DIO with rank 601
795923644	ID:32	RPL: Sending a multicast-DIO with rank 601
796262596	ID:35	RPL: Sending a multicast-DIO with rank 601
798923644	ID:32	RPL: Sending a multicast-DIO with rank 601
799262596	ID:35	RPL: Sending a multicast-DIO with rank 601
801923644	ID:32	RPL: Sending a multicast-DIO with rank 601
802262596	ID:35	RPL: Sending a multicast-DIO with rank 601
803209168	ID:34	RPL: Sending a DIS to fe80::c30c:0:0:6
804923644	ID:32	RPL: Sending a multicast-DIO with rank 601
805262596	ID:35	RPL: Sending a multicast-DIO with rank 601
807923644	ID:32	RPL: Sending a multicast-DIO with rank 601
808262596	ID:35	RPL: Sending a multicast-DIO with rank 601
810923644	ID:32	RPL: Sending a multicast-DIO with rank 601
811262596	ID:35	RPL: Sending a multicast-DIO with rank 601
813923644	ID:32	RPL: Sending a multicast-DIO with rank 601
814262596	ID:35	RPL: Sending a multicast-DIO with rank 601
816923644	ID:32	RPL: Sending a multicast-DIO with rank 601
817262596	ID:35	RPL: Sending a multicast-DIO with rank 601
819923644	ID:32	RPL: Sending a multicast-DIO with rank 601
820262596	ID:35	RPL: Sending a multicast-DIO with rank 601
822923644	ID:32	RPL: Sending a multicast-DIO with rank 601
823262596	ID:35	RPL: Sending a multicast-DIO with rank 601
825923644	ID:32	RPL: Sending a multicast-DIO with rank 601
826262596	ID:35	RPL: Sending a multicast-DIO with rank 601
828923644	ID:32	RPL: Sending a multicast-DIO with rank 601
829262596	ID:35	RPL: Sending a multicast-DIO with rank 601
831923644	ID:32	RPL: Sending a multicast-DIO with rank 601
832262596	ID:35	RPL: Sending a multicast-DIO with rank 601
834923644	ID:32	RPL: Sending a multicast-DIO with rank 601
835262596	ID:35	RPL: Sending a multicast-DIO with rank 601
837923644	ID:32	RPL: Sending a multicast-DIO with rank 601
838262596	ID:35	RPL: Sending a multicast-DIO with rank 601
840923644	ID:32	RPL: Sending a multicast-DIO with rank 601
841262596	ID:35	RPL: Sending a multicast-DIO with rank 601
841971488	ID:36	RPL: Sending a DIS to fe80::c30c:0:0:8
843923644	ID:32	RPL: Sending a multicast-DIO with rank 601
844262596	ID:35	RPL: Sending a multicast-DIO with rank 601
846923644	ID:32	RPL: Sending a multicast-DIO with rank 601
847262596	ID:35	RPL: Sending a multicast-DIO with rank 601
848182077	ID:33	RPL: Sending a DIS to fe80::c30c:0:0:2
849923644	ID:32	RPL: Sending a multicast-DIO with rank 601
850262596	ID:35	RPL: Sending a multicast-DIO with rank 601
852923644	ID:32	RPL: Sending a multicast-DIO with rank 601
853262596	ID:35	RPL: Sending a multicast-DIO with rank 601
855923644	ID:32	RPL: Sending a multicast-DIO with rank 601
856262596	ID:35	RPL: Sending a multicast-DIO with rank 601
858923644	ID:32	RPL: Sending a multicast-DIO with rank 601
859262596	ID:35	RPL: Sending a multicast-DIO with rank 601
861923644	ID:32	RPL: Sending a multicast-DIO with rank 601
862262596	ID:35	RPL: Sending a multicast-DIO with rank 601
863209168	ID:34	RPL: Sending a DIS to fe80::c30c:0:0:6
864923644	ID:32	RPL: Sending a multicast-DIO with rank 601
865262596	ID:35	RPL: Sending a multicast-DIO with rank 601
867923644	ID:32	RPL: Sending a multicast-DIO with rank 601
868262596	ID:35	RPL: Sending a multicast-DIO with rank 601
870923644	ID:32	RPL: Sending a multicast-DIO with rank 601
871262596	ID:35	RPL: Sending a multicast-DIO with rank 601
873923644	ID:32	RPL: Sending a multicast-DIO with rank 601
874262596	ID:35	RPL: Sending a multicast-DIO with rank 601
876923644	ID:32	RPL: Sending a multicast-DIO with rank 601
877262596	ID:35	RPL: Sending a multicast-DIO with rank 601
879923644	ID:32	RPL: Sending a multicast-DIO with rank 601
880262596	ID:35	RPL: Sending a multicast-DIO with rank 601
882923644	ID:32	RPL: Sending a multicast-DIO with rank 601
883262596	ID:35	RPL: Sending a multicast-DIO with rank 601
885923644	ID:32	RPL: Sending a multicast-DIO with rank 601
886262596	ID:35	RPL: Sending a multicast-DIO with rank 601
888923644	ID:32	RPL: Sending a multicast-DIO with rank 601
889262596	ID:35	RPL: Sending a multicast-DIO with rank 601
891923644	ID:32	RPL: Sending a multicast-DIO with rank 601
892262596	ID:35	RPL: Sending a multicast-DIO with rank 601
894923644	ID:32	RPL: Sending a multicast-DIO with rank 601
895262595	ID:35	RPL: Sending a multicast-DIO with rank 601
897923644	ID:32	RPL: Sending a multicast-DIO with rank 601
898262596	ID:35	RPL: Sending a multicast-DIO with rank 601
900923644	ID:32	RPL: Sending a multicast-DIO with rank 601
901262596	ID:35	RPL: Sending a multicast-DIO with rank 601
901971488	ID:36	RPL: Sending a DIS to fe80::c30c:0:0:8
903923644	ID:32	RPL: Sending a multicast-DIO with rank 601
904262596	ID:35	RPL: Sending a multicast-DIO with rank 601
906923644	ID:32	RPL: Sending a multicast-DIO with rank 601
907262596	ID:35	RPL: Sending a multicast-DIO with rank 601
908182077	ID:33	RPL: Sending a DIS to fe80::c30c:0:0:2
909923644	ID:32	RPL: Sending a multicast-DIO with rank 601
910262596	ID:35	RPL: Sending a multicast-DIO with rank 601
912923644	ID:32	RPL: Sending a multicast-DIO with rank 601
913262596	ID:35	RPL: Sending a multicast-DIO with rank 601
915923644	ID:32	RPL: Sending a multicast-DIO with rank 601
916262596	ID:35	RPL: Sending a multicast-DIO with rank 601
918923644	ID:32	RPL: Sending a multicast-DIO with rank 601
919262596	ID:35	RPL: Sending a multicast-DIO with rank 601
921923644	ID:32	RPL: Sending a multicast-DIO with rank 601
922262595	ID:35	RPL: Sending a multicast-DIO with rank 601
923209289	ID:34	RPL: Sending a DIS to fe80::c30c:0:0:6
924923644	ID:32	RPL: Sending a multicast-DIO with rank 601
925262596	ID:35	RPL: Sending a multicast-DIO with rank 601
927923644	ID:32	RPL: Sending a multicast-DIO with rank 601
928262596	ID:35	RPL: Sending a multicast-DIO with rank 601
930923644	ID:32	RPL: Sending a multicast-DIO with rank 601
931262596	ID:35	RPL: Sending a multicast-DIO with rank 601
933923644	ID:32	RPL: Sending a multicast-DIO with rank 601
934262596	ID:35	RPL: Sending a multicast-DIO with rank 601
936923644	ID:32	RPL: Sending a multicast-DIO with rank 601
937262596	ID:35	RPL: Sending a multicast-DIO with rank 601
939923644	ID:32	RPL: Sending a multicast-DIO with rank 601
940262596	ID:35	RPL: Sending a multicast-DIO with rank 601
942923644	ID:32	RPL: Sending a multicast-DIO with rank 601
943262596	ID:35	RPL: Sending a multicast-DIO with rank 601
945923644	ID:32	RPL: Sending a multicast-DIO with rank 601
946262596	ID:35	RPL: Sending a multicast-DIO with rank 601
948923644	ID:32	RPL: Sending a multicast-DIO with rank 601
949262596	ID:35	RPL: Sending a multicast-DIO with rank 601
951923644	ID:32	RPL: Sending a multicast-DIO with rank 601
952262596	ID:35	RPL: Sending a multicast-DIO with rank 601
954923644	ID:32	RPL: Sending a multicast-DIO with rank 601
955262596	ID:35	RPL: Sending a multicast-DIO with rank 601
957923644	ID:32	RPL: Sending a multicast-DIO with rank 601
958262596	ID:35	RPL: Sending a multicast-DIO with rank 601
960923644	ID:32	RPL: Sending a multicast-DIO with rank 601
961262596	ID:35	RPL: Sending a multicast-DIO with rank 601
961971609	ID:36	RPL: Sending a DIS to fe80::c30c:0:0:8
963923644	ID:32	RPL: Sending a multicast-DIO with rank 601
964262596	ID:35	RPL: Sending a multicast-DIO with rank 601
966923644	ID:32	RPL: Sending a multicast-DIO with rank 601
967262596	ID:35	RPL: Sending a multicast-DIO with rank 601
968182198	ID:33	RPL: Sending a DIS to fe80::c30c:0:0:2
969923644	ID:32	RPL: Sending a multicast-DIO with rank 601
970262596	ID:35	RPL: Sending a multicast-DIO with rank 601
972923644	ID:32	RPL: Sending a multicast-DIO with rank 601
973262596	ID:35	RPL: Sending a multicast-DIO with rank 601
975923644	ID:32	RPL: Sending a multicast-DIO with rank 601
976262596	ID:35	RPL: Sending a multicast-DIO with rank 601
978923644	ID:32	RPL: Sending a multicast-DIO with rank 601
979262596	ID:35	RPL: Sending a multicast-DIO with rank 601
981923644	ID:32	RPL: Sending a multicast-DIO with rank 601
982262596	ID:35	RPL: Sending a multicast-DIO with rank 601
983209759	ID:34	RPL: Sending a DIS to fe80::c30c:0:0:6
984923644	ID:32	RPL: Sending a multicast-DIO with rank 601
985262596	ID:35	RPL: Sending a multicast-DIO with rank 601
987923644	ID:32	RPL: Sending a multicast-DIO with rank 601
988262596	ID:35	RPL: Sending a multicast-DIO with rank 601
990923644	ID:32	RPL: Sending a multicast-DIO with rank 601
991262596	ID:35	RPL: Sending a multicast-DIO with rank 601
993923644	ID:32	RPL: Sending a multicast-DIO with rank 601
994262596	ID:35	RPL: Sending a multicast-DIO with rank 601
996923644	ID:32	RPL: Sending a multicast-DIO with rank 601
997262596	ID:35	RPL: Sending a multicast-DIO with rank 601
999923644	ID:32	RPL: Sending a multicast-DIO with rank 601
1000262596	ID:35	RPL: Sending a multicast-DIO with rank 601
1002923644	ID:32	RPL: Sending a multicast-DIO with rank 601
1003262596	ID:35	RPL: Sending a multicast-DIO with rank 601
1005923644	ID:32	RPL: Sending a multicast-DIO with rank 601
1006262596	ID:35	RPL: Sending a multicast-DIO with rank 601
1008923644	ID:32	RPL: Sending a multicast-DIO with rank 601
1009262596	ID:35	RPL: Sending a multicast-DIO with rank 601
1011923644	ID:32	RPL: Sending a multicast-DIO with rank 601
1012262596	ID:35	RPL: Sending a multicast-DIO with rank 601
1014923644	ID:32	RPL: Sending a multicast-DIO with rank 601
1015262596	ID:35	RPL: Sending a multicast-DIO with rank 601
1017923644	ID:32	RPL: Sending a multicast-DIO with rank 601
1018262596	ID:35	RPL: Sending a multicast-DIO with rank 601
1020923644	ID:32	RPL: Sending a multicast-DIO with rank 601
1021262596	ID:35	RPL: Sending a multicast-DIO with rank 601
1021971609	ID:36	RPL: Sending a DIS to fe80::c30c:0:0:8
1023923644	ID:32	RPL: Sending a multicast-DIO with rank 601
1024262596	ID:35	RPL: Sending a multicast-DIO with rank 601
1026923645	ID:32	RPL: Sending a multicast-DIO with rank 601
1027262596	ID:35	RPL: Sending a multicast-DIO with rank 601
1028182199	ID:33	RPL: Sending a DIS to fe80::c30c:0:0:2
1029923645	ID:32	RPL: Sending a multicast-DIO with rank 601
1030262596	ID:35	RPL: Sending a multicast-DIO with rank 601
1032923645	ID:32	RPL: Sending a multicast-DIO with rank 601
1033262596	ID:35	RPL: Sending a multicast-DIO with rank 601
1035923645	ID:32	RPL: Sending a multicast-DIO with rank 601
1036262596	ID:35	RPL: Sending a multicast-DIO with rank 601
1038923645	ID:32	RPL: Sending a multicast-DIO with rank 601
1039262596	ID:35	RPL: Sending a multicast-DIO with rank 601
1041923645	ID:32	RPL: Sending a multicast-DIO with rank 601
1042262596	ID:35	RPL: Sending a multicast-DIO with rank 601
1043209290	ID:34	RPL: Sending a DIS to fe80::c30c:0:0:6
1044923645	ID:32	RPL: Sending a multicast-DIO with rank 601
1045262596	ID:35	RPL: Sending a multicast-DIO with rank 601
1047923645	ID:32	RPL: Sending a multicast-DIO with rank 601
1048262596	ID:35	RPL: Sending a multicast-DIO with rank 601
1050923645	ID:32	RPL: Sending a multicast-DIO with rank 601
1051262596	ID:35	RPL: Sending a multicast-DIO with rank 601
1053923645	ID:32	RPL: Sending a multicast-DIO with rank 601
1054262596	ID:35	RPL: Sending a multicast-DIO with rank 601
1056923645	ID:32	RPL: Sending a multicast-DIO with rank 601
1057262596	ID:35	RPL: Sending a multicast-DIO with rank 601
1059923645	ID:32	RPL: Sending a multicast-DIO with rank 601
1060262596	ID:35	RPL: Sending a multicast-DIO with rank 601
1062923645	ID:32	RPL: Sending a multicast-DIO with rank 601
1063262596	ID:35	RPL: Sending a multicast-DIO with rank 601
1065923645	ID:32	RPL: Sending a multicast-DIO with rank 601
1066262596	ID:35	RPL: Sending a multicast-DIO with rank 601
1068923645	ID:32	RPL: Sending a multicast-DIO with rank 601
1069262596	ID:35	RPL: Sending a multicast-DIO with rank 601
1071923645	ID:32	RPL: Sending a multicast-DIO with rank 601
1072262596	ID:35	RPL: Sending a multicast-DIO with rank 601
1074923645	ID:32	RPL: Sending a multicast-DIO with rank 601
1075262596	ID:35	RPL: Sending a multicast-DIO with rank 601
1077923645	ID:32	RPL: Sending a multicast-DIO with rank 601
1078262596	ID:35	RPL: Sending a multicast-DIO with rank 601
1080923645	ID:32	RPL: Sending a multicast-DIO with rank 601
1081262596	ID:35	RPL: Sending a multicast-DIO with rank 601
1081971610	ID:36	RPL: Sending a DIS to fe80::c30c:0:0:8
1083923645	ID:32	RPL: Sending a multicast-DIO with rank 601
1084262596	ID:35	RPL: Sending a multicast-DIO with rank 601
1086923645	ID:32	RPL: Sending a multicast-DIO with rank 601
1087262596	ID:35	RPL: Sending a multicast-DIO with rank 601
1088182199	ID:33	RPL: Sending a DIS to fe80::c30c:0:0:2
1089923645	ID:32	RPL: Sending a multicast-DIO with rank 601
1090262596	ID:35	RPL: Sending a multicast-DIO with rank 601
1092923645	ID:32	RPL: Sending a multicast-DIO with rank 601
1093262596	ID:35	RPL: Sending a multicast-DIO with rank 601
1095923645	ID:32	RPL: Sending a multicast-DIO with rank 601
1096262596	ID:35	RPL: Sending a multicast-DIO with rank 601
1098923645	ID:32	RPL: Sending a multicast-DIO with rank 601
1099262596	ID:35	RPL: Sending a multicast-DIO with rank 601
1101923645	ID:32	RPL: Sending a multicast-DIO with rank 601
1102262596	ID:35	RPL: Sending a multicast-DIO with rank 601
1103209290	ID:34	RPL: Sending a DIS to fe80::c30c:0:0:6
1104923645	ID:32	RPL: Sending a multicast-DIO with rank 601
1105262596	ID:35	RPL: Sending a multicast-DIO with rank 601
1107923645	ID:32	RPL: Sending a multicast-DIO with rank 601
1108262596	ID:35	RPL: Sending a multicast-DIO with rank 601
1110923651	ID:32	RPL: Sending a multicast-DIO with rank 601
1111262596	ID:35	RPL: Sending a multicast-DIO with rank 601
1113923645	ID:32	RPL: Sending a multicast-DIO with rank 601
1114262596	ID:35	RPL: Sending a multicast-DIO with rank 601
1116923645	ID:32	RPL: Sending a multicast-DIO with rank 601
1117262596	ID:35	RPL: Sending a multicast-DIO with rank 601
1119923645	ID:32	RPL: Sending a multicast-DIO with rank 601
1120262596	ID:35	RPL: Sending a multicast-DIO with rank 601
1122923645	ID:32	RPL: Sending a multicast-DIO with rank 601
1123262596	ID:35	RPL: Sending a multicast-DIO with rank 601
1125923645	ID:32	RPL: Sending a multicast-DIO with rank 601
1126262596	ID:35	RPL: Sending a multicast-DIO with rank 601
1128923645	ID:32	RPL: Sending a multicast-DIO with rank 601
1129262596	ID:35	RPL: Sending a multicast-DIO with rank 601
1131923645	ID:32	RPL: Sending a multicast-DIO with rank 601
1132262596	ID:35	RPL: Sending a multicast-DIO with rank 601
1134923645	ID:32	RPL: Sending a multicast-DIO with rank 601
1135262596	ID:35	RPL: Sending a multicast-DIO with rank 601
1137923645	ID:32	RPL: Sending a multicast-DIO with rank 601
1138262596	ID:35	RPL: Sending a multicast-DIO with rank 601
1140923645	ID:32	RPL: Sending a multicast-DIO with rank 601
1141262596	ID:35	RPL: Sending a multicast-DIO with rank 601
1141972079	ID:36	RPL: Sending a DIS to fe80::c30c:0:0:8
1143923645	ID:32	RPL: Sending a multicast-DIO with rank 601
1144262596	ID:35	RPL: Sending a multicast-DIO with rank 601
1146923645	ID:32	RPL: Sending a multicast-DIO with rank 601
1147262596	ID:35	RPL: Sending a multicast-DIO with rank 601
1148182668	ID:33	RPL: Sending a DIS to fe80::c30c:0:0:2
1149923645	ID:32	RPL: Sending a multicast-DIO with rank 601
1150262596	ID:35	RPL: Sending a multicast-DIO with rank 601
1152923645	ID:32	RPL: Sending a multicast-DIO with rank 601
1153262596	ID:35	RPL: Sending a multicast-DIO with rank 601
1155923645	ID:32	RPL: Sending a multicast-DIO with rank 601
1156262596	ID:35	RPL: Sending a multicast-DIO with rank 601
1158923645	ID:32	RPL: Sending a multicast-DIO with rank 601
1159262596	ID:35	RPL: Sending a multicast-DIO with rank 601
1161923645	ID:32	RPL: Sending a multicast-DIO with rank 601
1162262596	ID:35	RPL: Sending a multicast-DIO with rank 601
1163209290	ID:34	RPL: Sending a DIS to fe80::c30c:0:0:6
1164923645	ID:32	RPL: Sending a multicast-DIO with rank 601
1165262603	ID:35	RPL: Sending a multicast-DIO with rank 601
1167923645	ID:32	RPL: Sending a multicast-DIO with rank 601
1168262596	ID:35	RPL: Sending a multicast-DIO with rank 601
1170923645	ID:32	RPL: Sending a multicast-DIO with rank 601
1171262596	ID:35	RPL: Sending a multicast-DIO with rank 601
1173923645	ID:32	RPL: Sending a multicast-DIO with rank 601
1174262596	ID:35	RPL: Sending a multicast-DIO with rank 601
1176923645	ID:32	RPL: Sending a multicast-DIO with rank 601
1177262596	ID:35	RPL: Sending a multicast-DIO with rank 601
1179923645	ID:32	RPL: Sending a multicast-DIO with rank 601
1180262596	ID:35	RPL: Sending a multicast-DIO with rank 601
1182923645	ID:32	RPL: Sending a multicast-DIO with rank 601
1183262596	ID:35	RPL: Sending a multicast-DIO with rank 601
1185923645	ID:32	RPL: Sending a multicast-DIO with rank 601
1186262596	ID:35	RPL: Sending a multicast-DIO with rank 601
1188923645	ID:32	RPL: Sending a multicast-DIO with rank 601
1189262596	ID:35	RPL: Sending a multicast-DIO with rank 601
1191923645	ID:32	RPL: Sending a multicast-DIO with rank 601
1192262596	ID:35	RPL: Sending a multicast-DIO with rank 601
1194923645	ID:32	RPL: Sending a multicast-DIO with rank 601
1195262596	ID:35	RPL: Sending a multicast-DIO with rank 601
1197923645	ID:32	RPL: Sending a multicast-DIO with rank 601
1198262596	ID:35	RPL: Sending a multicast-DIO with rank 601
1200923649	ID:32	RPL: Sending a multicast-DIO with rank 601
1201262596	ID:35	RPL: Sending a multicast-DIO with rank 601
1201971615	ID:36	RPL: Sending a DIS to fe80::c30c:0:0:8
1203923643	ID:32	RPL: Sending a multicast-DIO with rank 601
1204262601	ID:35	RPL: Sending a multicast-DIO with rank 601
1206923643	ID:32	RPL: Sending a multicast-DIO with rank 601
1207262595	ID:35	RPL: Sending a multicast-DIO with rank 601
1208182198	ID:33	RPL: Sending a DIS to fe80::c30c:0:0:2
1209923643	ID:32	RPL: Sending a multicast-DIO with rank 601
1210262595	ID:35	RPL: Sending a multicast-DIO with rank 601
1212923643	ID:32	RPL: Sending a multicast-DIO with rank 601
1213262595	ID:35	RPL: Sending a multicast-DIO with rank 601
1215923643	ID:32	RPL: Sending a multicast-DIO with rank 601
1216262595	ID:35	RPL: Sending a multicast-DIO with rank 601
1218923643	ID:32	RPL: Sending a multicast-DIO with rank 601
1219262595	ID:35	RPL: Sending a multicast-DIO with rank 601
1221923643	ID:32	RPL: Sending a multicast-DIO with rank 601
1222262595	ID:35	RPL: Sending a multicast-DIO with rank 601
1223209289	ID:34	RPL: Sending a DIS to fe80::c30c:0:0:6
1224923643	ID:32	RPL: Sending a multicast-DIO with rank 601
1225262595	ID:35	RPL: Sending a multicast-DIO with rank 601
1227923643	ID:32	RPL: Sending a multicast-DIO with rank 601
1228262595	ID:35	RPL: Sending a multicast-DIO with rank 601
1230923643	ID:32	RPL: Sending a multicast-DIO with rank 601
1231262595	ID:35	RPL: Sending a multicast-DIO with rank 601
1233923643	ID:32	RPL: Sending a multicast-DIO with rank 601
1234262595	ID:35	RPL: Sending a multicast-DIO with rank 601
1236923643	ID:32	RPL: Sending a multicast-DIO with rank 601
1237262595	ID:35	RPL: Sending a multicast-DIO with rank 601
1239923643	ID:32	RPL: Sending a multicast-DIO with rank 601
1240262595	ID:35	RPL: Sending a multicast-DIO with rank 601
1242923643	ID:32	RPL: Sending a multicast-DIO with rank 601
1243262595	ID:35	RPL: Sending a multicast-DIO with rank 601
1245923643	ID:32	RPL: Sending a multicast-DIO with rank 601
1246262595	ID:35	RPL: Sending a multicast-DIO with rank 601
1248923643	ID:32	RPL: Sending a multicast-DIO with rank 601
1249262595	ID:35	RPL: Sending a multicast-DIO with rank 601
1251923643	ID:32	RPL: Sending a multicast-DIO with rank 601
1252262595	ID:35	RPL: Sending a multicast-DIO with rank 601
1254923643	ID:32	RPL: Sending a multicast-DIO with rank 601
1255262595	ID:35	RPL: Sending a multicast-DIO with rank 601
1257923643	ID:32	RPL: Sending a multicast-DIO with rank 601
1258262595	ID:35	RPL: Sending a multicast-DIO with rank 601
1260923643	ID:32	RPL: Sending a multicast-DIO with rank 601
1261262595	ID:35	RPL: Sending a multicast-DIO with rank 601
1261971609	ID:36	RPL: Sending a DIS to fe80::c30c:0:0:8
1263923643	ID:32	RPL: Sending a multicast-DIO with rank 601
1264262595	ID:35	RPL: Sending a multicast-DIO with rank 601
1266923643	ID:32	RPL: Sending a multicast-DIO with rank 601
1267262595	ID:35	RPL: Sending a multicast-DIO with rank 601
1268182198	ID:33	RPL: Sending a DIS to fe80::c30c:0:0:2
1269923643	ID:32	RPL: Sending a multicast-DIO with rank 601
1270262595	ID:35	RPL: Sending a multicast-DIO with rank 601
1272923643	ID:32	RPL: Sending a multicast-DIO with rank 601
1273262595	ID:35	RPL: Sending a multicast-DIO with rank 601
1275923643	ID:32	RPL: Sending a multicast-DIO with rank 601
1276262595	ID:35	RPL: Sending a multicast-DIO with rank 601
1278923643	ID:32	RPL: Sending a multicast-DIO with rank 601
1279262595	ID:35	RPL: Sending a multicast-DIO with rank 601
1281923643	ID:32	RPL: Sending a multicast-DIO with rank 601
1282262595	ID:35	RPL: Sending a multicast-DIO with rank 601
1283209289	ID:34	RPL: Sending a DIS to fe80::c30c:0:0:6
1284923643	ID:32	RPL: Sending a multicast-DIO with rank 601
1285262595	ID:35	RPL: Sending a multicast-DIO with rank 601
1287923643	ID:32	RPL: Sending a multicast-DIO with rank 601
1288262595	ID:35	RPL: Sending a multicast-DIO with rank 601
1290923643	ID:32	RPL: Sending a multicast-DIO with rank 601
1291262595	ID:35	RPL: Sending a multicast-DIO with rank 601
1293923643	ID:32	RPL: Sending a multicast-DIO with rank 601
1294262595	ID:35	RPL: Sending a multicast-DIO with rank 601
1296923643	ID:32	RPL: Sending a multicast-DIO with rank 601
1297262595	ID:35	RPL: Sending a multicast-DIO with rank 601
1299923643	ID:32	RPL: Sending a multicast-DIO with rank 601
1300262595	ID:35	RPL: Sending a multicast-DIO with rank 601
1302923643	ID:32	RPL: Sending a multicast-DIO with rank 601
1303262595	ID:35	RPL: Sending a multicast-DIO with rank 601
1305923643	ID:32	RPL: Sending a multicast-DIO with rank 601
1306262595	ID:35	RPL: Sending a multicast-DIO with rank 601
1308923643	ID:32	RPL: Sending a multicast-DIO with rank 601
1309262595	ID:35	RPL: Sending a multicast-DIO with rank 601
1311923643	ID:32	RPL: Sending a multicast-DIO with rank 601
1312262595	ID:35	RPL: Sending a multicast-DIO with rank 601
1314923643	ID:32	RPL: Sending a multicast-DIO with rank 601
1315262595	ID:35	RPL: Sending a multicast-DIO with rank 601
1317923643	ID:32	RPL: Sending a multicast-DIO with rank 601
1318262595	ID:35	RPL: Sending a multicast-DIO with rank 601
1320923643	ID:32	RPL: Sending a multicast-DIO with rank 601
1321262595	ID:35	RPL: Sending a multicast-DIO with rank 601
1321971609	ID:36	RPL: Sending a DIS to fe80::c30c:0:0:8
1323923643	ID:32	RPL: Sending a multicast-DIO with rank 601
1324262595	ID:35	RPL: Sending a multicast-DIO with rank 601
1326923643	ID:32	RPL: Sending a multicast-DIO with rank 601
1327262595	ID:35	RPL: Sending a multicast-DIO with rank 601
1328182198	ID:33	RPL: Sending a DIS to fe80::c30c:0:0:2
1329923643	ID:32	RPL: Sending a multicast-DIO with rank 601
1330262595	ID:35	RPL: Sending a multicast-DIO with rank 601
1332923643	ID:32	RPL: Sending a multicast-DIO with rank 601
1333262595	ID:35	RPL: Sending a multicast-DIO with rank 601
1335923643	ID:32	RPL: Sending a multicast-DIO with rank 601
1336262595	ID:35	RPL: Sending a multicast-DIO with rank 601
1338923643	ID:32	RPL: Sending a multicast-DIO with rank 601
1339262595	ID:35	RPL: Sending a multicast-DIO with rank 601
1341923643	ID:32	RPL: Sending a multicast-DIO with rank 601
1342262595	ID:35	RPL: Sending a multicast-DIO with rank 601
1343209289	ID:34	RPL: Sending a DIS to fe80::c30c:0:0:6
1344923643	ID:32	RPL: Sending a multicast-DIO with rank 601
1345262595	ID:35	RPL: Sending a multicast-DIO with rank 601
1347923643	ID:32	RPL: Sending a multicast-DIO with rank 601
1348262595	ID:35	RPL: Sending a multicast-DIO with rank 601
1350923643	ID:32	RPL: Sending a multicast-DIO with rank 601
1351262595	ID:35	RPL: Sending a multicast-DIO with rank 601
1353923643	ID:32	RPL: Sending a multicast-DIO with rank 601
1354262595	ID:35	RPL: Sending a multicast-DIO with rank 601
1356923643	ID:32	RPL: Sending a multicast-DIO with rank 601
1357262595	ID:35	RPL: Sending a multicast-DIO with rank 601
1359923643	ID:32	RPL: Sending a multicast-DIO with rank 601
1360262595	ID:35	RPL: Sending a multicast-DIO with rank 601
1362923643	ID:32	RPL: Sending a multicast-DIO with rank 601
1363262595	ID:35	RPL: Sending a multicast-DIO with rank 601
1365923643	ID:32	RPL: Sending a multicast-DIO with rank 601
1366262595	ID:35	RPL: Sending a multicast-DIO with rank 601
1368923643	ID:32	RPL: Sending a multicast-DIO with rank 601
1369262595	ID:35	RPL: Sending a multicast-DIO with rank 601
1371923643	ID:32	RPL: Sending a multicast-DIO with rank 601
1372262595	ID:35	RPL: Sending a multicast-DIO with rank 601
1374923643	ID:32	RPL: Sending a multicast-DIO with rank 601
1375262595	ID:35	RPL: Sending a multicast-DIO with rank 601
1377923643	ID:32	RPL: Sending a multicast-DIO with rank 601
1378262595	ID:35	RPL: Sending a multicast-DIO with rank 601
1380923643	ID:32	RPL: Sending a multicast-DIO with rank 601
1381262595	ID:35	RPL: Sending a multicast-DIO with rank 601
1381971609	ID:36	RPL: Sending a DIS to fe80::c30c:0:0:8
1383923643	ID:32	RPL: Sending a multicast-DIO with rank 601
1384262595	ID:35	RPL: Sending a multicast-DIO with rank 601
1386923643	ID:32	RPL: Sending a multicast-DIO with rank 601
1387262595	ID:35	RPL: Sending a multicast-DIO with rank 601
1388182198	ID:33	RPL: Sending a DIS to fe80::c30c:0:0:2
1389923643	ID:32	RPL: Sending a multicast-DIO with rank 601
1390262595	ID:35	RPL: Sending a multicast-DIO with rank 601
1392923643	ID:32	RPL: Sending a multicast-DIO with rank 601
1393262595	ID:35	RPL: Sending a multicast-DIO with rank 601
1395923643	ID:32	RPL: Sending a multicast-DIO with rank 601
1396262595	ID:35	RPL: Sending a multicast-DIO with rank 601
1398923643	ID:32	RPL: Sending a multicast-DIO with rank 601
1399262595	ID:35	RPL: Sending a multicast-DIO with rank 601
1401923643	ID:32	RPL: Sending a multicast-DIO with rank 601
1402262595	ID:35	RPL: Sending a multicast-DIO with rank 601
1403209289	ID:34	RPL: Sending a DIS to fe80::c30c:0:0:6
1404923643	ID:32	RPL: Sending a multicast-DIO with rank 601
1405262595	ID:35	RPL: Sending a multicast-DIO with rank 601
1407923643	ID:32	RPL: Sending a multicast-DIO with rank 601
1408262595	ID:35	RPL: Sending a multicast-DIO with rank 601
1410923643	ID:32	RPL: Sending a multicast-DIO with rank 601
1411262595	ID:35	RPL: Sending a multicast-DIO with rank 601
1413923643	ID:32	RPL: Sending a multicast-DIO with rank 601
1414262595	ID:35	RPL: Sending a multicast-DIO with rank 601
1416923643	ID:32	RPL: Sending a multicast-DIO with rank 601
1417262595	ID:35	RPL: Sending a multicast-DIO with rank 601
1419923643	ID:32	RPL: Sending a multicast-DIO with rank 601
1420262595	ID:35	RPL: Sending a multicast-DIO with rank 601
1422923643	ID:32	RPL: Sending a multicast-DIO with rank 601
1423262595	ID:35	RPL: Sending a multicast-DIO with rank 601
1425923643	ID:32	RPL: Sending a multicast-DIO with rank 601
1426262595	ID:35	RPL: Sending a multicast-DIO with rank 601
1428923650	ID:32	RPL: Sending a multicast-DIO with rank 601
1429262595	ID:35	RPL: Sending a multicast-DIO with rank 601
1431923643	ID:32	RPL: Sending a multicast-DIO with rank 601
1432262595	ID:35	RPL: Sending a multicast-DIO with rank 601
1434923643	ID:32	RPL: Sending a multicast-DIO with rank 601
1435262595	ID:35	RPL: Sending a multicast-DIO with rank 601
1437923643	ID:32	RPL: Sending a multicast-DIO with rank 601
1438262595	ID:35	RPL: Sending a multicast-DIO with rank 601
1440923643	ID:32	RPL: Sending a multicast-DIO with rank 601
1441262595	ID:35	RPL: Sending a multicast-DIO with rank 601
1441971609	ID:36	RPL: Sending a DIS to fe80::c30c:0:0:8
1443923643	ID:32	RPL: Sending a multicast-DIO with rank 601
1444262595	ID:35	RPL: Sending a multicast-DIO with rank 601
1446923643	ID:32	RPL: Sending a multicast-DIO with rank 601
1447262595	ID:35	RPL: Sending a multicast-DIO with rank 601
1448182668	ID:33	RPL: Sending a DIS to fe80::c30c:0:0:2
1449923643	ID:32	RPL: Sending a multicast-DIO with rank 601
1450262595	ID:35	RPL: Sending a multicast-DIO with rank 601
1452923643	ID:32	RPL: Sending a multicast-DIO with rank 601
1453262595	ID:35	RPL: Sending a multicast-DIO with rank 601
1455923643	ID:32	RPL: Sending a multicast-DIO with rank 601
1456262595	ID:35	RPL: Sending a multicast-DIO with rank 601
1458923643	ID:32	RPL: Sending a multicast-DIO with rank 601
1459262595	ID:35	RPL: Sending a multicast-DIO with rank 601
1461923643	ID:32	RPL: Sending a multicast-DIO with rank 601
1462262595	ID:35	RPL: Sending a multicast-DIO with rank 601
1463209289	ID:34	RPL: Sending a DIS to fe80::c30c:0:0:6
1464923643	ID:32	RPL: Sending a multicast-DIO with rank 601
1465262595	ID:35	RPL: Sending a multicast-DIO with rank 601
1467923643	ID:32	RPL: Sending a multicast-DIO with rank 601
1468262595	ID:35	RPL: Sending a multicast-DIO with rank 601
1470923643	ID:32	RPL: Sending a multicast-DIO with rank 601
1471262595	ID:35	RPL: Sending a multicast-DIO with rank 601
1473923643	ID:32	RPL: Sending a multicast-DIO with rank 601
1474262595	ID:35	RPL: Sending a multicast-DIO with rank 601
1476923643	ID:32	RPL: Sending a multicast-DIO with rank 601
1477262595	ID:35	RPL: Sending a multicast-DIO with rank 601
1479923643	ID:32	RPL: Sending a multicast-DIO with rank 601
1480262595	ID:35	RPL: Sending a multicast-DIO with rank 601
1482923643	ID:32	RPL: Sending a multicast-DIO with rank 601
1483262595	ID:35	RPL: Sending a multicast-DIO with rank 601
1485923643	ID:32	RPL: Sending a multicast-DIO with rank 601
1486262595	ID:35	RPL: Sending a multicast-DIO with rank 601
1488923643	ID:32	RPL: Sending a multicast-DIO with rank 601
1489262595	ID:35	RPL: Sending a multicast-DIO with rank 601
1491923643	ID:32	RPL: Sending a multicast-DIO with rank 601
1492262595	ID:35	RPL: Sending a multicast-DIO with rank 601
1494923643	ID:32	RPL: Sending a multicast-DIO with rank 601
1495262595	ID:35	RPL: Sending a multicast-DIO with rank 601
1497923643	ID:32	RPL: Sending a multicast-DIO with rank 601
1498262595	ID:35	RPL: Sending a multicast-DIO with rank 601
1500923643	ID:32	RPL: Sending a multicast-DIO with rank 601
1501262595	ID:35	RPL: Sending a multicast-DIO with rank 601
1501971609	ID:36	RPL: Sending a DIS to fe80::c30c:0:0:8
1503923643	ID:32	RPL: Sending a multicast-DIO with rank 601
1504262595	ID:35	RPL: Sending a multicast-DIO with rank 601
1506923643	ID:32	RPL: Sending a multicast-DIO with rank 601
1507262595	ID:35	RPL: Sending a multicast-DIO with rank 601
1508182198	ID:33	RPL: Sending a DIS to fe80::c30c:0:0:2
1509923643	ID:32	RPL: Sending a multicast-DIO with rank 601
1510262595	ID:35	RPL: Sending a multicast-DIO with rank 601
1512923643	ID:32	RPL: Sending a multicast-DIO with rank 601
1513262595	ID:35	RPL: Sending a multicast-DIO with rank 601
1515923643	ID:32	RPL: Sending a multicast-DIO with rank 601
1516262595	ID:35	RPL: Sending a multicast-DIO with rank 601
1518923643	ID:32	RPL: Sending a multicast-DIO with rank 601
1519262595	ID:35	RPL: Sending a multicast-DIO with rank 601
1521923643	ID:32	RPL: Sending a multicast-DIO with rank 601
1522262595	ID:35	RPL: Sending a multicast-DIO with rank 601
1523209289	ID:34	RPL: Sending a DIS to fe80::c30c:0:0:6
1524923643	ID:32	RPL: Sending a multicast-DIO with rank 601
1525262595	ID:35	RPL: Sending a multicast-DIO with rank 601
1527923643	ID:32	RPL: Sending a multicast-DIO with rank 601
1528262595	ID:35	RPL: Sending a multicast-DIO with rank 601
1530923643	ID:32	RPL: Sending a multicast-DIO with rank 601
1531262595	ID:35	RPL: Sending a multicast-DIO with rank 601
1533923643	ID:32	RPL: Sending a multicast-DIO with rank 601
1534262595	ID:35	RPL: Sending a multicast-DIO with rank 601
1536923643	ID:32	RPL: Sending a multicast-DIO with rank 601
1537262595	ID:35	RPL: Sending a multicast-DIO with rank 601
1539923643	ID:32	RPL: Sending a multicast-DIO with rank 601
1540262595	ID:35	RPL: Sending a multicast-DIO with rank 601
1542923643	ID:32	RPL: Sending a multicast-DIO with rank 601
1543262595	ID:35	RPL: Sending a multicast-DIO with rank 601
1545923643	ID:32	RPL: Sending a multicast-DIO with rank 601
1546262595	ID:35	RPL: Sending a multicast-DIO with rank 601
1548923643	ID:32	RPL: Sending a multicast-DIO with rank 601
1549262595	ID:35	RPL: Sending a multicast-DIO with rank 601
1551923643	ID:32	RPL: Sending a multicast-DIO with rank 601
1552262595	ID:35	RPL: Sending a multicast-DIO with rank 601
1554923643	ID:32	RPL: Sending a multicast-DIO with rank 601
1555262595	ID:35	RPL: Sending a multicast-DIO with rank 601
1557923643	ID:32	RPL: Sending a multicast-DIO with rank 601
1558262595	ID:35	RPL: Sending a multicast-DIO with rank 601
1560923643	ID:32	RPL: Sending a multicast-DIO with rank 601
1561262595	ID:35	RPL: Sending a multicast-DIO with rank 601
1561971609	ID:36	RPL: Sending a DIS to fe80::c30c:0:0:8
1563923643	ID:32	RPL: Sending a multicast-DIO with rank 601
1564262595	ID:35	RPL: Sending a multicast-DIO with rank 601
1566923643	ID:32	RPL: Sending a multicast-DIO with rank 601
1567262595	ID:35	RPL: Sending a multicast-DIO with rank 601
1568182198	ID:33	RPL: Sending a DIS to fe80::c30c:0:0:2
1569923643	ID:32	RPL: Sending a multicast-DIO with rank 601
1570262595	ID:35	RPL: Sending a multicast-DIO with rank 601
1572923643	ID:32	RPL: Sending a multicast-DIO with rank 601
1573262595	ID:35	RPL: Sending a multicast-DIO with rank 601
1575923643	ID:32	RPL: Sending a multicast-DIO with rank 601
1576262595	ID:35	RPL: Sending a multicast-DIO with rank 601
1578923643	ID:32	RPL: Sending a multicast-DIO with rank 601
1579262595	ID:35	RPL: Sending a multicast-DIO with rank 601
1581923643	ID:32	RPL: Sending a multicast-DIO with rank 601
1582262595	ID:35	RPL: Sending a multicast-DIO with rank 601
1583209289	ID:34	RPL: Sending a DIS to fe80::c30c:0:0:6
1584923643	ID:32	RPL: Sending a multicast-DIO with rank 601
1585262602	ID:35	RPL: Sending a multicast-DIO with rank 601
1587923643	ID:32	RPL: Sending a multicast-DIO with rank 601
1588262595	ID:35	RPL: Sending a multicast-DIO with rank 601
1590923643	ID:32	RPL: Sending a multicast-DIO with rank 601
1591262595	ID:35	RPL: Sending a multicast-DIO with rank 601
1593923643	ID:32	RPL: Sending a multicast-DIO with rank 601
1594262595	ID:35	RPL: Sending a multicast-DIO with rank 601
1596923643	ID:32	RPL: Sending a multicast-DIO with rank 601
1597262595	ID:35	RPL: Sending a multicast-DIO with rank 601
1599923643	ID:32	RPL: Sending a multicast-DIO with rank 601
1600262595	ID:35	RPL: Sending a multicast-DIO with rank 601
1602923643	ID:32	RPL: Sending a multicast-DIO with rank 601
1603262595	ID:35	RPL: Sending a multicast-DIO with rank 601
1605923643	ID:32	RPL: Sending a multicast-DIO with rank 601
1606262595	ID:35	RPL: Sending a multicast-DIO with rank 601
1608923643	ID:32	RPL: Sending a multicast-DIO with rank 601
1609262595	ID:35	RPL: Sending a multicast-DIO with rank 601
1611923643	ID:32	RPL: Sending a multicast-DIO with rank 601
1612262595	ID:35	RPL: Sending a multicast-DIO with rank 601
1614923643	ID:32	RPL: Sending a multicast-DIO with rank 601
1615262595	ID:35	RPL: Sending a multicast-DIO with rank 601
1617923643	ID:32	RPL: Sending a multicast-DIO with rank 601
1618262595	ID:35	RPL: Sending a multicast-DIO with rank 601
1620923643	ID:32	RPL: Sending a multicast-DIO with rank 601
1621262595	ID:35	RPL: Sending a multicast-DIO with rank 601
1621971609	ID:36	RPL: Sending a DIS to fe80::c30c:0:0:8
1623923643	ID:32	RPL: Sending a multicast-DIO with rank 601
1624262595	ID:35	RPL: Sending a multicast-DIO with rank 601
1626923643	ID:32	RPL: Sending a multicast-DIO with rank 601
1627262595	ID:35	RPL: Sending a multicast-DIO with rank 601
1628182198	ID:33	RPL: Sending a DIS to fe80::c30c:0:0:2
1629923643	ID:32	RPL: Sending a multicast-DIO with rank 601
1630262595	ID:35	RPL: Sending a multicast-DIO with rank 601
1632923643	ID:32	RPL: Sending a multicast-DIO with rank 601
1633262595	ID:35	RPL: Sending a multicast-DIO with rank 601
1635923643	ID:32	RPL: Sending a multicast-DIO with rank 601
1636262595	ID:35	RPL: Sending a multicast-DIO with rank 601
1638923643	ID:32	RPL: Sending a multicast-DIO with rank 601
1639262595	ID:35	RPL: Sending a multicast-DIO with rank 601
1641923643	ID:32	RPL: Sending a multicast-DIO with rank 601
1642262595	ID:35	RPL: Sending a multicast-DIO with rank 601
1643209289	ID:34	RPL: Sending a DIS to fe80::c30c:0:0:6
1644923643	ID:32	RPL: Sending a multicast-DIO with rank 601
1645262595	ID:35	RPL: Sending a multicast-DIO with rank 601
1647923643	ID:32	RPL: Sending a multicast-DIO with rank 601
1648262595	ID:35	RPL: Sending a multicast-DIO with rank 601
1650923643	ID:32	RPL: Sending a multicast-DIO with rank 601
1651262595	ID:35	RPL: Sending a multicast-DIO with rank 601
1653923643	ID:32	RPL: Sending a multicast-DIO with rank 601
1654262595	ID:35	RPL: Sending a multicast-DIO with rank 601
1656923643	ID:32	RPL: Sending a multicast-DIO with rank 601
1657262595	ID:35	RPL: Sending a multicast-DIO with rank 601
1659923643	ID:32	RPL: Sending a multicast-DIO with rank 601
1660262595	ID:35	RPL: Sending a multicast-DIO with rank 601
1662923643	ID:32	RPL: Sending a multicast-DIO with rank 601
1663262595	ID:35	RPL: Sending a multicast-DIO with rank 601
1665923643	ID:32	RPL: Sending a multicast-DIO with rank 601
1666262595	ID:35	RPL: Sending a multicast-DIO with rank 601
1668923643	ID:32	RPL: Sending a multicast-DIO with rank 601
1669262595	ID:35	RPL: Sending a multicast-DIO with rank 601
1671923643	ID:32	RPL: Sending a multicast-DIO with rank 601
1672262595	ID:35	RPL: Sending a multicast-DIO with rank 601
1674923643	ID:32	RPL: Sending a multicast-DIO with rank 601
1675262595	ID:35	RPL: Sending a multicast-DIO with rank 601
1677923643	ID:32	RPL: Sending a multicast-DIO with rank 601
1678262595	ID:35	RPL: Sending a multicast-DIO with rank 601
1680923643	ID:32	RPL: Sending a multicast-DIO with rank 601
1681262595	ID:35	RPL: Sending a multicast-DIO with rank 601
1681971609	ID:36	RPL: Sending a DIS to fe80::c30c:0:0:8
1683923643	ID:32	RPL: Sending a multicast-DIO with rank 601
1684262595	ID:35	RPL: Sending a multicast-DIO with rank 601
1686923643	ID:32	RPL: Sending a multicast-DIO with rank 601
1687262595	ID:35	RPL: Sending a multicast-DIO with rank 601
1688182198	ID:33	RPL: Sending a DIS to fe80::c30c:0:0:2
1689923643	ID:32	RPL: Sending a multicast-DIO with rank 601
1690262595	ID:35	RPL: Sending a multicast-DIO with rank 601
1692923643	ID:32	RPL: Sending a multicast-DIO with rank 601
1693262595	ID:35	RPL: Sending a multicast-DIO with rank 601
1695923643	ID:32	RPL: Sending a multicast-DIO with rank 601
1696262595	ID:35	RPL: Sending a multicast-DIO with rank 601
1698923643	ID:32	RPL: Sending a multicast-DIO with rank 601
1699262595	ID:35	RPL: Sending a multicast-DIO with rank 601
1701923643	ID:32	RPL: Sending a multicast-DIO with rank 601
1702262595	ID:35	RPL: Sending a multicast-DIO with rank 601
1703209289	ID:34	RPL: Sending a DIS to fe80::c30c:0:0:6
1704923643	ID:32	RPL: Sending a multicast-DIO with rank 601
1705262595	ID:35	RPL: Sending a multicast-DIO with rank 601
1707923643	ID:32	RPL: Sending a multicast-DIO with rank 601
1708262595	ID:35	RPL: Sending a multicast-DIO with rank 601
1710923643	ID:32	RPL: Sending a multicast-DIO with rank 601
1711262595	ID:35	RPL: Sending a multicast-DIO with rank 601
1713923643	ID:32	RPL: Sending a multicast-DIO with rank 601
1714262595	ID:35	RPL: Sending a multicast-DIO with rank 601
1716923643	ID:32	RPL: Sending a multicast-DIO with rank 601
1717262595	ID:35	RPL: Sending a multicast-DIO with rank 601
1719923643	ID:32	RPL: Sending a multicast-DIO with rank 601
1720262595	ID:35	RPL: Sending a multicast-DIO with rank 601
1722923643	ID:32	RPL: Sending a multicast-DIO with rank 601
1723262595	ID:35	RPL: Sending a multicast-DIO with rank 601
1725923643	ID:32	RPL: Sending a multicast-DIO with rank 601
1726262595	ID:35	RPL: Sending a multicast-DIO with rank 601
1728923643	ID:32	RPL: Sending a multicast-DIO with rank 601
1729262595	ID:35	RPL: Sending a multicast-DIO with rank 601
1731923643	ID:32	RPL: Sending a multicast-DIO with rank 601
1732262595	ID:35	RPL: Sending a multicast-DIO with rank 601
1734923643	ID:32	RPL: Sending a multicast-DIO with rank 601
1735262595	ID:35	RPL: Sending a multicast-DIO with rank 601
1737923643	ID:32	RPL: Sending a multicast-DIO with rank 601
1738262595	ID:35	RPL: Sending a multicast-DIO with rank 601
1740923643	ID:32	RPL: Sending a multicast-DIO with rank 601
1741262595	ID:35	RPL: Sending a multicast-DIO with rank 601
1741971609	ID:36	RPL: Sending a DIS to fe80::c30c:0:0:8
1743923643	ID:32	RPL: Sending a multicast-DIO with rank 601
1744262595	ID:35	RPL: Sending a multicast-DIO with rank 601
1746923643	ID:32	RPL: Sending a multicast-DIO with rank 601
1747262595	ID:35	RPL: Sending a multicast-DIO with rank 601
1748182198	ID:33	RPL: Sending a DIS to fe80::c30c:0:0:2
1749923643	ID:32	RPL: Sending a multicast-DIO with rank 601
1750262595	ID:35	RPL: Sending a multicast-DIO with rank 601
1752923643	ID:32	RPL: Sending a multicast-DIO with rank 601
1753262595	ID:35	RPL: Sending a multicast-DIO with rank 601
1755923643	ID:32	RPL: Sending a multicast-DIO with rank 601
1756262595	ID:35	RPL: Sending a multicast-DIO with rank 601
1758923643	ID:32	RPL: Sending a multicast-DIO with rank 601
1759262595	ID:35	RPL: Sending a multicast-DIO with rank 601
1761923643	ID:32	RPL: Sending a multicast-DIO with rank 601
1762262595	ID:35	RPL: Sending a multicast-DIO with rank 601
1763209289	ID:34	RPL: Sending a DIS to fe80::c30c:0:0:6
1764923643	ID:32	RPL: Sending a multicast-DIO with rank 601
1765262595	ID:35	RPL: Sending a multicast-DIO with rank 601
1767923643	ID:32	RPL: Sending a multicast-DIO with rank 601
1768262595	ID:35	RPL: Sending a multicast-DIO with rank 601
1770923643	ID:32	RPL: Sending a multicast-DIO with rank 601
1771262595	ID:35	RPL: Sending a multicast-DIO with rank 601
1773923643	ID:32	RPL: Sending a multicast-DIO with rank 601
1774262595	ID:35	RPL: Sending a multicast-DIO with rank 601
1776923643	ID:32	RPL: Sending a multicast-DIO with rank 601
1777262595	ID:35	RPL: Sending a multicast-DIO with rank 601
1779923643	ID:32	RPL: Sending a multicast-DIO with rank 601
1780262595	ID:35	RPL: Sending a multicast-DIO with rank 601
1782923643	ID:32	RPL: Sending a multicast-DIO with rank 601
1783262595	ID:35	RPL: Sending a multicast-DIO with rank 601
1785923643	ID:32	RPL: Sending a multicast-DIO with rank 601
1786262595	ID:35	RPL: Sending a multicast-DIO with rank 601
1788923650	ID:32	RPL: Sending a multicast-DIO with rank 601
1789262595	ID:35	RPL: Sending a multicast-DIO with rank 601
1791923643	ID:32	RPL: Sending a multicast-DIO with rank 601
1792262595	ID:35	RPL: Sending a multicast-DIO with rank 601
1794923643	ID:32	RPL: Sending a multicast-DIO with rank 601
1795262595	ID:35	RPL: Sending a multicast-DIO with rank 601
1797923643	ID:32	RPL: Sending a multicast-DIO with rank 601
1798262595	ID:35	RPL: Sending a multicast-DIO with rank 601
