Generated Packets 1 | ReceivedPackets 1
TL = 148611 |  AE2ED = 0.148611 |  PDR = 1
Generated Packets 4 | ReceivedPackets 2
TL = 1597494 |  AE2ED = 0.798747 |  PDR = 0.5
Generated Packets 5 | ReceivedPackets 3
TL = 1641451 |  AE2ED = 0.5471503333333334 |  PDR = 0.6
Generated Packets 6 | ReceivedPackets 4
TL = 1713757 |  AE2ED = 0.42843925 |  PDR = 0.6666666666666666
Generated Packets 6 | ReceivedPackets 5
TL = 5781193 |  AE2ED = 1.1562386 |  PDR = 0.8333333333333334
Generated Packets 6 | ReceivedPackets 6
TL = 8723769 |  AE2ED = 1.4539615 |  PDR = 1
Generated Packets 7 | ReceivedPackets 7
TL = 8796904 |  AE2ED = 1.2567005714285713 |  PDR = 1
Generated Packets 8 | ReceivedPackets 8
TL = 8938595 |  AE2ED = 1.117324375 |  PDR = 1
Generated Packets 9 | ReceivedPackets 9
TL = 9086282 |  AE2ED = 1.0095868888888888 |  PDR = 1
Generated Packets 10 | ReceivedPackets 10
TL = 9112605 |  AE2ED = 0.9112605 |  PDR = 1
Generated Packets 11 | ReceivedPackets 11
TL = 9211827 |  AE2ED = 0.8374388181818182 |  PDR = 1
Generated Packets 12 | ReceivedPackets 12
TL = 9301031 |  AE2ED = 0.7750859166666666 |  PDR = 1
Generated Packets 14 | ReceivedPackets 13
TL = 10551011 |  AE2ED = 0.8116162307692307 |  PDR = 0.9285714285714286
Generated Packets 14 | ReceivedPackets 14
TL = 11521800 |  AE2ED = 0.8229857142857143 |  PDR = 1
Generated Packets 18 | ReceivedPackets 15
TL = 16855370 |  AE2ED = 1.1236913333333332 |  PDR = 0.8333333333333334
Generated Packets 25 | ReceivedPackets 16
TL = 23142783 |  AE2ED = 1.4464239375 |  PDR = 0.64
Generated Packets 31 | ReceivedPackets 17
TL = 49137847 |  AE2ED = 2.890461588235294 |  PDR = 0.5483870967741935
Generated Packets 31 | ReceivedPackets 18
TL = 62621829 |  AE2ED = 3.4789905 |  PDR = 0.5806451612903226
Generated Packets 31 | ReceivedPackets 19
TL = 72209347 |  AE2ED = 3.800491947368421 |  PDR = 0.6129032258064516
Generated Packets 31 | ReceivedPackets 20
TL = 81885080 |  AE2ED = 4.094254 |  PDR = 0.6451612903225806
Generated Packets 32 | ReceivedPackets 21
TL = 81977482 |  AE2ED = 3.903689619047619 |  PDR = 0.65625
Generated Packets 33 | ReceivedPackets 22
TL = 86907541 |  AE2ED = 3.950342772727273 |  PDR = 0.6666666666666666
Generated Packets 37 | ReceivedPackets 23
TL = 90780868 |  AE2ED = 3.9469942608695656 |  PDR = 0.6216216216216216
Generated Packets 44 | ReceivedPackets 24
TL = 129091718 |  AE2ED = 5.378821583333333 |  PDR = 0.5454545454545454
Generated Packets 47 | ReceivedPackets 25
TL = 147230575 |  AE2ED = 5.889223 |  PDR = 0.5319148936170213
Generated Packets 47 | ReceivedPackets 26
TL = 148530110 |  AE2ED = 5.712696538461538 |  PDR = 0.5531914893617021
Generated Packets 50 | ReceivedPackets 27
TL = 167585401 |  AE2ED = 6.206866703703703 |  PDR = 0.54
Generated Packets 52 | ReceivedPackets 28
TL = 207306392 |  AE2ED = 7.403799714285714 |  PDR = 0.5384615384615384
Generated Packets 52 | ReceivedPackets 29
TL = 237339150 |  AE2ED = 8.184108620689655 |  PDR = 0.5576923076923077
Generated Packets 52 | ReceivedPackets 30
TL = 256739456 |  AE2ED = 8.557981866666667 |  PDR = 0.5769230769230769
Generated Packets 52 | ReceivedPackets 31
TL = 273594318 |  AE2ED = 8.825623161290324 |  PDR = 0.5961538461538461
Generated Packets 57 | ReceivedPackets 32
TL = 289614988 |  AE2ED = 9.050468375 |  PDR = 0.5614035087719298
Generated Packets 57 | ReceivedPackets 33
TL = 297026274 |  AE2ED = 9.000796181818181 |  PDR = 0.5789473684210527
Generated Packets 57 | ReceivedPackets 34
TL = 300799081 |  AE2ED = 8.847031794117646 |  PDR = 0.5964912280701754
Generated Packets 60 | ReceivedPackets 35
TL = 313120070 |  AE2ED = 8.946287714285715 |  PDR = 0.5833333333333334
Generated Packets 60 | ReceivedPackets 36
TL = 321302874 |  AE2ED = 8.925079833333333 |  PDR = 0.6
Generated Packets 60 | ReceivedPackets 37
TL = 343469070 |  AE2ED = 9.282947837837838 |  PDR = 0.6166666666666667
Generated Packets 66 | ReceivedPackets 38
TL = 348275739 |  AE2ED = 9.16515102631579 |  PDR = 0.5757575757575758
Generated Packets 75 | ReceivedPackets 39
TL = 353422025 |  AE2ED = 9.062103205128206 |  PDR = 0.52
Generated Packets 79 | ReceivedPackets 40
TL = 366107997 |  AE2ED = 9.152699925 |  PDR = 0.5063291139240507
Generated Packets 79 | ReceivedPackets 41
TL = 371082673 |  AE2ED = 9.050796902439025 |  PDR = 0.5189873417721519
Generated Packets 87 | ReceivedPackets 42
TL = 374081149 |  AE2ED = 8.906694023809525 |  PDR = 0.4827586206896552
Generated Packets 93 | ReceivedPackets 43
TL = 377018936 |  AE2ED = 8.767882232558138 |  PDR = 0.46236559139784944
Generated Packets 106 | ReceivedPackets 44
TL = 381470319 |  AE2ED = 8.669779977272727 |  PDR = 0.41509433962264153
Generated Packets 110 | ReceivedPackets 45
TL = 389499906 |  AE2ED = 8.655553466666667 |  PDR = 0.4090909090909091
Generated Packets 116 | ReceivedPackets 46
TL = 398434574 |  AE2ED = 8.661621173913042 |  PDR = 0.39655172413793105
Generated Packets 129 | ReceivedPackets 47
TL = 399161975 |  AE2ED = 8.492807978723405 |  PDR = 0.3643410852713178
Generated Packets 137 | ReceivedPackets 48
TL = 405840135 |  AE2ED = 8.4550028125 |  PDR = 0.35036496350364965
Generated Packets 142 | ReceivedPackets 49
TL = 405923874 |  AE2ED = 8.284160693877551 |  PDR = 0.34507042253521125
Generated Packets 147 | ReceivedPackets 50
TL = 408820678 |  AE2ED = 8.17641356 |  PDR = 0.3401360544217687
Generated Packets 156 | ReceivedPackets 51
TL = 408844707 |  AE2ED = 8.016562882352941 |  PDR = 0.3269230769230769
Generated Packets 164 | ReceivedPackets 52
TL = 414561560 |  AE2ED = 7.972337692307692 |  PDR = 0.3170731707317073
Generated Packets 170 | ReceivedPackets 53
TL = 422247366 |  AE2ED = 7.966931433962264 |  PDR = 0.31176470588235294
Generated Packets 178 | ReceivedPackets 54
TL = 431336352 |  AE2ED = 7.987710222222222 |  PDR = 0.30337078651685395
Generated Packets 191 | ReceivedPackets 55
TL = 435342646 |  AE2ED = 7.915320836363636 |  PDR = 0.2879581151832461
Generated Packets 191 | ReceivedPackets 56
TL = 444435195 |  AE2ED = 7.936342767857143 |  PDR = 0.2931937172774869
Generated Packets 202 | ReceivedPackets 57
TL = 451917956 |  AE2ED = 7.928385192982455 |  PDR = 0.28217821782178215
Generated Packets 205 | ReceivedPackets 58
TL = 454940037 |  AE2ED = 7.843793741379311 |  PDR = 0.28292682926829266
Generated Packets 217 | ReceivedPackets 59
TL = 461414743 |  AE2ED = 7.82058886440678 |  PDR = 0.271889400921659
Generated Packets 220 | ReceivedPackets 60
TL = 463311671 |  AE2ED = 7.721861183333334 |  PDR = 0.2727272727272727
Generated Packets 223 | ReceivedPackets 61
TL = 466792851 |  AE2ED = 7.652341819672131 |  PDR = 0.273542600896861
Generated Packets 224 | ReceivedPackets 62
TL = 470643364 |  AE2ED = 7.591022 |  PDR = 0.2767857142857143
Generated Packets 241 | ReceivedPackets 63
TL = 470667263 |  AE2ED = 7.470908936507937 |  PDR = 0.26141078838174275
Generated Packets 258 | ReceivedPackets 64
TL = 472825062 |  AE2ED = 7.38789159375 |  PDR = 0.24806201550387597
Generated Packets 261 | ReceivedPackets 65
TL = 472885963 |  AE2ED = 7.275168661538461 |  PDR = 0.24904214559386972
Generated Packets 267 | ReceivedPackets 66
TL = 479360813 |  AE2ED = 7.263042621212121 |  PDR = 0.24719101123595505
Generated Packets 271 | ReceivedPackets 67
TL = 479546786 |  AE2ED = 7.157414716417911 |  PDR = 0.24723247232472326
Generated Packets 288 | ReceivedPackets 68
TL = 484194432 |  AE2ED = 7.1205063529411765 |  PDR = 0.2361111111111111
Generated Packets 295 | ReceivedPackets 69
TL = 489325063 |  AE2ED = 7.091667579710145 |  PDR = 0.23389830508474577
Generated Packets 297 | ReceivedPackets 70
TL = 499267261 |  AE2ED = 7.132389442857143 |  PDR = 0.2356902356902357
Generated Packets 298 | ReceivedPackets 71
TL = 499267261 |  AE2ED = 7.031933253521126 |  PDR = 0.23825503355704697
Generated Packets 312 | ReceivedPackets 72
TL = 500112497 |  AE2ED = 6.9460069027777775 |  PDR = 0.23076923076923078
Generated Packets 312 | ReceivedPackets 73
TL = 509930667 |  AE2ED = 6.985351602739726 |  PDR = 0.23397435897435898
Generated Packets 313 | ReceivedPackets 74
TL = 509954639 |  AE2ED = 6.891278905405405 |  PDR = 0.2364217252396166
Generated Packets 313 | ReceivedPackets 75
TL = 515009623 |  AE2ED = 6.8667949733333336 |  PDR = 0.23961661341853036
Generated Packets 342 | ReceivedPackets 76
TL = 518656656 |  AE2ED = 6.824429684210527 |  PDR = 0.2222222222222222
Generated Packets 349 | ReceivedPackets 77
TL = 521518790 |  AE2ED = 6.772971298701298 |  PDR = 0.22063037249283668
Generated Packets 349 | ReceivedPackets 78
TL = 526251211 |  AE2ED = 6.746810397435897 |  PDR = 0.22349570200573066
Generated Packets 351 | ReceivedPackets 79
TL = 526275665 |  AE2ED = 6.661717278481012 |  PDR = 0.22507122507122507
Generated Packets 368 | ReceivedPackets 80
TL = 531442793 |  AE2ED = 6.643034912499999 |  PDR = 0.21739130434782608
Generated Packets 370 | ReceivedPackets 81
TL = 531542720 |  AE2ED = 6.562255802469136 |  PDR = 0.21891891891891893
Generated Packets 375 | ReceivedPackets 82
TL = 536267997 |  AE2ED = 6.539853621951219 |  PDR = 0.21866666666666668
Generated Packets 384 | ReceivedPackets 83
TL = 536367043 |  AE2ED = 6.462253530120481 |  PDR = 0.21614583333333334
Generated Packets 391 | ReceivedPackets 84
TL = 536756248 |  AE2ED = 6.389955333333333 |  PDR = 0.21483375959079284
Generated Packets 409 | ReceivedPackets 85
TL = 545895034 |  AE2ED = 6.4222945176470585 |  PDR = 0.2078239608801956
Generated Packets 415 | ReceivedPackets 86
TL = 545919117 |  AE2ED = 6.347896709302326 |  PDR = 0.20722891566265061
Generated Packets 432 | ReceivedPackets 87
TL = 556753774 |  AE2ED = 6.399468666666667 |  PDR = 0.2013888888888889
Generated Packets 442 | ReceivedPackets 88
TL = 561369336 |  AE2ED = 6.379197 |  PDR = 0.19909502262443438
Generated Packets 447 | ReceivedPackets 89
TL = 569984480 |  AE2ED = 6.40432 |  PDR = 0.19910514541387025
Generated Packets 466 | ReceivedPackets 90
TL = 588943508 |  AE2ED = 6.5438167555555555 |  PDR = 0.19313304721030042
Generated Packets 473 | ReceivedPackets 91
TL = 589223037 |  AE2ED = 6.474978428571428 |  PDR = 0.19238900634249473
Generated Packets 474 | ReceivedPackets 92
TL = 598018561 |  AE2ED = 6.50020175 |  PDR = 0.1940928270042194
Generated Packets 480 | ReceivedPackets 93
TL = 618665263 |  AE2ED = 6.652314655913979 |  PDR = 0.19375
Generated Packets 486 | ReceivedPackets 94
TL = 621313006 |  AE2ED = 6.609712829787234 |  PDR = 0.1934156378600823
Generated Packets 506 | ReceivedPackets 95
TL = 622217410 |  AE2ED = 6.549656947368421 |  PDR = 0.18774703557312253
Generated Packets 511 | ReceivedPackets 96
TL = 632957946 |  AE2ED = 6.5933119375 |  PDR = 0.18786692759295498
Generated Packets 519 | ReceivedPackets 97
TL = 636166873 |  AE2ED = 6.5584213711340205 |  PDR = 0.18689788053949905
Generated Packets 519 | ReceivedPackets 98
TL = 636305252 |  AE2ED = 6.4929107346938775 |  PDR = 0.18882466281310212
Generated Packets 529 | ReceivedPackets 99
TL = 636357943 |  AE2ED = 6.42785801010101 |  PDR = 0.18714555765595464
Generated Packets 541 | ReceivedPackets 100
TL = 638028420 |  AE2ED = 6.3802842 |  PDR = 0.18484288354898337
Generated Packets 556 | ReceivedPackets 101
TL = 640792470 |  AE2ED = 6.344479900990098 |  PDR = 0.18165467625899281
Generated Packets 557 | ReceivedPackets 102
TL = 644240314 |  AE2ED = 6.316081509803922 |  PDR = 0.18312387791741472
Generated Packets 573 | ReceivedPackets 103
TL = 660058896 |  AE2ED = 6.408338796116505 |  PDR = 0.17975567190226877
Generated Packets 577 | ReceivedPackets 104
TL = 660213492 |  AE2ED = 6.348206653846154 |  PDR = 0.18024263431542462
Generated Packets 588 | ReceivedPackets 105
TL = 663250168 |  AE2ED = 6.3166682666666665 |  PDR = 0.17857142857142858
Generated Packets 594 | ReceivedPackets 106
TL = 665357855 |  AE2ED = 6.276960896226416 |  PDR = 0.17845117845117844
Generated Packets 621 | ReceivedPackets 107
TL = 672887110 |  AE2ED = 6.288664579439253 |  PDR = 0.1723027375201288
Generated Packets 627 | ReceivedPackets 108
TL = 675877741 |  AE2ED = 6.258127231481481 |  PDR = 0.1722488038277512
Generated Packets 631 | ReceivedPackets 109
TL = 678641866 |  AE2ED = 6.226072165137615 |  PDR = 0.17274167987321712
Generated Packets 645 | ReceivedPackets 110
TL = 680604089 |  AE2ED = 6.187309900000001 |  PDR = 0.17054263565891473
Generated Packets 648 | ReceivedPackets 111
TL = 680680444 |  AE2ED = 6.132256252252252 |  PDR = 0.1712962962962963
Generated Packets 650 | ReceivedPackets 112
TL = 689475293 |  AE2ED = 6.156029401785714 |  PDR = 0.1723076923076923
Generated Packets 664 | ReceivedPackets 113
TL = 689499087 |  AE2ED = 6.101761831858407 |  PDR = 0.17018072289156627
Generated Packets 678 | ReceivedPackets 114
TL = 689566304 |  AE2ED = 6.048827228070175 |  PDR = 0.168141592920354
Generated Packets 679 | ReceivedPackets 115
TL = 695876895 |  AE2ED = 6.0511034347826085 |  PDR = 0.16936671575846834
Generated Packets 689 | ReceivedPackets 116
TL = 701531047 |  AE2ED = 6.047681439655173 |  PDR = 0.1683599419448476
Generated Packets 698 | ReceivedPackets 117
TL = 701888232 |  AE2ED = 5.999044717948718 |  PDR = 0.167621776504298
Generated Packets 701 | ReceivedPackets 118
TL = 701888232 |  AE2ED = 5.9482053559322035 |  PDR = 0.16833095577746077
Generated Packets 708 | ReceivedPackets 119
TL = 712003544 |  AE2ED = 5.98322305882353 |  PDR = 0.16807909604519775
Generated Packets 716 | ReceivedPackets 120
TL = 712027601 |  AE2ED = 5.933563341666667 |  PDR = 0.16759776536312848
Generated Packets 719 | ReceivedPackets 121
TL = 715158618 |  AE2ED = 5.910401801652893 |  PDR = 0.16828929068150209
Generated Packets 723 | ReceivedPackets 122
TL = 720453862 |  AE2ED = 5.905359524590163 |  PDR = 0.16874135546334718
Generated Packets 732 | ReceivedPackets 123
TL = 735936334 |  AE2ED = 5.983222227642276 |  PDR = 0.1680327868852459
Generated Packets 749 | ReceivedPackets 124
TL = 737157411 |  AE2ED = 5.944817830645162 |  PDR = 0.16555407209612816
Generated Packets 751 | ReceivedPackets 125
TL = 744194835 |  AE2ED = 5.9535586799999995 |  PDR = 0.16644474034620507
Generated Packets 758 | ReceivedPackets 126
TL = 745927744 |  AE2ED = 5.92006146031746 |  PDR = 0.1662269129287599
Generated Packets 765 | ReceivedPackets 127
TL = 757355080 |  AE2ED = 5.963425826771653 |  PDR = 0.16601307189542483
Generated Packets 780 | ReceivedPackets 128
TL = 773032539 |  AE2ED = 6.0393167109375 |  PDR = 0.1641025641025641
Generated Packets 780 | ReceivedPackets 129
TL = 774847088 |  AE2ED = 6.00656657364341 |  PDR = 0.16538461538461538
Generated Packets 799 | ReceivedPackets 130
TL = 780822058 |  AE2ED = 6.006323523076922 |  PDR = 0.16270337922403003
Generated Packets 799 | ReceivedPackets 131
TL = 787045161 |  AE2ED = 6.007978328244275 |  PDR = 0.1639549436795995
Generated Packets 800 | ReceivedPackets 132
TL = 787045161 |  AE2ED = 5.962463340909091 |  PDR = 0.165
Generated Packets 804 | ReceivedPackets 133
TL = 788090363 |  AE2ED = 5.92549145112782 |  PDR = 0.1654228855721393
Generated Packets 804 | ReceivedPackets 134
TL = 806073009 |  AE2ED = 6.015470216417911 |  PDR = 0.16666666666666666
Generated Packets 814 | ReceivedPackets 135
TL = 806096491 |  AE2ED = 5.971085118518518 |  PDR = 0.16584766584766586
Generated Packets 828 | ReceivedPackets 136
TL = 809930813 |  AE2ED = 5.955373625 |  PDR = 0.1642512077294686
Generated Packets 843 | ReceivedPackets 137
TL = 832468223 |  AE2ED = 6.076410386861314 |  PDR = 0.16251482799525505
Generated Packets 843 | ReceivedPackets 138
TL = 855191450 |  AE2ED = 6.197039492753623 |  PDR = 0.16370106761565836
Generated Packets 853 | ReceivedPackets 139
TL = 855215259 |  AE2ED = 6.152627762589928 |  PDR = 0.16295427901524032
Generated Packets 859 | ReceivedPackets 140
TL = 855526139 |  AE2ED = 6.110900992857143 |  PDR = 0.1629802095459837
Generated Packets 864 | ReceivedPackets 141
TL = 858922676 |  AE2ED = 6.091650184397163 |  PDR = 0.16319444444444445
Generated Packets 868 | ReceivedPackets 142
TL = 859057826 |  AE2ED = 6.049703 |  PDR = 0.16359447004608296
Script timed out
Performance Calculation
Generated Packets 868 | ReceivedPackets 142
TL = 859057826 |  AE2ED = 6.049703 |  PDR = 0.16359447004608296
