30408412	ID:33	RPL: Sending a DIS to fe80::c30c:0:0:2
30425017	ID:32	RPL: Sending a DIS to fe80::c30c:0:0:3
30546999	ID:35	RPL: Sending a DIS to fe80::c30c:0:0:7
30595409	ID:34	RPL: Sending a DIS to fe80::c30c:0:0:6
31027188	ID:36	RPL: Sending a DIS to fe80::c30c:0:0:8
33069053	ID:36	RPL: Received a DIO from fe80::c30c:0:0:8
33072823	ID:36	RPL: Incoming DIO (id, ver, rank) = (30,240,475)
33077328	ID:36	RPL: Incoming DIO (dag_id, pref) = (fd00::ff:fe00:1, 0)
33079554	ID:36	RPL: DIO option 4, length: 14
33085494	ID:36	RPL: DAG conf:dbl=8, min=12 red=3 maxinc=896 mininc=128 ocp=1 d_l=10 l_u=60
33087720	ID:36	RPL: DIO option 8, length: 30
33089989	ID:36	RPL: Copying prefix information
33097882	ID:36	RPL: Neighbor added to neighbor cache fe80::c30c:0:0:8, c1:0c:00:00:00:00:00:08
34445802	ID:33	RPL: Received a DIO from fe80::c30c:0:0:2
34449571	ID:33	RPL: Incoming DIO (id, ver, rank) = (30,240,462)
34454070	ID:33	RPL: Incoming DIO (dag_id, pref) = (fd00::ff:fe00:1, 0)
34456318	ID:33	RPL: DIO option 4, length: 14
34462226	ID:33	RPL: DAG conf:dbl=8, min=12 red=3 maxinc=896 mininc=128 ocp=1 d_l=10 l_u=60
34464491	ID:33	RPL: DIO option 8, length: 30
34466760	ID:33	RPL: Copying prefix information
34475802	ID:33	RPL: Neighbor added to neighbor cache fe80::c30c:0:0:2, c1:0c:00:00:00:00:00:02
35626832	ID:34	RPL: Received a DIO from fe80::c30c:0:0:6
35630601	ID:34	RPL: Incoming DIO (id, ver, rank) = (30,240,506)
35635100	ID:34	RPL: Incoming DIO (dag_id, pref) = (fd00::ff:fe00:1, 0)
35637326	ID:34	RPL: DIO option 4, length: 14
35643256	ID:34	RPL: DAG conf:dbl=8, min=12 red=3 maxinc=896 mininc=128 ocp=1 d_l=10 l_u=60
35645482	ID:34	RPL: DIO option 8, length: 30
35647750	ID:34	RPL: Copying prefix information
35657005	ID:34	RPL: Neighbor added to neighbor cache fe80::c30c:0:0:6, c1:0c:00:00:00:00:00:06
36086101	ID:35	RPL: Received a DIO from fe80::c30c:0:0:7
36089875	ID:35	RPL: Incoming DIO (id, ver, rank) = (30,240,500)
36094374	ID:35	RPL: Incoming DIO (dag_id, pref) = (fd00::ff:fe00:1, 0)
36096617	ID:35	RPL: DIO option 4, length: 14
36102524	ID:35	RPL: DAG conf:dbl=8, min=12 red=3 maxinc=896 mininc=128 ocp=1 d_l=10 l_u=60
36104790	ID:35	RPL: DIO option 8, length: 30
36107059	ID:35	RPL: Copying prefix information
36116912	ID:35	RPL: Neighbor added to neighbor cache fe80::c30c:0:0:7, c1:0c:00:00:00:00:00:07
38103919	ID:36	RPL: Sending a multicast-DIO with rank 475
39482267	ID:33	RPL: Sending a multicast-DIO with rank 462
40662133	ID:34	RPL: Sending a multicast-DIO with rank 506
41123729	ID:35	RPL: Sending a multicast-DIO with rank 500
43103898	ID:36	RPL: Sending a multicast-DIO with rank 475
44482246	ID:33	RPL: Sending a multicast-DIO with rank 462
45662112	ID:34	RPL: Sending a multicast-DIO with rank 506
46123708	ID:35	RPL: Sending a multicast-DIO with rank 500
48103898	ID:36	RPL: Sending a multicast-DIO with rank 475
49482246	ID:33	RPL: Sending a multicast-DIO with rank 462
50662112	ID:34	RPL: Sending a multicast-DIO with rank 506
51123708	ID:35	RPL: Sending a multicast-DIO with rank 500
53103898	ID:36	RPL: Sending a multicast-DIO with rank 475
54482246	ID:33	RPL: Sending a multicast-DIO with rank 462
55662112	ID:34	RPL: Sending a multicast-DIO with rank 506
56123708	ID:35	RPL: Sending a multicast-DIO with rank 500
58103898	ID:36	RPL: Sending a multicast-DIO with rank 475
59482246	ID:33	RPL: Sending a multicast-DIO with rank 462
60662112	ID:34	RPL: Sending a multicast-DIO with rank 506
61123708	ID:35	RPL: Sending a multicast-DIO with rank 500
62207554	ID:32	RPL: Sending a DIS to fe80::c30c:0:0:3
63103898	ID:36	RPL: Sending a multicast-DIO with rank 475
64482246	ID:33	RPL: Sending a multicast-DIO with rank 462
65662112	ID:34	RPL: Sending a multicast-DIO with rank 506
66123708	ID:35	RPL: Sending a multicast-DIO with rank 500
68103897	ID:36	RPL: Sending a multicast-DIO with rank 475
69482246	ID:33	RPL: Sending a multicast-DIO with rank 462
70662112	ID:34	RPL: Sending a multicast-DIO with rank 506
71123708	ID:35	RPL: Sending a multicast-DIO with rank 500
73103897	ID:36	RPL: Sending a multicast-DIO with rank 475
74482246	ID:33	RPL: Sending a multicast-DIO with rank 462
75662112	ID:34	RPL: Sending a multicast-DIO with rank 506
76123708	ID:35	RPL: Sending a multicast-DIO with rank 500
78103897	ID:36	RPL: Sending a multicast-DIO with rank 475
79482246	ID:33	RPL: Sending a multicast-DIO with rank 462
80662112	ID:34	RPL: Sending a multicast-DIO with rank 506
81123708	ID:35	RPL: Sending a multicast-DIO with rank 500
83103897	ID:36	RPL: Sending a multicast-DIO with rank 475
84482246	ID:33	RPL: Sending a multicast-DIO with rank 462
85662112	ID:34	RPL: Sending a multicast-DIO with rank 506
86123708	ID:35	RPL: Sending a multicast-DIO with rank 500
88103897	ID:36	RPL: Sending a multicast-DIO with rank 475
89482246	ID:33	RPL: Sending a multicast-DIO with rank 462
90662099	ID:34	RPL: Sending a multicast-DIO with rank 506
91123695	ID:35	RPL: Sending a multicast-DIO with rank 500
93103885	ID:36	RPL: Sending a multicast-DIO with rank 475
94482233	ID:33	RPL: Sending a multicast-DIO with rank 462
95662099	ID:34	RPL: Sending a multicast-DIO with rank 506
96123695	ID:35	RPL: Sending a multicast-DIO with rank 500
98103885	ID:36	RPL: Sending a multicast-DIO with rank 475
99482233	ID:33	RPL: Sending a multicast-DIO with rank 462
100662099	ID:34	RPL: Sending a multicast-DIO with rank 506
101123695	ID:35	RPL: Sending a multicast-DIO with rank 500
103103885	ID:36	RPL: Sending a multicast-DIO with rank 475
104482233	ID:33	RPL: Sending a multicast-DIO with rank 462
105662099	ID:34	RPL: Sending a multicast-DIO with rank 506
106123695	ID:35	RPL: Sending a multicast-DIO with rank 500
108103885	ID:36	RPL: Sending a multicast-DIO with rank 475
109482233	ID:33	RPL: Sending a multicast-DIO with rank 462
110662099	ID:34	RPL: Sending a multicast-DIO with rank 506
111123695	ID:35	RPL: Sending a multicast-DIO with rank 500
113103885	ID:36	RPL: Sending a multicast-DIO with rank 475
114482233	ID:33	RPL: Sending a multicast-DIO with rank 462
115662099	ID:34	RPL: Sending a multicast-DIO with rank 506
116123695	ID:35	RPL: Sending a multicast-DIO with rank 500
118103885	ID:36	RPL: Sending a multicast-DIO with rank 475
119482233	ID:33	RPL: Sending a multicast-DIO with rank 462
120662099	ID:34	RPL: Sending a multicast-DIO with rank 506
121123695	ID:35	RPL: Sending a multicast-DIO with rank 500
122207541	ID:32	RPL: Sending a DIS to fe80::c30c:0:0:3
123103885	ID:36	RPL: Sending a multicast-DIO with rank 475
124482233	ID:33	RPL: Sending a multicast-DIO with rank 462
125662099	ID:34	RPL: Sending a multicast-DIO with rank 506
126123695	ID:35	RPL: Sending a multicast-DIO with rank 500
128103885	ID:36	RPL: Sending a multicast-DIO with rank 475
129482233	ID:33	RPL: Sending a multicast-DIO with rank 462
130662099	ID:34	RPL: Sending a multicast-DIO with rank 506
131123695	ID:35	RPL: Sending a multicast-DIO with rank 500
133103885	ID:36	RPL: Sending a multicast-DIO with rank 475
134482233	ID:33	RPL: Sending a multicast-DIO with rank 462
135662099	ID:34	RPL: Sending a multicast-DIO with rank 506
136123695	ID:35	RPL: Sending a multicast-DIO with rank 500
138103885	ID:36	RPL: Sending a multicast-DIO with rank 475
139482233	ID:33	RPL: Sending a multicast-DIO with rank 462
140662099	ID:34	RPL: Sending a multicast-DIO with rank 506
141123695	ID:35	RPL: Sending a multicast-DIO with rank 500
143103885	ID:36	RPL: Sending a multicast-DIO with rank 475
144482233	ID:33	RPL: Sending a multicast-DIO with rank 462
145662099	ID:34	RPL: Sending a multicast-DIO with rank 506
146123695	ID:35	RPL: Sending a multicast-DIO with rank 500
148103885	ID:36	RPL: Sending a multicast-DIO with rank 475
149482233	ID:33	RPL: Sending a multicast-DIO with rank 462
150662099	ID:34	RPL: Sending a multicast-DIO with rank 506
151123695	ID:35	RPL: Sending a multicast-DIO with rank 500
153103885	ID:36	RPL: Sending a multicast-DIO with rank 475
154482233	ID:33	RPL: Sending a multicast-DIO with rank 462
155662099	ID:34	RPL: Sending a multicast-DIO with rank 506
156123695	ID:35	RPL: Sending a multicast-DIO with rank 500
158103885	ID:36	RPL: Sending a multicast-DIO with rank 475
159482233	ID:33	RPL: Sending a multicast-DIO with rank 462
160662099	ID:34	RPL: Sending a multicast-DIO with rank 506
161123695	ID:35	RPL: Sending a multicast-DIO with rank 500
163103885	ID:36	RPL: Sending a multicast-DIO with rank 475
164482233	ID:33	RPL: Sending a multicast-DIO with rank 462
165662099	ID:34	RPL: Sending a multicast-DIO with rank 506
166123695	ID:35	RPL: Sending a multicast-DIO with rank 500
168103885	ID:36	RPL: Sending a multicast-DIO with rank 475
169482233	ID:33	RPL: Sending a multicast-DIO with rank 462
170662099	ID:34	RPL: Sending a multicast-DIO with rank 506
171123695	ID:35	RPL: Sending a multicast-DIO with rank 500
173103885	ID:36	RPL: Sending a multicast-DIO with rank 475
174482233	ID:33	RPL: Sending a multicast-DIO with rank 462
175662099	ID:34	RPL: Sending a multicast-DIO with rank 506
176123695	ID:35	RPL: Sending a multicast-DIO with rank 500
178103885	ID:36	RPL: Sending a multicast-DIO with rank 475
179482233	ID:33	RPL: Sending a multicast-DIO with rank 462
180662099	ID:34	RPL: Sending a multicast-DIO with rank 506
181123695	ID:35	RPL: Sending a multicast-DIO with rank 500
182207541	ID:32	RPL: Sending a DIS to fe80::c30c:0:0:3
183103885	ID:36	RPL: Sending a multicast-DIO with rank 475
184482233	ID:33	RPL: Sending a multicast-DIO with rank 462
185662099	ID:34	RPL: Sending a multicast-DIO with rank 506
186123695	ID:35	RPL: Sending a multicast-DIO with rank 500
188103885	ID:36	RPL: Sending a multicast-DIO with rank 475
189482233	ID:33	RPL: Sending a multicast-DIO with rank 462
190662099	ID:34	RPL: Sending a multicast-DIO with rank 506
191123695	ID:35	RPL: Sending a multicast-DIO with rank 500
193103885	ID:36	RPL: Sending a multicast-DIO with rank 475
194482233	ID:33	RPL: Sending a multicast-DIO with rank 462
195662099	ID:34	RPL: Sending a multicast-DIO with rank 506
196123695	ID:35	RPL: Sending a multicast-DIO with rank 500
198103885	ID:36	RPL: Sending a multicast-DIO with rank 475
199482233	ID:33	RPL: Sending a multicast-DIO with rank 462
200662099	ID:34	RPL: Sending a multicast-DIO with rank 506
201123695	ID:35	RPL: Sending a multicast-DIO with rank 500
203103885	ID:36	RPL: Sending a multicast-DIO with rank 475
204482233	ID:33	RPL: Sending a multicast-DIO with rank 462
205662099	ID:34	RPL: Sending a multicast-DIO with rank 506
206123695	ID:35	RPL: Sending a multicast-DIO with rank 500
208103885	ID:36	RPL: Sending a multicast-DIO with rank 475
209482233	ID:33	RPL: Sending a multicast-DIO with rank 462
210662099	ID:34	RPL: Sending a multicast-DIO with rank 506
211123695	ID:35	RPL: Sending a multicast-DIO with rank 500
213103885	ID:36	RPL: Sending a multicast-DIO with rank 475
214482233	ID:33	RPL: Sending a multicast-DIO with rank 462
215662099	ID:34	RPL: Sending a multicast-DIO with rank 506
216123695	ID:35	RPL: Sending a multicast-DIO with rank 500
218103885	ID:36	RPL: Sending a multicast-DIO with rank 475
219482233	ID:33	RPL: Sending a multicast-DIO with rank 462
220662099	ID:34	RPL: Sending a multicast-DIO with rank 506
221123695	ID:35	RPL: Sending a multicast-DIO with rank 500
223103885	ID:36	RPL: Sending a multicast-DIO with rank 475
224482233	ID:33	RPL: Sending a multicast-DIO with rank 462
225662099	ID:34	RPL: Sending a multicast-DIO with rank 506
226123695	ID:35	RPL: Sending a multicast-DIO with rank 500
228103885	ID:36	RPL: Sending a multicast-DIO with rank 475
229482233	ID:33	RPL: Sending a multicast-DIO with rank 462
230662099	ID:34	RPL: Sending a multicast-DIO with rank 506
231123695	ID:35	RPL: Sending a multicast-DIO with rank 500
233103885	ID:36	RPL: Sending a multicast-DIO with rank 475
234482233	ID:33	RPL: Sending a multicast-DIO with rank 462
235662099	ID:34	RPL: Sending a multicast-DIO with rank 506
236123695	ID:35	RPL: Sending a multicast-DIO with rank 500
238103885	ID:36	RPL: Sending a multicast-DIO with rank 475
239482233	ID:33	RPL: Sending a multicast-DIO with rank 462
240662099	ID:34	RPL: Sending a multicast-DIO with rank 506
241123695	ID:35	RPL: Sending a multicast-DIO with rank 500
242207541	ID:32	RPL: Sending a DIS to fe80::c30c:0:0:3
243103885	ID:36	RPL: Sending a multicast-DIO with rank 475
244482233	ID:33	RPL: Sending a multicast-DIO with rank 462
245662099	ID:34	RPL: Sending a multicast-DIO with rank 506
246123695	ID:35	RPL: Sending a multicast-DIO with rank 500
248103885	ID:36	RPL: Sending a multicast-DIO with rank 475
249482233	ID:33	RPL: Sending a multicast-DIO with rank 462
250662099	ID:34	RPL: Sending a multicast-DIO with rank 506
251123695	ID:35	RPL: Sending a multicast-DIO with rank 500
253103885	ID:36	RPL: Sending a multicast-DIO with rank 475
254482233	ID:33	RPL: Sending a multicast-DIO with rank 462
255662099	ID:34	RPL: Sending a multicast-DIO with rank 506
256123695	ID:35	RPL: Sending a multicast-DIO with rank 500
258103885	ID:36	RPL: Sending a multicast-DIO with rank 475
259482233	ID:33	RPL: Sending a multicast-DIO with rank 462
260662099	ID:34	RPL: Sending a multicast-DIO with rank 506
261123695	ID:35	RPL: Sending a multicast-DIO with rank 500
263103885	ID:36	RPL: Sending a multicast-DIO with rank 475
264482233	ID:33	RPL: Sending a multicast-DIO with rank 462
265662099	ID:34	RPL: Sending a multicast-DIO with rank 506
266123695	ID:35	RPL: Sending a multicast-DIO with rank 500
268103885	ID:36	RPL: Sending a multicast-DIO with rank 475
269482233	ID:33	RPL: Sending a multicast-DIO with rank 462
270662099	ID:34	RPL: Sending a multicast-DIO with rank 506
271123695	ID:35	RPL: Sending a multicast-DIO with rank 500
273103885	ID:36	RPL: Sending a multicast-DIO with rank 475
274482233	ID:33	RPL: Sending a multicast-DIO with rank 462
275662099	ID:34	RPL: Sending a multicast-DIO with rank 506
276123695	ID:35	RPL: Sending a multicast-DIO with rank 500
278103885	ID:36	RPL: Sending a multicast-DIO with rank 475
279482233	ID:33	RPL: Sending a multicast-DIO with rank 462
280662099	ID:34	RPL: Sending a multicast-DIO with rank 506
281123695	ID:35	RPL: Sending a multicast-DIO with rank 500
283103885	ID:36	RPL: Sending a multicast-DIO with rank 475
284482233	ID:33	RPL: Sending a multicast-DIO with rank 462
285662099	ID:34	RPL: Sending a multicast-DIO with rank 506
286123695	ID:35	RPL: Sending a multicast-DIO with rank 500
288103885	ID:36	RPL: Sending a multicast-DIO with rank 475
289482233	ID:33	RPL: Sending a multicast-DIO with rank 462
290662099	ID:34	RPL: Sending a multicast-DIO with rank 506
291123695	ID:35	RPL: Sending a multicast-DIO with rank 500
293103885	ID:36	RPL: Sending a multicast-DIO with rank 475
294482233	ID:33	RPL: Sending a multicast-DIO with rank 462
295662099	ID:34	RPL: Sending a multicast-DIO with rank 506
296123695	ID:35	RPL: Sending a multicast-DIO with rank 500
298103885	ID:36	RPL: Sending a multicast-DIO with rank 475
299482233	ID:33	RPL: Sending a multicast-DIO with rank 462
300662099	ID:34	RPL: Sending a multicast-DIO with rank 506
301123695	ID:35	RPL: Sending a multicast-DIO with rank 500
302207541	ID:32	RPL: Sending a DIS to fe80::c30c:0:0:3
303103885	ID:36	RPL: Sending a multicast-DIO with rank 475
304482233	ID:33	RPL: Sending a multicast-DIO with rank 462
305662099	ID:34	RPL: Sending a multicast-DIO with rank 506
306123695	ID:35	RPL: Sending a multicast-DIO with rank 500
308103885	ID:36	RPL: Sending a multicast-DIO with rank 475
309482233	ID:33	RPL: Sending a multicast-DIO with rank 462
310662099	ID:34	RPL: Sending a multicast-DIO with rank 506
311123695	ID:35	RPL: Sending a multicast-DIO with rank 500
313103885	ID:36	RPL: Sending a multicast-DIO with rank 475
314482233	ID:33	RPL: Sending a multicast-DIO with rank 462
315662099	ID:34	RPL: Sending a multicast-DIO with rank 506
316123695	ID:35	RPL: Sending a multicast-DIO with rank 500
318103885	ID:36	RPL: Sending a multicast-DIO with rank 475
319482233	ID:33	RPL: Sending a multicast-DIO with rank 462
320662099	ID:34	RPL: Sending a multicast-DIO with rank 506
321123695	ID:35	RPL: Sending a multicast-DIO with rank 500
323103885	ID:36	RPL: Sending a multicast-DIO with rank 475
324482233	ID:33	RPL: Sending a multicast-DIO with rank 462
325662099	ID:34	RPL: Sending a multicast-DIO with rank 506
326123695	ID:35	RPL: Sending a multicast-DIO with rank 500
328103885	ID:36	RPL: Sending a multicast-DIO with rank 475
329482233	ID:33	RPL: Sending a multicast-DIO with rank 462
330662099	ID:34	RPL: Sending a multicast-DIO with rank 506
331123695	ID:35	RPL: Sending a multicast-DIO with rank 500
333103885	ID:36	RPL: Sending a multicast-DIO with rank 475
334482233	ID:33	RPL: Sending a multicast-DIO with rank 462
335662099	ID:34	RPL: Sending a multicast-DIO with rank 506
336123695	ID:35	RPL: Sending a multicast-DIO with rank 500
338103885	ID:36	RPL: Sending a multicast-DIO with rank 475
339482233	ID:33	RPL: Sending a multicast-DIO with rank 462
340662099	ID:34	RPL: Sending a multicast-DIO with rank 506
341123695	ID:35	RPL: Sending a multicast-DIO with rank 500
343103885	ID:36	RPL: Sending a multicast-DIO with rank 475
344482233	ID:33	RPL: Sending a multicast-DIO with rank 462
345662099	ID:34	RPL: Sending a multicast-DIO with rank 506
346123695	ID:35	RPL: Sending a multicast-DIO with rank 500
348103885	ID:36	RPL: Sending a multicast-DIO with rank 475
349482240	ID:33	RPL: Sending a multicast-DIO with rank 462
350662099	ID:34	RPL: Sending a multicast-DIO with rank 506
351123695	ID:35	RPL: Sending a multicast-DIO with rank 500
353103885	ID:36	RPL: Sending a multicast-DIO with rank 475
354482233	ID:33	RPL: Sending a multicast-DIO with rank 462
355662099	ID:34	RPL: Sending a multicast-DIO with rank 506
356123695	ID:35	RPL: Sending a multicast-DIO with rank 500
358103885	ID:36	RPL: Sending a multicast-DIO with rank 475
359482233	ID:33	RPL: Sending a multicast-DIO with rank 462
360662099	ID:34	RPL: Sending a multicast-DIO with rank 506
361123695	ID:35	RPL: Sending a multicast-DIO with rank 500
362207541	ID:32	RPL: Sending a DIS to fe80::c30c:0:0:3
363103885	ID:36	RPL: Sending a multicast-DIO with rank 475
364482233	ID:33	RPL: Sending a multicast-DIO with rank 462
365662099	ID:34	RPL: Sending a multicast-DIO with rank 506
366123695	ID:35	RPL: Sending a multicast-DIO with rank 500
368103885	ID:36	RPL: Sending a multicast-DIO with rank 475
369482233	ID:33	RPL: Sending a multicast-DIO with rank 462
370662099	ID:34	RPL: Sending a multicast-DIO with rank 506
371123695	ID:35	RPL: Sending a multicast-DIO with rank 500
373103885	ID:36	RPL: Sending a multicast-DIO with rank 475
374482233	ID:33	RPL: Sending a multicast-DIO with rank 462
375662099	ID:34	RPL: Sending a multicast-DIO with rank 506
376123695	ID:35	RPL: Sending a multicast-DIO with rank 500
378103885	ID:36	RPL: Sending a multicast-DIO with rank 475
379482233	ID:33	RPL: Sending a multicast-DIO with rank 462
380662099	ID:34	RPL: Sending a multicast-DIO with rank 506
381123695	ID:35	RPL: Sending a multicast-DIO with rank 500
383103885	ID:36	RPL: Sending a multicast-DIO with rank 475
384482233	ID:33	RPL: Sending a multicast-DIO with rank 462
385662099	ID:34	RPL: Sending a multicast-DIO with rank 506
386123695	ID:35	RPL: Sending a multicast-DIO with rank 500
388103885	ID:36	RPL: Sending a multicast-DIO with rank 475
389482233	ID:33	RPL: Sending a multicast-DIO with rank 462
390662099	ID:34	RPL: Sending a multicast-DIO with rank 506
391123695	ID:35	RPL: Sending a multicast-DIO with rank 500
393103885	ID:36	RPL: Sending a multicast-DIO with rank 475
394482233	ID:33	RPL: Sending a multicast-DIO with rank 462
395662099	ID:34	RPL: Sending a multicast-DIO with rank 506
396123695	ID:35	RPL: Sending a multicast-DIO with rank 500
398103885	ID:36	RPL: Sending a multicast-DIO with rank 475
399482233	ID:33	RPL: Sending a multicast-DIO with rank 462
400662099	ID:34	RPL: Sending a multicast-DIO with rank 506
401123695	ID:35	RPL: Sending a multicast-DIO with rank 500
403103885	ID:36	RPL: Sending a multicast-DIO with rank 475
404482233	ID:33	RPL: Sending a multicast-DIO with rank 462
405662099	ID:34	RPL: Sending a multicast-DIO with rank 506
406123695	ID:35	RPL: Sending a multicast-DIO with rank 500
408103885	ID:36	RPL: Sending a multicast-DIO with rank 475
409482233	ID:33	RPL: Sending a multicast-DIO with rank 462
410662099	ID:34	RPL: Sending a multicast-DIO with rank 506
411123695	ID:35	RPL: Sending a multicast-DIO with rank 500
413103885	ID:36	RPL: Sending a multicast-DIO with rank 475
414482233	ID:33	RPL: Sending a multicast-DIO with rank 462
415662099	ID:34	RPL: Sending a multicast-DIO with rank 506
416123695	ID:35	RPL: Sending a multicast-DIO with rank 500
418103891	ID:36	RPL: Sending a multicast-DIO with rank 475
419482233	ID:33	RPL: Sending a multicast-DIO with rank 462
420662099	ID:34	RPL: Sending a multicast-DIO with rank 506
421123695	ID:35	RPL: Sending a multicast-DIO with rank 500
422207541	ID:32	RPL: Sending a DIS to fe80::c30c:0:0:3
423103885	ID:36	RPL: Sending a multicast-DIO with rank 475
424482233	ID:33	RPL: Sending a multicast-DIO with rank 462
425662099	ID:34	RPL: Sending a multicast-DIO with rank 506
426123702	ID:35	RPL: Sending a multicast-DIO with rank 500
428103885	ID:36	RPL: Sending a multicast-DIO with rank 475
429482233	ID:33	RPL: Sending a multicast-DIO with rank 462
430662106	ID:34	RPL: Sending a multicast-DIO with rank 506
431123695	ID:35	RPL: Sending a multicast-DIO with rank 500
433103885	ID:36	RPL: Sending a multicast-DIO with rank 475
434482233	ID:33	RPL: Sending a multicast-DIO with rank 462
435662099	ID:34	RPL: Sending a multicast-DIO with rank 506
436123695	ID:35	RPL: Sending a multicast-DIO with rank 500
438103885	ID:36	RPL: Sending a multicast-DIO with rank 475
439482233	ID:33	RPL: Sending a multicast-DIO with rank 462
440662099	ID:34	RPL: Sending a multicast-DIO with rank 506
441123695	ID:35	RPL: Sending a multicast-DIO with rank 500
443103885	ID:36	RPL: Sending a multicast-DIO with rank 475
444482233	ID:33	RPL: Sending a multicast-DIO with rank 462
445662099	ID:34	RPL: Sending a multicast-DIO with rank 506
446123695	ID:35	RPL: Sending a multicast-DIO with rank 500
448103885	ID:36	RPL: Sending a multicast-DIO with rank 475
449482233	ID:33	RPL: Sending a multicast-DIO with rank 462
450662099	ID:34	RPL: Sending a multicast-DIO with rank 506
451123695	ID:35	RPL: Sending a multicast-DIO with rank 500
453103885	ID:36	RPL: Sending a multicast-DIO with rank 475
454482233	ID:33	RPL: Sending a multicast-DIO with rank 462
455662099	ID:34	RPL: Sending a multicast-DIO with rank 506
456123695	ID:35	RPL: Sending a multicast-DIO with rank 500
458103885	ID:36	RPL: Sending a multicast-DIO with rank 475
459482233	ID:33	RPL: Sending a multicast-DIO with rank 462
460662099	ID:34	RPL: Sending a multicast-DIO with rank 506
461123695	ID:35	RPL: Sending a multicast-DIO with rank 500
463103885	ID:36	RPL: Sending a multicast-DIO with rank 475
464482233	ID:33	RPL: Sending a multicast-DIO with rank 462
465662099	ID:34	RPL: Sending a multicast-DIO with rank 506
466123695	ID:35	RPL: Sending a multicast-DIO with rank 500
468103885	ID:36	RPL: Sending a multicast-DIO with rank 475
469482233	ID:33	RPL: Sending a multicast-DIO with rank 462
470662099	ID:34	RPL: Sending a multicast-DIO with rank 506
471123695	ID:35	RPL: Sending a multicast-DIO with rank 500
473103885	ID:36	RPL: Sending a multicast-DIO with rank 475
474482233	ID:33	RPL: Sending a multicast-DIO with rank 462
475662099	ID:34	RPL: Sending a multicast-DIO with rank 506
476123695	ID:35	RPL: Sending a multicast-DIO with rank 500
478103885	ID:36	RPL: Sending a multicast-DIO with rank 475
479482233	ID:33	RPL: Sending a multicast-DIO with rank 462
480662099	ID:34	RPL: Sending a multicast-DIO with rank 506
481123695	ID:35	RPL: Sending a multicast-DIO with rank 500
482207541	ID:32	RPL: Sending a DIS to fe80::c30c:0:0:3
483103885	ID:36	RPL: Sending a multicast-DIO with rank 475
484482233	ID:33	RPL: Sending a multicast-DIO with rank 462
485662099	ID:34	RPL: Sending a multicast-DIO with rank 506
486123695	ID:35	RPL: Sending a multicast-DIO with rank 500
488103885	ID:36	RPL: Sending a multicast-DIO with rank 475
489482233	ID:33	RPL: Sending a multicast-DIO with rank 462
490662099	ID:34	RPL: Sending a multicast-DIO with rank 506
491123695	ID:35	RPL: Sending a multicast-DIO with rank 500
493103885	ID:36	RPL: Sending a multicast-DIO with rank 475
494482233	ID:33	RPL: Sending a multicast-DIO with rank 462
495662099	ID:34	RPL: Sending a multicast-DIO with rank 506
496123695	ID:35	RPL: Sending a multicast-DIO with rank 500
498103885	ID:36	RPL: Sending a multicast-DIO with rank 475
499482233	ID:33	RPL: Sending a multicast-DIO with rank 462
500662099	ID:34	RPL: Sending a multicast-DIO with rank 506
501123695	ID:35	RPL: Sending a multicast-DIO with rank 500
503103885	ID:36	RPL: Sending a multicast-DIO with rank 475
504482233	ID:33	RPL: Sending a multicast-DIO with rank 462
505662099	ID:34	RPL: Sending a multicast-DIO with rank 506
506123695	ID:35	RPL: Sending a multicast-DIO with rank 500
508103885	ID:36	RPL: Sending a multicast-DIO with rank 475
509482233	ID:33	RPL: Sending a multicast-DIO with rank 462
510662099	ID:34	RPL: Sending a multicast-DIO with rank 506
511123695	ID:35	RPL: Sending a multicast-DIO with rank 500
513103885	ID:36	RPL: Sending a multicast-DIO with rank 475
514482233	ID:33	RPL: Sending a multicast-DIO with rank 462
515662099	ID:34	RPL: Sending a multicast-DIO with rank 506
516123695	ID:35	RPL: Sending a multicast-DIO with rank 500
518103885	ID:36	RPL: Sending a multicast-DIO with rank 475
519482233	ID:33	RPL: Sending a multicast-DIO with rank 462
520662099	ID:34	RPL: Sending a multicast-DIO with rank 506
521123695	ID:35	RPL: Sending a multicast-DIO with rank 500
523103885	ID:36	RPL: Sending a multicast-DIO with rank 475
524482233	ID:33	RPL: Sending a multicast-DIO with rank 462
525662099	ID:34	RPL: Sending a multicast-DIO with rank 506
526123695	ID:35	RPL: Sending a multicast-DIO with rank 500
528103885	ID:36	RPL: Sending a multicast-DIO with rank 475
529482233	ID:33	RPL: Sending a multicast-DIO with rank 462
530662099	ID:34	RPL: Sending a multicast-DIO with rank 506
531123695	ID:35	RPL: Sending a multicast-DIO with rank 500
533103885	ID:36	RPL: Sending a multicast-DIO with rank 475
534482233	ID:33	RPL: Sending a multicast-DIO with rank 462
535662099	ID:34	RPL: Sending a multicast-DIO with rank 506
536123695	ID:35	RPL: Sending a multicast-DIO with rank 500
538103885	ID:36	RPL: Sending a multicast-DIO with rank 475
539482233	ID:33	RPL: Sending a multicast-DIO with rank 462
540662099	ID:34	RPL: Sending a multicast-DIO with rank 506
541123695	ID:35	RPL: Sending a multicast-DIO with rank 500
542207541	ID:32	RPL: Sending a DIS to fe80::c30c:0:0:3
543103885	ID:36	RPL: Sending a multicast-DIO with rank 475
544482233	ID:33	RPL: Sending a multicast-DIO with rank 462
545662099	ID:34	RPL: Sending a multicast-DIO with rank 506
546123695	ID:35	RPL: Sending a multicast-DIO with rank 500
548103885	ID:36	RPL: Sending a multicast-DIO with rank 475
549482233	ID:33	RPL: Sending a multicast-DIO with rank 462
550662099	ID:34	RPL: Sending a multicast-DIO with rank 506
551123695	ID:35	RPL: Sending a multicast-DIO with rank 500
553103885	ID:36	RPL: Sending a multicast-DIO with rank 475
554482233	ID:33	RPL: Sending a multicast-DIO with rank 462
555662099	ID:34	RPL: Sending a multicast-DIO with rank 506
556123695	ID:35	RPL: Sending a multicast-DIO with rank 500
558103885	ID:36	RPL: Sending a multicast-DIO with rank 475
559482233	ID:33	RPL: Sending a multicast-DIO with rank 462
560662099	ID:34	RPL: Sending a multicast-DIO with rank 506
561123695	ID:35	RPL: Sending a multicast-DIO with rank 500
563103885	ID:36	RPL: Sending a multicast-DIO with rank 475
564482233	ID:33	RPL: Sending a multicast-DIO with rank 462
565662099	ID:34	RPL: Sending a multicast-DIO with rank 506
566123695	ID:35	RPL: Sending a multicast-DIO with rank 500
568103885	ID:36	RPL: Sending a multicast-DIO with rank 475
569482233	ID:33	RPL: Sending a multicast-DIO with rank 462
570662099	ID:34	RPL: Sending a multicast-DIO with rank 506
571123695	ID:35	RPL: Sending a multicast-DIO with rank 500
573103885	ID:36	RPL: Sending a multicast-DIO with rank 475
574482233	ID:33	RPL: Sending a multicast-DIO with rank 462
575662099	ID:34	RPL: Sending a multicast-DIO with rank 506
576123695	ID:35	RPL: Sending a multicast-DIO with rank 500
578103885	ID:36	RPL: Sending a multicast-DIO with rank 475
579482233	ID:33	RPL: Sending a multicast-DIO with rank 462
580662099	ID:34	RPL: Sending a multicast-DIO with rank 506
581123695	ID:35	RPL: Sending a multicast-DIO with rank 500
583103885	ID:36	RPL: Sending a multicast-DIO with rank 475
584482233	ID:33	RPL: Sending a multicast-DIO with rank 462
585662099	ID:34	RPL: Sending a multicast-DIO with rank 506
586123695	ID:35	RPL: Sending a multicast-DIO with rank 500
588103885	ID:36	RPL: Sending a multicast-DIO with rank 475
589482233	ID:33	RPL: Sending a multicast-DIO with rank 462
590662099	ID:34	RPL: Sending a multicast-DIO with rank 506
591123695	ID:35	RPL: Sending a multicast-DIO with rank 500
593103885	ID:36	RPL: Sending a multicast-DIO with rank 475
594482233	ID:33	RPL: Sending a multicast-DIO with rank 462
595662099	ID:34	RPL: Sending a multicast-DIO with rank 506
596123695	ID:35	RPL: Sending a multicast-DIO with rank 500
598103885	ID:36	RPL: Sending a multicast-DIO with rank 475
599482233	ID:33	RPL: Sending a multicast-DIO with rank 462
600662099	ID:34	RPL: Sending a multicast-DIO with rank 506
601123695	ID:35	RPL: Sending a multicast-DIO with rank 500
602207541	ID:32	RPL: Sending a DIS to fe80::c30c:0:0:3
603103885	ID:36	RPL: Sending a multicast-DIO with rank 475
604482233	ID:33	RPL: Sending a multicast-DIO with rank 462
605662099	ID:34	RPL: Sending a multicast-DIO with rank 506
606123695	ID:35	RPL: Sending a multicast-DIO with rank 500
608103885	ID:36	RPL: Sending a multicast-DIO with rank 475
609482233	ID:33	RPL: Sending a multicast-DIO with rank 462
610662099	ID:34	RPL: Sending a multicast-DIO with rank 506
611123695	ID:35	RPL: Sending a multicast-DIO with rank 500
613103885	ID:36	RPL: Sending a multicast-DIO with rank 475
614482233	ID:33	RPL: Sending a multicast-DIO with rank 462
615662099	ID:34	RPL: Sending a multicast-DIO with rank 506
616123695	ID:35	RPL: Sending a multicast-DIO with rank 500
618103885	ID:36	RPL: Sending a multicast-DIO with rank 475
619482233	ID:33	RPL: Sending a multicast-DIO with rank 462
620662099	ID:34	RPL: Sending a multicast-DIO with rank 506
621123695	ID:35	RPL: Sending a multicast-DIO with rank 500
623103885	ID:36	RPL: Sending a multicast-DIO with rank 475
624482233	ID:33	RPL: Sending a multicast-DIO with rank 462
625662099	ID:34	RPL: Sending a multicast-DIO with rank 506
626123695	ID:35	RPL: Sending a multicast-DIO with rank 500
628103885	ID:36	RPL: Sending a multicast-DIO with rank 475
629482233	ID:33	RPL: Sending a multicast-DIO with rank 462
630662099	ID:34	RPL: Sending a multicast-DIO with rank 506
631123695	ID:35	RPL: Sending a multicast-DIO with rank 500
633103885	ID:36	RPL: Sending a multicast-DIO with rank 475
634482233	ID:33	RPL: Sending a multicast-DIO with rank 462
635662099	ID:34	RPL: Sending a multicast-DIO with rank 506
636123695	ID:35	RPL: Sending a multicast-DIO with rank 500
638103885	ID:36	RPL: Sending a multicast-DIO with rank 475
639482233	ID:33	RPL: Sending a multicast-DIO with rank 462
640662099	ID:34	RPL: Sending a multicast-DIO with rank 506
641123695	ID:35	RPL: Sending a multicast-DIO with rank 500
643103885	ID:36	RPL: Sending a multicast-DIO with rank 475
644482233	ID:33	RPL: Sending a multicast-DIO with rank 462
645662099	ID:34	RPL: Sending a multicast-DIO with rank 506
646123695	ID:35	RPL: Sending a multicast-DIO with rank 500
648103885	ID:36	RPL: Sending a multicast-DIO with rank 475
649482233	ID:33	RPL: Sending a multicast-DIO with rank 462
650662099	ID:34	RPL: Sending a multicast-DIO with rank 506
651123695	ID:35	RPL: Sending a multicast-DIO with rank 500
653103885	ID:36	RPL: Sending a multicast-DIO with rank 475
654482233	ID:33	RPL: Sending a multicast-DIO with rank 462
655662099	ID:34	RPL: Sending a multicast-DIO with rank 506
656123695	ID:35	RPL: Sending a multicast-DIO with rank 500
658103885	ID:36	RPL: Sending a multicast-DIO with rank 475
659482233	ID:33	RPL: Sending a multicast-DIO with rank 462
660662099	ID:34	RPL: Sending a multicast-DIO with rank 506
661123695	ID:35	RPL: Sending a multicast-DIO with rank 500
662207541	ID:32	RPL: Sending a DIS to fe80::c30c:0:0:3
663103885	ID:36	RPL: Sending a multicast-DIO with rank 475
664482233	ID:33	RPL: Sending a multicast-DIO with rank 462
665662099	ID:34	RPL: Sending a multicast-DIO with rank 506
666123695	ID:35	RPL: Sending a multicast-DIO with rank 500
668103885	ID:36	RPL: Sending a multicast-DIO with rank 475
669482233	ID:33	RPL: Sending a multicast-DIO with rank 462
670662099	ID:34	RPL: Sending a multicast-DIO with rank 506
671123695	ID:35	RPL: Sending a multicast-DIO with rank 500
673103885	ID:36	RPL: Sending a multicast-DIO with rank 475
674482233	ID:33	RPL: Sending a multicast-DIO with rank 462
675662099	ID:34	RPL: Sending a multicast-DIO with rank 506
676123695	ID:35	RPL: Sending a multicast-DIO with rank 500
678103885	ID:36	RPL: Sending a multicast-DIO with rank 475
679482233	ID:33	RPL: Sending a multicast-DIO with rank 462
680662099	ID:34	RPL: Sending a multicast-DIO with rank 506
681123695	ID:35	RPL: Sending a multicast-DIO with rank 500
683103885	ID:36	RPL: Sending a multicast-DIO with rank 475
684482233	ID:33	RPL: Sending a multicast-DIO with rank 462
685662099	ID:34	RPL: Sending a multicast-DIO with rank 506
686123695	ID:35	RPL: Sending a multicast-DIO with rank 500
688103885	ID:36	RPL: Sending a multicast-DIO with rank 475
689482234	ID:33	RPL: Sending a multicast-DIO with rank 462
690662100	ID:34	RPL: Sending a multicast-DIO with rank 506
691123696	ID:35	RPL: Sending a multicast-DIO with rank 500
693103885	ID:36	RPL: Sending a multicast-DIO with rank 475
694482234	ID:33	RPL: Sending a multicast-DIO with rank 462
695662100	ID:34	RPL: Sending a multicast-DIO with rank 506
696123696	ID:35	RPL: Sending a multicast-DIO with rank 500
698103885	ID:36	RPL: Sending a multicast-DIO with rank 475
699482240	ID:33	RPL: Sending a multicast-DIO with rank 462
700662100	ID:34	RPL: Sending a multicast-DIO with rank 506
701123696	ID:35	RPL: Sending a multicast-DIO with rank 500
703103885	ID:36	RPL: Sending a multicast-DIO with rank 475
704482234	ID:33	RPL: Sending a multicast-DIO with rank 462
705662100	ID:34	RPL: Sending a multicast-DIO with rank 506
706123696	ID:35	RPL: Sending a multicast-DIO with rank 500
708103885	ID:36	RPL: Sending a multicast-DIO with rank 475
709482234	ID:33	RPL: Sending a multicast-DIO with rank 462
710662100	ID:34	RPL: Sending a multicast-DIO with rank 506
711123696	ID:35	RPL: Sending a multicast-DIO with rank 500
713103885	ID:36	RPL: Sending a multicast-DIO with rank 475
714482234	ID:33	RPL: Sending a multicast-DIO with rank 462
715662100	ID:34	RPL: Sending a multicast-DIO with rank 506
716123696	ID:35	RPL: Sending a multicast-DIO with rank 500
718103885	ID:36	RPL: Sending a multicast-DIO with rank 475
719482234	ID:33	RPL: Sending a multicast-DIO with rank 462
720662100	ID:34	RPL: Sending a multicast-DIO with rank 506
721123696	ID:35	RPL: Sending a multicast-DIO with rank 500
722207541	ID:32	RPL: Sending a DIS to fe80::c30c:0:0:3
723103885	ID:36	RPL: Sending a multicast-DIO with rank 475
724482234	ID:33	RPL: Sending a multicast-DIO with rank 462
725662100	ID:34	RPL: Sending a multicast-DIO with rank 506
726123696	ID:35	RPL: Sending a multicast-DIO with rank 500
728103885	ID:36	RPL: Sending a multicast-DIO with rank 475
729482234	ID:33	RPL: Sending a multicast-DIO with rank 462
730662100	ID:34	RPL: Sending a multicast-DIO with rank 506
731123696	ID:35	RPL: Sending a multicast-DIO with rank 500
733103885	ID:36	RPL: Sending a multicast-DIO with rank 475
734482234	ID:33	RPL: Sending a multicast-DIO with rank 462
735662106	ID:34	RPL: Sending a multicast-DIO with rank 506
736123695	ID:35	RPL: Sending a multicast-DIO with rank 500
738103885	ID:36	RPL: Sending a multicast-DIO with rank 475
739482234	ID:33	RPL: Sending a multicast-DIO with rank 462
740662100	ID:34	RPL: Sending a multicast-DIO with rank 506
741123696	ID:35	RPL: Sending a multicast-DIO with rank 500
743103885	ID:36	RPL: Sending a multicast-DIO with rank 475
744482234	ID:33	RPL: Sending a multicast-DIO with rank 462
745662100	ID:34	RPL: Sending a multicast-DIO with rank 506
746123696	ID:35	RPL: Sending a multicast-DIO with rank 500
748103885	ID:36	RPL: Sending a multicast-DIO with rank 475
749482234	ID:33	RPL: Sending a multicast-DIO with rank 462
750662100	ID:34	RPL: Sending a multicast-DIO with rank 506
751123696	ID:35	RPL: Sending a multicast-DIO with rank 500
753103885	ID:36	RPL: Sending a multicast-DIO with rank 475
754482234	ID:33	RPL: Sending a multicast-DIO with rank 462
755662100	ID:34	RPL: Sending a multicast-DIO with rank 506
756123696	ID:35	RPL: Sending a multicast-DIO with rank 500
758103885	ID:36	RPL: Sending a multicast-DIO with rank 475
759482234	ID:33	RPL: Sending a multicast-DIO with rank 462
760662100	ID:34	RPL: Sending a multicast-DIO with rank 506
761123696	ID:35	RPL: Sending a multicast-DIO with rank 500
763103885	ID:36	RPL: Sending a multicast-DIO with rank 475
764482233	ID:33	RPL: Sending a multicast-DIO with rank 462
765662100	ID:34	RPL: Sending a multicast-DIO with rank 506
766123696	ID:35	RPL: Sending a multicast-DIO with rank 500
768103885	ID:36	RPL: Sending a multicast-DIO with rank 475
769482234	ID:33	RPL: Sending a multicast-DIO with rank 462
770662100	ID:34	RPL: Sending a multicast-DIO with rank 506
771123696	ID:35	RPL: Sending a multicast-DIO with rank 500
773103885	ID:36	RPL: Sending a multicast-DIO with rank 475
774482234	ID:33	RPL: Sending a multicast-DIO with rank 462
775662100	ID:34	RPL: Sending a multicast-DIO with rank 506
776123702	ID:35	RPL: Sending a multicast-DIO with rank 500
778103885	ID:36	RPL: Sending a multicast-DIO with rank 475
779482234	ID:33	RPL: Sending a multicast-DIO with rank 462
780662100	ID:34	RPL: Sending a multicast-DIO with rank 506
781123696	ID:35	RPL: Sending a multicast-DIO with rank 500
782207541	ID:32	RPL: Sending a DIS to fe80::c30c:0:0:3
783103885	ID:36	RPL: Sending a multicast-DIO with rank 475
784482234	ID:33	RPL: Sending a multicast-DIO with rank 462
785662100	ID:34	RPL: Sending a multicast-DIO with rank 506
786123696	ID:35	RPL: Sending a multicast-DIO with rank 500
788103885	ID:36	RPL: Sending a multicast-DIO with rank 475
789482234	ID:33	RPL: Sending a multicast-DIO with rank 462
790662100	ID:34	RPL: Sending a multicast-DIO with rank 506
791123696	ID:35	RPL: Sending a multicast-DIO with rank 500
793103885	ID:36	RPL: Sending a multicast-DIO with rank 475
794482234	ID:33	RPL: Sending a multicast-DIO with rank 462
795662100	ID:34	RPL: Sending a multicast-DIO with rank 506
796123696	ID:35	RPL: Sending a multicast-DIO with rank 500
798103885	ID:36	RPL: Sending a multicast-DIO with rank 475
799482234	ID:33	RPL: Sending a multicast-DIO with rank 462
800662100	ID:34	RPL: Sending a multicast-DIO with rank 506
801123696	ID:35	RPL: Sending a multicast-DIO with rank 500
803103885	ID:36	RPL: Sending a multicast-DIO with rank 475
804482234	ID:33	RPL: Sending a multicast-DIO with rank 462
805662100	ID:34	RPL: Sending a multicast-DIO with rank 506
806123696	ID:35	RPL: Sending a multicast-DIO with rank 500
808103885	ID:36	RPL: Sending a multicast-DIO with rank 475
809482234	ID:33	RPL: Sending a multicast-DIO with rank 462
810662100	ID:34	RPL: Sending a multicast-DIO with rank 506
811123696	ID:35	RPL: Sending a multicast-DIO with rank 500
813103885	ID:36	RPL: Sending a multicast-DIO with rank 475
814482234	ID:33	RPL: Sending a multicast-DIO with rank 462
815662100	ID:34	RPL: Sending a multicast-DIO with rank 506
816123696	ID:35	RPL: Sending a multicast-DIO with rank 500
818103885	ID:36	RPL: Sending a multicast-DIO with rank 475
819482234	ID:33	RPL: Sending a multicast-DIO with rank 462
820662100	ID:34	RPL: Sending a multicast-DIO with rank 506
821123696	ID:35	RPL: Sending a multicast-DIO with rank 500
823103885	ID:36	RPL: Sending a multicast-DIO with rank 475
824482234	ID:33	RPL: Sending a multicast-DIO with rank 462
825662100	ID:34	RPL: Sending a multicast-DIO with rank 506
826123696	ID:35	RPL: Sending a multicast-DIO with rank 500
828103885	ID:36	RPL: Sending a multicast-DIO with rank 475
829482234	ID:33	RPL: Sending a multicast-DIO with rank 462
830662100	ID:34	RPL: Sending a multicast-DIO with rank 506
831123696	ID:35	RPL: Sending a multicast-DIO with rank 500
833103885	ID:36	RPL: Sending a multicast-DIO with rank 475
834482234	ID:33	RPL: Sending a multicast-DIO with rank 462
835662100	ID:34	RPL: Sending a multicast-DIO with rank 506
836123696	ID:35	RPL: Sending a multicast-DIO with rank 500
838103885	ID:36	RPL: Sending a multicast-DIO with rank 475
839482234	ID:33	RPL: Sending a multicast-DIO with rank 462
840662100	ID:34	RPL: Sending a multicast-DIO with rank 506
841123696	ID:35	RPL: Sending a multicast-DIO with rank 500
842207541	ID:32	RPL: Sending a DIS to fe80::c30c:0:0:3
843103885	ID:36	RPL: Sending a multicast-DIO with rank 475
844482234	ID:33	RPL: Sending a multicast-DIO with rank 462
845662100	ID:34	RPL: Sending a multicast-DIO with rank 506
846123696	ID:35	RPL: Sending a multicast-DIO with rank 500
848103892	ID:36	RPL: Sending a multicast-DIO with rank 475
849482234	ID:33	RPL: Sending a multicast-DIO with rank 462
850662100	ID:34	RPL: Sending a multicast-DIO with rank 506
851123696	ID:35	RPL: Sending a multicast-DIO with rank 500
853103885	ID:36	RPL: Sending a multicast-DIO with rank 475
854482234	ID:33	RPL: Sending a multicast-DIO with rank 462
855662100	ID:34	RPL: Sending a multicast-DIO with rank 506
856123696	ID:35	RPL: Sending a multicast-DIO with rank 500
858103885	ID:36	RPL: Sending a multicast-DIO with rank 475
859482234	ID:33	RPL: Sending a multicast-DIO with rank 462
860662100	ID:34	RPL: Sending a multicast-DIO with rank 506
861123696	ID:35	RPL: Sending a multicast-DIO with rank 500
863103885	ID:36	RPL: Sending a multicast-DIO with rank 475
864482234	ID:33	RPL: Sending a multicast-DIO with rank 462
865662100	ID:34	RPL: Sending a multicast-DIO with rank 506
866123696	ID:35	RPL: Sending a multicast-DIO with rank 500
868103885	ID:36	RPL: Sending a multicast-DIO with rank 475
869482234	ID:33	RPL: Sending a multicast-DIO with rank 462
870662100	ID:34	RPL: Sending a multicast-DIO with rank 506
871123696	ID:35	RPL: Sending a multicast-DIO with rank 500
873103885	ID:36	RPL: Sending a multicast-DIO with rank 475
874482234	ID:33	RPL: Sending a multicast-DIO with rank 462
875662100	ID:34	RPL: Sending a multicast-DIO with rank 506
876123696	ID:35	RPL: Sending a multicast-DIO with rank 500
878103885	ID:36	RPL: Sending a multicast-DIO with rank 475
879482234	ID:33	RPL: Sending a multicast-DIO with rank 462
880662100	ID:34	RPL: Sending a multicast-DIO with rank 506
881123696	ID:35	RPL: Sending a multicast-DIO with rank 500
883103885	ID:36	RPL: Sending a multicast-DIO with rank 475
884482234	ID:33	RPL: Sending a multicast-DIO with rank 462
885662100	ID:34	RPL: Sending a multicast-DIO with rank 506
886123696	ID:35	RPL: Sending a multicast-DIO with rank 500
888103885	ID:36	RPL: Sending a multicast-DIO with rank 475
889482234	ID:33	RPL: Sending a multicast-DIO with rank 462
890662100	ID:34	RPL: Sending a multicast-DIO with rank 506
891123696	ID:35	RPL: Sending a multicast-DIO with rank 500
893103885	ID:36	RPL: Sending a multicast-DIO with rank 475
894482234	ID:33	RPL: Sending a multicast-DIO with rank 462
895662100	ID:34	RPL: Sending a multicast-DIO with rank 506
896123696	ID:35	RPL: Sending a multicast-DIO with rank 500
898103885	ID:36	RPL: Sending a multicast-DIO with rank 475
899482234	ID:33	RPL: Sending a multicast-DIO with rank 462
900662100	ID:34	RPL: Sending a multicast-DIO with rank 506
901123696	ID:35	RPL: Sending a multicast-DIO with rank 500
902207541	ID:32	RPL: Sending a DIS to fe80::c30c:0:0:3
903103885	ID:36	RPL: Sending a multicast-DIO with rank 475
904482234	ID:33	RPL: Sending a multicast-DIO with rank 462
905662100	ID:34	RPL: Sending a multicast-DIO with rank 506
906123696	ID:35	RPL: Sending a multicast-DIO with rank 500
908103885	ID:36	RPL: Sending a multicast-DIO with rank 475
909482234	ID:33	RPL: Sending a multicast-DIO with rank 462
910662100	ID:34	RPL: Sending a multicast-DIO with rank 506
911123696	ID:35	RPL: Sending a multicast-DIO with rank 500
913103885	ID:36	RPL: Sending a multicast-DIO with rank 475
914482233	ID:33	RPL: Sending a multicast-DIO with rank 462
915662100	ID:34	RPL: Sending a multicast-DIO with rank 506
916123696	ID:35	RPL: Sending a multicast-DIO with rank 500
918103885	ID:36	RPL: Sending a multicast-DIO with rank 475
919482234	ID:33	RPL: Sending a multicast-DIO with rank 462
920662100	ID:34	RPL: Sending a multicast-DIO with rank 506
921123696	ID:35	RPL: Sending a multicast-DIO with rank 500
923103885	ID:36	RPL: Sending a multicast-DIO with rank 475
924482234	ID:33	RPL: Sending a multicast-DIO with rank 462
925662099	ID:34	RPL: Sending a multicast-DIO with rank 506
926123696	ID:35	RPL: Sending a multicast-DIO with rank 500
928103885	ID:36	RPL: Sending a multicast-DIO with rank 475
929482234	ID:33	RPL: Sending a multicast-DIO with rank 462
930662100	ID:34	RPL: Sending a multicast-DIO with rank 506
931123696	ID:35	RPL: Sending a multicast-DIO with rank 500
933103885	ID:36	RPL: Sending a multicast-DIO with rank 475
934482234	ID:33	RPL: Sending a multicast-DIO with rank 462
935662100	ID:34	RPL: Sending a multicast-DIO with rank 506
936123696	ID:35	RPL: Sending a multicast-DIO with rank 500
938103885	ID:36	RPL: Sending a multicast-DIO with rank 475
939482234	ID:33	RPL: Sending a multicast-DIO with rank 462
940662100	ID:34	RPL: Sending a multicast-DIO with rank 506
941123696	ID:35	RPL: Sending a multicast-DIO with rank 500
943103885	ID:36	RPL: Sending a multicast-DIO with rank 475
944482234	ID:33	RPL: Sending a multicast-DIO with rank 462
945662100	ID:34	RPL: Sending a multicast-DIO with rank 506
946123696	ID:35	RPL: Sending a multicast-DIO with rank 500
948103885	ID:36	RPL: Sending a multicast-DIO with rank 475
949482234	ID:33	RPL: Sending a multicast-DIO with rank 462
950662100	ID:34	RPL: Sending a multicast-DIO with rank 506
951123696	ID:35	RPL: Sending a multicast-DIO with rank 500
953103885	ID:36	RPL: Sending a multicast-DIO with rank 475
954482234	ID:33	RPL: Sending a multicast-DIO with rank 462
955662100	ID:34	RPL: Sending a multicast-DIO with rank 506
956123696	ID:35	RPL: Sending a multicast-DIO with rank 500
958103885	ID:36	RPL: Sending a multicast-DIO with rank 475
959482234	ID:33	RPL: Sending a multicast-DIO with rank 462
960662100	ID:34	RPL: Sending a multicast-DIO with rank 506
961123696	ID:35	RPL: Sending a multicast-DIO with rank 500
962207541	ID:32	RPL: Sending a DIS to fe80::c30c:0:0:3
963103885	ID:36	RPL: Sending a multicast-DIO with rank 475
964482234	ID:33	RPL: Sending a multicast-DIO with rank 462
965662100	ID:34	RPL: Sending a multicast-DIO with rank 506
966123696	ID:35	RPL: Sending a multicast-DIO with rank 500
968103885	ID:36	RPL: Sending a multicast-DIO with rank 475
969482234	ID:33	RPL: Sending a multicast-DIO with rank 462
970662100	ID:34	RPL: Sending a multicast-DIO with rank 506
971123696	ID:35	RPL: Sending a multicast-DIO with rank 500
973103885	ID:36	RPL: Sending a multicast-DIO with rank 475
974482234	ID:33	RPL: Sending a multicast-DIO with rank 462
975662100	ID:34	RPL: Sending a multicast-DIO with rank 506
976123696	ID:35	RPL: Sending a multicast-DIO with rank 500
978103885	ID:36	RPL: Sending a multicast-DIO with rank 475
979482234	ID:33	RPL: Sending a multicast-DIO with rank 462
980662100	ID:34	RPL: Sending a multicast-DIO with rank 506
981123696	ID:35	RPL: Sending a multicast-DIO with rank 500
983103885	ID:36	RPL: Sending a multicast-DIO with rank 475
984482234	ID:33	RPL: Sending a multicast-DIO with rank 462
985662100	ID:34	RPL: Sending a multicast-DIO with rank 506
986123696	ID:35	RPL: Sending a multicast-DIO with rank 500
988103885	ID:36	RPL: Sending a multicast-DIO with rank 475
989482234	ID:33	RPL: Sending a multicast-DIO with rank 462
990662100	ID:34	RPL: Sending a multicast-DIO with rank 506
991123696	ID:35	RPL: Sending a multicast-DIO with rank 500
993103885	ID:36	RPL: Sending a multicast-DIO with rank 475
994482234	ID:33	RPL: Sending a multicast-DIO with rank 462
995662099	ID:34	RPL: Sending a multicast-DIO with rank 506
996123696	ID:35	RPL: Sending a multicast-DIO with rank 500
998103885	ID:36	RPL: Sending a multicast-DIO with rank 475
999482233	ID:33	RPL: Sending a multicast-DIO with rank 462
1000662100	ID:34	RPL: Sending a multicast-DIO with rank 506
1001123696	ID:35	RPL: Sending a multicast-DIO with rank 500
1003103885	ID:36	RPL: Sending a multicast-DIO with rank 475
1004482234	ID:33	RPL: Sending a multicast-DIO with rank 462
1005662100	ID:34	RPL: Sending a multicast-DIO with rank 506
1006123696	ID:35	RPL: Sending a multicast-DIO with rank 500
1008103885	ID:36	RPL: Sending a multicast-DIO with rank 475
1009482234	ID:33	RPL: Sending a multicast-DIO with rank 462
1010662100	ID:34	RPL: Sending a multicast-DIO with rank 506
1011123696	ID:35	RPL: Sending a multicast-DIO with rank 500
1013103885	ID:36	RPL: Sending a multicast-DIO with rank 475
1014482234	ID:33	RPL: Sending a multicast-DIO with rank 462
1015662100	ID:34	RPL: Sending a multicast-DIO with rank 506
1016123696	ID:35	RPL: Sending a multicast-DIO with rank 500
1018103885	ID:36	RPL: Sending a multicast-DIO with rank 475
1019482234	ID:33	RPL: Sending a multicast-DIO with rank 462
1020662100	ID:34	RPL: Sending a multicast-DIO with rank 506
1021123696	ID:35	RPL: Sending a multicast-DIO with rank 500
1022208169	ID:32	RPL: Sending a DIS to fe80::c30c:0:0:3
1023103885	ID:36	RPL: Sending a multicast-DIO with rank 475
1024482234	ID:33	RPL: Sending a multicast-DIO with rank 462
1025662100	ID:34	RPL: Sending a multicast-DIO with rank 506
1026123696	ID:35	RPL: Sending a multicast-DIO with rank 500
1028103886	ID:36	RPL: Sending a multicast-DIO with rank 475
1029482234	ID:33	RPL: Sending a multicast-DIO with rank 462
1030662100	ID:34	RPL: Sending a multicast-DIO with rank 506
1031123696	ID:35	RPL: Sending a multicast-DIO with rank 500
1033103886	ID:36	RPL: Sending a multicast-DIO with rank 475
1034482234	ID:33	RPL: Sending a multicast-DIO with rank 462
1035662100	ID:34	RPL: Sending a multicast-DIO with rank 506
1036123696	ID:35	RPL: Sending a multicast-DIO with rank 500
1038103886	ID:36	RPL: Sending a multicast-DIO with rank 475
1039482234	ID:33	RPL: Sending a multicast-DIO with rank 462
1040662100	ID:34	RPL: Sending a multicast-DIO with rank 506
1041123696	ID:35	RPL: Sending a multicast-DIO with rank 500
1043103886	ID:36	RPL: Sending a multicast-DIO with rank 475
1044482234	ID:33	RPL: Sending a multicast-DIO with rank 462
1045662100	ID:34	RPL: Sending a multicast-DIO with rank 506
1046123696	ID:35	RPL: Sending a multicast-DIO with rank 500
1048103886	ID:36	RPL: Sending a multicast-DIO with rank 475
1049482241	ID:33	RPL: Sending a multicast-DIO with rank 462
1050662107	ID:34	RPL: Sending a multicast-DIO with rank 506
1051123696	ID:35	RPL: Sending a multicast-DIO with rank 500
1053103886	ID:36	RPL: Sending a multicast-DIO with rank 475
1054482234	ID:33	RPL: Sending a multicast-DIO with rank 462
1055662100	ID:34	RPL: Sending a multicast-DIO with rank 506
1056123696	ID:35	RPL: Sending a multicast-DIO with rank 500
1058103886	ID:36	RPL: Sending a multicast-DIO with rank 475
1059482234	ID:33	RPL: Sending a multicast-DIO with rank 462
1060662100	ID:34	RPL: Sending a multicast-DIO with rank 506
1061123696	ID:35	RPL: Sending a multicast-DIO with rank 500
1063103886	ID:36	RPL: Sending a multicast-DIO with rank 475
1064482234	ID:33	RPL: Sending a multicast-DIO with rank 462
1065662100	ID:34	RPL: Sending a multicast-DIO with rank 506
1066123696	ID:35	RPL: Sending a multicast-DIO with rank 500
1068103886	ID:36	RPL: Sending a multicast-DIO with rank 475
1069482234	ID:33	RPL: Sending a multicast-DIO with rank 462
1070662100	ID:34	RPL: Sending a multicast-DIO with rank 506
1071123696	ID:35	RPL: Sending a multicast-DIO with rank 500
1073103886	ID:36	RPL: Sending a multicast-DIO with rank 475
1074482234	ID:33	RPL: Sending a multicast-DIO with rank 462
1075662100	ID:34	RPL: Sending a multicast-DIO with rank 506
1076123696	ID:35	RPL: Sending a multicast-DIO with rank 500
1078103886	ID:36	RPL: Sending a multicast-DIO with rank 475
1079482234	ID:33	RPL: Sending a multicast-DIO with rank 462
1080662100	ID:34	RPL: Sending a multicast-DIO with rank 506
1081123696	ID:35	RPL: Sending a multicast-DIO with rank 500
1082207542	ID:32	RPL: Sending a DIS to fe80::c30c:0:0:3
1083103886	ID:36	RPL: Sending a multicast-DIO with rank 475
1084482234	ID:33	RPL: Sending a multicast-DIO with rank 462
1085662100	ID:34	RPL: Sending a multicast-DIO with rank 506
1086123696	ID:35	RPL: Sending a multicast-DIO with rank 500
1088103886	ID:36	RPL: Sending a multicast-DIO with rank 475
1089482234	ID:33	RPL: Sending a multicast-DIO with rank 462
1090662100	ID:34	RPL: Sending a multicast-DIO with rank 506
1091123696	ID:35	RPL: Sending a multicast-DIO with rank 500
1093103886	ID:36	RPL: Sending a multicast-DIO with rank 475
1094482234	ID:33	RPL: Sending a multicast-DIO with rank 462
1095662100	ID:34	RPL: Sending a multicast-DIO with rank 506
1096123696	ID:35	RPL: Sending a multicast-DIO with rank 500
1098103886	ID:36	RPL: Sending a multicast-DIO with rank 475
1099482234	ID:33	RPL: Sending a multicast-DIO with rank 462
1100662100	ID:34	RPL: Sending a multicast-DIO with rank 506
1101123696	ID:35	RPL: Sending a multicast-DIO with rank 500
1103103886	ID:36	RPL: Sending a multicast-DIO with rank 475
1104482234	ID:33	RPL: Sending a multicast-DIO with rank 462
1105662100	ID:34	RPL: Sending a multicast-DIO with rank 506
1106123696	ID:35	RPL: Sending a multicast-DIO with rank 500
1108103886	ID:36	RPL: Sending a multicast-DIO with rank 475
1109482234	ID:33	RPL: Sending a multicast-DIO with rank 462
1110662100	ID:34	RPL: Sending a multicast-DIO with rank 506
1111123696	ID:35	RPL: Sending a multicast-DIO with rank 500
1113103886	ID:36	RPL: Sending a multicast-DIO with rank 475
1114482234	ID:33	RPL: Sending a multicast-DIO with rank 462
1115662100	ID:34	RPL: Sending a multicast-DIO with rank 506
1116123696	ID:35	RPL: Sending a multicast-DIO with rank 500
1118103886	ID:36	RPL: Sending a multicast-DIO with rank 475
1119482234	ID:33	RPL: Sending a multicast-DIO with rank 462
1120662100	ID:34	RPL: Sending a multicast-DIO with rank 506
1121123696	ID:35	RPL: Sending a multicast-DIO with rank 500
1123103886	ID:36	RPL: Sending a multicast-DIO with rank 475
1124482234	ID:33	RPL: Sending a multicast-DIO with rank 462
1125662100	ID:34	RPL: Sending a multicast-DIO with rank 506
1126123696	ID:35	RPL: Sending a multicast-DIO with rank 500
1128103886	ID:36	RPL: Sending a multicast-DIO with rank 475
1129482234	ID:33	RPL: Sending a multicast-DIO with rank 462
1130662100	ID:34	RPL: Sending a multicast-DIO with rank 506
1131123696	ID:35	RPL: Sending a multicast-DIO with rank 500
1133103886	ID:36	RPL: Sending a multicast-DIO with rank 475
1134482234	ID:33	RPL: Sending a multicast-DIO with rank 462
1135662100	ID:34	RPL: Sending a multicast-DIO with rank 506
1136123696	ID:35	RPL: Sending a multicast-DIO with rank 500
1138103886	ID:36	RPL: Sending a multicast-DIO with rank 475
1139482234	ID:33	RPL: Sending a multicast-DIO with rank 462
1140662100	ID:34	RPL: Sending a multicast-DIO with rank 506
1141123696	ID:35	RPL: Sending a multicast-DIO with rank 500
1142207542	ID:32	RPL: Sending a DIS to fe80::c30c:0:0:3
1143103886	ID:36	RPL: Sending a multicast-DIO with rank 475
1144482234	ID:33	RPL: Sending a multicast-DIO with rank 462
1145662100	ID:34	RPL: Sending a multicast-DIO with rank 506
1146123696	ID:35	RPL: Sending a multicast-DIO with rank 500
1148103886	ID:36	RPL: Sending a multicast-DIO with rank 475
1149482234	ID:33	RPL: Sending a multicast-DIO with rank 462
1150662100	ID:34	RPL: Sending a multicast-DIO with rank 506
1151123696	ID:35	RPL: Sending a multicast-DIO with rank 500
1153103886	ID:36	RPL: Sending a multicast-DIO with rank 475
1154482234	ID:33	RPL: Sending a multicast-DIO with rank 462
1155662100	ID:34	RPL: Sending a multicast-DIO with rank 506
1156123703	ID:35	RPL: Sending a multicast-DIO with rank 500
1158103886	ID:36	RPL: Sending a multicast-DIO with rank 475
1159482234	ID:33	RPL: Sending a multicast-DIO with rank 462
1160662100	ID:34	RPL: Sending a multicast-DIO with rank 506
1161123696	ID:35	RPL: Sending a multicast-DIO with rank 500
1163103886	ID:36	RPL: Sending a multicast-DIO with rank 475
1164482234	ID:33	RPL: Sending a multicast-DIO with rank 462
1165662100	ID:34	RPL: Sending a multicast-DIO with rank 506
1166123696	ID:35	RPL: Sending a multicast-DIO with rank 500
1168103893	ID:36	RPL: Sending a multicast-DIO with rank 475
1169482234	ID:33	RPL: Sending a multicast-DIO with rank 462
1170662100	ID:34	RPL: Sending a multicast-DIO with rank 506
1171123696	ID:35	RPL: Sending a multicast-DIO with rank 500
1173103886	ID:36	RPL: Sending a multicast-DIO with rank 475
1174482234	ID:33	RPL: Sending a multicast-DIO with rank 462
1175662100	ID:34	RPL: Sending a multicast-DIO with rank 506
1176123696	ID:35	RPL: Sending a multicast-DIO with rank 500
1178103886	ID:36	RPL: Sending a multicast-DIO with rank 475
1179482234	ID:33	RPL: Sending a multicast-DIO with rank 462
1180662100	ID:34	RPL: Sending a multicast-DIO with rank 506
1181123696	ID:35	RPL: Sending a multicast-DIO with rank 500
1183103886	ID:36	RPL: Sending a multicast-DIO with rank 475
1184482234	ID:33	RPL: Sending a multicast-DIO with rank 462
1185662100	ID:34	RPL: Sending a multicast-DIO with rank 506
1186123696	ID:35	RPL: Sending a multicast-DIO with rank 500
1188103886	ID:36	RPL: Sending a multicast-DIO with rank 475
1189482234	ID:33	RPL: Sending a multicast-DIO with rank 462
1190662100	ID:34	RPL: Sending a multicast-DIO with rank 506
1191123696	ID:35	RPL: Sending a multicast-DIO with rank 500
1193103886	ID:36	RPL: Sending a multicast-DIO with rank 475
1194482234	ID:33	RPL: Sending a multicast-DIO with rank 462
1195662100	ID:34	RPL: Sending a multicast-DIO with rank 506
1196123696	ID:35	RPL: Sending a multicast-DIO with rank 500
1198103886	ID:36	RPL: Sending a multicast-DIO with rank 475
1199482234	ID:33	RPL: Sending a multicast-DIO with rank 462
1200662100	ID:34	RPL: Sending a multicast-DIO with rank 506
1201123696	ID:35	RPL: Sending a multicast-DIO with rank 500
1202207547	ID:32	RPL: Sending a DIS to fe80::c30c:0:0:3
1203103891	ID:36	RPL: Sending a multicast-DIO with rank 475
1204482239	ID:33	RPL: Sending a multicast-DIO with rank 462
1205662105	ID:34	RPL: Sending a multicast-DIO with rank 506
1206123701	ID:35	RPL: Sending a multicast-DIO with rank 500
1208103885	ID:36	RPL: Sending a multicast-DIO with rank 475
1209482233	ID:33	RPL: Sending a multicast-DIO with rank 462
1210662099	ID:34	RPL: Sending a multicast-DIO with rank 506
1211123695	ID:35	RPL: Sending a multicast-DIO with rank 500
1213103885	ID:36	RPL: Sending a multicast-DIO with rank 475
1214482233	ID:33	RPL: Sending a multicast-DIO with rank 462
1215662099	ID:34	RPL: Sending a multicast-DIO with rank 506
1216123695	ID:35	RPL: Sending a multicast-DIO with rank 500
1218103885	ID:36	RPL: Sending a multicast-DIO with rank 475
1219482233	ID:33	RPL: Sending a multicast-DIO with rank 462
1220662099	ID:34	RPL: Sending a multicast-DIO with rank 506
1221123695	ID:35	RPL: Sending a multicast-DIO with rank 500
1223103885	ID:36	RPL: Sending a multicast-DIO with rank 475
1224482233	ID:33	RPL: Sending a multicast-DIO with rank 462
1225662099	ID:34	RPL: Sending a multicast-DIO with rank 506
1226123695	ID:35	RPL: Sending a multicast-DIO with rank 500
1228103885	ID:36	RPL: Sending a multicast-DIO with rank 475
1229482233	ID:33	RPL: Sending a multicast-DIO with rank 462
1230662099	ID:34	RPL: Sending a multicast-DIO with rank 506
1231123695	ID:35	RPL: Sending a multicast-DIO with rank 500
1233103885	ID:36	RPL: Sending a multicast-DIO with rank 475
1234482233	ID:33	RPL: Sending a multicast-DIO with rank 462
1235662099	ID:34	RPL: Sending a multicast-DIO with rank 506
1236123695	ID:35	RPL: Sending a multicast-DIO with rank 500
1238103885	ID:36	RPL: Sending a multicast-DIO with rank 475
1239482233	ID:33	RPL: Sending a multicast-DIO with rank 462
1240662099	ID:34	RPL: Sending a multicast-DIO with rank 506
1241123695	ID:35	RPL: Sending a multicast-DIO with rank 500
1243103885	ID:36	RPL: Sending a multicast-DIO with rank 475
1244482233	ID:33	RPL: Sending a multicast-DIO with rank 462
1245662099	ID:34	RPL: Sending a multicast-DIO with rank 506
1246123695	ID:35	RPL: Sending a multicast-DIO with rank 500
1248103885	ID:36	RPL: Sending a multicast-DIO with rank 475
1249482233	ID:33	RPL: Sending a multicast-DIO with rank 462
1250662099	ID:34	RPL: Sending a multicast-DIO with rank 506
1251123695	ID:35	RPL: Sending a multicast-DIO with rank 500
1253103885	ID:36	RPL: Sending a multicast-DIO with rank 475
1254482233	ID:33	RPL: Sending a multicast-DIO with rank 462
1255662099	ID:34	RPL: Sending a multicast-DIO with rank 506
1256123695	ID:35	RPL: Sending a multicast-DIO with rank 500
1258103885	ID:36	RPL: Sending a multicast-DIO with rank 475
1259482233	ID:33	RPL: Sending a multicast-DIO with rank 462
1260662099	ID:34	RPL: Sending a multicast-DIO with rank 506
1261123695	ID:35	RPL: Sending a multicast-DIO with rank 500
1262207541	ID:32	RPL: Sending a DIS to fe80::c30c:0:0:3
1263103885	ID:36	RPL: Sending a multicast-DIO with rank 475
1264482233	ID:33	RPL: Sending a multicast-DIO with rank 462
1265662099	ID:34	RPL: Sending a multicast-DIO with rank 506
1266123695	ID:35	RPL: Sending a multicast-DIO with rank 500
1268103885	ID:36	RPL: Sending a multicast-DIO with rank 475
1269482233	ID:33	RPL: Sending a multicast-DIO with rank 462
1270662099	ID:34	RPL: Sending a multicast-DIO with rank 506
1271123695	ID:35	RPL: Sending a multicast-DIO with rank 500
1273103885	ID:36	RPL: Sending a multicast-DIO with rank 475
1274482233	ID:33	RPL: Sending a multicast-DIO with rank 462
1275662099	ID:34	RPL: Sending a multicast-DIO with rank 506
1276123695	ID:35	RPL: Sending a multicast-DIO with rank 500
1278103885	ID:36	RPL: Sending a multicast-DIO with rank 475
1279482233	ID:33	RPL: Sending a multicast-DIO with rank 462
1280662099	ID:34	RPL: Sending a multicast-DIO with rank 506
1281123695	ID:35	RPL: Sending a multicast-DIO with rank 500
1283103885	ID:36	RPL: Sending a multicast-DIO with rank 475
1284482233	ID:33	RPL: Sending a multicast-DIO with rank 462
1285662099	ID:34	RPL: Sending a multicast-DIO with rank 506
1286123695	ID:35	RPL: Sending a multicast-DIO with rank 500
1288103885	ID:36	RPL: Sending a multicast-DIO with rank 475
1289482233	ID:33	RPL: Sending a multicast-DIO with rank 462
1290662099	ID:34	RPL: Sending a multicast-DIO with rank 506
1291123695	ID:35	RPL: Sending a multicast-DIO with rank 500
1293103885	ID:36	RPL: Sending a multicast-DIO with rank 475
1294482233	ID:33	RPL: Sending a multicast-DIO with rank 462
1295662099	ID:34	RPL: Sending a multicast-DIO with rank 506
1296123695	ID:35	RPL: Sending a multicast-DIO with rank 500
1298103885	ID:36	RPL: Sending a multicast-DIO with rank 475
1299482233	ID:33	RPL: Sending a multicast-DIO with rank 462
1300662099	ID:34	RPL: Sending a multicast-DIO with rank 506
1301123695	ID:35	RPL: Sending a multicast-DIO with rank 500
1303103885	ID:36	RPL: Sending a multicast-DIO with rank 475
1304482233	ID:33	RPL: Sending a multicast-DIO with rank 462
1305662099	ID:34	RPL: Sending a multicast-DIO with rank 506
1306123695	ID:35	RPL: Sending a multicast-DIO with rank 500
1308103885	ID:36	RPL: Sending a multicast-DIO with rank 475
1309482233	ID:33	RPL: Sending a multicast-DIO with rank 462
1310662099	ID:34	RPL: Sending a multicast-DIO with rank 506
1311123695	ID:35	RPL: Sending a multicast-DIO with rank 500
1313103885	ID:36	RPL: Sending a multicast-DIO with rank 475
1314482233	ID:33	RPL: Sending a multicast-DIO with rank 462
1315662099	ID:34	RPL: Sending a multicast-DIO with rank 506
1316123695	ID:35	RPL: Sending a multicast-DIO with rank 500
1318103885	ID:36	RPL: Sending a multicast-DIO with rank 475
1319482233	ID:33	RPL: Sending a multicast-DIO with rank 462
1320662099	ID:34	RPL: Sending a multicast-DIO with rank 506
1321123695	ID:35	RPL: Sending a multicast-DIO with rank 500
1322207541	ID:32	RPL: Sending a DIS to fe80::c30c:0:0:3
1323103885	ID:36	RPL: Sending a multicast-DIO with rank 475
1324482233	ID:33	RPL: Sending a multicast-DIO with rank 462
1325662099	ID:34	RPL: Sending a multicast-DIO with rank 506
1326123695	ID:35	RPL: Sending a multicast-DIO with rank 500
1328103885	ID:36	RPL: Sending a multicast-DIO with rank 475
1329482233	ID:33	RPL: Sending a multicast-DIO with rank 462
1330662099	ID:34	RPL: Sending a multicast-DIO with rank 506
1331123695	ID:35	RPL: Sending a multicast-DIO with rank 500
1333103885	ID:36	RPL: Sending a multicast-DIO with rank 475
1334482233	ID:33	RPL: Sending a multicast-DIO with rank 462
1335662099	ID:34	RPL: Sending a multicast-DIO with rank 506
1336123695	ID:35	RPL: Sending a multicast-DIO with rank 500
1338103885	ID:36	RPL: Sending a multicast-DIO with rank 475
1339482233	ID:33	RPL: Sending a multicast-DIO with rank 462
1340662099	ID:34	RPL: Sending a multicast-DIO with rank 506
1341123695	ID:35	RPL: Sending a multicast-DIO with rank 500
1343103885	ID:36	RPL: Sending a multicast-DIO with rank 475
1344482233	ID:33	RPL: Sending a multicast-DIO with rank 462
1345662099	ID:34	RPL: Sending a multicast-DIO with rank 506
1346123695	ID:35	RPL: Sending a multicast-DIO with rank 500
1348103885	ID:36	RPL: Sending a multicast-DIO with rank 475
1349482233	ID:33	RPL: Sending a multicast-DIO with rank 462
1350662099	ID:34	RPL: Sending a multicast-DIO with rank 506
1351123695	ID:35	RPL: Sending a multicast-DIO with rank 500
1353103885	ID:36	RPL: Sending a multicast-DIO with rank 475
1354482233	ID:33	RPL: Sending a multicast-DIO with rank 462
1355662099	ID:34	RPL: Sending a multicast-DIO with rank 506
1356123695	ID:35	RPL: Sending a multicast-DIO with rank 500
1358103885	ID:36	RPL: Sending a multicast-DIO with rank 475
1359482233	ID:33	RPL: Sending a multicast-DIO with rank 462
1360662099	ID:34	RPL: Sending a multicast-DIO with rank 506
1361123695	ID:35	RPL: Sending a multicast-DIO with rank 500
1363103885	ID:36	RPL: Sending a multicast-DIO with rank 475
1364482233	ID:33	RPL: Sending a multicast-DIO with rank 462
1365662099	ID:34	RPL: Sending a multicast-DIO with rank 506
1366123695	ID:35	RPL: Sending a multicast-DIO with rank 500
1368103885	ID:36	RPL: Sending a multicast-DIO with rank 475
1369482233	ID:33	RPL: Sending a multicast-DIO with rank 462
1370662099	ID:34	RPL: Sending a multicast-DIO with rank 506
1371123695	ID:35	RPL: Sending a multicast-DIO with rank 500
1373103885	ID:36	RPL: Sending a multicast-DIO with rank 475
1374482233	ID:33	RPL: Sending a multicast-DIO with rank 462
1375662099	ID:34	RPL: Sending a multicast-DIO with rank 506
1376123695	ID:35	RPL: Sending a multicast-DIO with rank 500
1378103885	ID:36	RPL: Sending a multicast-DIO with rank 475
1379482233	ID:33	RPL: Sending a multicast-DIO with rank 462
1380662099	ID:34	RPL: Sending a multicast-DIO with rank 506
1381123695	ID:35	RPL: Sending a multicast-DIO with rank 500
1382207541	ID:32	RPL: Sending a DIS to fe80::c30c:0:0:3
1383103885	ID:36	RPL: Sending a multicast-DIO with rank 475
1384482233	ID:33	RPL: Sending a multicast-DIO with rank 462
1385662099	ID:34	RPL: Sending a multicast-DIO with rank 506
1386123695	ID:35	RPL: Sending a multicast-DIO with rank 500
1388103885	ID:36	RPL: Sending a multicast-DIO with rank 475
1389482233	ID:33	RPL: Sending a multicast-DIO with rank 462
1390662099	ID:34	RPL: Sending a multicast-DIO with rank 506
1391123695	ID:35	RPL: Sending a multicast-DIO with rank 500
1393103885	ID:36	RPL: Sending a multicast-DIO with rank 475
1394482233	ID:33	RPL: Sending a multicast-DIO with rank 462
1395662099	ID:34	RPL: Sending a multicast-DIO with rank 506
1396123695	ID:35	RPL: Sending a multicast-DIO with rank 500
1398103885	ID:36	RPL: Sending a multicast-DIO with rank 475
1399482233	ID:33	RPL: Sending a multicast-DIO with rank 462
1400662099	ID:34	RPL: Sending a multicast-DIO with rank 506
1401123695	ID:35	RPL: Sending a multicast-DIO with rank 500
1403103885	ID:36	RPL: Sending a multicast-DIO with rank 475
1404482233	ID:33	RPL: Sending a multicast-DIO with rank 462
1405662099	ID:34	RPL: Sending a multicast-DIO with rank 506
1406123695	ID:35	RPL: Sending a multicast-DIO with rank 500
1408103885	ID:36	RPL: Sending a multicast-DIO with rank 475
1409482233	ID:33	RPL: Sending a multicast-DIO with rank 462
1410662099	ID:34	RPL: Sending a multicast-DIO with rank 506
1411123695	ID:35	RPL: Sending a multicast-DIO with rank 500
1413103885	ID:36	RPL: Sending a multicast-DIO with rank 475
1414482233	ID:33	RPL: Sending a multicast-DIO with rank 462
1415662099	ID:34	RPL: Sending a multicast-DIO with rank 506
1416123695	ID:35	RPL: Sending a multicast-DIO with rank 500
1418103885	ID:36	RPL: Sending a multicast-DIO with rank 475
1419482233	ID:33	RPL: Sending a multicast-DIO with rank 462
1420662099	ID:34	RPL: Sending a multicast-DIO with rank 506
1421123695	ID:35	RPL: Sending a multicast-DIO with rank 500
1423103885	ID:36	RPL: Sending a multicast-DIO with rank 475
1424482233	ID:33	RPL: Sending a multicast-DIO with rank 462
1425662099	ID:34	RPL: Sending a multicast-DIO with rank 506
1426123695	ID:35	RPL: Sending a multicast-DIO with rank 500
1428103885	ID:36	RPL: Sending a multicast-DIO with rank 475
1429482233	ID:33	RPL: Sending a multicast-DIO with rank 462
1430662099	ID:34	RPL: Sending a multicast-DIO with rank 506
1431123695	ID:35	RPL: Sending a multicast-DIO with rank 500
1433103885	ID:36	RPL: Sending a multicast-DIO with rank 475
1434482233	ID:33	RPL: Sending a multicast-DIO with rank 462
1435662106	ID:34	RPL: Sending a multicast-DIO with rank 506
1436123695	ID:35	RPL: Sending a multicast-DIO with rank 500
1438103885	ID:36	RPL: Sending a multicast-DIO with rank 475
1439482233	ID:33	RPL: Sending a multicast-DIO with rank 462
1440662099	ID:34	RPL: Sending a multicast-DIO with rank 506
1441123695	ID:35	RPL: Sending a multicast-DIO with rank 500
1442207541	ID:32	RPL: Sending a DIS to fe80::c30c:0:0:3
1443103885	ID:36	RPL: Sending a multicast-DIO with rank 475
1444482233	ID:33	RPL: Sending a multicast-DIO with rank 462
1445662099	ID:34	RPL: Sending a multicast-DIO with rank 506
1446123695	ID:35	RPL: Sending a multicast-DIO with rank 500
1448103885	ID:36	RPL: Sending a multicast-DIO with rank 475
1449482233	ID:33	RPL: Sending a multicast-DIO with rank 462
1450662099	ID:34	RPL: Sending a multicast-DIO with rank 506
1451123695	ID:35	RPL: Sending a multicast-DIO with rank 500
1453103885	ID:36	RPL: Sending a multicast-DIO with rank 475
1454482233	ID:33	RPL: Sending a multicast-DIO with rank 462
1455662099	ID:34	RPL: Sending a multicast-DIO with rank 506
1456123695	ID:35	RPL: Sending a multicast-DIO with rank 500
1458103885	ID:36	RPL: Sending a multicast-DIO with rank 475
1459482240	ID:33	RPL: Sending a multicast-DIO with rank 462
1460662099	ID:34	RPL: Sending a multicast-DIO with rank 506
1461123695	ID:35	RPL: Sending a multicast-DIO with rank 500
1463103885	ID:36	RPL: Sending a multicast-DIO with rank 475
1464482233	ID:33	RPL: Sending a multicast-DIO with rank 462
1465662099	ID:34	RPL: Sending a multicast-DIO with rank 506
1466123695	ID:35	RPL: Sending a multicast-DIO with rank 500
1468103885	ID:36	RPL: Sending a multicast-DIO with rank 475
1469482233	ID:33	RPL: Sending a multicast-DIO with rank 462
1470662099	ID:34	RPL: Sending a multicast-DIO with rank 506
1471123695	ID:35	RPL: Sending a multicast-DIO with rank 500
1473103885	ID:36	RPL: Sending a multicast-DIO with rank 475
1474482233	ID:33	RPL: Sending a multicast-DIO with rank 462
1475662099	ID:34	RPL: Sending a multicast-DIO with rank 506
1476123695	ID:35	RPL: Sending a multicast-DIO with rank 500
1478103885	ID:36	RPL: Sending a multicast-DIO with rank 475
1479482233	ID:33	RPL: Sending a multicast-DIO with rank 462
1480662099	ID:34	RPL: Sending a multicast-DIO with rank 506
1481123695	ID:35	RPL: Sending a multicast-DIO with rank 500
1483103885	ID:36	RPL: Sending a multicast-DIO with rank 475
1484482233	ID:33	RPL: Sending a multicast-DIO with rank 462
1485662099	ID:34	RPL: Sending a multicast-DIO with rank 506
1486123695	ID:35	RPL: Sending a multicast-DIO with rank 500
1488103885	ID:36	RPL: Sending a multicast-DIO with rank 475
1489482233	ID:33	RPL: Sending a multicast-DIO with rank 462
1490662099	ID:34	RPL: Sending a multicast-DIO with rank 506
1491123702	ID:35	RPL: Sending a multicast-DIO with rank 500
1493103885	ID:36	RPL: Sending a multicast-DIO with rank 475
1494482233	ID:33	RPL: Sending a multicast-DIO with rank 462
1495662099	ID:34	RPL: Sending a multicast-DIO with rank 506
1496123695	ID:35	RPL: Sending a multicast-DIO with rank 500
1498103885	ID:36	RPL: Sending a multicast-DIO with rank 475
1499482233	ID:33	RPL: Sending a multicast-DIO with rank 462
1500662099	ID:34	RPL: Sending a multicast-DIO with rank 506
1501123695	ID:35	RPL: Sending a multicast-DIO with rank 500
1502207541	ID:32	RPL: Sending a DIS to fe80::c30c:0:0:3
1503103885	ID:36	RPL: Sending a multicast-DIO with rank 475
1504482233	ID:33	RPL: Sending a multicast-DIO with rank 462
1505662099	ID:34	RPL: Sending a multicast-DIO with rank 506
1506123695	ID:35	RPL: Sending a multicast-DIO with rank 500
1508103885	ID:36	RPL: Sending a multicast-DIO with rank 475
1509482233	ID:33	RPL: Sending a multicast-DIO with rank 462
1510662099	ID:34	RPL: Sending a multicast-DIO with rank 506
1511123695	ID:35	RPL: Sending a multicast-DIO with rank 500
1513103885	ID:36	RPL: Sending a multicast-DIO with rank 475
1514482233	ID:33	RPL: Sending a multicast-DIO with rank 462
1515662099	ID:34	RPL: Sending a multicast-DIO with rank 506
1516123695	ID:35	RPL: Sending a multicast-DIO with rank 500
1518103885	ID:36	RPL: Sending a multicast-DIO with rank 475
1519482233	ID:33	RPL: Sending a multicast-DIO with rank 462
1520662099	ID:34	RPL: Sending a multicast-DIO with rank 506
1521123695	ID:35	RPL: Sending a multicast-DIO with rank 500
1523103885	ID:36	RPL: Sending a multicast-DIO with rank 475
1524482233	ID:33	RPL: Sending a multicast-DIO with rank 462
1525662099	ID:34	RPL: Sending a multicast-DIO with rank 506
1526123695	ID:35	RPL: Sending a multicast-DIO with rank 500
1528103885	ID:36	RPL: Sending a multicast-DIO with rank 475
1529482233	ID:33	RPL: Sending a multicast-DIO with rank 462
1530662099	ID:34	RPL: Sending a multicast-DIO with rank 506
1531123695	ID:35	RPL: Sending a multicast-DIO with rank 500
1533103892	ID:36	RPL: Sending a multicast-DIO with rank 475
1534482233	ID:33	RPL: Sending a multicast-DIO with rank 462
1535662099	ID:34	RPL: Sending a multicast-DIO with rank 506
1536123695	ID:35	RPL: Sending a multicast-DIO with rank 500
1538103885	ID:36	RPL: Sending a multicast-DIO with rank 475
1539482233	ID:33	RPL: Sending a multicast-DIO with rank 462
1540662099	ID:34	RPL: Sending a multicast-DIO with rank 506
1541123695	ID:35	RPL: Sending a multicast-DIO with rank 500
1543103885	ID:36	RPL: Sending a multicast-DIO with rank 475
1544482233	ID:33	RPL: Sending a multicast-DIO with rank 462
1545662099	ID:34	RPL: Sending a multicast-DIO with rank 506
1546123695	ID:35	RPL: Sending a multicast-DIO with rank 500
1548103885	ID:36	RPL: Sending a multicast-DIO with rank 475
1549482233	ID:33	RPL: Sending a multicast-DIO with rank 462
1550662099	ID:34	RPL: Sending a multicast-DIO with rank 506
1551123695	ID:35	RPL: Sending a multicast-DIO with rank 500
1553103885	ID:36	RPL: Sending a multicast-DIO with rank 475
1554482233	ID:33	RPL: Sending a multicast-DIO with rank 462
1555662099	ID:34	RPL: Sending a multicast-DIO with rank 506
1556123695	ID:35	RPL: Sending a multicast-DIO with rank 500
1558103885	ID:36	RPL: Sending a multicast-DIO with rank 475
1559482233	ID:33	RPL: Sending a multicast-DIO with rank 462
1560662099	ID:34	RPL: Sending a multicast-DIO with rank 506
1561123695	ID:35	RPL: Sending a multicast-DIO with rank 500
1562208261	ID:32	RPL: Sending a DIS to fe80::c30c:0:0:3
1563103885	ID:36	RPL: Sending a multicast-DIO with rank 475
1564482233	ID:33	RPL: Sending a multicast-DIO with rank 462
1565662099	ID:34	RPL: Sending a multicast-DIO with rank 506
1566123695	ID:35	RPL: Sending a multicast-DIO with rank 500
1568103885	ID:36	RPL: Sending a multicast-DIO with rank 475
1569482233	ID:33	RPL: Sending a multicast-DIO with rank 462
1570662099	ID:34	RPL: Sending a multicast-DIO with rank 506
1571123695	ID:35	RPL: Sending a multicast-DIO with rank 500
1573103885	ID:36	RPL: Sending a multicast-DIO with rank 475
1574482233	ID:33	RPL: Sending a multicast-DIO with rank 462
1575662099	ID:34	RPL: Sending a multicast-DIO with rank 506
1576123695	ID:35	RPL: Sending a multicast-DIO with rank 500
1578103885	ID:36	RPL: Sending a multicast-DIO with rank 475
1579482233	ID:33	RPL: Sending a multicast-DIO with rank 462
1580662099	ID:34	RPL: Sending a multicast-DIO with rank 506
1581123695	ID:35	RPL: Sending a multicast-DIO with rank 500
1583103885	ID:36	RPL: Sending a multicast-DIO with rank 475
1584482233	ID:33	RPL: Sending a multicast-DIO with rank 462
1585662099	ID:34	RPL: Sending a multicast-DIO with rank 506
1586123695	ID:35	RPL: Sending a multicast-DIO with rank 500
1588103885	ID:36	RPL: Sending a multicast-DIO with rank 475
1589482233	ID:33	RPL: Sending a multicast-DIO with rank 462
1590662099	ID:34	RPL: Sending a multicast-DIO with rank 506
1591123695	ID:35	RPL: Sending a multicast-DIO with rank 500
1593103885	ID:36	RPL: Sending a multicast-DIO with rank 475
1594482233	ID:33	RPL: Sending a multicast-DIO with rank 462
1595662099	ID:34	RPL: Sending a multicast-DIO with rank 506
1596123695	ID:35	RPL: Sending a multicast-DIO with rank 500
1598103885	ID:36	RPL: Sending a multicast-DIO with rank 475
1599482233	ID:33	RPL: Sending a multicast-DIO with rank 462
1600662099	ID:34	RPL: Sending a multicast-DIO with rank 506
1601123695	ID:35	RPL: Sending a multicast-DIO with rank 500
1603103885	ID:36	RPL: Sending a multicast-DIO with rank 475
1604482233	ID:33	RPL: Sending a multicast-DIO with rank 462
1605662099	ID:34	RPL: Sending a multicast-DIO with rank 506
1606123695	ID:35	RPL: Sending a multicast-DIO with rank 500
1608103885	ID:36	RPL: Sending a multicast-DIO with rank 475
1609482233	ID:33	RPL: Sending a multicast-DIO with rank 462
1610662099	ID:34	RPL: Sending a multicast-DIO with rank 506
1611123695	ID:35	RPL: Sending a multicast-DIO with rank 500
1613103885	ID:36	RPL: Sending a multicast-DIO with rank 475
1614482233	ID:33	RPL: Sending a multicast-DIO with rank 462
1615662099	ID:34	RPL: Sending a multicast-DIO with rank 506
1616123695	ID:35	RPL: Sending a multicast-DIO with rank 500
1618103885	ID:36	RPL: Sending a multicast-DIO with rank 475
1619482233	ID:33	RPL: Sending a multicast-DIO with rank 462
1620662099	ID:34	RPL: Sending a multicast-DIO with rank 506
1621123695	ID:35	RPL: Sending a multicast-DIO with rank 500
1622207541	ID:32	RPL: Sending a DIS to fe80::c30c:0:0:3
1623103885	ID:36	RPL: Sending a multicast-DIO with rank 475
1624482233	ID:33	RPL: Sending a multicast-DIO with rank 462
1625662099	ID:34	RPL: Sending a multicast-DIO with rank 506
1626123695	ID:35	RPL: Sending a multicast-DIO with rank 500
1628103885	ID:36	RPL: Sending a multicast-DIO with rank 475
1629482233	ID:33	RPL: Sending a multicast-DIO with rank 462
1630662099	ID:34	RPL: Sending a multicast-DIO with rank 506
1631123695	ID:35	RPL: Sending a multicast-DIO with rank 500
1633103885	ID:36	RPL: Sending a multicast-DIO with rank 475
1634482233	ID:33	RPL: Sending a multicast-DIO with rank 462
1635662099	ID:34	RPL: Sending a multicast-DIO with rank 506
1636123695	ID:35	RPL: Sending a multicast-DIO with rank 500
1638103885	ID:36	RPL: Sending a multicast-DIO with rank 475
1639482233	ID:33	RPL: Sending a multicast-DIO with rank 462
1640662099	ID:34	RPL: Sending a multicast-DIO with rank 506
1641123695	ID:35	RPL: Sending a multicast-DIO with rank 500
1643103885	ID:36	RPL: Sending a multicast-DIO with rank 475
1644482233	ID:33	RPL: Sending a multicast-DIO with rank 462
1645662099	ID:34	RPL: Sending a multicast-DIO with rank 506
1646123695	ID:35	RPL: Sending a multicast-DIO with rank 500
1648103885	ID:36	RPL: Sending a multicast-DIO with rank 475
1649482233	ID:33	RPL: Sending a multicast-DIO with rank 462
1650662099	ID:34	RPL: Sending a multicast-DIO with rank 506
1651123695	ID:35	RPL: Sending a multicast-DIO with rank 500
1653103885	ID:36	RPL: Sending a multicast-DIO with rank 475
1654482233	ID:33	RPL: Sending a multicast-DIO with rank 462
1655662099	ID:34	RPL: Sending a multicast-DIO with rank 506
1656123695	ID:35	RPL: Sending a multicast-DIO with rank 500
1658103885	ID:36	RPL: Sending a multicast-DIO with rank 475
1659482233	ID:33	RPL: Sending a multicast-DIO with rank 462
1660662099	ID:34	RPL: Sending a multicast-DIO with rank 506
1661123695	ID:35	RPL: Sending a multicast-DIO with rank 500
1663103885	ID:36	RPL: Sending a multicast-DIO with rank 475
1664482233	ID:33	RPL: Sending a multicast-DIO with rank 462
1665662099	ID:34	RPL: Sending a multicast-DIO with rank 506
1666123695	ID:35	RPL: Sending a multicast-DIO with rank 500
1668103885	ID:36	RPL: Sending a multicast-DIO with rank 475
1669482233	ID:33	RPL: Sending a multicast-DIO with rank 462
1670662099	ID:34	RPL: Sending a multicast-DIO with rank 506
1671123695	ID:35	RPL: Sending a multicast-DIO with rank 500
1673103885	ID:36	RPL: Sending a multicast-DIO with rank 475
1674482233	ID:33	RPL: Sending a multicast-DIO with rank 462
1675662099	ID:34	RPL: Sending a multicast-DIO with rank 506
1676123695	ID:35	RPL: Sending a multicast-DIO with rank 500
1678103885	ID:36	RPL: Sending a multicast-DIO with rank 475
1679482233	ID:33	RPL: Sending a multicast-DIO with rank 462
1680662099	ID:34	RPL: Sending a multicast-DIO with rank 506
1681123695	ID:35	RPL: Sending a multicast-DIO with rank 500
1682207541	ID:32	RPL: Sending a DIS to fe80::c30c:0:0:3
1683103885	ID:36	RPL: Sending a multicast-DIO with rank 475
1684482233	ID:33	RPL: Sending a multicast-DIO with rank 462
1685662099	ID:34	RPL: Sending a multicast-DIO with rank 506
1686123695	ID:35	RPL: Sending a multicast-DIO with rank 500
1688103885	ID:36	RPL: Sending a multicast-DIO with rank 475
1689482233	ID:33	RPL: Sending a multicast-DIO with rank 462
1690662099	ID:34	RPL: Sending a multicast-DIO with rank 506
1691123695	ID:35	RPL: Sending a multicast-DIO with rank 500
1693103885	ID:36	RPL: Sending a multicast-DIO with rank 475
1694482233	ID:33	RPL: Sending a multicast-DIO with rank 462
1695662099	ID:34	RPL: Sending a multicast-DIO with rank 506
1696123695	ID:35	RPL: Sending a multicast-DIO with rank 500
1698103885	ID:36	RPL: Sending a multicast-DIO with rank 475
1699482233	ID:33	RPL: Sending a multicast-DIO with rank 462
1700662099	ID:34	RPL: Sending a multicast-DIO with rank 506
1701123695	ID:35	RPL: Sending a multicast-DIO with rank 500
1703103885	ID:36	RPL: Sending a multicast-DIO with rank 475
1704482233	ID:33	RPL: Sending a multicast-DIO with rank 462
1705662099	ID:34	RPL: Sending a multicast-DIO with rank 506
1706123695	ID:35	RPL: Sending a multicast-DIO with rank 500
1708103885	ID:36	RPL: Sending a multicast-DIO with rank 475
1709482233	ID:33	RPL: Sending a multicast-DIO with rank 462
1710662099	ID:34	RPL: Sending a multicast-DIO with rank 506
1711123695	ID:35	RPL: Sending a multicast-DIO with rank 500
1713103885	ID:36	RPL: Sending a multicast-DIO with rank 475
1714482233	ID:33	RPL: Sending a multicast-DIO with rank 462
1715662099	ID:34	RPL: Sending a multicast-DIO with rank 506
1716123695	ID:35	RPL: Sending a multicast-DIO with rank 500
1718103885	ID:36	RPL: Sending a multicast-DIO with rank 475
1719482233	ID:33	RPL: Sending a multicast-DIO with rank 462
1720662099	ID:34	RPL: Sending a multicast-DIO with rank 506
1721123695	ID:35	RPL: Sending a multicast-DIO with rank 500
1723103885	ID:36	RPL: Sending a multicast-DIO with rank 475
1724482233	ID:33	RPL: Sending a multicast-DIO with rank 462
1725662099	ID:34	RPL: Sending a multicast-DIO with rank 506
1726123695	ID:35	RPL: Sending a multicast-DIO with rank 500
1728103885	ID:36	RPL: Sending a multicast-DIO with rank 475
1729482233	ID:33	RPL: Sending a multicast-DIO with rank 462
1730662099	ID:34	RPL: Sending a multicast-DIO with rank 506
1731123695	ID:35	RPL: Sending a multicast-DIO with rank 500
1733103885	ID:36	RPL: Sending a multicast-DIO with rank 475
1734482233	ID:33	RPL: Sending a multicast-DIO with rank 462
1735662099	ID:34	RPL: Sending a multicast-DIO with rank 506
1736123695	ID:35	RPL: Sending a multicast-DIO with rank 500
1738103885	ID:36	RPL: Sending a multicast-DIO with rank 475
1739482233	ID:33	RPL: Sending a multicast-DIO with rank 462
1740662099	ID:34	RPL: Sending a multicast-DIO with rank 506
1741123695	ID:35	RPL: Sending a multicast-DIO with rank 500
1742207541	ID:32	RPL: Sending a DIS to fe80::c30c:0:0:3
1743103885	ID:36	RPL: Sending a multicast-DIO with rank 475
1744482233	ID:33	RPL: Sending a multicast-DIO with rank 462
1745662099	ID:34	RPL: Sending a multicast-DIO with rank 506
1746123695	ID:35	RPL: Sending a multicast-DIO with rank 500
1748103885	ID:36	RPL: Sending a multicast-DIO with rank 475
1749482233	ID:33	RPL: Sending a multicast-DIO with rank 462
1750662099	ID:34	RPL: Sending a multicast-DIO with rank 506
1751123695	ID:35	RPL: Sending a multicast-DIO with rank 500
1753103885	ID:36	RPL: Sending a multicast-DIO with rank 475
1754482233	ID:33	RPL: Sending a multicast-DIO with rank 462
1755662099	ID:34	RPL: Sending a multicast-DIO with rank 506
1756123695	ID:35	RPL: Sending a multicast-DIO with rank 500
1758103885	ID:36	RPL: Sending a multicast-DIO with rank 475
1759482233	ID:33	RPL: Sending a multicast-DIO with rank 462
1760662099	ID:34	RPL: Sending a multicast-DIO with rank 506
1761123695	ID:35	RPL: Sending a multicast-DIO with rank 500
1763103885	ID:36	RPL: Sending a multicast-DIO with rank 475
1764482233	ID:33	RPL: Sending a multicast-DIO with rank 462
1765662099	ID:34	RPL: Sending a multicast-DIO with rank 506
1766123695	ID:35	RPL: Sending a multicast-DIO with rank 500
1768103885	ID:36	RPL: Sending a multicast-DIO with rank 475
1769482233	ID:33	RPL: Sending a multicast-DIO with rank 462
1770662099	ID:34	RPL: Sending a multicast-DIO with rank 506
1771123695	ID:35	RPL: Sending a multicast-DIO with rank 500
1773103885	ID:36	RPL: Sending a multicast-DIO with rank 475
1774482233	ID:33	RPL: Sending a multicast-DIO with rank 462
1775662099	ID:34	RPL: Sending a multicast-DIO with rank 506
1776123695	ID:35	RPL: Sending a multicast-DIO with rank 500
1778103885	ID:36	RPL: Sending a multicast-DIO with rank 475
1779482233	ID:33	RPL: Sending a multicast-DIO with rank 462
1780662099	ID:34	RPL: Sending a multicast-DIO with rank 506
1781123695	ID:35	RPL: Sending a multicast-DIO with rank 500
1783103885	ID:36	RPL: Sending a multicast-DIO with rank 475
1784482233	ID:33	RPL: Sending a multicast-DIO with rank 462
1785662099	ID:34	RPL: Sending a multicast-DIO with rank 506
1786123695	ID:35	RPL: Sending a multicast-DIO with rank 500
1788103885	ID:36	RPL: Sending a multicast-DIO with rank 475
1789482233	ID:33	RPL: Sending a multicast-DIO with rank 462
1790662148	ID:34	RPL: Sending a multicast-DIO with rank 506
1791123695	ID:35	RPL: Sending a multicast-DIO with rank 500
1793103885	ID:36	RPL: Sending a multicast-DIO with rank 475
1794482233	ID:33	RPL: Sending a multicast-DIO with rank 462
1795662099	ID:34	RPL: Sending a multicast-DIO with rank 506
1796123695	ID:35	RPL: Sending a multicast-DIO with rank 500
1798103885	ID:36	RPL: Sending a multicast-DIO with rank 475
1799482233	ID:33	RPL: Sending a multicast-DIO with rank 462
