30305023	ID:33	RPL: Sending a DIS to fe80::c30c:0:0:2
30364628	ID:36	RPL: Sending a DIS to fe80::c30c:0:0:8
30733499	ID:35	RPL: Sending a DIS to fe80::c30c:0:0:7
30754411	ID:32	RPL: Sending a DIS to fe80::c30c:0:0:3
30968203	ID:34	RPL: Sending a DIS to fe80::c30c:0:0:6
31373744	ID:34	RPL: Received a DIO from fe80::c30c:0:0:6
31377514	ID:34	RPL: Incoming DIO (id, ver, rank) = (30,240,574)
31382012	ID:34	RPL: Incoming DIO (dag_id, pref) = (fd00::ff:fe00:1, 0)
31384263	ID:34	RPL: DIO option 4, length: 14
31390320	ID:34	RPL: DAG conf:dbl=8, min=12 red=10 maxinc=896 mininc=128 ocp=1 d_l=10 l_u=60
31392546	ID:34	RPL: DIO option 8, length: 30
31394815	ID:34	RPL: Copying prefix information
31402176	ID:34	RPL: Neighbor added to neighbor cache fe80::c30c:0:0:6, c1:0c:00:00:00:00:00:06
35653734	ID:36	RPL: Received a DIO from fe80::c30c:0:0:8
35657504	ID:36	RPL: Incoming DIO (id, ver, rank) = (30,240,678)
35662002	ID:36	RPL: Incoming DIO (dag_id, pref) = (fd00::ff:fe00:1, 0)
35664245	ID:36	RPL: DIO option 4, length: 14
35670265	ID:36	RPL: DAG conf:dbl=8, min=12 red=10 maxinc=896 mininc=128 ocp=1 d_l=10 l_u=60
35672491	ID:36	RPL: DIO option 8, length: 30
35674759	ID:36	RPL: Copying prefix information
35684473	ID:36	RPL: Neighbor added to neighbor cache fe80::c30c:0:0:8, c1:0c:00:00:00:00:00:08
36402115	ID:34	RPL: Sending a multicast-DIO with rank 574
40691358	ID:36	RPL: Sending a multicast-DIO with rank 678
41402094	ID:34	RPL: Sending a multicast-DIO with rank 574
45691337	ID:36	RPL: Sending a multicast-DIO with rank 678
46402094	ID:34	RPL: Sending a multicast-DIO with rank 574
50691337	ID:36	RPL: Sending a multicast-DIO with rank 678
51402094	ID:34	RPL: Sending a multicast-DIO with rank 574
55691337	ID:36	RPL: Sending a multicast-DIO with rank 678
56402094	ID:34	RPL: Sending a multicast-DIO with rank 574
60341823	ID:33	RPL: Received a DIO from fe80::c30c:0:0:2
60345593	ID:33	RPL: Incoming DIO (id, ver, rank) = (30,240,299)
60350092	ID:33	RPL: Incoming DIO (dag_id, pref) = (fd00::ff:fe00:1, 0)
60352356	ID:33	RPL: DIO option 4, length: 14
60358375	ID:33	RPL: DAG conf:dbl=8, min=12 red=10 maxinc=896 mininc=128 ocp=1 d_l=10 l_u=60
60360601	ID:33	RPL: DIO option 8, length: 30
60362870	ID:33	RPL: Copying prefix information
60373189	ID:33	RPL: Neighbor added to neighbor cache fe80::c30c:0:0:2, c1:0c:00:00:00:00:00:02
60691337	ID:36	RPL: Sending a multicast-DIO with rank 678
61296690	ID:32	RPL: Received a DIO from fe80::c30c:0:0:3
61300459	ID:32	RPL: Incoming DIO (id, ver, rank) = (30,240,568)
61304961	ID:32	RPL: Incoming DIO (dag_id, pref) = (fd00::ff:fe00:1, 0)
61307186	ID:32	RPL: DIO option 4, length: 14
61313244	ID:32	RPL: DAG conf:dbl=8, min=12 red=10 maxinc=896 mininc=128 ocp=1 d_l=10 l_u=60
61315470	ID:32	RPL: DIO option 8, length: 30
61317739	ID:32	RPL: Copying prefix information
61328791	ID:32	RPL: Neighbor added to neighbor cache fe80::c30c:0:0:3, c1:0c:00:00:00:00:00:03
61402094	ID:34	RPL: Sending a multicast-DIO with rank 574
62516532	ID:35	RPL: Sending a DIS to fe80::c30c:0:0:7
65378949	ID:33	RPL: Sending a multicast-DIO with rank 299
65691337	ID:36	RPL: Sending a multicast-DIO with rank 678
66338953	ID:32	RPL: Sending a multicast-DIO with rank 568
66402094	ID:34	RPL: Sending a multicast-DIO with rank 574
70378928	ID:33	RPL: Sending a multicast-DIO with rank 299
70691337	ID:36	RPL: Sending a multicast-DIO with rank 678
71338932	ID:32	RPL: Sending a multicast-DIO with rank 568
71402094	ID:34	RPL: Sending a multicast-DIO with rank 574
75378928	ID:33	RPL: Sending a multicast-DIO with rank 299
75691337	ID:36	RPL: Sending a multicast-DIO with rank 678
76338932	ID:32	RPL: Sending a multicast-DIO with rank 568
76402094	ID:34	RPL: Sending a multicast-DIO with rank 574
80378928	ID:33	RPL: Sending a multicast-DIO with rank 299
80691337	ID:36	RPL: Sending a multicast-DIO with rank 678
81338932	ID:32	RPL: Sending a multicast-DIO with rank 568
81402094	ID:34	RPL: Sending a multicast-DIO with rank 574
85378928	ID:33	RPL: Sending a multicast-DIO with rank 299
85691337	ID:36	RPL: Sending a multicast-DIO with rank 678
86338932	ID:32	RPL: Sending a multicast-DIO with rank 568
86402094	ID:34	RPL: Sending a multicast-DIO with rank 574
90378915	ID:33	RPL: Sending a multicast-DIO with rank 299
90691324	ID:36	RPL: Sending a multicast-DIO with rank 678
91338920	ID:32	RPL: Sending a multicast-DIO with rank 568
91402081	ID:34	RPL: Sending a multicast-DIO with rank 574
95378915	ID:33	RPL: Sending a multicast-DIO with rank 299
95691324	ID:36	RPL: Sending a multicast-DIO with rank 678
96338920	ID:32	RPL: Sending a multicast-DIO with rank 568
96402081	ID:34	RPL: Sending a multicast-DIO with rank 574
100378915	ID:33	RPL: Sending a multicast-DIO with rank 299
100691324	ID:36	RPL: Sending a multicast-DIO with rank 678
101338920	ID:32	RPL: Sending a multicast-DIO with rank 568
101402081	ID:34	RPL: Sending a multicast-DIO with rank 574
105378915	ID:33	RPL: Sending a multicast-DIO with rank 299
105691324	ID:36	RPL: Sending a multicast-DIO with rank 678
106338920	ID:32	RPL: Sending a multicast-DIO with rank 568
106402081	ID:34	RPL: Sending a multicast-DIO with rank 574
110378915	ID:33	RPL: Sending a multicast-DIO with rank 299
110691324	ID:36	RPL: Sending a multicast-DIO with rank 678
111338920	ID:32	RPL: Sending a multicast-DIO with rank 568
111402081	ID:34	RPL: Sending a multicast-DIO with rank 574
115378915	ID:33	RPL: Sending a multicast-DIO with rank 299
115691324	ID:36	RPL: Sending a multicast-DIO with rank 678
116338920	ID:32	RPL: Sending a multicast-DIO with rank 568
116402081	ID:34	RPL: Sending a multicast-DIO with rank 574
120378915	ID:33	RPL: Sending a multicast-DIO with rank 299
120691324	ID:36	RPL: Sending a multicast-DIO with rank 678
121338920	ID:32	RPL: Sending a multicast-DIO with rank 568
121402081	ID:34	RPL: Sending a multicast-DIO with rank 574
122516317	ID:35	RPL: Sending a DIS to fe80::c30c:0:0:7
125378915	ID:33	RPL: Sending a multicast-DIO with rank 299
125691324	ID:36	RPL: Sending a multicast-DIO with rank 678
126338920	ID:32	RPL: Sending a multicast-DIO with rank 568
126402081	ID:34	RPL: Sending a multicast-DIO with rank 574
130378915	ID:33	RPL: Sending a multicast-DIO with rank 299
130691324	ID:36	RPL: Sending a multicast-DIO with rank 678
131338920	ID:32	RPL: Sending a multicast-DIO with rank 568
131402081	ID:34	RPL: Sending a multicast-DIO with rank 574
135378915	ID:33	RPL: Sending a multicast-DIO with rank 299
135691324	ID:36	RPL: Sending a multicast-DIO with rank 678
136338920	ID:32	RPL: Sending a multicast-DIO with rank 568
136402081	ID:34	RPL: Sending a multicast-DIO with rank 574
140378915	ID:33	RPL: Sending a multicast-DIO with rank 299
140691324	ID:36	RPL: Sending a multicast-DIO with rank 678
141338920	ID:32	RPL: Sending a multicast-DIO with rank 568
141402081	ID:34	RPL: Sending a multicast-DIO with rank 574
145378915	ID:33	RPL: Sending a multicast-DIO with rank 299
145691324	ID:36	RPL: Sending a multicast-DIO with rank 678
146338920	ID:32	RPL: Sending a multicast-DIO with rank 568
146402081	ID:34	RPL: Sending a multicast-DIO with rank 574
150378915	ID:33	RPL: Sending a multicast-DIO with rank 299
150691324	ID:36	RPL: Sending a multicast-DIO with rank 678
151338920	ID:32	RPL: Sending a multicast-DIO with rank 568
151402081	ID:34	RPL: Sending a multicast-DIO with rank 574
155378915	ID:33	RPL: Sending a multicast-DIO with rank 299
155691324	ID:36	RPL: Sending a multicast-DIO with rank 678
156338920	ID:32	RPL: Sending a multicast-DIO with rank 568
156402081	ID:34	RPL: Sending a multicast-DIO with rank 574
160378915	ID:33	RPL: Sending a multicast-DIO with rank 299
160691324	ID:36	RPL: Sending a multicast-DIO with rank 678
161338920	ID:32	RPL: Sending a multicast-DIO with rank 568
161402081	ID:34	RPL: Sending a multicast-DIO with rank 574
165378915	ID:33	RPL: Sending a multicast-DIO with rank 299
165691324	ID:36	RPL: Sending a multicast-DIO with rank 678
166338920	ID:32	RPL: Sending a multicast-DIO with rank 568
166402081	ID:34	RPL: Sending a multicast-DIO with rank 574
170378915	ID:33	RPL: Sending a multicast-DIO with rank 299
170691324	ID:36	RPL: Sending a multicast-DIO with rank 678
171338920	ID:32	RPL: Sending a multicast-DIO with rank 568
171402081	ID:34	RPL: Sending a multicast-DIO with rank 574
175378915	ID:33	RPL: Sending a multicast-DIO with rank 299
175691324	ID:36	RPL: Sending a multicast-DIO with rank 678
176338920	ID:32	RPL: Sending a multicast-DIO with rank 568
176402081	ID:34	RPL: Sending a multicast-DIO with rank 574
180378915	ID:33	RPL: Sending a multicast-DIO with rank 299
180691324	ID:36	RPL: Sending a multicast-DIO with rank 678
181338920	ID:32	RPL: Sending a multicast-DIO with rank 568
181402081	ID:34	RPL: Sending a multicast-DIO with rank 574
182516317	ID:35	RPL: Sending a DIS to fe80::c30c:0:0:7
185378915	ID:33	RPL: Sending a multicast-DIO with rank 299
185691324	ID:36	RPL: Sending a multicast-DIO with rank 678
186338920	ID:32	RPL: Sending a multicast-DIO with rank 568
186402081	ID:34	RPL: Sending a multicast-DIO with rank 574
190378915	ID:33	RPL: Sending a multicast-DIO with rank 299
190691324	ID:36	RPL: Sending a multicast-DIO with rank 678
191338920	ID:32	RPL: Sending a multicast-DIO with rank 568
191402081	ID:34	RPL: Sending a multicast-DIO with rank 574
195378915	ID:33	RPL: Sending a multicast-DIO with rank 299
195691324	ID:36	RPL: Sending a multicast-DIO with rank 678
196338920	ID:32	RPL: Sending a multicast-DIO with rank 568
196402081	ID:34	RPL: Sending a multicast-DIO with rank 574
200378915	ID:33	RPL: Sending a multicast-DIO with rank 299
200691324	ID:36	RPL: Sending a multicast-DIO with rank 678
201338920	ID:32	RPL: Sending a multicast-DIO with rank 568
201402081	ID:34	RPL: Sending a multicast-DIO with rank 574
205378915	ID:33	RPL: Sending a multicast-DIO with rank 299
205691324	ID:36	RPL: Sending a multicast-DIO with rank 678
206338920	ID:32	RPL: Sending a multicast-DIO with rank 568
206402081	ID:34	RPL: Sending a multicast-DIO with rank 574
210378915	ID:33	RPL: Sending a multicast-DIO with rank 299
210691324	ID:36	RPL: Sending a multicast-DIO with rank 678
211338920	ID:32	RPL: Sending a multicast-DIO with rank 568
211402081	ID:34	RPL: Sending a multicast-DIO with rank 574
215378915	ID:33	RPL: Sending a multicast-DIO with rank 299
215691324	ID:36	RPL: Sending a multicast-DIO with rank 678
216338920	ID:32	RPL: Sending a multicast-DIO with rank 568
216402081	ID:34	RPL: Sending a multicast-DIO with rank 574
220378915	ID:33	RPL: Sending a multicast-DIO with rank 299
220691324	ID:36	RPL: Sending a multicast-DIO with rank 678
221338920	ID:32	RPL: Sending a multicast-DIO with rank 568
221402081	ID:34	RPL: Sending a multicast-DIO with rank 574
225378915	ID:33	RPL: Sending a multicast-DIO with rank 299
225691324	ID:36	RPL: Sending a multicast-DIO with rank 678
226338920	ID:32	RPL: Sending a multicast-DIO with rank 568
226402081	ID:34	RPL: Sending a multicast-DIO with rank 574
230378915	ID:33	RPL: Sending a multicast-DIO with rank 299
230691324	ID:36	RPL: Sending a multicast-DIO with rank 678
231338920	ID:32	RPL: Sending a multicast-DIO with rank 568
231402081	ID:34	RPL: Sending a multicast-DIO with rank 574
235378915	ID:33	RPL: Sending a multicast-DIO with rank 299
235691324	ID:36	RPL: Sending a multicast-DIO with rank 678
236338920	ID:32	RPL: Sending a multicast-DIO with rank 568
236402081	ID:34	RPL: Sending a multicast-DIO with rank 574
240378915	ID:33	RPL: Sending a multicast-DIO with rank 299
240691324	ID:36	RPL: Sending a multicast-DIO with rank 678
241338920	ID:32	RPL: Sending a multicast-DIO with rank 568
241402081	ID:34	RPL: Sending a multicast-DIO with rank 574
242516317	ID:35	RPL: Sending a DIS to fe80::c30c:0:0:7
245378915	ID:33	RPL: Sending a multicast-DIO with rank 299
245691324	ID:36	RPL: Sending a multicast-DIO with rank 678
246338920	ID:32	RPL: Sending a multicast-DIO with rank 568
246402081	ID:34	RPL: Sending a multicast-DIO with rank 574
250378915	ID:33	RPL: Sending a multicast-DIO with rank 299
250691324	ID:36	RPL: Sending a multicast-DIO with rank 678
251338920	ID:32	RPL: Sending a multicast-DIO with rank 568
251402081	ID:34	RPL: Sending a multicast-DIO with rank 574
255378915	ID:33	RPL: Sending a multicast-DIO with rank 299
255691324	ID:36	RPL: Sending a multicast-DIO with rank 678
256338920	ID:32	RPL: Sending a multicast-DIO with rank 568
256402081	ID:34	RPL: Sending a multicast-DIO with rank 574
260378915	ID:33	RPL: Sending a multicast-DIO with rank 299
260691324	ID:36	RPL: Sending a multicast-DIO with rank 678
261338920	ID:32	RPL: Sending a multicast-DIO with rank 568
261402081	ID:34	RPL: Sending a multicast-DIO with rank 574
265378915	ID:33	RPL: Sending a multicast-DIO with rank 299
265691324	ID:36	RPL: Sending a multicast-DIO with rank 678
266338920	ID:32	RPL: Sending a multicast-DIO with rank 568
266402081	ID:34	RPL: Sending a multicast-DIO with rank 574
270378915	ID:33	RPL: Sending a multicast-DIO with rank 299
270691324	ID:36	RPL: Sending a multicast-DIO with rank 678
271338920	ID:32	RPL: Sending a multicast-DIO with rank 568
271402081	ID:34	RPL: Sending a multicast-DIO with rank 574
275378915	ID:33	RPL: Sending a multicast-DIO with rank 299
275691324	ID:36	RPL: Sending a multicast-DIO with rank 678
276338920	ID:32	RPL: Sending a multicast-DIO with rank 568
276402081	ID:34	RPL: Sending a multicast-DIO with rank 574
280378915	ID:33	RPL: Sending a multicast-DIO with rank 299
280691324	ID:36	RPL: Sending a multicast-DIO with rank 678
281338920	ID:32	RPL: Sending a multicast-DIO with rank 568
281402081	ID:34	RPL: Sending a multicast-DIO with rank 574
285378915	ID:33	RPL: Sending a multicast-DIO with rank 299
285691324	ID:36	RPL: Sending a multicast-DIO with rank 678
286338920	ID:32	RPL: Sending a multicast-DIO with rank 568
286402081	ID:34	RPL: Sending a multicast-DIO with rank 574
290378915	ID:33	RPL: Sending a multicast-DIO with rank 299
290691324	ID:36	RPL: Sending a multicast-DIO with rank 678
291338920	ID:32	RPL: Sending a multicast-DIO with rank 568
291402081	ID:34	RPL: Sending a multicast-DIO with rank 574
295378915	ID:33	RPL: Sending a multicast-DIO with rank 299
295691324	ID:36	RPL: Sending a multicast-DIO with rank 678
296338920	ID:32	RPL: Sending a multicast-DIO with rank 568
296402081	ID:34	RPL: Sending a multicast-DIO with rank 574
300378915	ID:33	RPL: Sending a multicast-DIO with rank 299
300691324	ID:36	RPL: Sending a multicast-DIO with rank 678
301338920	ID:32	RPL: Sending a multicast-DIO with rank 568
301402081	ID:34	RPL: Sending a multicast-DIO with rank 574
302516317	ID:35	RPL: Sending a DIS to fe80::c30c:0:0:7
305378915	ID:33	RPL: Sending a multicast-DIO with rank 299
305691324	ID:36	RPL: Sending a multicast-DIO with rank 678
306338920	ID:32	RPL: Sending a multicast-DIO with rank 568
306402081	ID:34	RPL: Sending a multicast-DIO with rank 574
310378915	ID:33	RPL: Sending a multicast-DIO with rank 299
310691324	ID:36	RPL: Sending a multicast-DIO with rank 678
311338920	ID:32	RPL: Sending a multicast-DIO with rank 568
311402081	ID:34	RPL: Sending a multicast-DIO with rank 574
315378915	ID:33	RPL: Sending a multicast-DIO with rank 299
315691324	ID:36	RPL: Sending a multicast-DIO with rank 678
316338920	ID:32	RPL: Sending a multicast-DIO with rank 568
316402081	ID:34	RPL: Sending a multicast-DIO with rank 574
320378915	ID:33	RPL: Sending a multicast-DIO with rank 299
320691324	ID:36	RPL: Sending a multicast-DIO with rank 678
321338920	ID:32	RPL: Sending a multicast-DIO with rank 568
321402081	ID:34	RPL: Sending a multicast-DIO with rank 574
325378915	ID:33	RPL: Sending a multicast-DIO with rank 299
325691324	ID:36	RPL: Sending a multicast-DIO with rank 678
326338920	ID:32	RPL: Sending a multicast-DIO with rank 568
326402081	ID:34	RPL: Sending a multicast-DIO with rank 574
330378915	ID:33	RPL: Sending a multicast-DIO with rank 299
330691324	ID:36	RPL: Sending a multicast-DIO with rank 678
331338920	ID:32	RPL: Sending a multicast-DIO with rank 568
331402081	ID:34	RPL: Sending a multicast-DIO with rank 574
335378915	ID:33	RPL: Sending a multicast-DIO with rank 299
335691324	ID:36	RPL: Sending a multicast-DIO with rank 678
336338920	ID:32	RPL: Sending a multicast-DIO with rank 568
336402081	ID:34	RPL: Sending a multicast-DIO with rank 574
340378915	ID:33	RPL: Sending a multicast-DIO with rank 299
340691324	ID:36	RPL: Sending a multicast-DIO with rank 678
341338920	ID:32	RPL: Sending a multicast-DIO with rank 568
341402081	ID:34	RPL: Sending a multicast-DIO with rank 574
345378915	ID:33	RPL: Sending a multicast-DIO with rank 299
345691324	ID:36	RPL: Sending a multicast-DIO with rank 678
346338920	ID:32	RPL: Sending a multicast-DIO with rank 568
346402081	ID:34	RPL: Sending a multicast-DIO with rank 574
350378915	ID:33	RPL: Sending a multicast-DIO with rank 299
350691324	ID:36	RPL: Sending a multicast-DIO with rank 678
351338920	ID:32	RPL: Sending a multicast-DIO with rank 568
351402081	ID:34	RPL: Sending a multicast-DIO with rank 574
355378915	ID:33	RPL: Sending a multicast-DIO with rank 299
355691324	ID:36	RPL: Sending a multicast-DIO with rank 678
356338920	ID:32	RPL: Sending a multicast-DIO with rank 568
356402081	ID:34	RPL: Sending a multicast-DIO with rank 574
360378915	ID:33	RPL: Sending a multicast-DIO with rank 299
360691324	ID:36	RPL: Sending a multicast-DIO with rank 678
361338920	ID:32	RPL: Sending a multicast-DIO with rank 568
361402081	ID:34	RPL: Sending a multicast-DIO with rank 574
362516317	ID:35	RPL: Sending a DIS to fe80::c30c:0:0:7
365378915	ID:33	RPL: Sending a multicast-DIO with rank 299
365691324	ID:36	RPL: Sending a multicast-DIO with rank 678
366338920	ID:32	RPL: Sending a multicast-DIO with rank 568
366402081	ID:34	RPL: Sending a multicast-DIO with rank 574
370378915	ID:33	RPL: Sending a multicast-DIO with rank 299
370691324	ID:36	RPL: Sending a multicast-DIO with rank 678
371338920	ID:32	RPL: Sending a multicast-DIO with rank 568
371402081	ID:34	RPL: Sending a multicast-DIO with rank 574
375378922	ID:33	RPL: Sending a multicast-DIO with rank 299
375691324	ID:36	RPL: Sending a multicast-DIO with rank 678
376338920	ID:32	RPL: Sending a multicast-DIO with rank 568
376402081	ID:34	RPL: Sending a multicast-DIO with rank 574
380378915	ID:33	RPL: Sending a multicast-DIO with rank 299
380691324	ID:36	RPL: Sending a multicast-DIO with rank 678
381338927	ID:32	RPL: Sending a multicast-DIO with rank 568
381402081	ID:34	RPL: Sending a multicast-DIO with rank 574
385378915	ID:33	RPL: Sending a multicast-DIO with rank 299
385691324	ID:36	RPL: Sending a multicast-DIO with rank 678
386338920	ID:32	RPL: Sending a multicast-DIO with rank 568
386402081	ID:34	RPL: Sending a multicast-DIO with rank 574
390378915	ID:33	RPL: Sending a multicast-DIO with rank 299
390691324	ID:36	RPL: Sending a multicast-DIO with rank 678
391338920	ID:32	RPL: Sending a multicast-DIO with rank 568
391402081	ID:34	RPL: Sending a multicast-DIO with rank 574
395378915	ID:33	RPL: Sending a multicast-DIO with rank 299
395691324	ID:36	RPL: Sending a multicast-DIO with rank 678
396338920	ID:32	RPL: Sending a multicast-DIO with rank 568
396402081	ID:34	RPL: Sending a multicast-DIO with rank 574
400378915	ID:33	RPL: Sending a multicast-DIO with rank 299
400691324	ID:36	RPL: Sending a multicast-DIO with rank 678
401338920	ID:32	RPL: Sending a multicast-DIO with rank 568
401402081	ID:34	RPL: Sending a multicast-DIO with rank 574
405378915	ID:33	RPL: Sending a multicast-DIO with rank 299
405691324	ID:36	RPL: Sending a multicast-DIO with rank 678
406338920	ID:32	RPL: Sending a multicast-DIO with rank 568
406402081	ID:34	RPL: Sending a multicast-DIO with rank 574
410378915	ID:33	RPL: Sending a multicast-DIO with rank 299
410691324	ID:36	RPL: Sending a multicast-DIO with rank 678
411338920	ID:32	RPL: Sending a multicast-DIO with rank 568
411402081	ID:34	RPL: Sending a multicast-DIO with rank 574
415378915	ID:33	RPL: Sending a multicast-DIO with rank 299
415691324	ID:36	RPL: Sending a multicast-DIO with rank 678
416338920	ID:32	RPL: Sending a multicast-DIO with rank 568
416402081	ID:34	RPL: Sending a multicast-DIO with rank 574
420378915	ID:33	RPL: Sending a multicast-DIO with rank 299
420691331	ID:36	RPL: Sending a multicast-DIO with rank 678
421338920	ID:32	RPL: Sending a multicast-DIO with rank 568
421402081	ID:34	RPL: Sending a multicast-DIO with rank 574
422516317	ID:35	RPL: Sending a DIS to fe80::c30c:0:0:7
425378915	ID:33	RPL: Sending a multicast-DIO with rank 299
425691324	ID:36	RPL: Sending a multicast-DIO with rank 678
426338920	ID:32	RPL: Sending a multicast-DIO with rank 568
426402088	ID:34	RPL: Sending a multicast-DIO with rank 574
430378915	ID:33	RPL: Sending a multicast-DIO with rank 299
430691324	ID:36	RPL: Sending a multicast-DIO with rank 678
431338920	ID:32	RPL: Sending a multicast-DIO with rank 568
431402081	ID:34	RPL: Sending a multicast-DIO with rank 574
435378915	ID:33	RPL: Sending a multicast-DIO with rank 299
435691324	ID:36	RPL: Sending a multicast-DIO with rank 678
436338920	ID:32	RPL: Sending a multicast-DIO with rank 568
436402081	ID:34	RPL: Sending a multicast-DIO with rank 574
440378915	ID:33	RPL: Sending a multicast-DIO with rank 299
440691324	ID:36	RPL: Sending a multicast-DIO with rank 678
441338920	ID:32	RPL: Sending a multicast-DIO with rank 568
441402081	ID:34	RPL: Sending a multicast-DIO with rank 574
445378915	ID:33	RPL: Sending a multicast-DIO with rank 299
445691324	ID:36	RPL: Sending a multicast-DIO with rank 678
446338920	ID:32	RPL: Sending a multicast-DIO with rank 568
446402081	ID:34	RPL: Sending a multicast-DIO with rank 574
450378915	ID:33	RPL: Sending a multicast-DIO with rank 299
450691324	ID:36	RPL: Sending a multicast-DIO with rank 678
451338920	ID:32	RPL: Sending a multicast-DIO with rank 568
451402081	ID:34	RPL: Sending a multicast-DIO with rank 574
455378915	ID:33	RPL: Sending a multicast-DIO with rank 299
455691324	ID:36	RPL: Sending a multicast-DIO with rank 678
456338920	ID:32	RPL: Sending a multicast-DIO with rank 568
456402081	ID:34	RPL: Sending a multicast-DIO with rank 574
460378915	ID:33	RPL: Sending a multicast-DIO with rank 299
460691324	ID:36	RPL: Sending a multicast-DIO with rank 678
461338920	ID:32	RPL: Sending a multicast-DIO with rank 568
461402081	ID:34	RPL: Sending a multicast-DIO with rank 574
465378915	ID:33	RPL: Sending a multicast-DIO with rank 299
465691324	ID:36	RPL: Sending a multicast-DIO with rank 678
466338920	ID:32	RPL: Sending a multicast-DIO with rank 568
466402081	ID:34	RPL: Sending a multicast-DIO with rank 574
470378915	ID:33	RPL: Sending a multicast-DIO with rank 299
470691324	ID:36	RPL: Sending a multicast-DIO with rank 678
471338920	ID:32	RPL: Sending a multicast-DIO with rank 568
471402081	ID:34	RPL: Sending a multicast-DIO with rank 574
475378915	ID:33	RPL: Sending a multicast-DIO with rank 299
475691324	ID:36	RPL: Sending a multicast-DIO with rank 678
476338920	ID:32	RPL: Sending a multicast-DIO with rank 568
476402081	ID:34	RPL: Sending a multicast-DIO with rank 574
480378915	ID:33	RPL: Sending a multicast-DIO with rank 299
480691324	ID:36	RPL: Sending a multicast-DIO with rank 678
481338920	ID:32	RPL: Sending a multicast-DIO with rank 568
481402081	ID:34	RPL: Sending a multicast-DIO with rank 574
482516317	ID:35	RPL: Sending a DIS to fe80::c30c:0:0:7
485378915	ID:33	RPL: Sending a multicast-DIO with rank 299
485691324	ID:36	RPL: Sending a multicast-DIO with rank 678
486338920	ID:32	RPL: Sending a multicast-DIO with rank 568
486402081	ID:34	RPL: Sending a multicast-DIO with rank 574
490378915	ID:33	RPL: Sending a multicast-DIO with rank 299
490691324	ID:36	RPL: Sending a multicast-DIO with rank 678
491338920	ID:32	RPL: Sending a multicast-DIO with rank 568
491402081	ID:34	RPL: Sending a multicast-DIO with rank 574
495378915	ID:33	RPL: Sending a multicast-DIO with rank 299
495691324	ID:36	RPL: Sending a multicast-DIO with rank 678
496338920	ID:32	RPL: Sending a multicast-DIO with rank 568
496402081	ID:34	RPL: Sending a multicast-DIO with rank 574
500378915	ID:33	RPL: Sending a multicast-DIO with rank 299
500691324	ID:36	RPL: Sending a multicast-DIO with rank 678
501338920	ID:32	RPL: Sending a multicast-DIO with rank 568
501402081	ID:34	RPL: Sending a multicast-DIO with rank 574
505378915	ID:33	RPL: Sending a multicast-DIO with rank 299
505691324	ID:36	RPL: Sending a multicast-DIO with rank 678
506338920	ID:32	RPL: Sending a multicast-DIO with rank 568
506402081	ID:34	RPL: Sending a multicast-DIO with rank 574
510378915	ID:33	RPL: Sending a multicast-DIO with rank 299
510691324	ID:36	RPL: Sending a multicast-DIO with rank 678
511338920	ID:32	RPL: Sending a multicast-DIO with rank 568
511402081	ID:34	RPL: Sending a multicast-DIO with rank 574
515378915	ID:33	RPL: Sending a multicast-DIO with rank 299
515691324	ID:36	RPL: Sending a multicast-DIO with rank 678
516338920	ID:32	RPL: Sending a multicast-DIO with rank 568
516402081	ID:34	RPL: Sending a multicast-DIO with rank 574
520378915	ID:33	RPL: Sending a multicast-DIO with rank 299
520691324	ID:36	RPL: Sending a multicast-DIO with rank 678
521338920	ID:32	RPL: Sending a multicast-DIO with rank 568
521402081	ID:34	RPL: Sending a multicast-DIO with rank 574
525378915	ID:33	RPL: Sending a multicast-DIO with rank 299
525691324	ID:36	RPL: Sending a multicast-DIO with rank 678
526338920	ID:32	RPL: Sending a multicast-DIO with rank 568
526402081	ID:34	RPL: Sending a multicast-DIO with rank 574
530378915	ID:33	RPL: Sending a multicast-DIO with rank 299
530691324	ID:36	RPL: Sending a multicast-DIO with rank 678
531338920	ID:32	RPL: Sending a multicast-DIO with rank 568
531402081	ID:34	RPL: Sending a multicast-DIO with rank 574
535378915	ID:33	RPL: Sending a multicast-DIO with rank 299
535691324	ID:36	RPL: Sending a multicast-DIO with rank 678
536338920	ID:32	RPL: Sending a multicast-DIO with rank 568
536402081	ID:34	RPL: Sending a multicast-DIO with rank 574
540378915	ID:33	RPL: Sending a multicast-DIO with rank 299
540691324	ID:36	RPL: Sending a multicast-DIO with rank 678
541338920	ID:32	RPL: Sending a multicast-DIO with rank 568
541402081	ID:34	RPL: Sending a multicast-DIO with rank 574
542516885	ID:35	RPL: Sending a DIS to fe80::c30c:0:0:7
545378915	ID:33	RPL: Sending a multicast-DIO with rank 299
545691324	ID:36	RPL: Sending a multicast-DIO with rank 678
546338920	ID:32	RPL: Sending a multicast-DIO with rank 568
546402081	ID:34	RPL: Sending a multicast-DIO with rank 574
550378915	ID:33	RPL: Sending a multicast-DIO with rank 299
550691324	ID:36	RPL: Sending a multicast-DIO with rank 678
551338920	ID:32	RPL: Sending a multicast-DIO with rank 568
551402081	ID:34	RPL: Sending a multicast-DIO with rank 574
555378915	ID:33	RPL: Sending a multicast-DIO with rank 299
555691324	ID:36	RPL: Sending a multicast-DIO with rank 678
556338920	ID:32	RPL: Sending a multicast-DIO with rank 568
556402081	ID:34	RPL: Sending a multicast-DIO with rank 574
560378915	ID:33	RPL: Sending a multicast-DIO with rank 299
560691324	ID:36	RPL: Sending a multicast-DIO with rank 678
561338920	ID:32	RPL: Sending a multicast-DIO with rank 568
561402081	ID:34	RPL: Sending a multicast-DIO with rank 574
565378915	ID:33	RPL: Sending a multicast-DIO with rank 299
565691324	ID:36	RPL: Sending a multicast-DIO with rank 678
566338920	ID:32	RPL: Sending a multicast-DIO with rank 568
566402081	ID:34	RPL: Sending a multicast-DIO with rank 574
570378915	ID:33	RPL: Sending a multicast-DIO with rank 299
570691324	ID:36	RPL: Sending a multicast-DIO with rank 678
571338920	ID:32	RPL: Sending a multicast-DIO with rank 568
571402081	ID:34	RPL: Sending a multicast-DIO with rank 574
575378915	ID:33	RPL: Sending a multicast-DIO with rank 299
575691324	ID:36	RPL: Sending a multicast-DIO with rank 678
576338920	ID:32	RPL: Sending a multicast-DIO with rank 568
576402081	ID:34	RPL: Sending a multicast-DIO with rank 574
580378915	ID:33	RPL: Sending a multicast-DIO with rank 299
580691324	ID:36	RPL: Sending a multicast-DIO with rank 678
581338920	ID:32	RPL: Sending a multicast-DIO with rank 568
581402081	ID:34	RPL: Sending a multicast-DIO with rank 574
585378915	ID:33	RPL: Sending a multicast-DIO with rank 299
585691324	ID:36	RPL: Sending a multicast-DIO with rank 678
586338920	ID:32	RPL: Sending a multicast-DIO with rank 568
586402081	ID:34	RPL: Sending a multicast-DIO with rank 574
590378915	ID:33	RPL: Sending a multicast-DIO with rank 299
590691324	ID:36	RPL: Sending a multicast-DIO with rank 678
591338920	ID:32	RPL: Sending a multicast-DIO with rank 568
591402081	ID:34	RPL: Sending a multicast-DIO with rank 574
595378915	ID:33	RPL: Sending a multicast-DIO with rank 299
595691324	ID:36	RPL: Sending a multicast-DIO with rank 678
596338920	ID:32	RPL: Sending a multicast-DIO with rank 568
596402081	ID:34	RPL: Sending a multicast-DIO with rank 574
600378915	ID:33	RPL: Sending a multicast-DIO with rank 299
600691324	ID:36	RPL: Sending a multicast-DIO with rank 678
601338920	ID:32	RPL: Sending a multicast-DIO with rank 568
601402081	ID:34	RPL: Sending a multicast-DIO with rank 574
602516317	ID:35	RPL: Sending a DIS to fe80::c30c:0:0:7
605378915	ID:33	RPL: Sending a multicast-DIO with rank 299
605691324	ID:36	RPL: Sending a multicast-DIO with rank 678
606338920	ID:32	RPL: Sending a multicast-DIO with rank 568
606402081	ID:34	RPL: Sending a multicast-DIO with rank 574
610378915	ID:33	RPL: Sending a multicast-DIO with rank 299
610691324	ID:36	RPL: Sending a multicast-DIO with rank 678
611338920	ID:32	RPL: Sending a multicast-DIO with rank 568
611402081	ID:34	RPL: Sending a multicast-DIO with rank 574
615378915	ID:33	RPL: Sending a multicast-DIO with rank 299
615691324	ID:36	RPL: Sending a multicast-DIO with rank 678
616338920	ID:32	RPL: Sending a multicast-DIO with rank 568
616402081	ID:34	RPL: Sending a multicast-DIO with rank 574
620378915	ID:33	RPL: Sending a multicast-DIO with rank 299
620691324	ID:36	RPL: Sending a multicast-DIO with rank 678
621338920	ID:32	RPL: Sending a multicast-DIO with rank 568
621402081	ID:34	RPL: Sending a multicast-DIO with rank 574
625378915	ID:33	RPL: Sending a multicast-DIO with rank 299
625691324	ID:36	RPL: Sending a multicast-DIO with rank 678
626338920	ID:32	RPL: Sending a multicast-DIO with rank 568
626402081	ID:34	RPL: Sending a multicast-DIO with rank 574
630378915	ID:33	RPL: Sending a multicast-DIO with rank 299
630691324	ID:36	RPL: Sending a multicast-DIO with rank 678
631338920	ID:32	RPL: Sending a multicast-DIO with rank 568
631402081	ID:34	RPL: Sending a multicast-DIO with rank 574
635378915	ID:33	RPL: Sending a multicast-DIO with rank 299
635691324	ID:36	RPL: Sending a multicast-DIO with rank 678
636338920	ID:32	RPL: Sending a multicast-DIO with rank 568
636402081	ID:34	RPL: Sending a multicast-DIO with rank 574
640378915	ID:33	RPL: Sending a multicast-DIO with rank 299
640691324	ID:36	RPL: Sending a multicast-DIO with rank 678
641338920	ID:32	RPL: Sending a multicast-DIO with rank 568
641402081	ID:34	RPL: Sending a multicast-DIO with rank 574
645378915	ID:33	RPL: Sending a multicast-DIO with rank 299
645691324	ID:36	RPL: Sending a multicast-DIO with rank 678
646338920	ID:32	RPL: Sending a multicast-DIO with rank 568
646402081	ID:34	RPL: Sending a multicast-DIO with rank 574
650378915	ID:33	RPL: Sending a multicast-DIO with rank 299
650691324	ID:36	RPL: Sending a multicast-DIO with rank 678
651338920	ID:32	RPL: Sending a multicast-DIO with rank 568
651402081	ID:34	RPL: Sending a multicast-DIO with rank 574
655378915	ID:33	RPL: Sending a multicast-DIO with rank 299
655691324	ID:36	RPL: Sending a multicast-DIO with rank 678
656338920	ID:32	RPL: Sending a multicast-DIO with rank 568
656402081	ID:34	RPL: Sending a multicast-DIO with rank 574
660378915	ID:33	RPL: Sending a multicast-DIO with rank 299
660691324	ID:36	RPL: Sending a multicast-DIO with rank 678
661338920	ID:32	RPL: Sending a multicast-DIO with rank 568
661402081	ID:34	RPL: Sending a multicast-DIO with rank 574
662516317	ID:35	RPL: Sending a DIS to fe80::c30c:0:0:7
665378915	ID:33	RPL: Sending a multicast-DIO with rank 299
665691324	ID:36	RPL: Sending a multicast-DIO with rank 678
666338920	ID:32	RPL: Sending a multicast-DIO with rank 568
666402081	ID:34	RPL: Sending a multicast-DIO with rank 574
670378915	ID:33	RPL: Sending a multicast-DIO with rank 299
670691324	ID:36	RPL: Sending a multicast-DIO with rank 678
671338920	ID:32	RPL: Sending a multicast-DIO with rank 568
671402081	ID:34	RPL: Sending a multicast-DIO with rank 574
675378915	ID:33	RPL: Sending a multicast-DIO with rank 299
675691324	ID:36	RPL: Sending a multicast-DIO with rank 678
676338920	ID:32	RPL: Sending a multicast-DIO with rank 568
676402081	ID:34	RPL: Sending a multicast-DIO with rank 574
680378915	ID:33	RPL: Sending a multicast-DIO with rank 299
680691324	ID:36	RPL: Sending a multicast-DIO with rank 678
681338920	ID:32	RPL: Sending a multicast-DIO with rank 568
681402081	ID:34	RPL: Sending a multicast-DIO with rank 574
685378915	ID:33	RPL: Sending a multicast-DIO with rank 299
685691324	ID:36	RPL: Sending a multicast-DIO with rank 678
686338920	ID:32	RPL: Sending a multicast-DIO with rank 568
686402081	ID:34	RPL: Sending a multicast-DIO with rank 574
690378916	ID:33	RPL: Sending a multicast-DIO with rank 299
690691325	ID:36	RPL: Sending a multicast-DIO with rank 678
691338920	ID:32	RPL: Sending a multicast-DIO with rank 568
691402081	ID:34	RPL: Sending a multicast-DIO with rank 574
695378916	ID:33	RPL: Sending a multicast-DIO with rank 299
695691325	ID:36	RPL: Sending a multicast-DIO with rank 678
696338920	ID:32	RPL: Sending a multicast-DIO with rank 568
696402081	ID:34	RPL: Sending a multicast-DIO with rank 574
700378916	ID:33	RPL: Sending a multicast-DIO with rank 299
700691325	ID:36	RPL: Sending a multicast-DIO with rank 678
701338920	ID:32	RPL: Sending a multicast-DIO with rank 568
701402081	ID:34	RPL: Sending a multicast-DIO with rank 574
705378916	ID:33	RPL: Sending a multicast-DIO with rank 299
705691325	ID:36	RPL: Sending a multicast-DIO with rank 678
706338920	ID:32	RPL: Sending a multicast-DIO with rank 568
706402081	ID:34	RPL: Sending a multicast-DIO with rank 574
710378916	ID:33	RPL: Sending a multicast-DIO with rank 299
710691325	ID:36	RPL: Sending a multicast-DIO with rank 678
711338920	ID:32	RPL: Sending a multicast-DIO with rank 568
711402081	ID:34	RPL: Sending a multicast-DIO with rank 574
715378916	ID:33	RPL: Sending a multicast-DIO with rank 299
715691325	ID:36	RPL: Sending a multicast-DIO with rank 678
716338920	ID:32	RPL: Sending a multicast-DIO with rank 568
716402081	ID:34	RPL: Sending a multicast-DIO with rank 574
720378916	ID:33	RPL: Sending a multicast-DIO with rank 299
720691325	ID:36	RPL: Sending a multicast-DIO with rank 678
721338920	ID:32	RPL: Sending a multicast-DIO with rank 568
721402082	ID:34	RPL: Sending a multicast-DIO with rank 574
722516317	ID:35	RPL: Sending a DIS to fe80::c30c:0:0:7
725378916	ID:33	RPL: Sending a multicast-DIO with rank 299
725691325	ID:36	RPL: Sending a multicast-DIO with rank 678
726338920	ID:32	RPL: Sending a multicast-DIO with rank 568
726402088	ID:34	RPL: Sending a multicast-DIO with rank 574
730378916	ID:33	RPL: Sending a multicast-DIO with rank 299
730691325	ID:36	RPL: Sending a multicast-DIO with rank 678
731338920	ID:32	RPL: Sending a multicast-DIO with rank 568
731402081	ID:34	RPL: Sending a multicast-DIO with rank 574
735378915	ID:33	RPL: Sending a multicast-DIO with rank 299
735691325	ID:36	RPL: Sending a multicast-DIO with rank 678
736338920	ID:32	RPL: Sending a multicast-DIO with rank 568
736402082	ID:34	RPL: Sending a multicast-DIO with rank 574
740378916	ID:33	RPL: Sending a multicast-DIO with rank 299
740691325	ID:36	RPL: Sending a multicast-DIO with rank 678
741338920	ID:32	RPL: Sending a multicast-DIO with rank 568
741402081	ID:34	RPL: Sending a multicast-DIO with rank 574
745378916	ID:33	RPL: Sending a multicast-DIO with rank 299
745691325	ID:36	RPL: Sending a multicast-DIO with rank 678
746338920	ID:32	RPL: Sending a multicast-DIO with rank 568
746402082	ID:34	RPL: Sending a multicast-DIO with rank 574
750378916	ID:33	RPL: Sending a multicast-DIO with rank 299
750691331	ID:36	RPL: Sending a multicast-DIO with rank 678
751338920	ID:32	RPL: Sending a multicast-DIO with rank 568
751402082	ID:34	RPL: Sending a multicast-DIO with rank 574
755378916	ID:33	RPL: Sending a multicast-DIO with rank 299
755691324	ID:36	RPL: Sending a multicast-DIO with rank 678
756338920	ID:32	RPL: Sending a multicast-DIO with rank 568
756402081	ID:34	RPL: Sending a multicast-DIO with rank 574
760378922	ID:33	RPL: Sending a multicast-DIO with rank 299
760691325	ID:36	RPL: Sending a multicast-DIO with rank 678
761338920	ID:32	RPL: Sending a multicast-DIO with rank 568
761402081	ID:34	RPL: Sending a multicast-DIO with rank 574
765378916	ID:33	RPL: Sending a multicast-DIO with rank 299
765691325	ID:36	RPL: Sending a multicast-DIO with rank 678
766338920	ID:32	RPL: Sending a multicast-DIO with rank 568
766402082	ID:34	RPL: Sending a multicast-DIO with rank 574
770378916	ID:33	RPL: Sending a multicast-DIO with rank 299
770691325	ID:36	RPL: Sending a multicast-DIO with rank 678
771338920	ID:32	RPL: Sending a multicast-DIO with rank 568
771402081	ID:34	RPL: Sending a multicast-DIO with rank 574
775378916	ID:33	RPL: Sending a multicast-DIO with rank 299
775691324	ID:36	RPL: Sending a multicast-DIO with rank 678
776338920	ID:32	RPL: Sending a multicast-DIO with rank 568
776402082	ID:34	RPL: Sending a multicast-DIO with rank 574
780378916	ID:33	RPL: Sending a multicast-DIO with rank 299
780691325	ID:36	RPL: Sending a multicast-DIO with rank 678
781338920	ID:32	RPL: Sending a multicast-DIO with rank 568
781402082	ID:34	RPL: Sending a multicast-DIO with rank 574
782516317	ID:35	RPL: Sending a DIS to fe80::c30c:0:0:7
785378916	ID:33	RPL: Sending a multicast-DIO with rank 299
785691325	ID:36	RPL: Sending a multicast-DIO with rank 678
786338927	ID:32	RPL: Sending a multicast-DIO with rank 568
786402082	ID:34	RPL: Sending a multicast-DIO with rank 574
790378916	ID:33	RPL: Sending a multicast-DIO with rank 299
790691325	ID:36	RPL: Sending a multicast-DIO with rank 678
791338920	ID:32	RPL: Sending a multicast-DIO with rank 568
791402081	ID:34	RPL: Sending a multicast-DIO with rank 574
795378916	ID:33	RPL: Sending a multicast-DIO with rank 299
795691325	ID:36	RPL: Sending a multicast-DIO with rank 678
796338920	ID:32	RPL: Sending a multicast-DIO with rank 568
796402082	ID:34	RPL: Sending a multicast-DIO with rank 574
800378916	ID:33	RPL: Sending a multicast-DIO with rank 299
800691325	ID:36	RPL: Sending a multicast-DIO with rank 678
801338920	ID:32	RPL: Sending a multicast-DIO with rank 568
801402081	ID:34	RPL: Sending a multicast-DIO with rank 574
805378916	ID:33	RPL: Sending a multicast-DIO with rank 299
805691325	ID:36	RPL: Sending a multicast-DIO with rank 678
806338920	ID:32	RPL: Sending a multicast-DIO with rank 568
806402081	ID:34	RPL: Sending a multicast-DIO with rank 574
810378916	ID:33	RPL: Sending a multicast-DIO with rank 299
810691325	ID:36	RPL: Sending a multicast-DIO with rank 678
811338920	ID:32	RPL: Sending a multicast-DIO with rank 568
811402081	ID:34	RPL: Sending a multicast-DIO with rank 574
815378915	ID:33	RPL: Sending a multicast-DIO with rank 299
815691325	ID:36	RPL: Sending a multicast-DIO with rank 678
816338920	ID:32	RPL: Sending a multicast-DIO with rank 568
816402082	ID:34	RPL: Sending a multicast-DIO with rank 574
820378916	ID:33	RPL: Sending a multicast-DIO with rank 299
820691325	ID:36	RPL: Sending a multicast-DIO with rank 678
821338920	ID:32	RPL: Sending a multicast-DIO with rank 568
821402082	ID:34	RPL: Sending a multicast-DIO with rank 574
825378916	ID:33	RPL: Sending a multicast-DIO with rank 299
825691325	ID:36	RPL: Sending a multicast-DIO with rank 678
826338920	ID:32	RPL: Sending a multicast-DIO with rank 568
826402081	ID:34	RPL: Sending a multicast-DIO with rank 574
830378916	ID:33	RPL: Sending a multicast-DIO with rank 299
830691325	ID:36	RPL: Sending a multicast-DIO with rank 678
831338920	ID:32	RPL: Sending a multicast-DIO with rank 568
831402082	ID:34	RPL: Sending a multicast-DIO with rank 574
835378916	ID:33	RPL: Sending a multicast-DIO with rank 299
835691325	ID:36	RPL: Sending a multicast-DIO with rank 678
836338920	ID:32	RPL: Sending a multicast-DIO with rank 568
836402082	ID:34	RPL: Sending a multicast-DIO with rank 574
840378916	ID:33	RPL: Sending a multicast-DIO with rank 299
840691325	ID:36	RPL: Sending a multicast-DIO with rank 678
841338920	ID:32	RPL: Sending a multicast-DIO with rank 568
841402082	ID:34	RPL: Sending a multicast-DIO with rank 574
842516317	ID:35	RPL: Sending a DIS to fe80::c30c:0:0:7
845378916	ID:33	RPL: Sending a multicast-DIO with rank 299
845691325	ID:36	RPL: Sending a multicast-DIO with rank 678
846338920	ID:32	RPL: Sending a multicast-DIO with rank 568
846402081	ID:34	RPL: Sending a multicast-DIO with rank 574
850378916	ID:33	RPL: Sending a multicast-DIO with rank 299
850691325	ID:36	RPL: Sending a multicast-DIO with rank 678
851338920	ID:32	RPL: Sending a multicast-DIO with rank 568
851402081	ID:34	RPL: Sending a multicast-DIO with rank 574
855378916	ID:33	RPL: Sending a multicast-DIO with rank 299
855691325	ID:36	RPL: Sending a multicast-DIO with rank 678
856338920	ID:32	RPL: Sending a multicast-DIO with rank 568
856402081	ID:34	RPL: Sending a multicast-DIO with rank 574
860378916	ID:33	RPL: Sending a multicast-DIO with rank 299
860691325	ID:36	RPL: Sending a multicast-DIO with rank 678
861338920	ID:32	RPL: Sending a multicast-DIO with rank 568
861402082	ID:34	RPL: Sending a multicast-DIO with rank 574
865378916	ID:33	RPL: Sending a multicast-DIO with rank 299
865691325	ID:36	RPL: Sending a multicast-DIO with rank 678
866338920	ID:32	RPL: Sending a multicast-DIO with rank 568
866402082	ID:34	RPL: Sending a multicast-DIO with rank 574
870378916	ID:33	RPL: Sending a multicast-DIO with rank 299
870691325	ID:36	RPL: Sending a multicast-DIO with rank 678
871338920	ID:32	RPL: Sending a multicast-DIO with rank 568
871402082	ID:34	RPL: Sending a multicast-DIO with rank 574
875378916	ID:33	RPL: Sending a multicast-DIO with rank 299
875691325	ID:36	RPL: Sending a multicast-DIO with rank 678
876338920	ID:32	RPL: Sending a multicast-DIO with rank 568
876402082	ID:34	RPL: Sending a multicast-DIO with rank 574
880378916	ID:33	RPL: Sending a multicast-DIO with rank 299
880691325	ID:36	RPL: Sending a multicast-DIO with rank 678
881338920	ID:32	RPL: Sending a multicast-DIO with rank 568
881402081	ID:34	RPL: Sending a multicast-DIO with rank 574
885378916	ID:33	RPL: Sending a multicast-DIO with rank 299
885691325	ID:36	RPL: Sending a multicast-DIO with rank 678
886338920	ID:32	RPL: Sending a multicast-DIO with rank 568
886402081	ID:34	RPL: Sending a multicast-DIO with rank 574
890378916	ID:33	RPL: Sending a multicast-DIO with rank 299
890691325	ID:36	RPL: Sending a multicast-DIO with rank 678
891338920	ID:32	RPL: Sending a multicast-DIO with rank 568
891402082	ID:34	RPL: Sending a multicast-DIO with rank 574
895378915	ID:33	RPL: Sending a multicast-DIO with rank 299
895691325	ID:36	RPL: Sending a multicast-DIO with rank 678
896338920	ID:32	RPL: Sending a multicast-DIO with rank 568
896402081	ID:34	RPL: Sending a multicast-DIO with rank 574
900378916	ID:33	RPL: Sending a multicast-DIO with rank 299
900691325	ID:36	RPL: Sending a multicast-DIO with rank 678
901338920	ID:32	RPL: Sending a multicast-DIO with rank 568
901402082	ID:34	RPL: Sending a multicast-DIO with rank 574
902516317	ID:35	RPL: Sending a DIS to fe80::c30c:0:0:7
905378916	ID:33	RPL: Sending a multicast-DIO with rank 299
905691325	ID:36	RPL: Sending a multicast-DIO with rank 678
906338920	ID:32	RPL: Sending a multicast-DIO with rank 568
906402082	ID:34	RPL: Sending a multicast-DIO with rank 574
910378916	ID:33	RPL: Sending a multicast-DIO with rank 299
910691325	ID:36	RPL: Sending a multicast-DIO with rank 678
911338920	ID:32	RPL: Sending a multicast-DIO with rank 568
911402082	ID:34	RPL: Sending a multicast-DIO with rank 574
915378916	ID:33	RPL: Sending a multicast-DIO with rank 299
915691325	ID:36	RPL: Sending a multicast-DIO with rank 678
916338920	ID:32	RPL: Sending a multicast-DIO with rank 568
916402082	ID:34	RPL: Sending a multicast-DIO with rank 574
920378916	ID:33	RPL: Sending a multicast-DIO with rank 299
920691325	ID:36	RPL: Sending a multicast-DIO with rank 678
921338920	ID:32	RPL: Sending a multicast-DIO with rank 568
921402082	ID:34	RPL: Sending a multicast-DIO with rank 574
925378915	ID:33	RPL: Sending a multicast-DIO with rank 299
925691325	ID:36	RPL: Sending a multicast-DIO with rank 678
926338920	ID:32	RPL: Sending a multicast-DIO with rank 568
926402082	ID:34	RPL: Sending a multicast-DIO with rank 574
930378916	ID:33	RPL: Sending a multicast-DIO with rank 299
930691325	ID:36	RPL: Sending a multicast-DIO with rank 678
931338920	ID:32	RPL: Sending a multicast-DIO with rank 568
931402082	ID:34	RPL: Sending a multicast-DIO with rank 574
935378915	ID:33	RPL: Sending a multicast-DIO with rank 299
935691325	ID:36	RPL: Sending a multicast-DIO with rank 678
936338920	ID:32	RPL: Sending a multicast-DIO with rank 568
936402081	ID:34	RPL: Sending a multicast-DIO with rank 574
940378916	ID:33	RPL: Sending a multicast-DIO with rank 299
940691325	ID:36	RPL: Sending a multicast-DIO with rank 678
941338920	ID:32	RPL: Sending a multicast-DIO with rank 568
941402082	ID:34	RPL: Sending a multicast-DIO with rank 574
945378916	ID:33	RPL: Sending a multicast-DIO with rank 299
945691325	ID:36	RPL: Sending a multicast-DIO with rank 678
946338920	ID:32	RPL: Sending a multicast-DIO with rank 568
946402081	ID:34	RPL: Sending a multicast-DIO with rank 574
950378916	ID:33	RPL: Sending a multicast-DIO with rank 299
950691325	ID:36	RPL: Sending a multicast-DIO with rank 678
951338920	ID:32	RPL: Sending a multicast-DIO with rank 568
951402081	ID:34	RPL: Sending a multicast-DIO with rank 574
955378915	ID:33	RPL: Sending a multicast-DIO with rank 299
955691325	ID:36	RPL: Sending a multicast-DIO with rank 678
956338920	ID:32	RPL: Sending a multicast-DIO with rank 568
956402082	ID:34	RPL: Sending a multicast-DIO with rank 574
960378915	ID:33	RPL: Sending a multicast-DIO with rank 299
960691325	ID:36	RPL: Sending a multicast-DIO with rank 678
961338920	ID:32	RPL: Sending a multicast-DIO with rank 568
961402081	ID:34	RPL: Sending a multicast-DIO with rank 574
962516885	ID:35	RPL: Sending a DIS to fe80::c30c:0:0:7
965378916	ID:33	RPL: Sending a multicast-DIO with rank 299
965691325	ID:36	RPL: Sending a multicast-DIO with rank 678
966338920	ID:32	RPL: Sending a multicast-DIO with rank 568
966402082	ID:34	RPL: Sending a multicast-DIO with rank 574
970378916	ID:33	RPL: Sending a multicast-DIO with rank 299
970691325	ID:36	RPL: Sending a multicast-DIO with rank 678
971338920	ID:32	RPL: Sending a multicast-DIO with rank 568
971402081	ID:34	RPL: Sending a multicast-DIO with rank 574
975378916	ID:33	RPL: Sending a multicast-DIO with rank 299
975691325	ID:36	RPL: Sending a multicast-DIO with rank 678
976338920	ID:32	RPL: Sending a multicast-DIO with rank 568
976402082	ID:34	RPL: Sending a multicast-DIO with rank 574
980378916	ID:33	RPL: Sending a multicast-DIO with rank 299
980691325	ID:36	RPL: Sending a multicast-DIO with rank 678
981338920	ID:32	RPL: Sending a multicast-DIO with rank 568
981402082	ID:34	RPL: Sending a multicast-DIO with rank 574
985378916	ID:33	RPL: Sending a multicast-DIO with rank 299
985691325	ID:36	RPL: Sending a multicast-DIO with rank 678
986338920	ID:32	RPL: Sending a multicast-DIO with rank 568
986402081	ID:34	RPL: Sending a multicast-DIO with rank 574
990378916	ID:33	RPL: Sending a multicast-DIO with rank 299
990691325	ID:36	RPL: Sending a multicast-DIO with rank 678
991338920	ID:32	RPL: Sending a multicast-DIO with rank 568
991402081	ID:34	RPL: Sending a multicast-DIO with rank 574
995378916	ID:33	RPL: Sending a multicast-DIO with rank 299
995691325	ID:36	RPL: Sending a multicast-DIO with rank 678
996338920	ID:32	RPL: Sending a multicast-DIO with rank 568
996402081	ID:34	RPL: Sending a multicast-DIO with rank 574
1000378916	ID:33	RPL: Sending a multicast-DIO with rank 299
1000691325	ID:36	RPL: Sending a multicast-DIO with rank 678
1001338920	ID:32	RPL: Sending a multicast-DIO with rank 568
1001402081	ID:34	RPL: Sending a multicast-DIO with rank 574
1005378916	ID:33	RPL: Sending a multicast-DIO with rank 299
1005691325	ID:36	RPL: Sending a multicast-DIO with rank 678
1006338920	ID:32	RPL: Sending a multicast-DIO with rank 568
1006402082	ID:34	RPL: Sending a multicast-DIO with rank 574
1010378916	ID:33	RPL: Sending a multicast-DIO with rank 299
1010691325	ID:36	RPL: Sending a multicast-DIO with rank 678
1011338920	ID:32	RPL: Sending a multicast-DIO with rank 568
1011402082	ID:34	RPL: Sending a multicast-DIO with rank 574
1015378916	ID:33	RPL: Sending a multicast-DIO with rank 299
1015691325	ID:36	RPL: Sending a multicast-DIO with rank 678
1016338920	ID:32	RPL: Sending a multicast-DIO with rank 568
1016402081	ID:34	RPL: Sending a multicast-DIO with rank 574
1020378916	ID:33	RPL: Sending a multicast-DIO with rank 299
1020691325	ID:36	RPL: Sending a multicast-DIO with rank 678
1021338920	ID:32	RPL: Sending a multicast-DIO with rank 568
1021402082	ID:34	RPL: Sending a multicast-DIO with rank 574
1022516317	ID:35	RPL: Sending a DIS to fe80::c30c:0:0:7
1025378916	ID:33	RPL: Sending a multicast-DIO with rank 299
1025691325	ID:36	RPL: Sending a multicast-DIO with rank 678
1026338921	ID:32	RPL: Sending a multicast-DIO with rank 568
1026402082	ID:34	RPL: Sending a multicast-DIO with rank 574
1030378916	ID:33	RPL: Sending a multicast-DIO with rank 299
1030691325	ID:36	RPL: Sending a multicast-DIO with rank 678
1031338921	ID:32	RPL: Sending a multicast-DIO with rank 568
1031402082	ID:34	RPL: Sending a multicast-DIO with rank 574
1035378916	ID:33	RPL: Sending a multicast-DIO with rank 299
1035691325	ID:36	RPL: Sending a multicast-DIO with rank 678
1036338921	ID:32	RPL: Sending a multicast-DIO with rank 568
1036402082	ID:34	RPL: Sending a multicast-DIO with rank 574
1040378916	ID:33	RPL: Sending a multicast-DIO with rank 299
1040691325	ID:36	RPL: Sending a multicast-DIO with rank 678
1041338921	ID:32	RPL: Sending a multicast-DIO with rank 568
1041402082	ID:34	RPL: Sending a multicast-DIO with rank 574
1045378916	ID:33	RPL: Sending a multicast-DIO with rank 299
1045691325	ID:36	RPL: Sending a multicast-DIO with rank 678
1046338921	ID:32	RPL: Sending a multicast-DIO with rank 568
1046402082	ID:34	RPL: Sending a multicast-DIO with rank 574
1050378916	ID:33	RPL: Sending a multicast-DIO with rank 299
1050691325	ID:36	RPL: Sending a multicast-DIO with rank 678
1051338921	ID:32	RPL: Sending a multicast-DIO with rank 568
1051402089	ID:34	RPL: Sending a multicast-DIO with rank 574
1055378916	ID:33	RPL: Sending a multicast-DIO with rank 299
1055691325	ID:36	RPL: Sending a multicast-DIO with rank 678
1056338921	ID:32	RPL: Sending a multicast-DIO with rank 568
1056402082	ID:34	RPL: Sending a multicast-DIO with rank 574
1060378916	ID:33	RPL: Sending a multicast-DIO with rank 299
1060691325	ID:36	RPL: Sending a multicast-DIO with rank 678
1061338921	ID:32	RPL: Sending a multicast-DIO with rank 568
1061402082	ID:34	RPL: Sending a multicast-DIO with rank 574
1065378916	ID:33	RPL: Sending a multicast-DIO with rank 299
1065691332	ID:36	RPL: Sending a multicast-DIO with rank 678
1066338921	ID:32	RPL: Sending a multicast-DIO with rank 568
1066402082	ID:34	RPL: Sending a multicast-DIO with rank 574
1070378916	ID:33	RPL: Sending a multicast-DIO with rank 299
1070691325	ID:36	RPL: Sending a multicast-DIO with rank 678
1071338921	ID:32	RPL: Sending a multicast-DIO with rank 568
1071402082	ID:34	RPL: Sending a multicast-DIO with rank 574
1075378916	ID:33	RPL: Sending a multicast-DIO with rank 299
1075691325	ID:36	RPL: Sending a multicast-DIO with rank 678
1076338921	ID:32	RPL: Sending a multicast-DIO with rank 568
1076402082	ID:34	RPL: Sending a multicast-DIO with rank 574
1080378916	ID:33	RPL: Sending a multicast-DIO with rank 299
1080691325	ID:36	RPL: Sending a multicast-DIO with rank 678
1081338921	ID:32	RPL: Sending a multicast-DIO with rank 568
1081402082	ID:34	RPL: Sending a multicast-DIO with rank 574
1082516318	ID:35	RPL: Sending a DIS to fe80::c30c:0:0:7
1085378923	ID:33	RPL: Sending a multicast-DIO with rank 299
1085691325	ID:36	RPL: Sending a multicast-DIO with rank 678
1086338921	ID:32	RPL: Sending a multicast-DIO with rank 568
1086402082	ID:34	RPL: Sending a multicast-DIO with rank 574
1090378916	ID:33	RPL: Sending a multicast-DIO with rank 299
1090691325	ID:36	RPL: Sending a multicast-DIO with rank 678
1091338921	ID:32	RPL: Sending a multicast-DIO with rank 568
1091402082	ID:34	RPL: Sending a multicast-DIO with rank 574
1095378916	ID:33	RPL: Sending a multicast-DIO with rank 299
1095691325	ID:36	RPL: Sending a multicast-DIO with rank 678
1096338921	ID:32	RPL: Sending a multicast-DIO with rank 568
1096402082	ID:34	RPL: Sending a multicast-DIO with rank 574
1100378916	ID:33	RPL: Sending a multicast-DIO with rank 299
1100691325	ID:36	RPL: Sending a multicast-DIO with rank 678
1101338921	ID:32	RPL: Sending a multicast-DIO with rank 568
1101402082	ID:34	RPL: Sending a multicast-DIO with rank 574
1105378916	ID:33	RPL: Sending a multicast-DIO with rank 299
1105691325	ID:36	RPL: Sending a multicast-DIO with rank 678
1106338921	ID:32	RPL: Sending a multicast-DIO with rank 568
1106402082	ID:34	RPL: Sending a multicast-DIO with rank 574
1110378916	ID:33	RPL: Sending a multicast-DIO with rank 299
1110691325	ID:36	RPL: Sending a multicast-DIO with rank 678
1111338928	ID:32	RPL: Sending a multicast-DIO with rank 568
1111402082	ID:34	RPL: Sending a multicast-DIO with rank 574
1115378916	ID:33	RPL: Sending a multicast-DIO with rank 299
1115691325	ID:36	RPL: Sending a multicast-DIO with rank 678
1116338921	ID:32	RPL: Sending a multicast-DIO with rank 568
1116402082	ID:34	RPL: Sending a multicast-DIO with rank 574
1120378916	ID:33	RPL: Sending a multicast-DIO with rank 299
1120691325	ID:36	RPL: Sending a multicast-DIO with rank 678
1121338921	ID:32	RPL: Sending a multicast-DIO with rank 568
1121402082	ID:34	RPL: Sending a multicast-DIO with rank 574
1125378916	ID:33	RPL: Sending a multicast-DIO with rank 299
1125691325	ID:36	RPL: Sending a multicast-DIO with rank 678
1126338921	ID:32	RPL: Sending a multicast-DIO with rank 568
1126402082	ID:34	RPL: Sending a multicast-DIO with rank 574
1130378916	ID:33	RPL: Sending a multicast-DIO with rank 299
1130691325	ID:36	RPL: Sending a multicast-DIO with rank 678
1131338921	ID:32	RPL: Sending a multicast-DIO with rank 568
1131402082	ID:34	RPL: Sending a multicast-DIO with rank 574
1135378916	ID:33	RPL: Sending a multicast-DIO with rank 299
1135691325	ID:36	RPL: Sending a multicast-DIO with rank 678
1136338921	ID:32	RPL: Sending a multicast-DIO with rank 568
1136402082	ID:34	RPL: Sending a multicast-DIO with rank 574
1140378916	ID:33	RPL: Sending a multicast-DIO with rank 299
1140691325	ID:36	RPL: Sending a multicast-DIO with rank 678
1141338921	ID:32	RPL: Sending a multicast-DIO with rank 568
1141402082	ID:34	RPL: Sending a multicast-DIO with rank 574
1142516318	ID:35	RPL: Sending a DIS to fe80::c30c:0:0:7
1145378916	ID:33	RPL: Sending a multicast-DIO with rank 299
1145691325	ID:36	RPL: Sending a multicast-DIO with rank 678
1146338921	ID:32	RPL: Sending a multicast-DIO with rank 568
1146402082	ID:34	RPL: Sending a multicast-DIO with rank 574
1150378916	ID:33	RPL: Sending a multicast-DIO with rank 299
1150691325	ID:36	RPL: Sending a multicast-DIO with rank 678
1151338921	ID:32	RPL: Sending a multicast-DIO with rank 568
1151402082	ID:34	RPL: Sending a multicast-DIO with rank 574
1155378916	ID:33	RPL: Sending a multicast-DIO with rank 299
1155691325	ID:36	RPL: Sending a multicast-DIO with rank 678
1156338921	ID:32	RPL: Sending a multicast-DIO with rank 568
1156402082	ID:34	RPL: Sending a multicast-DIO with rank 574
1160378916	ID:33	RPL: Sending a multicast-DIO with rank 299
1160691325	ID:36	RPL: Sending a multicast-DIO with rank 678
1161338921	ID:32	RPL: Sending a multicast-DIO with rank 568
1161402082	ID:34	RPL: Sending a multicast-DIO with rank 574
1165378916	ID:33	RPL: Sending a multicast-DIO with rank 299
1165691325	ID:36	RPL: Sending a multicast-DIO with rank 678
1166338921	ID:32	RPL: Sending a multicast-DIO with rank 568
1166402082	ID:34	RPL: Sending a multicast-DIO with rank 574
1170378916	ID:33	RPL: Sending a multicast-DIO with rank 299
1170691325	ID:36	RPL: Sending a multicast-DIO with rank 678
1171338921	ID:32	RPL: Sending a multicast-DIO with rank 568
1171402082	ID:34	RPL: Sending a multicast-DIO with rank 574
1175378916	ID:33	RPL: Sending a multicast-DIO with rank 299
1175691325	ID:36	RPL: Sending a multicast-DIO with rank 678
1176338921	ID:32	RPL: Sending a multicast-DIO with rank 568
1176402082	ID:34	RPL: Sending a multicast-DIO with rank 574
1180378916	ID:33	RPL: Sending a multicast-DIO with rank 299
1180691325	ID:36	RPL: Sending a multicast-DIO with rank 678
1181338921	ID:32	RPL: Sending a multicast-DIO with rank 568
1181402082	ID:34	RPL: Sending a multicast-DIO with rank 574
1185378916	ID:33	RPL: Sending a multicast-DIO with rank 299
1185691325	ID:36	RPL: Sending a multicast-DIO with rank 678
1186338921	ID:32	RPL: Sending a multicast-DIO with rank 568
1186402082	ID:34	RPL: Sending a multicast-DIO with rank 574
1190378916	ID:33	RPL: Sending a multicast-DIO with rank 299
1190691325	ID:36	RPL: Sending a multicast-DIO with rank 678
1191338921	ID:32	RPL: Sending a multicast-DIO with rank 568
1191402082	ID:34	RPL: Sending a multicast-DIO with rank 574
1195378916	ID:33	RPL: Sending a multicast-DIO with rank 299
1195691325	ID:36	RPL: Sending a multicast-DIO with rank 678
1196338921	ID:32	RPL: Sending a multicast-DIO with rank 568
1196402082	ID:34	RPL: Sending a multicast-DIO with rank 574
1200378916	ID:33	RPL: Sending a multicast-DIO with rank 299
1200691325	ID:36	RPL: Sending a multicast-DIO with rank 678
1201338921	ID:32	RPL: Sending a multicast-DIO with rank 568
1201402082	ID:34	RPL: Sending a multicast-DIO with rank 574
1202516323	ID:35	RPL: Sending a DIS to fe80::c30c:0:0:7
1205378921	ID:33	RPL: Sending a multicast-DIO with rank 299
1205691330	ID:36	RPL: Sending a multicast-DIO with rank 678
1206338926	ID:32	RPL: Sending a multicast-DIO with rank 568
1206402087	ID:34	RPL: Sending a multicast-DIO with rank 574
1210378915	ID:33	RPL: Sending a multicast-DIO with rank 299
1210691324	ID:36	RPL: Sending a multicast-DIO with rank 678
1211338920	ID:32	RPL: Sending a multicast-DIO with rank 568
1211402081	ID:34	RPL: Sending a multicast-DIO with rank 574
1215378915	ID:33	RPL: Sending a multicast-DIO with rank 299
1215691324	ID:36	RPL: Sending a multicast-DIO with rank 678
1216338920	ID:32	RPL: Sending a multicast-DIO with rank 568
1216402081	ID:34	RPL: Sending a multicast-DIO with rank 574
1220378915	ID:33	RPL: Sending a multicast-DIO with rank 299
1220691324	ID:36	RPL: Sending a multicast-DIO with rank 678
1221338920	ID:32	RPL: Sending a multicast-DIO with rank 568
1221402081	ID:34	RPL: Sending a multicast-DIO with rank 574
1225378915	ID:33	RPL: Sending a multicast-DIO with rank 299
1225691324	ID:36	RPL: Sending a multicast-DIO with rank 678
1226338920	ID:32	RPL: Sending a multicast-DIO with rank 568
1226402081	ID:34	RPL: Sending a multicast-DIO with rank 574
1230378915	ID:33	RPL: Sending a multicast-DIO with rank 299
1230691324	ID:36	RPL: Sending a multicast-DIO with rank 678
1231338920	ID:32	RPL: Sending a multicast-DIO with rank 568
1231402081	ID:34	RPL: Sending a multicast-DIO with rank 574
1235378915	ID:33	RPL: Sending a multicast-DIO with rank 299
1235691324	ID:36	RPL: Sending a multicast-DIO with rank 678
1236338920	ID:32	RPL: Sending a multicast-DIO with rank 568
1236402081	ID:34	RPL: Sending a multicast-DIO with rank 574
1240378915	ID:33	RPL: Sending a multicast-DIO with rank 299
1240691324	ID:36	RPL: Sending a multicast-DIO with rank 678
1241338920	ID:32	RPL: Sending a multicast-DIO with rank 568
1241402081	ID:34	RPL: Sending a multicast-DIO with rank 574
1245378915	ID:33	RPL: Sending a multicast-DIO with rank 299
1245691324	ID:36	RPL: Sending a multicast-DIO with rank 678
1246338920	ID:32	RPL: Sending a multicast-DIO with rank 568
1246402081	ID:34	RPL: Sending a multicast-DIO with rank 574
1250378915	ID:33	RPL: Sending a multicast-DIO with rank 299
1250691324	ID:36	RPL: Sending a multicast-DIO with rank 678
1251338920	ID:32	RPL: Sending a multicast-DIO with rank 568
1251402081	ID:34	RPL: Sending a multicast-DIO with rank 574
1255378915	ID:33	RPL: Sending a multicast-DIO with rank 299
1255691324	ID:36	RPL: Sending a multicast-DIO with rank 678
1256338920	ID:32	RPL: Sending a multicast-DIO with rank 568
1256402081	ID:34	RPL: Sending a multicast-DIO with rank 574
1260378915	ID:33	RPL: Sending a multicast-DIO with rank 299
1260691324	ID:36	RPL: Sending a multicast-DIO with rank 678
1261338920	ID:32	RPL: Sending a multicast-DIO with rank 568
1261402081	ID:34	RPL: Sending a multicast-DIO with rank 574
1262516317	ID:35	RPL: Sending a DIS to fe80::c30c:0:0:7
1265378915	ID:33	RPL: Sending a multicast-DIO with rank 299
1265691324	ID:36	RPL: Sending a multicast-DIO with rank 678
1266338920	ID:32	RPL: Sending a multicast-DIO with rank 568
1266402081	ID:34	RPL: Sending a multicast-DIO with rank 574
1270378915	ID:33	RPL: Sending a multicast-DIO with rank 299
1270691324	ID:36	RPL: Sending a multicast-DIO with rank 678
1271338920	ID:32	RPL: Sending a multicast-DIO with rank 568
1271402081	ID:34	RPL: Sending a multicast-DIO with rank 574
1275378915	ID:33	RPL: Sending a multicast-DIO with rank 299
1275691324	ID:36	RPL: Sending a multicast-DIO with rank 678
1276338920	ID:32	RPL: Sending a multicast-DIO with rank 568
1276402081	ID:34	RPL: Sending a multicast-DIO with rank 574
1280378915	ID:33	RPL: Sending a multicast-DIO with rank 299
1280691324	ID:36	RPL: Sending a multicast-DIO with rank 678
1281338920	ID:32	RPL: Sending a multicast-DIO with rank 568
1281402081	ID:34	RPL: Sending a multicast-DIO with rank 574
1285378915	ID:33	RPL: Sending a multicast-DIO with rank 299
1285691324	ID:36	RPL: Sending a multicast-DIO with rank 678
1286338920	ID:32	RPL: Sending a multicast-DIO with rank 568
1286402081	ID:34	RPL: Sending a multicast-DIO with rank 574
1290378915	ID:33	RPL: Sending a multicast-DIO with rank 299
1290691324	ID:36	RPL: Sending a multicast-DIO with rank 678
1291338920	ID:32	RPL: Sending a multicast-DIO with rank 568
1291402081	ID:34	RPL: Sending a multicast-DIO with rank 574
1295378915	ID:33	RPL: Sending a multicast-DIO with rank 299
1295691324	ID:36	RPL: Sending a multicast-DIO with rank 678
1296338920	ID:32	RPL: Sending a multicast-DIO with rank 568
1296402081	ID:34	RPL: Sending a multicast-DIO with rank 574
1300378915	ID:33	RPL: Sending a multicast-DIO with rank 299
1300691324	ID:36	RPL: Sending a multicast-DIO with rank 678
1301338920	ID:32	RPL: Sending a multicast-DIO with rank 568
1301402081	ID:34	RPL: Sending a multicast-DIO with rank 574
1305378915	ID:33	RPL: Sending a multicast-DIO with rank 299
1305691324	ID:36	RPL: Sending a multicast-DIO with rank 678
1306338920	ID:32	RPL: Sending a multicast-DIO with rank 568
1306402081	ID:34	RPL: Sending a multicast-DIO with rank 574
1310378915	ID:33	RPL: Sending a multicast-DIO with rank 299
1310691324	ID:36	RPL: Sending a multicast-DIO with rank 678
1311338920	ID:32	RPL: Sending a multicast-DIO with rank 568
1311402081	ID:34	RPL: Sending a multicast-DIO with rank 574
1315378915	ID:33	RPL: Sending a multicast-DIO with rank 299
1315691324	ID:36	RPL: Sending a multicast-DIO with rank 678
1316338920	ID:32	RPL: Sending a multicast-DIO with rank 568
1316402081	ID:34	RPL: Sending a multicast-DIO with rank 574
1320378915	ID:33	RPL: Sending a multicast-DIO with rank 299
1320691324	ID:36	RPL: Sending a multicast-DIO with rank 678
1321338920	ID:32	RPL: Sending a multicast-DIO with rank 568
1321402081	ID:34	RPL: Sending a multicast-DIO with rank 574
1322516317	ID:35	RPL: Sending a DIS to fe80::c30c:0:0:7
1325378915	ID:33	RPL: Sending a multicast-DIO with rank 299
1325691324	ID:36	RPL: Sending a multicast-DIO with rank 678
1326338920	ID:32	RPL: Sending a multicast-DIO with rank 568
1326402081	ID:34	RPL: Sending a multicast-DIO with rank 574
1330378915	ID:33	RPL: Sending a multicast-DIO with rank 299
1330691324	ID:36	RPL: Sending a multicast-DIO with rank 678
1331338920	ID:32	RPL: Sending a multicast-DIO with rank 568
1331402081	ID:34	RPL: Sending a multicast-DIO with rank 574
1335378915	ID:33	RPL: Sending a multicast-DIO with rank 299
1335691324	ID:36	RPL: Sending a multicast-DIO with rank 678
1336338920	ID:32	RPL: Sending a multicast-DIO with rank 568
1336402081	ID:34	RPL: Sending a multicast-DIO with rank 574
1340378915	ID:33	RPL: Sending a multicast-DIO with rank 299
1340691324	ID:36	RPL: Sending a multicast-DIO with rank 678
1341338920	ID:32	RPL: Sending a multicast-DIO with rank 568
1341402081	ID:34	RPL: Sending a multicast-DIO with rank 574
1345378915	ID:33	RPL: Sending a multicast-DIO with rank 299
1345691324	ID:36	RPL: Sending a multicast-DIO with rank 678
1346338920	ID:32	RPL: Sending a multicast-DIO with rank 568
1346402081	ID:34	RPL: Sending a multicast-DIO with rank 574
1350378915	ID:33	RPL: Sending a multicast-DIO with rank 299
1350691324	ID:36	RPL: Sending a multicast-DIO with rank 678
1351338920	ID:32	RPL: Sending a multicast-DIO with rank 568
1351402081	ID:34	RPL: Sending a multicast-DIO with rank 574
1355378915	ID:33	RPL: Sending a multicast-DIO with rank 299
1355691324	ID:36	RPL: Sending a multicast-DIO with rank 678
1356338920	ID:32	RPL: Sending a multicast-DIO with rank 568
1356402081	ID:34	RPL: Sending a multicast-DIO with rank 574
1360378915	ID:33	RPL: Sending a multicast-DIO with rank 299
1360691324	ID:36	RPL: Sending a multicast-DIO with rank 678
1361338920	ID:32	RPL: Sending a multicast-DIO with rank 568
1361402081	ID:34	RPL: Sending a multicast-DIO with rank 574
1365378915	ID:33	RPL: Sending a multicast-DIO with rank 299
1365691324	ID:36	RPL: Sending a multicast-DIO with rank 678
1366338920	ID:32	RPL: Sending a multicast-DIO with rank 568
1366402081	ID:34	RPL: Sending a multicast-DIO with rank 574
1370378915	ID:33	RPL: Sending a multicast-DIO with rank 299
1370691324	ID:36	RPL: Sending a multicast-DIO with rank 678
1371338920	ID:32	RPL: Sending a multicast-DIO with rank 568
1371402081	ID:34	RPL: Sending a multicast-DIO with rank 574
1375378915	ID:33	RPL: Sending a multicast-DIO with rank 299
1375691324	ID:36	RPL: Sending a multicast-DIO with rank 678
1376338920	ID:32	RPL: Sending a multicast-DIO with rank 568
1376402081	ID:34	RPL: Sending a multicast-DIO with rank 574
1380378915	ID:33	RPL: Sending a multicast-DIO with rank 299
1380691324	ID:36	RPL: Sending a multicast-DIO with rank 678
1381338920	ID:32	RPL: Sending a multicast-DIO with rank 568
1381402081	ID:34	RPL: Sending a multicast-DIO with rank 574
1382516317	ID:35	RPL: Sending a DIS to fe80::c30c:0:0:7
1385378915	ID:33	RPL: Sending a multicast-DIO with rank 299
1385691324	ID:36	RPL: Sending a multicast-DIO with rank 678
1386338920	ID:32	RPL: Sending a multicast-DIO with rank 568
1386402081	ID:34	RPL: Sending a multicast-DIO with rank 574
1390378915	ID:33	RPL: Sending a multicast-DIO with rank 299
1390691324	ID:36	RPL: Sending a multicast-DIO with rank 678
1391338920	ID:32	RPL: Sending a multicast-DIO with rank 568
1391402081	ID:34	RPL: Sending a multicast-DIO with rank 574
1395378915	ID:33	RPL: Sending a multicast-DIO with rank 299
1395691324	ID:36	RPL: Sending a multicast-DIO with rank 678
1396338920	ID:32	RPL: Sending a multicast-DIO with rank 568
1396402081	ID:34	RPL: Sending a multicast-DIO with rank 574
1400378915	ID:33	RPL: Sending a multicast-DIO with rank 299
1400691324	ID:36	RPL: Sending a multicast-DIO with rank 678
1401338920	ID:32	RPL: Sending a multicast-DIO with rank 568
1401402081	ID:34	RPL: Sending a multicast-DIO with rank 574
1405378915	ID:33	RPL: Sending a multicast-DIO with rank 299
1405691324	ID:36	RPL: Sending a multicast-DIO with rank 678
1406338920	ID:32	RPL: Sending a multicast-DIO with rank 568
1406402081	ID:34	RPL: Sending a multicast-DIO with rank 574
1410378915	ID:33	RPL: Sending a multicast-DIO with rank 299
1410691324	ID:36	RPL: Sending a multicast-DIO with rank 678
1411338920	ID:32	RPL: Sending a multicast-DIO with rank 568
1411402081	ID:34	RPL: Sending a multicast-DIO with rank 574
1415378915	ID:33	RPL: Sending a multicast-DIO with rank 299
1415691324	ID:36	RPL: Sending a multicast-DIO with rank 678
1416338920	ID:32	RPL: Sending a multicast-DIO with rank 568
1416402081	ID:34	RPL: Sending a multicast-DIO with rank 574
1420378922	ID:33	RPL: Sending a multicast-DIO with rank 299
1420691324	ID:36	RPL: Sending a multicast-DIO with rank 678
1421338920	ID:32	RPL: Sending a multicast-DIO with rank 568
1421402081	ID:34	RPL: Sending a multicast-DIO with rank 574
1425378915	ID:33	RPL: Sending a multicast-DIO with rank 299
1425691324	ID:36	RPL: Sending a multicast-DIO with rank 678
1426338920	ID:32	RPL: Sending a multicast-DIO with rank 568
1426402081	ID:34	RPL: Sending a multicast-DIO with rank 574
1430378915	ID:33	RPL: Sending a multicast-DIO with rank 299
1430691324	ID:36	RPL: Sending a multicast-DIO with rank 678
1431338920	ID:32	RPL: Sending a multicast-DIO with rank 568
1431402081	ID:34	RPL: Sending a multicast-DIO with rank 574
1435378915	ID:33	RPL: Sending a multicast-DIO with rank 299
1435691324	ID:36	RPL: Sending a multicast-DIO with rank 678
1436338920	ID:32	RPL: Sending a multicast-DIO with rank 568
1436402081	ID:34	RPL: Sending a multicast-DIO with rank 574
1440378915	ID:33	RPL: Sending a multicast-DIO with rank 299
1440691324	ID:36	RPL: Sending a multicast-DIO with rank 678
1441338920	ID:32	RPL: Sending a multicast-DIO with rank 568
1441402081	ID:34	RPL: Sending a multicast-DIO with rank 574
1442516317	ID:35	RPL: Sending a DIS to fe80::c30c:0:0:7
1445378915	ID:33	RPL: Sending a multicast-DIO with rank 299
1445691324	ID:36	RPL: Sending a multicast-DIO with rank 678
1446338920	ID:32	RPL: Sending a multicast-DIO with rank 568
1446402081	ID:34	RPL: Sending a multicast-DIO with rank 574
1450378915	ID:33	RPL: Sending a multicast-DIO with rank 299
1450691324	ID:36	RPL: Sending a multicast-DIO with rank 678
1451338920	ID:32	RPL: Sending a multicast-DIO with rank 568
1451402081	ID:34	RPL: Sending a multicast-DIO with rank 574
1455378915	ID:33	RPL: Sending a multicast-DIO with rank 299
1455691324	ID:36	RPL: Sending a multicast-DIO with rank 678
1456338920	ID:32	RPL: Sending a multicast-DIO with rank 568
1456402081	ID:34	RPL: Sending a multicast-DIO with rank 574
1460378915	ID:33	RPL: Sending a multicast-DIO with rank 299
1460691324	ID:36	RPL: Sending a multicast-DIO with rank 678
1461338920	ID:32	RPL: Sending a multicast-DIO with rank 568
1461402088	ID:34	RPL: Sending a multicast-DIO with rank 574
1465378915	ID:33	RPL: Sending a multicast-DIO with rank 299
1465691324	ID:36	RPL: Sending a multicast-DIO with rank 678
1466338920	ID:32	RPL: Sending a multicast-DIO with rank 568
1466402081	ID:34	RPL: Sending a multicast-DIO with rank 574
1470378915	ID:33	RPL: Sending a multicast-DIO with rank 299
1470691324	ID:36	RPL: Sending a multicast-DIO with rank 678
1471338920	ID:32	RPL: Sending a multicast-DIO with rank 568
1471402081	ID:34	RPL: Sending a multicast-DIO with rank 574
1475378915	ID:33	RPL: Sending a multicast-DIO with rank 299
1475691324	ID:36	RPL: Sending a multicast-DIO with rank 678
1476338920	ID:32	RPL: Sending a multicast-DIO with rank 568
1476402081	ID:34	RPL: Sending a multicast-DIO with rank 574
1480378915	ID:33	RPL: Sending a multicast-DIO with rank 299
1480691324	ID:36	RPL: Sending a multicast-DIO with rank 678
1481338920	ID:32	RPL: Sending a multicast-DIO with rank 568
1481402081	ID:34	RPL: Sending a multicast-DIO with rank 574
1485378915	ID:33	RPL: Sending a multicast-DIO with rank 299
1485691331	ID:36	RPL: Sending a multicast-DIO with rank 678
1486338920	ID:32	RPL: Sending a multicast-DIO with rank 568
1486402081	ID:34	RPL: Sending a multicast-DIO with rank 574
1490378915	ID:33	RPL: Sending a multicast-DIO with rank 299
1490691324	ID:36	RPL: Sending a multicast-DIO with rank 678
1491338920	ID:32	RPL: Sending a multicast-DIO with rank 568
1491402081	ID:34	RPL: Sending a multicast-DIO with rank 574
1495378915	ID:33	RPL: Sending a multicast-DIO with rank 299
1495691324	ID:36	RPL: Sending a multicast-DIO with rank 678
1496338920	ID:32	RPL: Sending a multicast-DIO with rank 568
1496402081	ID:34	RPL: Sending a multicast-DIO with rank 574
1500378915	ID:33	RPL: Sending a multicast-DIO with rank 299
1500691324	ID:36	RPL: Sending a multicast-DIO with rank 678
1501338920	ID:32	RPL: Sending a multicast-DIO with rank 568
1501402081	ID:34	RPL: Sending a multicast-DIO with rank 574
1502516317	ID:35	RPL: Sending a DIS to fe80::c30c:0:0:7
1505378915	ID:33	RPL: Sending a multicast-DIO with rank 299
1505691324	ID:36	RPL: Sending a multicast-DIO with rank 678
1506338927	ID:32	RPL: Sending a multicast-DIO with rank 568
1506402081	ID:34	RPL: Sending a multicast-DIO with rank 574
1510378915	ID:33	RPL: Sending a multicast-DIO with rank 299
1510691324	ID:36	RPL: Sending a multicast-DIO with rank 678
1511338920	ID:32	RPL: Sending a multicast-DIO with rank 568
1511402081	ID:34	RPL: Sending a multicast-DIO with rank 574
1515378915	ID:33	RPL: Sending a multicast-DIO with rank 299
1515691324	ID:36	RPL: Sending a multicast-DIO with rank 678
1516338920	ID:32	RPL: Sending a multicast-DIO with rank 568
1516402081	ID:34	RPL: Sending a multicast-DIO with rank 574
1520378915	ID:33	RPL: Sending a multicast-DIO with rank 299
1520691324	ID:36	RPL: Sending a multicast-DIO with rank 678
1521338920	ID:32	RPL: Sending a multicast-DIO with rank 568
1521402081	ID:34	RPL: Sending a multicast-DIO with rank 574
1525378915	ID:33	RPL: Sending a multicast-DIO with rank 299
1525691324	ID:36	RPL: Sending a multicast-DIO with rank 678
1526338920	ID:32	RPL: Sending a multicast-DIO with rank 568
1526402081	ID:34	RPL: Sending a multicast-DIO with rank 574
1530378915	ID:33	RPL: Sending a multicast-DIO with rank 299
1530691324	ID:36	RPL: Sending a multicast-DIO with rank 678
1531338920	ID:32	RPL: Sending a multicast-DIO with rank 568
1531402081	ID:34	RPL: Sending a multicast-DIO with rank 574
1535378915	ID:33	RPL: Sending a multicast-DIO with rank 299
1535691324	ID:36	RPL: Sending a multicast-DIO with rank 678
1536338920	ID:32	RPL: Sending a multicast-DIO with rank 568
1536402081	ID:34	RPL: Sending a multicast-DIO with rank 574
1540378915	ID:33	RPL: Sending a multicast-DIO with rank 299
1540691324	ID:36	RPL: Sending a multicast-DIO with rank 678
1541338920	ID:32	RPL: Sending a multicast-DIO with rank 568
1541402081	ID:34	RPL: Sending a multicast-DIO with rank 574
1545378915	ID:33	RPL: Sending a multicast-DIO with rank 299
1545691324	ID:36	RPL: Sending a multicast-DIO with rank 678
1546338920	ID:32	RPL: Sending a multicast-DIO with rank 568
1546402081	ID:34	RPL: Sending a multicast-DIO with rank 574
1550378915	ID:33	RPL: Sending a multicast-DIO with rank 299
1550691324	ID:36	RPL: Sending a multicast-DIO with rank 678
1551338920	ID:32	RPL: Sending a multicast-DIO with rank 568
1551402081	ID:34	RPL: Sending a multicast-DIO with rank 574
1555378915	ID:33	RPL: Sending a multicast-DIO with rank 299
1555691324	ID:36	RPL: Sending a multicast-DIO with rank 678
1556338920	ID:32	RPL: Sending a multicast-DIO with rank 568
1556402081	ID:34	RPL: Sending a multicast-DIO with rank 574
1560378915	ID:33	RPL: Sending a multicast-DIO with rank 299
1560691324	ID:36	RPL: Sending a multicast-DIO with rank 678
1561338920	ID:32	RPL: Sending a multicast-DIO with rank 568
1561402081	ID:34	RPL: Sending a multicast-DIO with rank 574
1562516317	ID:35	RPL: Sending a DIS to fe80::c30c:0:0:7
1565378915	ID:33	RPL: Sending a multicast-DIO with rank 299
1565691324	ID:36	RPL: Sending a multicast-DIO with rank 678
1566338920	ID:32	RPL: Sending a multicast-DIO with rank 568
1566402081	ID:34	RPL: Sending a multicast-DIO with rank 574
1570378915	ID:33	RPL: Sending a multicast-DIO with rank 299
1570691324	ID:36	RPL: Sending a multicast-DIO with rank 678
1571338920	ID:32	RPL: Sending a multicast-DIO with rank 568
1571402081	ID:34	RPL: Sending a multicast-DIO with rank 574
1575378915	ID:33	RPL: Sending a multicast-DIO with rank 299
1575691324	ID:36	RPL: Sending a multicast-DIO with rank 678
1576338920	ID:32	RPL: Sending a multicast-DIO with rank 568
1576402081	ID:34	RPL: Sending a multicast-DIO with rank 574
1580378915	ID:33	RPL: Sending a multicast-DIO with rank 299
1580691324	ID:36	RPL: Sending a multicast-DIO with rank 678
1581338920	ID:32	RPL: Sending a multicast-DIO with rank 568
1581402081	ID:34	RPL: Sending a multicast-DIO with rank 574
1585378915	ID:33	RPL: Sending a multicast-DIO with rank 299
1585691324	ID:36	RPL: Sending a multicast-DIO with rank 678
1586338920	ID:32	RPL: Sending a multicast-DIO with rank 568
1586402081	ID:34	RPL: Sending a multicast-DIO with rank 574
1590378915	ID:33	RPL: Sending a multicast-DIO with rank 299
1590691324	ID:36	RPL: Sending a multicast-DIO with rank 678
1591338920	ID:32	RPL: Sending a multicast-DIO with rank 568
1591402081	ID:34	RPL: Sending a multicast-DIO with rank 574
1595378915	ID:33	RPL: Sending a multicast-DIO with rank 299
1595691324	ID:36	RPL: Sending a multicast-DIO with rank 678
1596338920	ID:32	RPL: Sending a multicast-DIO with rank 568
1596402081	ID:34	RPL: Sending a multicast-DIO with rank 574
1600378915	ID:33	RPL: Sending a multicast-DIO with rank 299
1600691324	ID:36	RPL: Sending a multicast-DIO with rank 678
1601338920	ID:32	RPL: Sending a multicast-DIO with rank 568
1601402081	ID:34	RPL: Sending a multicast-DIO with rank 574
1605378915	ID:33	RPL: Sending a multicast-DIO with rank 299
1605691324	ID:36	RPL: Sending a multicast-DIO with rank 678
1606338920	ID:32	RPL: Sending a multicast-DIO with rank 568
1606402081	ID:34	RPL: Sending a multicast-DIO with rank 574
1610378915	ID:33	RPL: Sending a multicast-DIO with rank 299
1610691324	ID:36	RPL: Sending a multicast-DIO with rank 678
1611338920	ID:32	RPL: Sending a multicast-DIO with rank 568
1611402081	ID:34	RPL: Sending a multicast-DIO with rank 574
1615378915	ID:33	RPL: Sending a multicast-DIO with rank 299
1615691324	ID:36	RPL: Sending a multicast-DIO with rank 678
1616338920	ID:32	RPL: Sending a multicast-DIO with rank 568
1616402081	ID:34	RPL: Sending a multicast-DIO with rank 574
1620378915	ID:33	RPL: Sending a multicast-DIO with rank 299
1620691324	ID:36	RPL: Sending a multicast-DIO with rank 678
1621338920	ID:32	RPL: Sending a multicast-DIO with rank 568
1621402081	ID:34	RPL: Sending a multicast-DIO with rank 574
1622516317	ID:35	RPL: Sending a DIS to fe80::c30c:0:0:7
1625378915	ID:33	RPL: Sending a multicast-DIO with rank 299
1625691324	ID:36	RPL: Sending a multicast-DIO with rank 678
1626338920	ID:32	RPL: Sending a multicast-DIO with rank 568
1626402081	ID:34	RPL: Sending a multicast-DIO with rank 574
1630378915	ID:33	RPL: Sending a multicast-DIO with rank 299
1630691324	ID:36	RPL: Sending a multicast-DIO with rank 678
1631338920	ID:32	RPL: Sending a multicast-DIO with rank 568
1631402081	ID:34	RPL: Sending a multicast-DIO with rank 574
1635378915	ID:33	RPL: Sending a multicast-DIO with rank 299
1635691324	ID:36	RPL: Sending a multicast-DIO with rank 678
1636338920	ID:32	RPL: Sending a multicast-DIO with rank 568
1636402081	ID:34	RPL: Sending a multicast-DIO with rank 574
1640378915	ID:33	RPL: Sending a multicast-DIO with rank 299
1640691324	ID:36	RPL: Sending a multicast-DIO with rank 678
1641338920	ID:32	RPL: Sending a multicast-DIO with rank 568
1641402081	ID:34	RPL: Sending a multicast-DIO with rank 574
1645378915	ID:33	RPL: Sending a multicast-DIO with rank 299
1645691324	ID:36	RPL: Sending a multicast-DIO with rank 678
1646338920	ID:32	RPL: Sending a multicast-DIO with rank 568
1646402081	ID:34	RPL: Sending a multicast-DIO with rank 574
1650378915	ID:33	RPL: Sending a multicast-DIO with rank 299
1650691324	ID:36	RPL: Sending a multicast-DIO with rank 678
1651338920	ID:32	RPL: Sending a multicast-DIO with rank 568
1651402081	ID:34	RPL: Sending a multicast-DIO with rank 574
1655378915	ID:33	RPL: Sending a multicast-DIO with rank 299
1655691324	ID:36	RPL: Sending a multicast-DIO with rank 678
1656338920	ID:32	RPL: Sending a multicast-DIO with rank 568
1656402081	ID:34	RPL: Sending a multicast-DIO with rank 574
1660378915	ID:33	RPL: Sending a multicast-DIO with rank 299
1660691324	ID:36	RPL: Sending a multicast-DIO with rank 678
1661338920	ID:32	RPL: Sending a multicast-DIO with rank 568
1661402081	ID:34	RPL: Sending a multicast-DIO with rank 574
1665378915	ID:33	RPL: Sending a multicast-DIO with rank 299
1665691324	ID:36	RPL: Sending a multicast-DIO with rank 678
1666338920	ID:32	RPL: Sending a multicast-DIO with rank 568
1666402081	ID:34	RPL: Sending a multicast-DIO with rank 574
1670378915	ID:33	RPL: Sending a multicast-DIO with rank 299
1670691324	ID:36	RPL: Sending a multicast-DIO with rank 678
1671338920	ID:32	RPL: Sending a multicast-DIO with rank 568
1671402081	ID:34	RPL: Sending a multicast-DIO with rank 574
1675378915	ID:33	RPL: Sending a multicast-DIO with rank 299
1675691324	ID:36	RPL: Sending a multicast-DIO with rank 678
1676338920	ID:32	RPL: Sending a multicast-DIO with rank 568
1676402081	ID:34	RPL: Sending a multicast-DIO with rank 574
1680378915	ID:33	RPL: Sending a multicast-DIO with rank 299
1680691324	ID:36	RPL: Sending a multicast-DIO with rank 678
1681338920	ID:32	RPL: Sending a multicast-DIO with rank 568
1681402081	ID:34	RPL: Sending a multicast-DIO with rank 574
1682516317	ID:35	RPL: Sending a DIS to fe80::c30c:0:0:7
1685378915	ID:33	RPL: Sending a multicast-DIO with rank 299
1685691324	ID:36	RPL: Sending a multicast-DIO with rank 678
1686338920	ID:32	RPL: Sending a multicast-DIO with rank 568
1686402081	ID:34	RPL: Sending a multicast-DIO with rank 574
1690378915	ID:33	RPL: Sending a multicast-DIO with rank 299
1690691324	ID:36	RPL: Sending a multicast-DIO with rank 678
1691338920	ID:32	RPL: Sending a multicast-DIO with rank 568
1691402081	ID:34	RPL: Sending a multicast-DIO with rank 574
1695378915	ID:33	RPL: Sending a multicast-DIO with rank 299
1695691324	ID:36	RPL: Sending a multicast-DIO with rank 678
1696338920	ID:32	RPL: Sending a multicast-DIO with rank 568
1696402081	ID:34	RPL: Sending a multicast-DIO with rank 574
1700378915	ID:33	RPL: Sending a multicast-DIO with rank 299
1700691324	ID:36	RPL: Sending a multicast-DIO with rank 678
1701338920	ID:32	RPL: Sending a multicast-DIO with rank 568
1701402081	ID:34	RPL: Sending a multicast-DIO with rank 574
1705378915	ID:33	RPL: Sending a multicast-DIO with rank 299
1705691324	ID:36	RPL: Sending a multicast-DIO with rank 678
1706338920	ID:32	RPL: Sending a multicast-DIO with rank 568
1706402081	ID:34	RPL: Sending a multicast-DIO with rank 574
1710378915	ID:33	RPL: Sending a multicast-DIO with rank 299
1710691324	ID:36	RPL: Sending a multicast-DIO with rank 678
1711338920	ID:32	RPL: Sending a multicast-DIO with rank 568
1711402081	ID:34	RPL: Sending a multicast-DIO with rank 574
1715378915	ID:33	RPL: Sending a multicast-DIO with rank 299
1715691324	ID:36	RPL: Sending a multicast-DIO with rank 678
1716338920	ID:32	RPL: Sending a multicast-DIO with rank 568
1716402081	ID:34	RPL: Sending a multicast-DIO with rank 574
1720378915	ID:33	RPL: Sending a multicast-DIO with rank 299
1720691324	ID:36	RPL: Sending a multicast-DIO with rank 678
1721338920	ID:32	RPL: Sending a multicast-DIO with rank 568
1721402081	ID:34	RPL: Sending a multicast-DIO with rank 574
1725378915	ID:33	RPL: Sending a multicast-DIO with rank 299
1725691324	ID:36	RPL: Sending a multicast-DIO with rank 678
1726338920	ID:32	RPL: Sending a multicast-DIO with rank 568
1726402081	ID:34	RPL: Sending a multicast-DIO with rank 574
1730378915	ID:33	RPL: Sending a multicast-DIO with rank 299
1730691324	ID:36	RPL: Sending a multicast-DIO with rank 678
1731338920	ID:32	RPL: Sending a multicast-DIO with rank 568
1731402081	ID:34	RPL: Sending a multicast-DIO with rank 574
1735378915	ID:33	RPL: Sending a multicast-DIO with rank 299
1735691324	ID:36	RPL: Sending a multicast-DIO with rank 678
1736338920	ID:32	RPL: Sending a multicast-DIO with rank 568
1736402081	ID:34	RPL: Sending a multicast-DIO with rank 574
1740378915	ID:33	RPL: Sending a multicast-DIO with rank 299
1740691324	ID:36	RPL: Sending a multicast-DIO with rank 678
1741338920	ID:32	RPL: Sending a multicast-DIO with rank 568
1741402081	ID:34	RPL: Sending a multicast-DIO with rank 574
1742516317	ID:35	RPL: Sending a DIS to fe80::c30c:0:0:7
1745378915	ID:33	RPL: Sending a multicast-DIO with rank 299
1745691324	ID:36	RPL: Sending a multicast-DIO with rank 678
1746338920	ID:32	RPL: Sending a multicast-DIO with rank 568
1746402081	ID:34	RPL: Sending a multicast-DIO with rank 574
1750378915	ID:33	RPL: Sending a multicast-DIO with rank 299
1750691324	ID:36	RPL: Sending a multicast-DIO with rank 678
1751338920	ID:32	RPL: Sending a multicast-DIO with rank 568
1751402081	ID:34	RPL: Sending a multicast-DIO with rank 574
1755378915	ID:33	RPL: Sending a multicast-DIO with rank 299
1755691324	ID:36	RPL: Sending a multicast-DIO with rank 678
1756338920	ID:32	RPL: Sending a multicast-DIO with rank 568
1756402081	ID:34	RPL: Sending a multicast-DIO with rank 574
1760378915	ID:33	RPL: Sending a multicast-DIO with rank 299
1760691324	ID:36	RPL: Sending a multicast-DIO with rank 678
1761338920	ID:32	RPL: Sending a multicast-DIO with rank 568
1761402081	ID:34	RPL: Sending a multicast-DIO with rank 574
1765378915	ID:33	RPL: Sending a multicast-DIO with rank 299
1765691324	ID:36	RPL: Sending a multicast-DIO with rank 678
1766338920	ID:32	RPL: Sending a multicast-DIO with rank 568
1766402081	ID:34	RPL: Sending a multicast-DIO with rank 574
1770378922	ID:33	RPL: Sending a multicast-DIO with rank 299
1770691324	ID:36	RPL: Sending a multicast-DIO with rank 678
1771338920	ID:32	RPL: Sending a multicast-DIO with rank 568
1771402081	ID:34	RPL: Sending a multicast-DIO with rank 574
1775378915	ID:33	RPL: Sending a multicast-DIO with rank 299
1775691324	ID:36	RPL: Sending a multicast-DIO with rank 678
1776338920	ID:32	RPL: Sending a multicast-DIO with rank 568
1776402081	ID:34	RPL: Sending a multicast-DIO with rank 574
1780378915	ID:33	RPL: Sending a multicast-DIO with rank 299
1780691324	ID:36	RPL: Sending a multicast-DIO with rank 678
1781338920	ID:32	RPL: Sending a multicast-DIO with rank 568
1781402081	ID:34	RPL: Sending a multicast-DIO with rank 574
1785378915	ID:33	RPL: Sending a multicast-DIO with rank 299
1785691324	ID:36	RPL: Sending a multicast-DIO with rank 678
1786338920	ID:32	RPL: Sending a multicast-DIO with rank 568
1786402081	ID:34	RPL: Sending a multicast-DIO with rank 574
1790378915	ID:33	RPL: Sending a multicast-DIO with rank 299
1790691324	ID:36	RPL: Sending a multicast-DIO with rank 678
1791338920	ID:32	RPL: Sending a multicast-DIO with rank 568
1791402081	ID:34	RPL: Sending a multicast-DIO with rank 574
1795378915	ID:33	RPL: Sending a multicast-DIO with rank 299
1795691324	ID:36	RPL: Sending a multicast-DIO with rank 678
1796338920	ID:32	RPL: Sending a multicast-DIO with rank 568
1796402081	ID:34	RPL: Sending a multicast-DIO with rank 574
