30242964	ID:34	RPL: Sending a DIS to fe80::c30c:0:0:6
30302321	ID:35	RPL: Sending a DIS to fe80::c30c:0:0:7
30340660	ID:32	RPL: Sending a DIS to fe80::c30c:0:0:3
30690661	ID:33	RPL: Sending a DIS to fe80::c30c:0:0:2
30882620	ID:36	RPL: Sending a DIS to fe80::c30c:0:0:8
34728256	ID:33	RPL: Received a DIO from fe80::c30c:0:0:2
34732027	ID:33	RPL: Incoming DIO (id, ver, rank) = (30,240,593)
34736525	ID:33	RPL: Incoming DIO (dag_id, pref) = (fd00::ff:fe00:1, 0)
34738780	ID:33	RPL: DIO option 4, length: 14
34744800	ID:33	RPL: DAG conf:dbl=8, min=12 red=10 maxinc=896 mininc=128 ocp=1 d_l=10 l_u=60
34747027	ID:33	RPL: DIO option 8, length: 30
34749295	ID:33	RPL: Copying prefix information
34757765	ID:33	RPL: Neighbor added to neighbor cache fe80::c30c:0:0:2, c1:0c:00:00:00:00:00:02
35546733	ID:36	RPL: Received a DIO from fe80::c30c:0:0:8
35550503	ID:36	RPL: Incoming DIO (id, ver, rank) = (30,240,591)
35555002	ID:36	RPL: Incoming DIO (dag_id, pref) = (fd00::ff:fe00:1, 0)
35557238	ID:36	RPL: DIO option 4, length: 14
35563257	ID:36	RPL: DAG conf:dbl=8, min=12 red=10 maxinc=896 mininc=128 ocp=1 d_l=10 l_u=60
35565483	ID:36	RPL: DIO option 8, length: 30
35567752	ID:36	RPL: Copying prefix information
35576484	ID:36	RPL: Neighbor added to neighbor cache fe80::c30c:0:0:8, c1:0c:00:00:00:00:00:08
36005348	ID:32	RPL: Received a DIO from fe80::c30c:0:0:3
36009119	ID:32	RPL: Incoming DIO (id, ver, rank) = (30,240,631)
36013618	ID:32	RPL: Incoming DIO (dag_id, pref) = (fd00::ff:fe00:1, 0)
36015882	ID:32	RPL: DIO option 4, length: 14
36021901	ID:32	RPL: DAG conf:dbl=8, min=12 red=10 maxinc=896 mininc=128 ocp=1 d_l=10 l_u=60
36024127	ID:32	RPL: DIO option 8, length: 30
36026396	ID:32	RPL: Copying prefix information
36035705	ID:32	RPL: Neighbor added to neighbor cache fe80::c30c:0:0:3, c1:0c:00:00:00:00:00:03
39764588	ID:33	RPL: Sending a multicast-DIO with rank 593
40584351	ID:36	RPL: Sending a multicast-DIO with rank 591
41042463	ID:32	RPL: Sending a multicast-DIO with rank 631
44764567	ID:33	RPL: Sending a multicast-DIO with rank 593
45584330	ID:36	RPL: Sending a multicast-DIO with rank 591
46042442	ID:32	RPL: Sending a multicast-DIO with rank 631
49764567	ID:33	RPL: Sending a multicast-DIO with rank 593
50584330	ID:36	RPL: Sending a multicast-DIO with rank 591
51042442	ID:32	RPL: Sending a multicast-DIO with rank 631
54764567	ID:33	RPL: Sending a multicast-DIO with rank 593
55584330	ID:36	RPL: Sending a multicast-DIO with rank 591
56042442	ID:32	RPL: Sending a multicast-DIO with rank 631
59094155	ID:35	RPL: Received a DIO from fe80::c30c:0:0:7
59097924	ID:35	RPL: Incoming DIO (id, ver, rank) = (30,240,685)
59102461	ID:35	RPL: Incoming DIO (dag_id, pref) = (fd00::ff:fe00:1, 0)
59104687	ID:35	RPL: DIO option 4, length: 14
59110706	ID:35	RPL: DAG conf:dbl=8, min=12 red=10 maxinc=896 mininc=128 ocp=1 d_l=10 l_u=60
59112932	ID:35	RPL: DIO option 8, length: 30
59115201	ID:35	RPL: Copying prefix information
59126405	ID:35	RPL: Neighbor added to neighbor cache fe80::c30c:0:0:7, c1:0c:00:00:00:00:00:07
59764567	ID:33	RPL: Sending a multicast-DIO with rank 593
60584330	ID:36	RPL: Sending a multicast-DIO with rank 591
61042442	ID:32	RPL: Sending a multicast-DIO with rank 631
64136863	ID:35	RPL: Sending a multicast-DIO with rank 685
64764567	ID:33	RPL: Sending a multicast-DIO with rank 593
65584330	ID:36	RPL: Sending a multicast-DIO with rank 591
66042441	ID:32	RPL: Sending a multicast-DIO with rank 631
69136842	ID:35	RPL: Sending a multicast-DIO with rank 685
69764567	ID:33	RPL: Sending a multicast-DIO with rank 593
70584330	ID:36	RPL: Sending a multicast-DIO with rank 591
71042441	ID:32	RPL: Sending a multicast-DIO with rank 631
74136842	ID:35	RPL: Sending a multicast-DIO with rank 685
74764567	ID:33	RPL: Sending a multicast-DIO with rank 593
75584330	ID:36	RPL: Sending a multicast-DIO with rank 591
76042441	ID:32	RPL: Sending a multicast-DIO with rank 631
79136842	ID:35	RPL: Sending a multicast-DIO with rank 685
79764567	ID:33	RPL: Sending a multicast-DIO with rank 593
80584330	ID:36	RPL: Sending a multicast-DIO with rank 591
81042441	ID:32	RPL: Sending a multicast-DIO with rank 631
83015789	ID:34	RPL: Sending a DIS to fe80::c30c:0:0:6
84136842	ID:35	RPL: Sending a multicast-DIO with rank 685
84764567	ID:33	RPL: Sending a multicast-DIO with rank 593
85584330	ID:36	RPL: Sending a multicast-DIO with rank 591
86042441	ID:32	RPL: Sending a multicast-DIO with rank 631
89136842	ID:35	RPL: Sending a multicast-DIO with rank 685
89764567	ID:33	RPL: Sending a multicast-DIO with rank 593
90584330	ID:36	RPL: Sending a multicast-DIO with rank 591
91042429	ID:32	RPL: Sending a multicast-DIO with rank 631
94136829	ID:35	RPL: Sending a multicast-DIO with rank 685
94764554	ID:33	RPL: Sending a multicast-DIO with rank 593
95584317	ID:36	RPL: Sending a multicast-DIO with rank 591
96042429	ID:32	RPL: Sending a multicast-DIO with rank 631
99136829	ID:35	RPL: Sending a multicast-DIO with rank 685
99764554	ID:33	RPL: Sending a multicast-DIO with rank 593
100584317	ID:36	RPL: Sending a multicast-DIO with rank 591
101042429	ID:32	RPL: Sending a multicast-DIO with rank 631
104136829	ID:35	RPL: Sending a multicast-DIO with rank 685
104764554	ID:33	RPL: Sending a multicast-DIO with rank 593
105584317	ID:36	RPL: Sending a multicast-DIO with rank 591
106042429	ID:32	RPL: Sending a multicast-DIO with rank 631
109136829	ID:35	RPL: Sending a multicast-DIO with rank 685
109764554	ID:33	RPL: Sending a multicast-DIO with rank 593
110584317	ID:36	RPL: Sending a multicast-DIO with rank 591
111042429	ID:32	RPL: Sending a multicast-DIO with rank 631
111522914	ID:34	RPL: Received a DIO from fe80::c30c:0:0:6
111526688	ID:34	RPL: Incoming DIO (id, ver, rank) = (30,240,537)
111531187	ID:34	RPL: Incoming DIO (dag_id, pref) = (fd00::ff:fe00:1, 0)
111533412	ID:34	RPL: DIO option 4, length: 14
111539432	ID:34	RPL: DAG conf:dbl=8, min=12 red=10 maxinc=896 mininc=128 ocp=1 d_l=10 l_u=60
111541699	ID:34	RPL: DIO option 8, length: 30
111543968	ID:34	RPL: Copying prefix information
114136829	ID:35	RPL: Sending a multicast-DIO with rank 685
114764554	ID:33	RPL: Sending a multicast-DIO with rank 593
115584317	ID:36	RPL: Sending a multicast-DIO with rank 591
116042429	ID:32	RPL: Sending a multicast-DIO with rank 631
119136829	ID:35	RPL: Sending a multicast-DIO with rank 685
119764554	ID:33	RPL: Sending a multicast-DIO with rank 593
120584317	ID:36	RPL: Sending a multicast-DIO with rank 591
121042429	ID:32	RPL: Sending a multicast-DIO with rank 631
124136829	ID:35	RPL: Sending a multicast-DIO with rank 685
124764554	ID:33	RPL: Sending a multicast-DIO with rank 593
125584317	ID:36	RPL: Sending a multicast-DIO with rank 591
126042429	ID:32	RPL: Sending a multicast-DIO with rank 631
129136829	ID:35	RPL: Sending a multicast-DIO with rank 685
129764554	ID:33	RPL: Sending a multicast-DIO with rank 593
130584317	ID:36	RPL: Sending a multicast-DIO with rank 591
131042429	ID:32	RPL: Sending a multicast-DIO with rank 631
134136829	ID:35	RPL: Sending a multicast-DIO with rank 685
134764554	ID:33	RPL: Sending a multicast-DIO with rank 593
135584317	ID:36	RPL: Sending a multicast-DIO with rank 591
136042429	ID:32	RPL: Sending a multicast-DIO with rank 631
139136829	ID:35	RPL: Sending a multicast-DIO with rank 685
139764554	ID:33	RPL: Sending a multicast-DIO with rank 593
140584317	ID:36	RPL: Sending a multicast-DIO with rank 591
141042429	ID:32	RPL: Sending a multicast-DIO with rank 631
143015791	ID:34	RPL: Sending a DIS to fe80::c30c:0:0:6
144136829	ID:35	RPL: Sending a multicast-DIO with rank 685
144764554	ID:33	RPL: Sending a multicast-DIO with rank 593
145584317	ID:36	RPL: Sending a multicast-DIO with rank 591
146042429	ID:32	RPL: Sending a multicast-DIO with rank 631
149136829	ID:35	RPL: Sending a multicast-DIO with rank 685
149764554	ID:33	RPL: Sending a multicast-DIO with rank 593
150584317	ID:36	RPL: Sending a multicast-DIO with rank 591
151042429	ID:32	RPL: Sending a multicast-DIO with rank 631
154136829	ID:35	RPL: Sending a multicast-DIO with rank 685
154764554	ID:33	RPL: Sending a multicast-DIO with rank 593
155584317	ID:36	RPL: Sending a multicast-DIO with rank 591
156042429	ID:32	RPL: Sending a multicast-DIO with rank 631
159136829	ID:35	RPL: Sending a multicast-DIO with rank 685
159764554	ID:33	RPL: Sending a multicast-DIO with rank 593
160584317	ID:36	RPL: Sending a multicast-DIO with rank 591
161042429	ID:32	RPL: Sending a multicast-DIO with rank 631
164136829	ID:35	RPL: Sending a multicast-DIO with rank 685
164764554	ID:33	RPL: Sending a multicast-DIO with rank 593
165584317	ID:36	RPL: Sending a multicast-DIO with rank 591
166042429	ID:32	RPL: Sending a multicast-DIO with rank 631
169136829	ID:35	RPL: Sending a multicast-DIO with rank 685
169764554	ID:33	RPL: Sending a multicast-DIO with rank 593
170584317	ID:36	RPL: Sending a multicast-DIO with rank 591
171042429	ID:32	RPL: Sending a multicast-DIO with rank 631
174136829	ID:35	RPL: Sending a multicast-DIO with rank 685
174764554	ID:33	RPL: Sending a multicast-DIO with rank 593
175584317	ID:36	RPL: Sending a multicast-DIO with rank 591
176042429	ID:32	RPL: Sending a multicast-DIO with rank 631
179136829	ID:35	RPL: Sending a multicast-DIO with rank 685
179764554	ID:33	RPL: Sending a multicast-DIO with rank 593
180584317	ID:36	RPL: Sending a multicast-DIO with rank 591
181042429	ID:32	RPL: Sending a multicast-DIO with rank 631
184136829	ID:35	RPL: Sending a multicast-DIO with rank 685
184764554	ID:33	RPL: Sending a multicast-DIO with rank 593
185584317	ID:36	RPL: Sending a multicast-DIO with rank 591
186042429	ID:32	RPL: Sending a multicast-DIO with rank 631
189136829	ID:35	RPL: Sending a multicast-DIO with rank 685
189764554	ID:33	RPL: Sending a multicast-DIO with rank 593
190584317	ID:36	RPL: Sending a multicast-DIO with rank 591
191042429	ID:32	RPL: Sending a multicast-DIO with rank 631
194136829	ID:35	RPL: Sending a multicast-DIO with rank 685
194764554	ID:33	RPL: Sending a multicast-DIO with rank 593
195584317	ID:36	RPL: Sending a multicast-DIO with rank 591
196042429	ID:32	RPL: Sending a multicast-DIO with rank 631
199136829	ID:35	RPL: Sending a multicast-DIO with rank 685
199764554	ID:33	RPL: Sending a multicast-DIO with rank 593
200584317	ID:36	RPL: Sending a multicast-DIO with rank 591
201042429	ID:32	RPL: Sending a multicast-DIO with rank 631
203015791	ID:34	RPL: Sending a DIS to fe80::c30c:0:0:6
204136829	ID:35	RPL: Sending a multicast-DIO with rank 685
204764554	ID:33	RPL: Sending a multicast-DIO with rank 593
205584317	ID:36	RPL: Sending a multicast-DIO with rank 591
206042429	ID:32	RPL: Sending a multicast-DIO with rank 631
209136829	ID:35	RPL: Sending a multicast-DIO with rank 685
209764554	ID:33	RPL: Sending a multicast-DIO with rank 593
210584317	ID:36	RPL: Sending a multicast-DIO with rank 591
211042429	ID:32	RPL: Sending a multicast-DIO with rank 631
214136829	ID:35	RPL: Sending a multicast-DIO with rank 685
214764554	ID:33	RPL: Sending a multicast-DIO with rank 593
215584317	ID:36	RPL: Sending a multicast-DIO with rank 591
216042429	ID:32	RPL: Sending a multicast-DIO with rank 631
219136829	ID:35	RPL: Sending a multicast-DIO with rank 685
219764554	ID:33	RPL: Sending a multicast-DIO with rank 593
220584317	ID:36	RPL: Sending a multicast-DIO with rank 591
221042429	ID:32	RPL: Sending a multicast-DIO with rank 631
224136829	ID:35	RPL: Sending a multicast-DIO with rank 685
224764554	ID:33	RPL: Sending a multicast-DIO with rank 593
225584317	ID:36	RPL: Sending a multicast-DIO with rank 591
226042429	ID:32	RPL: Sending a multicast-DIO with rank 631
229136829	ID:35	RPL: Sending a multicast-DIO with rank 685
229764554	ID:33	RPL: Sending a multicast-DIO with rank 593
230584317	ID:36	RPL: Sending a multicast-DIO with rank 591
231042429	ID:32	RPL: Sending a multicast-DIO with rank 631
234136829	ID:35	RPL: Sending a multicast-DIO with rank 685
234764554	ID:33	RPL: Sending a multicast-DIO with rank 593
235584317	ID:36	RPL: Sending a multicast-DIO with rank 591
236042429	ID:32	RPL: Sending a multicast-DIO with rank 631
239136829	ID:35	RPL: Sending a multicast-DIO with rank 685
239764554	ID:33	RPL: Sending a multicast-DIO with rank 593
240584317	ID:36	RPL: Sending a multicast-DIO with rank 591
241042429	ID:32	RPL: Sending a multicast-DIO with rank 631
244136829	ID:35	RPL: Sending a multicast-DIO with rank 685
244764554	ID:33	RPL: Sending a multicast-DIO with rank 593
245584317	ID:36	RPL: Sending a multicast-DIO with rank 591
246042429	ID:32	RPL: Sending a multicast-DIO with rank 631
249136829	ID:35	RPL: Sending a multicast-DIO with rank 685
249764554	ID:33	RPL: Sending a multicast-DIO with rank 593
250584317	ID:36	RPL: Sending a multicast-DIO with rank 591
251042429	ID:32	RPL: Sending a multicast-DIO with rank 631
254136829	ID:35	RPL: Sending a multicast-DIO with rank 685
254764554	ID:33	RPL: Sending a multicast-DIO with rank 593
255584317	ID:36	RPL: Sending a multicast-DIO with rank 591
256042429	ID:32	RPL: Sending a multicast-DIO with rank 631
259136829	ID:35	RPL: Sending a multicast-DIO with rank 685
259764554	ID:33	RPL: Sending a multicast-DIO with rank 593
260584317	ID:36	RPL: Sending a multicast-DIO with rank 591
261042429	ID:32	RPL: Sending a multicast-DIO with rank 631
263015791	ID:34	RPL: Sending a DIS to fe80::c30c:0:0:6
264136829	ID:35	RPL: Sending a multicast-DIO with rank 685
264764554	ID:33	RPL: Sending a multicast-DIO with rank 593
265584317	ID:36	RPL: Sending a multicast-DIO with rank 591
266042429	ID:32	RPL: Sending a multicast-DIO with rank 631
269136829	ID:35	RPL: Sending a multicast-DIO with rank 685
269764554	ID:33	RPL: Sending a multicast-DIO with rank 593
270584317	ID:36	RPL: Sending a multicast-DIO with rank 591
271042429	ID:32	RPL: Sending a multicast-DIO with rank 631
274136829	ID:35	RPL: Sending a multicast-DIO with rank 685
274764554	ID:33	RPL: Sending a multicast-DIO with rank 593
275584317	ID:36	RPL: Sending a multicast-DIO with rank 591
276042429	ID:32	RPL: Sending a multicast-DIO with rank 631
279136829	ID:35	RPL: Sending a multicast-DIO with rank 685
279764554	ID:33	RPL: Sending a multicast-DIO with rank 593
280584317	ID:36	RPL: Sending a multicast-DIO with rank 591
281042429	ID:32	RPL: Sending a multicast-DIO with rank 631
284136829	ID:35	RPL: Sending a multicast-DIO with rank 685
284764554	ID:33	RPL: Sending a multicast-DIO with rank 593
285584317	ID:36	RPL: Sending a multicast-DIO with rank 591
286042429	ID:32	RPL: Sending a multicast-DIO with rank 631
289136829	ID:35	RPL: Sending a multicast-DIO with rank 685
289764554	ID:33	RPL: Sending a multicast-DIO with rank 593
290584317	ID:36	RPL: Sending a multicast-DIO with rank 591
291042429	ID:32	RPL: Sending a multicast-DIO with rank 631
294136829	ID:35	RPL: Sending a multicast-DIO with rank 685
294764554	ID:33	RPL: Sending a multicast-DIO with rank 593
295584317	ID:36	RPL: Sending a multicast-DIO with rank 591
296042429	ID:32	RPL: Sending a multicast-DIO with rank 631
299136829	ID:35	RPL: Sending a multicast-DIO with rank 685
299764554	ID:33	RPL: Sending a multicast-DIO with rank 593
300584317	ID:36	RPL: Sending a multicast-DIO with rank 591
301042429	ID:32	RPL: Sending a multicast-DIO with rank 631
304136829	ID:35	RPL: Sending a multicast-DIO with rank 685
304764554	ID:33	RPL: Sending a multicast-DIO with rank 593
305584317	ID:36	RPL: Sending a multicast-DIO with rank 591
306042429	ID:32	RPL: Sending a multicast-DIO with rank 631
309136829	ID:35	RPL: Sending a multicast-DIO with rank 685
309764554	ID:33	RPL: Sending a multicast-DIO with rank 593
310584317	ID:36	RPL: Sending a multicast-DIO with rank 591
311042429	ID:32	RPL: Sending a multicast-DIO with rank 631
314136829	ID:35	RPL: Sending a multicast-DIO with rank 685
314764554	ID:33	RPL: Sending a multicast-DIO with rank 593
315584317	ID:36	RPL: Sending a multicast-DIO with rank 591
316042429	ID:32	RPL: Sending a multicast-DIO with rank 631
319136829	ID:35	RPL: Sending a multicast-DIO with rank 685
319764554	ID:33	RPL: Sending a multicast-DIO with rank 593
320584317	ID:36	RPL: Sending a multicast-DIO with rank 591
321042429	ID:32	RPL: Sending a multicast-DIO with rank 631
323015791	ID:34	RPL: Sending a DIS to fe80::c30c:0:0:6
324136829	ID:35	RPL: Sending a multicast-DIO with rank 685
324764554	ID:33	RPL: Sending a multicast-DIO with rank 593
325584317	ID:36	RPL: Sending a multicast-DIO with rank 591
326042429	ID:32	RPL: Sending a multicast-DIO with rank 631
329136829	ID:35	RPL: Sending a multicast-DIO with rank 685
329764554	ID:33	RPL: Sending a multicast-DIO with rank 593
330584317	ID:36	RPL: Sending a multicast-DIO with rank 591
331042429	ID:32	RPL: Sending a multicast-DIO with rank 631
334136829	ID:35	RPL: Sending a multicast-DIO with rank 685
334764554	ID:33	RPL: Sending a multicast-DIO with rank 593
335584317	ID:36	RPL: Sending a multicast-DIO with rank 591
336042429	ID:32	RPL: Sending a multicast-DIO with rank 631
339136829	ID:35	RPL: Sending a multicast-DIO with rank 685
339764554	ID:33	RPL: Sending a multicast-DIO with rank 593
340584317	ID:36	RPL: Sending a multicast-DIO with rank 591
341042429	ID:32	RPL: Sending a multicast-DIO with rank 631
344136829	ID:35	RPL: Sending a multicast-DIO with rank 685
344764554	ID:33	RPL: Sending a multicast-DIO with rank 593
345584317	ID:36	RPL: Sending a multicast-DIO with rank 591
346042429	ID:32	RPL: Sending a multicast-DIO with rank 631
349136829	ID:35	RPL: Sending a multicast-DIO with rank 685
349764561	ID:33	RPL: Sending a multicast-DIO with rank 593
350584317	ID:36	RPL: Sending a multicast-DIO with rank 591
351042429	ID:32	RPL: Sending a multicast-DIO with rank 631
354136829	ID:35	RPL: Sending a multicast-DIO with rank 685
354764554	ID:33	RPL: Sending a multicast-DIO with rank 593
355584317	ID:36	RPL: Sending a multicast-DIO with rank 591
356042436	ID:32	RPL: Sending a multicast-DIO with rank 631
359136829	ID:35	RPL: Sending a multicast-DIO with rank 685
359764554	ID:33	RPL: Sending a multicast-DIO with rank 593
360584317	ID:36	RPL: Sending a multicast-DIO with rank 591
361042429	ID:32	RPL: Sending a multicast-DIO with rank 631
364136829	ID:35	RPL: Sending a multicast-DIO with rank 685
364764554	ID:33	RPL: Sending a multicast-DIO with rank 593
365584317	ID:36	RPL: Sending a multicast-DIO with rank 591
366042429	ID:32	RPL: Sending a multicast-DIO with rank 631
369136829	ID:35	RPL: Sending a multicast-DIO with rank 685
369764554	ID:33	RPL: Sending a multicast-DIO with rank 593
370584317	ID:36	RPL: Sending a multicast-DIO with rank 591
371042429	ID:32	RPL: Sending a multicast-DIO with rank 631
374136829	ID:35	RPL: Sending a multicast-DIO with rank 685
374764554	ID:33	RPL: Sending a multicast-DIO with rank 593
375584317	ID:36	RPL: Sending a multicast-DIO with rank 591
376042429	ID:32	RPL: Sending a multicast-DIO with rank 631
379136829	ID:35	RPL: Sending a multicast-DIO with rank 685
379764554	ID:33	RPL: Sending a multicast-DIO with rank 593
380584317	ID:36	RPL: Sending a multicast-DIO with rank 591
381042429	ID:32	RPL: Sending a multicast-DIO with rank 631
383015791	ID:34	RPL: Sending a DIS to fe80::c30c:0:0:6
384136829	ID:35	RPL: Sending a multicast-DIO with rank 685
384764554	ID:33	RPL: Sending a multicast-DIO with rank 593
385584317	ID:36	RPL: Sending a multicast-DIO with rank 591
386042429	ID:32	RPL: Sending a multicast-DIO with rank 631
389136829	ID:35	RPL: Sending a multicast-DIO with rank 685
389764554	ID:33	RPL: Sending a multicast-DIO with rank 593
390584317	ID:36	RPL: Sending a multicast-DIO with rank 591
391042429	ID:32	RPL: Sending a multicast-DIO with rank 631
394136829	ID:35	RPL: Sending a multicast-DIO with rank 685
394764554	ID:33	RPL: Sending a multicast-DIO with rank 593
395584317	ID:36	RPL: Sending a multicast-DIO with rank 591
396042429	ID:32	RPL: Sending a multicast-DIO with rank 631
399136829	ID:35	RPL: Sending a multicast-DIO with rank 685
399764554	ID:33	RPL: Sending a multicast-DIO with rank 593
400584317	ID:36	RPL: Sending a multicast-DIO with rank 591
401042429	ID:32	RPL: Sending a multicast-DIO with rank 631
404136829	ID:35	RPL: Sending a multicast-DIO with rank 685
404764554	ID:33	RPL: Sending a multicast-DIO with rank 593
405584317	ID:36	RPL: Sending a multicast-DIO with rank 591
406042429	ID:32	RPL: Sending a multicast-DIO with rank 631
409136829	ID:35	RPL: Sending a multicast-DIO with rank 685
409764554	ID:33	RPL: Sending a multicast-DIO with rank 593
410584317	ID:36	RPL: Sending a multicast-DIO with rank 591
411042429	ID:32	RPL: Sending a multicast-DIO with rank 631
414136829	ID:35	RPL: Sending a multicast-DIO with rank 685
414764554	ID:33	RPL: Sending a multicast-DIO with rank 593
415584317	ID:36	RPL: Sending a multicast-DIO with rank 591
416042429	ID:32	RPL: Sending a multicast-DIO with rank 631
419136829	ID:35	RPL: Sending a multicast-DIO with rank 685
419764554	ID:33	RPL: Sending a multicast-DIO with rank 593
420584324	ID:36	RPL: Sending a multicast-DIO with rank 591
421042429	ID:32	RPL: Sending a multicast-DIO with rank 631
424136829	ID:35	RPL: Sending a multicast-DIO with rank 685
424764554	ID:33	RPL: Sending a multicast-DIO with rank 593
425584317	ID:36	RPL: Sending a multicast-DIO with rank 591
426042429	ID:32	RPL: Sending a multicast-DIO with rank 631
429136829	ID:35	RPL: Sending a multicast-DIO with rank 685
429764554	ID:33	RPL: Sending a multicast-DIO with rank 593
430584317	ID:36	RPL: Sending a multicast-DIO with rank 591
431042429	ID:32	RPL: Sending a multicast-DIO with rank 631
434136829	ID:35	RPL: Sending a multicast-DIO with rank 685
434764554	ID:33	RPL: Sending a multicast-DIO with rank 593
435584317	ID:36	RPL: Sending a multicast-DIO with rank 591
436042429	ID:32	RPL: Sending a multicast-DIO with rank 631
439136829	ID:35	RPL: Sending a multicast-DIO with rank 685
439764554	ID:33	RPL: Sending a multicast-DIO with rank 593
440584317	ID:36	RPL: Sending a multicast-DIO with rank 591
441042429	ID:32	RPL: Sending a multicast-DIO with rank 631
443015791	ID:34	RPL: Sending a DIS to fe80::c30c:0:0:6
444136829	ID:35	RPL: Sending a multicast-DIO with rank 685
444764554	ID:33	RPL: Sending a multicast-DIO with rank 593
445584317	ID:36	RPL: Sending a multicast-DIO with rank 591
446042429	ID:32	RPL: Sending a multicast-DIO with rank 631
449136836	ID:35	RPL: Sending a multicast-DIO with rank 685
449764554	ID:33	RPL: Sending a multicast-DIO with rank 593
450584317	ID:36	RPL: Sending a multicast-DIO with rank 591
451042429	ID:32	RPL: Sending a multicast-DIO with rank 631
454136829	ID:35	RPL: Sending a multicast-DIO with rank 685
454764554	ID:33	RPL: Sending a multicast-DIO with rank 593
455584317	ID:36	RPL: Sending a multicast-DIO with rank 591
456042429	ID:32	RPL: Sending a multicast-DIO with rank 631
459136829	ID:35	RPL: Sending a multicast-DIO with rank 685
459764554	ID:33	RPL: Sending a multicast-DIO with rank 593
460584317	ID:36	RPL: Sending a multicast-DIO with rank 591
461042429	ID:32	RPL: Sending a multicast-DIO with rank 631
464136829	ID:35	RPL: Sending a multicast-DIO with rank 685
464764554	ID:33	RPL: Sending a multicast-DIO with rank 593
465584317	ID:36	RPL: Sending a multicast-DIO with rank 591
466042429	ID:32	RPL: Sending a multicast-DIO with rank 631
469136829	ID:35	RPL: Sending a multicast-DIO with rank 685
469764554	ID:33	RPL: Sending a multicast-DIO with rank 593
470584317	ID:36	RPL: Sending a multicast-DIO with rank 591
471042429	ID:32	RPL: Sending a multicast-DIO with rank 631
474136829	ID:35	RPL: Sending a multicast-DIO with rank 685
474764554	ID:33	RPL: Sending a multicast-DIO with rank 593
475584317	ID:36	RPL: Sending a multicast-DIO with rank 591
476042429	ID:32	RPL: Sending a multicast-DIO with rank 631
479136829	ID:35	RPL: Sending a multicast-DIO with rank 685
479764554	ID:33	RPL: Sending a multicast-DIO with rank 593
480584317	ID:36	RPL: Sending a multicast-DIO with rank 591
481042429	ID:32	RPL: Sending a multicast-DIO with rank 631
484136829	ID:35	RPL: Sending a multicast-DIO with rank 685
484764554	ID:33	RPL: Sending a multicast-DIO with rank 593
485584317	ID:36	RPL: Sending a multicast-DIO with rank 591
486042429	ID:32	RPL: Sending a multicast-DIO with rank 631
489136829	ID:35	RPL: Sending a multicast-DIO with rank 685
489764554	ID:33	RPL: Sending a multicast-DIO with rank 593
490584317	ID:36	RPL: Sending a multicast-DIO with rank 591
491042429	ID:32	RPL: Sending a multicast-DIO with rank 631
494136829	ID:35	RPL: Sending a multicast-DIO with rank 685
494764554	ID:33	RPL: Sending a multicast-DIO with rank 593
495584317	ID:36	RPL: Sending a multicast-DIO with rank 591
496042429	ID:32	RPL: Sending a multicast-DIO with rank 631
499136829	ID:35	RPL: Sending a multicast-DIO with rank 685
499764554	ID:33	RPL: Sending a multicast-DIO with rank 593
500584317	ID:36	RPL: Sending a multicast-DIO with rank 591
501042429	ID:32	RPL: Sending a multicast-DIO with rank 631
503015791	ID:34	RPL: Sending a DIS to fe80::c30c:0:0:6
504136829	ID:35	RPL: Sending a multicast-DIO with rank 685
504764554	ID:33	RPL: Sending a multicast-DIO with rank 593
505584317	ID:36	RPL: Sending a multicast-DIO with rank 591
506042429	ID:32	RPL: Sending a multicast-DIO with rank 631
509136829	ID:35	RPL: Sending a multicast-DIO with rank 685
509764554	ID:33	RPL: Sending a multicast-DIO with rank 593
510584317	ID:36	RPL: Sending a multicast-DIO with rank 591
511042429	ID:32	RPL: Sending a multicast-DIO with rank 631
514136829	ID:35	RPL: Sending a multicast-DIO with rank 685
514764554	ID:33	RPL: Sending a multicast-DIO with rank 593
515584317	ID:36	RPL: Sending a multicast-DIO with rank 591
516042429	ID:32	RPL: Sending a multicast-DIO with rank 631
519136829	ID:35	RPL: Sending a multicast-DIO with rank 685
519764554	ID:33	RPL: Sending a multicast-DIO with rank 593
520584317	ID:36	RPL: Sending a multicast-DIO with rank 591
521042429	ID:32	RPL: Sending a multicast-DIO with rank 631
524136829	ID:35	RPL: Sending a multicast-DIO with rank 685
524764554	ID:33	RPL: Sending a multicast-DIO with rank 593
525584317	ID:36	RPL: Sending a multicast-DIO with rank 591
526042429	ID:32	RPL: Sending a multicast-DIO with rank 631
529136829	ID:35	RPL: Sending a multicast-DIO with rank 685
529764554	ID:33	RPL: Sending a multicast-DIO with rank 593
530584317	ID:36	RPL: Sending a multicast-DIO with rank 591
531042429	ID:32	RPL: Sending a multicast-DIO with rank 631
534136829	ID:35	RPL: Sending a multicast-DIO with rank 685
534764554	ID:33	RPL: Sending a multicast-DIO with rank 593
535584317	ID:36	RPL: Sending a multicast-DIO with rank 591
536042429	ID:32	RPL: Sending a multicast-DIO with rank 631
539136829	ID:35	RPL: Sending a multicast-DIO with rank 685
539764554	ID:33	RPL: Sending a multicast-DIO with rank 593
540584317	ID:36	RPL: Sending a multicast-DIO with rank 591
541042429	ID:32	RPL: Sending a multicast-DIO with rank 631
544136829	ID:35	RPL: Sending a multicast-DIO with rank 685
544764554	ID:33	RPL: Sending a multicast-DIO with rank 593
545584317	ID:36	RPL: Sending a multicast-DIO with rank 591
546042429	ID:32	RPL: Sending a multicast-DIO with rank 631
549136829	ID:35	RPL: Sending a multicast-DIO with rank 685
549764554	ID:33	RPL: Sending a multicast-DIO with rank 593
550584317	ID:36	RPL: Sending a multicast-DIO with rank 591
551042429	ID:32	RPL: Sending a multicast-DIO with rank 631
554136829	ID:35	RPL: Sending a multicast-DIO with rank 685
554764554	ID:33	RPL: Sending a multicast-DIO with rank 593
555584317	ID:36	RPL: Sending a multicast-DIO with rank 591
556042429	ID:32	RPL: Sending a multicast-DIO with rank 631
559136829	ID:35	RPL: Sending a multicast-DIO with rank 685
559764554	ID:33	RPL: Sending a multicast-DIO with rank 593
560584317	ID:36	RPL: Sending a multicast-DIO with rank 591
561042429	ID:32	RPL: Sending a multicast-DIO with rank 631
563015791	ID:34	RPL: Sending a DIS to fe80::c30c:0:0:6
564136829	ID:35	RPL: Sending a multicast-DIO with rank 685
564764554	ID:33	RPL: Sending a multicast-DIO with rank 593
565584317	ID:36	RPL: Sending a multicast-DIO with rank 591
566042429	ID:32	RPL: Sending a multicast-DIO with rank 631
569136829	ID:35	RPL: Sending a multicast-DIO with rank 685
569764554	ID:33	RPL: Sending a multicast-DIO with rank 593
570584317	ID:36	RPL: Sending a multicast-DIO with rank 591
571042429	ID:32	RPL: Sending a multicast-DIO with rank 631
574136829	ID:35	RPL: Sending a multicast-DIO with rank 685
574764554	ID:33	RPL: Sending a multicast-DIO with rank 593
575584317	ID:36	RPL: Sending a multicast-DIO with rank 591
576042429	ID:32	RPL: Sending a multicast-DIO with rank 631
579136829	ID:35	RPL: Sending a multicast-DIO with rank 685
579764554	ID:33	RPL: Sending a multicast-DIO with rank 593
580584317	ID:36	RPL: Sending a multicast-DIO with rank 591
581042429	ID:32	RPL: Sending a multicast-DIO with rank 631
584136829	ID:35	RPL: Sending a multicast-DIO with rank 685
584764554	ID:33	RPL: Sending a multicast-DIO with rank 593
585584317	ID:36	RPL: Sending a multicast-DIO with rank 591
586042429	ID:32	RPL: Sending a multicast-DIO with rank 631
589136829	ID:35	RPL: Sending a multicast-DIO with rank 685
589764554	ID:33	RPL: Sending a multicast-DIO with rank 593
590584317	ID:36	RPL: Sending a multicast-DIO with rank 591
591042429	ID:32	RPL: Sending a multicast-DIO with rank 631
594136829	ID:35	RPL: Sending a multicast-DIO with rank 685
594764554	ID:33	RPL: Sending a multicast-DIO with rank 593
595584317	ID:36	RPL: Sending a multicast-DIO with rank 591
596042429	ID:32	RPL: Sending a multicast-DIO with rank 631
599136829	ID:35	RPL: Sending a multicast-DIO with rank 685
599764554	ID:33	RPL: Sending a multicast-DIO with rank 593
600584317	ID:36	RPL: Sending a multicast-DIO with rank 591
601042429	ID:32	RPL: Sending a multicast-DIO with rank 631
604136829	ID:35	RPL: Sending a multicast-DIO with rank 685
604764554	ID:33	RPL: Sending a multicast-DIO with rank 593
605584317	ID:36	RPL: Sending a multicast-DIO with rank 591
606042429	ID:32	RPL: Sending a multicast-DIO with rank 631
609136829	ID:35	RPL: Sending a multicast-DIO with rank 685
609764554	ID:33	RPL: Sending a multicast-DIO with rank 593
610584317	ID:36	RPL: Sending a multicast-DIO with rank 591
611042429	ID:32	RPL: Sending a multicast-DIO with rank 631
614136829	ID:35	RPL: Sending a multicast-DIO with rank 685
614764554	ID:33	RPL: Sending a multicast-DIO with rank 593
615584317	ID:36	RPL: Sending a multicast-DIO with rank 591
616042429	ID:32	RPL: Sending a multicast-DIO with rank 631
619136829	ID:35	RPL: Sending a multicast-DIO with rank 685
619764554	ID:33	RPL: Sending a multicast-DIO with rank 593
620584317	ID:36	RPL: Sending a multicast-DIO with rank 591
621042429	ID:32	RPL: Sending a multicast-DIO with rank 631
623015791	ID:34	RPL: Sending a DIS to fe80::c30c:0:0:6
624136829	ID:35	RPL: Sending a multicast-DIO with rank 685
624764554	ID:33	RPL: Sending a multicast-DIO with rank 593
625584317	ID:36	RPL: Sending a multicast-DIO with rank 591
626042429	ID:32	RPL: Sending a multicast-DIO with rank 631
629136829	ID:35	RPL: Sending a multicast-DIO with rank 685
629764554	ID:33	RPL: Sending a multicast-DIO with rank 593
630584317	ID:36	RPL: Sending a multicast-DIO with rank 591
631042429	ID:32	RPL: Sending a multicast-DIO with rank 631
634136829	ID:35	RPL: Sending a multicast-DIO with rank 685
634764554	ID:33	RPL: Sending a multicast-DIO with rank 593
635584317	ID:36	RPL: Sending a multicast-DIO with rank 591
636042429	ID:32	RPL: Sending a multicast-DIO with rank 631
639136829	ID:35	RPL: Sending a multicast-DIO with rank 685
639764554	ID:33	RPL: Sending a multicast-DIO with rank 593
640584317	ID:36	RPL: Sending a multicast-DIO with rank 591
641042429	ID:32	RPL: Sending a multicast-DIO with rank 631
644136829	ID:35	RPL: Sending a multicast-DIO with rank 685
644764554	ID:33	RPL: Sending a multicast-DIO with rank 593
645584317	ID:36	RPL: Sending a multicast-DIO with rank 591
646042429	ID:32	RPL: Sending a multicast-DIO with rank 631
649136829	ID:35	RPL: Sending a multicast-DIO with rank 685
649764554	ID:33	RPL: Sending a multicast-DIO with rank 593
650584317	ID:36	RPL: Sending a multicast-DIO with rank 591
651042429	ID:32	RPL: Sending a multicast-DIO with rank 631
654136829	ID:35	RPL: Sending a multicast-DIO with rank 685
654764554	ID:33	RPL: Sending a multicast-DIO with rank 593
655584317	ID:36	RPL: Sending a multicast-DIO with rank 591
656042429	ID:32	RPL: Sending a multicast-DIO with rank 631
659136829	ID:35	RPL: Sending a multicast-DIO with rank 685
659764554	ID:33	RPL: Sending a multicast-DIO with rank 593
660584317	ID:36	RPL: Sending a multicast-DIO with rank 591
661042429	ID:32	RPL: Sending a multicast-DIO with rank 631
664136829	ID:35	RPL: Sending a multicast-DIO with rank 685
664764554	ID:33	RPL: Sending a multicast-DIO with rank 593
665584317	ID:36	RPL: Sending a multicast-DIO with rank 591
666042429	ID:32	RPL: Sending a multicast-DIO with rank 631
669136829	ID:35	RPL: Sending a multicast-DIO with rank 685
669764554	ID:33	RPL: Sending a multicast-DIO with rank 593
670584317	ID:36	RPL: Sending a multicast-DIO with rank 591
671042429	ID:32	RPL: Sending a multicast-DIO with rank 631
674136829	ID:35	RPL: Sending a multicast-DIO with rank 685
674764554	ID:33	RPL: Sending a multicast-DIO with rank 593
675584317	ID:36	RPL: Sending a multicast-DIO with rank 591
676042429	ID:32	RPL: Sending a multicast-DIO with rank 631
679136829	ID:35	RPL: Sending a multicast-DIO with rank 685
679764554	ID:33	RPL: Sending a multicast-DIO with rank 593
680584317	ID:36	RPL: Sending a multicast-DIO with rank 591
681042429	ID:32	RPL: Sending a multicast-DIO with rank 631
683015791	ID:34	RPL: Sending a DIS to fe80::c30c:0:0:6
684136829	ID:35	RPL: Sending a multicast-DIO with rank 685
684764554	ID:33	RPL: Sending a multicast-DIO with rank 593
685584317	ID:36	RPL: Sending a multicast-DIO with rank 591
686042429	ID:32	RPL: Sending a multicast-DIO with rank 631
689136829	ID:35	RPL: Sending a multicast-DIO with rank 685
689764555	ID:33	RPL: Sending a multicast-DIO with rank 593
690584318	ID:36	RPL: Sending a multicast-DIO with rank 591
691042429	ID:32	RPL: Sending a multicast-DIO with rank 631
694136830	ID:35	RPL: Sending a multicast-DIO with rank 685
694764555	ID:33	RPL: Sending a multicast-DIO with rank 593
695584318	ID:36	RPL: Sending a multicast-DIO with rank 591
696042429	ID:32	RPL: Sending a multicast-DIO with rank 631
699136830	ID:35	RPL: Sending a multicast-DIO with rank 685
699764555	ID:33	RPL: Sending a multicast-DIO with rank 593
700584318	ID:36	RPL: Sending a multicast-DIO with rank 591
701042429	ID:32	RPL: Sending a multicast-DIO with rank 631
704136829	ID:35	RPL: Sending a multicast-DIO with rank 685
704764555	ID:33	RPL: Sending a multicast-DIO with rank 593
705584318	ID:36	RPL: Sending a multicast-DIO with rank 591
706042429	ID:32	RPL: Sending a multicast-DIO with rank 631
709136830	ID:35	RPL: Sending a multicast-DIO with rank 685
709764555	ID:33	RPL: Sending a multicast-DIO with rank 593
710584318	ID:36	RPL: Sending a multicast-DIO with rank 591
711042429	ID:32	RPL: Sending a multicast-DIO with rank 631
714136830	ID:35	RPL: Sending a multicast-DIO with rank 685
714764555	ID:33	RPL: Sending a multicast-DIO with rank 593
715584318	ID:36	RPL: Sending a multicast-DIO with rank 591
716042429	ID:32	RPL: Sending a multicast-DIO with rank 631
719136829	ID:35	RPL: Sending a multicast-DIO with rank 685
719764555	ID:33	RPL: Sending a multicast-DIO with rank 593
720584318	ID:36	RPL: Sending a multicast-DIO with rank 591
721042429	ID:32	RPL: Sending a multicast-DIO with rank 631
724136830	ID:35	RPL: Sending a multicast-DIO with rank 685
724764555	ID:33	RPL: Sending a multicast-DIO with rank 593
725584318	ID:36	RPL: Sending a multicast-DIO with rank 591
726042429	ID:32	RPL: Sending a multicast-DIO with rank 631
729136830	ID:35	RPL: Sending a multicast-DIO with rank 685
729764555	ID:33	RPL: Sending a multicast-DIO with rank 593
730584318	ID:36	RPL: Sending a multicast-DIO with rank 591
731042429	ID:32	RPL: Sending a multicast-DIO with rank 631
734136829	ID:35	RPL: Sending a multicast-DIO with rank 685
734764561	ID:33	RPL: Sending a multicast-DIO with rank 593
735584324	ID:36	RPL: Sending a multicast-DIO with rank 591
736042429	ID:32	RPL: Sending a multicast-DIO with rank 631
739136830	ID:35	RPL: Sending a multicast-DIO with rank 685
739764555	ID:33	RPL: Sending a multicast-DIO with rank 593
740584318	ID:36	RPL: Sending a multicast-DIO with rank 591
741042429	ID:32	RPL: Sending a multicast-DIO with rank 631
743015792	ID:34	RPL: Sending a DIS to fe80::c30c:0:0:6
744136830	ID:35	RPL: Sending a multicast-DIO with rank 685
744764555	ID:33	RPL: Sending a multicast-DIO with rank 593
745584318	ID:36	RPL: Sending a multicast-DIO with rank 591
746042429	ID:32	RPL: Sending a multicast-DIO with rank 631
749136829	ID:35	RPL: Sending a multicast-DIO with rank 685
749764555	ID:33	RPL: Sending a multicast-DIO with rank 593
750584318	ID:36	RPL: Sending a multicast-DIO with rank 591
751042429	ID:32	RPL: Sending a multicast-DIO with rank 631
754136830	ID:35	RPL: Sending a multicast-DIO with rank 685
754764555	ID:33	RPL: Sending a multicast-DIO with rank 593
755584318	ID:36	RPL: Sending a multicast-DIO with rank 591
756042429	ID:32	RPL: Sending a multicast-DIO with rank 631
759136830	ID:35	RPL: Sending a multicast-DIO with rank 685
759764555	ID:33	RPL: Sending a multicast-DIO with rank 593
760584317	ID:36	RPL: Sending a multicast-DIO with rank 591
761042429	ID:32	RPL: Sending a multicast-DIO with rank 631
764136829	ID:35	RPL: Sending a multicast-DIO with rank 685
764764555	ID:33	RPL: Sending a multicast-DIO with rank 593
765584318	ID:36	RPL: Sending a multicast-DIO with rank 591
766042429	ID:32	RPL: Sending a multicast-DIO with rank 631
769136830	ID:35	RPL: Sending a multicast-DIO with rank 685
769764555	ID:33	RPL: Sending a multicast-DIO with rank 593
770584318	ID:36	RPL: Sending a multicast-DIO with rank 591
771042429	ID:32	RPL: Sending a multicast-DIO with rank 631
774136830	ID:35	RPL: Sending a multicast-DIO with rank 685
774764555	ID:33	RPL: Sending a multicast-DIO with rank 593
775584318	ID:36	RPL: Sending a multicast-DIO with rank 591
776042429	ID:32	RPL: Sending a multicast-DIO with rank 631
779136829	ID:35	RPL: Sending a multicast-DIO with rank 685
779764555	ID:33	RPL: Sending a multicast-DIO with rank 593
780584318	ID:36	RPL: Sending a multicast-DIO with rank 591
781042429	ID:32	RPL: Sending a multicast-DIO with rank 631
784136830	ID:35	RPL: Sending a multicast-DIO with rank 685
784764555	ID:33	RPL: Sending a multicast-DIO with rank 593
785584318	ID:36	RPL: Sending a multicast-DIO with rank 591
786042429	ID:32	RPL: Sending a multicast-DIO with rank 631
789136830	ID:35	RPL: Sending a multicast-DIO with rank 685
789764555	ID:33	RPL: Sending a multicast-DIO with rank 593
790584318	ID:36	RPL: Sending a multicast-DIO with rank 591
791042429	ID:32	RPL: Sending a multicast-DIO with rank 631
794136829	ID:35	RPL: Sending a multicast-DIO with rank 685
794764555	ID:33	RPL: Sending a multicast-DIO with rank 593
795584318	ID:36	RPL: Sending a multicast-DIO with rank 591
796042436	ID:32	RPL: Sending a multicast-DIO with rank 631
799136830	ID:35	RPL: Sending a multicast-DIO with rank 685
799764555	ID:33	RPL: Sending a multicast-DIO with rank 593
800584318	ID:36	RPL: Sending a multicast-DIO with rank 591
801042429	ID:32	RPL: Sending a multicast-DIO with rank 631
803015792	ID:34	RPL: Sending a DIS to fe80::c30c:0:0:6
804136837	ID:35	RPL: Sending a multicast-DIO with rank 685
804764555	ID:33	RPL: Sending a multicast-DIO with rank 593
805584318	ID:36	RPL: Sending a multicast-DIO with rank 591
806042429	ID:32	RPL: Sending a multicast-DIO with rank 631
809136829	ID:35	RPL: Sending a multicast-DIO with rank 685
809764555	ID:33	RPL: Sending a multicast-DIO with rank 593
810584318	ID:36	RPL: Sending a multicast-DIO with rank 591
811042429	ID:32	RPL: Sending a multicast-DIO with rank 631
814136830	ID:35	RPL: Sending a multicast-DIO with rank 685
814764555	ID:33	RPL: Sending a multicast-DIO with rank 593
815584318	ID:36	RPL: Sending a multicast-DIO with rank 591
816042429	ID:32	RPL: Sending a multicast-DIO with rank 631
819136830	ID:35	RPL: Sending a multicast-DIO with rank 685
819764555	ID:33	RPL: Sending a multicast-DIO with rank 593
820584318	ID:36	RPL: Sending a multicast-DIO with rank 591
821042429	ID:32	RPL: Sending a multicast-DIO with rank 631
824136829	ID:35	RPL: Sending a multicast-DIO with rank 685
824764555	ID:33	RPL: Sending a multicast-DIO with rank 593
825584318	ID:36	RPL: Sending a multicast-DIO with rank 591
826042429	ID:32	RPL: Sending a multicast-DIO with rank 631
829136830	ID:35	RPL: Sending a multicast-DIO with rank 685
829764555	ID:33	RPL: Sending a multicast-DIO with rank 593
830584318	ID:36	RPL: Sending a multicast-DIO with rank 591
831042429	ID:32	RPL: Sending a multicast-DIO with rank 631
834136830	ID:35	RPL: Sending a multicast-DIO with rank 685
834764555	ID:33	RPL: Sending a multicast-DIO with rank 593
835584318	ID:36	RPL: Sending a multicast-DIO with rank 591
836042429	ID:32	RPL: Sending a multicast-DIO with rank 631
839136829	ID:35	RPL: Sending a multicast-DIO with rank 685
839764555	ID:33	RPL: Sending a multicast-DIO with rank 593
840584318	ID:36	RPL: Sending a multicast-DIO with rank 591
841042429	ID:32	RPL: Sending a multicast-DIO with rank 631
844136830	ID:35	RPL: Sending a multicast-DIO with rank 685
844764555	ID:33	RPL: Sending a multicast-DIO with rank 593
845584318	ID:36	RPL: Sending a multicast-DIO with rank 591
846042429	ID:32	RPL: Sending a multicast-DIO with rank 631
849136830	ID:35	RPL: Sending a multicast-DIO with rank 685
849764555	ID:33	RPL: Sending a multicast-DIO with rank 593
850584318	ID:36	RPL: Sending a multicast-DIO with rank 591
851042429	ID:32	RPL: Sending a multicast-DIO with rank 631
854136829	ID:35	RPL: Sending a multicast-DIO with rank 685
854764555	ID:33	RPL: Sending a multicast-DIO with rank 593
855584318	ID:36	RPL: Sending a multicast-DIO with rank 591
856042429	ID:32	RPL: Sending a multicast-DIO with rank 631
859136830	ID:35	RPL: Sending a multicast-DIO with rank 685
859764555	ID:33	RPL: Sending a multicast-DIO with rank 593
860584318	ID:36	RPL: Sending a multicast-DIO with rank 591
861042429	ID:32	RPL: Sending a multicast-DIO with rank 631
863015792	ID:34	RPL: Sending a DIS to fe80::c30c:0:0:6
864136830	ID:35	RPL: Sending a multicast-DIO with rank 685
864764555	ID:33	RPL: Sending a multicast-DIO with rank 593
865584318	ID:36	RPL: Sending a multicast-DIO with rank 591
866042429	ID:32	RPL: Sending a multicast-DIO with rank 631
869136829	ID:35	RPL: Sending a multicast-DIO with rank 685
869764555	ID:33	RPL: Sending a multicast-DIO with rank 593
870584317	ID:36	RPL: Sending a multicast-DIO with rank 591
871042429	ID:32	RPL: Sending a multicast-DIO with rank 631
874136830	ID:35	RPL: Sending a multicast-DIO with rank 685
874764555	ID:33	RPL: Sending a multicast-DIO with rank 593
875584318	ID:36	RPL: Sending a multicast-DIO with rank 591
876042429	ID:32	RPL: Sending a multicast-DIO with rank 631
879136830	ID:35	RPL: Sending a multicast-DIO with rank 685
879764555	ID:33	RPL: Sending a multicast-DIO with rank 593
880584318	ID:36	RPL: Sending a multicast-DIO with rank 591
881042429	ID:32	RPL: Sending a multicast-DIO with rank 631
884136829	ID:35	RPL: Sending a multicast-DIO with rank 685
884764555	ID:33	RPL: Sending a multicast-DIO with rank 593
885584318	ID:36	RPL: Sending a multicast-DIO with rank 591
886042429	ID:32	RPL: Sending a multicast-DIO with rank 631
889136830	ID:35	RPL: Sending a multicast-DIO with rank 685
889764555	ID:33	RPL: Sending a multicast-DIO with rank 593
890584318	ID:36	RPL: Sending a multicast-DIO with rank 591
891042429	ID:32	RPL: Sending a multicast-DIO with rank 631
894136830	ID:35	RPL: Sending a multicast-DIO with rank 685
894764555	ID:33	RPL: Sending a multicast-DIO with rank 593
895584318	ID:36	RPL: Sending a multicast-DIO with rank 591
896042429	ID:32	RPL: Sending a multicast-DIO with rank 631
899136829	ID:35	RPL: Sending a multicast-DIO with rank 685
899764555	ID:33	RPL: Sending a multicast-DIO with rank 593
900584318	ID:36	RPL: Sending a multicast-DIO with rank 591
901042429	ID:32	RPL: Sending a multicast-DIO with rank 631
904136830	ID:35	RPL: Sending a multicast-DIO with rank 685
904764555	ID:33	RPL: Sending a multicast-DIO with rank 593
905584318	ID:36	RPL: Sending a multicast-DIO with rank 591
906042429	ID:32	RPL: Sending a multicast-DIO with rank 631
909136830	ID:35	RPL: Sending a multicast-DIO with rank 685
909764555	ID:33	RPL: Sending a multicast-DIO with rank 593
910584318	ID:36	RPL: Sending a multicast-DIO with rank 591
911042429	ID:32	RPL: Sending a multicast-DIO with rank 631
914136829	ID:35	RPL: Sending a multicast-DIO with rank 685
914764555	ID:33	RPL: Sending a multicast-DIO with rank 593
915584318	ID:36	RPL: Sending a multicast-DIO with rank 591
916042429	ID:32	RPL: Sending a multicast-DIO with rank 631
919136830	ID:35	RPL: Sending a multicast-DIO with rank 685
919764555	ID:33	RPL: Sending a multicast-DIO with rank 593
920584318	ID:36	RPL: Sending a multicast-DIO with rank 591
921042429	ID:32	RPL: Sending a multicast-DIO with rank 631
923015792	ID:34	RPL: Sending a DIS to fe80::c30c:0:0:6
924136830	ID:35	RPL: Sending a multicast-DIO with rank 685
924764555	ID:33	RPL: Sending a multicast-DIO with rank 593
925584318	ID:36	RPL: Sending a multicast-DIO with rank 591
926042429	ID:32	RPL: Sending a multicast-DIO with rank 631
929136829	ID:35	RPL: Sending a multicast-DIO with rank 685
929764555	ID:33	RPL: Sending a multicast-DIO with rank 593
930584318	ID:36	RPL: Sending a multicast-DIO with rank 591
931042429	ID:32	RPL: Sending a multicast-DIO with rank 631
934136830	ID:35	RPL: Sending a multicast-DIO with rank 685
934764555	ID:33	RPL: Sending a multicast-DIO with rank 593
935584318	ID:36	RPL: Sending a multicast-DIO with rank 591
936042429	ID:32	RPL: Sending a multicast-DIO with rank 631
939136830	ID:35	RPL: Sending a multicast-DIO with rank 685
939764555	ID:33	RPL: Sending a multicast-DIO with rank 593
940584318	ID:36	RPL: Sending a multicast-DIO with rank 591
941042429	ID:32	RPL: Sending a multicast-DIO with rank 631
944136829	ID:35	RPL: Sending a multicast-DIO with rank 685
944764555	ID:33	RPL: Sending a multicast-DIO with rank 593
945584318	ID:36	RPL: Sending a multicast-DIO with rank 591
946042429	ID:32	RPL: Sending a multicast-DIO with rank 631
949136830	ID:35	RPL: Sending a multicast-DIO with rank 685
949764555	ID:33	RPL: Sending a multicast-DIO with rank 593
950584318	ID:36	RPL: Sending a multicast-DIO with rank 591
951042429	ID:32	RPL: Sending a multicast-DIO with rank 631
954136830	ID:35	RPL: Sending a multicast-DIO with rank 685
954764555	ID:33	RPL: Sending a multicast-DIO with rank 593
955584318	ID:36	RPL: Sending a multicast-DIO with rank 591
956042429	ID:32	RPL: Sending a multicast-DIO with rank 631
959136829	ID:35	RPL: Sending a multicast-DIO with rank 685
959764555	ID:33	RPL: Sending a multicast-DIO with rank 593
960584318	ID:36	RPL: Sending a multicast-DIO with rank 591
961042429	ID:32	RPL: Sending a multicast-DIO with rank 631
964136830	ID:35	RPL: Sending a multicast-DIO with rank 685
964764555	ID:33	RPL: Sending a multicast-DIO with rank 593
965584317	ID:36	RPL: Sending a multicast-DIO with rank 591
966042429	ID:32	RPL: Sending a multicast-DIO with rank 631
969136830	ID:35	RPL: Sending a multicast-DIO with rank 685
969764555	ID:33	RPL: Sending a multicast-DIO with rank 593
970584318	ID:36	RPL: Sending a multicast-DIO with rank 591
971042429	ID:32	RPL: Sending a multicast-DIO with rank 631
974136829	ID:35	RPL: Sending a multicast-DIO with rank 685
974764555	ID:33	RPL: Sending a multicast-DIO with rank 593
975584317	ID:36	RPL: Sending a multicast-DIO with rank 591
976042429	ID:32	RPL: Sending a multicast-DIO with rank 631
979136830	ID:35	RPL: Sending a multicast-DIO with rank 685
979764555	ID:33	RPL: Sending a multicast-DIO with rank 593
980584318	ID:36	RPL: Sending a multicast-DIO with rank 591
981042429	ID:32	RPL: Sending a multicast-DIO with rank 631
983015792	ID:34	RPL: Sending a DIS to fe80::c30c:0:0:6
984136830	ID:35	RPL: Sending a multicast-DIO with rank 685
984764555	ID:33	RPL: Sending a multicast-DIO with rank 593
985584318	ID:36	RPL: Sending a multicast-DIO with rank 591
986042429	ID:32	RPL: Sending a multicast-DIO with rank 631
989136829	ID:35	RPL: Sending a multicast-DIO with rank 685
989764555	ID:33	RPL: Sending a multicast-DIO with rank 593
990584318	ID:36	RPL: Sending a multicast-DIO with rank 591
991042429	ID:32	RPL: Sending a multicast-DIO with rank 631
994136830	ID:35	RPL: Sending a multicast-DIO with rank 685
994764555	ID:33	RPL: Sending a multicast-DIO with rank 593
995584318	ID:36	RPL: Sending a multicast-DIO with rank 591
996042429	ID:32	RPL: Sending a multicast-DIO with rank 631
999136830	ID:35	RPL: Sending a multicast-DIO with rank 685
999764555	ID:33	RPL: Sending a multicast-DIO with rank 593
1000584318	ID:36	RPL: Sending a multicast-DIO with rank 591
1001042429	ID:32	RPL: Sending a multicast-DIO with rank 631
1004136829	ID:35	RPL: Sending a multicast-DIO with rank 685
1004764555	ID:33	RPL: Sending a multicast-DIO with rank 593
1005584318	ID:36	RPL: Sending a multicast-DIO with rank 591
1006042429	ID:32	RPL: Sending a multicast-DIO with rank 631
1009136830	ID:35	RPL: Sending a multicast-DIO with rank 685
1009764555	ID:33	RPL: Sending a multicast-DIO with rank 593
1010584318	ID:36	RPL: Sending a multicast-DIO with rank 591
1011042429	ID:32	RPL: Sending a multicast-DIO with rank 631
1014136830	ID:35	RPL: Sending a multicast-DIO with rank 685
1014764555	ID:33	RPL: Sending a multicast-DIO with rank 593
1015584318	ID:36	RPL: Sending a multicast-DIO with rank 591
1016042429	ID:32	RPL: Sending a multicast-DIO with rank 631
1019136829	ID:35	RPL: Sending a multicast-DIO with rank 685
1019764555	ID:33	RPL: Sending a multicast-DIO with rank 593
1020584318	ID:36	RPL: Sending a multicast-DIO with rank 591
1021042429	ID:32	RPL: Sending a multicast-DIO with rank 631
1024136830	ID:35	RPL: Sending a multicast-DIO with rank 685
1024764555	ID:33	RPL: Sending a multicast-DIO with rank 593
1025584318	ID:36	RPL: Sending a multicast-DIO with rank 591
1026042430	ID:32	RPL: Sending a multicast-DIO with rank 631
1029136831	ID:35	RPL: Sending a multicast-DIO with rank 685
1029764555	ID:33	RPL: Sending a multicast-DIO with rank 593
1030584318	ID:36	RPL: Sending a multicast-DIO with rank 591
1031042430	ID:32	RPL: Sending a multicast-DIO with rank 631
1034136830	ID:35	RPL: Sending a multicast-DIO with rank 685
1034764555	ID:33	RPL: Sending a multicast-DIO with rank 593
1035584318	ID:36	RPL: Sending a multicast-DIO with rank 591
1036042430	ID:32	RPL: Sending a multicast-DIO with rank 631
1039136831	ID:35	RPL: Sending a multicast-DIO with rank 685
1039764555	ID:33	RPL: Sending a multicast-DIO with rank 593
1040584318	ID:36	RPL: Sending a multicast-DIO with rank 591
1041042430	ID:32	RPL: Sending a multicast-DIO with rank 631
1043015792	ID:34	RPL: Sending a DIS to fe80::c30c:0:0:6
1044136831	ID:35	RPL: Sending a multicast-DIO with rank 685
1044764555	ID:33	RPL: Sending a multicast-DIO with rank 593
1045584318	ID:36	RPL: Sending a multicast-DIO with rank 591
1046042430	ID:32	RPL: Sending a multicast-DIO with rank 631
1049136830	ID:35	RPL: Sending a multicast-DIO with rank 685
1049764555	ID:33	RPL: Sending a multicast-DIO with rank 593
1050584318	ID:36	RPL: Sending a multicast-DIO with rank 591
1051042430	ID:32	RPL: Sending a multicast-DIO with rank 631
1054136831	ID:35	RPL: Sending a multicast-DIO with rank 685
1054764555	ID:33	RPL: Sending a multicast-DIO with rank 593
1055584318	ID:36	RPL: Sending a multicast-DIO with rank 591
1056042430	ID:32	RPL: Sending a multicast-DIO with rank 631
1059136831	ID:35	RPL: Sending a multicast-DIO with rank 685
1059764555	ID:33	RPL: Sending a multicast-DIO with rank 593
1060584318	ID:36	RPL: Sending a multicast-DIO with rank 591
1061042430	ID:32	RPL: Sending a multicast-DIO with rank 631
1064136830	ID:35	RPL: Sending a multicast-DIO with rank 685
1064764555	ID:33	RPL: Sending a multicast-DIO with rank 593
1065584318	ID:36	RPL: Sending a multicast-DIO with rank 591
1066042430	ID:32	RPL: Sending a multicast-DIO with rank 631
1069136831	ID:35	RPL: Sending a multicast-DIO with rank 685
1069764555	ID:33	RPL: Sending a multicast-DIO with rank 593
1070584318	ID:36	RPL: Sending a multicast-DIO with rank 591
1071042430	ID:32	RPL: Sending a multicast-DIO with rank 631
1074136831	ID:35	RPL: Sending a multicast-DIO with rank 685
1074764555	ID:33	RPL: Sending a multicast-DIO with rank 593
1075584318	ID:36	RPL: Sending a multicast-DIO with rank 591
1076042430	ID:32	RPL: Sending a multicast-DIO with rank 631
1079136830	ID:35	RPL: Sending a multicast-DIO with rank 685
1079764555	ID:33	RPL: Sending a multicast-DIO with rank 593
1080584318	ID:36	RPL: Sending a multicast-DIO with rank 591
1081042430	ID:32	RPL: Sending a multicast-DIO with rank 631
1084136831	ID:35	RPL: Sending a multicast-DIO with rank 685
1084764555	ID:33	RPL: Sending a multicast-DIO with rank 593
1085584318	ID:36	RPL: Sending a multicast-DIO with rank 591
1086042430	ID:32	RPL: Sending a multicast-DIO with rank 631
1089136831	ID:35	RPL: Sending a multicast-DIO with rank 685
1089764562	ID:33	RPL: Sending a multicast-DIO with rank 593
1090584318	ID:36	RPL: Sending a multicast-DIO with rank 591
1091042430	ID:32	RPL: Sending a multicast-DIO with rank 631
1094136830	ID:35	RPL: Sending a multicast-DIO with rank 685
1094764555	ID:33	RPL: Sending a multicast-DIO with rank 593
1095584325	ID:36	RPL: Sending a multicast-DIO with rank 591
1096042430	ID:32	RPL: Sending a multicast-DIO with rank 631
1099136831	ID:35	RPL: Sending a multicast-DIO with rank 685
1099764555	ID:33	RPL: Sending a multicast-DIO with rank 593
1100584318	ID:36	RPL: Sending a multicast-DIO with rank 591
1101042430	ID:32	RPL: Sending a multicast-DIO with rank 631
1103015792	ID:34	RPL: Sending a DIS to fe80::c30c:0:0:6
1104136831	ID:35	RPL: Sending a multicast-DIO with rank 685
1104764555	ID:33	RPL: Sending a multicast-DIO with rank 593
1105584318	ID:36	RPL: Sending a multicast-DIO with rank 591
1106042430	ID:32	RPL: Sending a multicast-DIO with rank 631
1109136830	ID:35	RPL: Sending a multicast-DIO with rank 685
1109764555	ID:33	RPL: Sending a multicast-DIO with rank 593
1110584318	ID:36	RPL: Sending a multicast-DIO with rank 591
1111042430	ID:32	RPL: Sending a multicast-DIO with rank 631
1114136831	ID:35	RPL: Sending a multicast-DIO with rank 685
1114764555	ID:33	RPL: Sending a multicast-DIO with rank 593
1115584318	ID:36	RPL: Sending a multicast-DIO with rank 591
1116042430	ID:32	RPL: Sending a multicast-DIO with rank 631
1119136831	ID:35	RPL: Sending a multicast-DIO with rank 685
1119764555	ID:33	RPL: Sending a multicast-DIO with rank 593
1120584318	ID:36	RPL: Sending a multicast-DIO with rank 591
1121042430	ID:32	RPL: Sending a multicast-DIO with rank 631
1124136830	ID:35	RPL: Sending a multicast-DIO with rank 685
1124764555	ID:33	RPL: Sending a multicast-DIO with rank 593
1125584318	ID:36	RPL: Sending a multicast-DIO with rank 591
1126042437	ID:32	RPL: Sending a multicast-DIO with rank 631
1129136831	ID:35	RPL: Sending a multicast-DIO with rank 685
1129764555	ID:33	RPL: Sending a multicast-DIO with rank 593
1130584318	ID:36	RPL: Sending a multicast-DIO with rank 591
1131042430	ID:32	RPL: Sending a multicast-DIO with rank 631
1134136831	ID:35	RPL: Sending a multicast-DIO with rank 685
1134764555	ID:33	RPL: Sending a multicast-DIO with rank 593
1135584318	ID:36	RPL: Sending a multicast-DIO with rank 591
1136042430	ID:32	RPL: Sending a multicast-DIO with rank 631
1139136830	ID:35	RPL: Sending a multicast-DIO with rank 685
1139764555	ID:33	RPL: Sending a multicast-DIO with rank 593
1140584318	ID:36	RPL: Sending a multicast-DIO with rank 591
1141042430	ID:32	RPL: Sending a multicast-DIO with rank 631
1144136831	ID:35	RPL: Sending a multicast-DIO with rank 685
1144764555	ID:33	RPL: Sending a multicast-DIO with rank 593
1145584318	ID:36	RPL: Sending a multicast-DIO with rank 591
1146042430	ID:32	RPL: Sending a multicast-DIO with rank 631
1149136831	ID:35	RPL: Sending a multicast-DIO with rank 685
1149764555	ID:33	RPL: Sending a multicast-DIO with rank 593
1150584318	ID:36	RPL: Sending a multicast-DIO with rank 591
1151042430	ID:32	RPL: Sending a multicast-DIO with rank 631
1154136830	ID:35	RPL: Sending a multicast-DIO with rank 685
1154764555	ID:33	RPL: Sending a multicast-DIO with rank 593
1155584318	ID:36	RPL: Sending a multicast-DIO with rank 591
1156042430	ID:32	RPL: Sending a multicast-DIO with rank 631
1159136837	ID:35	RPL: Sending a multicast-DIO with rank 685
1159764555	ID:33	RPL: Sending a multicast-DIO with rank 593
1160584318	ID:36	RPL: Sending a multicast-DIO with rank 591
1161042430	ID:32	RPL: Sending a multicast-DIO with rank 631
1163016556	ID:34	RPL: Sending a DIS to fe80::c30c:0:0:6
1164136831	ID:35	RPL: Sending a multicast-DIO with rank 685
1164764555	ID:33	RPL: Sending a multicast-DIO with rank 593
1165584318	ID:36	RPL: Sending a multicast-DIO with rank 591
1166042430	ID:32	RPL: Sending a multicast-DIO with rank 631
1169136830	ID:35	RPL: Sending a multicast-DIO with rank 685
1169764555	ID:33	RPL: Sending a multicast-DIO with rank 593
1170584318	ID:36	RPL: Sending a multicast-DIO with rank 591
1171042430	ID:32	RPL: Sending a multicast-DIO with rank 631
1174136831	ID:35	RPL: Sending a multicast-DIO with rank 685
1174764555	ID:33	RPL: Sending a multicast-DIO with rank 593
1175584318	ID:36	RPL: Sending a multicast-DIO with rank 591
1176042430	ID:32	RPL: Sending a multicast-DIO with rank 631
1179136831	ID:35	RPL: Sending a multicast-DIO with rank 685
1179764555	ID:33	RPL: Sending a multicast-DIO with rank 593
1180584318	ID:36	RPL: Sending a multicast-DIO with rank 591
1181042430	ID:32	RPL: Sending a multicast-DIO with rank 631
1184136830	ID:35	RPL: Sending a multicast-DIO with rank 685
1184764555	ID:33	RPL: Sending a multicast-DIO with rank 593
1185584318	ID:36	RPL: Sending a multicast-DIO with rank 591
1186042430	ID:32	RPL: Sending a multicast-DIO with rank 631
1189136831	ID:35	RPL: Sending a multicast-DIO with rank 685
1189764555	ID:33	RPL: Sending a multicast-DIO with rank 593
1190584318	ID:36	RPL: Sending a multicast-DIO with rank 591
1191042430	ID:32	RPL: Sending a multicast-DIO with rank 631
1194136831	ID:35	RPL: Sending a multicast-DIO with rank 685
1194764555	ID:33	RPL: Sending a multicast-DIO with rank 593
1195584318	ID:36	RPL: Sending a multicast-DIO with rank 591
1196042430	ID:32	RPL: Sending a multicast-DIO with rank 631
1199136830	ID:35	RPL: Sending a multicast-DIO with rank 685
1199764555	ID:33	RPL: Sending a multicast-DIO with rank 593
1200584318	ID:36	RPL: Sending a multicast-DIO with rank 591
1201042430	ID:32	RPL: Sending a multicast-DIO with rank 631
1204136836	ID:35	RPL: Sending a multicast-DIO with rank 685
1204764560	ID:33	RPL: Sending a multicast-DIO with rank 593
1205584323	ID:36	RPL: Sending a multicast-DIO with rank 591
1206042435	ID:32	RPL: Sending a multicast-DIO with rank 631
1209136829	ID:35	RPL: Sending a multicast-DIO with rank 685
1209764554	ID:33	RPL: Sending a multicast-DIO with rank 593
1210584317	ID:36	RPL: Sending a multicast-DIO with rank 591
1211042429	ID:32	RPL: Sending a multicast-DIO with rank 631
1214136829	ID:35	RPL: Sending a multicast-DIO with rank 685
1214764554	ID:33	RPL: Sending a multicast-DIO with rank 593
1215584317	ID:36	RPL: Sending a multicast-DIO with rank 591
1216042429	ID:32	RPL: Sending a multicast-DIO with rank 631
1219136829	ID:35	RPL: Sending a multicast-DIO with rank 685
1219764554	ID:33	RPL: Sending a multicast-DIO with rank 593
1220584317	ID:36	RPL: Sending a multicast-DIO with rank 591
1221042429	ID:32	RPL: Sending a multicast-DIO with rank 631
1223015791	ID:34	RPL: Sending a DIS to fe80::c30c:0:0:6
1224136829	ID:35	RPL: Sending a multicast-DIO with rank 685
1224764554	ID:33	RPL: Sending a multicast-DIO with rank 593
1225584317	ID:36	RPL: Sending a multicast-DIO with rank 591
1226042429	ID:32	RPL: Sending a multicast-DIO with rank 631
1229136829	ID:35	RPL: Sending a multicast-DIO with rank 685
1229764554	ID:33	RPL: Sending a multicast-DIO with rank 593
1230584317	ID:36	RPL: Sending a multicast-DIO with rank 591
1231042429	ID:32	RPL: Sending a multicast-DIO with rank 631
1234136829	ID:35	RPL: Sending a multicast-DIO with rank 685
1234764554	ID:33	RPL: Sending a multicast-DIO with rank 593
1235584317	ID:36	RPL: Sending a multicast-DIO with rank 591
1236042429	ID:32	RPL: Sending a multicast-DIO with rank 631
1239136829	ID:35	RPL: Sending a multicast-DIO with rank 685
1239764554	ID:33	RPL: Sending a multicast-DIO with rank 593
1240584317	ID:36	RPL: Sending a multicast-DIO with rank 591
1241042429	ID:32	RPL: Sending a multicast-DIO with rank 631
1244136829	ID:35	RPL: Sending a multicast-DIO with rank 685
1244764554	ID:33	RPL: Sending a multicast-DIO with rank 593
1245584317	ID:36	RPL: Sending a multicast-DIO with rank 591
1246042429	ID:32	RPL: Sending a multicast-DIO with rank 631
1249136829	ID:35	RPL: Sending a multicast-DIO with rank 685
1249764554	ID:33	RPL: Sending a multicast-DIO with rank 593
1250584317	ID:36	RPL: Sending a multicast-DIO with rank 591
1251042429	ID:32	RPL: Sending a multicast-DIO with rank 631
1254136829	ID:35	RPL: Sending a multicast-DIO with rank 685
1254764554	ID:33	RPL: Sending a multicast-DIO with rank 593
1255584317	ID:36	RPL: Sending a multicast-DIO with rank 591
1256042429	ID:32	RPL: Sending a multicast-DIO with rank 631
1259136829	ID:35	RPL: Sending a multicast-DIO with rank 685
1259764554	ID:33	RPL: Sending a multicast-DIO with rank 593
1260584317	ID:36	RPL: Sending a multicast-DIO with rank 591
1261042429	ID:32	RPL: Sending a multicast-DIO with rank 631
1264136829	ID:35	RPL: Sending a multicast-DIO with rank 685
1264764554	ID:33	RPL: Sending a multicast-DIO with rank 593
1265584317	ID:36	RPL: Sending a multicast-DIO with rank 591
1266042429	ID:32	RPL: Sending a multicast-DIO with rank 631
1269136829	ID:35	RPL: Sending a multicast-DIO with rank 685
1269764554	ID:33	RPL: Sending a multicast-DIO with rank 593
1270584317	ID:36	RPL: Sending a multicast-DIO with rank 591
1271042429	ID:32	RPL: Sending a multicast-DIO with rank 631
1274136829	ID:35	RPL: Sending a multicast-DIO with rank 685
1274764554	ID:33	RPL: Sending a multicast-DIO with rank 593
1275584317	ID:36	RPL: Sending a multicast-DIO with rank 591
1276042429	ID:32	RPL: Sending a multicast-DIO with rank 631
1279136829	ID:35	RPL: Sending a multicast-DIO with rank 685
1279764554	ID:33	RPL: Sending a multicast-DIO with rank 593
1280584317	ID:36	RPL: Sending a multicast-DIO with rank 591
1281042429	ID:32	RPL: Sending a multicast-DIO with rank 631
1283015791	ID:34	RPL: Sending a DIS to fe80::c30c:0:0:6
1284136829	ID:35	RPL: Sending a multicast-DIO with rank 685
1284764554	ID:33	RPL: Sending a multicast-DIO with rank 593
1285584317	ID:36	RPL: Sending a multicast-DIO with rank 591
1286042429	ID:32	RPL: Sending a multicast-DIO with rank 631
1289136829	ID:35	RPL: Sending a multicast-DIO with rank 685
1289764554	ID:33	RPL: Sending a multicast-DIO with rank 593
1290584317	ID:36	RPL: Sending a multicast-DIO with rank 591
1291042429	ID:32	RPL: Sending a multicast-DIO with rank 631
1294136829	ID:35	RPL: Sending a multicast-DIO with rank 685
1294764554	ID:33	RPL: Sending a multicast-DIO with rank 593
1295584317	ID:36	RPL: Sending a multicast-DIO with rank 591
1296042429	ID:32	RPL: Sending a multicast-DIO with rank 631
1299136829	ID:35	RPL: Sending a multicast-DIO with rank 685
1299764554	ID:33	RPL: Sending a multicast-DIO with rank 593
1300584317	ID:36	RPL: Sending a multicast-DIO with rank 591
1301042429	ID:32	RPL: Sending a multicast-DIO with rank 631
1304136829	ID:35	RPL: Sending a multicast-DIO with rank 685
1304764554	ID:33	RPL: Sending a multicast-DIO with rank 593
1305584317	ID:36	RPL: Sending a multicast-DIO with rank 591
1306042429	ID:32	RPL: Sending a multicast-DIO with rank 631
1309136829	ID:35	RPL: Sending a multicast-DIO with rank 685
1309764554	ID:33	RPL: Sending a multicast-DIO with rank 593
1310584317	ID:36	RPL: Sending a multicast-DIO with rank 591
1311042429	ID:32	RPL: Sending a multicast-DIO with rank 631
1314136829	ID:35	RPL: Sending a multicast-DIO with rank 685
1314764554	ID:33	RPL: Sending a multicast-DIO with rank 593
1315584317	ID:36	RPL: Sending a multicast-DIO with rank 591
1316042429	ID:32	RPL: Sending a multicast-DIO with rank 631
1319136829	ID:35	RPL: Sending a multicast-DIO with rank 685
1319764554	ID:33	RPL: Sending a multicast-DIO with rank 593
1320584317	ID:36	RPL: Sending a multicast-DIO with rank 591
1321042429	ID:32	RPL: Sending a multicast-DIO with rank 631
1324136829	ID:35	RPL: Sending a multicast-DIO with rank 685
1324764554	ID:33	RPL: Sending a multicast-DIO with rank 593
1325584317	ID:36	RPL: Sending a multicast-DIO with rank 591
1326042429	ID:32	RPL: Sending a multicast-DIO with rank 631
1329136829	ID:35	RPL: Sending a multicast-DIO with rank 685
1329764554	ID:33	RPL: Sending a multicast-DIO with rank 593
1330584317	ID:36	RPL: Sending a multicast-DIO with rank 591
1331042429	ID:32	RPL: Sending a multicast-DIO with rank 631
1334136829	ID:35	RPL: Sending a multicast-DIO with rank 685
1334764554	ID:33	RPL: Sending a multicast-DIO with rank 593
1335584317	ID:36	RPL: Sending a multicast-DIO with rank 591
1336042429	ID:32	RPL: Sending a multicast-DIO with rank 631
1339136829	ID:35	RPL: Sending a multicast-DIO with rank 685
1339764554	ID:33	RPL: Sending a multicast-DIO with rank 593
1340584317	ID:36	RPL: Sending a multicast-DIO with rank 591
1341042429	ID:32	RPL: Sending a multicast-DIO with rank 631
1343015791	ID:34	RPL: Sending a DIS to fe80::c30c:0:0:6
1344136829	ID:35	RPL: Sending a multicast-DIO with rank 685
1344764554	ID:33	RPL: Sending a multicast-DIO with rank 593
1345584317	ID:36	RPL: Sending a multicast-DIO with rank 591
1346042429	ID:32	RPL: Sending a multicast-DIO with rank 631
1349136829	ID:35	RPL: Sending a multicast-DIO with rank 685
1349764554	ID:33	RPL: Sending a multicast-DIO with rank 593
1350584317	ID:36	RPL: Sending a multicast-DIO with rank 591
1351042429	ID:32	RPL: Sending a multicast-DIO with rank 631
1354136829	ID:35	RPL: Sending a multicast-DIO with rank 685
1354764554	ID:33	RPL: Sending a multicast-DIO with rank 593
1355584317	ID:36	RPL: Sending a multicast-DIO with rank 591
1356042429	ID:32	RPL: Sending a multicast-DIO with rank 631
1359136829	ID:35	RPL: Sending a multicast-DIO with rank 685
1359764554	ID:33	RPL: Sending a multicast-DIO with rank 593
1360584317	ID:36	RPL: Sending a multicast-DIO with rank 591
1361042429	ID:32	RPL: Sending a multicast-DIO with rank 631
1364136829	ID:35	RPL: Sending a multicast-DIO with rank 685
1364764554	ID:33	RPL: Sending a multicast-DIO with rank 593
1365584317	ID:36	RPL: Sending a multicast-DIO with rank 591
1366042429	ID:32	RPL: Sending a multicast-DIO with rank 631
1369136829	ID:35	RPL: Sending a multicast-DIO with rank 685
1369764554	ID:33	RPL: Sending a multicast-DIO with rank 593
1370584317	ID:36	RPL: Sending a multicast-DIO with rank 591
1371042429	ID:32	RPL: Sending a multicast-DIO with rank 631
1374136829	ID:35	RPL: Sending a multicast-DIO with rank 685
1374764554	ID:33	RPL: Sending a multicast-DIO with rank 593
1375584317	ID:36	RPL: Sending a multicast-DIO with rank 591
1376042429	ID:32	RPL: Sending a multicast-DIO with rank 631
1379136829	ID:35	RPL: Sending a multicast-DIO with rank 685
1379764554	ID:33	RPL: Sending a multicast-DIO with rank 593
1380584317	ID:36	RPL: Sending a multicast-DIO with rank 591
1381042429	ID:32	RPL: Sending a multicast-DIO with rank 631
1384136829	ID:35	RPL: Sending a multicast-DIO with rank 685
1384764554	ID:33	RPL: Sending a multicast-DIO with rank 593
1385584317	ID:36	RPL: Sending a multicast-DIO with rank 591
1386042429	ID:32	RPL: Sending a multicast-DIO with rank 631
1389136829	ID:35	RPL: Sending a multicast-DIO with rank 685
1389764554	ID:33	RPL: Sending a multicast-DIO with rank 593
1390584317	ID:36	RPL: Sending a multicast-DIO with rank 591
1391042429	ID:32	RPL: Sending a multicast-DIO with rank 631
1394136829	ID:35	RPL: Sending a multicast-DIO with rank 685
1394764554	ID:33	RPL: Sending a multicast-DIO with rank 593
1395584317	ID:36	RPL: Sending a multicast-DIO with rank 591
1396042429	ID:32	RPL: Sending a multicast-DIO with rank 631
1399136829	ID:35	RPL: Sending a multicast-DIO with rank 685
1399764554	ID:33	RPL: Sending a multicast-DIO with rank 593
1400584317	ID:36	RPL: Sending a multicast-DIO with rank 591
1401042429	ID:32	RPL: Sending a multicast-DIO with rank 631
1403015791	ID:34	RPL: Sending a DIS to fe80::c30c:0:0:6
1404136829	ID:35	RPL: Sending a multicast-DIO with rank 685
1404764554	ID:33	RPL: Sending a multicast-DIO with rank 593
1405584317	ID:36	RPL: Sending a multicast-DIO with rank 591
1406042429	ID:32	RPL: Sending a multicast-DIO with rank 631
1409136829	ID:35	RPL: Sending a multicast-DIO with rank 685
1409764554	ID:33	RPL: Sending a multicast-DIO with rank 593
1410584317	ID:36	RPL: Sending a multicast-DIO with rank 591
1411042429	ID:32	RPL: Sending a multicast-DIO with rank 631
1414136829	ID:35	RPL: Sending a multicast-DIO with rank 685
1414764554	ID:33	RPL: Sending a multicast-DIO with rank 593
1415584317	ID:36	RPL: Sending a multicast-DIO with rank 591
1416042429	ID:32	RPL: Sending a multicast-DIO with rank 631
1419136829	ID:35	RPL: Sending a multicast-DIO with rank 685
1419764554	ID:33	RPL: Sending a multicast-DIO with rank 593
1420584317	ID:36	RPL: Sending a multicast-DIO with rank 591
1421042429	ID:32	RPL: Sending a multicast-DIO with rank 631
1424136829	ID:35	RPL: Sending a multicast-DIO with rank 685
1424764554	ID:33	RPL: Sending a multicast-DIO with rank 593
1425584317	ID:36	RPL: Sending a multicast-DIO with rank 591
1426042429	ID:32	RPL: Sending a multicast-DIO with rank 631
1429136829	ID:35	RPL: Sending a multicast-DIO with rank 685
1429764554	ID:33	RPL: Sending a multicast-DIO with rank 593
1430584317	ID:36	RPL: Sending a multicast-DIO with rank 591
1431042429	ID:32	RPL: Sending a multicast-DIO with rank 631
1434136829	ID:35	RPL: Sending a multicast-DIO with rank 685
1434764554	ID:33	RPL: Sending a multicast-DIO with rank 593
1435584317	ID:36	RPL: Sending a multicast-DIO with rank 591
1436042429	ID:32	RPL: Sending a multicast-DIO with rank 631
1439136829	ID:35	RPL: Sending a multicast-DIO with rank 685
1439764554	ID:33	RPL: Sending a multicast-DIO with rank 593
1440584317	ID:36	RPL: Sending a multicast-DIO with rank 591
1441042429	ID:32	RPL: Sending a multicast-DIO with rank 631
1444136829	ID:35	RPL: Sending a multicast-DIO with rank 685
1444764554	ID:33	RPL: Sending a multicast-DIO with rank 593
1445584317	ID:36	RPL: Sending a multicast-DIO with rank 591
1446042429	ID:32	RPL: Sending a multicast-DIO with rank 631
1449136829	ID:35	RPL: Sending a multicast-DIO with rank 685
1449764554	ID:33	RPL: Sending a multicast-DIO with rank 593
1450584317	ID:36	RPL: Sending a multicast-DIO with rank 591
1451042429	ID:32	RPL: Sending a multicast-DIO with rank 631
1454136829	ID:35	RPL: Sending a multicast-DIO with rank 685
1454764554	ID:33	RPL: Sending a multicast-DIO with rank 593
1455584317	ID:36	RPL: Sending a multicast-DIO with rank 591
1456042429	ID:32	RPL: Sending a multicast-DIO with rank 631
1459136829	ID:35	RPL: Sending a multicast-DIO with rank 685
1459764554	ID:33	RPL: Sending a multicast-DIO with rank 593
1460584317	ID:36	RPL: Sending a multicast-DIO with rank 591
1461042429	ID:32	RPL: Sending a multicast-DIO with rank 631
1463015791	ID:34	RPL: Sending a DIS to fe80::c30c:0:0:6
1464136829	ID:35	RPL: Sending a multicast-DIO with rank 685
1464764561	ID:33	RPL: Sending a multicast-DIO with rank 593
1465584317	ID:36	RPL: Sending a multicast-DIO with rank 591
1466042429	ID:32	RPL: Sending a multicast-DIO with rank 631
1469136829	ID:35	RPL: Sending a multicast-DIO with rank 685
1469764554	ID:33	RPL: Sending a multicast-DIO with rank 593
1470584317	ID:36	RPL: Sending a multicast-DIO with rank 591
1471042429	ID:32	RPL: Sending a multicast-DIO with rank 631
1474136829	ID:35	RPL: Sending a multicast-DIO with rank 685
1474764554	ID:33	RPL: Sending a multicast-DIO with rank 593
1475584317	ID:36	RPL: Sending a multicast-DIO with rank 591
1476042429	ID:32	RPL: Sending a multicast-DIO with rank 631
1479136829	ID:35	RPL: Sending a multicast-DIO with rank 685
1479764554	ID:33	RPL: Sending a multicast-DIO with rank 593
1480584317	ID:36	RPL: Sending a multicast-DIO with rank 591
1481042429	ID:32	RPL: Sending a multicast-DIO with rank 631
1484136829	ID:35	RPL: Sending a multicast-DIO with rank 685
1484764554	ID:33	RPL: Sending a multicast-DIO with rank 593
1485584317	ID:36	RPL: Sending a multicast-DIO with rank 591
1486042429	ID:32	RPL: Sending a multicast-DIO with rank 631
1489136829	ID:35	RPL: Sending a multicast-DIO with rank 685
1489764554	ID:33	RPL: Sending a multicast-DIO with rank 593
1490584324	ID:36	RPL: Sending a multicast-DIO with rank 591
1491042429	ID:32	RPL: Sending a multicast-DIO with rank 631
1494136829	ID:35	RPL: Sending a multicast-DIO with rank 685
1494764554	ID:33	RPL: Sending a multicast-DIO with rank 593
1495584317	ID:36	RPL: Sending a multicast-DIO with rank 591
1496042429	ID:32	RPL: Sending a multicast-DIO with rank 631
1499136829	ID:35	RPL: Sending a multicast-DIO with rank 685
1499764554	ID:33	RPL: Sending a multicast-DIO with rank 593
1500584317	ID:36	RPL: Sending a multicast-DIO with rank 591
1501042429	ID:32	RPL: Sending a multicast-DIO with rank 631
1504136829	ID:35	RPL: Sending a multicast-DIO with rank 685
1504764554	ID:33	RPL: Sending a multicast-DIO with rank 593
1505584317	ID:36	RPL: Sending a multicast-DIO with rank 591
1506042429	ID:32	RPL: Sending a multicast-DIO with rank 631
1509136829	ID:35	RPL: Sending a multicast-DIO with rank 685
1509764554	ID:33	RPL: Sending a multicast-DIO with rank 593
1510584317	ID:36	RPL: Sending a multicast-DIO with rank 591
1511042429	ID:32	RPL: Sending a multicast-DIO with rank 631
1514136829	ID:35	RPL: Sending a multicast-DIO with rank 685
1514764554	ID:33	RPL: Sending a multicast-DIO with rank 593
1515584317	ID:36	RPL: Sending a multicast-DIO with rank 591
1516042429	ID:32	RPL: Sending a multicast-DIO with rank 631
1519136829	ID:35	RPL: Sending a multicast-DIO with rank 685
1519764554	ID:33	RPL: Sending a multicast-DIO with rank 593
1520584317	ID:36	RPL: Sending a multicast-DIO with rank 591
1521042429	ID:32	RPL: Sending a multicast-DIO with rank 631
1523015791	ID:34	RPL: Sending a DIS to fe80::c30c:0:0:6
1524136829	ID:35	RPL: Sending a multicast-DIO with rank 685
1524764554	ID:33	RPL: Sending a multicast-DIO with rank 593
1525584317	ID:36	RPL: Sending a multicast-DIO with rank 591
1526042429	ID:32	RPL: Sending a multicast-DIO with rank 631
1529136829	ID:35	RPL: Sending a multicast-DIO with rank 685
1529764554	ID:33	RPL: Sending a multicast-DIO with rank 593
1530584317	ID:36	RPL: Sending a multicast-DIO with rank 591
1531042429	ID:32	RPL: Sending a multicast-DIO with rank 631
1534136829	ID:35	RPL: Sending a multicast-DIO with rank 685
1534764554	ID:33	RPL: Sending a multicast-DIO with rank 593
1535584317	ID:36	RPL: Sending a multicast-DIO with rank 591
1536042429	ID:32	RPL: Sending a multicast-DIO with rank 631
1539136829	ID:35	RPL: Sending a multicast-DIO with rank 685
1539764554	ID:33	RPL: Sending a multicast-DIO with rank 593
1540584317	ID:36	RPL: Sending a multicast-DIO with rank 591
1541042429	ID:32	RPL: Sending a multicast-DIO with rank 631
1544136829	ID:35	RPL: Sending a multicast-DIO with rank 685
1544764554	ID:33	RPL: Sending a multicast-DIO with rank 593
1545584317	ID:36	RPL: Sending a multicast-DIO with rank 591
1546042429	ID:32	RPL: Sending a multicast-DIO with rank 631
1549136829	ID:35	RPL: Sending a multicast-DIO with rank 685
1549764554	ID:33	RPL: Sending a multicast-DIO with rank 593
1550584317	ID:36	RPL: Sending a multicast-DIO with rank 591
1551042429	ID:32	RPL: Sending a multicast-DIO with rank 631
1554136829	ID:35	RPL: Sending a multicast-DIO with rank 685
1554764554	ID:33	RPL: Sending a multicast-DIO with rank 593
1555584317	ID:36	RPL: Sending a multicast-DIO with rank 591
1556042429	ID:32	RPL: Sending a multicast-DIO with rank 631
1559136829	ID:35	RPL: Sending a multicast-DIO with rank 685
1559764554	ID:33	RPL: Sending a multicast-DIO with rank 593
1560584317	ID:36	RPL: Sending a multicast-DIO with rank 591
1561042429	ID:32	RPL: Sending a multicast-DIO with rank 631
1564136829	ID:35	RPL: Sending a multicast-DIO with rank 685
1564764554	ID:33	RPL: Sending a multicast-DIO with rank 593
1565584317	ID:36	RPL: Sending a multicast-DIO with rank 591
1566042429	ID:32	RPL: Sending a multicast-DIO with rank 631
1569136829	ID:35	RPL: Sending a multicast-DIO with rank 685
1569764554	ID:33	RPL: Sending a multicast-DIO with rank 593
1570584317	ID:36	RPL: Sending a multicast-DIO with rank 591
1571042436	ID:32	RPL: Sending a multicast-DIO with rank 631
1574136829	ID:35	RPL: Sending a multicast-DIO with rank 685
1574764554	ID:33	RPL: Sending a multicast-DIO with rank 593
1575584317	ID:36	RPL: Sending a multicast-DIO with rank 591
1576042429	ID:32	RPL: Sending a multicast-DIO with rank 631
1579136829	ID:35	RPL: Sending a multicast-DIO with rank 685
1579764554	ID:33	RPL: Sending a multicast-DIO with rank 593
1580584317	ID:36	RPL: Sending a multicast-DIO with rank 591
1581042429	ID:32	RPL: Sending a multicast-DIO with rank 631
1583015791	ID:34	RPL: Sending a DIS to fe80::c30c:0:0:6
1584136829	ID:35	RPL: Sending a multicast-DIO with rank 685
1584764554	ID:33	RPL: Sending a multicast-DIO with rank 593
1585584317	ID:36	RPL: Sending a multicast-DIO with rank 591
1586042429	ID:32	RPL: Sending a multicast-DIO with rank 631
1589136836	ID:35	RPL: Sending a multicast-DIO with rank 685
1589764554	ID:33	RPL: Sending a multicast-DIO with rank 593
1590584317	ID:36	RPL: Sending a multicast-DIO with rank 591
1591042429	ID:32	RPL: Sending a multicast-DIO with rank 631
1594136829	ID:35	RPL: Sending a multicast-DIO with rank 685
1594764554	ID:33	RPL: Sending a multicast-DIO with rank 593
1595584317	ID:36	RPL: Sending a multicast-DIO with rank 591
1596042429	ID:32	RPL: Sending a multicast-DIO with rank 631
1599136829	ID:35	RPL: Sending a multicast-DIO with rank 685
1599764554	ID:33	RPL: Sending a multicast-DIO with rank 593
1600584317	ID:36	RPL: Sending a multicast-DIO with rank 591
1601042429	ID:32	RPL: Sending a multicast-DIO with rank 631
1604136829	ID:35	RPL: Sending a multicast-DIO with rank 685
1604764554	ID:33	RPL: Sending a multicast-DIO with rank 593
1605584317	ID:36	RPL: Sending a multicast-DIO with rank 591
1606042429	ID:32	RPL: Sending a multicast-DIO with rank 631
1609136829	ID:35	RPL: Sending a multicast-DIO with rank 685
1609764554	ID:33	RPL: Sending a multicast-DIO with rank 593
1610584317	ID:36	RPL: Sending a multicast-DIO with rank 591
1611042429	ID:32	RPL: Sending a multicast-DIO with rank 631
1614136829	ID:35	RPL: Sending a multicast-DIO with rank 685
1614764554	ID:33	RPL: Sending a multicast-DIO with rank 593
1615584317	ID:36	RPL: Sending a multicast-DIO with rank 591
1616042429	ID:32	RPL: Sending a multicast-DIO with rank 631
1619136829	ID:35	RPL: Sending a multicast-DIO with rank 685
1619764554	ID:33	RPL: Sending a multicast-DIO with rank 593
1620584317	ID:36	RPL: Sending a multicast-DIO with rank 591
1621042429	ID:32	RPL: Sending a multicast-DIO with rank 631
1624136829	ID:35	RPL: Sending a multicast-DIO with rank 685
1624764554	ID:33	RPL: Sending a multicast-DIO with rank 593
1625584317	ID:36	RPL: Sending a multicast-DIO with rank 591
1626042429	ID:32	RPL: Sending a multicast-DIO with rank 631
1629136829	ID:35	RPL: Sending a multicast-DIO with rank 685
1629764554	ID:33	RPL: Sending a multicast-DIO with rank 593
1630584317	ID:36	RPL: Sending a multicast-DIO with rank 591
1631042429	ID:32	RPL: Sending a multicast-DIO with rank 631
1634136829	ID:35	RPL: Sending a multicast-DIO with rank 685
1634764554	ID:33	RPL: Sending a multicast-DIO with rank 593
1635584317	ID:36	RPL: Sending a multicast-DIO with rank 591
1636042429	ID:32	RPL: Sending a multicast-DIO with rank 631
1639136829	ID:35	RPL: Sending a multicast-DIO with rank 685
1639764554	ID:33	RPL: Sending a multicast-DIO with rank 593
1640584317	ID:36	RPL: Sending a multicast-DIO with rank 591
1641042429	ID:32	RPL: Sending a multicast-DIO with rank 631
1643015791	ID:34	RPL: Sending a DIS to fe80::c30c:0:0:6
1644136829	ID:35	RPL: Sending a multicast-DIO with rank 685
1644764554	ID:33	RPL: Sending a multicast-DIO with rank 593
1645584317	ID:36	RPL: Sending a multicast-DIO with rank 591
1646042429	ID:32	RPL: Sending a multicast-DIO with rank 631
1649136829	ID:35	RPL: Sending a multicast-DIO with rank 685
1649764554	ID:33	RPL: Sending a multicast-DIO with rank 593
1650584317	ID:36	RPL: Sending a multicast-DIO with rank 591
1651042429	ID:32	RPL: Sending a multicast-DIO with rank 631
1654136829	ID:35	RPL: Sending a multicast-DIO with rank 685
1654764554	ID:33	RPL: Sending a multicast-DIO with rank 593
1655584317	ID:36	RPL: Sending a multicast-DIO with rank 591
1656042429	ID:32	RPL: Sending a multicast-DIO with rank 631
1659136829	ID:35	RPL: Sending a multicast-DIO with rank 685
1659764554	ID:33	RPL: Sending a multicast-DIO with rank 593
1660584317	ID:36	RPL: Sending a multicast-DIO with rank 591
1661042429	ID:32	RPL: Sending a multicast-DIO with rank 631
1664136829	ID:35	RPL: Sending a multicast-DIO with rank 685
1664764554	ID:33	RPL: Sending a multicast-DIO with rank 593
1665584317	ID:36	RPL: Sending a multicast-DIO with rank 591
1666042429	ID:32	RPL: Sending a multicast-DIO with rank 631
1669136829	ID:35	RPL: Sending a multicast-DIO with rank 685
1669764554	ID:33	RPL: Sending a multicast-DIO with rank 593
1670584317	ID:36	RPL: Sending a multicast-DIO with rank 591
1671042429	ID:32	RPL: Sending a multicast-DIO with rank 631
1674136829	ID:35	RPL: Sending a multicast-DIO with rank 685
1674764554	ID:33	RPL: Sending a multicast-DIO with rank 593
1675584317	ID:36	RPL: Sending a multicast-DIO with rank 591
1676042429	ID:32	RPL: Sending a multicast-DIO with rank 631
1679136829	ID:35	RPL: Sending a multicast-DIO with rank 685
1679764554	ID:33	RPL: Sending a multicast-DIO with rank 593
1680584317	ID:36	RPL: Sending a multicast-DIO with rank 591
1681042429	ID:32	RPL: Sending a multicast-DIO with rank 631
1684136829	ID:35	RPL: Sending a multicast-DIO with rank 685
1684764554	ID:33	RPL: Sending a multicast-DIO with rank 593
1685584317	ID:36	RPL: Sending a multicast-DIO with rank 591
1686042429	ID:32	RPL: Sending a multicast-DIO with rank 631
1689136829	ID:35	RPL: Sending a multicast-DIO with rank 685
1689764554	ID:33	RPL: Sending a multicast-DIO with rank 593
1690584317	ID:36	RPL: Sending a multicast-DIO with rank 591
1691042429	ID:32	RPL: Sending a multicast-DIO with rank 631
1694136829	ID:35	RPL: Sending a multicast-DIO with rank 685
1694764554	ID:33	RPL: Sending a multicast-DIO with rank 593
1695584317	ID:36	RPL: Sending a multicast-DIO with rank 591
1696042429	ID:32	RPL: Sending a multicast-DIO with rank 631
1699136829	ID:35	RPL: Sending a multicast-DIO with rank 685
1699764554	ID:33	RPL: Sending a multicast-DIO with rank 593
1700584317	ID:36	RPL: Sending a multicast-DIO with rank 591
1701042429	ID:32	RPL: Sending a multicast-DIO with rank 631
1703015791	ID:34	RPL: Sending a DIS to fe80::c30c:0:0:6
1704136829	ID:35	RPL: Sending a multicast-DIO with rank 685
1704764554	ID:33	RPL: Sending a multicast-DIO with rank 593
1705584317	ID:36	RPL: Sending a multicast-DIO with rank 591
1706042429	ID:32	RPL: Sending a multicast-DIO with rank 631
1709136829	ID:35	RPL: Sending a multicast-DIO with rank 685
1709764554	ID:33	RPL: Sending a multicast-DIO with rank 593
1710584317	ID:36	RPL: Sending a multicast-DIO with rank 591
1711042429	ID:32	RPL: Sending a multicast-DIO with rank 631
1714136829	ID:35	RPL: Sending a multicast-DIO with rank 685
1714764554	ID:33	RPL: Sending a multicast-DIO with rank 593
1715584317	ID:36	RPL: Sending a multicast-DIO with rank 591
1716042429	ID:32	RPL: Sending a multicast-DIO with rank 631
1719136829	ID:35	RPL: Sending a multicast-DIO with rank 685
1719764554	ID:33	RPL: Sending a multicast-DIO with rank 593
1720584317	ID:36	RPL: Sending a multicast-DIO with rank 591
1721042429	ID:32	RPL: Sending a multicast-DIO with rank 631
1724136829	ID:35	RPL: Sending a multicast-DIO with rank 685
1724764554	ID:33	RPL: Sending a multicast-DIO with rank 593
1725584317	ID:36	RPL: Sending a multicast-DIO with rank 591
1726042429	ID:32	RPL: Sending a multicast-DIO with rank 631
1729136829	ID:35	RPL: Sending a multicast-DIO with rank 685
1729764554	ID:33	RPL: Sending a multicast-DIO with rank 593
1730584317	ID:36	RPL: Sending a multicast-DIO with rank 591
1731042429	ID:32	RPL: Sending a multicast-DIO with rank 631
1734136829	ID:35	RPL: Sending a multicast-DIO with rank 685
1734764554	ID:33	RPL: Sending a multicast-DIO with rank 593
1735584317	ID:36	RPL: Sending a multicast-DIO with rank 591
1736042429	ID:32	RPL: Sending a multicast-DIO with rank 631
1739136829	ID:35	RPL: Sending a multicast-DIO with rank 685
1739764554	ID:33	RPL: Sending a multicast-DIO with rank 593
1740584317	ID:36	RPL: Sending a multicast-DIO with rank 591
1741042429	ID:32	RPL: Sending a multicast-DIO with rank 631
1744136829	ID:35	RPL: Sending a multicast-DIO with rank 685
1744764554	ID:33	RPL: Sending a multicast-DIO with rank 593
1745584317	ID:36	RPL: Sending a multicast-DIO with rank 591
1746042429	ID:32	RPL: Sending a multicast-DIO with rank 631
1749136829	ID:35	RPL: Sending a multicast-DIO with rank 685
1749764554	ID:33	RPL: Sending a multicast-DIO with rank 593
1750584317	ID:36	RPL: Sending a multicast-DIO with rank 591
1751042429	ID:32	RPL: Sending a multicast-DIO with rank 631
1754136829	ID:35	RPL: Sending a multicast-DIO with rank 685
1754764554	ID:33	RPL: Sending a multicast-DIO with rank 593
1755584317	ID:36	RPL: Sending a multicast-DIO with rank 591
1756042429	ID:32	RPL: Sending a multicast-DIO with rank 631
1759136829	ID:35	RPL: Sending a multicast-DIO with rank 685
1759764554	ID:33	RPL: Sending a multicast-DIO with rank 593
1760584317	ID:36	RPL: Sending a multicast-DIO with rank 591
1761042429	ID:32	RPL: Sending a multicast-DIO with rank 631
1763015791	ID:34	RPL: Sending a DIS to fe80::c30c:0:0:6
1764136829	ID:35	RPL: Sending a multicast-DIO with rank 685
1764764554	ID:33	RPL: Sending a multicast-DIO with rank 593
1765584317	ID:36	RPL: Sending a multicast-DIO with rank 591
1766042429	ID:32	RPL: Sending a multicast-DIO with rank 631
1769136829	ID:35	RPL: Sending a multicast-DIO with rank 685
1769764554	ID:33	RPL: Sending a multicast-DIO with rank 593
1770584317	ID:36	RPL: Sending a multicast-DIO with rank 591
1771042429	ID:32	RPL: Sending a multicast-DIO with rank 631
1774136829	ID:35	RPL: Sending a multicast-DIO with rank 685
1774764554	ID:33	RPL: Sending a multicast-DIO with rank 593
1775584317	ID:36	RPL: Sending a multicast-DIO with rank 591
1776042429	ID:32	RPL: Sending a multicast-DIO with rank 631
1779136829	ID:35	RPL: Sending a multicast-DIO with rank 685
1779764554	ID:33	RPL: Sending a multicast-DIO with rank 593
1780584317	ID:36	RPL: Sending a multicast-DIO with rank 591
1781042429	ID:32	RPL: Sending a multicast-DIO with rank 631
1784136829	ID:35	RPL: Sending a multicast-DIO with rank 685
1784764554	ID:33	RPL: Sending a multicast-DIO with rank 593
1785584317	ID:36	RPL: Sending a multicast-DIO with rank 591
1786042429	ID:32	RPL: Sending a multicast-DIO with rank 631
1789136829	ID:35	RPL: Sending a multicast-DIO with rank 685
1789764554	ID:33	RPL: Sending a multicast-DIO with rank 593
1790584317	ID:36	RPL: Sending a multicast-DIO with rank 591
1791042429	ID:32	RPL: Sending a multicast-DIO with rank 631
1794136829	ID:35	RPL: Sending a multicast-DIO with rank 685
1794764554	ID:33	RPL: Sending a multicast-DIO with rank 593
1795584317	ID:36	RPL: Sending a multicast-DIO with rank 591
1796042429	ID:32	RPL: Sending a multicast-DIO with rank 631
1799136829	ID:35	RPL: Sending a multicast-DIO with rank 685
1799764554	ID:33	RPL: Sending a multicast-DIO with rank 593
