Generated Packets 1 | ReceivedPackets 1
TL = 148611 |  AE2ED = 0.148611 |  PDR = 1
Generated Packets 4 | ReceivedPackets 2
TL = 1597494 |  AE2ED = 0.798747 |  PDR = 0.5
Generated Packets 5 | ReceivedPackets 3
TL = 1641451 |  AE2ED = 0.5471503333333334 |  PDR = 0.6
Generated Packets 6 | ReceivedPackets 4
TL = 1713757 |  AE2ED = 0.42843925 |  PDR = 0.6666666666666666
Generated Packets 6 | ReceivedPackets 5
TL = 5781193 |  AE2ED = 1.1562386 |  PDR = 0.8333333333333334
Generated Packets 6 | ReceivedPackets 6
TL = 8723769 |  AE2ED = 1.4539615 |  PDR = 1
Generated Packets 7 | ReceivedPackets 7
TL = 8796904 |  AE2ED = 1.2567005714285713 |  PDR = 1
Generated Packets 8 | ReceivedPackets 8
TL = 8938595 |  AE2ED = 1.117324375 |  PDR = 1
Generated Packets 9 | ReceivedPackets 9
TL = 9086282 |  AE2ED = 1.0095868888888888 |  PDR = 1
Generated Packets 10 | ReceivedPackets 10
TL = 9112605 |  AE2ED = 0.9112605 |  PDR = 1
Generated Packets 11 | ReceivedPackets 11
TL = 9211827 |  AE2ED = 0.8374388181818182 |  PDR = 1
Generated Packets 12 | ReceivedPackets 12
TL = 9301031 |  AE2ED = 0.7750859166666666 |  PDR = 1
Generated Packets 14 | ReceivedPackets 13
TL = 9508893 |  AE2ED = 0.7314533076923078 |  PDR = 0.9285714285714286
Generated Packets 14 | ReceivedPackets 14
TL = 10758873 |  AE2ED = 0.7684909285714285 |  PDR = 1
Generated Packets 16 | ReceivedPackets 15
TL = 11479588 |  AE2ED = 0.7653058666666667 |  PDR = 0.9375
Generated Packets 23 | ReceivedPackets 16
TL = 19130351 |  AE2ED = 1.1956469375 |  PDR = 0.6956521739130435
Generated Packets 29 | ReceivedPackets 17
TL = 22618088 |  AE2ED = 1.3304757647058825 |  PDR = 0.5862068965517241
Generated Packets 29 | ReceivedPackets 18
TL = 25861323 |  AE2ED = 1.4367401666666668 |  PDR = 0.6206896551724138
Generated Packets 30 | ReceivedPackets 19
TL = 25920920 |  AE2ED = 1.364258947368421 |  PDR = 0.6333333333333333
Generated Packets 30 | ReceivedPackets 20
TL = 33033907 |  AE2ED = 1.65169535 |  PDR = 0.6666666666666666
Generated Packets 33 | ReceivedPackets 21
TL = 33558273 |  AE2ED = 1.598013 |  PDR = 0.6363636363636364
Generated Packets 34 | ReceivedPackets 22
TL = 37586570 |  AE2ED = 1.7084804545454546 |  PDR = 0.6470588235294118
Generated Packets 34 | ReceivedPackets 23
TL = 57038890 |  AE2ED = 2.4799517391304344 |  PDR = 0.6764705882352942
Generated Packets 34 | ReceivedPackets 24
TL = 57733623 |  AE2ED = 2.405567625 |  PDR = 0.7058823529411765
Generated Packets 34 | ReceivedPackets 25
TL = 83373706 |  AE2ED = 3.33494824 |  PDR = 0.7352941176470589
Generated Packets 39 | ReceivedPackets 26
TL = 88609582 |  AE2ED = 3.408060846153846 |  PDR = 0.6666666666666666
Generated Packets 41 | ReceivedPackets 27
TL = 89338724 |  AE2ED = 3.3088416296296295 |  PDR = 0.6585365853658537
Generated Packets 42 | ReceivedPackets 28
TL = 112034748 |  AE2ED = 4.001241 |  PDR = 0.6666666666666666
Generated Packets 43 | ReceivedPackets 29
TL = 113130315 |  AE2ED = 3.9010453448275864 |  PDR = 0.6744186046511628
Generated Packets 45 | ReceivedPackets 30
TL = 117338341 |  AE2ED = 3.9112780333333332 |  PDR = 0.6666666666666666
Generated Packets 45 | ReceivedPackets 31
TL = 125221554 |  AE2ED = 4.039404967741936 |  PDR = 0.6888888888888889
Generated Packets 48 | ReceivedPackets 32
TL = 129172977 |  AE2ED = 4.03665553125 |  PDR = 0.6666666666666666
Generated Packets 56 | ReceivedPackets 33
TL = 134426102 |  AE2ED = 4.073518242424242 |  PDR = 0.5892857142857143
Generated Packets 57 | ReceivedPackets 34
TL = 135994945 |  AE2ED = 3.9998513235294118 |  PDR = 0.5964912280701754
Generated Packets 59 | ReceivedPackets 35
TL = 150298971 |  AE2ED = 4.294256314285714 |  PDR = 0.5932203389830508
Generated Packets 62 | ReceivedPackets 36
TL = 164338222 |  AE2ED = 4.564950611111111 |  PDR = 0.5806451612903226
Generated Packets 62 | ReceivedPackets 37
TL = 187252683 |  AE2ED = 5.060883324324324 |  PDR = 0.5967741935483871
Generated Packets 62 | ReceivedPackets 38
TL = 203163685 |  AE2ED = 5.346412763157895 |  PDR = 0.6129032258064516
Generated Packets 67 | ReceivedPackets 39
TL = 223652763 |  AE2ED = 5.734686230769231 |  PDR = 0.582089552238806
Generated Packets 68 | ReceivedPackets 40
TL = 235491129 |  AE2ED = 5.887278224999999 |  PDR = 0.5882352941176471
Generated Packets 68 | ReceivedPackets 41
TL = 243956873 |  AE2ED = 5.950167634146341 |  PDR = 0.6029411764705882
Generated Packets 83 | ReceivedPackets 42
TL = 244028204 |  AE2ED = 5.810195333333333 |  PDR = 0.5060240963855421
Generated Packets 83 | ReceivedPackets 43
TL = 256964079 |  AE2ED = 5.975908813953488 |  PDR = 0.5180722891566265
Generated Packets 83 | ReceivedPackets 44
TL = 265902912 |  AE2ED = 6.043248 |  PDR = 0.5301204819277109
Generated Packets 86 | ReceivedPackets 45
TL = 266002585 |  AE2ED = 5.911168555555556 |  PDR = 0.5232558139534884
Generated Packets 92 | ReceivedPackets 46
TL = 268305192 |  AE2ED = 5.832721565217391 |  PDR = 0.5
Generated Packets 94 | ReceivedPackets 47
TL = 273967834 |  AE2ED = 5.82910285106383 |  PDR = 0.5
Generated Packets 99 | ReceivedPackets 48
TL = 277145592 |  AE2ED = 5.7738665 |  PDR = 0.48484848484848486
Generated Packets 103 | ReceivedPackets 49
TL = 277262350 |  AE2ED = 5.658415306122449 |  PDR = 0.47572815533980584
Generated Packets 114 | ReceivedPackets 50
TL = 278182261 |  AE2ED = 5.56364522 |  PDR = 0.43859649122807015
Generated Packets 121 | ReceivedPackets 51
TL = 284207940 |  AE2ED = 5.5727047058823524 |  PDR = 0.4214876033057851
Generated Packets 135 | ReceivedPackets 52
TL = 297089318 |  AE2ED = 5.713256115384615 |  PDR = 0.3851851851851852
Generated Packets 137 | ReceivedPackets 53
TL = 300454966 |  AE2ED = 5.668961622641509 |  PDR = 0.38686131386861317
Generated Packets 143 | ReceivedPackets 54
TL = 300483922 |  AE2ED = 5.5645170740740735 |  PDR = 0.3776223776223776
Generated Packets 153 | ReceivedPackets 55
TL = 320669957 |  AE2ED = 5.830362854545455 |  PDR = 0.35947712418300654
Generated Packets 153 | ReceivedPackets 56
TL = 326229830 |  AE2ED = 5.825532678571428 |  PDR = 0.3660130718954248
Generated Packets 157 | ReceivedPackets 57
TL = 332703401 |  AE2ED = 5.836901771929825 |  PDR = 0.3630573248407643
Generated Packets 163 | ReceivedPackets 58
TL = 336404830 |  AE2ED = 5.800083275862069 |  PDR = 0.3558282208588957
Generated Packets 178 | ReceivedPackets 59
TL = 340761214 |  AE2ED = 5.775613796610169 |  PDR = 0.33146067415730335
Generated Packets 184 | ReceivedPackets 60
TL = 344189951 |  AE2ED = 5.736499183333334 |  PDR = 0.32608695652173914
Generated Packets 202 | ReceivedPackets 61
TL = 350930486 |  AE2ED = 5.752958786885245 |  PDR = 0.30198019801980197
Generated Packets 207 | ReceivedPackets 62
TL = 351105037 |  AE2ED = 5.662984467741936 |  PDR = 0.2995169082125604
Generated Packets 208 | ReceivedPackets 63
TL = 351617148 |  AE2ED = 5.581224571428572 |  PDR = 0.30288461538461536
Generated Packets 214 | ReceivedPackets 64
TL = 353232456 |  AE2ED = 5.519257125 |  PDR = 0.29906542056074764
Generated Packets 227 | ReceivedPackets 65
TL = 357605736 |  AE2ED = 5.501626707692307 |  PDR = 0.28634361233480177
Generated Packets 235 | ReceivedPackets 66
TL = 362604322 |  AE2ED = 5.494004878787879 |  PDR = 0.28085106382978725
Generated Packets 242 | ReceivedPackets 67
TL = 362628205 |  AE2ED = 5.412361268656717 |  PDR = 0.2768595041322314
Generated Packets 243 | ReceivedPackets 68
TL = 375782811 |  AE2ED = 5.52621780882353 |  PDR = 0.27983539094650206
Generated Packets 249 | ReceivedPackets 69
TL = 379953074 |  AE2ED = 5.506566289855073 |  PDR = 0.27710843373493976
Generated Packets 254 | ReceivedPackets 70
TL = 381685846 |  AE2ED = 5.4526549428571425 |  PDR = 0.2755905511811024
Generated Packets 262 | ReceivedPackets 71
TL = 382639649 |  AE2ED = 5.3892908309859155 |  PDR = 0.27099236641221375
Generated Packets 289 | ReceivedPackets 72
TL = 382700237 |  AE2ED = 5.315281069444444 |  PDR = 0.2491349480968858
Generated Packets 290 | ReceivedPackets 73
TL = 385693802 |  AE2ED = 5.283476739726027 |  PDR = 0.2517241379310345
Generated Packets 290 | ReceivedPackets 74
TL = 388095658 |  AE2ED = 5.244535918918919 |  PDR = 0.25517241379310346
Generated Packets 297 | ReceivedPackets 75
TL = 392228744 |  AE2ED = 5.229716586666667 |  PDR = 0.25252525252525254
Generated Packets 314 | ReceivedPackets 76
TL = 394882688 |  AE2ED = 5.195824842105263 |  PDR = 0.24203821656050956
Generated Packets 332 | ReceivedPackets 77
TL = 395970317 |  AE2ED = 5.142471649350649 |  PDR = 0.2319277108433735
Generated Packets 333 | ReceivedPackets 78
TL = 419780769 |  AE2ED = 5.381804730769231 |  PDR = 0.23423423423423423
Generated Packets 333 | ReceivedPackets 79
TL = 424435325 |  AE2ED = 5.372599050632911 |  PDR = 0.23723723723723725
Generated Packets 341 | ReceivedPackets 80
TL = 433382534 |  AE2ED = 5.417281675 |  PDR = 0.23460410557184752
Generated Packets 347 | ReceivedPackets 81
TL = 433592026 |  AE2ED = 5.352987975308642 |  PDR = 0.2334293948126801
Generated Packets 352 | ReceivedPackets 82
TL = 434588766 |  AE2ED = 5.299863 |  PDR = 0.23295454545454544
Generated Packets 360 | ReceivedPackets 83
TL = 437610223 |  AE2ED = 5.272412325301205 |  PDR = 0.23055555555555557
Generated Packets 387 | ReceivedPackets 84
TL = 437633481 |  AE2ED = 5.209922392857143 |  PDR = 0.21705426356589147
Generated Packets 398 | ReceivedPackets 85
TL = 453382048 |  AE2ED = 5.3339064470588236 |  PDR = 0.2135678391959799
Generated Packets 411 | ReceivedPackets 86
TL = 454224182 |  AE2ED = 5.2816765348837205 |  PDR = 0.20924574209245742
Generated Packets 416 | ReceivedPackets 87
TL = 456315215 |  AE2ED = 5.245002471264368 |  PDR = 0.2091346153846154
Generated Packets 419 | ReceivedPackets 88
TL = 459653197 |  AE2ED = 5.2233317840909095 |  PDR = 0.2100238663484487
Generated Packets 429 | ReceivedPackets 89
TL = 472346842 |  AE2ED = 5.3072678876404495 |  PDR = 0.20745920745920746
Generated Packets 437 | ReceivedPackets 90
TL = 472382697 |  AE2ED = 5.248696633333334 |  PDR = 0.20594965675057209
Generated Packets 440 | ReceivedPackets 91
TL = 472497325 |  AE2ED = 5.1922782967032965 |  PDR = 0.20681818181818182
Generated Packets 449 | ReceivedPackets 92
TL = 475831781 |  AE2ED = 5.172084576086956 |  PDR = 0.20489977728285078
Generated Packets 462 | ReceivedPackets 93
TL = 487173253 |  AE2ED = 5.238422075268817 |  PDR = 0.2012987012987013
Generated Packets 468 | ReceivedPackets 94
TL = 497088659 |  AE2ED = 5.288177223404256 |  PDR = 0.20085470085470086
Generated Packets 484 | ReceivedPackets 95
TL = 519219224 |  AE2ED = 5.465465515789473 |  PDR = 0.1962809917355372
Generated Packets 488 | ReceivedPackets 96
TL = 521819392 |  AE2ED = 5.435618666666667 |  PDR = 0.19672131147540983
Generated Packets 488 | ReceivedPackets 97
TL = 535977926 |  AE2ED = 5.52554562886598 |  PDR = 0.1987704918032787
Generated Packets 494 | ReceivedPackets 98
TL = 538953058 |  AE2ED = 5.499521 |  PDR = 0.19838056680161945
Generated Packets 499 | ReceivedPackets 99
TL = 542490383 |  AE2ED = 5.479700838383838 |  PDR = 0.19839679358717435
Generated Packets 510 | ReceivedPackets 100
TL = 543500900 |  AE2ED = 5.435009 |  PDR = 0.19607843137254902
Generated Packets 516 | ReceivedPackets 101
TL = 543524456 |  AE2ED = 5.381430257425742 |  PDR = 0.19573643410852712
Generated Packets 521 | ReceivedPackets 102
TL = 544233283 |  AE2ED = 5.335620421568628 |  PDR = 0.19577735124760076
Generated Packets 528 | ReceivedPackets 103
TL = 544270623 |  AE2ED = 5.284180805825243 |  PDR = 0.19507575757575757
Generated Packets 536 | ReceivedPackets 104
TL = 547316017 |  AE2ED = 5.262654009615385 |  PDR = 0.19402985074626866
Generated Packets 548 | ReceivedPackets 105
TL = 550392057 |  AE2ED = 5.241829114285714 |  PDR = 0.19160583941605838
Generated Packets 548 | ReceivedPackets 106
TL = 561140051 |  AE2ED = 5.293774066037736 |  PDR = 0.19343065693430658
Generated Packets 549 | ReceivedPackets 107
TL = 561163929 |  AE2ED = 5.24452270093458 |  PDR = 0.19489981785063754
Generated Packets 559 | ReceivedPackets 108
TL = 564123101 |  AE2ED = 5.223362046296296 |  PDR = 0.19320214669051877
Generated Packets 582 | ReceivedPackets 109
TL = 568323030 |  AE2ED = 5.213972752293579 |  PDR = 0.1872852233676976
Generated Packets 583 | ReceivedPackets 110
TL = 574774511 |  AE2ED = 5.225222827272727 |  PDR = 0.18867924528301888
Generated Packets 583 | ReceivedPackets 111
TL = 574930729 |  AE2ED = 5.179556117117117 |  PDR = 0.19039451114922812
Generated Packets 585 | ReceivedPackets 112
TL = 575358354 |  AE2ED = 5.137128160714285 |  PDR = 0.19145299145299147
Generated Packets 610 | ReceivedPackets 113
TL = 575395928 |  AE2ED = 5.091999362831858 |  PDR = 0.18524590163934426
Generated Packets 621 | ReceivedPackets 114
TL = 575487996 |  AE2ED = 5.048140315789473 |  PDR = 0.18357487922705315
Generated Packets 623 | ReceivedPackets 115
TL = 575900623 |  AE2ED = 5.007831504347826 |  PDR = 0.18459069020866772
Generated Packets 629 | ReceivedPackets 116
TL = 577801991 |  AE2ED = 4.981051646551725 |  PDR = 0.18441971383147854
Generated Packets 633 | ReceivedPackets 117
TL = 577825641 |  AE2ED = 4.938680692307692 |  PDR = 0.1848341232227488
Generated Packets 637 | ReceivedPackets 118
TL = 580683234 |  AE2ED = 4.921044355932203 |  PDR = 0.18524332810047095
Generated Packets 639 | ReceivedPackets 119
TL = 589704931 |  AE2ED = 4.95550362184874 |  PDR = 0.18622848200312989
Generated Packets 641 | ReceivedPackets 120
TL = 589773589 |  AE2ED = 4.914779908333333 |  PDR = 0.187207488299532
Generated Packets 667 | ReceivedPackets 121
TL = 603451737 |  AE2ED = 4.987204438016529 |  PDR = 0.18140929535232383
Generated Packets 682 | ReceivedPackets 122
TL = 607576323 |  AE2ED = 4.980133795081968 |  PDR = 0.17888563049853373
Generated Packets 684 | ReceivedPackets 123
TL = 612567220 |  AE2ED = 4.9802213008130085 |  PDR = 0.17982456140350878
Generated Packets 693 | ReceivedPackets 124
TL = 634354408 |  AE2ED = 5.1157613548387095 |  PDR = 0.17893217893217894
Generated Packets 712 | ReceivedPackets 125
TL = 634457429 |  AE2ED = 5.075659432 |  PDR = 0.175561797752809
Generated Packets 717 | ReceivedPackets 126
TL = 635689534 |  AE2ED = 5.045155031746032 |  PDR = 0.17573221757322174
Generated Packets 720 | ReceivedPackets 127
TL = 640191532 |  AE2ED = 5.04087820472441 |  PDR = 0.1763888888888889
Generated Packets 732 | ReceivedPackets 128
TL = 649229108 |  AE2ED = 5.07210240625 |  PDR = 0.17486338797814208
Generated Packets 735 | ReceivedPackets 129
TL = 651883637 |  AE2ED = 5.053361527131782 |  PDR = 0.17551020408163265
Generated Packets 739 | ReceivedPackets 130
TL = 653507182 |  AE2ED = 5.026978323076923 |  PDR = 0.17591339648173207
Generated Packets 742 | ReceivedPackets 131
TL = 654036658 |  AE2ED = 4.992646244274809 |  PDR = 0.1765498652291105
Generated Packets 761 | ReceivedPackets 132
TL = 654159922 |  AE2ED = 4.955756984848485 |  PDR = 0.17345597897503284
Generated Packets 766 | ReceivedPackets 133
TL = 655392820 |  AE2ED = 4.927765563909775 |  PDR = 0.17362924281984335
Generated Packets 768 | ReceivedPackets 134
TL = 657696117 |  AE2ED = 4.90817997761194 |  PDR = 0.17447916666666666
Generated Packets 772 | ReceivedPackets 135
TL = 662091435 |  AE2ED = 4.904381 |  PDR = 0.17487046632124353
Generated Packets 789 | ReceivedPackets 136
TL = 662723043 |  AE2ED = 4.872963551470588 |  PDR = 0.17237008871989862
Generated Packets 803 | ReceivedPackets 137
TL = 664326883 |  AE2ED = 4.849101335766424 |  PDR = 0.1706102117061021
Generated Packets 805 | ReceivedPackets 138
TL = 664350096 |  AE2ED = 4.814131130434782 |  PDR = 0.17142857142857143
Generated Packets 808 | ReceivedPackets 139
TL = 676512624 |  AE2ED = 4.866997294964029 |  PDR = 0.17202970297029702
Generated Packets 824 | ReceivedPackets 140
TL = 676604679 |  AE2ED = 4.832890564285714 |  PDR = 0.16990291262135923
Generated Packets 832 | ReceivedPackets 141
TL = 676604679 |  AE2ED = 4.798614744680851 |  PDR = 0.16947115384615385
Generated Packets 832 | ReceivedPackets 142
TL = 682432513 |  AE2ED = 4.805862767605634 |  PDR = 0.17067307692307693
Generated Packets 839 | ReceivedPackets 143
TL = 682539057 |  AE2ED = 4.773000398601399 |  PDR = 0.17044100119189512
Generated Packets 839 | ReceivedPackets 144
TL = 687123728 |  AE2ED = 4.771692555555556 |  PDR = 0.17163289630512515
Generated Packets 851 | ReceivedPackets 145
TL = 687147757 |  AE2ED = 4.7389500482758615 |  PDR = 0.17038777908343125
Generated Packets 859 | ReceivedPackets 146
TL = 688036787 |  AE2ED = 4.712580732876712 |  PDR = 0.16996507566938301
Generated Packets 859 | ReceivedPackets 147
TL = 688378649 |  AE2ED = 4.6828479523809525 |  PDR = 0.17112922002328287
Generated Packets 870 | ReceivedPackets 148
TL = 688575320 |  AE2ED = 4.652535945945946 |  PDR = 0.17011494252873563
Script timed out
Performance Calculation
Generated Packets 870 | ReceivedPackets 148
TL = 688575320 |  AE2ED = 4.652535945945946 |  PDR = 0.17011494252873563
