30291464	ID:34	RPL: Sending a DIS to fe80::c30c:0:0:6
30544914	ID:32	RPL: Sending a DIS to fe80::c30c:0:0:3
30592589	ID:33	RPL: Sending a DIS to fe80::c30c:0:0:2
31007165	ID:36	RPL: Sending a DIS to fe80::c30c:0:0:8
31043704	ID:35	RPL: Sending a DIS to fe80::c30c:0:0:7
32881637	ID:33	RPL: Received a DIO from fe80::c30c:0:0:2
32885406	ID:33	RPL: Incoming DIO (id, ver, rank) = (30,240,524)
32889925	ID:33	RPL: Incoming DIO (dag_id, pref) = (fd00::ff:fe00:1, 0)
32892151	ID:33	RPL: DIO option 4, length: 14
32898171	ID:33	RPL: DAG conf:dbl=8, min=12 red=10 maxinc=896 mininc=128 ocp=1 d_l=10 l_u=60
32900397	ID:33	RPL: DIO option 8, length: 30
32902665	ID:33	RPL: Copying prefix information
32910699	ID:33	RPL: Neighbor added to neighbor cache fe80::c30c:0:0:2, c1:0c:00:00:00:00:00:02
33046338	ID:36	RPL: Received a DIO from fe80::c30c:0:0:8
33050112	ID:36	RPL: Incoming DIO (id, ver, rank) = (30,240,574)
33054610	ID:36	RPL: Incoming DIO (dag_id, pref) = (fd00::ff:fe00:1, 0)
33056854	ID:36	RPL: DIO option 4, length: 14
33062873	ID:36	RPL: DAG conf:dbl=8, min=12 red=10 maxinc=896 mininc=128 ocp=1 d_l=10 l_u=60
33065099	ID:36	RPL: DIO option 8, length: 30
33067368	ID:36	RPL: Copying prefix information
33075404	ID:36	RPL: Neighbor added to neighbor cache fe80::c30c:0:0:8, c1:0c:00:00:00:00:00:08
35713125	ID:32	RPL: Received a DIO from fe80::c30c:0:0:3
35716895	ID:32	RPL: Incoming DIO (id, ver, rank) = (30,240,566)
35721403	ID:32	RPL: Incoming DIO (dag_id, pref) = (fd00::ff:fe00:1, 0)
35723629	ID:32	RPL: DIO option 4, length: 14
35729691	ID:32	RPL: DAG conf:dbl=8, min=12 red=10 maxinc=896 mininc=128 ocp=1 d_l=10 l_u=60
35731918	ID:32	RPL: DIO option 8, length: 30
35734186	ID:32	RPL: Copying prefix information
35743566	ID:32	RPL: Neighbor added to neighbor cache fe80::c30c:0:0:3, c1:0c:00:00:00:00:00:03
37916515	ID:33	RPL: Sending a multicast-DIO with rank 524
37961115	ID:35	RPL: Received a DIO from fe80::c30c:0:0:7
37964884	ID:35	RPL: Incoming DIO (id, ver, rank) = (30,240,467)
37969383	ID:35	RPL: Incoming DIO (dag_id, pref) = (fd00::ff:fe00:1, 0)
37971609	ID:35	RPL: DIO option 4, length: 14
37977666	ID:35	RPL: DAG conf:dbl=8, min=12 red=10 maxinc=896 mininc=128 ocp=1 d_l=10 l_u=60
37979893	ID:35	RPL: DIO option 8, length: 30
37982161	ID:35	RPL: Copying prefix information
37992371	ID:35	RPL: Neighbor added to neighbor cache fe80::c30c:0:0:7, c1:0c:00:00:00:00:00:07
38076154	ID:36	RPL: Sending a multicast-DIO with rank 574
40746715	ID:32	RPL: Sending a multicast-DIO with rank 566
42916494	ID:33	RPL: Sending a multicast-DIO with rank 524
42995505	ID:35	RPL: Sending a multicast-DIO with rank 467
43076133	ID:36	RPL: Sending a multicast-DIO with rank 574
45746694	ID:32	RPL: Sending a multicast-DIO with rank 566
47916494	ID:33	RPL: Sending a multicast-DIO with rank 524
47995484	ID:35	RPL: Sending a multicast-DIO with rank 467
48076133	ID:36	RPL: Sending a multicast-DIO with rank 574
50746694	ID:32	RPL: Sending a multicast-DIO with rank 566
52916494	ID:33	RPL: Sending a multicast-DIO with rank 524
52995484	ID:35	RPL: Sending a multicast-DIO with rank 467
53076133	ID:36	RPL: Sending a multicast-DIO with rank 574
55746694	ID:32	RPL: Sending a multicast-DIO with rank 566
57916494	ID:33	RPL: Sending a multicast-DIO with rank 524
57995484	ID:35	RPL: Sending a multicast-DIO with rank 467
58076133	ID:36	RPL: Sending a multicast-DIO with rank 574
60746694	ID:32	RPL: Sending a multicast-DIO with rank 566
62916494	ID:33	RPL: Sending a multicast-DIO with rank 524
62995484	ID:35	RPL: Sending a multicast-DIO with rank 467
63076133	ID:36	RPL: Sending a multicast-DIO with rank 574
65746694	ID:32	RPL: Sending a multicast-DIO with rank 566
67916494	ID:33	RPL: Sending a multicast-DIO with rank 524
67995484	ID:35	RPL: Sending a multicast-DIO with rank 467
68076133	ID:36	RPL: Sending a multicast-DIO with rank 574
70746694	ID:32	RPL: Sending a multicast-DIO with rank 566
72916494	ID:33	RPL: Sending a multicast-DIO with rank 524
72995484	ID:35	RPL: Sending a multicast-DIO with rank 467
73076133	ID:36	RPL: Sending a multicast-DIO with rank 574
75746694	ID:32	RPL: Sending a multicast-DIO with rank 566
77916494	ID:33	RPL: Sending a multicast-DIO with rank 524
77995484	ID:35	RPL: Sending a multicast-DIO with rank 467
78076133	ID:36	RPL: Sending a multicast-DIO with rank 574
80746694	ID:32	RPL: Sending a multicast-DIO with rank 566
82916494	ID:33	RPL: Sending a multicast-DIO with rank 524
82995484	ID:35	RPL: Sending a multicast-DIO with rank 467
83064360	ID:34	RPL: Sending a DIS to fe80::c30c:0:0:6
83076133	ID:36	RPL: Sending a multicast-DIO with rank 574
85746694	ID:32	RPL: Sending a multicast-DIO with rank 566
87916494	ID:33	RPL: Sending a multicast-DIO with rank 524
87995484	ID:35	RPL: Sending a multicast-DIO with rank 467
88076133	ID:36	RPL: Sending a multicast-DIO with rank 574
90746681	ID:32	RPL: Sending a multicast-DIO with rank 566
92916481	ID:33	RPL: Sending a multicast-DIO with rank 524
92995471	ID:35	RPL: Sending a multicast-DIO with rank 467
93076120	ID:36	RPL: Sending a multicast-DIO with rank 574
95746681	ID:32	RPL: Sending a multicast-DIO with rank 566
97916481	ID:33	RPL: Sending a multicast-DIO with rank 524
97995471	ID:35	RPL: Sending a multicast-DIO with rank 467
98076120	ID:36	RPL: Sending a multicast-DIO with rank 574
100746681	ID:32	RPL: Sending a multicast-DIO with rank 566
102916481	ID:33	RPL: Sending a multicast-DIO with rank 524
102995471	ID:35	RPL: Sending a multicast-DIO with rank 467
103076120	ID:36	RPL: Sending a multicast-DIO with rank 574
105746681	ID:32	RPL: Sending a multicast-DIO with rank 566
107916481	ID:33	RPL: Sending a multicast-DIO with rank 524
107995471	ID:35	RPL: Sending a multicast-DIO with rank 467
108076120	ID:36	RPL: Sending a multicast-DIO with rank 574
110746681	ID:32	RPL: Sending a multicast-DIO with rank 566
112916481	ID:33	RPL: Sending a multicast-DIO with rank 524
112995471	ID:35	RPL: Sending a multicast-DIO with rank 467
113076120	ID:36	RPL: Sending a multicast-DIO with rank 574
115746681	ID:32	RPL: Sending a multicast-DIO with rank 566
117916481	ID:33	RPL: Sending a multicast-DIO with rank 524
117995471	ID:35	RPL: Sending a multicast-DIO with rank 467
118076120	ID:36	RPL: Sending a multicast-DIO with rank 574
120746681	ID:32	RPL: Sending a multicast-DIO with rank 566
122916481	ID:33	RPL: Sending a multicast-DIO with rank 524
122995471	ID:35	RPL: Sending a multicast-DIO with rank 467
123076120	ID:36	RPL: Sending a multicast-DIO with rank 574
125746681	ID:32	RPL: Sending a multicast-DIO with rank 566
127916481	ID:33	RPL: Sending a multicast-DIO with rank 524
127995471	ID:35	RPL: Sending a multicast-DIO with rank 467
128076120	ID:36	RPL: Sending a multicast-DIO with rank 574
130746681	ID:32	RPL: Sending a multicast-DIO with rank 566
132916481	ID:33	RPL: Sending a multicast-DIO with rank 524
132995471	ID:35	RPL: Sending a multicast-DIO with rank 467
133076120	ID:36	RPL: Sending a multicast-DIO with rank 574
135746681	ID:32	RPL: Sending a multicast-DIO with rank 566
137916481	ID:33	RPL: Sending a multicast-DIO with rank 524
137995471	ID:35	RPL: Sending a multicast-DIO with rank 467
138076120	ID:36	RPL: Sending a multicast-DIO with rank 574
140746681	ID:32	RPL: Sending a multicast-DIO with rank 566
142916481	ID:33	RPL: Sending a multicast-DIO with rank 524
142995471	ID:35	RPL: Sending a multicast-DIO with rank 467
143064347	ID:34	RPL: Sending a DIS to fe80::c30c:0:0:6
143076120	ID:36	RPL: Sending a multicast-DIO with rank 574
145746681	ID:32	RPL: Sending a multicast-DIO with rank 566
147916481	ID:33	RPL: Sending a multicast-DIO with rank 524
147995471	ID:35	RPL: Sending a multicast-DIO with rank 467
148076120	ID:36	RPL: Sending a multicast-DIO with rank 574
150746681	ID:32	RPL: Sending a multicast-DIO with rank 566
152916481	ID:33	RPL: Sending a multicast-DIO with rank 524
152995471	ID:35	RPL: Sending a multicast-DIO with rank 467
153076120	ID:36	RPL: Sending a multicast-DIO with rank 574
155746681	ID:32	RPL: Sending a multicast-DIO with rank 566
157916481	ID:33	RPL: Sending a multicast-DIO with rank 524
157995471	ID:35	RPL: Sending a multicast-DIO with rank 467
158076120	ID:36	RPL: Sending a multicast-DIO with rank 574
160746681	ID:32	RPL: Sending a multicast-DIO with rank 566
162916481	ID:33	RPL: Sending a multicast-DIO with rank 524
162995471	ID:35	RPL: Sending a multicast-DIO with rank 467
163076120	ID:36	RPL: Sending a multicast-DIO with rank 574
165746681	ID:32	RPL: Sending a multicast-DIO with rank 566
167916481	ID:33	RPL: Sending a multicast-DIO with rank 524
167995471	ID:35	RPL: Sending a multicast-DIO with rank 467
168076120	ID:36	RPL: Sending a multicast-DIO with rank 574
170746681	ID:32	RPL: Sending a multicast-DIO with rank 566
172916481	ID:33	RPL: Sending a multicast-DIO with rank 524
172995471	ID:35	RPL: Sending a multicast-DIO with rank 467
173076120	ID:36	RPL: Sending a multicast-DIO with rank 574
175746681	ID:32	RPL: Sending a multicast-DIO with rank 566
177916481	ID:33	RPL: Sending a multicast-DIO with rank 524
177995471	ID:35	RPL: Sending a multicast-DIO with rank 467
178076120	ID:36	RPL: Sending a multicast-DIO with rank 574
180746681	ID:32	RPL: Sending a multicast-DIO with rank 566
182916481	ID:33	RPL: Sending a multicast-DIO with rank 524
182995471	ID:35	RPL: Sending a multicast-DIO with rank 467
183076120	ID:36	RPL: Sending a multicast-DIO with rank 574
185746681	ID:32	RPL: Sending a multicast-DIO with rank 566
187916481	ID:33	RPL: Sending a multicast-DIO with rank 524
187995471	ID:35	RPL: Sending a multicast-DIO with rank 467
188076120	ID:36	RPL: Sending a multicast-DIO with rank 574
190746681	ID:32	RPL: Sending a multicast-DIO with rank 566
192916481	ID:33	RPL: Sending a multicast-DIO with rank 524
192995471	ID:35	RPL: Sending a multicast-DIO with rank 467
193076120	ID:36	RPL: Sending a multicast-DIO with rank 574
195746681	ID:32	RPL: Sending a multicast-DIO with rank 566
197916481	ID:33	RPL: Sending a multicast-DIO with rank 524
197995471	ID:35	RPL: Sending a multicast-DIO with rank 467
198076120	ID:36	RPL: Sending a multicast-DIO with rank 574
200746681	ID:32	RPL: Sending a multicast-DIO with rank 566
202916481	ID:33	RPL: Sending a multicast-DIO with rank 524
202995471	ID:35	RPL: Sending a multicast-DIO with rank 467
203064347	ID:34	RPL: Sending a DIS to fe80::c30c:0:0:6
203076120	ID:36	RPL: Sending a multicast-DIO with rank 574
205746681	ID:32	RPL: Sending a multicast-DIO with rank 566
207916481	ID:33	RPL: Sending a multicast-DIO with rank 524
207995471	ID:35	RPL: Sending a multicast-DIO with rank 467
208076120	ID:36	RPL: Sending a multicast-DIO with rank 574
210746681	ID:32	RPL: Sending a multicast-DIO with rank 566
212916481	ID:33	RPL: Sending a multicast-DIO with rank 524
212995471	ID:35	RPL: Sending a multicast-DIO with rank 467
213076120	ID:36	RPL: Sending a multicast-DIO with rank 574
215746681	ID:32	RPL: Sending a multicast-DIO with rank 566
217916481	ID:33	RPL: Sending a multicast-DIO with rank 524
217995471	ID:35	RPL: Sending a multicast-DIO with rank 467
218076120	ID:36	RPL: Sending a multicast-DIO with rank 574
220746681	ID:32	RPL: Sending a multicast-DIO with rank 566
222916481	ID:33	RPL: Sending a multicast-DIO with rank 524
222995471	ID:35	RPL: Sending a multicast-DIO with rank 467
223076120	ID:36	RPL: Sending a multicast-DIO with rank 574
225746681	ID:32	RPL: Sending a multicast-DIO with rank 566
227916481	ID:33	RPL: Sending a multicast-DIO with rank 524
227995471	ID:35	RPL: Sending a multicast-DIO with rank 467
228076120	ID:36	RPL: Sending a multicast-DIO with rank 574
230746681	ID:32	RPL: Sending a multicast-DIO with rank 566
232916481	ID:33	RPL: Sending a multicast-DIO with rank 524
232995471	ID:35	RPL: Sending a multicast-DIO with rank 467
233076120	ID:36	RPL: Sending a multicast-DIO with rank 574
235746681	ID:32	RPL: Sending a multicast-DIO with rank 566
237916481	ID:33	RPL: Sending a multicast-DIO with rank 524
237995471	ID:35	RPL: Sending a multicast-DIO with rank 467
238076120	ID:36	RPL: Sending a multicast-DIO with rank 574
240746681	ID:32	RPL: Sending a multicast-DIO with rank 566
242916481	ID:33	RPL: Sending a multicast-DIO with rank 524
242995471	ID:35	RPL: Sending a multicast-DIO with rank 467
243076120	ID:36	RPL: Sending a multicast-DIO with rank 574
245746681	ID:32	RPL: Sending a multicast-DIO with rank 566
247916481	ID:33	RPL: Sending a multicast-DIO with rank 524
247995471	ID:35	RPL: Sending a multicast-DIO with rank 467
248076120	ID:36	RPL: Sending a multicast-DIO with rank 574
250746681	ID:32	RPL: Sending a multicast-DIO with rank 566
252916481	ID:33	RPL: Sending a multicast-DIO with rank 524
252995471	ID:35	RPL: Sending a multicast-DIO with rank 467
253076120	ID:36	RPL: Sending a multicast-DIO with rank 574
255746681	ID:32	RPL: Sending a multicast-DIO with rank 566
257916481	ID:33	RPL: Sending a multicast-DIO with rank 524
257995471	ID:35	RPL: Sending a multicast-DIO with rank 467
258076120	ID:36	RPL: Sending a multicast-DIO with rank 574
260746681	ID:32	RPL: Sending a multicast-DIO with rank 566
262916481	ID:33	RPL: Sending a multicast-DIO with rank 524
262995471	ID:35	RPL: Sending a multicast-DIO with rank 467
263064864	ID:34	RPL: Sending a DIS to fe80::c30c:0:0:6
263076120	ID:36	RPL: Sending a multicast-DIO with rank 574
265746681	ID:32	RPL: Sending a multicast-DIO with rank 566
267916481	ID:33	RPL: Sending a multicast-DIO with rank 524
267995471	ID:35	RPL: Sending a multicast-DIO with rank 467
268076120	ID:36	RPL: Sending a multicast-DIO with rank 574
270746681	ID:32	RPL: Sending a multicast-DIO with rank 566
272916481	ID:33	RPL: Sending a multicast-DIO with rank 524
272995471	ID:35	RPL: Sending a multicast-DIO with rank 467
273076120	ID:36	RPL: Sending a multicast-DIO with rank 574
275746681	ID:32	RPL: Sending a multicast-DIO with rank 566
277916481	ID:33	RPL: Sending a multicast-DIO with rank 524
277995471	ID:35	RPL: Sending a multicast-DIO with rank 467
278076120	ID:36	RPL: Sending a multicast-DIO with rank 574
280746681	ID:32	RPL: Sending a multicast-DIO with rank 566
282916481	ID:33	RPL: Sending a multicast-DIO with rank 524
282995471	ID:35	RPL: Sending a multicast-DIO with rank 467
283076120	ID:36	RPL: Sending a multicast-DIO with rank 574
285746681	ID:32	RPL: Sending a multicast-DIO with rank 566
287916481	ID:33	RPL: Sending a multicast-DIO with rank 524
287995471	ID:35	RPL: Sending a multicast-DIO with rank 467
288076120	ID:36	RPL: Sending a multicast-DIO with rank 574
290746681	ID:32	RPL: Sending a multicast-DIO with rank 566
292916481	ID:33	RPL: Sending a multicast-DIO with rank 524
292995471	ID:35	RPL: Sending a multicast-DIO with rank 467
293076120	ID:36	RPL: Sending a multicast-DIO with rank 574
295746681	ID:32	RPL: Sending a multicast-DIO with rank 566
297916481	ID:33	RPL: Sending a multicast-DIO with rank 524
297995471	ID:35	RPL: Sending a multicast-DIO with rank 467
298076120	ID:36	RPL: Sending a multicast-DIO with rank 574
300746681	ID:32	RPL: Sending a multicast-DIO with rank 566
302916481	ID:33	RPL: Sending a multicast-DIO with rank 524
302995471	ID:35	RPL: Sending a multicast-DIO with rank 467
303076120	ID:36	RPL: Sending a multicast-DIO with rank 574
305746681	ID:32	RPL: Sending a multicast-DIO with rank 566
307916481	ID:33	RPL: Sending a multicast-DIO with rank 524
307995471	ID:35	RPL: Sending a multicast-DIO with rank 467
308076120	ID:36	RPL: Sending a multicast-DIO with rank 574
310746681	ID:32	RPL: Sending a multicast-DIO with rank 566
312916481	ID:33	RPL: Sending a multicast-DIO with rank 524
312995471	ID:35	RPL: Sending a multicast-DIO with rank 467
313076120	ID:36	RPL: Sending a multicast-DIO with rank 574
315746681	ID:32	RPL: Sending a multicast-DIO with rank 566
317916481	ID:33	RPL: Sending a multicast-DIO with rank 524
317995471	ID:35	RPL: Sending a multicast-DIO with rank 467
318076120	ID:36	RPL: Sending a multicast-DIO with rank 574
320746681	ID:32	RPL: Sending a multicast-DIO with rank 566
322916481	ID:33	RPL: Sending a multicast-DIO with rank 524
322995471	ID:35	RPL: Sending a multicast-DIO with rank 467
323064347	ID:34	RPL: Sending a DIS to fe80::c30c:0:0:6
323076120	ID:36	RPL: Sending a multicast-DIO with rank 574
325746681	ID:32	RPL: Sending a multicast-DIO with rank 566
327916481	ID:33	RPL: Sending a multicast-DIO with rank 524
327995471	ID:35	RPL: Sending a multicast-DIO with rank 467
328076120	ID:36	RPL: Sending a multicast-DIO with rank 574
330746681	ID:32	RPL: Sending a multicast-DIO with rank 566
332916481	ID:33	RPL: Sending a multicast-DIO with rank 524
332995471	ID:35	RPL: Sending a multicast-DIO with rank 467
333076120	ID:36	RPL: Sending a multicast-DIO with rank 574
335746681	ID:32	RPL: Sending a multicast-DIO with rank 566
337916481	ID:33	RPL: Sending a multicast-DIO with rank 524
337995471	ID:35	RPL: Sending a multicast-DIO with rank 467
338076120	ID:36	RPL: Sending a multicast-DIO with rank 574
340746681	ID:32	RPL: Sending a multicast-DIO with rank 566
342916481	ID:33	RPL: Sending a multicast-DIO with rank 524
342995471	ID:35	RPL: Sending a multicast-DIO with rank 467
343076120	ID:36	RPL: Sending a multicast-DIO with rank 574
345746681	ID:32	RPL: Sending a multicast-DIO with rank 566
347916488	ID:33	RPL: Sending a multicast-DIO with rank 524
347995471	ID:35	RPL: Sending a multicast-DIO with rank 467
348076120	ID:36	RPL: Sending a multicast-DIO with rank 574
350746681	ID:32	RPL: Sending a multicast-DIO with rank 566
352916481	ID:33	RPL: Sending a multicast-DIO with rank 524
352995471	ID:35	RPL: Sending a multicast-DIO with rank 467
353076120	ID:36	RPL: Sending a multicast-DIO with rank 574
355746688	ID:32	RPL: Sending a multicast-DIO with rank 566
357916481	ID:33	RPL: Sending a multicast-DIO with rank 524
357995471	ID:35	RPL: Sending a multicast-DIO with rank 467
358076120	ID:36	RPL: Sending a multicast-DIO with rank 574
360746681	ID:32	RPL: Sending a multicast-DIO with rank 566
362916481	ID:33	RPL: Sending a multicast-DIO with rank 524
362995471	ID:35	RPL: Sending a multicast-DIO with rank 467
363076120	ID:36	RPL: Sending a multicast-DIO with rank 574
365746681	ID:32	RPL: Sending a multicast-DIO with rank 566
367916481	ID:33	RPL: Sending a multicast-DIO with rank 524
367995471	ID:35	RPL: Sending a multicast-DIO with rank 467
368076120	ID:36	RPL: Sending a multicast-DIO with rank 574
370746681	ID:32	RPL: Sending a multicast-DIO with rank 566
372916481	ID:33	RPL: Sending a multicast-DIO with rank 524
372995471	ID:35	RPL: Sending a multicast-DIO with rank 467
373076120	ID:36	RPL: Sending a multicast-DIO with rank 574
375746681	ID:32	RPL: Sending a multicast-DIO with rank 566
377916481	ID:33	RPL: Sending a multicast-DIO with rank 524
377995471	ID:35	RPL: Sending a multicast-DIO with rank 467
378076120	ID:36	RPL: Sending a multicast-DIO with rank 574
380746681	ID:32	RPL: Sending a multicast-DIO with rank 566
382916481	ID:33	RPL: Sending a multicast-DIO with rank 524
382995471	ID:35	RPL: Sending a multicast-DIO with rank 467
383064347	ID:34	RPL: Sending a DIS to fe80::c30c:0:0:6
383076120	ID:36	RPL: Sending a multicast-DIO with rank 574
385746681	ID:32	RPL: Sending a multicast-DIO with rank 566
387916481	ID:33	RPL: Sending a multicast-DIO with rank 524
387995471	ID:35	RPL: Sending a multicast-DIO with rank 467
388076120	ID:36	RPL: Sending a multicast-DIO with rank 574
390746681	ID:32	RPL: Sending a multicast-DIO with rank 566
392916481	ID:33	RPL: Sending a multicast-DIO with rank 524
392995471	ID:35	RPL: Sending a multicast-DIO with rank 467
393076120	ID:36	RPL: Sending a multicast-DIO with rank 574
395746681	ID:32	RPL: Sending a multicast-DIO with rank 566
397916481	ID:33	RPL: Sending a multicast-DIO with rank 524
397995471	ID:35	RPL: Sending a multicast-DIO with rank 467
398076120	ID:36	RPL: Sending a multicast-DIO with rank 574
400746681	ID:32	RPL: Sending a multicast-DIO with rank 566
402916481	ID:33	RPL: Sending a multicast-DIO with rank 524
402995471	ID:35	RPL: Sending a multicast-DIO with rank 467
403076120	ID:36	RPL: Sending a multicast-DIO with rank 574
405746681	ID:32	RPL: Sending a multicast-DIO with rank 566
407916481	ID:33	RPL: Sending a multicast-DIO with rank 524
407995471	ID:35	RPL: Sending a multicast-DIO with rank 467
408076120	ID:36	RPL: Sending a multicast-DIO with rank 574
410746681	ID:32	RPL: Sending a multicast-DIO with rank 566
412916481	ID:33	RPL: Sending a multicast-DIO with rank 524
412995471	ID:35	RPL: Sending a multicast-DIO with rank 467
413076120	ID:36	RPL: Sending a multicast-DIO with rank 574
415746681	ID:32	RPL: Sending a multicast-DIO with rank 566
417916481	ID:33	RPL: Sending a multicast-DIO with rank 524
417995471	ID:35	RPL: Sending a multicast-DIO with rank 467
418076127	ID:36	RPL: Sending a multicast-DIO with rank 574
420746681	ID:32	RPL: Sending a multicast-DIO with rank 566
422916481	ID:33	RPL: Sending a multicast-DIO with rank 524
422995471	ID:35	RPL: Sending a multicast-DIO with rank 467
423076120	ID:36	RPL: Sending a multicast-DIO with rank 574
425746681	ID:32	RPL: Sending a multicast-DIO with rank 566
427916481	ID:33	RPL: Sending a multicast-DIO with rank 524
427995478	ID:35	RPL: Sending a multicast-DIO with rank 467
428076120	ID:36	RPL: Sending a multicast-DIO with rank 574
430746681	ID:32	RPL: Sending a multicast-DIO with rank 566
432916481	ID:33	RPL: Sending a multicast-DIO with rank 524
432995471	ID:35	RPL: Sending a multicast-DIO with rank 467
433076120	ID:36	RPL: Sending a multicast-DIO with rank 574
435746681	ID:32	RPL: Sending a multicast-DIO with rank 566
437916481	ID:33	RPL: Sending a multicast-DIO with rank 524
437995471	ID:35	RPL: Sending a multicast-DIO with rank 467
438076120	ID:36	RPL: Sending a multicast-DIO with rank 574
440746681	ID:32	RPL: Sending a multicast-DIO with rank 566
442916481	ID:33	RPL: Sending a multicast-DIO with rank 524
442995471	ID:35	RPL: Sending a multicast-DIO with rank 467
443064347	ID:34	RPL: Sending a DIS to fe80::c30c:0:0:6
443076120	ID:36	RPL: Sending a multicast-DIO with rank 574
445746681	ID:32	RPL: Sending a multicast-DIO with rank 566
447916481	ID:33	RPL: Sending a multicast-DIO with rank 524
447995471	ID:35	RPL: Sending a multicast-DIO with rank 467
448076120	ID:36	RPL: Sending a multicast-DIO with rank 574
450746681	ID:32	RPL: Sending a multicast-DIO with rank 566
452916481	ID:33	RPL: Sending a multicast-DIO with rank 524
452995471	ID:35	RPL: Sending a multicast-DIO with rank 467
453076120	ID:36	RPL: Sending a multicast-DIO with rank 574
455746681	ID:32	RPL: Sending a multicast-DIO with rank 566
457916481	ID:33	RPL: Sending a multicast-DIO with rank 524
457995471	ID:35	RPL: Sending a multicast-DIO with rank 467
458076120	ID:36	RPL: Sending a multicast-DIO with rank 574
460746681	ID:32	RPL: Sending a multicast-DIO with rank 566
462916481	ID:33	RPL: Sending a multicast-DIO with rank 524
462995471	ID:35	RPL: Sending a multicast-DIO with rank 467
463076120	ID:36	RPL: Sending a multicast-DIO with rank 574
465746681	ID:32	RPL: Sending a multicast-DIO with rank 566
467916481	ID:33	RPL: Sending a multicast-DIO with rank 524
467995471	ID:35	RPL: Sending a multicast-DIO with rank 467
468076120	ID:36	RPL: Sending a multicast-DIO with rank 574
470746681	ID:32	RPL: Sending a multicast-DIO with rank 566
472916481	ID:33	RPL: Sending a multicast-DIO with rank 524
472995471	ID:35	RPL: Sending a multicast-DIO with rank 467
473076120	ID:36	RPL: Sending a multicast-DIO with rank 574
475746681	ID:32	RPL: Sending a multicast-DIO with rank 566
477916481	ID:33	RPL: Sending a multicast-DIO with rank 524
477995471	ID:35	RPL: Sending a multicast-DIO with rank 467
478076120	ID:36	RPL: Sending a multicast-DIO with rank 574
480746681	ID:32	RPL: Sending a multicast-DIO with rank 566
482916481	ID:33	RPL: Sending a multicast-DIO with rank 524
482995471	ID:35	RPL: Sending a multicast-DIO with rank 467
483076120	ID:36	RPL: Sending a multicast-DIO with rank 574
485746681	ID:32	RPL: Sending a multicast-DIO with rank 566
487916481	ID:33	RPL: Sending a multicast-DIO with rank 524
487995471	ID:35	RPL: Sending a multicast-DIO with rank 467
488076120	ID:36	RPL: Sending a multicast-DIO with rank 574
490746681	ID:32	RPL: Sending a multicast-DIO with rank 566
492916481	ID:33	RPL: Sending a multicast-DIO with rank 524
492995471	ID:35	RPL: Sending a multicast-DIO with rank 467
493076120	ID:36	RPL: Sending a multicast-DIO with rank 574
495746681	ID:32	RPL: Sending a multicast-DIO with rank 566
497916481	ID:33	RPL: Sending a multicast-DIO with rank 524
497995471	ID:35	RPL: Sending a multicast-DIO with rank 467
498076120	ID:36	RPL: Sending a multicast-DIO with rank 574
500746681	ID:32	RPL: Sending a multicast-DIO with rank 566
502916481	ID:33	RPL: Sending a multicast-DIO with rank 524
502995471	ID:35	RPL: Sending a multicast-DIO with rank 467
503064347	ID:34	RPL: Sending a DIS to fe80::c30c:0:0:6
503076120	ID:36	RPL: Sending a multicast-DIO with rank 574
505746681	ID:32	RPL: Sending a multicast-DIO with rank 566
507916481	ID:33	RPL: Sending a multicast-DIO with rank 524
507995471	ID:35	RPL: Sending a multicast-DIO with rank 467
508076120	ID:36	RPL: Sending a multicast-DIO with rank 574
510746681	ID:32	RPL: Sending a multicast-DIO with rank 566
512916481	ID:33	RPL: Sending a multicast-DIO with rank 524
512995471	ID:35	RPL: Sending a multicast-DIO with rank 467
513076120	ID:36	RPL: Sending a multicast-DIO with rank 574
515746681	ID:32	RPL: Sending a multicast-DIO with rank 566
517916481	ID:33	RPL: Sending a multicast-DIO with rank 524
517995471	ID:35	RPL: Sending a multicast-DIO with rank 467
518076120	ID:36	RPL: Sending a multicast-DIO with rank 574
520746681	ID:32	RPL: Sending a multicast-DIO with rank 566
522916481	ID:33	RPL: Sending a multicast-DIO with rank 524
522995471	ID:35	RPL: Sending a multicast-DIO with rank 467
523076120	ID:36	RPL: Sending a multicast-DIO with rank 574
525746681	ID:32	RPL: Sending a multicast-DIO with rank 566
527916481	ID:33	RPL: Sending a multicast-DIO with rank 524
527995471	ID:35	RPL: Sending a multicast-DIO with rank 467
528076120	ID:36	RPL: Sending a multicast-DIO with rank 574
530746681	ID:32	RPL: Sending a multicast-DIO with rank 566
532916481	ID:33	RPL: Sending a multicast-DIO with rank 524
532995471	ID:35	RPL: Sending a multicast-DIO with rank 467
533076120	ID:36	RPL: Sending a multicast-DIO with rank 574
535746681	ID:32	RPL: Sending a multicast-DIO with rank 566
537916481	ID:33	RPL: Sending a multicast-DIO with rank 524
537995471	ID:35	RPL: Sending a multicast-DIO with rank 467
538076120	ID:36	RPL: Sending a multicast-DIO with rank 574
540746681	ID:32	RPL: Sending a multicast-DIO with rank 566
542916481	ID:33	RPL: Sending a multicast-DIO with rank 524
542995471	ID:35	RPL: Sending a multicast-DIO with rank 467
543076120	ID:36	RPL: Sending a multicast-DIO with rank 574
545746681	ID:32	RPL: Sending a multicast-DIO with rank 566
547916481	ID:33	RPL: Sending a multicast-DIO with rank 524
547995471	ID:35	RPL: Sending a multicast-DIO with rank 467
548076120	ID:36	RPL: Sending a multicast-DIO with rank 574
550746681	ID:32	RPL: Sending a multicast-DIO with rank 566
552916481	ID:33	RPL: Sending a multicast-DIO with rank 524
552995471	ID:35	RPL: Sending a multicast-DIO with rank 467
553076120	ID:36	RPL: Sending a multicast-DIO with rank 574
555746681	ID:32	RPL: Sending a multicast-DIO with rank 566
557916481	ID:33	RPL: Sending a multicast-DIO with rank 524
557995471	ID:35	RPL: Sending a multicast-DIO with rank 467
558076120	ID:36	RPL: Sending a multicast-DIO with rank 574
560746681	ID:32	RPL: Sending a multicast-DIO with rank 566
562916481	ID:33	RPL: Sending a multicast-DIO with rank 524
562995471	ID:35	RPL: Sending a multicast-DIO with rank 467
563064347	ID:34	RPL: Sending a DIS to fe80::c30c:0:0:6
563076120	ID:36	RPL: Sending a multicast-DIO with rank 574
565746681	ID:32	RPL: Sending a multicast-DIO with rank 566
567916481	ID:33	RPL: Sending a multicast-DIO with rank 524
567995471	ID:35	RPL: Sending a multicast-DIO with rank 467
568076120	ID:36	RPL: Sending a multicast-DIO with rank 574
570746681	ID:32	RPL: Sending a multicast-DIO with rank 566
572916481	ID:33	RPL: Sending a multicast-DIO with rank 524
572995471	ID:35	RPL: Sending a multicast-DIO with rank 467
573076120	ID:36	RPL: Sending a multicast-DIO with rank 574
575746681	ID:32	RPL: Sending a multicast-DIO with rank 566
577916481	ID:33	RPL: Sending a multicast-DIO with rank 524
577995471	ID:35	RPL: Sending a multicast-DIO with rank 467
578076120	ID:36	RPL: Sending a multicast-DIO with rank 574
580746681	ID:32	RPL: Sending a multicast-DIO with rank 566
582916481	ID:33	RPL: Sending a multicast-DIO with rank 524
582995471	ID:35	RPL: Sending a multicast-DIO with rank 467
583076120	ID:36	RPL: Sending a multicast-DIO with rank 574
585746681	ID:32	RPL: Sending a multicast-DIO with rank 566
587916481	ID:33	RPL: Sending a multicast-DIO with rank 524
587995471	ID:35	RPL: Sending a multicast-DIO with rank 467
588076120	ID:36	RPL: Sending a multicast-DIO with rank 574
590746681	ID:32	RPL: Sending a multicast-DIO with rank 566
592916481	ID:33	RPL: Sending a multicast-DIO with rank 524
592995471	ID:35	RPL: Sending a multicast-DIO with rank 467
593076120	ID:36	RPL: Sending a multicast-DIO with rank 574
595746681	ID:32	RPL: Sending a multicast-DIO with rank 566
597916481	ID:33	RPL: Sending a multicast-DIO with rank 524
597995471	ID:35	RPL: Sending a multicast-DIO with rank 467
598076120	ID:36	RPL: Sending a multicast-DIO with rank 574
600746681	ID:32	RPL: Sending a multicast-DIO with rank 566
602916481	ID:33	RPL: Sending a multicast-DIO with rank 524
602995471	ID:35	RPL: Sending a multicast-DIO with rank 467
603076120	ID:36	RPL: Sending a multicast-DIO with rank 574
605746681	ID:32	RPL: Sending a multicast-DIO with rank 566
607916481	ID:33	RPL: Sending a multicast-DIO with rank 524
607995471	ID:35	RPL: Sending a multicast-DIO with rank 467
608076120	ID:36	RPL: Sending a multicast-DIO with rank 574
610746681	ID:32	RPL: Sending a multicast-DIO with rank 566
612916481	ID:33	RPL: Sending a multicast-DIO with rank 524
612995471	ID:35	RPL: Sending a multicast-DIO with rank 467
613076120	ID:36	RPL: Sending a multicast-DIO with rank 574
615746681	ID:32	RPL: Sending a multicast-DIO with rank 566
617916481	ID:33	RPL: Sending a multicast-DIO with rank 524
617995471	ID:35	RPL: Sending a multicast-DIO with rank 467
618076120	ID:36	RPL: Sending a multicast-DIO with rank 574
620746681	ID:32	RPL: Sending a multicast-DIO with rank 566
622916481	ID:33	RPL: Sending a multicast-DIO with rank 524
622995471	ID:35	RPL: Sending a multicast-DIO with rank 467
623064347	ID:34	RPL: Sending a DIS to fe80::c30c:0:0:6
623076120	ID:36	RPL: Sending a multicast-DIO with rank 574
625746681	ID:32	RPL: Sending a multicast-DIO with rank 566
627916481	ID:33	RPL: Sending a multicast-DIO with rank 524
627995471	ID:35	RPL: Sending a multicast-DIO with rank 467
628076120	ID:36	RPL: Sending a multicast-DIO with rank 574
630746681	ID:32	RPL: Sending a multicast-DIO with rank 566
632916481	ID:33	RPL: Sending a multicast-DIO with rank 524
632995471	ID:35	RPL: Sending a multicast-DIO with rank 467
633076120	ID:36	RPL: Sending a multicast-DIO with rank 574
635746681	ID:32	RPL: Sending a multicast-DIO with rank 566
637916481	ID:33	RPL: Sending a multicast-DIO with rank 524
637995471	ID:35	RPL: Sending a multicast-DIO with rank 467
638076120	ID:36	RPL: Sending a multicast-DIO with rank 574
640746681	ID:32	RPL: Sending a multicast-DIO with rank 566
642916481	ID:33	RPL: Sending a multicast-DIO with rank 524
642995471	ID:35	RPL: Sending a multicast-DIO with rank 467
643076120	ID:36	RPL: Sending a multicast-DIO with rank 574
645746681	ID:32	RPL: Sending a multicast-DIO with rank 566
647916481	ID:33	RPL: Sending a multicast-DIO with rank 524
647995471	ID:35	RPL: Sending a multicast-DIO with rank 467
648076120	ID:36	RPL: Sending a multicast-DIO with rank 574
650746681	ID:32	RPL: Sending a multicast-DIO with rank 566
652916481	ID:33	RPL: Sending a multicast-DIO with rank 524
652995471	ID:35	RPL: Sending a multicast-DIO with rank 467
653076120	ID:36	RPL: Sending a multicast-DIO with rank 574
655746681	ID:32	RPL: Sending a multicast-DIO with rank 566
657916481	ID:33	RPL: Sending a multicast-DIO with rank 524
657995471	ID:35	RPL: Sending a multicast-DIO with rank 467
658076120	ID:36	RPL: Sending a multicast-DIO with rank 574
660746681	ID:32	RPL: Sending a multicast-DIO with rank 566
662916481	ID:33	RPL: Sending a multicast-DIO with rank 524
662995471	ID:35	RPL: Sending a multicast-DIO with rank 467
663076120	ID:36	RPL: Sending a multicast-DIO with rank 574
665746681	ID:32	RPL: Sending a multicast-DIO with rank 566
667916481	ID:33	RPL: Sending a multicast-DIO with rank 524
667995471	ID:35	RPL: Sending a multicast-DIO with rank 467
668076120	ID:36	RPL: Sending a multicast-DIO with rank 574
670746681	ID:32	RPL: Sending a multicast-DIO with rank 566
672916481	ID:33	RPL: Sending a multicast-DIO with rank 524
672995471	ID:35	RPL: Sending a multicast-DIO with rank 467
673076120	ID:36	RPL: Sending a multicast-DIO with rank 574
675746681	ID:32	RPL: Sending a multicast-DIO with rank 566
677916481	ID:33	RPL: Sending a multicast-DIO with rank 524
677995471	ID:35	RPL: Sending a multicast-DIO with rank 467
678076120	ID:36	RPL: Sending a multicast-DIO with rank 574
680746681	ID:32	RPL: Sending a multicast-DIO with rank 566
682916481	ID:33	RPL: Sending a multicast-DIO with rank 524
682995471	ID:35	RPL: Sending a multicast-DIO with rank 467
683064347	ID:34	RPL: Sending a DIS to fe80::c30c:0:0:6
683076120	ID:36	RPL: Sending a multicast-DIO with rank 574
685746681	ID:32	RPL: Sending a multicast-DIO with rank 566
687916481	ID:33	RPL: Sending a multicast-DIO with rank 524
687995471	ID:35	RPL: Sending a multicast-DIO with rank 467
688076120	ID:36	RPL: Sending a multicast-DIO with rank 574
690746682	ID:32	RPL: Sending a multicast-DIO with rank 566
692916482	ID:33	RPL: Sending a multicast-DIO with rank 524
692995471	ID:35	RPL: Sending a multicast-DIO with rank 467
693076120	ID:36	RPL: Sending a multicast-DIO with rank 574
695746681	ID:32	RPL: Sending a multicast-DIO with rank 566
697916481	ID:33	RPL: Sending a multicast-DIO with rank 524
697995472	ID:35	RPL: Sending a multicast-DIO with rank 467
698076121	ID:36	RPL: Sending a multicast-DIO with rank 574
700746681	ID:32	RPL: Sending a multicast-DIO with rank 566
702916482	ID:33	RPL: Sending a multicast-DIO with rank 524
702995472	ID:35	RPL: Sending a multicast-DIO with rank 467
703076120	ID:36	RPL: Sending a multicast-DIO with rank 574
705746682	ID:32	RPL: Sending a multicast-DIO with rank 566
707916482	ID:33	RPL: Sending a multicast-DIO with rank 524
707995472	ID:35	RPL: Sending a multicast-DIO with rank 467
708076121	ID:36	RPL: Sending a multicast-DIO with rank 574
710746682	ID:32	RPL: Sending a multicast-DIO with rank 566
712916482	ID:33	RPL: Sending a multicast-DIO with rank 524
712995472	ID:35	RPL: Sending a multicast-DIO with rank 467
713076121	ID:36	RPL: Sending a multicast-DIO with rank 574
715746688	ID:32	RPL: Sending a multicast-DIO with rank 566
717916482	ID:33	RPL: Sending a multicast-DIO with rank 524
717995472	ID:35	RPL: Sending a multicast-DIO with rank 467
718076120	ID:36	RPL: Sending a multicast-DIO with rank 574
720746682	ID:32	RPL: Sending a multicast-DIO with rank 566
722916482	ID:33	RPL: Sending a multicast-DIO with rank 524
722995472	ID:35	RPL: Sending a multicast-DIO with rank 467
723076121	ID:36	RPL: Sending a multicast-DIO with rank 574
725746682	ID:32	RPL: Sending a multicast-DIO with rank 566
727916482	ID:33	RPL: Sending a multicast-DIO with rank 524
727995471	ID:35	RPL: Sending a multicast-DIO with rank 467
728076121	ID:36	RPL: Sending a multicast-DIO with rank 574
730746682	ID:32	RPL: Sending a multicast-DIO with rank 566
732916482	ID:33	RPL: Sending a multicast-DIO with rank 524
732995472	ID:35	RPL: Sending a multicast-DIO with rank 467
733076121	ID:36	RPL: Sending a multicast-DIO with rank 574
735746682	ID:32	RPL: Sending a multicast-DIO with rank 566
737916482	ID:33	RPL: Sending a multicast-DIO with rank 524
737995471	ID:35	RPL: Sending a multicast-DIO with rank 467
738076121	ID:36	RPL: Sending a multicast-DIO with rank 574
740746681	ID:32	RPL: Sending a multicast-DIO with rank 566
742916482	ID:33	RPL: Sending a multicast-DIO with rank 524
742995472	ID:35	RPL: Sending a multicast-DIO with rank 467
743064347	ID:34	RPL: Sending a DIS to fe80::c30c:0:0:6
743076121	ID:36	RPL: Sending a multicast-DIO with rank 574
745746682	ID:32	RPL: Sending a multicast-DIO with rank 566
747916482	ID:33	RPL: Sending a multicast-DIO with rank 524
747995472	ID:35	RPL: Sending a multicast-DIO with rank 467
748076121	ID:36	RPL: Sending a multicast-DIO with rank 574
750746682	ID:32	RPL: Sending a multicast-DIO with rank 566
752916482	ID:33	RPL: Sending a multicast-DIO with rank 524
752995472	ID:35	RPL: Sending a multicast-DIO with rank 467
753076121	ID:36	RPL: Sending a multicast-DIO with rank 574
755746682	ID:32	RPL: Sending a multicast-DIO with rank 566
757916482	ID:33	RPL: Sending a multicast-DIO with rank 524
757995472	ID:35	RPL: Sending a multicast-DIO with rank 467
758076121	ID:36	RPL: Sending a multicast-DIO with rank 574
760746682	ID:32	RPL: Sending a multicast-DIO with rank 566
762916482	ID:33	RPL: Sending a multicast-DIO with rank 524
762995472	ID:35	RPL: Sending a multicast-DIO with rank 467
763076121	ID:36	RPL: Sending a multicast-DIO with rank 574
765746682	ID:32	RPL: Sending a multicast-DIO with rank 566
767916488	ID:33	RPL: Sending a multicast-DIO with rank 524
767995471	ID:35	RPL: Sending a multicast-DIO with rank 467
768076121	ID:36	RPL: Sending a multicast-DIO with rank 574
770746682	ID:32	RPL: Sending a multicast-DIO with rank 566
772916481	ID:33	RPL: Sending a multicast-DIO with rank 524
772995472	ID:35	RPL: Sending a multicast-DIO with rank 467
773076121	ID:36	RPL: Sending a multicast-DIO with rank 574
775746682	ID:32	RPL: Sending a multicast-DIO with rank 566
777916482	ID:33	RPL: Sending a multicast-DIO with rank 524
777995472	ID:35	RPL: Sending a multicast-DIO with rank 467
778076127	ID:36	RPL: Sending a multicast-DIO with rank 574
780746682	ID:32	RPL: Sending a multicast-DIO with rank 566
782916482	ID:33	RPL: Sending a multicast-DIO with rank 524
782995472	ID:35	RPL: Sending a multicast-DIO with rank 467
783076121	ID:36	RPL: Sending a multicast-DIO with rank 574
785746681	ID:32	RPL: Sending a multicast-DIO with rank 566
787916482	ID:33	RPL: Sending a multicast-DIO with rank 524
787995472	ID:35	RPL: Sending a multicast-DIO with rank 467
788076121	ID:36	RPL: Sending a multicast-DIO with rank 574
790746681	ID:32	RPL: Sending a multicast-DIO with rank 566
792916482	ID:33	RPL: Sending a multicast-DIO with rank 524
792995472	ID:35	RPL: Sending a multicast-DIO with rank 467
793076120	ID:36	RPL: Sending a multicast-DIO with rank 574
795746682	ID:32	RPL: Sending a multicast-DIO with rank 566
797916482	ID:33	RPL: Sending a multicast-DIO with rank 524
797995472	ID:35	RPL: Sending a multicast-DIO with rank 467
798076121	ID:36	RPL: Sending a multicast-DIO with rank 574
800746681	ID:32	RPL: Sending a multicast-DIO with rank 566
802916482	ID:33	RPL: Sending a multicast-DIO with rank 524
802995472	ID:35	RPL: Sending a multicast-DIO with rank 467
803064347	ID:34	RPL: Sending a DIS to fe80::c30c:0:0:6
803076121	ID:36	RPL: Sending a multicast-DIO with rank 574
805746682	ID:32	RPL: Sending a multicast-DIO with rank 566
807916482	ID:33	RPL: Sending a multicast-DIO with rank 524
807995478	ID:35	RPL: Sending a multicast-DIO with rank 467
808076120	ID:36	RPL: Sending a multicast-DIO with rank 574
810746682	ID:32	RPL: Sending a multicast-DIO with rank 566
812916481	ID:33	RPL: Sending a multicast-DIO with rank 524
812995472	ID:35	RPL: Sending a multicast-DIO with rank 467
813076121	ID:36	RPL: Sending a multicast-DIO with rank 574
815746682	ID:32	RPL: Sending a multicast-DIO with rank 566
817916482	ID:33	RPL: Sending a multicast-DIO with rank 524
817995471	ID:35	RPL: Sending a multicast-DIO with rank 467
818076121	ID:36	RPL: Sending a multicast-DIO with rank 574
820746681	ID:32	RPL: Sending a multicast-DIO with rank 566
822916482	ID:33	RPL: Sending a multicast-DIO with rank 524
822995472	ID:35	RPL: Sending a multicast-DIO with rank 467
823076120	ID:36	RPL: Sending a multicast-DIO with rank 574
825746682	ID:32	RPL: Sending a multicast-DIO with rank 566
827916482	ID:33	RPL: Sending a multicast-DIO with rank 524
827995471	ID:35	RPL: Sending a multicast-DIO with rank 467
828076121	ID:36	RPL: Sending a multicast-DIO with rank 574
830746682	ID:32	RPL: Sending a multicast-DIO with rank 566
832916482	ID:33	RPL: Sending a multicast-DIO with rank 524
832995472	ID:35	RPL: Sending a multicast-DIO with rank 467
833076121	ID:36	RPL: Sending a multicast-DIO with rank 574
835746682	ID:32	RPL: Sending a multicast-DIO with rank 566
837916482	ID:33	RPL: Sending a multicast-DIO with rank 524
837995472	ID:35	RPL: Sending a multicast-DIO with rank 467
838076121	ID:36	RPL: Sending a multicast-DIO with rank 574
840746682	ID:32	RPL: Sending a multicast-DIO with rank 566
842916482	ID:33	RPL: Sending a multicast-DIO with rank 524
842995471	ID:35	RPL: Sending a multicast-DIO with rank 467
843076121	ID:36	RPL: Sending a multicast-DIO with rank 574
845746682	ID:32	RPL: Sending a multicast-DIO with rank 566
847916482	ID:33	RPL: Sending a multicast-DIO with rank 524
847995472	ID:35	RPL: Sending a multicast-DIO with rank 467
848076121	ID:36	RPL: Sending a multicast-DIO with rank 574
850746682	ID:32	RPL: Sending a multicast-DIO with rank 566
852916482	ID:33	RPL: Sending a multicast-DIO with rank 524
852995472	ID:35	RPL: Sending a multicast-DIO with rank 467
853076121	ID:36	RPL: Sending a multicast-DIO with rank 574
855746682	ID:32	RPL: Sending a multicast-DIO with rank 566
857916482	ID:33	RPL: Sending a multicast-DIO with rank 524
857995471	ID:35	RPL: Sending a multicast-DIO with rank 467
858076121	ID:36	RPL: Sending a multicast-DIO with rank 574
860746682	ID:32	RPL: Sending a multicast-DIO with rank 566
862916482	ID:33	RPL: Sending a multicast-DIO with rank 524
862995472	ID:35	RPL: Sending a multicast-DIO with rank 467
863064701	ID:34	RPL: Sending a DIS to fe80::c30c:0:0:6
863076121	ID:36	RPL: Sending a multicast-DIO with rank 574
865746682	ID:32	RPL: Sending a multicast-DIO with rank 566
867916482	ID:33	RPL: Sending a multicast-DIO with rank 524
867995472	ID:35	RPL: Sending a multicast-DIO with rank 467
868076120	ID:36	RPL: Sending a multicast-DIO with rank 574
870746682	ID:32	RPL: Sending a multicast-DIO with rank 566
872916482	ID:33	RPL: Sending a multicast-DIO with rank 524
872995472	ID:35	RPL: Sending a multicast-DIO with rank 467
873076121	ID:36	RPL: Sending a multicast-DIO with rank 574
875746682	ID:32	RPL: Sending a multicast-DIO with rank 566
877916482	ID:33	RPL: Sending a multicast-DIO with rank 524
877995472	ID:35	RPL: Sending a multicast-DIO with rank 467
878076121	ID:36	RPL: Sending a multicast-DIO with rank 574
880746682	ID:32	RPL: Sending a multicast-DIO with rank 566
882916482	ID:33	RPL: Sending a multicast-DIO with rank 524
882995472	ID:35	RPL: Sending a multicast-DIO with rank 467
883076120	ID:36	RPL: Sending a multicast-DIO with rank 574
885746682	ID:32	RPL: Sending a multicast-DIO with rank 566
887916482	ID:33	RPL: Sending a multicast-DIO with rank 524
887995472	ID:35	RPL: Sending a multicast-DIO with rank 467
888076121	ID:36	RPL: Sending a multicast-DIO with rank 574
890746682	ID:32	RPL: Sending a multicast-DIO with rank 566
892916482	ID:33	RPL: Sending a multicast-DIO with rank 524
892995471	ID:35	RPL: Sending a multicast-DIO with rank 467
893076121	ID:36	RPL: Sending a multicast-DIO with rank 574
895746682	ID:32	RPL: Sending a multicast-DIO with rank 566
897916481	ID:33	RPL: Sending a multicast-DIO with rank 524
897995471	ID:35	RPL: Sending a multicast-DIO with rank 467
898076121	ID:36	RPL: Sending a multicast-DIO with rank 574
900746682	ID:32	RPL: Sending a multicast-DIO with rank 566
902916482	ID:33	RPL: Sending a multicast-DIO with rank 524
902995471	ID:35	RPL: Sending a multicast-DIO with rank 467
903076121	ID:36	RPL: Sending a multicast-DIO with rank 574
905746682	ID:32	RPL: Sending a multicast-DIO with rank 566
907916482	ID:33	RPL: Sending a multicast-DIO with rank 524
907995471	ID:35	RPL: Sending a multicast-DIO with rank 467
908076120	ID:36	RPL: Sending a multicast-DIO with rank 574
910746682	ID:32	RPL: Sending a multicast-DIO with rank 566
912916482	ID:33	RPL: Sending a multicast-DIO with rank 524
912995471	ID:35	RPL: Sending a multicast-DIO with rank 467
913076121	ID:36	RPL: Sending a multicast-DIO with rank 574
915746682	ID:32	RPL: Sending a multicast-DIO with rank 566
917916482	ID:33	RPL: Sending a multicast-DIO with rank 524
917995472	ID:35	RPL: Sending a multicast-DIO with rank 467
918076121	ID:36	RPL: Sending a multicast-DIO with rank 574
920746682	ID:32	RPL: Sending a multicast-DIO with rank 566
922916482	ID:33	RPL: Sending a multicast-DIO with rank 524
922995471	ID:35	RPL: Sending a multicast-DIO with rank 467
923064347	ID:34	RPL: Sending a DIS to fe80::c30c:0:0:6
923076121	ID:36	RPL: Sending a multicast-DIO with rank 574
925746682	ID:32	RPL: Sending a multicast-DIO with rank 566
927916482	ID:33	RPL: Sending a multicast-DIO with rank 524
927995472	ID:35	RPL: Sending a multicast-DIO with rank 467
928076121	ID:36	RPL: Sending a multicast-DIO with rank 574
930746682	ID:32	RPL: Sending a multicast-DIO with rank 566
932916482	ID:33	RPL: Sending a multicast-DIO with rank 524
932995472	ID:35	RPL: Sending a multicast-DIO with rank 467
933076121	ID:36	RPL: Sending a multicast-DIO with rank 574
935746682	ID:32	RPL: Sending a multicast-DIO with rank 566
937916482	ID:33	RPL: Sending a multicast-DIO with rank 524
937995472	ID:35	RPL: Sending a multicast-DIO with rank 467
938076120	ID:36	RPL: Sending a multicast-DIO with rank 574
940746682	ID:32	RPL: Sending a multicast-DIO with rank 566
942916481	ID:33	RPL: Sending a multicast-DIO with rank 524
942995472	ID:35	RPL: Sending a multicast-DIO with rank 467
943076121	ID:36	RPL: Sending a multicast-DIO with rank 574
945746682	ID:32	RPL: Sending a multicast-DIO with rank 566
947916481	ID:33	RPL: Sending a multicast-DIO with rank 524
947995471	ID:35	RPL: Sending a multicast-DIO with rank 467
948076121	ID:36	RPL: Sending a multicast-DIO with rank 574
950746682	ID:32	RPL: Sending a multicast-DIO with rank 566
952916482	ID:33	RPL: Sending a multicast-DIO with rank 524
952995472	ID:35	RPL: Sending a multicast-DIO with rank 467
953076121	ID:36	RPL: Sending a multicast-DIO with rank 574
955746682	ID:32	RPL: Sending a multicast-DIO with rank 566
957916482	ID:33	RPL: Sending a multicast-DIO with rank 524
957995472	ID:35	RPL: Sending a multicast-DIO with rank 467
958076120	ID:36	RPL: Sending a multicast-DIO with rank 574
960746682	ID:32	RPL: Sending a multicast-DIO with rank 566
962916481	ID:33	RPL: Sending a multicast-DIO with rank 524
962995472	ID:35	RPL: Sending a multicast-DIO with rank 467
963076121	ID:36	RPL: Sending a multicast-DIO with rank 574
965746682	ID:32	RPL: Sending a multicast-DIO with rank 566
967916482	ID:33	RPL: Sending a multicast-DIO with rank 524
967995472	ID:35	RPL: Sending a multicast-DIO with rank 467
968076121	ID:36	RPL: Sending a multicast-DIO with rank 574
970746682	ID:32	RPL: Sending a multicast-DIO with rank 566
972916482	ID:33	RPL: Sending a multicast-DIO with rank 524
972995472	ID:35	RPL: Sending a multicast-DIO with rank 467
973076121	ID:36	RPL: Sending a multicast-DIO with rank 574
975746681	ID:32	RPL: Sending a multicast-DIO with rank 566
977916482	ID:33	RPL: Sending a multicast-DIO with rank 524
977995472	ID:35	RPL: Sending a multicast-DIO with rank 467
978076121	ID:36	RPL: Sending a multicast-DIO with rank 574
980746682	ID:32	RPL: Sending a multicast-DIO with rank 566
982916482	ID:33	RPL: Sending a multicast-DIO with rank 524
982995472	ID:35	RPL: Sending a multicast-DIO with rank 467
983064347	ID:34	RPL: Sending a DIS to fe80::c30c:0:0:6
983076121	ID:36	RPL: Sending a multicast-DIO with rank 574
985746682	ID:32	RPL: Sending a multicast-DIO with rank 566
987916482	ID:33	RPL: Sending a multicast-DIO with rank 524
987995472	ID:35	RPL: Sending a multicast-DIO with rank 467
988076121	ID:36	RPL: Sending a multicast-DIO with rank 574
990746682	ID:32	RPL: Sending a multicast-DIO with rank 566
992916482	ID:33	RPL: Sending a multicast-DIO with rank 524
992995471	ID:35	RPL: Sending a multicast-DIO with rank 467
993076121	ID:36	RPL: Sending a multicast-DIO with rank 574
995746681	ID:32	RPL: Sending a multicast-DIO with rank 566
997916482	ID:33	RPL: Sending a multicast-DIO with rank 524
997995472	ID:35	RPL: Sending a multicast-DIO with rank 467
998076120	ID:36	RPL: Sending a multicast-DIO with rank 574
1000746682	ID:32	RPL: Sending a multicast-DIO with rank 566
1002916482	ID:33	RPL: Sending a multicast-DIO with rank 524
1002995471	ID:35	RPL: Sending a multicast-DIO with rank 467
1003076121	ID:36	RPL: Sending a multicast-DIO with rank 574
1005746682	ID:32	RPL: Sending a multicast-DIO with rank 566
1007916482	ID:33	RPL: Sending a multicast-DIO with rank 524
1007995472	ID:35	RPL: Sending a multicast-DIO with rank 467
1008076121	ID:36	RPL: Sending a multicast-DIO with rank 574
1010746682	ID:32	RPL: Sending a multicast-DIO with rank 566
1012916481	ID:33	RPL: Sending a multicast-DIO with rank 524
1012995472	ID:35	RPL: Sending a multicast-DIO with rank 467
1013076121	ID:36	RPL: Sending a multicast-DIO with rank 574
1015746682	ID:32	RPL: Sending a multicast-DIO with rank 566
1017916482	ID:33	RPL: Sending a multicast-DIO with rank 524
1017995472	ID:35	RPL: Sending a multicast-DIO with rank 467
1018076121	ID:36	RPL: Sending a multicast-DIO with rank 574
1020746682	ID:32	RPL: Sending a multicast-DIO with rank 566
1022916482	ID:33	RPL: Sending a multicast-DIO with rank 524
1022995472	ID:35	RPL: Sending a multicast-DIO with rank 467
1023076121	ID:36	RPL: Sending a multicast-DIO with rank 574
1025746682	ID:32	RPL: Sending a multicast-DIO with rank 566
1027916482	ID:33	RPL: Sending a multicast-DIO with rank 524
1027995472	ID:35	RPL: Sending a multicast-DIO with rank 467
1028076121	ID:36	RPL: Sending a multicast-DIO with rank 574
1030746682	ID:32	RPL: Sending a multicast-DIO with rank 566
1032916482	ID:33	RPL: Sending a multicast-DIO with rank 524
1032995472	ID:35	RPL: Sending a multicast-DIO with rank 467
1033076121	ID:36	RPL: Sending a multicast-DIO with rank 574
1035746682	ID:32	RPL: Sending a multicast-DIO with rank 566
1037916482	ID:33	RPL: Sending a multicast-DIO with rank 524
1037995472	ID:35	RPL: Sending a multicast-DIO with rank 467
1038076121	ID:36	RPL: Sending a multicast-DIO with rank 574
1040746682	ID:32	RPL: Sending a multicast-DIO with rank 566
1042916482	ID:33	RPL: Sending a multicast-DIO with rank 524
1042995472	ID:35	RPL: Sending a multicast-DIO with rank 467
1043064348	ID:34	RPL: Sending a DIS to fe80::c30c:0:0:6
1043076121	ID:36	RPL: Sending a multicast-DIO with rank 574
1045746682	ID:32	RPL: Sending a multicast-DIO with rank 566
1047916482	ID:33	RPL: Sending a multicast-DIO with rank 524
1047995472	ID:35	RPL: Sending a multicast-DIO with rank 467
1048076121	ID:36	RPL: Sending a multicast-DIO with rank 574
1050746682	ID:32	RPL: Sending a multicast-DIO with rank 566
1052916482	ID:33	RPL: Sending a multicast-DIO with rank 524
1052995472	ID:35	RPL: Sending a multicast-DIO with rank 467
1053076121	ID:36	RPL: Sending a multicast-DIO with rank 574
1055746682	ID:32	RPL: Sending a multicast-DIO with rank 566
1057916482	ID:33	RPL: Sending a multicast-DIO with rank 524
1057995472	ID:35	RPL: Sending a multicast-DIO with rank 467
1058076121	ID:36	RPL: Sending a multicast-DIO with rank 574
1060746682	ID:32	RPL: Sending a multicast-DIO with rank 566
1062916482	ID:33	RPL: Sending a multicast-DIO with rank 524
1062995472	ID:35	RPL: Sending a multicast-DIO with rank 467
1063076121	ID:36	RPL: Sending a multicast-DIO with rank 574
1065746682	ID:32	RPL: Sending a multicast-DIO with rank 566
1067916482	ID:33	RPL: Sending a multicast-DIO with rank 524
1067995472	ID:35	RPL: Sending a multicast-DIO with rank 467
1068076121	ID:36	RPL: Sending a multicast-DIO with rank 574
1070746682	ID:32	RPL: Sending a multicast-DIO with rank 566
1072916482	ID:33	RPL: Sending a multicast-DIO with rank 524
1072995472	ID:35	RPL: Sending a multicast-DIO with rank 467
1073076121	ID:36	RPL: Sending a multicast-DIO with rank 574
1075746682	ID:32	RPL: Sending a multicast-DIO with rank 566
1077916482	ID:33	RPL: Sending a multicast-DIO with rank 524
1077995472	ID:35	RPL: Sending a multicast-DIO with rank 467
1078076121	ID:36	RPL: Sending a multicast-DIO with rank 574
1080746682	ID:32	RPL: Sending a multicast-DIO with rank 566
1082916482	ID:33	RPL: Sending a multicast-DIO with rank 524
1082995472	ID:35	RPL: Sending a multicast-DIO with rank 467
1083076121	ID:36	RPL: Sending a multicast-DIO with rank 574
1085746682	ID:32	RPL: Sending a multicast-DIO with rank 566
1087916482	ID:33	RPL: Sending a multicast-DIO with rank 524
1087995472	ID:35	RPL: Sending a multicast-DIO with rank 467
1088076121	ID:36	RPL: Sending a multicast-DIO with rank 574
1090746682	ID:32	RPL: Sending a multicast-DIO with rank 566
1092916482	ID:33	RPL: Sending a multicast-DIO with rank 524
1092995472	ID:35	RPL: Sending a multicast-DIO with rank 467
1093076121	ID:36	RPL: Sending a multicast-DIO with rank 574
1095746682	ID:32	RPL: Sending a multicast-DIO with rank 566
1097916482	ID:33	RPL: Sending a multicast-DIO with rank 524
1097995472	ID:35	RPL: Sending a multicast-DIO with rank 467
1098076121	ID:36	RPL: Sending a multicast-DIO with rank 574
1100746682	ID:32	RPL: Sending a multicast-DIO with rank 566
1102916489	ID:33	RPL: Sending a multicast-DIO with rank 524
1102995472	ID:35	RPL: Sending a multicast-DIO with rank 467
1103064348	ID:34	RPL: Sending a DIS to fe80::c30c:0:0:6
1103076121	ID:36	RPL: Sending a multicast-DIO with rank 574
1105746682	ID:32	RPL: Sending a multicast-DIO with rank 566
1107916482	ID:33	RPL: Sending a multicast-DIO with rank 524
1107995472	ID:35	RPL: Sending a multicast-DIO with rank 467
1108076121	ID:36	RPL: Sending a multicast-DIO with rank 574
1110746682	ID:32	RPL: Sending a multicast-DIO with rank 566
1112916482	ID:33	RPL: Sending a multicast-DIO with rank 524
1112995472	ID:35	RPL: Sending a multicast-DIO with rank 467
1113076121	ID:36	RPL: Sending a multicast-DIO with rank 574
1115746689	ID:32	RPL: Sending a multicast-DIO with rank 566
1117916482	ID:33	RPL: Sending a multicast-DIO with rank 524
1117995472	ID:35	RPL: Sending a multicast-DIO with rank 467
1118076121	ID:36	RPL: Sending a multicast-DIO with rank 574
1120746682	ID:32	RPL: Sending a multicast-DIO with rank 566
1122916482	ID:33	RPL: Sending a multicast-DIO with rank 524
1122995472	ID:35	RPL: Sending a multicast-DIO with rank 467
1123076121	ID:36	RPL: Sending a multicast-DIO with rank 574
1125746682	ID:32	RPL: Sending a multicast-DIO with rank 566
1127916482	ID:33	RPL: Sending a multicast-DIO with rank 524
1127995472	ID:35	RPL: Sending a multicast-DIO with rank 467
1128076121	ID:36	RPL: Sending a multicast-DIO with rank 574
1130746682	ID:32	RPL: Sending a multicast-DIO with rank 566
1132916482	ID:33	RPL: Sending a multicast-DIO with rank 524
1132995472	ID:35	RPL: Sending a multicast-DIO with rank 467
1133076128	ID:36	RPL: Sending a multicast-DIO with rank 574
1135746682	ID:32	RPL: Sending a multicast-DIO with rank 566
1137916482	ID:33	RPL: Sending a multicast-DIO with rank 524
1137995472	ID:35	RPL: Sending a multicast-DIO with rank 467
1138076121	ID:36	RPL: Sending a multicast-DIO with rank 574
1140746682	ID:32	RPL: Sending a multicast-DIO with rank 566
1142916482	ID:33	RPL: Sending a multicast-DIO with rank 524
1142995472	ID:35	RPL: Sending a multicast-DIO with rank 467
1143076121	ID:36	RPL: Sending a multicast-DIO with rank 574
1145746682	ID:32	RPL: Sending a multicast-DIO with rank 566
1147916482	ID:33	RPL: Sending a multicast-DIO with rank 524
1147995472	ID:35	RPL: Sending a multicast-DIO with rank 467
1148076121	ID:36	RPL: Sending a multicast-DIO with rank 574
1150746682	ID:32	RPL: Sending a multicast-DIO with rank 566
1152916482	ID:33	RPL: Sending a multicast-DIO with rank 524
1152995472	ID:35	RPL: Sending a multicast-DIO with rank 467
1153076121	ID:36	RPL: Sending a multicast-DIO with rank 574
1155746682	ID:32	RPL: Sending a multicast-DIO with rank 566
1157916482	ID:33	RPL: Sending a multicast-DIO with rank 524
1157995472	ID:35	RPL: Sending a multicast-DIO with rank 467
1158076121	ID:36	RPL: Sending a multicast-DIO with rank 574
1160746682	ID:32	RPL: Sending a multicast-DIO with rank 566
1162916482	ID:33	RPL: Sending a multicast-DIO with rank 524
1162995472	ID:35	RPL: Sending a multicast-DIO with rank 467
1163064348	ID:34	RPL: Sending a DIS to fe80::c30c:0:0:6
1163076121	ID:36	RPL: Sending a multicast-DIO with rank 574
1165746682	ID:32	RPL: Sending a multicast-DIO with rank 566
1167916482	ID:33	RPL: Sending a multicast-DIO with rank 524
1167995472	ID:35	RPL: Sending a multicast-DIO with rank 467
1168076121	ID:36	RPL: Sending a multicast-DIO with rank 574
1170746682	ID:32	RPL: Sending a multicast-DIO with rank 566
1172916482	ID:33	RPL: Sending a multicast-DIO with rank 524
1172995472	ID:35	RPL: Sending a multicast-DIO with rank 467
1173076121	ID:36	RPL: Sending a multicast-DIO with rank 574
1175746682	ID:32	RPL: Sending a multicast-DIO with rank 566
1177916482	ID:33	RPL: Sending a multicast-DIO with rank 524
1177995472	ID:35	RPL: Sending a multicast-DIO with rank 467
1178076121	ID:36	RPL: Sending a multicast-DIO with rank 574
1180746682	ID:32	RPL: Sending a multicast-DIO with rank 566
1182916482	ID:33	RPL: Sending a multicast-DIO with rank 524
1182995472	ID:35	RPL: Sending a multicast-DIO with rank 467
1183076121	ID:36	RPL: Sending a multicast-DIO with rank 574
1185746682	ID:32	RPL: Sending a multicast-DIO with rank 566
1187916482	ID:33	RPL: Sending a multicast-DIO with rank 524
1187995472	ID:35	RPL: Sending a multicast-DIO with rank 467
1188076121	ID:36	RPL: Sending a multicast-DIO with rank 574
1190746682	ID:32	RPL: Sending a multicast-DIO with rank 566
1192916482	ID:33	RPL: Sending a multicast-DIO with rank 524
1192995472	ID:35	RPL: Sending a multicast-DIO with rank 467
1193076121	ID:36	RPL: Sending a multicast-DIO with rank 574
1195746682	ID:32	RPL: Sending a multicast-DIO with rank 566
1197916482	ID:33	RPL: Sending a multicast-DIO with rank 524
1197995472	ID:35	RPL: Sending a multicast-DIO with rank 467
1198076121	ID:36	RPL: Sending a multicast-DIO with rank 574
1200746682	ID:32	RPL: Sending a multicast-DIO with rank 566
1202916487	ID:33	RPL: Sending a multicast-DIO with rank 524
1202995477	ID:35	RPL: Sending a multicast-DIO with rank 467
1203076126	ID:36	RPL: Sending a multicast-DIO with rank 574
1205746687	ID:32	RPL: Sending a multicast-DIO with rank 566
1207916481	ID:33	RPL: Sending a multicast-DIO with rank 524
1207995471	ID:35	RPL: Sending a multicast-DIO with rank 467
1208076120	ID:36	RPL: Sending a multicast-DIO with rank 574
1210746681	ID:32	RPL: Sending a multicast-DIO with rank 566
1212916481	ID:33	RPL: Sending a multicast-DIO with rank 524
1212995471	ID:35	RPL: Sending a multicast-DIO with rank 467
1213076120	ID:36	RPL: Sending a multicast-DIO with rank 574
1215746681	ID:32	RPL: Sending a multicast-DIO with rank 566
1217916481	ID:33	RPL: Sending a multicast-DIO with rank 524
1217995471	ID:35	RPL: Sending a multicast-DIO with rank 467
1218076120	ID:36	RPL: Sending a multicast-DIO with rank 574
1220746681	ID:32	RPL: Sending a multicast-DIO with rank 566
1222916481	ID:33	RPL: Sending a multicast-DIO with rank 524
1222995471	ID:35	RPL: Sending a multicast-DIO with rank 467
1223064347	ID:34	RPL: Sending a DIS to fe80::c30c:0:0:6
1223076120	ID:36	RPL: Sending a multicast-DIO with rank 574
1225746681	ID:32	RPL: Sending a multicast-DIO with rank 566
1227916481	ID:33	RPL: Sending a multicast-DIO with rank 524
1227995471	ID:35	RPL: Sending a multicast-DIO with rank 467
1228076120	ID:36	RPL: Sending a multicast-DIO with rank 574
1230746681	ID:32	RPL: Sending a multicast-DIO with rank 566
1232916481	ID:33	RPL: Sending a multicast-DIO with rank 524
1232995471	ID:35	RPL: Sending a multicast-DIO with rank 467
1233076120	ID:36	RPL: Sending a multicast-DIO with rank 574
1235746681	ID:32	RPL: Sending a multicast-DIO with rank 566
1237916481	ID:33	RPL: Sending a multicast-DIO with rank 524
1237995471	ID:35	RPL: Sending a multicast-DIO with rank 467
1238076120	ID:36	RPL: Sending a multicast-DIO with rank 574
1240746681	ID:32	RPL: Sending a multicast-DIO with rank 566
1242916481	ID:33	RPL: Sending a multicast-DIO with rank 524
1242995471	ID:35	RPL: Sending a multicast-DIO with rank 467
1243076120	ID:36	RPL: Sending a multicast-DIO with rank 574
1245746681	ID:32	RPL: Sending a multicast-DIO with rank 566
1247916481	ID:33	RPL: Sending a multicast-DIO with rank 524
1247995471	ID:35	RPL: Sending a multicast-DIO with rank 467
1248076120	ID:36	RPL: Sending a multicast-DIO with rank 574
1250746681	ID:32	RPL: Sending a multicast-DIO with rank 566
1252916481	ID:33	RPL: Sending a multicast-DIO with rank 524
1252995478	ID:35	RPL: Sending a multicast-DIO with rank 467
1253076120	ID:36	RPL: Sending a multicast-DIO with rank 574
1255746681	ID:32	RPL: Sending a multicast-DIO with rank 566
1257916481	ID:33	RPL: Sending a multicast-DIO with rank 524
1257995471	ID:35	RPL: Sending a multicast-DIO with rank 467
1258076120	ID:36	RPL: Sending a multicast-DIO with rank 574
1260746681	ID:32	RPL: Sending a multicast-DIO with rank 566
1262916481	ID:33	RPL: Sending a multicast-DIO with rank 524
1262995471	ID:35	RPL: Sending a multicast-DIO with rank 467
1263076120	ID:36	RPL: Sending a multicast-DIO with rank 574
1265746681	ID:32	RPL: Sending a multicast-DIO with rank 566
1267916481	ID:33	RPL: Sending a multicast-DIO with rank 524
1267995471	ID:35	RPL: Sending a multicast-DIO with rank 467
1268076120	ID:36	RPL: Sending a multicast-DIO with rank 574
1270746681	ID:32	RPL: Sending a multicast-DIO with rank 566
1272916481	ID:33	RPL: Sending a multicast-DIO with rank 524
1272995471	ID:35	RPL: Sending a multicast-DIO with rank 467
1273076120	ID:36	RPL: Sending a multicast-DIO with rank 574
1275746681	ID:32	RPL: Sending a multicast-DIO with rank 566
1277916481	ID:33	RPL: Sending a multicast-DIO with rank 524
1277995471	ID:35	RPL: Sending a multicast-DIO with rank 467
1278076120	ID:36	RPL: Sending a multicast-DIO with rank 574
1280746681	ID:32	RPL: Sending a multicast-DIO with rank 566
1282916481	ID:33	RPL: Sending a multicast-DIO with rank 524
1282995471	ID:35	RPL: Sending a multicast-DIO with rank 467
1283064347	ID:34	RPL: Sending a DIS to fe80::c30c:0:0:6
1283076120	ID:36	RPL: Sending a multicast-DIO with rank 574
1285746681	ID:32	RPL: Sending a multicast-DIO with rank 566
1287916481	ID:33	RPL: Sending a multicast-DIO with rank 524
1287995471	ID:35	RPL: Sending a multicast-DIO with rank 467
1288076120	ID:36	RPL: Sending a multicast-DIO with rank 574
1290746681	ID:32	RPL: Sending a multicast-DIO with rank 566
1292916481	ID:33	RPL: Sending a multicast-DIO with rank 524
1292995471	ID:35	RPL: Sending a multicast-DIO with rank 467
1293076120	ID:36	RPL: Sending a multicast-DIO with rank 574
1295746681	ID:32	RPL: Sending a multicast-DIO with rank 566
1297916481	ID:33	RPL: Sending a multicast-DIO with rank 524
1297995471	ID:35	RPL: Sending a multicast-DIO with rank 467
1298076120	ID:36	RPL: Sending a multicast-DIO with rank 574
1300746681	ID:32	RPL: Sending a multicast-DIO with rank 566
1302916481	ID:33	RPL: Sending a multicast-DIO with rank 524
1302995471	ID:35	RPL: Sending a multicast-DIO with rank 467
1303076120	ID:36	RPL: Sending a multicast-DIO with rank 574
1305746681	ID:32	RPL: Sending a multicast-DIO with rank 566
1307916481	ID:33	RPL: Sending a multicast-DIO with rank 524
1307995471	ID:35	RPL: Sending a multicast-DIO with rank 467
1308076120	ID:36	RPL: Sending a multicast-DIO with rank 574
1310746681	ID:32	RPL: Sending a multicast-DIO with rank 566
1312916481	ID:33	RPL: Sending a multicast-DIO with rank 524
1312995471	ID:35	RPL: Sending a multicast-DIO with rank 467
1313076120	ID:36	RPL: Sending a multicast-DIO with rank 574
1315746681	ID:32	RPL: Sending a multicast-DIO with rank 566
1317916481	ID:33	RPL: Sending a multicast-DIO with rank 524
1317995471	ID:35	RPL: Sending a multicast-DIO with rank 467
1318076120	ID:36	RPL: Sending a multicast-DIO with rank 574
1320746681	ID:32	RPL: Sending a multicast-DIO with rank 566
1322916481	ID:33	RPL: Sending a multicast-DIO with rank 524
1322995471	ID:35	RPL: Sending a multicast-DIO with rank 467
1323076120	ID:36	RPL: Sending a multicast-DIO with rank 574
1325746681	ID:32	RPL: Sending a multicast-DIO with rank 566
1327916481	ID:33	RPL: Sending a multicast-DIO with rank 524
1327995471	ID:35	RPL: Sending a multicast-DIO with rank 467
1328076120	ID:36	RPL: Sending a multicast-DIO with rank 574
1330746681	ID:32	RPL: Sending a multicast-DIO with rank 566
1332916481	ID:33	RPL: Sending a multicast-DIO with rank 524
1332995471	ID:35	RPL: Sending a multicast-DIO with rank 467
1333076120	ID:36	RPL: Sending a multicast-DIO with rank 574
1335746681	ID:32	RPL: Sending a multicast-DIO with rank 566
1337916481	ID:33	RPL: Sending a multicast-DIO with rank 524
1337995471	ID:35	RPL: Sending a multicast-DIO with rank 467
1338076120	ID:36	RPL: Sending a multicast-DIO with rank 574
1340746681	ID:32	RPL: Sending a multicast-DIO with rank 566
1342916481	ID:33	RPL: Sending a multicast-DIO with rank 524
1342995471	ID:35	RPL: Sending a multicast-DIO with rank 467
1343064347	ID:34	RPL: Sending a DIS to fe80::c30c:0:0:6
1343076120	ID:36	RPL: Sending a multicast-DIO with rank 574
1345746681	ID:32	RPL: Sending a multicast-DIO with rank 566
1347916481	ID:33	RPL: Sending a multicast-DIO with rank 524
1347995471	ID:35	RPL: Sending a multicast-DIO with rank 467
1348076120	ID:36	RPL: Sending a multicast-DIO with rank 574
1350746681	ID:32	RPL: Sending a multicast-DIO with rank 566
1352916481	ID:33	RPL: Sending a multicast-DIO with rank 524
1352995471	ID:35	RPL: Sending a multicast-DIO with rank 467
1353076120	ID:36	RPL: Sending a multicast-DIO with rank 574
1355746681	ID:32	RPL: Sending a multicast-DIO with rank 566
1357916481	ID:33	RPL: Sending a multicast-DIO with rank 524
1357995471	ID:35	RPL: Sending a multicast-DIO with rank 467
1358076120	ID:36	RPL: Sending a multicast-DIO with rank 574
1360746681	ID:32	RPL: Sending a multicast-DIO with rank 566
1362916481	ID:33	RPL: Sending a multicast-DIO with rank 524
1362995471	ID:35	RPL: Sending a multicast-DIO with rank 467
1363076120	ID:36	RPL: Sending a multicast-DIO with rank 574
1365746681	ID:32	RPL: Sending a multicast-DIO with rank 566
1367916481	ID:33	RPL: Sending a multicast-DIO with rank 524
1367995471	ID:35	RPL: Sending a multicast-DIO with rank 467
1368076120	ID:36	RPL: Sending a multicast-DIO with rank 574
1370746681	ID:32	RPL: Sending a multicast-DIO with rank 566
1372916481	ID:33	RPL: Sending a multicast-DIO with rank 524
1372995471	ID:35	RPL: Sending a multicast-DIO with rank 467
1373076120	ID:36	RPL: Sending a multicast-DIO with rank 574
1375746681	ID:32	RPL: Sending a multicast-DIO with rank 566
1377916481	ID:33	RPL: Sending a multicast-DIO with rank 524
1377995471	ID:35	RPL: Sending a multicast-DIO with rank 467
1378076120	ID:36	RPL: Sending a multicast-DIO with rank 574
1380746681	ID:32	RPL: Sending a multicast-DIO with rank 566
1382916481	ID:33	RPL: Sending a multicast-DIO with rank 524
1382995471	ID:35	RPL: Sending a multicast-DIO with rank 467
1383076120	ID:36	RPL: Sending a multicast-DIO with rank 574
1385746681	ID:32	RPL: Sending a multicast-DIO with rank 566
1387916481	ID:33	RPL: Sending a multicast-DIO with rank 524
1387995471	ID:35	RPL: Sending a multicast-DIO with rank 467
1388076120	ID:36	RPL: Sending a multicast-DIO with rank 574
1390746681	ID:32	RPL: Sending a multicast-DIO with rank 566
1392916481	ID:33	RPL: Sending a multicast-DIO with rank 524
1392995471	ID:35	RPL: Sending a multicast-DIO with rank 467
1393076120	ID:36	RPL: Sending a multicast-DIO with rank 574
1395746681	ID:32	RPL: Sending a multicast-DIO with rank 566
1397916481	ID:33	RPL: Sending a multicast-DIO with rank 524
1397995471	ID:35	RPL: Sending a multicast-DIO with rank 467
1398076120	ID:36	RPL: Sending a multicast-DIO with rank 574
1400746681	ID:32	RPL: Sending a multicast-DIO with rank 566
1402916481	ID:33	RPL: Sending a multicast-DIO with rank 524
1402995471	ID:35	RPL: Sending a multicast-DIO with rank 467
1403064347	ID:34	RPL: Sending a DIS to fe80::c30c:0:0:6
1403076120	ID:36	RPL: Sending a multicast-DIO with rank 574
1405746681	ID:32	RPL: Sending a multicast-DIO with rank 566
1407916481	ID:33	RPL: Sending a multicast-DIO with rank 524
1407995471	ID:35	RPL: Sending a multicast-DIO with rank 467
1408076120	ID:36	RPL: Sending a multicast-DIO with rank 574
1410746681	ID:32	RPL: Sending a multicast-DIO with rank 566
1412916481	ID:33	RPL: Sending a multicast-DIO with rank 524
1412995471	ID:35	RPL: Sending a multicast-DIO with rank 467
1413076120	ID:36	RPL: Sending a multicast-DIO with rank 574
1415746681	ID:32	RPL: Sending a multicast-DIO with rank 566
1417916481	ID:33	RPL: Sending a multicast-DIO with rank 524
1417995471	ID:35	RPL: Sending a multicast-DIO with rank 467
1418076120	ID:36	RPL: Sending a multicast-DIO with rank 574
1420746681	ID:32	RPL: Sending a multicast-DIO with rank 566
1422916481	ID:33	RPL: Sending a multicast-DIO with rank 524
1422995471	ID:35	RPL: Sending a multicast-DIO with rank 467
1423076120	ID:36	RPL: Sending a multicast-DIO with rank 574
1425746681	ID:32	RPL: Sending a multicast-DIO with rank 566
1427916481	ID:33	RPL: Sending a multicast-DIO with rank 524
1427995471	ID:35	RPL: Sending a multicast-DIO with rank 467
1428076120	ID:36	RPL: Sending a multicast-DIO with rank 574
1430746681	ID:32	RPL: Sending a multicast-DIO with rank 566
1432916481	ID:33	RPL: Sending a multicast-DIO with rank 524
1432995471	ID:35	RPL: Sending a multicast-DIO with rank 467
1433076120	ID:36	RPL: Sending a multicast-DIO with rank 574
1435746681	ID:32	RPL: Sending a multicast-DIO with rank 566
1437916481	ID:33	RPL: Sending a multicast-DIO with rank 524
1437995471	ID:35	RPL: Sending a multicast-DIO with rank 467
1438076120	ID:36	RPL: Sending a multicast-DIO with rank 574
1440746681	ID:32	RPL: Sending a multicast-DIO with rank 566
1442916481	ID:33	RPL: Sending a multicast-DIO with rank 524
1442995471	ID:35	RPL: Sending a multicast-DIO with rank 467
1443076120	ID:36	RPL: Sending a multicast-DIO with rank 574
1445746681	ID:32	RPL: Sending a multicast-DIO with rank 566
1447916481	ID:33	RPL: Sending a multicast-DIO with rank 524
1447995471	ID:35	RPL: Sending a multicast-DIO with rank 467
1448076120	ID:36	RPL: Sending a multicast-DIO with rank 574
1450746681	ID:32	RPL: Sending a multicast-DIO with rank 566
1452916481	ID:33	RPL: Sending a multicast-DIO with rank 524
1452995471	ID:35	RPL: Sending a multicast-DIO with rank 467
1453076120	ID:36	RPL: Sending a multicast-DIO with rank 574
1455746681	ID:32	RPL: Sending a multicast-DIO with rank 566
1457916481	ID:33	RPL: Sending a multicast-DIO with rank 524
1457995471	ID:35	RPL: Sending a multicast-DIO with rank 467
1458076120	ID:36	RPL: Sending a multicast-DIO with rank 574
1460746681	ID:32	RPL: Sending a multicast-DIO with rank 566
1462916481	ID:33	RPL: Sending a multicast-DIO with rank 524
1462995471	ID:35	RPL: Sending a multicast-DIO with rank 467
1463064347	ID:34	RPL: Sending a DIS to fe80::c30c:0:0:6
1463076120	ID:36	RPL: Sending a multicast-DIO with rank 574
1465746688	ID:32	RPL: Sending a multicast-DIO with rank 566
1467916481	ID:33	RPL: Sending a multicast-DIO with rank 524
1467995471	ID:35	RPL: Sending a multicast-DIO with rank 467
1468076120	ID:36	RPL: Sending a multicast-DIO with rank 574
1470746681	ID:32	RPL: Sending a multicast-DIO with rank 566
1472916481	ID:33	RPL: Sending a multicast-DIO with rank 524
1472995471	ID:35	RPL: Sending a multicast-DIO with rank 467
1473076120	ID:36	RPL: Sending a multicast-DIO with rank 574
1475746681	ID:32	RPL: Sending a multicast-DIO with rank 566
1477916481	ID:33	RPL: Sending a multicast-DIO with rank 524
1477995471	ID:35	RPL: Sending a multicast-DIO with rank 467
1478076120	ID:36	RPL: Sending a multicast-DIO with rank 574
1480746681	ID:32	RPL: Sending a multicast-DIO with rank 566
1482916481	ID:33	RPL: Sending a multicast-DIO with rank 524
1482995471	ID:35	RPL: Sending a multicast-DIO with rank 467
1483076120	ID:36	RPL: Sending a multicast-DIO with rank 574
1485746681	ID:32	RPL: Sending a multicast-DIO with rank 566
1487916481	ID:33	RPL: Sending a multicast-DIO with rank 524
1487995471	ID:35	RPL: Sending a multicast-DIO with rank 467
1488076120	ID:36	RPL: Sending a multicast-DIO with rank 574
1490746681	ID:32	RPL: Sending a multicast-DIO with rank 566
1492916481	ID:33	RPL: Sending a multicast-DIO with rank 524
1492995471	ID:35	RPL: Sending a multicast-DIO with rank 467
1493076120	ID:36	RPL: Sending a multicast-DIO with rank 574
1495746681	ID:32	RPL: Sending a multicast-DIO with rank 566
1497916481	ID:33	RPL: Sending a multicast-DIO with rank 524
1497995471	ID:35	RPL: Sending a multicast-DIO with rank 467
1498076120	ID:36	RPL: Sending a multicast-DIO with rank 574
1500746681	ID:32	RPL: Sending a multicast-DIO with rank 566
1502916481	ID:33	RPL: Sending a multicast-DIO with rank 524
1502995471	ID:35	RPL: Sending a multicast-DIO with rank 467
1503076120	ID:36	RPL: Sending a multicast-DIO with rank 574
1505746681	ID:32	RPL: Sending a multicast-DIO with rank 566
1507916481	ID:33	RPL: Sending a multicast-DIO with rank 524
1507995471	ID:35	RPL: Sending a multicast-DIO with rank 467
1508076120	ID:36	RPL: Sending a multicast-DIO with rank 574
1510746681	ID:32	RPL: Sending a multicast-DIO with rank 566
1512916481	ID:33	RPL: Sending a multicast-DIO with rank 524
1512995471	ID:35	RPL: Sending a multicast-DIO with rank 467
1513076120	ID:36	RPL: Sending a multicast-DIO with rank 574
1515746681	ID:32	RPL: Sending a multicast-DIO with rank 566
1517916481	ID:33	RPL: Sending a multicast-DIO with rank 524
1517995471	ID:35	RPL: Sending a multicast-DIO with rank 467
1518076120	ID:36	RPL: Sending a multicast-DIO with rank 574
1520746681	ID:32	RPL: Sending a multicast-DIO with rank 566
1522916481	ID:33	RPL: Sending a multicast-DIO with rank 524
1522995471	ID:35	RPL: Sending a multicast-DIO with rank 467
1523064347	ID:34	RPL: Sending a DIS to fe80::c30c:0:0:6
1523076127	ID:36	RPL: Sending a multicast-DIO with rank 574
1525746681	ID:32	RPL: Sending a multicast-DIO with rank 566
1527916481	ID:33	RPL: Sending a multicast-DIO with rank 524
1527995471	ID:35	RPL: Sending a multicast-DIO with rank 467
1528076120	ID:36	RPL: Sending a multicast-DIO with rank 574
1530746681	ID:32	RPL: Sending a multicast-DIO with rank 566
1532916481	ID:33	RPL: Sending a multicast-DIO with rank 524
1532995471	ID:35	RPL: Sending a multicast-DIO with rank 467
1533076120	ID:36	RPL: Sending a multicast-DIO with rank 574
1535746681	ID:32	RPL: Sending a multicast-DIO with rank 566
1537916481	ID:33	RPL: Sending a multicast-DIO with rank 524
1537995471	ID:35	RPL: Sending a multicast-DIO with rank 467
1538076120	ID:36	RPL: Sending a multicast-DIO with rank 574
1540746681	ID:32	RPL: Sending a multicast-DIO with rank 566
1542916481	ID:33	RPL: Sending a multicast-DIO with rank 524
1542995471	ID:35	RPL: Sending a multicast-DIO with rank 467
1543076120	ID:36	RPL: Sending a multicast-DIO with rank 574
1545746681	ID:32	RPL: Sending a multicast-DIO with rank 566
1547916488	ID:33	RPL: Sending a multicast-DIO with rank 524
1547995471	ID:35	RPL: Sending a multicast-DIO with rank 467
1548076120	ID:36	RPL: Sending a multicast-DIO with rank 574
1550746681	ID:32	RPL: Sending a multicast-DIO with rank 566
1552916481	ID:33	RPL: Sending a multicast-DIO with rank 524
1552995471	ID:35	RPL: Sending a multicast-DIO with rank 467
1553076120	ID:36	RPL: Sending a multicast-DIO with rank 574
1555746681	ID:32	RPL: Sending a multicast-DIO with rank 566
1557916481	ID:33	RPL: Sending a multicast-DIO with rank 524
1557995471	ID:35	RPL: Sending a multicast-DIO with rank 467
1558076120	ID:36	RPL: Sending a multicast-DIO with rank 574
1560746681	ID:32	RPL: Sending a multicast-DIO with rank 566
1562916481	ID:33	RPL: Sending a multicast-DIO with rank 524
1562995471	ID:35	RPL: Sending a multicast-DIO with rank 467
1563076120	ID:36	RPL: Sending a multicast-DIO with rank 574
1565746681	ID:32	RPL: Sending a multicast-DIO with rank 566
1567916481	ID:33	RPL: Sending a multicast-DIO with rank 524
1567995471	ID:35	RPL: Sending a multicast-DIO with rank 467
1568076120	ID:36	RPL: Sending a multicast-DIO with rank 574
1570746681	ID:32	RPL: Sending a multicast-DIO with rank 566
1572916481	ID:33	RPL: Sending a multicast-DIO with rank 524
1572995471	ID:35	RPL: Sending a multicast-DIO with rank 467
1573076120	ID:36	RPL: Sending a multicast-DIO with rank 574
1575746681	ID:32	RPL: Sending a multicast-DIO with rank 566
1577916481	ID:33	RPL: Sending a multicast-DIO with rank 524
1577995471	ID:35	RPL: Sending a multicast-DIO with rank 467
1578076120	ID:36	RPL: Sending a multicast-DIO with rank 574
1580746681	ID:32	RPL: Sending a multicast-DIO with rank 566
1582916481	ID:33	RPL: Sending a multicast-DIO with rank 524
1582995471	ID:35	RPL: Sending a multicast-DIO with rank 467
1583064347	ID:34	RPL: Sending a DIS to fe80::c30c:0:0:6
1583076120	ID:36	RPL: Sending a multicast-DIO with rank 574
1585746681	ID:32	RPL: Sending a multicast-DIO with rank 566
1587916481	ID:33	RPL: Sending a multicast-DIO with rank 524
1587995471	ID:35	RPL: Sending a multicast-DIO with rank 467
1588076120	ID:36	RPL: Sending a multicast-DIO with rank 574
1590746681	ID:32	RPL: Sending a multicast-DIO with rank 566
1592916481	ID:33	RPL: Sending a multicast-DIO with rank 524
1592995471	ID:35	RPL: Sending a multicast-DIO with rank 467
1593076120	ID:36	RPL: Sending a multicast-DIO with rank 574
1595746681	ID:32	RPL: Sending a multicast-DIO with rank 566
1597916481	ID:33	RPL: Sending a multicast-DIO with rank 524
1597995471	ID:35	RPL: Sending a multicast-DIO with rank 467
1598076120	ID:36	RPL: Sending a multicast-DIO with rank 574
1600746681	ID:32	RPL: Sending a multicast-DIO with rank 566
1602916481	ID:33	RPL: Sending a multicast-DIO with rank 524
1602995471	ID:35	RPL: Sending a multicast-DIO with rank 467
1603076120	ID:36	RPL: Sending a multicast-DIO with rank 574
1605746681	ID:32	RPL: Sending a multicast-DIO with rank 566
1607916481	ID:33	RPL: Sending a multicast-DIO with rank 524
1607995471	ID:35	RPL: Sending a multicast-DIO with rank 467
1608076120	ID:36	RPL: Sending a multicast-DIO with rank 574
1610746681	ID:32	RPL: Sending a multicast-DIO with rank 566
1612916481	ID:33	RPL: Sending a multicast-DIO with rank 524
1612995471	ID:35	RPL: Sending a multicast-DIO with rank 467
1613076120	ID:36	RPL: Sending a multicast-DIO with rank 574
1615746681	ID:32	RPL: Sending a multicast-DIO with rank 566
1617916481	ID:33	RPL: Sending a multicast-DIO with rank 524
1617995471	ID:35	RPL: Sending a multicast-DIO with rank 467
1618076120	ID:36	RPL: Sending a multicast-DIO with rank 574
1620746681	ID:32	RPL: Sending a multicast-DIO with rank 566
1622916481	ID:33	RPL: Sending a multicast-DIO with rank 524
1622995471	ID:35	RPL: Sending a multicast-DIO with rank 467
1623076120	ID:36	RPL: Sending a multicast-DIO with rank 574
1625746681	ID:32	RPL: Sending a multicast-DIO with rank 566
1627916481	ID:33	RPL: Sending a multicast-DIO with rank 524
1627995471	ID:35	RPL: Sending a multicast-DIO with rank 467
1628076120	ID:36	RPL: Sending a multicast-DIO with rank 574
1630746681	ID:32	RPL: Sending a multicast-DIO with rank 566
1632916481	ID:33	RPL: Sending a multicast-DIO with rank 524
1632995478	ID:35	RPL: Sending a multicast-DIO with rank 467
1633076120	ID:36	RPL: Sending a multicast-DIO with rank 574
1635746681	ID:32	RPL: Sending a multicast-DIO with rank 566
1637916481	ID:33	RPL: Sending a multicast-DIO with rank 524
1637995471	ID:35	RPL: Sending a multicast-DIO with rank 467
1638076120	ID:36	RPL: Sending a multicast-DIO with rank 574
1640746681	ID:32	RPL: Sending a multicast-DIO with rank 566
1642916481	ID:33	RPL: Sending a multicast-DIO with rank 524
1642995471	ID:35	RPL: Sending a multicast-DIO with rank 467
1643064347	ID:34	RPL: Sending a DIS to fe80::c30c:0:0:6
1643076120	ID:36	RPL: Sending a multicast-DIO with rank 574
1645746681	ID:32	RPL: Sending a multicast-DIO with rank 566
1647916481	ID:33	RPL: Sending a multicast-DIO with rank 524
1647995471	ID:35	RPL: Sending a multicast-DIO with rank 467
1648076120	ID:36	RPL: Sending a multicast-DIO with rank 574
1650746681	ID:32	RPL: Sending a multicast-DIO with rank 566
1652916481	ID:33	RPL: Sending a multicast-DIO with rank 524
1652995471	ID:35	RPL: Sending a multicast-DIO with rank 467
1653076120	ID:36	RPL: Sending a multicast-DIO with rank 574
1655746681	ID:32	RPL: Sending a multicast-DIO with rank 566
1657916481	ID:33	RPL: Sending a multicast-DIO with rank 524
1657995471	ID:35	RPL: Sending a multicast-DIO with rank 467
1658076120	ID:36	RPL: Sending a multicast-DIO with rank 574
1660746681	ID:32	RPL: Sending a multicast-DIO with rank 566
1662916481	ID:33	RPL: Sending a multicast-DIO with rank 524
1662995471	ID:35	RPL: Sending a multicast-DIO with rank 467
1663076120	ID:36	RPL: Sending a multicast-DIO with rank 574
1665746681	ID:32	RPL: Sending a multicast-DIO with rank 566
1667916481	ID:33	RPL: Sending a multicast-DIO with rank 524
1667995471	ID:35	RPL: Sending a multicast-DIO with rank 467
1668076120	ID:36	RPL: Sending a multicast-DIO with rank 574
1670746681	ID:32	RPL: Sending a multicast-DIO with rank 566
1672916481	ID:33	RPL: Sending a multicast-DIO with rank 524
1672995471	ID:35	RPL: Sending a multicast-DIO with rank 467
1673076120	ID:36	RPL: Sending a multicast-DIO with rank 574
1675746681	ID:32	RPL: Sending a multicast-DIO with rank 566
1677916481	ID:33	RPL: Sending a multicast-DIO with rank 524
1677995471	ID:35	RPL: Sending a multicast-DIO with rank 467
1678076120	ID:36	RPL: Sending a multicast-DIO with rank 574
1680746681	ID:32	RPL: Sending a multicast-DIO with rank 566
1682916481	ID:33	RPL: Sending a multicast-DIO with rank 524
1682995471	ID:35	RPL: Sending a multicast-DIO with rank 467
1683076120	ID:36	RPL: Sending a multicast-DIO with rank 574
1685746681	ID:32	RPL: Sending a multicast-DIO with rank 566
1687916481	ID:33	RPL: Sending a multicast-DIO with rank 524
1687995471	ID:35	RPL: Sending a multicast-DIO with rank 467
1688076120	ID:36	RPL: Sending a multicast-DIO with rank 574
1690746681	ID:32	RPL: Sending a multicast-DIO with rank 566
1692916481	ID:33	RPL: Sending a multicast-DIO with rank 524
1692995471	ID:35	RPL: Sending a multicast-DIO with rank 467
1693076120	ID:36	RPL: Sending a multicast-DIO with rank 574
1695746681	ID:32	RPL: Sending a multicast-DIO with rank 566
1697916481	ID:33	RPL: Sending a multicast-DIO with rank 524
1697995471	ID:35	RPL: Sending a multicast-DIO with rank 467
1698076120	ID:36	RPL: Sending a multicast-DIO with rank 574
1700746681	ID:32	RPL: Sending a multicast-DIO with rank 566
1702916481	ID:33	RPL: Sending a multicast-DIO with rank 524
1702995471	ID:35	RPL: Sending a multicast-DIO with rank 467
1703064347	ID:34	RPL: Sending a DIS to fe80::c30c:0:0:6
1703076120	ID:36	RPL: Sending a multicast-DIO with rank 574
1705746681	ID:32	RPL: Sending a multicast-DIO with rank 566
1707916481	ID:33	RPL: Sending a multicast-DIO with rank 524
1707995471	ID:35	RPL: Sending a multicast-DIO with rank 467
1708076120	ID:36	RPL: Sending a multicast-DIO with rank 574
1710746681	ID:32	RPL: Sending a multicast-DIO with rank 566
1712916481	ID:33	RPL: Sending a multicast-DIO with rank 524
1712995471	ID:35	RPL: Sending a multicast-DIO with rank 467
1713076120	ID:36	RPL: Sending a multicast-DIO with rank 574
1715746681	ID:32	RPL: Sending a multicast-DIO with rank 566
1717916481	ID:33	RPL: Sending a multicast-DIO with rank 524
1717995471	ID:35	RPL: Sending a multicast-DIO with rank 467
1718076120	ID:36	RPL: Sending a multicast-DIO with rank 574
1720746681	ID:32	RPL: Sending a multicast-DIO with rank 566
1722916481	ID:33	RPL: Sending a multicast-DIO with rank 524
1722995471	ID:35	RPL: Sending a multicast-DIO with rank 467
1723076120	ID:36	RPL: Sending a multicast-DIO with rank 574
1725746681	ID:32	RPL: Sending a multicast-DIO with rank 566
1727916481	ID:33	RPL: Sending a multicast-DIO with rank 524
1727995471	ID:35	RPL: Sending a multicast-DIO with rank 467
1728076120	ID:36	RPL: Sending a multicast-DIO with rank 574
1730746681	ID:32	RPL: Sending a multicast-DIO with rank 566
1732916481	ID:33	RPL: Sending a multicast-DIO with rank 524
1732995471	ID:35	RPL: Sending a multicast-DIO with rank 467
1733076120	ID:36	RPL: Sending a multicast-DIO with rank 574
1735746681	ID:32	RPL: Sending a multicast-DIO with rank 566
1737916481	ID:33	RPL: Sending a multicast-DIO with rank 524
1737995471	ID:35	RPL: Sending a multicast-DIO with rank 467
1738076120	ID:36	RPL: Sending a multicast-DIO with rank 574
1740746681	ID:32	RPL: Sending a multicast-DIO with rank 566
1742916481	ID:33	RPL: Sending a multicast-DIO with rank 524
1742995471	ID:35	RPL: Sending a multicast-DIO with rank 467
1743076120	ID:36	RPL: Sending a multicast-DIO with rank 574
1745746681	ID:32	RPL: Sending a multicast-DIO with rank 566
1747916481	ID:33	RPL: Sending a multicast-DIO with rank 524
1747995471	ID:35	RPL: Sending a multicast-DIO with rank 467
1748076120	ID:36	RPL: Sending a multicast-DIO with rank 574
1750746681	ID:32	RPL: Sending a multicast-DIO with rank 566
1752916481	ID:33	RPL: Sending a multicast-DIO with rank 524
1752995471	ID:35	RPL: Sending a multicast-DIO with rank 467
1753076120	ID:36	RPL: Sending a multicast-DIO with rank 574
1755746681	ID:32	RPL: Sending a multicast-DIO with rank 566
1757916481	ID:33	RPL: Sending a multicast-DIO with rank 524
1757995471	ID:35	RPL: Sending a multicast-DIO with rank 467
1758076120	ID:36	RPL: Sending a multicast-DIO with rank 574
1760746681	ID:32	RPL: Sending a multicast-DIO with rank 566
1762916481	ID:33	RPL: Sending a multicast-DIO with rank 524
1762995471	ID:35	RPL: Sending a multicast-DIO with rank 467
1763064347	ID:34	RPL: Sending a DIS to fe80::c30c:0:0:6
1763076120	ID:36	RPL: Sending a multicast-DIO with rank 574
1765746681	ID:32	RPL: Sending a multicast-DIO with rank 566
1767916481	ID:33	RPL: Sending a multicast-DIO with rank 524
1767995471	ID:35	RPL: Sending a multicast-DIO with rank 467
1768076120	ID:36	RPL: Sending a multicast-DIO with rank 574
1770746681	ID:32	RPL: Sending a multicast-DIO with rank 566
1772916481	ID:33	RPL: Sending a multicast-DIO with rank 524
1772995471	ID:35	RPL: Sending a multicast-DIO with rank 467
1773076120	ID:36	RPL: Sending a multicast-DIO with rank 574
1775746681	ID:32	RPL: Sending a multicast-DIO with rank 566
1777916481	ID:33	RPL: Sending a multicast-DIO with rank 524
1777995471	ID:35	RPL: Sending a multicast-DIO with rank 467
1778076120	ID:36	RPL: Sending a multicast-DIO with rank 574
1780746681	ID:32	RPL: Sending a multicast-DIO with rank 566
1782916481	ID:33	RPL: Sending a multicast-DIO with rank 524
1782995471	ID:35	RPL: Sending a multicast-DIO with rank 467
1783076120	ID:36	RPL: Sending a multicast-DIO with rank 574
1785746681	ID:32	RPL: Sending a multicast-DIO with rank 566
1787916481	ID:33	RPL: Sending a multicast-DIO with rank 524
1787995471	ID:35	RPL: Sending a multicast-DIO with rank 467
1788076120	ID:36	RPL: Sending a multicast-DIO with rank 574
1790746681	ID:32	RPL: Sending a multicast-DIO with rank 566
1792916481	ID:33	RPL: Sending a multicast-DIO with rank 524
1792995471	ID:35	RPL: Sending a multicast-DIO with rank 467
1793076120	ID:36	RPL: Sending a multicast-DIO with rank 574
1795746681	ID:32	RPL: Sending a multicast-DIO with rank 566
1797916481	ID:33	RPL: Sending a multicast-DIO with rank 524
1797995471	ID:35	RPL: Sending a multicast-DIO with rank 467
1798076120	ID:36	RPL: Sending a multicast-DIO with rank 574
