30557318	ID:36	RPL: Sending a DIS to fe80::c30c:0:0:8
30905700	ID:33	RPL: Sending a DIS to fe80::c30c:0:0:2
30976856	ID:34	RPL: Sending a DIS to fe80::c30c:0:0:6
30993294	ID:35	RPL: Sending a DIS to fe80::c30c:0:0:7
31060496	ID:32	RPL: Sending a DIS to fe80::c30c:0:0:3
31351661	ID:32	RPL: Received a DIO from fe80::c30c:0:0:3
31355436	ID:32	RPL: Incoming DIO (id, ver, rank) = (30,240,597)
31359938	ID:32	RPL: Incoming DIO (dag_id, pref) = (fd00::ff:fe00:1, 0)
31362163	ID:32	RPL: DIO option 4, length: 14
31368074	ID:32	RPL: DAG conf:dbl=8, min=12 red=3 maxinc=896 mininc=128 ocp=1 d_l=10 l_u=60
31370300	ID:32	RPL: DIO option 8, length: 30
31372568	ID:32	RPL: Copying prefix information
31379906	ID:32	RPL: Neighbor added to neighbor cache fe80::c30c:0:0:3, c1:0c:00:00:00:00:00:03
32693065	ID:33	RPL: Received a DIO from fe80::c30c:0:0:2
32696839	ID:33	RPL: Incoming DIO (id, ver, rank) = (30,240,653)
32701337	ID:33	RPL: Incoming DIO (dag_id, pref) = (fd00::ff:fe00:1, 0)
32703563	ID:33	RPL: DIO option 4, length: 14
32709470	ID:33	RPL: DAG conf:dbl=8, min=12 red=3 maxinc=896 mininc=128 ocp=1 d_l=10 l_u=60
32711708	ID:33	RPL: DIO option 8, length: 30
32713977	ID:33	RPL: Copying prefix information
32721880	ID:33	RPL: Neighbor added to neighbor cache fe80::c30c:0:0:2, c1:0c:00:00:00:00:00:02
35346703	ID:36	RPL: Received a DIO from fe80::c30c:0:0:8
35350478	ID:36	RPL: Incoming DIO (id, ver, rank) = (30,240,548)
35354976	ID:36	RPL: Incoming DIO (dag_id, pref) = (fd00::ff:fe00:1, 0)
35357219	ID:36	RPL: DIO option 4, length: 14
35363127	ID:36	RPL: DAG conf:dbl=8, min=12 red=3 maxinc=896 mininc=128 ocp=1 d_l=10 l_u=60
35365353	ID:36	RPL: DIO option 8, length: 30
35367621	ID:36	RPL: Copying prefix information
35377083	ID:36	RPL: Neighbor added to neighbor cache fe80::c30c:0:0:8, c1:0c:00:00:00:00:00:08
36379415	ID:32	RPL: Sending a multicast-DIO with rank 597
37721813	ID:33	RPL: Sending a multicast-DIO with rank 653
40384048	ID:36	RPL: Sending a multicast-DIO with rank 548
41379394	ID:32	RPL: Sending a multicast-DIO with rank 597
42721792	ID:33	RPL: Sending a multicast-DIO with rank 653
45384027	ID:36	RPL: Sending a multicast-DIO with rank 548
46379394	ID:32	RPL: Sending a multicast-DIO with rank 597
47721792	ID:33	RPL: Sending a multicast-DIO with rank 653
50384027	ID:36	RPL: Sending a multicast-DIO with rank 548
51379394	ID:32	RPL: Sending a multicast-DIO with rank 597
52721792	ID:33	RPL: Sending a multicast-DIO with rank 653
55384027	ID:36	RPL: Sending a multicast-DIO with rank 548
56379393	ID:32	RPL: Sending a multicast-DIO with rank 597
57721792	ID:33	RPL: Sending a multicast-DIO with rank 653
60384027	ID:36	RPL: Sending a multicast-DIO with rank 548
61379394	ID:32	RPL: Sending a multicast-DIO with rank 597
62721792	ID:33	RPL: Sending a multicast-DIO with rank 653
62775274	ID:35	RPL: Sending a DIS to fe80::c30c:0:0:7
65384026	ID:36	RPL: Sending a multicast-DIO with rank 548
66379393	ID:32	RPL: Sending a multicast-DIO with rank 597
67721792	ID:33	RPL: Sending a multicast-DIO with rank 653
70384027	ID:36	RPL: Sending a multicast-DIO with rank 548
71379393	ID:32	RPL: Sending a multicast-DIO with rank 597
72721792	ID:33	RPL: Sending a multicast-DIO with rank 653
75384027	ID:36	RPL: Sending a multicast-DIO with rank 548
76379393	ID:32	RPL: Sending a multicast-DIO with rank 597
77721792	ID:33	RPL: Sending a multicast-DIO with rank 653
80384026	ID:36	RPL: Sending a multicast-DIO with rank 548
81379393	ID:32	RPL: Sending a multicast-DIO with rank 597
82721792	ID:33	RPL: Sending a multicast-DIO with rank 653
83749072	ID:34	RPL: Sending a DIS to fe80::c30c:0:0:6
85384027	ID:36	RPL: Sending a multicast-DIO with rank 548
86379393	ID:32	RPL: Sending a multicast-DIO with rank 597
87721792	ID:33	RPL: Sending a multicast-DIO with rank 653
90384027	ID:36	RPL: Sending a multicast-DIO with rank 548
91379381	ID:32	RPL: Sending a multicast-DIO with rank 597
92721779	ID:33	RPL: Sending a multicast-DIO with rank 653
95384014	ID:36	RPL: Sending a multicast-DIO with rank 548
96379381	ID:32	RPL: Sending a multicast-DIO with rank 597
97721779	ID:33	RPL: Sending a multicast-DIO with rank 653
100384014	ID:36	RPL: Sending a multicast-DIO with rank 548
101379381	ID:32	RPL: Sending a multicast-DIO with rank 597
102721779	ID:33	RPL: Sending a multicast-DIO with rank 653
105384014	ID:36	RPL: Sending a multicast-DIO with rank 548
106379381	ID:32	RPL: Sending a multicast-DIO with rank 597
107721779	ID:33	RPL: Sending a multicast-DIO with rank 653
110384014	ID:36	RPL: Sending a multicast-DIO with rank 548
111379381	ID:32	RPL: Sending a multicast-DIO with rank 597
112721779	ID:33	RPL: Sending a multicast-DIO with rank 653
115384014	ID:36	RPL: Sending a multicast-DIO with rank 548
116379381	ID:32	RPL: Sending a multicast-DIO with rank 597
117721779	ID:33	RPL: Sending a multicast-DIO with rank 653
120384014	ID:36	RPL: Sending a multicast-DIO with rank 548
121379381	ID:32	RPL: Sending a multicast-DIO with rank 597
122721779	ID:33	RPL: Sending a multicast-DIO with rank 653
122776507	ID:35	RPL: Sending a DIS to fe80::c30c:0:0:7
125384014	ID:36	RPL: Sending a multicast-DIO with rank 548
125410834	ID:35	RPL: Received a DIO from fe80::c30c:0:0:7
125414603	ID:35	RPL: Incoming DIO (id, ver, rank) = (30,240,437)
125419140	ID:35	RPL: Incoming DIO (dag_id, pref) = (fd00::ff:fe00:1, 0)
125421366	ID:35	RPL: DIO option 4, length: 14
125427283	ID:35	RPL: DAG conf:dbl=8, min=12 red=3 maxinc=896 mininc=128 ocp=1 d_l=10 l_u=60
125429509	ID:35	RPL: DIO option 8, length: 30
125431778	ID:35	RPL: Copying prefix information
125443119	ID:35	RPL: Neighbor added to neighbor cache fe80::c30c:0:0:7, c1:0c:00:00:00:00:00:07
126379381	ID:32	RPL: Sending a multicast-DIO with rank 597
127721779	ID:33	RPL: Sending a multicast-DIO with rank 653
129508173	ID:34	RPL: Received a DIO from fe80::c30c:0:0:6
129511942	ID:34	RPL: Incoming DIO (id, ver, rank) = (30,240,452)
129516464	ID:34	RPL: Incoming DIO (dag_id, pref) = (fd00::ff:fe00:1, 0)
129518690	ID:34	RPL: DIO option 4, length: 14
129524636	ID:34	RPL: DAG conf:dbl=8, min=12 red=3 maxinc=896 mininc=128 ocp=1 d_l=10 l_u=60
129526862	ID:34	RPL: DIO option 8, length: 30
129529131	ID:34	RPL: Copying prefix information
130384014	ID:36	RPL: Sending a multicast-DIO with rank 548
130452824	ID:35	RPL: Sending a multicast-DIO with rank 437
131379381	ID:32	RPL: Sending a multicast-DIO with rank 597
132721779	ID:33	RPL: Sending a multicast-DIO with rank 653
135384014	ID:36	RPL: Sending a multicast-DIO with rank 548
135452803	ID:35	RPL: Sending a multicast-DIO with rank 437
136379381	ID:32	RPL: Sending a multicast-DIO with rank 597
137721779	ID:33	RPL: Sending a multicast-DIO with rank 653
140384014	ID:36	RPL: Sending a multicast-DIO with rank 548
140452803	ID:35	RPL: Sending a multicast-DIO with rank 437
141379381	ID:32	RPL: Sending a multicast-DIO with rank 597
142721779	ID:33	RPL: Sending a multicast-DIO with rank 653
143749683	ID:34	RPL: Sending a DIS to fe80::c30c:0:0:6
145384014	ID:36	RPL: Sending a multicast-DIO with rank 548
145452803	ID:35	RPL: Sending a multicast-DIO with rank 437
146379381	ID:32	RPL: Sending a multicast-DIO with rank 597
147721779	ID:33	RPL: Sending a multicast-DIO with rank 653
150384014	ID:36	RPL: Sending a multicast-DIO with rank 548
150452803	ID:35	RPL: Sending a multicast-DIO with rank 437
151379381	ID:32	RPL: Sending a multicast-DIO with rank 597
152721779	ID:33	RPL: Sending a multicast-DIO with rank 653
155384014	ID:36	RPL: Sending a multicast-DIO with rank 548
155452803	ID:35	RPL: Sending a multicast-DIO with rank 437
156379381	ID:32	RPL: Sending a multicast-DIO with rank 597
157721779	ID:33	RPL: Sending a multicast-DIO with rank 653
160384014	ID:36	RPL: Sending a multicast-DIO with rank 548
160452803	ID:35	RPL: Sending a multicast-DIO with rank 437
161379381	ID:32	RPL: Sending a multicast-DIO with rank 597
162721779	ID:33	RPL: Sending a multicast-DIO with rank 653
165384014	ID:36	RPL: Sending a multicast-DIO with rank 548
165452803	ID:35	RPL: Sending a multicast-DIO with rank 437
166379381	ID:32	RPL: Sending a multicast-DIO with rank 597
167721779	ID:33	RPL: Sending a multicast-DIO with rank 653
170384014	ID:36	RPL: Sending a multicast-DIO with rank 548
170452803	ID:35	RPL: Sending a multicast-DIO with rank 437
171379381	ID:32	RPL: Sending a multicast-DIO with rank 597
172721779	ID:33	RPL: Sending a multicast-DIO with rank 653
175384014	ID:36	RPL: Sending a multicast-DIO with rank 548
175452803	ID:35	RPL: Sending a multicast-DIO with rank 437
176379381	ID:32	RPL: Sending a multicast-DIO with rank 597
177721779	ID:33	RPL: Sending a multicast-DIO with rank 653
180384014	ID:36	RPL: Sending a multicast-DIO with rank 548
180452803	ID:35	RPL: Sending a multicast-DIO with rank 437
181379381	ID:32	RPL: Sending a multicast-DIO with rank 597
182721779	ID:33	RPL: Sending a multicast-DIO with rank 653
185384014	ID:36	RPL: Sending a multicast-DIO with rank 548
185452803	ID:35	RPL: Sending a multicast-DIO with rank 437
186379381	ID:32	RPL: Sending a multicast-DIO with rank 597
187721779	ID:33	RPL: Sending a multicast-DIO with rank 653
190384014	ID:36	RPL: Sending a multicast-DIO with rank 548
190452803	ID:35	RPL: Sending a multicast-DIO with rank 437
191379381	ID:32	RPL: Sending a multicast-DIO with rank 597
192721779	ID:33	RPL: Sending a multicast-DIO with rank 653
195384014	ID:36	RPL: Sending a multicast-DIO with rank 548
195452803	ID:35	RPL: Sending a multicast-DIO with rank 437
196379381	ID:32	RPL: Sending a multicast-DIO with rank 597
197721779	ID:33	RPL: Sending a multicast-DIO with rank 653
200384014	ID:36	RPL: Sending a multicast-DIO with rank 548
200452803	ID:35	RPL: Sending a multicast-DIO with rank 437
201379381	ID:32	RPL: Sending a multicast-DIO with rank 597
202721779	ID:33	RPL: Sending a multicast-DIO with rank 653
203749683	ID:34	RPL: Sending a DIS to fe80::c30c:0:0:6
205384014	ID:36	RPL: Sending a multicast-DIO with rank 548
205452803	ID:35	RPL: Sending a multicast-DIO with rank 437
206379381	ID:32	RPL: Sending a multicast-DIO with rank 597
207721779	ID:33	RPL: Sending a multicast-DIO with rank 653
210384014	ID:36	RPL: Sending a multicast-DIO with rank 548
210452803	ID:35	RPL: Sending a multicast-DIO with rank 437
211379381	ID:32	RPL: Sending a multicast-DIO with rank 597
212721779	ID:33	RPL: Sending a multicast-DIO with rank 653
215384014	ID:36	RPL: Sending a multicast-DIO with rank 548
215452803	ID:35	RPL: Sending a multicast-DIO with rank 437
216379381	ID:32	RPL: Sending a multicast-DIO with rank 597
217721779	ID:33	RPL: Sending a multicast-DIO with rank 653
220384014	ID:36	RPL: Sending a multicast-DIO with rank 548
220452803	ID:35	RPL: Sending a multicast-DIO with rank 437
221379381	ID:32	RPL: Sending a multicast-DIO with rank 597
222721779	ID:33	RPL: Sending a multicast-DIO with rank 653
225384014	ID:36	RPL: Sending a multicast-DIO with rank 548
225452803	ID:35	RPL: Sending a multicast-DIO with rank 437
226379381	ID:32	RPL: Sending a multicast-DIO with rank 597
227721779	ID:33	RPL: Sending a multicast-DIO with rank 653
230384014	ID:36	RPL: Sending a multicast-DIO with rank 548
230452803	ID:35	RPL: Sending a multicast-DIO with rank 437
231379381	ID:32	RPL: Sending a multicast-DIO with rank 597
232721779	ID:33	RPL: Sending a multicast-DIO with rank 653
235384014	ID:36	RPL: Sending a multicast-DIO with rank 548
235452803	ID:35	RPL: Sending a multicast-DIO with rank 437
236379381	ID:32	RPL: Sending a multicast-DIO with rank 597
237721779	ID:33	RPL: Sending a multicast-DIO with rank 653
240384014	ID:36	RPL: Sending a multicast-DIO with rank 548
240452803	ID:35	RPL: Sending a multicast-DIO with rank 437
241379381	ID:32	RPL: Sending a multicast-DIO with rank 597
242721779	ID:33	RPL: Sending a multicast-DIO with rank 653
245384014	ID:36	RPL: Sending a multicast-DIO with rank 548
245452803	ID:35	RPL: Sending a multicast-DIO with rank 437
246379381	ID:32	RPL: Sending a multicast-DIO with rank 597
247721779	ID:33	RPL: Sending a multicast-DIO with rank 653
250384014	ID:36	RPL: Sending a multicast-DIO with rank 548
250452803	ID:35	RPL: Sending a multicast-DIO with rank 437
251379381	ID:32	RPL: Sending a multicast-DIO with rank 597
252721779	ID:33	RPL: Sending a multicast-DIO with rank 653
255384014	ID:36	RPL: Sending a multicast-DIO with rank 548
255452803	ID:35	RPL: Sending a multicast-DIO with rank 437
256379381	ID:32	RPL: Sending a multicast-DIO with rank 597
257721779	ID:33	RPL: Sending a multicast-DIO with rank 653
260384014	ID:36	RPL: Sending a multicast-DIO with rank 548
260452803	ID:35	RPL: Sending a multicast-DIO with rank 437
261379381	ID:32	RPL: Sending a multicast-DIO with rank 597
262721779	ID:33	RPL: Sending a multicast-DIO with rank 653
263749683	ID:34	RPL: Sending a DIS to fe80::c30c:0:0:6
265384014	ID:36	RPL: Sending a multicast-DIO with rank 548
265452803	ID:35	RPL: Sending a multicast-DIO with rank 437
266379381	ID:32	RPL: Sending a multicast-DIO with rank 597
267721779	ID:33	RPL: Sending a multicast-DIO with rank 653
270384014	ID:36	RPL: Sending a multicast-DIO with rank 548
270452803	ID:35	RPL: Sending a multicast-DIO with rank 437
271379381	ID:32	RPL: Sending a multicast-DIO with rank 597
272721779	ID:33	RPL: Sending a multicast-DIO with rank 653
275384014	ID:36	RPL: Sending a multicast-DIO with rank 548
275452803	ID:35	RPL: Sending a multicast-DIO with rank 437
276379381	ID:32	RPL: Sending a multicast-DIO with rank 597
277721779	ID:33	RPL: Sending a multicast-DIO with rank 653
280384014	ID:36	RPL: Sending a multicast-DIO with rank 548
280452803	ID:35	RPL: Sending a multicast-DIO with rank 437
281379381	ID:32	RPL: Sending a multicast-DIO with rank 597
282721779	ID:33	RPL: Sending a multicast-DIO with rank 653
285384014	ID:36	RPL: Sending a multicast-DIO with rank 548
285452803	ID:35	RPL: Sending a multicast-DIO with rank 437
286379381	ID:32	RPL: Sending a multicast-DIO with rank 597
287721779	ID:33	RPL: Sending a multicast-DIO with rank 653
290384014	ID:36	RPL: Sending a multicast-DIO with rank 548
290452803	ID:35	RPL: Sending a multicast-DIO with rank 437
291379381	ID:32	RPL: Sending a multicast-DIO with rank 597
292721779	ID:33	RPL: Sending a multicast-DIO with rank 653
295384014	ID:36	RPL: Sending a multicast-DIO with rank 548
295452803	ID:35	RPL: Sending a multicast-DIO with rank 437
296379381	ID:32	RPL: Sending a multicast-DIO with rank 597
297721779	ID:33	RPL: Sending a multicast-DIO with rank 653
300384014	ID:36	RPL: Sending a multicast-DIO with rank 548
300452803	ID:35	RPL: Sending a multicast-DIO with rank 437
301379381	ID:32	RPL: Sending a multicast-DIO with rank 597
302721779	ID:33	RPL: Sending a multicast-DIO with rank 653
305384014	ID:36	RPL: Sending a multicast-DIO with rank 548
305452803	ID:35	RPL: Sending a multicast-DIO with rank 437
306379381	ID:32	RPL: Sending a multicast-DIO with rank 597
307721779	ID:33	RPL: Sending a multicast-DIO with rank 653
310384014	ID:36	RPL: Sending a multicast-DIO with rank 548
310452803	ID:35	RPL: Sending a multicast-DIO with rank 437
311379381	ID:32	RPL: Sending a multicast-DIO with rank 597
312721779	ID:33	RPL: Sending a multicast-DIO with rank 653
315384014	ID:36	RPL: Sending a multicast-DIO with rank 548
315452803	ID:35	RPL: Sending a multicast-DIO with rank 437
316379381	ID:32	RPL: Sending a multicast-DIO with rank 597
317721779	ID:33	RPL: Sending a multicast-DIO with rank 653
320384014	ID:36	RPL: Sending a multicast-DIO with rank 548
320452803	ID:35	RPL: Sending a multicast-DIO with rank 437
321379381	ID:32	RPL: Sending a multicast-DIO with rank 597
322721779	ID:33	RPL: Sending a multicast-DIO with rank 653
323749683	ID:34	RPL: Sending a DIS to fe80::c30c:0:0:6
325384014	ID:36	RPL: Sending a multicast-DIO with rank 548
325452803	ID:35	RPL: Sending a multicast-DIO with rank 437
326379381	ID:32	RPL: Sending a multicast-DIO with rank 597
327721779	ID:33	RPL: Sending a multicast-DIO with rank 653
330384014	ID:36	RPL: Sending a multicast-DIO with rank 548
330452803	ID:35	RPL: Sending a multicast-DIO with rank 437
331379381	ID:32	RPL: Sending a multicast-DIO with rank 597
332721779	ID:33	RPL: Sending a multicast-DIO with rank 653
335384014	ID:36	RPL: Sending a multicast-DIO with rank 548
335452803	ID:35	RPL: Sending a multicast-DIO with rank 437
336379381	ID:32	RPL: Sending a multicast-DIO with rank 597
337721779	ID:33	RPL: Sending a multicast-DIO with rank 653
340384014	ID:36	RPL: Sending a multicast-DIO with rank 548
340452803	ID:35	RPL: Sending a multicast-DIO with rank 437
341379381	ID:32	RPL: Sending a multicast-DIO with rank 597
342721779	ID:33	RPL: Sending a multicast-DIO with rank 653
345384014	ID:36	RPL: Sending a multicast-DIO with rank 548
345452803	ID:35	RPL: Sending a multicast-DIO with rank 437
346379381	ID:32	RPL: Sending a multicast-DIO with rank 597
347721786	ID:33	RPL: Sending a multicast-DIO with rank 653
350384014	ID:36	RPL: Sending a multicast-DIO with rank 548
350452803	ID:35	RPL: Sending a multicast-DIO with rank 437
351379388	ID:32	RPL: Sending a multicast-DIO with rank 597
352721779	ID:33	RPL: Sending a multicast-DIO with rank 653
355384014	ID:36	RPL: Sending a multicast-DIO with rank 548
355452803	ID:35	RPL: Sending a multicast-DIO with rank 437
356379381	ID:32	RPL: Sending a multicast-DIO with rank 597
357721779	ID:33	RPL: Sending a multicast-DIO with rank 653
360384014	ID:36	RPL: Sending a multicast-DIO with rank 548
360452803	ID:35	RPL: Sending a multicast-DIO with rank 437
361379381	ID:32	RPL: Sending a multicast-DIO with rank 597
362721779	ID:33	RPL: Sending a multicast-DIO with rank 653
365384014	ID:36	RPL: Sending a multicast-DIO with rank 548
365452803	ID:35	RPL: Sending a multicast-DIO with rank 437
366379381	ID:32	RPL: Sending a multicast-DIO with rank 597
367721779	ID:33	RPL: Sending a multicast-DIO with rank 653
370384014	ID:36	RPL: Sending a multicast-DIO with rank 548
370452803	ID:35	RPL: Sending a multicast-DIO with rank 437
371379381	ID:32	RPL: Sending a multicast-DIO with rank 597
372721779	ID:33	RPL: Sending a multicast-DIO with rank 653
375384014	ID:36	RPL: Sending a multicast-DIO with rank 548
375452803	ID:35	RPL: Sending a multicast-DIO with rank 437
376379381	ID:32	RPL: Sending a multicast-DIO with rank 597
377721779	ID:33	RPL: Sending a multicast-DIO with rank 653
380384014	ID:36	RPL: Sending a multicast-DIO with rank 548
380452803	ID:35	RPL: Sending a multicast-DIO with rank 437
381379381	ID:32	RPL: Sending a multicast-DIO with rank 597
382721779	ID:33	RPL: Sending a multicast-DIO with rank 653
383749683	ID:34	RPL: Sending a DIS to fe80::c30c:0:0:6
385384014	ID:36	RPL: Sending a multicast-DIO with rank 548
385452803	ID:35	RPL: Sending a multicast-DIO with rank 437
386379381	ID:32	RPL: Sending a multicast-DIO with rank 597
387721779	ID:33	RPL: Sending a multicast-DIO with rank 653
390384014	ID:36	RPL: Sending a multicast-DIO with rank 548
390452803	ID:35	RPL: Sending a multicast-DIO with rank 437
391379381	ID:32	RPL: Sending a multicast-DIO with rank 597
392721779	ID:33	RPL: Sending a multicast-DIO with rank 653
395384014	ID:36	RPL: Sending a multicast-DIO with rank 548
395452803	ID:35	RPL: Sending a multicast-DIO with rank 437
396379381	ID:32	RPL: Sending a multicast-DIO with rank 597
397721779	ID:33	RPL: Sending a multicast-DIO with rank 653
400384014	ID:36	RPL: Sending a multicast-DIO with rank 548
400452803	ID:35	RPL: Sending a multicast-DIO with rank 437
401379381	ID:32	RPL: Sending a multicast-DIO with rank 597
402721779	ID:33	RPL: Sending a multicast-DIO with rank 653
405384014	ID:36	RPL: Sending a multicast-DIO with rank 548
405452803	ID:35	RPL: Sending a multicast-DIO with rank 437
406379381	ID:32	RPL: Sending a multicast-DIO with rank 597
407721779	ID:33	RPL: Sending a multicast-DIO with rank 653
410384014	ID:36	RPL: Sending a multicast-DIO with rank 548
410452803	ID:35	RPL: Sending a multicast-DIO with rank 437
411379381	ID:32	RPL: Sending a multicast-DIO with rank 597
412721779	ID:33	RPL: Sending a multicast-DIO with rank 653
415384014	ID:36	RPL: Sending a multicast-DIO with rank 548
415452803	ID:35	RPL: Sending a multicast-DIO with rank 437
416379381	ID:32	RPL: Sending a multicast-DIO with rank 597
417721779	ID:33	RPL: Sending a multicast-DIO with rank 653
420384021	ID:36	RPL: Sending a multicast-DIO with rank 548
420452803	ID:35	RPL: Sending a multicast-DIO with rank 437
421379381	ID:32	RPL: Sending a multicast-DIO with rank 597
422721779	ID:33	RPL: Sending a multicast-DIO with rank 653
425384014	ID:36	RPL: Sending a multicast-DIO with rank 548
425452803	ID:35	RPL: Sending a multicast-DIO with rank 437
426379381	ID:32	RPL: Sending a multicast-DIO with rank 597
427721779	ID:33	RPL: Sending a multicast-DIO with rank 653
430384014	ID:36	RPL: Sending a multicast-DIO with rank 548
430452803	ID:35	RPL: Sending a multicast-DIO with rank 437
431379381	ID:32	RPL: Sending a multicast-DIO with rank 597
432721779	ID:33	RPL: Sending a multicast-DIO with rank 653
435384014	ID:36	RPL: Sending a multicast-DIO with rank 548
435452803	ID:35	RPL: Sending a multicast-DIO with rank 437
436379381	ID:32	RPL: Sending a multicast-DIO with rank 597
437721779	ID:33	RPL: Sending a multicast-DIO with rank 653
440384014	ID:36	RPL: Sending a multicast-DIO with rank 548
440452803	ID:35	RPL: Sending a multicast-DIO with rank 437
441379381	ID:32	RPL: Sending a multicast-DIO with rank 597
442721779	ID:33	RPL: Sending a multicast-DIO with rank 653
443749683	ID:34	RPL: Sending a DIS to fe80::c30c:0:0:6
445384014	ID:36	RPL: Sending a multicast-DIO with rank 548
445452803	ID:35	RPL: Sending a multicast-DIO with rank 437
446379381	ID:32	RPL: Sending a multicast-DIO with rank 597
447721779	ID:33	RPL: Sending a multicast-DIO with rank 653
450384014	ID:36	RPL: Sending a multicast-DIO with rank 548
450452803	ID:35	RPL: Sending a multicast-DIO with rank 437
451379381	ID:32	RPL: Sending a multicast-DIO with rank 597
452721779	ID:33	RPL: Sending a multicast-DIO with rank 653
455384014	ID:36	RPL: Sending a multicast-DIO with rank 548
455452803	ID:35	RPL: Sending a multicast-DIO with rank 437
456379381	ID:32	RPL: Sending a multicast-DIO with rank 597
457721779	ID:33	RPL: Sending a multicast-DIO with rank 653
460384014	ID:36	RPL: Sending a multicast-DIO with rank 548
460452803	ID:35	RPL: Sending a multicast-DIO with rank 437
461379381	ID:32	RPL: Sending a multicast-DIO with rank 597
462721779	ID:33	RPL: Sending a multicast-DIO with rank 653
465384014	ID:36	RPL: Sending a multicast-DIO with rank 548
465452803	ID:35	RPL: Sending a multicast-DIO with rank 437
466379381	ID:32	RPL: Sending a multicast-DIO with rank 597
467721779	ID:33	RPL: Sending a multicast-DIO with rank 653
470384014	ID:36	RPL: Sending a multicast-DIO with rank 548
470452803	ID:35	RPL: Sending a multicast-DIO with rank 437
471379381	ID:32	RPL: Sending a multicast-DIO with rank 597
472721779	ID:33	RPL: Sending a multicast-DIO with rank 653
475384014	ID:36	RPL: Sending a multicast-DIO with rank 548
475452803	ID:35	RPL: Sending a multicast-DIO with rank 437
476379381	ID:32	RPL: Sending a multicast-DIO with rank 597
477721779	ID:33	RPL: Sending a multicast-DIO with rank 653
480384014	ID:36	RPL: Sending a multicast-DIO with rank 548
480452803	ID:35	RPL: Sending a multicast-DIO with rank 437
481379381	ID:32	RPL: Sending a multicast-DIO with rank 597
482721779	ID:33	RPL: Sending a multicast-DIO with rank 653
485384014	ID:36	RPL: Sending a multicast-DIO with rank 548
485452803	ID:35	RPL: Sending a multicast-DIO with rank 437
486379381	ID:32	RPL: Sending a multicast-DIO with rank 597
487721779	ID:33	RPL: Sending a multicast-DIO with rank 653
490384014	ID:36	RPL: Sending a multicast-DIO with rank 548
490452803	ID:35	RPL: Sending a multicast-DIO with rank 437
491379381	ID:32	RPL: Sending a multicast-DIO with rank 597
492721779	ID:33	RPL: Sending a multicast-DIO with rank 653
495384014	ID:36	RPL: Sending a multicast-DIO with rank 548
495452803	ID:35	RPL: Sending a multicast-DIO with rank 437
496379381	ID:32	RPL: Sending a multicast-DIO with rank 597
497721779	ID:33	RPL: Sending a multicast-DIO with rank 653
500384014	ID:36	RPL: Sending a multicast-DIO with rank 548
500452803	ID:35	RPL: Sending a multicast-DIO with rank 437
501379381	ID:32	RPL: Sending a multicast-DIO with rank 597
502721779	ID:33	RPL: Sending a multicast-DIO with rank 653
503749683	ID:34	RPL: Sending a DIS to fe80::c30c:0:0:6
505384014	ID:36	RPL: Sending a multicast-DIO with rank 548
505452803	ID:35	RPL: Sending a multicast-DIO with rank 437
506379381	ID:32	RPL: Sending a multicast-DIO with rank 597
507721779	ID:33	RPL: Sending a multicast-DIO with rank 653
510384014	ID:36	RPL: Sending a multicast-DIO with rank 548
510452803	ID:35	RPL: Sending a multicast-DIO with rank 437
511379381	ID:32	RPL: Sending a multicast-DIO with rank 597
512721779	ID:33	RPL: Sending a multicast-DIO with rank 653
515384014	ID:36	RPL: Sending a multicast-DIO with rank 548
515452810	ID:35	RPL: Sending a multicast-DIO with rank 437
516379381	ID:32	RPL: Sending a multicast-DIO with rank 597
517721779	ID:33	RPL: Sending a multicast-DIO with rank 653
520384014	ID:36	RPL: Sending a multicast-DIO with rank 548
520452803	ID:35	RPL: Sending a multicast-DIO with rank 437
521379381	ID:32	RPL: Sending a multicast-DIO with rank 597
522721779	ID:33	RPL: Sending a multicast-DIO with rank 653
525384014	ID:36	RPL: Sending a multicast-DIO with rank 548
525452803	ID:35	RPL: Sending a multicast-DIO with rank 437
526379381	ID:32	RPL: Sending a multicast-DIO with rank 597
527721779	ID:33	RPL: Sending a multicast-DIO with rank 653
530384014	ID:36	RPL: Sending a multicast-DIO with rank 548
530452803	ID:35	RPL: Sending a multicast-DIO with rank 437
531379381	ID:32	RPL: Sending a multicast-DIO with rank 597
532721779	ID:33	RPL: Sending a multicast-DIO with rank 653
535384014	ID:36	RPL: Sending a multicast-DIO with rank 548
535452803	ID:35	RPL: Sending a multicast-DIO with rank 437
536379381	ID:32	RPL: Sending a multicast-DIO with rank 597
537721779	ID:33	RPL: Sending a multicast-DIO with rank 653
540384014	ID:36	RPL: Sending a multicast-DIO with rank 548
540452803	ID:35	RPL: Sending a multicast-DIO with rank 437
541379381	ID:32	RPL: Sending a multicast-DIO with rank 597
542721779	ID:33	RPL: Sending a multicast-DIO with rank 653
545384014	ID:36	RPL: Sending a multicast-DIO with rank 548
545452803	ID:35	RPL: Sending a multicast-DIO with rank 437
546379381	ID:32	RPL: Sending a multicast-DIO with rank 597
547721779	ID:33	RPL: Sending a multicast-DIO with rank 653
550384014	ID:36	RPL: Sending a multicast-DIO with rank 548
550452803	ID:35	RPL: Sending a multicast-DIO with rank 437
551379381	ID:32	RPL: Sending a multicast-DIO with rank 597
552721779	ID:33	RPL: Sending a multicast-DIO with rank 653
555384014	ID:36	RPL: Sending a multicast-DIO with rank 548
555452803	ID:35	RPL: Sending a multicast-DIO with rank 437
556379381	ID:32	RPL: Sending a multicast-DIO with rank 597
557721779	ID:33	RPL: Sending a multicast-DIO with rank 653
560384014	ID:36	RPL: Sending a multicast-DIO with rank 548
560452803	ID:35	RPL: Sending a multicast-DIO with rank 437
561379381	ID:32	RPL: Sending a multicast-DIO with rank 597
562721779	ID:33	RPL: Sending a multicast-DIO with rank 653
563749683	ID:34	RPL: Sending a DIS to fe80::c30c:0:0:6
565384014	ID:36	RPL: Sending a multicast-DIO with rank 548
565452803	ID:35	RPL: Sending a multicast-DIO with rank 437
566379381	ID:32	RPL: Sending a multicast-DIO with rank 597
567721779	ID:33	RPL: Sending a multicast-DIO with rank 653
570384014	ID:36	RPL: Sending a multicast-DIO with rank 548
570452803	ID:35	RPL: Sending a multicast-DIO with rank 437
571379381	ID:32	RPL: Sending a multicast-DIO with rank 597
572721779	ID:33	RPL: Sending a multicast-DIO with rank 653
575384014	ID:36	RPL: Sending a multicast-DIO with rank 548
575452803	ID:35	RPL: Sending a multicast-DIO with rank 437
576379381	ID:32	RPL: Sending a multicast-DIO with rank 597
577721779	ID:33	RPL: Sending a multicast-DIO with rank 653
580384014	ID:36	RPL: Sending a multicast-DIO with rank 548
580452803	ID:35	RPL: Sending a multicast-DIO with rank 437
581379381	ID:32	RPL: Sending a multicast-DIO with rank 597
582721779	ID:33	RPL: Sending a multicast-DIO with rank 653
585384014	ID:36	RPL: Sending a multicast-DIO with rank 548
585452803	ID:35	RPL: Sending a multicast-DIO with rank 437
586379381	ID:32	RPL: Sending a multicast-DIO with rank 597
587721779	ID:33	RPL: Sending a multicast-DIO with rank 653
590384014	ID:36	RPL: Sending a multicast-DIO with rank 548
590452803	ID:35	RPL: Sending a multicast-DIO with rank 437
591379381	ID:32	RPL: Sending a multicast-DIO with rank 597
592721779	ID:33	RPL: Sending a multicast-DIO with rank 653
595384014	ID:36	RPL: Sending a multicast-DIO with rank 548
595452803	ID:35	RPL: Sending a multicast-DIO with rank 437
596379381	ID:32	RPL: Sending a multicast-DIO with rank 597
597721779	ID:33	RPL: Sending a multicast-DIO with rank 653
600384014	ID:36	RPL: Sending a multicast-DIO with rank 548
600452803	ID:35	RPL: Sending a multicast-DIO with rank 437
601379381	ID:32	RPL: Sending a multicast-DIO with rank 597
602721779	ID:33	RPL: Sending a multicast-DIO with rank 653
605384014	ID:36	RPL: Sending a multicast-DIO with rank 548
605452803	ID:35	RPL: Sending a multicast-DIO with rank 437
606379381	ID:32	RPL: Sending a multicast-DIO with rank 597
607721779	ID:33	RPL: Sending a multicast-DIO with rank 653
610384014	ID:36	RPL: Sending a multicast-DIO with rank 548
610452803	ID:35	RPL: Sending a multicast-DIO with rank 437
611379381	ID:32	RPL: Sending a multicast-DIO with rank 597
612721779	ID:33	RPL: Sending a multicast-DIO with rank 653
615384014	ID:36	RPL: Sending a multicast-DIO with rank 548
615452803	ID:35	RPL: Sending a multicast-DIO with rank 437
616379381	ID:32	RPL: Sending a multicast-DIO with rank 597
617721779	ID:33	RPL: Sending a multicast-DIO with rank 653
620384014	ID:36	RPL: Sending a multicast-DIO with rank 548
620452803	ID:35	RPL: Sending a multicast-DIO with rank 437
621379381	ID:32	RPL: Sending a multicast-DIO with rank 597
622721779	ID:33	RPL: Sending a multicast-DIO with rank 653
623749683	ID:34	RPL: Sending a DIS to fe80::c30c:0:0:6
625384014	ID:36	RPL: Sending a multicast-DIO with rank 548
625452803	ID:35	RPL: Sending a multicast-DIO with rank 437
626379381	ID:32	RPL: Sending a multicast-DIO with rank 597
627721779	ID:33	RPL: Sending a multicast-DIO with rank 653
630384014	ID:36	RPL: Sending a multicast-DIO with rank 548
630452803	ID:35	RPL: Sending a multicast-DIO with rank 437
631379381	ID:32	RPL: Sending a multicast-DIO with rank 597
632721779	ID:33	RPL: Sending a multicast-DIO with rank 653
635384014	ID:36	RPL: Sending a multicast-DIO with rank 548
635452803	ID:35	RPL: Sending a multicast-DIO with rank 437
636379381	ID:32	RPL: Sending a multicast-DIO with rank 597
637721779	ID:33	RPL: Sending a multicast-DIO with rank 653
640384014	ID:36	RPL: Sending a multicast-DIO with rank 548
640452803	ID:35	RPL: Sending a multicast-DIO with rank 437
641379381	ID:32	RPL: Sending a multicast-DIO with rank 597
642721779	ID:33	RPL: Sending a multicast-DIO with rank 653
645384014	ID:36	RPL: Sending a multicast-DIO with rank 548
645452803	ID:35	RPL: Sending a multicast-DIO with rank 437
646379381	ID:32	RPL: Sending a multicast-DIO with rank 597
647721779	ID:33	RPL: Sending a multicast-DIO with rank 653
650384014	ID:36	RPL: Sending a multicast-DIO with rank 548
650452803	ID:35	RPL: Sending a multicast-DIO with rank 437
651379381	ID:32	RPL: Sending a multicast-DIO with rank 597
652721779	ID:33	RPL: Sending a multicast-DIO with rank 653
655384014	ID:36	RPL: Sending a multicast-DIO with rank 548
655452803	ID:35	RPL: Sending a multicast-DIO with rank 437
656379381	ID:32	RPL: Sending a multicast-DIO with rank 597
657721779	ID:33	RPL: Sending a multicast-DIO with rank 653
660384014	ID:36	RPL: Sending a multicast-DIO with rank 548
660452803	ID:35	RPL: Sending a multicast-DIO with rank 437
661379381	ID:32	RPL: Sending a multicast-DIO with rank 597
662721786	ID:33	RPL: Sending a multicast-DIO with rank 653
665384014	ID:36	RPL: Sending a multicast-DIO with rank 548
665452803	ID:35	RPL: Sending a multicast-DIO with rank 437
666379381	ID:32	RPL: Sending a multicast-DIO with rank 597
667721779	ID:33	RPL: Sending a multicast-DIO with rank 653
670384014	ID:36	RPL: Sending a multicast-DIO with rank 548
670452803	ID:35	RPL: Sending a multicast-DIO with rank 437
671379381	ID:32	RPL: Sending a multicast-DIO with rank 597
672721779	ID:33	RPL: Sending a multicast-DIO with rank 653
675384014	ID:36	RPL: Sending a multicast-DIO with rank 548
675452803	ID:35	RPL: Sending a multicast-DIO with rank 437
676379381	ID:32	RPL: Sending a multicast-DIO with rank 597
677721779	ID:33	RPL: Sending a multicast-DIO with rank 653
680384014	ID:36	RPL: Sending a multicast-DIO with rank 548
680452803	ID:35	RPL: Sending a multicast-DIO with rank 437
681379381	ID:32	RPL: Sending a multicast-DIO with rank 597
682721779	ID:33	RPL: Sending a multicast-DIO with rank 653
683749683	ID:34	RPL: Sending a DIS to fe80::c30c:0:0:6
685384014	ID:36	RPL: Sending a multicast-DIO with rank 548
685452803	ID:35	RPL: Sending a multicast-DIO with rank 437
686379381	ID:32	RPL: Sending a multicast-DIO with rank 597
687721779	ID:33	RPL: Sending a multicast-DIO with rank 653
690384014	ID:36	RPL: Sending a multicast-DIO with rank 548
690452803	ID:35	RPL: Sending a multicast-DIO with rank 437
691379381	ID:32	RPL: Sending a multicast-DIO with rank 597
692721780	ID:33	RPL: Sending a multicast-DIO with rank 653
695384014	ID:36	RPL: Sending a multicast-DIO with rank 548
695452803	ID:35	RPL: Sending a multicast-DIO with rank 437
696379381	ID:32	RPL: Sending a multicast-DIO with rank 597
697721780	ID:33	RPL: Sending a multicast-DIO with rank 653
700384014	ID:36	RPL: Sending a multicast-DIO with rank 548
700452803	ID:35	RPL: Sending a multicast-DIO with rank 437
701379381	ID:32	RPL: Sending a multicast-DIO with rank 597
702721780	ID:33	RPL: Sending a multicast-DIO with rank 653
705384014	ID:36	RPL: Sending a multicast-DIO with rank 548
705452803	ID:35	RPL: Sending a multicast-DIO with rank 437
706379381	ID:32	RPL: Sending a multicast-DIO with rank 597
707721780	ID:33	RPL: Sending a multicast-DIO with rank 653
710384014	ID:36	RPL: Sending a multicast-DIO with rank 548
710452803	ID:35	RPL: Sending a multicast-DIO with rank 437
711379381	ID:32	RPL: Sending a multicast-DIO with rank 597
712721780	ID:33	RPL: Sending a multicast-DIO with rank 653
715384014	ID:36	RPL: Sending a multicast-DIO with rank 548
715452803	ID:35	RPL: Sending a multicast-DIO with rank 437
716379381	ID:32	RPL: Sending a multicast-DIO with rank 597
717721780	ID:33	RPL: Sending a multicast-DIO with rank 653
720384014	ID:36	RPL: Sending a multicast-DIO with rank 548
720452803	ID:35	RPL: Sending a multicast-DIO with rank 437
721379381	ID:32	RPL: Sending a multicast-DIO with rank 597
722721780	ID:33	RPL: Sending a multicast-DIO with rank 653
725384014	ID:36	RPL: Sending a multicast-DIO with rank 548
725452803	ID:35	RPL: Sending a multicast-DIO with rank 437
726379381	ID:32	RPL: Sending a multicast-DIO with rank 597
727721780	ID:33	RPL: Sending a multicast-DIO with rank 653
730384014	ID:36	RPL: Sending a multicast-DIO with rank 548
730452803	ID:35	RPL: Sending a multicast-DIO with rank 437
731379381	ID:32	RPL: Sending a multicast-DIO with rank 597
732721780	ID:33	RPL: Sending a multicast-DIO with rank 653
735384014	ID:36	RPL: Sending a multicast-DIO with rank 548
735452803	ID:35	RPL: Sending a multicast-DIO with rank 437
736379381	ID:32	RPL: Sending a multicast-DIO with rank 597
737721780	ID:33	RPL: Sending a multicast-DIO with rank 653
740384014	ID:36	RPL: Sending a multicast-DIO with rank 548
740452803	ID:35	RPL: Sending a multicast-DIO with rank 437
741379381	ID:32	RPL: Sending a multicast-DIO with rank 597
742721780	ID:33	RPL: Sending a multicast-DIO with rank 653
743749684	ID:34	RPL: Sending a DIS to fe80::c30c:0:0:6
745384014	ID:36	RPL: Sending a multicast-DIO with rank 548
745452803	ID:35	RPL: Sending a multicast-DIO with rank 437
746379381	ID:32	RPL: Sending a multicast-DIO with rank 597
747721780	ID:33	RPL: Sending a multicast-DIO with rank 653
750384014	ID:36	RPL: Sending a multicast-DIO with rank 548
750452803	ID:35	RPL: Sending a multicast-DIO with rank 437
751379381	ID:32	RPL: Sending a multicast-DIO with rank 597
752721780	ID:33	RPL: Sending a multicast-DIO with rank 653
755384014	ID:36	RPL: Sending a multicast-DIO with rank 548
755452803	ID:35	RPL: Sending a multicast-DIO with rank 437
756379381	ID:32	RPL: Sending a multicast-DIO with rank 597
757721780	ID:33	RPL: Sending a multicast-DIO with rank 653
760384014	ID:36	RPL: Sending a multicast-DIO with rank 548
760452803	ID:35	RPL: Sending a multicast-DIO with rank 437
761379381	ID:32	RPL: Sending a multicast-DIO with rank 597
762721780	ID:33	RPL: Sending a multicast-DIO with rank 653
765384014	ID:36	RPL: Sending a multicast-DIO with rank 548
765452803	ID:35	RPL: Sending a multicast-DIO with rank 437
766379381	ID:32	RPL: Sending a multicast-DIO with rank 597
767721779	ID:33	RPL: Sending a multicast-DIO with rank 653
770384014	ID:36	RPL: Sending a multicast-DIO with rank 548
770452803	ID:35	RPL: Sending a multicast-DIO with rank 437
771379381	ID:32	RPL: Sending a multicast-DIO with rank 597
772721780	ID:33	RPL: Sending a multicast-DIO with rank 653
775384014	ID:36	RPL: Sending a multicast-DIO with rank 548
775452803	ID:35	RPL: Sending a multicast-DIO with rank 437
776379381	ID:32	RPL: Sending a multicast-DIO with rank 597
777721780	ID:33	RPL: Sending a multicast-DIO with rank 653
780384014	ID:36	RPL: Sending a multicast-DIO with rank 548
780452803	ID:35	RPL: Sending a multicast-DIO with rank 437
781379381	ID:32	RPL: Sending a multicast-DIO with rank 597
782721780	ID:33	RPL: Sending a multicast-DIO with rank 653
785384014	ID:36	RPL: Sending a multicast-DIO with rank 548
785452803	ID:35	RPL: Sending a multicast-DIO with rank 437
786379381	ID:32	RPL: Sending a multicast-DIO with rank 597
787721780	ID:33	RPL: Sending a multicast-DIO with rank 653
790384014	ID:36	RPL: Sending a multicast-DIO with rank 548
790452803	ID:35	RPL: Sending a multicast-DIO with rank 437
791379381	ID:32	RPL: Sending a multicast-DIO with rank 597
792721780	ID:33	RPL: Sending a multicast-DIO with rank 653
795384014	ID:36	RPL: Sending a multicast-DIO with rank 548
795452803	ID:35	RPL: Sending a multicast-DIO with rank 437
796379388	ID:32	RPL: Sending a multicast-DIO with rank 597
797721780	ID:33	RPL: Sending a multicast-DIO with rank 653
800384014	ID:36	RPL: Sending a multicast-DIO with rank 548
800452803	ID:35	RPL: Sending a multicast-DIO with rank 437
801379381	ID:32	RPL: Sending a multicast-DIO with rank 597
802721780	ID:33	RPL: Sending a multicast-DIO with rank 653
803749684	ID:34	RPL: Sending a DIS to fe80::c30c:0:0:6
805384014	ID:36	RPL: Sending a multicast-DIO with rank 548
805452803	ID:35	RPL: Sending a multicast-DIO with rank 437
806379381	ID:32	RPL: Sending a multicast-DIO with rank 597
807721780	ID:33	RPL: Sending a multicast-DIO with rank 653
810384014	ID:36	RPL: Sending a multicast-DIO with rank 548
810452803	ID:35	RPL: Sending a multicast-DIO with rank 437
811379381	ID:32	RPL: Sending a multicast-DIO with rank 597
812721780	ID:33	RPL: Sending a multicast-DIO with rank 653
815384021	ID:36	RPL: Sending a multicast-DIO with rank 548
815452803	ID:35	RPL: Sending a multicast-DIO with rank 437
816379381	ID:32	RPL: Sending a multicast-DIO with rank 597
817721780	ID:33	RPL: Sending a multicast-DIO with rank 653
820384014	ID:36	RPL: Sending a multicast-DIO with rank 548
820452803	ID:35	RPL: Sending a multicast-DIO with rank 437
821379381	ID:32	RPL: Sending a multicast-DIO with rank 597
822721780	ID:33	RPL: Sending a multicast-DIO with rank 653
825384014	ID:36	RPL: Sending a multicast-DIO with rank 548
825452803	ID:35	RPL: Sending a multicast-DIO with rank 437
826379381	ID:32	RPL: Sending a multicast-DIO with rank 597
827721780	ID:33	RPL: Sending a multicast-DIO with rank 653
830384014	ID:36	RPL: Sending a multicast-DIO with rank 548
830452803	ID:35	RPL: Sending a multicast-DIO with rank 437
831379381	ID:32	RPL: Sending a multicast-DIO with rank 597
832721780	ID:33	RPL: Sending a multicast-DIO with rank 653
835384014	ID:36	RPL: Sending a multicast-DIO with rank 548
835452803	ID:35	RPL: Sending a multicast-DIO with rank 437
836379381	ID:32	RPL: Sending a multicast-DIO with rank 597
837721780	ID:33	RPL: Sending a multicast-DIO with rank 653
840384014	ID:36	RPL: Sending a multicast-DIO with rank 548
840452803	ID:35	RPL: Sending a multicast-DIO with rank 437
841379381	ID:32	RPL: Sending a multicast-DIO with rank 597
842721780	ID:33	RPL: Sending a multicast-DIO with rank 653
845384014	ID:36	RPL: Sending a multicast-DIO with rank 548
845452803	ID:35	RPL: Sending a multicast-DIO with rank 437
846379381	ID:32	RPL: Sending a multicast-DIO with rank 597
847721780	ID:33	RPL: Sending a multicast-DIO with rank 653
850384014	ID:36	RPL: Sending a multicast-DIO with rank 548
850452803	ID:35	RPL: Sending a multicast-DIO with rank 437
851379381	ID:32	RPL: Sending a multicast-DIO with rank 597
852721780	ID:33	RPL: Sending a multicast-DIO with rank 653
855384014	ID:36	RPL: Sending a multicast-DIO with rank 548
855452803	ID:35	RPL: Sending a multicast-DIO with rank 437
856379381	ID:32	RPL: Sending a multicast-DIO with rank 597
857721780	ID:33	RPL: Sending a multicast-DIO with rank 653
860384014	ID:36	RPL: Sending a multicast-DIO with rank 548
860452803	ID:35	RPL: Sending a multicast-DIO with rank 437
861379381	ID:32	RPL: Sending a multicast-DIO with rank 597
862721780	ID:33	RPL: Sending a multicast-DIO with rank 653
863749684	ID:34	RPL: Sending a DIS to fe80::c30c:0:0:6
865384014	ID:36	RPL: Sending a multicast-DIO with rank 548
865452803	ID:35	RPL: Sending a multicast-DIO with rank 437
866379381	ID:32	RPL: Sending a multicast-DIO with rank 597
867721780	ID:33	RPL: Sending a multicast-DIO with rank 653
870384014	ID:36	RPL: Sending a multicast-DIO with rank 548
870452803	ID:35	RPL: Sending a multicast-DIO with rank 437
871379381	ID:32	RPL: Sending a multicast-DIO with rank 597
872721780	ID:33	RPL: Sending a multicast-DIO with rank 653
875384014	ID:36	RPL: Sending a multicast-DIO with rank 548
875452803	ID:35	RPL: Sending a multicast-DIO with rank 437
876379381	ID:32	RPL: Sending a multicast-DIO with rank 597
877721780	ID:33	RPL: Sending a multicast-DIO with rank 653
880384014	ID:36	RPL: Sending a multicast-DIO with rank 548
880452803	ID:35	RPL: Sending a multicast-DIO with rank 437
881379381	ID:32	RPL: Sending a multicast-DIO with rank 597
882721780	ID:33	RPL: Sending a multicast-DIO with rank 653
885384014	ID:36	RPL: Sending a multicast-DIO with rank 548
885452803	ID:35	RPL: Sending a multicast-DIO with rank 437
886379381	ID:32	RPL: Sending a multicast-DIO with rank 597
887721780	ID:33	RPL: Sending a multicast-DIO with rank 653
890384014	ID:36	RPL: Sending a multicast-DIO with rank 548
890452803	ID:35	RPL: Sending a multicast-DIO with rank 437
891379381	ID:32	RPL: Sending a multicast-DIO with rank 597
892721780	ID:33	RPL: Sending a multicast-DIO with rank 653
895384014	ID:36	RPL: Sending a multicast-DIO with rank 548
895452803	ID:35	RPL: Sending a multicast-DIO with rank 437
896379381	ID:32	RPL: Sending a multicast-DIO with rank 597
897721780	ID:33	RPL: Sending a multicast-DIO with rank 653
900384014	ID:36	RPL: Sending a multicast-DIO with rank 548
900452803	ID:35	RPL: Sending a multicast-DIO with rank 437
901379381	ID:32	RPL: Sending a multicast-DIO with rank 597
902721780	ID:33	RPL: Sending a multicast-DIO with rank 653
905384014	ID:36	RPL: Sending a multicast-DIO with rank 548
905452803	ID:35	RPL: Sending a multicast-DIO with rank 437
906379381	ID:32	RPL: Sending a multicast-DIO with rank 597
907721780	ID:33	RPL: Sending a multicast-DIO with rank 653
910384014	ID:36	RPL: Sending a multicast-DIO with rank 548
910452803	ID:35	RPL: Sending a multicast-DIO with rank 437
911379381	ID:32	RPL: Sending a multicast-DIO with rank 597
912721780	ID:33	RPL: Sending a multicast-DIO with rank 653
915384014	ID:36	RPL: Sending a multicast-DIO with rank 548
915452803	ID:35	RPL: Sending a multicast-DIO with rank 437
916379381	ID:32	RPL: Sending a multicast-DIO with rank 597
917721780	ID:33	RPL: Sending a multicast-DIO with rank 653
920384014	ID:36	RPL: Sending a multicast-DIO with rank 548
920452803	ID:35	RPL: Sending a multicast-DIO with rank 437
921379381	ID:32	RPL: Sending a multicast-DIO with rank 597
922721780	ID:33	RPL: Sending a multicast-DIO with rank 653
923749684	ID:34	RPL: Sending a DIS to fe80::c30c:0:0:6
925384014	ID:36	RPL: Sending a multicast-DIO with rank 548
925452803	ID:35	RPL: Sending a multicast-DIO with rank 437
926379381	ID:32	RPL: Sending a multicast-DIO with rank 597
927721780	ID:33	RPL: Sending a multicast-DIO with rank 653
930384014	ID:36	RPL: Sending a multicast-DIO with rank 548
930452803	ID:35	RPL: Sending a multicast-DIO with rank 437
931379381	ID:32	RPL: Sending a multicast-DIO with rank 597
932721780	ID:33	RPL: Sending a multicast-DIO with rank 653
935384014	ID:36	RPL: Sending a multicast-DIO with rank 548
935452803	ID:35	RPL: Sending a multicast-DIO with rank 437
936379381	ID:32	RPL: Sending a multicast-DIO with rank 597
937721780	ID:33	RPL: Sending a multicast-DIO with rank 653
940384014	ID:36	RPL: Sending a multicast-DIO with rank 548
940452803	ID:35	RPL: Sending a multicast-DIO with rank 437
941379381	ID:32	RPL: Sending a multicast-DIO with rank 597
942721780	ID:33	RPL: Sending a multicast-DIO with rank 653
945384014	ID:36	RPL: Sending a multicast-DIO with rank 548
945452803	ID:35	RPL: Sending a multicast-DIO with rank 437
946379381	ID:32	RPL: Sending a multicast-DIO with rank 597
947721780	ID:33	RPL: Sending a multicast-DIO with rank 653
950384014	ID:36	RPL: Sending a multicast-DIO with rank 548
950452810	ID:35	RPL: Sending a multicast-DIO with rank 437
951379381	ID:32	RPL: Sending a multicast-DIO with rank 597
952721780	ID:33	RPL: Sending a multicast-DIO with rank 653
955384014	ID:36	RPL: Sending a multicast-DIO with rank 548
955452803	ID:35	RPL: Sending a multicast-DIO with rank 437
956379381	ID:32	RPL: Sending a multicast-DIO with rank 597
957721780	ID:33	RPL: Sending a multicast-DIO with rank 653
960384014	ID:36	RPL: Sending a multicast-DIO with rank 548
960452803	ID:35	RPL: Sending a multicast-DIO with rank 437
961379381	ID:32	RPL: Sending a multicast-DIO with rank 597
962721780	ID:33	RPL: Sending a multicast-DIO with rank 653
965384014	ID:36	RPL: Sending a multicast-DIO with rank 548
965452803	ID:35	RPL: Sending a multicast-DIO with rank 437
966379381	ID:32	RPL: Sending a multicast-DIO with rank 597
967721787	ID:33	RPL: Sending a multicast-DIO with rank 653
970384014	ID:36	RPL: Sending a multicast-DIO with rank 548
970452803	ID:35	RPL: Sending a multicast-DIO with rank 437
971379381	ID:32	RPL: Sending a multicast-DIO with rank 597
972721780	ID:33	RPL: Sending a multicast-DIO with rank 653
975384014	ID:36	RPL: Sending a multicast-DIO with rank 548
975452803	ID:35	RPL: Sending a multicast-DIO with rank 437
976379381	ID:32	RPL: Sending a multicast-DIO with rank 597
977721780	ID:33	RPL: Sending a multicast-DIO with rank 653
980384014	ID:36	RPL: Sending a multicast-DIO with rank 548
980452803	ID:35	RPL: Sending a multicast-DIO with rank 437
981379381	ID:32	RPL: Sending a multicast-DIO with rank 597
982721780	ID:33	RPL: Sending a multicast-DIO with rank 653
983749684	ID:34	RPL: Sending a DIS to fe80::c30c:0:0:6
985384014	ID:36	RPL: Sending a multicast-DIO with rank 548
985452803	ID:35	RPL: Sending a multicast-DIO with rank 437
986379381	ID:32	RPL: Sending a multicast-DIO with rank 597
987721780	ID:33	RPL: Sending a multicast-DIO with rank 653
990384014	ID:36	RPL: Sending a multicast-DIO with rank 548
990452803	ID:35	RPL: Sending a multicast-DIO with rank 437
991379381	ID:32	RPL: Sending a multicast-DIO with rank 597
992721780	ID:33	RPL: Sending a multicast-DIO with rank 653
995384014	ID:36	RPL: Sending a multicast-DIO with rank 548
995452803	ID:35	RPL: Sending a multicast-DIO with rank 437
996379381	ID:32	RPL: Sending a multicast-DIO with rank 597
997721780	ID:33	RPL: Sending a multicast-DIO with rank 653
1000384014	ID:36	RPL: Sending a multicast-DIO with rank 548
1000452803	ID:35	RPL: Sending a multicast-DIO with rank 437
1001379381	ID:32	RPL: Sending a multicast-DIO with rank 597
1002721780	ID:33	RPL: Sending a multicast-DIO with rank 653
1005384014	ID:36	RPL: Sending a multicast-DIO with rank 548
1005452803	ID:35	RPL: Sending a multicast-DIO with rank 437
1006379381	ID:32	RPL: Sending a multicast-DIO with rank 597
1007721780	ID:33	RPL: Sending a multicast-DIO with rank 653
1010384014	ID:36	RPL: Sending a multicast-DIO with rank 548
1010452803	ID:35	RPL: Sending a multicast-DIO with rank 437
1011379381	ID:32	RPL: Sending a multicast-DIO with rank 597
1012721780	ID:33	RPL: Sending a multicast-DIO with rank 653
1015384014	ID:36	RPL: Sending a multicast-DIO with rank 548
1015452803	ID:35	RPL: Sending a multicast-DIO with rank 437
1016379381	ID:32	RPL: Sending a multicast-DIO with rank 597
1017721780	ID:33	RPL: Sending a multicast-DIO with rank 653
1020384014	ID:36	RPL: Sending a multicast-DIO with rank 548
1020452803	ID:35	RPL: Sending a multicast-DIO with rank 437
1021379381	ID:32	RPL: Sending a multicast-DIO with rank 597
1022721779	ID:33	RPL: Sending a multicast-DIO with rank 653
1025384015	ID:36	RPL: Sending a multicast-DIO with rank 548
1025452803	ID:35	RPL: Sending a multicast-DIO with rank 437
1026379382	ID:32	RPL: Sending a multicast-DIO with rank 597
1027721781	ID:33	RPL: Sending a multicast-DIO with rank 653
1030384015	ID:36	RPL: Sending a multicast-DIO with rank 548
1030452804	ID:35	RPL: Sending a multicast-DIO with rank 437
1031379382	ID:32	RPL: Sending a multicast-DIO with rank 597
1032721781	ID:33	RPL: Sending a multicast-DIO with rank 653
1035384015	ID:36	RPL: Sending a multicast-DIO with rank 548
1035452804	ID:35	RPL: Sending a multicast-DIO with rank 437
1036379382	ID:32	RPL: Sending a multicast-DIO with rank 597
1037721780	ID:33	RPL: Sending a multicast-DIO with rank 653
1040384015	ID:36	RPL: Sending a multicast-DIO with rank 548
1040452804	ID:35	RPL: Sending a multicast-DIO with rank 437
1041379382	ID:32	RPL: Sending a multicast-DIO with rank 597
1042721781	ID:33	RPL: Sending a multicast-DIO with rank 653
1043749684	ID:34	RPL: Sending a DIS to fe80::c30c:0:0:6
1045384015	ID:36	RPL: Sending a multicast-DIO with rank 548
1045452804	ID:35	RPL: Sending a multicast-DIO with rank 437
1046379382	ID:32	RPL: Sending a multicast-DIO with rank 597
1047721781	ID:33	RPL: Sending a multicast-DIO with rank 653
1050384015	ID:36	RPL: Sending a multicast-DIO with rank 548
1050452804	ID:35	RPL: Sending a multicast-DIO with rank 437
1051379382	ID:32	RPL: Sending a multicast-DIO with rank 597
1052721780	ID:33	RPL: Sending a multicast-DIO with rank 653
1055384015	ID:36	RPL: Sending a multicast-DIO with rank 548
1055452804	ID:35	RPL: Sending a multicast-DIO with rank 437
1056379382	ID:32	RPL: Sending a multicast-DIO with rank 597
1057721781	ID:33	RPL: Sending a multicast-DIO with rank 653
1060384015	ID:36	RPL: Sending a multicast-DIO with rank 548
1060452804	ID:35	RPL: Sending a multicast-DIO with rank 437
1061379382	ID:32	RPL: Sending a multicast-DIO with rank 597
1062721781	ID:33	RPL: Sending a multicast-DIO with rank 653
1065384015	ID:36	RPL: Sending a multicast-DIO with rank 548
1065452804	ID:35	RPL: Sending a multicast-DIO with rank 437
1066379382	ID:32	RPL: Sending a multicast-DIO with rank 597
1067721780	ID:33	RPL: Sending a multicast-DIO with rank 653
1070384015	ID:36	RPL: Sending a multicast-DIO with rank 548
1070452804	ID:35	RPL: Sending a multicast-DIO with rank 437
1071379382	ID:32	RPL: Sending a multicast-DIO with rank 597
1072721781	ID:33	RPL: Sending a multicast-DIO with rank 653
1075384015	ID:36	RPL: Sending a multicast-DIO with rank 548
1075452804	ID:35	RPL: Sending a multicast-DIO with rank 437
1076379382	ID:32	RPL: Sending a multicast-DIO with rank 597
1077721781	ID:33	RPL: Sending a multicast-DIO with rank 653
1080384015	ID:36	RPL: Sending a multicast-DIO with rank 548
1080452804	ID:35	RPL: Sending a multicast-DIO with rank 437
1081379382	ID:32	RPL: Sending a multicast-DIO with rank 597
1082721780	ID:33	RPL: Sending a multicast-DIO with rank 653
1085384015	ID:36	RPL: Sending a multicast-DIO with rank 548
1085452804	ID:35	RPL: Sending a multicast-DIO with rank 437
1086379382	ID:32	RPL: Sending a multicast-DIO with rank 597
1087721781	ID:33	RPL: Sending a multicast-DIO with rank 653
1090384015	ID:36	RPL: Sending a multicast-DIO with rank 548
1090452804	ID:35	RPL: Sending a multicast-DIO with rank 437
1091379382	ID:32	RPL: Sending a multicast-DIO with rank 597
1092721781	ID:33	RPL: Sending a multicast-DIO with rank 653
1095384015	ID:36	RPL: Sending a multicast-DIO with rank 548
1095452804	ID:35	RPL: Sending a multicast-DIO with rank 437
1096379382	ID:32	RPL: Sending a multicast-DIO with rank 597
1097721780	ID:33	RPL: Sending a multicast-DIO with rank 653
1100384015	ID:36	RPL: Sending a multicast-DIO with rank 548
1100452804	ID:35	RPL: Sending a multicast-DIO with rank 437
1101379382	ID:32	RPL: Sending a multicast-DIO with rank 597
1102721781	ID:33	RPL: Sending a multicast-DIO with rank 653
1103749684	ID:34	RPL: Sending a DIS to fe80::c30c:0:0:6
1105384015	ID:36	RPL: Sending a multicast-DIO with rank 548
1105452804	ID:35	RPL: Sending a multicast-DIO with rank 437
1106379382	ID:32	RPL: Sending a multicast-DIO with rank 597
1107721781	ID:33	RPL: Sending a multicast-DIO with rank 653
1110384015	ID:36	RPL: Sending a multicast-DIO with rank 548
1110452804	ID:35	RPL: Sending a multicast-DIO with rank 437
1111379382	ID:32	RPL: Sending a multicast-DIO with rank 597
1112721780	ID:33	RPL: Sending a multicast-DIO with rank 653
1115384015	ID:36	RPL: Sending a multicast-DIO with rank 548
1115452804	ID:35	RPL: Sending a multicast-DIO with rank 437
1116379382	ID:32	RPL: Sending a multicast-DIO with rank 597
1117721781	ID:33	RPL: Sending a multicast-DIO with rank 653
1120384015	ID:36	RPL: Sending a multicast-DIO with rank 548
1120452804	ID:35	RPL: Sending a multicast-DIO with rank 437
1121379382	ID:32	RPL: Sending a multicast-DIO with rank 597
1122721781	ID:33	RPL: Sending a multicast-DIO with rank 653
1125384015	ID:36	RPL: Sending a multicast-DIO with rank 548
1125452804	ID:35	RPL: Sending a multicast-DIO with rank 437
1126379382	ID:32	RPL: Sending a multicast-DIO with rank 597
1127721780	ID:33	RPL: Sending a multicast-DIO with rank 653
1130384015	ID:36	RPL: Sending a multicast-DIO with rank 548
1130452804	ID:35	RPL: Sending a multicast-DIO with rank 437
1131379382	ID:32	RPL: Sending a multicast-DIO with rank 597
1132721781	ID:33	RPL: Sending a multicast-DIO with rank 653
1135384015	ID:36	RPL: Sending a multicast-DIO with rank 548
1135452804	ID:35	RPL: Sending a multicast-DIO with rank 437
1136379382	ID:32	RPL: Sending a multicast-DIO with rank 597
1137721781	ID:33	RPL: Sending a multicast-DIO with rank 653
1140384015	ID:36	RPL: Sending a multicast-DIO with rank 548
1140452804	ID:35	RPL: Sending a multicast-DIO with rank 437
1141379382	ID:32	RPL: Sending a multicast-DIO with rank 597
1142721780	ID:33	RPL: Sending a multicast-DIO with rank 653
1145384015	ID:36	RPL: Sending a multicast-DIO with rank 548
1145452804	ID:35	RPL: Sending a multicast-DIO with rank 437
1146379382	ID:32	RPL: Sending a multicast-DIO with rank 597
1147721781	ID:33	RPL: Sending a multicast-DIO with rank 653
1150384022	ID:36	RPL: Sending a multicast-DIO with rank 548
1150452804	ID:35	RPL: Sending a multicast-DIO with rank 437
1151379382	ID:32	RPL: Sending a multicast-DIO with rank 597
1152721781	ID:33	RPL: Sending a multicast-DIO with rank 653
1155384015	ID:36	RPL: Sending a multicast-DIO with rank 548
1155452804	ID:35	RPL: Sending a multicast-DIO with rank 437
1156379382	ID:32	RPL: Sending a multicast-DIO with rank 597
1157721780	ID:33	RPL: Sending a multicast-DIO with rank 653
1160384015	ID:36	RPL: Sending a multicast-DIO with rank 548
1160452804	ID:35	RPL: Sending a multicast-DIO with rank 437
1161379382	ID:32	RPL: Sending a multicast-DIO with rank 597
1162721781	ID:33	RPL: Sending a multicast-DIO with rank 653
1163749684	ID:34	RPL: Sending a DIS to fe80::c30c:0:0:6
1165384015	ID:36	RPL: Sending a multicast-DIO with rank 548
1165452804	ID:35	RPL: Sending a multicast-DIO with rank 437
1166379382	ID:32	RPL: Sending a multicast-DIO with rank 597
1167721781	ID:33	RPL: Sending a multicast-DIO with rank 653
1170384015	ID:36	RPL: Sending a multicast-DIO with rank 548
1170452804	ID:35	RPL: Sending a multicast-DIO with rank 437
1171379382	ID:32	RPL: Sending a multicast-DIO with rank 597
1172721780	ID:33	RPL: Sending a multicast-DIO with rank 653
1175384015	ID:36	RPL: Sending a multicast-DIO with rank 548
1175452804	ID:35	RPL: Sending a multicast-DIO with rank 437
1176379382	ID:32	RPL: Sending a multicast-DIO with rank 597
1177721781	ID:33	RPL: Sending a multicast-DIO with rank 653
1180384015	ID:36	RPL: Sending a multicast-DIO with rank 548
1180452804	ID:35	RPL: Sending a multicast-DIO with rank 437
1181379382	ID:32	RPL: Sending a multicast-DIO with rank 597
1182721781	ID:33	RPL: Sending a multicast-DIO with rank 653
1185384015	ID:36	RPL: Sending a multicast-DIO with rank 548
1185452804	ID:35	RPL: Sending a multicast-DIO with rank 437
1186379382	ID:32	RPL: Sending a multicast-DIO with rank 597
1187721780	ID:33	RPL: Sending a multicast-DIO with rank 653
1190384015	ID:36	RPL: Sending a multicast-DIO with rank 548
1190452804	ID:35	RPL: Sending a multicast-DIO with rank 437
1191379382	ID:32	RPL: Sending a multicast-DIO with rank 597
1192721781	ID:33	RPL: Sending a multicast-DIO with rank 653
1195384015	ID:36	RPL: Sending a multicast-DIO with rank 548
1195452804	ID:35	RPL: Sending a multicast-DIO with rank 437
1196379382	ID:32	RPL: Sending a multicast-DIO with rank 597
1197721781	ID:33	RPL: Sending a multicast-DIO with rank 653
1200384015	ID:36	RPL: Sending a multicast-DIO with rank 548
1200452804	ID:35	RPL: Sending a multicast-DIO with rank 437
1201379382	ID:32	RPL: Sending a multicast-DIO with rank 597
1202721785	ID:33	RPL: Sending a multicast-DIO with rank 653
1205384020	ID:36	RPL: Sending a multicast-DIO with rank 548
1205452809	ID:35	RPL: Sending a multicast-DIO with rank 437
1206379387	ID:32	RPL: Sending a multicast-DIO with rank 597
1207721779	ID:33	RPL: Sending a multicast-DIO with rank 653
1210384014	ID:36	RPL: Sending a multicast-DIO with rank 548
1210452803	ID:35	RPL: Sending a multicast-DIO with rank 437
1211379381	ID:32	RPL: Sending a multicast-DIO with rank 597
1212721779	ID:33	RPL: Sending a multicast-DIO with rank 653
1215384014	ID:36	RPL: Sending a multicast-DIO with rank 548
1215452803	ID:35	RPL: Sending a multicast-DIO with rank 437
1216379381	ID:32	RPL: Sending a multicast-DIO with rank 597
1217721779	ID:33	RPL: Sending a multicast-DIO with rank 653
1220384014	ID:36	RPL: Sending a multicast-DIO with rank 548
1220452803	ID:35	RPL: Sending a multicast-DIO with rank 437
1221379381	ID:32	RPL: Sending a multicast-DIO with rank 597
1222721779	ID:33	RPL: Sending a multicast-DIO with rank 653
1223749683	ID:34	RPL: Sending a DIS to fe80::c30c:0:0:6
1225384014	ID:36	RPL: Sending a multicast-DIO with rank 548
1225452803	ID:35	RPL: Sending a multicast-DIO with rank 437
1226379381	ID:32	RPL: Sending a multicast-DIO with rank 597
1227721779	ID:33	RPL: Sending a multicast-DIO with rank 653
1230384014	ID:36	RPL: Sending a multicast-DIO with rank 548
1230452803	ID:35	RPL: Sending a multicast-DIO with rank 437
1231379381	ID:32	RPL: Sending a multicast-DIO with rank 597
1232721779	ID:33	RPL: Sending a multicast-DIO with rank 653
1235384014	ID:36	RPL: Sending a multicast-DIO with rank 548
1235452803	ID:35	RPL: Sending a multicast-DIO with rank 437
1236379388	ID:32	RPL: Sending a multicast-DIO with rank 597
1237721779	ID:33	RPL: Sending a multicast-DIO with rank 653
1240384014	ID:36	RPL: Sending a multicast-DIO with rank 548
1240452803	ID:35	RPL: Sending a multicast-DIO with rank 437
1241379381	ID:32	RPL: Sending a multicast-DIO with rank 597
1242721779	ID:33	RPL: Sending a multicast-DIO with rank 653
1245384014	ID:36	RPL: Sending a multicast-DIO with rank 548
1245452803	ID:35	RPL: Sending a multicast-DIO with rank 437
1246379381	ID:32	RPL: Sending a multicast-DIO with rank 597
1247721779	ID:33	RPL: Sending a multicast-DIO with rank 653
1250384014	ID:36	RPL: Sending a multicast-DIO with rank 548
1250452803	ID:35	RPL: Sending a multicast-DIO with rank 437
1251379381	ID:32	RPL: Sending a multicast-DIO with rank 597
1252721779	ID:33	RPL: Sending a multicast-DIO with rank 653
1255384014	ID:36	RPL: Sending a multicast-DIO with rank 548
1255452803	ID:35	RPL: Sending a multicast-DIO with rank 437
1256379381	ID:32	RPL: Sending a multicast-DIO with rank 597
1257721779	ID:33	RPL: Sending a multicast-DIO with rank 653
1260384014	ID:36	RPL: Sending a multicast-DIO with rank 548
1260452803	ID:35	RPL: Sending a multicast-DIO with rank 437
1261379381	ID:32	RPL: Sending a multicast-DIO with rank 597
1262721779	ID:33	RPL: Sending a multicast-DIO with rank 653
1265384014	ID:36	RPL: Sending a multicast-DIO with rank 548
1265452803	ID:35	RPL: Sending a multicast-DIO with rank 437
1266379381	ID:32	RPL: Sending a multicast-DIO with rank 597
1267721779	ID:33	RPL: Sending a multicast-DIO with rank 653
1270384014	ID:36	RPL: Sending a multicast-DIO with rank 548
1270452803	ID:35	RPL: Sending a multicast-DIO with rank 437
1271379381	ID:32	RPL: Sending a multicast-DIO with rank 597
1272721779	ID:33	RPL: Sending a multicast-DIO with rank 653
1275384014	ID:36	RPL: Sending a multicast-DIO with rank 548
1275452803	ID:35	RPL: Sending a multicast-DIO with rank 437
1276379381	ID:32	RPL: Sending a multicast-DIO with rank 597
1277721779	ID:33	RPL: Sending a multicast-DIO with rank 653
1280384014	ID:36	RPL: Sending a multicast-DIO with rank 548
1280452803	ID:35	RPL: Sending a multicast-DIO with rank 437
1281379381	ID:32	RPL: Sending a multicast-DIO with rank 597
1282721779	ID:33	RPL: Sending a multicast-DIO with rank 653
1283749683	ID:34	RPL: Sending a DIS to fe80::c30c:0:0:6
1285384014	ID:36	RPL: Sending a multicast-DIO with rank 548
1285452803	ID:35	RPL: Sending a multicast-DIO with rank 437
1286379381	ID:32	RPL: Sending a multicast-DIO with rank 597
1287721779	ID:33	RPL: Sending a multicast-DIO with rank 653
1290384014	ID:36	RPL: Sending a multicast-DIO with rank 548
1290452803	ID:35	RPL: Sending a multicast-DIO with rank 437
1291379381	ID:32	RPL: Sending a multicast-DIO with rank 597
1292721779	ID:33	RPL: Sending a multicast-DIO with rank 653
1295384014	ID:36	RPL: Sending a multicast-DIO with rank 548
1295452803	ID:35	RPL: Sending a multicast-DIO with rank 437
1296379381	ID:32	RPL: Sending a multicast-DIO with rank 597
1297721779	ID:33	RPL: Sending a multicast-DIO with rank 653
1300384014	ID:36	RPL: Sending a multicast-DIO with rank 548
1300452803	ID:35	RPL: Sending a multicast-DIO with rank 437
1301379381	ID:32	RPL: Sending a multicast-DIO with rank 597
1302721786	ID:33	RPL: Sending a multicast-DIO with rank 653
1305384014	ID:36	RPL: Sending a multicast-DIO with rank 548
1305452803	ID:35	RPL: Sending a multicast-DIO with rank 437
1306379381	ID:32	RPL: Sending a multicast-DIO with rank 597
1307721779	ID:33	RPL: Sending a multicast-DIO with rank 653
1310384014	ID:36	RPL: Sending a multicast-DIO with rank 548
1310452803	ID:35	RPL: Sending a multicast-DIO with rank 437
1311379381	ID:32	RPL: Sending a multicast-DIO with rank 597
1312721779	ID:33	RPL: Sending a multicast-DIO with rank 653
1315384014	ID:36	RPL: Sending a multicast-DIO with rank 548
1315452803	ID:35	RPL: Sending a multicast-DIO with rank 437
1316379381	ID:32	RPL: Sending a multicast-DIO with rank 597
1317721779	ID:33	RPL: Sending a multicast-DIO with rank 653
1320384014	ID:36	RPL: Sending a multicast-DIO with rank 548
1320452803	ID:35	RPL: Sending a multicast-DIO with rank 437
1321379381	ID:32	RPL: Sending a multicast-DIO with rank 597
1322721779	ID:33	RPL: Sending a multicast-DIO with rank 653
1325384014	ID:36	RPL: Sending a multicast-DIO with rank 548
1325452803	ID:35	RPL: Sending a multicast-DIO with rank 437
1326379381	ID:32	RPL: Sending a multicast-DIO with rank 597
1327721779	ID:33	RPL: Sending a multicast-DIO with rank 653
1330384014	ID:36	RPL: Sending a multicast-DIO with rank 548
1330452803	ID:35	RPL: Sending a multicast-DIO with rank 437
1331379381	ID:32	RPL: Sending a multicast-DIO with rank 597
1332721779	ID:33	RPL: Sending a multicast-DIO with rank 653
1335384014	ID:36	RPL: Sending a multicast-DIO with rank 548
1335452803	ID:35	RPL: Sending a multicast-DIO with rank 437
1336379381	ID:32	RPL: Sending a multicast-DIO with rank 597
1337721779	ID:33	RPL: Sending a multicast-DIO with rank 653
1340384014	ID:36	RPL: Sending a multicast-DIO with rank 548
1340452803	ID:35	RPL: Sending a multicast-DIO with rank 437
1341379381	ID:32	RPL: Sending a multicast-DIO with rank 597
1342721779	ID:33	RPL: Sending a multicast-DIO with rank 653
1343750251	ID:34	RPL: Sending a DIS to fe80::c30c:0:0:6
1345384014	ID:36	RPL: Sending a multicast-DIO with rank 548
1345452803	ID:35	RPL: Sending a multicast-DIO with rank 437
1346379381	ID:32	RPL: Sending a multicast-DIO with rank 597
1347721779	ID:33	RPL: Sending a multicast-DIO with rank 653
1350384014	ID:36	RPL: Sending a multicast-DIO with rank 548
1350452803	ID:35	RPL: Sending a multicast-DIO with rank 437
1351379381	ID:32	RPL: Sending a multicast-DIO with rank 597
1352721779	ID:33	RPL: Sending a multicast-DIO with rank 653
1355384014	ID:36	RPL: Sending a multicast-DIO with rank 548
1355452803	ID:35	RPL: Sending a multicast-DIO with rank 437
1356379381	ID:32	RPL: Sending a multicast-DIO with rank 597
1357721779	ID:33	RPL: Sending a multicast-DIO with rank 653
1360384014	ID:36	RPL: Sending a multicast-DIO with rank 548
1360452803	ID:35	RPL: Sending a multicast-DIO with rank 437
1361379381	ID:32	RPL: Sending a multicast-DIO with rank 597
1362721779	ID:33	RPL: Sending a multicast-DIO with rank 653
1365384014	ID:36	RPL: Sending a multicast-DIO with rank 548
1365452810	ID:35	RPL: Sending a multicast-DIO with rank 437
1366379381	ID:32	RPL: Sending a multicast-DIO with rank 597
1367721779	ID:33	RPL: Sending a multicast-DIO with rank 653
1370384014	ID:36	RPL: Sending a multicast-DIO with rank 548
1370452803	ID:35	RPL: Sending a multicast-DIO with rank 437
1371379381	ID:32	RPL: Sending a multicast-DIO with rank 597
1372721779	ID:33	RPL: Sending a multicast-DIO with rank 653
1375384014	ID:36	RPL: Sending a multicast-DIO with rank 548
1375452803	ID:35	RPL: Sending a multicast-DIO with rank 437
1376379381	ID:32	RPL: Sending a multicast-DIO with rank 597
1377721779	ID:33	RPL: Sending a multicast-DIO with rank 653
1380384014	ID:36	RPL: Sending a multicast-DIO with rank 548
1380452803	ID:35	RPL: Sending a multicast-DIO with rank 437
1381379381	ID:32	RPL: Sending a multicast-DIO with rank 597
1382721779	ID:33	RPL: Sending a multicast-DIO with rank 653
1385384014	ID:36	RPL: Sending a multicast-DIO with rank 548
1385452803	ID:35	RPL: Sending a multicast-DIO with rank 437
1386379381	ID:32	RPL: Sending a multicast-DIO with rank 597
1387721779	ID:33	RPL: Sending a multicast-DIO with rank 653
1390384014	ID:36	RPL: Sending a multicast-DIO with rank 548
1390452803	ID:35	RPL: Sending a multicast-DIO with rank 437
1391379381	ID:32	RPL: Sending a multicast-DIO with rank 597
1392721779	ID:33	RPL: Sending a multicast-DIO with rank 653
1395384014	ID:36	RPL: Sending a multicast-DIO with rank 548
1395452803	ID:35	RPL: Sending a multicast-DIO with rank 437
1396379381	ID:32	RPL: Sending a multicast-DIO with rank 597
1397721779	ID:33	RPL: Sending a multicast-DIO with rank 653
1400384014	ID:36	RPL: Sending a multicast-DIO with rank 548
1400452803	ID:35	RPL: Sending a multicast-DIO with rank 437
1401379381	ID:32	RPL: Sending a multicast-DIO with rank 597
1402721779	ID:33	RPL: Sending a multicast-DIO with rank 653
1403749683	ID:34	RPL: Sending a DIS to fe80::c30c:0:0:6
1405384014	ID:36	RPL: Sending a multicast-DIO with rank 548
1405452803	ID:35	RPL: Sending a multicast-DIO with rank 437
1406379381	ID:32	RPL: Sending a multicast-DIO with rank 597
1407721779	ID:33	RPL: Sending a multicast-DIO with rank 653
1410384014	ID:36	RPL: Sending a multicast-DIO with rank 548
1410452803	ID:35	RPL: Sending a multicast-DIO with rank 437
1411379381	ID:32	RPL: Sending a multicast-DIO with rank 597
1412721779	ID:33	RPL: Sending a multicast-DIO with rank 653
1415384014	ID:36	RPL: Sending a multicast-DIO with rank 548
1415452803	ID:35	RPL: Sending a multicast-DIO with rank 437
1416379381	ID:32	RPL: Sending a multicast-DIO with rank 597
1417721779	ID:33	RPL: Sending a multicast-DIO with rank 653
1420384014	ID:36	RPL: Sending a multicast-DIO with rank 548
1420452803	ID:35	RPL: Sending a multicast-DIO with rank 437
1421379381	ID:32	RPL: Sending a multicast-DIO with rank 597
1422721779	ID:33	RPL: Sending a multicast-DIO with rank 653
1425384014	ID:36	RPL: Sending a multicast-DIO with rank 548
1425452803	ID:35	RPL: Sending a multicast-DIO with rank 437
1426379381	ID:32	RPL: Sending a multicast-DIO with rank 597
1427721779	ID:33	RPL: Sending a multicast-DIO with rank 653
1430384014	ID:36	RPL: Sending a multicast-DIO with rank 548
1430452803	ID:35	RPL: Sending a multicast-DIO with rank 437
1431379381	ID:32	RPL: Sending a multicast-DIO with rank 597
1432721779	ID:33	RPL: Sending a multicast-DIO with rank 653
1435384014	ID:36	RPL: Sending a multicast-DIO with rank 548
1435452803	ID:35	RPL: Sending a multicast-DIO with rank 437
1436379381	ID:32	RPL: Sending a multicast-DIO with rank 597
1437721779	ID:33	RPL: Sending a multicast-DIO with rank 653
1440384014	ID:36	RPL: Sending a multicast-DIO with rank 548
1440452803	ID:35	RPL: Sending a multicast-DIO with rank 437
1441379381	ID:32	RPL: Sending a multicast-DIO with rank 597
1442721779	ID:33	RPL: Sending a multicast-DIO with rank 653
1445384014	ID:36	RPL: Sending a multicast-DIO with rank 548
1445452803	ID:35	RPL: Sending a multicast-DIO with rank 437
1446379381	ID:32	RPL: Sending a multicast-DIO with rank 597
1447721779	ID:33	RPL: Sending a multicast-DIO with rank 653
1450384014	ID:36	RPL: Sending a multicast-DIO with rank 548
1450452803	ID:35	RPL: Sending a multicast-DIO with rank 437
1451379381	ID:32	RPL: Sending a multicast-DIO with rank 597
1452721779	ID:33	RPL: Sending a multicast-DIO with rank 653
1455384014	ID:36	RPL: Sending a multicast-DIO with rank 548
1455452803	ID:35	RPL: Sending a multicast-DIO with rank 437
1456379381	ID:32	RPL: Sending a multicast-DIO with rank 597
1457721779	ID:33	RPL: Sending a multicast-DIO with rank 653
1460384014	ID:36	RPL: Sending a multicast-DIO with rank 548
1460452803	ID:35	RPL: Sending a multicast-DIO with rank 437
1461379381	ID:32	RPL: Sending a multicast-DIO with rank 597
1462721779	ID:33	RPL: Sending a multicast-DIO with rank 653
1463749683	ID:34	RPL: Sending a DIS to fe80::c30c:0:0:6
1465384014	ID:36	RPL: Sending a multicast-DIO with rank 548
1465452803	ID:35	RPL: Sending a multicast-DIO with rank 437
1466379381	ID:32	RPL: Sending a multicast-DIO with rank 597
1467721779	ID:33	RPL: Sending a multicast-DIO with rank 653
1470384014	ID:36	RPL: Sending a multicast-DIO with rank 548
1470452803	ID:35	RPL: Sending a multicast-DIO with rank 437
1471379381	ID:32	RPL: Sending a multicast-DIO with rank 597
1472721779	ID:33	RPL: Sending a multicast-DIO with rank 653
1475384014	ID:36	RPL: Sending a multicast-DIO with rank 548
1475452803	ID:35	RPL: Sending a multicast-DIO with rank 437
1476379381	ID:32	RPL: Sending a multicast-DIO with rank 597
1477721779	ID:33	RPL: Sending a multicast-DIO with rank 653
1480384014	ID:36	RPL: Sending a multicast-DIO with rank 548
1480452803	ID:35	RPL: Sending a multicast-DIO with rank 437
1481379381	ID:32	RPL: Sending a multicast-DIO with rank 597
1482721779	ID:33	RPL: Sending a multicast-DIO with rank 653
1485384014	ID:36	RPL: Sending a multicast-DIO with rank 548
1485452803	ID:35	RPL: Sending a multicast-DIO with rank 437
1486379381	ID:32	RPL: Sending a multicast-DIO with rank 597
1487721779	ID:33	RPL: Sending a multicast-DIO with rank 653
1490384014	ID:36	RPL: Sending a multicast-DIO with rank 548
1490452803	ID:35	RPL: Sending a multicast-DIO with rank 437
1491379381	ID:32	RPL: Sending a multicast-DIO with rank 597
1492721779	ID:33	RPL: Sending a multicast-DIO with rank 653
1495384014	ID:36	RPL: Sending a multicast-DIO with rank 548
1495452803	ID:35	RPL: Sending a multicast-DIO with rank 437
1496379381	ID:32	RPL: Sending a multicast-DIO with rank 597
1497721779	ID:33	RPL: Sending a multicast-DIO with rank 653
1500384014	ID:36	RPL: Sending a multicast-DIO with rank 548
1500452803	ID:35	RPL: Sending a multicast-DIO with rank 437
1501379381	ID:32	RPL: Sending a multicast-DIO with rank 597
1502721779	ID:33	RPL: Sending a multicast-DIO with rank 653
1505384021	ID:36	RPL: Sending a multicast-DIO with rank 548
1505452803	ID:35	RPL: Sending a multicast-DIO with rank 437
1506379381	ID:32	RPL: Sending a multicast-DIO with rank 597
1507721779	ID:33	RPL: Sending a multicast-DIO with rank 653
1510384014	ID:36	RPL: Sending a multicast-DIO with rank 548
1510452803	ID:35	RPL: Sending a multicast-DIO with rank 437
1511379381	ID:32	RPL: Sending a multicast-DIO with rank 597
1512721779	ID:33	RPL: Sending a multicast-DIO with rank 653
1515384014	ID:36	RPL: Sending a multicast-DIO with rank 548
1515452803	ID:35	RPL: Sending a multicast-DIO with rank 437
1516379381	ID:32	RPL: Sending a multicast-DIO with rank 597
1517721779	ID:33	RPL: Sending a multicast-DIO with rank 653
1520384014	ID:36	RPL: Sending a multicast-DIO with rank 548
1520452803	ID:35	RPL: Sending a multicast-DIO with rank 437
1521379381	ID:32	RPL: Sending a multicast-DIO with rank 597
1522721779	ID:33	RPL: Sending a multicast-DIO with rank 653
1523749683	ID:34	RPL: Sending a DIS to fe80::c30c:0:0:6
1525384014	ID:36	RPL: Sending a multicast-DIO with rank 548
1525452803	ID:35	RPL: Sending a multicast-DIO with rank 437
1526379381	ID:32	RPL: Sending a multicast-DIO with rank 597
1527721779	ID:33	RPL: Sending a multicast-DIO with rank 653
1530384014	ID:36	RPL: Sending a multicast-DIO with rank 548
1530452803	ID:35	RPL: Sending a multicast-DIO with rank 437
1531379381	ID:32	RPL: Sending a multicast-DIO with rank 597
1532721779	ID:33	RPL: Sending a multicast-DIO with rank 653
1535384014	ID:36	RPL: Sending a multicast-DIO with rank 548
1535452803	ID:35	RPL: Sending a multicast-DIO with rank 437
1536379381	ID:32	RPL: Sending a multicast-DIO with rank 597
1537721779	ID:33	RPL: Sending a multicast-DIO with rank 653
1540384014	ID:36	RPL: Sending a multicast-DIO with rank 548
1540452803	ID:35	RPL: Sending a multicast-DIO with rank 437
1541379381	ID:32	RPL: Sending a multicast-DIO with rank 597
1542721779	ID:33	RPL: Sending a multicast-DIO with rank 653
1545384014	ID:36	RPL: Sending a multicast-DIO with rank 548
1545452803	ID:35	RPL: Sending a multicast-DIO with rank 437
1546379381	ID:32	RPL: Sending a multicast-DIO with rank 597
1547721779	ID:33	RPL: Sending a multicast-DIO with rank 653
1550384014	ID:36	RPL: Sending a multicast-DIO with rank 548
1550452803	ID:35	RPL: Sending a multicast-DIO with rank 437
1551379381	ID:32	RPL: Sending a multicast-DIO with rank 597
1552721779	ID:33	RPL: Sending a multicast-DIO with rank 653
1555384014	ID:36	RPL: Sending a multicast-DIO with rank 548
1555452803	ID:35	RPL: Sending a multicast-DIO with rank 437
1556379381	ID:32	RPL: Sending a multicast-DIO with rank 597
1557721779	ID:33	RPL: Sending a multicast-DIO with rank 653
1560384014	ID:36	RPL: Sending a multicast-DIO with rank 548
1560452803	ID:35	RPL: Sending a multicast-DIO with rank 437
1561379381	ID:32	RPL: Sending a multicast-DIO with rank 597
1562721779	ID:33	RPL: Sending a multicast-DIO with rank 653
1565384014	ID:36	RPL: Sending a multicast-DIO with rank 548
1565452803	ID:35	RPL: Sending a multicast-DIO with rank 437
1566379381	ID:32	RPL: Sending a multicast-DIO with rank 597
1567721779	ID:33	RPL: Sending a multicast-DIO with rank 653
1570384014	ID:36	RPL: Sending a multicast-DIO with rank 548
1570452803	ID:35	RPL: Sending a multicast-DIO with rank 437
1571379381	ID:32	RPL: Sending a multicast-DIO with rank 597
1572721779	ID:33	RPL: Sending a multicast-DIO with rank 653
1575384014	ID:36	RPL: Sending a multicast-DIO with rank 548
1575452803	ID:35	RPL: Sending a multicast-DIO with rank 437
1576379381	ID:32	RPL: Sending a multicast-DIO with rank 597
1577721779	ID:33	RPL: Sending a multicast-DIO with rank 653
1580384014	ID:36	RPL: Sending a multicast-DIO with rank 548
1580452803	ID:35	RPL: Sending a multicast-DIO with rank 437
1581379381	ID:32	RPL: Sending a multicast-DIO with rank 597
1582721779	ID:33	RPL: Sending a multicast-DIO with rank 653
1583749683	ID:34	RPL: Sending a DIS to fe80::c30c:0:0:6
1585384014	ID:36	RPL: Sending a multicast-DIO with rank 548
1585452803	ID:35	RPL: Sending a multicast-DIO with rank 437
1586379388	ID:32	RPL: Sending a multicast-DIO with rank 597
1587721779	ID:33	RPL: Sending a multicast-DIO with rank 653
1590384014	ID:36	RPL: Sending a multicast-DIO with rank 548
1590452803	ID:35	RPL: Sending a multicast-DIO with rank 437
1591379381	ID:32	RPL: Sending a multicast-DIO with rank 597
1592721779	ID:33	RPL: Sending a multicast-DIO with rank 653
1595384014	ID:36	RPL: Sending a multicast-DIO with rank 548
1595452803	ID:35	RPL: Sending a multicast-DIO with rank 437
1596379381	ID:32	RPL: Sending a multicast-DIO with rank 597
1597721779	ID:33	RPL: Sending a multicast-DIO with rank 653
1600384014	ID:36	RPL: Sending a multicast-DIO with rank 548
1600452803	ID:35	RPL: Sending a multicast-DIO with rank 437
1601379381	ID:32	RPL: Sending a multicast-DIO with rank 597
1602721779	ID:33	RPL: Sending a multicast-DIO with rank 653
1605384014	ID:36	RPL: Sending a multicast-DIO with rank 548
1605452803	ID:35	RPL: Sending a multicast-DIO with rank 437
1606379381	ID:32	RPL: Sending a multicast-DIO with rank 597
1607721779	ID:33	RPL: Sending a multicast-DIO with rank 653
1610384014	ID:36	RPL: Sending a multicast-DIO with rank 548
1610452803	ID:35	RPL: Sending a multicast-DIO with rank 437
1611379381	ID:32	RPL: Sending a multicast-DIO with rank 597
1612721779	ID:33	RPL: Sending a multicast-DIO with rank 653
1615384014	ID:36	RPL: Sending a multicast-DIO with rank 548
1615452803	ID:35	RPL: Sending a multicast-DIO with rank 437
1616379381	ID:32	RPL: Sending a multicast-DIO with rank 597
1617721779	ID:33	RPL: Sending a multicast-DIO with rank 653
1620384014	ID:36	RPL: Sending a multicast-DIO with rank 548
1620452803	ID:35	RPL: Sending a multicast-DIO with rank 437
1621379381	ID:32	RPL: Sending a multicast-DIO with rank 597
1622721779	ID:33	RPL: Sending a multicast-DIO with rank 653
1625384014	ID:36	RPL: Sending a multicast-DIO with rank 548
1625452803	ID:35	RPL: Sending a multicast-DIO with rank 437
1626379381	ID:32	RPL: Sending a multicast-DIO with rank 597
1627721779	ID:33	RPL: Sending a multicast-DIO with rank 653
1630384014	ID:36	RPL: Sending a multicast-DIO with rank 548
1630452803	ID:35	RPL: Sending a multicast-DIO with rank 437
1631379381	ID:32	RPL: Sending a multicast-DIO with rank 597
1632721779	ID:33	RPL: Sending a multicast-DIO with rank 653
1635384014	ID:36	RPL: Sending a multicast-DIO with rank 548
1635452803	ID:35	RPL: Sending a multicast-DIO with rank 437
1636379381	ID:32	RPL: Sending a multicast-DIO with rank 597
1637721779	ID:33	RPL: Sending a multicast-DIO with rank 653
1640384014	ID:36	RPL: Sending a multicast-DIO with rank 548
1640452803	ID:35	RPL: Sending a multicast-DIO with rank 437
1641379381	ID:32	RPL: Sending a multicast-DIO with rank 597
1642721779	ID:33	RPL: Sending a multicast-DIO with rank 653
1643749683	ID:34	RPL: Sending a DIS to fe80::c30c:0:0:6
1645384014	ID:36	RPL: Sending a multicast-DIO with rank 548
1645452803	ID:35	RPL: Sending a multicast-DIO with rank 437
1646379381	ID:32	RPL: Sending a multicast-DIO with rank 597
1647721779	ID:33	RPL: Sending a multicast-DIO with rank 653
1650384014	ID:36	RPL: Sending a multicast-DIO with rank 548
1650452803	ID:35	RPL: Sending a multicast-DIO with rank 437
1651379381	ID:32	RPL: Sending a multicast-DIO with rank 597
1652721779	ID:33	RPL: Sending a multicast-DIO with rank 653
1655384014	ID:36	RPL: Sending a multicast-DIO with rank 548
1655452803	ID:35	RPL: Sending a multicast-DIO with rank 437
1656379381	ID:32	RPL: Sending a multicast-DIO with rank 597
1657721779	ID:33	RPL: Sending a multicast-DIO with rank 653
1660384014	ID:36	RPL: Sending a multicast-DIO with rank 548
1660452803	ID:35	RPL: Sending a multicast-DIO with rank 437
1661379381	ID:32	RPL: Sending a multicast-DIO with rank 597
1662721779	ID:33	RPL: Sending a multicast-DIO with rank 653
1665384014	ID:36	RPL: Sending a multicast-DIO with rank 548
1665452803	ID:35	RPL: Sending a multicast-DIO with rank 437
1666379381	ID:32	RPL: Sending a multicast-DIO with rank 597
1667721779	ID:33	RPL: Sending a multicast-DIO with rank 653
1670384014	ID:36	RPL: Sending a multicast-DIO with rank 548
1670452803	ID:35	RPL: Sending a multicast-DIO with rank 437
1671379381	ID:32	RPL: Sending a multicast-DIO with rank 597
1672721779	ID:33	RPL: Sending a multicast-DIO with rank 653
1675384014	ID:36	RPL: Sending a multicast-DIO with rank 548
1675452803	ID:35	RPL: Sending a multicast-DIO with rank 437
1676379381	ID:32	RPL: Sending a multicast-DIO with rank 597
1677721779	ID:33	RPL: Sending a multicast-DIO with rank 653
1680384014	ID:36	RPL: Sending a multicast-DIO with rank 548
1680452803	ID:35	RPL: Sending a multicast-DIO with rank 437
1681379381	ID:32	RPL: Sending a multicast-DIO with rank 597
1682721779	ID:33	RPL: Sending a multicast-DIO with rank 653
1685384014	ID:36	RPL: Sending a multicast-DIO with rank 548
1685452803	ID:35	RPL: Sending a multicast-DIO with rank 437
1686379381	ID:32	RPL: Sending a multicast-DIO with rank 597
1687721779	ID:33	RPL: Sending a multicast-DIO with rank 653
1690384014	ID:36	RPL: Sending a multicast-DIO with rank 548
1690452803	ID:35	RPL: Sending a multicast-DIO with rank 437
1691379381	ID:32	RPL: Sending a multicast-DIO with rank 597
1692721779	ID:33	RPL: Sending a multicast-DIO with rank 653
1695384014	ID:36	RPL: Sending a multicast-DIO with rank 548
1695452803	ID:35	RPL: Sending a multicast-DIO with rank 437
1696379381	ID:32	RPL: Sending a multicast-DIO with rank 597
1697721779	ID:33	RPL: Sending a multicast-DIO with rank 653
1700384014	ID:36	RPL: Sending a multicast-DIO with rank 548
1700452803	ID:35	RPL: Sending a multicast-DIO with rank 437
1701379381	ID:32	RPL: Sending a multicast-DIO with rank 597
1702721779	ID:33	RPL: Sending a multicast-DIO with rank 653
1703749683	ID:34	RPL: Sending a DIS to fe80::c30c:0:0:6
1705384014	ID:36	RPL: Sending a multicast-DIO with rank 548
1705452803	ID:35	RPL: Sending a multicast-DIO with rank 437
1706379381	ID:32	RPL: Sending a multicast-DIO with rank 597
1707721779	ID:33	RPL: Sending a multicast-DIO with rank 653
1710384014	ID:36	RPL: Sending a multicast-DIO with rank 548
1710452803	ID:35	RPL: Sending a multicast-DIO with rank 437
1711379381	ID:32	RPL: Sending a multicast-DIO with rank 597
1712721779	ID:33	RPL: Sending a multicast-DIO with rank 653
1715384014	ID:36	RPL: Sending a multicast-DIO with rank 548
1715452803	ID:35	RPL: Sending a multicast-DIO with rank 437
1716379381	ID:32	RPL: Sending a multicast-DIO with rank 597
1717721779	ID:33	RPL: Sending a multicast-DIO with rank 653
1720384014	ID:36	RPL: Sending a multicast-DIO with rank 548
1720452803	ID:35	RPL: Sending a multicast-DIO with rank 437
1721379381	ID:32	RPL: Sending a multicast-DIO with rank 597
1722721779	ID:33	RPL: Sending a multicast-DIO with rank 653
1725384014	ID:36	RPL: Sending a multicast-DIO with rank 548
1725452803	ID:35	RPL: Sending a multicast-DIO with rank 437
1726379381	ID:32	RPL: Sending a multicast-DIO with rank 597
1727721779	ID:33	RPL: Sending a multicast-DIO with rank 653
1730384014	ID:36	RPL: Sending a multicast-DIO with rank 548
1730452803	ID:35	RPL: Sending a multicast-DIO with rank 437
1731379381	ID:32	RPL: Sending a multicast-DIO with rank 597
1732721779	ID:33	RPL: Sending a multicast-DIO with rank 653
1735384014	ID:36	RPL: Sending a multicast-DIO with rank 548
1735452803	ID:35	RPL: Sending a multicast-DIO with rank 437
1736379381	ID:32	RPL: Sending a multicast-DIO with rank 597
1737721779	ID:33	RPL: Sending a multicast-DIO with rank 653
1740384014	ID:36	RPL: Sending a multicast-DIO with rank 548
1740452803	ID:35	RPL: Sending a multicast-DIO with rank 437
1741379381	ID:32	RPL: Sending a multicast-DIO with rank 597
1742721779	ID:33	RPL: Sending a multicast-DIO with rank 653
1745384014	ID:36	RPL: Sending a multicast-DIO with rank 548
1745452803	ID:35	RPL: Sending a multicast-DIO with rank 437
1746379381	ID:32	RPL: Sending a multicast-DIO with rank 597
1747721779	ID:33	RPL: Sending a multicast-DIO with rank 653
1750384014	ID:36	RPL: Sending a multicast-DIO with rank 548
1750452810	ID:35	RPL: Sending a multicast-DIO with rank 437
1751379381	ID:32	RPL: Sending a multicast-DIO with rank 597
1752721786	ID:33	RPL: Sending a multicast-DIO with rank 653
1755384014	ID:36	RPL: Sending a multicast-DIO with rank 548
1755452803	ID:35	RPL: Sending a multicast-DIO with rank 437
1756379381	ID:32	RPL: Sending a multicast-DIO with rank 597
1757721779	ID:33	RPL: Sending a multicast-DIO with rank 653
1760384014	ID:36	RPL: Sending a multicast-DIO with rank 548
1760452803	ID:35	RPL: Sending a multicast-DIO with rank 437
1761379381	ID:32	RPL: Sending a multicast-DIO with rank 597
1762721779	ID:33	RPL: Sending a multicast-DIO with rank 653
1763749683	ID:34	RPL: Sending a DIS to fe80::c30c:0:0:6
1765384014	ID:36	RPL: Sending a multicast-DIO with rank 548
1765452803	ID:35	RPL: Sending a multicast-DIO with rank 437
1766379381	ID:32	RPL: Sending a multicast-DIO with rank 597
1767721779	ID:33	RPL: Sending a multicast-DIO with rank 653
1770384014	ID:36	RPL: Sending a multicast-DIO with rank 548
1770452803	ID:35	RPL: Sending a multicast-DIO with rank 437
1771379381	ID:32	RPL: Sending a multicast-DIO with rank 597
1772721779	ID:33	RPL: Sending a multicast-DIO with rank 653
1775384014	ID:36	RPL: Sending a multicast-DIO with rank 548
1775452803	ID:35	RPL: Sending a multicast-DIO with rank 437
1776379381	ID:32	RPL: Sending a multicast-DIO with rank 597
1777721779	ID:33	RPL: Sending a multicast-DIO with rank 653
1780384014	ID:36	RPL: Sending a multicast-DIO with rank 548
1780452803	ID:35	RPL: Sending a multicast-DIO with rank 437
1781379381	ID:32	RPL: Sending a multicast-DIO with rank 597
1782721779	ID:33	RPL: Sending a multicast-DIO with rank 653
1785384014	ID:36	RPL: Sending a multicast-DIO with rank 548
1785452803	ID:35	RPL: Sending a multicast-DIO with rank 437
1786379381	ID:32	RPL: Sending a multicast-DIO with rank 597
1787721779	ID:33	RPL: Sending a multicast-DIO with rank 653
1790384014	ID:36	RPL: Sending a multicast-DIO with rank 548
1790452803	ID:35	RPL: Sending a multicast-DIO with rank 437
1791379381	ID:32	RPL: Sending a multicast-DIO with rank 597
1792721779	ID:33	RPL: Sending a multicast-DIO with rank 653
1795384014	ID:36	RPL: Sending a multicast-DIO with rank 548
1795452803	ID:35	RPL: Sending a multicast-DIO with rank 437
1796379381	ID:32	RPL: Sending a multicast-DIO with rank 597
1797721779	ID:33	RPL: Sending a multicast-DIO with rank 653
