30128306	ID:34	RPL: Sending a DIS to fe80::c30c:0:0:6
30365879	ID:33	RPL: Sending a DIS to fe80::c30c:0:0:2
30948159	ID:36	RPL: Sending a DIS to fe80::c30c:0:0:8
30999550	ID:32	RPL: Sending a DIS to fe80::c30c:0:0:3
31091325	ID:35	RPL: Sending a DIS to fe80::c30c:0:0:7
31780263	ID:33	RPL: Received a DIO from fe80::c30c:0:0:2
31784034	ID:33	RPL: Incoming DIO (id, ver, rank) = (30,240,639)
31788536	ID:33	RPL: Incoming DIO (dag_id, pref) = (fd00::ff:fe00:1, 0)
31790761	ID:33	RPL: DIO option 4, length: 14
31796670	ID:33	RPL: DAG conf:dbl=8, min=12 red=6 maxinc=896 mininc=128 ocp=1 d_l=10 l_u=60
31798896	ID:33	RPL: DIO option 8, length: 30
31801165	ID:33	RPL: Copying prefix information
31808639	ID:33	RPL: Neighbor added to neighbor cache fe80::c30c:0:0:2, c1:0c:00:00:00:00:00:02
35415572	ID:32	RPL: Received a DIO from fe80::c30c:0:0:3
35419347	ID:32	RPL: Incoming DIO (id, ver, rank) = (30,240,592)
35423884	ID:32	RPL: Incoming DIO (dag_id, pref) = (fd00::ff:fe00:1, 0)
35426110	ID:32	RPL: DIO option 4, length: 14
35432056	ID:32	RPL: DAG conf:dbl=8, min=12 red=6 maxinc=896 mininc=128 ocp=1 d_l=10 l_u=60
35434282	ID:32	RPL: DIO option 8, length: 30
35436551	ID:32	RPL: Copying prefix information
35445887	ID:32	RPL: Neighbor added to neighbor cache fe80::c30c:0:0:3, c1:0c:00:00:00:00:00:03
36814736	ID:33	RPL: Sending a multicast-DIO with rank 639
36862265	ID:36	RPL: Received a DIO from fe80::c30c:0:0:8
36866035	ID:36	RPL: Incoming DIO (id, ver, rank) = (30,240,602)
36870534	ID:36	RPL: Incoming DIO (dag_id, pref) = (fd00::ff:fe00:1, 0)
36872775	ID:36	RPL: DIO option 4, length: 14
36878683	ID:36	RPL: DAG conf:dbl=8, min=12 red=6 maxinc=896 mininc=128 ocp=1 d_l=10 l_u=60
36880949	ID:36	RPL: DIO option 8, length: 30
36883218	ID:36	RPL: Copying prefix information
36893351	ID:36	RPL: Neighbor added to neighbor cache fe80::c30c:0:0:8, c1:0c:00:00:00:00:00:08
37910399	ID:34	RPL: Received a DIO from fe80::c30c:0:0:6
37914170	ID:34	RPL: Incoming DIO (id, ver, rank) = (30,240,592)
37918706	ID:34	RPL: Incoming DIO (dag_id, pref) = (fd00::ff:fe00:1, 0)
37920932	ID:34	RPL: DIO option 4, length: 14
37926840	ID:34	RPL: DAG conf:dbl=8, min=12 red=6 maxinc=896 mininc=128 ocp=1 d_l=10 l_u=60
37929066	ID:34	RPL: DIO option 8, length: 30
37931335	ID:34	RPL: Copying prefix information
37942214	ID:34	RPL: Neighbor added to neighbor cache fe80::c30c:0:0:6, c1:0c:00:00:00:00:00:06
40451280	ID:32	RPL: Sending a multicast-DIO with rank 592
41814714	ID:33	RPL: Sending a multicast-DIO with rank 639
41899889	ID:36	RPL: Sending a multicast-DIO with rank 602
42952844	ID:34	RPL: Sending a multicast-DIO with rank 592
45451259	ID:32	RPL: Sending a multicast-DIO with rank 592
46814715	ID:33	RPL: Sending a multicast-DIO with rank 639
46899867	ID:36	RPL: Sending a multicast-DIO with rank 602
47952823	ID:34	RPL: Sending a multicast-DIO with rank 592
50451259	ID:32	RPL: Sending a multicast-DIO with rank 592
51814715	ID:33	RPL: Sending a multicast-DIO with rank 639
51899867	ID:36	RPL: Sending a multicast-DIO with rank 602
52952823	ID:34	RPL: Sending a multicast-DIO with rank 592
55451259	ID:32	RPL: Sending a multicast-DIO with rank 592
56814715	ID:33	RPL: Sending a multicast-DIO with rank 639
56899868	ID:36	RPL: Sending a multicast-DIO with rank 602
57952823	ID:34	RPL: Sending a multicast-DIO with rank 592
60451259	ID:32	RPL: Sending a multicast-DIO with rank 592
61814715	ID:33	RPL: Sending a multicast-DIO with rank 639
61899868	ID:36	RPL: Sending a multicast-DIO with rank 602
62874601	ID:35	RPL: Sending a DIS to fe80::c30c:0:0:7
62952823	ID:34	RPL: Sending a multicast-DIO with rank 592
65451259	ID:32	RPL: Sending a multicast-DIO with rank 592
66814714	ID:33	RPL: Sending a multicast-DIO with rank 639
66899867	ID:36	RPL: Sending a multicast-DIO with rank 602
67952822	ID:34	RPL: Sending a multicast-DIO with rank 592
70451259	ID:32	RPL: Sending a multicast-DIO with rank 592
71814714	ID:33	RPL: Sending a multicast-DIO with rank 639
71899867	ID:36	RPL: Sending a multicast-DIO with rank 602
72952823	ID:34	RPL: Sending a multicast-DIO with rank 592
75451259	ID:32	RPL: Sending a multicast-DIO with rank 592
76814714	ID:33	RPL: Sending a multicast-DIO with rank 639
76899867	ID:36	RPL: Sending a multicast-DIO with rank 602
77952823	ID:34	RPL: Sending a multicast-DIO with rank 592
80451259	ID:32	RPL: Sending a multicast-DIO with rank 592
81814714	ID:33	RPL: Sending a multicast-DIO with rank 639
81899867	ID:36	RPL: Sending a multicast-DIO with rank 602
82952822	ID:34	RPL: Sending a multicast-DIO with rank 592
85451259	ID:32	RPL: Sending a multicast-DIO with rank 592
86814714	ID:33	RPL: Sending a multicast-DIO with rank 639
86899867	ID:36	RPL: Sending a multicast-DIO with rank 602
87952823	ID:34	RPL: Sending a multicast-DIO with rank 592
90451259	ID:32	RPL: Sending a multicast-DIO with rank 592
91814702	ID:33	RPL: Sending a multicast-DIO with rank 639
91899855	ID:36	RPL: Sending a multicast-DIO with rank 602
92952810	ID:34	RPL: Sending a multicast-DIO with rank 592
95451246	ID:32	RPL: Sending a multicast-DIO with rank 592
96814702	ID:33	RPL: Sending a multicast-DIO with rank 639
96899855	ID:36	RPL: Sending a multicast-DIO with rank 602
97952810	ID:34	RPL: Sending a multicast-DIO with rank 592
100451246	ID:32	RPL: Sending a multicast-DIO with rank 592
101814702	ID:33	RPL: Sending a multicast-DIO with rank 639
101899855	ID:36	RPL: Sending a multicast-DIO with rank 602
102952810	ID:34	RPL: Sending a multicast-DIO with rank 592
105451246	ID:32	RPL: Sending a multicast-DIO with rank 592
106814702	ID:33	RPL: Sending a multicast-DIO with rank 639
106899855	ID:36	RPL: Sending a multicast-DIO with rank 602
107952810	ID:34	RPL: Sending a multicast-DIO with rank 592
110451246	ID:32	RPL: Sending a multicast-DIO with rank 592
111814702	ID:33	RPL: Sending a multicast-DIO with rank 639
111899855	ID:36	RPL: Sending a multicast-DIO with rank 602
112952810	ID:34	RPL: Sending a multicast-DIO with rank 592
115451246	ID:32	RPL: Sending a multicast-DIO with rank 592
116814702	ID:33	RPL: Sending a multicast-DIO with rank 639
116899855	ID:36	RPL: Sending a multicast-DIO with rank 602
117952810	ID:34	RPL: Sending a multicast-DIO with rank 592
120451246	ID:32	RPL: Sending a multicast-DIO with rank 592
121814702	ID:33	RPL: Sending a multicast-DIO with rank 639
121899855	ID:36	RPL: Sending a multicast-DIO with rank 602
122874710	ID:35	RPL: Sending a DIS to fe80::c30c:0:0:7
122952810	ID:34	RPL: Sending a multicast-DIO with rank 592
125451246	ID:32	RPL: Sending a multicast-DIO with rank 592
126814702	ID:33	RPL: Sending a multicast-DIO with rank 639
126899855	ID:36	RPL: Sending a multicast-DIO with rank 602
127952810	ID:34	RPL: Sending a multicast-DIO with rank 592
130451246	ID:32	RPL: Sending a multicast-DIO with rank 592
131814702	ID:33	RPL: Sending a multicast-DIO with rank 639
131899855	ID:36	RPL: Sending a multicast-DIO with rank 602
132952810	ID:34	RPL: Sending a multicast-DIO with rank 592
135451246	ID:32	RPL: Sending a multicast-DIO with rank 592
136814702	ID:33	RPL: Sending a multicast-DIO with rank 639
136899855	ID:36	RPL: Sending a multicast-DIO with rank 602
137952810	ID:34	RPL: Sending a multicast-DIO with rank 592
140451246	ID:32	RPL: Sending a multicast-DIO with rank 592
141814702	ID:33	RPL: Sending a multicast-DIO with rank 639
141899855	ID:36	RPL: Sending a multicast-DIO with rank 602
142952810	ID:34	RPL: Sending a multicast-DIO with rank 592
145451246	ID:32	RPL: Sending a multicast-DIO with rank 592
146814702	ID:33	RPL: Sending a multicast-DIO with rank 639
146899855	ID:36	RPL: Sending a multicast-DIO with rank 602
147952810	ID:34	RPL: Sending a multicast-DIO with rank 592
150451246	ID:32	RPL: Sending a multicast-DIO with rank 592
151814702	ID:33	RPL: Sending a multicast-DIO with rank 639
151899855	ID:36	RPL: Sending a multicast-DIO with rank 602
152952810	ID:34	RPL: Sending a multicast-DIO with rank 592
155451246	ID:32	RPL: Sending a multicast-DIO with rank 592
156814702	ID:33	RPL: Sending a multicast-DIO with rank 639
156899855	ID:36	RPL: Sending a multicast-DIO with rank 602
157952810	ID:34	RPL: Sending a multicast-DIO with rank 592
160451246	ID:32	RPL: Sending a multicast-DIO with rank 592
161814702	ID:33	RPL: Sending a multicast-DIO with rank 639
161899855	ID:36	RPL: Sending a multicast-DIO with rank 602
162952810	ID:34	RPL: Sending a multicast-DIO with rank 592
165451246	ID:32	RPL: Sending a multicast-DIO with rank 592
166814702	ID:33	RPL: Sending a multicast-DIO with rank 639
166899855	ID:36	RPL: Sending a multicast-DIO with rank 602
167952810	ID:34	RPL: Sending a multicast-DIO with rank 592
170451246	ID:32	RPL: Sending a multicast-DIO with rank 592
171814702	ID:33	RPL: Sending a multicast-DIO with rank 639
171899855	ID:36	RPL: Sending a multicast-DIO with rank 602
172952810	ID:34	RPL: Sending a multicast-DIO with rank 592
175451246	ID:32	RPL: Sending a multicast-DIO with rank 592
176814702	ID:33	RPL: Sending a multicast-DIO with rank 639
176899855	ID:36	RPL: Sending a multicast-DIO with rank 602
177952810	ID:34	RPL: Sending a multicast-DIO with rank 592
180451246	ID:32	RPL: Sending a multicast-DIO with rank 592
181814702	ID:33	RPL: Sending a multicast-DIO with rank 639
181899855	ID:36	RPL: Sending a multicast-DIO with rank 602
182874143	ID:35	RPL: Sending a DIS to fe80::c30c:0:0:7
182952810	ID:34	RPL: Sending a multicast-DIO with rank 592
185451246	ID:32	RPL: Sending a multicast-DIO with rank 592
186814702	ID:33	RPL: Sending a multicast-DIO with rank 639
186899855	ID:36	RPL: Sending a multicast-DIO with rank 602
187952810	ID:34	RPL: Sending a multicast-DIO with rank 592
190451246	ID:32	RPL: Sending a multicast-DIO with rank 592
191814702	ID:33	RPL: Sending a multicast-DIO with rank 639
191899855	ID:36	RPL: Sending a multicast-DIO with rank 602
192952810	ID:34	RPL: Sending a multicast-DIO with rank 592
195451246	ID:32	RPL: Sending a multicast-DIO with rank 592
196814702	ID:33	RPL: Sending a multicast-DIO with rank 639
196899855	ID:36	RPL: Sending a multicast-DIO with rank 602
197952810	ID:34	RPL: Sending a multicast-DIO with rank 592
200451246	ID:32	RPL: Sending a multicast-DIO with rank 592
201814702	ID:33	RPL: Sending a multicast-DIO with rank 639
201899855	ID:36	RPL: Sending a multicast-DIO with rank 602
202952810	ID:34	RPL: Sending a multicast-DIO with rank 592
205451246	ID:32	RPL: Sending a multicast-DIO with rank 592
206814702	ID:33	RPL: Sending a multicast-DIO with rank 639
206899855	ID:36	RPL: Sending a multicast-DIO with rank 602
207952810	ID:34	RPL: Sending a multicast-DIO with rank 592
210451246	ID:32	RPL: Sending a multicast-DIO with rank 592
211814702	ID:33	RPL: Sending a multicast-DIO with rank 639
211899855	ID:36	RPL: Sending a multicast-DIO with rank 602
212952810	ID:34	RPL: Sending a multicast-DIO with rank 592
215451246	ID:32	RPL: Sending a multicast-DIO with rank 592
216814702	ID:33	RPL: Sending a multicast-DIO with rank 639
216899855	ID:36	RPL: Sending a multicast-DIO with rank 602
217952810	ID:34	RPL: Sending a multicast-DIO with rank 592
220451246	ID:32	RPL: Sending a multicast-DIO with rank 592
221814702	ID:33	RPL: Sending a multicast-DIO with rank 639
221899855	ID:36	RPL: Sending a multicast-DIO with rank 602
222952810	ID:34	RPL: Sending a multicast-DIO with rank 592
225451246	ID:32	RPL: Sending a multicast-DIO with rank 592
226814702	ID:33	RPL: Sending a multicast-DIO with rank 639
226899855	ID:36	RPL: Sending a multicast-DIO with rank 602
227952810	ID:34	RPL: Sending a multicast-DIO with rank 592
230451246	ID:32	RPL: Sending a multicast-DIO with rank 592
231814702	ID:33	RPL: Sending a multicast-DIO with rank 639
231899855	ID:36	RPL: Sending a multicast-DIO with rank 602
232952810	ID:34	RPL: Sending a multicast-DIO with rank 592
235451246	ID:32	RPL: Sending a multicast-DIO with rank 592
236814702	ID:33	RPL: Sending a multicast-DIO with rank 639
236899855	ID:36	RPL: Sending a multicast-DIO with rank 602
237952810	ID:34	RPL: Sending a multicast-DIO with rank 592
240451246	ID:32	RPL: Sending a multicast-DIO with rank 592
241814702	ID:33	RPL: Sending a multicast-DIO with rank 639
241899855	ID:36	RPL: Sending a multicast-DIO with rank 602
242874143	ID:35	RPL: Sending a DIS to fe80::c30c:0:0:7
242952810	ID:34	RPL: Sending a multicast-DIO with rank 592
245451246	ID:32	RPL: Sending a multicast-DIO with rank 592
246814702	ID:33	RPL: Sending a multicast-DIO with rank 639
246899855	ID:36	RPL: Sending a multicast-DIO with rank 602
247952810	ID:34	RPL: Sending a multicast-DIO with rank 592
250451246	ID:32	RPL: Sending a multicast-DIO with rank 592
251814702	ID:33	RPL: Sending a multicast-DIO with rank 639
251899855	ID:36	RPL: Sending a multicast-DIO with rank 602
252952810	ID:34	RPL: Sending a multicast-DIO with rank 592
255451246	ID:32	RPL: Sending a multicast-DIO with rank 592
256814702	ID:33	RPL: Sending a multicast-DIO with rank 639
256899855	ID:36	RPL: Sending a multicast-DIO with rank 602
257952810	ID:34	RPL: Sending a multicast-DIO with rank 592
260451246	ID:32	RPL: Sending a multicast-DIO with rank 592
261814702	ID:33	RPL: Sending a multicast-DIO with rank 639
261899855	ID:36	RPL: Sending a multicast-DIO with rank 602
262952810	ID:34	RPL: Sending a multicast-DIO with rank 592
265451246	ID:32	RPL: Sending a multicast-DIO with rank 592
266814702	ID:33	RPL: Sending a multicast-DIO with rank 639
266899855	ID:36	RPL: Sending a multicast-DIO with rank 602
267952810	ID:34	RPL: Sending a multicast-DIO with rank 592
270451246	ID:32	RPL: Sending a multicast-DIO with rank 592
271814702	ID:33	RPL: Sending a multicast-DIO with rank 639
271899855	ID:36	RPL: Sending a multicast-DIO with rank 602
272952810	ID:34	RPL: Sending a multicast-DIO with rank 592
275451246	ID:32	RPL: Sending a multicast-DIO with rank 592
276814702	ID:33	RPL: Sending a multicast-DIO with rank 639
276899855	ID:36	RPL: Sending a multicast-DIO with rank 602
277952810	ID:34	RPL: Sending a multicast-DIO with rank 592
280451246	ID:32	RPL: Sending a multicast-DIO with rank 592
281814702	ID:33	RPL: Sending a multicast-DIO with rank 639
281899855	ID:36	RPL: Sending a multicast-DIO with rank 602
282952810	ID:34	RPL: Sending a multicast-DIO with rank 592
285451246	ID:32	RPL: Sending a multicast-DIO with rank 592
286814702	ID:33	RPL: Sending a multicast-DIO with rank 639
286899855	ID:36	RPL: Sending a multicast-DIO with rank 602
287952810	ID:34	RPL: Sending a multicast-DIO with rank 592
290451246	ID:32	RPL: Sending a multicast-DIO with rank 592
291814702	ID:33	RPL: Sending a multicast-DIO with rank 639
291899855	ID:36	RPL: Sending a multicast-DIO with rank 602
292952810	ID:34	RPL: Sending a multicast-DIO with rank 592
295451246	ID:32	RPL: Sending a multicast-DIO with rank 592
296814702	ID:33	RPL: Sending a multicast-DIO with rank 639
296899855	ID:36	RPL: Sending a multicast-DIO with rank 602
297952810	ID:34	RPL: Sending a multicast-DIO with rank 592
300451246	ID:32	RPL: Sending a multicast-DIO with rank 592
301814702	ID:33	RPL: Sending a multicast-DIO with rank 639
301899855	ID:36	RPL: Sending a multicast-DIO with rank 602
302874143	ID:35	RPL: Sending a DIS to fe80::c30c:0:0:7
302952810	ID:34	RPL: Sending a multicast-DIO with rank 592
305451246	ID:32	RPL: Sending a multicast-DIO with rank 592
306814702	ID:33	RPL: Sending a multicast-DIO with rank 639
306899855	ID:36	RPL: Sending a multicast-DIO with rank 602
307952810	ID:34	RPL: Sending a multicast-DIO with rank 592
310451246	ID:32	RPL: Sending a multicast-DIO with rank 592
311814702	ID:33	RPL: Sending a multicast-DIO with rank 639
311899855	ID:36	RPL: Sending a multicast-DIO with rank 602
312952810	ID:34	RPL: Sending a multicast-DIO with rank 592
315451246	ID:32	RPL: Sending a multicast-DIO with rank 592
316814702	ID:33	RPL: Sending a multicast-DIO with rank 639
316899855	ID:36	RPL: Sending a multicast-DIO with rank 602
317952810	ID:34	RPL: Sending a multicast-DIO with rank 592
320451246	ID:32	RPL: Sending a multicast-DIO with rank 592
321814702	ID:33	RPL: Sending a multicast-DIO with rank 639
321899855	ID:36	RPL: Sending a multicast-DIO with rank 602
322952810	ID:34	RPL: Sending a multicast-DIO with rank 592
325451246	ID:32	RPL: Sending a multicast-DIO with rank 592
326814702	ID:33	RPL: Sending a multicast-DIO with rank 639
326899855	ID:36	RPL: Sending a multicast-DIO with rank 602
327952810	ID:34	RPL: Sending a multicast-DIO with rank 592
330451246	ID:32	RPL: Sending a multicast-DIO with rank 592
331814702	ID:33	RPL: Sending a multicast-DIO with rank 639
331899855	ID:36	RPL: Sending a multicast-DIO with rank 602
332952810	ID:34	RPL: Sending a multicast-DIO with rank 592
335451246	ID:32	RPL: Sending a multicast-DIO with rank 592
336814702	ID:33	RPL: Sending a multicast-DIO with rank 639
336899855	ID:36	RPL: Sending a multicast-DIO with rank 602
337952810	ID:34	RPL: Sending a multicast-DIO with rank 592
340451246	ID:32	RPL: Sending a multicast-DIO with rank 592
341814702	ID:33	RPL: Sending a multicast-DIO with rank 639
341899855	ID:36	RPL: Sending a multicast-DIO with rank 602
342952810	ID:34	RPL: Sending a multicast-DIO with rank 592
345451246	ID:32	RPL: Sending a multicast-DIO with rank 592
346814708	ID:33	RPL: Sending a multicast-DIO with rank 639
346899855	ID:36	RPL: Sending a multicast-DIO with rank 602
347952810	ID:34	RPL: Sending a multicast-DIO with rank 592
350451246	ID:32	RPL: Sending a multicast-DIO with rank 592
351814702	ID:33	RPL: Sending a multicast-DIO with rank 639
351899855	ID:36	RPL: Sending a multicast-DIO with rank 602
352952810	ID:34	RPL: Sending a multicast-DIO with rank 592
355451253	ID:32	RPL: Sending a multicast-DIO with rank 592
356814702	ID:33	RPL: Sending a multicast-DIO with rank 639
356899855	ID:36	RPL: Sending a multicast-DIO with rank 602
357952810	ID:34	RPL: Sending a multicast-DIO with rank 592
360451246	ID:32	RPL: Sending a multicast-DIO with rank 592
361814702	ID:33	RPL: Sending a multicast-DIO with rank 639
361899855	ID:36	RPL: Sending a multicast-DIO with rank 602
362874143	ID:35	RPL: Sending a DIS to fe80::c30c:0:0:7
362952810	ID:34	RPL: Sending a multicast-DIO with rank 592
365451246	ID:32	RPL: Sending a multicast-DIO with rank 592
366814702	ID:33	RPL: Sending a multicast-DIO with rank 639
366899855	ID:36	RPL: Sending a multicast-DIO with rank 602
367952810	ID:34	RPL: Sending a multicast-DIO with rank 592
370451246	ID:32	RPL: Sending a multicast-DIO with rank 592
371814702	ID:33	RPL: Sending a multicast-DIO with rank 639
371899855	ID:36	RPL: Sending a multicast-DIO with rank 602
372952810	ID:34	RPL: Sending a multicast-DIO with rank 592
375451246	ID:32	RPL: Sending a multicast-DIO with rank 592
376814702	ID:33	RPL: Sending a multicast-DIO with rank 639
376899855	ID:36	RPL: Sending a multicast-DIO with rank 602
377952810	ID:34	RPL: Sending a multicast-DIO with rank 592
380451246	ID:32	RPL: Sending a multicast-DIO with rank 592
381814702	ID:33	RPL: Sending a multicast-DIO with rank 639
381899855	ID:36	RPL: Sending a multicast-DIO with rank 602
382952810	ID:34	RPL: Sending a multicast-DIO with rank 592
385451246	ID:32	RPL: Sending a multicast-DIO with rank 592
386814702	ID:33	RPL: Sending a multicast-DIO with rank 639
386899855	ID:36	RPL: Sending a multicast-DIO with rank 602
387952810	ID:34	RPL: Sending a multicast-DIO with rank 592
390451246	ID:32	RPL: Sending a multicast-DIO with rank 592
391814702	ID:33	RPL: Sending a multicast-DIO with rank 639
391899855	ID:36	RPL: Sending a multicast-DIO with rank 602
392952810	ID:34	RPL: Sending a multicast-DIO with rank 592
395451246	ID:32	RPL: Sending a multicast-DIO with rank 592
396814702	ID:33	RPL: Sending a multicast-DIO with rank 639
396899855	ID:36	RPL: Sending a multicast-DIO with rank 602
397952810	ID:34	RPL: Sending a multicast-DIO with rank 592
400451246	ID:32	RPL: Sending a multicast-DIO with rank 592
401814702	ID:33	RPL: Sending a multicast-DIO with rank 639
401899855	ID:36	RPL: Sending a multicast-DIO with rank 602
402952810	ID:34	RPL: Sending a multicast-DIO with rank 592
405451246	ID:32	RPL: Sending a multicast-DIO with rank 592
406814702	ID:33	RPL: Sending a multicast-DIO with rank 639
406899855	ID:36	RPL: Sending a multicast-DIO with rank 602
407952810	ID:34	RPL: Sending a multicast-DIO with rank 592
410451246	ID:32	RPL: Sending a multicast-DIO with rank 592
411814702	ID:33	RPL: Sending a multicast-DIO with rank 639
411899855	ID:36	RPL: Sending a multicast-DIO with rank 602
412952810	ID:34	RPL: Sending a multicast-DIO with rank 592
415451246	ID:32	RPL: Sending a multicast-DIO with rank 592
416814702	ID:33	RPL: Sending a multicast-DIO with rank 639
416899855	ID:36	RPL: Sending a multicast-DIO with rank 602
417952810	ID:34	RPL: Sending a multicast-DIO with rank 592
420451246	ID:32	RPL: Sending a multicast-DIO with rank 592
421814702	ID:33	RPL: Sending a multicast-DIO with rank 639
421899861	ID:36	RPL: Sending a multicast-DIO with rank 602
422874710	ID:35	RPL: Sending a DIS to fe80::c30c:0:0:7
422952810	ID:34	RPL: Sending a multicast-DIO with rank 592
425451246	ID:32	RPL: Sending a multicast-DIO with rank 592
426814702	ID:33	RPL: Sending a multicast-DIO with rank 639
426899855	ID:36	RPL: Sending a multicast-DIO with rank 602
427952810	ID:34	RPL: Sending a multicast-DIO with rank 592
430451246	ID:32	RPL: Sending a multicast-DIO with rank 592
431814702	ID:33	RPL: Sending a multicast-DIO with rank 639
431899855	ID:36	RPL: Sending a multicast-DIO with rank 602
432952817	ID:34	RPL: Sending a multicast-DIO with rank 592
435451246	ID:32	RPL: Sending a multicast-DIO with rank 592
436814702	ID:33	RPL: Sending a multicast-DIO with rank 639
436899855	ID:36	RPL: Sending a multicast-DIO with rank 602
437952810	ID:34	RPL: Sending a multicast-DIO with rank 592
440451246	ID:32	RPL: Sending a multicast-DIO with rank 592
441814702	ID:33	RPL: Sending a multicast-DIO with rank 639
441899855	ID:36	RPL: Sending a multicast-DIO with rank 602
442952810	ID:34	RPL: Sending a multicast-DIO with rank 592
445451246	ID:32	RPL: Sending a multicast-DIO with rank 592
446814702	ID:33	RPL: Sending a multicast-DIO with rank 639
446899855	ID:36	RPL: Sending a multicast-DIO with rank 602
447952810	ID:34	RPL: Sending a multicast-DIO with rank 592
450451246	ID:32	RPL: Sending a multicast-DIO with rank 592
451814702	ID:33	RPL: Sending a multicast-DIO with rank 639
451899855	ID:36	RPL: Sending a multicast-DIO with rank 602
452952810	ID:34	RPL: Sending a multicast-DIO with rank 592
455451246	ID:32	RPL: Sending a multicast-DIO with rank 592
456814702	ID:33	RPL: Sending a multicast-DIO with rank 639
456899855	ID:36	RPL: Sending a multicast-DIO with rank 602
457952810	ID:34	RPL: Sending a multicast-DIO with rank 592
460451246	ID:32	RPL: Sending a multicast-DIO with rank 592
461814702	ID:33	RPL: Sending a multicast-DIO with rank 639
461899855	ID:36	RPL: Sending a multicast-DIO with rank 602
462952810	ID:34	RPL: Sending a multicast-DIO with rank 592
465451246	ID:32	RPL: Sending a multicast-DIO with rank 592
466814702	ID:33	RPL: Sending a multicast-DIO with rank 639
466899855	ID:36	RPL: Sending a multicast-DIO with rank 602
467952810	ID:34	RPL: Sending a multicast-DIO with rank 592
470451246	ID:32	RPL: Sending a multicast-DIO with rank 592
471814702	ID:33	RPL: Sending a multicast-DIO with rank 639
471899855	ID:36	RPL: Sending a multicast-DIO with rank 602
472952810	ID:34	RPL: Sending a multicast-DIO with rank 592
475451246	ID:32	RPL: Sending a multicast-DIO with rank 592
476814702	ID:33	RPL: Sending a multicast-DIO with rank 639
476899855	ID:36	RPL: Sending a multicast-DIO with rank 602
477952810	ID:34	RPL: Sending a multicast-DIO with rank 592
480451246	ID:32	RPL: Sending a multicast-DIO with rank 592
481814702	ID:33	RPL: Sending a multicast-DIO with rank 639
481899855	ID:36	RPL: Sending a multicast-DIO with rank 602
482874143	ID:35	RPL: Sending a DIS to fe80::c30c:0:0:7
482952810	ID:34	RPL: Sending a multicast-DIO with rank 592
485451246	ID:32	RPL: Sending a multicast-DIO with rank 592
486814702	ID:33	RPL: Sending a multicast-DIO with rank 639
486899855	ID:36	RPL: Sending a multicast-DIO with rank 602
487952810	ID:34	RPL: Sending a multicast-DIO with rank 592
490451246	ID:32	RPL: Sending a multicast-DIO with rank 592
491814702	ID:33	RPL: Sending a multicast-DIO with rank 639
491899855	ID:36	RPL: Sending a multicast-DIO with rank 602
492952810	ID:34	RPL: Sending a multicast-DIO with rank 592
495451246	ID:32	RPL: Sending a multicast-DIO with rank 592
496814702	ID:33	RPL: Sending a multicast-DIO with rank 639
496899855	ID:36	RPL: Sending a multicast-DIO with rank 602
497952810	ID:34	RPL: Sending a multicast-DIO with rank 592
500451246	ID:32	RPL: Sending a multicast-DIO with rank 592
501814702	ID:33	RPL: Sending a multicast-DIO with rank 639
501899855	ID:36	RPL: Sending a multicast-DIO with rank 602
502952810	ID:34	RPL: Sending a multicast-DIO with rank 592
505451246	ID:32	RPL: Sending a multicast-DIO with rank 592
506814702	ID:33	RPL: Sending a multicast-DIO with rank 639
506899855	ID:36	RPL: Sending a multicast-DIO with rank 602
507952810	ID:34	RPL: Sending a multicast-DIO with rank 592
510451246	ID:32	RPL: Sending a multicast-DIO with rank 592
511814702	ID:33	RPL: Sending a multicast-DIO with rank 639
511899855	ID:36	RPL: Sending a multicast-DIO with rank 602
512952810	ID:34	RPL: Sending a multicast-DIO with rank 592
515451246	ID:32	RPL: Sending a multicast-DIO with rank 592
516814702	ID:33	RPL: Sending a multicast-DIO with rank 639
516899855	ID:36	RPL: Sending a multicast-DIO with rank 602
517952810	ID:34	RPL: Sending a multicast-DIO with rank 592
520451246	ID:32	RPL: Sending a multicast-DIO with rank 592
521814702	ID:33	RPL: Sending a multicast-DIO with rank 639
521899855	ID:36	RPL: Sending a multicast-DIO with rank 602
522952810	ID:34	RPL: Sending a multicast-DIO with rank 592
525451246	ID:32	RPL: Sending a multicast-DIO with rank 592
526814702	ID:33	RPL: Sending a multicast-DIO with rank 639
526899855	ID:36	RPL: Sending a multicast-DIO with rank 602
527952810	ID:34	RPL: Sending a multicast-DIO with rank 592
530451246	ID:32	RPL: Sending a multicast-DIO with rank 592
531814702	ID:33	RPL: Sending a multicast-DIO with rank 639
531899855	ID:36	RPL: Sending a multicast-DIO with rank 602
532952810	ID:34	RPL: Sending a multicast-DIO with rank 592
535451246	ID:32	RPL: Sending a multicast-DIO with rank 592
536814702	ID:33	RPL: Sending a multicast-DIO with rank 639
536899855	ID:36	RPL: Sending a multicast-DIO with rank 602
537952810	ID:34	RPL: Sending a multicast-DIO with rank 592
540451246	ID:32	RPL: Sending a multicast-DIO with rank 592
541814702	ID:33	RPL: Sending a multicast-DIO with rank 639
541899855	ID:36	RPL: Sending a multicast-DIO with rank 602
542874143	ID:35	RPL: Sending a DIS to fe80::c30c:0:0:7
542952810	ID:34	RPL: Sending a multicast-DIO with rank 592
545451246	ID:32	RPL: Sending a multicast-DIO with rank 592
546814702	ID:33	RPL: Sending a multicast-DIO with rank 639
546899855	ID:36	RPL: Sending a multicast-DIO with rank 602
547952810	ID:34	RPL: Sending a multicast-DIO with rank 592
550451246	ID:32	RPL: Sending a multicast-DIO with rank 592
551814702	ID:33	RPL: Sending a multicast-DIO with rank 639
551899855	ID:36	RPL: Sending a multicast-DIO with rank 602
552952810	ID:34	RPL: Sending a multicast-DIO with rank 592
555451246	ID:32	RPL: Sending a multicast-DIO with rank 592
556814702	ID:33	RPL: Sending a multicast-DIO with rank 639
556899855	ID:36	RPL: Sending a multicast-DIO with rank 602
557952810	ID:34	RPL: Sending a multicast-DIO with rank 592
560451246	ID:32	RPL: Sending a multicast-DIO with rank 592
561814702	ID:33	RPL: Sending a multicast-DIO with rank 639
561899855	ID:36	RPL: Sending a multicast-DIO with rank 602
562952810	ID:34	RPL: Sending a multicast-DIO with rank 592
565451246	ID:32	RPL: Sending a multicast-DIO with rank 592
566814702	ID:33	RPL: Sending a multicast-DIO with rank 639
566899855	ID:36	RPL: Sending a multicast-DIO with rank 602
567952810	ID:34	RPL: Sending a multicast-DIO with rank 592
570451246	ID:32	RPL: Sending a multicast-DIO with rank 592
571814702	ID:33	RPL: Sending a multicast-DIO with rank 639
571899855	ID:36	RPL: Sending a multicast-DIO with rank 602
572952810	ID:34	RPL: Sending a multicast-DIO with rank 592
575451246	ID:32	RPL: Sending a multicast-DIO with rank 592
576814702	ID:33	RPL: Sending a multicast-DIO with rank 639
576899855	ID:36	RPL: Sending a multicast-DIO with rank 602
577952810	ID:34	RPL: Sending a multicast-DIO with rank 592
580451246	ID:32	RPL: Sending a multicast-DIO with rank 592
581814702	ID:33	RPL: Sending a multicast-DIO with rank 639
581899855	ID:36	RPL: Sending a multicast-DIO with rank 602
582952810	ID:34	RPL: Sending a multicast-DIO with rank 592
585451246	ID:32	RPL: Sending a multicast-DIO with rank 592
586814702	ID:33	RPL: Sending a multicast-DIO with rank 639
586899855	ID:36	RPL: Sending a multicast-DIO with rank 602
587952810	ID:34	RPL: Sending a multicast-DIO with rank 592
590451246	ID:32	RPL: Sending a multicast-DIO with rank 592
591814702	ID:33	RPL: Sending a multicast-DIO with rank 639
591899855	ID:36	RPL: Sending a multicast-DIO with rank 602
592952810	ID:34	RPL: Sending a multicast-DIO with rank 592
595451246	ID:32	RPL: Sending a multicast-DIO with rank 592
596814702	ID:33	RPL: Sending a multicast-DIO with rank 639
596899855	ID:36	RPL: Sending a multicast-DIO with rank 602
597952810	ID:34	RPL: Sending a multicast-DIO with rank 592
600451246	ID:32	RPL: Sending a multicast-DIO with rank 592
601814702	ID:33	RPL: Sending a multicast-DIO with rank 639
601899855	ID:36	RPL: Sending a multicast-DIO with rank 602
602874143	ID:35	RPL: Sending a DIS to fe80::c30c:0:0:7
602952810	ID:34	RPL: Sending a multicast-DIO with rank 592
605451246	ID:32	RPL: Sending a multicast-DIO with rank 592
606814702	ID:33	RPL: Sending a multicast-DIO with rank 639
606899855	ID:36	RPL: Sending a multicast-DIO with rank 602
607952810	ID:34	RPL: Sending a multicast-DIO with rank 592
610451246	ID:32	RPL: Sending a multicast-DIO with rank 592
611814702	ID:33	RPL: Sending a multicast-DIO with rank 639
611899855	ID:36	RPL: Sending a multicast-DIO with rank 602
612952810	ID:34	RPL: Sending a multicast-DIO with rank 592
615451246	ID:32	RPL: Sending a multicast-DIO with rank 592
616814702	ID:33	RPL: Sending a multicast-DIO with rank 639
616899855	ID:36	RPL: Sending a multicast-DIO with rank 602
617952810	ID:34	RPL: Sending a multicast-DIO with rank 592
620451246	ID:32	RPL: Sending a multicast-DIO with rank 592
621814702	ID:33	RPL: Sending a multicast-DIO with rank 639
621899855	ID:36	RPL: Sending a multicast-DIO with rank 602
622952810	ID:34	RPL: Sending a multicast-DIO with rank 592
625451246	ID:32	RPL: Sending a multicast-DIO with rank 592
626814702	ID:33	RPL: Sending a multicast-DIO with rank 639
626899855	ID:36	RPL: Sending a multicast-DIO with rank 602
627952810	ID:34	RPL: Sending a multicast-DIO with rank 592
630451246	ID:32	RPL: Sending a multicast-DIO with rank 592
631814702	ID:33	RPL: Sending a multicast-DIO with rank 639
631899855	ID:36	RPL: Sending a multicast-DIO with rank 602
632952810	ID:34	RPL: Sending a multicast-DIO with rank 592
635451246	ID:32	RPL: Sending a multicast-DIO with rank 592
636814702	ID:33	RPL: Sending a multicast-DIO with rank 639
636899855	ID:36	RPL: Sending a multicast-DIO with rank 602
637952810	ID:34	RPL: Sending a multicast-DIO with rank 592
640451246	ID:32	RPL: Sending a multicast-DIO with rank 592
641814702	ID:33	RPL: Sending a multicast-DIO with rank 639
641899855	ID:36	RPL: Sending a multicast-DIO with rank 602
642952810	ID:34	RPL: Sending a multicast-DIO with rank 592
645451246	ID:32	RPL: Sending a multicast-DIO with rank 592
646814702	ID:33	RPL: Sending a multicast-DIO with rank 639
646899855	ID:36	RPL: Sending a multicast-DIO with rank 602
647952810	ID:34	RPL: Sending a multicast-DIO with rank 592
650451246	ID:32	RPL: Sending a multicast-DIO with rank 592
651814702	ID:33	RPL: Sending a multicast-DIO with rank 639
651899855	ID:36	RPL: Sending a multicast-DIO with rank 602
652952810	ID:34	RPL: Sending a multicast-DIO with rank 592
655451246	ID:32	RPL: Sending a multicast-DIO with rank 592
656814702	ID:33	RPL: Sending a multicast-DIO with rank 639
656899855	ID:36	RPL: Sending a multicast-DIO with rank 602
657952810	ID:34	RPL: Sending a multicast-DIO with rank 592
660451246	ID:32	RPL: Sending a multicast-DIO with rank 592
661814702	ID:33	RPL: Sending a multicast-DIO with rank 639
661899855	ID:36	RPL: Sending a multicast-DIO with rank 602
662874143	ID:35	RPL: Sending a DIS to fe80::c30c:0:0:7
662952810	ID:34	RPL: Sending a multicast-DIO with rank 592
665451246	ID:32	RPL: Sending a multicast-DIO with rank 592
666814702	ID:33	RPL: Sending a multicast-DIO with rank 639
666899855	ID:36	RPL: Sending a multicast-DIO with rank 602
667952810	ID:34	RPL: Sending a multicast-DIO with rank 592
670451246	ID:32	RPL: Sending a multicast-DIO with rank 592
671814702	ID:33	RPL: Sending a multicast-DIO with rank 639
671899855	ID:36	RPL: Sending a multicast-DIO with rank 602
672952810	ID:34	RPL: Sending a multicast-DIO with rank 592
675451246	ID:32	RPL: Sending a multicast-DIO with rank 592
676814702	ID:33	RPL: Sending a multicast-DIO with rank 639
676899855	ID:36	RPL: Sending a multicast-DIO with rank 602
677952810	ID:34	RPL: Sending a multicast-DIO with rank 592
680451246	ID:32	RPL: Sending a multicast-DIO with rank 592
681814702	ID:33	RPL: Sending a multicast-DIO with rank 639
681899855	ID:36	RPL: Sending a multicast-DIO with rank 602
682952810	ID:34	RPL: Sending a multicast-DIO with rank 592
685451246	ID:32	RPL: Sending a multicast-DIO with rank 592
686814702	ID:33	RPL: Sending a multicast-DIO with rank 639
686899855	ID:36	RPL: Sending a multicast-DIO with rank 602
687952810	ID:34	RPL: Sending a multicast-DIO with rank 592
690451247	ID:32	RPL: Sending a multicast-DIO with rank 592
691814702	ID:33	RPL: Sending a multicast-DIO with rank 639
691899855	ID:36	RPL: Sending a multicast-DIO with rank 602
692952810	ID:34	RPL: Sending a multicast-DIO with rank 592
695451247	ID:32	RPL: Sending a multicast-DIO with rank 592
696814702	ID:33	RPL: Sending a multicast-DIO with rank 639
696899855	ID:36	RPL: Sending a multicast-DIO with rank 602
697952810	ID:34	RPL: Sending a multicast-DIO with rank 592
700451247	ID:32	RPL: Sending a multicast-DIO with rank 592
701814702	ID:33	RPL: Sending a multicast-DIO with rank 639
701899855	ID:36	RPL: Sending a multicast-DIO with rank 602
702952810	ID:34	RPL: Sending a multicast-DIO with rank 592
705451247	ID:32	RPL: Sending a multicast-DIO with rank 592
706814702	ID:33	RPL: Sending a multicast-DIO with rank 639
706899855	ID:36	RPL: Sending a multicast-DIO with rank 602
707952810	ID:34	RPL: Sending a multicast-DIO with rank 592
710451247	ID:32	RPL: Sending a multicast-DIO with rank 592
711814702	ID:33	RPL: Sending a multicast-DIO with rank 639
711899855	ID:36	RPL: Sending a multicast-DIO with rank 602
712952810	ID:34	RPL: Sending a multicast-DIO with rank 592
715451247	ID:32	RPL: Sending a multicast-DIO with rank 592
716814702	ID:33	RPL: Sending a multicast-DIO with rank 639
716899855	ID:36	RPL: Sending a multicast-DIO with rank 602
717952810	ID:34	RPL: Sending a multicast-DIO with rank 592
720451247	ID:32	RPL: Sending a multicast-DIO with rank 592
721814702	ID:33	RPL: Sending a multicast-DIO with rank 639
721899855	ID:36	RPL: Sending a multicast-DIO with rank 602
722874143	ID:35	RPL: Sending a DIS to fe80::c30c:0:0:7
722952810	ID:34	RPL: Sending a multicast-DIO with rank 592
725451247	ID:32	RPL: Sending a multicast-DIO with rank 592
726814702	ID:33	RPL: Sending a multicast-DIO with rank 639
726899862	ID:36	RPL: Sending a multicast-DIO with rank 602
727952810	ID:34	RPL: Sending a multicast-DIO with rank 592
730451247	ID:32	RPL: Sending a multicast-DIO with rank 592
731814702	ID:33	RPL: Sending a multicast-DIO with rank 639
731899855	ID:36	RPL: Sending a multicast-DIO with rank 602
732952810	ID:34	RPL: Sending a multicast-DIO with rank 592
735451247	ID:32	RPL: Sending a multicast-DIO with rank 592
736814702	ID:33	RPL: Sending a multicast-DIO with rank 639
736899855	ID:36	RPL: Sending a multicast-DIO with rank 602
737952810	ID:34	RPL: Sending a multicast-DIO with rank 592
740451247	ID:32	RPL: Sending a multicast-DIO with rank 592
741814709	ID:33	RPL: Sending a multicast-DIO with rank 639
741899855	ID:36	RPL: Sending a multicast-DIO with rank 602
742952810	ID:34	RPL: Sending a multicast-DIO with rank 592
745451247	ID:32	RPL: Sending a multicast-DIO with rank 592
746814702	ID:33	RPL: Sending a multicast-DIO with rank 639
746899855	ID:36	RPL: Sending a multicast-DIO with rank 602
747952810	ID:34	RPL: Sending a multicast-DIO with rank 592
750451247	ID:32	RPL: Sending a multicast-DIO with rank 592
751814702	ID:33	RPL: Sending a multicast-DIO with rank 639
751899855	ID:36	RPL: Sending a multicast-DIO with rank 602
752952810	ID:34	RPL: Sending a multicast-DIO with rank 592
755451247	ID:32	RPL: Sending a multicast-DIO with rank 592
756814702	ID:33	RPL: Sending a multicast-DIO with rank 639
756899855	ID:36	RPL: Sending a multicast-DIO with rank 602
757952810	ID:34	RPL: Sending a multicast-DIO with rank 592
760451247	ID:32	RPL: Sending a multicast-DIO with rank 592
761814702	ID:33	RPL: Sending a multicast-DIO with rank 639
761899855	ID:36	RPL: Sending a multicast-DIO with rank 602
762952810	ID:34	RPL: Sending a multicast-DIO with rank 592
765451247	ID:32	RPL: Sending a multicast-DIO with rank 592
766814702	ID:33	RPL: Sending a multicast-DIO with rank 639
766899855	ID:36	RPL: Sending a multicast-DIO with rank 602
767952810	ID:34	RPL: Sending a multicast-DIO with rank 592
770451247	ID:32	RPL: Sending a multicast-DIO with rank 592
771814702	ID:33	RPL: Sending a multicast-DIO with rank 639
771899855	ID:36	RPL: Sending a multicast-DIO with rank 602
772952810	ID:34	RPL: Sending a multicast-DIO with rank 592
775451247	ID:32	RPL: Sending a multicast-DIO with rank 592
776814702	ID:33	RPL: Sending a multicast-DIO with rank 639
776899855	ID:36	RPL: Sending a multicast-DIO with rank 602
777952810	ID:34	RPL: Sending a multicast-DIO with rank 592
780451247	ID:32	RPL: Sending a multicast-DIO with rank 592
781814702	ID:33	RPL: Sending a multicast-DIO with rank 639
781899855	ID:36	RPL: Sending a multicast-DIO with rank 602
782874143	ID:35	RPL: Sending a DIS to fe80::c30c:0:0:7
782952810	ID:34	RPL: Sending a multicast-DIO with rank 592
785451247	ID:32	RPL: Sending a multicast-DIO with rank 592
786814702	ID:33	RPL: Sending a multicast-DIO with rank 639
786899855	ID:36	RPL: Sending a multicast-DIO with rank 602
787952810	ID:34	RPL: Sending a multicast-DIO with rank 592
790451247	ID:32	RPL: Sending a multicast-DIO with rank 592
791814702	ID:33	RPL: Sending a multicast-DIO with rank 639
791899855	ID:36	RPL: Sending a multicast-DIO with rank 602
792952817	ID:34	RPL: Sending a multicast-DIO with rank 592
795451253	ID:32	RPL: Sending a multicast-DIO with rank 592
796814702	ID:33	RPL: Sending a multicast-DIO with rank 639
796899855	ID:36	RPL: Sending a multicast-DIO with rank 602
797952810	ID:34	RPL: Sending a multicast-DIO with rank 592
800451247	ID:32	RPL: Sending a multicast-DIO with rank 592
801814702	ID:33	RPL: Sending a multicast-DIO with rank 639
801899855	ID:36	RPL: Sending a multicast-DIO with rank 602
802952810	ID:34	RPL: Sending a multicast-DIO with rank 592
805451247	ID:32	RPL: Sending a multicast-DIO with rank 592
806814702	ID:33	RPL: Sending a multicast-DIO with rank 639
806899855	ID:36	RPL: Sending a multicast-DIO with rank 602
807952810	ID:34	RPL: Sending a multicast-DIO with rank 592
810451247	ID:32	RPL: Sending a multicast-DIO with rank 592
811814702	ID:33	RPL: Sending a multicast-DIO with rank 639
811899855	ID:36	RPL: Sending a multicast-DIO with rank 602
812952810	ID:34	RPL: Sending a multicast-DIO with rank 592
815451247	ID:32	RPL: Sending a multicast-DIO with rank 592
816814702	ID:33	RPL: Sending a multicast-DIO with rank 639
816899855	ID:36	RPL: Sending a multicast-DIO with rank 602
817952810	ID:34	RPL: Sending a multicast-DIO with rank 592
820451247	ID:32	RPL: Sending a multicast-DIO with rank 592
821814702	ID:33	RPL: Sending a multicast-DIO with rank 639
821899855	ID:36	RPL: Sending a multicast-DIO with rank 602
822952810	ID:34	RPL: Sending a multicast-DIO with rank 592
825451246	ID:32	RPL: Sending a multicast-DIO with rank 592
826814702	ID:33	RPL: Sending a multicast-DIO with rank 639
826899855	ID:36	RPL: Sending a multicast-DIO with rank 602
827952810	ID:34	RPL: Sending a multicast-DIO with rank 592
830451246	ID:32	RPL: Sending a multicast-DIO with rank 592
831814702	ID:33	RPL: Sending a multicast-DIO with rank 639
831899855	ID:36	RPL: Sending a multicast-DIO with rank 602
832952810	ID:34	RPL: Sending a multicast-DIO with rank 592
835451247	ID:32	RPL: Sending a multicast-DIO with rank 592
836814702	ID:33	RPL: Sending a multicast-DIO with rank 639
836899855	ID:36	RPL: Sending a multicast-DIO with rank 602
837952810	ID:34	RPL: Sending a multicast-DIO with rank 592
840451247	ID:32	RPL: Sending a multicast-DIO with rank 592
841814702	ID:33	RPL: Sending a multicast-DIO with rank 639
841899855	ID:36	RPL: Sending a multicast-DIO with rank 602
842874143	ID:35	RPL: Sending a DIS to fe80::c30c:0:0:7
842952810	ID:34	RPL: Sending a multicast-DIO with rank 592
845451247	ID:32	RPL: Sending a multicast-DIO with rank 592
846814702	ID:33	RPL: Sending a multicast-DIO with rank 639
846899855	ID:36	RPL: Sending a multicast-DIO with rank 602
847952810	ID:34	RPL: Sending a multicast-DIO with rank 592
850451247	ID:32	RPL: Sending a multicast-DIO with rank 592
851814702	ID:33	RPL: Sending a multicast-DIO with rank 639
851899855	ID:36	RPL: Sending a multicast-DIO with rank 602
852952810	ID:34	RPL: Sending a multicast-DIO with rank 592
855451247	ID:32	RPL: Sending a multicast-DIO with rank 592
856814702	ID:33	RPL: Sending a multicast-DIO with rank 639
856899855	ID:36	RPL: Sending a multicast-DIO with rank 602
857952810	ID:34	RPL: Sending a multicast-DIO with rank 592
860451247	ID:32	RPL: Sending a multicast-DIO with rank 592
861814702	ID:33	RPL: Sending a multicast-DIO with rank 639
861899855	ID:36	RPL: Sending a multicast-DIO with rank 602
862952810	ID:34	RPL: Sending a multicast-DIO with rank 592
865451247	ID:32	RPL: Sending a multicast-DIO with rank 592
866814702	ID:33	RPL: Sending a multicast-DIO with rank 639
866899855	ID:36	RPL: Sending a multicast-DIO with rank 602
867952810	ID:34	RPL: Sending a multicast-DIO with rank 592
870451247	ID:32	RPL: Sending a multicast-DIO with rank 592
871814702	ID:33	RPL: Sending a multicast-DIO with rank 639
871899855	ID:36	RPL: Sending a multicast-DIO with rank 602
872952810	ID:34	RPL: Sending a multicast-DIO with rank 592
875451247	ID:32	RPL: Sending a multicast-DIO with rank 592
876814702	ID:33	RPL: Sending a multicast-DIO with rank 639
876899855	ID:36	RPL: Sending a multicast-DIO with rank 602
877952810	ID:34	RPL: Sending a multicast-DIO with rank 592
880451247	ID:32	RPL: Sending a multicast-DIO with rank 592
881814702	ID:33	RPL: Sending a multicast-DIO with rank 639
881899855	ID:36	RPL: Sending a multicast-DIO with rank 602
882952810	ID:34	RPL: Sending a multicast-DIO with rank 592
885451247	ID:32	RPL: Sending a multicast-DIO with rank 592
886814702	ID:33	RPL: Sending a multicast-DIO with rank 639
886899855	ID:36	RPL: Sending a multicast-DIO with rank 602
887952810	ID:34	RPL: Sending a multicast-DIO with rank 592
890451247	ID:32	RPL: Sending a multicast-DIO with rank 592
891814702	ID:33	RPL: Sending a multicast-DIO with rank 639
891899855	ID:36	RPL: Sending a multicast-DIO with rank 602
892952810	ID:34	RPL: Sending a multicast-DIO with rank 592
895451247	ID:32	RPL: Sending a multicast-DIO with rank 592
896814702	ID:33	RPL: Sending a multicast-DIO with rank 639
896899855	ID:36	RPL: Sending a multicast-DIO with rank 602
897952810	ID:34	RPL: Sending a multicast-DIO with rank 592
900451247	ID:32	RPL: Sending a multicast-DIO with rank 592
901814702	ID:33	RPL: Sending a multicast-DIO with rank 639
901899855	ID:36	RPL: Sending a multicast-DIO with rank 602
902874143	ID:35	RPL: Sending a DIS to fe80::c30c:0:0:7
902952810	ID:34	RPL: Sending a multicast-DIO with rank 592
905451247	ID:32	RPL: Sending a multicast-DIO with rank 592
906814702	ID:33	RPL: Sending a multicast-DIO with rank 639
906899855	ID:36	RPL: Sending a multicast-DIO with rank 602
907952810	ID:34	RPL: Sending a multicast-DIO with rank 592
910451247	ID:32	RPL: Sending a multicast-DIO with rank 592
911814702	ID:33	RPL: Sending a multicast-DIO with rank 639
911899855	ID:36	RPL: Sending a multicast-DIO with rank 602
912952810	ID:34	RPL: Sending a multicast-DIO with rank 592
915451247	ID:32	RPL: Sending a multicast-DIO with rank 592
916814702	ID:33	RPL: Sending a multicast-DIO with rank 639
916899855	ID:36	RPL: Sending a multicast-DIO with rank 602
917952810	ID:34	RPL: Sending a multicast-DIO with rank 592
920451247	ID:32	RPL: Sending a multicast-DIO with rank 592
921814702	ID:33	RPL: Sending a multicast-DIO with rank 639
921899855	ID:36	RPL: Sending a multicast-DIO with rank 602
922952810	ID:34	RPL: Sending a multicast-DIO with rank 592
925451247	ID:32	RPL: Sending a multicast-DIO with rank 592
926814702	ID:33	RPL: Sending a multicast-DIO with rank 639
926899855	ID:36	RPL: Sending a multicast-DIO with rank 602
927952810	ID:34	RPL: Sending a multicast-DIO with rank 592
930451246	ID:32	RPL: Sending a multicast-DIO with rank 592
931814702	ID:33	RPL: Sending a multicast-DIO with rank 639
931899855	ID:36	RPL: Sending a multicast-DIO with rank 602
932952810	ID:34	RPL: Sending a multicast-DIO with rank 592
935451247	ID:32	RPL: Sending a multicast-DIO with rank 592
936814702	ID:33	RPL: Sending a multicast-DIO with rank 639
936899855	ID:36	RPL: Sending a multicast-DIO with rank 602
937952810	ID:34	RPL: Sending a multicast-DIO with rank 592
940451247	ID:32	RPL: Sending a multicast-DIO with rank 592
941814702	ID:33	RPL: Sending a multicast-DIO with rank 639
941899855	ID:36	RPL: Sending a multicast-DIO with rank 602
942952810	ID:34	RPL: Sending a multicast-DIO with rank 592
945451247	ID:32	RPL: Sending a multicast-DIO with rank 592
946814702	ID:33	RPL: Sending a multicast-DIO with rank 639
946899855	ID:36	RPL: Sending a multicast-DIO with rank 602
947952810	ID:34	RPL: Sending a multicast-DIO with rank 592
950451247	ID:32	RPL: Sending a multicast-DIO with rank 592
951814702	ID:33	RPL: Sending a multicast-DIO with rank 639
951899855	ID:36	RPL: Sending a multicast-DIO with rank 602
952952810	ID:34	RPL: Sending a multicast-DIO with rank 592
955451247	ID:32	RPL: Sending a multicast-DIO with rank 592
956814702	ID:33	RPL: Sending a multicast-DIO with rank 639
956899855	ID:36	RPL: Sending a multicast-DIO with rank 602
957952810	ID:34	RPL: Sending a multicast-DIO with rank 592
960451247	ID:32	RPL: Sending a multicast-DIO with rank 592
961814702	ID:33	RPL: Sending a multicast-DIO with rank 639
961899855	ID:36	RPL: Sending a multicast-DIO with rank 602
962874143	ID:35	RPL: Sending a DIS to fe80::c30c:0:0:7
962952810	ID:34	RPL: Sending a multicast-DIO with rank 592
965451247	ID:32	RPL: Sending a multicast-DIO with rank 592
966814702	ID:33	RPL: Sending a multicast-DIO with rank 639
966899855	ID:36	RPL: Sending a multicast-DIO with rank 602
967952810	ID:34	RPL: Sending a multicast-DIO with rank 592
970451247	ID:32	RPL: Sending a multicast-DIO with rank 592
971814702	ID:33	RPL: Sending a multicast-DIO with rank 639
971899855	ID:36	RPL: Sending a multicast-DIO with rank 602
972952810	ID:34	RPL: Sending a multicast-DIO with rank 592
975451247	ID:32	RPL: Sending a multicast-DIO with rank 592
976814702	ID:33	RPL: Sending a multicast-DIO with rank 639
976899855	ID:36	RPL: Sending a multicast-DIO with rank 602
977952810	ID:34	RPL: Sending a multicast-DIO with rank 592
980451247	ID:32	RPL: Sending a multicast-DIO with rank 592
981814702	ID:33	RPL: Sending a multicast-DIO with rank 639
981899855	ID:36	RPL: Sending a multicast-DIO with rank 602
982952810	ID:34	RPL: Sending a multicast-DIO with rank 592
985451247	ID:32	RPL: Sending a multicast-DIO with rank 592
986814702	ID:33	RPL: Sending a multicast-DIO with rank 639
986899855	ID:36	RPL: Sending a multicast-DIO with rank 602
987952810	ID:34	RPL: Sending a multicast-DIO with rank 592
990451247	ID:32	RPL: Sending a multicast-DIO with rank 592
991814702	ID:33	RPL: Sending a multicast-DIO with rank 639
991899855	ID:36	RPL: Sending a multicast-DIO with rank 602
992952810	ID:34	RPL: Sending a multicast-DIO with rank 592
995451247	ID:32	RPL: Sending a multicast-DIO with rank 592
996814702	ID:33	RPL: Sending a multicast-DIO with rank 639
996899855	ID:36	RPL: Sending a multicast-DIO with rank 602
997952810	ID:34	RPL: Sending a multicast-DIO with rank 592
1000451247	ID:32	RPL: Sending a multicast-DIO with rank 592
1001814702	ID:33	RPL: Sending a multicast-DIO with rank 639
1001899855	ID:36	RPL: Sending a multicast-DIO with rank 602
1002952810	ID:34	RPL: Sending a multicast-DIO with rank 592
1005451247	ID:32	RPL: Sending a multicast-DIO with rank 592
1006814702	ID:33	RPL: Sending a multicast-DIO with rank 639
1006899855	ID:36	RPL: Sending a multicast-DIO with rank 602
1007952810	ID:34	RPL: Sending a multicast-DIO with rank 592
1010451247	ID:32	RPL: Sending a multicast-DIO with rank 592
1011814702	ID:33	RPL: Sending a multicast-DIO with rank 639
1011899855	ID:36	RPL: Sending a multicast-DIO with rank 602
1012952810	ID:34	RPL: Sending a multicast-DIO with rank 592
1015451247	ID:32	RPL: Sending a multicast-DIO with rank 592
1016814702	ID:33	RPL: Sending a multicast-DIO with rank 639
1016899855	ID:36	RPL: Sending a multicast-DIO with rank 602
1017952810	ID:34	RPL: Sending a multicast-DIO with rank 592
1020451247	ID:32	RPL: Sending a multicast-DIO with rank 592
1021814702	ID:33	RPL: Sending a multicast-DIO with rank 639
1021899855	ID:36	RPL: Sending a multicast-DIO with rank 602
1022874143	ID:35	RPL: Sending a DIS to fe80::c30c:0:0:7
1022952810	ID:34	RPL: Sending a multicast-DIO with rank 592
1025451247	ID:32	RPL: Sending a multicast-DIO with rank 592
1026814703	ID:33	RPL: Sending a multicast-DIO with rank 639
1026899856	ID:36	RPL: Sending a multicast-DIO with rank 602
1027952811	ID:34	RPL: Sending a multicast-DIO with rank 592
1030451247	ID:32	RPL: Sending a multicast-DIO with rank 592
1031814703	ID:33	RPL: Sending a multicast-DIO with rank 639
1031899856	ID:36	RPL: Sending a multicast-DIO with rank 602
1032952811	ID:34	RPL: Sending a multicast-DIO with rank 592
1035451247	ID:32	RPL: Sending a multicast-DIO with rank 592
1036814703	ID:33	RPL: Sending a multicast-DIO with rank 639
1036899856	ID:36	RPL: Sending a multicast-DIO with rank 602
1037952811	ID:34	RPL: Sending a multicast-DIO with rank 592
1040451247	ID:32	RPL: Sending a multicast-DIO with rank 592
1041814703	ID:33	RPL: Sending a multicast-DIO with rank 639
1041899856	ID:36	RPL: Sending a multicast-DIO with rank 602
1042952811	ID:34	RPL: Sending a multicast-DIO with rank 592
1045451247	ID:32	RPL: Sending a multicast-DIO with rank 592
1046814703	ID:33	RPL: Sending a multicast-DIO with rank 639
1046899856	ID:36	RPL: Sending a multicast-DIO with rank 602
1047952811	ID:34	RPL: Sending a multicast-DIO with rank 592
1050451247	ID:32	RPL: Sending a multicast-DIO with rank 592
1051814703	ID:33	RPL: Sending a multicast-DIO with rank 639
1051899856	ID:36	RPL: Sending a multicast-DIO with rank 602
1052952811	ID:34	RPL: Sending a multicast-DIO with rank 592
1055451247	ID:32	RPL: Sending a multicast-DIO with rank 592
1056814703	ID:33	RPL: Sending a multicast-DIO with rank 639
1056899856	ID:36	RPL: Sending a multicast-DIO with rank 602
1057952811	ID:34	RPL: Sending a multicast-DIO with rank 592
1060451247	ID:32	RPL: Sending a multicast-DIO with rank 592
1061814703	ID:33	RPL: Sending a multicast-DIO with rank 639
1061899856	ID:36	RPL: Sending a multicast-DIO with rank 602
1062952811	ID:34	RPL: Sending a multicast-DIO with rank 592
1065451247	ID:32	RPL: Sending a multicast-DIO with rank 592
1066814703	ID:33	RPL: Sending a multicast-DIO with rank 639
1066899863	ID:36	RPL: Sending a multicast-DIO with rank 602
1067952811	ID:34	RPL: Sending a multicast-DIO with rank 592
1070451247	ID:32	RPL: Sending a multicast-DIO with rank 592
1071814703	ID:33	RPL: Sending a multicast-DIO with rank 639
1071899856	ID:36	RPL: Sending a multicast-DIO with rank 602
1072952811	ID:34	RPL: Sending a multicast-DIO with rank 592
1075451247	ID:32	RPL: Sending a multicast-DIO with rank 592
1076814703	ID:33	RPL: Sending a multicast-DIO with rank 639
1076899856	ID:36	RPL: Sending a multicast-DIO with rank 602
1077952811	ID:34	RPL: Sending a multicast-DIO with rank 592
1080451247	ID:32	RPL: Sending a multicast-DIO with rank 592
1081814703	ID:33	RPL: Sending a multicast-DIO with rank 639
1081899856	ID:36	RPL: Sending a multicast-DIO with rank 602
1082874144	ID:35	RPL: Sending a DIS to fe80::c30c:0:0:7
1082952811	ID:34	RPL: Sending a multicast-DIO with rank 592
1085451247	ID:32	RPL: Sending a multicast-DIO with rank 592
1086814703	ID:33	RPL: Sending a multicast-DIO with rank 639
1086899856	ID:36	RPL: Sending a multicast-DIO with rank 602
1087952811	ID:34	RPL: Sending a multicast-DIO with rank 592
1090451247	ID:32	RPL: Sending a multicast-DIO with rank 592
1091814703	ID:33	RPL: Sending a multicast-DIO with rank 639
1091899856	ID:36	RPL: Sending a multicast-DIO with rank 602
1092952811	ID:34	RPL: Sending a multicast-DIO with rank 592
1095451247	ID:32	RPL: Sending a multicast-DIO with rank 592
1096814703	ID:33	RPL: Sending a multicast-DIO with rank 639
1096899856	ID:36	RPL: Sending a multicast-DIO with rank 602
1097952811	ID:34	RPL: Sending a multicast-DIO with rank 592
1100451247	ID:32	RPL: Sending a multicast-DIO with rank 592
1101814703	ID:33	RPL: Sending a multicast-DIO with rank 639
1101899856	ID:36	RPL: Sending a multicast-DIO with rank 602
1102952818	ID:34	RPL: Sending a multicast-DIO with rank 592
1105451247	ID:32	RPL: Sending a multicast-DIO with rank 592
1106814703	ID:33	RPL: Sending a multicast-DIO with rank 639
1106899856	ID:36	RPL: Sending a multicast-DIO with rank 602
1107952811	ID:34	RPL: Sending a multicast-DIO with rank 592
1110451247	ID:32	RPL: Sending a multicast-DIO with rank 592
1111814703	ID:33	RPL: Sending a multicast-DIO with rank 639
1111899856	ID:36	RPL: Sending a multicast-DIO with rank 602
1112952811	ID:34	RPL: Sending a multicast-DIO with rank 592
1115451247	ID:32	RPL: Sending a multicast-DIO with rank 592
1116814703	ID:33	RPL: Sending a multicast-DIO with rank 639
1116899856	ID:36	RPL: Sending a multicast-DIO with rank 602
1117952811	ID:34	RPL: Sending a multicast-DIO with rank 592
1120451247	ID:32	RPL: Sending a multicast-DIO with rank 592
1121814703	ID:33	RPL: Sending a multicast-DIO with rank 639
1121899856	ID:36	RPL: Sending a multicast-DIO with rank 602
1122952811	ID:34	RPL: Sending a multicast-DIO with rank 592
1125451247	ID:32	RPL: Sending a multicast-DIO with rank 592
1126814703	ID:33	RPL: Sending a multicast-DIO with rank 639
1126899856	ID:36	RPL: Sending a multicast-DIO with rank 602
1127952811	ID:34	RPL: Sending a multicast-DIO with rank 592
1130451247	ID:32	RPL: Sending a multicast-DIO with rank 592
1131814703	ID:33	RPL: Sending a multicast-DIO with rank 639
1131899856	ID:36	RPL: Sending a multicast-DIO with rank 602
1132952811	ID:34	RPL: Sending a multicast-DIO with rank 592
1135451247	ID:32	RPL: Sending a multicast-DIO with rank 592
1136814703	ID:33	RPL: Sending a multicast-DIO with rank 639
1136899856	ID:36	RPL: Sending a multicast-DIO with rank 602
1137952811	ID:34	RPL: Sending a multicast-DIO with rank 592
1140451247	ID:32	RPL: Sending a multicast-DIO with rank 592
1141814703	ID:33	RPL: Sending a multicast-DIO with rank 639
1141899856	ID:36	RPL: Sending a multicast-DIO with rank 602
1142874144	ID:35	RPL: Sending a DIS to fe80::c30c:0:0:7
1142952811	ID:34	RPL: Sending a multicast-DIO with rank 592
1145451247	ID:32	RPL: Sending a multicast-DIO with rank 592
1146814703	ID:33	RPL: Sending a multicast-DIO with rank 639
1146899856	ID:36	RPL: Sending a multicast-DIO with rank 602
1147952811	ID:34	RPL: Sending a multicast-DIO with rank 592
1150451247	ID:32	RPL: Sending a multicast-DIO with rank 592
1151814710	ID:33	RPL: Sending a multicast-DIO with rank 639
1151899856	ID:36	RPL: Sending a multicast-DIO with rank 602
1152952811	ID:34	RPL: Sending a multicast-DIO with rank 592
1155451247	ID:32	RPL: Sending a multicast-DIO with rank 592
1156814703	ID:33	RPL: Sending a multicast-DIO with rank 639
1156899856	ID:36	RPL: Sending a multicast-DIO with rank 602
1157952811	ID:34	RPL: Sending a multicast-DIO with rank 592
1160451247	ID:32	RPL: Sending a multicast-DIO with rank 592
1161814703	ID:33	RPL: Sending a multicast-DIO with rank 639
1161899856	ID:36	RPL: Sending a multicast-DIO with rank 602
1162952811	ID:34	RPL: Sending a multicast-DIO with rank 592
1165451247	ID:32	RPL: Sending a multicast-DIO with rank 592
1166814703	ID:33	RPL: Sending a multicast-DIO with rank 639
1166899856	ID:36	RPL: Sending a multicast-DIO with rank 602
1167952811	ID:34	RPL: Sending a multicast-DIO with rank 592
1170451247	ID:32	RPL: Sending a multicast-DIO with rank 592
1171814703	ID:33	RPL: Sending a multicast-DIO with rank 639
1171899856	ID:36	RPL: Sending a multicast-DIO with rank 602
1172952811	ID:34	RPL: Sending a multicast-DIO with rank 592
1175451247	ID:32	RPL: Sending a multicast-DIO with rank 592
1176814703	ID:33	RPL: Sending a multicast-DIO with rank 639
1176899856	ID:36	RPL: Sending a multicast-DIO with rank 602
1177952811	ID:34	RPL: Sending a multicast-DIO with rank 592
1180451247	ID:32	RPL: Sending a multicast-DIO with rank 592
1181814703	ID:33	RPL: Sending a multicast-DIO with rank 639
1181899856	ID:36	RPL: Sending a multicast-DIO with rank 602
1182952811	ID:34	RPL: Sending a multicast-DIO with rank 592
1185451247	ID:32	RPL: Sending a multicast-DIO with rank 592
1186814703	ID:33	RPL: Sending a multicast-DIO with rank 639
1186899856	ID:36	RPL: Sending a multicast-DIO with rank 602
1187952811	ID:34	RPL: Sending a multicast-DIO with rank 592
1190451247	ID:32	RPL: Sending a multicast-DIO with rank 592
1191814703	ID:33	RPL: Sending a multicast-DIO with rank 639
1191899856	ID:36	RPL: Sending a multicast-DIO with rank 602
1192952811	ID:34	RPL: Sending a multicast-DIO with rank 592
1195451247	ID:32	RPL: Sending a multicast-DIO with rank 592
1196814703	ID:33	RPL: Sending a multicast-DIO with rank 639
1196899856	ID:36	RPL: Sending a multicast-DIO with rank 602
1197952811	ID:34	RPL: Sending a multicast-DIO with rank 592
1200451247	ID:32	RPL: Sending a multicast-DIO with rank 592
1201814708	ID:33	RPL: Sending a multicast-DIO with rank 639
1201899861	ID:36	RPL: Sending a multicast-DIO with rank 602
1202874149	ID:35	RPL: Sending a DIS to fe80::c30c:0:0:7
1202952816	ID:34	RPL: Sending a multicast-DIO with rank 592
1205451252	ID:32	RPL: Sending a multicast-DIO with rank 592
1206814702	ID:33	RPL: Sending a multicast-DIO with rank 639
1206899855	ID:36	RPL: Sending a multicast-DIO with rank 602
1207952810	ID:34	RPL: Sending a multicast-DIO with rank 592
1210451246	ID:32	RPL: Sending a multicast-DIO with rank 592
1211814702	ID:33	RPL: Sending a multicast-DIO with rank 639
1211899855	ID:36	RPL: Sending a multicast-DIO with rank 602
1212952810	ID:34	RPL: Sending a multicast-DIO with rank 592
1215451246	ID:32	RPL: Sending a multicast-DIO with rank 592
1216814702	ID:33	RPL: Sending a multicast-DIO with rank 639
1216899855	ID:36	RPL: Sending a multicast-DIO with rank 602
1217952810	ID:34	RPL: Sending a multicast-DIO with rank 592
1220451246	ID:32	RPL: Sending a multicast-DIO with rank 592
1221814702	ID:33	RPL: Sending a multicast-DIO with rank 639
1221899855	ID:36	RPL: Sending a multicast-DIO with rank 602
1222952810	ID:34	RPL: Sending a multicast-DIO with rank 592
1225451246	ID:32	RPL: Sending a multicast-DIO with rank 592
1226814702	ID:33	RPL: Sending a multicast-DIO with rank 639
1226899855	ID:36	RPL: Sending a multicast-DIO with rank 602
1227952810	ID:34	RPL: Sending a multicast-DIO with rank 592
1230451246	ID:32	RPL: Sending a multicast-DIO with rank 592
1231814702	ID:33	RPL: Sending a multicast-DIO with rank 639
1231899855	ID:36	RPL: Sending a multicast-DIO with rank 602
1232952810	ID:34	RPL: Sending a multicast-DIO with rank 592
1235451253	ID:32	RPL: Sending a multicast-DIO with rank 592
1236814702	ID:33	RPL: Sending a multicast-DIO with rank 639
1236899855	ID:36	RPL: Sending a multicast-DIO with rank 602
1237952810	ID:34	RPL: Sending a multicast-DIO with rank 592
1240451246	ID:32	RPL: Sending a multicast-DIO with rank 592
1241814702	ID:33	RPL: Sending a multicast-DIO with rank 639
1241899855	ID:36	RPL: Sending a multicast-DIO with rank 602
1242952810	ID:34	RPL: Sending a multicast-DIO with rank 592
1245451246	ID:32	RPL: Sending a multicast-DIO with rank 592
1246814702	ID:33	RPL: Sending a multicast-DIO with rank 639
1246899855	ID:36	RPL: Sending a multicast-DIO with rank 602
1247952810	ID:34	RPL: Sending a multicast-DIO with rank 592
1250451246	ID:32	RPL: Sending a multicast-DIO with rank 592
1251814702	ID:33	RPL: Sending a multicast-DIO with rank 639
1251899855	ID:36	RPL: Sending a multicast-DIO with rank 602
1252952810	ID:34	RPL: Sending a multicast-DIO with rank 592
1255451246	ID:32	RPL: Sending a multicast-DIO with rank 592
1256814702	ID:33	RPL: Sending a multicast-DIO with rank 639
1256899855	ID:36	RPL: Sending a multicast-DIO with rank 602
1257952810	ID:34	RPL: Sending a multicast-DIO with rank 592
1260451246	ID:32	RPL: Sending a multicast-DIO with rank 592
1261814702	ID:33	RPL: Sending a multicast-DIO with rank 639
1261899855	ID:36	RPL: Sending a multicast-DIO with rank 602
1262874143	ID:35	RPL: Sending a DIS to fe80::c30c:0:0:7
1262952810	ID:34	RPL: Sending a multicast-DIO with rank 592
1265451246	ID:32	RPL: Sending a multicast-DIO with rank 592
1266814702	ID:33	RPL: Sending a multicast-DIO with rank 639
1266899855	ID:36	RPL: Sending a multicast-DIO with rank 602
1267952810	ID:34	RPL: Sending a multicast-DIO with rank 592
1270451246	ID:32	RPL: Sending a multicast-DIO with rank 592
1271814702	ID:33	RPL: Sending a multicast-DIO with rank 639
1271899855	ID:36	RPL: Sending a multicast-DIO with rank 602
1272952810	ID:34	RPL: Sending a multicast-DIO with rank 592
1275451246	ID:32	RPL: Sending a multicast-DIO with rank 592
1276814702	ID:33	RPL: Sending a multicast-DIO with rank 639
1276899855	ID:36	RPL: Sending a multicast-DIO with rank 602
1277952810	ID:34	RPL: Sending a multicast-DIO with rank 592
1280451246	ID:32	RPL: Sending a multicast-DIO with rank 592
1281814702	ID:33	RPL: Sending a multicast-DIO with rank 639
1281899855	ID:36	RPL: Sending a multicast-DIO with rank 602
1282952810	ID:34	RPL: Sending a multicast-DIO with rank 592
1285451246	ID:32	RPL: Sending a multicast-DIO with rank 592
1286814702	ID:33	RPL: Sending a multicast-DIO with rank 639
1286899855	ID:36	RPL: Sending a multicast-DIO with rank 602
1287952810	ID:34	RPL: Sending a multicast-DIO with rank 592
1290451246	ID:32	RPL: Sending a multicast-DIO with rank 592
1291814702	ID:33	RPL: Sending a multicast-DIO with rank 639
1291899855	ID:36	RPL: Sending a multicast-DIO with rank 602
1292952810	ID:34	RPL: Sending a multicast-DIO with rank 592
1295451246	ID:32	RPL: Sending a multicast-DIO with rank 592
1296814702	ID:33	RPL: Sending a multicast-DIO with rank 639
1296899855	ID:36	RPL: Sending a multicast-DIO with rank 602
1297952810	ID:34	RPL: Sending a multicast-DIO with rank 592
1300451246	ID:32	RPL: Sending a multicast-DIO with rank 592
1301814702	ID:33	RPL: Sending a multicast-DIO with rank 639
1301899855	ID:36	RPL: Sending a multicast-DIO with rank 602
1302952810	ID:34	RPL: Sending a multicast-DIO with rank 592
1305451246	ID:32	RPL: Sending a multicast-DIO with rank 592
1306814702	ID:33	RPL: Sending a multicast-DIO with rank 639
1306899855	ID:36	RPL: Sending a multicast-DIO with rank 602
1307952810	ID:34	RPL: Sending a multicast-DIO with rank 592
1310451246	ID:32	RPL: Sending a multicast-DIO with rank 592
1311814702	ID:33	RPL: Sending a multicast-DIO with rank 639
1311899855	ID:36	RPL: Sending a multicast-DIO with rank 602
1312952810	ID:34	RPL: Sending a multicast-DIO with rank 592
1315451246	ID:32	RPL: Sending a multicast-DIO with rank 592
1316814702	ID:33	RPL: Sending a multicast-DIO with rank 639
1316899855	ID:36	RPL: Sending a multicast-DIO with rank 602
1317952810	ID:34	RPL: Sending a multicast-DIO with rank 592
1320451246	ID:32	RPL: Sending a multicast-DIO with rank 592
1321814702	ID:33	RPL: Sending a multicast-DIO with rank 639
1321899855	ID:36	RPL: Sending a multicast-DIO with rank 602
1322874143	ID:35	RPL: Sending a DIS to fe80::c30c:0:0:7
1322952810	ID:34	RPL: Sending a multicast-DIO with rank 592
1325451246	ID:32	RPL: Sending a multicast-DIO with rank 592
1326814702	ID:33	RPL: Sending a multicast-DIO with rank 639
1326899855	ID:36	RPL: Sending a multicast-DIO with rank 602
1327952810	ID:34	RPL: Sending a multicast-DIO with rank 592
1330451246	ID:32	RPL: Sending a multicast-DIO with rank 592
1331814702	ID:33	RPL: Sending a multicast-DIO with rank 639
1331899855	ID:36	RPL: Sending a multicast-DIO with rank 602
1332952810	ID:34	RPL: Sending a multicast-DIO with rank 592
1335451246	ID:32	RPL: Sending a multicast-DIO with rank 592
1336814702	ID:33	RPL: Sending a multicast-DIO with rank 639
1336899855	ID:36	RPL: Sending a multicast-DIO with rank 602
1337952810	ID:34	RPL: Sending a multicast-DIO with rank 592
1340451246	ID:32	RPL: Sending a multicast-DIO with rank 592
1341814702	ID:33	RPL: Sending a multicast-DIO with rank 639
1341899855	ID:36	RPL: Sending a multicast-DIO with rank 602
1342952810	ID:34	RPL: Sending a multicast-DIO with rank 592
1345451246	ID:32	RPL: Sending a multicast-DIO with rank 592
1346814702	ID:33	RPL: Sending a multicast-DIO with rank 639
1346899855	ID:36	RPL: Sending a multicast-DIO with rank 602
1347952810	ID:34	RPL: Sending a multicast-DIO with rank 592
1350451246	ID:32	RPL: Sending a multicast-DIO with rank 592
1351814702	ID:33	RPL: Sending a multicast-DIO with rank 639
1351899855	ID:36	RPL: Sending a multicast-DIO with rank 602
1352952810	ID:34	RPL: Sending a multicast-DIO with rank 592
1355451246	ID:32	RPL: Sending a multicast-DIO with rank 592
1356814702	ID:33	RPL: Sending a multicast-DIO with rank 639
1356899855	ID:36	RPL: Sending a multicast-DIO with rank 602
1357952810	ID:34	RPL: Sending a multicast-DIO with rank 592
1360451246	ID:32	RPL: Sending a multicast-DIO with rank 592
1361814702	ID:33	RPL: Sending a multicast-DIO with rank 639
1361899855	ID:36	RPL: Sending a multicast-DIO with rank 602
1362952810	ID:34	RPL: Sending a multicast-DIO with rank 592
1365451246	ID:32	RPL: Sending a multicast-DIO with rank 592
1366814702	ID:33	RPL: Sending a multicast-DIO with rank 639
1366899855	ID:36	RPL: Sending a multicast-DIO with rank 602
1367952810	ID:34	RPL: Sending a multicast-DIO with rank 592
1370451246	ID:32	RPL: Sending a multicast-DIO with rank 592
1371814702	ID:33	RPL: Sending a multicast-DIO with rank 639
1371899855	ID:36	RPL: Sending a multicast-DIO with rank 602
1372952810	ID:34	RPL: Sending a multicast-DIO with rank 592
1375451246	ID:32	RPL: Sending a multicast-DIO with rank 592
1376814702	ID:33	RPL: Sending a multicast-DIO with rank 639
1376899855	ID:36	RPL: Sending a multicast-DIO with rank 602
1377952810	ID:34	RPL: Sending a multicast-DIO with rank 592
1380451246	ID:32	RPL: Sending a multicast-DIO with rank 592
1381814702	ID:33	RPL: Sending a multicast-DIO with rank 639
1381899855	ID:36	RPL: Sending a multicast-DIO with rank 602
1382874143	ID:35	RPL: Sending a DIS to fe80::c30c:0:0:7
1382952810	ID:34	RPL: Sending a multicast-DIO with rank 592
1385451246	ID:32	RPL: Sending a multicast-DIO with rank 592
1386814702	ID:33	RPL: Sending a multicast-DIO with rank 639
1386899855	ID:36	RPL: Sending a multicast-DIO with rank 602
1387952810	ID:34	RPL: Sending a multicast-DIO with rank 592
1390451246	ID:32	RPL: Sending a multicast-DIO with rank 592
1391814702	ID:33	RPL: Sending a multicast-DIO with rank 639
1391899855	ID:36	RPL: Sending a multicast-DIO with rank 602
1392952810	ID:34	RPL: Sending a multicast-DIO with rank 592
1395451246	ID:32	RPL: Sending a multicast-DIO with rank 592
1396814702	ID:33	RPL: Sending a multicast-DIO with rank 639
1396899855	ID:36	RPL: Sending a multicast-DIO with rank 602
1397952810	ID:34	RPL: Sending a multicast-DIO with rank 592
1400451246	ID:32	RPL: Sending a multicast-DIO with rank 592
1401814702	ID:33	RPL: Sending a multicast-DIO with rank 639
1401899855	ID:36	RPL: Sending a multicast-DIO with rank 602
1402952810	ID:34	RPL: Sending a multicast-DIO with rank 592
1405451246	ID:32	RPL: Sending a multicast-DIO with rank 592
1406814702	ID:33	RPL: Sending a multicast-DIO with rank 639
1406899855	ID:36	RPL: Sending a multicast-DIO with rank 602
1407952810	ID:34	RPL: Sending a multicast-DIO with rank 592
1410451246	ID:32	RPL: Sending a multicast-DIO with rank 592
1411814702	ID:33	RPL: Sending a multicast-DIO with rank 639
1411899855	ID:36	RPL: Sending a multicast-DIO with rank 602
1412952810	ID:34	RPL: Sending a multicast-DIO with rank 592
1415451246	ID:32	RPL: Sending a multicast-DIO with rank 592
1416814702	ID:33	RPL: Sending a multicast-DIO with rank 639
1416899855	ID:36	RPL: Sending a multicast-DIO with rank 602
1417952810	ID:34	RPL: Sending a multicast-DIO with rank 592
1420451246	ID:32	RPL: Sending a multicast-DIO with rank 592
1421814702	ID:33	RPL: Sending a multicast-DIO with rank 639
1421899855	ID:36	RPL: Sending a multicast-DIO with rank 602
1422952810	ID:34	RPL: Sending a multicast-DIO with rank 592
1425451246	ID:32	RPL: Sending a multicast-DIO with rank 592
1426814702	ID:33	RPL: Sending a multicast-DIO with rank 639
1426899855	ID:36	RPL: Sending a multicast-DIO with rank 602
1427952810	ID:34	RPL: Sending a multicast-DIO with rank 592
1430451246	ID:32	RPL: Sending a multicast-DIO with rank 592
1431814702	ID:33	RPL: Sending a multicast-DIO with rank 639
1431899855	ID:36	RPL: Sending a multicast-DIO with rank 602
1432952810	ID:34	RPL: Sending a multicast-DIO with rank 592
1435451246	ID:32	RPL: Sending a multicast-DIO with rank 592
1436814702	ID:33	RPL: Sending a multicast-DIO with rank 639
1436899855	ID:36	RPL: Sending a multicast-DIO with rank 602
1437952810	ID:34	RPL: Sending a multicast-DIO with rank 592
1440451246	ID:32	RPL: Sending a multicast-DIO with rank 592
1441814702	ID:33	RPL: Sending a multicast-DIO with rank 639
1441899862	ID:36	RPL: Sending a multicast-DIO with rank 602
1442874143	ID:35	RPL: Sending a DIS to fe80::c30c:0:0:7
1442952810	ID:34	RPL: Sending a multicast-DIO with rank 592
1445451246	ID:32	RPL: Sending a multicast-DIO with rank 592
1446814702	ID:33	RPL: Sending a multicast-DIO with rank 639
1446899855	ID:36	RPL: Sending a multicast-DIO with rank 602
1447952810	ID:34	RPL: Sending a multicast-DIO with rank 592
1450451246	ID:32	RPL: Sending a multicast-DIO with rank 592
1451814702	ID:33	RPL: Sending a multicast-DIO with rank 639
1451899855	ID:36	RPL: Sending a multicast-DIO with rank 602
1452952810	ID:34	RPL: Sending a multicast-DIO with rank 592
1455451246	ID:32	RPL: Sending a multicast-DIO with rank 592
1456814702	ID:33	RPL: Sending a multicast-DIO with rank 639
1456899855	ID:36	RPL: Sending a multicast-DIO with rank 602
1457952810	ID:34	RPL: Sending a multicast-DIO with rank 592
1460451246	ID:32	RPL: Sending a multicast-DIO with rank 592
1461814702	ID:33	RPL: Sending a multicast-DIO with rank 639
1461899855	ID:36	RPL: Sending a multicast-DIO with rank 602
1462952810	ID:34	RPL: Sending a multicast-DIO with rank 592
1465451246	ID:32	RPL: Sending a multicast-DIO with rank 592
1466814702	ID:33	RPL: Sending a multicast-DIO with rank 639
1466899855	ID:36	RPL: Sending a multicast-DIO with rank 602
1467952810	ID:34	RPL: Sending a multicast-DIO with rank 592
1470451246	ID:32	RPL: Sending a multicast-DIO with rank 592
1471814702	ID:33	RPL: Sending a multicast-DIO with rank 639
1471899855	ID:36	RPL: Sending a multicast-DIO with rank 602
1472952810	ID:34	RPL: Sending a multicast-DIO with rank 592
1475451246	ID:32	RPL: Sending a multicast-DIO with rank 592
1476814702	ID:33	RPL: Sending a multicast-DIO with rank 639
1476899855	ID:36	RPL: Sending a multicast-DIO with rank 602
1477952810	ID:34	RPL: Sending a multicast-DIO with rank 592
1480451246	ID:32	RPL: Sending a multicast-DIO with rank 592
1481814702	ID:33	RPL: Sending a multicast-DIO with rank 639
1481899855	ID:36	RPL: Sending a multicast-DIO with rank 602
1482952810	ID:34	RPL: Sending a multicast-DIO with rank 592
1485451246	ID:32	RPL: Sending a multicast-DIO with rank 592
1486814702	ID:33	RPL: Sending a multicast-DIO with rank 639
1486899855	ID:36	RPL: Sending a multicast-DIO with rank 602
1487952810	ID:34	RPL: Sending a multicast-DIO with rank 592
1490451246	ID:32	RPL: Sending a multicast-DIO with rank 592
1491814702	ID:33	RPL: Sending a multicast-DIO with rank 639
1491899855	ID:36	RPL: Sending a multicast-DIO with rank 602
1492952810	ID:34	RPL: Sending a multicast-DIO with rank 592
1495451246	ID:32	RPL: Sending a multicast-DIO with rank 592
1496814702	ID:33	RPL: Sending a multicast-DIO with rank 639
1496899855	ID:36	RPL: Sending a multicast-DIO with rank 602
1497952810	ID:34	RPL: Sending a multicast-DIO with rank 592
1500451246	ID:32	RPL: Sending a multicast-DIO with rank 592
1501814702	ID:33	RPL: Sending a multicast-DIO with rank 639
1501899855	ID:36	RPL: Sending a multicast-DIO with rank 602
1502874143	ID:35	RPL: Sending a DIS to fe80::c30c:0:0:7
1502952810	ID:34	RPL: Sending a multicast-DIO with rank 592
1505451246	ID:32	RPL: Sending a multicast-DIO with rank 592
1506814702	ID:33	RPL: Sending a multicast-DIO with rank 639
1506899855	ID:36	RPL: Sending a multicast-DIO with rank 602
1507952810	ID:34	RPL: Sending a multicast-DIO with rank 592
1510451246	ID:32	RPL: Sending a multicast-DIO with rank 592
1511814702	ID:33	RPL: Sending a multicast-DIO with rank 639
1511899855	ID:36	RPL: Sending a multicast-DIO with rank 602
1512952817	ID:34	RPL: Sending a multicast-DIO with rank 592
1515451246	ID:32	RPL: Sending a multicast-DIO with rank 592
1516814702	ID:33	RPL: Sending a multicast-DIO with rank 639
1516899855	ID:36	RPL: Sending a multicast-DIO with rank 602
1517952810	ID:34	RPL: Sending a multicast-DIO with rank 592
1520451246	ID:32	RPL: Sending a multicast-DIO with rank 592
1521814702	ID:33	RPL: Sending a multicast-DIO with rank 639
1521899855	ID:36	RPL: Sending a multicast-DIO with rank 602
1522952810	ID:34	RPL: Sending a multicast-DIO with rank 592
1525451246	ID:32	RPL: Sending a multicast-DIO with rank 592
1526814702	ID:33	RPL: Sending a multicast-DIO with rank 639
1526899855	ID:36	RPL: Sending a multicast-DIO with rank 602
1527952810	ID:34	RPL: Sending a multicast-DIO with rank 592
1530451246	ID:32	RPL: Sending a multicast-DIO with rank 592
1531814702	ID:33	RPL: Sending a multicast-DIO with rank 639
1531899855	ID:36	RPL: Sending a multicast-DIO with rank 602
1532952810	ID:34	RPL: Sending a multicast-DIO with rank 592
1535451246	ID:32	RPL: Sending a multicast-DIO with rank 592
1536814702	ID:33	RPL: Sending a multicast-DIO with rank 639
1536899855	ID:36	RPL: Sending a multicast-DIO with rank 602
1537952810	ID:34	RPL: Sending a multicast-DIO with rank 592
1540451246	ID:32	RPL: Sending a multicast-DIO with rank 592
1541814702	ID:33	RPL: Sending a multicast-DIO with rank 639
1541899855	ID:36	RPL: Sending a multicast-DIO with rank 602
1542952810	ID:34	RPL: Sending a multicast-DIO with rank 592
1545451246	ID:32	RPL: Sending a multicast-DIO with rank 592
1546814702	ID:33	RPL: Sending a multicast-DIO with rank 639
1546899855	ID:36	RPL: Sending a multicast-DIO with rank 602
1547952810	ID:34	RPL: Sending a multicast-DIO with rank 592
1550451246	ID:32	RPL: Sending a multicast-DIO with rank 592
1551814702	ID:33	RPL: Sending a multicast-DIO with rank 639
1551899855	ID:36	RPL: Sending a multicast-DIO with rank 602
1552952810	ID:34	RPL: Sending a multicast-DIO with rank 592
1555451246	ID:32	RPL: Sending a multicast-DIO with rank 592
1556814702	ID:33	RPL: Sending a multicast-DIO with rank 639
1556899855	ID:36	RPL: Sending a multicast-DIO with rank 602
1557952810	ID:34	RPL: Sending a multicast-DIO with rank 592
1560451246	ID:32	RPL: Sending a multicast-DIO with rank 592
1561814702	ID:33	RPL: Sending a multicast-DIO with rank 639
1561899855	ID:36	RPL: Sending a multicast-DIO with rank 602
1562874143	ID:35	RPL: Sending a DIS to fe80::c30c:0:0:7
1562952810	ID:34	RPL: Sending a multicast-DIO with rank 592
1565451246	ID:32	RPL: Sending a multicast-DIO with rank 592
1566814702	ID:33	RPL: Sending a multicast-DIO with rank 639
1566899855	ID:36	RPL: Sending a multicast-DIO with rank 602
1567952810	ID:34	RPL: Sending a multicast-DIO with rank 592
1570451246	ID:32	RPL: Sending a multicast-DIO with rank 592
1571814709	ID:33	RPL: Sending a multicast-DIO with rank 639
1571899855	ID:36	RPL: Sending a multicast-DIO with rank 602
1572952810	ID:34	RPL: Sending a multicast-DIO with rank 592
1575451246	ID:32	RPL: Sending a multicast-DIO with rank 592
1576814702	ID:33	RPL: Sending a multicast-DIO with rank 639
1576899855	ID:36	RPL: Sending a multicast-DIO with rank 602
1577952810	ID:34	RPL: Sending a multicast-DIO with rank 592
1580451246	ID:32	RPL: Sending a multicast-DIO with rank 592
1581814702	ID:33	RPL: Sending a multicast-DIO with rank 639
1581899855	ID:36	RPL: Sending a multicast-DIO with rank 602
1582952810	ID:34	RPL: Sending a multicast-DIO with rank 592
1585451253	ID:32	RPL: Sending a multicast-DIO with rank 592
1586814702	ID:33	RPL: Sending a multicast-DIO with rank 639
1586899855	ID:36	RPL: Sending a multicast-DIO with rank 602
1587952810	ID:34	RPL: Sending a multicast-DIO with rank 592
1590451246	ID:32	RPL: Sending a multicast-DIO with rank 592
1591814702	ID:33	RPL: Sending a multicast-DIO with rank 639
1591899855	ID:36	RPL: Sending a multicast-DIO with rank 602
1592952810	ID:34	RPL: Sending a multicast-DIO with rank 592
1595451246	ID:32	RPL: Sending a multicast-DIO with rank 592
1596814702	ID:33	RPL: Sending a multicast-DIO with rank 639
1596899855	ID:36	RPL: Sending a multicast-DIO with rank 602
1597952810	ID:34	RPL: Sending a multicast-DIO with rank 592
1600451246	ID:32	RPL: Sending a multicast-DIO with rank 592
1601814702	ID:33	RPL: Sending a multicast-DIO with rank 639
1601899855	ID:36	RPL: Sending a multicast-DIO with rank 602
1602952810	ID:34	RPL: Sending a multicast-DIO with rank 592
1605451246	ID:32	RPL: Sending a multicast-DIO with rank 592
1606814702	ID:33	RPL: Sending a multicast-DIO with rank 639
1606899855	ID:36	RPL: Sending a multicast-DIO with rank 602
1607952810	ID:34	RPL: Sending a multicast-DIO with rank 592
1610451246	ID:32	RPL: Sending a multicast-DIO with rank 592
1611814702	ID:33	RPL: Sending a multicast-DIO with rank 639
1611899855	ID:36	RPL: Sending a multicast-DIO with rank 602
1612952810	ID:34	RPL: Sending a multicast-DIO with rank 592
1615451246	ID:32	RPL: Sending a multicast-DIO with rank 592
1616814702	ID:33	RPL: Sending a multicast-DIO with rank 639
1616899855	ID:36	RPL: Sending a multicast-DIO with rank 602
1617952810	ID:34	RPL: Sending a multicast-DIO with rank 592
1620451246	ID:32	RPL: Sending a multicast-DIO with rank 592
1621814702	ID:33	RPL: Sending a multicast-DIO with rank 639
1621899855	ID:36	RPL: Sending a multicast-DIO with rank 602
1622874143	ID:35	RPL: Sending a DIS to fe80::c30c:0:0:7
1622952810	ID:34	RPL: Sending a multicast-DIO with rank 592
1625451246	ID:32	RPL: Sending a multicast-DIO with rank 592
1626814702	ID:33	RPL: Sending a multicast-DIO with rank 639
1626899855	ID:36	RPL: Sending a multicast-DIO with rank 602
1627952810	ID:34	RPL: Sending a multicast-DIO with rank 592
1630451246	ID:32	RPL: Sending a multicast-DIO with rank 592
1631814702	ID:33	RPL: Sending a multicast-DIO with rank 639
1631899855	ID:36	RPL: Sending a multicast-DIO with rank 602
1632952810	ID:34	RPL: Sending a multicast-DIO with rank 592
1635451246	ID:32	RPL: Sending a multicast-DIO with rank 592
1636814702	ID:33	RPL: Sending a multicast-DIO with rank 639
1636899855	ID:36	RPL: Sending a multicast-DIO with rank 602
1637952810	ID:34	RPL: Sending a multicast-DIO with rank 592
1640451246	ID:32	RPL: Sending a multicast-DIO with rank 592
1641814702	ID:33	RPL: Sending a multicast-DIO with rank 639
1641899855	ID:36	RPL: Sending a multicast-DIO with rank 602
1642952810	ID:34	RPL: Sending a multicast-DIO with rank 592
1645451246	ID:32	RPL: Sending a multicast-DIO with rank 592
1646814702	ID:33	RPL: Sending a multicast-DIO with rank 639
1646899855	ID:36	RPL: Sending a multicast-DIO with rank 602
1647952810	ID:34	RPL: Sending a multicast-DIO with rank 592
1650451246	ID:32	RPL: Sending a multicast-DIO with rank 592
1651814702	ID:33	RPL: Sending a multicast-DIO with rank 639
1651899855	ID:36	RPL: Sending a multicast-DIO with rank 602
1652952810	ID:34	RPL: Sending a multicast-DIO with rank 592
1655451246	ID:32	RPL: Sending a multicast-DIO with rank 592
1656814702	ID:33	RPL: Sending a multicast-DIO with rank 639
1656899855	ID:36	RPL: Sending a multicast-DIO with rank 602
1657952810	ID:34	RPL: Sending a multicast-DIO with rank 592
1660451246	ID:32	RPL: Sending a multicast-DIO with rank 592
1661814702	ID:33	RPL: Sending a multicast-DIO with rank 639
1661899855	ID:36	RPL: Sending a multicast-DIO with rank 602
1662952810	ID:34	RPL: Sending a multicast-DIO with rank 592
1665451246	ID:32	RPL: Sending a multicast-DIO with rank 592
1666814702	ID:33	RPL: Sending a multicast-DIO with rank 639
1666899855	ID:36	RPL: Sending a multicast-DIO with rank 602
1667952810	ID:34	RPL: Sending a multicast-DIO with rank 592
1670451246	ID:32	RPL: Sending a multicast-DIO with rank 592
1671814702	ID:33	RPL: Sending a multicast-DIO with rank 639
1671899855	ID:36	RPL: Sending a multicast-DIO with rank 602
1672952810	ID:34	RPL: Sending a multicast-DIO with rank 592
1675451246	ID:32	RPL: Sending a multicast-DIO with rank 592
1676814702	ID:33	RPL: Sending a multicast-DIO with rank 639
1676899855	ID:36	RPL: Sending a multicast-DIO with rank 602
1677952810	ID:34	RPL: Sending a multicast-DIO with rank 592
1680451246	ID:32	RPL: Sending a multicast-DIO with rank 592
1681814702	ID:33	RPL: Sending a multicast-DIO with rank 639
1681899855	ID:36	RPL: Sending a multicast-DIO with rank 602
1682874143	ID:35	RPL: Sending a DIS to fe80::c30c:0:0:7
1682952810	ID:34	RPL: Sending a multicast-DIO with rank 592
1685451246	ID:32	RPL: Sending a multicast-DIO with rank 592
1686814702	ID:33	RPL: Sending a multicast-DIO with rank 639
1686899855	ID:36	RPL: Sending a multicast-DIO with rank 602
1687952810	ID:34	RPL: Sending a multicast-DIO with rank 592
1690451246	ID:32	RPL: Sending a multicast-DIO with rank 592
1691814702	ID:33	RPL: Sending a multicast-DIO with rank 639
1691899855	ID:36	RPL: Sending a multicast-DIO with rank 602
1692952810	ID:34	RPL: Sending a multicast-DIO with rank 592
1695451246	ID:32	RPL: Sending a multicast-DIO with rank 592
1696814702	ID:33	RPL: Sending a multicast-DIO with rank 639
1696899855	ID:36	RPL: Sending a multicast-DIO with rank 602
1697952810	ID:34	RPL: Sending a multicast-DIO with rank 592
1700451246	ID:32	RPL: Sending a multicast-DIO with rank 592
1701814702	ID:33	RPL: Sending a multicast-DIO with rank 639
1701899855	ID:36	RPL: Sending a multicast-DIO with rank 602
1702952810	ID:34	RPL: Sending a multicast-DIO with rank 592
1705451246	ID:32	RPL: Sending a multicast-DIO with rank 592
1706814702	ID:33	RPL: Sending a multicast-DIO with rank 639
1706899855	ID:36	RPL: Sending a multicast-DIO with rank 602
1707952810	ID:34	RPL: Sending a multicast-DIO with rank 592
1710451246	ID:32	RPL: Sending a multicast-DIO with rank 592
1711814702	ID:33	RPL: Sending a multicast-DIO with rank 639
1711899855	ID:36	RPL: Sending a multicast-DIO with rank 602
1712952810	ID:34	RPL: Sending a multicast-DIO with rank 592
1715451246	ID:32	RPL: Sending a multicast-DIO with rank 592
1716814702	ID:33	RPL: Sending a multicast-DIO with rank 639
1716899855	ID:36	RPL: Sending a multicast-DIO with rank 602
1717952810	ID:34	RPL: Sending a multicast-DIO with rank 592
1720451246	ID:32	RPL: Sending a multicast-DIO with rank 592
1721814702	ID:33	RPL: Sending a multicast-DIO with rank 639
1721899855	ID:36	RPL: Sending a multicast-DIO with rank 602
1722952810	ID:34	RPL: Sending a multicast-DIO with rank 592
1725451246	ID:32	RPL: Sending a multicast-DIO with rank 592
1726814702	ID:33	RPL: Sending a multicast-DIO with rank 639
1726899855	ID:36	RPL: Sending a multicast-DIO with rank 602
1727952810	ID:34	RPL: Sending a multicast-DIO with rank 592
1730451246	ID:32	RPL: Sending a multicast-DIO with rank 592
1731814702	ID:33	RPL: Sending a multicast-DIO with rank 639
1731899855	ID:36	RPL: Sending a multicast-DIO with rank 602
1732952810	ID:34	RPL: Sending a multicast-DIO with rank 592
1735451246	ID:32	RPL: Sending a multicast-DIO with rank 592
1736814702	ID:33	RPL: Sending a multicast-DIO with rank 639
1736899855	ID:36	RPL: Sending a multicast-DIO with rank 602
1737952810	ID:34	RPL: Sending a multicast-DIO with rank 592
1740451246	ID:32	RPL: Sending a multicast-DIO with rank 592
1741814702	ID:33	RPL: Sending a multicast-DIO with rank 639
1741899855	ID:36	RPL: Sending a multicast-DIO with rank 602
1742874143	ID:35	RPL: Sending a DIS to fe80::c30c:0:0:7
1742952810	ID:34	RPL: Sending a multicast-DIO with rank 592
1745451246	ID:32	RPL: Sending a multicast-DIO with rank 592
1746814702	ID:33	RPL: Sending a multicast-DIO with rank 639
1746899855	ID:36	RPL: Sending a multicast-DIO with rank 602
1747952810	ID:34	RPL: Sending a multicast-DIO with rank 592
1750451246	ID:32	RPL: Sending a multicast-DIO with rank 592
1751814702	ID:33	RPL: Sending a multicast-DIO with rank 639
1751899855	ID:36	RPL: Sending a multicast-DIO with rank 602
1752952810	ID:34	RPL: Sending a multicast-DIO with rank 592
1755451246	ID:32	RPL: Sending a multicast-DIO with rank 592
1756814702	ID:33	RPL: Sending a multicast-DIO with rank 639
1756899855	ID:36	RPL: Sending a multicast-DIO with rank 602
1757952810	ID:34	RPL: Sending a multicast-DIO with rank 592
1760451246	ID:32	RPL: Sending a multicast-DIO with rank 592
1761814702	ID:33	RPL: Sending a multicast-DIO with rank 639
1761899855	ID:36	RPL: Sending a multicast-DIO with rank 602
1762952810	ID:34	RPL: Sending a multicast-DIO with rank 592
1765451246	ID:32	RPL: Sending a multicast-DIO with rank 592
1766814702	ID:33	RPL: Sending a multicast-DIO with rank 639
1766899855	ID:36	RPL: Sending a multicast-DIO with rank 602
1767952810	ID:34	RPL: Sending a multicast-DIO with rank 592
1770451246	ID:32	RPL: Sending a multicast-DIO with rank 592
1771814702	ID:33	RPL: Sending a multicast-DIO with rank 639
1771899855	ID:36	RPL: Sending a multicast-DIO with rank 602
1772952810	ID:34	RPL: Sending a multicast-DIO with rank 592
1775451246	ID:32	RPL: Sending a multicast-DIO with rank 592
1776814702	ID:33	RPL: Sending a multicast-DIO with rank 639
1776899855	ID:36	RPL: Sending a multicast-DIO with rank 602
1777952810	ID:34	RPL: Sending a multicast-DIO with rank 592
1780451246	ID:32	RPL: Sending a multicast-DIO with rank 592
1781814702	ID:33	RPL: Sending a multicast-DIO with rank 639
1781899855	ID:36	RPL: Sending a multicast-DIO with rank 602
1782952810	ID:34	RPL: Sending a multicast-DIO with rank 592
1785451246	ID:32	RPL: Sending a multicast-DIO with rank 592
1786814702	ID:33	RPL: Sending a multicast-DIO with rank 639
1786899855	ID:36	RPL: Sending a multicast-DIO with rank 602
1787952810	ID:34	RPL: Sending a multicast-DIO with rank 592
1790451246	ID:32	RPL: Sending a multicast-DIO with rank 592
1791814702	ID:33	RPL: Sending a multicast-DIO with rank 639
1791899855	ID:36	RPL: Sending a multicast-DIO with rank 602
1792952810	ID:34	RPL: Sending a multicast-DIO with rank 592
1795451246	ID:32	RPL: Sending a multicast-DIO with rank 592
1796814702	ID:33	RPL: Sending a multicast-DIO with rank 639
1796899855	ID:36	RPL: Sending a multicast-DIO with rank 602
1797952810	ID:34	RPL: Sending a multicast-DIO with rank 592
