30107359	ID:32	RPL: Sending a DIS to fe80::c30c:0:0:3
30299307	ID:33	RPL: Sending a DIS to fe80::c30c:0:0:2
30677545	ID:34	RPL: Sending a DIS to fe80::c30c:0:0:6
30716363	ID:36	RPL: Sending a DIS to fe80::c30c:0:0:8
31027235	ID:35	RPL: Sending a DIS to fe80::c30c:0:0:7
33831854	ID:34	RPL: Received a DIO from fe80::c30c:0:0:6
33835629	ID:34	RPL: Incoming DIO (id, ver, rank) = (30,240,587)
33840127	ID:34	RPL: Incoming DIO (dag_id, pref) = (fd00::ff:fe00:1, 0)
33842369	ID:34	RPL: DIO option 4, length: 14
33848277	ID:34	RPL: DAG conf:dbl=8, min=12 red=6 maxinc=896 mininc=128 ocp=1 d_l=10 l_u=60
33850541	ID:34	RPL: DIO option 8, length: 30
33852810	ID:34	RPL: Copying prefix information
33861542	ID:34	RPL: Neighbor added to neighbor cache fe80::c30c:0:0:6, c1:0c:00:00:00:00:00:06
34839033	ID:33	RPL: Received a DIO from fe80::c30c:0:0:2
34842803	ID:33	RPL: Incoming DIO (id, ver, rank) = (30,240,548)
34847340	ID:33	RPL: Incoming DIO (dag_id, pref) = (fd00::ff:fe00:1, 0)
34849566	ID:33	RPL: DIO option 4, length: 14
34855488	ID:33	RPL: DAG conf:dbl=8, min=12 red=6 maxinc=896 mininc=128 ocp=1 d_l=10 l_u=60
34857714	ID:33	RPL: DIO option 8, length: 30
34859982	ID:33	RPL: Copying prefix information
34869598	ID:33	RPL: Neighbor added to neighbor cache fe80::c30c:0:0:2, c1:0c:00:00:00:00:00:02
35022400	ID:32	RPL: Received a DIO from fe80::c30c:0:0:3
35026170	ID:32	RPL: Incoming DIO (id, ver, rank) = (30,240,574)
35030669	ID:32	RPL: Incoming DIO (dag_id, pref) = (fd00::ff:fe00:1, 0)
35032926	ID:32	RPL: DIO option 4, length: 14
35038833	ID:32	RPL: DAG conf:dbl=8, min=12 red=6 maxinc=896 mininc=128 ocp=1 d_l=10 l_u=60
35041094	ID:32	RPL: DIO option 8, length: 30
35043363	ID:32	RPL: Copying prefix information
35053216	ID:32	RPL: Neighbor added to neighbor cache fe80::c30c:0:0:3, c1:0c:00:00:00:00:00:03
36066550	ID:35	RPL: Received a DIO from fe80::c30c:0:0:7
36070324	ID:35	RPL: Incoming DIO (id, ver, rank) = (30,240,659)
36074822	ID:35	RPL: Incoming DIO (dag_id, pref) = (fd00::ff:fe00:1, 0)
36077066	ID:35	RPL: DIO option 4, length: 14
36082973	ID:35	RPL: DAG conf:dbl=8, min=12 red=6 maxinc=896 mininc=128 ocp=1 d_l=10 l_u=60
36085238	ID:35	RPL: DIO option 8, length: 30
36087506	ID:35	RPL: Copying prefix information
36096939	ID:35	RPL: Neighbor added to neighbor cache fe80::c30c:0:0:7, c1:0c:00:00:00:00:00:07
38869270	ID:34	RPL: Sending a multicast-DIO with rank 587
39873233	ID:33	RPL: Sending a multicast-DIO with rank 548
40059089	ID:32	RPL: Sending a multicast-DIO with rank 574
41104035	ID:35	RPL: Sending a multicast-DIO with rank 659
43869249	ID:34	RPL: Sending a multicast-DIO with rank 587
44873213	ID:33	RPL: Sending a multicast-DIO with rank 548
45059068	ID:32	RPL: Sending a multicast-DIO with rank 574
46104015	ID:35	RPL: Sending a multicast-DIO with rank 659
48869249	ID:34	RPL: Sending a multicast-DIO with rank 587
49873213	ID:33	RPL: Sending a multicast-DIO with rank 548
50059068	ID:32	RPL: Sending a multicast-DIO with rank 574
51104015	ID:35	RPL: Sending a multicast-DIO with rank 659
53869249	ID:34	RPL: Sending a multicast-DIO with rank 587
54873213	ID:33	RPL: Sending a multicast-DIO with rank 548
55059068	ID:32	RPL: Sending a multicast-DIO with rank 574
56104015	ID:35	RPL: Sending a multicast-DIO with rank 659
58869249	ID:34	RPL: Sending a multicast-DIO with rank 587
59873213	ID:33	RPL: Sending a multicast-DIO with rank 548
60059068	ID:32	RPL: Sending a multicast-DIO with rank 574
61104015	ID:35	RPL: Sending a multicast-DIO with rank 659
62499265	ID:36	RPL: Sending a DIS to fe80::c30c:0:0:8
63869248	ID:34	RPL: Sending a multicast-DIO with rank 587
64873212	ID:33	RPL: Sending a multicast-DIO with rank 548
65059067	ID:32	RPL: Sending a multicast-DIO with rank 574
66104014	ID:35	RPL: Sending a multicast-DIO with rank 659
68869248	ID:34	RPL: Sending a multicast-DIO with rank 587
69873212	ID:33	RPL: Sending a multicast-DIO with rank 548
70059067	ID:32	RPL: Sending a multicast-DIO with rank 574
71104014	ID:35	RPL: Sending a multicast-DIO with rank 659
73869248	ID:34	RPL: Sending a multicast-DIO with rank 587
74873212	ID:33	RPL: Sending a multicast-DIO with rank 548
75059067	ID:32	RPL: Sending a multicast-DIO with rank 574
76104014	ID:35	RPL: Sending a multicast-DIO with rank 659
78869248	ID:34	RPL: Sending a multicast-DIO with rank 587
79873212	ID:33	RPL: Sending a multicast-DIO with rank 548
80059067	ID:32	RPL: Sending a multicast-DIO with rank 574
81104014	ID:35	RPL: Sending a multicast-DIO with rank 659
83869248	ID:34	RPL: Sending a multicast-DIO with rank 587
84873212	ID:33	RPL: Sending a multicast-DIO with rank 548
85059067	ID:32	RPL: Sending a multicast-DIO with rank 574
86104014	ID:35	RPL: Sending a multicast-DIO with rank 659
88869248	ID:34	RPL: Sending a multicast-DIO with rank 587
89873212	ID:33	RPL: Sending a multicast-DIO with rank 548
90059068	ID:32	RPL: Sending a multicast-DIO with rank 574
91104002	ID:35	RPL: Sending a multicast-DIO with rank 659
93869236	ID:34	RPL: Sending a multicast-DIO with rank 587
94873200	ID:33	RPL: Sending a multicast-DIO with rank 548
95059055	ID:32	RPL: Sending a multicast-DIO with rank 574
96104002	ID:35	RPL: Sending a multicast-DIO with rank 659
98869236	ID:34	RPL: Sending a multicast-DIO with rank 587
99873200	ID:33	RPL: Sending a multicast-DIO with rank 548
100059055	ID:32	RPL: Sending a multicast-DIO with rank 574
101104002	ID:35	RPL: Sending a multicast-DIO with rank 659
103869236	ID:34	RPL: Sending a multicast-DIO with rank 587
104873200	ID:33	RPL: Sending a multicast-DIO with rank 548
105059055	ID:32	RPL: Sending a multicast-DIO with rank 574
106104002	ID:35	RPL: Sending a multicast-DIO with rank 659
108869236	ID:34	RPL: Sending a multicast-DIO with rank 587
109873200	ID:33	RPL: Sending a multicast-DIO with rank 548
110059055	ID:32	RPL: Sending a multicast-DIO with rank 574
111104002	ID:35	RPL: Sending a multicast-DIO with rank 659
113869236	ID:34	RPL: Sending a multicast-DIO with rank 587
114873200	ID:33	RPL: Sending a multicast-DIO with rank 548
115059055	ID:32	RPL: Sending a multicast-DIO with rank 574
116104002	ID:35	RPL: Sending a multicast-DIO with rank 659
118869236	ID:34	RPL: Sending a multicast-DIO with rank 587
119873200	ID:33	RPL: Sending a multicast-DIO with rank 548
120059055	ID:32	RPL: Sending a multicast-DIO with rank 574
121104002	ID:35	RPL: Sending a multicast-DIO with rank 659
122499252	ID:36	RPL: Sending a DIS to fe80::c30c:0:0:8
123869236	ID:34	RPL: Sending a multicast-DIO with rank 587
124873200	ID:33	RPL: Sending a multicast-DIO with rank 548
125059055	ID:32	RPL: Sending a multicast-DIO with rank 574
126104002	ID:35	RPL: Sending a multicast-DIO with rank 659
128869236	ID:34	RPL: Sending a multicast-DIO with rank 587
129873200	ID:33	RPL: Sending a multicast-DIO with rank 548
130059055	ID:32	RPL: Sending a multicast-DIO with rank 574
131104002	ID:35	RPL: Sending a multicast-DIO with rank 659
133869236	ID:34	RPL: Sending a multicast-DIO with rank 587
134873200	ID:33	RPL: Sending a multicast-DIO with rank 548
135059055	ID:32	RPL: Sending a multicast-DIO with rank 574
136104002	ID:35	RPL: Sending a multicast-DIO with rank 659
138869236	ID:34	RPL: Sending a multicast-DIO with rank 587
139873200	ID:33	RPL: Sending a multicast-DIO with rank 548
140059055	ID:32	RPL: Sending a multicast-DIO with rank 574
141104002	ID:35	RPL: Sending a multicast-DIO with rank 659
143869236	ID:34	RPL: Sending a multicast-DIO with rank 587
144873200	ID:33	RPL: Sending a multicast-DIO with rank 548
145059055	ID:32	RPL: Sending a multicast-DIO with rank 574
146104002	ID:35	RPL: Sending a multicast-DIO with rank 659
148869236	ID:34	RPL: Sending a multicast-DIO with rank 587
149873200	ID:33	RPL: Sending a multicast-DIO with rank 548
150059055	ID:32	RPL: Sending a multicast-DIO with rank 574
151104002	ID:35	RPL: Sending a multicast-DIO with rank 659
153869236	ID:34	RPL: Sending a multicast-DIO with rank 587
154873200	ID:33	RPL: Sending a multicast-DIO with rank 548
155059055	ID:32	RPL: Sending a multicast-DIO with rank 574
156104002	ID:35	RPL: Sending a multicast-DIO with rank 659
158869236	ID:34	RPL: Sending a multicast-DIO with rank 587
159873200	ID:33	RPL: Sending a multicast-DIO with rank 548
160059055	ID:32	RPL: Sending a multicast-DIO with rank 574
161104002	ID:35	RPL: Sending a multicast-DIO with rank 659
163869236	ID:34	RPL: Sending a multicast-DIO with rank 587
164873200	ID:33	RPL: Sending a multicast-DIO with rank 548
165059055	ID:32	RPL: Sending a multicast-DIO with rank 574
166104002	ID:35	RPL: Sending a multicast-DIO with rank 659
168869236	ID:34	RPL: Sending a multicast-DIO with rank 587
169873200	ID:33	RPL: Sending a multicast-DIO with rank 548
170059055	ID:32	RPL: Sending a multicast-DIO with rank 574
171104002	ID:35	RPL: Sending a multicast-DIO with rank 659
173869236	ID:34	RPL: Sending a multicast-DIO with rank 587
174873200	ID:33	RPL: Sending a multicast-DIO with rank 548
175059055	ID:32	RPL: Sending a multicast-DIO with rank 574
176104002	ID:35	RPL: Sending a multicast-DIO with rank 659
178869236	ID:34	RPL: Sending a multicast-DIO with rank 587
179873200	ID:33	RPL: Sending a multicast-DIO with rank 548
180059055	ID:32	RPL: Sending a multicast-DIO with rank 574
181104002	ID:35	RPL: Sending a multicast-DIO with rank 659
182499252	ID:36	RPL: Sending a DIS to fe80::c30c:0:0:8
183869236	ID:34	RPL: Sending a multicast-DIO with rank 587
184873200	ID:33	RPL: Sending a multicast-DIO with rank 548
185059055	ID:32	RPL: Sending a multicast-DIO with rank 574
186104002	ID:35	RPL: Sending a multicast-DIO with rank 659
188869236	ID:34	RPL: Sending a multicast-DIO with rank 587
189873200	ID:33	RPL: Sending a multicast-DIO with rank 548
190059055	ID:32	RPL: Sending a multicast-DIO with rank 574
191104002	ID:35	RPL: Sending a multicast-DIO with rank 659
193869236	ID:34	RPL: Sending a multicast-DIO with rank 587
194873200	ID:33	RPL: Sending a multicast-DIO with rank 548
195059055	ID:32	RPL: Sending a multicast-DIO with rank 574
196104002	ID:35	RPL: Sending a multicast-DIO with rank 659
198869236	ID:34	RPL: Sending a multicast-DIO with rank 587
199873200	ID:33	RPL: Sending a multicast-DIO with rank 548
200059055	ID:32	RPL: Sending a multicast-DIO with rank 574
201104002	ID:35	RPL: Sending a multicast-DIO with rank 659
203869236	ID:34	RPL: Sending a multicast-DIO with rank 587
204873200	ID:33	RPL: Sending a multicast-DIO with rank 548
205059055	ID:32	RPL: Sending a multicast-DIO with rank 574
206104002	ID:35	RPL: Sending a multicast-DIO with rank 659
208869236	ID:34	RPL: Sending a multicast-DIO with rank 587
209873200	ID:33	RPL: Sending a multicast-DIO with rank 548
210059055	ID:32	RPL: Sending a multicast-DIO with rank 574
211104002	ID:35	RPL: Sending a multicast-DIO with rank 659
213869236	ID:34	RPL: Sending a multicast-DIO with rank 587
214873200	ID:33	RPL: Sending a multicast-DIO with rank 548
215059055	ID:32	RPL: Sending a multicast-DIO with rank 574
216104002	ID:35	RPL: Sending a multicast-DIO with rank 659
218869236	ID:34	RPL: Sending a multicast-DIO with rank 587
219873200	ID:33	RPL: Sending a multicast-DIO with rank 548
220059055	ID:32	RPL: Sending a multicast-DIO with rank 574
221104002	ID:35	RPL: Sending a multicast-DIO with rank 659
223869236	ID:34	RPL: Sending a multicast-DIO with rank 587
224873200	ID:33	RPL: Sending a multicast-DIO with rank 548
225059055	ID:32	RPL: Sending a multicast-DIO with rank 574
226104002	ID:35	RPL: Sending a multicast-DIO with rank 659
228869236	ID:34	RPL: Sending a multicast-DIO with rank 587
229873200	ID:33	RPL: Sending a multicast-DIO with rank 548
230059055	ID:32	RPL: Sending a multicast-DIO with rank 574
231104002	ID:35	RPL: Sending a multicast-DIO with rank 659
233869236	ID:34	RPL: Sending a multicast-DIO with rank 587
234873200	ID:33	RPL: Sending a multicast-DIO with rank 548
235059055	ID:32	RPL: Sending a multicast-DIO with rank 574
236104002	ID:35	RPL: Sending a multicast-DIO with rank 659
238869236	ID:34	RPL: Sending a multicast-DIO with rank 587
239873200	ID:33	RPL: Sending a multicast-DIO with rank 548
240059055	ID:32	RPL: Sending a multicast-DIO with rank 574
241104002	ID:35	RPL: Sending a multicast-DIO with rank 659
242499252	ID:36	RPL: Sending a DIS to fe80::c30c:0:0:8
243869236	ID:34	RPL: Sending a multicast-DIO with rank 587
244873200	ID:33	RPL: Sending a multicast-DIO with rank 548
245059055	ID:32	RPL: Sending a multicast-DIO with rank 574
246104002	ID:35	RPL: Sending a multicast-DIO with rank 659
248869236	ID:34	RPL: Sending a multicast-DIO with rank 587
249873200	ID:33	RPL: Sending a multicast-DIO with rank 548
250059055	ID:32	RPL: Sending a multicast-DIO with rank 574
251104002	ID:35	RPL: Sending a multicast-DIO with rank 659
253869236	ID:34	RPL: Sending a multicast-DIO with rank 587
254873200	ID:33	RPL: Sending a multicast-DIO with rank 548
255059055	ID:32	RPL: Sending a multicast-DIO with rank 574
256104002	ID:35	RPL: Sending a multicast-DIO with rank 659
258869236	ID:34	RPL: Sending a multicast-DIO with rank 587
259873200	ID:33	RPL: Sending a multicast-DIO with rank 548
260059055	ID:32	RPL: Sending a multicast-DIO with rank 574
261104002	ID:35	RPL: Sending a multicast-DIO with rank 659
263869236	ID:34	RPL: Sending a multicast-DIO with rank 587
264873200	ID:33	RPL: Sending a multicast-DIO with rank 548
265059055	ID:32	RPL: Sending a multicast-DIO with rank 574
266104002	ID:35	RPL: Sending a multicast-DIO with rank 659
268869236	ID:34	RPL: Sending a multicast-DIO with rank 587
269873200	ID:33	RPL: Sending a multicast-DIO with rank 548
270059055	ID:32	RPL: Sending a multicast-DIO with rank 574
271104002	ID:35	RPL: Sending a multicast-DIO with rank 659
273869236	ID:34	RPL: Sending a multicast-DIO with rank 587
274873200	ID:33	RPL: Sending a multicast-DIO with rank 548
275059055	ID:32	RPL: Sending a multicast-DIO with rank 574
276104002	ID:35	RPL: Sending a multicast-DIO with rank 659
278869236	ID:34	RPL: Sending a multicast-DIO with rank 587
279873200	ID:33	RPL: Sending a multicast-DIO with rank 548
280059055	ID:32	RPL: Sending a multicast-DIO with rank 574
281104002	ID:35	RPL: Sending a multicast-DIO with rank 659
283869236	ID:34	RPL: Sending a multicast-DIO with rank 587
284873200	ID:33	RPL: Sending a multicast-DIO with rank 548
285059055	ID:32	RPL: Sending a multicast-DIO with rank 574
286104002	ID:35	RPL: Sending a multicast-DIO with rank 659
288869236	ID:34	RPL: Sending a multicast-DIO with rank 587
289873200	ID:33	RPL: Sending a multicast-DIO with rank 548
290059055	ID:32	RPL: Sending a multicast-DIO with rank 574
291104002	ID:35	RPL: Sending a multicast-DIO with rank 659
293869236	ID:34	RPL: Sending a multicast-DIO with rank 587
294873200	ID:33	RPL: Sending a multicast-DIO with rank 548
295059055	ID:32	RPL: Sending a multicast-DIO with rank 574
296104002	ID:35	RPL: Sending a multicast-DIO with rank 659
298869236	ID:34	RPL: Sending a multicast-DIO with rank 587
299873200	ID:33	RPL: Sending a multicast-DIO with rank 548
300059055	ID:32	RPL: Sending a multicast-DIO with rank 574
301104002	ID:35	RPL: Sending a multicast-DIO with rank 659
302499252	ID:36	RPL: Sending a DIS to fe80::c30c:0:0:8
303869236	ID:34	RPL: Sending a multicast-DIO with rank 587
304873200	ID:33	RPL: Sending a multicast-DIO with rank 548
305059055	ID:32	RPL: Sending a multicast-DIO with rank 574
306104002	ID:35	RPL: Sending a multicast-DIO with rank 659
308869236	ID:34	RPL: Sending a multicast-DIO with rank 587
309873200	ID:33	RPL: Sending a multicast-DIO with rank 548
310059055	ID:32	RPL: Sending a multicast-DIO with rank 574
311104002	ID:35	RPL: Sending a multicast-DIO with rank 659
313869236	ID:34	RPL: Sending a multicast-DIO with rank 587
314873200	ID:33	RPL: Sending a multicast-DIO with rank 548
315059055	ID:32	RPL: Sending a multicast-DIO with rank 574
316104002	ID:35	RPL: Sending a multicast-DIO with rank 659
318869236	ID:34	RPL: Sending a multicast-DIO with rank 587
319873200	ID:33	RPL: Sending a multicast-DIO with rank 548
320059055	ID:32	RPL: Sending a multicast-DIO with rank 574
321104002	ID:35	RPL: Sending a multicast-DIO with rank 659
323869236	ID:34	RPL: Sending a multicast-DIO with rank 587
324873200	ID:33	RPL: Sending a multicast-DIO with rank 548
325059055	ID:32	RPL: Sending a multicast-DIO with rank 574
326104002	ID:35	RPL: Sending a multicast-DIO with rank 659
328869236	ID:34	RPL: Sending a multicast-DIO with rank 587
329873200	ID:33	RPL: Sending a multicast-DIO with rank 548
330059055	ID:32	RPL: Sending a multicast-DIO with rank 574
331104002	ID:35	RPL: Sending a multicast-DIO with rank 659
333869236	ID:34	RPL: Sending a multicast-DIO with rank 587
334873200	ID:33	RPL: Sending a multicast-DIO with rank 548
335059055	ID:32	RPL: Sending a multicast-DIO with rank 574
336104002	ID:35	RPL: Sending a multicast-DIO with rank 659
338869236	ID:34	RPL: Sending a multicast-DIO with rank 587
339873200	ID:33	RPL: Sending a multicast-DIO with rank 548
340059055	ID:32	RPL: Sending a multicast-DIO with rank 574
341104002	ID:35	RPL: Sending a multicast-DIO with rank 659
343869236	ID:34	RPL: Sending a multicast-DIO with rank 587
344873200	ID:33	RPL: Sending a multicast-DIO with rank 548
345059055	ID:32	RPL: Sending a multicast-DIO with rank 574
346104002	ID:35	RPL: Sending a multicast-DIO with rank 659
348869236	ID:34	RPL: Sending a multicast-DIO with rank 587
349873206	ID:33	RPL: Sending a multicast-DIO with rank 548
350059055	ID:32	RPL: Sending a multicast-DIO with rank 574
351104002	ID:35	RPL: Sending a multicast-DIO with rank 659
353869236	ID:34	RPL: Sending a multicast-DIO with rank 587
354873200	ID:33	RPL: Sending a multicast-DIO with rank 548
355059062	ID:32	RPL: Sending a multicast-DIO with rank 574
356104002	ID:35	RPL: Sending a multicast-DIO with rank 659
358869236	ID:34	RPL: Sending a multicast-DIO with rank 587
359873200	ID:33	RPL: Sending a multicast-DIO with rank 548
360059055	ID:32	RPL: Sending a multicast-DIO with rank 574
361104002	ID:35	RPL: Sending a multicast-DIO with rank 659
362499252	ID:36	RPL: Sending a DIS to fe80::c30c:0:0:8
363869236	ID:34	RPL: Sending a multicast-DIO with rank 587
364873200	ID:33	RPL: Sending a multicast-DIO with rank 548
365059055	ID:32	RPL: Sending a multicast-DIO with rank 574
366104002	ID:35	RPL: Sending a multicast-DIO with rank 659
368869236	ID:34	RPL: Sending a multicast-DIO with rank 587
369873200	ID:33	RPL: Sending a multicast-DIO with rank 548
370059055	ID:32	RPL: Sending a multicast-DIO with rank 574
371104002	ID:35	RPL: Sending a multicast-DIO with rank 659
373869236	ID:34	RPL: Sending a multicast-DIO with rank 587
374873200	ID:33	RPL: Sending a multicast-DIO with rank 548
375059055	ID:32	RPL: Sending a multicast-DIO with rank 574
376104002	ID:35	RPL: Sending a multicast-DIO with rank 659
378869236	ID:34	RPL: Sending a multicast-DIO with rank 587
379873200	ID:33	RPL: Sending a multicast-DIO with rank 548
380059055	ID:32	RPL: Sending a multicast-DIO with rank 574
381104002	ID:35	RPL: Sending a multicast-DIO with rank 659
383869236	ID:34	RPL: Sending a multicast-DIO with rank 587
384873200	ID:33	RPL: Sending a multicast-DIO with rank 548
385059055	ID:32	RPL: Sending a multicast-DIO with rank 574
386104002	ID:35	RPL: Sending a multicast-DIO with rank 659
388869236	ID:34	RPL: Sending a multicast-DIO with rank 587
389873200	ID:33	RPL: Sending a multicast-DIO with rank 548
390059055	ID:32	RPL: Sending a multicast-DIO with rank 574
391104002	ID:35	RPL: Sending a multicast-DIO with rank 659
393869236	ID:34	RPL: Sending a multicast-DIO with rank 587
394873200	ID:33	RPL: Sending a multicast-DIO with rank 548
395059055	ID:32	RPL: Sending a multicast-DIO with rank 574
396104002	ID:35	RPL: Sending a multicast-DIO with rank 659
398869236	ID:34	RPL: Sending a multicast-DIO with rank 587
399873200	ID:33	RPL: Sending a multicast-DIO with rank 548
400059055	ID:32	RPL: Sending a multicast-DIO with rank 574
401104002	ID:35	RPL: Sending a multicast-DIO with rank 659
403869236	ID:34	RPL: Sending a multicast-DIO with rank 587
404873200	ID:33	RPL: Sending a multicast-DIO with rank 548
405059055	ID:32	RPL: Sending a multicast-DIO with rank 574
406104002	ID:35	RPL: Sending a multicast-DIO with rank 659
408869236	ID:34	RPL: Sending a multicast-DIO with rank 587
409873200	ID:33	RPL: Sending a multicast-DIO with rank 548
410059055	ID:32	RPL: Sending a multicast-DIO with rank 574
411104002	ID:35	RPL: Sending a multicast-DIO with rank 659
413869236	ID:34	RPL: Sending a multicast-DIO with rank 587
414873200	ID:33	RPL: Sending a multicast-DIO with rank 548
415059055	ID:32	RPL: Sending a multicast-DIO with rank 574
416104002	ID:35	RPL: Sending a multicast-DIO with rank 659
418869236	ID:34	RPL: Sending a multicast-DIO with rank 587
419873200	ID:33	RPL: Sending a multicast-DIO with rank 548
420059055	ID:32	RPL: Sending a multicast-DIO with rank 574
421104002	ID:35	RPL: Sending a multicast-DIO with rank 659
422499252	ID:36	RPL: Sending a DIS to fe80::c30c:0:0:8
423869236	ID:34	RPL: Sending a multicast-DIO with rank 587
424873200	ID:33	RPL: Sending a multicast-DIO with rank 548
425059055	ID:32	RPL: Sending a multicast-DIO with rank 574
426104009	ID:35	RPL: Sending a multicast-DIO with rank 659
428869243	ID:34	RPL: Sending a multicast-DIO with rank 587
429873200	ID:33	RPL: Sending a multicast-DIO with rank 548
430059055	ID:32	RPL: Sending a multicast-DIO with rank 574
431104002	ID:35	RPL: Sending a multicast-DIO with rank 659
433869236	ID:34	RPL: Sending a multicast-DIO with rank 587
434873200	ID:33	RPL: Sending a multicast-DIO with rank 548
435059055	ID:32	RPL: Sending a multicast-DIO with rank 574
436104002	ID:35	RPL: Sending a multicast-DIO with rank 659
438869236	ID:34	RPL: Sending a multicast-DIO with rank 587
439873200	ID:33	RPL: Sending a multicast-DIO with rank 548
440059055	ID:32	RPL: Sending a multicast-DIO with rank 574
441104002	ID:35	RPL: Sending a multicast-DIO with rank 659
443869236	ID:34	RPL: Sending a multicast-DIO with rank 587
444873200	ID:33	RPL: Sending a multicast-DIO with rank 548
445059055	ID:32	RPL: Sending a multicast-DIO with rank 574
446104002	ID:35	RPL: Sending a multicast-DIO with rank 659
448869236	ID:34	RPL: Sending a multicast-DIO with rank 587
449873200	ID:33	RPL: Sending a multicast-DIO with rank 548
450059055	ID:32	RPL: Sending a multicast-DIO with rank 574
451104002	ID:35	RPL: Sending a multicast-DIO with rank 659
453869236	ID:34	RPL: Sending a multicast-DIO with rank 587
454873200	ID:33	RPL: Sending a multicast-DIO with rank 548
455059055	ID:32	RPL: Sending a multicast-DIO with rank 574
456104002	ID:35	RPL: Sending a multicast-DIO with rank 659
458869236	ID:34	RPL: Sending a multicast-DIO with rank 587
459873200	ID:33	RPL: Sending a multicast-DIO with rank 548
460059055	ID:32	RPL: Sending a multicast-DIO with rank 574
461104002	ID:35	RPL: Sending a multicast-DIO with rank 659
463869236	ID:34	RPL: Sending a multicast-DIO with rank 587
464873200	ID:33	RPL: Sending a multicast-DIO with rank 548
465059055	ID:32	RPL: Sending a multicast-DIO with rank 574
466104002	ID:35	RPL: Sending a multicast-DIO with rank 659
468869236	ID:34	RPL: Sending a multicast-DIO with rank 587
469873200	ID:33	RPL: Sending a multicast-DIO with rank 548
470059055	ID:32	RPL: Sending a multicast-DIO with rank 574
471104002	ID:35	RPL: Sending a multicast-DIO with rank 659
473869236	ID:34	RPL: Sending a multicast-DIO with rank 587
474873200	ID:33	RPL: Sending a multicast-DIO with rank 548
475059055	ID:32	RPL: Sending a multicast-DIO with rank 574
476104002	ID:35	RPL: Sending a multicast-DIO with rank 659
478869236	ID:34	RPL: Sending a multicast-DIO with rank 587
479873200	ID:33	RPL: Sending a multicast-DIO with rank 548
480059055	ID:32	RPL: Sending a multicast-DIO with rank 574
481104002	ID:35	RPL: Sending a multicast-DIO with rank 659
482499820	ID:36	RPL: Sending a DIS to fe80::c30c:0:0:8
483869236	ID:34	RPL: Sending a multicast-DIO with rank 587
484873200	ID:33	RPL: Sending a multicast-DIO with rank 548
485059055	ID:32	RPL: Sending a multicast-DIO with rank 574
486104002	ID:35	RPL: Sending a multicast-DIO with rank 659
488869236	ID:34	RPL: Sending a multicast-DIO with rank 587
489873200	ID:33	RPL: Sending a multicast-DIO with rank 548
490059055	ID:32	RPL: Sending a multicast-DIO with rank 574
491104002	ID:35	RPL: Sending a multicast-DIO with rank 659
493869236	ID:34	RPL: Sending a multicast-DIO with rank 587
494873200	ID:33	RPL: Sending a multicast-DIO with rank 548
495059055	ID:32	RPL: Sending a multicast-DIO with rank 574
496104002	ID:35	RPL: Sending a multicast-DIO with rank 659
498869236	ID:34	RPL: Sending a multicast-DIO with rank 587
499873200	ID:33	RPL: Sending a multicast-DIO with rank 548
500059055	ID:32	RPL: Sending a multicast-DIO with rank 574
501104002	ID:35	RPL: Sending a multicast-DIO with rank 659
503869236	ID:34	RPL: Sending a multicast-DIO with rank 587
504873200	ID:33	RPL: Sending a multicast-DIO with rank 548
505059055	ID:32	RPL: Sending a multicast-DIO with rank 574
506104002	ID:35	RPL: Sending a multicast-DIO with rank 659
508869236	ID:34	RPL: Sending a multicast-DIO with rank 587
509873200	ID:33	RPL: Sending a multicast-DIO with rank 548
510059055	ID:32	RPL: Sending a multicast-DIO with rank 574
511104002	ID:35	RPL: Sending a multicast-DIO with rank 659
513869236	ID:34	RPL: Sending a multicast-DIO with rank 587
514873200	ID:33	RPL: Sending a multicast-DIO with rank 548
515059055	ID:32	RPL: Sending a multicast-DIO with rank 574
516104002	ID:35	RPL: Sending a multicast-DIO with rank 659
518869236	ID:34	RPL: Sending a multicast-DIO with rank 587
519873200	ID:33	RPL: Sending a multicast-DIO with rank 548
520059055	ID:32	RPL: Sending a multicast-DIO with rank 574
521104002	ID:35	RPL: Sending a multicast-DIO with rank 659
523869236	ID:34	RPL: Sending a multicast-DIO with rank 587
524873200	ID:33	RPL: Sending a multicast-DIO with rank 548
525059055	ID:32	RPL: Sending a multicast-DIO with rank 574
526104002	ID:35	RPL: Sending a multicast-DIO with rank 659
528869236	ID:34	RPL: Sending a multicast-DIO with rank 587
529873200	ID:33	RPL: Sending a multicast-DIO with rank 548
530059055	ID:32	RPL: Sending a multicast-DIO with rank 574
531104002	ID:35	RPL: Sending a multicast-DIO with rank 659
533869236	ID:34	RPL: Sending a multicast-DIO with rank 587
534873200	ID:33	RPL: Sending a multicast-DIO with rank 548
535059055	ID:32	RPL: Sending a multicast-DIO with rank 574
536104002	ID:35	RPL: Sending a multicast-DIO with rank 659
538869236	ID:34	RPL: Sending a multicast-DIO with rank 587
539873200	ID:33	RPL: Sending a multicast-DIO with rank 548
540059055	ID:32	RPL: Sending a multicast-DIO with rank 574
541104002	ID:35	RPL: Sending a multicast-DIO with rank 659
542499252	ID:36	RPL: Sending a DIS to fe80::c30c:0:0:8
543869236	ID:34	RPL: Sending a multicast-DIO with rank 587
544873200	ID:33	RPL: Sending a multicast-DIO with rank 548
545059055	ID:32	RPL: Sending a multicast-DIO with rank 574
546104002	ID:35	RPL: Sending a multicast-DIO with rank 659
548869236	ID:34	RPL: Sending a multicast-DIO with rank 587
549873200	ID:33	RPL: Sending a multicast-DIO with rank 548
550059055	ID:32	RPL: Sending a multicast-DIO with rank 574
551104002	ID:35	RPL: Sending a multicast-DIO with rank 659
553869236	ID:34	RPL: Sending a multicast-DIO with rank 587
554873200	ID:33	RPL: Sending a multicast-DIO with rank 548
555059055	ID:32	RPL: Sending a multicast-DIO with rank 574
556104002	ID:35	RPL: Sending a multicast-DIO with rank 659
558869236	ID:34	RPL: Sending a multicast-DIO with rank 587
559873200	ID:33	RPL: Sending a multicast-DIO with rank 548
560059055	ID:32	RPL: Sending a multicast-DIO with rank 574
561104002	ID:35	RPL: Sending a multicast-DIO with rank 659
563869236	ID:34	RPL: Sending a multicast-DIO with rank 587
564873200	ID:33	RPL: Sending a multicast-DIO with rank 548
565059055	ID:32	RPL: Sending a multicast-DIO with rank 574
566104002	ID:35	RPL: Sending a multicast-DIO with rank 659
568869236	ID:34	RPL: Sending a multicast-DIO with rank 587
569873200	ID:33	RPL: Sending a multicast-DIO with rank 548
570059055	ID:32	RPL: Sending a multicast-DIO with rank 574
571104002	ID:35	RPL: Sending a multicast-DIO with rank 659
573869236	ID:34	RPL: Sending a multicast-DIO with rank 587
574873200	ID:33	RPL: Sending a multicast-DIO with rank 548
575059055	ID:32	RPL: Sending a multicast-DIO with rank 574
576104002	ID:35	RPL: Sending a multicast-DIO with rank 659
578869236	ID:34	RPL: Sending a multicast-DIO with rank 587
579873200	ID:33	RPL: Sending a multicast-DIO with rank 548
580059055	ID:32	RPL: Sending a multicast-DIO with rank 574
581104002	ID:35	RPL: Sending a multicast-DIO with rank 659
583869236	ID:34	RPL: Sending a multicast-DIO with rank 587
584873200	ID:33	RPL: Sending a multicast-DIO with rank 548
585059055	ID:32	RPL: Sending a multicast-DIO with rank 574
586104002	ID:35	RPL: Sending a multicast-DIO with rank 659
588869236	ID:34	RPL: Sending a multicast-DIO with rank 587
589873200	ID:33	RPL: Sending a multicast-DIO with rank 548
590059055	ID:32	RPL: Sending a multicast-DIO with rank 574
591104002	ID:35	RPL: Sending a multicast-DIO with rank 659
593869236	ID:34	RPL: Sending a multicast-DIO with rank 587
594873200	ID:33	RPL: Sending a multicast-DIO with rank 548
595059055	ID:32	RPL: Sending a multicast-DIO with rank 574
596104002	ID:35	RPL: Sending a multicast-DIO with rank 659
598869236	ID:34	RPL: Sending a multicast-DIO with rank 587
599873200	ID:33	RPL: Sending a multicast-DIO with rank 548
600059055	ID:32	RPL: Sending a multicast-DIO with rank 574
601104002	ID:35	RPL: Sending a multicast-DIO with rank 659
602499252	ID:36	RPL: Sending a DIS to fe80::c30c:0:0:8
603869236	ID:34	RPL: Sending a multicast-DIO with rank 587
604873200	ID:33	RPL: Sending a multicast-DIO with rank 548
605059055	ID:32	RPL: Sending a multicast-DIO with rank 574
606104002	ID:35	RPL: Sending a multicast-DIO with rank 659
608869236	ID:34	RPL: Sending a multicast-DIO with rank 587
609873200	ID:33	RPL: Sending a multicast-DIO with rank 548
610059055	ID:32	RPL: Sending a multicast-DIO with rank 574
611104002	ID:35	RPL: Sending a multicast-DIO with rank 659
613869236	ID:34	RPL: Sending a multicast-DIO with rank 587
614873200	ID:33	RPL: Sending a multicast-DIO with rank 548
615059055	ID:32	RPL: Sending a multicast-DIO with rank 574
616104002	ID:35	RPL: Sending a multicast-DIO with rank 659
618869236	ID:34	RPL: Sending a multicast-DIO with rank 587
619873200	ID:33	RPL: Sending a multicast-DIO with rank 548
620059055	ID:32	RPL: Sending a multicast-DIO with rank 574
621104002	ID:35	RPL: Sending a multicast-DIO with rank 659
623869236	ID:34	RPL: Sending a multicast-DIO with rank 587
624873200	ID:33	RPL: Sending a multicast-DIO with rank 548
625059055	ID:32	RPL: Sending a multicast-DIO with rank 574
626104002	ID:35	RPL: Sending a multicast-DIO with rank 659
628869236	ID:34	RPL: Sending a multicast-DIO with rank 587
629873200	ID:33	RPL: Sending a multicast-DIO with rank 548
630059055	ID:32	RPL: Sending a multicast-DIO with rank 574
631104002	ID:35	RPL: Sending a multicast-DIO with rank 659
633869236	ID:34	RPL: Sending a multicast-DIO with rank 587
634873200	ID:33	RPL: Sending a multicast-DIO with rank 548
635059055	ID:32	RPL: Sending a multicast-DIO with rank 574
636104002	ID:35	RPL: Sending a multicast-DIO with rank 659
638869236	ID:34	RPL: Sending a multicast-DIO with rank 587
639873200	ID:33	RPL: Sending a multicast-DIO with rank 548
640059055	ID:32	RPL: Sending a multicast-DIO with rank 574
641104002	ID:35	RPL: Sending a multicast-DIO with rank 659
643869236	ID:34	RPL: Sending a multicast-DIO with rank 587
644873200	ID:33	RPL: Sending a multicast-DIO with rank 548
645059055	ID:32	RPL: Sending a multicast-DIO with rank 574
646104002	ID:35	RPL: Sending a multicast-DIO with rank 659
648869236	ID:34	RPL: Sending a multicast-DIO with rank 587
649873200	ID:33	RPL: Sending a multicast-DIO with rank 548
650059055	ID:32	RPL: Sending a multicast-DIO with rank 574
651104002	ID:35	RPL: Sending a multicast-DIO with rank 659
653869236	ID:34	RPL: Sending a multicast-DIO with rank 587
654873200	ID:33	RPL: Sending a multicast-DIO with rank 548
655059055	ID:32	RPL: Sending a multicast-DIO with rank 574
656104002	ID:35	RPL: Sending a multicast-DIO with rank 659
658869236	ID:34	RPL: Sending a multicast-DIO with rank 587
659873200	ID:33	RPL: Sending a multicast-DIO with rank 548
660059055	ID:32	RPL: Sending a multicast-DIO with rank 574
661104002	ID:35	RPL: Sending a multicast-DIO with rank 659
662499252	ID:36	RPL: Sending a DIS to fe80::c30c:0:0:8
663869236	ID:34	RPL: Sending a multicast-DIO with rank 587
664873200	ID:33	RPL: Sending a multicast-DIO with rank 548
665059055	ID:32	RPL: Sending a multicast-DIO with rank 574
666104002	ID:35	RPL: Sending a multicast-DIO with rank 659
668869236	ID:34	RPL: Sending a multicast-DIO with rank 587
669873200	ID:33	RPL: Sending a multicast-DIO with rank 548
670059055	ID:32	RPL: Sending a multicast-DIO with rank 574
671104002	ID:35	RPL: Sending a multicast-DIO with rank 659
673869236	ID:34	RPL: Sending a multicast-DIO with rank 587
674873200	ID:33	RPL: Sending a multicast-DIO with rank 548
675059055	ID:32	RPL: Sending a multicast-DIO with rank 574
676104002	ID:35	RPL: Sending a multicast-DIO with rank 659
678869236	ID:34	RPL: Sending a multicast-DIO with rank 587
679873200	ID:33	RPL: Sending a multicast-DIO with rank 548
680059055	ID:32	RPL: Sending a multicast-DIO with rank 574
681104002	ID:35	RPL: Sending a multicast-DIO with rank 659
683869236	ID:34	RPL: Sending a multicast-DIO with rank 587
684873200	ID:33	RPL: Sending a multicast-DIO with rank 548
685059055	ID:32	RPL: Sending a multicast-DIO with rank 574
686104002	ID:35	RPL: Sending a multicast-DIO with rank 659
688869236	ID:34	RPL: Sending a multicast-DIO with rank 587
689873200	ID:33	RPL: Sending a multicast-DIO with rank 548
690059055	ID:32	RPL: Sending a multicast-DIO with rank 574
691104002	ID:35	RPL: Sending a multicast-DIO with rank 659
693869236	ID:34	RPL: Sending a multicast-DIO with rank 587
694873200	ID:33	RPL: Sending a multicast-DIO with rank 548
695059062	ID:32	RPL: Sending a multicast-DIO with rank 574
696104002	ID:35	RPL: Sending a multicast-DIO with rank 659
698869236	ID:34	RPL: Sending a multicast-DIO with rank 587
699873207	ID:33	RPL: Sending a multicast-DIO with rank 548
700059055	ID:32	RPL: Sending a multicast-DIO with rank 574
701104002	ID:35	RPL: Sending a multicast-DIO with rank 659
703869236	ID:34	RPL: Sending a multicast-DIO with rank 587
704873200	ID:33	RPL: Sending a multicast-DIO with rank 548
705059055	ID:32	RPL: Sending a multicast-DIO with rank 574
706104002	ID:35	RPL: Sending a multicast-DIO with rank 659
708869236	ID:34	RPL: Sending a multicast-DIO with rank 587
709873200	ID:33	RPL: Sending a multicast-DIO with rank 548
710059055	ID:32	RPL: Sending a multicast-DIO with rank 574
711104002	ID:35	RPL: Sending a multicast-DIO with rank 659
713869236	ID:34	RPL: Sending a multicast-DIO with rank 587
714873200	ID:33	RPL: Sending a multicast-DIO with rank 548
715059055	ID:32	RPL: Sending a multicast-DIO with rank 574
716104002	ID:35	RPL: Sending a multicast-DIO with rank 659
718869236	ID:34	RPL: Sending a multicast-DIO with rank 587
719873200	ID:33	RPL: Sending a multicast-DIO with rank 548
720059055	ID:32	RPL: Sending a multicast-DIO with rank 574
721104002	ID:35	RPL: Sending a multicast-DIO with rank 659
722499252	ID:36	RPL: Sending a DIS to fe80::c30c:0:0:8
723869236	ID:34	RPL: Sending a multicast-DIO with rank 587
724873200	ID:33	RPL: Sending a multicast-DIO with rank 548
725059055	ID:32	RPL: Sending a multicast-DIO with rank 574
726104002	ID:35	RPL: Sending a multicast-DIO with rank 659
728869236	ID:34	RPL: Sending a multicast-DIO with rank 587
729873200	ID:33	RPL: Sending a multicast-DIO with rank 548
730059055	ID:32	RPL: Sending a multicast-DIO with rank 574
731104002	ID:35	RPL: Sending a multicast-DIO with rank 659
733869236	ID:34	RPL: Sending a multicast-DIO with rank 587
734873200	ID:33	RPL: Sending a multicast-DIO with rank 548
735059055	ID:32	RPL: Sending a multicast-DIO with rank 574
736104002	ID:35	RPL: Sending a multicast-DIO with rank 659
738869236	ID:34	RPL: Sending a multicast-DIO with rank 587
739873200	ID:33	RPL: Sending a multicast-DIO with rank 548
740059055	ID:32	RPL: Sending a multicast-DIO with rank 574
741104002	ID:35	RPL: Sending a multicast-DIO with rank 659
743869236	ID:34	RPL: Sending a multicast-DIO with rank 587
744873200	ID:33	RPL: Sending a multicast-DIO with rank 548
745059055	ID:32	RPL: Sending a multicast-DIO with rank 574
746104002	ID:35	RPL: Sending a multicast-DIO with rank 659
748869243	ID:34	RPL: Sending a multicast-DIO with rank 587
749873200	ID:33	RPL: Sending a multicast-DIO with rank 548
750059055	ID:32	RPL: Sending a multicast-DIO with rank 574
751104002	ID:35	RPL: Sending a multicast-DIO with rank 659
753869236	ID:34	RPL: Sending a multicast-DIO with rank 587
754873200	ID:33	RPL: Sending a multicast-DIO with rank 548
755059055	ID:32	RPL: Sending a multicast-DIO with rank 574
756104002	ID:35	RPL: Sending a multicast-DIO with rank 659
758869236	ID:34	RPL: Sending a multicast-DIO with rank 587
759873200	ID:33	RPL: Sending a multicast-DIO with rank 548
760059055	ID:32	RPL: Sending a multicast-DIO with rank 574
761104002	ID:35	RPL: Sending a multicast-DIO with rank 659
763869236	ID:34	RPL: Sending a multicast-DIO with rank 587
764873200	ID:33	RPL: Sending a multicast-DIO with rank 548
765059055	ID:32	RPL: Sending a multicast-DIO with rank 574
766104002	ID:35	RPL: Sending a multicast-DIO with rank 659
768869236	ID:34	RPL: Sending a multicast-DIO with rank 587
769873200	ID:33	RPL: Sending a multicast-DIO with rank 548
770059055	ID:32	RPL: Sending a multicast-DIO with rank 574
771104002	ID:35	RPL: Sending a multicast-DIO with rank 659
773869236	ID:34	RPL: Sending a multicast-DIO with rank 587
774873200	ID:33	RPL: Sending a multicast-DIO with rank 548
775059055	ID:32	RPL: Sending a multicast-DIO with rank 574
776104002	ID:35	RPL: Sending a multicast-DIO with rank 659
778869236	ID:34	RPL: Sending a multicast-DIO with rank 587
779873200	ID:33	RPL: Sending a multicast-DIO with rank 548
780059055	ID:32	RPL: Sending a multicast-DIO with rank 574
781104002	ID:35	RPL: Sending a multicast-DIO with rank 659
782499252	ID:36	RPL: Sending a DIS to fe80::c30c:0:0:8
783869236	ID:34	RPL: Sending a multicast-DIO with rank 587
784873200	ID:33	RPL: Sending a multicast-DIO with rank 548
785059055	ID:32	RPL: Sending a multicast-DIO with rank 574
786104002	ID:35	RPL: Sending a multicast-DIO with rank 659
788869236	ID:34	RPL: Sending a multicast-DIO with rank 587
789873200	ID:33	RPL: Sending a multicast-DIO with rank 548
790059055	ID:32	RPL: Sending a multicast-DIO with rank 574
791104002	ID:35	RPL: Sending a multicast-DIO with rank 659
793869236	ID:34	RPL: Sending a multicast-DIO with rank 587
794873200	ID:33	RPL: Sending a multicast-DIO with rank 548
795059055	ID:32	RPL: Sending a multicast-DIO with rank 574
796104002	ID:35	RPL: Sending a multicast-DIO with rank 659
798869236	ID:34	RPL: Sending a multicast-DIO with rank 587
799873200	ID:33	RPL: Sending a multicast-DIO with rank 548
800059055	ID:32	RPL: Sending a multicast-DIO with rank 574
801104002	ID:35	RPL: Sending a multicast-DIO with rank 659
803869236	ID:34	RPL: Sending a multicast-DIO with rank 587
804873200	ID:33	RPL: Sending a multicast-DIO with rank 548
805059055	ID:32	RPL: Sending a multicast-DIO with rank 574
806104002	ID:35	RPL: Sending a multicast-DIO with rank 659
808869236	ID:34	RPL: Sending a multicast-DIO with rank 587
809873200	ID:33	RPL: Sending a multicast-DIO with rank 548
810059055	ID:32	RPL: Sending a multicast-DIO with rank 574
811104002	ID:35	RPL: Sending a multicast-DIO with rank 659
813869236	ID:34	RPL: Sending a multicast-DIO with rank 587
814873200	ID:33	RPL: Sending a multicast-DIO with rank 548
815059055	ID:32	RPL: Sending a multicast-DIO with rank 574
816104002	ID:35	RPL: Sending a multicast-DIO with rank 659
818869236	ID:34	RPL: Sending a multicast-DIO with rank 587
819873200	ID:33	RPL: Sending a multicast-DIO with rank 548
820059055	ID:32	RPL: Sending a multicast-DIO with rank 574
821104002	ID:35	RPL: Sending a multicast-DIO with rank 659
823869236	ID:34	RPL: Sending a multicast-DIO with rank 587
824873200	ID:33	RPL: Sending a multicast-DIO with rank 548
825059055	ID:32	RPL: Sending a multicast-DIO with rank 574
826104002	ID:35	RPL: Sending a multicast-DIO with rank 659
828869236	ID:34	RPL: Sending a multicast-DIO with rank 587
829873200	ID:33	RPL: Sending a multicast-DIO with rank 548
830059055	ID:32	RPL: Sending a multicast-DIO with rank 574
831104002	ID:35	RPL: Sending a multicast-DIO with rank 659
833869236	ID:34	RPL: Sending a multicast-DIO with rank 587
834873200	ID:33	RPL: Sending a multicast-DIO with rank 548
835059055	ID:32	RPL: Sending a multicast-DIO with rank 574
836104002	ID:35	RPL: Sending a multicast-DIO with rank 659
838869236	ID:34	RPL: Sending a multicast-DIO with rank 587
839873200	ID:33	RPL: Sending a multicast-DIO with rank 548
840059055	ID:32	RPL: Sending a multicast-DIO with rank 574
841104002	ID:35	RPL: Sending a multicast-DIO with rank 659
842499820	ID:36	RPL: Sending a DIS to fe80::c30c:0:0:8
843869236	ID:34	RPL: Sending a multicast-DIO with rank 587
844873200	ID:33	RPL: Sending a multicast-DIO with rank 548
845059055	ID:32	RPL: Sending a multicast-DIO with rank 574
846104002	ID:35	RPL: Sending a multicast-DIO with rank 659
848869236	ID:34	RPL: Sending a multicast-DIO with rank 587
849873200	ID:33	RPL: Sending a multicast-DIO with rank 548
850059055	ID:32	RPL: Sending a multicast-DIO with rank 574
851104002	ID:35	RPL: Sending a multicast-DIO with rank 659
853869236	ID:34	RPL: Sending a multicast-DIO with rank 587
854873200	ID:33	RPL: Sending a multicast-DIO with rank 548
855059055	ID:32	RPL: Sending a multicast-DIO with rank 574
856104002	ID:35	RPL: Sending a multicast-DIO with rank 659
858869236	ID:34	RPL: Sending a multicast-DIO with rank 587
859873200	ID:33	RPL: Sending a multicast-DIO with rank 548
860059055	ID:32	RPL: Sending a multicast-DIO with rank 574
861104002	ID:35	RPL: Sending a multicast-DIO with rank 659
863869236	ID:34	RPL: Sending a multicast-DIO with rank 587
864873200	ID:33	RPL: Sending a multicast-DIO with rank 548
865059055	ID:32	RPL: Sending a multicast-DIO with rank 574
866104009	ID:35	RPL: Sending a multicast-DIO with rank 659
868869236	ID:34	RPL: Sending a multicast-DIO with rank 587
869873200	ID:33	RPL: Sending a multicast-DIO with rank 548
870059055	ID:32	RPL: Sending a multicast-DIO with rank 574
871104002	ID:35	RPL: Sending a multicast-DIO with rank 659
873869236	ID:34	RPL: Sending a multicast-DIO with rank 587
874873200	ID:33	RPL: Sending a multicast-DIO with rank 548
875059055	ID:32	RPL: Sending a multicast-DIO with rank 574
876104002	ID:35	RPL: Sending a multicast-DIO with rank 659
878869236	ID:34	RPL: Sending a multicast-DIO with rank 587
879873200	ID:33	RPL: Sending a multicast-DIO with rank 548
880059055	ID:32	RPL: Sending a multicast-DIO with rank 574
881104002	ID:35	RPL: Sending a multicast-DIO with rank 659
883869236	ID:34	RPL: Sending a multicast-DIO with rank 587
884873200	ID:33	RPL: Sending a multicast-DIO with rank 548
885059055	ID:32	RPL: Sending a multicast-DIO with rank 574
886104002	ID:35	RPL: Sending a multicast-DIO with rank 659
888869236	ID:34	RPL: Sending a multicast-DIO with rank 587
889873200	ID:33	RPL: Sending a multicast-DIO with rank 548
890059055	ID:32	RPL: Sending a multicast-DIO with rank 574
891104002	ID:35	RPL: Sending a multicast-DIO with rank 659
893869236	ID:34	RPL: Sending a multicast-DIO with rank 587
894873200	ID:33	RPL: Sending a multicast-DIO with rank 548
895059055	ID:32	RPL: Sending a multicast-DIO with rank 574
896104002	ID:35	RPL: Sending a multicast-DIO with rank 659
898869236	ID:34	RPL: Sending a multicast-DIO with rank 587
899873200	ID:33	RPL: Sending a multicast-DIO with rank 548
900059055	ID:32	RPL: Sending a multicast-DIO with rank 574
901104002	ID:35	RPL: Sending a multicast-DIO with rank 659
902499252	ID:36	RPL: Sending a DIS to fe80::c30c:0:0:8
903869236	ID:34	RPL: Sending a multicast-DIO with rank 587
904873200	ID:33	RPL: Sending a multicast-DIO with rank 548
905059055	ID:32	RPL: Sending a multicast-DIO with rank 574
906104002	ID:35	RPL: Sending a multicast-DIO with rank 659
908869236	ID:34	RPL: Sending a multicast-DIO with rank 587
909873200	ID:33	RPL: Sending a multicast-DIO with rank 548
910059055	ID:32	RPL: Sending a multicast-DIO with rank 574
911104002	ID:35	RPL: Sending a multicast-DIO with rank 659
913869236	ID:34	RPL: Sending a multicast-DIO with rank 587
914873200	ID:33	RPL: Sending a multicast-DIO with rank 548
915059055	ID:32	RPL: Sending a multicast-DIO with rank 574
916104002	ID:35	RPL: Sending a multicast-DIO with rank 659
918869236	ID:34	RPL: Sending a multicast-DIO with rank 587
919873200	ID:33	RPL: Sending a multicast-DIO with rank 548
920059055	ID:32	RPL: Sending a multicast-DIO with rank 574
921104002	ID:35	RPL: Sending a multicast-DIO with rank 659
923869236	ID:34	RPL: Sending a multicast-DIO with rank 587
924873200	ID:33	RPL: Sending a multicast-DIO with rank 548
925059055	ID:32	RPL: Sending a multicast-DIO with rank 574
926104002	ID:35	RPL: Sending a multicast-DIO with rank 659
928869236	ID:34	RPL: Sending a multicast-DIO with rank 587
929873200	ID:33	RPL: Sending a multicast-DIO with rank 548
930059055	ID:32	RPL: Sending a multicast-DIO with rank 574
931104002	ID:35	RPL: Sending a multicast-DIO with rank 659
933869236	ID:34	RPL: Sending a multicast-DIO with rank 587
934873200	ID:33	RPL: Sending a multicast-DIO with rank 548
935059055	ID:32	RPL: Sending a multicast-DIO with rank 574
936104002	ID:35	RPL: Sending a multicast-DIO with rank 659
938869236	ID:34	RPL: Sending a multicast-DIO with rank 587
939873200	ID:33	RPL: Sending a multicast-DIO with rank 548
940059055	ID:32	RPL: Sending a multicast-DIO with rank 574
941104002	ID:35	RPL: Sending a multicast-DIO with rank 659
943869236	ID:34	RPL: Sending a multicast-DIO with rank 587
944873200	ID:33	RPL: Sending a multicast-DIO with rank 548
945059055	ID:32	RPL: Sending a multicast-DIO with rank 574
946104002	ID:35	RPL: Sending a multicast-DIO with rank 659
948869236	ID:34	RPL: Sending a multicast-DIO with rank 587
949873200	ID:33	RPL: Sending a multicast-DIO with rank 548
950059055	ID:32	RPL: Sending a multicast-DIO with rank 574
951104002	ID:35	RPL: Sending a multicast-DIO with rank 659
953869236	ID:34	RPL: Sending a multicast-DIO with rank 587
954873200	ID:33	RPL: Sending a multicast-DIO with rank 548
955059055	ID:32	RPL: Sending a multicast-DIO with rank 574
956104002	ID:35	RPL: Sending a multicast-DIO with rank 659
958869236	ID:34	RPL: Sending a multicast-DIO with rank 587
959873200	ID:33	RPL: Sending a multicast-DIO with rank 548
960059055	ID:32	RPL: Sending a multicast-DIO with rank 574
961104002	ID:35	RPL: Sending a multicast-DIO with rank 659
962499252	ID:36	RPL: Sending a DIS to fe80::c30c:0:0:8
963869236	ID:34	RPL: Sending a multicast-DIO with rank 587
964873200	ID:33	RPL: Sending a multicast-DIO with rank 548
965059055	ID:32	RPL: Sending a multicast-DIO with rank 574
966104002	ID:35	RPL: Sending a multicast-DIO with rank 659
968869236	ID:34	RPL: Sending a multicast-DIO with rank 587
969873200	ID:33	RPL: Sending a multicast-DIO with rank 548
970059055	ID:32	RPL: Sending a multicast-DIO with rank 574
971104002	ID:35	RPL: Sending a multicast-DIO with rank 659
973869236	ID:34	RPL: Sending a multicast-DIO with rank 587
974873200	ID:33	RPL: Sending a multicast-DIO with rank 548
975059055	ID:32	RPL: Sending a multicast-DIO with rank 574
976104002	ID:35	RPL: Sending a multicast-DIO with rank 659
978869236	ID:34	RPL: Sending a multicast-DIO with rank 587
979873200	ID:33	RPL: Sending a multicast-DIO with rank 548
980059055	ID:32	RPL: Sending a multicast-DIO with rank 574
981104002	ID:35	RPL: Sending a multicast-DIO with rank 659
983869236	ID:34	RPL: Sending a multicast-DIO with rank 587
984873200	ID:33	RPL: Sending a multicast-DIO with rank 548
985059055	ID:32	RPL: Sending a multicast-DIO with rank 574
986104002	ID:35	RPL: Sending a multicast-DIO with rank 659
988869236	ID:34	RPL: Sending a multicast-DIO with rank 587
989873200	ID:33	RPL: Sending a multicast-DIO with rank 548
990059055	ID:32	RPL: Sending a multicast-DIO with rank 574
991104002	ID:35	RPL: Sending a multicast-DIO with rank 659
993869236	ID:34	RPL: Sending a multicast-DIO with rank 587
994873200	ID:33	RPL: Sending a multicast-DIO with rank 548
995059055	ID:32	RPL: Sending a multicast-DIO with rank 574
996104002	ID:35	RPL: Sending a multicast-DIO with rank 659
998869236	ID:34	RPL: Sending a multicast-DIO with rank 587
999873200	ID:33	RPL: Sending a multicast-DIO with rank 548
1000059055	ID:32	RPL: Sending a multicast-DIO with rank 574
1001104002	ID:35	RPL: Sending a multicast-DIO with rank 659
1003869236	ID:34	RPL: Sending a multicast-DIO with rank 587
1004873200	ID:33	RPL: Sending a multicast-DIO with rank 548
1005059055	ID:32	RPL: Sending a multicast-DIO with rank 574
1006104002	ID:35	RPL: Sending a multicast-DIO with rank 659
1008869236	ID:34	RPL: Sending a multicast-DIO with rank 587
1009873200	ID:33	RPL: Sending a multicast-DIO with rank 548
1010059055	ID:32	RPL: Sending a multicast-DIO with rank 574
1011104002	ID:35	RPL: Sending a multicast-DIO with rank 659
1013869236	ID:34	RPL: Sending a multicast-DIO with rank 587
1014873200	ID:33	RPL: Sending a multicast-DIO with rank 548
1015059055	ID:32	RPL: Sending a multicast-DIO with rank 574
1016104002	ID:35	RPL: Sending a multicast-DIO with rank 659
1018869236	ID:34	RPL: Sending a multicast-DIO with rank 587
1019873200	ID:33	RPL: Sending a multicast-DIO with rank 548
1020059055	ID:32	RPL: Sending a multicast-DIO with rank 574
1021104002	ID:35	RPL: Sending a multicast-DIO with rank 659
1022499252	ID:36	RPL: Sending a DIS to fe80::c30c:0:0:8
1023869236	ID:34	RPL: Sending a multicast-DIO with rank 587
1024873200	ID:33	RPL: Sending a multicast-DIO with rank 548
1025059063	ID:32	RPL: Sending a multicast-DIO with rank 574
1026104003	ID:35	RPL: Sending a multicast-DIO with rank 659
1028869237	ID:34	RPL: Sending a multicast-DIO with rank 587
1029873201	ID:33	RPL: Sending a multicast-DIO with rank 548
1030059056	ID:32	RPL: Sending a multicast-DIO with rank 574
1031104003	ID:35	RPL: Sending a multicast-DIO with rank 659
1033869237	ID:34	RPL: Sending a multicast-DIO with rank 587
1034873201	ID:33	RPL: Sending a multicast-DIO with rank 548
1035059056	ID:32	RPL: Sending a multicast-DIO with rank 574
1036104003	ID:35	RPL: Sending a multicast-DIO with rank 659
1038869237	ID:34	RPL: Sending a multicast-DIO with rank 587
1039873201	ID:33	RPL: Sending a multicast-DIO with rank 548
1040059056	ID:32	RPL: Sending a multicast-DIO with rank 574
1041104003	ID:35	RPL: Sending a multicast-DIO with rank 659
1043869237	ID:34	RPL: Sending a multicast-DIO with rank 587
1044873201	ID:33	RPL: Sending a multicast-DIO with rank 548
1045059056	ID:32	RPL: Sending a multicast-DIO with rank 574
1046104003	ID:35	RPL: Sending a multicast-DIO with rank 659
1048869237	ID:34	RPL: Sending a multicast-DIO with rank 587
1049873201	ID:33	RPL: Sending a multicast-DIO with rank 548
1050059056	ID:32	RPL: Sending a multicast-DIO with rank 574
1051104003	ID:35	RPL: Sending a multicast-DIO with rank 659
1053869237	ID:34	RPL: Sending a multicast-DIO with rank 587
1054873201	ID:33	RPL: Sending a multicast-DIO with rank 548
1055059056	ID:32	RPL: Sending a multicast-DIO with rank 574
1056104003	ID:35	RPL: Sending a multicast-DIO with rank 659
1058869237	ID:34	RPL: Sending a multicast-DIO with rank 587
1059873201	ID:33	RPL: Sending a multicast-DIO with rank 548
1060059056	ID:32	RPL: Sending a multicast-DIO with rank 574
1061104003	ID:35	RPL: Sending a multicast-DIO with rank 659
1063869237	ID:34	RPL: Sending a multicast-DIO with rank 587
1064873201	ID:33	RPL: Sending a multicast-DIO with rank 548
1065059056	ID:32	RPL: Sending a multicast-DIO with rank 574
1066104003	ID:35	RPL: Sending a multicast-DIO with rank 659
1068869237	ID:34	RPL: Sending a multicast-DIO with rank 587
1069873201	ID:33	RPL: Sending a multicast-DIO with rank 548
1070059056	ID:32	RPL: Sending a multicast-DIO with rank 574
1071104003	ID:35	RPL: Sending a multicast-DIO with rank 659
1073869244	ID:34	RPL: Sending a multicast-DIO with rank 587
1074873201	ID:33	RPL: Sending a multicast-DIO with rank 548
1075059056	ID:32	RPL: Sending a multicast-DIO with rank 574
1076104003	ID:35	RPL: Sending a multicast-DIO with rank 659
1078869237	ID:34	RPL: Sending a multicast-DIO with rank 587
1079873201	ID:33	RPL: Sending a multicast-DIO with rank 548
1080059056	ID:32	RPL: Sending a multicast-DIO with rank 574
1081104003	ID:35	RPL: Sending a multicast-DIO with rank 659
1082499253	ID:36	RPL: Sending a DIS to fe80::c30c:0:0:8
1083869237	ID:34	RPL: Sending a multicast-DIO with rank 587
1084873201	ID:33	RPL: Sending a multicast-DIO with rank 548
1085059056	ID:32	RPL: Sending a multicast-DIO with rank 574
1086104003	ID:35	RPL: Sending a multicast-DIO with rank 659
1088869237	ID:34	RPL: Sending a multicast-DIO with rank 587
1089873201	ID:33	RPL: Sending a multicast-DIO with rank 548
1090059056	ID:32	RPL: Sending a multicast-DIO with rank 574
1091104003	ID:35	RPL: Sending a multicast-DIO with rank 659
1093869237	ID:34	RPL: Sending a multicast-DIO with rank 587
1094873201	ID:33	RPL: Sending a multicast-DIO with rank 548
1095059056	ID:32	RPL: Sending a multicast-DIO with rank 574
1096104003	ID:35	RPL: Sending a multicast-DIO with rank 659
1098869237	ID:34	RPL: Sending a multicast-DIO with rank 587
1099873201	ID:33	RPL: Sending a multicast-DIO with rank 548
1100059056	ID:32	RPL: Sending a multicast-DIO with rank 574
1101104003	ID:35	RPL: Sending a multicast-DIO with rank 659
1103869237	ID:34	RPL: Sending a multicast-DIO with rank 587
1104873208	ID:33	RPL: Sending a multicast-DIO with rank 548
1105059056	ID:32	RPL: Sending a multicast-DIO with rank 574
1106104003	ID:35	RPL: Sending a multicast-DIO with rank 659
1108869237	ID:34	RPL: Sending a multicast-DIO with rank 587
1109873201	ID:33	RPL: Sending a multicast-DIO with rank 548
1110059056	ID:32	RPL: Sending a multicast-DIO with rank 574
1111104003	ID:35	RPL: Sending a multicast-DIO with rank 659
1113869237	ID:34	RPL: Sending a multicast-DIO with rank 587
1114873201	ID:33	RPL: Sending a multicast-DIO with rank 548
1115059056	ID:32	RPL: Sending a multicast-DIO with rank 574
1116104003	ID:35	RPL: Sending a multicast-DIO with rank 659
1118869237	ID:34	RPL: Sending a multicast-DIO with rank 587
1119873201	ID:33	RPL: Sending a multicast-DIO with rank 548
1120059056	ID:32	RPL: Sending a multicast-DIO with rank 574
1121104003	ID:35	RPL: Sending a multicast-DIO with rank 659
1123869237	ID:34	RPL: Sending a multicast-DIO with rank 587
1124873201	ID:33	RPL: Sending a multicast-DIO with rank 548
1125059056	ID:32	RPL: Sending a multicast-DIO with rank 574
1126104003	ID:35	RPL: Sending a multicast-DIO with rank 659
1128869237	ID:34	RPL: Sending a multicast-DIO with rank 587
1129873201	ID:33	RPL: Sending a multicast-DIO with rank 548
1130059056	ID:32	RPL: Sending a multicast-DIO with rank 574
1131104003	ID:35	RPL: Sending a multicast-DIO with rank 659
1133869237	ID:34	RPL: Sending a multicast-DIO with rank 587
1134873201	ID:33	RPL: Sending a multicast-DIO with rank 548
1135059056	ID:32	RPL: Sending a multicast-DIO with rank 574
1136104003	ID:35	RPL: Sending a multicast-DIO with rank 659
1138869237	ID:34	RPL: Sending a multicast-DIO with rank 587
1139873201	ID:33	RPL: Sending a multicast-DIO with rank 548
1140059056	ID:32	RPL: Sending a multicast-DIO with rank 574
1141104003	ID:35	RPL: Sending a multicast-DIO with rank 659
1142499253	ID:36	RPL: Sending a DIS to fe80::c30c:0:0:8
1143869237	ID:34	RPL: Sending a multicast-DIO with rank 587
1144873201	ID:33	RPL: Sending a multicast-DIO with rank 548
1145059056	ID:32	RPL: Sending a multicast-DIO with rank 574
1146104003	ID:35	RPL: Sending a multicast-DIO with rank 659
1148869237	ID:34	RPL: Sending a multicast-DIO with rank 587
1149873201	ID:33	RPL: Sending a multicast-DIO with rank 548
1150059056	ID:32	RPL: Sending a multicast-DIO with rank 574
1151104003	ID:35	RPL: Sending a multicast-DIO with rank 659
1153869237	ID:34	RPL: Sending a multicast-DIO with rank 587
1154873201	ID:33	RPL: Sending a multicast-DIO with rank 548
1155059056	ID:32	RPL: Sending a multicast-DIO with rank 574
1156104003	ID:35	RPL: Sending a multicast-DIO with rank 659
1158869237	ID:34	RPL: Sending a multicast-DIO with rank 587
1159873201	ID:33	RPL: Sending a multicast-DIO with rank 548
1160059056	ID:32	RPL: Sending a multicast-DIO with rank 574
1161104003	ID:35	RPL: Sending a multicast-DIO with rank 659
1163869237	ID:34	RPL: Sending a multicast-DIO with rank 587
1164873201	ID:33	RPL: Sending a multicast-DIO with rank 548
1165059056	ID:32	RPL: Sending a multicast-DIO with rank 574
1166104003	ID:35	RPL: Sending a multicast-DIO with rank 659
1168869237	ID:34	RPL: Sending a multicast-DIO with rank 587
1169873201	ID:33	RPL: Sending a multicast-DIO with rank 548
1170059056	ID:32	RPL: Sending a multicast-DIO with rank 574
1171104003	ID:35	RPL: Sending a multicast-DIO with rank 659
1173869237	ID:34	RPL: Sending a multicast-DIO with rank 587
1174873201	ID:33	RPL: Sending a multicast-DIO with rank 548
1175059056	ID:32	RPL: Sending a multicast-DIO with rank 574
1176104003	ID:35	RPL: Sending a multicast-DIO with rank 659
1178869237	ID:34	RPL: Sending a multicast-DIO with rank 587
1179873201	ID:33	RPL: Sending a multicast-DIO with rank 548
1180059056	ID:32	RPL: Sending a multicast-DIO with rank 574
1181104003	ID:35	RPL: Sending a multicast-DIO with rank 659
1183869237	ID:34	RPL: Sending a multicast-DIO with rank 587
1184873201	ID:33	RPL: Sending a multicast-DIO with rank 548
1185059056	ID:32	RPL: Sending a multicast-DIO with rank 574
1186104003	ID:35	RPL: Sending a multicast-DIO with rank 659
1188869237	ID:34	RPL: Sending a multicast-DIO with rank 587
1189873201	ID:33	RPL: Sending a multicast-DIO with rank 548
1190059056	ID:32	RPL: Sending a multicast-DIO with rank 574
1191104003	ID:35	RPL: Sending a multicast-DIO with rank 659
1193869237	ID:34	RPL: Sending a multicast-DIO with rank 587
1194873201	ID:33	RPL: Sending a multicast-DIO with rank 548
1195059056	ID:32	RPL: Sending a multicast-DIO with rank 574
1196104010	ID:35	RPL: Sending a multicast-DIO with rank 659
1198869237	ID:34	RPL: Sending a multicast-DIO with rank 587
1199873201	ID:33	RPL: Sending a multicast-DIO with rank 548
1200059056	ID:32	RPL: Sending a multicast-DIO with rank 574
1201104003	ID:35	RPL: Sending a multicast-DIO with rank 659
1202499258	ID:36	RPL: Sending a DIS to fe80::c30c:0:0:8
1203869242	ID:34	RPL: Sending a multicast-DIO with rank 587
1204873206	ID:33	RPL: Sending a multicast-DIO with rank 548
1205059061	ID:32	RPL: Sending a multicast-DIO with rank 574
1206104008	ID:35	RPL: Sending a multicast-DIO with rank 659
1208869236	ID:34	RPL: Sending a multicast-DIO with rank 587
1209873200	ID:33	RPL: Sending a multicast-DIO with rank 548
1210059055	ID:32	RPL: Sending a multicast-DIO with rank 574
1211104002	ID:35	RPL: Sending a multicast-DIO with rank 659
1213869236	ID:34	RPL: Sending a multicast-DIO with rank 587
1214873200	ID:33	RPL: Sending a multicast-DIO with rank 548
1215059055	ID:32	RPL: Sending a multicast-DIO with rank 574
1216104002	ID:35	RPL: Sending a multicast-DIO with rank 659
1218869236	ID:34	RPL: Sending a multicast-DIO with rank 587
1219873200	ID:33	RPL: Sending a multicast-DIO with rank 548
1220059055	ID:32	RPL: Sending a multicast-DIO with rank 574
1221104002	ID:35	RPL: Sending a multicast-DIO with rank 659
1223869236	ID:34	RPL: Sending a multicast-DIO with rank 587
1224873200	ID:33	RPL: Sending a multicast-DIO with rank 548
1225059055	ID:32	RPL: Sending a multicast-DIO with rank 574
1226104002	ID:35	RPL: Sending a multicast-DIO with rank 659
1228869236	ID:34	RPL: Sending a multicast-DIO with rank 587
1229873200	ID:33	RPL: Sending a multicast-DIO with rank 548
1230059055	ID:32	RPL: Sending a multicast-DIO with rank 574
1231104002	ID:35	RPL: Sending a multicast-DIO with rank 659
1233869236	ID:34	RPL: Sending a multicast-DIO with rank 587
1234873200	ID:33	RPL: Sending a multicast-DIO with rank 548
1235059055	ID:32	RPL: Sending a multicast-DIO with rank 574
1236104002	ID:35	RPL: Sending a multicast-DIO with rank 659
1238869236	ID:34	RPL: Sending a multicast-DIO with rank 587
1239873200	ID:33	RPL: Sending a multicast-DIO with rank 548
1240059055	ID:32	RPL: Sending a multicast-DIO with rank 574
1241104002	ID:35	RPL: Sending a multicast-DIO with rank 659
1243869236	ID:34	RPL: Sending a multicast-DIO with rank 587
1244873200	ID:33	RPL: Sending a multicast-DIO with rank 548
1245059055	ID:32	RPL: Sending a multicast-DIO with rank 574
1246104002	ID:35	RPL: Sending a multicast-DIO with rank 659
1248869236	ID:34	RPL: Sending a multicast-DIO with rank 587
1249873200	ID:33	RPL: Sending a multicast-DIO with rank 548
1250059055	ID:32	RPL: Sending a multicast-DIO with rank 574
1251104002	ID:35	RPL: Sending a multicast-DIO with rank 659
1253869236	ID:34	RPL: Sending a multicast-DIO with rank 587
1254873200	ID:33	RPL: Sending a multicast-DIO with rank 548
1255059055	ID:32	RPL: Sending a multicast-DIO with rank 574
1256104002	ID:35	RPL: Sending a multicast-DIO with rank 659
1258869236	ID:34	RPL: Sending a multicast-DIO with rank 587
1259873200	ID:33	RPL: Sending a multicast-DIO with rank 548
1260059055	ID:32	RPL: Sending a multicast-DIO with rank 574
1261104002	ID:35	RPL: Sending a multicast-DIO with rank 659
1262499252	ID:36	RPL: Sending a DIS to fe80::c30c:0:0:8
1263869236	ID:34	RPL: Sending a multicast-DIO with rank 587
1264873200	ID:33	RPL: Sending a multicast-DIO with rank 548
1265059055	ID:32	RPL: Sending a multicast-DIO with rank 574
1266104002	ID:35	RPL: Sending a multicast-DIO with rank 659
1268869236	ID:34	RPL: Sending a multicast-DIO with rank 587
1269873200	ID:33	RPL: Sending a multicast-DIO with rank 548
1270059055	ID:32	RPL: Sending a multicast-DIO with rank 574
1271104002	ID:35	RPL: Sending a multicast-DIO with rank 659
1273869236	ID:34	RPL: Sending a multicast-DIO with rank 587
1274873200	ID:33	RPL: Sending a multicast-DIO with rank 548
1275059055	ID:32	RPL: Sending a multicast-DIO with rank 574
1276104002	ID:35	RPL: Sending a multicast-DIO with rank 659
1278869236	ID:34	RPL: Sending a multicast-DIO with rank 587
1279873200	ID:33	RPL: Sending a multicast-DIO with rank 548
1280059055	ID:32	RPL: Sending a multicast-DIO with rank 574
1281104002	ID:35	RPL: Sending a multicast-DIO with rank 659
1283869236	ID:34	RPL: Sending a multicast-DIO with rank 587
1284873200	ID:33	RPL: Sending a multicast-DIO with rank 548
1285059055	ID:32	RPL: Sending a multicast-DIO with rank 574
1286104002	ID:35	RPL: Sending a multicast-DIO with rank 659
1288869236	ID:34	RPL: Sending a multicast-DIO with rank 587
1289873200	ID:33	RPL: Sending a multicast-DIO with rank 548
1290059055	ID:32	RPL: Sending a multicast-DIO with rank 574
1291104002	ID:35	RPL: Sending a multicast-DIO with rank 659
1293869236	ID:34	RPL: Sending a multicast-DIO with rank 587
1294873200	ID:33	RPL: Sending a multicast-DIO with rank 548
1295059055	ID:32	RPL: Sending a multicast-DIO with rank 574
1296104002	ID:35	RPL: Sending a multicast-DIO with rank 659
1298869236	ID:34	RPL: Sending a multicast-DIO with rank 587
1299873200	ID:33	RPL: Sending a multicast-DIO with rank 548
1300059055	ID:32	RPL: Sending a multicast-DIO with rank 574
1301104002	ID:35	RPL: Sending a multicast-DIO with rank 659
1303869236	ID:34	RPL: Sending a multicast-DIO with rank 587
1304873200	ID:33	RPL: Sending a multicast-DIO with rank 548
1305059055	ID:32	RPL: Sending a multicast-DIO with rank 574
1306104002	ID:35	RPL: Sending a multicast-DIO with rank 659
1308869236	ID:34	RPL: Sending a multicast-DIO with rank 587
1309873200	ID:33	RPL: Sending a multicast-DIO with rank 548
1310059055	ID:32	RPL: Sending a multicast-DIO with rank 574
1311104002	ID:35	RPL: Sending a multicast-DIO with rank 659
1313869236	ID:34	RPL: Sending a multicast-DIO with rank 587
1314873200	ID:33	RPL: Sending a multicast-DIO with rank 548
1315059055	ID:32	RPL: Sending a multicast-DIO with rank 574
1316104002	ID:35	RPL: Sending a multicast-DIO with rank 659
1318869236	ID:34	RPL: Sending a multicast-DIO with rank 587
1319873200	ID:33	RPL: Sending a multicast-DIO with rank 548
1320059055	ID:32	RPL: Sending a multicast-DIO with rank 574
1321104002	ID:35	RPL: Sending a multicast-DIO with rank 659
1322499252	ID:36	RPL: Sending a DIS to fe80::c30c:0:0:8
1323869236	ID:34	RPL: Sending a multicast-DIO with rank 587
1324873200	ID:33	RPL: Sending a multicast-DIO with rank 548
1325059055	ID:32	RPL: Sending a multicast-DIO with rank 574
1326104002	ID:35	RPL: Sending a multicast-DIO with rank 659
1328869236	ID:34	RPL: Sending a multicast-DIO with rank 587
1329873200	ID:33	RPL: Sending a multicast-DIO with rank 548
1330059055	ID:32	RPL: Sending a multicast-DIO with rank 574
1331104002	ID:35	RPL: Sending a multicast-DIO with rank 659
1333869236	ID:34	RPL: Sending a multicast-DIO with rank 587
1334873200	ID:33	RPL: Sending a multicast-DIO with rank 548
1335059055	ID:32	RPL: Sending a multicast-DIO with rank 574
1336104002	ID:35	RPL: Sending a multicast-DIO with rank 659
1338869236	ID:34	RPL: Sending a multicast-DIO with rank 587
1339873200	ID:33	RPL: Sending a multicast-DIO with rank 548
1340059055	ID:32	RPL: Sending a multicast-DIO with rank 574
1341104002	ID:35	RPL: Sending a multicast-DIO with rank 659
1343869236	ID:34	RPL: Sending a multicast-DIO with rank 587
1344873200	ID:33	RPL: Sending a multicast-DIO with rank 548
1345059055	ID:32	RPL: Sending a multicast-DIO with rank 574
1346104002	ID:35	RPL: Sending a multicast-DIO with rank 659
1348869236	ID:34	RPL: Sending a multicast-DIO with rank 587
1349873200	ID:33	RPL: Sending a multicast-DIO with rank 548
1350059055	ID:32	RPL: Sending a multicast-DIO with rank 574
1351104002	ID:35	RPL: Sending a multicast-DIO with rank 659
1353869236	ID:34	RPL: Sending a multicast-DIO with rank 587
1354873200	ID:33	RPL: Sending a multicast-DIO with rank 548
1355059055	ID:32	RPL: Sending a multicast-DIO with rank 574
1356104002	ID:35	RPL: Sending a multicast-DIO with rank 659
1358869236	ID:34	RPL: Sending a multicast-DIO with rank 587
1359873200	ID:33	RPL: Sending a multicast-DIO with rank 548
1360059055	ID:32	RPL: Sending a multicast-DIO with rank 574
1361104002	ID:35	RPL: Sending a multicast-DIO with rank 659
1363869236	ID:34	RPL: Sending a multicast-DIO with rank 587
1364873200	ID:33	RPL: Sending a multicast-DIO with rank 548
1365059055	ID:32	RPL: Sending a multicast-DIO with rank 574
1366104002	ID:35	RPL: Sending a multicast-DIO with rank 659
1368869236	ID:34	RPL: Sending a multicast-DIO with rank 587
1369873200	ID:33	RPL: Sending a multicast-DIO with rank 548
1370059055	ID:32	RPL: Sending a multicast-DIO with rank 574
1371104002	ID:35	RPL: Sending a multicast-DIO with rank 659
1373869236	ID:34	RPL: Sending a multicast-DIO with rank 587
1374873200	ID:33	RPL: Sending a multicast-DIO with rank 548
1375059055	ID:32	RPL: Sending a multicast-DIO with rank 574
1376104002	ID:35	RPL: Sending a multicast-DIO with rank 659
1378869236	ID:34	RPL: Sending a multicast-DIO with rank 587
1379873200	ID:33	RPL: Sending a multicast-DIO with rank 548
1380059055	ID:32	RPL: Sending a multicast-DIO with rank 574
1381104002	ID:35	RPL: Sending a multicast-DIO with rank 659
1382499252	ID:36	RPL: Sending a DIS to fe80::c30c:0:0:8
1383869236	ID:34	RPL: Sending a multicast-DIO with rank 587
1384873200	ID:33	RPL: Sending a multicast-DIO with rank 548
1385059055	ID:32	RPL: Sending a multicast-DIO with rank 574
1386104002	ID:35	RPL: Sending a multicast-DIO with rank 659
1388869236	ID:34	RPL: Sending a multicast-DIO with rank 587
1389873200	ID:33	RPL: Sending a multicast-DIO with rank 548
1390059055	ID:32	RPL: Sending a multicast-DIO with rank 574
1391104002	ID:35	RPL: Sending a multicast-DIO with rank 659
1393869236	ID:34	RPL: Sending a multicast-DIO with rank 587
1394873200	ID:33	RPL: Sending a multicast-DIO with rank 548
1395059055	ID:32	RPL: Sending a multicast-DIO with rank 574
1396104002	ID:35	RPL: Sending a multicast-DIO with rank 659
1398869236	ID:34	RPL: Sending a multicast-DIO with rank 587
1399873200	ID:33	RPL: Sending a multicast-DIO with rank 548
1400059062	ID:32	RPL: Sending a multicast-DIO with rank 574
1401104002	ID:35	RPL: Sending a multicast-DIO with rank 659
1403869236	ID:34	RPL: Sending a multicast-DIO with rank 587
1404873200	ID:33	RPL: Sending a multicast-DIO with rank 548
1405059055	ID:32	RPL: Sending a multicast-DIO with rank 574
1406104002	ID:35	RPL: Sending a multicast-DIO with rank 659
1408869236	ID:34	RPL: Sending a multicast-DIO with rank 587
1409873200	ID:33	RPL: Sending a multicast-DIO with rank 548
1410059055	ID:32	RPL: Sending a multicast-DIO with rank 574
1411104002	ID:35	RPL: Sending a multicast-DIO with rank 659
1413869236	ID:34	RPL: Sending a multicast-DIO with rank 587
1414873200	ID:33	RPL: Sending a multicast-DIO with rank 548
1415059055	ID:32	RPL: Sending a multicast-DIO with rank 574
1416104002	ID:35	RPL: Sending a multicast-DIO with rank 659
1418869236	ID:34	RPL: Sending a multicast-DIO with rank 587
1419873200	ID:33	RPL: Sending a multicast-DIO with rank 548
1420059055	ID:32	RPL: Sending a multicast-DIO with rank 574
1421104002	ID:35	RPL: Sending a multicast-DIO with rank 659
1423869236	ID:34	RPL: Sending a multicast-DIO with rank 587
1424873200	ID:33	RPL: Sending a multicast-DIO with rank 548
1425059055	ID:32	RPL: Sending a multicast-DIO with rank 574
1426104002	ID:35	RPL: Sending a multicast-DIO with rank 659
1428869236	ID:34	RPL: Sending a multicast-DIO with rank 587
1429873200	ID:33	RPL: Sending a multicast-DIO with rank 548
1430059055	ID:32	RPL: Sending a multicast-DIO with rank 574
1431104002	ID:35	RPL: Sending a multicast-DIO with rank 659
1433869236	ID:34	RPL: Sending a multicast-DIO with rank 587
1434873200	ID:33	RPL: Sending a multicast-DIO with rank 548
1435059055	ID:32	RPL: Sending a multicast-DIO with rank 574
1436104002	ID:35	RPL: Sending a multicast-DIO with rank 659
1438869236	ID:34	RPL: Sending a multicast-DIO with rank 587
1439873200	ID:33	RPL: Sending a multicast-DIO with rank 548
1440059055	ID:32	RPL: Sending a multicast-DIO with rank 574
1441104002	ID:35	RPL: Sending a multicast-DIO with rank 659
1442499252	ID:36	RPL: Sending a DIS to fe80::c30c:0:0:8
1443869236	ID:34	RPL: Sending a multicast-DIO with rank 587
1444873200	ID:33	RPL: Sending a multicast-DIO with rank 548
1445059055	ID:32	RPL: Sending a multicast-DIO with rank 574
1446104002	ID:35	RPL: Sending a multicast-DIO with rank 659
1448869236	ID:34	RPL: Sending a multicast-DIO with rank 587
1449873200	ID:33	RPL: Sending a multicast-DIO with rank 548
1450059055	ID:32	RPL: Sending a multicast-DIO with rank 574
1451104002	ID:35	RPL: Sending a multicast-DIO with rank 659
1453869236	ID:34	RPL: Sending a multicast-DIO with rank 587
1454873200	ID:33	RPL: Sending a multicast-DIO with rank 548
1455059055	ID:32	RPL: Sending a multicast-DIO with rank 574
1456104002	ID:35	RPL: Sending a multicast-DIO with rank 659
1458869236	ID:34	RPL: Sending a multicast-DIO with rank 587
1459873200	ID:33	RPL: Sending a multicast-DIO with rank 548
1460059055	ID:32	RPL: Sending a multicast-DIO with rank 574
1461104002	ID:35	RPL: Sending a multicast-DIO with rank 659
1463869236	ID:34	RPL: Sending a multicast-DIO with rank 587
1464873200	ID:33	RPL: Sending a multicast-DIO with rank 548
1465059055	ID:32	RPL: Sending a multicast-DIO with rank 574
1466104002	ID:35	RPL: Sending a multicast-DIO with rank 659
1468869236	ID:34	RPL: Sending a multicast-DIO with rank 587
1469873200	ID:33	RPL: Sending a multicast-DIO with rank 548
1470059055	ID:32	RPL: Sending a multicast-DIO with rank 574
1471104002	ID:35	RPL: Sending a multicast-DIO with rank 659
1473869236	ID:34	RPL: Sending a multicast-DIO with rank 587
1474873200	ID:33	RPL: Sending a multicast-DIO with rank 548
1475059055	ID:32	RPL: Sending a multicast-DIO with rank 574
1476104002	ID:35	RPL: Sending a multicast-DIO with rank 659
1478869236	ID:34	RPL: Sending a multicast-DIO with rank 587
1479873200	ID:33	RPL: Sending a multicast-DIO with rank 548
1480059055	ID:32	RPL: Sending a multicast-DIO with rank 574
1481104002	ID:35	RPL: Sending a multicast-DIO with rank 659
1483869236	ID:34	RPL: Sending a multicast-DIO with rank 587
1484873200	ID:33	RPL: Sending a multicast-DIO with rank 548
1485059055	ID:32	RPL: Sending a multicast-DIO with rank 574
1486104002	ID:35	RPL: Sending a multicast-DIO with rank 659
1488869236	ID:34	RPL: Sending a multicast-DIO with rank 587
1489873200	ID:33	RPL: Sending a multicast-DIO with rank 548
1490059055	ID:32	RPL: Sending a multicast-DIO with rank 574
1491104002	ID:35	RPL: Sending a multicast-DIO with rank 659
1493869236	ID:34	RPL: Sending a multicast-DIO with rank 587
1494873200	ID:33	RPL: Sending a multicast-DIO with rank 548
1495059055	ID:32	RPL: Sending a multicast-DIO with rank 574
1496104002	ID:35	RPL: Sending a multicast-DIO with rank 659
1498869236	ID:34	RPL: Sending a multicast-DIO with rank 587
1499873200	ID:33	RPL: Sending a multicast-DIO with rank 548
1500059055	ID:32	RPL: Sending a multicast-DIO with rank 574
1501104002	ID:35	RPL: Sending a multicast-DIO with rank 659
1502499252	ID:36	RPL: Sending a DIS to fe80::c30c:0:0:8
1503869236	ID:34	RPL: Sending a multicast-DIO with rank 587
1504873200	ID:33	RPL: Sending a multicast-DIO with rank 548
1505059055	ID:32	RPL: Sending a multicast-DIO with rank 574
1506104002	ID:35	RPL: Sending a multicast-DIO with rank 659
1508869236	ID:34	RPL: Sending a multicast-DIO with rank 587
1509873200	ID:33	RPL: Sending a multicast-DIO with rank 548
1510059055	ID:32	RPL: Sending a multicast-DIO with rank 574
1511104002	ID:35	RPL: Sending a multicast-DIO with rank 659
1513869236	ID:34	RPL: Sending a multicast-DIO with rank 587
1514873200	ID:33	RPL: Sending a multicast-DIO with rank 548
1515059055	ID:32	RPL: Sending a multicast-DIO with rank 574
1516104002	ID:35	RPL: Sending a multicast-DIO with rank 659
1518869243	ID:34	RPL: Sending a multicast-DIO with rank 587
1519873200	ID:33	RPL: Sending a multicast-DIO with rank 548
1520059055	ID:32	RPL: Sending a multicast-DIO with rank 574
1521104002	ID:35	RPL: Sending a multicast-DIO with rank 659
1523869236	ID:34	RPL: Sending a multicast-DIO with rank 587
1524873200	ID:33	RPL: Sending a multicast-DIO with rank 548
1525059055	ID:32	RPL: Sending a multicast-DIO with rank 574
1526104009	ID:35	RPL: Sending a multicast-DIO with rank 659
1528869236	ID:34	RPL: Sending a multicast-DIO with rank 587
1529873200	ID:33	RPL: Sending a multicast-DIO with rank 548
1530059055	ID:32	RPL: Sending a multicast-DIO with rank 574
1531104002	ID:35	RPL: Sending a multicast-DIO with rank 659
1533869236	ID:34	RPL: Sending a multicast-DIO with rank 587
1534873200	ID:33	RPL: Sending a multicast-DIO with rank 548
1535059055	ID:32	RPL: Sending a multicast-DIO with rank 574
1536104002	ID:35	RPL: Sending a multicast-DIO with rank 659
1538869236	ID:34	RPL: Sending a multicast-DIO with rank 587
1539873207	ID:33	RPL: Sending a multicast-DIO with rank 548
1540059055	ID:32	RPL: Sending a multicast-DIO with rank 574
1541104002	ID:35	RPL: Sending a multicast-DIO with rank 659
1543869236	ID:34	RPL: Sending a multicast-DIO with rank 587
1544873200	ID:33	RPL: Sending a multicast-DIO with rank 548
1545059055	ID:32	RPL: Sending a multicast-DIO with rank 574
1546104002	ID:35	RPL: Sending a multicast-DIO with rank 659
1548869236	ID:34	RPL: Sending a multicast-DIO with rank 587
1549873200	ID:33	RPL: Sending a multicast-DIO with rank 548
1550059055	ID:32	RPL: Sending a multicast-DIO with rank 574
1551104002	ID:35	RPL: Sending a multicast-DIO with rank 659
1553869236	ID:34	RPL: Sending a multicast-DIO with rank 587
1554873200	ID:33	RPL: Sending a multicast-DIO with rank 548
1555059055	ID:32	RPL: Sending a multicast-DIO with rank 574
1556104002	ID:35	RPL: Sending a multicast-DIO with rank 659
1558869236	ID:34	RPL: Sending a multicast-DIO with rank 587
1559873200	ID:33	RPL: Sending a multicast-DIO with rank 548
1560059055	ID:32	RPL: Sending a multicast-DIO with rank 574
1561104002	ID:35	RPL: Sending a multicast-DIO with rank 659
1562499252	ID:36	RPL: Sending a DIS to fe80::c30c:0:0:8
1563869236	ID:34	RPL: Sending a multicast-DIO with rank 587
1564873200	ID:33	RPL: Sending a multicast-DIO with rank 548
1565059055	ID:32	RPL: Sending a multicast-DIO with rank 574
1566104002	ID:35	RPL: Sending a multicast-DIO with rank 659
1568869236	ID:34	RPL: Sending a multicast-DIO with rank 587
1569873200	ID:33	RPL: Sending a multicast-DIO with rank 548
1570059055	ID:32	RPL: Sending a multicast-DIO with rank 574
1571104002	ID:35	RPL: Sending a multicast-DIO with rank 659
1573869236	ID:34	RPL: Sending a multicast-DIO with rank 587
1574873200	ID:33	RPL: Sending a multicast-DIO with rank 548
1575059055	ID:32	RPL: Sending a multicast-DIO with rank 574
1576104002	ID:35	RPL: Sending a multicast-DIO with rank 659
1578869236	ID:34	RPL: Sending a multicast-DIO with rank 587
1579873200	ID:33	RPL: Sending a multicast-DIO with rank 548
1580059055	ID:32	RPL: Sending a multicast-DIO with rank 574
1581104002	ID:35	RPL: Sending a multicast-DIO with rank 659
1583869236	ID:34	RPL: Sending a multicast-DIO with rank 587
1584873200	ID:33	RPL: Sending a multicast-DIO with rank 548
1585059055	ID:32	RPL: Sending a multicast-DIO with rank 574
1586104002	ID:35	RPL: Sending a multicast-DIO with rank 659
1588869236	ID:34	RPL: Sending a multicast-DIO with rank 587
1589873200	ID:33	RPL: Sending a multicast-DIO with rank 548
1590059055	ID:32	RPL: Sending a multicast-DIO with rank 574
1591104002	ID:35	RPL: Sending a multicast-DIO with rank 659
1593869236	ID:34	RPL: Sending a multicast-DIO with rank 587
1594873200	ID:33	RPL: Sending a multicast-DIO with rank 548
1595059055	ID:32	RPL: Sending a multicast-DIO with rank 574
1596104002	ID:35	RPL: Sending a multicast-DIO with rank 659
1598869236	ID:34	RPL: Sending a multicast-DIO with rank 587
1599873200	ID:33	RPL: Sending a multicast-DIO with rank 548
1600059055	ID:32	RPL: Sending a multicast-DIO with rank 574
1601104002	ID:35	RPL: Sending a multicast-DIO with rank 659
1603869236	ID:34	RPL: Sending a multicast-DIO with rank 587
1604873200	ID:33	RPL: Sending a multicast-DIO with rank 548
1605059055	ID:32	RPL: Sending a multicast-DIO with rank 574
1606104002	ID:35	RPL: Sending a multicast-DIO with rank 659
1608869236	ID:34	RPL: Sending a multicast-DIO with rank 587
1609873200	ID:33	RPL: Sending a multicast-DIO with rank 548
1610059055	ID:32	RPL: Sending a multicast-DIO with rank 574
1611104002	ID:35	RPL: Sending a multicast-DIO with rank 659
1613869236	ID:34	RPL: Sending a multicast-DIO with rank 587
1614873200	ID:33	RPL: Sending a multicast-DIO with rank 548
1615059055	ID:32	RPL: Sending a multicast-DIO with rank 574
1616104002	ID:35	RPL: Sending a multicast-DIO with rank 659
1618869236	ID:34	RPL: Sending a multicast-DIO with rank 587
1619873200	ID:33	RPL: Sending a multicast-DIO with rank 548
1620059055	ID:32	RPL: Sending a multicast-DIO with rank 574
1621104002	ID:35	RPL: Sending a multicast-DIO with rank 659
1622499252	ID:36	RPL: Sending a DIS to fe80::c30c:0:0:8
1623869236	ID:34	RPL: Sending a multicast-DIO with rank 587
1624873200	ID:33	RPL: Sending a multicast-DIO with rank 548
1625059055	ID:32	RPL: Sending a multicast-DIO with rank 574
1626104002	ID:35	RPL: Sending a multicast-DIO with rank 659
1628869236	ID:34	RPL: Sending a multicast-DIO with rank 587
1629873200	ID:33	RPL: Sending a multicast-DIO with rank 548
1630059055	ID:32	RPL: Sending a multicast-DIO with rank 574
1631104002	ID:35	RPL: Sending a multicast-DIO with rank 659
1633869236	ID:34	RPL: Sending a multicast-DIO with rank 587
1634873200	ID:33	RPL: Sending a multicast-DIO with rank 548
1635059055	ID:32	RPL: Sending a multicast-DIO with rank 574
1636104002	ID:35	RPL: Sending a multicast-DIO with rank 659
1638869236	ID:34	RPL: Sending a multicast-DIO with rank 587
1639873200	ID:33	RPL: Sending a multicast-DIO with rank 548
1640059055	ID:32	RPL: Sending a multicast-DIO with rank 574
1641104002	ID:35	RPL: Sending a multicast-DIO with rank 659
1643869236	ID:34	RPL: Sending a multicast-DIO with rank 587
1644873200	ID:33	RPL: Sending a multicast-DIO with rank 548
1645059055	ID:32	RPL: Sending a multicast-DIO with rank 574
1646104002	ID:35	RPL: Sending a multicast-DIO with rank 659
1648869236	ID:34	RPL: Sending a multicast-DIO with rank 587
1649873200	ID:33	RPL: Sending a multicast-DIO with rank 548
1650059055	ID:32	RPL: Sending a multicast-DIO with rank 574
1651104002	ID:35	RPL: Sending a multicast-DIO with rank 659
1653869236	ID:34	RPL: Sending a multicast-DIO with rank 587
1654873200	ID:33	RPL: Sending a multicast-DIO with rank 548
1655059055	ID:32	RPL: Sending a multicast-DIO with rank 574
1656104002	ID:35	RPL: Sending a multicast-DIO with rank 659
1658869236	ID:34	RPL: Sending a multicast-DIO with rank 587
1659873200	ID:33	RPL: Sending a multicast-DIO with rank 548
1660059055	ID:32	RPL: Sending a multicast-DIO with rank 574
1661104002	ID:35	RPL: Sending a multicast-DIO with rank 659
1663869236	ID:34	RPL: Sending a multicast-DIO with rank 587
1664873200	ID:33	RPL: Sending a multicast-DIO with rank 548
1665059055	ID:32	RPL: Sending a multicast-DIO with rank 574
1666104002	ID:35	RPL: Sending a multicast-DIO with rank 659
1668869236	ID:34	RPL: Sending a multicast-DIO with rank 587
1669873200	ID:33	RPL: Sending a multicast-DIO with rank 548
1670059055	ID:32	RPL: Sending a multicast-DIO with rank 574
1671104002	ID:35	RPL: Sending a multicast-DIO with rank 659
1673869236	ID:34	RPL: Sending a multicast-DIO with rank 587
1674873200	ID:33	RPL: Sending a multicast-DIO with rank 548
1675059055	ID:32	RPL: Sending a multicast-DIO with rank 574
1676104002	ID:35	RPL: Sending a multicast-DIO with rank 659
1678869236	ID:34	RPL: Sending a multicast-DIO with rank 587
1679873200	ID:33	RPL: Sending a multicast-DIO with rank 548
1680059055	ID:32	RPL: Sending a multicast-DIO with rank 574
1681104002	ID:35	RPL: Sending a multicast-DIO with rank 659
1682499252	ID:36	RPL: Sending a DIS to fe80::c30c:0:0:8
1683869236	ID:34	RPL: Sending a multicast-DIO with rank 587
1684873200	ID:33	RPL: Sending a multicast-DIO with rank 548
1685059055	ID:32	RPL: Sending a multicast-DIO with rank 574
1686104002	ID:35	RPL: Sending a multicast-DIO with rank 659
1688869236	ID:34	RPL: Sending a multicast-DIO with rank 587
1689873200	ID:33	RPL: Sending a multicast-DIO with rank 548
1690059055	ID:32	RPL: Sending a multicast-DIO with rank 574
1691104002	ID:35	RPL: Sending a multicast-DIO with rank 659
1693869236	ID:34	RPL: Sending a multicast-DIO with rank 587
1694873200	ID:33	RPL: Sending a multicast-DIO with rank 548
1695059055	ID:32	RPL: Sending a multicast-DIO with rank 574
1696104002	ID:35	RPL: Sending a multicast-DIO with rank 659
1698869236	ID:34	RPL: Sending a multicast-DIO with rank 587
1699873200	ID:33	RPL: Sending a multicast-DIO with rank 548
1700059055	ID:32	RPL: Sending a multicast-DIO with rank 574
1701104002	ID:35	RPL: Sending a multicast-DIO with rank 659
1703869236	ID:34	RPL: Sending a multicast-DIO with rank 587
1704873200	ID:33	RPL: Sending a multicast-DIO with rank 548
1705059055	ID:32	RPL: Sending a multicast-DIO with rank 574
1706104002	ID:35	RPL: Sending a multicast-DIO with rank 659
1708869236	ID:34	RPL: Sending a multicast-DIO with rank 587
1709873200	ID:33	RPL: Sending a multicast-DIO with rank 548
1710059055	ID:32	RPL: Sending a multicast-DIO with rank 574
1711104002	ID:35	RPL: Sending a multicast-DIO with rank 659
1713869236	ID:34	RPL: Sending a multicast-DIO with rank 587
1714873200	ID:33	RPL: Sending a multicast-DIO with rank 548
1715059055	ID:32	RPL: Sending a multicast-DIO with rank 574
1716104002	ID:35	RPL: Sending a multicast-DIO with rank 659
1718869236	ID:34	RPL: Sending a multicast-DIO with rank 587
1719873200	ID:33	RPL: Sending a multicast-DIO with rank 548
1720059055	ID:32	RPL: Sending a multicast-DIO with rank 574
1721104002	ID:35	RPL: Sending a multicast-DIO with rank 659
1723869236	ID:34	RPL: Sending a multicast-DIO with rank 587
1724873200	ID:33	RPL: Sending a multicast-DIO with rank 548
1725059055	ID:32	RPL: Sending a multicast-DIO with rank 574
1726104002	ID:35	RPL: Sending a multicast-DIO with rank 659
1728869236	ID:34	RPL: Sending a multicast-DIO with rank 587
1729873200	ID:33	RPL: Sending a multicast-DIO with rank 548
1730059055	ID:32	RPL: Sending a multicast-DIO with rank 574
1731104002	ID:35	RPL: Sending a multicast-DIO with rank 659
1733869236	ID:34	RPL: Sending a multicast-DIO with rank 587
1734873200	ID:33	RPL: Sending a multicast-DIO with rank 548
1735059055	ID:32	RPL: Sending a multicast-DIO with rank 574
1736104002	ID:35	RPL: Sending a multicast-DIO with rank 659
1738869236	ID:34	RPL: Sending a multicast-DIO with rank 587
1739873200	ID:33	RPL: Sending a multicast-DIO with rank 548
1740059055	ID:32	RPL: Sending a multicast-DIO with rank 574
1741104002	ID:35	RPL: Sending a multicast-DIO with rank 659
1742499252	ID:36	RPL: Sending a DIS to fe80::c30c:0:0:8
1743869236	ID:34	RPL: Sending a multicast-DIO with rank 587
1744873200	ID:33	RPL: Sending a multicast-DIO with rank 548
1745059055	ID:32	RPL: Sending a multicast-DIO with rank 574
1746104002	ID:35	RPL: Sending a multicast-DIO with rank 659
1748869236	ID:34	RPL: Sending a multicast-DIO with rank 587
1749873200	ID:33	RPL: Sending a multicast-DIO with rank 548
1750059055	ID:32	RPL: Sending a multicast-DIO with rank 574
1751104002	ID:35	RPL: Sending a multicast-DIO with rank 659
1753869236	ID:34	RPL: Sending a multicast-DIO with rank 587
1754873200	ID:33	RPL: Sending a multicast-DIO with rank 548
1755059055	ID:32	RPL: Sending a multicast-DIO with rank 574
1756104002	ID:35	RPL: Sending a multicast-DIO with rank 659
1758869236	ID:34	RPL: Sending a multicast-DIO with rank 587
1759873200	ID:33	RPL: Sending a multicast-DIO with rank 548
1760059055	ID:32	RPL: Sending a multicast-DIO with rank 574
1761104002	ID:35	RPL: Sending a multicast-DIO with rank 659
1763869236	ID:34	RPL: Sending a multicast-DIO with rank 587
1764873200	ID:33	RPL: Sending a multicast-DIO with rank 548
1765059055	ID:32	RPL: Sending a multicast-DIO with rank 574
1766104002	ID:35	RPL: Sending a multicast-DIO with rank 659
1768869236	ID:34	RPL: Sending a multicast-DIO with rank 587
1769873200	ID:33	RPL: Sending a multicast-DIO with rank 548
1770059055	ID:32	RPL: Sending a multicast-DIO with rank 574
1771104002	ID:35	RPL: Sending a multicast-DIO with rank 659
1773869236	ID:34	RPL: Sending a multicast-DIO with rank 587
1774873200	ID:33	RPL: Sending a multicast-DIO with rank 548
1775059055	ID:32	RPL: Sending a multicast-DIO with rank 574
1776104002	ID:35	RPL: Sending a multicast-DIO with rank 659
1778869236	ID:34	RPL: Sending a multicast-DIO with rank 587
1779873200	ID:33	RPL: Sending a multicast-DIO with rank 548
1780059055	ID:32	RPL: Sending a multicast-DIO with rank 574
1781104002	ID:35	RPL: Sending a multicast-DIO with rank 659
1783869236	ID:34	RPL: Sending a multicast-DIO with rank 587
1784873200	ID:33	RPL: Sending a multicast-DIO with rank 548
1785059055	ID:32	RPL: Sending a multicast-DIO with rank 574
1786104002	ID:35	RPL: Sending a multicast-DIO with rank 659
1788869236	ID:34	RPL: Sending a multicast-DIO with rank 587
1789873200	ID:33	RPL: Sending a multicast-DIO with rank 548
1790059055	ID:32	RPL: Sending a multicast-DIO with rank 574
1791104002	ID:35	RPL: Sending a multicast-DIO with rank 659
1793869236	ID:34	RPL: Sending a multicast-DIO with rank 587
1794873200	ID:33	RPL: Sending a multicast-DIO with rank 548
1795059055	ID:32	RPL: Sending a multicast-DIO with rank 574
1796104002	ID:35	RPL: Sending a multicast-DIO with rank 659
1798869236	ID:34	RPL: Sending a multicast-DIO with rank 587
1799873200	ID:33	RPL: Sending a multicast-DIO with rank 548
