30226810	ID:32	RPL: Sending a DIS to fe80::c30c:0:0:3
30428412	ID:36	RPL: Sending a DIS to fe80::c30c:0:0:8
30546046	ID:33	RPL: Sending a DIS to fe80::c30c:0:0:2
30797986	ID:35	RPL: Sending a DIS to fe80::c30c:0:0:7
30904980	ID:34	RPL: Sending a DIS to fe80::c30c:0:0:6
32840251	ID:35	RPL: Received a DIO from fe80::c30c:0:0:7
32844020	ID:35	RPL: Incoming DIO (id, ver, rank) = (30,240,545)
32848522	ID:35	RPL: Incoming DIO (dag_id, pref) = (fd00::ff:fe00:1, 0)
32850748	ID:35	RPL: DIO option 4, length: 14
32856655	ID:35	RPL: DAG conf:dbl=8, min=12 red=3 maxinc=896 mininc=128 ocp=1 d_l=10 l_u=60
32858881	ID:35	RPL: DIO option 8, length: 30
32861150	ID:35	RPL: Copying prefix information
32868763	ID:35	RPL: Neighbor added to neighbor cache fe80::c30c:0:0:7, c1:0c:00:00:00:00:00:07
37874717	ID:35	RPL: Sending a multicast-DIO with rank 545
42874696	ID:35	RPL: Sending a multicast-DIO with rank 545
47874696	ID:35	RPL: Sending a multicast-DIO with rank 545
52874696	ID:35	RPL: Sending a multicast-DIO with rank 545
57874695	ID:35	RPL: Sending a multicast-DIO with rank 545
62008253	ID:32	RPL: Sending a DIS to fe80::c30c:0:0:3
62210579	ID:36	RPL: Sending a DIS to fe80::c30c:0:0:8
62311210	ID:34	RPL: Received a DIO from fe80::c30c:0:0:6
62314984	ID:34	RPL: Incoming DIO (id, ver, rank) = (30,240,299)
62319521	ID:34	RPL: Incoming DIO (dag_id, pref) = (fd00::ff:fe00:1, 0)
62321747	ID:34	RPL: DIO option 4, length: 14
62327697	ID:34	RPL: DAG conf:dbl=8, min=12 red=3 maxinc=896 mininc=128 ocp=1 d_l=10 l_u=60
62329924	ID:34	RPL: DIO option 8, length: 30
62332192	ID:34	RPL: Copying prefix information
62341949	ID:34	RPL: Neighbor added to neighbor cache fe80::c30c:0:0:6, c1:0c:00:00:00:00:00:06
62874696	ID:35	RPL: Sending a multicast-DIO with rank 545
67346704	ID:34	RPL: Sending a multicast-DIO with rank 299
67874695	ID:35	RPL: Sending a multicast-DIO with rank 545
68324544	ID:33	RPL: Sending a DIS to fe80::c30c:0:0:2
72346683	ID:34	RPL: Sending a multicast-DIO with rank 299
72874695	ID:35	RPL: Sending a multicast-DIO with rank 545
77346683	ID:34	RPL: Sending a multicast-DIO with rank 299
77874695	ID:35	RPL: Sending a multicast-DIO with rank 545
82346683	ID:34	RPL: Sending a multicast-DIO with rank 299
82874695	ID:35	RPL: Sending a multicast-DIO with rank 545
87346683	ID:34	RPL: Sending a multicast-DIO with rank 299
87874695	ID:35	RPL: Sending a multicast-DIO with rank 545
92346670	ID:34	RPL: Sending a multicast-DIO with rank 299
92874683	ID:35	RPL: Sending a multicast-DIO with rank 545
97346670	ID:34	RPL: Sending a multicast-DIO with rank 299
97874683	ID:35	RPL: Sending a multicast-DIO with rank 545
102346670	ID:34	RPL: Sending a multicast-DIO with rank 299
102874683	ID:35	RPL: Sending a multicast-DIO with rank 545
107346670	ID:34	RPL: Sending a multicast-DIO with rank 299
107874683	ID:35	RPL: Sending a multicast-DIO with rank 545
112346670	ID:34	RPL: Sending a multicast-DIO with rank 299
112874683	ID:35	RPL: Sending a multicast-DIO with rank 545
117346670	ID:34	RPL: Sending a multicast-DIO with rank 299
117874683	ID:35	RPL: Sending a multicast-DIO with rank 545
121643362	ID:32	RPL: Received a DIO from fe80::c30c:0:0:3
121647131	ID:32	RPL: Incoming DIO (id, ver, rank) = (30,240,286)
121651636	ID:32	RPL: Incoming DIO (dag_id, pref) = (fd00::ff:fe00:1, 0)
121653862	ID:32	RPL: DIO option 4, length: 14
121659808	ID:32	RPL: DAG conf:dbl=8, min=12 red=3 maxinc=896 mininc=128 ocp=1 d_l=10 l_u=60
121662035	ID:32	RPL: DIO option 8, length: 30
121664303	ID:32	RPL: Copying prefix information
121674340	ID:32	RPL: Neighbor added to neighbor cache fe80::c30c:0:0:3, c1:0c:00:00:00:00:00:03
122210449	ID:36	RPL: Sending a DIS to fe80::c30c:0:0:8
122346670	ID:34	RPL: Sending a multicast-DIO with rank 299
122874683	ID:35	RPL: Sending a multicast-DIO with rank 545
126678597	ID:32	RPL: Sending a multicast-DIO with rank 286
127346670	ID:34	RPL: Sending a multicast-DIO with rank 299
127874683	ID:35	RPL: Sending a multicast-DIO with rank 545
128325016	ID:33	RPL: Sending a DIS to fe80::c30c:0:0:2
131678576	ID:32	RPL: Sending a multicast-DIO with rank 286
132346670	ID:34	RPL: Sending a multicast-DIO with rank 299
132874683	ID:35	RPL: Sending a multicast-DIO with rank 545
136678576	ID:32	RPL: Sending a multicast-DIO with rank 286
137346670	ID:34	RPL: Sending a multicast-DIO with rank 299
137874683	ID:35	RPL: Sending a multicast-DIO with rank 545
141678576	ID:32	RPL: Sending a multicast-DIO with rank 286
142346670	ID:34	RPL: Sending a multicast-DIO with rank 299
142874683	ID:35	RPL: Sending a multicast-DIO with rank 545
146678576	ID:32	RPL: Sending a multicast-DIO with rank 286
147346670	ID:34	RPL: Sending a multicast-DIO with rank 299
147874683	ID:35	RPL: Sending a multicast-DIO with rank 545
151678576	ID:32	RPL: Sending a multicast-DIO with rank 286
152346670	ID:34	RPL: Sending a multicast-DIO with rank 299
152874683	ID:35	RPL: Sending a multicast-DIO with rank 545
156678576	ID:32	RPL: Sending a multicast-DIO with rank 286
157346670	ID:34	RPL: Sending a multicast-DIO with rank 299
157874683	ID:35	RPL: Sending a multicast-DIO with rank 545
161678576	ID:32	RPL: Sending a multicast-DIO with rank 286
162346670	ID:34	RPL: Sending a multicast-DIO with rank 299
162874683	ID:35	RPL: Sending a multicast-DIO with rank 545
166678576	ID:32	RPL: Sending a multicast-DIO with rank 286
167346670	ID:34	RPL: Sending a multicast-DIO with rank 299
167874683	ID:35	RPL: Sending a multicast-DIO with rank 545
171678576	ID:32	RPL: Sending a multicast-DIO with rank 286
172346670	ID:34	RPL: Sending a multicast-DIO with rank 299
172874683	ID:35	RPL: Sending a multicast-DIO with rank 545
176678576	ID:32	RPL: Sending a multicast-DIO with rank 286
177346670	ID:34	RPL: Sending a multicast-DIO with rank 299
177874683	ID:35	RPL: Sending a multicast-DIO with rank 545
181678576	ID:32	RPL: Sending a multicast-DIO with rank 286
182210570	ID:36	RPL: Sending a DIS to fe80::c30c:0:0:8
182346670	ID:34	RPL: Sending a multicast-DIO with rank 299
182874683	ID:35	RPL: Sending a multicast-DIO with rank 545
186678576	ID:32	RPL: Sending a multicast-DIO with rank 286
187346670	ID:34	RPL: Sending a multicast-DIO with rank 299
187874683	ID:35	RPL: Sending a multicast-DIO with rank 545
188325016	ID:33	RPL: Sending a DIS to fe80::c30c:0:0:2
191678576	ID:32	RPL: Sending a multicast-DIO with rank 286
192346670	ID:34	RPL: Sending a multicast-DIO with rank 299
192874683	ID:35	RPL: Sending a multicast-DIO with rank 545
196678576	ID:32	RPL: Sending a multicast-DIO with rank 286
197346670	ID:34	RPL: Sending a multicast-DIO with rank 299
197874683	ID:35	RPL: Sending a multicast-DIO with rank 545
201678576	ID:32	RPL: Sending a multicast-DIO with rank 286
202346670	ID:34	RPL: Sending a multicast-DIO with rank 299
202874683	ID:35	RPL: Sending a multicast-DIO with rank 545
206678576	ID:32	RPL: Sending a multicast-DIO with rank 286
207346670	ID:34	RPL: Sending a multicast-DIO with rank 299
207874683	ID:35	RPL: Sending a multicast-DIO with rank 545
211678576	ID:32	RPL: Sending a multicast-DIO with rank 286
212346670	ID:34	RPL: Sending a multicast-DIO with rank 299
212874683	ID:35	RPL: Sending a multicast-DIO with rank 545
216678576	ID:32	RPL: Sending a multicast-DIO with rank 286
217346670	ID:34	RPL: Sending a multicast-DIO with rank 299
217874683	ID:35	RPL: Sending a multicast-DIO with rank 545
221678576	ID:32	RPL: Sending a multicast-DIO with rank 286
222346670	ID:34	RPL: Sending a multicast-DIO with rank 299
222874683	ID:35	RPL: Sending a multicast-DIO with rank 545
226678576	ID:32	RPL: Sending a multicast-DIO with rank 286
227346670	ID:34	RPL: Sending a multicast-DIO with rank 299
227874683	ID:35	RPL: Sending a multicast-DIO with rank 545
231678576	ID:32	RPL: Sending a multicast-DIO with rank 286
232346670	ID:34	RPL: Sending a multicast-DIO with rank 299
232874683	ID:35	RPL: Sending a multicast-DIO with rank 545
236678576	ID:32	RPL: Sending a multicast-DIO with rank 286
237346670	ID:34	RPL: Sending a multicast-DIO with rank 299
237874683	ID:35	RPL: Sending a multicast-DIO with rank 545
241678576	ID:32	RPL: Sending a multicast-DIO with rank 286
242210570	ID:36	RPL: Sending a DIS to fe80::c30c:0:0:8
242346670	ID:34	RPL: Sending a multicast-DIO with rank 299
242874683	ID:35	RPL: Sending a multicast-DIO with rank 545
246678576	ID:32	RPL: Sending a multicast-DIO with rank 286
247346670	ID:34	RPL: Sending a multicast-DIO with rank 299
247874683	ID:35	RPL: Sending a multicast-DIO with rank 545
248325016	ID:33	RPL: Sending a DIS to fe80::c30c:0:0:2
251678576	ID:32	RPL: Sending a multicast-DIO with rank 286
252346670	ID:34	RPL: Sending a multicast-DIO with rank 299
252874683	ID:35	RPL: Sending a multicast-DIO with rank 545
256678576	ID:32	RPL: Sending a multicast-DIO with rank 286
257346670	ID:34	RPL: Sending a multicast-DIO with rank 299
257874683	ID:35	RPL: Sending a multicast-DIO with rank 545
261678576	ID:32	RPL: Sending a multicast-DIO with rank 286
262346670	ID:34	RPL: Sending a multicast-DIO with rank 299
262874683	ID:35	RPL: Sending a multicast-DIO with rank 545
266678576	ID:32	RPL: Sending a multicast-DIO with rank 286
267346670	ID:34	RPL: Sending a multicast-DIO with rank 299
267874683	ID:35	RPL: Sending a multicast-DIO with rank 545
271678576	ID:32	RPL: Sending a multicast-DIO with rank 286
272346670	ID:34	RPL: Sending a multicast-DIO with rank 299
272874683	ID:35	RPL: Sending a multicast-DIO with rank 545
276678576	ID:32	RPL: Sending a multicast-DIO with rank 286
277346670	ID:34	RPL: Sending a multicast-DIO with rank 299
277874683	ID:35	RPL: Sending a multicast-DIO with rank 545
281678576	ID:32	RPL: Sending a multicast-DIO with rank 286
282346670	ID:34	RPL: Sending a multicast-DIO with rank 299
282874683	ID:35	RPL: Sending a multicast-DIO with rank 545
286678576	ID:32	RPL: Sending a multicast-DIO with rank 286
287346670	ID:34	RPL: Sending a multicast-DIO with rank 299
287874683	ID:35	RPL: Sending a multicast-DIO with rank 545
291678576	ID:32	RPL: Sending a multicast-DIO with rank 286
292346670	ID:34	RPL: Sending a multicast-DIO with rank 299
292874683	ID:35	RPL: Sending a multicast-DIO with rank 545
296678576	ID:32	RPL: Sending a multicast-DIO with rank 286
297346670	ID:34	RPL: Sending a multicast-DIO with rank 299
297874683	ID:35	RPL: Sending a multicast-DIO with rank 545
301678576	ID:32	RPL: Sending a multicast-DIO with rank 286
302210570	ID:36	RPL: Sending a DIS to fe80::c30c:0:0:8
302346670	ID:34	RPL: Sending a multicast-DIO with rank 299
302874683	ID:35	RPL: Sending a multicast-DIO with rank 545
306678576	ID:32	RPL: Sending a multicast-DIO with rank 286
307346670	ID:34	RPL: Sending a multicast-DIO with rank 299
307874683	ID:35	RPL: Sending a multicast-DIO with rank 545
308325016	ID:33	RPL: Sending a DIS to fe80::c30c:0:0:2
311678576	ID:32	RPL: Sending a multicast-DIO with rank 286
312346670	ID:34	RPL: Sending a multicast-DIO with rank 299
312874683	ID:35	RPL: Sending a multicast-DIO with rank 545
316678576	ID:32	RPL: Sending a multicast-DIO with rank 286
317346670	ID:34	RPL: Sending a multicast-DIO with rank 299
317874683	ID:35	RPL: Sending a multicast-DIO with rank 545
321678576	ID:32	RPL: Sending a multicast-DIO with rank 286
322346670	ID:34	RPL: Sending a multicast-DIO with rank 299
322874683	ID:35	RPL: Sending a multicast-DIO with rank 545
326678576	ID:32	RPL: Sending a multicast-DIO with rank 286
327346670	ID:34	RPL: Sending a multicast-DIO with rank 299
327874683	ID:35	RPL: Sending a multicast-DIO with rank 545
331678576	ID:32	RPL: Sending a multicast-DIO with rank 286
332346670	ID:34	RPL: Sending a multicast-DIO with rank 299
332874683	ID:35	RPL: Sending a multicast-DIO with rank 545
336678576	ID:32	RPL: Sending a multicast-DIO with rank 286
337346670	ID:34	RPL: Sending a multicast-DIO with rank 299
337874683	ID:35	RPL: Sending a multicast-DIO with rank 545
341678576	ID:32	RPL: Sending a multicast-DIO with rank 286
342346670	ID:34	RPL: Sending a multicast-DIO with rank 299
342874683	ID:35	RPL: Sending a multicast-DIO with rank 545
346678576	ID:32	RPL: Sending a multicast-DIO with rank 286
347346670	ID:34	RPL: Sending a multicast-DIO with rank 299
347874683	ID:35	RPL: Sending a multicast-DIO with rank 545
351678576	ID:32	RPL: Sending a multicast-DIO with rank 286
352346670	ID:34	RPL: Sending a multicast-DIO with rank 299
352874683	ID:35	RPL: Sending a multicast-DIO with rank 545
356678576	ID:32	RPL: Sending a multicast-DIO with rank 286
357346670	ID:34	RPL: Sending a multicast-DIO with rank 299
357874683	ID:35	RPL: Sending a multicast-DIO with rank 545
361678576	ID:32	RPL: Sending a multicast-DIO with rank 286
362210570	ID:36	RPL: Sending a DIS to fe80::c30c:0:0:8
362346670	ID:34	RPL: Sending a multicast-DIO with rank 299
362874683	ID:35	RPL: Sending a multicast-DIO with rank 545
366678576	ID:32	RPL: Sending a multicast-DIO with rank 286
367346670	ID:34	RPL: Sending a multicast-DIO with rank 299
367874683	ID:35	RPL: Sending a multicast-DIO with rank 545
368325016	ID:33	RPL: Sending a DIS to fe80::c30c:0:0:2
371678576	ID:32	RPL: Sending a multicast-DIO with rank 286
372346670	ID:34	RPL: Sending a multicast-DIO with rank 299
372874683	ID:35	RPL: Sending a multicast-DIO with rank 545
376678576	ID:32	RPL: Sending a multicast-DIO with rank 286
377346670	ID:34	RPL: Sending a multicast-DIO with rank 299
377874683	ID:35	RPL: Sending a multicast-DIO with rank 545
381678576	ID:32	RPL: Sending a multicast-DIO with rank 286
382346670	ID:34	RPL: Sending a multicast-DIO with rank 299
382874683	ID:35	RPL: Sending a multicast-DIO with rank 545
386678576	ID:32	RPL: Sending a multicast-DIO with rank 286
387346670	ID:34	RPL: Sending a multicast-DIO with rank 299
387874683	ID:35	RPL: Sending a multicast-DIO with rank 545
391678576	ID:32	RPL: Sending a multicast-DIO with rank 286
392346670	ID:34	RPL: Sending a multicast-DIO with rank 299
392874683	ID:35	RPL: Sending a multicast-DIO with rank 545
396678576	ID:32	RPL: Sending a multicast-DIO with rank 286
397346670	ID:34	RPL: Sending a multicast-DIO with rank 299
397874683	ID:35	RPL: Sending a multicast-DIO with rank 545
401678576	ID:32	RPL: Sending a multicast-DIO with rank 286
402346670	ID:34	RPL: Sending a multicast-DIO with rank 299
402874683	ID:35	RPL: Sending a multicast-DIO with rank 545
406678576	ID:32	RPL: Sending a multicast-DIO with rank 286
407346670	ID:34	RPL: Sending a multicast-DIO with rank 299
407874683	ID:35	RPL: Sending a multicast-DIO with rank 545
411678576	ID:32	RPL: Sending a multicast-DIO with rank 286
412346670	ID:34	RPL: Sending a multicast-DIO with rank 299
412874683	ID:35	RPL: Sending a multicast-DIO with rank 545
416678576	ID:32	RPL: Sending a multicast-DIO with rank 286
417346670	ID:34	RPL: Sending a multicast-DIO with rank 299
417874683	ID:35	RPL: Sending a multicast-DIO with rank 545
421678576	ID:32	RPL: Sending a multicast-DIO with rank 286
422210570	ID:36	RPL: Sending a DIS to fe80::c30c:0:0:8
422346670	ID:34	RPL: Sending a multicast-DIO with rank 299
422874690	ID:35	RPL: Sending a multicast-DIO with rank 545
426678576	ID:32	RPL: Sending a multicast-DIO with rank 286
427346670	ID:34	RPL: Sending a multicast-DIO with rank 299
427874683	ID:35	RPL: Sending a multicast-DIO with rank 545
428325496	ID:33	RPL: Sending a DIS to fe80::c30c:0:0:2
431678576	ID:32	RPL: Sending a multicast-DIO with rank 286
432346670	ID:34	RPL: Sending a multicast-DIO with rank 299
432874683	ID:35	RPL: Sending a multicast-DIO with rank 545
436678576	ID:32	RPL: Sending a multicast-DIO with rank 286
437346670	ID:34	RPL: Sending a multicast-DIO with rank 299
437874683	ID:35	RPL: Sending a multicast-DIO with rank 545
441678582	ID:32	RPL: Sending a multicast-DIO with rank 286
442346670	ID:34	RPL: Sending a multicast-DIO with rank 299
442874683	ID:35	RPL: Sending a multicast-DIO with rank 545
446678576	ID:32	RPL: Sending a multicast-DIO with rank 286
447346670	ID:34	RPL: Sending a multicast-DIO with rank 299
447874683	ID:35	RPL: Sending a multicast-DIO with rank 545
451678576	ID:32	RPL: Sending a multicast-DIO with rank 286
452346670	ID:34	RPL: Sending a multicast-DIO with rank 299
452874683	ID:35	RPL: Sending a multicast-DIO with rank 545
456678576	ID:32	RPL: Sending a multicast-DIO with rank 286
457346677	ID:34	RPL: Sending a multicast-DIO with rank 299
457874683	ID:35	RPL: Sending a multicast-DIO with rank 545
461678576	ID:32	RPL: Sending a multicast-DIO with rank 286
462346670	ID:34	RPL: Sending a multicast-DIO with rank 299
462874683	ID:35	RPL: Sending a multicast-DIO with rank 545
466678576	ID:32	RPL: Sending a multicast-DIO with rank 286
467346670	ID:34	RPL: Sending a multicast-DIO with rank 299
467874683	ID:35	RPL: Sending a multicast-DIO with rank 545
471678576	ID:32	RPL: Sending a multicast-DIO with rank 286
472346670	ID:34	RPL: Sending a multicast-DIO with rank 299
472874683	ID:35	RPL: Sending a multicast-DIO with rank 545
476678576	ID:32	RPL: Sending a multicast-DIO with rank 286
477346670	ID:34	RPL: Sending a multicast-DIO with rank 299
477874683	ID:35	RPL: Sending a multicast-DIO with rank 545
481678576	ID:32	RPL: Sending a multicast-DIO with rank 286
482210570	ID:36	RPL: Sending a DIS to fe80::c30c:0:0:8
482346670	ID:34	RPL: Sending a multicast-DIO with rank 299
482874683	ID:35	RPL: Sending a multicast-DIO with rank 545
486678576	ID:32	RPL: Sending a multicast-DIO with rank 286
487346670	ID:34	RPL: Sending a multicast-DIO with rank 299
487874683	ID:35	RPL: Sending a multicast-DIO with rank 545
488325016	ID:33	RPL: Sending a DIS to fe80::c30c:0:0:2
491678576	ID:32	RPL: Sending a multicast-DIO with rank 286
492346670	ID:34	RPL: Sending a multicast-DIO with rank 299
492874683	ID:35	RPL: Sending a multicast-DIO with rank 545
496678576	ID:32	RPL: Sending a multicast-DIO with rank 286
497346670	ID:34	RPL: Sending a multicast-DIO with rank 299
497874683	ID:35	RPL: Sending a multicast-DIO with rank 545
501678576	ID:32	RPL: Sending a multicast-DIO with rank 286
502346670	ID:34	RPL: Sending a multicast-DIO with rank 299
502874683	ID:35	RPL: Sending a multicast-DIO with rank 545
506678576	ID:32	RPL: Sending a multicast-DIO with rank 286
507346670	ID:34	RPL: Sending a multicast-DIO with rank 299
507874683	ID:35	RPL: Sending a multicast-DIO with rank 545
511678576	ID:32	RPL: Sending a multicast-DIO with rank 286
512346670	ID:34	RPL: Sending a multicast-DIO with rank 299
512874683	ID:35	RPL: Sending a multicast-DIO with rank 545
516678576	ID:32	RPL: Sending a multicast-DIO with rank 286
517346670	ID:34	RPL: Sending a multicast-DIO with rank 299
517874683	ID:35	RPL: Sending a multicast-DIO with rank 545
521678576	ID:32	RPL: Sending a multicast-DIO with rank 286
522346670	ID:34	RPL: Sending a multicast-DIO with rank 299
522874683	ID:35	RPL: Sending a multicast-DIO with rank 545
526678576	ID:32	RPL: Sending a multicast-DIO with rank 286
527346670	ID:34	RPL: Sending a multicast-DIO with rank 299
527874683	ID:35	RPL: Sending a multicast-DIO with rank 545
531678576	ID:32	RPL: Sending a multicast-DIO with rank 286
532346670	ID:34	RPL: Sending a multicast-DIO with rank 299
532874683	ID:35	RPL: Sending a multicast-DIO with rank 545
536678576	ID:32	RPL: Sending a multicast-DIO with rank 286
537346670	ID:34	RPL: Sending a multicast-DIO with rank 299
537874683	ID:35	RPL: Sending a multicast-DIO with rank 545
541678576	ID:32	RPL: Sending a multicast-DIO with rank 286
542210570	ID:36	RPL: Sending a DIS to fe80::c30c:0:0:8
542346670	ID:34	RPL: Sending a multicast-DIO with rank 299
542874683	ID:35	RPL: Sending a multicast-DIO with rank 545
546678576	ID:32	RPL: Sending a multicast-DIO with rank 286
547346670	ID:34	RPL: Sending a multicast-DIO with rank 299
547874683	ID:35	RPL: Sending a multicast-DIO with rank 545
548325016	ID:33	RPL: Sending a DIS to fe80::c30c:0:0:2
551678576	ID:32	RPL: Sending a multicast-DIO with rank 286
552346670	ID:34	RPL: Sending a multicast-DIO with rank 299
552874683	ID:35	RPL: Sending a multicast-DIO with rank 545
556678576	ID:32	RPL: Sending a multicast-DIO with rank 286
557346670	ID:34	RPL: Sending a multicast-DIO with rank 299
557874683	ID:35	RPL: Sending a multicast-DIO with rank 545
561678576	ID:32	RPL: Sending a multicast-DIO with rank 286
562346670	ID:34	RPL: Sending a multicast-DIO with rank 299
562874683	ID:35	RPL: Sending a multicast-DIO with rank 545
566678576	ID:32	RPL: Sending a multicast-DIO with rank 286
567346670	ID:34	RPL: Sending a multicast-DIO with rank 299
567874683	ID:35	RPL: Sending a multicast-DIO with rank 545
571678576	ID:32	RPL: Sending a multicast-DIO with rank 286
572346670	ID:34	RPL: Sending a multicast-DIO with rank 299
572874683	ID:35	RPL: Sending a multicast-DIO with rank 545
576678576	ID:32	RPL: Sending a multicast-DIO with rank 286
577346670	ID:34	RPL: Sending a multicast-DIO with rank 299
577874683	ID:35	RPL: Sending a multicast-DIO with rank 545
581678576	ID:32	RPL: Sending a multicast-DIO with rank 286
582346670	ID:34	RPL: Sending a multicast-DIO with rank 299
582874683	ID:35	RPL: Sending a multicast-DIO with rank 545
586678576	ID:32	RPL: Sending a multicast-DIO with rank 286
587346670	ID:34	RPL: Sending a multicast-DIO with rank 299
587874683	ID:35	RPL: Sending a multicast-DIO with rank 545
591678576	ID:32	RPL: Sending a multicast-DIO with rank 286
592346670	ID:34	RPL: Sending a multicast-DIO with rank 299
592874683	ID:35	RPL: Sending a multicast-DIO with rank 545
596678576	ID:32	RPL: Sending a multicast-DIO with rank 286
597346670	ID:34	RPL: Sending a multicast-DIO with rank 299
597874683	ID:35	RPL: Sending a multicast-DIO with rank 545
601678576	ID:32	RPL: Sending a multicast-DIO with rank 286
602210570	ID:36	RPL: Sending a DIS to fe80::c30c:0:0:8
602346670	ID:34	RPL: Sending a multicast-DIO with rank 299
602874683	ID:35	RPL: Sending a multicast-DIO with rank 545
606678576	ID:32	RPL: Sending a multicast-DIO with rank 286
607346670	ID:34	RPL: Sending a multicast-DIO with rank 299
607874683	ID:35	RPL: Sending a multicast-DIO with rank 545
608325016	ID:33	RPL: Sending a DIS to fe80::c30c:0:0:2
611678576	ID:32	RPL: Sending a multicast-DIO with rank 286
612346670	ID:34	RPL: Sending a multicast-DIO with rank 299
612874683	ID:35	RPL: Sending a multicast-DIO with rank 545
616678576	ID:32	RPL: Sending a multicast-DIO with rank 286
617346670	ID:34	RPL: Sending a multicast-DIO with rank 299
617874683	ID:35	RPL: Sending a multicast-DIO with rank 545
621678576	ID:32	RPL: Sending a multicast-DIO with rank 286
622346670	ID:34	RPL: Sending a multicast-DIO with rank 299
622874683	ID:35	RPL: Sending a multicast-DIO with rank 545
626678576	ID:32	RPL: Sending a multicast-DIO with rank 286
627346670	ID:34	RPL: Sending a multicast-DIO with rank 299
627874683	ID:35	RPL: Sending a multicast-DIO with rank 545
631678576	ID:32	RPL: Sending a multicast-DIO with rank 286
632346670	ID:34	RPL: Sending a multicast-DIO with rank 299
632874683	ID:35	RPL: Sending a multicast-DIO with rank 545
636678576	ID:32	RPL: Sending a multicast-DIO with rank 286
637346670	ID:34	RPL: Sending a multicast-DIO with rank 299
637874683	ID:35	RPL: Sending a multicast-DIO with rank 545
641678576	ID:32	RPL: Sending a multicast-DIO with rank 286
642346670	ID:34	RPL: Sending a multicast-DIO with rank 299
642874683	ID:35	RPL: Sending a multicast-DIO with rank 545
646678576	ID:32	RPL: Sending a multicast-DIO with rank 286
647346670	ID:34	RPL: Sending a multicast-DIO with rank 299
647874683	ID:35	RPL: Sending a multicast-DIO with rank 545
651678576	ID:32	RPL: Sending a multicast-DIO with rank 286
652346670	ID:34	RPL: Sending a multicast-DIO with rank 299
652874683	ID:35	RPL: Sending a multicast-DIO with rank 545
656678576	ID:32	RPL: Sending a multicast-DIO with rank 286
657346670	ID:34	RPL: Sending a multicast-DIO with rank 299
657874683	ID:35	RPL: Sending a multicast-DIO with rank 545
661678576	ID:32	RPL: Sending a multicast-DIO with rank 286
662210570	ID:36	RPL: Sending a DIS to fe80::c30c:0:0:8
662346670	ID:34	RPL: Sending a multicast-DIO with rank 299
662874683	ID:35	RPL: Sending a multicast-DIO with rank 545
666678576	ID:32	RPL: Sending a multicast-DIO with rank 286
667346670	ID:34	RPL: Sending a multicast-DIO with rank 299
667874683	ID:35	RPL: Sending a multicast-DIO with rank 545
668325016	ID:33	RPL: Sending a DIS to fe80::c30c:0:0:2
671678576	ID:32	RPL: Sending a multicast-DIO with rank 286
672346670	ID:34	RPL: Sending a multicast-DIO with rank 299
672874683	ID:35	RPL: Sending a multicast-DIO with rank 545
676678576	ID:32	RPL: Sending a multicast-DIO with rank 286
677346670	ID:34	RPL: Sending a multicast-DIO with rank 299
677874683	ID:35	RPL: Sending a multicast-DIO with rank 545
681678576	ID:32	RPL: Sending a multicast-DIO with rank 286
682346670	ID:34	RPL: Sending a multicast-DIO with rank 299
682874683	ID:35	RPL: Sending a multicast-DIO with rank 545
686678576	ID:32	RPL: Sending a multicast-DIO with rank 286
687346670	ID:34	RPL: Sending a multicast-DIO with rank 299
687874683	ID:35	RPL: Sending a multicast-DIO with rank 545
691678576	ID:32	RPL: Sending a multicast-DIO with rank 286
692346670	ID:34	RPL: Sending a multicast-DIO with rank 299
692874683	ID:35	RPL: Sending a multicast-DIO with rank 545
696678576	ID:32	RPL: Sending a multicast-DIO with rank 286
697346671	ID:34	RPL: Sending a multicast-DIO with rank 299
697874683	ID:35	RPL: Sending a multicast-DIO with rank 545
701678576	ID:32	RPL: Sending a multicast-DIO with rank 286
702346671	ID:34	RPL: Sending a multicast-DIO with rank 299
702874683	ID:35	RPL: Sending a multicast-DIO with rank 545
706678576	ID:32	RPL: Sending a multicast-DIO with rank 286
707346670	ID:34	RPL: Sending a multicast-DIO with rank 299
707874683	ID:35	RPL: Sending a multicast-DIO with rank 545
711678576	ID:32	RPL: Sending a multicast-DIO with rank 286
712346671	ID:34	RPL: Sending a multicast-DIO with rank 299
712874683	ID:35	RPL: Sending a multicast-DIO with rank 545
716678576	ID:32	RPL: Sending a multicast-DIO with rank 286
717346671	ID:34	RPL: Sending a multicast-DIO with rank 299
717874683	ID:35	RPL: Sending a multicast-DIO with rank 545
721678576	ID:32	RPL: Sending a multicast-DIO with rank 286
722210570	ID:36	RPL: Sending a DIS to fe80::c30c:0:0:8
722346670	ID:34	RPL: Sending a multicast-DIO with rank 299
722874683	ID:35	RPL: Sending a multicast-DIO with rank 545
726678576	ID:32	RPL: Sending a multicast-DIO with rank 286
727346671	ID:34	RPL: Sending a multicast-DIO with rank 299
727874683	ID:35	RPL: Sending a multicast-DIO with rank 545
728325016	ID:33	RPL: Sending a DIS to fe80::c30c:0:0:2
731678576	ID:32	RPL: Sending a multicast-DIO with rank 286
732346671	ID:34	RPL: Sending a multicast-DIO with rank 299
732874683	ID:35	RPL: Sending a multicast-DIO with rank 545
736678576	ID:32	RPL: Sending a multicast-DIO with rank 286
737346670	ID:34	RPL: Sending a multicast-DIO with rank 299
737874683	ID:35	RPL: Sending a multicast-DIO with rank 545
741678576	ID:32	RPL: Sending a multicast-DIO with rank 286
742346671	ID:34	RPL: Sending a multicast-DIO with rank 299
742874683	ID:35	RPL: Sending a multicast-DIO with rank 545
746678576	ID:32	RPL: Sending a multicast-DIO with rank 286
747346671	ID:34	RPL: Sending a multicast-DIO with rank 299
747874683	ID:35	RPL: Sending a multicast-DIO with rank 545
751678576	ID:32	RPL: Sending a multicast-DIO with rank 286
752346670	ID:34	RPL: Sending a multicast-DIO with rank 299
752874683	ID:35	RPL: Sending a multicast-DIO with rank 545
756678576	ID:32	RPL: Sending a multicast-DIO with rank 286
757346671	ID:34	RPL: Sending a multicast-DIO with rank 299
757874690	ID:35	RPL: Sending a multicast-DIO with rank 545
761678576	ID:32	RPL: Sending a multicast-DIO with rank 286
762346671	ID:34	RPL: Sending a multicast-DIO with rank 299
762874683	ID:35	RPL: Sending a multicast-DIO with rank 545
766678576	ID:32	RPL: Sending a multicast-DIO with rank 286
767346670	ID:34	RPL: Sending a multicast-DIO with rank 299
767874683	ID:35	RPL: Sending a multicast-DIO with rank 545
771678576	ID:32	RPL: Sending a multicast-DIO with rank 286
772346671	ID:34	RPL: Sending a multicast-DIO with rank 299
772874683	ID:35	RPL: Sending a multicast-DIO with rank 545
776678576	ID:32	RPL: Sending a multicast-DIO with rank 286
777346671	ID:34	RPL: Sending a multicast-DIO with rank 299
777874683	ID:35	RPL: Sending a multicast-DIO with rank 545
781678576	ID:32	RPL: Sending a multicast-DIO with rank 286
782210570	ID:36	RPL: Sending a DIS to fe80::c30c:0:0:8
782346670	ID:34	RPL: Sending a multicast-DIO with rank 299
782874683	ID:35	RPL: Sending a multicast-DIO with rank 545
786678576	ID:32	RPL: Sending a multicast-DIO with rank 286
787346671	ID:34	RPL: Sending a multicast-DIO with rank 299
787874683	ID:35	RPL: Sending a multicast-DIO with rank 545
788325016	ID:33	RPL: Sending a DIS to fe80::c30c:0:0:2
791678576	ID:32	RPL: Sending a multicast-DIO with rank 286
792346671	ID:34	RPL: Sending a multicast-DIO with rank 299
792874683	ID:35	RPL: Sending a multicast-DIO with rank 545
796678576	ID:32	RPL: Sending a multicast-DIO with rank 286
797346670	ID:34	RPL: Sending a multicast-DIO with rank 299
797874683	ID:35	RPL: Sending a multicast-DIO with rank 545
801678576	ID:32	RPL: Sending a multicast-DIO with rank 286
802346671	ID:34	RPL: Sending a multicast-DIO with rank 299
802874683	ID:35	RPL: Sending a multicast-DIO with rank 545
806678576	ID:32	RPL: Sending a multicast-DIO with rank 286
807346677	ID:34	RPL: Sending a multicast-DIO with rank 299
807874683	ID:35	RPL: Sending a multicast-DIO with rank 545
811678576	ID:32	RPL: Sending a multicast-DIO with rank 286
812346671	ID:34	RPL: Sending a multicast-DIO with rank 299
812874683	ID:35	RPL: Sending a multicast-DIO with rank 545
816678576	ID:32	RPL: Sending a multicast-DIO with rank 286
817346671	ID:34	RPL: Sending a multicast-DIO with rank 299
817874683	ID:35	RPL: Sending a multicast-DIO with rank 545
821678576	ID:32	RPL: Sending a multicast-DIO with rank 286
822346671	ID:34	RPL: Sending a multicast-DIO with rank 299
822874683	ID:35	RPL: Sending a multicast-DIO with rank 545
826678576	ID:32	RPL: Sending a multicast-DIO with rank 286
827346670	ID:34	RPL: Sending a multicast-DIO with rank 299
827874683	ID:35	RPL: Sending a multicast-DIO with rank 545
831678576	ID:32	RPL: Sending a multicast-DIO with rank 286
832346671	ID:34	RPL: Sending a multicast-DIO with rank 299
832874683	ID:35	RPL: Sending a multicast-DIO with rank 545
836678576	ID:32	RPL: Sending a multicast-DIO with rank 286
837346671	ID:34	RPL: Sending a multicast-DIO with rank 299
837874683	ID:35	RPL: Sending a multicast-DIO with rank 545
841678576	ID:32	RPL: Sending a multicast-DIO with rank 286
842210570	ID:36	RPL: Sending a DIS to fe80::c30c:0:0:8
842346670	ID:34	RPL: Sending a multicast-DIO with rank 299
842874683	ID:35	RPL: Sending a multicast-DIO with rank 545
846678576	ID:32	RPL: Sending a multicast-DIO with rank 286
847346671	ID:34	RPL: Sending a multicast-DIO with rank 299
847874683	ID:35	RPL: Sending a multicast-DIO with rank 545
848325016	ID:33	RPL: Sending a DIS to fe80::c30c:0:0:2
851678576	ID:32	RPL: Sending a multicast-DIO with rank 286
852346671	ID:34	RPL: Sending a multicast-DIO with rank 299
852874683	ID:35	RPL: Sending a multicast-DIO with rank 545
856678576	ID:32	RPL: Sending a multicast-DIO with rank 286
857346670	ID:34	RPL: Sending a multicast-DIO with rank 299
857874683	ID:35	RPL: Sending a multicast-DIO with rank 545
861678576	ID:32	RPL: Sending a multicast-DIO with rank 286
862346671	ID:34	RPL: Sending a multicast-DIO with rank 299
862874683	ID:35	RPL: Sending a multicast-DIO with rank 545
866678576	ID:32	RPL: Sending a multicast-DIO with rank 286
867346671	ID:34	RPL: Sending a multicast-DIO with rank 299
867874683	ID:35	RPL: Sending a multicast-DIO with rank 545
871678576	ID:32	RPL: Sending a multicast-DIO with rank 286
872346671	ID:34	RPL: Sending a multicast-DIO with rank 299
872874683	ID:35	RPL: Sending a multicast-DIO with rank 545
876678576	ID:32	RPL: Sending a multicast-DIO with rank 286
877346671	ID:34	RPL: Sending a multicast-DIO with rank 299
877874683	ID:35	RPL: Sending a multicast-DIO with rank 545
881678583	ID:32	RPL: Sending a multicast-DIO with rank 286
882346670	ID:34	RPL: Sending a multicast-DIO with rank 299
882874683	ID:35	RPL: Sending a multicast-DIO with rank 545
886678576	ID:32	RPL: Sending a multicast-DIO with rank 286
887346671	ID:34	RPL: Sending a multicast-DIO with rank 299
887874683	ID:35	RPL: Sending a multicast-DIO with rank 545
891678576	ID:32	RPL: Sending a multicast-DIO with rank 286
892346671	ID:34	RPL: Sending a multicast-DIO with rank 299
892874683	ID:35	RPL: Sending a multicast-DIO with rank 545
896678576	ID:32	RPL: Sending a multicast-DIO with rank 286
897346671	ID:34	RPL: Sending a multicast-DIO with rank 299
897874683	ID:35	RPL: Sending a multicast-DIO with rank 545
901678576	ID:32	RPL: Sending a multicast-DIO with rank 286
902210570	ID:36	RPL: Sending a DIS to fe80::c30c:0:0:8
902346670	ID:34	RPL: Sending a multicast-DIO with rank 299
902874683	ID:35	RPL: Sending a multicast-DIO with rank 545
906678576	ID:32	RPL: Sending a multicast-DIO with rank 286
907346671	ID:34	RPL: Sending a multicast-DIO with rank 299
907874683	ID:35	RPL: Sending a multicast-DIO with rank 545
908325570	ID:33	RPL: Sending a DIS to fe80::c30c:0:0:2
911678576	ID:32	RPL: Sending a multicast-DIO with rank 286
912346671	ID:34	RPL: Sending a multicast-DIO with rank 299
912874683	ID:35	RPL: Sending a multicast-DIO with rank 545
916678576	ID:32	RPL: Sending a multicast-DIO with rank 286
917346671	ID:34	RPL: Sending a multicast-DIO with rank 299
917874683	ID:35	RPL: Sending a multicast-DIO with rank 545
921678576	ID:32	RPL: Sending a multicast-DIO with rank 286
922346671	ID:34	RPL: Sending a multicast-DIO with rank 299
922874683	ID:35	RPL: Sending a multicast-DIO with rank 545
926678576	ID:32	RPL: Sending a multicast-DIO with rank 286
927346671	ID:34	RPL: Sending a multicast-DIO with rank 299
927874683	ID:35	RPL: Sending a multicast-DIO with rank 545
931678576	ID:32	RPL: Sending a multicast-DIO with rank 286
932346670	ID:34	RPL: Sending a multicast-DIO with rank 299
932874683	ID:35	RPL: Sending a multicast-DIO with rank 545
936678576	ID:32	RPL: Sending a multicast-DIO with rank 286
937346671	ID:34	RPL: Sending a multicast-DIO with rank 299
937874683	ID:35	RPL: Sending a multicast-DIO with rank 545
941678576	ID:32	RPL: Sending a multicast-DIO with rank 286
942346671	ID:34	RPL: Sending a multicast-DIO with rank 299
942874683	ID:35	RPL: Sending a multicast-DIO with rank 545
946678576	ID:32	RPL: Sending a multicast-DIO with rank 286
947346671	ID:34	RPL: Sending a multicast-DIO with rank 299
947874683	ID:35	RPL: Sending a multicast-DIO with rank 545
951678576	ID:32	RPL: Sending a multicast-DIO with rank 286
952346671	ID:34	RPL: Sending a multicast-DIO with rank 299
952874683	ID:35	RPL: Sending a multicast-DIO with rank 545
956678576	ID:32	RPL: Sending a multicast-DIO with rank 286
957346671	ID:34	RPL: Sending a multicast-DIO with rank 299
957874683	ID:35	RPL: Sending a multicast-DIO with rank 545
961678576	ID:32	RPL: Sending a multicast-DIO with rank 286
962210570	ID:36	RPL: Sending a DIS to fe80::c30c:0:0:8
962346670	ID:34	RPL: Sending a multicast-DIO with rank 299
962874683	ID:35	RPL: Sending a multicast-DIO with rank 545
966678576	ID:32	RPL: Sending a multicast-DIO with rank 286
967346671	ID:34	RPL: Sending a multicast-DIO with rank 299
967874683	ID:35	RPL: Sending a multicast-DIO with rank 545
968325017	ID:33	RPL: Sending a DIS to fe80::c30c:0:0:2
971678576	ID:32	RPL: Sending a multicast-DIO with rank 286
972346671	ID:34	RPL: Sending a multicast-DIO with rank 299
972874683	ID:35	RPL: Sending a multicast-DIO with rank 545
976678576	ID:32	RPL: Sending a multicast-DIO with rank 286
977346670	ID:34	RPL: Sending a multicast-DIO with rank 299
977874683	ID:35	RPL: Sending a multicast-DIO with rank 545
981678576	ID:32	RPL: Sending a multicast-DIO with rank 286
982346671	ID:34	RPL: Sending a multicast-DIO with rank 299
982874683	ID:35	RPL: Sending a multicast-DIO with rank 545
986678576	ID:32	RPL: Sending a multicast-DIO with rank 286
987346671	ID:34	RPL: Sending a multicast-DIO with rank 299
987874683	ID:35	RPL: Sending a multicast-DIO with rank 545
991678576	ID:32	RPL: Sending a multicast-DIO with rank 286
992346670	ID:34	RPL: Sending a multicast-DIO with rank 299
992874683	ID:35	RPL: Sending a multicast-DIO with rank 545
996678576	ID:32	RPL: Sending a multicast-DIO with rank 286
997346671	ID:34	RPL: Sending a multicast-DIO with rank 299
997874683	ID:35	RPL: Sending a multicast-DIO with rank 545
1001678576	ID:32	RPL: Sending a multicast-DIO with rank 286
1002346671	ID:34	RPL: Sending a multicast-DIO with rank 299
1002874683	ID:35	RPL: Sending a multicast-DIO with rank 545
1006678576	ID:32	RPL: Sending a multicast-DIO with rank 286
1007346670	ID:34	RPL: Sending a multicast-DIO with rank 299
1007874683	ID:35	RPL: Sending a multicast-DIO with rank 545
1011678576	ID:32	RPL: Sending a multicast-DIO with rank 286
1012346671	ID:34	RPL: Sending a multicast-DIO with rank 299
1012874683	ID:35	RPL: Sending a multicast-DIO with rank 545
1016678576	ID:32	RPL: Sending a multicast-DIO with rank 286
1017346671	ID:34	RPL: Sending a multicast-DIO with rank 299
1017874683	ID:35	RPL: Sending a multicast-DIO with rank 545
1021678576	ID:32	RPL: Sending a multicast-DIO with rank 286
1022210570	ID:36	RPL: Sending a DIS to fe80::c30c:0:0:8
1022346670	ID:34	RPL: Sending a multicast-DIO with rank 299
1022874683	ID:35	RPL: Sending a multicast-DIO with rank 545
1026678577	ID:32	RPL: Sending a multicast-DIO with rank 286
1027346671	ID:34	RPL: Sending a multicast-DIO with rank 299
1027874684	ID:35	RPL: Sending a multicast-DIO with rank 545
1028325017	ID:33	RPL: Sending a DIS to fe80::c30c:0:0:2
1031678577	ID:32	RPL: Sending a multicast-DIO with rank 286
1032346671	ID:34	RPL: Sending a multicast-DIO with rank 299
1032874684	ID:35	RPL: Sending a multicast-DIO with rank 545
1036678577	ID:32	RPL: Sending a multicast-DIO with rank 286
1037346671	ID:34	RPL: Sending a multicast-DIO with rank 299
1037874684	ID:35	RPL: Sending a multicast-DIO with rank 545
1041678577	ID:32	RPL: Sending a multicast-DIO with rank 286
1042346671	ID:34	RPL: Sending a multicast-DIO with rank 299
1042874684	ID:35	RPL: Sending a multicast-DIO with rank 545
1046678577	ID:32	RPL: Sending a multicast-DIO with rank 286
1047346671	ID:34	RPL: Sending a multicast-DIO with rank 299
1047874684	ID:35	RPL: Sending a multicast-DIO with rank 545
1051678577	ID:32	RPL: Sending a multicast-DIO with rank 286
1052346671	ID:34	RPL: Sending a multicast-DIO with rank 299
1052874684	ID:35	RPL: Sending a multicast-DIO with rank 545
1056678577	ID:32	RPL: Sending a multicast-DIO with rank 286
1057346671	ID:34	RPL: Sending a multicast-DIO with rank 299
1057874684	ID:35	RPL: Sending a multicast-DIO with rank 545
1061678577	ID:32	RPL: Sending a multicast-DIO with rank 286
1062346671	ID:34	RPL: Sending a multicast-DIO with rank 299
1062874684	ID:35	RPL: Sending a multicast-DIO with rank 545
1066678577	ID:32	RPL: Sending a multicast-DIO with rank 286
1067346671	ID:34	RPL: Sending a multicast-DIO with rank 299
1067874684	ID:35	RPL: Sending a multicast-DIO with rank 545
1071678577	ID:32	RPL: Sending a multicast-DIO with rank 286
1072346671	ID:34	RPL: Sending a multicast-DIO with rank 299
1072874684	ID:35	RPL: Sending a multicast-DIO with rank 545
1076678577	ID:32	RPL: Sending a multicast-DIO with rank 286
1077346671	ID:34	RPL: Sending a multicast-DIO with rank 299
1077874684	ID:35	RPL: Sending a multicast-DIO with rank 545
1081678577	ID:32	RPL: Sending a multicast-DIO with rank 286
1082210571	ID:36	RPL: Sending a DIS to fe80::c30c:0:0:8
1082346671	ID:34	RPL: Sending a multicast-DIO with rank 299
1082874684	ID:35	RPL: Sending a multicast-DIO with rank 545
1086678577	ID:32	RPL: Sending a multicast-DIO with rank 286
1087346671	ID:34	RPL: Sending a multicast-DIO with rank 299
1087874684	ID:35	RPL: Sending a multicast-DIO with rank 545
1088325017	ID:33	RPL: Sending a DIS to fe80::c30c:0:0:2
1091678577	ID:32	RPL: Sending a multicast-DIO with rank 286
1092346671	ID:34	RPL: Sending a multicast-DIO with rank 299
1092874684	ID:35	RPL: Sending a multicast-DIO with rank 545
1096678577	ID:32	RPL: Sending a multicast-DIO with rank 286
1097346671	ID:34	RPL: Sending a multicast-DIO with rank 299
1097874684	ID:35	RPL: Sending a multicast-DIO with rank 545
1101678577	ID:32	RPL: Sending a multicast-DIO with rank 286
1102346671	ID:34	RPL: Sending a multicast-DIO with rank 299
1102874684	ID:35	RPL: Sending a multicast-DIO with rank 545
1106678577	ID:32	RPL: Sending a multicast-DIO with rank 286
1107346671	ID:34	RPL: Sending a multicast-DIO with rank 299
1107874691	ID:35	RPL: Sending a multicast-DIO with rank 545
1111678577	ID:32	RPL: Sending a multicast-DIO with rank 286
1112346671	ID:34	RPL: Sending a multicast-DIO with rank 299
1112874684	ID:35	RPL: Sending a multicast-DIO with rank 545
1116678577	ID:32	RPL: Sending a multicast-DIO with rank 286
1117346671	ID:34	RPL: Sending a multicast-DIO with rank 299
1117874684	ID:35	RPL: Sending a multicast-DIO with rank 545
1121678577	ID:32	RPL: Sending a multicast-DIO with rank 286
1122346671	ID:34	RPL: Sending a multicast-DIO with rank 299
1122874684	ID:35	RPL: Sending a multicast-DIO with rank 545
1126678577	ID:32	RPL: Sending a multicast-DIO with rank 286
1127346671	ID:34	RPL: Sending a multicast-DIO with rank 299
1127874684	ID:35	RPL: Sending a multicast-DIO with rank 545
1131678577	ID:32	RPL: Sending a multicast-DIO with rank 286
1132346671	ID:34	RPL: Sending a multicast-DIO with rank 299
1132874684	ID:35	RPL: Sending a multicast-DIO with rank 545
1136678577	ID:32	RPL: Sending a multicast-DIO with rank 286
1137346671	ID:34	RPL: Sending a multicast-DIO with rank 299
1137874684	ID:35	RPL: Sending a multicast-DIO with rank 545
1141678577	ID:32	RPL: Sending a multicast-DIO with rank 286
1142210571	ID:36	RPL: Sending a DIS to fe80::c30c:0:0:8
1142346671	ID:34	RPL: Sending a multicast-DIO with rank 299
1142874684	ID:35	RPL: Sending a multicast-DIO with rank 545
1146678577	ID:32	RPL: Sending a multicast-DIO with rank 286
1147346671	ID:34	RPL: Sending a multicast-DIO with rank 299
1147874684	ID:35	RPL: Sending a multicast-DIO with rank 545
1148325017	ID:33	RPL: Sending a DIS to fe80::c30c:0:0:2
1151678577	ID:32	RPL: Sending a multicast-DIO with rank 286
1152346671	ID:34	RPL: Sending a multicast-DIO with rank 299
1152874684	ID:35	RPL: Sending a multicast-DIO with rank 545
1156678577	ID:32	RPL: Sending a multicast-DIO with rank 286
1157346671	ID:34	RPL: Sending a multicast-DIO with rank 299
1157874684	ID:35	RPL: Sending a multicast-DIO with rank 545
1161678577	ID:32	RPL: Sending a multicast-DIO with rank 286
1162346671	ID:34	RPL: Sending a multicast-DIO with rank 299
1162874684	ID:35	RPL: Sending a multicast-DIO with rank 545
1166678577	ID:32	RPL: Sending a multicast-DIO with rank 286
1167346678	ID:34	RPL: Sending a multicast-DIO with rank 299
1167874684	ID:35	RPL: Sending a multicast-DIO with rank 545
1171678577	ID:32	RPL: Sending a multicast-DIO with rank 286
1172346671	ID:34	RPL: Sending a multicast-DIO with rank 299
1172874684	ID:35	RPL: Sending a multicast-DIO with rank 545
1176678577	ID:32	RPL: Sending a multicast-DIO with rank 286
1177346671	ID:34	RPL: Sending a multicast-DIO with rank 299
1177874684	ID:35	RPL: Sending a multicast-DIO with rank 545
1181678577	ID:32	RPL: Sending a multicast-DIO with rank 286
1182346671	ID:34	RPL: Sending a multicast-DIO with rank 299
1182874684	ID:35	RPL: Sending a multicast-DIO with rank 545
1186678577	ID:32	RPL: Sending a multicast-DIO with rank 286
1187346671	ID:34	RPL: Sending a multicast-DIO with rank 299
1187874684	ID:35	RPL: Sending a multicast-DIO with rank 545
1191678577	ID:32	RPL: Sending a multicast-DIO with rank 286
1192346671	ID:34	RPL: Sending a multicast-DIO with rank 299
1192874684	ID:35	RPL: Sending a multicast-DIO with rank 545
1196678577	ID:32	RPL: Sending a multicast-DIO with rank 286
1197346671	ID:34	RPL: Sending a multicast-DIO with rank 299
1197874684	ID:35	RPL: Sending a multicast-DIO with rank 545
1201678582	ID:32	RPL: Sending a multicast-DIO with rank 286
1202210576	ID:36	RPL: Sending a DIS to fe80::c30c:0:0:8
1202346676	ID:34	RPL: Sending a multicast-DIO with rank 299
1202874689	ID:35	RPL: Sending a multicast-DIO with rank 545
1206678576	ID:32	RPL: Sending a multicast-DIO with rank 286
1207346670	ID:34	RPL: Sending a multicast-DIO with rank 299
1207874683	ID:35	RPL: Sending a multicast-DIO with rank 545
1208325016	ID:33	RPL: Sending a DIS to fe80::c30c:0:0:2
1211678576	ID:32	RPL: Sending a multicast-DIO with rank 286
1212346670	ID:34	RPL: Sending a multicast-DIO with rank 299
1212874683	ID:35	RPL: Sending a multicast-DIO with rank 545
1216678576	ID:32	RPL: Sending a multicast-DIO with rank 286
1217346670	ID:34	RPL: Sending a multicast-DIO with rank 299
1217874683	ID:35	RPL: Sending a multicast-DIO with rank 545
1221678576	ID:32	RPL: Sending a multicast-DIO with rank 286
1222346670	ID:34	RPL: Sending a multicast-DIO with rank 299
1222874683	ID:35	RPL: Sending a multicast-DIO with rank 545
1226678583	ID:32	RPL: Sending a multicast-DIO with rank 286
1227346670	ID:34	RPL: Sending a multicast-DIO with rank 299
1227874683	ID:35	RPL: Sending a multicast-DIO with rank 545
1231678576	ID:32	RPL: Sending a multicast-DIO with rank 286
1232346670	ID:34	RPL: Sending a multicast-DIO with rank 299
1232874683	ID:35	RPL: Sending a multicast-DIO with rank 545
1236678576	ID:32	RPL: Sending a multicast-DIO with rank 286
1237346670	ID:34	RPL: Sending a multicast-DIO with rank 299
1237874683	ID:35	RPL: Sending a multicast-DIO with rank 545
1241678576	ID:32	RPL: Sending a multicast-DIO with rank 286
1242346670	ID:34	RPL: Sending a multicast-DIO with rank 299
1242874683	ID:35	RPL: Sending a multicast-DIO with rank 545
1246678576	ID:32	RPL: Sending a multicast-DIO with rank 286
1247346670	ID:34	RPL: Sending a multicast-DIO with rank 299
1247874683	ID:35	RPL: Sending a multicast-DIO with rank 545
1251678576	ID:32	RPL: Sending a multicast-DIO with rank 286
1252346670	ID:34	RPL: Sending a multicast-DIO with rank 299
1252874683	ID:35	RPL: Sending a multicast-DIO with rank 545
1256678576	ID:32	RPL: Sending a multicast-DIO with rank 286
1257346670	ID:34	RPL: Sending a multicast-DIO with rank 299
1257874683	ID:35	RPL: Sending a multicast-DIO with rank 545
1261678576	ID:32	RPL: Sending a multicast-DIO with rank 286
1262210570	ID:36	RPL: Sending a DIS to fe80::c30c:0:0:8
1262346670	ID:34	RPL: Sending a multicast-DIO with rank 299
1262874683	ID:35	RPL: Sending a multicast-DIO with rank 545
1266678576	ID:32	RPL: Sending a multicast-DIO with rank 286
1267346670	ID:34	RPL: Sending a multicast-DIO with rank 299
1267874683	ID:35	RPL: Sending a multicast-DIO with rank 545
1268325016	ID:33	RPL: Sending a DIS to fe80::c30c:0:0:2
1271678576	ID:32	RPL: Sending a multicast-DIO with rank 286
1272346670	ID:34	RPL: Sending a multicast-DIO with rank 299
1272874683	ID:35	RPL: Sending a multicast-DIO with rank 545
1276678576	ID:32	RPL: Sending a multicast-DIO with rank 286
1277346670	ID:34	RPL: Sending a multicast-DIO with rank 299
1277874683	ID:35	RPL: Sending a multicast-DIO with rank 545
1281678576	ID:32	RPL: Sending a multicast-DIO with rank 286
1282346670	ID:34	RPL: Sending a multicast-DIO with rank 299
1282874683	ID:35	RPL: Sending a multicast-DIO with rank 545
1286678576	ID:32	RPL: Sending a multicast-DIO with rank 286
1287346670	ID:34	RPL: Sending a multicast-DIO with rank 299
1287874683	ID:35	RPL: Sending a multicast-DIO with rank 545
1291678576	ID:32	RPL: Sending a multicast-DIO with rank 286
1292346670	ID:34	RPL: Sending a multicast-DIO with rank 299
1292874683	ID:35	RPL: Sending a multicast-DIO with rank 545
1296678576	ID:32	RPL: Sending a multicast-DIO with rank 286
1297346670	ID:34	RPL: Sending a multicast-DIO with rank 299
1297874683	ID:35	RPL: Sending a multicast-DIO with rank 545
1301678576	ID:32	RPL: Sending a multicast-DIO with rank 286
1302346670	ID:34	RPL: Sending a multicast-DIO with rank 299
1302874683	ID:35	RPL: Sending a multicast-DIO with rank 545
1306678576	ID:32	RPL: Sending a multicast-DIO with rank 286
1307346670	ID:34	RPL: Sending a multicast-DIO with rank 299
1307874683	ID:35	RPL: Sending a multicast-DIO with rank 545
1311678576	ID:32	RPL: Sending a multicast-DIO with rank 286
1312346670	ID:34	RPL: Sending a multicast-DIO with rank 299
1312874683	ID:35	RPL: Sending a multicast-DIO with rank 545
1316678576	ID:32	RPL: Sending a multicast-DIO with rank 286
1317346670	ID:34	RPL: Sending a multicast-DIO with rank 299
1317874683	ID:35	RPL: Sending a multicast-DIO with rank 545
1321678576	ID:32	RPL: Sending a multicast-DIO with rank 286
1322210570	ID:36	RPL: Sending a DIS to fe80::c30c:0:0:8
1322346670	ID:34	RPL: Sending a multicast-DIO with rank 299
1322874683	ID:35	RPL: Sending a multicast-DIO with rank 545
1326678576	ID:32	RPL: Sending a multicast-DIO with rank 286
1327346670	ID:34	RPL: Sending a multicast-DIO with rank 299
1327874683	ID:35	RPL: Sending a multicast-DIO with rank 545
1328325016	ID:33	RPL: Sending a DIS to fe80::c30c:0:0:2
1331678576	ID:32	RPL: Sending a multicast-DIO with rank 286
1332346670	ID:34	RPL: Sending a multicast-DIO with rank 299
1332874683	ID:35	RPL: Sending a multicast-DIO with rank 545
1336678576	ID:32	RPL: Sending a multicast-DIO with rank 286
1337346670	ID:34	RPL: Sending a multicast-DIO with rank 299
1337874683	ID:35	RPL: Sending a multicast-DIO with rank 545
1341678576	ID:32	RPL: Sending a multicast-DIO with rank 286
1342346670	ID:34	RPL: Sending a multicast-DIO with rank 299
1342874683	ID:35	RPL: Sending a multicast-DIO with rank 545
1346678576	ID:32	RPL: Sending a multicast-DIO with rank 286
1347346670	ID:34	RPL: Sending a multicast-DIO with rank 299
1347874683	ID:35	RPL: Sending a multicast-DIO with rank 545
1351678576	ID:32	RPL: Sending a multicast-DIO with rank 286
1352346670	ID:34	RPL: Sending a multicast-DIO with rank 299
1352874683	ID:35	RPL: Sending a multicast-DIO with rank 545
1356678576	ID:32	RPL: Sending a multicast-DIO with rank 286
1357346670	ID:34	RPL: Sending a multicast-DIO with rank 299
1357874683	ID:35	RPL: Sending a multicast-DIO with rank 545
1361678576	ID:32	RPL: Sending a multicast-DIO with rank 286
1362346670	ID:34	RPL: Sending a multicast-DIO with rank 299
1362874683	ID:35	RPL: Sending a multicast-DIO with rank 545
1366678576	ID:32	RPL: Sending a multicast-DIO with rank 286
1367346670	ID:34	RPL: Sending a multicast-DIO with rank 299
1367874683	ID:35	RPL: Sending a multicast-DIO with rank 545
1371678576	ID:32	RPL: Sending a multicast-DIO with rank 286
1372346670	ID:34	RPL: Sending a multicast-DIO with rank 299
1372874683	ID:35	RPL: Sending a multicast-DIO with rank 545
1376678576	ID:32	RPL: Sending a multicast-DIO with rank 286
1377346670	ID:34	RPL: Sending a multicast-DIO with rank 299
1377874683	ID:35	RPL: Sending a multicast-DIO with rank 545
1381678576	ID:32	RPL: Sending a multicast-DIO with rank 286
1382210570	ID:36	RPL: Sending a DIS to fe80::c30c:0:0:8
1382346670	ID:34	RPL: Sending a multicast-DIO with rank 299
1382874683	ID:35	RPL: Sending a multicast-DIO with rank 545
1386678576	ID:32	RPL: Sending a multicast-DIO with rank 286
1387346670	ID:34	RPL: Sending a multicast-DIO with rank 299
1387874683	ID:35	RPL: Sending a multicast-DIO with rank 545
1388325016	ID:33	RPL: Sending a DIS to fe80::c30c:0:0:2
1391678576	ID:32	RPL: Sending a multicast-DIO with rank 286
1392346670	ID:34	RPL: Sending a multicast-DIO with rank 299
1392874683	ID:35	RPL: Sending a multicast-DIO with rank 545
1396678576	ID:32	RPL: Sending a multicast-DIO with rank 286
1397346670	ID:34	RPL: Sending a multicast-DIO with rank 299
1397874683	ID:35	RPL: Sending a multicast-DIO with rank 545
1401678576	ID:32	RPL: Sending a multicast-DIO with rank 286
1402346670	ID:34	RPL: Sending a multicast-DIO with rank 299
1402874683	ID:35	RPL: Sending a multicast-DIO with rank 545
1406678576	ID:32	RPL: Sending a multicast-DIO with rank 286
1407346670	ID:34	RPL: Sending a multicast-DIO with rank 299
1407874683	ID:35	RPL: Sending a multicast-DIO with rank 545
1411678576	ID:32	RPL: Sending a multicast-DIO with rank 286
1412346670	ID:34	RPL: Sending a multicast-DIO with rank 299
1412874683	ID:35	RPL: Sending a multicast-DIO with rank 545
1416678576	ID:32	RPL: Sending a multicast-DIO with rank 286
1417346670	ID:34	RPL: Sending a multicast-DIO with rank 299
1417874683	ID:35	RPL: Sending a multicast-DIO with rank 545
1421678576	ID:32	RPL: Sending a multicast-DIO with rank 286
1422346670	ID:34	RPL: Sending a multicast-DIO with rank 299
1422874683	ID:35	RPL: Sending a multicast-DIO with rank 545
1426678576	ID:32	RPL: Sending a multicast-DIO with rank 286
1427346670	ID:34	RPL: Sending a multicast-DIO with rank 299
1427874683	ID:35	RPL: Sending a multicast-DIO with rank 545
1431678576	ID:32	RPL: Sending a multicast-DIO with rank 286
1432346670	ID:34	RPL: Sending a multicast-DIO with rank 299
1432874683	ID:35	RPL: Sending a multicast-DIO with rank 545
1436678576	ID:32	RPL: Sending a multicast-DIO with rank 286
1437346670	ID:34	RPL: Sending a multicast-DIO with rank 299
1437874683	ID:35	RPL: Sending a multicast-DIO with rank 545
1441678576	ID:32	RPL: Sending a multicast-DIO with rank 286
1442210570	ID:36	RPL: Sending a DIS to fe80::c30c:0:0:8
1442346670	ID:34	RPL: Sending a multicast-DIO with rank 299
1442874683	ID:35	RPL: Sending a multicast-DIO with rank 545
1446678576	ID:32	RPL: Sending a multicast-DIO with rank 286
1447346670	ID:34	RPL: Sending a multicast-DIO with rank 299
1447874683	ID:35	RPL: Sending a multicast-DIO with rank 545
1448325016	ID:33	RPL: Sending a DIS to fe80::c30c:0:0:2
1451678576	ID:32	RPL: Sending a multicast-DIO with rank 286
1452346670	ID:34	RPL: Sending a multicast-DIO with rank 299
1452874683	ID:35	RPL: Sending a multicast-DIO with rank 545
1456678576	ID:32	RPL: Sending a multicast-DIO with rank 286
1457346670	ID:34	RPL: Sending a multicast-DIO with rank 299
1457874683	ID:35	RPL: Sending a multicast-DIO with rank 545
1461678576	ID:32	RPL: Sending a multicast-DIO with rank 286
1462346670	ID:34	RPL: Sending a multicast-DIO with rank 299
1462874683	ID:35	RPL: Sending a multicast-DIO with rank 545
1466678576	ID:32	RPL: Sending a multicast-DIO with rank 286
1467346670	ID:34	RPL: Sending a multicast-DIO with rank 299
1467874683	ID:35	RPL: Sending a multicast-DIO with rank 545
1471678576	ID:32	RPL: Sending a multicast-DIO with rank 286
1472346670	ID:34	RPL: Sending a multicast-DIO with rank 299
1472874683	ID:35	RPL: Sending a multicast-DIO with rank 545
1476678576	ID:32	RPL: Sending a multicast-DIO with rank 286
1477346670	ID:34	RPL: Sending a multicast-DIO with rank 299
1477874683	ID:35	RPL: Sending a multicast-DIO with rank 545
1481678576	ID:32	RPL: Sending a multicast-DIO with rank 286
1482346670	ID:34	RPL: Sending a multicast-DIO with rank 299
1482874683	ID:35	RPL: Sending a multicast-DIO with rank 545
1486678576	ID:32	RPL: Sending a multicast-DIO with rank 286
1487346677	ID:34	RPL: Sending a multicast-DIO with rank 299
1487874683	ID:35	RPL: Sending a multicast-DIO with rank 545
1491678576	ID:32	RPL: Sending a multicast-DIO with rank 286
1492346670	ID:34	RPL: Sending a multicast-DIO with rank 299
1492874683	ID:35	RPL: Sending a multicast-DIO with rank 545
1496678576	ID:32	RPL: Sending a multicast-DIO with rank 286
1497346670	ID:34	RPL: Sending a multicast-DIO with rank 299
1497874683	ID:35	RPL: Sending a multicast-DIO with rank 545
1501678576	ID:32	RPL: Sending a multicast-DIO with rank 286
1502210570	ID:36	RPL: Sending a DIS to fe80::c30c:0:0:8
1502346670	ID:34	RPL: Sending a multicast-DIO with rank 299
1502874683	ID:35	RPL: Sending a multicast-DIO with rank 545
1506678576	ID:32	RPL: Sending a multicast-DIO with rank 286
1507346670	ID:34	RPL: Sending a multicast-DIO with rank 299
1507874683	ID:35	RPL: Sending a multicast-DIO with rank 545
1508325016	ID:33	RPL: Sending a DIS to fe80::c30c:0:0:2
1511678576	ID:32	RPL: Sending a multicast-DIO with rank 286
1512346670	ID:34	RPL: Sending a multicast-DIO with rank 299
1512874683	ID:35	RPL: Sending a multicast-DIO with rank 545
1516678576	ID:32	RPL: Sending a multicast-DIO with rank 286
1517346670	ID:34	RPL: Sending a multicast-DIO with rank 299
1517874683	ID:35	RPL: Sending a multicast-DIO with rank 545
1521678576	ID:32	RPL: Sending a multicast-DIO with rank 286
1522346670	ID:34	RPL: Sending a multicast-DIO with rank 299
1522874690	ID:35	RPL: Sending a multicast-DIO with rank 545
1526678576	ID:32	RPL: Sending a multicast-DIO with rank 286
1527346670	ID:34	RPL: Sending a multicast-DIO with rank 299
1527874683	ID:35	RPL: Sending a multicast-DIO with rank 545
1531678576	ID:32	RPL: Sending a multicast-DIO with rank 286
1532346670	ID:34	RPL: Sending a multicast-DIO with rank 299
1532874683	ID:35	RPL: Sending a multicast-DIO with rank 545
1536678576	ID:32	RPL: Sending a multicast-DIO with rank 286
1537346670	ID:34	RPL: Sending a multicast-DIO with rank 299
1537874683	ID:35	RPL: Sending a multicast-DIO with rank 545
1541678576	ID:32	RPL: Sending a multicast-DIO with rank 286
1542346670	ID:34	RPL: Sending a multicast-DIO with rank 299
1542874683	ID:35	RPL: Sending a multicast-DIO with rank 545
1546678576	ID:32	RPL: Sending a multicast-DIO with rank 286
1547346670	ID:34	RPL: Sending a multicast-DIO with rank 299
1547874683	ID:35	RPL: Sending a multicast-DIO with rank 545
1551678576	ID:32	RPL: Sending a multicast-DIO with rank 286
1552346670	ID:34	RPL: Sending a multicast-DIO with rank 299
1552874683	ID:35	RPL: Sending a multicast-DIO with rank 545
1556678576	ID:32	RPL: Sending a multicast-DIO with rank 286
1557346670	ID:34	RPL: Sending a multicast-DIO with rank 299
1557874683	ID:35	RPL: Sending a multicast-DIO with rank 545
1561678576	ID:32	RPL: Sending a multicast-DIO with rank 286
1562210570	ID:36	RPL: Sending a DIS to fe80::c30c:0:0:8
1562346670	ID:34	RPL: Sending a multicast-DIO with rank 299
1562874683	ID:35	RPL: Sending a multicast-DIO with rank 545
1566678576	ID:32	RPL: Sending a multicast-DIO with rank 286
1567346670	ID:34	RPL: Sending a multicast-DIO with rank 299
1567874683	ID:35	RPL: Sending a multicast-DIO with rank 545
1568325016	ID:33	RPL: Sending a DIS to fe80::c30c:0:0:2
1571678576	ID:32	RPL: Sending a multicast-DIO with rank 286
1572346670	ID:34	RPL: Sending a multicast-DIO with rank 299
1572874683	ID:35	RPL: Sending a multicast-DIO with rank 545
1576678576	ID:32	RPL: Sending a multicast-DIO with rank 286
1577346670	ID:34	RPL: Sending a multicast-DIO with rank 299
1577874683	ID:35	RPL: Sending a multicast-DIO with rank 545
1581678576	ID:32	RPL: Sending a multicast-DIO with rank 286
1582346670	ID:34	RPL: Sending a multicast-DIO with rank 299
1582874683	ID:35	RPL: Sending a multicast-DIO with rank 545
1586678576	ID:32	RPL: Sending a multicast-DIO with rank 286
1587346670	ID:34	RPL: Sending a multicast-DIO with rank 299
1587874683	ID:35	RPL: Sending a multicast-DIO with rank 545
1591678576	ID:32	RPL: Sending a multicast-DIO with rank 286
1592346670	ID:34	RPL: Sending a multicast-DIO with rank 299
1592874683	ID:35	RPL: Sending a multicast-DIO with rank 545
1596678576	ID:32	RPL: Sending a multicast-DIO with rank 286
1597346670	ID:34	RPL: Sending a multicast-DIO with rank 299
1597874683	ID:35	RPL: Sending a multicast-DIO with rank 545
1601678576	ID:32	RPL: Sending a multicast-DIO with rank 286
1602346670	ID:34	RPL: Sending a multicast-DIO with rank 299
1602874683	ID:35	RPL: Sending a multicast-DIO with rank 545
1606678576	ID:32	RPL: Sending a multicast-DIO with rank 286
1607346670	ID:34	RPL: Sending a multicast-DIO with rank 299
1607874683	ID:35	RPL: Sending a multicast-DIO with rank 545
1611678576	ID:32	RPL: Sending a multicast-DIO with rank 286
1612346670	ID:34	RPL: Sending a multicast-DIO with rank 299
1612874683	ID:35	RPL: Sending a multicast-DIO with rank 545
1616678576	ID:32	RPL: Sending a multicast-DIO with rank 286
1617346670	ID:34	RPL: Sending a multicast-DIO with rank 299
1617874683	ID:35	RPL: Sending a multicast-DIO with rank 545
1621678576	ID:32	RPL: Sending a multicast-DIO with rank 286
1622210570	ID:36	RPL: Sending a DIS to fe80::c30c:0:0:8
1622346670	ID:34	RPL: Sending a multicast-DIO with rank 299
1622874683	ID:35	RPL: Sending a multicast-DIO with rank 545
1626678576	ID:32	RPL: Sending a multicast-DIO with rank 286
1627346670	ID:34	RPL: Sending a multicast-DIO with rank 299
1627874683	ID:35	RPL: Sending a multicast-DIO with rank 545
1628325016	ID:33	RPL: Sending a DIS to fe80::c30c:0:0:2
1631678576	ID:32	RPL: Sending a multicast-DIO with rank 286
1632346670	ID:34	RPL: Sending a multicast-DIO with rank 299
1632874683	ID:35	RPL: Sending a multicast-DIO with rank 545
1636678576	ID:32	RPL: Sending a multicast-DIO with rank 286
1637346670	ID:34	RPL: Sending a multicast-DIO with rank 299
1637874683	ID:35	RPL: Sending a multicast-DIO with rank 545
1641678576	ID:32	RPL: Sending a multicast-DIO with rank 286
1642346670	ID:34	RPL: Sending a multicast-DIO with rank 299
1642874683	ID:35	RPL: Sending a multicast-DIO with rank 545
1646678576	ID:32	RPL: Sending a multicast-DIO with rank 286
1647346670	ID:34	RPL: Sending a multicast-DIO with rank 299
1647874683	ID:35	RPL: Sending a multicast-DIO with rank 545
1651678576	ID:32	RPL: Sending a multicast-DIO with rank 286
1652346670	ID:34	RPL: Sending a multicast-DIO with rank 299
1652874683	ID:35	RPL: Sending a multicast-DIO with rank 545
1656678576	ID:32	RPL: Sending a multicast-DIO with rank 286
1657346670	ID:34	RPL: Sending a multicast-DIO with rank 299
1657874683	ID:35	RPL: Sending a multicast-DIO with rank 545
1661678576	ID:32	RPL: Sending a multicast-DIO with rank 286
1662346670	ID:34	RPL: Sending a multicast-DIO with rank 299
1662874683	ID:35	RPL: Sending a multicast-DIO with rank 545
1666678583	ID:32	RPL: Sending a multicast-DIO with rank 286
1667346670	ID:34	RPL: Sending a multicast-DIO with rank 299
1667874683	ID:35	RPL: Sending a multicast-DIO with rank 545
1671678576	ID:32	RPL: Sending a multicast-DIO with rank 286
1672346670	ID:34	RPL: Sending a multicast-DIO with rank 299
1672874683	ID:35	RPL: Sending a multicast-DIO with rank 545
1676678576	ID:32	RPL: Sending a multicast-DIO with rank 286
1677346670	ID:34	RPL: Sending a multicast-DIO with rank 299
1677874683	ID:35	RPL: Sending a multicast-DIO with rank 545
1681678576	ID:32	RPL: Sending a multicast-DIO with rank 286
1682210570	ID:36	RPL: Sending a DIS to fe80::c30c:0:0:8
1682346670	ID:34	RPL: Sending a multicast-DIO with rank 299
1682874683	ID:35	RPL: Sending a multicast-DIO with rank 545
1686678576	ID:32	RPL: Sending a multicast-DIO with rank 286
1687346670	ID:34	RPL: Sending a multicast-DIO with rank 299
1687874683	ID:35	RPL: Sending a multicast-DIO with rank 545
1688325016	ID:33	RPL: Sending a DIS to fe80::c30c:0:0:2
1691678576	ID:32	RPL: Sending a multicast-DIO with rank 286
1692346670	ID:34	RPL: Sending a multicast-DIO with rank 299
1692874683	ID:35	RPL: Sending a multicast-DIO with rank 545
1696678576	ID:32	RPL: Sending a multicast-DIO with rank 286
1697346670	ID:34	RPL: Sending a multicast-DIO with rank 299
1697874683	ID:35	RPL: Sending a multicast-DIO with rank 545
1701678576	ID:32	RPL: Sending a multicast-DIO with rank 286
1702346670	ID:34	RPL: Sending a multicast-DIO with rank 299
1702874683	ID:35	RPL: Sending a multicast-DIO with rank 545
1706678576	ID:32	RPL: Sending a multicast-DIO with rank 286
1707346670	ID:34	RPL: Sending a multicast-DIO with rank 299
1707874683	ID:35	RPL: Sending a multicast-DIO with rank 545
1711678576	ID:32	RPL: Sending a multicast-DIO with rank 286
1712346670	ID:34	RPL: Sending a multicast-DIO with rank 299
1712874683	ID:35	RPL: Sending a multicast-DIO with rank 545
1716678576	ID:32	RPL: Sending a multicast-DIO with rank 286
1717346670	ID:34	RPL: Sending a multicast-DIO with rank 299
1717874683	ID:35	RPL: Sending a multicast-DIO with rank 545
1721678576	ID:32	RPL: Sending a multicast-DIO with rank 286
1722346670	ID:34	RPL: Sending a multicast-DIO with rank 299
1722874683	ID:35	RPL: Sending a multicast-DIO with rank 545
1726678576	ID:32	RPL: Sending a multicast-DIO with rank 286
1727346670	ID:34	RPL: Sending a multicast-DIO with rank 299
1727874683	ID:35	RPL: Sending a multicast-DIO with rank 545
1731678576	ID:32	RPL: Sending a multicast-DIO with rank 286
1732346670	ID:34	RPL: Sending a multicast-DIO with rank 299
1732874683	ID:35	RPL: Sending a multicast-DIO with rank 545
1736678576	ID:32	RPL: Sending a multicast-DIO with rank 286
1737346670	ID:34	RPL: Sending a multicast-DIO with rank 299
1737874683	ID:35	RPL: Sending a multicast-DIO with rank 545
1741678576	ID:32	RPL: Sending a multicast-DIO with rank 286
1742210570	ID:36	RPL: Sending a DIS to fe80::c30c:0:0:8
1742346670	ID:34	RPL: Sending a multicast-DIO with rank 299
1742874683	ID:35	RPL: Sending a multicast-DIO with rank 545
1746678576	ID:32	RPL: Sending a multicast-DIO with rank 286
1747346670	ID:34	RPL: Sending a multicast-DIO with rank 299
1747874683	ID:35	RPL: Sending a multicast-DIO with rank 545
1748325016	ID:33	RPL: Sending a DIS to fe80::c30c:0:0:2
1751678576	ID:32	RPL: Sending a multicast-DIO with rank 286
1752346670	ID:34	RPL: Sending a multicast-DIO with rank 299
1752874683	ID:35	RPL: Sending a multicast-DIO with rank 545
1756678576	ID:32	RPL: Sending a multicast-DIO with rank 286
1757346670	ID:34	RPL: Sending a multicast-DIO with rank 299
1757874683	ID:35	RPL: Sending a multicast-DIO with rank 545
1761678576	ID:32	RPL: Sending a multicast-DIO with rank 286
1762346670	ID:34	RPL: Sending a multicast-DIO with rank 299
1762874683	ID:35	RPL: Sending a multicast-DIO with rank 545
1766678576	ID:32	RPL: Sending a multicast-DIO with rank 286
1767346670	ID:34	RPL: Sending a multicast-DIO with rank 299
1767874683	ID:35	RPL: Sending a multicast-DIO with rank 545
1771678576	ID:32	RPL: Sending a multicast-DIO with rank 286
1772346670	ID:34	RPL: Sending a multicast-DIO with rank 299
1772874683	ID:35	RPL: Sending a multicast-DIO with rank 545
1776678576	ID:32	RPL: Sending a multicast-DIO with rank 286
1777346670	ID:34	RPL: Sending a multicast-DIO with rank 299
1777874683	ID:35	RPL: Sending a multicast-DIO with rank 545
1781678576	ID:32	RPL: Sending a multicast-DIO with rank 286
1782346670	ID:34	RPL: Sending a multicast-DIO with rank 299
1782874683	ID:35	RPL: Sending a multicast-DIO with rank 545
1786678576	ID:32	RPL: Sending a multicast-DIO with rank 286
1787346670	ID:34	RPL: Sending a multicast-DIO with rank 299
1787874683	ID:35	RPL: Sending a multicast-DIO with rank 545
1791678576	ID:32	RPL: Sending a multicast-DIO with rank 286
1792346670	ID:34	RPL: Sending a multicast-DIO with rank 299
1792874683	ID:35	RPL: Sending a multicast-DIO with rank 545
1796678576	ID:32	RPL: Sending a multicast-DIO with rank 286
1797346677	ID:34	RPL: Sending a multicast-DIO with rank 299
1797874683	ID:35	RPL: Sending a multicast-DIO with rank 545
