Generated Packets 1 | ReceivedPackets 1
TL = 186461 |  AE2ED = 0.186461 |  PDR = 1
Generated Packets 2 | ReceivedPackets 2
TL = 579162 |  AE2ED = 0.289581 |  PDR = 1
Generated Packets 3 | ReceivedPackets 3
TL = 750667 |  AE2ED = 0.2502223333333333 |  PDR = 1
Generated Packets 4 | ReceivedPackets 4
TL = 809671 |  AE2ED = 0.20241775 |  PDR = 1
Generated Packets 5 | ReceivedPackets 5
TL = 1040437 |  AE2ED = 0.2080874 |  PDR = 1
Generated Packets 6 | ReceivedPackets 6
TL = 1242217 |  AE2ED = 0.20703616666666666 |  PDR = 1
Generated Packets 7 | ReceivedPackets 7
TL = 1503809 |  AE2ED = 0.21482985714285713 |  PDR = 1
Generated Packets 8 | ReceivedPackets 8
TL = 1670132 |  AE2ED = 0.2087665 |  PDR = 1
Generated Packets 11 | ReceivedPackets 9
TL = 1934991 |  AE2ED = 0.214999 |  PDR = 0.8181818181818182
Generated Packets 11 | ReceivedPackets 10
TL = 2272382 |  AE2ED = 0.2272382 |  PDR = 0.9090909090909091
Generated Packets 11 | ReceivedPackets 11
TL = 2425817 |  AE2ED = 0.2205288181818182 |  PDR = 1
Generated Packets 12 | ReceivedPackets 12
TL = 2571327 |  AE2ED = 0.21427725 |  PDR = 1
Generated Packets 15 | ReceivedPackets 13
TL = 3895420 |  AE2ED = 0.29964769230769234 |  PDR = 0.8666666666666667
Generated Packets 15 | ReceivedPackets 14
TL = 4898743 |  AE2ED = 0.3499102142857143 |  PDR = 0.9333333333333333
Generated Packets 15 | ReceivedPackets 15
TL = 6010364 |  AE2ED = 0.40069093333333333 |  PDR = 1
Generated Packets 16 | ReceivedPackets 16
TL = 6508923 |  AE2ED = 0.4068076875 |  PDR = 1
Generated Packets 17 | ReceivedPackets 17
TL = 6622667 |  AE2ED = 0.38956864705882355 |  PDR = 1
Generated Packets 18 | ReceivedPackets 18
TL = 6781981 |  AE2ED = 0.37677672222222225 |  PDR = 1
Generated Packets 19 | ReceivedPackets 19
TL = 6995187 |  AE2ED = 0.3681677368421053 |  PDR = 1
Generated Packets 20 | ReceivedPackets 20
TL = 7188130 |  AE2ED = 0.3594065 |  PDR = 1
Generated Packets 21 | ReceivedPackets 21
TL = 7359170 |  AE2ED = 0.3504366666666667 |  PDR = 1
Generated Packets 22 | ReceivedPackets 22
TL = 7547706 |  AE2ED = 0.3430775454545455 |  PDR = 1
Generated Packets 23 | ReceivedPackets 23
TL = 7670331 |  AE2ED = 0.33349265217391305 |  PDR = 1
Generated Packets 24 | ReceivedPackets 24
TL = 8329306 |  AE2ED = 0.3470544166666667 |  PDR = 1
Generated Packets 25 | ReceivedPackets 25
TL = 8480318 |  AE2ED = 0.33921271999999997 |  PDR = 1
Generated Packets 26 | ReceivedPackets 26
TL = 8638840 |  AE2ED = 0.33226307692307694 |  PDR = 1
Generated Packets 27 | ReceivedPackets 27
TL = 9245785 |  AE2ED = 0.3424364814814815 |  PDR = 1
Generated Packets 28 | ReceivedPackets 28
TL = 9404701 |  AE2ED = 0.3358821785714286 |  PDR = 1
Generated Packets 29 | ReceivedPackets 29
TL = 9657156 |  AE2ED = 0.3330053793103448 |  PDR = 1
Generated Packets 30 | ReceivedPackets 30
TL = 9864828 |  AE2ED = 0.3288276 |  PDR = 1
Generated Packets 31 | ReceivedPackets 31
TL = 9932844 |  AE2ED = 0.3204143225806452 |  PDR = 1
Generated Packets 32 | ReceivedPackets 32
TL = 10160547 |  AE2ED = 0.31751709375 |  PDR = 1
Generated Packets 33 | ReceivedPackets 33
TL = 10422657 |  AE2ED = 0.3158380909090909 |  PDR = 1
Generated Packets 34 | ReceivedPackets 34
TL = 10657195 |  AE2ED = 0.3134469117647059 |  PDR = 1
Generated Packets 36 | ReceivedPackets 35
TL = 10858302 |  AE2ED = 0.3102372 |  PDR = 0.9722222222222222
Generated Packets 36 | ReceivedPackets 36
TL = 11055996 |  AE2ED = 0.307111 |  PDR = 1
Generated Packets 37 | ReceivedPackets 37
TL = 11195015 |  AE2ED = 0.30256797297297294 |  PDR = 1
Generated Packets 38 | ReceivedPackets 38
TL = 11369186 |  AE2ED = 0.2991891052631579 |  PDR = 1
Generated Packets 39 | ReceivedPackets 39
TL = 11554192 |  AE2ED = 0.2962613333333333 |  PDR = 1
Generated Packets 40 | ReceivedPackets 40
TL = 11722843 |  AE2ED = 0.293071075 |  PDR = 1
Generated Packets 41 | ReceivedPackets 41
TL = 11940940 |  AE2ED = 0.29124243902439023 |  PDR = 1
Generated Packets 43 | ReceivedPackets 42
TL = 13024982 |  AE2ED = 0.31011861904761906 |  PDR = 0.9767441860465116
Generated Packets 43 | ReceivedPackets 43
TL = 13581148 |  AE2ED = 0.3158406511627907 |  PDR = 1
Generated Packets 44 | ReceivedPackets 44
TL = 13763447 |  AE2ED = 0.31280561363636367 |  PDR = 1
Generated Packets 45 | ReceivedPackets 45
TL = 13925991 |  AE2ED = 0.30946646666666666 |  PDR = 1
Generated Packets 46 | ReceivedPackets 46
TL = 14094259 |  AE2ED = 0.3063969347826087 |  PDR = 1
Generated Packets 47 | ReceivedPackets 47
TL = 14243288 |  AE2ED = 0.3030486808510638 |  PDR = 1
Generated Packets 48 | ReceivedPackets 48
TL = 14446792 |  AE2ED = 0.3009748333333333 |  PDR = 1
Generated Packets 49 | ReceivedPackets 49
TL = 14638599 |  AE2ED = 0.2987469183673469 |  PDR = 1
Generated Packets 50 | ReceivedPackets 50
TL = 14933366 |  AE2ED = 0.29866732 |  PDR = 1
Generated Packets 51 | ReceivedPackets 51
TL = 15128427 |  AE2ED = 0.29663582352941176 |  PDR = 1
Generated Packets 52 | ReceivedPackets 52
TL = 15397458 |  AE2ED = 0.29610496153846155 |  PDR = 1
Generated Packets 57 | ReceivedPackets 53
TL = 16381132 |  AE2ED = 0.30907796226415096 |  PDR = 0.9298245614035088
Generated Packets 57 | ReceivedPackets 54
TL = 18779964 |  AE2ED = 0.34777711111111115 |  PDR = 0.9473684210526315
Generated Packets 57 | ReceivedPackets 55
TL = 21112359 |  AE2ED = 0.38386107272727277 |  PDR = 0.9649122807017544
Generated Packets 57 | ReceivedPackets 56
TL = 23146545 |  AE2ED = 0.4133311607142857 |  PDR = 0.9824561403508771
Generated Packets 58 | ReceivedPackets 57
TL = 23298739 |  AE2ED = 0.4087498070175439 |  PDR = 0.9827586206896551
Generated Packets 59 | ReceivedPackets 58
TL = 23450491 |  AE2ED = 0.4043188103448276 |  PDR = 0.9830508474576272
Generated Packets 61 | ReceivedPackets 59
TL = 23761596 |  AE2ED = 0.40273891525423733 |  PDR = 0.9672131147540983
Generated Packets 63 | ReceivedPackets 60
TL = 25005201 |  AE2ED = 0.41675334999999997 |  PDR = 0.9523809523809523
Generated Packets 63 | ReceivedPackets 61
TL = 26142176 |  AE2ED = 0.428560262295082 |  PDR = 0.9682539682539683
Generated Packets 64 | ReceivedPackets 62
TL = 26356940 |  AE2ED = 0.425111935483871 |  PDR = 0.96875
Generated Packets 65 | ReceivedPackets 63
TL = 26479895 |  AE2ED = 0.4203157936507937 |  PDR = 0.9692307692307692
Generated Packets 67 | ReceivedPackets 64
TL = 26648863 |  AE2ED = 0.416388484375 |  PDR = 0.9552238805970149
Generated Packets 68 | ReceivedPackets 65
TL = 26863945 |  AE2ED = 0.4132914615384616 |  PDR = 0.9558823529411765
Generated Packets 70 | ReceivedPackets 66
TL = 29774051 |  AE2ED = 0.45112198484848487 |  PDR = 0.9428571428571428
Generated Packets 70 | ReceivedPackets 67
TL = 29994505 |  AE2ED = 0.44767917910447763 |  PDR = 0.9571428571428572
Generated Packets 71 | ReceivedPackets 68
TL = 30377672 |  AE2ED = 0.4467304705882353 |  PDR = 0.9577464788732394
Generated Packets 71 | ReceivedPackets 69
TL = 32802656 |  AE2ED = 0.4754008115942029 |  PDR = 0.971830985915493
Generated Packets 72 | ReceivedPackets 70
TL = 33007168 |  AE2ED = 0.4715309714285714 |  PDR = 0.9722222222222222
Generated Packets 73 | ReceivedPackets 71
TL = 33153385 |  AE2ED = 0.46694908450704226 |  PDR = 0.9726027397260274
Generated Packets 74 | ReceivedPackets 72
TL = 33357906 |  AE2ED = 0.46330425 |  PDR = 0.972972972972973
Generated Packets 75 | ReceivedPackets 73
TL = 33619556 |  AE2ED = 0.4605418630136986 |  PDR = 0.9733333333333334
Generated Packets 77 | ReceivedPackets 74
TL = 33840096 |  AE2ED = 0.4572985945945946 |  PDR = 0.961038961038961
Generated Packets 77 | ReceivedPackets 75
TL = 34092624 |  AE2ED = 0.45456832 |  PDR = 0.974025974025974
Generated Packets 78 | ReceivedPackets 76
TL = 34303822 |  AE2ED = 0.4513660789473684 |  PDR = 0.9743589743589743
Generated Packets 79 | ReceivedPackets 77
TL = 34435727 |  AE2ED = 0.4472172337662338 |  PDR = 0.9746835443037974
Generated Packets 80 | ReceivedPackets 78
TL = 34953960 |  AE2ED = 0.44812769230769234 |  PDR = 0.975
Generated Packets 81 | ReceivedPackets 79
TL = 35068213 |  AE2ED = 0.44390143037974683 |  PDR = 0.9753086419753086
Generated Packets 82 | ReceivedPackets 80
TL = 35298107 |  AE2ED = 0.4412263375 |  PDR = 0.975609756097561
Generated Packets 83 | ReceivedPackets 81
TL = 35625841 |  AE2ED = 0.4398251975308642 |  PDR = 0.9759036144578314
Generated Packets 84 | ReceivedPackets 82
TL = 35787108 |  AE2ED = 0.43642814634146343 |  PDR = 0.9761904761904762
Generated Packets 85 | ReceivedPackets 83
TL = 35924805 |  AE2ED = 0.43282897590361447 |  PDR = 0.9764705882352941
Generated Packets 86 | ReceivedPackets 84
TL = 36059833 |  AE2ED = 0.4292837261904762 |  PDR = 0.9767441860465116
Generated Packets 87 | ReceivedPackets 85
TL = 36245736 |  AE2ED = 0.4264204235294118 |  PDR = 0.9770114942528736
Generated Packets 89 | ReceivedPackets 86
TL = 36478385 |  AE2ED = 0.42416726744186045 |  PDR = 0.9662921348314607
Generated Packets 90 | ReceivedPackets 87
TL = 36655949 |  AE2ED = 0.4213327471264368 |  PDR = 0.9666666666666667
Generated Packets 92 | ReceivedPackets 88
TL = 36681422 |  AE2ED = 0.4168343409090909 |  PDR = 0.9565217391304348
Generated Packets 94 | ReceivedPackets 89
TL = 36853485 |  AE2ED = 0.4140841011235955 |  PDR = 0.9468085106382979
Generated Packets 96 | ReceivedPackets 90
TL = 37087150 |  AE2ED = 0.41207944444444444 |  PDR = 0.9375
Generated Packets 97 | ReceivedPackets 91
TL = 37201078 |  AE2ED = 0.4088030549450549 |  PDR = 0.9381443298969072
Generated Packets 98 | ReceivedPackets 92
TL = 37628549 |  AE2ED = 0.40900596739130435 |  PDR = 0.9387755102040817
Generated Packets 101 | ReceivedPackets 93
TL = 37743588 |  AE2ED = 0.40584503225806456 |  PDR = 0.9207920792079208
Generated Packets 102 | ReceivedPackets 94
TL = 37898569 |  AE2ED = 0.4031762659574468 |  PDR = 0.9215686274509803
Generated Packets 103 | ReceivedPackets 95
TL = 38085997 |  AE2ED = 0.4009052315789474 |  PDR = 0.9223300970873787
Generated Packets 106 | ReceivedPackets 96
TL = 38360267 |  AE2ED = 0.3995861145833333 |  PDR = 0.9056603773584906
Generated Packets 107 | ReceivedPackets 97
TL = 38590550 |  AE2ED = 0.39784072164948453 |  PDR = 0.9065420560747663
Generated Packets 112 | ReceivedPackets 98
TL = 38775946 |  AE2ED = 0.3956729183673469 |  PDR = 0.875
Generated Packets 114 | ReceivedPackets 99
TL = 38966233 |  AE2ED = 0.3935983131313131 |  PDR = 0.868421052631579
Generated Packets 118 | ReceivedPackets 100
TL = 39157538 |  AE2ED = 0.39157538000000003 |  PDR = 0.847457627118644
Generated Packets 124 | ReceivedPackets 101
TL = 39335384 |  AE2ED = 0.38945924752475247 |  PDR = 0.8145161290322581
Generated Packets 126 | ReceivedPackets 102
TL = 39464070 |  AE2ED = 0.38690264705882355 |  PDR = 0.8095238095238095
Generated Packets 127 | ReceivedPackets 103
TL = 39516472 |  AE2ED = 0.38365506796116505 |  PDR = 0.8110236220472441
Generated Packets 136 | ReceivedPackets 104
TL = 39626474 |  AE2ED = 0.38102378846153845 |  PDR = 0.7647058823529411
Generated Packets 137 | ReceivedPackets 105
TL = 39755285 |  AE2ED = 0.3786217619047619 |  PDR = 0.7664233576642335
Generated Packets 138 | ReceivedPackets 106
TL = 39780400 |  AE2ED = 0.3752867924528302 |  PDR = 0.7681159420289855
Generated Packets 141 | ReceivedPackets 107
TL = 39917830 |  AE2ED = 0.3730638317757009 |  PDR = 0.7588652482269503
Generated Packets 145 | ReceivedPackets 108
TL = 40056305 |  AE2ED = 0.37089171296296297 |  PDR = 0.7448275862068966
Generated Packets 147 | ReceivedPackets 109
TL = 40139902 |  AE2ED = 0.36825598165137613 |  PDR = 0.7414965986394558
Generated Packets 154 | ReceivedPackets 110
TL = 40278029 |  AE2ED = 0.36616390000000004 |  PDR = 0.7142857142857143
Generated Packets 155 | ReceivedPackets 111
TL = 40467332 |  AE2ED = 0.3645705585585586 |  PDR = 0.7161290322580646
Generated Packets 163 | ReceivedPackets 112
TL = 40761888 |  AE2ED = 0.3639454285714286 |  PDR = 0.6871165644171779
Generated Packets 164 | ReceivedPackets 113
TL = 40962602 |  AE2ED = 0.3625009026548673 |  PDR = 0.6890243902439024
Generated Packets 170 | ReceivedPackets 114
TL = 41601168 |  AE2ED = 0.3649225263157895 |  PDR = 0.6705882352941176
Generated Packets 172 | ReceivedPackets 115
TL = 41646818 |  AE2ED = 0.36214624347826085 |  PDR = 0.6686046511627907
Generated Packets 174 | ReceivedPackets 116
TL = 41752885 |  AE2ED = 0.3599386637931034 |  PDR = 0.6666666666666666
Generated Packets 175 | ReceivedPackets 117
TL = 41904545 |  AE2ED = 0.35815850427350426 |  PDR = 0.6685714285714286
Generated Packets 178 | ReceivedPackets 118
TL = 42069865 |  AE2ED = 0.35652427966101696 |  PDR = 0.6629213483146067
Generated Packets 185 | ReceivedPackets 119
TL = 42095029 |  AE2ED = 0.3537397394957983 |  PDR = 0.6432432432432432
Generated Packets 192 | ReceivedPackets 120
TL = 42256880 |  AE2ED = 0.3521406666666667 |  PDR = 0.625
Generated Packets 196 | ReceivedPackets 121
TL = 42441727 |  AE2ED = 0.3507580743801653 |  PDR = 0.6173469387755102
Generated Packets 197 | ReceivedPackets 122
TL = 42556549 |  AE2ED = 0.3488241721311475 |  PDR = 0.6192893401015228
Generated Packets 199 | ReceivedPackets 123
TL = 42626440 |  AE2ED = 0.34655642276422766 |  PDR = 0.6180904522613065
Generated Packets 201 | ReceivedPackets 124
TL = 42776525 |  AE2ED = 0.3449719758064516 |  PDR = 0.6169154228855721
Generated Packets 206 | ReceivedPackets 125
TL = 42923100 |  AE2ED = 0.3433848 |  PDR = 0.6067961165048543
Generated Packets 207 | ReceivedPackets 126
TL = 43074853 |  AE2ED = 0.3418639126984127 |  PDR = 0.6086956521739131
Generated Packets 209 | ReceivedPackets 127
TL = 43449359 |  AE2ED = 0.342120937007874 |  PDR = 0.6076555023923444
Generated Packets 211 | ReceivedPackets 128
TL = 43747967 |  AE2ED = 0.3417809921875 |  PDR = 0.6066350710900474
Generated Packets 217 | ReceivedPackets 129
TL = 43908736 |  AE2ED = 0.3403777984496124 |  PDR = 0.5944700460829493
Generated Packets 220 | ReceivedPackets 130
TL = 44108433 |  AE2ED = 0.3392956384615385 |  PDR = 0.5909090909090909
Generated Packets 222 | ReceivedPackets 131
TL = 44216039 |  AE2ED = 0.33752701526717555 |  PDR = 0.5900900900900901
Generated Packets 224 | ReceivedPackets 132
TL = 44240921 |  AE2ED = 0.33515849242424245 |  PDR = 0.5892857142857143
Generated Packets 227 | ReceivedPackets 133
TL = 44314760 |  AE2ED = 0.3331936842105263 |  PDR = 0.5859030837004405
Generated Packets 238 | ReceivedPackets 134
TL = 44905557 |  AE2ED = 0.3351160970149254 |  PDR = 0.5630252100840336
Generated Packets 239 | ReceivedPackets 135
TL = 44985550 |  AE2ED = 0.3332262962962963 |  PDR = 0.5648535564853556
Generated Packets 246 | ReceivedPackets 136
TL = 45186103 |  AE2ED = 0.3322507573529412 |  PDR = 0.5528455284552846
Generated Packets 251 | ReceivedPackets 137
TL = 45247871 |  AE2ED = 0.33027643065693435 |  PDR = 0.545816733067729
Generated Packets 252 | ReceivedPackets 138
TL = 45357068 |  AE2ED = 0.32867440579710144 |  PDR = 0.5476190476190477
Generated Packets 253 | ReceivedPackets 139
TL = 45564371 |  AE2ED = 0.32780123021582735 |  PDR = 0.549407114624506
Generated Packets 254 | ReceivedPackets 140
TL = 45950269 |  AE2ED = 0.32821620714285715 |  PDR = 0.5511811023622047
Generated Packets 255 | ReceivedPackets 141
TL = 45975146 |  AE2ED = 0.326064865248227 |  PDR = 0.5529411764705883
Generated Packets 259 | ReceivedPackets 142
TL = 46081196 |  AE2ED = 0.3245154647887324 |  PDR = 0.5482625482625483
Generated Packets 269 | ReceivedPackets 143
TL = 46315807 |  AE2ED = 0.3238867622377622 |  PDR = 0.5315985130111525
Generated Packets 272 | ReceivedPackets 144
TL = 46679717 |  AE2ED = 0.32416470138888887 |  PDR = 0.5294117647058824
Generated Packets 275 | ReceivedPackets 145
TL = 46815244 |  AE2ED = 0.32286375172413795 |  PDR = 0.5272727272727272
Generated Packets 280 | ReceivedPackets 146
TL = 46956498 |  AE2ED = 0.3216198493150685 |  PDR = 0.5214285714285715
Generated Packets 283 | ReceivedPackets 147
TL = 47051242 |  AE2ED = 0.3200764761904762 |  PDR = 0.519434628975265
Generated Packets 284 | ReceivedPackets 148
TL = 47213477 |  AE2ED = 0.3190099797297297 |  PDR = 0.5211267605633803
Generated Packets 286 | ReceivedPackets 149
TL = 47685935 |  AE2ED = 0.32003983221476506 |  PDR = 0.5209790209790209
Generated Packets 288 | ReceivedPackets 150
TL = 47848079 |  AE2ED = 0.31898719333333336 |  PDR = 0.5208333333333334
Generated Packets 289 | ReceivedPackets 151
TL = 47873194 |  AE2ED = 0.3170410198675496 |  PDR = 0.5224913494809689
Generated Packets 303 | ReceivedPackets 152
TL = 48213574 |  AE2ED = 0.3171945657894737 |  PDR = 0.5016501650165016
Generated Packets 305 | ReceivedPackets 153
TL = 48395958 |  AE2ED = 0.31631345098039215 |  PDR = 0.5016393442622951
Generated Packets 308 | ReceivedPackets 154
TL = 48463220 |  AE2ED = 0.3146962337662338 |  PDR = 0.5
Generated Packets 314 | ReceivedPackets 155
TL = 48651345 |  AE2ED = 0.3138796451612903 |  PDR = 0.49363057324840764
Generated Packets 318 | ReceivedPackets 156
TL = 48818292 |  AE2ED = 0.31293776923076927 |  PDR = 0.49056603773584906
Generated Packets 322 | ReceivedPackets 157
TL = 48843585 |  AE2ED = 0.3111056369426752 |  PDR = 0.48757763975155277
Generated Packets 324 | ReceivedPackets 158
TL = 48987097 |  AE2ED = 0.310044917721519 |  PDR = 0.4876543209876543
Generated Packets 328 | ReceivedPackets 159
TL = 49209323 |  AE2ED = 0.30949259748427677 |  PDR = 0.4847560975609756
Generated Packets 332 | ReceivedPackets 160
TL = 49728497 |  AE2ED = 0.31080310625 |  PDR = 0.4819277108433735
Generated Packets 335 | ReceivedPackets 161
TL = 49851028 |  AE2ED = 0.30963371428571423 |  PDR = 0.48059701492537316
Generated Packets 338 | ReceivedPackets 162
TL = 50000166 |  AE2ED = 0.308643 |  PDR = 0.47928994082840237
Generated Packets 344 | ReceivedPackets 163
TL = 50147120 |  AE2ED = 0.3076510429447853 |  PDR = 0.4738372093023256
Generated Packets 348 | ReceivedPackets 164
TL = 50172395 |  AE2ED = 0.305929237804878 |  PDR = 0.47126436781609193
Generated Packets 350 | ReceivedPackets 165
TL = 50323763 |  AE2ED = 0.30499250303030306 |  PDR = 0.4714285714285714
Generated Packets 357 | ReceivedPackets 166
TL = 50409306 |  AE2ED = 0.3036705180722892 |  PDR = 0.4649859943977591
Generated Packets 359 | ReceivedPackets 167
TL = 50976873 |  AE2ED = 0.3052507365269461 |  PDR = 0.46518105849582175
Generated Packets 362 | ReceivedPackets 168
TL = 51132155 |  AE2ED = 0.3043580654761905 |  PDR = 0.46408839779005523
Generated Packets 364 | ReceivedPackets 169
TL = 51284254 |  AE2ED = 0.30345712426035504 |  PDR = 0.4642857142857143
Generated Packets 368 | ReceivedPackets 170
TL = 51406339 |  AE2ED = 0.3023902294117647 |  PDR = 0.46195652173913043
Generated Packets 369 | ReceivedPackets 171
TL = 51450085 |  AE2ED = 0.30087769005847953 |  PDR = 0.4634146341463415
Generated Packets 371 | ReceivedPackets 172
TL = 51525716 |  AE2ED = 0.29956811627906976 |  PDR = 0.4636118598382749
Generated Packets 374 | ReceivedPackets 173
TL = 51886035 |  AE2ED = 0.2999192774566474 |  PDR = 0.4625668449197861
Generated Packets 381 | ReceivedPackets 174
TL = 52038254 |  AE2ED = 0.29907042528735633 |  PDR = 0.4566929133858268
Generated Packets 386 | ReceivedPackets 175
TL = 52063588 |  AE2ED = 0.29750621714285713 |  PDR = 0.4533678756476684
Generated Packets 393 | ReceivedPackets 176
TL = 52249344 |  AE2ED = 0.2968712727272727 |  PDR = 0.44783715012722647
Generated Packets 394 | ReceivedPackets 177
TL = 52381561 |  AE2ED = 0.29594102259887006 |  PDR = 0.44923857868020306
Generated Packets 396 | ReceivedPackets 178
TL = 52832604 |  AE2ED = 0.2968123820224719 |  PDR = 0.4494949494949495
Generated Packets 398 | ReceivedPackets 179
TL = 52909883 |  AE2ED = 0.29558593854748605 |  PDR = 0.44974874371859297
Generated Packets 406 | ReceivedPackets 180
TL = 53423197 |  AE2ED = 0.2967955388888889 |  PDR = 0.4433497536945813
Generated Packets 408 | ReceivedPackets 181
TL = 53598282 |  AE2ED = 0.29612310497237565 |  PDR = 0.44362745098039214
Generated Packets 413 | ReceivedPackets 182
TL = 53732089 |  AE2ED = 0.2952312582417582 |  PDR = 0.4406779661016949
Generated Packets 419 | ReceivedPackets 183
TL = 53938958 |  AE2ED = 0.2947484043715847 |  PDR = 0.43675417661097854
Generated Packets 424 | ReceivedPackets 184
TL = 54249418 |  AE2ED = 0.2948337934782609 |  PDR = 0.4339622641509434
Generated Packets 426 | ReceivedPackets 185
TL = 54274772 |  AE2ED = 0.29337714594594594 |  PDR = 0.43427230046948356
Generated Packets 434 | ReceivedPackets 186
TL = 54443597 |  AE2ED = 0.29270751075268814 |  PDR = 0.42857142857142855
Generated Packets 435 | ReceivedPackets 187
TL = 54537358 |  AE2ED = 0.2916436256684492 |  PDR = 0.4298850574712644
Generated Packets 440 | ReceivedPackets 188
TL = 54848898 |  AE2ED = 0.2917494574468085 |  PDR = 0.42727272727272725
Generated Packets 442 | ReceivedPackets 189
TL = 55080177 |  AE2ED = 0.2914295079365079 |  PDR = 0.4276018099547511
Generated Packets 446 | ReceivedPackets 190
TL = 55289342 |  AE2ED = 0.29099653684210525 |  PDR = 0.4260089686098655
Generated Packets 448 | ReceivedPackets 191
TL = 55373219 |  AE2ED = 0.28991214136125654 |  PDR = 0.4263392857142857
Generated Packets 454 | ReceivedPackets 192
TL = 55595615 |  AE2ED = 0.2895604947916667 |  PDR = 0.42290748898678415
Generated Packets 457 | ReceivedPackets 193
TL = 55912819 |  AE2ED = 0.289703725388601 |  PDR = 0.4223194748358862
Generated Packets 464 | ReceivedPackets 194
TL = 56036558 |  AE2ED = 0.2888482371134021 |  PDR = 0.41810344827586204
Generated Packets 465 | ReceivedPackets 195
TL = 56152079 |  AE2ED = 0.28795937948717953 |  PDR = 0.41935483870967744
Generated Packets 467 | ReceivedPackets 196
TL = 56261449 |  AE2ED = 0.28704820918367346 |  PDR = 0.4197002141327623
Generated Packets 470 | ReceivedPackets 197
TL = 56313842 |  AE2ED = 0.2858570659898477 |  PDR = 0.41914893617021276
Generated Packets 475 | ReceivedPackets 198
TL = 56421125 |  AE2ED = 0.2849551767676768 |  PDR = 0.4168421052631579
Generated Packets 478 | ReceivedPackets 199
TL = 57934412 |  AE2ED = 0.29112769849246234 |  PDR = 0.41631799163179917
Generated Packets 482 | ReceivedPackets 200
TL = 58103404 |  AE2ED = 0.29051702 |  PDR = 0.4149377593360996
Generated Packets 484 | ReceivedPackets 201
TL = 58318642 |  AE2ED = 0.2901424975124378 |  PDR = 0.4152892561983471
Generated Packets 485 | ReceivedPackets 202
TL = 61291858 |  AE2ED = 0.3034250396039604 |  PDR = 0.41649484536082476
Generated Packets 487 | ReceivedPackets 203
TL = 61460810 |  AE2ED = 0.30276261083743844 |  PDR = 0.41683778234086244
Generated Packets 490 | ReceivedPackets 204
TL = 61568698 |  AE2ED = 0.3018073431372549 |  PDR = 0.4163265306122449
Generated Packets 502 | ReceivedPackets 205
TL = 61682497 |  AE2ED = 0.3008902292682927 |  PDR = 0.40836653386454186
Generated Packets 504 | ReceivedPackets 206
TL = 61758299 |  AE2ED = 0.299797567961165 |  PDR = 0.4087301587301587
Generated Packets 507 | ReceivedPackets 207
TL = 61783644 |  AE2ED = 0.29847171014492757 |  PDR = 0.40828402366863903
Generated Packets 526 | ReceivedPackets 208
TL = 61940766 |  AE2ED = 0.2977921442307693 |  PDR = 0.39543726235741444
Generated Packets 528 | ReceivedPackets 209
TL = 62148926 |  AE2ED = 0.2973632822966507 |  PDR = 0.3958333333333333
Generated Packets 529 | ReceivedPackets 210
TL = 62302556 |  AE2ED = 0.2966788380952381 |  PDR = 0.39697542533081287
Generated Packets 531 | ReceivedPackets 211
TL = 62955688 |  AE2ED = 0.29836818957345973 |  PDR = 0.3973634651600753
Generated Packets 532 | ReceivedPackets 212
TL = 62981048 |  AE2ED = 0.29708041509433963 |  PDR = 0.39849624060150374
Generated Packets 535 | ReceivedPackets 213
TL = 63212898 |  AE2ED = 0.2967741690140845 |  PDR = 0.3981308411214953
Generated Packets 538 | ReceivedPackets 214
TL = 63358517 |  AE2ED = 0.29606783644859813 |  PDR = 0.39776951672862454
Generated Packets 546 | ReceivedPackets 215
TL = 63419106 |  AE2ED = 0.29497258604651166 |  PDR = 0.39377289377289376
Generated Packets 547 | ReceivedPackets 216
TL = 64533823 |  AE2ED = 0.2987676990740741 |  PDR = 0.39488117001828155
Generated Packets 548 | ReceivedPackets 217
TL = 64755198 |  AE2ED = 0.29841105069124424 |  PDR = 0.395985401459854
Generated Packets 554 | ReceivedPackets 218
TL = 64908372 |  AE2ED = 0.2977448256880734 |  PDR = 0.3935018050541516
Generated Packets 561 | ReceivedPackets 219
TL = 66053386 |  AE2ED = 0.30161363470319635 |  PDR = 0.39037433155080214
Generated Packets 563 | ReceivedPackets 220
TL = 66078738 |  AE2ED = 0.3003579 |  PDR = 0.3907637655417407
Generated Packets 566 | ReceivedPackets 221
TL = 66310099 |  AE2ED = 0.3000456968325792 |  PDR = 0.39045936395759717
Generated Packets 574 | ReceivedPackets 222
TL = 66379225 |  AE2ED = 0.29900551801801806 |  PDR = 0.3867595818815331
Generated Packets 575 | ReceivedPackets 223
TL = 66515084 |  AE2ED = 0.29827391928251124 |  PDR = 0.38782608695652177
Generated Packets 578 | ReceivedPackets 224
TL = 66871210 |  AE2ED = 0.2985321875 |  PDR = 0.3875432525951557
Generated Packets 579 | ReceivedPackets 225
TL = 66896382 |  AE2ED = 0.29731725333333336 |  PDR = 0.38860103626943004
Generated Packets 580 | ReceivedPackets 226
TL = 67030088 |  AE2ED = 0.2965933097345133 |  PDR = 0.3896551724137931
Generated Packets 594 | ReceivedPackets 227
TL = 67160686 |  AE2ED = 0.2958620528634361 |  PDR = 0.38215488215488214
Generated Packets 599 | ReceivedPackets 228
TL = 67299321 |  AE2ED = 0.2951724605263158 |  PDR = 0.3806343906510851
Generated Packets 601 | ReceivedPackets 229
TL = 67421409 |  AE2ED = 0.29441663318777295 |  PDR = 0.3810316139767055
Generated Packets 603 | ReceivedPackets 230
TL = 67549677 |  AE2ED = 0.29369424782608694 |  PDR = 0.3814262023217247
Generated Packets 608 | ReceivedPackets 231
TL = 67701473 |  AE2ED = 0.2930799696969697 |  PDR = 0.37993421052631576
Generated Packets 609 | ReceivedPackets 232
TL = 67726596 |  AE2ED = 0.2919249827586207 |  PDR = 0.38095238095238093
Generated Packets 611 | ReceivedPackets 233
TL = 68312880 |  AE2ED = 0.2931883261802575 |  PDR = 0.381342062193126
Generated Packets 630 | ReceivedPackets 234
TL = 68458172 |  AE2ED = 0.29255629059829064 |  PDR = 0.37142857142857144
Generated Packets 631 | ReceivedPackets 235
TL = 68619856 |  AE2ED = 0.29199938723404256 |  PDR = 0.3724247226624406
Generated Packets 632 | ReceivedPackets 236
TL = 68783365 |  AE2ED = 0.291454936440678 |  PDR = 0.37341772151898733
Generated Packets 633 | ReceivedPackets 237
TL = 68900335 |  AE2ED = 0.2907187130801688 |  PDR = 0.3744075829383886
Generated Packets 638 | ReceivedPackets 238
TL = 69069529 |  AE2ED = 0.29020810504201683 |  PDR = 0.3730407523510972
Generated Packets 640 | ReceivedPackets 239
TL = 69252630 |  AE2ED = 0.28975995815899586 |  PDR = 0.3734375
Generated Packets 642 | ReceivedPackets 240
TL = 69352174 |  AE2ED = 0.2889673916666667 |  PDR = 0.37383177570093457
Generated Packets 666 | ReceivedPackets 241
TL = 69520244 |  AE2ED = 0.2884657427385892 |  PDR = 0.36186186186186187
Generated Packets 672 | ReceivedPackets 242
TL = 69545634 |  AE2ED = 0.287378652892562 |  PDR = 0.3601190476190476
Generated Packets 674 | ReceivedPackets 243
TL = 69743793 |  AE2ED = 0.2870114938271605 |  PDR = 0.36053412462908013
Generated Packets 680 | ReceivedPackets 244
TL = 70149625 |  AE2ED = 0.28749846311475413 |  PDR = 0.3588235294117647
Generated Packets 683 | ReceivedPackets 245
TL = 70370658 |  AE2ED = 0.2872271755102041 |  PDR = 0.35871156661786235
Generated Packets 686 | ReceivedPackets 246
TL = 70511977 |  AE2ED = 0.28663405284552845 |  PDR = 0.358600583090379
Generated Packets 692 | ReceivedPackets 247
TL = 70566013 |  AE2ED = 0.2856923603238866 |  PDR = 0.3569364161849711
Generated Packets 699 | ReceivedPackets 248
TL = 70711483 |  AE2ED = 0.28512694758064516 |  PDR = 0.3547925608011445
Generated Packets 702 | ReceivedPackets 249
TL = 70758846 |  AE2ED = 0.2841720722891566 |  PDR = 0.3547008547008547
Generated Packets 702 | ReceivedPackets 250
TL = 71418307 |  AE2ED = 0.285673228 |  PDR = 0.3561253561253561
Generated Packets 714 | ReceivedPackets 251
TL = 71616546 |  AE2ED = 0.2853248844621514 |  PDR = 0.35154061624649857
Generated Packets 715 | ReceivedPackets 252
TL = 71641780 |  AE2ED = 0.2842927777777777 |  PDR = 0.35244755244755244
Generated Packets 728 | ReceivedPackets 253
TL = 71695816 |  AE2ED = 0.2833826719367589 |  PDR = 0.3475274725274725
Generated Packets 734 | ReceivedPackets 254
TL = 71833900 |  AE2ED = 0.2828106299212598 |  PDR = 0.3460490463215259
Generated Packets 736 | ReceivedPackets 255
TL = 71859023 |  AE2ED = 0.28180009019607843 |  PDR = 0.34646739130434784
Generated Packets 742 | ReceivedPackets 256
TL = 72073576 |  AE2ED = 0.28153740625 |  PDR = 0.3450134770889488
Generated Packets 745 | ReceivedPackets 257
TL = 72154262 |  AE2ED = 0.2807558832684825 |  PDR = 0.34496644295302015
Generated Packets 749 | ReceivedPackets 258
TL = 72379307 |  AE2ED = 0.28053994961240314 |  PDR = 0.3444592790387183
Generated Packets 752 | ReceivedPackets 259
TL = 72512978 |  AE2ED = 0.27997288803088805 |  PDR = 0.34441489361702127
Generated Packets 769 | ReceivedPackets 260
TL = 72581973 |  AE2ED = 0.2791614346153846 |  PDR = 0.3381014304291287
Generated Packets 771 | ReceivedPackets 261
TL = 72705554 |  AE2ED = 0.27856534099616853 |  PDR = 0.33852140077821014
Generated Packets 773 | ReceivedPackets 262
TL = 72730906 |  AE2ED = 0.2775988778625954 |  PDR = 0.3389391979301423
Generated Packets 775 | ReceivedPackets 263
TL = 72888689 |  AE2ED = 0.2771433041825095 |  PDR = 0.3393548387096774
Generated Packets 779 | ReceivedPackets 264
TL = 73056024 |  AE2ED = 0.27672736363636363 |  PDR = 0.33889602053915274
Generated Packets 784 | ReceivedPackets 265
TL = 73166552 |  AE2ED = 0.27610019622641513 |  PDR = 0.3380102040816326
Generated Packets 786 | ReceivedPackets 266
TL = 73288409 |  AE2ED = 0.27552033458646613 |  PDR = 0.3384223918575064
Generated Packets 793 | ReceivedPackets 267
TL = 73536239 |  AE2ED = 0.2754166254681648 |  PDR = 0.33669609079445145
Generated Packets 793 | ReceivedPackets 268
TL = 74025391 |  AE2ED = 0.27621414552238804 |  PDR = 0.3379571248423707
Generated Packets 802 | ReceivedPackets 269
TL = 74147945 |  AE2ED = 0.27564291821561343 |  PDR = 0.33541147132169574
Generated Packets 808 | ReceivedPackets 270
TL = 74276333 |  AE2ED = 0.27509752962962963 |  PDR = 0.3341584158415842
Generated Packets 813 | ReceivedPackets 271
TL = 74301699 |  AE2ED = 0.2741760110701107 |  PDR = 0.3333333333333333
Generated Packets 815 | ReceivedPackets 272
TL = 74358982 |  AE2ED = 0.27337861029411764 |  PDR = 0.3337423312883436
Generated Packets 819 | ReceivedPackets 273
TL = 74474620 |  AE2ED = 0.27280080586080585 |  PDR = 0.3333333333333333
Generated Packets 820 | ReceivedPackets 274
TL = 74641455 |  AE2ED = 0.27241406934306567 |  PDR = 0.33414634146341465
Generated Packets 824 | ReceivedPackets 275
TL = 74752673 |  AE2ED = 0.2718279018181818 |  PDR = 0.3337378640776699
Generated Packets 828 | ReceivedPackets 276
TL = 74914609 |  AE2ED = 0.2714297427536232 |  PDR = 0.3333333333333333
Generated Packets 845 | ReceivedPackets 277
TL = 74940006 |  AE2ED = 0.27054153790613716 |  PDR = 0.32781065088757394
Generated Packets 849 | ReceivedPackets 278
TL = 75162123 |  AE2ED = 0.2703673489208633 |  PDR = 0.32744405182567726
Generated Packets 852 | ReceivedPackets 279
TL = 75720738 |  AE2ED = 0.2714004946236559 |  PDR = 0.3274647887323944
Generated Packets 861 | ReceivedPackets 280
TL = 75872648 |  AE2ED = 0.2709737428571429 |  PDR = 0.3252032520325203
Generated Packets 862 | ReceivedPackets 281
TL = 76013689 |  AE2ED = 0.27051134875444843 |  PDR = 0.3259860788863109
Generated Packets 865 | ReceivedPackets 282
TL = 76072692 |  AE2ED = 0.2697613191489362 |  PDR = 0.3260115606936416
Script timed out
Performance Calculation
Generated Packets 869 | ReceivedPackets 282
TL = 76072692 |  AE2ED = 0.2697613191489362 |  PDR = 0.3245109321058688
