Generated Packets 1 | ReceivedPackets 1
TL = 148611 |  AE2ED = 0.148611 |  PDR = 1
Generated Packets 4 | ReceivedPackets 2
TL = 1597494 |  AE2ED = 0.798747 |  PDR = 0.5
Generated Packets 5 | ReceivedPackets 3
TL = 1641451 |  AE2ED = 0.5471503333333334 |  PDR = 0.6
Generated Packets 6 | ReceivedPackets 4
TL = 1713757 |  AE2ED = 0.42843925 |  PDR = 0.6666666666666666
Generated Packets 6 | ReceivedPackets 5
TL = 5781193 |  AE2ED = 1.1562386 |  PDR = 0.8333333333333334
Generated Packets 6 | ReceivedPackets 6
TL = 8723769 |  AE2ED = 1.4539615 |  PDR = 1
Generated Packets 7 | ReceivedPackets 7
TL = 8796904 |  AE2ED = 1.2567005714285713 |  PDR = 1
Generated Packets 8 | ReceivedPackets 8
TL = 8938595 |  AE2ED = 1.117324375 |  PDR = 1
Generated Packets 9 | ReceivedPackets 9
TL = 9086282 |  AE2ED = 1.0095868888888888 |  PDR = 1
Generated Packets 10 | ReceivedPackets 10
TL = 9112605 |  AE2ED = 0.9112605 |  PDR = 1
Generated Packets 11 | ReceivedPackets 11
TL = 9211827 |  AE2ED = 0.8374388181818182 |  PDR = 1
Generated Packets 12 | ReceivedPackets 12
TL = 9301031 |  AE2ED = 0.7750859166666666 |  PDR = 1
Generated Packets 14 | ReceivedPackets 13
TL = 10550941 |  AE2ED = 0.8116108461538462 |  PDR = 0.9285714285714286
Generated Packets 14 | ReceivedPackets 14
TL = 11521739 |  AE2ED = 0.8229813571428571 |  PDR = 1
Generated Packets 18 | ReceivedPackets 15
TL = 15816078 |  AE2ED = 1.0544052 |  PDR = 0.8333333333333334
Generated Packets 22 | ReceivedPackets 16
TL = 19024074 |  AE2ED = 1.189004625 |  PDR = 0.7272727272727273
Generated Packets 28 | ReceivedPackets 17
TL = 28193529 |  AE2ED = 1.6584428823529411 |  PDR = 0.6071428571428571
Generated Packets 28 | ReceivedPackets 18
TL = 36263703 |  AE2ED = 2.0146501666666667 |  PDR = 0.6428571428571429
Generated Packets 28 | ReceivedPackets 19
TL = 45299409 |  AE2ED = 2.3841794210526315 |  PDR = 0.6785714285714286
Generated Packets 36 | ReceivedPackets 20
TL = 63027814 |  AE2ED = 3.1513907000000003 |  PDR = 0.5555555555555556
Generated Packets 36 | ReceivedPackets 21
TL = 84676929 |  AE2ED = 4.032234714285714 |  PDR = 0.5833333333333334
Generated Packets 36 | ReceivedPackets 22
TL = 102239593 |  AE2ED = 4.647254227272728 |  PDR = 0.6111111111111112
Generated Packets 36 | ReceivedPackets 23
TL = 120080149 |  AE2ED = 5.220876043478261 |  PDR = 0.6388888888888888
Generated Packets 42 | ReceivedPackets 24
TL = 124525592 |  AE2ED = 5.188566333333333 |  PDR = 0.5714285714285714
Generated Packets 42 | ReceivedPackets 25
TL = 161152801 |  AE2ED = 6.44611204 |  PDR = 0.5952380952380952
Generated Packets 43 | ReceivedPackets 26
TL = 167168081 |  AE2ED = 6.429541576923077 |  PDR = 0.6046511627906976
Generated Packets 43 | ReceivedPackets 27
TL = 167301395 |  AE2ED = 6.196347962962963 |  PDR = 0.627906976744186
Generated Packets 47 | ReceivedPackets 28
TL = 180177707 |  AE2ED = 6.434918107142857 |  PDR = 0.5957446808510638
Generated Packets 47 | ReceivedPackets 29
TL = 181714972 |  AE2ED = 6.266033517241379 |  PDR = 0.6170212765957447
Generated Packets 48 | ReceivedPackets 30
TL = 191451296 |  AE2ED = 6.381709866666666 |  PDR = 0.625
Generated Packets 49 | ReceivedPackets 31
TL = 201529109 |  AE2ED = 6.500939 |  PDR = 0.6326530612244898
Generated Packets 49 | ReceivedPackets 32
TL = 204835649 |  AE2ED = 6.40111403125 |  PDR = 0.6530612244897959
Generated Packets 50 | ReceivedPackets 33
TL = 205682833 |  AE2ED = 6.232813121212121 |  PDR = 0.66
Generated Packets 53 | ReceivedPackets 34
TL = 206169518 |  AE2ED = 6.063809352941177 |  PDR = 0.6415094339622641
Generated Packets 55 | ReceivedPackets 35
TL = 206596893 |  AE2ED = 5.9027683714285715 |  PDR = 0.6363636363636364
Generated Packets 55 | ReceivedPackets 36
TL = 208220445 |  AE2ED = 5.78390125 |  PDR = 0.6545454545454545
Generated Packets 57 | ReceivedPackets 37
TL = 211483297 |  AE2ED = 5.715764783783784 |  PDR = 0.6491228070175439
Generated Packets 59 | ReceivedPackets 38
TL = 213484816 |  AE2ED = 5.618021473684211 |  PDR = 0.6440677966101694
Generated Packets 59 | ReceivedPackets 39
TL = 214484018 |  AE2ED = 5.499590205128205 |  PDR = 0.6610169491525424
Generated Packets 65 | ReceivedPackets 40
TL = 219683362 |  AE2ED = 5.49208405 |  PDR = 0.6153846153846154
Generated Packets 68 | ReceivedPackets 41
TL = 219776882 |  AE2ED = 5.360411756097561 |  PDR = 0.6029411764705882
Generated Packets 73 | ReceivedPackets 42
TL = 221298439 |  AE2ED = 5.269010452380952 |  PDR = 0.5753424657534246
Generated Packets 80 | ReceivedPackets 43
TL = 224109843 |  AE2ED = 5.211856813953488 |  PDR = 0.5375
Generated Packets 81 | ReceivedPackets 44
TL = 224134021 |  AE2ED = 5.093955022727273 |  PDR = 0.5432098765432098
Generated Packets 82 | ReceivedPackets 45
TL = 224956797 |  AE2ED = 4.999039933333334 |  PDR = 0.5487804878048781
Generated Packets 84 | ReceivedPackets 46
TL = 225023297 |  AE2ED = 4.891810804347826 |  PDR = 0.5476190476190477
Generated Packets 87 | ReceivedPackets 47
TL = 225366595 |  AE2ED = 4.795033936170213 |  PDR = 0.5402298850574713
Generated Packets 89 | ReceivedPackets 48
TL = 229200581 |  AE2ED = 4.775012104166667 |  PDR = 0.5393258426966292
Generated Packets 95 | ReceivedPackets 49
TL = 229437583 |  AE2ED = 4.682399653061224 |  PDR = 0.5157894736842106
Generated Packets 97 | ReceivedPackets 50
TL = 233662265 |  AE2ED = 4.6732453 |  PDR = 0.5154639175257731
Generated Packets 98 | ReceivedPackets 51
TL = 238419065 |  AE2ED = 4.67488362745098 |  PDR = 0.5204081632653061
Generated Packets 100 | ReceivedPackets 52
TL = 238442804 |  AE2ED = 4.585438538461538 |  PDR = 0.52
Generated Packets 103 | ReceivedPackets 53
TL = 238745322 |  AE2ED = 4.5046287169811325 |  PDR = 0.5145631067961165
Generated Packets 123 | ReceivedPackets 54
TL = 238769401 |  AE2ED = 4.421655574074074 |  PDR = 0.43902439024390244
Generated Packets 141 | ReceivedPackets 55
TL = 238793544 |  AE2ED = 4.3417008 |  PDR = 0.3900709219858156
Generated Packets 145 | ReceivedPackets 56
TL = 242314814 |  AE2ED = 4.32705025 |  PDR = 0.38620689655172413
Generated Packets 150 | ReceivedPackets 57
TL = 242354899 |  AE2ED = 4.251840333333333 |  PDR = 0.38
Generated Packets 158 | ReceivedPackets 58
TL = 242378564 |  AE2ED = 4.17894075862069 |  PDR = 0.3670886075949367
Generated Packets 165 | ReceivedPackets 59
TL = 242672800 |  AE2ED = 4.113098305084746 |  PDR = 0.3575757575757576
Generated Packets 166 | ReceivedPackets 60
TL = 242696989 |  AE2ED = 4.044949816666667 |  PDR = 0.3614457831325301
Generated Packets 168 | ReceivedPackets 61
TL = 242720997 |  AE2ED = 3.979032737704918 |  PDR = 0.3630952380952381
Generated Packets 186 | ReceivedPackets 62
TL = 243110550 |  AE2ED = 3.9211379032258065 |  PDR = 0.3333333333333333
Generated Packets 197 | ReceivedPackets 63
TL = 243134430 |  AE2ED = 3.8592766666666667 |  PDR = 0.3197969543147208
Generated Packets 199 | ReceivedPackets 64
TL = 243318086 |  AE2ED = 3.80184509375 |  PDR = 0.32160804020100503
Generated Packets 206 | ReceivedPackets 65
TL = 243425351 |  AE2ED = 3.7450053999999997 |  PDR = 0.3155339805825243
Generated Packets 221 | ReceivedPackets 66
TL = 243449182 |  AE2ED = 3.6886239696969696 |  PDR = 0.2986425339366516
Generated Packets 229 | ReceivedPackets 67
TL = 243564099 |  AE2ED = 3.6352850597014927 |  PDR = 0.2925764192139738
Generated Packets 232 | ReceivedPackets 68
TL = 243587828 |  AE2ED = 3.5821739411764706 |  PDR = 0.29310344827586204
Generated Packets 240 | ReceivedPackets 69
TL = 249895160 |  AE2ED = 3.6216689855072466 |  PDR = 0.2875
Generated Packets 247 | ReceivedPackets 70
TL = 251361817 |  AE2ED = 3.5908831 |  PDR = 0.2834008097165992
Generated Packets 250 | ReceivedPackets 71
TL = 251683027 |  AE2ED = 3.544831366197183 |  PDR = 0.284
Generated Packets 251 | ReceivedPackets 72
TL = 252087380 |  AE2ED = 3.501213611111111 |  PDR = 0.2868525896414343
Generated Packets 258 | ReceivedPackets 73
TL = 252111420 |  AE2ED = 3.453581095890411 |  PDR = 0.28294573643410853
Generated Packets 282 | ReceivedPackets 74
TL = 255101604 |  AE2ED = 3.447318972972973 |  PDR = 0.2624113475177305
Generated Packets 284 | ReceivedPackets 75
TL = 257419724 |  AE2ED = 3.4322629866666667 |  PDR = 0.2640845070422535
Generated Packets 285 | ReceivedPackets 76
TL = 257639047 |  AE2ED = 3.389987460526316 |  PDR = 0.26666666666666666
Generated Packets 290 | ReceivedPackets 77
TL = 257663272 |  AE2ED = 3.34627625974026 |  PDR = 0.2655172413793103
Generated Packets 305 | ReceivedPackets 78
TL = 257927067 |  AE2ED = 3.306757269230769 |  PDR = 0.25573770491803277
Generated Packets 314 | ReceivedPackets 79
TL = 261995297 |  AE2ED = 3.316396164556962 |  PDR = 0.2515923566878981
Generated Packets 327 | ReceivedPackets 80
TL = 262102661 |  AE2ED = 3.2762832625000002 |  PDR = 0.24464831804281345
Generated Packets 330 | ReceivedPackets 81
TL = 266194263 |  AE2ED = 3.286348925925926 |  PDR = 0.24545454545454545
Generated Packets 336 | ReceivedPackets 82
TL = 266325022 |  AE2ED = 3.2478661219512195 |  PDR = 0.24404761904761904
Generated Packets 343 | ReceivedPackets 83
TL = 266448405 |  AE2ED = 3.2102217469879517 |  PDR = 0.24198250728862974
Generated Packets 350 | ReceivedPackets 84
TL = 266500889 |  AE2ED = 3.172629630952381 |  PDR = 0.24
Generated Packets 359 | ReceivedPackets 85
TL = 266524870 |  AE2ED = 3.135586705882353 |  PDR = 0.23676880222841226
Generated Packets 374 | ReceivedPackets 86
TL = 266549962 |  AE2ED = 3.0994181627906974 |  PDR = 0.22994652406417113
Generated Packets 378 | ReceivedPackets 87
TL = 266892030 |  AE2ED = 3.0677244827586208 |  PDR = 0.23015873015873015
Generated Packets 384 | ReceivedPackets 88
TL = 266916244 |  AE2ED = 3.033139136363636 |  PDR = 0.22916666666666666
Generated Packets 386 | ReceivedPackets 89
TL = 267890584 |  AE2ED = 3.010006561797753 |  PDR = 0.23056994818652848
Generated Packets 405 | ReceivedPackets 90
TL = 268638414 |  AE2ED = 2.9848712666666666 |  PDR = 0.2222222222222222
Generated Packets 407 | ReceivedPackets 91
TL = 268662385 |  AE2ED = 2.952333901098901 |  PDR = 0.22358722358722358
Generated Packets 408 | ReceivedPackets 92
TL = 271176067 |  AE2ED = 2.947565945652174 |  PDR = 0.22549019607843138
Generated Packets 415 | ReceivedPackets 93
TL = 273295105 |  AE2ED = 2.938657043010753 |  PDR = 0.22409638554216868
Generated Packets 440 | ReceivedPackets 94
TL = 276449161 |  AE2ED = 2.9409485212765953 |  PDR = 0.21363636363636362
Generated Packets 443 | ReceivedPackets 95
TL = 276774674 |  AE2ED = 2.9134176210526315 |  PDR = 0.2144469525959368
Generated Packets 445 | ReceivedPackets 96
TL = 276913458 |  AE2ED = 2.8845151875 |  PDR = 0.2157303370786517
Generated Packets 449 | ReceivedPackets 97
TL = 278802145 |  AE2ED = 2.8742489175257733 |  PDR = 0.21603563474387527
Generated Packets 461 | ReceivedPackets 98
TL = 278826134 |  AE2ED = 2.8451646326530615 |  PDR = 0.21258134490238612
Generated Packets 471 | ReceivedPackets 99
TL = 279988292 |  AE2ED = 2.8281645656565657 |  PDR = 0.21019108280254778
Generated Packets 476 | ReceivedPackets 100
TL = 280220675 |  AE2ED = 2.80220675 |  PDR = 0.21008403361344538
Generated Packets 479 | ReceivedPackets 101
TL = 280518201 |  AE2ED = 2.7774079306930695 |  PDR = 0.21085594989561587
Generated Packets 495 | ReceivedPackets 102
TL = 280617754 |  AE2ED = 2.7511544509803922 |  PDR = 0.20606060606060606
Generated Packets 499 | ReceivedPackets 103
TL = 282560916 |  AE2ED = 2.74330986407767 |  PDR = 0.20641282565130262
Generated Packets 499 | ReceivedPackets 104
TL = 283106625 |  AE2ED = 2.7221790865384614 |  PDR = 0.20841683366733466
Generated Packets 500 | ReceivedPackets 105
TL = 283130905 |  AE2ED = 2.6964848095238096 |  PDR = 0.21
Generated Packets 525 | ReceivedPackets 106
TL = 283154976 |  AE2ED = 2.6712733584905664 |  PDR = 0.2019047619047619
Generated Packets 529 | ReceivedPackets 107
TL = 283180133 |  AE2ED = 2.6465432990654203 |  PDR = 0.20226843100189035
Generated Packets 530 | ReceivedPackets 108
TL = 283204112 |  AE2ED = 2.622260296296296 |  PDR = 0.2037735849056604
Generated Packets 537 | ReceivedPackets 109
TL = 283228392 |  AE2ED = 2.598425614678899 |  PDR = 0.20297951582867785
Generated Packets 547 | ReceivedPackets 110
TL = 284023522 |  AE2ED = 2.582032018181818 |  PDR = 0.20109689213893966
Generated Packets 551 | ReceivedPackets 111
TL = 284047698 |  AE2ED = 2.5589882702702704 |  PDR = 0.2014519056261343
Generated Packets 554 | ReceivedPackets 112
TL = 284526983 |  AE2ED = 2.540419491071429 |  PDR = 0.20216606498194944
Generated Packets 570 | ReceivedPackets 113
TL = 284551251 |  AE2ED = 2.518152663716814 |  PDR = 0.19824561403508772
Generated Packets 571 | ReceivedPackets 114
TL = 284674293 |  AE2ED = 2.4971429210526312 |  PDR = 0.19964973730297722
Generated Packets 579 | ReceivedPackets 115
TL = 284698604 |  AE2ED = 2.4756400347826086 |  PDR = 0.19861830742659758
Generated Packets 583 | ReceivedPackets 116
TL = 284759098 |  AE2ED = 2.4548198103448273 |  PDR = 0.19897084048027444
Generated Packets 585 | ReceivedPackets 117
TL = 284784212 |  AE2ED = 2.434053094017094 |  PDR = 0.2
Generated Packets 601 | ReceivedPackets 118
TL = 284922745 |  AE2ED = 2.414599533898305 |  PDR = 0.19633943427620631
Generated Packets 617 | ReceivedPackets 119
TL = 285999039 |  AE2ED = 2.403353268907563 |  PDR = 0.19286871961102106
Generated Packets 622 | ReceivedPackets 120
TL = 286126326 |  AE2ED = 2.38438605 |  PDR = 0.19292604501607716
Generated Packets 624 | ReceivedPackets 121
TL = 286233529 |  AE2ED = 2.3655663553719006 |  PDR = 0.19391025641025642
Generated Packets 634 | ReceivedPackets 122
TL = 286372008 |  AE2ED = 2.3473115409836067 |  PDR = 0.19242902208201892
Generated Packets 636 | ReceivedPackets 123
TL = 288096888 |  AE2ED = 2.3422511219512194 |  PDR = 0.19339622641509435
Generated Packets 645 | ReceivedPackets 124
TL = 288282204 |  AE2ED = 2.3248564838709678 |  PDR = 0.19224806201550387
Generated Packets 659 | ReceivedPackets 125
TL = 288334869 |  AE2ED = 2.306678952 |  PDR = 0.18968133535660092
Generated Packets 664 | ReceivedPackets 126
TL = 292692642 |  AE2ED = 2.322957476190476 |  PDR = 0.1897590361445783
Generated Packets 680 | ReceivedPackets 127
TL = 295412007 |  AE2ED = 2.3260787952755906 |  PDR = 0.18676470588235294
Generated Packets 688 | ReceivedPackets 128
TL = 295436121 |  AE2ED = 2.3080946953125 |  PDR = 0.18604651162790697
Generated Packets 690 | ReceivedPackets 129
TL = 296285533 |  AE2ED = 2.29678707751938 |  PDR = 0.18695652173913044
Generated Packets 697 | ReceivedPackets 130
TL = 298095856 |  AE2ED = 2.2930450461538463 |  PDR = 0.18651362984218078
Generated Packets 705 | ReceivedPackets 131
TL = 300492247 |  AE2ED = 2.2938339465648854 |  PDR = 0.18581560283687942
Generated Packets 713 | ReceivedPackets 132
TL = 301268706 |  AE2ED = 2.2823386818181817 |  PDR = 0.18513323983169705
Generated Packets 718 | ReceivedPackets 133
TL = 301292875 |  AE2ED = 2.265359962406015 |  PDR = 0.18523676880222842
Generated Packets 725 | ReceivedPackets 134
TL = 303506816 |  AE2ED = 2.26497623880597 |  PDR = 0.18482758620689654
Generated Packets 732 | ReceivedPackets 135
TL = 303835676 |  AE2ED = 2.250634637037037 |  PDR = 0.18442622950819673
Generated Packets 735 | ReceivedPackets 136
TL = 304428667 |  AE2ED = 2.238446080882353 |  PDR = 0.18503401360544217
Generated Packets 742 | ReceivedPackets 137
TL = 306275267 |  AE2ED = 2.235585890510949 |  PDR = 0.18463611859838275
Generated Packets 757 | ReceivedPackets 138
TL = 306648051 |  AE2ED = 2.2220873260869567 |  PDR = 0.18229854689564068
Generated Packets 773 | ReceivedPackets 139
TL = 307173836 |  AE2ED = 2.2098837122302157 |  PDR = 0.17981888745148772
Generated Packets 778 | ReceivedPackets 140
TL = 307664112 |  AE2ED = 2.1976008 |  PDR = 0.17994858611825193
Generated Packets 779 | ReceivedPackets 141
TL = 307765773 |  AE2ED = 2.1827359787234046 |  PDR = 0.1810012836970475
Generated Packets 784 | ReceivedPackets 142
TL = 307868333 |  AE2ED = 2.168086852112676 |  PDR = 0.18112244897959184
Generated Packets 796 | ReceivedPackets 143
TL = 307892482 |  AE2ED = 2.1530942797202797 |  PDR = 0.17964824120603015
Generated Packets 796 | ReceivedPackets 144
TL = 309234226 |  AE2ED = 2.147459902777778 |  PDR = 0.18090452261306533
Generated Packets 805 | ReceivedPackets 145
TL = 309626671 |  AE2ED = 2.135356351724138 |  PDR = 0.18012422360248448
Generated Packets 818 | ReceivedPackets 146
TL = 309650778 |  AE2ED = 2.1208957397260275 |  PDR = 0.1784841075794621
Generated Packets 824 | ReceivedPackets 147
TL = 309805204 |  AE2ED = 2.107518394557823 |  PDR = 0.1783980582524272
Generated Packets 828 | ReceivedPackets 148
TL = 309829385 |  AE2ED = 2.0934417905405405 |  PDR = 0.178743961352657
Generated Packets 842 | ReceivedPackets 149
TL = 309853526 |  AE2ED = 2.0795538657718122 |  PDR = 0.17695961995249407
Generated Packets 842 | ReceivedPackets 150
TL = 313781071 |  AE2ED = 2.0918738066666664 |  PDR = 0.17814726840855108
Generated Packets 855 | ReceivedPackets 151
TL = 313904248 |  AE2ED = 2.0788360794701988 |  PDR = 0.17660818713450294
Generated Packets 860 | ReceivedPackets 152
TL = 314722861 |  AE2ED = 2.070545138157895 |  PDR = 0.17674418604651163
Generated Packets 869 | ReceivedPackets 153
TL = 314746783 |  AE2ED = 2.0571685163398694 |  PDR = 0.1760644418872267
Script timed out
Performance Calculation
Generated Packets 869 | ReceivedPackets 153
TL = 314746783 |  AE2ED = 2.0571685163398694 |  PDR = 0.1760644418872267
