Generated Packets 1 | ReceivedPackets 1
TL = 148611 |  AE2ED = 0.148611 |  PDR = 1
Generated Packets 4 | ReceivedPackets 2
TL = 1597494 |  AE2ED = 0.798747 |  PDR = 0.5
Generated Packets 5 | ReceivedPackets 3
TL = 1641451 |  AE2ED = 0.5471503333333334 |  PDR = 0.6
Generated Packets 6 | ReceivedPackets 4
TL = 1713757 |  AE2ED = 0.42843925 |  PDR = 0.6666666666666666
Generated Packets 6 | ReceivedPackets 5
TL = 5781193 |  AE2ED = 1.1562386 |  PDR = 0.8333333333333334
Generated Packets 6 | ReceivedPackets 6
TL = 8723769 |  AE2ED = 1.4539615 |  PDR = 1
Generated Packets 7 | ReceivedPackets 7
TL = 8796904 |  AE2ED = 1.2567005714285713 |  PDR = 1
Generated Packets 8 | ReceivedPackets 8
TL = 8938595 |  AE2ED = 1.117324375 |  PDR = 1
Generated Packets 9 | ReceivedPackets 9
TL = 9086282 |  AE2ED = 1.0095868888888888 |  PDR = 1
Generated Packets 10 | ReceivedPackets 10
TL = 9112605 |  AE2ED = 0.9112605 |  PDR = 1
Generated Packets 11 | ReceivedPackets 11
TL = 9211827 |  AE2ED = 0.8374388181818182 |  PDR = 1
Generated Packets 12 | ReceivedPackets 12
TL = 9301031 |  AE2ED = 0.7750859166666666 |  PDR = 1
Generated Packets 14 | ReceivedPackets 13
TL = 10551011 |  AE2ED = 0.8116162307692307 |  PDR = 0.9285714285714286
Generated Packets 14 | ReceivedPackets 14
TL = 11521808 |  AE2ED = 0.8229862857142857 |  PDR = 1
Generated Packets 24 | ReceivedPackets 15
TL = 20785797 |  AE2ED = 1.3857198 |  PDR = 0.625
Generated Packets 33 | ReceivedPackets 16
TL = 46342883 |  AE2ED = 2.8964301875 |  PDR = 0.48484848484848486
Generated Packets 33 | ReceivedPackets 17
TL = 55487115 |  AE2ED = 3.2639479411764705 |  PDR = 0.5151515151515151
Generated Packets 36 | ReceivedPackets 18
TL = 64177884 |  AE2ED = 3.565438 |  PDR = 0.5
Generated Packets 37 | ReceivedPackets 19
TL = 67722614 |  AE2ED = 3.5643481052631576 |  PDR = 0.5135135135135135
Generated Packets 38 | ReceivedPackets 20
TL = 79975074 |  AE2ED = 3.9987537 |  PDR = 0.5263157894736842
Generated Packets 45 | ReceivedPackets 21
TL = 93197973 |  AE2ED = 4.4379987142857145 |  PDR = 0.4666666666666667
Generated Packets 45 | ReceivedPackets 22
TL = 102155588 |  AE2ED = 4.6434358181818185 |  PDR = 0.4888888888888889
Generated Packets 50 | ReceivedPackets 23
TL = 106103095 |  AE2ED = 4.6131780434782605 |  PDR = 0.46
Generated Packets 50 | ReceivedPackets 24
TL = 111727123 |  AE2ED = 4.655296791666667 |  PDR = 0.48
Generated Packets 50 | ReceivedPackets 25
TL = 114803844 |  AE2ED = 4.5921537599999995 |  PDR = 0.5
Generated Packets 51 | ReceivedPackets 26
TL = 114828726 |  AE2ED = 4.416489461538462 |  PDR = 0.5098039215686274
Generated Packets 52 | ReceivedPackets 27
TL = 116047872 |  AE2ED = 4.298069333333333 |  PDR = 0.5192307692307693
Generated Packets 57 | ReceivedPackets 28
TL = 134477190 |  AE2ED = 4.802756785714285 |  PDR = 0.49122807017543857
Generated Packets 57 | ReceivedPackets 29
TL = 154666992 |  AE2ED = 5.333344551724138 |  PDR = 0.5087719298245614
Generated Packets 59 | ReceivedPackets 30
TL = 154798170 |  AE2ED = 5.159939 |  PDR = 0.5084745762711864
Generated Packets 64 | ReceivedPackets 31
TL = 171770127 |  AE2ED = 5.540971838709678 |  PDR = 0.484375
Generated Packets 74 | ReceivedPackets 32
TL = 188954481 |  AE2ED = 5.90482753125 |  PDR = 0.43243243243243246
Generated Packets 75 | ReceivedPackets 33
TL = 192100363 |  AE2ED = 5.821223121212121 |  PDR = 0.44
Generated Packets 80 | ReceivedPackets 34
TL = 216261289 |  AE2ED = 6.360626147058823 |  PDR = 0.425
Generated Packets 94 | ReceivedPackets 35
TL = 221119214 |  AE2ED = 6.317691828571428 |  PDR = 0.3723404255319149
Generated Packets 98 | ReceivedPackets 36
TL = 221953642 |  AE2ED = 6.165378944444444 |  PDR = 0.3673469387755102
Generated Packets 109 | ReceivedPackets 37
TL = 224891050 |  AE2ED = 6.078136486486486 |  PDR = 0.3394495412844037
Generated Packets 120 | ReceivedPackets 38
TL = 235077148 |  AE2ED = 6.186240736842105 |  PDR = 0.31666666666666665
Generated Packets 123 | ReceivedPackets 39
TL = 235460114 |  AE2ED = 6.037438820512821 |  PDR = 0.3170731707317073
Generated Packets 136 | ReceivedPackets 40
TL = 238696475 |  AE2ED = 5.967411875 |  PDR = 0.29411764705882354
Generated Packets 144 | ReceivedPackets 41
TL = 239659118 |  AE2ED = 5.845344341463415 |  PDR = 0.2847222222222222
Generated Packets 148 | ReceivedPackets 42
TL = 243813851 |  AE2ED = 5.80509169047619 |  PDR = 0.28378378378378377
Generated Packets 169 | ReceivedPackets 43
TL = 251639048 |  AE2ED = 5.8520708837209305 |  PDR = 0.25443786982248523
Generated Packets 175 | ReceivedPackets 44
TL = 262779419 |  AE2ED = 5.972259522727272 |  PDR = 0.25142857142857145
Generated Packets 177 | ReceivedPackets 45
TL = 263455720 |  AE2ED = 5.854571555555556 |  PDR = 0.2542372881355932
Generated Packets 177 | ReceivedPackets 46
TL = 268868388 |  AE2ED = 5.844964956521739 |  PDR = 0.2598870056497175
Generated Packets 197 | ReceivedPackets 47
TL = 273145692 |  AE2ED = 5.811610468085107 |  PDR = 0.23857868020304568
Generated Packets 203 | ReceivedPackets 48
TL = 278161457 |  AE2ED = 5.795030354166667 |  PDR = 0.23645320197044334
Generated Packets 203 | ReceivedPackets 49
TL = 278697743 |  AE2ED = 5.687709040816326 |  PDR = 0.2413793103448276
Generated Packets 222 | ReceivedPackets 50
TL = 278721460 |  AE2ED = 5.5744292 |  PDR = 0.22522522522522523
Generated Packets 238 | ReceivedPackets 51
TL = 285141712 |  AE2ED = 5.591013960784314 |  PDR = 0.21428571428571427
Generated Packets 248 | ReceivedPackets 52
TL = 285261258 |  AE2ED = 5.485793423076923 |  PDR = 0.20967741935483872
Generated Packets 249 | ReceivedPackets 53
TL = 302142676 |  AE2ED = 5.7008052075471705 |  PDR = 0.21285140562248997
Generated Packets 256 | ReceivedPackets 54
TL = 302166536 |  AE2ED = 5.595676592592592 |  PDR = 0.2109375
Generated Packets 293 | ReceivedPackets 55
TL = 303196031 |  AE2ED = 5.512655109090909 |  PDR = 0.18771331058020477
Generated Packets 300 | ReceivedPackets 56
TL = 304316145 |  AE2ED = 5.434216875 |  PDR = 0.18666666666666668
Generated Packets 302 | ReceivedPackets 57
TL = 310115736 |  AE2ED = 5.440626947368421 |  PDR = 0.18874172185430463
Generated Packets 320 | ReceivedPackets 58
TL = 311974636 |  AE2ED = 5.378873034482758 |  PDR = 0.18125
Generated Packets 343 | ReceivedPackets 59
TL = 312433394 |  AE2ED = 5.295481254237288 |  PDR = 0.17201166180758018
Generated Packets 345 | ReceivedPackets 60
TL = 315001711 |  AE2ED = 5.250028516666666 |  PDR = 0.17391304347826086
Generated Packets 366 | ReceivedPackets 61
TL = 318209318 |  AE2ED = 5.216546196721311 |  PDR = 0.16666666666666666
Generated Packets 383 | ReceivedPackets 62
TL = 329848463 |  AE2ED = 5.3201365 |  PDR = 0.1618798955613577
Generated Packets 395 | ReceivedPackets 63
TL = 331602561 |  AE2ED = 5.263532714285715 |  PDR = 0.15949367088607594
Generated Packets 400 | ReceivedPackets 64
TL = 341569826 |  AE2ED = 5.33702853125 |  PDR = 0.16
Generated Packets 403 | ReceivedPackets 65
TL = 352583888 |  AE2ED = 5.424367507692307 |  PDR = 0.16129032258064516
Generated Packets 430 | ReceivedPackets 66
TL = 365818353 |  AE2ED = 5.542702318181818 |  PDR = 0.15348837209302327
Generated Packets 430 | ReceivedPackets 67
TL = 373237121 |  AE2ED = 5.570703298507462 |  PDR = 0.1558139534883721
Generated Packets 446 | ReceivedPackets 68
TL = 390648989 |  AE2ED = 5.7448380735294124 |  PDR = 0.15246636771300448
Generated Packets 450 | ReceivedPackets 69
TL = 405662405 |  AE2ED = 5.879165289855072 |  PDR = 0.15333333333333332
Generated Packets 451 | ReceivedPackets 70
TL = 427621348 |  AE2ED = 6.108876400000001 |  PDR = 0.15521064301552107
Generated Packets 515 | ReceivedPackets 71
TL = 449891938 |  AE2ED = 6.3365061690140845 |  PDR = 0.1378640776699029
Generated Packets 655 | ReceivedPackets 72
TL = 464382012 |  AE2ED = 6.449750166666667 |  PDR = 0.1099236641221374
Generated Packets 670 | ReceivedPackets 73
TL = 464505266 |  AE2ED = 6.363085835616439 |  PDR = 0.10895522388059702
Generated Packets 717 | ReceivedPackets 74
TL = 464530734 |  AE2ED = 6.277442351351351 |  PDR = 0.10320781032078104
Generated Packets 721 | ReceivedPackets 75
TL = 468958682 |  AE2ED = 6.252782426666667 |  PDR = 0.10402219140083217
Generated Packets 723 | ReceivedPackets 76
TL = 469315775 |  AE2ED = 6.175207565789473 |  PDR = 0.10511756569847856
Generated Packets 727 | ReceivedPackets 77
TL = 471959846 |  AE2ED = 6.12934864935065 |  PDR = 0.10591471801925723
Generated Packets 746 | ReceivedPackets 78
TL = 472100721 |  AE2ED = 6.052573346153846 |  PDR = 0.10455764075067024
Generated Packets 761 | ReceivedPackets 79
TL = 473388352 |  AE2ED = 5.992257620253164 |  PDR = 0.1038107752956636
Generated Packets 769 | ReceivedPackets 80
TL = 473641893 |  AE2ED = 5.9205236625 |  PDR = 0.10403120936280884
Generated Packets 777 | ReceivedPackets 81
TL = 477476098 |  AE2ED = 5.894766641975309 |  PDR = 0.10424710424710425
Generated Packets 792 | ReceivedPackets 82
TL = 483396218 |  AE2ED = 5.8950758292682925 |  PDR = 0.10353535353535354
Generated Packets 792 | ReceivedPackets 83
TL = 493824150 |  AE2ED = 5.949688554216867 |  PDR = 0.10479797979797979
Generated Packets 799 | ReceivedPackets 84
TL = 502275910 |  AE2ED = 5.97947511904762 |  PDR = 0.10513141426783479
Generated Packets 832 | ReceivedPackets 85
TL = 518376093 |  AE2ED = 6.098542270588235 |  PDR = 0.10216346153846154
Generated Packets 846 | ReceivedPackets 86
TL = 524303953 |  AE2ED = 6.096557593023255 |  PDR = 0.1016548463356974
Generated Packets 846 | ReceivedPackets 87
TL = 526203056 |  AE2ED = 6.048310988505747 |  PDR = 0.10283687943262411
Generated Packets 849 | ReceivedPackets 88
TL = 543099939 |  AE2ED = 6.171590215909091 |  PDR = 0.10365135453474676
Generated Packets 857 | ReceivedPackets 89
TL = 558354121 |  AE2ED = 6.273641808988764 |  PDR = 0.10385064177362893
Script timed out
Performance Calculation
Generated Packets 870 | ReceivedPackets 89
TL = 558354121 |  AE2ED = 6.273641808988764 |  PDR = 0.10229885057471265
