Generated Packets 1 | ReceivedPackets 1
TL = 145944 |  AE2ED = 0.145944 |  PDR = 1
Generated Packets 2 | ReceivedPackets 2
TL = 286662 |  AE2ED = 0.143331 |  PDR = 1
Generated Packets 3 | ReceivedPackets 3
TL = 401986 |  AE2ED = 0.13399533333333336 |  PDR = 1
Generated Packets 4 | ReceivedPackets 4
TL = 545530 |  AE2ED = 0.1363825 |  PDR = 1
Generated Packets 5 | ReceivedPackets 5
TL = 699849 |  AE2ED = 0.13996979999999998 |  PDR = 1
Generated Packets 6 | ReceivedPackets 6
TL = 781393 |  AE2ED = 0.13023216666666668 |  PDR = 1
Generated Packets 7 | ReceivedPackets 7
TL = 866214 |  AE2ED = 0.12374485714285714 |  PDR = 1
Generated Packets 8 | ReceivedPackets 8
TL = 976910 |  AE2ED = 0.12211375 |  PDR = 1
Generated Packets 9 | ReceivedPackets 9
TL = 1035828 |  AE2ED = 0.115092 |  PDR = 1
Generated Packets 10 | ReceivedPackets 10
TL = 1084423 |  AE2ED = 0.1084423 |  PDR = 1
Generated Packets 11 | ReceivedPackets 11
TL = 1318042 |  AE2ED = 0.119822 |  PDR = 1
Generated Packets 12 | ReceivedPackets 12
TL = 1444743 |  AE2ED = 0.12039525 |  PDR = 1
Generated Packets 13 | ReceivedPackets 13
TL = 1497314 |  AE2ED = 0.115178 |  PDR = 1
Generated Packets 14 | ReceivedPackets 14
TL = 1605612 |  AE2ED = 0.11468657142857143 |  PDR = 1
Generated Packets 15 | ReceivedPackets 15
TL = 1717181 |  AE2ED = 0.11447873333333333 |  PDR = 1
Generated Packets 16 | ReceivedPackets 16
TL = 1740550 |  AE2ED = 0.108784375 |  PDR = 1
Generated Packets 17 | ReceivedPackets 17
TL = 1915365 |  AE2ED = 0.1126685294117647 |  PDR = 1
Generated Packets 18 | ReceivedPackets 18
TL = 2421113 |  AE2ED = 0.1345062777777778 |  PDR = 1
Generated Packets 19 | ReceivedPackets 19
TL = 2496386 |  AE2ED = 0.13138873684210525 |  PDR = 1
Generated Packets 21 | ReceivedPackets 20
TL = 5902068 |  AE2ED = 0.2951034 |  PDR = 0.9523809523809523
Generated Packets 26 | ReceivedPackets 21
TL = 16486348 |  AE2ED = 0.7850641904761906 |  PDR = 0.8076923076923077
Generated Packets 26 | ReceivedPackets 22
TL = 18785089 |  AE2ED = 0.8538676818181817 |  PDR = 0.8461538461538461
Generated Packets 26 | ReceivedPackets 23
TL = 26561523 |  AE2ED = 1.1548488260869565 |  PDR = 0.8846153846153846
Generated Packets 52 | ReceivedPackets 24
TL = 64549605 |  AE2ED = 2.689566875 |  PDR = 0.46153846153846156
Generated Packets 52 | ReceivedPackets 25
TL = 89178513 |  AE2ED = 3.56714052 |  PDR = 0.4807692307692308
Generated Packets 66 | ReceivedPackets 26
TL = 137328717 |  AE2ED = 5.281873730769231 |  PDR = 0.3939393939393939
Generated Packets 70 | ReceivedPackets 27
TL = 179925876 |  AE2ED = 6.663921333333333 |  PDR = 0.38571428571428573
Generated Packets 70 | ReceivedPackets 28
TL = 217275034 |  AE2ED = 7.759822642857142 |  PDR = 0.4
Generated Packets 73 | ReceivedPackets 29
TL = 228104323 |  AE2ED = 7.865666310344827 |  PDR = 0.3972602739726027
Generated Packets 73 | ReceivedPackets 30
TL = 237786427 |  AE2ED = 7.926214233333333 |  PDR = 0.410958904109589
Generated Packets 73 | ReceivedPackets 31
TL = 270171663 |  AE2ED = 8.715214935483871 |  PDR = 0.4246575342465753
Generated Packets 76 | ReceivedPackets 32
TL = 270235630 |  AE2ED = 8.4448634375 |  PDR = 0.42105263157894735
Generated Packets 76 | ReceivedPackets 33
TL = 273749689 |  AE2ED = 8.29544512121212 |  PDR = 0.4342105263157895
Generated Packets 79 | ReceivedPackets 34
TL = 308903302 |  AE2ED = 9.085391235294118 |  PDR = 0.43037974683544306
Generated Packets 81 | ReceivedPackets 35
TL = 310379244 |  AE2ED = 8.8679784 |  PDR = 0.43209876543209874
Generated Packets 85 | ReceivedPackets 36
TL = 316317491 |  AE2ED = 8.786596972222222 |  PDR = 0.4235294117647059
Generated Packets 85 | ReceivedPackets 37
TL = 327262217 |  AE2ED = 8.844924783783783 |  PDR = 0.43529411764705883
Generated Packets 85 | ReceivedPackets 38
TL = 329250859 |  AE2ED = 8.664496289473684 |  PDR = 0.4470588235294118
Generated Packets 93 | ReceivedPackets 39
TL = 359895311 |  AE2ED = 9.228084897435897 |  PDR = 0.41935483870967744
Generated Packets 93 | ReceivedPackets 40
TL = 368509850 |  AE2ED = 9.21274625 |  PDR = 0.43010752688172044
Generated Packets 96 | ReceivedPackets 41
TL = 371078829 |  AE2ED = 9.050703146341464 |  PDR = 0.4270833333333333
Generated Packets 99 | ReceivedPackets 42
TL = 371259080 |  AE2ED = 8.839501904761905 |  PDR = 0.42424242424242425
Generated Packets 101 | ReceivedPackets 43
TL = 383325306 |  AE2ED = 8.914542 |  PDR = 0.42574257425742573
Generated Packets 102 | ReceivedPackets 44
TL = 383945668 |  AE2ED = 8.726037909090909 |  PDR = 0.43137254901960786
Generated Packets 105 | ReceivedPackets 45
TL = 384346554 |  AE2ED = 8.541034533333333 |  PDR = 0.42857142857142855
Generated Packets 112 | ReceivedPackets 46
TL = 393023665 |  AE2ED = 8.543992717391305 |  PDR = 0.4107142857142857
Generated Packets 119 | ReceivedPackets 47
TL = 405915230 |  AE2ED = 8.636494255319148 |  PDR = 0.3949579831932773
Generated Packets 141 | ReceivedPackets 48
TL = 442380008 |  AE2ED = 9.216250166666667 |  PDR = 0.3404255319148936
Generated Packets 141 | ReceivedPackets 49
TL = 472620542 |  AE2ED = 9.64531718367347 |  PDR = 0.3475177304964539
Generated Packets 141 | ReceivedPackets 50
TL = 490758672 |  AE2ED = 9.815173439999999 |  PDR = 0.3546099290780142
Generated Packets 141 | ReceivedPackets 51
TL = 506213979 |  AE2ED = 9.925764294117647 |  PDR = 0.3617021276595745
Generated Packets 143 | ReceivedPackets 52
TL = 512146620 |  AE2ED = 9.848973461538462 |  PDR = 0.36363636363636365
Generated Packets 143 | ReceivedPackets 53
TL = 522595125 |  AE2ED = 9.86028537735849 |  PDR = 0.3706293706293706
Generated Packets 143 | ReceivedPackets 54
TL = 530613405 |  AE2ED = 9.826174166666666 |  PDR = 0.3776223776223776
Generated Packets 153 | ReceivedPackets 55
TL = 541979051 |  AE2ED = 9.854164563636365 |  PDR = 0.35947712418300654
Generated Packets 155 | ReceivedPackets 56
TL = 542122033 |  AE2ED = 9.680750589285715 |  PDR = 0.36129032258064514
Generated Packets 155 | ReceivedPackets 57
TL = 542423489 |  AE2ED = 9.51620156140351 |  PDR = 0.36774193548387096
Generated Packets 173 | ReceivedPackets 58
TL = 556438027 |  AE2ED = 9.593759086206896 |  PDR = 0.3352601156069364
Generated Packets 177 | ReceivedPackets 59
TL = 565963468 |  AE2ED = 9.592601152542374 |  PDR = 0.3333333333333333
Generated Packets 180 | ReceivedPackets 60
TL = 573041124 |  AE2ED = 9.5506854 |  PDR = 0.3333333333333333
Generated Packets 191 | ReceivedPackets 61
TL = 579373425 |  AE2ED = 9.497925 |  PDR = 0.3193717277486911
Generated Packets 201 | ReceivedPackets 62
TL = 592803124 |  AE2ED = 9.561340709677419 |  PDR = 0.30845771144278605
Generated Packets 204 | ReceivedPackets 63
TL = 612749141 |  AE2ED = 9.726176841269842 |  PDR = 0.3088235294117647
Generated Packets 204 | ReceivedPackets 64
TL = 618148304 |  AE2ED = 9.65856725 |  PDR = 0.3137254901960784
Generated Packets 212 | ReceivedPackets 65
TL = 618657755 |  AE2ED = 9.517811615384616 |  PDR = 0.30660377358490565
Generated Packets 227 | ReceivedPackets 66
TL = 625881939 |  AE2ED = 9.483059681818181 |  PDR = 0.2907488986784141
Generated Packets 262 | ReceivedPackets 67
TL = 631396210 |  AE2ED = 9.423824029850746 |  PDR = 0.25572519083969464
Generated Packets 276 | ReceivedPackets 68
TL = 650424437 |  AE2ED = 9.56506525 |  PDR = 0.2463768115942029
Generated Packets 288 | ReceivedPackets 69
TL = 659547644 |  AE2ED = 9.558661507246377 |  PDR = 0.23958333333333334
Generated Packets 323 | ReceivedPackets 70
TL = 669116411 |  AE2ED = 9.558805871428572 |  PDR = 0.21671826625386997
Generated Packets 359 | ReceivedPackets 71
TL = 669140498 |  AE2ED = 9.42451405633803 |  PDR = 0.1977715877437326
Generated Packets 380 | ReceivedPackets 72
TL = 670060516 |  AE2ED = 9.306396055555556 |  PDR = 0.18947368421052632
Generated Packets 408 | ReceivedPackets 73
TL = 674597675 |  AE2ED = 9.24106404109589 |  PDR = 0.17892156862745098
Generated Packets 425 | ReceivedPackets 74
TL = 681088340 |  AE2ED = 9.203896486486487 |  PDR = 0.17411764705882352
Generated Packets 472 | ReceivedPackets 75
TL = 684774443 |  AE2ED = 9.130325906666666 |  PDR = 0.15889830508474576
Generated Packets 489 | ReceivedPackets 76
TL = 685861943 |  AE2ED = 9.02449925 |  PDR = 0.1554192229038855
Generated Packets 530 | ReceivedPackets 77
TL = 694109823 |  AE2ED = 9.014413285714285 |  PDR = 0.14528301886792452
Generated Packets 546 | ReceivedPackets 78
TL = 699215081 |  AE2ED = 8.96429591025641 |  PDR = 0.14285714285714285
Generated Packets 597 | ReceivedPackets 79
TL = 704987332 |  AE2ED = 8.923890278481013 |  PDR = 0.1323283082077052
Generated Packets 620 | ReceivedPackets 80
TL = 714356046 |  AE2ED = 8.929450574999999 |  PDR = 0.12903225806451613
Generated Packets 659 | ReceivedPackets 81
TL = 714697852 |  AE2ED = 8.823430271604938 |  PDR = 0.12291350531107739
Generated Packets 674 | ReceivedPackets 82
TL = 716313496 |  AE2ED = 8.73553043902439 |  PDR = 0.12166172106824925
Generated Packets 706 | ReceivedPackets 83
TL = 726133069 |  AE2ED = 8.748591192771084 |  PDR = 0.11756373937677053
Generated Packets 744 | ReceivedPackets 84
TL = 726157172 |  AE2ED = 8.644728238095238 |  PDR = 0.11290322580645161
Generated Packets 785 | ReceivedPackets 85
TL = 734115783 |  AE2ED = 8.636656270588237 |  PDR = 0.10828025477707007
Generated Packets 858 | ReceivedPackets 86
TL = 741387712 |  AE2ED = 8.62078734883721 |  PDR = 0.10023310023310024
Script timed out
Performance Calculation
Generated Packets 870 | ReceivedPackets 86
TL = 741387712 |  AE2ED = 8.62078734883721 |  PDR = 0.09885057471264368
