30150463	ID:35	RPL: Sending a DIS to fe80::c30c:0:0:7
30248940	ID:32	RPL: Sending a DIS to fe80::c30c:0:0:3
30598255	ID:34	RPL: Sending a DIS to fe80::c30c:0:0:6
30783597	ID:33	RPL: Sending a DIS to fe80::c30c:0:0:2
30876609	ID:36	RPL: Sending a DIS to fe80::c30c:0:0:8
31317315	ID:35	RPL: Received a DIO from fe80::c30c:0:0:7
31321086	ID:35	RPL: Incoming DIO (id, ver, rank) = (30,240,631)
31325604	ID:35	RPL: Incoming DIO (dag_id, pref) = (fd00::ff:fe00:1, 0)
31327829	ID:35	RPL: DIO option 4, length: 14
31333769	ID:35	RPL: DAG conf:dbl=8, min=12 red=3 maxinc=896 mininc=128 ocp=1 d_l=10 l_u=60
31335995	ID:35	RPL: DIO option 8, length: 30
31338264	ID:35	RPL: Copying prefix information
31345598	ID:35	RPL: Neighbor added to neighbor cache fe80::c30c:0:0:7, c1:0c:00:00:00:00:00:07
36352195	ID:35	RPL: Sending a multicast-DIO with rank 631
37164892	ID:32	RPL: Received a DIO from fe80::c30c:0:0:3
37168665	ID:32	RPL: Incoming DIO (id, ver, rank) = (30,240,847)
37173164	ID:32	RPL: Incoming DIO (dag_id, pref) = (fd00::ff:fe00:1, 0)
37175389	ID:32	RPL: DIO option 4, length: 14
37181299	ID:32	RPL: DAG conf:dbl=8, min=12 red=3 maxinc=896 mininc=128 ocp=1 d_l=10 l_u=60
37183525	ID:32	RPL: DIO option 8, length: 30
37185794	ID:32	RPL: Copying prefix information
37195228	ID:32	RPL: Neighbor added to neighbor cache fe80::c30c:0:0:3, c1:0c:00:00:00:00:00:03
38754200	ID:34	RPL: Received a DIO from fe80::c30c:0:0:6
38757973	ID:34	RPL: Incoming DIO (id, ver, rank) = (30,240,819)
38762472	ID:34	RPL: Incoming DIO (dag_id, pref) = (fd00::ff:fe00:1, 0)
38764698	ID:34	RPL: DIO option 4, length: 14
38770612	ID:34	RPL: DAG conf:dbl=8, min=12 red=3 maxinc=896 mininc=128 ocp=1 d_l=10 l_u=60
38772838	ID:34	RPL: DIO option 8, length: 30
38775107	ID:34	RPL: Copying prefix information
38785425	ID:34	RPL: Neighbor added to neighbor cache fe80::c30c:0:0:6, c1:0c:00:00:00:00:00:06
41352173	ID:35	RPL: Sending a multicast-DIO with rank 631
42200670	ID:32	RPL: Sending a multicast-DIO with rank 847
43790049	ID:34	RPL: Sending a multicast-DIO with rank 819
46352174	ID:35	RPL: Sending a multicast-DIO with rank 631
47200649	ID:32	RPL: Sending a multicast-DIO with rank 847
48790027	ID:34	RPL: Sending a multicast-DIO with rank 819
51352174	ID:35	RPL: Sending a multicast-DIO with rank 631
52200649	ID:32	RPL: Sending a multicast-DIO with rank 847
53790027	ID:34	RPL: Sending a multicast-DIO with rank 819
56352173	ID:35	RPL: Sending a multicast-DIO with rank 631
57200649	ID:32	RPL: Sending a multicast-DIO with rank 847
58790028	ID:34	RPL: Sending a multicast-DIO with rank 819
61352173	ID:35	RPL: Sending a multicast-DIO with rank 631
62200648	ID:32	RPL: Sending a multicast-DIO with rank 847
62658709	ID:36	RPL: Sending a DIS to fe80::c30c:0:0:8
63790027	ID:34	RPL: Sending a multicast-DIO with rank 819
66352173	ID:35	RPL: Sending a multicast-DIO with rank 631
67200648	ID:32	RPL: Sending a multicast-DIO with rank 847
68562894	ID:33	RPL: Sending a DIS to fe80::c30c:0:0:2
68790027	ID:34	RPL: Sending a multicast-DIO with rank 819
71352173	ID:35	RPL: Sending a multicast-DIO with rank 631
72200648	ID:32	RPL: Sending a multicast-DIO with rank 847
73790027	ID:34	RPL: Sending a multicast-DIO with rank 819
76352173	ID:35	RPL: Sending a multicast-DIO with rank 631
77200648	ID:32	RPL: Sending a multicast-DIO with rank 847
78790027	ID:34	RPL: Sending a multicast-DIO with rank 819
81352173	ID:35	RPL: Sending a multicast-DIO with rank 631
82200648	ID:32	RPL: Sending a multicast-DIO with rank 847
83790027	ID:34	RPL: Sending a multicast-DIO with rank 819
86352173	ID:35	RPL: Sending a multicast-DIO with rank 631
87200648	ID:32	RPL: Sending a multicast-DIO with rank 847
88790027	ID:34	RPL: Sending a multicast-DIO with rank 819
91352161	ID:35	RPL: Sending a multicast-DIO with rank 631
92200636	ID:32	RPL: Sending a multicast-DIO with rank 847
93790015	ID:34	RPL: Sending a multicast-DIO with rank 819
96352161	ID:35	RPL: Sending a multicast-DIO with rank 631
97200636	ID:32	RPL: Sending a multicast-DIO with rank 847
98790015	ID:34	RPL: Sending a multicast-DIO with rank 819
101352161	ID:35	RPL: Sending a multicast-DIO with rank 631
102200636	ID:32	RPL: Sending a multicast-DIO with rank 847
103790015	ID:34	RPL: Sending a multicast-DIO with rank 819
106352161	ID:35	RPL: Sending a multicast-DIO with rank 631
107200636	ID:32	RPL: Sending a multicast-DIO with rank 847
108790015	ID:34	RPL: Sending a multicast-DIO with rank 819
111352161	ID:35	RPL: Sending a multicast-DIO with rank 631
112200636	ID:32	RPL: Sending a multicast-DIO with rank 847
113790015	ID:34	RPL: Sending a multicast-DIO with rank 819
116352161	ID:35	RPL: Sending a multicast-DIO with rank 631
117200636	ID:32	RPL: Sending a multicast-DIO with rank 847
118790015	ID:34	RPL: Sending a multicast-DIO with rank 819
121352161	ID:35	RPL: Sending a multicast-DIO with rank 631
122200636	ID:32	RPL: Sending a multicast-DIO with rank 847
122658817	ID:36	RPL: Sending a DIS to fe80::c30c:0:0:8
123790015	ID:34	RPL: Sending a multicast-DIO with rank 819
126352161	ID:35	RPL: Sending a multicast-DIO with rank 631
127200636	ID:32	RPL: Sending a multicast-DIO with rank 847
128563002	ID:33	RPL: Sending a DIS to fe80::c30c:0:0:2
128790015	ID:34	RPL: Sending a multicast-DIO with rank 819
131352161	ID:35	RPL: Sending a multicast-DIO with rank 631
132200636	ID:32	RPL: Sending a multicast-DIO with rank 847
133790015	ID:34	RPL: Sending a multicast-DIO with rank 819
136352161	ID:35	RPL: Sending a multicast-DIO with rank 631
137200636	ID:32	RPL: Sending a multicast-DIO with rank 847
138790015	ID:34	RPL: Sending a multicast-DIO with rank 819
141352161	ID:35	RPL: Sending a multicast-DIO with rank 631
142200636	ID:32	RPL: Sending a multicast-DIO with rank 847
143790015	ID:34	RPL: Sending a multicast-DIO with rank 819
146352161	ID:35	RPL: Sending a multicast-DIO with rank 631
147200636	ID:32	RPL: Sending a multicast-DIO with rank 847
148790015	ID:34	RPL: Sending a multicast-DIO with rank 819
151352161	ID:35	RPL: Sending a multicast-DIO with rank 631
152200636	ID:32	RPL: Sending a multicast-DIO with rank 847
153790015	ID:34	RPL: Sending a multicast-DIO with rank 819
156352161	ID:35	RPL: Sending a multicast-DIO with rank 631
157200636	ID:32	RPL: Sending a multicast-DIO with rank 847
158790015	ID:34	RPL: Sending a multicast-DIO with rank 819
161352161	ID:35	RPL: Sending a multicast-DIO with rank 631
162200636	ID:32	RPL: Sending a multicast-DIO with rank 847
163790015	ID:34	RPL: Sending a multicast-DIO with rank 819
166352161	ID:35	RPL: Sending a multicast-DIO with rank 631
167200636	ID:32	RPL: Sending a multicast-DIO with rank 847
168790015	ID:34	RPL: Sending a multicast-DIO with rank 819
171352161	ID:35	RPL: Sending a multicast-DIO with rank 631
172200636	ID:32	RPL: Sending a multicast-DIO with rank 847
173790015	ID:34	RPL: Sending a multicast-DIO with rank 819
176352161	ID:35	RPL: Sending a multicast-DIO with rank 631
177200636	ID:32	RPL: Sending a multicast-DIO with rank 847
178790015	ID:34	RPL: Sending a multicast-DIO with rank 819
181352161	ID:35	RPL: Sending a multicast-DIO with rank 631
182200636	ID:32	RPL: Sending a multicast-DIO with rank 847
182658817	ID:36	RPL: Sending a DIS to fe80::c30c:0:0:8
183790015	ID:34	RPL: Sending a multicast-DIO with rank 819
186352161	ID:35	RPL: Sending a multicast-DIO with rank 631
187200636	ID:32	RPL: Sending a multicast-DIO with rank 847
188563002	ID:33	RPL: Sending a DIS to fe80::c30c:0:0:2
188790015	ID:34	RPL: Sending a multicast-DIO with rank 819
191352161	ID:35	RPL: Sending a multicast-DIO with rank 631
192200636	ID:32	RPL: Sending a multicast-DIO with rank 847
193790015	ID:34	RPL: Sending a multicast-DIO with rank 819
196352161	ID:35	RPL: Sending a multicast-DIO with rank 631
197200636	ID:32	RPL: Sending a multicast-DIO with rank 847
198790015	ID:34	RPL: Sending a multicast-DIO with rank 819
201352161	ID:35	RPL: Sending a multicast-DIO with rank 631
202200636	ID:32	RPL: Sending a multicast-DIO with rank 847
203790015	ID:34	RPL: Sending a multicast-DIO with rank 819
206352161	ID:35	RPL: Sending a multicast-DIO with rank 631
207200636	ID:32	RPL: Sending a multicast-DIO with rank 847
208790015	ID:34	RPL: Sending a multicast-DIO with rank 819
211352161	ID:35	RPL: Sending a multicast-DIO with rank 631
212200636	ID:32	RPL: Sending a multicast-DIO with rank 847
213790015	ID:34	RPL: Sending a multicast-DIO with rank 819
216352161	ID:35	RPL: Sending a multicast-DIO with rank 631
217200636	ID:32	RPL: Sending a multicast-DIO with rank 847
218790015	ID:34	RPL: Sending a multicast-DIO with rank 819
221352161	ID:35	RPL: Sending a multicast-DIO with rank 631
222200636	ID:32	RPL: Sending a multicast-DIO with rank 847
223790015	ID:34	RPL: Sending a multicast-DIO with rank 819
226352161	ID:35	RPL: Sending a multicast-DIO with rank 631
227200636	ID:32	RPL: Sending a multicast-DIO with rank 847
228790015	ID:34	RPL: Sending a multicast-DIO with rank 819
231352161	ID:35	RPL: Sending a multicast-DIO with rank 631
232200636	ID:32	RPL: Sending a multicast-DIO with rank 847
233790015	ID:34	RPL: Sending a multicast-DIO with rank 819
236352161	ID:35	RPL: Sending a multicast-DIO with rank 631
237200636	ID:32	RPL: Sending a multicast-DIO with rank 847
238790015	ID:34	RPL: Sending a multicast-DIO with rank 819
241352161	ID:35	RPL: Sending a multicast-DIO with rank 631
242200636	ID:32	RPL: Sending a multicast-DIO with rank 847
242658817	ID:36	RPL: Sending a DIS to fe80::c30c:0:0:8
243790015	ID:34	RPL: Sending a multicast-DIO with rank 819
246352161	ID:35	RPL: Sending a multicast-DIO with rank 631
247200636	ID:32	RPL: Sending a multicast-DIO with rank 847
248563002	ID:33	RPL: Sending a DIS to fe80::c30c:0:0:2
248790015	ID:34	RPL: Sending a multicast-DIO with rank 819
251352161	ID:35	RPL: Sending a multicast-DIO with rank 631
252200636	ID:32	RPL: Sending a multicast-DIO with rank 847
253790015	ID:34	RPL: Sending a multicast-DIO with rank 819
256352161	ID:35	RPL: Sending a multicast-DIO with rank 631
257200636	ID:32	RPL: Sending a multicast-DIO with rank 847
258790015	ID:34	RPL: Sending a multicast-DIO with rank 819
261352161	ID:35	RPL: Sending a multicast-DIO with rank 631
262200636	ID:32	RPL: Sending a multicast-DIO with rank 847
263790015	ID:34	RPL: Sending a multicast-DIO with rank 819
266352161	ID:35	RPL: Sending a multicast-DIO with rank 631
267200636	ID:32	RPL: Sending a multicast-DIO with rank 847
268790015	ID:34	RPL: Sending a multicast-DIO with rank 819
271352161	ID:35	RPL: Sending a multicast-DIO with rank 631
272200636	ID:32	RPL: Sending a multicast-DIO with rank 847
273790015	ID:34	RPL: Sending a multicast-DIO with rank 819
276352161	ID:35	RPL: Sending a multicast-DIO with rank 631
277200636	ID:32	RPL: Sending a multicast-DIO with rank 847
278790015	ID:34	RPL: Sending a multicast-DIO with rank 819
281352161	ID:35	RPL: Sending a multicast-DIO with rank 631
282200636	ID:32	RPL: Sending a multicast-DIO with rank 847
283790015	ID:34	RPL: Sending a multicast-DIO with rank 819
286352161	ID:35	RPL: Sending a multicast-DIO with rank 631
287200636	ID:32	RPL: Sending a multicast-DIO with rank 847
288790015	ID:34	RPL: Sending a multicast-DIO with rank 819
291352161	ID:35	RPL: Sending a multicast-DIO with rank 631
292200636	ID:32	RPL: Sending a multicast-DIO with rank 847
293790015	ID:34	RPL: Sending a multicast-DIO with rank 819
296352161	ID:35	RPL: Sending a multicast-DIO with rank 631
297200636	ID:32	RPL: Sending a multicast-DIO with rank 847
298790015	ID:34	RPL: Sending a multicast-DIO with rank 819
301352161	ID:35	RPL: Sending a multicast-DIO with rank 631
302200636	ID:32	RPL: Sending a multicast-DIO with rank 847
302658817	ID:36	RPL: Sending a DIS to fe80::c30c:0:0:8
303790015	ID:34	RPL: Sending a multicast-DIO with rank 819
306352161	ID:35	RPL: Sending a multicast-DIO with rank 631
307200636	ID:32	RPL: Sending a multicast-DIO with rank 847
308563002	ID:33	RPL: Sending a DIS to fe80::c30c:0:0:2
308790015	ID:34	RPL: Sending a multicast-DIO with rank 819
311352161	ID:35	RPL: Sending a multicast-DIO with rank 631
312200636	ID:32	RPL: Sending a multicast-DIO with rank 847
313790015	ID:34	RPL: Sending a multicast-DIO with rank 819
316352161	ID:35	RPL: Sending a multicast-DIO with rank 631
317200636	ID:32	RPL: Sending a multicast-DIO with rank 847
318790015	ID:34	RPL: Sending a multicast-DIO with rank 819
321352161	ID:35	RPL: Sending a multicast-DIO with rank 631
322200636	ID:32	RPL: Sending a multicast-DIO with rank 847
323790015	ID:34	RPL: Sending a multicast-DIO with rank 819
326352161	ID:35	RPL: Sending a multicast-DIO with rank 631
327200636	ID:32	RPL: Sending a multicast-DIO with rank 847
328790015	ID:34	RPL: Sending a multicast-DIO with rank 819
331352161	ID:35	RPL: Sending a multicast-DIO with rank 631
332200636	ID:32	RPL: Sending a multicast-DIO with rank 847
333790015	ID:34	RPL: Sending a multicast-DIO with rank 819
336352161	ID:35	RPL: Sending a multicast-DIO with rank 631
337200636	ID:32	RPL: Sending a multicast-DIO with rank 847
338790015	ID:34	RPL: Sending a multicast-DIO with rank 819
341352161	ID:35	RPL: Sending a multicast-DIO with rank 631
342200636	ID:32	RPL: Sending a multicast-DIO with rank 847
343790015	ID:34	RPL: Sending a multicast-DIO with rank 819
346352161	ID:35	RPL: Sending a multicast-DIO with rank 631
347200636	ID:32	RPL: Sending a multicast-DIO with rank 847
348790015	ID:34	RPL: Sending a multicast-DIO with rank 819
351352161	ID:35	RPL: Sending a multicast-DIO with rank 631
352200636	ID:32	RPL: Sending a multicast-DIO with rank 847
353790015	ID:34	RPL: Sending a multicast-DIO with rank 819
356352161	ID:35	RPL: Sending a multicast-DIO with rank 631
357200643	ID:32	RPL: Sending a multicast-DIO with rank 847
358790015	ID:34	RPL: Sending a multicast-DIO with rank 819
361352161	ID:35	RPL: Sending a multicast-DIO with rank 631
362200636	ID:32	RPL: Sending a multicast-DIO with rank 847
362658817	ID:36	RPL: Sending a DIS to fe80::c30c:0:0:8
363790015	ID:34	RPL: Sending a multicast-DIO with rank 819
366352161	ID:35	RPL: Sending a multicast-DIO with rank 631
367200636	ID:32	RPL: Sending a multicast-DIO with rank 847
368563002	ID:33	RPL: Sending a DIS to fe80::c30c:0:0:2
368790015	ID:34	RPL: Sending a multicast-DIO with rank 819
371352161	ID:35	RPL: Sending a multicast-DIO with rank 631
372200636	ID:32	RPL: Sending a multicast-DIO with rank 847
373790015	ID:34	RPL: Sending a multicast-DIO with rank 819
376352161	ID:35	RPL: Sending a multicast-DIO with rank 631
377200636	ID:32	RPL: Sending a multicast-DIO with rank 847
378790015	ID:34	RPL: Sending a multicast-DIO with rank 819
381352161	ID:35	RPL: Sending a multicast-DIO with rank 631
382200636	ID:32	RPL: Sending a multicast-DIO with rank 847
383790015	ID:34	RPL: Sending a multicast-DIO with rank 819
386352161	ID:35	RPL: Sending a multicast-DIO with rank 631
387200636	ID:32	RPL: Sending a multicast-DIO with rank 847
388790015	ID:34	RPL: Sending a multicast-DIO with rank 819
391352161	ID:35	RPL: Sending a multicast-DIO with rank 631
392200636	ID:32	RPL: Sending a multicast-DIO with rank 847
393790015	ID:34	RPL: Sending a multicast-DIO with rank 819
396352161	ID:35	RPL: Sending a multicast-DIO with rank 631
397200636	ID:32	RPL: Sending a multicast-DIO with rank 847
398790015	ID:34	RPL: Sending a multicast-DIO with rank 819
401352161	ID:35	RPL: Sending a multicast-DIO with rank 631
402200636	ID:32	RPL: Sending a multicast-DIO with rank 847
403790015	ID:34	RPL: Sending a multicast-DIO with rank 819
406352161	ID:35	RPL: Sending a multicast-DIO with rank 631
407200636	ID:32	RPL: Sending a multicast-DIO with rank 847
408790015	ID:34	RPL: Sending a multicast-DIO with rank 819
411352161	ID:35	RPL: Sending a multicast-DIO with rank 631
412200636	ID:32	RPL: Sending a multicast-DIO with rank 847
413790015	ID:34	RPL: Sending a multicast-DIO with rank 819
416352161	ID:35	RPL: Sending a multicast-DIO with rank 631
417200636	ID:32	RPL: Sending a multicast-DIO with rank 847
418790015	ID:34	RPL: Sending a multicast-DIO with rank 819
421352167	ID:35	RPL: Sending a multicast-DIO with rank 631
422200636	ID:32	RPL: Sending a multicast-DIO with rank 847
422658817	ID:36	RPL: Sending a DIS to fe80::c30c:0:0:8
423790015	ID:34	RPL: Sending a multicast-DIO with rank 819
426352161	ID:35	RPL: Sending a multicast-DIO with rank 631
427200636	ID:32	RPL: Sending a multicast-DIO with rank 847
428563002	ID:33	RPL: Sending a DIS to fe80::c30c:0:0:2
428790015	ID:34	RPL: Sending a multicast-DIO with rank 819
431352161	ID:35	RPL: Sending a multicast-DIO with rank 631
432200636	ID:32	RPL: Sending a multicast-DIO with rank 847
433790022	ID:34	RPL: Sending a multicast-DIO with rank 819
436352161	ID:35	RPL: Sending a multicast-DIO with rank 631
437200636	ID:32	RPL: Sending a multicast-DIO with rank 847
438790015	ID:34	RPL: Sending a multicast-DIO with rank 819
441352161	ID:35	RPL: Sending a multicast-DIO with rank 631
442200636	ID:32	RPL: Sending a multicast-DIO with rank 847
443790015	ID:34	RPL: Sending a multicast-DIO with rank 819
446352161	ID:35	RPL: Sending a multicast-DIO with rank 631
447200636	ID:32	RPL: Sending a multicast-DIO with rank 847
448790015	ID:34	RPL: Sending a multicast-DIO with rank 819
451352161	ID:35	RPL: Sending a multicast-DIO with rank 631
452200636	ID:32	RPL: Sending a multicast-DIO with rank 847
453790015	ID:34	RPL: Sending a multicast-DIO with rank 819
456352161	ID:35	RPL: Sending a multicast-DIO with rank 631
457200636	ID:32	RPL: Sending a multicast-DIO with rank 847
458790015	ID:34	RPL: Sending a multicast-DIO with rank 819
461352161	ID:35	RPL: Sending a multicast-DIO with rank 631
462200636	ID:32	RPL: Sending a multicast-DIO with rank 847
463790015	ID:34	RPL: Sending a multicast-DIO with rank 819
466352161	ID:35	RPL: Sending a multicast-DIO with rank 631
467200636	ID:32	RPL: Sending a multicast-DIO with rank 847
468790015	ID:34	RPL: Sending a multicast-DIO with rank 819
471352161	ID:35	RPL: Sending a multicast-DIO with rank 631
472200636	ID:32	RPL: Sending a multicast-DIO with rank 847
473790015	ID:34	RPL: Sending a multicast-DIO with rank 819
476352161	ID:35	RPL: Sending a multicast-DIO with rank 631
477200636	ID:32	RPL: Sending a multicast-DIO with rank 847
478790015	ID:34	RPL: Sending a multicast-DIO with rank 819
481352161	ID:35	RPL: Sending a multicast-DIO with rank 631
482200636	ID:32	RPL: Sending a multicast-DIO with rank 847
482658817	ID:36	RPL: Sending a DIS to fe80::c30c:0:0:8
483790015	ID:34	RPL: Sending a multicast-DIO with rank 819
486352161	ID:35	RPL: Sending a multicast-DIO with rank 631
487200636	ID:32	RPL: Sending a multicast-DIO with rank 847
488563002	ID:33	RPL: Sending a DIS to fe80::c30c:0:0:2
488790015	ID:34	RPL: Sending a multicast-DIO with rank 819
491352161	ID:35	RPL: Sending a multicast-DIO with rank 631
492200636	ID:32	RPL: Sending a multicast-DIO with rank 847
493790015	ID:34	RPL: Sending a multicast-DIO with rank 819
496352161	ID:35	RPL: Sending a multicast-DIO with rank 631
497200636	ID:32	RPL: Sending a multicast-DIO with rank 847
498790015	ID:34	RPL: Sending a multicast-DIO with rank 819
501352161	ID:35	RPL: Sending a multicast-DIO with rank 631
502200636	ID:32	RPL: Sending a multicast-DIO with rank 847
503790015	ID:34	RPL: Sending a multicast-DIO with rank 819
506352161	ID:35	RPL: Sending a multicast-DIO with rank 631
507200636	ID:32	RPL: Sending a multicast-DIO with rank 847
508790015	ID:34	RPL: Sending a multicast-DIO with rank 819
511352161	ID:35	RPL: Sending a multicast-DIO with rank 631
512200636	ID:32	RPL: Sending a multicast-DIO with rank 847
513790015	ID:34	RPL: Sending a multicast-DIO with rank 819
516352161	ID:35	RPL: Sending a multicast-DIO with rank 631
517200636	ID:32	RPL: Sending a multicast-DIO with rank 847
518790015	ID:34	RPL: Sending a multicast-DIO with rank 819
521352161	ID:35	RPL: Sending a multicast-DIO with rank 631
522200636	ID:32	RPL: Sending a multicast-DIO with rank 847
523790015	ID:34	RPL: Sending a multicast-DIO with rank 819
526352161	ID:35	RPL: Sending a multicast-DIO with rank 631
527200636	ID:32	RPL: Sending a multicast-DIO with rank 847
528790015	ID:34	RPL: Sending a multicast-DIO with rank 819
531352161	ID:35	RPL: Sending a multicast-DIO with rank 631
532200636	ID:32	RPL: Sending a multicast-DIO with rank 847
533790015	ID:34	RPL: Sending a multicast-DIO with rank 819
536352161	ID:35	RPL: Sending a multicast-DIO with rank 631
537200636	ID:32	RPL: Sending a multicast-DIO with rank 847
538790015	ID:34	RPL: Sending a multicast-DIO with rank 819
541352161	ID:35	RPL: Sending a multicast-DIO with rank 631
542200636	ID:32	RPL: Sending a multicast-DIO with rank 847
542658817	ID:36	RPL: Sending a DIS to fe80::c30c:0:0:8
543790015	ID:34	RPL: Sending a multicast-DIO with rank 819
546352161	ID:35	RPL: Sending a multicast-DIO with rank 631
547200636	ID:32	RPL: Sending a multicast-DIO with rank 847
548563002	ID:33	RPL: Sending a DIS to fe80::c30c:0:0:2
548790015	ID:34	RPL: Sending a multicast-DIO with rank 819
551352161	ID:35	RPL: Sending a multicast-DIO with rank 631
552200636	ID:32	RPL: Sending a multicast-DIO with rank 847
553790015	ID:34	RPL: Sending a multicast-DIO with rank 819
556352161	ID:35	RPL: Sending a multicast-DIO with rank 631
557200636	ID:32	RPL: Sending a multicast-DIO with rank 847
558790015	ID:34	RPL: Sending a multicast-DIO with rank 819
561352161	ID:35	RPL: Sending a multicast-DIO with rank 631
562200636	ID:32	RPL: Sending a multicast-DIO with rank 847
563790015	ID:34	RPL: Sending a multicast-DIO with rank 819
566352161	ID:35	RPL: Sending a multicast-DIO with rank 631
567200636	ID:32	RPL: Sending a multicast-DIO with rank 847
568790015	ID:34	RPL: Sending a multicast-DIO with rank 819
571352161	ID:35	RPL: Sending a multicast-DIO with rank 631
572200636	ID:32	RPL: Sending a multicast-DIO with rank 847
573790015	ID:34	RPL: Sending a multicast-DIO with rank 819
576352161	ID:35	RPL: Sending a multicast-DIO with rank 631
577200636	ID:32	RPL: Sending a multicast-DIO with rank 847
578790015	ID:34	RPL: Sending a multicast-DIO with rank 819
581352161	ID:35	RPL: Sending a multicast-DIO with rank 631
582200636	ID:32	RPL: Sending a multicast-DIO with rank 847
583790015	ID:34	RPL: Sending a multicast-DIO with rank 819
586352161	ID:35	RPL: Sending a multicast-DIO with rank 631
587200636	ID:32	RPL: Sending a multicast-DIO with rank 847
588790015	ID:34	RPL: Sending a multicast-DIO with rank 819
591352161	ID:35	RPL: Sending a multicast-DIO with rank 631
592200636	ID:32	RPL: Sending a multicast-DIO with rank 847
593790015	ID:34	RPL: Sending a multicast-DIO with rank 819
596352161	ID:35	RPL: Sending a multicast-DIO with rank 631
597200636	ID:32	RPL: Sending a multicast-DIO with rank 847
598790015	ID:34	RPL: Sending a multicast-DIO with rank 819
601352161	ID:35	RPL: Sending a multicast-DIO with rank 631
602200636	ID:32	RPL: Sending a multicast-DIO with rank 847
602658817	ID:36	RPL: Sending a DIS to fe80::c30c:0:0:8
603790015	ID:34	RPL: Sending a multicast-DIO with rank 819
606352161	ID:35	RPL: Sending a multicast-DIO with rank 631
607200636	ID:32	RPL: Sending a multicast-DIO with rank 847
608563002	ID:33	RPL: Sending a DIS to fe80::c30c:0:0:2
608790015	ID:34	RPL: Sending a multicast-DIO with rank 819
611352161	ID:35	RPL: Sending a multicast-DIO with rank 631
612200636	ID:32	RPL: Sending a multicast-DIO with rank 847
613790015	ID:34	RPL: Sending a multicast-DIO with rank 819
616352161	ID:35	RPL: Sending a multicast-DIO with rank 631
617200636	ID:32	RPL: Sending a multicast-DIO with rank 847
618790015	ID:34	RPL: Sending a multicast-DIO with rank 819
621352161	ID:35	RPL: Sending a multicast-DIO with rank 631
622200636	ID:32	RPL: Sending a multicast-DIO with rank 847
623790015	ID:34	RPL: Sending a multicast-DIO with rank 819
626352161	ID:35	RPL: Sending a multicast-DIO with rank 631
627200636	ID:32	RPL: Sending a multicast-DIO with rank 847
628790015	ID:34	RPL: Sending a multicast-DIO with rank 819
631352161	ID:35	RPL: Sending a multicast-DIO with rank 631
632200636	ID:32	RPL: Sending a multicast-DIO with rank 847
633790015	ID:34	RPL: Sending a multicast-DIO with rank 819
636352161	ID:35	RPL: Sending a multicast-DIO with rank 631
637200636	ID:32	RPL: Sending a multicast-DIO with rank 847
638790015	ID:34	RPL: Sending a multicast-DIO with rank 819
641352161	ID:35	RPL: Sending a multicast-DIO with rank 631
642200636	ID:32	RPL: Sending a multicast-DIO with rank 847
643790015	ID:34	RPL: Sending a multicast-DIO with rank 819
646352161	ID:35	RPL: Sending a multicast-DIO with rank 631
647200636	ID:32	RPL: Sending a multicast-DIO with rank 847
648790015	ID:34	RPL: Sending a multicast-DIO with rank 819
651352161	ID:35	RPL: Sending a multicast-DIO with rank 631
652200636	ID:32	RPL: Sending a multicast-DIO with rank 847
653790015	ID:34	RPL: Sending a multicast-DIO with rank 819
656352161	ID:35	RPL: Sending a multicast-DIO with rank 631
657200636	ID:32	RPL: Sending a multicast-DIO with rank 847
658790015	ID:34	RPL: Sending a multicast-DIO with rank 819
661352161	ID:35	RPL: Sending a multicast-DIO with rank 631
662200636	ID:32	RPL: Sending a multicast-DIO with rank 847
662658817	ID:36	RPL: Sending a DIS to fe80::c30c:0:0:8
663790015	ID:34	RPL: Sending a multicast-DIO with rank 819
666352161	ID:35	RPL: Sending a multicast-DIO with rank 631
667200636	ID:32	RPL: Sending a multicast-DIO with rank 847
668563002	ID:33	RPL: Sending a DIS to fe80::c30c:0:0:2
668790015	ID:34	RPL: Sending a multicast-DIO with rank 819
671352161	ID:35	RPL: Sending a multicast-DIO with rank 631
672200636	ID:32	RPL: Sending a multicast-DIO with rank 847
673790015	ID:34	RPL: Sending a multicast-DIO with rank 819
676352161	ID:35	RPL: Sending a multicast-DIO with rank 631
677200636	ID:32	RPL: Sending a multicast-DIO with rank 847
678790015	ID:34	RPL: Sending a multicast-DIO with rank 819
681352161	ID:35	RPL: Sending a multicast-DIO with rank 631
682200636	ID:32	RPL: Sending a multicast-DIO with rank 847
683790015	ID:34	RPL: Sending a multicast-DIO with rank 819
686352161	ID:35	RPL: Sending a multicast-DIO with rank 631
687200643	ID:32	RPL: Sending a multicast-DIO with rank 847
688790015	ID:34	RPL: Sending a multicast-DIO with rank 819
691352161	ID:35	RPL: Sending a multicast-DIO with rank 631
692200636	ID:32	RPL: Sending a multicast-DIO with rank 847
693790015	ID:34	RPL: Sending a multicast-DIO with rank 819
696352161	ID:35	RPL: Sending a multicast-DIO with rank 631
697200636	ID:32	RPL: Sending a multicast-DIO with rank 847
698790015	ID:34	RPL: Sending a multicast-DIO with rank 819
701352161	ID:35	RPL: Sending a multicast-DIO with rank 631
702200636	ID:32	RPL: Sending a multicast-DIO with rank 847
703790015	ID:34	RPL: Sending a multicast-DIO with rank 819
706352161	ID:35	RPL: Sending a multicast-DIO with rank 631
707200636	ID:32	RPL: Sending a multicast-DIO with rank 847
708790015	ID:34	RPL: Sending a multicast-DIO with rank 819
711352161	ID:35	RPL: Sending a multicast-DIO with rank 631
712200636	ID:32	RPL: Sending a multicast-DIO with rank 847
713790015	ID:34	RPL: Sending a multicast-DIO with rank 819
716352161	ID:35	RPL: Sending a multicast-DIO with rank 631
717200636	ID:32	RPL: Sending a multicast-DIO with rank 847
718790015	ID:34	RPL: Sending a multicast-DIO with rank 819
721352161	ID:35	RPL: Sending a multicast-DIO with rank 631
722200636	ID:32	RPL: Sending a multicast-DIO with rank 847
722658818	ID:36	RPL: Sending a DIS to fe80::c30c:0:0:8
723790015	ID:34	RPL: Sending a multicast-DIO with rank 819
726352161	ID:35	RPL: Sending a multicast-DIO with rank 631
727200636	ID:32	RPL: Sending a multicast-DIO with rank 847
728563003	ID:33	RPL: Sending a DIS to fe80::c30c:0:0:2
728790015	ID:34	RPL: Sending a multicast-DIO with rank 819
731352161	ID:35	RPL: Sending a multicast-DIO with rank 631
732200636	ID:32	RPL: Sending a multicast-DIO with rank 847
733790015	ID:34	RPL: Sending a multicast-DIO with rank 819
736352161	ID:35	RPL: Sending a multicast-DIO with rank 631
737200636	ID:32	RPL: Sending a multicast-DIO with rank 847
738790022	ID:34	RPL: Sending a multicast-DIO with rank 819
741352161	ID:35	RPL: Sending a multicast-DIO with rank 631
742200636	ID:32	RPL: Sending a multicast-DIO with rank 847
743790015	ID:34	RPL: Sending a multicast-DIO with rank 819
746352161	ID:35	RPL: Sending a multicast-DIO with rank 631
747200636	ID:32	RPL: Sending a multicast-DIO with rank 847
748790015	ID:34	RPL: Sending a multicast-DIO with rank 819
751352161	ID:35	RPL: Sending a multicast-DIO with rank 631
752200636	ID:32	RPL: Sending a multicast-DIO with rank 847
753790015	ID:34	RPL: Sending a multicast-DIO with rank 819
756352161	ID:35	RPL: Sending a multicast-DIO with rank 631
757200636	ID:32	RPL: Sending a multicast-DIO with rank 847
758790015	ID:34	RPL: Sending a multicast-DIO with rank 819
761352161	ID:35	RPL: Sending a multicast-DIO with rank 631
762200636	ID:32	RPL: Sending a multicast-DIO with rank 847
763790015	ID:34	RPL: Sending a multicast-DIO with rank 819
766352161	ID:35	RPL: Sending a multicast-DIO with rank 631
767200636	ID:32	RPL: Sending a multicast-DIO with rank 847
768790015	ID:34	RPL: Sending a multicast-DIO with rank 819
771352161	ID:35	RPL: Sending a multicast-DIO with rank 631
772200636	ID:32	RPL: Sending a multicast-DIO with rank 847
773790015	ID:34	RPL: Sending a multicast-DIO with rank 819
776352161	ID:35	RPL: Sending a multicast-DIO with rank 631
777200636	ID:32	RPL: Sending a multicast-DIO with rank 847
778790015	ID:34	RPL: Sending a multicast-DIO with rank 819
781352161	ID:35	RPL: Sending a multicast-DIO with rank 631
782200636	ID:32	RPL: Sending a multicast-DIO with rank 847
782658818	ID:36	RPL: Sending a DIS to fe80::c30c:0:0:8
783790015	ID:34	RPL: Sending a multicast-DIO with rank 819
786352161	ID:35	RPL: Sending a multicast-DIO with rank 631
787200636	ID:32	RPL: Sending a multicast-DIO with rank 847
788563003	ID:33	RPL: Sending a DIS to fe80::c30c:0:0:2
788790015	ID:34	RPL: Sending a multicast-DIO with rank 819
791352161	ID:35	RPL: Sending a multicast-DIO with rank 631
792200636	ID:32	RPL: Sending a multicast-DIO with rank 847
793790015	ID:34	RPL: Sending a multicast-DIO with rank 819
796352161	ID:35	RPL: Sending a multicast-DIO with rank 631
797200636	ID:32	RPL: Sending a multicast-DIO with rank 847
798790015	ID:34	RPL: Sending a multicast-DIO with rank 819
801352161	ID:35	RPL: Sending a multicast-DIO with rank 631
802200636	ID:32	RPL: Sending a multicast-DIO with rank 847
803790015	ID:34	RPL: Sending a multicast-DIO with rank 819
806352161	ID:35	RPL: Sending a multicast-DIO with rank 631
807200636	ID:32	RPL: Sending a multicast-DIO with rank 847
808790015	ID:34	RPL: Sending a multicast-DIO with rank 819
811352168	ID:35	RPL: Sending a multicast-DIO with rank 631
812200636	ID:32	RPL: Sending a multicast-DIO with rank 847
813790015	ID:34	RPL: Sending a multicast-DIO with rank 819
816352161	ID:35	RPL: Sending a multicast-DIO with rank 631
817200636	ID:32	RPL: Sending a multicast-DIO with rank 847
818790015	ID:34	RPL: Sending a multicast-DIO with rank 819
821352161	ID:35	RPL: Sending a multicast-DIO with rank 631
822200636	ID:32	RPL: Sending a multicast-DIO with rank 847
823790015	ID:34	RPL: Sending a multicast-DIO with rank 819
826352161	ID:35	RPL: Sending a multicast-DIO with rank 631
827200636	ID:32	RPL: Sending a multicast-DIO with rank 847
828790015	ID:34	RPL: Sending a multicast-DIO with rank 819
831352161	ID:35	RPL: Sending a multicast-DIO with rank 631
832200636	ID:32	RPL: Sending a multicast-DIO with rank 847
833790015	ID:34	RPL: Sending a multicast-DIO with rank 819
836352161	ID:35	RPL: Sending a multicast-DIO with rank 631
837200636	ID:32	RPL: Sending a multicast-DIO with rank 847
838790015	ID:34	RPL: Sending a multicast-DIO with rank 819
841352161	ID:35	RPL: Sending a multicast-DIO with rank 631
842200636	ID:32	RPL: Sending a multicast-DIO with rank 847
842658818	ID:36	RPL: Sending a DIS to fe80::c30c:0:0:8
843790015	ID:34	RPL: Sending a multicast-DIO with rank 819
846352161	ID:35	RPL: Sending a multicast-DIO with rank 631
847200636	ID:32	RPL: Sending a multicast-DIO with rank 847
848563003	ID:33	RPL: Sending a DIS to fe80::c30c:0:0:2
848790015	ID:34	RPL: Sending a multicast-DIO with rank 819
851352161	ID:35	RPL: Sending a multicast-DIO with rank 631
852200636	ID:32	RPL: Sending a multicast-DIO with rank 847
853790015	ID:34	RPL: Sending a multicast-DIO with rank 819
856352161	ID:35	RPL: Sending a multicast-DIO with rank 631
857200636	ID:32	RPL: Sending a multicast-DIO with rank 847
858790015	ID:34	RPL: Sending a multicast-DIO with rank 819
861352161	ID:35	RPL: Sending a multicast-DIO with rank 631
862200636	ID:32	RPL: Sending a multicast-DIO with rank 847
863790015	ID:34	RPL: Sending a multicast-DIO with rank 819
866352161	ID:35	RPL: Sending a multicast-DIO with rank 631
867200636	ID:32	RPL: Sending a multicast-DIO with rank 847
868790015	ID:34	RPL: Sending a multicast-DIO with rank 819
871352161	ID:35	RPL: Sending a multicast-DIO with rank 631
872200636	ID:32	RPL: Sending a multicast-DIO with rank 847
873790015	ID:34	RPL: Sending a multicast-DIO with rank 819
876352161	ID:35	RPL: Sending a multicast-DIO with rank 631
877200636	ID:32	RPL: Sending a multicast-DIO with rank 847
878790015	ID:34	RPL: Sending a multicast-DIO with rank 819
881352161	ID:35	RPL: Sending a multicast-DIO with rank 631
882200636	ID:32	RPL: Sending a multicast-DIO with rank 847
883790015	ID:34	RPL: Sending a multicast-DIO with rank 819
886352161	ID:35	RPL: Sending a multicast-DIO with rank 631
887200636	ID:32	RPL: Sending a multicast-DIO with rank 847
888790015	ID:34	RPL: Sending a multicast-DIO with rank 819
891352161	ID:35	RPL: Sending a multicast-DIO with rank 631
892200636	ID:32	RPL: Sending a multicast-DIO with rank 847
893790015	ID:34	RPL: Sending a multicast-DIO with rank 819
896352161	ID:35	RPL: Sending a multicast-DIO with rank 631
897200636	ID:32	RPL: Sending a multicast-DIO with rank 847
898790015	ID:34	RPL: Sending a multicast-DIO with rank 819
901352161	ID:35	RPL: Sending a multicast-DIO with rank 631
902200636	ID:32	RPL: Sending a multicast-DIO with rank 847
902658818	ID:36	RPL: Sending a DIS to fe80::c30c:0:0:8
903790015	ID:34	RPL: Sending a multicast-DIO with rank 819
906352161	ID:35	RPL: Sending a multicast-DIO with rank 631
907200636	ID:32	RPL: Sending a multicast-DIO with rank 847
908563003	ID:33	RPL: Sending a DIS to fe80::c30c:0:0:2
908790015	ID:34	RPL: Sending a multicast-DIO with rank 819
911352161	ID:35	RPL: Sending a multicast-DIO with rank 631
912200636	ID:32	RPL: Sending a multicast-DIO with rank 847
913790015	ID:34	RPL: Sending a multicast-DIO with rank 819
916352161	ID:35	RPL: Sending a multicast-DIO with rank 631
917200636	ID:32	RPL: Sending a multicast-DIO with rank 847
918790015	ID:34	RPL: Sending a multicast-DIO with rank 819
921352161	ID:35	RPL: Sending a multicast-DIO with rank 631
922200636	ID:32	RPL: Sending a multicast-DIO with rank 847
923790015	ID:34	RPL: Sending a multicast-DIO with rank 819
926352161	ID:35	RPL: Sending a multicast-DIO with rank 631
927200636	ID:32	RPL: Sending a multicast-DIO with rank 847
928790015	ID:34	RPL: Sending a multicast-DIO with rank 819
931352161	ID:35	RPL: Sending a multicast-DIO with rank 631
932200636	ID:32	RPL: Sending a multicast-DIO with rank 847
933790015	ID:34	RPL: Sending a multicast-DIO with rank 819
936352161	ID:35	RPL: Sending a multicast-DIO with rank 631
937200636	ID:32	RPL: Sending a multicast-DIO with rank 847
938790015	ID:34	RPL: Sending a multicast-DIO with rank 819
941352161	ID:35	RPL: Sending a multicast-DIO with rank 631
942200636	ID:32	RPL: Sending a multicast-DIO with rank 847
943790015	ID:34	RPL: Sending a multicast-DIO with rank 819
946352161	ID:35	RPL: Sending a multicast-DIO with rank 631
947200636	ID:32	RPL: Sending a multicast-DIO with rank 847
948790015	ID:34	RPL: Sending a multicast-DIO with rank 819
951352161	ID:35	RPL: Sending a multicast-DIO with rank 631
952200636	ID:32	RPL: Sending a multicast-DIO with rank 847
953790015	ID:34	RPL: Sending a multicast-DIO with rank 819
956352161	ID:35	RPL: Sending a multicast-DIO with rank 631
957200636	ID:32	RPL: Sending a multicast-DIO with rank 847
958790015	ID:34	RPL: Sending a multicast-DIO with rank 819
961352161	ID:35	RPL: Sending a multicast-DIO with rank 631
962200636	ID:32	RPL: Sending a multicast-DIO with rank 847
962658818	ID:36	RPL: Sending a DIS to fe80::c30c:0:0:8
963790015	ID:34	RPL: Sending a multicast-DIO with rank 819
966352161	ID:35	RPL: Sending a multicast-DIO with rank 631
967200636	ID:32	RPL: Sending a multicast-DIO with rank 847
968563570	ID:33	RPL: Sending a DIS to fe80::c30c:0:0:2
968790015	ID:34	RPL: Sending a multicast-DIO with rank 819
971352161	ID:35	RPL: Sending a multicast-DIO with rank 631
972200636	ID:32	RPL: Sending a multicast-DIO with rank 847
973790015	ID:34	RPL: Sending a multicast-DIO with rank 819
976352161	ID:35	RPL: Sending a multicast-DIO with rank 631
977200636	ID:32	RPL: Sending a multicast-DIO with rank 847
978790015	ID:34	RPL: Sending a multicast-DIO with rank 819
981352161	ID:35	RPL: Sending a multicast-DIO with rank 631
982200636	ID:32	RPL: Sending a multicast-DIO with rank 847
983790015	ID:34	RPL: Sending a multicast-DIO with rank 819
986352161	ID:35	RPL: Sending a multicast-DIO with rank 631
987200636	ID:32	RPL: Sending a multicast-DIO with rank 847
988790015	ID:34	RPL: Sending a multicast-DIO with rank 819
991352161	ID:35	RPL: Sending a multicast-DIO with rank 631
992200636	ID:32	RPL: Sending a multicast-DIO with rank 847
993790015	ID:34	RPL: Sending a multicast-DIO with rank 819
996352161	ID:35	RPL: Sending a multicast-DIO with rank 631
997200636	ID:32	RPL: Sending a multicast-DIO with rank 847
998790015	ID:34	RPL: Sending a multicast-DIO with rank 819
1001352161	ID:35	RPL: Sending a multicast-DIO with rank 631
1002200636	ID:32	RPL: Sending a multicast-DIO with rank 847
1003790015	ID:34	RPL: Sending a multicast-DIO with rank 819
1006352161	ID:35	RPL: Sending a multicast-DIO with rank 631
1007200636	ID:32	RPL: Sending a multicast-DIO with rank 847
1008790015	ID:34	RPL: Sending a multicast-DIO with rank 819
1011352161	ID:35	RPL: Sending a multicast-DIO with rank 631
1012200636	ID:32	RPL: Sending a multicast-DIO with rank 847
1013790015	ID:34	RPL: Sending a multicast-DIO with rank 819
1016352161	ID:35	RPL: Sending a multicast-DIO with rank 631
1017200636	ID:32	RPL: Sending a multicast-DIO with rank 847
1018790015	ID:34	RPL: Sending a multicast-DIO with rank 819
1021352161	ID:35	RPL: Sending a multicast-DIO with rank 631
1022200636	ID:32	RPL: Sending a multicast-DIO with rank 847
1022658818	ID:36	RPL: Sending a DIS to fe80::c30c:0:0:8
1023790015	ID:34	RPL: Sending a multicast-DIO with rank 819
1026352162	ID:35	RPL: Sending a multicast-DIO with rank 631
1027200637	ID:32	RPL: Sending a multicast-DIO with rank 847
1028563003	ID:33	RPL: Sending a DIS to fe80::c30c:0:0:2
1028790016	ID:34	RPL: Sending a multicast-DIO with rank 819
1031352162	ID:35	RPL: Sending a multicast-DIO with rank 631
1032200637	ID:32	RPL: Sending a multicast-DIO with rank 847
1033790016	ID:34	RPL: Sending a multicast-DIO with rank 819
1036352162	ID:35	RPL: Sending a multicast-DIO with rank 631
1037200637	ID:32	RPL: Sending a multicast-DIO with rank 847
1038790016	ID:34	RPL: Sending a multicast-DIO with rank 819
1041352162	ID:35	RPL: Sending a multicast-DIO with rank 631
1042200637	ID:32	RPL: Sending a multicast-DIO with rank 847
1043790016	ID:34	RPL: Sending a multicast-DIO with rank 819
1046352162	ID:35	RPL: Sending a multicast-DIO with rank 631
1047200637	ID:32	RPL: Sending a multicast-DIO with rank 847
1048790016	ID:34	RPL: Sending a multicast-DIO with rank 819
1051352162	ID:35	RPL: Sending a multicast-DIO with rank 631
1052200637	ID:32	RPL: Sending a multicast-DIO with rank 847
1053790016	ID:34	RPL: Sending a multicast-DIO with rank 819
1056352162	ID:35	RPL: Sending a multicast-DIO with rank 631
1057200637	ID:32	RPL: Sending a multicast-DIO with rank 847
1058790016	ID:34	RPL: Sending a multicast-DIO with rank 819
1061352162	ID:35	RPL: Sending a multicast-DIO with rank 631
1062200637	ID:32	RPL: Sending a multicast-DIO with rank 847
1063790016	ID:34	RPL: Sending a multicast-DIO with rank 819
1066352162	ID:35	RPL: Sending a multicast-DIO with rank 631
1067200637	ID:32	RPL: Sending a multicast-DIO with rank 847
1068790016	ID:34	RPL: Sending a multicast-DIO with rank 819
1071352162	ID:35	RPL: Sending a multicast-DIO with rank 631
1072200637	ID:32	RPL: Sending a multicast-DIO with rank 847
1073790023	ID:34	RPL: Sending a multicast-DIO with rank 819
1076352162	ID:35	RPL: Sending a multicast-DIO with rank 631
1077200637	ID:32	RPL: Sending a multicast-DIO with rank 847
1078790016	ID:34	RPL: Sending a multicast-DIO with rank 819
1081352162	ID:35	RPL: Sending a multicast-DIO with rank 631
1082200637	ID:32	RPL: Sending a multicast-DIO with rank 847
1082658818	ID:36	RPL: Sending a DIS to fe80::c30c:0:0:8
1083790016	ID:34	RPL: Sending a multicast-DIO with rank 819
1086352162	ID:35	RPL: Sending a multicast-DIO with rank 631
1087200637	ID:32	RPL: Sending a multicast-DIO with rank 847
1088563003	ID:33	RPL: Sending a DIS to fe80::c30c:0:0:2
1088790016	ID:34	RPL: Sending a multicast-DIO with rank 819
1091352162	ID:35	RPL: Sending a multicast-DIO with rank 631
1092200637	ID:32	RPL: Sending a multicast-DIO with rank 847
1093790016	ID:34	RPL: Sending a multicast-DIO with rank 819
1096352162	ID:35	RPL: Sending a multicast-DIO with rank 631
1097200637	ID:32	RPL: Sending a multicast-DIO with rank 847
1098790016	ID:34	RPL: Sending a multicast-DIO with rank 819
1101352162	ID:35	RPL: Sending a multicast-DIO with rank 631
1102200637	ID:32	RPL: Sending a multicast-DIO with rank 847
1103790016	ID:34	RPL: Sending a multicast-DIO with rank 819
1106352162	ID:35	RPL: Sending a multicast-DIO with rank 631
1107200637	ID:32	RPL: Sending a multicast-DIO with rank 847
1108790016	ID:34	RPL: Sending a multicast-DIO with rank 819
1111352162	ID:35	RPL: Sending a multicast-DIO with rank 631
1112200637	ID:32	RPL: Sending a multicast-DIO with rank 847
1113790016	ID:34	RPL: Sending a multicast-DIO with rank 819
1116352162	ID:35	RPL: Sending a multicast-DIO with rank 631
1117200637	ID:32	RPL: Sending a multicast-DIO with rank 847
1118790016	ID:34	RPL: Sending a multicast-DIO with rank 819
1121352162	ID:35	RPL: Sending a multicast-DIO with rank 631
1122200637	ID:32	RPL: Sending a multicast-DIO with rank 847
1123790016	ID:34	RPL: Sending a multicast-DIO with rank 819
1126352162	ID:35	RPL: Sending a multicast-DIO with rank 631
1127200637	ID:32	RPL: Sending a multicast-DIO with rank 847
1128790016	ID:34	RPL: Sending a multicast-DIO with rank 819
1131352162	ID:35	RPL: Sending a multicast-DIO with rank 631
1132200644	ID:32	RPL: Sending a multicast-DIO with rank 847
1133790016	ID:34	RPL: Sending a multicast-DIO with rank 819
1136352162	ID:35	RPL: Sending a multicast-DIO with rank 631
1137200637	ID:32	RPL: Sending a multicast-DIO with rank 847
1138790016	ID:34	RPL: Sending a multicast-DIO with rank 819
1141352162	ID:35	RPL: Sending a multicast-DIO with rank 631
1142200637	ID:32	RPL: Sending a multicast-DIO with rank 847
1142658818	ID:36	RPL: Sending a DIS to fe80::c30c:0:0:8
1143790016	ID:34	RPL: Sending a multicast-DIO with rank 819
1146352162	ID:35	RPL: Sending a multicast-DIO with rank 631
1147200637	ID:32	RPL: Sending a multicast-DIO with rank 847
1148563003	ID:33	RPL: Sending a DIS to fe80::c30c:0:0:2
1148790016	ID:34	RPL: Sending a multicast-DIO with rank 819
1151352162	ID:35	RPL: Sending a multicast-DIO with rank 631
1152200637	ID:32	RPL: Sending a multicast-DIO with rank 847
1153790016	ID:34	RPL: Sending a multicast-DIO with rank 819
1156352162	ID:35	RPL: Sending a multicast-DIO with rank 631
1157200637	ID:32	RPL: Sending a multicast-DIO with rank 847
1158790016	ID:34	RPL: Sending a multicast-DIO with rank 819
1161352162	ID:35	RPL: Sending a multicast-DIO with rank 631
1162200637	ID:32	RPL: Sending a multicast-DIO with rank 847
1163790016	ID:34	RPL: Sending a multicast-DIO with rank 819
1166352162	ID:35	RPL: Sending a multicast-DIO with rank 631
1167200637	ID:32	RPL: Sending a multicast-DIO with rank 847
1168790016	ID:34	RPL: Sending a multicast-DIO with rank 819
1171352162	ID:35	RPL: Sending a multicast-DIO with rank 631
1172200637	ID:32	RPL: Sending a multicast-DIO with rank 847
1173790016	ID:34	RPL: Sending a multicast-DIO with rank 819
1176352162	ID:35	RPL: Sending a multicast-DIO with rank 631
1177200637	ID:32	RPL: Sending a multicast-DIO with rank 847
1178790016	ID:34	RPL: Sending a multicast-DIO with rank 819
1181352162	ID:35	RPL: Sending a multicast-DIO with rank 631
1182200637	ID:32	RPL: Sending a multicast-DIO with rank 847
1183790016	ID:34	RPL: Sending a multicast-DIO with rank 819
1186352162	ID:35	RPL: Sending a multicast-DIO with rank 631
1187200637	ID:32	RPL: Sending a multicast-DIO with rank 847
1188790016	ID:34	RPL: Sending a multicast-DIO with rank 819
1191352162	ID:35	RPL: Sending a multicast-DIO with rank 631
1192200637	ID:32	RPL: Sending a multicast-DIO with rank 847
1193790016	ID:34	RPL: Sending a multicast-DIO with rank 819
1196352162	ID:35	RPL: Sending a multicast-DIO with rank 631
1197200637	ID:32	RPL: Sending a multicast-DIO with rank 847
1198790016	ID:34	RPL: Sending a multicast-DIO with rank 819
1201352167	ID:35	RPL: Sending a multicast-DIO with rank 631
1202200642	ID:32	RPL: Sending a multicast-DIO with rank 847
1202658824	ID:36	RPL: Sending a DIS to fe80::c30c:0:0:8
1203790021	ID:34	RPL: Sending a multicast-DIO with rank 819
1206352161	ID:35	RPL: Sending a multicast-DIO with rank 631
1207200636	ID:32	RPL: Sending a multicast-DIO with rank 847
1208563002	ID:33	RPL: Sending a DIS to fe80::c30c:0:0:2
1208790015	ID:34	RPL: Sending a multicast-DIO with rank 819
1211352161	ID:35	RPL: Sending a multicast-DIO with rank 631
1212200636	ID:32	RPL: Sending a multicast-DIO with rank 847
1213790015	ID:34	RPL: Sending a multicast-DIO with rank 819
1216352161	ID:35	RPL: Sending a multicast-DIO with rank 631
1217200636	ID:32	RPL: Sending a multicast-DIO with rank 847
1218790015	ID:34	RPL: Sending a multicast-DIO with rank 819
1221352161	ID:35	RPL: Sending a multicast-DIO with rank 631
1222200636	ID:32	RPL: Sending a multicast-DIO with rank 847
1223790015	ID:34	RPL: Sending a multicast-DIO with rank 819
1226352161	ID:35	RPL: Sending a multicast-DIO with rank 631
1227200636	ID:32	RPL: Sending a multicast-DIO with rank 847
1228790015	ID:34	RPL: Sending a multicast-DIO with rank 819
1231352161	ID:35	RPL: Sending a multicast-DIO with rank 631
1232200636	ID:32	RPL: Sending a multicast-DIO with rank 847
1233790015	ID:34	RPL: Sending a multicast-DIO with rank 819
1236352161	ID:35	RPL: Sending a multicast-DIO with rank 631
1237200636	ID:32	RPL: Sending a multicast-DIO with rank 847
1238790015	ID:34	RPL: Sending a multicast-DIO with rank 819
1241352168	ID:35	RPL: Sending a multicast-DIO with rank 631
1242200636	ID:32	RPL: Sending a multicast-DIO with rank 847
1243790015	ID:34	RPL: Sending a multicast-DIO with rank 819
1246352161	ID:35	RPL: Sending a multicast-DIO with rank 631
1247200636	ID:32	RPL: Sending a multicast-DIO with rank 847
1248790015	ID:34	RPL: Sending a multicast-DIO with rank 819
1251352161	ID:35	RPL: Sending a multicast-DIO with rank 631
1252200636	ID:32	RPL: Sending a multicast-DIO with rank 847
1253790015	ID:34	RPL: Sending a multicast-DIO with rank 819
1256352161	ID:35	RPL: Sending a multicast-DIO with rank 631
1257200636	ID:32	RPL: Sending a multicast-DIO with rank 847
1258790015	ID:34	RPL: Sending a multicast-DIO with rank 819
1261352161	ID:35	RPL: Sending a multicast-DIO with rank 631
1262200636	ID:32	RPL: Sending a multicast-DIO with rank 847
1262658817	ID:36	RPL: Sending a DIS to fe80::c30c:0:0:8
1263790015	ID:34	RPL: Sending a multicast-DIO with rank 819
1266352161	ID:35	RPL: Sending a multicast-DIO with rank 631
1267200636	ID:32	RPL: Sending a multicast-DIO with rank 847
1268563002	ID:33	RPL: Sending a DIS to fe80::c30c:0:0:2
1268790015	ID:34	RPL: Sending a multicast-DIO with rank 819
1271352161	ID:35	RPL: Sending a multicast-DIO with rank 631
1272200636	ID:32	RPL: Sending a multicast-DIO with rank 847
1273790015	ID:34	RPL: Sending a multicast-DIO with rank 819
1276352161	ID:35	RPL: Sending a multicast-DIO with rank 631
1277200636	ID:32	RPL: Sending a multicast-DIO with rank 847
1278790015	ID:34	RPL: Sending a multicast-DIO with rank 819
1281352161	ID:35	RPL: Sending a multicast-DIO with rank 631
1282200636	ID:32	RPL: Sending a multicast-DIO with rank 847
1283790015	ID:34	RPL: Sending a multicast-DIO with rank 819
1286352161	ID:35	RPL: Sending a multicast-DIO with rank 631
1287200636	ID:32	RPL: Sending a multicast-DIO with rank 847
1288790015	ID:34	RPL: Sending a multicast-DIO with rank 819
1291352161	ID:35	RPL: Sending a multicast-DIO with rank 631
1292200636	ID:32	RPL: Sending a multicast-DIO with rank 847
1293790015	ID:34	RPL: Sending a multicast-DIO with rank 819
1296352161	ID:35	RPL: Sending a multicast-DIO with rank 631
1297200636	ID:32	RPL: Sending a multicast-DIO with rank 847
1298790015	ID:34	RPL: Sending a multicast-DIO with rank 819
1301352161	ID:35	RPL: Sending a multicast-DIO with rank 631
1302200636	ID:32	RPL: Sending a multicast-DIO with rank 847
1303790015	ID:34	RPL: Sending a multicast-DIO with rank 819
1306352161	ID:35	RPL: Sending a multicast-DIO with rank 631
1307200636	ID:32	RPL: Sending a multicast-DIO with rank 847
1308790015	ID:34	RPL: Sending a multicast-DIO with rank 819
1311352161	ID:35	RPL: Sending a multicast-DIO with rank 631
1312200636	ID:32	RPL: Sending a multicast-DIO with rank 847
1313790015	ID:34	RPL: Sending a multicast-DIO with rank 819
1316352161	ID:35	RPL: Sending a multicast-DIO with rank 631
1317200636	ID:32	RPL: Sending a multicast-DIO with rank 847
1318790015	ID:34	RPL: Sending a multicast-DIO with rank 819
1321352161	ID:35	RPL: Sending a multicast-DIO with rank 631
1322200636	ID:32	RPL: Sending a multicast-DIO with rank 847
1322658817	ID:36	RPL: Sending a DIS to fe80::c30c:0:0:8
1323790015	ID:34	RPL: Sending a multicast-DIO with rank 819
1326352161	ID:35	RPL: Sending a multicast-DIO with rank 631
1327200636	ID:32	RPL: Sending a multicast-DIO with rank 847
1328563002	ID:33	RPL: Sending a DIS to fe80::c30c:0:0:2
1328790015	ID:34	RPL: Sending a multicast-DIO with rank 819
1331352161	ID:35	RPL: Sending a multicast-DIO with rank 631
1332200636	ID:32	RPL: Sending a multicast-DIO with rank 847
1333790015	ID:34	RPL: Sending a multicast-DIO with rank 819
1336352161	ID:35	RPL: Sending a multicast-DIO with rank 631
1337200636	ID:32	RPL: Sending a multicast-DIO with rank 847
1338790015	ID:34	RPL: Sending a multicast-DIO with rank 819
1341352161	ID:35	RPL: Sending a multicast-DIO with rank 631
1342200636	ID:32	RPL: Sending a multicast-DIO with rank 847
1343790015	ID:34	RPL: Sending a multicast-DIO with rank 819
1346352161	ID:35	RPL: Sending a multicast-DIO with rank 631
1347200636	ID:32	RPL: Sending a multicast-DIO with rank 847
1348790015	ID:34	RPL: Sending a multicast-DIO with rank 819
1351352161	ID:35	RPL: Sending a multicast-DIO with rank 631
1352200636	ID:32	RPL: Sending a multicast-DIO with rank 847
1353790015	ID:34	RPL: Sending a multicast-DIO with rank 819
1356352161	ID:35	RPL: Sending a multicast-DIO with rank 631
1357200636	ID:32	RPL: Sending a multicast-DIO with rank 847
1358790015	ID:34	RPL: Sending a multicast-DIO with rank 819
1361352161	ID:35	RPL: Sending a multicast-DIO with rank 631
1362200636	ID:32	RPL: Sending a multicast-DIO with rank 847
1363790015	ID:34	RPL: Sending a multicast-DIO with rank 819
1366352161	ID:35	RPL: Sending a multicast-DIO with rank 631
1367200636	ID:32	RPL: Sending a multicast-DIO with rank 847
1368790015	ID:34	RPL: Sending a multicast-DIO with rank 819
1371352161	ID:35	RPL: Sending a multicast-DIO with rank 631
1372200636	ID:32	RPL: Sending a multicast-DIO with rank 847
1373790015	ID:34	RPL: Sending a multicast-DIO with rank 819
1376352161	ID:35	RPL: Sending a multicast-DIO with rank 631
1377200636	ID:32	RPL: Sending a multicast-DIO with rank 847
1378790015	ID:34	RPL: Sending a multicast-DIO with rank 819
1381352161	ID:35	RPL: Sending a multicast-DIO with rank 631
1382200636	ID:32	RPL: Sending a multicast-DIO with rank 847
1382658817	ID:36	RPL: Sending a DIS to fe80::c30c:0:0:8
1383790022	ID:34	RPL: Sending a multicast-DIO with rank 819
1386352161	ID:35	RPL: Sending a multicast-DIO with rank 631
1387200636	ID:32	RPL: Sending a multicast-DIO with rank 847
1388563002	ID:33	RPL: Sending a DIS to fe80::c30c:0:0:2
1388790015	ID:34	RPL: Sending a multicast-DIO with rank 819
1391352161	ID:35	RPL: Sending a multicast-DIO with rank 631
1392200636	ID:32	RPL: Sending a multicast-DIO with rank 847
1393790015	ID:34	RPL: Sending a multicast-DIO with rank 819
1396352161	ID:35	RPL: Sending a multicast-DIO with rank 631
1397200636	ID:32	RPL: Sending a multicast-DIO with rank 847
1398790015	ID:34	RPL: Sending a multicast-DIO with rank 819
1401352161	ID:35	RPL: Sending a multicast-DIO with rank 631
1402200636	ID:32	RPL: Sending a multicast-DIO with rank 847
1403790015	ID:34	RPL: Sending a multicast-DIO with rank 819
1406352161	ID:35	RPL: Sending a multicast-DIO with rank 631
1407200636	ID:32	RPL: Sending a multicast-DIO with rank 847
1408790015	ID:34	RPL: Sending a multicast-DIO with rank 819
1411352161	ID:35	RPL: Sending a multicast-DIO with rank 631
1412200636	ID:32	RPL: Sending a multicast-DIO with rank 847
1413790015	ID:34	RPL: Sending a multicast-DIO with rank 819
1416352161	ID:35	RPL: Sending a multicast-DIO with rank 631
1417200636	ID:32	RPL: Sending a multicast-DIO with rank 847
1418790015	ID:34	RPL: Sending a multicast-DIO with rank 819
1421352161	ID:35	RPL: Sending a multicast-DIO with rank 631
1422200636	ID:32	RPL: Sending a multicast-DIO with rank 847
1423790015	ID:34	RPL: Sending a multicast-DIO with rank 819
1426352161	ID:35	RPL: Sending a multicast-DIO with rank 631
1427200636	ID:32	RPL: Sending a multicast-DIO with rank 847
1428790015	ID:34	RPL: Sending a multicast-DIO with rank 819
1431352161	ID:35	RPL: Sending a multicast-DIO with rank 631
1432200636	ID:32	RPL: Sending a multicast-DIO with rank 847
1433790015	ID:34	RPL: Sending a multicast-DIO with rank 819
1436352161	ID:35	RPL: Sending a multicast-DIO with rank 631
1437200636	ID:32	RPL: Sending a multicast-DIO with rank 847
1438790015	ID:34	RPL: Sending a multicast-DIO with rank 819
1441352161	ID:35	RPL: Sending a multicast-DIO with rank 631
1442200636	ID:32	RPL: Sending a multicast-DIO with rank 847
1442658817	ID:36	RPL: Sending a DIS to fe80::c30c:0:0:8
1443790015	ID:34	RPL: Sending a multicast-DIO with rank 819
1446352161	ID:35	RPL: Sending a multicast-DIO with rank 631
1447200636	ID:32	RPL: Sending a multicast-DIO with rank 847
1448563002	ID:33	RPL: Sending a DIS to fe80::c30c:0:0:2
1448790015	ID:34	RPL: Sending a multicast-DIO with rank 819
1451352161	ID:35	RPL: Sending a multicast-DIO with rank 631
1452200636	ID:32	RPL: Sending a multicast-DIO with rank 847
1453790015	ID:34	RPL: Sending a multicast-DIO with rank 819
1456352161	ID:35	RPL: Sending a multicast-DIO with rank 631
1457200636	ID:32	RPL: Sending a multicast-DIO with rank 847
1458790015	ID:34	RPL: Sending a multicast-DIO with rank 819
1461352161	ID:35	RPL: Sending a multicast-DIO with rank 631
1462200636	ID:32	RPL: Sending a multicast-DIO with rank 847
1463790015	ID:34	RPL: Sending a multicast-DIO with rank 819
1466352161	ID:35	RPL: Sending a multicast-DIO with rank 631
1467200636	ID:32	RPL: Sending a multicast-DIO with rank 847
1468790015	ID:34	RPL: Sending a multicast-DIO with rank 819
1471352161	ID:35	RPL: Sending a multicast-DIO with rank 631
1472200636	ID:32	RPL: Sending a multicast-DIO with rank 847
1473790015	ID:34	RPL: Sending a multicast-DIO with rank 819
1476352161	ID:35	RPL: Sending a multicast-DIO with rank 631
1477200636	ID:32	RPL: Sending a multicast-DIO with rank 847
1478790015	ID:34	RPL: Sending a multicast-DIO with rank 819
1481352161	ID:35	RPL: Sending a multicast-DIO with rank 631
1482200643	ID:32	RPL: Sending a multicast-DIO with rank 847
1483790015	ID:34	RPL: Sending a multicast-DIO with rank 819
1486352161	ID:35	RPL: Sending a multicast-DIO with rank 631
1487200636	ID:32	RPL: Sending a multicast-DIO with rank 847
1488790015	ID:34	RPL: Sending a multicast-DIO with rank 819
1491352161	ID:35	RPL: Sending a multicast-DIO with rank 631
1492200636	ID:32	RPL: Sending a multicast-DIO with rank 847
1493790015	ID:34	RPL: Sending a multicast-DIO with rank 819
1496352161	ID:35	RPL: Sending a multicast-DIO with rank 631
1497200636	ID:32	RPL: Sending a multicast-DIO with rank 847
1498790015	ID:34	RPL: Sending a multicast-DIO with rank 819
1501352161	ID:35	RPL: Sending a multicast-DIO with rank 631
1502200636	ID:32	RPL: Sending a multicast-DIO with rank 847
1502658817	ID:36	RPL: Sending a DIS to fe80::c30c:0:0:8
1503790015	ID:34	RPL: Sending a multicast-DIO with rank 819
1506352161	ID:35	RPL: Sending a multicast-DIO with rank 631
1507200636	ID:32	RPL: Sending a multicast-DIO with rank 847
1508563002	ID:33	RPL: Sending a DIS to fe80::c30c:0:0:2
1508790015	ID:34	RPL: Sending a multicast-DIO with rank 819
1511352161	ID:35	RPL: Sending a multicast-DIO with rank 631
1512200636	ID:32	RPL: Sending a multicast-DIO with rank 847
1513790015	ID:34	RPL: Sending a multicast-DIO with rank 819
1516352161	ID:35	RPL: Sending a multicast-DIO with rank 631
1517200636	ID:32	RPL: Sending a multicast-DIO with rank 847
1518790015	ID:34	RPL: Sending a multicast-DIO with rank 819
1521352161	ID:35	RPL: Sending a multicast-DIO with rank 631
1522200636	ID:32	RPL: Sending a multicast-DIO with rank 847
1523790015	ID:34	RPL: Sending a multicast-DIO with rank 819
1526352161	ID:35	RPL: Sending a multicast-DIO with rank 631
1527200636	ID:32	RPL: Sending a multicast-DIO with rank 847
1528790015	ID:34	RPL: Sending a multicast-DIO with rank 819
1531352161	ID:35	RPL: Sending a multicast-DIO with rank 631
1532200636	ID:32	RPL: Sending a multicast-DIO with rank 847
1533790015	ID:34	RPL: Sending a multicast-DIO with rank 819
1536352161	ID:35	RPL: Sending a multicast-DIO with rank 631
1537200636	ID:32	RPL: Sending a multicast-DIO with rank 847
1538790015	ID:34	RPL: Sending a multicast-DIO with rank 819
1541352161	ID:35	RPL: Sending a multicast-DIO with rank 631
1542200636	ID:32	RPL: Sending a multicast-DIO with rank 847
1543790015	ID:34	RPL: Sending a multicast-DIO with rank 819
1546352161	ID:35	RPL: Sending a multicast-DIO with rank 631
1547200636	ID:32	RPL: Sending a multicast-DIO with rank 847
1548790015	ID:34	RPL: Sending a multicast-DIO with rank 819
1551352161	ID:35	RPL: Sending a multicast-DIO with rank 631
1552200636	ID:32	RPL: Sending a multicast-DIO with rank 847
1553790015	ID:34	RPL: Sending a multicast-DIO with rank 819
1556352161	ID:35	RPL: Sending a multicast-DIO with rank 631
1557200636	ID:32	RPL: Sending a multicast-DIO with rank 847
1558790015	ID:34	RPL: Sending a multicast-DIO with rank 819
1561352161	ID:35	RPL: Sending a multicast-DIO with rank 631
1562200636	ID:32	RPL: Sending a multicast-DIO with rank 847
1562658817	ID:36	RPL: Sending a DIS to fe80::c30c:0:0:8
1563790015	ID:34	RPL: Sending a multicast-DIO with rank 819
1566352161	ID:35	RPL: Sending a multicast-DIO with rank 631
1567200636	ID:32	RPL: Sending a multicast-DIO with rank 847
1568563570	ID:33	RPL: Sending a DIS to fe80::c30c:0:0:2
1568790015	ID:34	RPL: Sending a multicast-DIO with rank 819
1571352161	ID:35	RPL: Sending a multicast-DIO with rank 631
1572200636	ID:32	RPL: Sending a multicast-DIO with rank 847
1573790015	ID:34	RPL: Sending a multicast-DIO with rank 819
1576352161	ID:35	RPL: Sending a multicast-DIO with rank 631
1577200636	ID:32	RPL: Sending a multicast-DIO with rank 847
1578790015	ID:34	RPL: Sending a multicast-DIO with rank 819
1581352161	ID:35	RPL: Sending a multicast-DIO with rank 631
1582200636	ID:32	RPL: Sending a multicast-DIO with rank 847
1583790015	ID:34	RPL: Sending a multicast-DIO with rank 819
1586352161	ID:35	RPL: Sending a multicast-DIO with rank 631
1587200636	ID:32	RPL: Sending a multicast-DIO with rank 847
1588790015	ID:34	RPL: Sending a multicast-DIO with rank 819
1591352161	ID:35	RPL: Sending a multicast-DIO with rank 631
1592200636	ID:32	RPL: Sending a multicast-DIO with rank 847
1593790015	ID:34	RPL: Sending a multicast-DIO with rank 819
1596352161	ID:35	RPL: Sending a multicast-DIO with rank 631
1597200636	ID:32	RPL: Sending a multicast-DIO with rank 847
1598790015	ID:34	RPL: Sending a multicast-DIO with rank 819
1601352168	ID:35	RPL: Sending a multicast-DIO with rank 631
1602200636	ID:32	RPL: Sending a multicast-DIO with rank 847
1603790015	ID:34	RPL: Sending a multicast-DIO with rank 819
1606352161	ID:35	RPL: Sending a multicast-DIO with rank 631
1607200636	ID:32	RPL: Sending a multicast-DIO with rank 847
1608790015	ID:34	RPL: Sending a multicast-DIO with rank 819
1611352161	ID:35	RPL: Sending a multicast-DIO with rank 631
1612200636	ID:32	RPL: Sending a multicast-DIO with rank 847
1613790015	ID:34	RPL: Sending a multicast-DIO with rank 819
1616352161	ID:35	RPL: Sending a multicast-DIO with rank 631
1617200636	ID:32	RPL: Sending a multicast-DIO with rank 847
1618790015	ID:34	RPL: Sending a multicast-DIO with rank 819
1621352161	ID:35	RPL: Sending a multicast-DIO with rank 631
1622200636	ID:32	RPL: Sending a multicast-DIO with rank 847
1622658817	ID:36	RPL: Sending a DIS to fe80::c30c:0:0:8
1623790015	ID:34	RPL: Sending a multicast-DIO with rank 819
1626352161	ID:35	RPL: Sending a multicast-DIO with rank 631
1627200636	ID:32	RPL: Sending a multicast-DIO with rank 847
1628563002	ID:33	RPL: Sending a DIS to fe80::c30c:0:0:2
1628790015	ID:34	RPL: Sending a multicast-DIO with rank 819
1631352161	ID:35	RPL: Sending a multicast-DIO with rank 631
1632200636	ID:32	RPL: Sending a multicast-DIO with rank 847
1633790015	ID:34	RPL: Sending a multicast-DIO with rank 819
1636352161	ID:35	RPL: Sending a multicast-DIO with rank 631
1637200636	ID:32	RPL: Sending a multicast-DIO with rank 847
1638790015	ID:34	RPL: Sending a multicast-DIO with rank 819
1641352161	ID:35	RPL: Sending a multicast-DIO with rank 631
1642200636	ID:32	RPL: Sending a multicast-DIO with rank 847
1643790015	ID:34	RPL: Sending a multicast-DIO with rank 819
1646352161	ID:35	RPL: Sending a multicast-DIO with rank 631
1647200636	ID:32	RPL: Sending a multicast-DIO with rank 847
1648790015	ID:34	RPL: Sending a multicast-DIO with rank 819
1651352161	ID:35	RPL: Sending a multicast-DIO with rank 631
1652200636	ID:32	RPL: Sending a multicast-DIO with rank 847
1653790015	ID:34	RPL: Sending a multicast-DIO with rank 819
1656352161	ID:35	RPL: Sending a multicast-DIO with rank 631
1657200636	ID:32	RPL: Sending a multicast-DIO with rank 847
1658790015	ID:34	RPL: Sending a multicast-DIO with rank 819
1661352161	ID:35	RPL: Sending a multicast-DIO with rank 631
1662200636	ID:32	RPL: Sending a multicast-DIO with rank 847
1663790015	ID:34	RPL: Sending a multicast-DIO with rank 819
1666352161	ID:35	RPL: Sending a multicast-DIO with rank 631
1667200636	ID:32	RPL: Sending a multicast-DIO with rank 847
1668790015	ID:34	RPL: Sending a multicast-DIO with rank 819
1671352161	ID:35	RPL: Sending a multicast-DIO with rank 631
1672200636	ID:32	RPL: Sending a multicast-DIO with rank 847
1673790015	ID:34	RPL: Sending a multicast-DIO with rank 819
1676352161	ID:35	RPL: Sending a multicast-DIO with rank 631
1677200636	ID:32	RPL: Sending a multicast-DIO with rank 847
1678790015	ID:34	RPL: Sending a multicast-DIO with rank 819
1681352161	ID:35	RPL: Sending a multicast-DIO with rank 631
1682200636	ID:32	RPL: Sending a multicast-DIO with rank 847
1682658817	ID:36	RPL: Sending a DIS to fe80::c30c:0:0:8
1683790015	ID:34	RPL: Sending a multicast-DIO with rank 819
1686352161	ID:35	RPL: Sending a multicast-DIO with rank 631
1687200636	ID:32	RPL: Sending a multicast-DIO with rank 847
1688563002	ID:33	RPL: Sending a DIS to fe80::c30c:0:0:2
1688790015	ID:34	RPL: Sending a multicast-DIO with rank 819
1691352161	ID:35	RPL: Sending a multicast-DIO with rank 631
1692200636	ID:32	RPL: Sending a multicast-DIO with rank 847
1693790015	ID:34	RPL: Sending a multicast-DIO with rank 819
1696352161	ID:35	RPL: Sending a multicast-DIO with rank 631
1697200636	ID:32	RPL: Sending a multicast-DIO with rank 847
1698790015	ID:34	RPL: Sending a multicast-DIO with rank 819
1701352161	ID:35	RPL: Sending a multicast-DIO with rank 631
1702200636	ID:32	RPL: Sending a multicast-DIO with rank 847
1703790015	ID:34	RPL: Sending a multicast-DIO with rank 819
1706352161	ID:35	RPL: Sending a multicast-DIO with rank 631
1707200636	ID:32	RPL: Sending a multicast-DIO with rank 847
1708790015	ID:34	RPL: Sending a multicast-DIO with rank 819
1711352161	ID:35	RPL: Sending a multicast-DIO with rank 631
1712200636	ID:32	RPL: Sending a multicast-DIO with rank 847
1713790015	ID:34	RPL: Sending a multicast-DIO with rank 819
1716352161	ID:35	RPL: Sending a multicast-DIO with rank 631
1717200636	ID:32	RPL: Sending a multicast-DIO with rank 847
1718790015	ID:34	RPL: Sending a multicast-DIO with rank 819
1721352161	ID:35	RPL: Sending a multicast-DIO with rank 631
1722200636	ID:32	RPL: Sending a multicast-DIO with rank 847
1723790015	ID:34	RPL: Sending a multicast-DIO with rank 819
1726352161	ID:35	RPL: Sending a multicast-DIO with rank 631
1727200636	ID:32	RPL: Sending a multicast-DIO with rank 847
1728790015	ID:34	RPL: Sending a multicast-DIO with rank 819
1731352161	ID:35	RPL: Sending a multicast-DIO with rank 631
1732200636	ID:32	RPL: Sending a multicast-DIO with rank 847
1733790015	ID:34	RPL: Sending a multicast-DIO with rank 819
1736352161	ID:35	RPL: Sending a multicast-DIO with rank 631
1737200636	ID:32	RPL: Sending a multicast-DIO with rank 847
1738790015	ID:34	RPL: Sending a multicast-DIO with rank 819
1741352161	ID:35	RPL: Sending a multicast-DIO with rank 631
1742200636	ID:32	RPL: Sending a multicast-DIO with rank 847
1742658817	ID:36	RPL: Sending a DIS to fe80::c30c:0:0:8
1743790015	ID:34	RPL: Sending a multicast-DIO with rank 819
1746352161	ID:35	RPL: Sending a multicast-DIO with rank 631
1747200636	ID:32	RPL: Sending a multicast-DIO with rank 847
1748563002	ID:33	RPL: Sending a DIS to fe80::c30c:0:0:2
1748790015	ID:34	RPL: Sending a multicast-DIO with rank 819
1751352161	ID:35	RPL: Sending a multicast-DIO with rank 631
1752200636	ID:32	RPL: Sending a multicast-DIO with rank 847
1753790015	ID:34	RPL: Sending a multicast-DIO with rank 819
1756352161	ID:35	RPL: Sending a multicast-DIO with rank 631
1757200636	ID:32	RPL: Sending a multicast-DIO with rank 847
1758790015	ID:34	RPL: Sending a multicast-DIO with rank 819
1761352161	ID:35	RPL: Sending a multicast-DIO with rank 631
1762200636	ID:32	RPL: Sending a multicast-DIO with rank 847
1763790015	ID:34	RPL: Sending a multicast-DIO with rank 819
1766352161	ID:35	RPL: Sending a multicast-DIO with rank 631
1767200636	ID:32	RPL: Sending a multicast-DIO with rank 847
1768790015	ID:34	RPL: Sending a multicast-DIO with rank 819
1771352161	ID:35	RPL: Sending a multicast-DIO with rank 631
1772200636	ID:32	RPL: Sending a multicast-DIO with rank 847
1773790022	ID:34	RPL: Sending a multicast-DIO with rank 819
1776352161	ID:35	RPL: Sending a multicast-DIO with rank 631
1777200636	ID:32	RPL: Sending a multicast-DIO with rank 847
1778790015	ID:34	RPL: Sending a multicast-DIO with rank 819
1781352161	ID:35	RPL: Sending a multicast-DIO with rank 631
1782200636	ID:32	RPL: Sending a multicast-DIO with rank 847
1783790015	ID:34	RPL: Sending a multicast-DIO with rank 819
1786352161	ID:35	RPL: Sending a multicast-DIO with rank 631
1787200636	ID:32	RPL: Sending a multicast-DIO with rank 847
1788790015	ID:34	RPL: Sending a multicast-DIO with rank 819
1791352161	ID:35	RPL: Sending a multicast-DIO with rank 631
1792200636	ID:32	RPL: Sending a multicast-DIO with rank 847
1793790015	ID:34	RPL: Sending a multicast-DIO with rank 819
1796352161	ID:35	RPL: Sending a multicast-DIO with rank 631
1797200636	ID:32	RPL: Sending a multicast-DIO with rank 847
1798790015	ID:34	RPL: Sending a multicast-DIO with rank 819
