30405964	ID:33	RPL: Sending a DIS to fe80::c30c:0:0:2
30470659	ID:32	RPL: Sending a DIS to fe80::c30c:0:0:3
30530517	ID:36	RPL: Sending a DIS to fe80::c30c:0:0:8
30578132	ID:34	RPL: Sending a DIS to fe80::c30c:0:0:6
30817333	ID:33	RPL: Received a DIO from fe80::c30c:0:0:2
30821107	ID:33	RPL: Incoming DIO (id, ver, rank) = (30,240,292)
30825606	ID:33	RPL: Incoming DIO (dag_id, pref) = (fd00::ff:fe00:1, 0)
30827849	ID:33	RPL: DIO option 4, length: 14
30833756	ID:33	RPL: DAG conf:dbl=8, min=12 red=6 maxinc=896 mininc=128 ocp=1 d_l=10 l_u=60
30836017	ID:33	RPL: DIO option 8, length: 30
30838285	ID:33	RPL: Copying prefix information
30845519	ID:33	RPL: Neighbor added to neighbor cache fe80::c30c:0:0:2, c1:0c:00:00:00:00:00:02
30917118	ID:35	RPL: Sending a DIS to fe80::c30c:0:0:7
31696611	ID:36	RPL: Received a DIO from fe80::c30c:0:0:8
31700386	ID:36	RPL: Incoming DIO (id, ver, rank) = (30,240,558)
31704923	ID:36	RPL: Incoming DIO (dag_id, pref) = (fd00::ff:fe00:1, 0)
31707148	ID:36	RPL: DIO option 4, length: 14
31713089	ID:36	RPL: DAG conf:dbl=8, min=12 red=6 maxinc=896 mininc=128 ocp=1 d_l=10 l_u=60
31715316	ID:36	RPL: DIO option 8, length: 30
31717584	ID:36	RPL: Copying prefix information
31725492	ID:36	RPL: Neighbor added to neighbor cache fe80::c30c:0:0:8, c1:0c:00:00:00:00:00:08
32758282	ID:32	RPL: Received a DIO from fe80::c30c:0:0:3
32762051	ID:32	RPL: Incoming DIO (id, ver, rank) = (30,240,512)
32766550	ID:32	RPL: Incoming DIO (dag_id, pref) = (fd00::ff:fe00:1, 0)
32768776	ID:32	RPL: DIO option 4, length: 14
32774694	ID:32	RPL: DAG conf:dbl=8, min=12 red=6 maxinc=896 mininc=128 ocp=1 d_l=10 l_u=60
32776920	ID:32	RPL: DIO option 8, length: 30
32779227	ID:32	RPL: Copying prefix information
32787679	ID:32	RPL: Neighbor added to neighbor cache fe80::c30c:0:0:3, c1:0c:00:00:00:00:00:03
33109459	ID:34	RPL: Received a DIO from fe80::c30c:0:0:6
33113228	ID:34	RPL: Incoming DIO (id, ver, rank) = (30,240,299)
33117765	ID:34	RPL: Incoming DIO (dag_id, pref) = (fd00::ff:fe00:1, 0)
33119991	ID:34	RPL: DIO option 4, length: 14
33125941	ID:34	RPL: DAG conf:dbl=8, min=12 red=6 maxinc=896 mininc=128 ocp=1 d_l=10 l_u=60
33128167	ID:34	RPL: DIO option 8, length: 30
33130436	ID:34	RPL: Copying prefix information
33139315	ID:34	RPL: Neighbor added to neighbor cache fe80::c30c:0:0:6, c1:0c:00:00:00:00:00:06
35847078	ID:33	RPL: Sending a multicast-DIO with rank 292
36732319	ID:36	RPL: Sending a multicast-DIO with rank 558
37789648	ID:32	RPL: Sending a multicast-DIO with rank 512
38144927	ID:34	RPL: Sending a multicast-DIO with rank 299
40847056	ID:33	RPL: Sending a multicast-DIO with rank 292
41732298	ID:36	RPL: Sending a multicast-DIO with rank 558
42789627	ID:32	RPL: Sending a multicast-DIO with rank 512
43144906	ID:34	RPL: Sending a multicast-DIO with rank 299
45847057	ID:33	RPL: Sending a multicast-DIO with rank 292
46732298	ID:36	RPL: Sending a multicast-DIO with rank 558
47789627	ID:32	RPL: Sending a multicast-DIO with rank 512
48144906	ID:34	RPL: Sending a multicast-DIO with rank 299
50847056	ID:33	RPL: Sending a multicast-DIO with rank 292
51732298	ID:36	RPL: Sending a multicast-DIO with rank 558
52789627	ID:32	RPL: Sending a multicast-DIO with rank 512
53144906	ID:34	RPL: Sending a multicast-DIO with rank 299
55847057	ID:33	RPL: Sending a multicast-DIO with rank 292
56732298	ID:36	RPL: Sending a multicast-DIO with rank 558
57789627	ID:32	RPL: Sending a multicast-DIO with rank 512
58144906	ID:34	RPL: Sending a multicast-DIO with rank 299
60847057	ID:33	RPL: Sending a multicast-DIO with rank 292
61732298	ID:36	RPL: Sending a multicast-DIO with rank 558
62699218	ID:35	RPL: Sending a DIS to fe80::c30c:0:0:7
62789627	ID:32	RPL: Sending a multicast-DIO with rank 512
63144906	ID:34	RPL: Sending a multicast-DIO with rank 299
65847056	ID:33	RPL: Sending a multicast-DIO with rank 292
66732298	ID:36	RPL: Sending a multicast-DIO with rank 558
67789627	ID:32	RPL: Sending a multicast-DIO with rank 512
68144906	ID:34	RPL: Sending a multicast-DIO with rank 299
70847056	ID:33	RPL: Sending a multicast-DIO with rank 292
71732298	ID:36	RPL: Sending a multicast-DIO with rank 558
72789627	ID:32	RPL: Sending a multicast-DIO with rank 512
73144906	ID:34	RPL: Sending a multicast-DIO with rank 299
75847056	ID:33	RPL: Sending a multicast-DIO with rank 292
76732298	ID:36	RPL: Sending a multicast-DIO with rank 558
77789627	ID:32	RPL: Sending a multicast-DIO with rank 512
78144906	ID:34	RPL: Sending a multicast-DIO with rank 299
80847056	ID:33	RPL: Sending a multicast-DIO with rank 292
81732298	ID:36	RPL: Sending a multicast-DIO with rank 558
82789627	ID:32	RPL: Sending a multicast-DIO with rank 512
83144906	ID:34	RPL: Sending a multicast-DIO with rank 299
85847056	ID:33	RPL: Sending a multicast-DIO with rank 292
86732298	ID:36	RPL: Sending a multicast-DIO with rank 558
87789627	ID:32	RPL: Sending a multicast-DIO with rank 512
88144906	ID:34	RPL: Sending a multicast-DIO with rank 299
90847044	ID:33	RPL: Sending a multicast-DIO with rank 292
91732285	ID:36	RPL: Sending a multicast-DIO with rank 558
92789614	ID:32	RPL: Sending a multicast-DIO with rank 512
93144893	ID:34	RPL: Sending a multicast-DIO with rank 299
95847044	ID:33	RPL: Sending a multicast-DIO with rank 292
96732285	ID:36	RPL: Sending a multicast-DIO with rank 558
97789614	ID:32	RPL: Sending a multicast-DIO with rank 512
98144893	ID:34	RPL: Sending a multicast-DIO with rank 299
100847044	ID:33	RPL: Sending a multicast-DIO with rank 292
101732285	ID:36	RPL: Sending a multicast-DIO with rank 558
102789614	ID:32	RPL: Sending a multicast-DIO with rank 512
103144893	ID:34	RPL: Sending a multicast-DIO with rank 299
105847044	ID:33	RPL: Sending a multicast-DIO with rank 292
106732285	ID:36	RPL: Sending a multicast-DIO with rank 558
107789614	ID:32	RPL: Sending a multicast-DIO with rank 512
108144893	ID:34	RPL: Sending a multicast-DIO with rank 299
110847044	ID:33	RPL: Sending a multicast-DIO with rank 292
111732285	ID:36	RPL: Sending a multicast-DIO with rank 558
112789614	ID:32	RPL: Sending a multicast-DIO with rank 512
113144893	ID:34	RPL: Sending a multicast-DIO with rank 299
115847044	ID:33	RPL: Sending a multicast-DIO with rank 292
116732285	ID:36	RPL: Sending a multicast-DIO with rank 558
117789614	ID:32	RPL: Sending a multicast-DIO with rank 512
118144893	ID:34	RPL: Sending a multicast-DIO with rank 299
120847044	ID:33	RPL: Sending a multicast-DIO with rank 292
121732285	ID:36	RPL: Sending a multicast-DIO with rank 558
122699205	ID:35	RPL: Sending a DIS to fe80::c30c:0:0:7
122789614	ID:32	RPL: Sending a multicast-DIO with rank 512
123144893	ID:34	RPL: Sending a multicast-DIO with rank 299
125847044	ID:33	RPL: Sending a multicast-DIO with rank 292
126732285	ID:36	RPL: Sending a multicast-DIO with rank 558
127789614	ID:32	RPL: Sending a multicast-DIO with rank 512
128144893	ID:34	RPL: Sending a multicast-DIO with rank 299
130847044	ID:33	RPL: Sending a multicast-DIO with rank 292
131732285	ID:36	RPL: Sending a multicast-DIO with rank 558
132789614	ID:32	RPL: Sending a multicast-DIO with rank 512
133144893	ID:34	RPL: Sending a multicast-DIO with rank 299
135847044	ID:33	RPL: Sending a multicast-DIO with rank 292
136732285	ID:36	RPL: Sending a multicast-DIO with rank 558
137789614	ID:32	RPL: Sending a multicast-DIO with rank 512
138144893	ID:34	RPL: Sending a multicast-DIO with rank 299
140847044	ID:33	RPL: Sending a multicast-DIO with rank 292
141732285	ID:36	RPL: Sending a multicast-DIO with rank 558
142789614	ID:32	RPL: Sending a multicast-DIO with rank 512
143144893	ID:34	RPL: Sending a multicast-DIO with rank 299
145847044	ID:33	RPL: Sending a multicast-DIO with rank 292
146732285	ID:36	RPL: Sending a multicast-DIO with rank 558
147789614	ID:32	RPL: Sending a multicast-DIO with rank 512
148144893	ID:34	RPL: Sending a multicast-DIO with rank 299
150847044	ID:33	RPL: Sending a multicast-DIO with rank 292
151732285	ID:36	RPL: Sending a multicast-DIO with rank 558
152789614	ID:32	RPL: Sending a multicast-DIO with rank 512
153144893	ID:34	RPL: Sending a multicast-DIO with rank 299
155847044	ID:33	RPL: Sending a multicast-DIO with rank 292
156732285	ID:36	RPL: Sending a multicast-DIO with rank 558
157789614	ID:32	RPL: Sending a multicast-DIO with rank 512
158144893	ID:34	RPL: Sending a multicast-DIO with rank 299
160847044	ID:33	RPL: Sending a multicast-DIO with rank 292
161732285	ID:36	RPL: Sending a multicast-DIO with rank 558
162789614	ID:32	RPL: Sending a multicast-DIO with rank 512
163144893	ID:34	RPL: Sending a multicast-DIO with rank 299
165847044	ID:33	RPL: Sending a multicast-DIO with rank 292
166732285	ID:36	RPL: Sending a multicast-DIO with rank 558
167789614	ID:32	RPL: Sending a multicast-DIO with rank 512
168144893	ID:34	RPL: Sending a multicast-DIO with rank 299
170847044	ID:33	RPL: Sending a multicast-DIO with rank 292
171732285	ID:36	RPL: Sending a multicast-DIO with rank 558
172789614	ID:32	RPL: Sending a multicast-DIO with rank 512
173144893	ID:34	RPL: Sending a multicast-DIO with rank 299
175847044	ID:33	RPL: Sending a multicast-DIO with rank 292
176732285	ID:36	RPL: Sending a multicast-DIO with rank 558
177789614	ID:32	RPL: Sending a multicast-DIO with rank 512
178144893	ID:34	RPL: Sending a multicast-DIO with rank 299
180847044	ID:33	RPL: Sending a multicast-DIO with rank 292
181732285	ID:36	RPL: Sending a multicast-DIO with rank 558
182699205	ID:35	RPL: Sending a DIS to fe80::c30c:0:0:7
182789614	ID:32	RPL: Sending a multicast-DIO with rank 512
183144893	ID:34	RPL: Sending a multicast-DIO with rank 299
185847044	ID:33	RPL: Sending a multicast-DIO with rank 292
186732285	ID:36	RPL: Sending a multicast-DIO with rank 558
187789614	ID:32	RPL: Sending a multicast-DIO with rank 512
188144893	ID:34	RPL: Sending a multicast-DIO with rank 299
190847044	ID:33	RPL: Sending a multicast-DIO with rank 292
191732285	ID:36	RPL: Sending a multicast-DIO with rank 558
192789614	ID:32	RPL: Sending a multicast-DIO with rank 512
193144893	ID:34	RPL: Sending a multicast-DIO with rank 299
195847044	ID:33	RPL: Sending a multicast-DIO with rank 292
196732285	ID:36	RPL: Sending a multicast-DIO with rank 558
197789614	ID:32	RPL: Sending a multicast-DIO with rank 512
198144893	ID:34	RPL: Sending a multicast-DIO with rank 299
200847044	ID:33	RPL: Sending a multicast-DIO with rank 292
201732285	ID:36	RPL: Sending a multicast-DIO with rank 558
202789614	ID:32	RPL: Sending a multicast-DIO with rank 512
203144893	ID:34	RPL: Sending a multicast-DIO with rank 299
205847044	ID:33	RPL: Sending a multicast-DIO with rank 292
206732285	ID:36	RPL: Sending a multicast-DIO with rank 558
207789614	ID:32	RPL: Sending a multicast-DIO with rank 512
208144893	ID:34	RPL: Sending a multicast-DIO with rank 299
210847044	ID:33	RPL: Sending a multicast-DIO with rank 292
211732285	ID:36	RPL: Sending a multicast-DIO with rank 558
212789614	ID:32	RPL: Sending a multicast-DIO with rank 512
213144893	ID:34	RPL: Sending a multicast-DIO with rank 299
215847044	ID:33	RPL: Sending a multicast-DIO with rank 292
216732285	ID:36	RPL: Sending a multicast-DIO with rank 558
217789614	ID:32	RPL: Sending a multicast-DIO with rank 512
218144893	ID:34	RPL: Sending a multicast-DIO with rank 299
220847044	ID:33	RPL: Sending a multicast-DIO with rank 292
221732285	ID:36	RPL: Sending a multicast-DIO with rank 558
222789614	ID:32	RPL: Sending a multicast-DIO with rank 512
223144893	ID:34	RPL: Sending a multicast-DIO with rank 299
225847044	ID:33	RPL: Sending a multicast-DIO with rank 292
226732285	ID:36	RPL: Sending a multicast-DIO with rank 558
227789614	ID:32	RPL: Sending a multicast-DIO with rank 512
228144893	ID:34	RPL: Sending a multicast-DIO with rank 299
230847044	ID:33	RPL: Sending a multicast-DIO with rank 292
231732285	ID:36	RPL: Sending a multicast-DIO with rank 558
232789614	ID:32	RPL: Sending a multicast-DIO with rank 512
233144893	ID:34	RPL: Sending a multicast-DIO with rank 299
235847044	ID:33	RPL: Sending a multicast-DIO with rank 292
236732285	ID:36	RPL: Sending a multicast-DIO with rank 558
237789614	ID:32	RPL: Sending a multicast-DIO with rank 512
238144893	ID:34	RPL: Sending a multicast-DIO with rank 299
240847044	ID:33	RPL: Sending a multicast-DIO with rank 292
241732285	ID:36	RPL: Sending a multicast-DIO with rank 558
242699205	ID:35	RPL: Sending a DIS to fe80::c30c:0:0:7
242789614	ID:32	RPL: Sending a multicast-DIO with rank 512
243144893	ID:34	RPL: Sending a multicast-DIO with rank 299
245847044	ID:33	RPL: Sending a multicast-DIO with rank 292
246732285	ID:36	RPL: Sending a multicast-DIO with rank 558
247789614	ID:32	RPL: Sending a multicast-DIO with rank 512
248144893	ID:34	RPL: Sending a multicast-DIO with rank 299
250847044	ID:33	RPL: Sending a multicast-DIO with rank 292
251732285	ID:36	RPL: Sending a multicast-DIO with rank 558
252789614	ID:32	RPL: Sending a multicast-DIO with rank 512
253144893	ID:34	RPL: Sending a multicast-DIO with rank 299
255847044	ID:33	RPL: Sending a multicast-DIO with rank 292
256732285	ID:36	RPL: Sending a multicast-DIO with rank 558
257789614	ID:32	RPL: Sending a multicast-DIO with rank 512
258144893	ID:34	RPL: Sending a multicast-DIO with rank 299
260847044	ID:33	RPL: Sending a multicast-DIO with rank 292
261732285	ID:36	RPL: Sending a multicast-DIO with rank 558
262789614	ID:32	RPL: Sending a multicast-DIO with rank 512
263144893	ID:34	RPL: Sending a multicast-DIO with rank 299
265847044	ID:33	RPL: Sending a multicast-DIO with rank 292
266732285	ID:36	RPL: Sending a multicast-DIO with rank 558
267789614	ID:32	RPL: Sending a multicast-DIO with rank 512
268144893	ID:34	RPL: Sending a multicast-DIO with rank 299
270847044	ID:33	RPL: Sending a multicast-DIO with rank 292
271732285	ID:36	RPL: Sending a multicast-DIO with rank 558
272789614	ID:32	RPL: Sending a multicast-DIO with rank 512
273144893	ID:34	RPL: Sending a multicast-DIO with rank 299
275847044	ID:33	RPL: Sending a multicast-DIO with rank 292
276732285	ID:36	RPL: Sending a multicast-DIO with rank 558
277789614	ID:32	RPL: Sending a multicast-DIO with rank 512
278144893	ID:34	RPL: Sending a multicast-DIO with rank 299
280847044	ID:33	RPL: Sending a multicast-DIO with rank 292
281732285	ID:36	RPL: Sending a multicast-DIO with rank 558
282789614	ID:32	RPL: Sending a multicast-DIO with rank 512
283144893	ID:34	RPL: Sending a multicast-DIO with rank 299
285847044	ID:33	RPL: Sending a multicast-DIO with rank 292
286732285	ID:36	RPL: Sending a multicast-DIO with rank 558
287789614	ID:32	RPL: Sending a multicast-DIO with rank 512
288144893	ID:34	RPL: Sending a multicast-DIO with rank 299
290847044	ID:33	RPL: Sending a multicast-DIO with rank 292
291732285	ID:36	RPL: Sending a multicast-DIO with rank 558
292789614	ID:32	RPL: Sending a multicast-DIO with rank 512
293144893	ID:34	RPL: Sending a multicast-DIO with rank 299
295847044	ID:33	RPL: Sending a multicast-DIO with rank 292
296732285	ID:36	RPL: Sending a multicast-DIO with rank 558
297789614	ID:32	RPL: Sending a multicast-DIO with rank 512
298144893	ID:34	RPL: Sending a multicast-DIO with rank 299
300847044	ID:33	RPL: Sending a multicast-DIO with rank 292
301732285	ID:36	RPL: Sending a multicast-DIO with rank 558
302699205	ID:35	RPL: Sending a DIS to fe80::c30c:0:0:7
302789614	ID:32	RPL: Sending a multicast-DIO with rank 512
303144893	ID:34	RPL: Sending a multicast-DIO with rank 299
305847044	ID:33	RPL: Sending a multicast-DIO with rank 292
306732285	ID:36	RPL: Sending a multicast-DIO with rank 558
307789614	ID:32	RPL: Sending a multicast-DIO with rank 512
308144893	ID:34	RPL: Sending a multicast-DIO with rank 299
310847044	ID:33	RPL: Sending a multicast-DIO with rank 292
311732285	ID:36	RPL: Sending a multicast-DIO with rank 558
312789614	ID:32	RPL: Sending a multicast-DIO with rank 512
313144893	ID:34	RPL: Sending a multicast-DIO with rank 299
315847044	ID:33	RPL: Sending a multicast-DIO with rank 292
316732285	ID:36	RPL: Sending a multicast-DIO with rank 558
317789614	ID:32	RPL: Sending a multicast-DIO with rank 512
318144893	ID:34	RPL: Sending a multicast-DIO with rank 299
320847044	ID:33	RPL: Sending a multicast-DIO with rank 292
321732285	ID:36	RPL: Sending a multicast-DIO with rank 558
322789614	ID:32	RPL: Sending a multicast-DIO with rank 512
323144893	ID:34	RPL: Sending a multicast-DIO with rank 299
325847044	ID:33	RPL: Sending a multicast-DIO with rank 292
326732285	ID:36	RPL: Sending a multicast-DIO with rank 558
327789614	ID:32	RPL: Sending a multicast-DIO with rank 512
328144893	ID:34	RPL: Sending a multicast-DIO with rank 299
330847044	ID:33	RPL: Sending a multicast-DIO with rank 292
331732285	ID:36	RPL: Sending a multicast-DIO with rank 558
332789614	ID:32	RPL: Sending a multicast-DIO with rank 512
333144893	ID:34	RPL: Sending a multicast-DIO with rank 299
335847044	ID:33	RPL: Sending a multicast-DIO with rank 292
336732285	ID:36	RPL: Sending a multicast-DIO with rank 558
337789614	ID:32	RPL: Sending a multicast-DIO with rank 512
338144893	ID:34	RPL: Sending a multicast-DIO with rank 299
340847044	ID:33	RPL: Sending a multicast-DIO with rank 292
341732285	ID:36	RPL: Sending a multicast-DIO with rank 558
342789614	ID:32	RPL: Sending a multicast-DIO with rank 512
343144893	ID:34	RPL: Sending a multicast-DIO with rank 299
345847050	ID:33	RPL: Sending a multicast-DIO with rank 292
346732285	ID:36	RPL: Sending a multicast-DIO with rank 558
347789614	ID:32	RPL: Sending a multicast-DIO with rank 512
348144893	ID:34	RPL: Sending a multicast-DIO with rank 299
350847044	ID:33	RPL: Sending a multicast-DIO with rank 292
351732285	ID:36	RPL: Sending a multicast-DIO with rank 558
352789621	ID:32	RPL: Sending a multicast-DIO with rank 512
353144893	ID:34	RPL: Sending a multicast-DIO with rank 299
355847044	ID:33	RPL: Sending a multicast-DIO with rank 292
356732285	ID:36	RPL: Sending a multicast-DIO with rank 558
357789614	ID:32	RPL: Sending a multicast-DIO with rank 512
358144893	ID:34	RPL: Sending a multicast-DIO with rank 299
360847044	ID:33	RPL: Sending a multicast-DIO with rank 292
361732285	ID:36	RPL: Sending a multicast-DIO with rank 558
362699205	ID:35	RPL: Sending a DIS to fe80::c30c:0:0:7
362789614	ID:32	RPL: Sending a multicast-DIO with rank 512
363144893	ID:34	RPL: Sending a multicast-DIO with rank 299
365847044	ID:33	RPL: Sending a multicast-DIO with rank 292
366732285	ID:36	RPL: Sending a multicast-DIO with rank 558
367789614	ID:32	RPL: Sending a multicast-DIO with rank 512
368144893	ID:34	RPL: Sending a multicast-DIO with rank 299
370847044	ID:33	RPL: Sending a multicast-DIO with rank 292
371732285	ID:36	RPL: Sending a multicast-DIO with rank 558
372789614	ID:32	RPL: Sending a multicast-DIO with rank 512
373144893	ID:34	RPL: Sending a multicast-DIO with rank 299
375847044	ID:33	RPL: Sending a multicast-DIO with rank 292
376732285	ID:36	RPL: Sending a multicast-DIO with rank 558
377789614	ID:32	RPL: Sending a multicast-DIO with rank 512
378144893	ID:34	RPL: Sending a multicast-DIO with rank 299
380847044	ID:33	RPL: Sending a multicast-DIO with rank 292
381732285	ID:36	RPL: Sending a multicast-DIO with rank 558
382789614	ID:32	RPL: Sending a multicast-DIO with rank 512
383144893	ID:34	RPL: Sending a multicast-DIO with rank 299
385847044	ID:33	RPL: Sending a multicast-DIO with rank 292
386732285	ID:36	RPL: Sending a multicast-DIO with rank 558
387789614	ID:32	RPL: Sending a multicast-DIO with rank 512
388144893	ID:34	RPL: Sending a multicast-DIO with rank 299
390847044	ID:33	RPL: Sending a multicast-DIO with rank 292
391732285	ID:36	RPL: Sending a multicast-DIO with rank 558
392789614	ID:32	RPL: Sending a multicast-DIO with rank 512
393144893	ID:34	RPL: Sending a multicast-DIO with rank 299
395847044	ID:33	RPL: Sending a multicast-DIO with rank 292
396732285	ID:36	RPL: Sending a multicast-DIO with rank 558
397789614	ID:32	RPL: Sending a multicast-DIO with rank 512
398144893	ID:34	RPL: Sending a multicast-DIO with rank 299
400847044	ID:33	RPL: Sending a multicast-DIO with rank 292
401732285	ID:36	RPL: Sending a multicast-DIO with rank 558
402789614	ID:32	RPL: Sending a multicast-DIO with rank 512
403144893	ID:34	RPL: Sending a multicast-DIO with rank 299
405847044	ID:33	RPL: Sending a multicast-DIO with rank 292
406732285	ID:36	RPL: Sending a multicast-DIO with rank 558
407789614	ID:32	RPL: Sending a multicast-DIO with rank 512
408144893	ID:34	RPL: Sending a multicast-DIO with rank 299
410847044	ID:33	RPL: Sending a multicast-DIO with rank 292
411732285	ID:36	RPL: Sending a multicast-DIO with rank 558
412789614	ID:32	RPL: Sending a multicast-DIO with rank 512
413144893	ID:34	RPL: Sending a multicast-DIO with rank 299
415847044	ID:33	RPL: Sending a multicast-DIO with rank 292
416732292	ID:36	RPL: Sending a multicast-DIO with rank 558
417789614	ID:32	RPL: Sending a multicast-DIO with rank 512
418144893	ID:34	RPL: Sending a multicast-DIO with rank 299
420847044	ID:33	RPL: Sending a multicast-DIO with rank 292
421732285	ID:36	RPL: Sending a multicast-DIO with rank 558
422699205	ID:35	RPL: Sending a DIS to fe80::c30c:0:0:7
422789614	ID:32	RPL: Sending a multicast-DIO with rank 512
423144893	ID:34	RPL: Sending a multicast-DIO with rank 299
425847044	ID:33	RPL: Sending a multicast-DIO with rank 292
426732285	ID:36	RPL: Sending a multicast-DIO with rank 558
427789614	ID:32	RPL: Sending a multicast-DIO with rank 512
428144900	ID:34	RPL: Sending a multicast-DIO with rank 299
430847044	ID:33	RPL: Sending a multicast-DIO with rank 292
431732285	ID:36	RPL: Sending a multicast-DIO with rank 558
432789614	ID:32	RPL: Sending a multicast-DIO with rank 512
433144893	ID:34	RPL: Sending a multicast-DIO with rank 299
435847044	ID:33	RPL: Sending a multicast-DIO with rank 292
436732285	ID:36	RPL: Sending a multicast-DIO with rank 558
437789614	ID:32	RPL: Sending a multicast-DIO with rank 512
438144893	ID:34	RPL: Sending a multicast-DIO with rank 299
440847044	ID:33	RPL: Sending a multicast-DIO with rank 292
441732285	ID:36	RPL: Sending a multicast-DIO with rank 558
442789614	ID:32	RPL: Sending a multicast-DIO with rank 512
443144893	ID:34	RPL: Sending a multicast-DIO with rank 299
445847044	ID:33	RPL: Sending a multicast-DIO with rank 292
446732285	ID:36	RPL: Sending a multicast-DIO with rank 558
447789614	ID:32	RPL: Sending a multicast-DIO with rank 512
448144893	ID:34	RPL: Sending a multicast-DIO with rank 299
450847044	ID:33	RPL: Sending a multicast-DIO with rank 292
451732285	ID:36	RPL: Sending a multicast-DIO with rank 558
452789614	ID:32	RPL: Sending a multicast-DIO with rank 512
453144893	ID:34	RPL: Sending a multicast-DIO with rank 299
455847044	ID:33	RPL: Sending a multicast-DIO with rank 292
456732285	ID:36	RPL: Sending a multicast-DIO with rank 558
457789614	ID:32	RPL: Sending a multicast-DIO with rank 512
458144893	ID:34	RPL: Sending a multicast-DIO with rank 299
460847044	ID:33	RPL: Sending a multicast-DIO with rank 292
461732285	ID:36	RPL: Sending a multicast-DIO with rank 558
462789614	ID:32	RPL: Sending a multicast-DIO with rank 512
463144893	ID:34	RPL: Sending a multicast-DIO with rank 299
465847044	ID:33	RPL: Sending a multicast-DIO with rank 292
466732285	ID:36	RPL: Sending a multicast-DIO with rank 558
467789614	ID:32	RPL: Sending a multicast-DIO with rank 512
468144893	ID:34	RPL: Sending a multicast-DIO with rank 299
470847044	ID:33	RPL: Sending a multicast-DIO with rank 292
471732285	ID:36	RPL: Sending a multicast-DIO with rank 558
472789614	ID:32	RPL: Sending a multicast-DIO with rank 512
473144893	ID:34	RPL: Sending a multicast-DIO with rank 299
475847044	ID:33	RPL: Sending a multicast-DIO with rank 292
476732285	ID:36	RPL: Sending a multicast-DIO with rank 558
477789614	ID:32	RPL: Sending a multicast-DIO with rank 512
478144893	ID:34	RPL: Sending a multicast-DIO with rank 299
480847044	ID:33	RPL: Sending a multicast-DIO with rank 292
481732285	ID:36	RPL: Sending a multicast-DIO with rank 558
482699205	ID:35	RPL: Sending a DIS to fe80::c30c:0:0:7
482789614	ID:32	RPL: Sending a multicast-DIO with rank 512
483144893	ID:34	RPL: Sending a multicast-DIO with rank 299
485847044	ID:33	RPL: Sending a multicast-DIO with rank 292
486732285	ID:36	RPL: Sending a multicast-DIO with rank 558
487789614	ID:32	RPL: Sending a multicast-DIO with rank 512
488144893	ID:34	RPL: Sending a multicast-DIO with rank 299
490847044	ID:33	RPL: Sending a multicast-DIO with rank 292
491732285	ID:36	RPL: Sending a multicast-DIO with rank 558
492789614	ID:32	RPL: Sending a multicast-DIO with rank 512
493144893	ID:34	RPL: Sending a multicast-DIO with rank 299
495847044	ID:33	RPL: Sending a multicast-DIO with rank 292
496732285	ID:36	RPL: Sending a multicast-DIO with rank 558
497789614	ID:32	RPL: Sending a multicast-DIO with rank 512
498144893	ID:34	RPL: Sending a multicast-DIO with rank 299
500847044	ID:33	RPL: Sending a multicast-DIO with rank 292
501732285	ID:36	RPL: Sending a multicast-DIO with rank 558
502789614	ID:32	RPL: Sending a multicast-DIO with rank 512
503144893	ID:34	RPL: Sending a multicast-DIO with rank 299
505847044	ID:33	RPL: Sending a multicast-DIO with rank 292
506732285	ID:36	RPL: Sending a multicast-DIO with rank 558
507789614	ID:32	RPL: Sending a multicast-DIO with rank 512
508144893	ID:34	RPL: Sending a multicast-DIO with rank 299
510847044	ID:33	RPL: Sending a multicast-DIO with rank 292
511732285	ID:36	RPL: Sending a multicast-DIO with rank 558
512789614	ID:32	RPL: Sending a multicast-DIO with rank 512
513144893	ID:34	RPL: Sending a multicast-DIO with rank 299
515847044	ID:33	RPL: Sending a multicast-DIO with rank 292
516732285	ID:36	RPL: Sending a multicast-DIO with rank 558
517789614	ID:32	RPL: Sending a multicast-DIO with rank 512
518144893	ID:34	RPL: Sending a multicast-DIO with rank 299
520847044	ID:33	RPL: Sending a multicast-DIO with rank 292
521732285	ID:36	RPL: Sending a multicast-DIO with rank 558
522789614	ID:32	RPL: Sending a multicast-DIO with rank 512
523144893	ID:34	RPL: Sending a multicast-DIO with rank 299
525847044	ID:33	RPL: Sending a multicast-DIO with rank 292
526732285	ID:36	RPL: Sending a multicast-DIO with rank 558
527789614	ID:32	RPL: Sending a multicast-DIO with rank 512
528144893	ID:34	RPL: Sending a multicast-DIO with rank 299
530847044	ID:33	RPL: Sending a multicast-DIO with rank 292
531732285	ID:36	RPL: Sending a multicast-DIO with rank 558
532789614	ID:32	RPL: Sending a multicast-DIO with rank 512
533144893	ID:34	RPL: Sending a multicast-DIO with rank 299
535847044	ID:33	RPL: Sending a multicast-DIO with rank 292
536732285	ID:36	RPL: Sending a multicast-DIO with rank 558
537789614	ID:32	RPL: Sending a multicast-DIO with rank 512
538144893	ID:34	RPL: Sending a multicast-DIO with rank 299
540847044	ID:33	RPL: Sending a multicast-DIO with rank 292
541732285	ID:36	RPL: Sending a multicast-DIO with rank 558
542699205	ID:35	RPL: Sending a DIS to fe80::c30c:0:0:7
542789614	ID:32	RPL: Sending a multicast-DIO with rank 512
543144893	ID:34	RPL: Sending a multicast-DIO with rank 299
545847044	ID:33	RPL: Sending a multicast-DIO with rank 292
546732285	ID:36	RPL: Sending a multicast-DIO with rank 558
547789614	ID:32	RPL: Sending a multicast-DIO with rank 512
548144893	ID:34	RPL: Sending a multicast-DIO with rank 299
550847044	ID:33	RPL: Sending a multicast-DIO with rank 292
551732285	ID:36	RPL: Sending a multicast-DIO with rank 558
552789614	ID:32	RPL: Sending a multicast-DIO with rank 512
553144893	ID:34	RPL: Sending a multicast-DIO with rank 299
555847044	ID:33	RPL: Sending a multicast-DIO with rank 292
556732285	ID:36	RPL: Sending a multicast-DIO with rank 558
557789614	ID:32	RPL: Sending a multicast-DIO with rank 512
558144893	ID:34	RPL: Sending a multicast-DIO with rank 299
560847044	ID:33	RPL: Sending a multicast-DIO with rank 292
561732285	ID:36	RPL: Sending a multicast-DIO with rank 558
562789614	ID:32	RPL: Sending a multicast-DIO with rank 512
563144893	ID:34	RPL: Sending a multicast-DIO with rank 299
565847044	ID:33	RPL: Sending a multicast-DIO with rank 292
566732285	ID:36	RPL: Sending a multicast-DIO with rank 558
567789614	ID:32	RPL: Sending a multicast-DIO with rank 512
568144893	ID:34	RPL: Sending a multicast-DIO with rank 299
570847044	ID:33	RPL: Sending a multicast-DIO with rank 292
571732285	ID:36	RPL: Sending a multicast-DIO with rank 558
572789614	ID:32	RPL: Sending a multicast-DIO with rank 512
573144893	ID:34	RPL: Sending a multicast-DIO with rank 299
575847044	ID:33	RPL: Sending a multicast-DIO with rank 292
576732285	ID:36	RPL: Sending a multicast-DIO with rank 558
577789614	ID:32	RPL: Sending a multicast-DIO with rank 512
578144893	ID:34	RPL: Sending a multicast-DIO with rank 299
580847044	ID:33	RPL: Sending a multicast-DIO with rank 292
581732285	ID:36	RPL: Sending a multicast-DIO with rank 558
582789614	ID:32	RPL: Sending a multicast-DIO with rank 512
583144893	ID:34	RPL: Sending a multicast-DIO with rank 299
585847044	ID:33	RPL: Sending a multicast-DIO with rank 292
586732285	ID:36	RPL: Sending a multicast-DIO with rank 558
587789614	ID:32	RPL: Sending a multicast-DIO with rank 512
588144893	ID:34	RPL: Sending a multicast-DIO with rank 299
590847044	ID:33	RPL: Sending a multicast-DIO with rank 292
591732285	ID:36	RPL: Sending a multicast-DIO with rank 558
592789614	ID:32	RPL: Sending a multicast-DIO with rank 512
593144893	ID:34	RPL: Sending a multicast-DIO with rank 299
595847044	ID:33	RPL: Sending a multicast-DIO with rank 292
596732285	ID:36	RPL: Sending a multicast-DIO with rank 558
597789614	ID:32	RPL: Sending a multicast-DIO with rank 512
598144893	ID:34	RPL: Sending a multicast-DIO with rank 299
600847044	ID:33	RPL: Sending a multicast-DIO with rank 292
601732285	ID:36	RPL: Sending a multicast-DIO with rank 558
602699205	ID:35	RPL: Sending a DIS to fe80::c30c:0:0:7
602789614	ID:32	RPL: Sending a multicast-DIO with rank 512
603144893	ID:34	RPL: Sending a multicast-DIO with rank 299
605847044	ID:33	RPL: Sending a multicast-DIO with rank 292
606732285	ID:36	RPL: Sending a multicast-DIO with rank 558
607789614	ID:32	RPL: Sending a multicast-DIO with rank 512
608144893	ID:34	RPL: Sending a multicast-DIO with rank 299
610847044	ID:33	RPL: Sending a multicast-DIO with rank 292
611732285	ID:36	RPL: Sending a multicast-DIO with rank 558
612789614	ID:32	RPL: Sending a multicast-DIO with rank 512
613144893	ID:34	RPL: Sending a multicast-DIO with rank 299
615847044	ID:33	RPL: Sending a multicast-DIO with rank 292
616732285	ID:36	RPL: Sending a multicast-DIO with rank 558
617789614	ID:32	RPL: Sending a multicast-DIO with rank 512
618144893	ID:34	RPL: Sending a multicast-DIO with rank 299
620847044	ID:33	RPL: Sending a multicast-DIO with rank 292
621732285	ID:36	RPL: Sending a multicast-DIO with rank 558
622789614	ID:32	RPL: Sending a multicast-DIO with rank 512
623144893	ID:34	RPL: Sending a multicast-DIO with rank 299
625847044	ID:33	RPL: Sending a multicast-DIO with rank 292
626732285	ID:36	RPL: Sending a multicast-DIO with rank 558
627789614	ID:32	RPL: Sending a multicast-DIO with rank 512
628144893	ID:34	RPL: Sending a multicast-DIO with rank 299
630847044	ID:33	RPL: Sending a multicast-DIO with rank 292
631732285	ID:36	RPL: Sending a multicast-DIO with rank 558
632789614	ID:32	RPL: Sending a multicast-DIO with rank 512
633144893	ID:34	RPL: Sending a multicast-DIO with rank 299
635847044	ID:33	RPL: Sending a multicast-DIO with rank 292
636732285	ID:36	RPL: Sending a multicast-DIO with rank 558
637789614	ID:32	RPL: Sending a multicast-DIO with rank 512
638144893	ID:34	RPL: Sending a multicast-DIO with rank 299
640847044	ID:33	RPL: Sending a multicast-DIO with rank 292
641732285	ID:36	RPL: Sending a multicast-DIO with rank 558
642789614	ID:32	RPL: Sending a multicast-DIO with rank 512
643144893	ID:34	RPL: Sending a multicast-DIO with rank 299
645847044	ID:33	RPL: Sending a multicast-DIO with rank 292
646732285	ID:36	RPL: Sending a multicast-DIO with rank 558
647789614	ID:32	RPL: Sending a multicast-DIO with rank 512
648144893	ID:34	RPL: Sending a multicast-DIO with rank 299
650847044	ID:33	RPL: Sending a multicast-DIO with rank 292
651732285	ID:36	RPL: Sending a multicast-DIO with rank 558
652789614	ID:32	RPL: Sending a multicast-DIO with rank 512
653144893	ID:34	RPL: Sending a multicast-DIO with rank 299
655847044	ID:33	RPL: Sending a multicast-DIO with rank 292
656732285	ID:36	RPL: Sending a multicast-DIO with rank 558
657789614	ID:32	RPL: Sending a multicast-DIO with rank 512
658144893	ID:34	RPL: Sending a multicast-DIO with rank 299
660847044	ID:33	RPL: Sending a multicast-DIO with rank 292
661732285	ID:36	RPL: Sending a multicast-DIO with rank 558
662699205	ID:35	RPL: Sending a DIS to fe80::c30c:0:0:7
662789614	ID:32	RPL: Sending a multicast-DIO with rank 512
663144893	ID:34	RPL: Sending a multicast-DIO with rank 299
665847044	ID:33	RPL: Sending a multicast-DIO with rank 292
666732285	ID:36	RPL: Sending a multicast-DIO with rank 558
667789614	ID:32	RPL: Sending a multicast-DIO with rank 512
668144893	ID:34	RPL: Sending a multicast-DIO with rank 299
670847044	ID:33	RPL: Sending a multicast-DIO with rank 292
671732285	ID:36	RPL: Sending a multicast-DIO with rank 558
672789614	ID:32	RPL: Sending a multicast-DIO with rank 512
673144893	ID:34	RPL: Sending a multicast-DIO with rank 299
675847044	ID:33	RPL: Sending a multicast-DIO with rank 292
676732285	ID:36	RPL: Sending a multicast-DIO with rank 558
677789614	ID:32	RPL: Sending a multicast-DIO with rank 512
678144893	ID:34	RPL: Sending a multicast-DIO with rank 299
680847051	ID:33	RPL: Sending a multicast-DIO with rank 292
681732285	ID:36	RPL: Sending a multicast-DIO with rank 558
682789614	ID:32	RPL: Sending a multicast-DIO with rank 512
683144893	ID:34	RPL: Sending a multicast-DIO with rank 299
685847044	ID:33	RPL: Sending a multicast-DIO with rank 292
686732285	ID:36	RPL: Sending a multicast-DIO with rank 558
687789614	ID:32	RPL: Sending a multicast-DIO with rank 512
688144893	ID:34	RPL: Sending a multicast-DIO with rank 299
690847044	ID:33	RPL: Sending a multicast-DIO with rank 292
691732286	ID:36	RPL: Sending a multicast-DIO with rank 558
692789615	ID:32	RPL: Sending a multicast-DIO with rank 512
693144894	ID:34	RPL: Sending a multicast-DIO with rank 299
695847044	ID:33	RPL: Sending a multicast-DIO with rank 292
696732286	ID:36	RPL: Sending a multicast-DIO with rank 558
697789615	ID:32	RPL: Sending a multicast-DIO with rank 512
698144894	ID:34	RPL: Sending a multicast-DIO with rank 299
700847044	ID:33	RPL: Sending a multicast-DIO with rank 292
701732286	ID:36	RPL: Sending a multicast-DIO with rank 558
702789615	ID:32	RPL: Sending a multicast-DIO with rank 512
703144894	ID:34	RPL: Sending a multicast-DIO with rank 299
705847044	ID:33	RPL: Sending a multicast-DIO with rank 292
706732286	ID:36	RPL: Sending a multicast-DIO with rank 558
707789615	ID:32	RPL: Sending a multicast-DIO with rank 512
708144894	ID:34	RPL: Sending a multicast-DIO with rank 299
710847044	ID:33	RPL: Sending a multicast-DIO with rank 292
711732286	ID:36	RPL: Sending a multicast-DIO with rank 558
712789621	ID:32	RPL: Sending a multicast-DIO with rank 512
713144894	ID:34	RPL: Sending a multicast-DIO with rank 299
715847044	ID:33	RPL: Sending a multicast-DIO with rank 292
716732286	ID:36	RPL: Sending a multicast-DIO with rank 558
717789615	ID:32	RPL: Sending a multicast-DIO with rank 512
718144894	ID:34	RPL: Sending a multicast-DIO with rank 299
720847044	ID:33	RPL: Sending a multicast-DIO with rank 292
721732286	ID:36	RPL: Sending a multicast-DIO with rank 558
722699205	ID:35	RPL: Sending a DIS to fe80::c30c:0:0:7
722789615	ID:32	RPL: Sending a multicast-DIO with rank 512
723144894	ID:34	RPL: Sending a multicast-DIO with rank 299
725847044	ID:33	RPL: Sending a multicast-DIO with rank 292
726732286	ID:36	RPL: Sending a multicast-DIO with rank 558
727789615	ID:32	RPL: Sending a multicast-DIO with rank 512
728144893	ID:34	RPL: Sending a multicast-DIO with rank 299
730847044	ID:33	RPL: Sending a multicast-DIO with rank 292
731732286	ID:36	RPL: Sending a multicast-DIO with rank 558
732789614	ID:32	RPL: Sending a multicast-DIO with rank 512
733144894	ID:34	RPL: Sending a multicast-DIO with rank 299
735847044	ID:33	RPL: Sending a multicast-DIO with rank 292
736732286	ID:36	RPL: Sending a multicast-DIO with rank 558
737789615	ID:32	RPL: Sending a multicast-DIO with rank 512
738144894	ID:34	RPL: Sending a multicast-DIO with rank 299
740847044	ID:33	RPL: Sending a multicast-DIO with rank 292
741732286	ID:36	RPL: Sending a multicast-DIO with rank 558
742789615	ID:32	RPL: Sending a multicast-DIO with rank 512
743144894	ID:34	RPL: Sending a multicast-DIO with rank 299
745847044	ID:33	RPL: Sending a multicast-DIO with rank 292
746732286	ID:36	RPL: Sending a multicast-DIO with rank 558
747789615	ID:32	RPL: Sending a multicast-DIO with rank 512
748144894	ID:34	RPL: Sending a multicast-DIO with rank 299
750847044	ID:33	RPL: Sending a multicast-DIO with rank 292
751732286	ID:36	RPL: Sending a multicast-DIO with rank 558
752789615	ID:32	RPL: Sending a multicast-DIO with rank 512
753144894	ID:34	RPL: Sending a multicast-DIO with rank 299
755847044	ID:33	RPL: Sending a multicast-DIO with rank 292
756732286	ID:36	RPL: Sending a multicast-DIO with rank 558
757789615	ID:32	RPL: Sending a multicast-DIO with rank 512
758144894	ID:34	RPL: Sending a multicast-DIO with rank 299
760847044	ID:33	RPL: Sending a multicast-DIO with rank 292
761732292	ID:36	RPL: Sending a multicast-DIO with rank 558
762789615	ID:32	RPL: Sending a multicast-DIO with rank 512
763144900	ID:34	RPL: Sending a multicast-DIO with rank 299
765847044	ID:33	RPL: Sending a multicast-DIO with rank 292
766732286	ID:36	RPL: Sending a multicast-DIO with rank 558
767789615	ID:32	RPL: Sending a multicast-DIO with rank 512
768144894	ID:34	RPL: Sending a multicast-DIO with rank 299
770847044	ID:33	RPL: Sending a multicast-DIO with rank 292
771732286	ID:36	RPL: Sending a multicast-DIO with rank 558
772789614	ID:32	RPL: Sending a multicast-DIO with rank 512
773144894	ID:34	RPL: Sending a multicast-DIO with rank 299
775847044	ID:33	RPL: Sending a multicast-DIO with rank 292
776732286	ID:36	RPL: Sending a multicast-DIO with rank 558
777789615	ID:32	RPL: Sending a multicast-DIO with rank 512
778144894	ID:34	RPL: Sending a multicast-DIO with rank 299
780847044	ID:33	RPL: Sending a multicast-DIO with rank 292
781732286	ID:36	RPL: Sending a multicast-DIO with rank 558
782699205	ID:35	RPL: Sending a DIS to fe80::c30c:0:0:7
782789615	ID:32	RPL: Sending a multicast-DIO with rank 512
783144894	ID:34	RPL: Sending a multicast-DIO with rank 299
785847044	ID:33	RPL: Sending a multicast-DIO with rank 292
786732286	ID:36	RPL: Sending a multicast-DIO with rank 558
787789615	ID:32	RPL: Sending a multicast-DIO with rank 512
788144894	ID:34	RPL: Sending a multicast-DIO with rank 299
790847044	ID:33	RPL: Sending a multicast-DIO with rank 292
791732286	ID:36	RPL: Sending a multicast-DIO with rank 558
792789615	ID:32	RPL: Sending a multicast-DIO with rank 512
793144894	ID:34	RPL: Sending a multicast-DIO with rank 299
795847044	ID:33	RPL: Sending a multicast-DIO with rank 292
796732286	ID:36	RPL: Sending a multicast-DIO with rank 558
797789615	ID:32	RPL: Sending a multicast-DIO with rank 512
798144894	ID:34	RPL: Sending a multicast-DIO with rank 299
800847044	ID:33	RPL: Sending a multicast-DIO with rank 292
801732286	ID:36	RPL: Sending a multicast-DIO with rank 558
802789615	ID:32	RPL: Sending a multicast-DIO with rank 512
803144894	ID:34	RPL: Sending a multicast-DIO with rank 299
805847044	ID:33	RPL: Sending a multicast-DIO with rank 292
806732286	ID:36	RPL: Sending a multicast-DIO with rank 558
807789615	ID:32	RPL: Sending a multicast-DIO with rank 512
808144894	ID:34	RPL: Sending a multicast-DIO with rank 299
810847044	ID:33	RPL: Sending a multicast-DIO with rank 292
811732286	ID:36	RPL: Sending a multicast-DIO with rank 558
812789615	ID:32	RPL: Sending a multicast-DIO with rank 512
813144894	ID:34	RPL: Sending a multicast-DIO with rank 299
815847044	ID:33	RPL: Sending a multicast-DIO with rank 292
816732286	ID:36	RPL: Sending a multicast-DIO with rank 558
817789615	ID:32	RPL: Sending a multicast-DIO with rank 512
818144894	ID:34	RPL: Sending a multicast-DIO with rank 299
820847044	ID:33	RPL: Sending a multicast-DIO with rank 292
821732286	ID:36	RPL: Sending a multicast-DIO with rank 558
822789615	ID:32	RPL: Sending a multicast-DIO with rank 512
823144894	ID:34	RPL: Sending a multicast-DIO with rank 299
825847044	ID:33	RPL: Sending a multicast-DIO with rank 292
826732285	ID:36	RPL: Sending a multicast-DIO with rank 558
827789615	ID:32	RPL: Sending a multicast-DIO with rank 512
828144894	ID:34	RPL: Sending a multicast-DIO with rank 299
830847044	ID:33	RPL: Sending a multicast-DIO with rank 292
831732286	ID:36	RPL: Sending a multicast-DIO with rank 558
832789615	ID:32	RPL: Sending a multicast-DIO with rank 512
833144894	ID:34	RPL: Sending a multicast-DIO with rank 299
835847044	ID:33	RPL: Sending a multicast-DIO with rank 292
836732286	ID:36	RPL: Sending a multicast-DIO with rank 558
837789615	ID:32	RPL: Sending a multicast-DIO with rank 512
838144894	ID:34	RPL: Sending a multicast-DIO with rank 299
840847044	ID:33	RPL: Sending a multicast-DIO with rank 292
841732286	ID:36	RPL: Sending a multicast-DIO with rank 558
842699205	ID:35	RPL: Sending a DIS to fe80::c30c:0:0:7
842789615	ID:32	RPL: Sending a multicast-DIO with rank 512
843144894	ID:34	RPL: Sending a multicast-DIO with rank 299
845847044	ID:33	RPL: Sending a multicast-DIO with rank 292
846732286	ID:36	RPL: Sending a multicast-DIO with rank 558
847789615	ID:32	RPL: Sending a multicast-DIO with rank 512
848144894	ID:34	RPL: Sending a multicast-DIO with rank 299
850847044	ID:33	RPL: Sending a multicast-DIO with rank 292
851732286	ID:36	RPL: Sending a multicast-DIO with rank 558
852789615	ID:32	RPL: Sending a multicast-DIO with rank 512
853144894	ID:34	RPL: Sending a multicast-DIO with rank 299
855847044	ID:33	RPL: Sending a multicast-DIO with rank 292
856732286	ID:36	RPL: Sending a multicast-DIO with rank 558
857789615	ID:32	RPL: Sending a multicast-DIO with rank 512
858144894	ID:34	RPL: Sending a multicast-DIO with rank 299
860847044	ID:33	RPL: Sending a multicast-DIO with rank 292
861732286	ID:36	RPL: Sending a multicast-DIO with rank 558
862789614	ID:32	RPL: Sending a multicast-DIO with rank 512
863144894	ID:34	RPL: Sending a multicast-DIO with rank 299
865847044	ID:33	RPL: Sending a multicast-DIO with rank 292
866732286	ID:36	RPL: Sending a multicast-DIO with rank 558
867789615	ID:32	RPL: Sending a multicast-DIO with rank 512
868144894	ID:34	RPL: Sending a multicast-DIO with rank 299
870847044	ID:33	RPL: Sending a multicast-DIO with rank 292
871732286	ID:36	RPL: Sending a multicast-DIO with rank 558
872789615	ID:32	RPL: Sending a multicast-DIO with rank 512
873144894	ID:34	RPL: Sending a multicast-DIO with rank 299
875847044	ID:33	RPL: Sending a multicast-DIO with rank 292
876732286	ID:36	RPL: Sending a multicast-DIO with rank 558
877789615	ID:32	RPL: Sending a multicast-DIO with rank 512
878144894	ID:34	RPL: Sending a multicast-DIO with rank 299
880847044	ID:33	RPL: Sending a multicast-DIO with rank 292
881732286	ID:36	RPL: Sending a multicast-DIO with rank 558
882789615	ID:32	RPL: Sending a multicast-DIO with rank 512
883144894	ID:34	RPL: Sending a multicast-DIO with rank 299
885847044	ID:33	RPL: Sending a multicast-DIO with rank 292
886732286	ID:36	RPL: Sending a multicast-DIO with rank 558
887789615	ID:32	RPL: Sending a multicast-DIO with rank 512
888144893	ID:34	RPL: Sending a multicast-DIO with rank 299
890847044	ID:33	RPL: Sending a multicast-DIO with rank 292
891732286	ID:36	RPL: Sending a multicast-DIO with rank 558
892789615	ID:32	RPL: Sending a multicast-DIO with rank 512
893144894	ID:34	RPL: Sending a multicast-DIO with rank 299
895847044	ID:33	RPL: Sending a multicast-DIO with rank 292
896732286	ID:36	RPL: Sending a multicast-DIO with rank 558
897789615	ID:32	RPL: Sending a multicast-DIO with rank 512
898144894	ID:34	RPL: Sending a multicast-DIO with rank 299
900847044	ID:33	RPL: Sending a multicast-DIO with rank 292
901732286	ID:36	RPL: Sending a multicast-DIO with rank 558
902699205	ID:35	RPL: Sending a DIS to fe80::c30c:0:0:7
902789615	ID:32	RPL: Sending a multicast-DIO with rank 512
903144894	ID:34	RPL: Sending a multicast-DIO with rank 299
905847044	ID:33	RPL: Sending a multicast-DIO with rank 292
906732286	ID:36	RPL: Sending a multicast-DIO with rank 558
907789615	ID:32	RPL: Sending a multicast-DIO with rank 512
908144894	ID:34	RPL: Sending a multicast-DIO with rank 299
910847044	ID:33	RPL: Sending a multicast-DIO with rank 292
911732286	ID:36	RPL: Sending a multicast-DIO with rank 558
912789615	ID:32	RPL: Sending a multicast-DIO with rank 512
913144894	ID:34	RPL: Sending a multicast-DIO with rank 299
915847044	ID:33	RPL: Sending a multicast-DIO with rank 292
916732286	ID:36	RPL: Sending a multicast-DIO with rank 558
917789615	ID:32	RPL: Sending a multicast-DIO with rank 512
918144894	ID:34	RPL: Sending a multicast-DIO with rank 299
920847044	ID:33	RPL: Sending a multicast-DIO with rank 292
921732286	ID:36	RPL: Sending a multicast-DIO with rank 558
922789615	ID:32	RPL: Sending a multicast-DIO with rank 512
923144894	ID:34	RPL: Sending a multicast-DIO with rank 299
925847044	ID:33	RPL: Sending a multicast-DIO with rank 292
926732286	ID:36	RPL: Sending a multicast-DIO with rank 558
927789615	ID:32	RPL: Sending a multicast-DIO with rank 512
928144894	ID:34	RPL: Sending a multicast-DIO with rank 299
930847044	ID:33	RPL: Sending a multicast-DIO with rank 292
931732286	ID:36	RPL: Sending a multicast-DIO with rank 558
932789615	ID:32	RPL: Sending a multicast-DIO with rank 512
933144894	ID:34	RPL: Sending a multicast-DIO with rank 299
935847044	ID:33	RPL: Sending a multicast-DIO with rank 292
936732286	ID:36	RPL: Sending a multicast-DIO with rank 558
937789615	ID:32	RPL: Sending a multicast-DIO with rank 512
938144894	ID:34	RPL: Sending a multicast-DIO with rank 299
940847044	ID:33	RPL: Sending a multicast-DIO with rank 292
941732286	ID:36	RPL: Sending a multicast-DIO with rank 558
942789615	ID:32	RPL: Sending a multicast-DIO with rank 512
943144894	ID:34	RPL: Sending a multicast-DIO with rank 299
945847044	ID:33	RPL: Sending a multicast-DIO with rank 292
946732286	ID:36	RPL: Sending a multicast-DIO with rank 558
947789615	ID:32	RPL: Sending a multicast-DIO with rank 512
948144894	ID:34	RPL: Sending a multicast-DIO with rank 299
950847044	ID:33	RPL: Sending a multicast-DIO with rank 292
951732286	ID:36	RPL: Sending a multicast-DIO with rank 558
952789615	ID:32	RPL: Sending a multicast-DIO with rank 512
953144894	ID:34	RPL: Sending a multicast-DIO with rank 299
955847044	ID:33	RPL: Sending a multicast-DIO with rank 292
956732285	ID:36	RPL: Sending a multicast-DIO with rank 558
957789615	ID:32	RPL: Sending a multicast-DIO with rank 512
958144894	ID:34	RPL: Sending a multicast-DIO with rank 299
960847044	ID:33	RPL: Sending a multicast-DIO with rank 292
961732286	ID:36	RPL: Sending a multicast-DIO with rank 558
962699205	ID:35	RPL: Sending a DIS to fe80::c30c:0:0:7
962789615	ID:32	RPL: Sending a multicast-DIO with rank 512
963144894	ID:34	RPL: Sending a multicast-DIO with rank 299
965847044	ID:33	RPL: Sending a multicast-DIO with rank 292
966732286	ID:36	RPL: Sending a multicast-DIO with rank 558
967789615	ID:32	RPL: Sending a multicast-DIO with rank 512
968144894	ID:34	RPL: Sending a multicast-DIO with rank 299
970847044	ID:33	RPL: Sending a multicast-DIO with rank 292
971732286	ID:36	RPL: Sending a multicast-DIO with rank 558
972789615	ID:32	RPL: Sending a multicast-DIO with rank 512
973144894	ID:34	RPL: Sending a multicast-DIO with rank 299
975847044	ID:33	RPL: Sending a multicast-DIO with rank 292
976732286	ID:36	RPL: Sending a multicast-DIO with rank 558
977789615	ID:32	RPL: Sending a multicast-DIO with rank 512
978144894	ID:34	RPL: Sending a multicast-DIO with rank 299
980847044	ID:33	RPL: Sending a multicast-DIO with rank 292
981732286	ID:36	RPL: Sending a multicast-DIO with rank 558
982789615	ID:32	RPL: Sending a multicast-DIO with rank 512
983144893	ID:34	RPL: Sending a multicast-DIO with rank 299
985847044	ID:33	RPL: Sending a multicast-DIO with rank 292
986732286	ID:36	RPL: Sending a multicast-DIO with rank 558
987789614	ID:32	RPL: Sending a multicast-DIO with rank 512
988144894	ID:34	RPL: Sending a multicast-DIO with rank 299
990847044	ID:33	RPL: Sending a multicast-DIO with rank 292
991732286	ID:36	RPL: Sending a multicast-DIO with rank 558
992789615	ID:32	RPL: Sending a multicast-DIO with rank 512
993144894	ID:34	RPL: Sending a multicast-DIO with rank 299
995847044	ID:33	RPL: Sending a multicast-DIO with rank 292
996732286	ID:36	RPL: Sending a multicast-DIO with rank 558
997789615	ID:32	RPL: Sending a multicast-DIO with rank 512
998144893	ID:34	RPL: Sending a multicast-DIO with rank 299
1000847044	ID:33	RPL: Sending a multicast-DIO with rank 292
1001732286	ID:36	RPL: Sending a multicast-DIO with rank 558
1002789615	ID:32	RPL: Sending a multicast-DIO with rank 512
1003144894	ID:34	RPL: Sending a multicast-DIO with rank 299
1005847044	ID:33	RPL: Sending a multicast-DIO with rank 292
1006732286	ID:36	RPL: Sending a multicast-DIO with rank 558
1007789615	ID:32	RPL: Sending a multicast-DIO with rank 512
1008144894	ID:34	RPL: Sending a multicast-DIO with rank 299
1010847044	ID:33	RPL: Sending a multicast-DIO with rank 292
1011732286	ID:36	RPL: Sending a multicast-DIO with rank 558
1012789615	ID:32	RPL: Sending a multicast-DIO with rank 512
1013144894	ID:34	RPL: Sending a multicast-DIO with rank 299
1015847044	ID:33	RPL: Sending a multicast-DIO with rank 292
1016732286	ID:36	RPL: Sending a multicast-DIO with rank 558
1017789615	ID:32	RPL: Sending a multicast-DIO with rank 512
1018144894	ID:34	RPL: Sending a multicast-DIO with rank 299
1020847044	ID:33	RPL: Sending a multicast-DIO with rank 292
1021732286	ID:36	RPL: Sending a multicast-DIO with rank 558
1022699205	ID:35	RPL: Sending a DIS to fe80::c30c:0:0:7
1022789615	ID:32	RPL: Sending a multicast-DIO with rank 512
1023144894	ID:34	RPL: Sending a multicast-DIO with rank 299
1025847045	ID:33	RPL: Sending a multicast-DIO with rank 292
1026732286	ID:36	RPL: Sending a multicast-DIO with rank 558
1027789615	ID:32	RPL: Sending a multicast-DIO with rank 512
1028144894	ID:34	RPL: Sending a multicast-DIO with rank 299
1030847045	ID:33	RPL: Sending a multicast-DIO with rank 292
1031732286	ID:36	RPL: Sending a multicast-DIO with rank 558
1032789615	ID:32	RPL: Sending a multicast-DIO with rank 512
1033144894	ID:34	RPL: Sending a multicast-DIO with rank 299
1035847045	ID:33	RPL: Sending a multicast-DIO with rank 292
1036732286	ID:36	RPL: Sending a multicast-DIO with rank 558
1037789615	ID:32	RPL: Sending a multicast-DIO with rank 512
1038144894	ID:34	RPL: Sending a multicast-DIO with rank 299
1040847045	ID:33	RPL: Sending a multicast-DIO with rank 292
1041732286	ID:36	RPL: Sending a multicast-DIO with rank 558
1042789615	ID:32	RPL: Sending a multicast-DIO with rank 512
1043144894	ID:34	RPL: Sending a multicast-DIO with rank 299
1045847045	ID:33	RPL: Sending a multicast-DIO with rank 292
1046732286	ID:36	RPL: Sending a multicast-DIO with rank 558
1047789615	ID:32	RPL: Sending a multicast-DIO with rank 512
1048144894	ID:34	RPL: Sending a multicast-DIO with rank 299
1050847045	ID:33	RPL: Sending a multicast-DIO with rank 292
1051732286	ID:36	RPL: Sending a multicast-DIO with rank 558
1052789615	ID:32	RPL: Sending a multicast-DIO with rank 512
1053144894	ID:34	RPL: Sending a multicast-DIO with rank 299
1055847045	ID:33	RPL: Sending a multicast-DIO with rank 292
1056732286	ID:36	RPL: Sending a multicast-DIO with rank 558
1057789615	ID:32	RPL: Sending a multicast-DIO with rank 512
1058144894	ID:34	RPL: Sending a multicast-DIO with rank 299
1060847045	ID:33	RPL: Sending a multicast-DIO with rank 292
1061732286	ID:36	RPL: Sending a multicast-DIO with rank 558
1062789615	ID:32	RPL: Sending a multicast-DIO with rank 512
1063144894	ID:34	RPL: Sending a multicast-DIO with rank 299
1065847052	ID:33	RPL: Sending a multicast-DIO with rank 292
1066732286	ID:36	RPL: Sending a multicast-DIO with rank 558
1067789622	ID:32	RPL: Sending a multicast-DIO with rank 512
1068144894	ID:34	RPL: Sending a multicast-DIO with rank 299
1070847045	ID:33	RPL: Sending a multicast-DIO with rank 292
1071732286	ID:36	RPL: Sending a multicast-DIO with rank 558
1072789615	ID:32	RPL: Sending a multicast-DIO with rank 512
1073144894	ID:34	RPL: Sending a multicast-DIO with rank 299
1075847045	ID:33	RPL: Sending a multicast-DIO with rank 292
1076732286	ID:36	RPL: Sending a multicast-DIO with rank 558
1077789615	ID:32	RPL: Sending a multicast-DIO with rank 512
1078144894	ID:34	RPL: Sending a multicast-DIO with rank 299
1080847045	ID:33	RPL: Sending a multicast-DIO with rank 292
1081732286	ID:36	RPL: Sending a multicast-DIO with rank 558
1082699206	ID:35	RPL: Sending a DIS to fe80::c30c:0:0:7
1082789615	ID:32	RPL: Sending a multicast-DIO with rank 512
1083144894	ID:34	RPL: Sending a multicast-DIO with rank 299
1085847045	ID:33	RPL: Sending a multicast-DIO with rank 292
1086732286	ID:36	RPL: Sending a multicast-DIO with rank 558
1087789615	ID:32	RPL: Sending a multicast-DIO with rank 512
1088144894	ID:34	RPL: Sending a multicast-DIO with rank 299
1090847045	ID:33	RPL: Sending a multicast-DIO with rank 292
1091732286	ID:36	RPL: Sending a multicast-DIO with rank 558
1092789615	ID:32	RPL: Sending a multicast-DIO with rank 512
1093144894	ID:34	RPL: Sending a multicast-DIO with rank 299
1095847045	ID:33	RPL: Sending a multicast-DIO with rank 292
1096732286	ID:36	RPL: Sending a multicast-DIO with rank 558
1097789615	ID:32	RPL: Sending a multicast-DIO with rank 512
1098144894	ID:34	RPL: Sending a multicast-DIO with rank 299
1100847045	ID:33	RPL: Sending a multicast-DIO with rank 292
1101732286	ID:36	RPL: Sending a multicast-DIO with rank 558
1102789615	ID:32	RPL: Sending a multicast-DIO with rank 512
1103144894	ID:34	RPL: Sending a multicast-DIO with rank 299
1105847045	ID:33	RPL: Sending a multicast-DIO with rank 292
1106732286	ID:36	RPL: Sending a multicast-DIO with rank 558
1107789615	ID:32	RPL: Sending a multicast-DIO with rank 512
1108144894	ID:34	RPL: Sending a multicast-DIO with rank 299
1110847045	ID:33	RPL: Sending a multicast-DIO with rank 292
1111732286	ID:36	RPL: Sending a multicast-DIO with rank 558
1112789615	ID:32	RPL: Sending a multicast-DIO with rank 512
1113144894	ID:34	RPL: Sending a multicast-DIO with rank 299
1115847045	ID:33	RPL: Sending a multicast-DIO with rank 292
1116732286	ID:36	RPL: Sending a multicast-DIO with rank 558
1117789615	ID:32	RPL: Sending a multicast-DIO with rank 512
1118144901	ID:34	RPL: Sending a multicast-DIO with rank 299
1120847045	ID:33	RPL: Sending a multicast-DIO with rank 292
1121732286	ID:36	RPL: Sending a multicast-DIO with rank 558
1122789615	ID:32	RPL: Sending a multicast-DIO with rank 512
1123144894	ID:34	RPL: Sending a multicast-DIO with rank 299
1125847045	ID:33	RPL: Sending a multicast-DIO with rank 292
1126732286	ID:36	RPL: Sending a multicast-DIO with rank 558
1127789615	ID:32	RPL: Sending a multicast-DIO with rank 512
1128144894	ID:34	RPL: Sending a multicast-DIO with rank 299
1130847045	ID:33	RPL: Sending a multicast-DIO with rank 292
1131732286	ID:36	RPL: Sending a multicast-DIO with rank 558
1132789615	ID:32	RPL: Sending a multicast-DIO with rank 512
1133144894	ID:34	RPL: Sending a multicast-DIO with rank 299
1135847045	ID:33	RPL: Sending a multicast-DIO with rank 292
1136732286	ID:36	RPL: Sending a multicast-DIO with rank 558
1137789615	ID:32	RPL: Sending a multicast-DIO with rank 512
1138144894	ID:34	RPL: Sending a multicast-DIO with rank 299
1140847045	ID:33	RPL: Sending a multicast-DIO with rank 292
1141732286	ID:36	RPL: Sending a multicast-DIO with rank 558
1142699206	ID:35	RPL: Sending a DIS to fe80::c30c:0:0:7
1142789615	ID:32	RPL: Sending a multicast-DIO with rank 512
1143144894	ID:34	RPL: Sending a multicast-DIO with rank 299
1145847045	ID:33	RPL: Sending a multicast-DIO with rank 292
1146732286	ID:36	RPL: Sending a multicast-DIO with rank 558
1147789615	ID:32	RPL: Sending a multicast-DIO with rank 512
1148144894	ID:34	RPL: Sending a multicast-DIO with rank 299
1150847045	ID:33	RPL: Sending a multicast-DIO with rank 292
1151732286	ID:36	RPL: Sending a multicast-DIO with rank 558
1152789615	ID:32	RPL: Sending a multicast-DIO with rank 512
1153144894	ID:34	RPL: Sending a multicast-DIO with rank 299
1155847045	ID:33	RPL: Sending a multicast-DIO with rank 292
1156732286	ID:36	RPL: Sending a multicast-DIO with rank 558
1157789615	ID:32	RPL: Sending a multicast-DIO with rank 512
1158144894	ID:34	RPL: Sending a multicast-DIO with rank 299
1160847045	ID:33	RPL: Sending a multicast-DIO with rank 292
1161732286	ID:36	RPL: Sending a multicast-DIO with rank 558
1162789615	ID:32	RPL: Sending a multicast-DIO with rank 512
1163144894	ID:34	RPL: Sending a multicast-DIO with rank 299
1165847045	ID:33	RPL: Sending a multicast-DIO with rank 292
1166732286	ID:36	RPL: Sending a multicast-DIO with rank 558
1167789615	ID:32	RPL: Sending a multicast-DIO with rank 512
1168144894	ID:34	RPL: Sending a multicast-DIO with rank 299
1170847045	ID:33	RPL: Sending a multicast-DIO with rank 292
1171732286	ID:36	RPL: Sending a multicast-DIO with rank 558
1172789615	ID:32	RPL: Sending a multicast-DIO with rank 512
1173144894	ID:34	RPL: Sending a multicast-DIO with rank 299
1175847045	ID:33	RPL: Sending a multicast-DIO with rank 292
1176732286	ID:36	RPL: Sending a multicast-DIO with rank 558
1177789615	ID:32	RPL: Sending a multicast-DIO with rank 512
1178144894	ID:34	RPL: Sending a multicast-DIO with rank 299
1180847045	ID:33	RPL: Sending a multicast-DIO with rank 292
1181732286	ID:36	RPL: Sending a multicast-DIO with rank 558
1182789615	ID:32	RPL: Sending a multicast-DIO with rank 512
1183144894	ID:34	RPL: Sending a multicast-DIO with rank 299
1185847045	ID:33	RPL: Sending a multicast-DIO with rank 292
1186732286	ID:36	RPL: Sending a multicast-DIO with rank 558
1187789615	ID:32	RPL: Sending a multicast-DIO with rank 512
1188144894	ID:34	RPL: Sending a multicast-DIO with rank 299
1190847045	ID:33	RPL: Sending a multicast-DIO with rank 292
1191732293	ID:36	RPL: Sending a multicast-DIO with rank 558
1192789615	ID:32	RPL: Sending a multicast-DIO with rank 512
1193144894	ID:34	RPL: Sending a multicast-DIO with rank 299
1195847045	ID:33	RPL: Sending a multicast-DIO with rank 292
1196732286	ID:36	RPL: Sending a multicast-DIO with rank 558
1197789615	ID:32	RPL: Sending a multicast-DIO with rank 512
1198144894	ID:34	RPL: Sending a multicast-DIO with rank 299
1200847045	ID:33	RPL: Sending a multicast-DIO with rank 292
1201732291	ID:36	RPL: Sending a multicast-DIO with rank 558
1202699211	ID:35	RPL: Sending a DIS to fe80::c30c:0:0:7
1202789620	ID:32	RPL: Sending a multicast-DIO with rank 512
1203144899	ID:34	RPL: Sending a multicast-DIO with rank 299
1205847050	ID:33	RPL: Sending a multicast-DIO with rank 292
1206732285	ID:36	RPL: Sending a multicast-DIO with rank 558
1207789614	ID:32	RPL: Sending a multicast-DIO with rank 512
1208144893	ID:34	RPL: Sending a multicast-DIO with rank 299
1210847044	ID:33	RPL: Sending a multicast-DIO with rank 292
1211732285	ID:36	RPL: Sending a multicast-DIO with rank 558
1212789614	ID:32	RPL: Sending a multicast-DIO with rank 512
1213144893	ID:34	RPL: Sending a multicast-DIO with rank 299
1215847044	ID:33	RPL: Sending a multicast-DIO with rank 292
1216732285	ID:36	RPL: Sending a multicast-DIO with rank 558
1217789614	ID:32	RPL: Sending a multicast-DIO with rank 512
1218144893	ID:34	RPL: Sending a multicast-DIO with rank 299
1220847044	ID:33	RPL: Sending a multicast-DIO with rank 292
1221732285	ID:36	RPL: Sending a multicast-DIO with rank 558
1222789614	ID:32	RPL: Sending a multicast-DIO with rank 512
1223144893	ID:34	RPL: Sending a multicast-DIO with rank 299
1225847044	ID:33	RPL: Sending a multicast-DIO with rank 292
1226732285	ID:36	RPL: Sending a multicast-DIO with rank 558
1227789614	ID:32	RPL: Sending a multicast-DIO with rank 512
1228144893	ID:34	RPL: Sending a multicast-DIO with rank 299
1230847044	ID:33	RPL: Sending a multicast-DIO with rank 292
1231732285	ID:36	RPL: Sending a multicast-DIO with rank 558
1232789614	ID:32	RPL: Sending a multicast-DIO with rank 512
1233144893	ID:34	RPL: Sending a multicast-DIO with rank 299
1235847044	ID:33	RPL: Sending a multicast-DIO with rank 292
1236732285	ID:36	RPL: Sending a multicast-DIO with rank 558
1237789614	ID:32	RPL: Sending a multicast-DIO with rank 512
1238144893	ID:34	RPL: Sending a multicast-DIO with rank 299
1240847044	ID:33	RPL: Sending a multicast-DIO with rank 292
1241732285	ID:36	RPL: Sending a multicast-DIO with rank 558
1242789614	ID:32	RPL: Sending a multicast-DIO with rank 512
1243144893	ID:34	RPL: Sending a multicast-DIO with rank 299
1245847044	ID:33	RPL: Sending a multicast-DIO with rank 292
1246732285	ID:36	RPL: Sending a multicast-DIO with rank 558
1247789614	ID:32	RPL: Sending a multicast-DIO with rank 512
1248144893	ID:34	RPL: Sending a multicast-DIO with rank 299
1250847044	ID:33	RPL: Sending a multicast-DIO with rank 292
1251732285	ID:36	RPL: Sending a multicast-DIO with rank 558
1252789614	ID:32	RPL: Sending a multicast-DIO with rank 512
1253144893	ID:34	RPL: Sending a multicast-DIO with rank 299
1255847044	ID:33	RPL: Sending a multicast-DIO with rank 292
1256732285	ID:36	RPL: Sending a multicast-DIO with rank 558
1257789614	ID:32	RPL: Sending a multicast-DIO with rank 512
1258144893	ID:34	RPL: Sending a multicast-DIO with rank 299
1260847044	ID:33	RPL: Sending a multicast-DIO with rank 292
1261732285	ID:36	RPL: Sending a multicast-DIO with rank 558
1262699205	ID:35	RPL: Sending a DIS to fe80::c30c:0:0:7
1262789614	ID:32	RPL: Sending a multicast-DIO with rank 512
1263144893	ID:34	RPL: Sending a multicast-DIO with rank 299
1265847044	ID:33	RPL: Sending a multicast-DIO with rank 292
1266732285	ID:36	RPL: Sending a multicast-DIO with rank 558
1267789614	ID:32	RPL: Sending a multicast-DIO with rank 512
1268144893	ID:34	RPL: Sending a multicast-DIO with rank 299
1270847044	ID:33	RPL: Sending a multicast-DIO with rank 292
1271732285	ID:36	RPL: Sending a multicast-DIO with rank 558
1272789614	ID:32	RPL: Sending a multicast-DIO with rank 512
1273144893	ID:34	RPL: Sending a multicast-DIO with rank 299
1275847044	ID:33	RPL: Sending a multicast-DIO with rank 292
1276732285	ID:36	RPL: Sending a multicast-DIO with rank 558
1277789614	ID:32	RPL: Sending a multicast-DIO with rank 512
1278144893	ID:34	RPL: Sending a multicast-DIO with rank 299
1280847044	ID:33	RPL: Sending a multicast-DIO with rank 292
1281732285	ID:36	RPL: Sending a multicast-DIO with rank 558
1282789614	ID:32	RPL: Sending a multicast-DIO with rank 512
1283144893	ID:34	RPL: Sending a multicast-DIO with rank 299
1285847044	ID:33	RPL: Sending a multicast-DIO with rank 292
1286732285	ID:36	RPL: Sending a multicast-DIO with rank 558
1287789614	ID:32	RPL: Sending a multicast-DIO with rank 512
1288144893	ID:34	RPL: Sending a multicast-DIO with rank 299
1290847044	ID:33	RPL: Sending a multicast-DIO with rank 292
1291732285	ID:36	RPL: Sending a multicast-DIO with rank 558
1292789614	ID:32	RPL: Sending a multicast-DIO with rank 512
1293144893	ID:34	RPL: Sending a multicast-DIO with rank 299
1295847044	ID:33	RPL: Sending a multicast-DIO with rank 292
1296732285	ID:36	RPL: Sending a multicast-DIO with rank 558
1297789614	ID:32	RPL: Sending a multicast-DIO with rank 512
1298144893	ID:34	RPL: Sending a multicast-DIO with rank 299
1300847044	ID:33	RPL: Sending a multicast-DIO with rank 292
1301732285	ID:36	RPL: Sending a multicast-DIO with rank 558
1302789614	ID:32	RPL: Sending a multicast-DIO with rank 512
1303144893	ID:34	RPL: Sending a multicast-DIO with rank 299
1305847044	ID:33	RPL: Sending a multicast-DIO with rank 292
1306732285	ID:36	RPL: Sending a multicast-DIO with rank 558
1307789614	ID:32	RPL: Sending a multicast-DIO with rank 512
1308144893	ID:34	RPL: Sending a multicast-DIO with rank 299
1310847044	ID:33	RPL: Sending a multicast-DIO with rank 292
1311732285	ID:36	RPL: Sending a multicast-DIO with rank 558
1312789614	ID:32	RPL: Sending a multicast-DIO with rank 512
1313144893	ID:34	RPL: Sending a multicast-DIO with rank 299
1315847044	ID:33	RPL: Sending a multicast-DIO with rank 292
1316732285	ID:36	RPL: Sending a multicast-DIO with rank 558
1317789614	ID:32	RPL: Sending a multicast-DIO with rank 512
1318144893	ID:34	RPL: Sending a multicast-DIO with rank 299
1320847044	ID:33	RPL: Sending a multicast-DIO with rank 292
1321732285	ID:36	RPL: Sending a multicast-DIO with rank 558
1322699205	ID:35	RPL: Sending a DIS to fe80::c30c:0:0:7
1322789614	ID:32	RPL: Sending a multicast-DIO with rank 512
1323144893	ID:34	RPL: Sending a multicast-DIO with rank 299
1325847044	ID:33	RPL: Sending a multicast-DIO with rank 292
1326732285	ID:36	RPL: Sending a multicast-DIO with rank 558
1327789614	ID:32	RPL: Sending a multicast-DIO with rank 512
1328144893	ID:34	RPL: Sending a multicast-DIO with rank 299
1330847044	ID:33	RPL: Sending a multicast-DIO with rank 292
1331732285	ID:36	RPL: Sending a multicast-DIO with rank 558
1332789614	ID:32	RPL: Sending a multicast-DIO with rank 512
1333144893	ID:34	RPL: Sending a multicast-DIO with rank 299
1335847044	ID:33	RPL: Sending a multicast-DIO with rank 292
1336732285	ID:36	RPL: Sending a multicast-DIO with rank 558
1337789614	ID:32	RPL: Sending a multicast-DIO with rank 512
1338144893	ID:34	RPL: Sending a multicast-DIO with rank 299
1340847044	ID:33	RPL: Sending a multicast-DIO with rank 292
1341732285	ID:36	RPL: Sending a multicast-DIO with rank 558
1342789614	ID:32	RPL: Sending a multicast-DIO with rank 512
1343144893	ID:34	RPL: Sending a multicast-DIO with rank 299
1345847044	ID:33	RPL: Sending a multicast-DIO with rank 292
1346732285	ID:36	RPL: Sending a multicast-DIO with rank 558
1347789614	ID:32	RPL: Sending a multicast-DIO with rank 512
1348144893	ID:34	RPL: Sending a multicast-DIO with rank 299
1350847044	ID:33	RPL: Sending a multicast-DIO with rank 292
1351732285	ID:36	RPL: Sending a multicast-DIO with rank 558
1352789614	ID:32	RPL: Sending a multicast-DIO with rank 512
1353144893	ID:34	RPL: Sending a multicast-DIO with rank 299
1355847044	ID:33	RPL: Sending a multicast-DIO with rank 292
1356732285	ID:36	RPL: Sending a multicast-DIO with rank 558
1357789614	ID:32	RPL: Sending a multicast-DIO with rank 512
1358144893	ID:34	RPL: Sending a multicast-DIO with rank 299
1360847044	ID:33	RPL: Sending a multicast-DIO with rank 292
1361732285	ID:36	RPL: Sending a multicast-DIO with rank 558
1362789614	ID:32	RPL: Sending a multicast-DIO with rank 512
1363144893	ID:34	RPL: Sending a multicast-DIO with rank 299
1365847044	ID:33	RPL: Sending a multicast-DIO with rank 292
1366732285	ID:36	RPL: Sending a multicast-DIO with rank 558
1367789614	ID:32	RPL: Sending a multicast-DIO with rank 512
1368144893	ID:34	RPL: Sending a multicast-DIO with rank 299
1370847044	ID:33	RPL: Sending a multicast-DIO with rank 292
1371732285	ID:36	RPL: Sending a multicast-DIO with rank 558
1372789614	ID:32	RPL: Sending a multicast-DIO with rank 512
1373144893	ID:34	RPL: Sending a multicast-DIO with rank 299
1375847044	ID:33	RPL: Sending a multicast-DIO with rank 292
1376732285	ID:36	RPL: Sending a multicast-DIO with rank 558
1377789614	ID:32	RPL: Sending a multicast-DIO with rank 512
1378144893	ID:34	RPL: Sending a multicast-DIO with rank 299
1380847044	ID:33	RPL: Sending a multicast-DIO with rank 292
1381732285	ID:36	RPL: Sending a multicast-DIO with rank 558
1382699205	ID:35	RPL: Sending a DIS to fe80::c30c:0:0:7
1382789614	ID:32	RPL: Sending a multicast-DIO with rank 512
1383144893	ID:34	RPL: Sending a multicast-DIO with rank 299
1385847044	ID:33	RPL: Sending a multicast-DIO with rank 292
1386732285	ID:36	RPL: Sending a multicast-DIO with rank 558
1387789614	ID:32	RPL: Sending a multicast-DIO with rank 512
1388144893	ID:34	RPL: Sending a multicast-DIO with rank 299
1390847044	ID:33	RPL: Sending a multicast-DIO with rank 292
1391732285	ID:36	RPL: Sending a multicast-DIO with rank 558
1392789614	ID:32	RPL: Sending a multicast-DIO with rank 512
1393144893	ID:34	RPL: Sending a multicast-DIO with rank 299
1395847044	ID:33	RPL: Sending a multicast-DIO with rank 292
1396732285	ID:36	RPL: Sending a multicast-DIO with rank 558
1397789614	ID:32	RPL: Sending a multicast-DIO with rank 512
1398144893	ID:34	RPL: Sending a multicast-DIO with rank 299
1400847044	ID:33	RPL: Sending a multicast-DIO with rank 292
1401732285	ID:36	RPL: Sending a multicast-DIO with rank 558
1402789614	ID:32	RPL: Sending a multicast-DIO with rank 512
1403144893	ID:34	RPL: Sending a multicast-DIO with rank 299
1405847044	ID:33	RPL: Sending a multicast-DIO with rank 292
1406732285	ID:36	RPL: Sending a multicast-DIO with rank 558
1407789614	ID:32	RPL: Sending a multicast-DIO with rank 512
1408144893	ID:34	RPL: Sending a multicast-DIO with rank 299
1410847044	ID:33	RPL: Sending a multicast-DIO with rank 292
1411732285	ID:36	RPL: Sending a multicast-DIO with rank 558
1412789614	ID:32	RPL: Sending a multicast-DIO with rank 512
1413144893	ID:34	RPL: Sending a multicast-DIO with rank 299
1415847044	ID:33	RPL: Sending a multicast-DIO with rank 292
1416732285	ID:36	RPL: Sending a multicast-DIO with rank 558
1417789614	ID:32	RPL: Sending a multicast-DIO with rank 512
1418144893	ID:34	RPL: Sending a multicast-DIO with rank 299
1420847044	ID:33	RPL: Sending a multicast-DIO with rank 292
1421732285	ID:36	RPL: Sending a multicast-DIO with rank 558
1422789614	ID:32	RPL: Sending a multicast-DIO with rank 512
1423144893	ID:34	RPL: Sending a multicast-DIO with rank 299
1425847044	ID:33	RPL: Sending a multicast-DIO with rank 292
1426732285	ID:36	RPL: Sending a multicast-DIO with rank 558
1427789621	ID:32	RPL: Sending a multicast-DIO with rank 512
1428144893	ID:34	RPL: Sending a multicast-DIO with rank 299
1430847044	ID:33	RPL: Sending a multicast-DIO with rank 292
1431732285	ID:36	RPL: Sending a multicast-DIO with rank 558
1432789614	ID:32	RPL: Sending a multicast-DIO with rank 512
1433144893	ID:34	RPL: Sending a multicast-DIO with rank 299
1435847044	ID:33	RPL: Sending a multicast-DIO with rank 292
1436732285	ID:36	RPL: Sending a multicast-DIO with rank 558
1437789614	ID:32	RPL: Sending a multicast-DIO with rank 512
1438144893	ID:34	RPL: Sending a multicast-DIO with rank 299
1440847044	ID:33	RPL: Sending a multicast-DIO with rank 292
1441732285	ID:36	RPL: Sending a multicast-DIO with rank 558
1442699862	ID:35	RPL: Sending a DIS to fe80::c30c:0:0:7
1442789614	ID:32	RPL: Sending a multicast-DIO with rank 512
1443144893	ID:34	RPL: Sending a multicast-DIO with rank 299
1445847044	ID:33	RPL: Sending a multicast-DIO with rank 292
1446732285	ID:36	RPL: Sending a multicast-DIO with rank 558
1447789614	ID:32	RPL: Sending a multicast-DIO with rank 512
1448144893	ID:34	RPL: Sending a multicast-DIO with rank 299
1450847044	ID:33	RPL: Sending a multicast-DIO with rank 292
1451732285	ID:36	RPL: Sending a multicast-DIO with rank 558
1452789614	ID:32	RPL: Sending a multicast-DIO with rank 512
1453144900	ID:34	RPL: Sending a multicast-DIO with rank 299
1455847044	ID:33	RPL: Sending a multicast-DIO with rank 292
1456732285	ID:36	RPL: Sending a multicast-DIO with rank 558
1457789614	ID:32	RPL: Sending a multicast-DIO with rank 512
1458144893	ID:34	RPL: Sending a multicast-DIO with rank 299
1460847044	ID:33	RPL: Sending a multicast-DIO with rank 292
1461732285	ID:36	RPL: Sending a multicast-DIO with rank 558
1462789614	ID:32	RPL: Sending a multicast-DIO with rank 512
1463144893	ID:34	RPL: Sending a multicast-DIO with rank 299
1465847044	ID:33	RPL: Sending a multicast-DIO with rank 292
1466732285	ID:36	RPL: Sending a multicast-DIO with rank 558
1467789614	ID:32	RPL: Sending a multicast-DIO with rank 512
1468144893	ID:34	RPL: Sending a multicast-DIO with rank 299
1470847051	ID:33	RPL: Sending a multicast-DIO with rank 292
1471732285	ID:36	RPL: Sending a multicast-DIO with rank 558
1472789614	ID:32	RPL: Sending a multicast-DIO with rank 512
1473144893	ID:34	RPL: Sending a multicast-DIO with rank 299
1475847044	ID:33	RPL: Sending a multicast-DIO with rank 292
1476732285	ID:36	RPL: Sending a multicast-DIO with rank 558
1477789614	ID:32	RPL: Sending a multicast-DIO with rank 512
1478144893	ID:34	RPL: Sending a multicast-DIO with rank 299
1480847044	ID:33	RPL: Sending a multicast-DIO with rank 292
1481732285	ID:36	RPL: Sending a multicast-DIO with rank 558
1482789614	ID:32	RPL: Sending a multicast-DIO with rank 512
1483144893	ID:34	RPL: Sending a multicast-DIO with rank 299
1485847044	ID:33	RPL: Sending a multicast-DIO with rank 292
1486732285	ID:36	RPL: Sending a multicast-DIO with rank 558
1487789614	ID:32	RPL: Sending a multicast-DIO with rank 512
1488144893	ID:34	RPL: Sending a multicast-DIO with rank 299
1490847044	ID:33	RPL: Sending a multicast-DIO with rank 292
1491732285	ID:36	RPL: Sending a multicast-DIO with rank 558
1492789614	ID:32	RPL: Sending a multicast-DIO with rank 512
1493144893	ID:34	RPL: Sending a multicast-DIO with rank 299
1495847044	ID:33	RPL: Sending a multicast-DIO with rank 292
1496732285	ID:36	RPL: Sending a multicast-DIO with rank 558
1497789614	ID:32	RPL: Sending a multicast-DIO with rank 512
1498144893	ID:34	RPL: Sending a multicast-DIO with rank 299
1500847044	ID:33	RPL: Sending a multicast-DIO with rank 292
1501732285	ID:36	RPL: Sending a multicast-DIO with rank 558
1502699205	ID:35	RPL: Sending a DIS to fe80::c30c:0:0:7
1502789614	ID:32	RPL: Sending a multicast-DIO with rank 512
1503144893	ID:34	RPL: Sending a multicast-DIO with rank 299
1505847044	ID:33	RPL: Sending a multicast-DIO with rank 292
1506732285	ID:36	RPL: Sending a multicast-DIO with rank 558
1507789614	ID:32	RPL: Sending a multicast-DIO with rank 512
1508144893	ID:34	RPL: Sending a multicast-DIO with rank 299
1510847044	ID:33	RPL: Sending a multicast-DIO with rank 292
1511732285	ID:36	RPL: Sending a multicast-DIO with rank 558
1512789614	ID:32	RPL: Sending a multicast-DIO with rank 512
1513144893	ID:34	RPL: Sending a multicast-DIO with rank 299
1515847044	ID:33	RPL: Sending a multicast-DIO with rank 292
1516732285	ID:36	RPL: Sending a multicast-DIO with rank 558
1517789614	ID:32	RPL: Sending a multicast-DIO with rank 512
1518144893	ID:34	RPL: Sending a multicast-DIO with rank 299
1520847044	ID:33	RPL: Sending a multicast-DIO with rank 292
1521732285	ID:36	RPL: Sending a multicast-DIO with rank 558
1522789614	ID:32	RPL: Sending a multicast-DIO with rank 512
1523144893	ID:34	RPL: Sending a multicast-DIO with rank 299
1525847044	ID:33	RPL: Sending a multicast-DIO with rank 292
1526732285	ID:36	RPL: Sending a multicast-DIO with rank 558
1527789614	ID:32	RPL: Sending a multicast-DIO with rank 512
1528144893	ID:34	RPL: Sending a multicast-DIO with rank 299
1530847044	ID:33	RPL: Sending a multicast-DIO with rank 292
1531732285	ID:36	RPL: Sending a multicast-DIO with rank 558
1532789614	ID:32	RPL: Sending a multicast-DIO with rank 512
1533144893	ID:34	RPL: Sending a multicast-DIO with rank 299
1535847044	ID:33	RPL: Sending a multicast-DIO with rank 292
1536732285	ID:36	RPL: Sending a multicast-DIO with rank 558
1537789614	ID:32	RPL: Sending a multicast-DIO with rank 512
1538144893	ID:34	RPL: Sending a multicast-DIO with rank 299
1540847044	ID:33	RPL: Sending a multicast-DIO with rank 292
1541732285	ID:36	RPL: Sending a multicast-DIO with rank 558
1542789614	ID:32	RPL: Sending a multicast-DIO with rank 512
1543144893	ID:34	RPL: Sending a multicast-DIO with rank 299
1545847044	ID:33	RPL: Sending a multicast-DIO with rank 292
1546732285	ID:36	RPL: Sending a multicast-DIO with rank 558
1547789614	ID:32	RPL: Sending a multicast-DIO with rank 512
1548144893	ID:34	RPL: Sending a multicast-DIO with rank 299
1550847044	ID:33	RPL: Sending a multicast-DIO with rank 292
1551732285	ID:36	RPL: Sending a multicast-DIO with rank 558
1552789614	ID:32	RPL: Sending a multicast-DIO with rank 512
1553144893	ID:34	RPL: Sending a multicast-DIO with rank 299
1555847044	ID:33	RPL: Sending a multicast-DIO with rank 292
1556732285	ID:36	RPL: Sending a multicast-DIO with rank 558
1557789614	ID:32	RPL: Sending a multicast-DIO with rank 512
1558144893	ID:34	RPL: Sending a multicast-DIO with rank 299
1560847044	ID:33	RPL: Sending a multicast-DIO with rank 292
1561732285	ID:36	RPL: Sending a multicast-DIO with rank 558
1562699205	ID:35	RPL: Sending a DIS to fe80::c30c:0:0:7
1562789614	ID:32	RPL: Sending a multicast-DIO with rank 512
1563144893	ID:34	RPL: Sending a multicast-DIO with rank 299
1565847044	ID:33	RPL: Sending a multicast-DIO with rank 292
1566732285	ID:36	RPL: Sending a multicast-DIO with rank 558
1567789614	ID:32	RPL: Sending a multicast-DIO with rank 512
1568144893	ID:34	RPL: Sending a multicast-DIO with rank 299
1570847044	ID:33	RPL: Sending a multicast-DIO with rank 292
1571732285	ID:36	RPL: Sending a multicast-DIO with rank 558
1572789614	ID:32	RPL: Sending a multicast-DIO with rank 512
1573144893	ID:34	RPL: Sending a multicast-DIO with rank 299
1575847044	ID:33	RPL: Sending a multicast-DIO with rank 292
1576732285	ID:36	RPL: Sending a multicast-DIO with rank 558
1577789614	ID:32	RPL: Sending a multicast-DIO with rank 512
1578144893	ID:34	RPL: Sending a multicast-DIO with rank 299
1580847044	ID:33	RPL: Sending a multicast-DIO with rank 292
1581732285	ID:36	RPL: Sending a multicast-DIO with rank 558
1582789614	ID:32	RPL: Sending a multicast-DIO with rank 512
1583144893	ID:34	RPL: Sending a multicast-DIO with rank 299
1585847044	ID:33	RPL: Sending a multicast-DIO with rank 292
1586732285	ID:36	RPL: Sending a multicast-DIO with rank 558
1587789614	ID:32	RPL: Sending a multicast-DIO with rank 512
1588144893	ID:34	RPL: Sending a multicast-DIO with rank 299
1590847044	ID:33	RPL: Sending a multicast-DIO with rank 292
1591732285	ID:36	RPL: Sending a multicast-DIO with rank 558
1592789614	ID:32	RPL: Sending a multicast-DIO with rank 512
1593144893	ID:34	RPL: Sending a multicast-DIO with rank 299
1595847044	ID:33	RPL: Sending a multicast-DIO with rank 292
1596732285	ID:36	RPL: Sending a multicast-DIO with rank 558
1597789614	ID:32	RPL: Sending a multicast-DIO with rank 512
1598144893	ID:34	RPL: Sending a multicast-DIO with rank 299
1600847044	ID:33	RPL: Sending a multicast-DIO with rank 292
1601732285	ID:36	RPL: Sending a multicast-DIO with rank 558
1602789614	ID:32	RPL: Sending a multicast-DIO with rank 512
1603144893	ID:34	RPL: Sending a multicast-DIO with rank 299
1605847044	ID:33	RPL: Sending a multicast-DIO with rank 292
1606732285	ID:36	RPL: Sending a multicast-DIO with rank 558
1607789614	ID:32	RPL: Sending a multicast-DIO with rank 512
1608144893	ID:34	RPL: Sending a multicast-DIO with rank 299
1610847044	ID:33	RPL: Sending a multicast-DIO with rank 292
1611732285	ID:36	RPL: Sending a multicast-DIO with rank 558
1612789614	ID:32	RPL: Sending a multicast-DIO with rank 512
1613144893	ID:34	RPL: Sending a multicast-DIO with rank 299
1615847044	ID:33	RPL: Sending a multicast-DIO with rank 292
1616732285	ID:36	RPL: Sending a multicast-DIO with rank 558
1617789614	ID:32	RPL: Sending a multicast-DIO with rank 512
1618144893	ID:34	RPL: Sending a multicast-DIO with rank 299
1620847044	ID:33	RPL: Sending a multicast-DIO with rank 292
1621732285	ID:36	RPL: Sending a multicast-DIO with rank 558
1622699205	ID:35	RPL: Sending a DIS to fe80::c30c:0:0:7
1622789614	ID:32	RPL: Sending a multicast-DIO with rank 512
1623144893	ID:34	RPL: Sending a multicast-DIO with rank 299
1625847044	ID:33	RPL: Sending a multicast-DIO with rank 292
1626732285	ID:36	RPL: Sending a multicast-DIO with rank 558
1627789614	ID:32	RPL: Sending a multicast-DIO with rank 512
1628144893	ID:34	RPL: Sending a multicast-DIO with rank 299
1630847044	ID:33	RPL: Sending a multicast-DIO with rank 292
1631732292	ID:36	RPL: Sending a multicast-DIO with rank 558
1632789614	ID:32	RPL: Sending a multicast-DIO with rank 512
1633144893	ID:34	RPL: Sending a multicast-DIO with rank 299
1635847044	ID:33	RPL: Sending a multicast-DIO with rank 292
1636732285	ID:36	RPL: Sending a multicast-DIO with rank 558
1637789614	ID:32	RPL: Sending a multicast-DIO with rank 512
1638144893	ID:34	RPL: Sending a multicast-DIO with rank 299
1640847044	ID:33	RPL: Sending a multicast-DIO with rank 292
1641732285	ID:36	RPL: Sending a multicast-DIO with rank 558
1642789614	ID:32	RPL: Sending a multicast-DIO with rank 512
1643144893	ID:34	RPL: Sending a multicast-DIO with rank 299
1645847044	ID:33	RPL: Sending a multicast-DIO with rank 292
1646732285	ID:36	RPL: Sending a multicast-DIO with rank 558
1647789614	ID:32	RPL: Sending a multicast-DIO with rank 512
1648144893	ID:34	RPL: Sending a multicast-DIO with rank 299
1650847044	ID:33	RPL: Sending a multicast-DIO with rank 292
1651732285	ID:36	RPL: Sending a multicast-DIO with rank 558
1652789614	ID:32	RPL: Sending a multicast-DIO with rank 512
1653144893	ID:34	RPL: Sending a multicast-DIO with rank 299
1655847044	ID:33	RPL: Sending a multicast-DIO with rank 292
1656732285	ID:36	RPL: Sending a multicast-DIO with rank 558
1657789614	ID:32	RPL: Sending a multicast-DIO with rank 512
1658144893	ID:34	RPL: Sending a multicast-DIO with rank 299
1660847044	ID:33	RPL: Sending a multicast-DIO with rank 292
1661732285	ID:36	RPL: Sending a multicast-DIO with rank 558
1662789614	ID:32	RPL: Sending a multicast-DIO with rank 512
1663144893	ID:34	RPL: Sending a multicast-DIO with rank 299
1665847044	ID:33	RPL: Sending a multicast-DIO with rank 292
1666732285	ID:36	RPL: Sending a multicast-DIO with rank 558
1667789614	ID:32	RPL: Sending a multicast-DIO with rank 512
1668144893	ID:34	RPL: Sending a multicast-DIO with rank 299
1670847044	ID:33	RPL: Sending a multicast-DIO with rank 292
1671732285	ID:36	RPL: Sending a multicast-DIO with rank 558
1672789614	ID:32	RPL: Sending a multicast-DIO with rank 512
1673144893	ID:34	RPL: Sending a multicast-DIO with rank 299
1675847044	ID:33	RPL: Sending a multicast-DIO with rank 292
1676732285	ID:36	RPL: Sending a multicast-DIO with rank 558
1677789614	ID:32	RPL: Sending a multicast-DIO with rank 512
1678144893	ID:34	RPL: Sending a multicast-DIO with rank 299
1680847044	ID:33	RPL: Sending a multicast-DIO with rank 292
1681732285	ID:36	RPL: Sending a multicast-DIO with rank 558
1682699205	ID:35	RPL: Sending a DIS to fe80::c30c:0:0:7
1682789614	ID:32	RPL: Sending a multicast-DIO with rank 512
1683144893	ID:34	RPL: Sending a multicast-DIO with rank 299
1685847044	ID:33	RPL: Sending a multicast-DIO with rank 292
1686732285	ID:36	RPL: Sending a multicast-DIO with rank 558
1687789614	ID:32	RPL: Sending a multicast-DIO with rank 512
1688144893	ID:34	RPL: Sending a multicast-DIO with rank 299
1690847044	ID:33	RPL: Sending a multicast-DIO with rank 292
1691732285	ID:36	RPL: Sending a multicast-DIO with rank 558
1692789614	ID:32	RPL: Sending a multicast-DIO with rank 512
1693144893	ID:34	RPL: Sending a multicast-DIO with rank 299
1695847044	ID:33	RPL: Sending a multicast-DIO with rank 292
1696732285	ID:36	RPL: Sending a multicast-DIO with rank 558
1697789614	ID:32	RPL: Sending a multicast-DIO with rank 512
1698144893	ID:34	RPL: Sending a multicast-DIO with rank 299
1700847044	ID:33	RPL: Sending a multicast-DIO with rank 292
1701732285	ID:36	RPL: Sending a multicast-DIO with rank 558
1702789614	ID:32	RPL: Sending a multicast-DIO with rank 512
1703144893	ID:34	RPL: Sending a multicast-DIO with rank 299
1705847044	ID:33	RPL: Sending a multicast-DIO with rank 292
1706732285	ID:36	RPL: Sending a multicast-DIO with rank 558
1707789614	ID:32	RPL: Sending a multicast-DIO with rank 512
1708144893	ID:34	RPL: Sending a multicast-DIO with rank 299
1710847044	ID:33	RPL: Sending a multicast-DIO with rank 292
1711732285	ID:36	RPL: Sending a multicast-DIO with rank 558
1712789614	ID:32	RPL: Sending a multicast-DIO with rank 512
1713144893	ID:34	RPL: Sending a multicast-DIO with rank 299
1715847044	ID:33	RPL: Sending a multicast-DIO with rank 292
1716732285	ID:36	RPL: Sending a multicast-DIO with rank 558
1717789614	ID:32	RPL: Sending a multicast-DIO with rank 512
1718144893	ID:34	RPL: Sending a multicast-DIO with rank 299
1720847044	ID:33	RPL: Sending a multicast-DIO with rank 292
1721732285	ID:36	RPL: Sending a multicast-DIO with rank 558
1722789614	ID:32	RPL: Sending a multicast-DIO with rank 512
1723144893	ID:34	RPL: Sending a multicast-DIO with rank 299
1725847044	ID:33	RPL: Sending a multicast-DIO with rank 292
1726732285	ID:36	RPL: Sending a multicast-DIO with rank 558
1727789614	ID:32	RPL: Sending a multicast-DIO with rank 512
1728144893	ID:34	RPL: Sending a multicast-DIO with rank 299
1730847044	ID:33	RPL: Sending a multicast-DIO with rank 292
1731732285	ID:36	RPL: Sending a multicast-DIO with rank 558
1732789614	ID:32	RPL: Sending a multicast-DIO with rank 512
1733144893	ID:34	RPL: Sending a multicast-DIO with rank 299
1735847044	ID:33	RPL: Sending a multicast-DIO with rank 292
1736732285	ID:36	RPL: Sending a multicast-DIO with rank 558
1737789614	ID:32	RPL: Sending a multicast-DIO with rank 512
1738144893	ID:34	RPL: Sending a multicast-DIO with rank 299
1740847044	ID:33	RPL: Sending a multicast-DIO with rank 292
1741732285	ID:36	RPL: Sending a multicast-DIO with rank 558
1742699205	ID:35	RPL: Sending a DIS to fe80::c30c:0:0:7
1742789614	ID:32	RPL: Sending a multicast-DIO with rank 512
1743144893	ID:34	RPL: Sending a multicast-DIO with rank 299
1745847044	ID:33	RPL: Sending a multicast-DIO with rank 292
1746732285	ID:36	RPL: Sending a multicast-DIO with rank 558
1747789614	ID:32	RPL: Sending a multicast-DIO with rank 512
1748144893	ID:34	RPL: Sending a multicast-DIO with rank 299
1750847044	ID:33	RPL: Sending a multicast-DIO with rank 292
1751732285	ID:36	RPL: Sending a multicast-DIO with rank 558
1752789614	ID:32	RPL: Sending a multicast-DIO with rank 512
1753144893	ID:34	RPL: Sending a multicast-DIO with rank 299
1755847044	ID:33	RPL: Sending a multicast-DIO with rank 292
1756732285	ID:36	RPL: Sending a multicast-DIO with rank 558
1757789614	ID:32	RPL: Sending a multicast-DIO with rank 512
1758144893	ID:34	RPL: Sending a multicast-DIO with rank 299
1760847044	ID:33	RPL: Sending a multicast-DIO with rank 292
1761732285	ID:36	RPL: Sending a multicast-DIO with rank 558
1762789614	ID:32	RPL: Sending a multicast-DIO with rank 512
1763144893	ID:34	RPL: Sending a multicast-DIO with rank 299
1765847044	ID:33	RPL: Sending a multicast-DIO with rank 292
1766732285	ID:36	RPL: Sending a multicast-DIO with rank 558
1767789614	ID:32	RPL: Sending a multicast-DIO with rank 512
1768144893	ID:34	RPL: Sending a multicast-DIO with rank 299
1770847044	ID:33	RPL: Sending a multicast-DIO with rank 292
1771732285	ID:36	RPL: Sending a multicast-DIO with rank 558
1772789614	ID:32	RPL: Sending a multicast-DIO with rank 512
1773144900	ID:34	RPL: Sending a multicast-DIO with rank 299
1775847044	ID:33	RPL: Sending a multicast-DIO with rank 292
1776732285	ID:36	RPL: Sending a multicast-DIO with rank 558
1777789614	ID:32	RPL: Sending a multicast-DIO with rank 512
1778144893	ID:34	RPL: Sending a multicast-DIO with rank 299
1780847044	ID:33	RPL: Sending a multicast-DIO with rank 292
1781732285	ID:36	RPL: Sending a multicast-DIO with rank 558
1782789614	ID:32	RPL: Sending a multicast-DIO with rank 512
1783144893	ID:34	RPL: Sending a multicast-DIO with rank 299
1785847044	ID:33	RPL: Sending a multicast-DIO with rank 292
1786732285	ID:36	RPL: Sending a multicast-DIO with rank 558
1787789614	ID:32	RPL: Sending a multicast-DIO with rank 512
1788144893	ID:34	RPL: Sending a multicast-DIO with rank 299
1790847044	ID:33	RPL: Sending a multicast-DIO with rank 292
1791732285	ID:36	RPL: Sending a multicast-DIO with rank 558
1792789614	ID:32	RPL: Sending a multicast-DIO with rank 512
1793144893	ID:34	RPL: Sending a multicast-DIO with rank 299
1795847044	ID:33	RPL: Sending a multicast-DIO with rank 292
1796732285	ID:36	RPL: Sending a multicast-DIO with rank 558
1797789614	ID:32	RPL: Sending a multicast-DIO with rank 512
1798144893	ID:34	RPL: Sending a multicast-DIO with rank 299
