30162923	ID:34	RPL: Sending a DIS to fe80::c30c:0:0:6
30272759	ID:36	RPL: Sending a DIS to fe80::c30c:0:0:8
30526422	ID:35	RPL: Sending a DIS to fe80::c30c:0:0:7
30750469	ID:32	RPL: Sending a DIS to fe80::c30c:0:0:3
30957048	ID:33	RPL: Sending a DIS to fe80::c30c:0:0:2
33816522	ID:35	RPL: Received a DIO from fe80::c30c:0:0:7
33820295	ID:35	RPL: Incoming DIO (id, ver, rank) = (30,240,574)
33824793	ID:35	RPL: Incoming DIO (dag_id, pref) = (fd00::ff:fe00:1, 0)
33827019	ID:35	RPL: DIO option 4, length: 14
33832926	ID:35	RPL: DAG conf:dbl=8, min=12 red=6 maxinc=896 mininc=128 ocp=1 d_l=10 l_u=60
33835163	ID:35	RPL: DIO option 8, length: 30
33837432	ID:35	RPL: Copying prefix information
33846046	ID:35	RPL: Neighbor added to neighbor cache fe80::c30c:0:0:7, c1:0c:00:00:00:00:00:07
34165444	ID:32	RPL: Received a DIO from fe80::c30c:0:0:3
34169213	ID:32	RPL: Incoming DIO (id, ver, rank) = (30,240,640)
34173711	ID:32	RPL: Incoming DIO (dag_id, pref) = (fd00::ff:fe00:1, 0)
34175965	ID:32	RPL: DIO option 4, length: 14
34181873	ID:32	RPL: DAG conf:dbl=8, min=12 red=6 maxinc=896 mininc=128 ocp=1 d_l=10 l_u=60
34184134	ID:32	RPL: DIO option 8, length: 30
34186403	ID:32	RPL: Copying prefix information
34195159	ID:32	RPL: Neighbor added to neighbor cache fe80::c30c:0:0:3, c1:0c:00:00:00:00:00:03
38853152	ID:35	RPL: Sending a multicast-DIO with rank 574
39202269	ID:32	RPL: Sending a multicast-DIO with rank 640
43853132	ID:35	RPL: Sending a multicast-DIO with rank 574
44202248	ID:32	RPL: Sending a multicast-DIO with rank 640
48853131	ID:35	RPL: Sending a multicast-DIO with rank 574
49202248	ID:32	RPL: Sending a multicast-DIO with rank 640
52565002	ID:36	RPL: Received a DIO from fe80::c30c:0:0:8
52568772	ID:36	RPL: Incoming DIO (id, ver, rank) = (30,240,580)
52573283	ID:36	RPL: Incoming DIO (dag_id, pref) = (fd00::ff:fe00:1, 0)
52575509	ID:36	RPL: DIO option 4, length: 14
52581420	ID:36	RPL: DAG conf:dbl=8, min=12 red=6 maxinc=896 mininc=128 ocp=1 d_l=10 l_u=60
52583646	ID:36	RPL: DIO option 8, length: 30
52585915	ID:36	RPL: Copying prefix information
52596529	ID:36	RPL: Neighbor added to neighbor cache fe80::c30c:0:0:8, c1:0c:00:00:00:00:00:08
53853132	ID:35	RPL: Sending a multicast-DIO with rank 574
54202248	ID:32	RPL: Sending a multicast-DIO with rank 640
57607373	ID:36	RPL: Sending a multicast-DIO with rank 580
58853131	ID:35	RPL: Sending a multicast-DIO with rank 574
59120432	ID:33	RPL: Received a DIO from fe80::c30c:0:0:2
59124202	ID:33	RPL: Incoming DIO (id, ver, rank) = (30,240,555)
59128704	ID:33	RPL: Incoming DIO (dag_id, pref) = (fd00::ff:fe00:1, 0)
59130930	ID:33	RPL: DIO option 4, length: 14
59136837	ID:33	RPL: DAG conf:dbl=8, min=12 red=6 maxinc=896 mininc=128 ocp=1 d_l=10 l_u=60
59139063	ID:33	RPL: DIO option 8, length: 30
59141332	ID:33	RPL: Copying prefix information
59152346	ID:33	RPL: Neighbor added to neighbor cache fe80::c30c:0:0:2, c1:0c:00:00:00:00:00:02
59202248	ID:32	RPL: Sending a multicast-DIO with rank 640
62607352	ID:36	RPL: Sending a multicast-DIO with rank 580
63853132	ID:35	RPL: Sending a multicast-DIO with rank 574
64163788	ID:33	RPL: Sending a multicast-DIO with rank 555
64202248	ID:32	RPL: Sending a multicast-DIO with rank 640
67607352	ID:36	RPL: Sending a multicast-DIO with rank 580
68853131	ID:35	RPL: Sending a multicast-DIO with rank 574
69163766	ID:33	RPL: Sending a multicast-DIO with rank 555
69202248	ID:32	RPL: Sending a multicast-DIO with rank 640
72607352	ID:36	RPL: Sending a multicast-DIO with rank 580
73853131	ID:35	RPL: Sending a multicast-DIO with rank 574
74163766	ID:33	RPL: Sending a multicast-DIO with rank 555
74202248	ID:32	RPL: Sending a multicast-DIO with rank 640
77607352	ID:36	RPL: Sending a multicast-DIO with rank 580
78853131	ID:35	RPL: Sending a multicast-DIO with rank 574
79163766	ID:33	RPL: Sending a multicast-DIO with rank 555
79202248	ID:32	RPL: Sending a multicast-DIO with rank 640
82607352	ID:36	RPL: Sending a multicast-DIO with rank 580
82935748	ID:34	RPL: Sending a DIS to fe80::c30c:0:0:6
83853131	ID:35	RPL: Sending a multicast-DIO with rank 574
84163766	ID:33	RPL: Sending a multicast-DIO with rank 555
84202248	ID:32	RPL: Sending a multicast-DIO with rank 640
87607352	ID:36	RPL: Sending a multicast-DIO with rank 580
88853131	ID:35	RPL: Sending a multicast-DIO with rank 574
89163766	ID:33	RPL: Sending a multicast-DIO with rank 555
89202248	ID:32	RPL: Sending a multicast-DIO with rank 640
92607339	ID:36	RPL: Sending a multicast-DIO with rank 580
93853119	ID:35	RPL: Sending a multicast-DIO with rank 574
94163754	ID:33	RPL: Sending a multicast-DIO with rank 555
94202235	ID:32	RPL: Sending a multicast-DIO with rank 640
97607339	ID:36	RPL: Sending a multicast-DIO with rank 580
98853119	ID:35	RPL: Sending a multicast-DIO with rank 574
99163754	ID:33	RPL: Sending a multicast-DIO with rank 555
99202235	ID:32	RPL: Sending a multicast-DIO with rank 640
102607339	ID:36	RPL: Sending a multicast-DIO with rank 580
103853119	ID:35	RPL: Sending a multicast-DIO with rank 574
104163754	ID:33	RPL: Sending a multicast-DIO with rank 555
104202235	ID:32	RPL: Sending a multicast-DIO with rank 640
107607339	ID:36	RPL: Sending a multicast-DIO with rank 580
108853119	ID:35	RPL: Sending a multicast-DIO with rank 574
109163754	ID:33	RPL: Sending a multicast-DIO with rank 555
109202235	ID:32	RPL: Sending a multicast-DIO with rank 640
112607339	ID:36	RPL: Sending a multicast-DIO with rank 580
113853119	ID:35	RPL: Sending a multicast-DIO with rank 574
114163754	ID:33	RPL: Sending a multicast-DIO with rank 555
114202235	ID:32	RPL: Sending a multicast-DIO with rank 640
117607339	ID:36	RPL: Sending a multicast-DIO with rank 580
118853119	ID:35	RPL: Sending a multicast-DIO with rank 574
119163754	ID:33	RPL: Sending a multicast-DIO with rank 555
119202235	ID:32	RPL: Sending a multicast-DIO with rank 640
122607339	ID:36	RPL: Sending a multicast-DIO with rank 580
123853119	ID:35	RPL: Sending a multicast-DIO with rank 574
124163754	ID:33	RPL: Sending a multicast-DIO with rank 555
124202235	ID:32	RPL: Sending a multicast-DIO with rank 640
127607339	ID:36	RPL: Sending a multicast-DIO with rank 580
128853119	ID:35	RPL: Sending a multicast-DIO with rank 574
129163754	ID:33	RPL: Sending a multicast-DIO with rank 555
129202235	ID:32	RPL: Sending a multicast-DIO with rank 640
132607339	ID:36	RPL: Sending a multicast-DIO with rank 580
133853119	ID:35	RPL: Sending a multicast-DIO with rank 574
134163754	ID:33	RPL: Sending a multicast-DIO with rank 555
134202235	ID:32	RPL: Sending a multicast-DIO with rank 640
137607339	ID:36	RPL: Sending a multicast-DIO with rank 580
138853119	ID:35	RPL: Sending a multicast-DIO with rank 574
139163754	ID:33	RPL: Sending a multicast-DIO with rank 555
139202235	ID:32	RPL: Sending a multicast-DIO with rank 640
142607339	ID:36	RPL: Sending a multicast-DIO with rank 580
142935735	ID:34	RPL: Sending a DIS to fe80::c30c:0:0:6
143853119	ID:35	RPL: Sending a multicast-DIO with rank 574
144163754	ID:33	RPL: Sending a multicast-DIO with rank 555
144202235	ID:32	RPL: Sending a multicast-DIO with rank 640
147607339	ID:36	RPL: Sending a multicast-DIO with rank 580
148853119	ID:35	RPL: Sending a multicast-DIO with rank 574
149163754	ID:33	RPL: Sending a multicast-DIO with rank 555
149202235	ID:32	RPL: Sending a multicast-DIO with rank 640
152607339	ID:36	RPL: Sending a multicast-DIO with rank 580
153853119	ID:35	RPL: Sending a multicast-DIO with rank 574
154163754	ID:33	RPL: Sending a multicast-DIO with rank 555
154202235	ID:32	RPL: Sending a multicast-DIO with rank 640
157607339	ID:36	RPL: Sending a multicast-DIO with rank 580
158853119	ID:35	RPL: Sending a multicast-DIO with rank 574
159163754	ID:33	RPL: Sending a multicast-DIO with rank 555
159202235	ID:32	RPL: Sending a multicast-DIO with rank 640
162607339	ID:36	RPL: Sending a multicast-DIO with rank 580
163853119	ID:35	RPL: Sending a multicast-DIO with rank 574
164163754	ID:33	RPL: Sending a multicast-DIO with rank 555
164202235	ID:32	RPL: Sending a multicast-DIO with rank 640
167607339	ID:36	RPL: Sending a multicast-DIO with rank 580
168853119	ID:35	RPL: Sending a multicast-DIO with rank 574
169163754	ID:33	RPL: Sending a multicast-DIO with rank 555
169202235	ID:32	RPL: Sending a multicast-DIO with rank 640
172607339	ID:36	RPL: Sending a multicast-DIO with rank 580
173853119	ID:35	RPL: Sending a multicast-DIO with rank 574
174163754	ID:33	RPL: Sending a multicast-DIO with rank 555
174202235	ID:32	RPL: Sending a multicast-DIO with rank 640
177607339	ID:36	RPL: Sending a multicast-DIO with rank 580
178853119	ID:35	RPL: Sending a multicast-DIO with rank 574
179163754	ID:33	RPL: Sending a multicast-DIO with rank 555
179202235	ID:32	RPL: Sending a multicast-DIO with rank 640
182607339	ID:36	RPL: Sending a multicast-DIO with rank 580
183853119	ID:35	RPL: Sending a multicast-DIO with rank 574
184163754	ID:33	RPL: Sending a multicast-DIO with rank 555
184202235	ID:32	RPL: Sending a multicast-DIO with rank 640
187607339	ID:36	RPL: Sending a multicast-DIO with rank 580
188853119	ID:35	RPL: Sending a multicast-DIO with rank 574
189163754	ID:33	RPL: Sending a multicast-DIO with rank 555
189202235	ID:32	RPL: Sending a multicast-DIO with rank 640
192607339	ID:36	RPL: Sending a multicast-DIO with rank 580
193853119	ID:35	RPL: Sending a multicast-DIO with rank 574
194163754	ID:33	RPL: Sending a multicast-DIO with rank 555
194202235	ID:32	RPL: Sending a multicast-DIO with rank 640
197607339	ID:36	RPL: Sending a multicast-DIO with rank 580
198853119	ID:35	RPL: Sending a multicast-DIO with rank 574
199163754	ID:33	RPL: Sending a multicast-DIO with rank 555
199202235	ID:32	RPL: Sending a multicast-DIO with rank 640
202607339	ID:36	RPL: Sending a multicast-DIO with rank 580
202935735	ID:34	RPL: Sending a DIS to fe80::c30c:0:0:6
203853119	ID:35	RPL: Sending a multicast-DIO with rank 574
204163754	ID:33	RPL: Sending a multicast-DIO with rank 555
204202235	ID:32	RPL: Sending a multicast-DIO with rank 640
207607339	ID:36	RPL: Sending a multicast-DIO with rank 580
208853119	ID:35	RPL: Sending a multicast-DIO with rank 574
209163754	ID:33	RPL: Sending a multicast-DIO with rank 555
209202235	ID:32	RPL: Sending a multicast-DIO with rank 640
212607339	ID:36	RPL: Sending a multicast-DIO with rank 580
213853119	ID:35	RPL: Sending a multicast-DIO with rank 574
214163754	ID:33	RPL: Sending a multicast-DIO with rank 555
214202235	ID:32	RPL: Sending a multicast-DIO with rank 640
217607339	ID:36	RPL: Sending a multicast-DIO with rank 580
218853119	ID:35	RPL: Sending a multicast-DIO with rank 574
219163754	ID:33	RPL: Sending a multicast-DIO with rank 555
219202235	ID:32	RPL: Sending a multicast-DIO with rank 640
222607339	ID:36	RPL: Sending a multicast-DIO with rank 580
223853119	ID:35	RPL: Sending a multicast-DIO with rank 574
224163754	ID:33	RPL: Sending a multicast-DIO with rank 555
224202235	ID:32	RPL: Sending a multicast-DIO with rank 640
227607339	ID:36	RPL: Sending a multicast-DIO with rank 580
228853119	ID:35	RPL: Sending a multicast-DIO with rank 574
229163754	ID:33	RPL: Sending a multicast-DIO with rank 555
229202235	ID:32	RPL: Sending a multicast-DIO with rank 640
232607339	ID:36	RPL: Sending a multicast-DIO with rank 580
233853119	ID:35	RPL: Sending a multicast-DIO with rank 574
234163754	ID:33	RPL: Sending a multicast-DIO with rank 555
234202235	ID:32	RPL: Sending a multicast-DIO with rank 640
237607339	ID:36	RPL: Sending a multicast-DIO with rank 580
238853119	ID:35	RPL: Sending a multicast-DIO with rank 574
239163754	ID:33	RPL: Sending a multicast-DIO with rank 555
239202235	ID:32	RPL: Sending a multicast-DIO with rank 640
242607339	ID:36	RPL: Sending a multicast-DIO with rank 580
243853119	ID:35	RPL: Sending a multicast-DIO with rank 574
244163754	ID:33	RPL: Sending a multicast-DIO with rank 555
244202235	ID:32	RPL: Sending a multicast-DIO with rank 640
247607339	ID:36	RPL: Sending a multicast-DIO with rank 580
248853119	ID:35	RPL: Sending a multicast-DIO with rank 574
249163754	ID:33	RPL: Sending a multicast-DIO with rank 555
249202235	ID:32	RPL: Sending a multicast-DIO with rank 640
252607339	ID:36	RPL: Sending a multicast-DIO with rank 580
253853119	ID:35	RPL: Sending a multicast-DIO with rank 574
254163754	ID:33	RPL: Sending a multicast-DIO with rank 555
254202235	ID:32	RPL: Sending a multicast-DIO with rank 640
257607339	ID:36	RPL: Sending a multicast-DIO with rank 580
258853119	ID:35	RPL: Sending a multicast-DIO with rank 574
259163754	ID:33	RPL: Sending a multicast-DIO with rank 555
259202235	ID:32	RPL: Sending a multicast-DIO with rank 640
262607339	ID:36	RPL: Sending a multicast-DIO with rank 580
262935735	ID:34	RPL: Sending a DIS to fe80::c30c:0:0:6
263853119	ID:35	RPL: Sending a multicast-DIO with rank 574
264163754	ID:33	RPL: Sending a multicast-DIO with rank 555
264202235	ID:32	RPL: Sending a multicast-DIO with rank 640
267607339	ID:36	RPL: Sending a multicast-DIO with rank 580
268853119	ID:35	RPL: Sending a multicast-DIO with rank 574
269163754	ID:33	RPL: Sending a multicast-DIO with rank 555
269202235	ID:32	RPL: Sending a multicast-DIO with rank 640
272607339	ID:36	RPL: Sending a multicast-DIO with rank 580
273853119	ID:35	RPL: Sending a multicast-DIO with rank 574
274163754	ID:33	RPL: Sending a multicast-DIO with rank 555
274202235	ID:32	RPL: Sending a multicast-DIO with rank 640
277607339	ID:36	RPL: Sending a multicast-DIO with rank 580
278853119	ID:35	RPL: Sending a multicast-DIO with rank 574
279163754	ID:33	RPL: Sending a multicast-DIO with rank 555
279202235	ID:32	RPL: Sending a multicast-DIO with rank 640
282607339	ID:36	RPL: Sending a multicast-DIO with rank 580
283853119	ID:35	RPL: Sending a multicast-DIO with rank 574
284163754	ID:33	RPL: Sending a multicast-DIO with rank 555
284202235	ID:32	RPL: Sending a multicast-DIO with rank 640
287607339	ID:36	RPL: Sending a multicast-DIO with rank 580
288853119	ID:35	RPL: Sending a multicast-DIO with rank 574
289163754	ID:33	RPL: Sending a multicast-DIO with rank 555
289202235	ID:32	RPL: Sending a multicast-DIO with rank 640
292607339	ID:36	RPL: Sending a multicast-DIO with rank 580
293853119	ID:35	RPL: Sending a multicast-DIO with rank 574
294163754	ID:33	RPL: Sending a multicast-DIO with rank 555
294202235	ID:32	RPL: Sending a multicast-DIO with rank 640
297607339	ID:36	RPL: Sending a multicast-DIO with rank 580
298853119	ID:35	RPL: Sending a multicast-DIO with rank 574
299163754	ID:33	RPL: Sending a multicast-DIO with rank 555
299202235	ID:32	RPL: Sending a multicast-DIO with rank 640
302607339	ID:36	RPL: Sending a multicast-DIO with rank 580
303853119	ID:35	RPL: Sending a multicast-DIO with rank 574
304163754	ID:33	RPL: Sending a multicast-DIO with rank 555
304202235	ID:32	RPL: Sending a multicast-DIO with rank 640
307607339	ID:36	RPL: Sending a multicast-DIO with rank 580
308853119	ID:35	RPL: Sending a multicast-DIO with rank 574
309163754	ID:33	RPL: Sending a multicast-DIO with rank 555
309202235	ID:32	RPL: Sending a multicast-DIO with rank 640
312607339	ID:36	RPL: Sending a multicast-DIO with rank 580
313853119	ID:35	RPL: Sending a multicast-DIO with rank 574
314163754	ID:33	RPL: Sending a multicast-DIO with rank 555
314202235	ID:32	RPL: Sending a multicast-DIO with rank 640
317607339	ID:36	RPL: Sending a multicast-DIO with rank 580
318853119	ID:35	RPL: Sending a multicast-DIO with rank 574
319163754	ID:33	RPL: Sending a multicast-DIO with rank 555
319202235	ID:32	RPL: Sending a multicast-DIO with rank 640
322607339	ID:36	RPL: Sending a multicast-DIO with rank 580
322936303	ID:34	RPL: Sending a DIS to fe80::c30c:0:0:6
323853119	ID:35	RPL: Sending a multicast-DIO with rank 574
324163754	ID:33	RPL: Sending a multicast-DIO with rank 555
324202235	ID:32	RPL: Sending a multicast-DIO with rank 640
327607339	ID:36	RPL: Sending a multicast-DIO with rank 580
328853119	ID:35	RPL: Sending a multicast-DIO with rank 574
329163754	ID:33	RPL: Sending a multicast-DIO with rank 555
329202235	ID:32	RPL: Sending a multicast-DIO with rank 640
332607339	ID:36	RPL: Sending a multicast-DIO with rank 580
333853119	ID:35	RPL: Sending a multicast-DIO with rank 574
334163754	ID:33	RPL: Sending a multicast-DIO with rank 555
334202235	ID:32	RPL: Sending a multicast-DIO with rank 640
337607339	ID:36	RPL: Sending a multicast-DIO with rank 580
338853119	ID:35	RPL: Sending a multicast-DIO with rank 574
339163754	ID:33	RPL: Sending a multicast-DIO with rank 555
339202235	ID:32	RPL: Sending a multicast-DIO with rank 640
342607339	ID:36	RPL: Sending a multicast-DIO with rank 580
343853119	ID:35	RPL: Sending a multicast-DIO with rank 574
344163754	ID:33	RPL: Sending a multicast-DIO with rank 555
344202235	ID:32	RPL: Sending a multicast-DIO with rank 640
347607339	ID:36	RPL: Sending a multicast-DIO with rank 580
348853119	ID:35	RPL: Sending a multicast-DIO with rank 574
349163754	ID:33	RPL: Sending a multicast-DIO with rank 555
349202235	ID:32	RPL: Sending a multicast-DIO with rank 640
352607339	ID:36	RPL: Sending a multicast-DIO with rank 580
353853119	ID:35	RPL: Sending a multicast-DIO with rank 574
354163754	ID:33	RPL: Sending a multicast-DIO with rank 555
354202242	ID:32	RPL: Sending a multicast-DIO with rank 640
357607339	ID:36	RPL: Sending a multicast-DIO with rank 580
358853119	ID:35	RPL: Sending a multicast-DIO with rank 574
359163754	ID:33	RPL: Sending a multicast-DIO with rank 555
359202235	ID:32	RPL: Sending a multicast-DIO with rank 640
362607339	ID:36	RPL: Sending a multicast-DIO with rank 580
363853119	ID:35	RPL: Sending a multicast-DIO with rank 574
364163754	ID:33	RPL: Sending a multicast-DIO with rank 555
364202235	ID:32	RPL: Sending a multicast-DIO with rank 640
367607339	ID:36	RPL: Sending a multicast-DIO with rank 580
368853119	ID:35	RPL: Sending a multicast-DIO with rank 574
369163754	ID:33	RPL: Sending a multicast-DIO with rank 555
369202235	ID:32	RPL: Sending a multicast-DIO with rank 640
372607339	ID:36	RPL: Sending a multicast-DIO with rank 580
373853119	ID:35	RPL: Sending a multicast-DIO with rank 574
374163760	ID:33	RPL: Sending a multicast-DIO with rank 555
374202235	ID:32	RPL: Sending a multicast-DIO with rank 640
377607339	ID:36	RPL: Sending a multicast-DIO with rank 580
378853119	ID:35	RPL: Sending a multicast-DIO with rank 574
379163754	ID:33	RPL: Sending a multicast-DIO with rank 555
379202235	ID:32	RPL: Sending a multicast-DIO with rank 640
382607339	ID:36	RPL: Sending a multicast-DIO with rank 580
382935735	ID:34	RPL: Sending a DIS to fe80::c30c:0:0:6
383853119	ID:35	RPL: Sending a multicast-DIO with rank 574
384163754	ID:33	RPL: Sending a multicast-DIO with rank 555
384202235	ID:32	RPL: Sending a multicast-DIO with rank 640
387607339	ID:36	RPL: Sending a multicast-DIO with rank 580
388853119	ID:35	RPL: Sending a multicast-DIO with rank 574
389163754	ID:33	RPL: Sending a multicast-DIO with rank 555
389202235	ID:32	RPL: Sending a multicast-DIO with rank 640
392607339	ID:36	RPL: Sending a multicast-DIO with rank 580
393853119	ID:35	RPL: Sending a multicast-DIO with rank 574
394163754	ID:33	RPL: Sending a multicast-DIO with rank 555
394202235	ID:32	RPL: Sending a multicast-DIO with rank 640
397607339	ID:36	RPL: Sending a multicast-DIO with rank 580
398853119	ID:35	RPL: Sending a multicast-DIO with rank 574
399163754	ID:33	RPL: Sending a multicast-DIO with rank 555
399202235	ID:32	RPL: Sending a multicast-DIO with rank 640
402607339	ID:36	RPL: Sending a multicast-DIO with rank 580
403853119	ID:35	RPL: Sending a multicast-DIO with rank 574
404163754	ID:33	RPL: Sending a multicast-DIO with rank 555
404202235	ID:32	RPL: Sending a multicast-DIO with rank 640
407607339	ID:36	RPL: Sending a multicast-DIO with rank 580
408853119	ID:35	RPL: Sending a multicast-DIO with rank 574
409163754	ID:33	RPL: Sending a multicast-DIO with rank 555
409202235	ID:32	RPL: Sending a multicast-DIO with rank 640
412607339	ID:36	RPL: Sending a multicast-DIO with rank 580
413853119	ID:35	RPL: Sending a multicast-DIO with rank 574
414163754	ID:33	RPL: Sending a multicast-DIO with rank 555
414202235	ID:32	RPL: Sending a multicast-DIO with rank 640
417607339	ID:36	RPL: Sending a multicast-DIO with rank 580
418853119	ID:35	RPL: Sending a multicast-DIO with rank 574
419163754	ID:33	RPL: Sending a multicast-DIO with rank 555
419202235	ID:32	RPL: Sending a multicast-DIO with rank 640
422607339	ID:36	RPL: Sending a multicast-DIO with rank 580
423853125	ID:35	RPL: Sending a multicast-DIO with rank 574
424163754	ID:33	RPL: Sending a multicast-DIO with rank 555
424202235	ID:32	RPL: Sending a multicast-DIO with rank 640
427607339	ID:36	RPL: Sending a multicast-DIO with rank 580
428853119	ID:35	RPL: Sending a multicast-DIO with rank 574
429163754	ID:33	RPL: Sending a multicast-DIO with rank 555
429202235	ID:32	RPL: Sending a multicast-DIO with rank 640
432607339	ID:36	RPL: Sending a multicast-DIO with rank 580
433853119	ID:35	RPL: Sending a multicast-DIO with rank 574
434163754	ID:33	RPL: Sending a multicast-DIO with rank 555
434202235	ID:32	RPL: Sending a multicast-DIO with rank 640
437607346	ID:36	RPL: Sending a multicast-DIO with rank 580
438853119	ID:35	RPL: Sending a multicast-DIO with rank 574
439163754	ID:33	RPL: Sending a multicast-DIO with rank 555
439202235	ID:32	RPL: Sending a multicast-DIO with rank 640
442607339	ID:36	RPL: Sending a multicast-DIO with rank 580
442935735	ID:34	RPL: Sending a DIS to fe80::c30c:0:0:6
443853119	ID:35	RPL: Sending a multicast-DIO with rank 574
444163754	ID:33	RPL: Sending a multicast-DIO with rank 555
444202235	ID:32	RPL: Sending a multicast-DIO with rank 640
447607339	ID:36	RPL: Sending a multicast-DIO with rank 580
448853119	ID:35	RPL: Sending a multicast-DIO with rank 574
449163754	ID:33	RPL: Sending a multicast-DIO with rank 555
449202235	ID:32	RPL: Sending a multicast-DIO with rank 640
452607339	ID:36	RPL: Sending a multicast-DIO with rank 580
453853119	ID:35	RPL: Sending a multicast-DIO with rank 574
454163754	ID:33	RPL: Sending a multicast-DIO with rank 555
454202235	ID:32	RPL: Sending a multicast-DIO with rank 640
457607339	ID:36	RPL: Sending a multicast-DIO with rank 580
458853119	ID:35	RPL: Sending a multicast-DIO with rank 574
459163754	ID:33	RPL: Sending a multicast-DIO with rank 555
459202235	ID:32	RPL: Sending a multicast-DIO with rank 640
462607339	ID:36	RPL: Sending a multicast-DIO with rank 580
463853119	ID:35	RPL: Sending a multicast-DIO with rank 574
464163754	ID:33	RPL: Sending a multicast-DIO with rank 555
464202235	ID:32	RPL: Sending a multicast-DIO with rank 640
467607339	ID:36	RPL: Sending a multicast-DIO with rank 580
468853119	ID:35	RPL: Sending a multicast-DIO with rank 574
469163754	ID:33	RPL: Sending a multicast-DIO with rank 555
469202235	ID:32	RPL: Sending a multicast-DIO with rank 640
472607339	ID:36	RPL: Sending a multicast-DIO with rank 580
473853119	ID:35	RPL: Sending a multicast-DIO with rank 574
474163754	ID:33	RPL: Sending a multicast-DIO with rank 555
474202235	ID:32	RPL: Sending a multicast-DIO with rank 640
477607339	ID:36	RPL: Sending a multicast-DIO with rank 580
478853119	ID:35	RPL: Sending a multicast-DIO with rank 574
479163754	ID:33	RPL: Sending a multicast-DIO with rank 555
479202235	ID:32	RPL: Sending a multicast-DIO with rank 640
482607339	ID:36	RPL: Sending a multicast-DIO with rank 580
483853119	ID:35	RPL: Sending a multicast-DIO with rank 574
484163754	ID:33	RPL: Sending a multicast-DIO with rank 555
484202235	ID:32	RPL: Sending a multicast-DIO with rank 640
487607339	ID:36	RPL: Sending a multicast-DIO with rank 580
488853119	ID:35	RPL: Sending a multicast-DIO with rank 574
489163754	ID:33	RPL: Sending a multicast-DIO with rank 555
489202235	ID:32	RPL: Sending a multicast-DIO with rank 640
492607339	ID:36	RPL: Sending a multicast-DIO with rank 580
493853119	ID:35	RPL: Sending a multicast-DIO with rank 574
494163754	ID:33	RPL: Sending a multicast-DIO with rank 555
494202235	ID:32	RPL: Sending a multicast-DIO with rank 640
497607339	ID:36	RPL: Sending a multicast-DIO with rank 580
498853119	ID:35	RPL: Sending a multicast-DIO with rank 574
499163754	ID:33	RPL: Sending a multicast-DIO with rank 555
499202235	ID:32	RPL: Sending a multicast-DIO with rank 640
502607339	ID:36	RPL: Sending a multicast-DIO with rank 580
502935735	ID:34	RPL: Sending a DIS to fe80::c30c:0:0:6
503853119	ID:35	RPL: Sending a multicast-DIO with rank 574
504163754	ID:33	RPL: Sending a multicast-DIO with rank 555
504202235	ID:32	RPL: Sending a multicast-DIO with rank 640
507607339	ID:36	RPL: Sending a multicast-DIO with rank 580
508853119	ID:35	RPL: Sending a multicast-DIO with rank 574
509163754	ID:33	RPL: Sending a multicast-DIO with rank 555
509202235	ID:32	RPL: Sending a multicast-DIO with rank 640
512607339	ID:36	RPL: Sending a multicast-DIO with rank 580
513853119	ID:35	RPL: Sending a multicast-DIO with rank 574
514163754	ID:33	RPL: Sending a multicast-DIO with rank 555
514202235	ID:32	RPL: Sending a multicast-DIO with rank 640
517607339	ID:36	RPL: Sending a multicast-DIO with rank 580
518853119	ID:35	RPL: Sending a multicast-DIO with rank 574
519163754	ID:33	RPL: Sending a multicast-DIO with rank 555
519202235	ID:32	RPL: Sending a multicast-DIO with rank 640
522607339	ID:36	RPL: Sending a multicast-DIO with rank 580
523853119	ID:35	RPL: Sending a multicast-DIO with rank 574
524163754	ID:33	RPL: Sending a multicast-DIO with rank 555
524202235	ID:32	RPL: Sending a multicast-DIO with rank 640
527607339	ID:36	RPL: Sending a multicast-DIO with rank 580
528853119	ID:35	RPL: Sending a multicast-DIO with rank 574
529163754	ID:33	RPL: Sending a multicast-DIO with rank 555
529202235	ID:32	RPL: Sending a multicast-DIO with rank 640
532607339	ID:36	RPL: Sending a multicast-DIO with rank 580
533853119	ID:35	RPL: Sending a multicast-DIO with rank 574
534163754	ID:33	RPL: Sending a multicast-DIO with rank 555
534202235	ID:32	RPL: Sending a multicast-DIO with rank 640
537607339	ID:36	RPL: Sending a multicast-DIO with rank 580
538853119	ID:35	RPL: Sending a multicast-DIO with rank 574
539163754	ID:33	RPL: Sending a multicast-DIO with rank 555
539202235	ID:32	RPL: Sending a multicast-DIO with rank 640
542607339	ID:36	RPL: Sending a multicast-DIO with rank 580
543853119	ID:35	RPL: Sending a multicast-DIO with rank 574
544163754	ID:33	RPL: Sending a multicast-DIO with rank 555
544202235	ID:32	RPL: Sending a multicast-DIO with rank 640
547607339	ID:36	RPL: Sending a multicast-DIO with rank 580
548853119	ID:35	RPL: Sending a multicast-DIO with rank 574
549163754	ID:33	RPL: Sending a multicast-DIO with rank 555
549202235	ID:32	RPL: Sending a multicast-DIO with rank 640
552607339	ID:36	RPL: Sending a multicast-DIO with rank 580
553853119	ID:35	RPL: Sending a multicast-DIO with rank 574
554163754	ID:33	RPL: Sending a multicast-DIO with rank 555
554202235	ID:32	RPL: Sending a multicast-DIO with rank 640
557607339	ID:36	RPL: Sending a multicast-DIO with rank 580
558853119	ID:35	RPL: Sending a multicast-DIO with rank 574
559163754	ID:33	RPL: Sending a multicast-DIO with rank 555
559202235	ID:32	RPL: Sending a multicast-DIO with rank 640
562607339	ID:36	RPL: Sending a multicast-DIO with rank 580
562935735	ID:34	RPL: Sending a DIS to fe80::c30c:0:0:6
563853119	ID:35	RPL: Sending a multicast-DIO with rank 574
564163754	ID:33	RPL: Sending a multicast-DIO with rank 555
564202235	ID:32	RPL: Sending a multicast-DIO with rank 640
567607339	ID:36	RPL: Sending a multicast-DIO with rank 580
568853119	ID:35	RPL: Sending a multicast-DIO with rank 574
569163754	ID:33	RPL: Sending a multicast-DIO with rank 555
569202235	ID:32	RPL: Sending a multicast-DIO with rank 640
572607339	ID:36	RPL: Sending a multicast-DIO with rank 580
573853119	ID:35	RPL: Sending a multicast-DIO with rank 574
574163754	ID:33	RPL: Sending a multicast-DIO with rank 555
574202235	ID:32	RPL: Sending a multicast-DIO with rank 640
577607339	ID:36	RPL: Sending a multicast-DIO with rank 580
578853119	ID:35	RPL: Sending a multicast-DIO with rank 574
579163754	ID:33	RPL: Sending a multicast-DIO with rank 555
579202235	ID:32	RPL: Sending a multicast-DIO with rank 640
582607339	ID:36	RPL: Sending a multicast-DIO with rank 580
583853119	ID:35	RPL: Sending a multicast-DIO with rank 574
584163754	ID:33	RPL: Sending a multicast-DIO with rank 555
584202235	ID:32	RPL: Sending a multicast-DIO with rank 640
587607339	ID:36	RPL: Sending a multicast-DIO with rank 580
588853119	ID:35	RPL: Sending a multicast-DIO with rank 574
589163754	ID:33	RPL: Sending a multicast-DIO with rank 555
589202235	ID:32	RPL: Sending a multicast-DIO with rank 640
592607339	ID:36	RPL: Sending a multicast-DIO with rank 580
593853119	ID:35	RPL: Sending a multicast-DIO with rank 574
594163754	ID:33	RPL: Sending a multicast-DIO with rank 555
594202235	ID:32	RPL: Sending a multicast-DIO with rank 640
597607339	ID:36	RPL: Sending a multicast-DIO with rank 580
598853119	ID:35	RPL: Sending a multicast-DIO with rank 574
599163754	ID:33	RPL: Sending a multicast-DIO with rank 555
599202235	ID:32	RPL: Sending a multicast-DIO with rank 640
602607339	ID:36	RPL: Sending a multicast-DIO with rank 580
603853119	ID:35	RPL: Sending a multicast-DIO with rank 574
604163754	ID:33	RPL: Sending a multicast-DIO with rank 555
604202235	ID:32	RPL: Sending a multicast-DIO with rank 640
607607339	ID:36	RPL: Sending a multicast-DIO with rank 580
608853119	ID:35	RPL: Sending a multicast-DIO with rank 574
609163754	ID:33	RPL: Sending a multicast-DIO with rank 555
609202235	ID:32	RPL: Sending a multicast-DIO with rank 640
612607339	ID:36	RPL: Sending a multicast-DIO with rank 580
613853119	ID:35	RPL: Sending a multicast-DIO with rank 574
614163754	ID:33	RPL: Sending a multicast-DIO with rank 555
614202235	ID:32	RPL: Sending a multicast-DIO with rank 640
617607339	ID:36	RPL: Sending a multicast-DIO with rank 580
618853119	ID:35	RPL: Sending a multicast-DIO with rank 574
619163754	ID:33	RPL: Sending a multicast-DIO with rank 555
619202235	ID:32	RPL: Sending a multicast-DIO with rank 640
622607339	ID:36	RPL: Sending a multicast-DIO with rank 580
622935735	ID:34	RPL: Sending a DIS to fe80::c30c:0:0:6
623853119	ID:35	RPL: Sending a multicast-DIO with rank 574
624163754	ID:33	RPL: Sending a multicast-DIO with rank 555
624202235	ID:32	RPL: Sending a multicast-DIO with rank 640
627607339	ID:36	RPL: Sending a multicast-DIO with rank 580
628853119	ID:35	RPL: Sending a multicast-DIO with rank 574
629163754	ID:33	RPL: Sending a multicast-DIO with rank 555
629202235	ID:32	RPL: Sending a multicast-DIO with rank 640
632607339	ID:36	RPL: Sending a multicast-DIO with rank 580
633853119	ID:35	RPL: Sending a multicast-DIO with rank 574
634163754	ID:33	RPL: Sending a multicast-DIO with rank 555
634202235	ID:32	RPL: Sending a multicast-DIO with rank 640
637607339	ID:36	RPL: Sending a multicast-DIO with rank 580
638853119	ID:35	RPL: Sending a multicast-DIO with rank 574
639163754	ID:33	RPL: Sending a multicast-DIO with rank 555
639202235	ID:32	RPL: Sending a multicast-DIO with rank 640
642607339	ID:36	RPL: Sending a multicast-DIO with rank 580
643853119	ID:35	RPL: Sending a multicast-DIO with rank 574
644163754	ID:33	RPL: Sending a multicast-DIO with rank 555
644202235	ID:32	RPL: Sending a multicast-DIO with rank 640
647607339	ID:36	RPL: Sending a multicast-DIO with rank 580
648853119	ID:35	RPL: Sending a multicast-DIO with rank 574
649163754	ID:33	RPL: Sending a multicast-DIO with rank 555
649202235	ID:32	RPL: Sending a multicast-DIO with rank 640
652607339	ID:36	RPL: Sending a multicast-DIO with rank 580
653853119	ID:35	RPL: Sending a multicast-DIO with rank 574
654163754	ID:33	RPL: Sending a multicast-DIO with rank 555
654202235	ID:32	RPL: Sending a multicast-DIO with rank 640
657607339	ID:36	RPL: Sending a multicast-DIO with rank 580
658853119	ID:35	RPL: Sending a multicast-DIO with rank 574
659163754	ID:33	RPL: Sending a multicast-DIO with rank 555
659202235	ID:32	RPL: Sending a multicast-DIO with rank 640
662607339	ID:36	RPL: Sending a multicast-DIO with rank 580
663853119	ID:35	RPL: Sending a multicast-DIO with rank 574
664163754	ID:33	RPL: Sending a multicast-DIO with rank 555
664202235	ID:32	RPL: Sending a multicast-DIO with rank 640
667607339	ID:36	RPL: Sending a multicast-DIO with rank 580
668853119	ID:35	RPL: Sending a multicast-DIO with rank 574
669163754	ID:33	RPL: Sending a multicast-DIO with rank 555
669202235	ID:32	RPL: Sending a multicast-DIO with rank 640
672607339	ID:36	RPL: Sending a multicast-DIO with rank 580
673853119	ID:35	RPL: Sending a multicast-DIO with rank 574
674163754	ID:33	RPL: Sending a multicast-DIO with rank 555
674202235	ID:32	RPL: Sending a multicast-DIO with rank 640
677607339	ID:36	RPL: Sending a multicast-DIO with rank 580
678853119	ID:35	RPL: Sending a multicast-DIO with rank 574
679163754	ID:33	RPL: Sending a multicast-DIO with rank 555
679202235	ID:32	RPL: Sending a multicast-DIO with rank 640
682607339	ID:36	RPL: Sending a multicast-DIO with rank 580
682935735	ID:34	RPL: Sending a DIS to fe80::c30c:0:0:6
683853119	ID:35	RPL: Sending a multicast-DIO with rank 574
684163754	ID:33	RPL: Sending a multicast-DIO with rank 555
684202235	ID:32	RPL: Sending a multicast-DIO with rank 640
687607339	ID:36	RPL: Sending a multicast-DIO with rank 580
688853119	ID:35	RPL: Sending a multicast-DIO with rank 574
689163754	ID:33	RPL: Sending a multicast-DIO with rank 555
689202235	ID:32	RPL: Sending a multicast-DIO with rank 640
692607339	ID:36	RPL: Sending a multicast-DIO with rank 580
693853119	ID:35	RPL: Sending a multicast-DIO with rank 574
694163754	ID:33	RPL: Sending a multicast-DIO with rank 555
694202236	ID:32	RPL: Sending a multicast-DIO with rank 640
697607339	ID:36	RPL: Sending a multicast-DIO with rank 580
698853119	ID:35	RPL: Sending a multicast-DIO with rank 574
699163754	ID:33	RPL: Sending a multicast-DIO with rank 555
699202236	ID:32	RPL: Sending a multicast-DIO with rank 640
702607339	ID:36	RPL: Sending a multicast-DIO with rank 580
703853119	ID:35	RPL: Sending a multicast-DIO with rank 574
704163754	ID:33	RPL: Sending a multicast-DIO with rank 555
704202235	ID:32	RPL: Sending a multicast-DIO with rank 640
707607339	ID:36	RPL: Sending a multicast-DIO with rank 580
708853119	ID:35	RPL: Sending a multicast-DIO with rank 574
709163754	ID:33	RPL: Sending a multicast-DIO with rank 555
709202236	ID:32	RPL: Sending a multicast-DIO with rank 640
712607339	ID:36	RPL: Sending a multicast-DIO with rank 580
713853119	ID:35	RPL: Sending a multicast-DIO with rank 574
714163754	ID:33	RPL: Sending a multicast-DIO with rank 555
714202235	ID:32	RPL: Sending a multicast-DIO with rank 640
717607339	ID:36	RPL: Sending a multicast-DIO with rank 580
718853119	ID:35	RPL: Sending a multicast-DIO with rank 574
719163754	ID:33	RPL: Sending a multicast-DIO with rank 555
719202235	ID:32	RPL: Sending a multicast-DIO with rank 640
722607339	ID:36	RPL: Sending a multicast-DIO with rank 580
723853126	ID:35	RPL: Sending a multicast-DIO with rank 574
724163754	ID:33	RPL: Sending a multicast-DIO with rank 555
724202242	ID:32	RPL: Sending a multicast-DIO with rank 640
727607339	ID:36	RPL: Sending a multicast-DIO with rank 580
728853119	ID:35	RPL: Sending a multicast-DIO with rank 574
729163754	ID:33	RPL: Sending a multicast-DIO with rank 555
729202236	ID:32	RPL: Sending a multicast-DIO with rank 640
732607339	ID:36	RPL: Sending a multicast-DIO with rank 580
733853119	ID:35	RPL: Sending a multicast-DIO with rank 574
734163754	ID:33	RPL: Sending a multicast-DIO with rank 555
734202236	ID:32	RPL: Sending a multicast-DIO with rank 640
737607339	ID:36	RPL: Sending a multicast-DIO with rank 580
738853119	ID:35	RPL: Sending a multicast-DIO with rank 574
739163754	ID:33	RPL: Sending a multicast-DIO with rank 555
739202236	ID:32	RPL: Sending a multicast-DIO with rank 640
742607339	ID:36	RPL: Sending a multicast-DIO with rank 580
742935735	ID:34	RPL: Sending a DIS to fe80::c30c:0:0:6
743853119	ID:35	RPL: Sending a multicast-DIO with rank 574
744163754	ID:33	RPL: Sending a multicast-DIO with rank 555
744202236	ID:32	RPL: Sending a multicast-DIO with rank 640
747607339	ID:36	RPL: Sending a multicast-DIO with rank 580
748853119	ID:35	RPL: Sending a multicast-DIO with rank 574
749163754	ID:33	RPL: Sending a multicast-DIO with rank 555
749202236	ID:32	RPL: Sending a multicast-DIO with rank 640
752607339	ID:36	RPL: Sending a multicast-DIO with rank 580
753853119	ID:35	RPL: Sending a multicast-DIO with rank 574
754163754	ID:33	RPL: Sending a multicast-DIO with rank 555
754202236	ID:32	RPL: Sending a multicast-DIO with rank 640
757607339	ID:36	RPL: Sending a multicast-DIO with rank 580
758853119	ID:35	RPL: Sending a multicast-DIO with rank 574
759163754	ID:33	RPL: Sending a multicast-DIO with rank 555
759202235	ID:32	RPL: Sending a multicast-DIO with rank 640
762607339	ID:36	RPL: Sending a multicast-DIO with rank 580
763853119	ID:35	RPL: Sending a multicast-DIO with rank 574
764163754	ID:33	RPL: Sending a multicast-DIO with rank 555
764202235	ID:32	RPL: Sending a multicast-DIO with rank 640
767607339	ID:36	RPL: Sending a multicast-DIO with rank 580
768853119	ID:35	RPL: Sending a multicast-DIO with rank 574
769163761	ID:33	RPL: Sending a multicast-DIO with rank 555
769202236	ID:32	RPL: Sending a multicast-DIO with rank 640
772607339	ID:36	RPL: Sending a multicast-DIO with rank 580
773853119	ID:35	RPL: Sending a multicast-DIO with rank 574
774163754	ID:33	RPL: Sending a multicast-DIO with rank 555
774202236	ID:32	RPL: Sending a multicast-DIO with rank 640
777607339	ID:36	RPL: Sending a multicast-DIO with rank 580
778853119	ID:35	RPL: Sending a multicast-DIO with rank 574
779163754	ID:33	RPL: Sending a multicast-DIO with rank 555
779202235	ID:32	RPL: Sending a multicast-DIO with rank 640
782607339	ID:36	RPL: Sending a multicast-DIO with rank 580
783853119	ID:35	RPL: Sending a multicast-DIO with rank 574
784163754	ID:33	RPL: Sending a multicast-DIO with rank 555
784202236	ID:32	RPL: Sending a multicast-DIO with rank 640
787607340	ID:36	RPL: Sending a multicast-DIO with rank 580
788853119	ID:35	RPL: Sending a multicast-DIO with rank 574
789163754	ID:33	RPL: Sending a multicast-DIO with rank 555
789202235	ID:32	RPL: Sending a multicast-DIO with rank 640
792607339	ID:36	RPL: Sending a multicast-DIO with rank 580
793853119	ID:35	RPL: Sending a multicast-DIO with rank 574
794163754	ID:33	RPL: Sending a multicast-DIO with rank 555
794202235	ID:32	RPL: Sending a multicast-DIO with rank 640
797607339	ID:36	RPL: Sending a multicast-DIO with rank 580
798853119	ID:35	RPL: Sending a multicast-DIO with rank 574
799163754	ID:33	RPL: Sending a multicast-DIO with rank 555
799202236	ID:32	RPL: Sending a multicast-DIO with rank 640
802607339	ID:36	RPL: Sending a multicast-DIO with rank 580
802935735	ID:34	RPL: Sending a DIS to fe80::c30c:0:0:6
803853119	ID:35	RPL: Sending a multicast-DIO with rank 574
804163754	ID:33	RPL: Sending a multicast-DIO with rank 555
804202236	ID:32	RPL: Sending a multicast-DIO with rank 640
807607339	ID:36	RPL: Sending a multicast-DIO with rank 580
808853119	ID:35	RPL: Sending a multicast-DIO with rank 574
809163754	ID:33	RPL: Sending a multicast-DIO with rank 555
809202235	ID:32	RPL: Sending a multicast-DIO with rank 640
812607339	ID:36	RPL: Sending a multicast-DIO with rank 580
813853119	ID:35	RPL: Sending a multicast-DIO with rank 574
814163754	ID:33	RPL: Sending a multicast-DIO with rank 555
814202236	ID:32	RPL: Sending a multicast-DIO with rank 640
817607339	ID:36	RPL: Sending a multicast-DIO with rank 580
818853119	ID:35	RPL: Sending a multicast-DIO with rank 574
819163754	ID:33	RPL: Sending a multicast-DIO with rank 555
819202236	ID:32	RPL: Sending a multicast-DIO with rank 640
822607339	ID:36	RPL: Sending a multicast-DIO with rank 580
823853119	ID:35	RPL: Sending a multicast-DIO with rank 574
824163754	ID:33	RPL: Sending a multicast-DIO with rank 555
824202236	ID:32	RPL: Sending a multicast-DIO with rank 640
827607339	ID:36	RPL: Sending a multicast-DIO with rank 580
828853119	ID:35	RPL: Sending a multicast-DIO with rank 574
829163754	ID:33	RPL: Sending a multicast-DIO with rank 555
829202236	ID:32	RPL: Sending a multicast-DIO with rank 640
832607339	ID:36	RPL: Sending a multicast-DIO with rank 580
833853119	ID:35	RPL: Sending a multicast-DIO with rank 574
834163754	ID:33	RPL: Sending a multicast-DIO with rank 555
834202235	ID:32	RPL: Sending a multicast-DIO with rank 640
837607339	ID:36	RPL: Sending a multicast-DIO with rank 580
838853119	ID:35	RPL: Sending a multicast-DIO with rank 574
839163754	ID:33	RPL: Sending a multicast-DIO with rank 555
839202236	ID:32	RPL: Sending a multicast-DIO with rank 640
842607346	ID:36	RPL: Sending a multicast-DIO with rank 580
843853119	ID:35	RPL: Sending a multicast-DIO with rank 574
844163754	ID:33	RPL: Sending a multicast-DIO with rank 555
844202236	ID:32	RPL: Sending a multicast-DIO with rank 640
847607340	ID:36	RPL: Sending a multicast-DIO with rank 580
848853119	ID:35	RPL: Sending a multicast-DIO with rank 574
849163754	ID:33	RPL: Sending a multicast-DIO with rank 555
849202235	ID:32	RPL: Sending a multicast-DIO with rank 640
852607339	ID:36	RPL: Sending a multicast-DIO with rank 580
853853119	ID:35	RPL: Sending a multicast-DIO with rank 574
854163754	ID:33	RPL: Sending a multicast-DIO with rank 555
854202236	ID:32	RPL: Sending a multicast-DIO with rank 640
857607340	ID:36	RPL: Sending a multicast-DIO with rank 580
858853119	ID:35	RPL: Sending a multicast-DIO with rank 574
859163754	ID:33	RPL: Sending a multicast-DIO with rank 555
859202236	ID:32	RPL: Sending a multicast-DIO with rank 640
862607339	ID:36	RPL: Sending a multicast-DIO with rank 580
862935735	ID:34	RPL: Sending a DIS to fe80::c30c:0:0:6
863853119	ID:35	RPL: Sending a multicast-DIO with rank 574
864163754	ID:33	RPL: Sending a multicast-DIO with rank 555
864202236	ID:32	RPL: Sending a multicast-DIO with rank 640
867607339	ID:36	RPL: Sending a multicast-DIO with rank 580
868853119	ID:35	RPL: Sending a multicast-DIO with rank 574
869163754	ID:33	RPL: Sending a multicast-DIO with rank 555
869202235	ID:32	RPL: Sending a multicast-DIO with rank 640
872607339	ID:36	RPL: Sending a multicast-DIO with rank 580
873853119	ID:35	RPL: Sending a multicast-DIO with rank 574
874163754	ID:33	RPL: Sending a multicast-DIO with rank 555
874202236	ID:32	RPL: Sending a multicast-DIO with rank 640
877607339	ID:36	RPL: Sending a multicast-DIO with rank 580
878853119	ID:35	RPL: Sending a multicast-DIO with rank 574
879163754	ID:33	RPL: Sending a multicast-DIO with rank 555
879202236	ID:32	RPL: Sending a multicast-DIO with rank 640
882607339	ID:36	RPL: Sending a multicast-DIO with rank 580
883853119	ID:35	RPL: Sending a multicast-DIO with rank 574
884163754	ID:33	RPL: Sending a multicast-DIO with rank 555
884202235	ID:32	RPL: Sending a multicast-DIO with rank 640
887607339	ID:36	RPL: Sending a multicast-DIO with rank 580
888853119	ID:35	RPL: Sending a multicast-DIO with rank 574
889163754	ID:33	RPL: Sending a multicast-DIO with rank 555
889202236	ID:32	RPL: Sending a multicast-DIO with rank 640
892607339	ID:36	RPL: Sending a multicast-DIO with rank 580
893853119	ID:35	RPL: Sending a multicast-DIO with rank 574
894163754	ID:33	RPL: Sending a multicast-DIO with rank 555
894202236	ID:32	RPL: Sending a multicast-DIO with rank 640
897607340	ID:36	RPL: Sending a multicast-DIO with rank 580
898853119	ID:35	RPL: Sending a multicast-DIO with rank 574
899163754	ID:33	RPL: Sending a multicast-DIO with rank 555
899202236	ID:32	RPL: Sending a multicast-DIO with rank 640
902607339	ID:36	RPL: Sending a multicast-DIO with rank 580
903853119	ID:35	RPL: Sending a multicast-DIO with rank 574
904163754	ID:33	RPL: Sending a multicast-DIO with rank 555
904202236	ID:32	RPL: Sending a multicast-DIO with rank 640
907607339	ID:36	RPL: Sending a multicast-DIO with rank 580
908853119	ID:35	RPL: Sending a multicast-DIO with rank 574
909163754	ID:33	RPL: Sending a multicast-DIO with rank 555
909202236	ID:32	RPL: Sending a multicast-DIO with rank 640
912607340	ID:36	RPL: Sending a multicast-DIO with rank 580
913853119	ID:35	RPL: Sending a multicast-DIO with rank 574
914163754	ID:33	RPL: Sending a multicast-DIO with rank 555
914202235	ID:32	RPL: Sending a multicast-DIO with rank 640
917607339	ID:36	RPL: Sending a multicast-DIO with rank 580
918853119	ID:35	RPL: Sending a multicast-DIO with rank 574
919163754	ID:33	RPL: Sending a multicast-DIO with rank 555
919202236	ID:32	RPL: Sending a multicast-DIO with rank 640
922607339	ID:36	RPL: Sending a multicast-DIO with rank 580
922935735	ID:34	RPL: Sending a DIS to fe80::c30c:0:0:6
923853119	ID:35	RPL: Sending a multicast-DIO with rank 574
924163754	ID:33	RPL: Sending a multicast-DIO with rank 555
924202236	ID:32	RPL: Sending a multicast-DIO with rank 640
927607339	ID:36	RPL: Sending a multicast-DIO with rank 580
928853119	ID:35	RPL: Sending a multicast-DIO with rank 574
929163754	ID:33	RPL: Sending a multicast-DIO with rank 555
929202235	ID:32	RPL: Sending a multicast-DIO with rank 640
932607339	ID:36	RPL: Sending a multicast-DIO with rank 580
933853119	ID:35	RPL: Sending a multicast-DIO with rank 574
934163754	ID:33	RPL: Sending a multicast-DIO with rank 555
934202236	ID:32	RPL: Sending a multicast-DIO with rank 640
937607339	ID:36	RPL: Sending a multicast-DIO with rank 580
938853119	ID:35	RPL: Sending a multicast-DIO with rank 574
939163754	ID:33	RPL: Sending a multicast-DIO with rank 555
939202236	ID:32	RPL: Sending a multicast-DIO with rank 640
942607339	ID:36	RPL: Sending a multicast-DIO with rank 580
943853119	ID:35	RPL: Sending a multicast-DIO with rank 574
944163754	ID:33	RPL: Sending a multicast-DIO with rank 555
944202235	ID:32	RPL: Sending a multicast-DIO with rank 640
947607339	ID:36	RPL: Sending a multicast-DIO with rank 580
948853119	ID:35	RPL: Sending a multicast-DIO with rank 574
949163754	ID:33	RPL: Sending a multicast-DIO with rank 555
949202236	ID:32	RPL: Sending a multicast-DIO with rank 640
952607339	ID:36	RPL: Sending a multicast-DIO with rank 580
953853119	ID:35	RPL: Sending a multicast-DIO with rank 574
954163754	ID:33	RPL: Sending a multicast-DIO with rank 555
954202235	ID:32	RPL: Sending a multicast-DIO with rank 640
957607339	ID:36	RPL: Sending a multicast-DIO with rank 580
958853119	ID:35	RPL: Sending a multicast-DIO with rank 574
959163754	ID:33	RPL: Sending a multicast-DIO with rank 555
959202235	ID:32	RPL: Sending a multicast-DIO with rank 640
962607339	ID:36	RPL: Sending a multicast-DIO with rank 580
963853119	ID:35	RPL: Sending a multicast-DIO with rank 574
964163754	ID:33	RPL: Sending a multicast-DIO with rank 555
964202236	ID:32	RPL: Sending a multicast-DIO with rank 640
967607339	ID:36	RPL: Sending a multicast-DIO with rank 580
968853119	ID:35	RPL: Sending a multicast-DIO with rank 574
969163754	ID:33	RPL: Sending a multicast-DIO with rank 555
969202236	ID:32	RPL: Sending a multicast-DIO with rank 640
972607340	ID:36	RPL: Sending a multicast-DIO with rank 580
973853119	ID:35	RPL: Sending a multicast-DIO with rank 574
974163754	ID:33	RPL: Sending a multicast-DIO with rank 555
974202235	ID:32	RPL: Sending a multicast-DIO with rank 640
977607339	ID:36	RPL: Sending a multicast-DIO with rank 580
978853119	ID:35	RPL: Sending a multicast-DIO with rank 574
979163754	ID:33	RPL: Sending a multicast-DIO with rank 555
979202235	ID:32	RPL: Sending a multicast-DIO with rank 640
982607339	ID:36	RPL: Sending a multicast-DIO with rank 580
982935735	ID:34	RPL: Sending a DIS to fe80::c30c:0:0:6
983853119	ID:35	RPL: Sending a multicast-DIO with rank 574
984163754	ID:33	RPL: Sending a multicast-DIO with rank 555
984202235	ID:32	RPL: Sending a multicast-DIO with rank 640
987607339	ID:36	RPL: Sending a multicast-DIO with rank 580
988853119	ID:35	RPL: Sending a multicast-DIO with rank 574
989163754	ID:33	RPL: Sending a multicast-DIO with rank 555
989202235	ID:32	RPL: Sending a multicast-DIO with rank 640
992607339	ID:36	RPL: Sending a multicast-DIO with rank 580
993853119	ID:35	RPL: Sending a multicast-DIO with rank 574
994163754	ID:33	RPL: Sending a multicast-DIO with rank 555
994202236	ID:32	RPL: Sending a multicast-DIO with rank 640
997607339	ID:36	RPL: Sending a multicast-DIO with rank 580
998853119	ID:35	RPL: Sending a multicast-DIO with rank 574
999163754	ID:33	RPL: Sending a multicast-DIO with rank 555
999202236	ID:32	RPL: Sending a multicast-DIO with rank 640
1002607339	ID:36	RPL: Sending a multicast-DIO with rank 580
1003853119	ID:35	RPL: Sending a multicast-DIO with rank 574
1004163754	ID:33	RPL: Sending a multicast-DIO with rank 555
1004202235	ID:32	RPL: Sending a multicast-DIO with rank 640
1007607339	ID:36	RPL: Sending a multicast-DIO with rank 580
1008853119	ID:35	RPL: Sending a multicast-DIO with rank 574
1009163754	ID:33	RPL: Sending a multicast-DIO with rank 555
1009202236	ID:32	RPL: Sending a multicast-DIO with rank 640
1012607339	ID:36	RPL: Sending a multicast-DIO with rank 580
1013853119	ID:35	RPL: Sending a multicast-DIO with rank 574
1014163754	ID:33	RPL: Sending a multicast-DIO with rank 555
1014202235	ID:32	RPL: Sending a multicast-DIO with rank 640
1017607339	ID:36	RPL: Sending a multicast-DIO with rank 580
1018853119	ID:35	RPL: Sending a multicast-DIO with rank 574
1019163754	ID:33	RPL: Sending a multicast-DIO with rank 555
1019202235	ID:32	RPL: Sending a multicast-DIO with rank 640
1022607339	ID:36	RPL: Sending a multicast-DIO with rank 580
1023853119	ID:35	RPL: Sending a multicast-DIO with rank 574
1024163754	ID:33	RPL: Sending a multicast-DIO with rank 555
1024202236	ID:32	RPL: Sending a multicast-DIO with rank 640
1027607340	ID:36	RPL: Sending a multicast-DIO with rank 580
1028853120	ID:35	RPL: Sending a multicast-DIO with rank 574
1029163755	ID:33	RPL: Sending a multicast-DIO with rank 555
1029202243	ID:32	RPL: Sending a multicast-DIO with rank 640
1032607340	ID:36	RPL: Sending a multicast-DIO with rank 580
1033853120	ID:35	RPL: Sending a multicast-DIO with rank 574
1034163755	ID:33	RPL: Sending a multicast-DIO with rank 555
1034202236	ID:32	RPL: Sending a multicast-DIO with rank 640
1037607340	ID:36	RPL: Sending a multicast-DIO with rank 580
1038853120	ID:35	RPL: Sending a multicast-DIO with rank 574
1039163755	ID:33	RPL: Sending a multicast-DIO with rank 555
1039202236	ID:32	RPL: Sending a multicast-DIO with rank 640
1042607340	ID:36	RPL: Sending a multicast-DIO with rank 580
1042935736	ID:34	RPL: Sending a DIS to fe80::c30c:0:0:6
1043853120	ID:35	RPL: Sending a multicast-DIO with rank 574
1044163755	ID:33	RPL: Sending a multicast-DIO with rank 555
1044202236	ID:32	RPL: Sending a multicast-DIO with rank 640
1047607340	ID:36	RPL: Sending a multicast-DIO with rank 580
1048853120	ID:35	RPL: Sending a multicast-DIO with rank 574
1049163755	ID:33	RPL: Sending a multicast-DIO with rank 555
1049202236	ID:32	RPL: Sending a multicast-DIO with rank 640
1052607340	ID:36	RPL: Sending a multicast-DIO with rank 580
1053853127	ID:35	RPL: Sending a multicast-DIO with rank 574
1054163755	ID:33	RPL: Sending a multicast-DIO with rank 555
1054202236	ID:32	RPL: Sending a multicast-DIO with rank 640
1057607340	ID:36	RPL: Sending a multicast-DIO with rank 580
1058853120	ID:35	RPL: Sending a multicast-DIO with rank 574
1059163755	ID:33	RPL: Sending a multicast-DIO with rank 555
1059202236	ID:32	RPL: Sending a multicast-DIO with rank 640
1062607340	ID:36	RPL: Sending a multicast-DIO with rank 580
1063853120	ID:35	RPL: Sending a multicast-DIO with rank 574
1064163755	ID:33	RPL: Sending a multicast-DIO with rank 555
1064202236	ID:32	RPL: Sending a multicast-DIO with rank 640
1067607340	ID:36	RPL: Sending a multicast-DIO with rank 580
1068853120	ID:35	RPL: Sending a multicast-DIO with rank 574
1069163755	ID:33	RPL: Sending a multicast-DIO with rank 555
1069202236	ID:32	RPL: Sending a multicast-DIO with rank 640
1072607340	ID:36	RPL: Sending a multicast-DIO with rank 580
1073853120	ID:35	RPL: Sending a multicast-DIO with rank 574
1074163755	ID:33	RPL: Sending a multicast-DIO with rank 555
1074202236	ID:32	RPL: Sending a multicast-DIO with rank 640
1077607340	ID:36	RPL: Sending a multicast-DIO with rank 580
1078853120	ID:35	RPL: Sending a multicast-DIO with rank 574
1079163755	ID:33	RPL: Sending a multicast-DIO with rank 555
1079202236	ID:32	RPL: Sending a multicast-DIO with rank 640
1082607340	ID:36	RPL: Sending a multicast-DIO with rank 580
1083853120	ID:35	RPL: Sending a multicast-DIO with rank 574
1084163755	ID:33	RPL: Sending a multicast-DIO with rank 555
1084202236	ID:32	RPL: Sending a multicast-DIO with rank 640
1087607340	ID:36	RPL: Sending a multicast-DIO with rank 580
1088853120	ID:35	RPL: Sending a multicast-DIO with rank 574
1089163755	ID:33	RPL: Sending a multicast-DIO with rank 555
1089202236	ID:32	RPL: Sending a multicast-DIO with rank 640
1092607340	ID:36	RPL: Sending a multicast-DIO with rank 580
1093853120	ID:35	RPL: Sending a multicast-DIO with rank 574
1094163755	ID:33	RPL: Sending a multicast-DIO with rank 555
1094202236	ID:32	RPL: Sending a multicast-DIO with rank 640
1097607340	ID:36	RPL: Sending a multicast-DIO with rank 580
1098853120	ID:35	RPL: Sending a multicast-DIO with rank 574
1099163755	ID:33	RPL: Sending a multicast-DIO with rank 555
1099202236	ID:32	RPL: Sending a multicast-DIO with rank 640
1102607340	ID:36	RPL: Sending a multicast-DIO with rank 580
1102935736	ID:34	RPL: Sending a DIS to fe80::c30c:0:0:6
1103853120	ID:35	RPL: Sending a multicast-DIO with rank 574
1104163755	ID:33	RPL: Sending a multicast-DIO with rank 555
1104202236	ID:32	RPL: Sending a multicast-DIO with rank 640
1107607340	ID:36	RPL: Sending a multicast-DIO with rank 580
1108853120	ID:35	RPL: Sending a multicast-DIO with rank 574
1109163755	ID:33	RPL: Sending a multicast-DIO with rank 555
1109202236	ID:32	RPL: Sending a multicast-DIO with rank 640
1112607340	ID:36	RPL: Sending a multicast-DIO with rank 580
1113853120	ID:35	RPL: Sending a multicast-DIO with rank 574
1114163755	ID:33	RPL: Sending a multicast-DIO with rank 555
1114202236	ID:32	RPL: Sending a multicast-DIO with rank 640
1117607340	ID:36	RPL: Sending a multicast-DIO with rank 580
1118853120	ID:35	RPL: Sending a multicast-DIO with rank 574
1119163755	ID:33	RPL: Sending a multicast-DIO with rank 555
1119202236	ID:32	RPL: Sending a multicast-DIO with rank 640
1122607340	ID:36	RPL: Sending a multicast-DIO with rank 580
1123853120	ID:35	RPL: Sending a multicast-DIO with rank 574
1124163755	ID:33	RPL: Sending a multicast-DIO with rank 555
1124202236	ID:32	RPL: Sending a multicast-DIO with rank 640
1127607340	ID:36	RPL: Sending a multicast-DIO with rank 580
1128853120	ID:35	RPL: Sending a multicast-DIO with rank 574
1129163755	ID:33	RPL: Sending a multicast-DIO with rank 555
1129202236	ID:32	RPL: Sending a multicast-DIO with rank 640
1132607340	ID:36	RPL: Sending a multicast-DIO with rank 580
1133853120	ID:35	RPL: Sending a multicast-DIO with rank 574
1134163755	ID:33	RPL: Sending a multicast-DIO with rank 555
1134202236	ID:32	RPL: Sending a multicast-DIO with rank 640
1137607340	ID:36	RPL: Sending a multicast-DIO with rank 580
1138853120	ID:35	RPL: Sending a multicast-DIO with rank 574
1139163755	ID:33	RPL: Sending a multicast-DIO with rank 555
1139202236	ID:32	RPL: Sending a multicast-DIO with rank 640
1142607340	ID:36	RPL: Sending a multicast-DIO with rank 580
1143853120	ID:35	RPL: Sending a multicast-DIO with rank 574
1144163755	ID:33	RPL: Sending a multicast-DIO with rank 555
1144202236	ID:32	RPL: Sending a multicast-DIO with rank 640
1147607340	ID:36	RPL: Sending a multicast-DIO with rank 580
1148853120	ID:35	RPL: Sending a multicast-DIO with rank 574
1149163755	ID:33	RPL: Sending a multicast-DIO with rank 555
1149202236	ID:32	RPL: Sending a multicast-DIO with rank 640
1152607340	ID:36	RPL: Sending a multicast-DIO with rank 580
1153853120	ID:35	RPL: Sending a multicast-DIO with rank 574
1154163755	ID:33	RPL: Sending a multicast-DIO with rank 555
1154202236	ID:32	RPL: Sending a multicast-DIO with rank 640
1157607340	ID:36	RPL: Sending a multicast-DIO with rank 580
1158853120	ID:35	RPL: Sending a multicast-DIO with rank 574
1159163755	ID:33	RPL: Sending a multicast-DIO with rank 555
1159202236	ID:32	RPL: Sending a multicast-DIO with rank 640
1162607340	ID:36	RPL: Sending a multicast-DIO with rank 580
1162935736	ID:34	RPL: Sending a DIS to fe80::c30c:0:0:6
1163853120	ID:35	RPL: Sending a multicast-DIO with rank 574
1164163755	ID:33	RPL: Sending a multicast-DIO with rank 555
1164202236	ID:32	RPL: Sending a multicast-DIO with rank 640
1167607340	ID:36	RPL: Sending a multicast-DIO with rank 580
1168853120	ID:35	RPL: Sending a multicast-DIO with rank 574
1169163755	ID:33	RPL: Sending a multicast-DIO with rank 555
1169202236	ID:32	RPL: Sending a multicast-DIO with rank 640
1172607340	ID:36	RPL: Sending a multicast-DIO with rank 580
1173853120	ID:35	RPL: Sending a multicast-DIO with rank 574
1174163755	ID:33	RPL: Sending a multicast-DIO with rank 555
1174202236	ID:32	RPL: Sending a multicast-DIO with rank 640
1177607347	ID:36	RPL: Sending a multicast-DIO with rank 580
1178853120	ID:35	RPL: Sending a multicast-DIO with rank 574
1179163755	ID:33	RPL: Sending a multicast-DIO with rank 555
1179202236	ID:32	RPL: Sending a multicast-DIO with rank 640
1182607340	ID:36	RPL: Sending a multicast-DIO with rank 580
1183853120	ID:35	RPL: Sending a multicast-DIO with rank 574
1184163762	ID:33	RPL: Sending a multicast-DIO with rank 555
1184202236	ID:32	RPL: Sending a multicast-DIO with rank 640
1187607340	ID:36	RPL: Sending a multicast-DIO with rank 580
1188853120	ID:35	RPL: Sending a multicast-DIO with rank 574
1189163755	ID:33	RPL: Sending a multicast-DIO with rank 555
1189202236	ID:32	RPL: Sending a multicast-DIO with rank 640
1192607340	ID:36	RPL: Sending a multicast-DIO with rank 580
1193853120	ID:35	RPL: Sending a multicast-DIO with rank 574
1194163755	ID:33	RPL: Sending a multicast-DIO with rank 555
1194202236	ID:32	RPL: Sending a multicast-DIO with rank 640
1197607340	ID:36	RPL: Sending a multicast-DIO with rank 580
1198853120	ID:35	RPL: Sending a multicast-DIO with rank 574
1199163755	ID:33	RPL: Sending a multicast-DIO with rank 555
1199202236	ID:32	RPL: Sending a multicast-DIO with rank 640
1202607345	ID:36	RPL: Sending a multicast-DIO with rank 580
1203853125	ID:35	RPL: Sending a multicast-DIO with rank 574
1204163760	ID:33	RPL: Sending a multicast-DIO with rank 555
1204202241	ID:32	RPL: Sending a multicast-DIO with rank 640
1207607339	ID:36	RPL: Sending a multicast-DIO with rank 580
1208853119	ID:35	RPL: Sending a multicast-DIO with rank 574
1209163754	ID:33	RPL: Sending a multicast-DIO with rank 555
1209202235	ID:32	RPL: Sending a multicast-DIO with rank 640
1212607339	ID:36	RPL: Sending a multicast-DIO with rank 580
1213853119	ID:35	RPL: Sending a multicast-DIO with rank 574
1214163754	ID:33	RPL: Sending a multicast-DIO with rank 555
1214202235	ID:32	RPL: Sending a multicast-DIO with rank 640
1217607339	ID:36	RPL: Sending a multicast-DIO with rank 580
1218853119	ID:35	RPL: Sending a multicast-DIO with rank 574
1219163754	ID:33	RPL: Sending a multicast-DIO with rank 555
1219202235	ID:32	RPL: Sending a multicast-DIO with rank 640
1222607339	ID:36	RPL: Sending a multicast-DIO with rank 580
1222935735	ID:34	RPL: Sending a DIS to fe80::c30c:0:0:6
1223853119	ID:35	RPL: Sending a multicast-DIO with rank 574
1224163754	ID:33	RPL: Sending a multicast-DIO with rank 555
1224202235	ID:32	RPL: Sending a multicast-DIO with rank 640
1227607339	ID:36	RPL: Sending a multicast-DIO with rank 580
1228853119	ID:35	RPL: Sending a multicast-DIO with rank 574
1229163754	ID:33	RPL: Sending a multicast-DIO with rank 555
1229202235	ID:32	RPL: Sending a multicast-DIO with rank 640
1232607339	ID:36	RPL: Sending a multicast-DIO with rank 580
1233853119	ID:35	RPL: Sending a multicast-DIO with rank 574
1234163754	ID:33	RPL: Sending a multicast-DIO with rank 555
1234202235	ID:32	RPL: Sending a multicast-DIO with rank 640
1237607339	ID:36	RPL: Sending a multicast-DIO with rank 580
1238853119	ID:35	RPL: Sending a multicast-DIO with rank 574
1239163754	ID:33	RPL: Sending a multicast-DIO with rank 555
1239202235	ID:32	RPL: Sending a multicast-DIO with rank 640
1242607339	ID:36	RPL: Sending a multicast-DIO with rank 580
1243853119	ID:35	RPL: Sending a multicast-DIO with rank 574
1244163754	ID:33	RPL: Sending a multicast-DIO with rank 555
1244202235	ID:32	RPL: Sending a multicast-DIO with rank 640
1247607339	ID:36	RPL: Sending a multicast-DIO with rank 580
1248853119	ID:35	RPL: Sending a multicast-DIO with rank 574
1249163754	ID:33	RPL: Sending a multicast-DIO with rank 555
1249202235	ID:32	RPL: Sending a multicast-DIO with rank 640
1252607339	ID:36	RPL: Sending a multicast-DIO with rank 580
1253853119	ID:35	RPL: Sending a multicast-DIO with rank 574
1254163754	ID:33	RPL: Sending a multicast-DIO with rank 555
1254202235	ID:32	RPL: Sending a multicast-DIO with rank 640
1257607339	ID:36	RPL: Sending a multicast-DIO with rank 580
1258853119	ID:35	RPL: Sending a multicast-DIO with rank 574
1259163754	ID:33	RPL: Sending a multicast-DIO with rank 555
1259202235	ID:32	RPL: Sending a multicast-DIO with rank 640
1262607339	ID:36	RPL: Sending a multicast-DIO with rank 580
1263853119	ID:35	RPL: Sending a multicast-DIO with rank 574
1264163754	ID:33	RPL: Sending a multicast-DIO with rank 555
1264202235	ID:32	RPL: Sending a multicast-DIO with rank 640
1267607339	ID:36	RPL: Sending a multicast-DIO with rank 580
1268853119	ID:35	RPL: Sending a multicast-DIO with rank 574
1269163754	ID:33	RPL: Sending a multicast-DIO with rank 555
1269202235	ID:32	RPL: Sending a multicast-DIO with rank 640
1272607339	ID:36	RPL: Sending a multicast-DIO with rank 580
1273853119	ID:35	RPL: Sending a multicast-DIO with rank 574
1274163754	ID:33	RPL: Sending a multicast-DIO with rank 555
1274202235	ID:32	RPL: Sending a multicast-DIO with rank 640
1277607339	ID:36	RPL: Sending a multicast-DIO with rank 580
1278853119	ID:35	RPL: Sending a multicast-DIO with rank 574
1279163754	ID:33	RPL: Sending a multicast-DIO with rank 555
1279202235	ID:32	RPL: Sending a multicast-DIO with rank 640
1282607339	ID:36	RPL: Sending a multicast-DIO with rank 580
1282935735	ID:34	RPL: Sending a DIS to fe80::c30c:0:0:6
1283853119	ID:35	RPL: Sending a multicast-DIO with rank 574
1284163754	ID:33	RPL: Sending a multicast-DIO with rank 555
1284202235	ID:32	RPL: Sending a multicast-DIO with rank 640
1287607339	ID:36	RPL: Sending a multicast-DIO with rank 580
1288853119	ID:35	RPL: Sending a multicast-DIO with rank 574
1289163754	ID:33	RPL: Sending a multicast-DIO with rank 555
1289202235	ID:32	RPL: Sending a multicast-DIO with rank 640
1292607339	ID:36	RPL: Sending a multicast-DIO with rank 580
1293853119	ID:35	RPL: Sending a multicast-DIO with rank 574
1294163754	ID:33	RPL: Sending a multicast-DIO with rank 555
1294202235	ID:32	RPL: Sending a multicast-DIO with rank 640
1297607339	ID:36	RPL: Sending a multicast-DIO with rank 580
1298853119	ID:35	RPL: Sending a multicast-DIO with rank 574
1299163754	ID:33	RPL: Sending a multicast-DIO with rank 555
1299202235	ID:32	RPL: Sending a multicast-DIO with rank 640
1302607339	ID:36	RPL: Sending a multicast-DIO with rank 580
1303853119	ID:35	RPL: Sending a multicast-DIO with rank 574
1304163754	ID:33	RPL: Sending a multicast-DIO with rank 555
1304202235	ID:32	RPL: Sending a multicast-DIO with rank 640
1307607339	ID:36	RPL: Sending a multicast-DIO with rank 580
1308853119	ID:35	RPL: Sending a multicast-DIO with rank 574
1309163754	ID:33	RPL: Sending a multicast-DIO with rank 555
1309202235	ID:32	RPL: Sending a multicast-DIO with rank 640
1312607339	ID:36	RPL: Sending a multicast-DIO with rank 580
1313853119	ID:35	RPL: Sending a multicast-DIO with rank 574
1314163754	ID:33	RPL: Sending a multicast-DIO with rank 555
1314202235	ID:32	RPL: Sending a multicast-DIO with rank 640
1317607339	ID:36	RPL: Sending a multicast-DIO with rank 580
1318853119	ID:35	RPL: Sending a multicast-DIO with rank 574
1319163754	ID:33	RPL: Sending a multicast-DIO with rank 555
1319202235	ID:32	RPL: Sending a multicast-DIO with rank 640
1322607339	ID:36	RPL: Sending a multicast-DIO with rank 580
1323853119	ID:35	RPL: Sending a multicast-DIO with rank 574
1324163754	ID:33	RPL: Sending a multicast-DIO with rank 555
1324202235	ID:32	RPL: Sending a multicast-DIO with rank 640
1327607339	ID:36	RPL: Sending a multicast-DIO with rank 580
1328853119	ID:35	RPL: Sending a multicast-DIO with rank 574
1329163754	ID:33	RPL: Sending a multicast-DIO with rank 555
1329202235	ID:32	RPL: Sending a multicast-DIO with rank 640
1332607339	ID:36	RPL: Sending a multicast-DIO with rank 580
1333853119	ID:35	RPL: Sending a multicast-DIO with rank 574
1334163754	ID:33	RPL: Sending a multicast-DIO with rank 555
1334202235	ID:32	RPL: Sending a multicast-DIO with rank 640
1337607339	ID:36	RPL: Sending a multicast-DIO with rank 580
1338853119	ID:35	RPL: Sending a multicast-DIO with rank 574
1339163754	ID:33	RPL: Sending a multicast-DIO with rank 555
1339202235	ID:32	RPL: Sending a multicast-DIO with rank 640
1342607339	ID:36	RPL: Sending a multicast-DIO with rank 580
1342935735	ID:34	RPL: Sending a DIS to fe80::c30c:0:0:6
1343853119	ID:35	RPL: Sending a multicast-DIO with rank 574
1344163754	ID:33	RPL: Sending a multicast-DIO with rank 555
1344202235	ID:32	RPL: Sending a multicast-DIO with rank 640
1347607339	ID:36	RPL: Sending a multicast-DIO with rank 580
1348853119	ID:35	RPL: Sending a multicast-DIO with rank 574
1349163754	ID:33	RPL: Sending a multicast-DIO with rank 555
1349202235	ID:32	RPL: Sending a multicast-DIO with rank 640
1352607339	ID:36	RPL: Sending a multicast-DIO with rank 580
1353853119	ID:35	RPL: Sending a multicast-DIO with rank 574
1354163754	ID:33	RPL: Sending a multicast-DIO with rank 555
1354202235	ID:32	RPL: Sending a multicast-DIO with rank 640
1357607339	ID:36	RPL: Sending a multicast-DIO with rank 580
1358853119	ID:35	RPL: Sending a multicast-DIO with rank 574
1359163754	ID:33	RPL: Sending a multicast-DIO with rank 555
1359202235	ID:32	RPL: Sending a multicast-DIO with rank 640
1362607339	ID:36	RPL: Sending a multicast-DIO with rank 580
1363853119	ID:35	RPL: Sending a multicast-DIO with rank 574
1364163754	ID:33	RPL: Sending a multicast-DIO with rank 555
1364202235	ID:32	RPL: Sending a multicast-DIO with rank 640
1367607339	ID:36	RPL: Sending a multicast-DIO with rank 580
1368853119	ID:35	RPL: Sending a multicast-DIO with rank 574
1369163754	ID:33	RPL: Sending a multicast-DIO with rank 555
1369202235	ID:32	RPL: Sending a multicast-DIO with rank 640
1372607339	ID:36	RPL: Sending a multicast-DIO with rank 580
1373853119	ID:35	RPL: Sending a multicast-DIO with rank 574
1374163754	ID:33	RPL: Sending a multicast-DIO with rank 555
1374202242	ID:32	RPL: Sending a multicast-DIO with rank 640
1377607339	ID:36	RPL: Sending a multicast-DIO with rank 580
1378853119	ID:35	RPL: Sending a multicast-DIO with rank 574
1379163754	ID:33	RPL: Sending a multicast-DIO with rank 555
1379202235	ID:32	RPL: Sending a multicast-DIO with rank 640
1382607339	ID:36	RPL: Sending a multicast-DIO with rank 580
1383853119	ID:35	RPL: Sending a multicast-DIO with rank 574
1384163754	ID:33	RPL: Sending a multicast-DIO with rank 555
1384202235	ID:32	RPL: Sending a multicast-DIO with rank 640
1387607339	ID:36	RPL: Sending a multicast-DIO with rank 580
1388853119	ID:35	RPL: Sending a multicast-DIO with rank 574
1389163754	ID:33	RPL: Sending a multicast-DIO with rank 555
1389202235	ID:32	RPL: Sending a multicast-DIO with rank 640
1392607339	ID:36	RPL: Sending a multicast-DIO with rank 580
1393853119	ID:35	RPL: Sending a multicast-DIO with rank 574
1394163754	ID:33	RPL: Sending a multicast-DIO with rank 555
1394202235	ID:32	RPL: Sending a multicast-DIO with rank 640
1397607339	ID:36	RPL: Sending a multicast-DIO with rank 580
1398853119	ID:35	RPL: Sending a multicast-DIO with rank 574
1399163754	ID:33	RPL: Sending a multicast-DIO with rank 555
1399202235	ID:32	RPL: Sending a multicast-DIO with rank 640
1402607339	ID:36	RPL: Sending a multicast-DIO with rank 580
1402935735	ID:34	RPL: Sending a DIS to fe80::c30c:0:0:6
1403853119	ID:35	RPL: Sending a multicast-DIO with rank 574
1404163754	ID:33	RPL: Sending a multicast-DIO with rank 555
1404202235	ID:32	RPL: Sending a multicast-DIO with rank 640
1407607339	ID:36	RPL: Sending a multicast-DIO with rank 580
1408853119	ID:35	RPL: Sending a multicast-DIO with rank 574
1409163754	ID:33	RPL: Sending a multicast-DIO with rank 555
1409202235	ID:32	RPL: Sending a multicast-DIO with rank 640
1412607339	ID:36	RPL: Sending a multicast-DIO with rank 580
1413853119	ID:35	RPL: Sending a multicast-DIO with rank 574
1414163754	ID:33	RPL: Sending a multicast-DIO with rank 555
1414202235	ID:32	RPL: Sending a multicast-DIO with rank 640
1417607339	ID:36	RPL: Sending a multicast-DIO with rank 580
1418853119	ID:35	RPL: Sending a multicast-DIO with rank 574
1419163754	ID:33	RPL: Sending a multicast-DIO with rank 555
1419202235	ID:32	RPL: Sending a multicast-DIO with rank 640
1422607339	ID:36	RPL: Sending a multicast-DIO with rank 580
1423853119	ID:35	RPL: Sending a multicast-DIO with rank 574
1424163754	ID:33	RPL: Sending a multicast-DIO with rank 555
1424202235	ID:32	RPL: Sending a multicast-DIO with rank 640
1427607339	ID:36	RPL: Sending a multicast-DIO with rank 580
1428853119	ID:35	RPL: Sending a multicast-DIO with rank 574
1429163754	ID:33	RPL: Sending a multicast-DIO with rank 555
1429202235	ID:32	RPL: Sending a multicast-DIO with rank 640
1432607339	ID:36	RPL: Sending a multicast-DIO with rank 580
1433853119	ID:35	RPL: Sending a multicast-DIO with rank 574
1434163754	ID:33	RPL: Sending a multicast-DIO with rank 555
1434202235	ID:32	RPL: Sending a multicast-DIO with rank 640
1437607339	ID:36	RPL: Sending a multicast-DIO with rank 580
1438853119	ID:35	RPL: Sending a multicast-DIO with rank 574
1439163754	ID:33	RPL: Sending a multicast-DIO with rank 555
1439202235	ID:32	RPL: Sending a multicast-DIO with rank 640
1442607339	ID:36	RPL: Sending a multicast-DIO with rank 580
1443853126	ID:35	RPL: Sending a multicast-DIO with rank 574
1444163754	ID:33	RPL: Sending a multicast-DIO with rank 555
1444202235	ID:32	RPL: Sending a multicast-DIO with rank 640
1447607339	ID:36	RPL: Sending a multicast-DIO with rank 580
1448853119	ID:35	RPL: Sending a multicast-DIO with rank 574
1449163754	ID:33	RPL: Sending a multicast-DIO with rank 555
1449202235	ID:32	RPL: Sending a multicast-DIO with rank 640
1452607339	ID:36	RPL: Sending a multicast-DIO with rank 580
1453853119	ID:35	RPL: Sending a multicast-DIO with rank 574
1454163754	ID:33	RPL: Sending a multicast-DIO with rank 555
1454202235	ID:32	RPL: Sending a multicast-DIO with rank 640
1457607339	ID:36	RPL: Sending a multicast-DIO with rank 580
1458853119	ID:35	RPL: Sending a multicast-DIO with rank 574
1459163754	ID:33	RPL: Sending a multicast-DIO with rank 555
1459202235	ID:32	RPL: Sending a multicast-DIO with rank 640
1462607339	ID:36	RPL: Sending a multicast-DIO with rank 580
1462935735	ID:34	RPL: Sending a DIS to fe80::c30c:0:0:6
1463853119	ID:35	RPL: Sending a multicast-DIO with rank 574
1464163754	ID:33	RPL: Sending a multicast-DIO with rank 555
1464202235	ID:32	RPL: Sending a multicast-DIO with rank 640
1467607339	ID:36	RPL: Sending a multicast-DIO with rank 580
1468853119	ID:35	RPL: Sending a multicast-DIO with rank 574
1469163754	ID:33	RPL: Sending a multicast-DIO with rank 555
1469202235	ID:32	RPL: Sending a multicast-DIO with rank 640
1472607339	ID:36	RPL: Sending a multicast-DIO with rank 580
1473853119	ID:35	RPL: Sending a multicast-DIO with rank 574
1474163754	ID:33	RPL: Sending a multicast-DIO with rank 555
1474202235	ID:32	RPL: Sending a multicast-DIO with rank 640
1477607339	ID:36	RPL: Sending a multicast-DIO with rank 580
1478853119	ID:35	RPL: Sending a multicast-DIO with rank 574
1479163754	ID:33	RPL: Sending a multicast-DIO with rank 555
1479202235	ID:32	RPL: Sending a multicast-DIO with rank 640
1482607339	ID:36	RPL: Sending a multicast-DIO with rank 580
1483853119	ID:35	RPL: Sending a multicast-DIO with rank 574
1484163754	ID:33	RPL: Sending a multicast-DIO with rank 555
1484202235	ID:32	RPL: Sending a multicast-DIO with rank 640
1487607339	ID:36	RPL: Sending a multicast-DIO with rank 580
1488853119	ID:35	RPL: Sending a multicast-DIO with rank 574
1489163754	ID:33	RPL: Sending a multicast-DIO with rank 555
1489202235	ID:32	RPL: Sending a multicast-DIO with rank 640
1492607339	ID:36	RPL: Sending a multicast-DIO with rank 580
1493853119	ID:35	RPL: Sending a multicast-DIO with rank 574
1494163754	ID:33	RPL: Sending a multicast-DIO with rank 555
1494202235	ID:32	RPL: Sending a multicast-DIO with rank 640
1497607339	ID:36	RPL: Sending a multicast-DIO with rank 580
1498853119	ID:35	RPL: Sending a multicast-DIO with rank 574
1499163754	ID:33	RPL: Sending a multicast-DIO with rank 555
1499202235	ID:32	RPL: Sending a multicast-DIO with rank 640
1502607339	ID:36	RPL: Sending a multicast-DIO with rank 580
1503853119	ID:35	RPL: Sending a multicast-DIO with rank 574
1504163754	ID:33	RPL: Sending a multicast-DIO with rank 555
1504202235	ID:32	RPL: Sending a multicast-DIO with rank 640
1507607339	ID:36	RPL: Sending a multicast-DIO with rank 580
1508853119	ID:35	RPL: Sending a multicast-DIO with rank 574
1509163754	ID:33	RPL: Sending a multicast-DIO with rank 555
1509202235	ID:32	RPL: Sending a multicast-DIO with rank 640
1512607339	ID:36	RPL: Sending a multicast-DIO with rank 580
1513853119	ID:35	RPL: Sending a multicast-DIO with rank 574
1514163754	ID:33	RPL: Sending a multicast-DIO with rank 555
1514202235	ID:32	RPL: Sending a multicast-DIO with rank 640
1517607346	ID:36	RPL: Sending a multicast-DIO with rank 580
1518853119	ID:35	RPL: Sending a multicast-DIO with rank 574
1519163754	ID:33	RPL: Sending a multicast-DIO with rank 555
1519202235	ID:32	RPL: Sending a multicast-DIO with rank 640
1522607339	ID:36	RPL: Sending a multicast-DIO with rank 580
1522935735	ID:34	RPL: Sending a DIS to fe80::c30c:0:0:6
1523853119	ID:35	RPL: Sending a multicast-DIO with rank 574
1524163754	ID:33	RPL: Sending a multicast-DIO with rank 555
1524202235	ID:32	RPL: Sending a multicast-DIO with rank 640
1527607339	ID:36	RPL: Sending a multicast-DIO with rank 580
1528853119	ID:35	RPL: Sending a multicast-DIO with rank 574
1529163754	ID:33	RPL: Sending a multicast-DIO with rank 555
1529202235	ID:32	RPL: Sending a multicast-DIO with rank 640
1532607339	ID:36	RPL: Sending a multicast-DIO with rank 580
1533853119	ID:35	RPL: Sending a multicast-DIO with rank 574
1534163754	ID:33	RPL: Sending a multicast-DIO with rank 555
1534202235	ID:32	RPL: Sending a multicast-DIO with rank 640
1537607339	ID:36	RPL: Sending a multicast-DIO with rank 580
1538853119	ID:35	RPL: Sending a multicast-DIO with rank 574
1539163754	ID:33	RPL: Sending a multicast-DIO with rank 555
1539202235	ID:32	RPL: Sending a multicast-DIO with rank 640
1542607339	ID:36	RPL: Sending a multicast-DIO with rank 580
1543853119	ID:35	RPL: Sending a multicast-DIO with rank 574
1544163754	ID:33	RPL: Sending a multicast-DIO with rank 555
1544202235	ID:32	RPL: Sending a multicast-DIO with rank 640
1547607339	ID:36	RPL: Sending a multicast-DIO with rank 580
1548853119	ID:35	RPL: Sending a multicast-DIO with rank 574
1549163754	ID:33	RPL: Sending a multicast-DIO with rank 555
1549202235	ID:32	RPL: Sending a multicast-DIO with rank 640
1552607339	ID:36	RPL: Sending a multicast-DIO with rank 580
1553853119	ID:35	RPL: Sending a multicast-DIO with rank 574
1554163754	ID:33	RPL: Sending a multicast-DIO with rank 555
1554202235	ID:32	RPL: Sending a multicast-DIO with rank 640
1557607339	ID:36	RPL: Sending a multicast-DIO with rank 580
1558853119	ID:35	RPL: Sending a multicast-DIO with rank 574
1559163754	ID:33	RPL: Sending a multicast-DIO with rank 555
1559202235	ID:32	RPL: Sending a multicast-DIO with rank 640
1562607339	ID:36	RPL: Sending a multicast-DIO with rank 580
1563853119	ID:35	RPL: Sending a multicast-DIO with rank 574
1564163754	ID:33	RPL: Sending a multicast-DIO with rank 555
1564202235	ID:32	RPL: Sending a multicast-DIO with rank 640
1567607339	ID:36	RPL: Sending a multicast-DIO with rank 580
1568853119	ID:35	RPL: Sending a multicast-DIO with rank 574
1569163754	ID:33	RPL: Sending a multicast-DIO with rank 555
1569202235	ID:32	RPL: Sending a multicast-DIO with rank 640
1572607339	ID:36	RPL: Sending a multicast-DIO with rank 580
1573853119	ID:35	RPL: Sending a multicast-DIO with rank 574
1574163761	ID:33	RPL: Sending a multicast-DIO with rank 555
1574202235	ID:32	RPL: Sending a multicast-DIO with rank 640
1577607339	ID:36	RPL: Sending a multicast-DIO with rank 580
1578853119	ID:35	RPL: Sending a multicast-DIO with rank 574
1579163754	ID:33	RPL: Sending a multicast-DIO with rank 555
1579202235	ID:32	RPL: Sending a multicast-DIO with rank 640
1582607339	ID:36	RPL: Sending a multicast-DIO with rank 580
1582935735	ID:34	RPL: Sending a DIS to fe80::c30c:0:0:6
1583853119	ID:35	RPL: Sending a multicast-DIO with rank 574
1584163754	ID:33	RPL: Sending a multicast-DIO with rank 555
1584202235	ID:32	RPL: Sending a multicast-DIO with rank 640
1587607339	ID:36	RPL: Sending a multicast-DIO with rank 580
1588853119	ID:35	RPL: Sending a multicast-DIO with rank 574
1589163754	ID:33	RPL: Sending a multicast-DIO with rank 555
1589202235	ID:32	RPL: Sending a multicast-DIO with rank 640
1592607339	ID:36	RPL: Sending a multicast-DIO with rank 580
1593853119	ID:35	RPL: Sending a multicast-DIO with rank 574
1594163754	ID:33	RPL: Sending a multicast-DIO with rank 555
1594202235	ID:32	RPL: Sending a multicast-DIO with rank 640
1597607339	ID:36	RPL: Sending a multicast-DIO with rank 580
1598853119	ID:35	RPL: Sending a multicast-DIO with rank 574
1599163754	ID:33	RPL: Sending a multicast-DIO with rank 555
1599202235	ID:32	RPL: Sending a multicast-DIO with rank 640
1602607339	ID:36	RPL: Sending a multicast-DIO with rank 580
1603853119	ID:35	RPL: Sending a multicast-DIO with rank 574
1604163754	ID:33	RPL: Sending a multicast-DIO with rank 555
1604202235	ID:32	RPL: Sending a multicast-DIO with rank 640
1607607339	ID:36	RPL: Sending a multicast-DIO with rank 580
1608853119	ID:35	RPL: Sending a multicast-DIO with rank 574
1609163754	ID:33	RPL: Sending a multicast-DIO with rank 555
1609202235	ID:32	RPL: Sending a multicast-DIO with rank 640
1612607339	ID:36	RPL: Sending a multicast-DIO with rank 580
1613853119	ID:35	RPL: Sending a multicast-DIO with rank 574
1614163754	ID:33	RPL: Sending a multicast-DIO with rank 555
1614202235	ID:32	RPL: Sending a multicast-DIO with rank 640
1617607339	ID:36	RPL: Sending a multicast-DIO with rank 580
1618853119	ID:35	RPL: Sending a multicast-DIO with rank 574
1619163754	ID:33	RPL: Sending a multicast-DIO with rank 555
1619202235	ID:32	RPL: Sending a multicast-DIO with rank 640
1622607339	ID:36	RPL: Sending a multicast-DIO with rank 580
1623853119	ID:35	RPL: Sending a multicast-DIO with rank 574
1624163754	ID:33	RPL: Sending a multicast-DIO with rank 555
1624202235	ID:32	RPL: Sending a multicast-DIO with rank 640
1627607339	ID:36	RPL: Sending a multicast-DIO with rank 580
1628853119	ID:35	RPL: Sending a multicast-DIO with rank 574
1629163754	ID:33	RPL: Sending a multicast-DIO with rank 555
1629202235	ID:32	RPL: Sending a multicast-DIO with rank 640
1632607339	ID:36	RPL: Sending a multicast-DIO with rank 580
1633853119	ID:35	RPL: Sending a multicast-DIO with rank 574
1634163754	ID:33	RPL: Sending a multicast-DIO with rank 555
1634202235	ID:32	RPL: Sending a multicast-DIO with rank 640
1637607339	ID:36	RPL: Sending a multicast-DIO with rank 580
1638853119	ID:35	RPL: Sending a multicast-DIO with rank 574
1639163754	ID:33	RPL: Sending a multicast-DIO with rank 555
1639202235	ID:32	RPL: Sending a multicast-DIO with rank 640
1642607339	ID:36	RPL: Sending a multicast-DIO with rank 580
1642935735	ID:34	RPL: Sending a DIS to fe80::c30c:0:0:6
1643853119	ID:35	RPL: Sending a multicast-DIO with rank 574
1644163754	ID:33	RPL: Sending a multicast-DIO with rank 555
1644202235	ID:32	RPL: Sending a multicast-DIO with rank 640
1647607339	ID:36	RPL: Sending a multicast-DIO with rank 580
1648853119	ID:35	RPL: Sending a multicast-DIO with rank 574
1649163754	ID:33	RPL: Sending a multicast-DIO with rank 555
1649202235	ID:32	RPL: Sending a multicast-DIO with rank 640
1652607339	ID:36	RPL: Sending a multicast-DIO with rank 580
1653853119	ID:35	RPL: Sending a multicast-DIO with rank 574
1654163754	ID:33	RPL: Sending a multicast-DIO with rank 555
1654202235	ID:32	RPL: Sending a multicast-DIO with rank 640
1657607339	ID:36	RPL: Sending a multicast-DIO with rank 580
1658853119	ID:35	RPL: Sending a multicast-DIO with rank 574
1659163754	ID:33	RPL: Sending a multicast-DIO with rank 555
1659202235	ID:32	RPL: Sending a multicast-DIO with rank 640
1662607339	ID:36	RPL: Sending a multicast-DIO with rank 580
1663853119	ID:35	RPL: Sending a multicast-DIO with rank 574
1664163754	ID:33	RPL: Sending a multicast-DIO with rank 555
1664202235	ID:32	RPL: Sending a multicast-DIO with rank 640
1667607339	ID:36	RPL: Sending a multicast-DIO with rank 580
1668853119	ID:35	RPL: Sending a multicast-DIO with rank 574
1669163754	ID:33	RPL: Sending a multicast-DIO with rank 555
1669202235	ID:32	RPL: Sending a multicast-DIO with rank 640
1672607339	ID:36	RPL: Sending a multicast-DIO with rank 580
1673853119	ID:35	RPL: Sending a multicast-DIO with rank 574
1674163754	ID:33	RPL: Sending a multicast-DIO with rank 555
1674202235	ID:32	RPL: Sending a multicast-DIO with rank 640
1677607339	ID:36	RPL: Sending a multicast-DIO with rank 580
1678853119	ID:35	RPL: Sending a multicast-DIO with rank 574
1679163754	ID:33	RPL: Sending a multicast-DIO with rank 555
1679202235	ID:32	RPL: Sending a multicast-DIO with rank 640
1682607339	ID:36	RPL: Sending a multicast-DIO with rank 580
1683853119	ID:35	RPL: Sending a multicast-DIO with rank 574
1684163754	ID:33	RPL: Sending a multicast-DIO with rank 555
1684202235	ID:32	RPL: Sending a multicast-DIO with rank 640
1687607339	ID:36	RPL: Sending a multicast-DIO with rank 580
1688853119	ID:35	RPL: Sending a multicast-DIO with rank 574
1689163754	ID:33	RPL: Sending a multicast-DIO with rank 555
1689202235	ID:32	RPL: Sending a multicast-DIO with rank 640
1692607339	ID:36	RPL: Sending a multicast-DIO with rank 580
1693853119	ID:35	RPL: Sending a multicast-DIO with rank 574
1694163754	ID:33	RPL: Sending a multicast-DIO with rank 555
1694202235	ID:32	RPL: Sending a multicast-DIO with rank 640
1697607339	ID:36	RPL: Sending a multicast-DIO with rank 580
1698853119	ID:35	RPL: Sending a multicast-DIO with rank 574
1699163754	ID:33	RPL: Sending a multicast-DIO with rank 555
1699202235	ID:32	RPL: Sending a multicast-DIO with rank 640
1702607339	ID:36	RPL: Sending a multicast-DIO with rank 580
1702935735	ID:34	RPL: Sending a DIS to fe80::c30c:0:0:6
1703853119	ID:35	RPL: Sending a multicast-DIO with rank 574
1704163754	ID:33	RPL: Sending a multicast-DIO with rank 555
1704202235	ID:32	RPL: Sending a multicast-DIO with rank 640
1707607339	ID:36	RPL: Sending a multicast-DIO with rank 580
1708853119	ID:35	RPL: Sending a multicast-DIO with rank 574
1709163754	ID:33	RPL: Sending a multicast-DIO with rank 555
1709202235	ID:32	RPL: Sending a multicast-DIO with rank 640
1712607339	ID:36	RPL: Sending a multicast-DIO with rank 580
1713853119	ID:35	RPL: Sending a multicast-DIO with rank 574
1714163754	ID:33	RPL: Sending a multicast-DIO with rank 555
1714202235	ID:32	RPL: Sending a multicast-DIO with rank 640
1717607339	ID:36	RPL: Sending a multicast-DIO with rank 580
1718853119	ID:35	RPL: Sending a multicast-DIO with rank 574
1719163754	ID:33	RPL: Sending a multicast-DIO with rank 555
1719202235	ID:32	RPL: Sending a multicast-DIO with rank 640
1722607339	ID:36	RPL: Sending a multicast-DIO with rank 580
1723853119	ID:35	RPL: Sending a multicast-DIO with rank 574
1724163754	ID:33	RPL: Sending a multicast-DIO with rank 555
1724202235	ID:32	RPL: Sending a multicast-DIO with rank 640
1727607339	ID:36	RPL: Sending a multicast-DIO with rank 580
1728853119	ID:35	RPL: Sending a multicast-DIO with rank 574
1729163754	ID:33	RPL: Sending a multicast-DIO with rank 555
1729202235	ID:32	RPL: Sending a multicast-DIO with rank 640
1732607339	ID:36	RPL: Sending a multicast-DIO with rank 580
1733853119	ID:35	RPL: Sending a multicast-DIO with rank 574
1734163754	ID:33	RPL: Sending a multicast-DIO with rank 555
1734202235	ID:32	RPL: Sending a multicast-DIO with rank 640
1737607339	ID:36	RPL: Sending a multicast-DIO with rank 580
1738853119	ID:35	RPL: Sending a multicast-DIO with rank 574
1739163754	ID:33	RPL: Sending a multicast-DIO with rank 555
1739202235	ID:32	RPL: Sending a multicast-DIO with rank 640
1742607339	ID:36	RPL: Sending a multicast-DIO with rank 580
1743853119	ID:35	RPL: Sending a multicast-DIO with rank 574
1744163754	ID:33	RPL: Sending a multicast-DIO with rank 555
1744202235	ID:32	RPL: Sending a multicast-DIO with rank 640
1747607339	ID:36	RPL: Sending a multicast-DIO with rank 580
1748853119	ID:35	RPL: Sending a multicast-DIO with rank 574
1749163754	ID:33	RPL: Sending a multicast-DIO with rank 555
1749202235	ID:32	RPL: Sending a multicast-DIO with rank 640
1752607339	ID:36	RPL: Sending a multicast-DIO with rank 580
1753853119	ID:35	RPL: Sending a multicast-DIO with rank 574
1754163754	ID:33	RPL: Sending a multicast-DIO with rank 555
1754202242	ID:32	RPL: Sending a multicast-DIO with rank 640
1757607339	ID:36	RPL: Sending a multicast-DIO with rank 580
1758853119	ID:35	RPL: Sending a multicast-DIO with rank 574
1759163754	ID:33	RPL: Sending a multicast-DIO with rank 555
1759202235	ID:32	RPL: Sending a multicast-DIO with rank 640
1762607339	ID:36	RPL: Sending a multicast-DIO with rank 580
1762935735	ID:34	RPL: Sending a DIS to fe80::c30c:0:0:6
1763853119	ID:35	RPL: Sending a multicast-DIO with rank 574
1764163754	ID:33	RPL: Sending a multicast-DIO with rank 555
1764202235	ID:32	RPL: Sending a multicast-DIO with rank 640
1767607339	ID:36	RPL: Sending a multicast-DIO with rank 580
1768853119	ID:35	RPL: Sending a multicast-DIO with rank 574
1769163754	ID:33	RPL: Sending a multicast-DIO with rank 555
1769202235	ID:32	RPL: Sending a multicast-DIO with rank 640
1772607339	ID:36	RPL: Sending a multicast-DIO with rank 580
1773853126	ID:35	RPL: Sending a multicast-DIO with rank 574
1774163754	ID:33	RPL: Sending a multicast-DIO with rank 555
1774202235	ID:32	RPL: Sending a multicast-DIO with rank 640
1777607339	ID:36	RPL: Sending a multicast-DIO with rank 580
1778853119	ID:35	RPL: Sending a multicast-DIO with rank 574
1779163754	ID:33	RPL: Sending a multicast-DIO with rank 555
1779202235	ID:32	RPL: Sending a multicast-DIO with rank 640
1782607339	ID:36	RPL: Sending a multicast-DIO with rank 580
1783853119	ID:35	RPL: Sending a multicast-DIO with rank 574
1784163754	ID:33	RPL: Sending a multicast-DIO with rank 555
1784202235	ID:32	RPL: Sending a multicast-DIO with rank 640
1787607339	ID:36	RPL: Sending a multicast-DIO with rank 580
1788853119	ID:35	RPL: Sending a multicast-DIO with rank 574
1789163754	ID:33	RPL: Sending a multicast-DIO with rank 555
1789202235	ID:32	RPL: Sending a multicast-DIO with rank 640
1792607339	ID:36	RPL: Sending a multicast-DIO with rank 580
1793853119	ID:35	RPL: Sending a multicast-DIO with rank 574
1794163754	ID:33	RPL: Sending a multicast-DIO with rank 555
1794202235	ID:32	RPL: Sending a multicast-DIO with rank 640
1797607339	ID:36	RPL: Sending a multicast-DIO with rank 580
1798853119	ID:35	RPL: Sending a multicast-DIO with rank 574
1799163754	ID:33	RPL: Sending a multicast-DIO with rank 555
1799202235	ID:32	RPL: Sending a multicast-DIO with rank 640
