30123715	ID:34	RPL: Sending a DIS to fe80::c30c:0:0:6
30316703	ID:36	RPL: Sending a DIS to fe80::c30c:0:0:8
30918566	ID:35	RPL: Sending a DIS to fe80::c30c:0:0:7
31037574	ID:33	RPL: Sending a DIS to fe80::c30c:0:0:2
31081816	ID:32	RPL: Sending a DIS to fe80::c30c:0:0:3
33700089	ID:33	RPL: Received a DIO from fe80::c30c:0:0:2
33703857	ID:33	RPL: Incoming DIO (id, ver, rank) = (30,240,324)
33708356	ID:33	RPL: Incoming DIO (dag_id, pref) = (fd00::ff:fe00:1, 0)
33710583	ID:33	RPL: DIO option 4, length: 14
33716490	ID:33	RPL: DAG conf:dbl=8, min=12 red=3 maxinc=896 mininc=128 ocp=1 d_l=10 l_u=60
33718719	ID:33	RPL: DIO option 8, length: 30
33720987	ID:33	RPL: Copying prefix information
33729246	ID:33	RPL: Neighbor added to neighbor cache fe80::c30c:0:0:2, c1:0c:00:00:00:00:00:02
34461240	ID:35	RPL: Received a DIO from fe80::c30c:0:0:7
34465010	ID:35	RPL: Incoming DIO (id, ver, rank) = (30,240,318)
34469547	ID:35	RPL: Incoming DIO (dag_id, pref) = (fd00::ff:fe00:1, 0)
34471773	ID:35	RPL: DIO option 4, length: 14
34477693	ID:35	RPL: DAG conf:dbl=8, min=12 red=3 maxinc=896 mininc=128 ocp=1 d_l=10 l_u=60
34479919	ID:35	RPL: DIO option 8, length: 30
34482187	ID:35	RPL: Copying prefix information
34491270	ID:35	RPL: Neighbor added to neighbor cache fe80::c30c:0:0:7, c1:0c:00:00:00:00:00:07
35371629	ID:32	RPL: Received a DIO from fe80::c30c:0:0:3
35375404	ID:32	RPL: Incoming DIO (id, ver, rank) = (30,240,613)
35379903	ID:32	RPL: Incoming DIO (dag_id, pref) = (fd00::ff:fe00:1, 0)
35382128	ID:32	RPL: DIO option 4, length: 14
35388036	ID:32	RPL: DAG conf:dbl=8, min=12 red=3 maxinc=896 mininc=128 ocp=1 d_l=10 l_u=60
35390268	ID:32	RPL: DIO option 8, length: 30
35392536	ID:32	RPL: Copying prefix information
35401577	ID:32	RPL: Neighbor added to neighbor cache fe80::c30c:0:0:3, c1:0c:00:00:00:00:00:03
38728615	ID:33	RPL: Sending a multicast-DIO with rank 324
39495368	ID:35	RPL: Sending a multicast-DIO with rank 318
40408547	ID:32	RPL: Sending a multicast-DIO with rank 613
43728593	ID:33	RPL: Sending a multicast-DIO with rank 324
44495347	ID:35	RPL: Sending a multicast-DIO with rank 318
45408526	ID:32	RPL: Sending a multicast-DIO with rank 613
48728594	ID:33	RPL: Sending a multicast-DIO with rank 324
49495347	ID:35	RPL: Sending a multicast-DIO with rank 318
50408526	ID:32	RPL: Sending a multicast-DIO with rank 613
52904092	ID:34	RPL: Received a DIO from fe80::c30c:0:0:6
52907865	ID:34	RPL: Incoming DIO (id, ver, rank) = (30,240,331)
52912364	ID:34	RPL: Incoming DIO (dag_id, pref) = (fd00::ff:fe00:1, 0)
52914589	ID:34	RPL: DIO option 4, length: 14
52920497	ID:34	RPL: DAG conf:dbl=8, min=12 red=3 maxinc=896 mininc=128 ocp=1 d_l=10 l_u=60
52922735	ID:34	RPL: DIO option 8, length: 30
52925003	ID:34	RPL: Copying prefix information
52935180	ID:34	RPL: Neighbor added to neighbor cache fe80::c30c:0:0:6, c1:0c:00:00:00:00:00:06
53728594	ID:33	RPL: Sending a multicast-DIO with rank 324
54495347	ID:35	RPL: Sending a multicast-DIO with rank 318
55408526	ID:32	RPL: Sending a multicast-DIO with rank 613
57940439	ID:34	RPL: Sending a multicast-DIO with rank 331
58728593	ID:33	RPL: Sending a multicast-DIO with rank 324
59495347	ID:35	RPL: Sending a multicast-DIO with rank 318
60408526	ID:32	RPL: Sending a multicast-DIO with rank 613
62099169	ID:36	RPL: Sending a DIS to fe80::c30c:0:0:8
62940418	ID:34	RPL: Sending a multicast-DIO with rank 331
63728594	ID:33	RPL: Sending a multicast-DIO with rank 324
64495347	ID:35	RPL: Sending a multicast-DIO with rank 318
65408526	ID:32	RPL: Sending a multicast-DIO with rank 613
67940417	ID:34	RPL: Sending a multicast-DIO with rank 331
68728593	ID:33	RPL: Sending a multicast-DIO with rank 324
69495347	ID:35	RPL: Sending a multicast-DIO with rank 318
70408526	ID:32	RPL: Sending a multicast-DIO with rank 613
72940418	ID:34	RPL: Sending a multicast-DIO with rank 331
73728593	ID:33	RPL: Sending a multicast-DIO with rank 324
74495347	ID:35	RPL: Sending a multicast-DIO with rank 318
75408526	ID:32	RPL: Sending a multicast-DIO with rank 613
77940418	ID:34	RPL: Sending a multicast-DIO with rank 331
78728593	ID:33	RPL: Sending a multicast-DIO with rank 324
79495347	ID:35	RPL: Sending a multicast-DIO with rank 318
80408526	ID:32	RPL: Sending a multicast-DIO with rank 613
82940417	ID:34	RPL: Sending a multicast-DIO with rank 331
83728593	ID:33	RPL: Sending a multicast-DIO with rank 324
84495347	ID:35	RPL: Sending a multicast-DIO with rank 318
85408526	ID:32	RPL: Sending a multicast-DIO with rank 613
87940418	ID:34	RPL: Sending a multicast-DIO with rank 331
88728593	ID:33	RPL: Sending a multicast-DIO with rank 324
89495347	ID:35	RPL: Sending a multicast-DIO with rank 318
90408526	ID:32	RPL: Sending a multicast-DIO with rank 613
92940405	ID:34	RPL: Sending a multicast-DIO with rank 331
93728581	ID:33	RPL: Sending a multicast-DIO with rank 324
94495334	ID:35	RPL: Sending a multicast-DIO with rank 318
95408513	ID:32	RPL: Sending a multicast-DIO with rank 613
97940405	ID:34	RPL: Sending a multicast-DIO with rank 331
98728581	ID:33	RPL: Sending a multicast-DIO with rank 324
99495334	ID:35	RPL: Sending a multicast-DIO with rank 318
100408513	ID:32	RPL: Sending a multicast-DIO with rank 613
102940405	ID:34	RPL: Sending a multicast-DIO with rank 331
103728581	ID:33	RPL: Sending a multicast-DIO with rank 324
104495334	ID:35	RPL: Sending a multicast-DIO with rank 318
105408513	ID:32	RPL: Sending a multicast-DIO with rank 613
107940405	ID:34	RPL: Sending a multicast-DIO with rank 331
108728581	ID:33	RPL: Sending a multicast-DIO with rank 324
109495334	ID:35	RPL: Sending a multicast-DIO with rank 318
110408513	ID:32	RPL: Sending a multicast-DIO with rank 613
112940405	ID:34	RPL: Sending a multicast-DIO with rank 331
113728581	ID:33	RPL: Sending a multicast-DIO with rank 324
114495334	ID:35	RPL: Sending a multicast-DIO with rank 318
115408513	ID:32	RPL: Sending a multicast-DIO with rank 613
117940405	ID:34	RPL: Sending a multicast-DIO with rank 331
118728581	ID:33	RPL: Sending a multicast-DIO with rank 324
119495334	ID:35	RPL: Sending a multicast-DIO with rank 318
120408513	ID:32	RPL: Sending a multicast-DIO with rank 613
122099954	ID:36	RPL: Sending a DIS to fe80::c30c:0:0:8
122940405	ID:34	RPL: Sending a multicast-DIO with rank 331
123728581	ID:33	RPL: Sending a multicast-DIO with rank 324
124495334	ID:35	RPL: Sending a multicast-DIO with rank 318
125408513	ID:32	RPL: Sending a multicast-DIO with rank 613
127940405	ID:34	RPL: Sending a multicast-DIO with rank 331
128728581	ID:33	RPL: Sending a multicast-DIO with rank 324
129495334	ID:35	RPL: Sending a multicast-DIO with rank 318
130408513	ID:32	RPL: Sending a multicast-DIO with rank 613
132940405	ID:34	RPL: Sending a multicast-DIO with rank 331
133728581	ID:33	RPL: Sending a multicast-DIO with rank 324
134495334	ID:35	RPL: Sending a multicast-DIO with rank 318
135408513	ID:32	RPL: Sending a multicast-DIO with rank 613
137940405	ID:34	RPL: Sending a multicast-DIO with rank 331
138728581	ID:33	RPL: Sending a multicast-DIO with rank 324
139495334	ID:35	RPL: Sending a multicast-DIO with rank 318
140408513	ID:32	RPL: Sending a multicast-DIO with rank 613
142940405	ID:34	RPL: Sending a multicast-DIO with rank 331
143728581	ID:33	RPL: Sending a multicast-DIO with rank 324
144495334	ID:35	RPL: Sending a multicast-DIO with rank 318
145408513	ID:32	RPL: Sending a multicast-DIO with rank 613
147940405	ID:34	RPL: Sending a multicast-DIO with rank 331
148728581	ID:33	RPL: Sending a multicast-DIO with rank 324
149495334	ID:35	RPL: Sending a multicast-DIO with rank 318
150408513	ID:32	RPL: Sending a multicast-DIO with rank 613
152940405	ID:34	RPL: Sending a multicast-DIO with rank 331
153728581	ID:33	RPL: Sending a multicast-DIO with rank 324
154495334	ID:35	RPL: Sending a multicast-DIO with rank 318
155408513	ID:32	RPL: Sending a multicast-DIO with rank 613
157940405	ID:34	RPL: Sending a multicast-DIO with rank 331
158728581	ID:33	RPL: Sending a multicast-DIO with rank 324
159495334	ID:35	RPL: Sending a multicast-DIO with rank 318
160408513	ID:32	RPL: Sending a multicast-DIO with rank 613
162940405	ID:34	RPL: Sending a multicast-DIO with rank 331
163728581	ID:33	RPL: Sending a multicast-DIO with rank 324
164495334	ID:35	RPL: Sending a multicast-DIO with rank 318
165408513	ID:32	RPL: Sending a multicast-DIO with rank 613
167940405	ID:34	RPL: Sending a multicast-DIO with rank 331
168728581	ID:33	RPL: Sending a multicast-DIO with rank 324
169495334	ID:35	RPL: Sending a multicast-DIO with rank 318
170408513	ID:32	RPL: Sending a multicast-DIO with rank 613
172940405	ID:34	RPL: Sending a multicast-DIO with rank 331
173728581	ID:33	RPL: Sending a multicast-DIO with rank 324
174495334	ID:35	RPL: Sending a multicast-DIO with rank 318
175408513	ID:32	RPL: Sending a multicast-DIO with rank 613
177940405	ID:34	RPL: Sending a multicast-DIO with rank 331
178728581	ID:33	RPL: Sending a multicast-DIO with rank 324
179495334	ID:35	RPL: Sending a multicast-DIO with rank 318
180408513	ID:32	RPL: Sending a multicast-DIO with rank 613
182099521	ID:36	RPL: Sending a DIS to fe80::c30c:0:0:8
182940405	ID:34	RPL: Sending a multicast-DIO with rank 331
183728581	ID:33	RPL: Sending a multicast-DIO with rank 324
184495334	ID:35	RPL: Sending a multicast-DIO with rank 318
185408513	ID:32	RPL: Sending a multicast-DIO with rank 613
187940405	ID:34	RPL: Sending a multicast-DIO with rank 331
188728581	ID:33	RPL: Sending a multicast-DIO with rank 324
189495334	ID:35	RPL: Sending a multicast-DIO with rank 318
190408513	ID:32	RPL: Sending a multicast-DIO with rank 613
192940405	ID:34	RPL: Sending a multicast-DIO with rank 331
193728581	ID:33	RPL: Sending a multicast-DIO with rank 324
194495334	ID:35	RPL: Sending a multicast-DIO with rank 318
195408513	ID:32	RPL: Sending a multicast-DIO with rank 613
197940405	ID:34	RPL: Sending a multicast-DIO with rank 331
198728581	ID:33	RPL: Sending a multicast-DIO with rank 324
199495334	ID:35	RPL: Sending a multicast-DIO with rank 318
200408513	ID:32	RPL: Sending a multicast-DIO with rank 613
202940405	ID:34	RPL: Sending a multicast-DIO with rank 331
203728581	ID:33	RPL: Sending a multicast-DIO with rank 324
204495334	ID:35	RPL: Sending a multicast-DIO with rank 318
205408513	ID:32	RPL: Sending a multicast-DIO with rank 613
207940405	ID:34	RPL: Sending a multicast-DIO with rank 331
208728581	ID:33	RPL: Sending a multicast-DIO with rank 324
209495334	ID:35	RPL: Sending a multicast-DIO with rank 318
210408513	ID:32	RPL: Sending a multicast-DIO with rank 613
212940405	ID:34	RPL: Sending a multicast-DIO with rank 331
213728581	ID:33	RPL: Sending a multicast-DIO with rank 324
214495334	ID:35	RPL: Sending a multicast-DIO with rank 318
215408513	ID:32	RPL: Sending a multicast-DIO with rank 613
217940405	ID:34	RPL: Sending a multicast-DIO with rank 331
218728581	ID:33	RPL: Sending a multicast-DIO with rank 324
219495334	ID:35	RPL: Sending a multicast-DIO with rank 318
220408513	ID:32	RPL: Sending a multicast-DIO with rank 613
222940405	ID:34	RPL: Sending a multicast-DIO with rank 331
223728581	ID:33	RPL: Sending a multicast-DIO with rank 324
224495334	ID:35	RPL: Sending a multicast-DIO with rank 318
225408513	ID:32	RPL: Sending a multicast-DIO with rank 613
227940405	ID:34	RPL: Sending a multicast-DIO with rank 331
228728581	ID:33	RPL: Sending a multicast-DIO with rank 324
229495334	ID:35	RPL: Sending a multicast-DIO with rank 318
230408513	ID:32	RPL: Sending a multicast-DIO with rank 613
232940405	ID:34	RPL: Sending a multicast-DIO with rank 331
233728581	ID:33	RPL: Sending a multicast-DIO with rank 324
234495334	ID:35	RPL: Sending a multicast-DIO with rank 318
235408513	ID:32	RPL: Sending a multicast-DIO with rank 613
237940405	ID:34	RPL: Sending a multicast-DIO with rank 331
238728581	ID:33	RPL: Sending a multicast-DIO with rank 324
239495334	ID:35	RPL: Sending a multicast-DIO with rank 318
240408513	ID:32	RPL: Sending a multicast-DIO with rank 613
242099521	ID:36	RPL: Sending a DIS to fe80::c30c:0:0:8
242940405	ID:34	RPL: Sending a multicast-DIO with rank 331
243728581	ID:33	RPL: Sending a multicast-DIO with rank 324
244495334	ID:35	RPL: Sending a multicast-DIO with rank 318
245408513	ID:32	RPL: Sending a multicast-DIO with rank 613
247940405	ID:34	RPL: Sending a multicast-DIO with rank 331
248728581	ID:33	RPL: Sending a multicast-DIO with rank 324
249495334	ID:35	RPL: Sending a multicast-DIO with rank 318
250408513	ID:32	RPL: Sending a multicast-DIO with rank 613
252940405	ID:34	RPL: Sending a multicast-DIO with rank 331
253728581	ID:33	RPL: Sending a multicast-DIO with rank 324
254495334	ID:35	RPL: Sending a multicast-DIO with rank 318
255408513	ID:32	RPL: Sending a multicast-DIO with rank 613
257940405	ID:34	RPL: Sending a multicast-DIO with rank 331
258728581	ID:33	RPL: Sending a multicast-DIO with rank 324
259495334	ID:35	RPL: Sending a multicast-DIO with rank 318
260408513	ID:32	RPL: Sending a multicast-DIO with rank 613
262940405	ID:34	RPL: Sending a multicast-DIO with rank 331
263728581	ID:33	RPL: Sending a multicast-DIO with rank 324
264495334	ID:35	RPL: Sending a multicast-DIO with rank 318
265408513	ID:32	RPL: Sending a multicast-DIO with rank 613
267940405	ID:34	RPL: Sending a multicast-DIO with rank 331
268728581	ID:33	RPL: Sending a multicast-DIO with rank 324
269495334	ID:35	RPL: Sending a multicast-DIO with rank 318
270408513	ID:32	RPL: Sending a multicast-DIO with rank 613
272940405	ID:34	RPL: Sending a multicast-DIO with rank 331
273728581	ID:33	RPL: Sending a multicast-DIO with rank 324
274495334	ID:35	RPL: Sending a multicast-DIO with rank 318
275408513	ID:32	RPL: Sending a multicast-DIO with rank 613
277940405	ID:34	RPL: Sending a multicast-DIO with rank 331
278728581	ID:33	RPL: Sending a multicast-DIO with rank 324
279495334	ID:35	RPL: Sending a multicast-DIO with rank 318
280408513	ID:32	RPL: Sending a multicast-DIO with rank 613
282940405	ID:34	RPL: Sending a multicast-DIO with rank 331
283728581	ID:33	RPL: Sending a multicast-DIO with rank 324
284495334	ID:35	RPL: Sending a multicast-DIO with rank 318
285408513	ID:32	RPL: Sending a multicast-DIO with rank 613
287940405	ID:34	RPL: Sending a multicast-DIO with rank 331
288728581	ID:33	RPL: Sending a multicast-DIO with rank 324
289495334	ID:35	RPL: Sending a multicast-DIO with rank 318
290408513	ID:32	RPL: Sending a multicast-DIO with rank 613
292940405	ID:34	RPL: Sending a multicast-DIO with rank 331
293728581	ID:33	RPL: Sending a multicast-DIO with rank 324
294495334	ID:35	RPL: Sending a multicast-DIO with rank 318
295408513	ID:32	RPL: Sending a multicast-DIO with rank 613
297940405	ID:34	RPL: Sending a multicast-DIO with rank 331
298728581	ID:33	RPL: Sending a multicast-DIO with rank 324
299495334	ID:35	RPL: Sending a multicast-DIO with rank 318
300408513	ID:32	RPL: Sending a multicast-DIO with rank 613
302099521	ID:36	RPL: Sending a DIS to fe80::c30c:0:0:8
302940405	ID:34	RPL: Sending a multicast-DIO with rank 331
303728581	ID:33	RPL: Sending a multicast-DIO with rank 324
304495334	ID:35	RPL: Sending a multicast-DIO with rank 318
305408513	ID:32	RPL: Sending a multicast-DIO with rank 613
307940405	ID:34	RPL: Sending a multicast-DIO with rank 331
308728581	ID:33	RPL: Sending a multicast-DIO with rank 324
309495334	ID:35	RPL: Sending a multicast-DIO with rank 318
310408513	ID:32	RPL: Sending a multicast-DIO with rank 613
312940405	ID:34	RPL: Sending a multicast-DIO with rank 331
313728581	ID:33	RPL: Sending a multicast-DIO with rank 324
314495334	ID:35	RPL: Sending a multicast-DIO with rank 318
315408513	ID:32	RPL: Sending a multicast-DIO with rank 613
317940405	ID:34	RPL: Sending a multicast-DIO with rank 331
318728581	ID:33	RPL: Sending a multicast-DIO with rank 324
319495334	ID:35	RPL: Sending a multicast-DIO with rank 318
320408513	ID:32	RPL: Sending a multicast-DIO with rank 613
322940405	ID:34	RPL: Sending a multicast-DIO with rank 331
323728581	ID:33	RPL: Sending a multicast-DIO with rank 324
324495334	ID:35	RPL: Sending a multicast-DIO with rank 318
325408513	ID:32	RPL: Sending a multicast-DIO with rank 613
327940405	ID:34	RPL: Sending a multicast-DIO with rank 331
328728581	ID:33	RPL: Sending a multicast-DIO with rank 324
329495334	ID:35	RPL: Sending a multicast-DIO with rank 318
330408513	ID:32	RPL: Sending a multicast-DIO with rank 613
332940405	ID:34	RPL: Sending a multicast-DIO with rank 331
333728581	ID:33	RPL: Sending a multicast-DIO with rank 324
334495334	ID:35	RPL: Sending a multicast-DIO with rank 318
335408513	ID:32	RPL: Sending a multicast-DIO with rank 613
337940405	ID:34	RPL: Sending a multicast-DIO with rank 331
338728581	ID:33	RPL: Sending a multicast-DIO with rank 324
339495334	ID:35	RPL: Sending a multicast-DIO with rank 318
340408513	ID:32	RPL: Sending a multicast-DIO with rank 613
342940405	ID:34	RPL: Sending a multicast-DIO with rank 331
343728581	ID:33	RPL: Sending a multicast-DIO with rank 324
344495334	ID:35	RPL: Sending a multicast-DIO with rank 318
345408513	ID:32	RPL: Sending a multicast-DIO with rank 613
347940405	ID:34	RPL: Sending a multicast-DIO with rank 331
348728588	ID:33	RPL: Sending a multicast-DIO with rank 324
349495334	ID:35	RPL: Sending a multicast-DIO with rank 318
350408513	ID:32	RPL: Sending a multicast-DIO with rank 613
352940405	ID:34	RPL: Sending a multicast-DIO with rank 331
353728581	ID:33	RPL: Sending a multicast-DIO with rank 324
354495334	ID:35	RPL: Sending a multicast-DIO with rank 318
355408520	ID:32	RPL: Sending a multicast-DIO with rank 613
357940405	ID:34	RPL: Sending a multicast-DIO with rank 331
358728581	ID:33	RPL: Sending a multicast-DIO with rank 324
359495334	ID:35	RPL: Sending a multicast-DIO with rank 318
360408513	ID:32	RPL: Sending a multicast-DIO with rank 613
362099521	ID:36	RPL: Sending a DIS to fe80::c30c:0:0:8
362940405	ID:34	RPL: Sending a multicast-DIO with rank 331
363728581	ID:33	RPL: Sending a multicast-DIO with rank 324
364495334	ID:35	RPL: Sending a multicast-DIO with rank 318
365408513	ID:32	RPL: Sending a multicast-DIO with rank 613
367940405	ID:34	RPL: Sending a multicast-DIO with rank 331
368728581	ID:33	RPL: Sending a multicast-DIO with rank 324
369495334	ID:35	RPL: Sending a multicast-DIO with rank 318
370408513	ID:32	RPL: Sending a multicast-DIO with rank 613
372940405	ID:34	RPL: Sending a multicast-DIO with rank 331
373728581	ID:33	RPL: Sending a multicast-DIO with rank 324
374495334	ID:35	RPL: Sending a multicast-DIO with rank 318
375408513	ID:32	RPL: Sending a multicast-DIO with rank 613
377940405	ID:34	RPL: Sending a multicast-DIO with rank 331
378728581	ID:33	RPL: Sending a multicast-DIO with rank 324
379495334	ID:35	RPL: Sending a multicast-DIO with rank 318
380408513	ID:32	RPL: Sending a multicast-DIO with rank 613
382940405	ID:34	RPL: Sending a multicast-DIO with rank 331
383728581	ID:33	RPL: Sending a multicast-DIO with rank 324
384495334	ID:35	RPL: Sending a multicast-DIO with rank 318
385408513	ID:32	RPL: Sending a multicast-DIO with rank 613
387940405	ID:34	RPL: Sending a multicast-DIO with rank 331
388728581	ID:33	RPL: Sending a multicast-DIO with rank 324
389495334	ID:35	RPL: Sending a multicast-DIO with rank 318
390408513	ID:32	RPL: Sending a multicast-DIO with rank 613
392940405	ID:34	RPL: Sending a multicast-DIO with rank 331
393728581	ID:33	RPL: Sending a multicast-DIO with rank 324
394495334	ID:35	RPL: Sending a multicast-DIO with rank 318
395408513	ID:32	RPL: Sending a multicast-DIO with rank 613
397940405	ID:34	RPL: Sending a multicast-DIO with rank 331
398728581	ID:33	RPL: Sending a multicast-DIO with rank 324
399495334	ID:35	RPL: Sending a multicast-DIO with rank 318
400408513	ID:32	RPL: Sending a multicast-DIO with rank 613
402940405	ID:34	RPL: Sending a multicast-DIO with rank 331
403728581	ID:33	RPL: Sending a multicast-DIO with rank 324
404495334	ID:35	RPL: Sending a multicast-DIO with rank 318
405408513	ID:32	RPL: Sending a multicast-DIO with rank 613
407940405	ID:34	RPL: Sending a multicast-DIO with rank 331
408728581	ID:33	RPL: Sending a multicast-DIO with rank 324
409495334	ID:35	RPL: Sending a multicast-DIO with rank 318
410408513	ID:32	RPL: Sending a multicast-DIO with rank 613
412940405	ID:34	RPL: Sending a multicast-DIO with rank 331
413728581	ID:33	RPL: Sending a multicast-DIO with rank 324
414495334	ID:35	RPL: Sending a multicast-DIO with rank 318
415408513	ID:32	RPL: Sending a multicast-DIO with rank 613
417940405	ID:34	RPL: Sending a multicast-DIO with rank 331
418728581	ID:33	RPL: Sending a multicast-DIO with rank 324
419495334	ID:35	RPL: Sending a multicast-DIO with rank 318
420408513	ID:32	RPL: Sending a multicast-DIO with rank 613
422099521	ID:36	RPL: Sending a DIS to fe80::c30c:0:0:8
422940405	ID:34	RPL: Sending a multicast-DIO with rank 331
423728581	ID:33	RPL: Sending a multicast-DIO with rank 324
424495341	ID:35	RPL: Sending a multicast-DIO with rank 318
425408513	ID:32	RPL: Sending a multicast-DIO with rank 613
427940405	ID:34	RPL: Sending a multicast-DIO with rank 331
428728581	ID:33	RPL: Sending a multicast-DIO with rank 324
429495334	ID:35	RPL: Sending a multicast-DIO with rank 318
430408513	ID:32	RPL: Sending a multicast-DIO with rank 613
432940405	ID:34	RPL: Sending a multicast-DIO with rank 331
433728581	ID:33	RPL: Sending a multicast-DIO with rank 324
434495334	ID:35	RPL: Sending a multicast-DIO with rank 318
435408513	ID:32	RPL: Sending a multicast-DIO with rank 613
437940405	ID:34	RPL: Sending a multicast-DIO with rank 331
438728581	ID:33	RPL: Sending a multicast-DIO with rank 324
439495334	ID:35	RPL: Sending a multicast-DIO with rank 318
440408513	ID:32	RPL: Sending a multicast-DIO with rank 613
442940405	ID:34	RPL: Sending a multicast-DIO with rank 331
443728581	ID:33	RPL: Sending a multicast-DIO with rank 324
444495334	ID:35	RPL: Sending a multicast-DIO with rank 318
445408513	ID:32	RPL: Sending a multicast-DIO with rank 613
447940412	ID:34	RPL: Sending a multicast-DIO with rank 331
448728581	ID:33	RPL: Sending a multicast-DIO with rank 324
449495334	ID:35	RPL: Sending a multicast-DIO with rank 318
450408513	ID:32	RPL: Sending a multicast-DIO with rank 613
452940405	ID:34	RPL: Sending a multicast-DIO with rank 331
453728581	ID:33	RPL: Sending a multicast-DIO with rank 324
454495334	ID:35	RPL: Sending a multicast-DIO with rank 318
455408513	ID:32	RPL: Sending a multicast-DIO with rank 613
457940405	ID:34	RPL: Sending a multicast-DIO with rank 331
458728581	ID:33	RPL: Sending a multicast-DIO with rank 324
459495334	ID:35	RPL: Sending a multicast-DIO with rank 318
460408513	ID:32	RPL: Sending a multicast-DIO with rank 613
462940405	ID:34	RPL: Sending a multicast-DIO with rank 331
463728581	ID:33	RPL: Sending a multicast-DIO with rank 324
464495334	ID:35	RPL: Sending a multicast-DIO with rank 318
465408513	ID:32	RPL: Sending a multicast-DIO with rank 613
467940405	ID:34	RPL: Sending a multicast-DIO with rank 331
468728581	ID:33	RPL: Sending a multicast-DIO with rank 324
469495334	ID:35	RPL: Sending a multicast-DIO with rank 318
470408513	ID:32	RPL: Sending a multicast-DIO with rank 613
472940405	ID:34	RPL: Sending a multicast-DIO with rank 331
473728581	ID:33	RPL: Sending a multicast-DIO with rank 324
474495334	ID:35	RPL: Sending a multicast-DIO with rank 318
475408513	ID:32	RPL: Sending a multicast-DIO with rank 613
477940405	ID:34	RPL: Sending a multicast-DIO with rank 331
478728581	ID:33	RPL: Sending a multicast-DIO with rank 324
479495334	ID:35	RPL: Sending a multicast-DIO with rank 318
480408513	ID:32	RPL: Sending a multicast-DIO with rank 613
482099521	ID:36	RPL: Sending a DIS to fe80::c30c:0:0:8
482940405	ID:34	RPL: Sending a multicast-DIO with rank 331
483728581	ID:33	RPL: Sending a multicast-DIO with rank 324
484495334	ID:35	RPL: Sending a multicast-DIO with rank 318
485408513	ID:32	RPL: Sending a multicast-DIO with rank 613
487940405	ID:34	RPL: Sending a multicast-DIO with rank 331
488728581	ID:33	RPL: Sending a multicast-DIO with rank 324
489495334	ID:35	RPL: Sending a multicast-DIO with rank 318
490408513	ID:32	RPL: Sending a multicast-DIO with rank 613
492940405	ID:34	RPL: Sending a multicast-DIO with rank 331
493728581	ID:33	RPL: Sending a multicast-DIO with rank 324
494495334	ID:35	RPL: Sending a multicast-DIO with rank 318
495408513	ID:32	RPL: Sending a multicast-DIO with rank 613
497940405	ID:34	RPL: Sending a multicast-DIO with rank 331
498728581	ID:33	RPL: Sending a multicast-DIO with rank 324
499495334	ID:35	RPL: Sending a multicast-DIO with rank 318
500408513	ID:32	RPL: Sending a multicast-DIO with rank 613
502940405	ID:34	RPL: Sending a multicast-DIO with rank 331
503728581	ID:33	RPL: Sending a multicast-DIO with rank 324
504495334	ID:35	RPL: Sending a multicast-DIO with rank 318
505408513	ID:32	RPL: Sending a multicast-DIO with rank 613
507940405	ID:34	RPL: Sending a multicast-DIO with rank 331
508728581	ID:33	RPL: Sending a multicast-DIO with rank 324
509495334	ID:35	RPL: Sending a multicast-DIO with rank 318
510408513	ID:32	RPL: Sending a multicast-DIO with rank 613
512940405	ID:34	RPL: Sending a multicast-DIO with rank 331
513728581	ID:33	RPL: Sending a multicast-DIO with rank 324
514495334	ID:35	RPL: Sending a multicast-DIO with rank 318
515408513	ID:32	RPL: Sending a multicast-DIO with rank 613
517940405	ID:34	RPL: Sending a multicast-DIO with rank 331
518728581	ID:33	RPL: Sending a multicast-DIO with rank 324
519495334	ID:35	RPL: Sending a multicast-DIO with rank 318
520408513	ID:32	RPL: Sending a multicast-DIO with rank 613
522940405	ID:34	RPL: Sending a multicast-DIO with rank 331
523728581	ID:33	RPL: Sending a multicast-DIO with rank 324
524495334	ID:35	RPL: Sending a multicast-DIO with rank 318
525408513	ID:32	RPL: Sending a multicast-DIO with rank 613
527940405	ID:34	RPL: Sending a multicast-DIO with rank 331
528728581	ID:33	RPL: Sending a multicast-DIO with rank 324
529495334	ID:35	RPL: Sending a multicast-DIO with rank 318
530408513	ID:32	RPL: Sending a multicast-DIO with rank 613
532940405	ID:34	RPL: Sending a multicast-DIO with rank 331
533728581	ID:33	RPL: Sending a multicast-DIO with rank 324
534495334	ID:35	RPL: Sending a multicast-DIO with rank 318
535408513	ID:32	RPL: Sending a multicast-DIO with rank 613
537940405	ID:34	RPL: Sending a multicast-DIO with rank 331
538728581	ID:33	RPL: Sending a multicast-DIO with rank 324
539495334	ID:35	RPL: Sending a multicast-DIO with rank 318
540408513	ID:32	RPL: Sending a multicast-DIO with rank 613
542100203	ID:36	RPL: Sending a DIS to fe80::c30c:0:0:8
542940405	ID:34	RPL: Sending a multicast-DIO with rank 331
543728581	ID:33	RPL: Sending a multicast-DIO with rank 324
544495334	ID:35	RPL: Sending a multicast-DIO with rank 318
545408513	ID:32	RPL: Sending a multicast-DIO with rank 613
547940405	ID:34	RPL: Sending a multicast-DIO with rank 331
548728581	ID:33	RPL: Sending a multicast-DIO with rank 324
549495334	ID:35	RPL: Sending a multicast-DIO with rank 318
550408513	ID:32	RPL: Sending a multicast-DIO with rank 613
552940405	ID:34	RPL: Sending a multicast-DIO with rank 331
553728581	ID:33	RPL: Sending a multicast-DIO with rank 324
554495334	ID:35	RPL: Sending a multicast-DIO with rank 318
555408513	ID:32	RPL: Sending a multicast-DIO with rank 613
557940405	ID:34	RPL: Sending a multicast-DIO with rank 331
558728581	ID:33	RPL: Sending a multicast-DIO with rank 324
559495334	ID:35	RPL: Sending a multicast-DIO with rank 318
560408513	ID:32	RPL: Sending a multicast-DIO with rank 613
562940405	ID:34	RPL: Sending a multicast-DIO with rank 331
563728581	ID:33	RPL: Sending a multicast-DIO with rank 324
564495334	ID:35	RPL: Sending a multicast-DIO with rank 318
565408513	ID:32	RPL: Sending a multicast-DIO with rank 613
567940405	ID:34	RPL: Sending a multicast-DIO with rank 331
568728581	ID:33	RPL: Sending a multicast-DIO with rank 324
569495334	ID:35	RPL: Sending a multicast-DIO with rank 318
570408513	ID:32	RPL: Sending a multicast-DIO with rank 613
572940405	ID:34	RPL: Sending a multicast-DIO with rank 331
573728581	ID:33	RPL: Sending a multicast-DIO with rank 324
574495334	ID:35	RPL: Sending a multicast-DIO with rank 318
575408513	ID:32	RPL: Sending a multicast-DIO with rank 613
577940405	ID:34	RPL: Sending a multicast-DIO with rank 331
578728581	ID:33	RPL: Sending a multicast-DIO with rank 324
579495334	ID:35	RPL: Sending a multicast-DIO with rank 318
580408513	ID:32	RPL: Sending a multicast-DIO with rank 613
582940405	ID:34	RPL: Sending a multicast-DIO with rank 331
583728581	ID:33	RPL: Sending a multicast-DIO with rank 324
584495334	ID:35	RPL: Sending a multicast-DIO with rank 318
585408513	ID:32	RPL: Sending a multicast-DIO with rank 613
587940405	ID:34	RPL: Sending a multicast-DIO with rank 331
588728581	ID:33	RPL: Sending a multicast-DIO with rank 324
589495334	ID:35	RPL: Sending a multicast-DIO with rank 318
590408513	ID:32	RPL: Sending a multicast-DIO with rank 613
592940405	ID:34	RPL: Sending a multicast-DIO with rank 331
593728581	ID:33	RPL: Sending a multicast-DIO with rank 324
594495334	ID:35	RPL: Sending a multicast-DIO with rank 318
595408513	ID:32	RPL: Sending a multicast-DIO with rank 613
597940405	ID:34	RPL: Sending a multicast-DIO with rank 331
598728581	ID:33	RPL: Sending a multicast-DIO with rank 324
599495334	ID:35	RPL: Sending a multicast-DIO with rank 318
600408513	ID:32	RPL: Sending a multicast-DIO with rank 613
602099521	ID:36	RPL: Sending a DIS to fe80::c30c:0:0:8
602940405	ID:34	RPL: Sending a multicast-DIO with rank 331
603728581	ID:33	RPL: Sending a multicast-DIO with rank 324
604495334	ID:35	RPL: Sending a multicast-DIO with rank 318
605408513	ID:32	RPL: Sending a multicast-DIO with rank 613
607940405	ID:34	RPL: Sending a multicast-DIO with rank 331
608728581	ID:33	RPL: Sending a multicast-DIO with rank 324
609495334	ID:35	RPL: Sending a multicast-DIO with rank 318
610408513	ID:32	RPL: Sending a multicast-DIO with rank 613
612940405	ID:34	RPL: Sending a multicast-DIO with rank 331
613728581	ID:33	RPL: Sending a multicast-DIO with rank 324
614495334	ID:35	RPL: Sending a multicast-DIO with rank 318
615408513	ID:32	RPL: Sending a multicast-DIO with rank 613
617940405	ID:34	RPL: Sending a multicast-DIO with rank 331
618728581	ID:33	RPL: Sending a multicast-DIO with rank 324
619495334	ID:35	RPL: Sending a multicast-DIO with rank 318
620408513	ID:32	RPL: Sending a multicast-DIO with rank 613
622940405	ID:34	RPL: Sending a multicast-DIO with rank 331
623728581	ID:33	RPL: Sending a multicast-DIO with rank 324
624495334	ID:35	RPL: Sending a multicast-DIO with rank 318
625408513	ID:32	RPL: Sending a multicast-DIO with rank 613
627940405	ID:34	RPL: Sending a multicast-DIO with rank 331
628728581	ID:33	RPL: Sending a multicast-DIO with rank 324
629495334	ID:35	RPL: Sending a multicast-DIO with rank 318
630408513	ID:32	RPL: Sending a multicast-DIO with rank 613
632940405	ID:34	RPL: Sending a multicast-DIO with rank 331
633728581	ID:33	RPL: Sending a multicast-DIO with rank 324
634495334	ID:35	RPL: Sending a multicast-DIO with rank 318
635408513	ID:32	RPL: Sending a multicast-DIO with rank 613
637940405	ID:34	RPL: Sending a multicast-DIO with rank 331
638728581	ID:33	RPL: Sending a multicast-DIO with rank 324
639495334	ID:35	RPL: Sending a multicast-DIO with rank 318
640408513	ID:32	RPL: Sending a multicast-DIO with rank 613
642940405	ID:34	RPL: Sending a multicast-DIO with rank 331
643728581	ID:33	RPL: Sending a multicast-DIO with rank 324
644495334	ID:35	RPL: Sending a multicast-DIO with rank 318
645408513	ID:32	RPL: Sending a multicast-DIO with rank 613
647940405	ID:34	RPL: Sending a multicast-DIO with rank 331
648728581	ID:33	RPL: Sending a multicast-DIO with rank 324
649495334	ID:35	RPL: Sending a multicast-DIO with rank 318
650408513	ID:32	RPL: Sending a multicast-DIO with rank 613
652940405	ID:34	RPL: Sending a multicast-DIO with rank 331
653728581	ID:33	RPL: Sending a multicast-DIO with rank 324
654495334	ID:35	RPL: Sending a multicast-DIO with rank 318
655408513	ID:32	RPL: Sending a multicast-DIO with rank 613
657940405	ID:34	RPL: Sending a multicast-DIO with rank 331
658728581	ID:33	RPL: Sending a multicast-DIO with rank 324
659495334	ID:35	RPL: Sending a multicast-DIO with rank 318
660408513	ID:32	RPL: Sending a multicast-DIO with rank 613
662099521	ID:36	RPL: Sending a DIS to fe80::c30c:0:0:8
662940405	ID:34	RPL: Sending a multicast-DIO with rank 331
663728581	ID:33	RPL: Sending a multicast-DIO with rank 324
664495334	ID:35	RPL: Sending a multicast-DIO with rank 318
665408513	ID:32	RPL: Sending a multicast-DIO with rank 613
667940405	ID:34	RPL: Sending a multicast-DIO with rank 331
668728581	ID:33	RPL: Sending a multicast-DIO with rank 324
669495334	ID:35	RPL: Sending a multicast-DIO with rank 318
670408513	ID:32	RPL: Sending a multicast-DIO with rank 613
672940405	ID:34	RPL: Sending a multicast-DIO with rank 331
673728581	ID:33	RPL: Sending a multicast-DIO with rank 324
674495334	ID:35	RPL: Sending a multicast-DIO with rank 318
675408520	ID:32	RPL: Sending a multicast-DIO with rank 613
677940405	ID:34	RPL: Sending a multicast-DIO with rank 331
678728581	ID:33	RPL: Sending a multicast-DIO with rank 324
679495334	ID:35	RPL: Sending a multicast-DIO with rank 318
680408513	ID:32	RPL: Sending a multicast-DIO with rank 613
682940405	ID:34	RPL: Sending a multicast-DIO with rank 331
683728581	ID:33	RPL: Sending a multicast-DIO with rank 324
684495334	ID:35	RPL: Sending a multicast-DIO with rank 318
685408513	ID:32	RPL: Sending a multicast-DIO with rank 613
687940405	ID:34	RPL: Sending a multicast-DIO with rank 331
688728581	ID:33	RPL: Sending a multicast-DIO with rank 324
689495334	ID:35	RPL: Sending a multicast-DIO with rank 318
690408514	ID:32	RPL: Sending a multicast-DIO with rank 613
692940405	ID:34	RPL: Sending a multicast-DIO with rank 331
693728581	ID:33	RPL: Sending a multicast-DIO with rank 324
694495335	ID:35	RPL: Sending a multicast-DIO with rank 318
695408514	ID:32	RPL: Sending a multicast-DIO with rank 613
697940405	ID:34	RPL: Sending a multicast-DIO with rank 331
698728588	ID:33	RPL: Sending a multicast-DIO with rank 324
699495335	ID:35	RPL: Sending a multicast-DIO with rank 318
700408514	ID:32	RPL: Sending a multicast-DIO with rank 613
702940405	ID:34	RPL: Sending a multicast-DIO with rank 331
703728581	ID:33	RPL: Sending a multicast-DIO with rank 324
704495335	ID:35	RPL: Sending a multicast-DIO with rank 318
705408514	ID:32	RPL: Sending a multicast-DIO with rank 613
707940405	ID:34	RPL: Sending a multicast-DIO with rank 331
708728581	ID:33	RPL: Sending a multicast-DIO with rank 324
709495335	ID:35	RPL: Sending a multicast-DIO with rank 318
710408514	ID:32	RPL: Sending a multicast-DIO with rank 613
712940405	ID:34	RPL: Sending a multicast-DIO with rank 331
713728581	ID:33	RPL: Sending a multicast-DIO with rank 324
714495335	ID:35	RPL: Sending a multicast-DIO with rank 318
715408514	ID:32	RPL: Sending a multicast-DIO with rank 613
717940405	ID:34	RPL: Sending a multicast-DIO with rank 331
718728581	ID:33	RPL: Sending a multicast-DIO with rank 324
719495335	ID:35	RPL: Sending a multicast-DIO with rank 318
720408514	ID:32	RPL: Sending a multicast-DIO with rank 613
722099521	ID:36	RPL: Sending a DIS to fe80::c30c:0:0:8
722940405	ID:34	RPL: Sending a multicast-DIO with rank 331
723728581	ID:33	RPL: Sending a multicast-DIO with rank 324
724495335	ID:35	RPL: Sending a multicast-DIO with rank 318
725408514	ID:32	RPL: Sending a multicast-DIO with rank 613
727940405	ID:34	RPL: Sending a multicast-DIO with rank 331
728728581	ID:33	RPL: Sending a multicast-DIO with rank 324
729495335	ID:35	RPL: Sending a multicast-DIO with rank 318
730408514	ID:32	RPL: Sending a multicast-DIO with rank 613
732940405	ID:34	RPL: Sending a multicast-DIO with rank 331
733728581	ID:33	RPL: Sending a multicast-DIO with rank 324
734495335	ID:35	RPL: Sending a multicast-DIO with rank 318
735408514	ID:32	RPL: Sending a multicast-DIO with rank 613
737940405	ID:34	RPL: Sending a multicast-DIO with rank 331
738728581	ID:33	RPL: Sending a multicast-DIO with rank 324
739495335	ID:35	RPL: Sending a multicast-DIO with rank 318
740408514	ID:32	RPL: Sending a multicast-DIO with rank 613
742940405	ID:34	RPL: Sending a multicast-DIO with rank 331
743728581	ID:33	RPL: Sending a multicast-DIO with rank 324
744495335	ID:35	RPL: Sending a multicast-DIO with rank 318
745408514	ID:32	RPL: Sending a multicast-DIO with rank 613
747940405	ID:34	RPL: Sending a multicast-DIO with rank 331
748728581	ID:33	RPL: Sending a multicast-DIO with rank 324
749495335	ID:35	RPL: Sending a multicast-DIO with rank 318
750408514	ID:32	RPL: Sending a multicast-DIO with rank 613
752940405	ID:34	RPL: Sending a multicast-DIO with rank 331
753728581	ID:33	RPL: Sending a multicast-DIO with rank 324
754495335	ID:35	RPL: Sending a multicast-DIO with rank 318
755408514	ID:32	RPL: Sending a multicast-DIO with rank 613
757940405	ID:34	RPL: Sending a multicast-DIO with rank 331
758728581	ID:33	RPL: Sending a multicast-DIO with rank 324
759495335	ID:35	RPL: Sending a multicast-DIO with rank 318
760408514	ID:32	RPL: Sending a multicast-DIO with rank 613
762940405	ID:34	RPL: Sending a multicast-DIO with rank 331
763728581	ID:33	RPL: Sending a multicast-DIO with rank 324
764495335	ID:35	RPL: Sending a multicast-DIO with rank 318
765408514	ID:32	RPL: Sending a multicast-DIO with rank 613
767940405	ID:34	RPL: Sending a multicast-DIO with rank 331
768728581	ID:33	RPL: Sending a multicast-DIO with rank 324
769495335	ID:35	RPL: Sending a multicast-DIO with rank 318
770408514	ID:32	RPL: Sending a multicast-DIO with rank 613
772940405	ID:34	RPL: Sending a multicast-DIO with rank 331
773728581	ID:33	RPL: Sending a multicast-DIO with rank 324
774495335	ID:35	RPL: Sending a multicast-DIO with rank 318
775408514	ID:32	RPL: Sending a multicast-DIO with rank 613
777940405	ID:34	RPL: Sending a multicast-DIO with rank 331
778728581	ID:33	RPL: Sending a multicast-DIO with rank 324
779495335	ID:35	RPL: Sending a multicast-DIO with rank 318
780408514	ID:32	RPL: Sending a multicast-DIO with rank 613
782099521	ID:36	RPL: Sending a DIS to fe80::c30c:0:0:8
782940405	ID:34	RPL: Sending a multicast-DIO with rank 331
783728581	ID:33	RPL: Sending a multicast-DIO with rank 324
784495335	ID:35	RPL: Sending a multicast-DIO with rank 318
785408513	ID:32	RPL: Sending a multicast-DIO with rank 613
787940405	ID:34	RPL: Sending a multicast-DIO with rank 331
788728581	ID:33	RPL: Sending a multicast-DIO with rank 324
789495335	ID:35	RPL: Sending a multicast-DIO with rank 318
790408514	ID:32	RPL: Sending a multicast-DIO with rank 613
792940405	ID:34	RPL: Sending a multicast-DIO with rank 331
793728581	ID:33	RPL: Sending a multicast-DIO with rank 324
794495335	ID:35	RPL: Sending a multicast-DIO with rank 318
795408514	ID:32	RPL: Sending a multicast-DIO with rank 613
797940405	ID:34	RPL: Sending a multicast-DIO with rank 331
798728581	ID:33	RPL: Sending a multicast-DIO with rank 324
799495335	ID:35	RPL: Sending a multicast-DIO with rank 318
800408514	ID:32	RPL: Sending a multicast-DIO with rank 613
802940405	ID:34	RPL: Sending a multicast-DIO with rank 331
803728581	ID:33	RPL: Sending a multicast-DIO with rank 324
804495335	ID:35	RPL: Sending a multicast-DIO with rank 318
805408514	ID:32	RPL: Sending a multicast-DIO with rank 613
807940405	ID:34	RPL: Sending a multicast-DIO with rank 331
808728581	ID:33	RPL: Sending a multicast-DIO with rank 324
809495335	ID:35	RPL: Sending a multicast-DIO with rank 318
810408514	ID:32	RPL: Sending a multicast-DIO with rank 613
812940405	ID:34	RPL: Sending a multicast-DIO with rank 331
813728581	ID:33	RPL: Sending a multicast-DIO with rank 324
814495335	ID:35	RPL: Sending a multicast-DIO with rank 318
815408514	ID:32	RPL: Sending a multicast-DIO with rank 613
817940405	ID:34	RPL: Sending a multicast-DIO with rank 331
818728581	ID:33	RPL: Sending a multicast-DIO with rank 324
819495335	ID:35	RPL: Sending a multicast-DIO with rank 318
820408514	ID:32	RPL: Sending a multicast-DIO with rank 613
822940405	ID:34	RPL: Sending a multicast-DIO with rank 331
823728581	ID:33	RPL: Sending a multicast-DIO with rank 324
824495335	ID:35	RPL: Sending a multicast-DIO with rank 318
825408514	ID:32	RPL: Sending a multicast-DIO with rank 613
827940405	ID:34	RPL: Sending a multicast-DIO with rank 331
828728581	ID:33	RPL: Sending a multicast-DIO with rank 324
829495335	ID:35	RPL: Sending a multicast-DIO with rank 318
830408514	ID:32	RPL: Sending a multicast-DIO with rank 613
832940405	ID:34	RPL: Sending a multicast-DIO with rank 331
833728581	ID:33	RPL: Sending a multicast-DIO with rank 324
834495341	ID:35	RPL: Sending a multicast-DIO with rank 318
835408514	ID:32	RPL: Sending a multicast-DIO with rank 613
837940412	ID:34	RPL: Sending a multicast-DIO with rank 331
838728581	ID:33	RPL: Sending a multicast-DIO with rank 324
839495335	ID:35	RPL: Sending a multicast-DIO with rank 318
840408514	ID:32	RPL: Sending a multicast-DIO with rank 613
842099521	ID:36	RPL: Sending a DIS to fe80::c30c:0:0:8
842940405	ID:34	RPL: Sending a multicast-DIO with rank 331
843728581	ID:33	RPL: Sending a multicast-DIO with rank 324
844495335	ID:35	RPL: Sending a multicast-DIO with rank 318
845408514	ID:32	RPL: Sending a multicast-DIO with rank 613
847940405	ID:34	RPL: Sending a multicast-DIO with rank 331
848728581	ID:33	RPL: Sending a multicast-DIO with rank 324
849495335	ID:35	RPL: Sending a multicast-DIO with rank 318
850408514	ID:32	RPL: Sending a multicast-DIO with rank 613
852940405	ID:34	RPL: Sending a multicast-DIO with rank 331
853728581	ID:33	RPL: Sending a multicast-DIO with rank 324
854495335	ID:35	RPL: Sending a multicast-DIO with rank 318
855408514	ID:32	RPL: Sending a multicast-DIO with rank 613
857940405	ID:34	RPL: Sending a multicast-DIO with rank 331
858728581	ID:33	RPL: Sending a multicast-DIO with rank 324
859495335	ID:35	RPL: Sending a multicast-DIO with rank 318
860408514	ID:32	RPL: Sending a multicast-DIO with rank 613
862940405	ID:34	RPL: Sending a multicast-DIO with rank 331
863728581	ID:33	RPL: Sending a multicast-DIO with rank 324
864495335	ID:35	RPL: Sending a multicast-DIO with rank 318
865408514	ID:32	RPL: Sending a multicast-DIO with rank 613
867940405	ID:34	RPL: Sending a multicast-DIO with rank 331
868728581	ID:33	RPL: Sending a multicast-DIO with rank 324
869495335	ID:35	RPL: Sending a multicast-DIO with rank 318
870408514	ID:32	RPL: Sending a multicast-DIO with rank 613
872940405	ID:34	RPL: Sending a multicast-DIO with rank 331
873728581	ID:33	RPL: Sending a multicast-DIO with rank 324
874495335	ID:35	RPL: Sending a multicast-DIO with rank 318
875408514	ID:32	RPL: Sending a multicast-DIO with rank 613
877940405	ID:34	RPL: Sending a multicast-DIO with rank 331
878728581	ID:33	RPL: Sending a multicast-DIO with rank 324
879495335	ID:35	RPL: Sending a multicast-DIO with rank 318
880408514	ID:32	RPL: Sending a multicast-DIO with rank 613
882940405	ID:34	RPL: Sending a multicast-DIO with rank 331
883728581	ID:33	RPL: Sending a multicast-DIO with rank 324
884495335	ID:35	RPL: Sending a multicast-DIO with rank 318
885408514	ID:32	RPL: Sending a multicast-DIO with rank 613
887940405	ID:34	RPL: Sending a multicast-DIO with rank 331
888728581	ID:33	RPL: Sending a multicast-DIO with rank 324
889495335	ID:35	RPL: Sending a multicast-DIO with rank 318
890408514	ID:32	RPL: Sending a multicast-DIO with rank 613
892940405	ID:34	RPL: Sending a multicast-DIO with rank 331
893728581	ID:33	RPL: Sending a multicast-DIO with rank 324
894495335	ID:35	RPL: Sending a multicast-DIO with rank 318
895408514	ID:32	RPL: Sending a multicast-DIO with rank 613
897940405	ID:34	RPL: Sending a multicast-DIO with rank 331
898728581	ID:33	RPL: Sending a multicast-DIO with rank 324
899495335	ID:35	RPL: Sending a multicast-DIO with rank 318
900408514	ID:32	RPL: Sending a multicast-DIO with rank 613
902099521	ID:36	RPL: Sending a DIS to fe80::c30c:0:0:8
902940405	ID:34	RPL: Sending a multicast-DIO with rank 331
903728581	ID:33	RPL: Sending a multicast-DIO with rank 324
904495335	ID:35	RPL: Sending a multicast-DIO with rank 318
905408514	ID:32	RPL: Sending a multicast-DIO with rank 613
907940405	ID:34	RPL: Sending a multicast-DIO with rank 331
908728581	ID:33	RPL: Sending a multicast-DIO with rank 324
909495335	ID:35	RPL: Sending a multicast-DIO with rank 318
910408514	ID:32	RPL: Sending a multicast-DIO with rank 613
912940405	ID:34	RPL: Sending a multicast-DIO with rank 331
913728581	ID:33	RPL: Sending a multicast-DIO with rank 324
914495335	ID:35	RPL: Sending a multicast-DIO with rank 318
915408514	ID:32	RPL: Sending a multicast-DIO with rank 613
917940405	ID:34	RPL: Sending a multicast-DIO with rank 331
918728581	ID:33	RPL: Sending a multicast-DIO with rank 324
919495335	ID:35	RPL: Sending a multicast-DIO with rank 318
920408514	ID:32	RPL: Sending a multicast-DIO with rank 613
922940405	ID:34	RPL: Sending a multicast-DIO with rank 331
923728581	ID:33	RPL: Sending a multicast-DIO with rank 324
924495335	ID:35	RPL: Sending a multicast-DIO with rank 318
925408514	ID:32	RPL: Sending a multicast-DIO with rank 613
927940405	ID:34	RPL: Sending a multicast-DIO with rank 331
928728581	ID:33	RPL: Sending a multicast-DIO with rank 324
929495335	ID:35	RPL: Sending a multicast-DIO with rank 318
930408514	ID:32	RPL: Sending a multicast-DIO with rank 613
932940405	ID:34	RPL: Sending a multicast-DIO with rank 331
933728581	ID:33	RPL: Sending a multicast-DIO with rank 324
934495335	ID:35	RPL: Sending a multicast-DIO with rank 318
935408514	ID:32	RPL: Sending a multicast-DIO with rank 613
937940405	ID:34	RPL: Sending a multicast-DIO with rank 331
938728581	ID:33	RPL: Sending a multicast-DIO with rank 324
939495335	ID:35	RPL: Sending a multicast-DIO with rank 318
940408514	ID:32	RPL: Sending a multicast-DIO with rank 613
942940405	ID:34	RPL: Sending a multicast-DIO with rank 331
943728581	ID:33	RPL: Sending a multicast-DIO with rank 324
944495335	ID:35	RPL: Sending a multicast-DIO with rank 318
945408514	ID:32	RPL: Sending a multicast-DIO with rank 613
947940405	ID:34	RPL: Sending a multicast-DIO with rank 331
948728581	ID:33	RPL: Sending a multicast-DIO with rank 324
949495335	ID:35	RPL: Sending a multicast-DIO with rank 318
950408514	ID:32	RPL: Sending a multicast-DIO with rank 613
952940405	ID:34	RPL: Sending a multicast-DIO with rank 331
953728581	ID:33	RPL: Sending a multicast-DIO with rank 324
954495335	ID:35	RPL: Sending a multicast-DIO with rank 318
955408514	ID:32	RPL: Sending a multicast-DIO with rank 613
957940405	ID:34	RPL: Sending a multicast-DIO with rank 331
958728581	ID:33	RPL: Sending a multicast-DIO with rank 324
959495335	ID:35	RPL: Sending a multicast-DIO with rank 318
960408514	ID:32	RPL: Sending a multicast-DIO with rank 613
962099521	ID:36	RPL: Sending a DIS to fe80::c30c:0:0:8
962940405	ID:34	RPL: Sending a multicast-DIO with rank 331
963728581	ID:33	RPL: Sending a multicast-DIO with rank 324
964495335	ID:35	RPL: Sending a multicast-DIO with rank 318
965408514	ID:32	RPL: Sending a multicast-DIO with rank 613
967940405	ID:34	RPL: Sending a multicast-DIO with rank 331
968728581	ID:33	RPL: Sending a multicast-DIO with rank 324
969495335	ID:35	RPL: Sending a multicast-DIO with rank 318
970408514	ID:32	RPL: Sending a multicast-DIO with rank 613
972940405	ID:34	RPL: Sending a multicast-DIO with rank 331
973728581	ID:33	RPL: Sending a multicast-DIO with rank 324
974495335	ID:35	RPL: Sending a multicast-DIO with rank 318
975408514	ID:32	RPL: Sending a multicast-DIO with rank 613
977940405	ID:34	RPL: Sending a multicast-DIO with rank 331
978728581	ID:33	RPL: Sending a multicast-DIO with rank 324
979495335	ID:35	RPL: Sending a multicast-DIO with rank 318
980408514	ID:32	RPL: Sending a multicast-DIO with rank 613
982940405	ID:34	RPL: Sending a multicast-DIO with rank 331
983728581	ID:33	RPL: Sending a multicast-DIO with rank 324
984495335	ID:35	RPL: Sending a multicast-DIO with rank 318
985408514	ID:32	RPL: Sending a multicast-DIO with rank 613
987940405	ID:34	RPL: Sending a multicast-DIO with rank 331
988728581	ID:33	RPL: Sending a multicast-DIO with rank 324
989495335	ID:35	RPL: Sending a multicast-DIO with rank 318
990408514	ID:32	RPL: Sending a multicast-DIO with rank 613
992940405	ID:34	RPL: Sending a multicast-DIO with rank 331
993728581	ID:33	RPL: Sending a multicast-DIO with rank 324
994495335	ID:35	RPL: Sending a multicast-DIO with rank 318
995408514	ID:32	RPL: Sending a multicast-DIO with rank 613
997940405	ID:34	RPL: Sending a multicast-DIO with rank 331
998728581	ID:33	RPL: Sending a multicast-DIO with rank 324
999495335	ID:35	RPL: Sending a multicast-DIO with rank 318
1000408514	ID:32	RPL: Sending a multicast-DIO with rank 613
1002940405	ID:34	RPL: Sending a multicast-DIO with rank 331
1003728581	ID:33	RPL: Sending a multicast-DIO with rank 324
1004495335	ID:35	RPL: Sending a multicast-DIO with rank 318
1005408514	ID:32	RPL: Sending a multicast-DIO with rank 613
1007940405	ID:34	RPL: Sending a multicast-DIO with rank 331
1008728581	ID:33	RPL: Sending a multicast-DIO with rank 324
1009495335	ID:35	RPL: Sending a multicast-DIO with rank 318
1010408520	ID:32	RPL: Sending a multicast-DIO with rank 613
1012940405	ID:34	RPL: Sending a multicast-DIO with rank 331
1013728581	ID:33	RPL: Sending a multicast-DIO with rank 324
1014495335	ID:35	RPL: Sending a multicast-DIO with rank 318
1015408514	ID:32	RPL: Sending a multicast-DIO with rank 613
1017940405	ID:34	RPL: Sending a multicast-DIO with rank 331
1018728581	ID:33	RPL: Sending a multicast-DIO with rank 324
1019495335	ID:35	RPL: Sending a multicast-DIO with rank 318
1020408514	ID:32	RPL: Sending a multicast-DIO with rank 613
1022099521	ID:36	RPL: Sending a DIS to fe80::c30c:0:0:8
1022940405	ID:34	RPL: Sending a multicast-DIO with rank 331
1023728581	ID:33	RPL: Sending a multicast-DIO with rank 324
1024495335	ID:35	RPL: Sending a multicast-DIO with rank 318
1025408514	ID:32	RPL: Sending a multicast-DIO with rank 613
1027940406	ID:34	RPL: Sending a multicast-DIO with rank 331
1028728582	ID:33	RPL: Sending a multicast-DIO with rank 324
1029495335	ID:35	RPL: Sending a multicast-DIO with rank 318
1030408514	ID:32	RPL: Sending a multicast-DIO with rank 613
1032940406	ID:34	RPL: Sending a multicast-DIO with rank 331
1033728582	ID:33	RPL: Sending a multicast-DIO with rank 324
1034495335	ID:35	RPL: Sending a multicast-DIO with rank 318
1035408514	ID:32	RPL: Sending a multicast-DIO with rank 613
1037940406	ID:34	RPL: Sending a multicast-DIO with rank 331
1038728582	ID:33	RPL: Sending a multicast-DIO with rank 324
1039495335	ID:35	RPL: Sending a multicast-DIO with rank 318
1040408514	ID:32	RPL: Sending a multicast-DIO with rank 613
1042940406	ID:34	RPL: Sending a multicast-DIO with rank 331
1043728582	ID:33	RPL: Sending a multicast-DIO with rank 324
1044495335	ID:35	RPL: Sending a multicast-DIO with rank 318
1045408514	ID:32	RPL: Sending a multicast-DIO with rank 613
1047940406	ID:34	RPL: Sending a multicast-DIO with rank 331
1048728582	ID:33	RPL: Sending a multicast-DIO with rank 324
1049495335	ID:35	RPL: Sending a multicast-DIO with rank 318
1050408514	ID:32	RPL: Sending a multicast-DIO with rank 613
1052940406	ID:34	RPL: Sending a multicast-DIO with rank 331
1053728582	ID:33	RPL: Sending a multicast-DIO with rank 324
1054495335	ID:35	RPL: Sending a multicast-DIO with rank 318
1055408514	ID:32	RPL: Sending a multicast-DIO with rank 613
1057940406	ID:34	RPL: Sending a multicast-DIO with rank 331
1058728589	ID:33	RPL: Sending a multicast-DIO with rank 324
1059495335	ID:35	RPL: Sending a multicast-DIO with rank 318
1060408514	ID:32	RPL: Sending a multicast-DIO with rank 613
1062940406	ID:34	RPL: Sending a multicast-DIO with rank 331
1063728582	ID:33	RPL: Sending a multicast-DIO with rank 324
1064495335	ID:35	RPL: Sending a multicast-DIO with rank 318
1065408514	ID:32	RPL: Sending a multicast-DIO with rank 613
1067940406	ID:34	RPL: Sending a multicast-DIO with rank 331
1068728582	ID:33	RPL: Sending a multicast-DIO with rank 324
1069495335	ID:35	RPL: Sending a multicast-DIO with rank 318
1070408514	ID:32	RPL: Sending a multicast-DIO with rank 613
1072940406	ID:34	RPL: Sending a multicast-DIO with rank 331
1073728582	ID:33	RPL: Sending a multicast-DIO with rank 324
1074495335	ID:35	RPL: Sending a multicast-DIO with rank 318
1075408514	ID:32	RPL: Sending a multicast-DIO with rank 613
1077940406	ID:34	RPL: Sending a multicast-DIO with rank 331
1078728582	ID:33	RPL: Sending a multicast-DIO with rank 324
1079495335	ID:35	RPL: Sending a multicast-DIO with rank 318
1080408514	ID:32	RPL: Sending a multicast-DIO with rank 613
1082099522	ID:36	RPL: Sending a DIS to fe80::c30c:0:0:8
1082940406	ID:34	RPL: Sending a multicast-DIO with rank 331
1083728582	ID:33	RPL: Sending a multicast-DIO with rank 324
1084495335	ID:35	RPL: Sending a multicast-DIO with rank 318
1085408514	ID:32	RPL: Sending a multicast-DIO with rank 613
1087940406	ID:34	RPL: Sending a multicast-DIO with rank 331
1088728582	ID:33	RPL: Sending a multicast-DIO with rank 324
1089495335	ID:35	RPL: Sending a multicast-DIO with rank 318
1090408514	ID:32	RPL: Sending a multicast-DIO with rank 613
1092940406	ID:34	RPL: Sending a multicast-DIO with rank 331
1093728582	ID:33	RPL: Sending a multicast-DIO with rank 324
1094495335	ID:35	RPL: Sending a multicast-DIO with rank 318
1095408514	ID:32	RPL: Sending a multicast-DIO with rank 613
1097940406	ID:34	RPL: Sending a multicast-DIO with rank 331
1098728582	ID:33	RPL: Sending a multicast-DIO with rank 324
1099495335	ID:35	RPL: Sending a multicast-DIO with rank 318
1100408514	ID:32	RPL: Sending a multicast-DIO with rank 613
1102940406	ID:34	RPL: Sending a multicast-DIO with rank 331
1103728582	ID:33	RPL: Sending a multicast-DIO with rank 324
1104495335	ID:35	RPL: Sending a multicast-DIO with rank 318
1105408514	ID:32	RPL: Sending a multicast-DIO with rank 613
1107940406	ID:34	RPL: Sending a multicast-DIO with rank 331
1108728582	ID:33	RPL: Sending a multicast-DIO with rank 324
1109495335	ID:35	RPL: Sending a multicast-DIO with rank 318
1110408514	ID:32	RPL: Sending a multicast-DIO with rank 613
1112940406	ID:34	RPL: Sending a multicast-DIO with rank 331
1113728582	ID:33	RPL: Sending a multicast-DIO with rank 324
1114495335	ID:35	RPL: Sending a multicast-DIO with rank 318
1115408514	ID:32	RPL: Sending a multicast-DIO with rank 613
1117940406	ID:34	RPL: Sending a multicast-DIO with rank 331
1118728582	ID:33	RPL: Sending a multicast-DIO with rank 324
1119495335	ID:35	RPL: Sending a multicast-DIO with rank 318
1120408514	ID:32	RPL: Sending a multicast-DIO with rank 613
1122940406	ID:34	RPL: Sending a multicast-DIO with rank 331
1123728582	ID:33	RPL: Sending a multicast-DIO with rank 324
1124495335	ID:35	RPL: Sending a multicast-DIO with rank 318
1125408514	ID:32	RPL: Sending a multicast-DIO with rank 613
1127940406	ID:34	RPL: Sending a multicast-DIO with rank 331
1128728582	ID:33	RPL: Sending a multicast-DIO with rank 324
1129495335	ID:35	RPL: Sending a multicast-DIO with rank 318
1130408514	ID:32	RPL: Sending a multicast-DIO with rank 613
1132940406	ID:34	RPL: Sending a multicast-DIO with rank 331
1133728582	ID:33	RPL: Sending a multicast-DIO with rank 324
1134495335	ID:35	RPL: Sending a multicast-DIO with rank 318
1135408514	ID:32	RPL: Sending a multicast-DIO with rank 613
1137940406	ID:34	RPL: Sending a multicast-DIO with rank 331
1138728582	ID:33	RPL: Sending a multicast-DIO with rank 324
1139495335	ID:35	RPL: Sending a multicast-DIO with rank 318
1140408514	ID:32	RPL: Sending a multicast-DIO with rank 613
1142099522	ID:36	RPL: Sending a DIS to fe80::c30c:0:0:8
1142940406	ID:34	RPL: Sending a multicast-DIO with rank 331
1143728582	ID:33	RPL: Sending a multicast-DIO with rank 324
1144495335	ID:35	RPL: Sending a multicast-DIO with rank 318
1145408514	ID:32	RPL: Sending a multicast-DIO with rank 613
1147940406	ID:34	RPL: Sending a multicast-DIO with rank 331
1148728582	ID:33	RPL: Sending a multicast-DIO with rank 324
1149495335	ID:35	RPL: Sending a multicast-DIO with rank 318
1150408514	ID:32	RPL: Sending a multicast-DIO with rank 613
1152940406	ID:34	RPL: Sending a multicast-DIO with rank 331
1153728582	ID:33	RPL: Sending a multicast-DIO with rank 324
1154495335	ID:35	RPL: Sending a multicast-DIO with rank 318
1155408514	ID:32	RPL: Sending a multicast-DIO with rank 613
1157940406	ID:34	RPL: Sending a multicast-DIO with rank 331
1158728582	ID:33	RPL: Sending a multicast-DIO with rank 324
1159495335	ID:35	RPL: Sending a multicast-DIO with rank 318
1160408514	ID:32	RPL: Sending a multicast-DIO with rank 613
1162940406	ID:34	RPL: Sending a multicast-DIO with rank 331
1163728582	ID:33	RPL: Sending a multicast-DIO with rank 324
1164495335	ID:35	RPL: Sending a multicast-DIO with rank 318
1165408514	ID:32	RPL: Sending a multicast-DIO with rank 613
1167940406	ID:34	RPL: Sending a multicast-DIO with rank 331
1168728582	ID:33	RPL: Sending a multicast-DIO with rank 324
1169495335	ID:35	RPL: Sending a multicast-DIO with rank 318
1170408514	ID:32	RPL: Sending a multicast-DIO with rank 613
1172940406	ID:34	RPL: Sending a multicast-DIO with rank 331
1173728582	ID:33	RPL: Sending a multicast-DIO with rank 324
1174495335	ID:35	RPL: Sending a multicast-DIO with rank 318
1175408514	ID:32	RPL: Sending a multicast-DIO with rank 613
1177940406	ID:34	RPL: Sending a multicast-DIO with rank 331
1178728582	ID:33	RPL: Sending a multicast-DIO with rank 324
1179495335	ID:35	RPL: Sending a multicast-DIO with rank 318
1180408514	ID:32	RPL: Sending a multicast-DIO with rank 613
1182940406	ID:34	RPL: Sending a multicast-DIO with rank 331
1183728582	ID:33	RPL: Sending a multicast-DIO with rank 324
1184495335	ID:35	RPL: Sending a multicast-DIO with rank 318
1185408514	ID:32	RPL: Sending a multicast-DIO with rank 613
1187940406	ID:34	RPL: Sending a multicast-DIO with rank 331
1188728582	ID:33	RPL: Sending a multicast-DIO with rank 324
1189495342	ID:35	RPL: Sending a multicast-DIO with rank 318
1190408514	ID:32	RPL: Sending a multicast-DIO with rank 613
1192940406	ID:34	RPL: Sending a multicast-DIO with rank 331
1193728582	ID:33	RPL: Sending a multicast-DIO with rank 324
1194495335	ID:35	RPL: Sending a multicast-DIO with rank 318
1195408514	ID:32	RPL: Sending a multicast-DIO with rank 613
1197940413	ID:34	RPL: Sending a multicast-DIO with rank 331
1198728582	ID:33	RPL: Sending a multicast-DIO with rank 324
1199495335	ID:35	RPL: Sending a multicast-DIO with rank 318
1200408514	ID:32	RPL: Sending a multicast-DIO with rank 613
1202099527	ID:36	RPL: Sending a DIS to fe80::c30c:0:0:8
1202940411	ID:34	RPL: Sending a multicast-DIO with rank 331
1203728587	ID:33	RPL: Sending a multicast-DIO with rank 324
1204495340	ID:35	RPL: Sending a multicast-DIO with rank 318
1205408519	ID:32	RPL: Sending a multicast-DIO with rank 613
1207940405	ID:34	RPL: Sending a multicast-DIO with rank 331
1208728581	ID:33	RPL: Sending a multicast-DIO with rank 324
1209495334	ID:35	RPL: Sending a multicast-DIO with rank 318
1210408513	ID:32	RPL: Sending a multicast-DIO with rank 613
1212940405	ID:34	RPL: Sending a multicast-DIO with rank 331
1213728581	ID:33	RPL: Sending a multicast-DIO with rank 324
1214495334	ID:35	RPL: Sending a multicast-DIO with rank 318
1215408513	ID:32	RPL: Sending a multicast-DIO with rank 613
1217940405	ID:34	RPL: Sending a multicast-DIO with rank 331
1218728581	ID:33	RPL: Sending a multicast-DIO with rank 324
1219495334	ID:35	RPL: Sending a multicast-DIO with rank 318
1220408513	ID:32	RPL: Sending a multicast-DIO with rank 613
1222940405	ID:34	RPL: Sending a multicast-DIO with rank 331
1223728581	ID:33	RPL: Sending a multicast-DIO with rank 324
1224495334	ID:35	RPL: Sending a multicast-DIO with rank 318
1225408513	ID:32	RPL: Sending a multicast-DIO with rank 613
1227940405	ID:34	RPL: Sending a multicast-DIO with rank 331
1228728581	ID:33	RPL: Sending a multicast-DIO with rank 324
1229495334	ID:35	RPL: Sending a multicast-DIO with rank 318
1230408513	ID:32	RPL: Sending a multicast-DIO with rank 613
1232940405	ID:34	RPL: Sending a multicast-DIO with rank 331
1233728581	ID:33	RPL: Sending a multicast-DIO with rank 324
1234495334	ID:35	RPL: Sending a multicast-DIO with rank 318
1235408513	ID:32	RPL: Sending a multicast-DIO with rank 613
1237940405	ID:34	RPL: Sending a multicast-DIO with rank 331
1238728581	ID:33	RPL: Sending a multicast-DIO with rank 324
1239495334	ID:35	RPL: Sending a multicast-DIO with rank 318
1240408513	ID:32	RPL: Sending a multicast-DIO with rank 613
1242940405	ID:34	RPL: Sending a multicast-DIO with rank 331
1243728581	ID:33	RPL: Sending a multicast-DIO with rank 324
1244495334	ID:35	RPL: Sending a multicast-DIO with rank 318
1245408513	ID:32	RPL: Sending a multicast-DIO with rank 613
1247940405	ID:34	RPL: Sending a multicast-DIO with rank 331
1248728581	ID:33	RPL: Sending a multicast-DIO with rank 324
1249495334	ID:35	RPL: Sending a multicast-DIO with rank 318
1250408513	ID:32	RPL: Sending a multicast-DIO with rank 613
1252940405	ID:34	RPL: Sending a multicast-DIO with rank 331
1253728581	ID:33	RPL: Sending a multicast-DIO with rank 324
1254495334	ID:35	RPL: Sending a multicast-DIO with rank 318
1255408513	ID:32	RPL: Sending a multicast-DIO with rank 613
1257940405	ID:34	RPL: Sending a multicast-DIO with rank 331
1258728581	ID:33	RPL: Sending a multicast-DIO with rank 324
1259495334	ID:35	RPL: Sending a multicast-DIO with rank 318
1260408513	ID:32	RPL: Sending a multicast-DIO with rank 613
1262099521	ID:36	RPL: Sending a DIS to fe80::c30c:0:0:8
1262940405	ID:34	RPL: Sending a multicast-DIO with rank 331
1263728581	ID:33	RPL: Sending a multicast-DIO with rank 324
1264495334	ID:35	RPL: Sending a multicast-DIO with rank 318
1265408513	ID:32	RPL: Sending a multicast-DIO with rank 613
1267940405	ID:34	RPL: Sending a multicast-DIO with rank 331
1268728581	ID:33	RPL: Sending a multicast-DIO with rank 324
1269495334	ID:35	RPL: Sending a multicast-DIO with rank 318
1270408513	ID:32	RPL: Sending a multicast-DIO with rank 613
1272940405	ID:34	RPL: Sending a multicast-DIO with rank 331
1273728581	ID:33	RPL: Sending a multicast-DIO with rank 324
1274495334	ID:35	RPL: Sending a multicast-DIO with rank 318
1275408513	ID:32	RPL: Sending a multicast-DIO with rank 613
1277940405	ID:34	RPL: Sending a multicast-DIO with rank 331
1278728581	ID:33	RPL: Sending a multicast-DIO with rank 324
1279495334	ID:35	RPL: Sending a multicast-DIO with rank 318
1280408513	ID:32	RPL: Sending a multicast-DIO with rank 613
1282940405	ID:34	RPL: Sending a multicast-DIO with rank 331
1283728581	ID:33	RPL: Sending a multicast-DIO with rank 324
1284495334	ID:35	RPL: Sending a multicast-DIO with rank 318
1285408513	ID:32	RPL: Sending a multicast-DIO with rank 613
1287940405	ID:34	RPL: Sending a multicast-DIO with rank 331
1288728581	ID:33	RPL: Sending a multicast-DIO with rank 324
1289495334	ID:35	RPL: Sending a multicast-DIO with rank 318
1290408513	ID:32	RPL: Sending a multicast-DIO with rank 613
1292940405	ID:34	RPL: Sending a multicast-DIO with rank 331
1293728581	ID:33	RPL: Sending a multicast-DIO with rank 324
1294495334	ID:35	RPL: Sending a multicast-DIO with rank 318
1295408513	ID:32	RPL: Sending a multicast-DIO with rank 613
1297940405	ID:34	RPL: Sending a multicast-DIO with rank 331
1298728581	ID:33	RPL: Sending a multicast-DIO with rank 324
1299495334	ID:35	RPL: Sending a multicast-DIO with rank 318
1300408513	ID:32	RPL: Sending a multicast-DIO with rank 613
1302940405	ID:34	RPL: Sending a multicast-DIO with rank 331
1303728581	ID:33	RPL: Sending a multicast-DIO with rank 324
1304495334	ID:35	RPL: Sending a multicast-DIO with rank 318
1305408513	ID:32	RPL: Sending a multicast-DIO with rank 613
1307940405	ID:34	RPL: Sending a multicast-DIO with rank 331
1308728581	ID:33	RPL: Sending a multicast-DIO with rank 324
1309495334	ID:35	RPL: Sending a multicast-DIO with rank 318
1310408513	ID:32	RPL: Sending a multicast-DIO with rank 613
1312940405	ID:34	RPL: Sending a multicast-DIO with rank 331
1313728581	ID:33	RPL: Sending a multicast-DIO with rank 324
1314495334	ID:35	RPL: Sending a multicast-DIO with rank 318
1315408513	ID:32	RPL: Sending a multicast-DIO with rank 613
1317940405	ID:34	RPL: Sending a multicast-DIO with rank 331
1318728581	ID:33	RPL: Sending a multicast-DIO with rank 324
1319495334	ID:35	RPL: Sending a multicast-DIO with rank 318
1320408513	ID:32	RPL: Sending a multicast-DIO with rank 613
1322099521	ID:36	RPL: Sending a DIS to fe80::c30c:0:0:8
1322940405	ID:34	RPL: Sending a multicast-DIO with rank 331
1323728581	ID:33	RPL: Sending a multicast-DIO with rank 324
1324495334	ID:35	RPL: Sending a multicast-DIO with rank 318
1325408513	ID:32	RPL: Sending a multicast-DIO with rank 613
1327940405	ID:34	RPL: Sending a multicast-DIO with rank 331
1328728581	ID:33	RPL: Sending a multicast-DIO with rank 324
1329495334	ID:35	RPL: Sending a multicast-DIO with rank 318
1330408513	ID:32	RPL: Sending a multicast-DIO with rank 613
1332940405	ID:34	RPL: Sending a multicast-DIO with rank 331
1333728581	ID:33	RPL: Sending a multicast-DIO with rank 324
1334495334	ID:35	RPL: Sending a multicast-DIO with rank 318
1335408513	ID:32	RPL: Sending a multicast-DIO with rank 613
1337940405	ID:34	RPL: Sending a multicast-DIO with rank 331
1338728581	ID:33	RPL: Sending a multicast-DIO with rank 324
1339495334	ID:35	RPL: Sending a multicast-DIO with rank 318
1340408513	ID:32	RPL: Sending a multicast-DIO with rank 613
1342940405	ID:34	RPL: Sending a multicast-DIO with rank 331
1343728581	ID:33	RPL: Sending a multicast-DIO with rank 324
1344495334	ID:35	RPL: Sending a multicast-DIO with rank 318
1345408513	ID:32	RPL: Sending a multicast-DIO with rank 613
1347940405	ID:34	RPL: Sending a multicast-DIO with rank 331
1348728581	ID:33	RPL: Sending a multicast-DIO with rank 324
1349495334	ID:35	RPL: Sending a multicast-DIO with rank 318
1350408513	ID:32	RPL: Sending a multicast-DIO with rank 613
1352940405	ID:34	RPL: Sending a multicast-DIO with rank 331
1353728581	ID:33	RPL: Sending a multicast-DIO with rank 324
1354495334	ID:35	RPL: Sending a multicast-DIO with rank 318
1355408520	ID:32	RPL: Sending a multicast-DIO with rank 613
1357940405	ID:34	RPL: Sending a multicast-DIO with rank 331
1358728581	ID:33	RPL: Sending a multicast-DIO with rank 324
1359495334	ID:35	RPL: Sending a multicast-DIO with rank 318
1360408513	ID:32	RPL: Sending a multicast-DIO with rank 613
1362940405	ID:34	RPL: Sending a multicast-DIO with rank 331
1363728581	ID:33	RPL: Sending a multicast-DIO with rank 324
1364495334	ID:35	RPL: Sending a multicast-DIO with rank 318
1365408513	ID:32	RPL: Sending a multicast-DIO with rank 613
1367940405	ID:34	RPL: Sending a multicast-DIO with rank 331
1368728581	ID:33	RPL: Sending a multicast-DIO with rank 324
1369495334	ID:35	RPL: Sending a multicast-DIO with rank 318
1370408513	ID:32	RPL: Sending a multicast-DIO with rank 613
1372940405	ID:34	RPL: Sending a multicast-DIO with rank 331
1373728581	ID:33	RPL: Sending a multicast-DIO with rank 324
1374495334	ID:35	RPL: Sending a multicast-DIO with rank 318
1375408513	ID:32	RPL: Sending a multicast-DIO with rank 613
1377940405	ID:34	RPL: Sending a multicast-DIO with rank 331
1378728581	ID:33	RPL: Sending a multicast-DIO with rank 324
1379495334	ID:35	RPL: Sending a multicast-DIO with rank 318
1380408513	ID:32	RPL: Sending a multicast-DIO with rank 613
1382099521	ID:36	RPL: Sending a DIS to fe80::c30c:0:0:8
1382940405	ID:34	RPL: Sending a multicast-DIO with rank 331
1383728581	ID:33	RPL: Sending a multicast-DIO with rank 324
1384495334	ID:35	RPL: Sending a multicast-DIO with rank 318
1385408513	ID:32	RPL: Sending a multicast-DIO with rank 613
1387940405	ID:34	RPL: Sending a multicast-DIO with rank 331
1388728581	ID:33	RPL: Sending a multicast-DIO with rank 324
1389495334	ID:35	RPL: Sending a multicast-DIO with rank 318
1390408513	ID:32	RPL: Sending a multicast-DIO with rank 613
1392940405	ID:34	RPL: Sending a multicast-DIO with rank 331
1393728581	ID:33	RPL: Sending a multicast-DIO with rank 324
1394495334	ID:35	RPL: Sending a multicast-DIO with rank 318
1395408513	ID:32	RPL: Sending a multicast-DIO with rank 613
1397940405	ID:34	RPL: Sending a multicast-DIO with rank 331
1398728581	ID:33	RPL: Sending a multicast-DIO with rank 324
1399495334	ID:35	RPL: Sending a multicast-DIO with rank 318
1400408513	ID:32	RPL: Sending a multicast-DIO with rank 613
1402940405	ID:34	RPL: Sending a multicast-DIO with rank 331
1403728581	ID:33	RPL: Sending a multicast-DIO with rank 324
1404495334	ID:35	RPL: Sending a multicast-DIO with rank 318
1405408513	ID:32	RPL: Sending a multicast-DIO with rank 613
1407940405	ID:34	RPL: Sending a multicast-DIO with rank 331
1408728581	ID:33	RPL: Sending a multicast-DIO with rank 324
1409495334	ID:35	RPL: Sending a multicast-DIO with rank 318
1410408513	ID:32	RPL: Sending a multicast-DIO with rank 613
1412940405	ID:34	RPL: Sending a multicast-DIO with rank 331
1413728581	ID:33	RPL: Sending a multicast-DIO with rank 324
1414495334	ID:35	RPL: Sending a multicast-DIO with rank 318
1415408513	ID:32	RPL: Sending a multicast-DIO with rank 613
1417940405	ID:34	RPL: Sending a multicast-DIO with rank 331
1418728581	ID:33	RPL: Sending a multicast-DIO with rank 324
1419495334	ID:35	RPL: Sending a multicast-DIO with rank 318
1420408513	ID:32	RPL: Sending a multicast-DIO with rank 613
1422940405	ID:34	RPL: Sending a multicast-DIO with rank 331
1423728581	ID:33	RPL: Sending a multicast-DIO with rank 324
1424495334	ID:35	RPL: Sending a multicast-DIO with rank 318
1425408513	ID:32	RPL: Sending a multicast-DIO with rank 613
1427940405	ID:34	RPL: Sending a multicast-DIO with rank 331
1428728581	ID:33	RPL: Sending a multicast-DIO with rank 324
1429495334	ID:35	RPL: Sending a multicast-DIO with rank 318
1430408513	ID:32	RPL: Sending a multicast-DIO with rank 613
1432940405	ID:34	RPL: Sending a multicast-DIO with rank 331
1433728581	ID:33	RPL: Sending a multicast-DIO with rank 324
1434495334	ID:35	RPL: Sending a multicast-DIO with rank 318
1435408513	ID:32	RPL: Sending a multicast-DIO with rank 613
1437940405	ID:34	RPL: Sending a multicast-DIO with rank 331
1438728581	ID:33	RPL: Sending a multicast-DIO with rank 324
1439495334	ID:35	RPL: Sending a multicast-DIO with rank 318
1440408513	ID:32	RPL: Sending a multicast-DIO with rank 613
1442099521	ID:36	RPL: Sending a DIS to fe80::c30c:0:0:8
1442940405	ID:34	RPL: Sending a multicast-DIO with rank 331
1443728581	ID:33	RPL: Sending a multicast-DIO with rank 324
1444495334	ID:35	RPL: Sending a multicast-DIO with rank 318
1445408513	ID:32	RPL: Sending a multicast-DIO with rank 613
1447940405	ID:34	RPL: Sending a multicast-DIO with rank 331
1448728581	ID:33	RPL: Sending a multicast-DIO with rank 324
1449495334	ID:35	RPL: Sending a multicast-DIO with rank 318
1450408513	ID:32	RPL: Sending a multicast-DIO with rank 613
1452940405	ID:34	RPL: Sending a multicast-DIO with rank 331
1453728588	ID:33	RPL: Sending a multicast-DIO with rank 324
1454495334	ID:35	RPL: Sending a multicast-DIO with rank 318
1455408513	ID:32	RPL: Sending a multicast-DIO with rank 613
1457940405	ID:34	RPL: Sending a multicast-DIO with rank 331
1458728581	ID:33	RPL: Sending a multicast-DIO with rank 324
1459495334	ID:35	RPL: Sending a multicast-DIO with rank 318
1460408513	ID:32	RPL: Sending a multicast-DIO with rank 613
1462940405	ID:34	RPL: Sending a multicast-DIO with rank 331
1463728581	ID:33	RPL: Sending a multicast-DIO with rank 324
1464495334	ID:35	RPL: Sending a multicast-DIO with rank 318
1465408513	ID:32	RPL: Sending a multicast-DIO with rank 613
1467940405	ID:34	RPL: Sending a multicast-DIO with rank 331
1468728581	ID:33	RPL: Sending a multicast-DIO with rank 324
1469495334	ID:35	RPL: Sending a multicast-DIO with rank 318
1470408513	ID:32	RPL: Sending a multicast-DIO with rank 613
1472940405	ID:34	RPL: Sending a multicast-DIO with rank 331
1473728581	ID:33	RPL: Sending a multicast-DIO with rank 324
1474495334	ID:35	RPL: Sending a multicast-DIO with rank 318
1475408513	ID:32	RPL: Sending a multicast-DIO with rank 613
1477940405	ID:34	RPL: Sending a multicast-DIO with rank 331
1478728581	ID:33	RPL: Sending a multicast-DIO with rank 324
1479495334	ID:35	RPL: Sending a multicast-DIO with rank 318
1480408513	ID:32	RPL: Sending a multicast-DIO with rank 613
1482940405	ID:34	RPL: Sending a multicast-DIO with rank 331
1483728581	ID:33	RPL: Sending a multicast-DIO with rank 324
1484495334	ID:35	RPL: Sending a multicast-DIO with rank 318
1485408513	ID:32	RPL: Sending a multicast-DIO with rank 613
1487940405	ID:34	RPL: Sending a multicast-DIO with rank 331
1488728581	ID:33	RPL: Sending a multicast-DIO with rank 324
1489495334	ID:35	RPL: Sending a multicast-DIO with rank 318
1490408513	ID:32	RPL: Sending a multicast-DIO with rank 613
1492940405	ID:34	RPL: Sending a multicast-DIO with rank 331
1493728581	ID:33	RPL: Sending a multicast-DIO with rank 324
1494495334	ID:35	RPL: Sending a multicast-DIO with rank 318
1495408513	ID:32	RPL: Sending a multicast-DIO with rank 613
1497940405	ID:34	RPL: Sending a multicast-DIO with rank 331
1498728581	ID:33	RPL: Sending a multicast-DIO with rank 324
1499495334	ID:35	RPL: Sending a multicast-DIO with rank 318
1500408513	ID:32	RPL: Sending a multicast-DIO with rank 613
1502099521	ID:36	RPL: Sending a DIS to fe80::c30c:0:0:8
1502940412	ID:34	RPL: Sending a multicast-DIO with rank 331
1503728581	ID:33	RPL: Sending a multicast-DIO with rank 324
1504495334	ID:35	RPL: Sending a multicast-DIO with rank 318
1505408513	ID:32	RPL: Sending a multicast-DIO with rank 613
1507940405	ID:34	RPL: Sending a multicast-DIO with rank 331
1508728581	ID:33	RPL: Sending a multicast-DIO with rank 324
1509495334	ID:35	RPL: Sending a multicast-DIO with rank 318
1510408513	ID:32	RPL: Sending a multicast-DIO with rank 613
1512940405	ID:34	RPL: Sending a multicast-DIO with rank 331
1513728581	ID:33	RPL: Sending a multicast-DIO with rank 324
1514495334	ID:35	RPL: Sending a multicast-DIO with rank 318
1515408513	ID:32	RPL: Sending a multicast-DIO with rank 613
1517940405	ID:34	RPL: Sending a multicast-DIO with rank 331
1518728581	ID:33	RPL: Sending a multicast-DIO with rank 324
1519495334	ID:35	RPL: Sending a multicast-DIO with rank 318
1520408513	ID:32	RPL: Sending a multicast-DIO with rank 613
1522940405	ID:34	RPL: Sending a multicast-DIO with rank 331
1523728581	ID:33	RPL: Sending a multicast-DIO with rank 324
1524495334	ID:35	RPL: Sending a multicast-DIO with rank 318
1525408513	ID:32	RPL: Sending a multicast-DIO with rank 613
1527940405	ID:34	RPL: Sending a multicast-DIO with rank 331
1528728581	ID:33	RPL: Sending a multicast-DIO with rank 324
1529495334	ID:35	RPL: Sending a multicast-DIO with rank 318
1530408513	ID:32	RPL: Sending a multicast-DIO with rank 613
1532940405	ID:34	RPL: Sending a multicast-DIO with rank 331
1533728581	ID:33	RPL: Sending a multicast-DIO with rank 324
1534495334	ID:35	RPL: Sending a multicast-DIO with rank 318
1535408513	ID:32	RPL: Sending a multicast-DIO with rank 613
1537940405	ID:34	RPL: Sending a multicast-DIO with rank 331
1538728581	ID:33	RPL: Sending a multicast-DIO with rank 324
1539495334	ID:35	RPL: Sending a multicast-DIO with rank 318
1540408513	ID:32	RPL: Sending a multicast-DIO with rank 613
1542940405	ID:34	RPL: Sending a multicast-DIO with rank 331
1543728581	ID:33	RPL: Sending a multicast-DIO with rank 324
1544495334	ID:35	RPL: Sending a multicast-DIO with rank 318
1545408513	ID:32	RPL: Sending a multicast-DIO with rank 613
1547940405	ID:34	RPL: Sending a multicast-DIO with rank 331
1548728581	ID:33	RPL: Sending a multicast-DIO with rank 324
1549495334	ID:35	RPL: Sending a multicast-DIO with rank 318
1550408513	ID:32	RPL: Sending a multicast-DIO with rank 613
1552940405	ID:34	RPL: Sending a multicast-DIO with rank 331
1553728581	ID:33	RPL: Sending a multicast-DIO with rank 324
1554495334	ID:35	RPL: Sending a multicast-DIO with rank 318
1555408513	ID:32	RPL: Sending a multicast-DIO with rank 613
1557940405	ID:34	RPL: Sending a multicast-DIO with rank 331
1558728581	ID:33	RPL: Sending a multicast-DIO with rank 324
1559495334	ID:35	RPL: Sending a multicast-DIO with rank 318
1560408513	ID:32	RPL: Sending a multicast-DIO with rank 613
1562099521	ID:36	RPL: Sending a DIS to fe80::c30c:0:0:8
1562940405	ID:34	RPL: Sending a multicast-DIO with rank 331
1563728581	ID:33	RPL: Sending a multicast-DIO with rank 324
1564495334	ID:35	RPL: Sending a multicast-DIO with rank 318
1565408513	ID:32	RPL: Sending a multicast-DIO with rank 613
1567940405	ID:34	RPL: Sending a multicast-DIO with rank 331
1568728581	ID:33	RPL: Sending a multicast-DIO with rank 324
1569495334	ID:35	RPL: Sending a multicast-DIO with rank 318
1570408513	ID:32	RPL: Sending a multicast-DIO with rank 613
1572940405	ID:34	RPL: Sending a multicast-DIO with rank 331
1573728581	ID:33	RPL: Sending a multicast-DIO with rank 324
1574495334	ID:35	RPL: Sending a multicast-DIO with rank 318
1575408513	ID:32	RPL: Sending a multicast-DIO with rank 613
1577940405	ID:34	RPL: Sending a multicast-DIO with rank 331
1578728581	ID:33	RPL: Sending a multicast-DIO with rank 324
1579495334	ID:35	RPL: Sending a multicast-DIO with rank 318
1580408513	ID:32	RPL: Sending a multicast-DIO with rank 613
1582940405	ID:34	RPL: Sending a multicast-DIO with rank 331
1583728581	ID:33	RPL: Sending a multicast-DIO with rank 324
1584495334	ID:35	RPL: Sending a multicast-DIO with rank 318
1585408513	ID:32	RPL: Sending a multicast-DIO with rank 613
1587940405	ID:34	RPL: Sending a multicast-DIO with rank 331
1588728581	ID:33	RPL: Sending a multicast-DIO with rank 324
1589495334	ID:35	RPL: Sending a multicast-DIO with rank 318
1590408513	ID:32	RPL: Sending a multicast-DIO with rank 613
1592940405	ID:34	RPL: Sending a multicast-DIO with rank 331
1593728581	ID:33	RPL: Sending a multicast-DIO with rank 324
1594495334	ID:35	RPL: Sending a multicast-DIO with rank 318
1595408513	ID:32	RPL: Sending a multicast-DIO with rank 613
1597940405	ID:34	RPL: Sending a multicast-DIO with rank 331
1598728581	ID:33	RPL: Sending a multicast-DIO with rank 324
1599495334	ID:35	RPL: Sending a multicast-DIO with rank 318
1600408513	ID:32	RPL: Sending a multicast-DIO with rank 613
1602940405	ID:34	RPL: Sending a multicast-DIO with rank 331
1603728581	ID:33	RPL: Sending a multicast-DIO with rank 324
1604495334	ID:35	RPL: Sending a multicast-DIO with rank 318
1605408513	ID:32	RPL: Sending a multicast-DIO with rank 613
1607940405	ID:34	RPL: Sending a multicast-DIO with rank 331
1608728581	ID:33	RPL: Sending a multicast-DIO with rank 324
1609495334	ID:35	RPL: Sending a multicast-DIO with rank 318
1610408513	ID:32	RPL: Sending a multicast-DIO with rank 613
1612940405	ID:34	RPL: Sending a multicast-DIO with rank 331
1613728581	ID:33	RPL: Sending a multicast-DIO with rank 324
1614495334	ID:35	RPL: Sending a multicast-DIO with rank 318
1615408513	ID:32	RPL: Sending a multicast-DIO with rank 613
1617940405	ID:34	RPL: Sending a multicast-DIO with rank 331
1618728581	ID:33	RPL: Sending a multicast-DIO with rank 324
1619495334	ID:35	RPL: Sending a multicast-DIO with rank 318
1620408513	ID:32	RPL: Sending a multicast-DIO with rank 613
1622099521	ID:36	RPL: Sending a DIS to fe80::c30c:0:0:8
1622940405	ID:34	RPL: Sending a multicast-DIO with rank 331
1623728581	ID:33	RPL: Sending a multicast-DIO with rank 324
1624495341	ID:35	RPL: Sending a multicast-DIO with rank 318
1625408513	ID:32	RPL: Sending a multicast-DIO with rank 613
1627940405	ID:34	RPL: Sending a multicast-DIO with rank 331
1628728581	ID:33	RPL: Sending a multicast-DIO with rank 324
1629495334	ID:35	RPL: Sending a multicast-DIO with rank 318
1630408513	ID:32	RPL: Sending a multicast-DIO with rank 613
1632940405	ID:34	RPL: Sending a multicast-DIO with rank 331
1633728581	ID:33	RPL: Sending a multicast-DIO with rank 324
1634495334	ID:35	RPL: Sending a multicast-DIO with rank 318
1635408513	ID:32	RPL: Sending a multicast-DIO with rank 613
1637940405	ID:34	RPL: Sending a multicast-DIO with rank 331
1638728581	ID:33	RPL: Sending a multicast-DIO with rank 324
1639495334	ID:35	RPL: Sending a multicast-DIO with rank 318
1640408513	ID:32	RPL: Sending a multicast-DIO with rank 613
1642940405	ID:34	RPL: Sending a multicast-DIO with rank 331
1643728581	ID:33	RPL: Sending a multicast-DIO with rank 324
1644495334	ID:35	RPL: Sending a multicast-DIO with rank 318
1645408513	ID:32	RPL: Sending a multicast-DIO with rank 613
1647940405	ID:34	RPL: Sending a multicast-DIO with rank 331
1648728581	ID:33	RPL: Sending a multicast-DIO with rank 324
1649495334	ID:35	RPL: Sending a multicast-DIO with rank 318
1650408513	ID:32	RPL: Sending a multicast-DIO with rank 613
1652940405	ID:34	RPL: Sending a multicast-DIO with rank 331
1653728581	ID:33	RPL: Sending a multicast-DIO with rank 324
1654495334	ID:35	RPL: Sending a multicast-DIO with rank 318
1655408513	ID:32	RPL: Sending a multicast-DIO with rank 613
1657940405	ID:34	RPL: Sending a multicast-DIO with rank 331
1658728581	ID:33	RPL: Sending a multicast-DIO with rank 324
1659495334	ID:35	RPL: Sending a multicast-DIO with rank 318
1660408513	ID:32	RPL: Sending a multicast-DIO with rank 613
1662940405	ID:34	RPL: Sending a multicast-DIO with rank 331
1663728581	ID:33	RPL: Sending a multicast-DIO with rank 324
1664495334	ID:35	RPL: Sending a multicast-DIO with rank 318
1665408513	ID:32	RPL: Sending a multicast-DIO with rank 613
1667940405	ID:34	RPL: Sending a multicast-DIO with rank 331
1668728581	ID:33	RPL: Sending a multicast-DIO with rank 324
1669495334	ID:35	RPL: Sending a multicast-DIO with rank 318
1670408513	ID:32	RPL: Sending a multicast-DIO with rank 613
1672940405	ID:34	RPL: Sending a multicast-DIO with rank 331
1673728581	ID:33	RPL: Sending a multicast-DIO with rank 324
1674495334	ID:35	RPL: Sending a multicast-DIO with rank 318
1675408513	ID:32	RPL: Sending a multicast-DIO with rank 613
1677940405	ID:34	RPL: Sending a multicast-DIO with rank 331
1678728581	ID:33	RPL: Sending a multicast-DIO with rank 324
1679495334	ID:35	RPL: Sending a multicast-DIO with rank 318
1680408520	ID:32	RPL: Sending a multicast-DIO with rank 613
1682099521	ID:36	RPL: Sending a DIS to fe80::c30c:0:0:8
1682940405	ID:34	RPL: Sending a multicast-DIO with rank 331
1683728581	ID:33	RPL: Sending a multicast-DIO with rank 324
1684495334	ID:35	RPL: Sending a multicast-DIO with rank 318
1685408513	ID:32	RPL: Sending a multicast-DIO with rank 613
1687940405	ID:34	RPL: Sending a multicast-DIO with rank 331
1688728581	ID:33	RPL: Sending a multicast-DIO with rank 324
1689495334	ID:35	RPL: Sending a multicast-DIO with rank 318
1690408513	ID:32	RPL: Sending a multicast-DIO with rank 613
1692940405	ID:34	RPL: Sending a multicast-DIO with rank 331
1693728581	ID:33	RPL: Sending a multicast-DIO with rank 324
1694495334	ID:35	RPL: Sending a multicast-DIO with rank 318
1695408513	ID:32	RPL: Sending a multicast-DIO with rank 613
1697940405	ID:34	RPL: Sending a multicast-DIO with rank 331
1698728581	ID:33	RPL: Sending a multicast-DIO with rank 324
1699495334	ID:35	RPL: Sending a multicast-DIO with rank 318
1700408513	ID:32	RPL: Sending a multicast-DIO with rank 613
1702940405	ID:34	RPL: Sending a multicast-DIO with rank 331
1703728581	ID:33	RPL: Sending a multicast-DIO with rank 324
1704495334	ID:35	RPL: Sending a multicast-DIO with rank 318
1705408513	ID:32	RPL: Sending a multicast-DIO with rank 613
1707940405	ID:34	RPL: Sending a multicast-DIO with rank 331
1708728581	ID:33	RPL: Sending a multicast-DIO with rank 324
1709495334	ID:35	RPL: Sending a multicast-DIO with rank 318
1710408513	ID:32	RPL: Sending a multicast-DIO with rank 613
1712940405	ID:34	RPL: Sending a multicast-DIO with rank 331
1713728581	ID:33	RPL: Sending a multicast-DIO with rank 324
1714495334	ID:35	RPL: Sending a multicast-DIO with rank 318
1715408513	ID:32	RPL: Sending a multicast-DIO with rank 613
1717940405	ID:34	RPL: Sending a multicast-DIO with rank 331
1718728581	ID:33	RPL: Sending a multicast-DIO with rank 324
1719495334	ID:35	RPL: Sending a multicast-DIO with rank 318
1720408513	ID:32	RPL: Sending a multicast-DIO with rank 613
1722940405	ID:34	RPL: Sending a multicast-DIO with rank 331
1723728581	ID:33	RPL: Sending a multicast-DIO with rank 324
1724495334	ID:35	RPL: Sending a multicast-DIO with rank 318
1725408513	ID:32	RPL: Sending a multicast-DIO with rank 613
1727940405	ID:34	RPL: Sending a multicast-DIO with rank 331
1728728581	ID:33	RPL: Sending a multicast-DIO with rank 324
1729495334	ID:35	RPL: Sending a multicast-DIO with rank 318
1730408513	ID:32	RPL: Sending a multicast-DIO with rank 613
1732940405	ID:34	RPL: Sending a multicast-DIO with rank 331
1733728581	ID:33	RPL: Sending a multicast-DIO with rank 324
1734495334	ID:35	RPL: Sending a multicast-DIO with rank 318
1735408513	ID:32	RPL: Sending a multicast-DIO with rank 613
1737940405	ID:34	RPL: Sending a multicast-DIO with rank 331
1738728581	ID:33	RPL: Sending a multicast-DIO with rank 324
1739495334	ID:35	RPL: Sending a multicast-DIO with rank 318
1740408513	ID:32	RPL: Sending a multicast-DIO with rank 613
1742099521	ID:36	RPL: Sending a DIS to fe80::c30c:0:0:8
1742940405	ID:34	RPL: Sending a multicast-DIO with rank 331
1743728581	ID:33	RPL: Sending a multicast-DIO with rank 324
1744495334	ID:35	RPL: Sending a multicast-DIO with rank 318
1745408513	ID:32	RPL: Sending a multicast-DIO with rank 613
1747940405	ID:34	RPL: Sending a multicast-DIO with rank 331
1748728581	ID:33	RPL: Sending a multicast-DIO with rank 324
1749495334	ID:35	RPL: Sending a multicast-DIO with rank 318
1750408513	ID:32	RPL: Sending a multicast-DIO with rank 613
1752940405	ID:34	RPL: Sending a multicast-DIO with rank 331
1753728581	ID:33	RPL: Sending a multicast-DIO with rank 324
1754495334	ID:35	RPL: Sending a multicast-DIO with rank 318
1755408513	ID:32	RPL: Sending a multicast-DIO with rank 613
1757940405	ID:34	RPL: Sending a multicast-DIO with rank 331
1758728581	ID:33	RPL: Sending a multicast-DIO with rank 324
1759495334	ID:35	RPL: Sending a multicast-DIO with rank 318
1760408513	ID:32	RPL: Sending a multicast-DIO with rank 613
1762940405	ID:34	RPL: Sending a multicast-DIO with rank 331
1763728581	ID:33	RPL: Sending a multicast-DIO with rank 324
1764495334	ID:35	RPL: Sending a multicast-DIO with rank 318
1765408513	ID:32	RPL: Sending a multicast-DIO with rank 613
1767940405	ID:34	RPL: Sending a multicast-DIO with rank 331
1768728581	ID:33	RPL: Sending a multicast-DIO with rank 324
1769495334	ID:35	RPL: Sending a multicast-DIO with rank 318
1770408513	ID:32	RPL: Sending a multicast-DIO with rank 613
1772940405	ID:34	RPL: Sending a multicast-DIO with rank 331
1773728581	ID:33	RPL: Sending a multicast-DIO with rank 324
1774495334	ID:35	RPL: Sending a multicast-DIO with rank 318
1775408513	ID:32	RPL: Sending a multicast-DIO with rank 613
1777940405	ID:34	RPL: Sending a multicast-DIO with rank 331
1778728581	ID:33	RPL: Sending a multicast-DIO with rank 324
1779495334	ID:35	RPL: Sending a multicast-DIO with rank 318
1780408513	ID:32	RPL: Sending a multicast-DIO with rank 613
1782940405	ID:34	RPL: Sending a multicast-DIO with rank 331
1783728581	ID:33	RPL: Sending a multicast-DIO with rank 324
1784495334	ID:35	RPL: Sending a multicast-DIO with rank 318
1785408513	ID:32	RPL: Sending a multicast-DIO with rank 613
1787940405	ID:34	RPL: Sending a multicast-DIO with rank 331
1788728581	ID:33	RPL: Sending a multicast-DIO with rank 324
1789495334	ID:35	RPL: Sending a multicast-DIO with rank 318
1790408513	ID:32	RPL: Sending a multicast-DIO with rank 613
1792940405	ID:34	RPL: Sending a multicast-DIO with rank 331
1793728581	ID:33	RPL: Sending a multicast-DIO with rank 324
1794495334	ID:35	RPL: Sending a multicast-DIO with rank 318
1795408513	ID:32	RPL: Sending a multicast-DIO with rank 613
1797940405	ID:34	RPL: Sending a multicast-DIO with rank 331
1798728581	ID:33	RPL: Sending a multicast-DIO with rank 324
1799495334	ID:35	RPL: Sending a multicast-DIO with rank 318
