Generated Packets 1 | ReceivedPackets 1
TL = 127579 |  AE2ED = 0.127579 |  PDR = 1
Generated Packets 2 | ReceivedPackets 2
TL = 264081 |  AE2ED = 0.1320405 |  PDR = 1
Generated Packets 3 | ReceivedPackets 3
TL = 468059 |  AE2ED = 0.15601966666666667 |  PDR = 1
Generated Packets 5 | ReceivedPackets 4
TL = 1548445 |  AE2ED = 0.38711125 |  PDR = 0.8
Generated Packets 5 | ReceivedPackets 5
TL = 1747584 |  AE2ED = 0.34951679999999996 |  PDR = 1
Generated Packets 7 | ReceivedPackets 6
TL = 1844324 |  AE2ED = 0.3073873333333333 |  PDR = 0.8571428571428571
Generated Packets 7 | ReceivedPackets 7
TL = 2724264 |  AE2ED = 0.38918057142857143 |  PDR = 1
Generated Packets 8 | ReceivedPackets 8
TL = 2821268 |  AE2ED = 0.3526585 |  PDR = 1
Generated Packets 9 | ReceivedPackets 9
TL = 2943304 |  AE2ED = 0.32703377777777776 |  PDR = 1
Generated Packets 10 | ReceivedPackets 10
TL = 3011546 |  AE2ED = 0.3011546 |  PDR = 1
Generated Packets 11 | ReceivedPackets 11
TL = 3035188 |  AE2ED = 0.27592618181818185 |  PDR = 1
Generated Packets 12 | ReceivedPackets 12
TL = 3080407 |  AE2ED = 0.25670058333333334 |  PDR = 1
Generated Packets 13 | ReceivedPackets 13
TL = 3146561 |  AE2ED = 0.24204315384615385 |  PDR = 1
Generated Packets 14 | ReceivedPackets 14
TL = 3394403 |  AE2ED = 0.24245735714285713 |  PDR = 1
Generated Packets 15 | ReceivedPackets 15
TL = 3657021 |  AE2ED = 0.2438014 |  PDR = 1
Generated Packets 18 | ReceivedPackets 16
TL = 6170315 |  AE2ED = 0.3856446875 |  PDR = 0.8888888888888888
Generated Packets 18 | ReceivedPackets 17
TL = 6377935 |  AE2ED = 0.3751726470588235 |  PDR = 0.9444444444444444
Generated Packets 36 | ReceivedPackets 18
TL = 32902356 |  AE2ED = 1.8279086666666668 |  PDR = 0.5
Generated Packets 36 | ReceivedPackets 19
TL = 49085669 |  AE2ED = 2.583456263157895 |  PDR = 0.5277777777777778
Generated Packets 44 | ReceivedPackets 20
TL = 59239802 |  AE2ED = 2.9619901 |  PDR = 0.45454545454545453
Generated Packets 44 | ReceivedPackets 21
TL = 73946156 |  AE2ED = 3.5212455238095237 |  PDR = 0.4772727272727273
Generated Packets 55 | ReceivedPackets 22
TL = 119359513 |  AE2ED = 5.425432409090909 |  PDR = 0.4
Generated Packets 55 | ReceivedPackets 23
TL = 146299880 |  AE2ED = 6.360864347826087 |  PDR = 0.41818181818181815
Generated Packets 55 | ReceivedPackets 24
TL = 185191803 |  AE2ED = 7.716325125 |  PDR = 0.43636363636363634
Generated Packets 55 | ReceivedPackets 25
TL = 194079262 |  AE2ED = 7.76317048 |  PDR = 0.45454545454545453
Generated Packets 70 | ReceivedPackets 26
TL = 232936203 |  AE2ED = 8.95908473076923 |  PDR = 0.37142857142857144
Generated Packets 71 | ReceivedPackets 27
TL = 253783602 |  AE2ED = 9.399392666666666 |  PDR = 0.38028169014084506
Generated Packets 71 | ReceivedPackets 28
TL = 275300707 |  AE2ED = 9.832168107142856 |  PDR = 0.39436619718309857
Generated Packets 71 | ReceivedPackets 29
TL = 276346093 |  AE2ED = 9.529175620689655 |  PDR = 0.4084507042253521
Generated Packets 81 | ReceivedPackets 30
TL = 281569962 |  AE2ED = 9.3856654 |  PDR = 0.37037037037037035
Generated Packets 90 | ReceivedPackets 31
TL = 282244533 |  AE2ED = 9.10466235483871 |  PDR = 0.34444444444444444
Generated Packets 93 | ReceivedPackets 32
TL = 282883246 |  AE2ED = 8.8401014375 |  PDR = 0.34408602150537637
Generated Packets 93 | ReceivedPackets 33
TL = 284689447 |  AE2ED = 8.62695293939394 |  PDR = 0.3548387096774194
Generated Packets 101 | ReceivedPackets 34
TL = 302284359 |  AE2ED = 8.89071644117647 |  PDR = 0.33663366336633666
Generated Packets 101 | ReceivedPackets 35
TL = 317668459 |  AE2ED = 9.076241685714287 |  PDR = 0.3465346534653465
Generated Packets 117 | ReceivedPackets 36
TL = 351205987 |  AE2ED = 9.755721861111113 |  PDR = 0.3076923076923077
Generated Packets 128 | ReceivedPackets 37
TL = 370478295 |  AE2ED = 10.01292689189189 |  PDR = 0.2890625
Generated Packets 129 | ReceivedPackets 38
TL = 395560156 |  AE2ED = 10.409477789473684 |  PDR = 0.29457364341085274
Generated Packets 129 | ReceivedPackets 39
TL = 400659844 |  AE2ED = 10.273329333333335 |  PDR = 0.3023255813953488
Generated Packets 131 | ReceivedPackets 40
TL = 405775194 |  AE2ED = 10.14437985 |  PDR = 0.3053435114503817
Generated Packets 132 | ReceivedPackets 41
TL = 405911483 |  AE2ED = 9.90028007317073 |  PDR = 0.3106060606060606
Generated Packets 134 | ReceivedPackets 42
TL = 414628132 |  AE2ED = 9.87209838095238 |  PDR = 0.31343283582089554
Generated Packets 140 | ReceivedPackets 43
TL = 439432480 |  AE2ED = 10.21936 |  PDR = 0.30714285714285716
Generated Packets 144 | ReceivedPackets 44
TL = 452303213 |  AE2ED = 10.279618477272727 |  PDR = 0.3055555555555556
Generated Packets 144 | ReceivedPackets 45
TL = 473348211 |  AE2ED = 10.518849133333333 |  PDR = 0.3125
Generated Packets 144 | ReceivedPackets 46
TL = 477601307 |  AE2ED = 10.382637108695652 |  PDR = 0.3194444444444444
Generated Packets 144 | ReceivedPackets 47
TL = 486295426 |  AE2ED = 10.34671119148936 |  PDR = 0.3263888888888889
Generated Packets 144 | ReceivedPackets 48
TL = 489698681 |  AE2ED = 10.202055854166666 |  PDR = 0.3333333333333333
Generated Packets 144 | ReceivedPackets 49
TL = 495377021 |  AE2ED = 10.10973512244898 |  PDR = 0.3402777777777778
Generated Packets 156 | ReceivedPackets 50
TL = 515649965 |  AE2ED = 10.312999300000001 |  PDR = 0.32051282051282054
Generated Packets 159 | ReceivedPackets 51
TL = 519486269 |  AE2ED = 10.186005274509805 |  PDR = 0.32075471698113206
Generated Packets 163 | ReceivedPackets 52
TL = 523633056 |  AE2ED = 10.069866461538462 |  PDR = 0.31901840490797545
Generated Packets 163 | ReceivedPackets 53
TL = 529091367 |  AE2ED = 9.982855981132076 |  PDR = 0.32515337423312884
Generated Packets 163 | ReceivedPackets 54
TL = 536563187 |  AE2ED = 9.936355314814815 |  PDR = 0.3312883435582822
Generated Packets 164 | ReceivedPackets 55
TL = 536701613 |  AE2ED = 9.758211145454544 |  PDR = 0.3353658536585366
Generated Packets 164 | ReceivedPackets 56
TL = 540940852 |  AE2ED = 9.65965807142857 |  PDR = 0.34146341463414637
Generated Packets 164 | ReceivedPackets 57
TL = 545249857 |  AE2ED = 9.56578696491228 |  PDR = 0.3475609756097561
Generated Packets 164 | ReceivedPackets 58
TL = 552841422 |  AE2ED = 9.531748655172413 |  PDR = 0.35365853658536583
Generated Packets 166 | ReceivedPackets 59
TL = 553377923 |  AE2ED = 9.379286830508475 |  PDR = 0.35542168674698793
Generated Packets 174 | ReceivedPackets 60
TL = 571698254 |  AE2ED = 9.528304233333332 |  PDR = 0.3448275862068966
Generated Packets 174 | ReceivedPackets 61
TL = 601805810 |  AE2ED = 9.865669016393442 |  PDR = 0.3505747126436782
Generated Packets 174 | ReceivedPackets 62
TL = 618608646 |  AE2ED = 9.977558806451613 |  PDR = 0.3563218390804598
Generated Packets 176 | ReceivedPackets 63
TL = 635969374 |  AE2ED = 10.094751968253968 |  PDR = 0.35795454545454547
Generated Packets 176 | ReceivedPackets 64
TL = 641074004 |  AE2ED = 10.0167813125 |  PDR = 0.36363636363636365
Generated Packets 177 | ReceivedPackets 65
TL = 642942315 |  AE2ED = 9.89142023076923 |  PDR = 0.3672316384180791
Generated Packets 180 | ReceivedPackets 66
TL = 646647283 |  AE2ED = 9.797686106060606 |  PDR = 0.36666666666666664
Generated Packets 185 | ReceivedPackets 67
TL = 649528845 |  AE2ED = 9.694460373134328 |  PDR = 0.3621621621621622
Generated Packets 185 | ReceivedPackets 68
TL = 659926288 |  AE2ED = 9.704798352941175 |  PDR = 0.3675675675675676
Generated Packets 189 | ReceivedPackets 69
TL = 663695020 |  AE2ED = 9.618768405797102 |  PDR = 0.36507936507936506
Generated Packets 189 | ReceivedPackets 70
TL = 669162103 |  AE2ED = 9.559458614285715 |  PDR = 0.37037037037037035
Generated Packets 189 | ReceivedPackets 71
TL = 680274718 |  AE2ED = 9.58133405633803 |  PDR = 0.37566137566137564
Generated Packets 189 | ReceivedPackets 72
TL = 697474874 |  AE2ED = 9.687151027777778 |  PDR = 0.38095238095238093
Generated Packets 192 | ReceivedPackets 73
TL = 697717780 |  AE2ED = 9.557777808219178 |  PDR = 0.3802083333333333
Generated Packets 205 | ReceivedPackets 74
TL = 724237120 |  AE2ED = 9.786988108108108 |  PDR = 0.36097560975609755
Generated Packets 206 | ReceivedPackets 75
TL = 750610590 |  AE2ED = 10.008141199999999 |  PDR = 0.3640776699029126
Generated Packets 214 | ReceivedPackets 76
TL = 767878786 |  AE2ED = 10.103668236842106 |  PDR = 0.35514018691588783
Generated Packets 215 | ReceivedPackets 77
TL = 787973019 |  AE2ED = 10.23341583116883 |  PDR = 0.3581395348837209
Generated Packets 215 | ReceivedPackets 78
TL = 798792881 |  AE2ED = 10.240934371794872 |  PDR = 0.3627906976744186
Generated Packets 224 | ReceivedPackets 79
TL = 827489105 |  AE2ED = 10.474545632911392 |  PDR = 0.35267857142857145
Generated Packets 224 | ReceivedPackets 80
TL = 838757134 |  AE2ED = 10.484464175000001 |  PDR = 0.35714285714285715
Generated Packets 224 | ReceivedPackets 81
TL = 841162564 |  AE2ED = 10.38472301234568 |  PDR = 0.36160714285714285
Generated Packets 226 | ReceivedPackets 82
TL = 841315591 |  AE2ED = 10.259946231707318 |  PDR = 0.36283185840707965
Generated Packets 227 | ReceivedPackets 83
TL = 847024018 |  AE2ED = 10.20510865060241 |  PDR = 0.3656387665198238
Generated Packets 228 | ReceivedPackets 84
TL = 849361284 |  AE2ED = 10.111443857142856 |  PDR = 0.3684210526315789
Generated Packets 228 | ReceivedPackets 85
TL = 858911045 |  AE2ED = 10.104835823529411 |  PDR = 0.37280701754385964
Generated Packets 231 | ReceivedPackets 86
TL = 866149971 |  AE2ED = 10.071511290697675 |  PDR = 0.3722943722943723
Generated Packets 240 | ReceivedPackets 87
TL = 882212430 |  AE2ED = 10.14037275862069 |  PDR = 0.3625
Generated Packets 240 | ReceivedPackets 88
TL = 894008801 |  AE2ED = 10.159190920454545 |  PDR = 0.36666666666666664
Generated Packets 240 | ReceivedPackets 89
TL = 913424677 |  AE2ED = 10.263198617977528 |  PDR = 0.37083333333333335
Generated Packets 240 | ReceivedPackets 90
TL = 933187152 |  AE2ED = 10.368746133333334 |  PDR = 0.375
Generated Packets 240 | ReceivedPackets 91
TL = 944345460 |  AE2ED = 10.377422637362637 |  PDR = 0.37916666666666665
Generated Packets 244 | ReceivedPackets 92
TL = 948341731 |  AE2ED = 10.308062293478262 |  PDR = 0.3770491803278688
Generated Packets 254 | ReceivedPackets 93
TL = 976984311 |  AE2ED = 10.50520764516129 |  PDR = 0.3661417322834646
Generated Packets 270 | ReceivedPackets 94
TL = 996734285 |  AE2ED = 10.603556223404254 |  PDR = 0.34814814814814815
Generated Packets 270 | ReceivedPackets 95
TL = 1031638192 |  AE2ED = 10.859349389473683 |  PDR = 0.35185185185185186
Generated Packets 270 | ReceivedPackets 96
TL = 1048157021 |  AE2ED = 10.918302302083333 |  PDR = 0.35555555555555557
Generated Packets 275 | ReceivedPackets 97
TL = 1066687233 |  AE2ED = 10.996775597938145 |  PDR = 0.3527272727272727
Generated Packets 275 | ReceivedPackets 98
TL = 1074094160 |  AE2ED = 10.960144489795917 |  PDR = 0.3563636363636364
Generated Packets 275 | ReceivedPackets 99
TL = 1085546395 |  AE2ED = 10.9651151010101 |  PDR = 0.36
Generated Packets 286 | ReceivedPackets 100
TL = 1108974924 |  AE2ED = 11.08974924 |  PDR = 0.34965034965034963
Generated Packets 286 | ReceivedPackets 101
TL = 1131374326 |  AE2ED = 11.201726 |  PDR = 0.3531468531468531
Generated Packets 286 | ReceivedPackets 102
TL = 1161404137 |  AE2ED = 11.38631506862745 |  PDR = 0.35664335664335667
Generated Packets 286 | ReceivedPackets 103
TL = 1164141143 |  AE2ED = 11.302341194174756 |  PDR = 0.36013986013986016
Generated Packets 291 | ReceivedPackets 104
TL = 1183086202 |  AE2ED = 11.375828865384616 |  PDR = 0.35738831615120276
Generated Packets 291 | ReceivedPackets 105
TL = 1192846560 |  AE2ED = 11.360443428571429 |  PDR = 0.36082474226804123
Generated Packets 291 | ReceivedPackets 106
TL = 1202079121 |  AE2ED = 11.340369066037734 |  PDR = 0.3642611683848797
Generated Packets 292 | ReceivedPackets 107
TL = 1211373248 |  AE2ED = 11.321245308411214 |  PDR = 0.3664383561643836
Generated Packets 292 | ReceivedPackets 108
TL = 1220383545 |  AE2ED = 11.299847638888888 |  PDR = 0.3698630136986301
Generated Packets 292 | ReceivedPackets 109
TL = 1234102304 |  AE2ED = 11.322039486238532 |  PDR = 0.3732876712328767
Generated Packets 293 | ReceivedPackets 110
TL = 1249443302 |  AE2ED = 11.358575472727273 |  PDR = 0.37542662116040953
Generated Packets 298 | ReceivedPackets 111
TL = 1262339577 |  AE2ED = 11.372428621621621 |  PDR = 0.3724832214765101
Generated Packets 298 | ReceivedPackets 112
TL = 1273300472 |  AE2ED = 11.368754214285715 |  PDR = 0.37583892617449666
Generated Packets 298 | ReceivedPackets 113
TL = 1278964851 |  AE2ED = 11.318273017699115 |  PDR = 0.37919463087248323
Generated Packets 300 | ReceivedPackets 114
TL = 1281169224 |  AE2ED = 11.23832652631579 |  PDR = 0.38
Generated Packets 300 | ReceivedPackets 115
TL = 1294600562 |  AE2ED = 11.257396191304348 |  PDR = 0.38333333333333336
Generated Packets 301 | ReceivedPackets 116
TL = 1294624178 |  AE2ED = 11.160553258620691 |  PDR = 0.3853820598006645
Generated Packets 302 | ReceivedPackets 117
TL = 1303037584 |  AE2ED = 11.137073367521367 |  PDR = 0.38741721854304634
Generated Packets 304 | ReceivedPackets 118
TL = 1303215340 |  AE2ED = 11.044197796610169 |  PDR = 0.3881578947368421
Generated Packets 305 | ReceivedPackets 119
TL = 1305589967 |  AE2ED = 10.971344260504202 |  PDR = 0.3901639344262295
Generated Packets 305 | ReceivedPackets 120
TL = 1311765639 |  AE2ED = 10.931380325 |  PDR = 0.39344262295081966
Generated Packets 305 | ReceivedPackets 121
TL = 1317510197 |  AE2ED = 10.888514024793388 |  PDR = 0.39672131147540984
Generated Packets 310 | ReceivedPackets 122
TL = 1320398474 |  AE2ED = 10.82293831147541 |  PDR = 0.3935483870967742
Generated Packets 311 | ReceivedPackets 123
TL = 1320996404 |  AE2ED = 10.739808162601626 |  PDR = 0.3954983922829582
Generated Packets 315 | ReceivedPackets 124
TL = 1339152656 |  AE2ED = 10.799618193548387 |  PDR = 0.39365079365079364
Generated Packets 315 | ReceivedPackets 125
TL = 1349408641 |  AE2ED = 10.795269128000001 |  PDR = 0.3968253968253968
Generated Packets 315 | ReceivedPackets 126
TL = 1354408604 |  AE2ED = 10.749274634920635 |  PDR = 0.4
Generated Packets 319 | ReceivedPackets 127
TL = 1361866535 |  AE2ED = 10.723358543307086 |  PDR = 0.3981191222570533
Generated Packets 320 | ReceivedPackets 128
TL = 1366653210 |  AE2ED = 10.676978203125 |  PDR = 0.4
Generated Packets 320 | ReceivedPackets 129
TL = 1370904164 |  AE2ED = 10.627164062015504 |  PDR = 0.403125
Generated Packets 322 | ReceivedPackets 130
TL = 1377580983 |  AE2ED = 10.596776792307692 |  PDR = 0.40372670807453415
Generated Packets 324 | ReceivedPackets 131
TL = 1378188233 |  AE2ED = 10.52052086259542 |  PDR = 0.404320987654321
Generated Packets 327 | ReceivedPackets 132
TL = 1378252745 |  AE2ED = 10.441308674242423 |  PDR = 0.4036697247706422
Generated Packets 335 | ReceivedPackets 133
TL = 1398249622 |  AE2ED = 10.513155052631578 |  PDR = 0.3970149253731343
Generated Packets 335 | ReceivedPackets 134
TL = 1407002661 |  AE2ED = 10.500019858208955 |  PDR = 0.4
Generated Packets 348 | ReceivedPackets 135
TL = 1430350041 |  AE2ED = 10.59518548888889 |  PDR = 0.3879310344827586
Generated Packets 348 | ReceivedPackets 136
TL = 1440649890 |  AE2ED = 10.593013897058825 |  PDR = 0.39080459770114945
Generated Packets 348 | ReceivedPackets 137
TL = 1453453122 |  AE2ED = 10.60914687591241 |  PDR = 0.3936781609195402
Generated Packets 352 | ReceivedPackets 138
TL = 1461920202 |  AE2ED = 10.593624652173911 |  PDR = 0.39204545454545453
Generated Packets 352 | ReceivedPackets 139
TL = 1463036409 |  AE2ED = 10.525441791366907 |  PDR = 0.39488636363636365
Generated Packets 353 | ReceivedPackets 140
TL = 1465114134 |  AE2ED = 10.465100957142857 |  PDR = 0.39660056657223797
Generated Packets 354 | ReceivedPackets 141
TL = 1471671469 |  AE2ED = 10.437386304964539 |  PDR = 0.3983050847457627
Generated Packets 354 | ReceivedPackets 142
TL = 1484613208 |  AE2ED = 10.455022591549296 |  PDR = 0.4011299435028249
Generated Packets 354 | ReceivedPackets 143
TL = 1490656495 |  AE2ED = 10.424171293706294 |  PDR = 0.403954802259887
Generated Packets 360 | ReceivedPackets 144
TL = 1493877939 |  AE2ED = 10.374152354166666 |  PDR = 0.4
Generated Packets 360 | ReceivedPackets 145
TL = 1502763238 |  AE2ED = 10.3638844 |  PDR = 0.4027777777777778
Generated Packets 365 | ReceivedPackets 146
TL = 1529744165 |  AE2ED = 10.477699760273973 |  PDR = 0.4
Generated Packets 365 | ReceivedPackets 147
TL = 1537483119 |  AE2ED = 10.459068836734694 |  PDR = 0.40273972602739727
Generated Packets 365 | ReceivedPackets 148
TL = 1545288484 |  AE2ED = 10.441138405405406 |  PDR = 0.4054794520547945
Generated Packets 365 | ReceivedPackets 149
TL = 1554675592 |  AE2ED = 10.434064375838926 |  PDR = 0.40821917808219177
Generated Packets 369 | ReceivedPackets 150
TL = 1560708144 |  AE2ED = 10.40472096 |  PDR = 0.4065040650406504
Generated Packets 369 | ReceivedPackets 151
TL = 1564018247 |  AE2ED = 10.357736735099339 |  PDR = 0.4092140921409214
Generated Packets 369 | ReceivedPackets 152
TL = 1566956143 |  AE2ED = 10.308921993421054 |  PDR = 0.41192411924119243
Generated Packets 374 | ReceivedPackets 153
TL = 1577203009 |  AE2ED = 10.308516398692811 |  PDR = 0.4090909090909091
Generated Packets 375 | ReceivedPackets 154
TL = 1600840876 |  AE2ED = 10.395070623376622 |  PDR = 0.4106666666666667
Generated Packets 385 | ReceivedPackets 155
TL = 1610868476 |  AE2ED = 10.39269984516129 |  PDR = 0.4025974025974026
Generated Packets 386 | ReceivedPackets 156
TL = 1612707496 |  AE2ED = 10.337868564102564 |  PDR = 0.40414507772020725
Generated Packets 386 | ReceivedPackets 157
TL = 1618255995 |  AE2ED = 10.307363025477708 |  PDR = 0.4067357512953368
Generated Packets 386 | ReceivedPackets 158
TL = 1623198854 |  AE2ED = 10.27341046835443 |  PDR = 0.40932642487046633
Generated Packets 387 | ReceivedPackets 159
TL = 1623360101 |  AE2ED = 10.209811955974843 |  PDR = 0.4108527131782946
Generated Packets 387 | ReceivedPackets 160
TL = 1626707541 |  AE2ED = 10.166922131249999 |  PDR = 0.4134366925064599
Generated Packets 390 | ReceivedPackets 161
TL = 1642148529 |  AE2ED = 10.199680304347826 |  PDR = 0.4128205128205128
Generated Packets 390 | ReceivedPackets 162
TL = 1646718108 |  AE2ED = 10.164926592592593 |  PDR = 0.4153846153846154
Generated Packets 390 | ReceivedPackets 163
TL = 1649301004 |  AE2ED = 10.118411067484661 |  PDR = 0.41794871794871796
Generated Packets 395 | ReceivedPackets 164
TL = 1670155031 |  AE2ED = 10.183872140243903 |  PDR = 0.4151898734177215
Generated Packets 412 | ReceivedPackets 165
TL = 1698473240 |  AE2ED = 10.293777212121213 |  PDR = 0.40048543689320387
Generated Packets 416 | ReceivedPackets 166
TL = 1735969563 |  AE2ED = 10.457647969879517 |  PDR = 0.39903846153846156
Generated Packets 416 | ReceivedPackets 167
TL = 1764684512 |  AE2ED = 10.566973125748502 |  PDR = 0.4014423076923077
Generated Packets 416 | ReceivedPackets 168
TL = 1792807294 |  AE2ED = 10.671471988095238 |  PDR = 0.40384615384615385
Generated Packets 417 | ReceivedPackets 169
TL = 1793149495 |  AE2ED = 10.61035204142012 |  PDR = 0.4052757793764988
Generated Packets 417 | ReceivedPackets 170
TL = 1802972424 |  AE2ED = 10.605720141176471 |  PDR = 0.407673860911271
Generated Packets 444 | ReceivedPackets 171
TL = 1817275797 |  AE2ED = 10.627343842105264 |  PDR = 0.38513513513513514
Generated Packets 447 | ReceivedPackets 172
TL = 1857227963 |  AE2ED = 10.797836994186046 |  PDR = 0.38478747203579416
Generated Packets 447 | ReceivedPackets 173
TL = 1880300172 |  AE2ED = 10.868787121387282 |  PDR = 0.3870246085011186
Generated Packets 447 | ReceivedPackets 174
TL = 1902903709 |  AE2ED = 10.936228212643677 |  PDR = 0.38926174496644295
Generated Packets 449 | ReceivedPackets 175
TL = 1903360149 |  AE2ED = 10.876343708571428 |  PDR = 0.3897550111358575
Generated Packets 451 | ReceivedPackets 176
TL = 1913650907 |  AE2ED = 10.873016517045455 |  PDR = 0.3902439024390244
Generated Packets 462 | ReceivedPackets 177
TL = 1918727762 |  AE2ED = 10.84026984180791 |  PDR = 0.38311688311688313
Generated Packets 472 | ReceivedPackets 178
TL = 1931570700 |  AE2ED = 10.851520786516854 |  PDR = 0.3771186440677966
Generated Packets 472 | ReceivedPackets 179
TL = 1940987665 |  AE2ED = 10.843506508379887 |  PDR = 0.3792372881355932
Generated Packets 480 | ReceivedPackets 180
TL = 1958943152 |  AE2ED = 10.88301751111111 |  PDR = 0.375
Generated Packets 481 | ReceivedPackets 181
TL = 1959175087 |  AE2ED = 10.824171751381215 |  PDR = 0.3762993762993763
Generated Packets 487 | ReceivedPackets 182
TL = 1963348012 |  AE2ED = 10.787626439560439 |  PDR = 0.3737166324435318
Generated Packets 493 | ReceivedPackets 183
TL = 1976672316 |  AE2ED = 10.801488065573771 |  PDR = 0.3711967545638945
Generated Packets 493 | ReceivedPackets 184
TL = 1984489041 |  AE2ED = 10.785266527173912 |  PDR = 0.37322515212981744
Generated Packets 500 | ReceivedPackets 185
TL = 2037504212 |  AE2ED = 11.01353628108108 |  PDR = 0.37
Generated Packets 500 | ReceivedPackets 186
TL = 2067252245 |  AE2ED = 11.11425938172043 |  PDR = 0.372
Generated Packets 500 | ReceivedPackets 187
TL = 2075683608 |  AE2ED = 11.099912342245988 |  PDR = 0.374
Generated Packets 501 | ReceivedPackets 188
TL = 2089612926 |  AE2ED = 11.114962372340425 |  PDR = 0.37524950099800397
Generated Packets 502 | ReceivedPackets 189
TL = 2092727332 |  AE2ED = 11.072631386243387 |  PDR = 0.37649402390438247
Generated Packets 502 | ReceivedPackets 190
TL = 2104285684 |  AE2ED = 11.075187810526316 |  PDR = 0.3784860557768924
Generated Packets 503 | ReceivedPackets 191
TL = 2108459229 |  AE2ED = 11.039053554973822 |  PDR = 0.3797216699801193
Generated Packets 504 | ReceivedPackets 192
TL = 2110563071 |  AE2ED = 10.992515994791667 |  PDR = 0.38095238095238093
Generated Packets 505 | ReceivedPackets 193
TL = 2117688729 |  AE2ED = 10.972480461139897 |  PDR = 0.3821782178217822
Generated Packets 506 | ReceivedPackets 194
TL = 2131865886 |  AE2ED = 10.988999412371134 |  PDR = 0.383399209486166
Generated Packets 507 | ReceivedPackets 195
TL = 2133763033 |  AE2ED = 10.942374528205129 |  PDR = 0.38461538461538464
Generated Packets 509 | ReceivedPackets 196
TL = 2133833623 |  AE2ED = 10.886906239795918 |  PDR = 0.3850687622789784
Generated Packets 509 | ReceivedPackets 197
TL = 2138391764 |  AE2ED = 10.854780527918782 |  PDR = 0.38703339882121807
Generated Packets 514 | ReceivedPackets 198
TL = 2153662977 |  AE2ED = 10.877085742424242 |  PDR = 0.3852140077821012
Generated Packets 514 | ReceivedPackets 199
TL = 2168377335 |  AE2ED = 10.89636851758794 |  PDR = 0.38715953307393
Generated Packets 516 | ReceivedPackets 200
TL = 2170284235 |  AE2ED = 10.851421175 |  PDR = 0.3875968992248062
Generated Packets 527 | ReceivedPackets 201
TL = 2184126199 |  AE2ED = 10.866299497512438 |  PDR = 0.38140417457305503
Generated Packets 527 | ReceivedPackets 202
TL = 2194100228 |  AE2ED = 10.861882316831684 |  PDR = 0.38330170777988615
Generated Packets 527 | ReceivedPackets 203
TL = 2209310184 |  AE2ED = 10.883301399014778 |  PDR = 0.38519924098671726
Generated Packets 528 | ReceivedPackets 204
TL = 2209521608 |  AE2ED = 10.830988274509805 |  PDR = 0.38636363636363635
Generated Packets 528 | ReceivedPackets 205
TL = 2224657947 |  AE2ED = 10.851989985365854 |  PDR = 0.38825757575757575
Generated Packets 528 | ReceivedPackets 206
TL = 2230669244 |  AE2ED = 10.828491475728155 |  PDR = 0.39015151515151514
Generated Packets 529 | ReceivedPackets 207
TL = 2231964638 |  AE2ED = 10.7824378647343 |  PDR = 0.391304347826087
Generated Packets 532 | ReceivedPackets 208
TL = 2252998535 |  AE2ED = 10.831723725961538 |  PDR = 0.39097744360902253
Generated Packets 532 | ReceivedPackets 209
TL = 2259437390 |  AE2ED = 10.810705215311005 |  PDR = 0.39285714285714285
Generated Packets 532 | ReceivedPackets 210
TL = 2264780791 |  AE2ED = 10.784670433333334 |  PDR = 0.39473684210526316
Generated Packets 536 | ReceivedPackets 211
TL = 2269987215 |  AE2ED = 10.758233246445497 |  PDR = 0.39365671641791045
Generated Packets 536 | ReceivedPackets 212
TL = 2271959542 |  AE2ED = 10.716790292452831 |  PDR = 0.39552238805970147
Generated Packets 538 | ReceivedPackets 213
TL = 2283161433 |  AE2ED = 10.71906776056338 |  PDR = 0.395910780669145
Generated Packets 538 | ReceivedPackets 214
TL = 2295968836 |  AE2ED = 10.728826336448599 |  PDR = 0.39776951672862454
Generated Packets 538 | ReceivedPackets 215
TL = 2309885857 |  AE2ED = 10.74365514883721 |  PDR = 0.3996282527881041
Generated Packets 540 | ReceivedPackets 216
TL = 2312891331 |  AE2ED = 10.707830236111112 |  PDR = 0.4
Generated Packets 547 | ReceivedPackets 217
TL = 2326436891 |  AE2ED = 10.720907331797235 |  PDR = 0.396709323583181
Generated Packets 547 | ReceivedPackets 218
TL = 2335198267 |  AE2ED = 10.711918655963304 |  PDR = 0.39853747714808047
Generated Packets 548 | ReceivedPackets 219
TL = 2351713549 |  AE2ED = 10.73841803196347 |  PDR = 0.39963503649635035
Generated Packets 549 | ReceivedPackets 220
TL = 2357183733 |  AE2ED = 10.714471513636363 |  PDR = 0.4007285974499089
Generated Packets 549 | ReceivedPackets 221
TL = 2367977486 |  AE2ED = 10.714830253393664 |  PDR = 0.40255009107468126
Generated Packets 557 | ReceivedPackets 222
TL = 2384836149 |  AE2ED = 10.742505175675674 |  PDR = 0.3985637342908438
Generated Packets 557 | ReceivedPackets 223
TL = 2400094675 |  AE2ED = 10.762756390134529 |  PDR = 0.400359066427289
Generated Packets 557 | ReceivedPackets 224
TL = 2410561816 |  AE2ED = 10.76143667857143 |  PDR = 0.4021543985637343
Generated Packets 559 | ReceivedPackets 225
TL = 2413749642 |  AE2ED = 10.727776186666668 |  PDR = 0.40250447227191416
Generated Packets 569 | ReceivedPackets 226
TL = 2423202839 |  AE2ED = 10.722136455752212 |  PDR = 0.39718804920913886
Generated Packets 570 | ReceivedPackets 227
TL = 2439242844 |  AE2ED = 10.745563189427312 |  PDR = 0.39824561403508774
Generated Packets 570 | ReceivedPackets 228
TL = 2451925977 |  AE2ED = 10.754061302631579 |  PDR = 0.4
Generated Packets 570 | ReceivedPackets 229
TL = 2460520016 |  AE2ED = 10.744628890829693 |  PDR = 0.4017543859649123
Generated Packets 571 | ReceivedPackets 230
TL = 2464188013 |  AE2ED = 10.713860926086957 |  PDR = 0.4028021015761821
Generated Packets 571 | ReceivedPackets 231
TL = 2464325536 |  AE2ED = 10.668075913419914 |  PDR = 0.404553415061296
Generated Packets 573 | ReceivedPackets 232
TL = 2464912430 |  AE2ED = 10.624622543103449 |  PDR = 0.4048865619546248
Generated Packets 576 | ReceivedPackets 233
TL = 2471290577 |  AE2ED = 10.606397326180257 |  PDR = 0.4045138888888889
Generated Packets 584 | ReceivedPackets 234
TL = 2479730490 |  AE2ED = 10.597138846153847 |  PDR = 0.4006849315068493
Generated Packets 584 | ReceivedPackets 235
TL = 2483472320 |  AE2ED = 10.567967319148936 |  PDR = 0.4023972602739726
Generated Packets 584 | ReceivedPackets 236
TL = 2488497395 |  AE2ED = 10.544480487288135 |  PDR = 0.4041095890410959
Generated Packets 584 | ReceivedPackets 237
TL = 2497454005 |  AE2ED = 10.537780611814346 |  PDR = 0.4058219178082192
Generated Packets 585 | ReceivedPackets 238
TL = 2501798111 |  AE2ED = 10.511756768907563 |  PDR = 0.40683760683760684
Generated Packets 586 | ReceivedPackets 239
TL = 2508703152 |  AE2ED = 10.49666590794979 |  PDR = 0.40784982935153585
Generated Packets 592 | ReceivedPackets 240
TL = 2511284405 |  AE2ED = 10.463685020833333 |  PDR = 0.40540540540540543
Generated Packets 606 | ReceivedPackets 241
TL = 2524749786 |  AE2ED = 10.47614019087137 |  PDR = 0.3976897689768977
Generated Packets 607 | ReceivedPackets 242
TL = 2538167605 |  AE2ED = 10.488295888429752 |  PDR = 0.3986820428336079
Generated Packets 607 | ReceivedPackets 243
TL = 2544800836 |  AE2ED = 10.472431423868313 |  PDR = 0.400329489291598
Generated Packets 611 | ReceivedPackets 244
TL = 2566223250 |  AE2ED = 10.517308401639344 |  PDR = 0.3993453355155483
Generated Packets 611 | ReceivedPackets 245
TL = 2569537248 |  AE2ED = 10.487907134693877 |  PDR = 0.40098199672667756
Generated Packets 612 | ReceivedPackets 246
TL = 2579815018 |  AE2ED = 10.487052918699186 |  PDR = 0.4019607843137255
Generated Packets 619 | ReceivedPackets 247
TL = 2593533775 |  AE2ED = 10.500136740890687 |  PDR = 0.3990306946688207
Generated Packets 619 | ReceivedPackets 248
TL = 2604538405 |  AE2ED = 10.502170987903225 |  PDR = 0.40064620355411956
Generated Packets 620 | ReceivedPackets 249
TL = 2619943626 |  AE2ED = 10.521861951807228 |  PDR = 0.40161290322580645
Generated Packets 620 | ReceivedPackets 250
TL = 2629406922 |  AE2ED = 10.517627688 |  PDR = 0.4032258064516129
Generated Packets 628 | ReceivedPackets 251
TL = 2654060458 |  AE2ED = 10.573946047808764 |  PDR = 0.3996815286624204
Generated Packets 628 | ReceivedPackets 252
TL = 2661796810 |  AE2ED = 10.562685753968253 |  PDR = 0.4012738853503185
Generated Packets 628 | ReceivedPackets 253
TL = 2667590398 |  AE2ED = 10.54383556521739 |  PDR = 0.4028662420382166
Generated Packets 630 | ReceivedPackets 254
TL = 2673550049 |  AE2ED = 10.525787594488188 |  PDR = 0.4031746031746032
Generated Packets 630 | ReceivedPackets 255
TL = 2675202018 |  AE2ED = 10.490988305882354 |  PDR = 0.40476190476190477
Generated Packets 630 | ReceivedPackets 256
TL = 2680213863 |  AE2ED = 10.46958540234375 |  PDR = 0.40634920634920635
Generated Packets 642 | ReceivedPackets 257
TL = 2716237204 |  AE2ED = 10.569016357976654 |  PDR = 0.40031152647975077
Generated Packets 650 | ReceivedPackets 258
TL = 2746244443 |  AE2ED = 10.644358306201552 |  PDR = 0.39692307692307693
Generated Packets 665 | ReceivedPackets 259
TL = 2782447044 |  AE2ED = 10.74303877992278 |  PDR = 0.3894736842105263
Generated Packets 665 | ReceivedPackets 260
TL = 2806031988 |  AE2ED = 10.792430723076922 |  PDR = 0.39097744360902253
Generated Packets 670 | ReceivedPackets 261
TL = 2815738083 |  AE2ED = 10.788268517241379 |  PDR = 0.3895522388059702
Generated Packets 670 | ReceivedPackets 262
TL = 2831433986 |  AE2ED = 10.806999946564884 |  PDR = 0.39104477611940297
Generated Packets 670 | ReceivedPackets 263
TL = 2835274467 |  AE2ED = 10.780511281368822 |  PDR = 0.3925373134328358
Generated Packets 684 | ReceivedPackets 264
TL = 2846490799 |  AE2ED = 10.782162117424242 |  PDR = 0.38596491228070173
Generated Packets 685 | ReceivedPackets 265
TL = 2846662905 |  AE2ED = 10.742124169811321 |  PDR = 0.38686131386861317
Generated Packets 687 | ReceivedPackets 266
TL = 2865861411 |  AE2ED = 10.773915078947368 |  PDR = 0.38719068413391555
Generated Packets 687 | ReceivedPackets 267
TL = 2878246737 |  AE2ED = 10.779950325842696 |  PDR = 0.388646288209607
Generated Packets 687 | ReceivedPackets 268
TL = 2880563844 |  AE2ED = 10.748372552238806 |  PDR = 0.3901018922852984
Generated Packets 695 | ReceivedPackets 269
TL = 2904816256 |  AE2ED = 10.798573442379181 |  PDR = 0.38705035971223023
Generated Packets 695 | ReceivedPackets 270
TL = 2931985078 |  AE2ED = 10.859203992592592 |  PDR = 0.38848920863309355
Generated Packets 702 | ReceivedPackets 271
TL = 2936981595 |  AE2ED = 10.837570461254613 |  PDR = 0.38603988603988604
Generated Packets 702 | ReceivedPackets 272
TL = 2939879747 |  AE2ED = 10.808381422794119 |  PDR = 0.38746438746438744
Generated Packets 708 | ReceivedPackets 273
TL = 2959916240 |  AE2ED = 10.842184029304029 |  PDR = 0.3855932203389831
Generated Packets 715 | ReceivedPackets 274
TL = 2983579456 |  AE2ED = 10.88897611678832 |  PDR = 0.3832167832167832
Generated Packets 715 | ReceivedPackets 275
TL = 2990371302 |  AE2ED = 10.874077461818182 |  PDR = 0.38461538461538464
Generated Packets 727 | ReceivedPackets 276
TL = 3016271516 |  AE2ED = 10.928519985507245 |  PDR = 0.3796423658872077
Generated Packets 727 | ReceivedPackets 277
TL = 3027740306 |  AE2ED = 10.930470418772563 |  PDR = 0.3810178817056396
Generated Packets 737 | ReceivedPackets 278
TL = 3044148614 |  AE2ED = 10.950174870503597 |  PDR = 0.37720488466757124
Generated Packets 737 | ReceivedPackets 279
TL = 3056464476 |  AE2ED = 10.955069806451613 |  PDR = 0.378561736770692
Generated Packets 737 | ReceivedPackets 280
TL = 3066573158 |  AE2ED = 10.952046992857143 |  PDR = 0.37991858887381275
Generated Packets 737 | ReceivedPackets 281
TL = 3072422225 |  AE2ED = 10.933886921708185 |  PDR = 0.3812754409769335
Generated Packets 739 | ReceivedPackets 282
TL = 3076755574 |  AE2ED = 10.910480758865248 |  PDR = 0.38159675236806495
Generated Packets 742 | ReceivedPackets 283
TL = 3094402320 |  AE2ED = 10.934283816254416 |  PDR = 0.38140161725067384
Generated Packets 742 | ReceivedPackets 284
TL = 3118351866 |  AE2ED = 10.980112204225351 |  PDR = 0.38274932614555257
Generated Packets 742 | ReceivedPackets 285
TL = 3140201420 |  AE2ED = 11.018250596491228 |  PDR = 0.38409703504043125
Generated Packets 748 | ReceivedPackets 286
TL = 3151263120 |  AE2ED = 11.018402517482517 |  PDR = 0.38235294117647056
Generated Packets 748 | ReceivedPackets 287
TL = 3173958332 |  AE2ED = 11.059088264808363 |  PDR = 0.3836898395721925
Generated Packets 748 | ReceivedPackets 288
TL = 3174124216 |  AE2ED = 11.021264638888889 |  PDR = 0.3850267379679144
Generated Packets 750 | ReceivedPackets 289
TL = 3183214159 |  AE2ED = 11.014581865051904 |  PDR = 0.38533333333333336
Generated Packets 750 | ReceivedPackets 290
TL = 3184373281 |  AE2ED = 10.980597520689654 |  PDR = 0.38666666666666666
Generated Packets 750 | ReceivedPackets 291
TL = 3195367028 |  AE2ED = 10.98064270790378 |  PDR = 0.388
Generated Packets 752 | ReceivedPackets 292
TL = 3212129002 |  AE2ED = 11.000441787671232 |  PDR = 0.3882978723404255
Generated Packets 772 | ReceivedPackets 293
TL = 3225964666 |  AE2ED = 11.010118313993175 |  PDR = 0.3795336787564767
Generated Packets 774 | ReceivedPackets 294
TL = 3226688854 |  AE2ED = 10.975132156462585 |  PDR = 0.3798449612403101
Generated Packets 774 | ReceivedPackets 295
TL = 3234364518 |  AE2ED = 10.96394751864407 |  PDR = 0.38113695090439276
Generated Packets 789 | ReceivedPackets 296
TL = 3262419432 |  AE2ED = 11.02168727027027 |  PDR = 0.37515842839036756
Generated Packets 789 | ReceivedPackets 297
TL = 3265085541 |  AE2ED = 10.993554010101011 |  PDR = 0.376425855513308
Generated Packets 791 | ReceivedPackets 298
TL = 3265482736 |  AE2ED = 10.957995758389263 |  PDR = 0.37673830594184576
Generated Packets 792 | ReceivedPackets 299
TL = 3269304848 |  AE2ED = 10.934129926421404 |  PDR = 0.37752525252525254
Generated Packets 792 | ReceivedPackets 300
TL = 3285833021 |  AE2ED = 10.952776736666666 |  PDR = 0.3787878787878788
Generated Packets 795 | ReceivedPackets 301
TL = 3290065984 |  AE2ED = 10.930451774086379 |  PDR = 0.3786163522012579
Generated Packets 796 | ReceivedPackets 302
TL = 3292380475 |  AE2ED = 10.901922102649007 |  PDR = 0.3793969849246231
Generated Packets 796 | ReceivedPackets 303
TL = 3298119151 |  AE2ED = 10.884881686468647 |  PDR = 0.3806532663316583
Generated Packets 804 | ReceivedPackets 304
TL = 3306094943 |  AE2ED = 10.8753123125 |  PDR = 0.3781094527363184
Generated Packets 818 | ReceivedPackets 305
TL = 3337247176 |  AE2ED = 10.94179401967213 |  PDR = 0.37286063569682154
Generated Packets 818 | ReceivedPackets 306
TL = 3354966269 |  AE2ED = 10.963942055555556 |  PDR = 0.3740831295843521
Generated Packets 820 | ReceivedPackets 307
TL = 3357990416 |  AE2ED = 10.938079530944625 |  PDR = 0.374390243902439
Generated Packets 822 | ReceivedPackets 308
TL = 3371963228 |  AE2ED = 10.94793255844156 |  PDR = 0.3746958637469586
Generated Packets 822 | ReceivedPackets 309
TL = 3375204608 |  AE2ED = 10.922992258899676 |  PDR = 0.3759124087591241
Generated Packets 823 | ReceivedPackets 310
TL = 3383993076 |  AE2ED = 10.916106696774195 |  PDR = 0.37667071688942894
Generated Packets 826 | ReceivedPackets 311
TL = 3384291564 |  AE2ED = 10.881966443729903 |  PDR = 0.3765133171912833
Generated Packets 827 | ReceivedPackets 312
TL = 3384570309 |  AE2ED = 10.847981759615385 |  PDR = 0.37726723095526
Generated Packets 828 | ReceivedPackets 313
TL = 3387784500 |  AE2ED = 10.823592651757188 |  PDR = 0.3780193236714976
Generated Packets 829 | ReceivedPackets 314
TL = 3390155481 |  AE2ED = 10.796673506369427 |  PDR = 0.37876960193003617
Generated Packets 829 | ReceivedPackets 315
TL = 3399546487 |  AE2ED = 10.792211069841269 |  PDR = 0.37997587454764775
Generated Packets 829 | ReceivedPackets 316
TL = 3402392817 |  AE2ED = 10.767065876582278 |  PDR = 0.38118214716525933
Generated Packets 838 | ReceivedPackets 317
TL = 3430334893 |  AE2ED = 10.821245719242903 |  PDR = 0.37828162291169454
Generated Packets 840 | ReceivedPackets 318
TL = 3456973449 |  AE2ED = 10.870985688679244 |  PDR = 0.37857142857142856
Generated Packets 843 | ReceivedPackets 319
TL = 3474040952 |  AE2ED = 10.89041050783699 |  PDR = 0.37841043890865955
Generated Packets 843 | ReceivedPackets 320
TL = 3476939038 |  AE2ED = 10.86543449375 |  PDR = 0.37959667852906287
Generated Packets 846 | ReceivedPackets 321
TL = 3486611226 |  AE2ED = 10.861717214953272 |  PDR = 0.37943262411347517
Generated Packets 846 | ReceivedPackets 322
TL = 3497441326 |  AE2ED = 10.861619024844721 |  PDR = 0.3806146572104019
Generated Packets 847 | ReceivedPackets 323
TL = 3512887516 |  AE2ED = 10.875812743034055 |  PDR = 0.38134592680047225
Generated Packets 848 | ReceivedPackets 324
TL = 3513284577 |  AE2ED = 10.843470916666666 |  PDR = 0.38207547169811323
Generated Packets 851 | ReceivedPackets 325
TL = 3520533192 |  AE2ED = 10.83240982153846 |  PDR = 0.381903642773208
Generated Packets 858 | ReceivedPackets 326
TL = 3521773627 |  AE2ED = 10.80298658588957 |  PDR = 0.37995337995337997
Generated Packets 861 | ReceivedPackets 327
TL = 3528006583 |  AE2ED = 10.789010957186544 |  PDR = 0.3797909407665505
Generated Packets 861 | ReceivedPackets 328
TL = 3529419128 |  AE2ED = 10.760424170731707 |  PDR = 0.38095238095238093
Generated Packets 862 | ReceivedPackets 329
TL = 3544025668 |  AE2ED = 10.772114492401217 |  PDR = 0.38167053364269143
Generated Packets 862 | ReceivedPackets 330
TL = 3549423866 |  AE2ED = 10.755829896969697 |  PDR = 0.382830626450116
Generated Packets 864 | ReceivedPackets 331
TL = 3556093435 |  AE2ED = 10.743484697885197 |  PDR = 0.38310185185185186
Script timed out
Performance Calculation
Generated Packets 867 | ReceivedPackets 331
TL = 3556093435 |  AE2ED = 10.743484697885197 |  PDR = 0.3817762399077278
