30129585	ID:36	RPL: Sending a DIS to fe80::c30c:0:0:8
30137995	ID:34	RPL: Sending a DIS to fe80::c30c:0:0:6
30428880	ID:35	RPL: Sending a DIS to fe80::c30c:0:0:7
30501327	ID:32	RPL: Sending a DIS to fe80::c30c:0:0:3
30638999	ID:33	RPL: Sending a DIS to fe80::c30c:0:0:2
32793525	ID:34	RPL: Received a DIO from fe80::c30c:0:0:6
32797295	ID:34	RPL: Incoming DIO (id, ver, rank) = (30,240,292)
32801793	ID:34	RPL: Incoming DIO (dag_id, pref) = (fd00::ff:fe00:1, 0)
32804054	ID:34	RPL: DIO option 4, length: 14
32809997	ID:34	RPL: DAG conf:dbl=8, min=12 red=6 maxinc=896 mininc=128 ocp=1 d_l=10 l_u=60
32812223	ID:34	RPL: DIO option 8, length: 30
32814492	ID:34	RPL: Copying prefix information
32822821	ID:34	RPL: Neighbor added to neighbor cache fe80::c30c:0:0:6, c1:0c:00:00:00:00:00:06
33419896	ID:36	RPL: Received a DIO from fe80::c30c:0:0:8
33423670	ID:36	RPL: Incoming DIO (id, ver, rank) = (30,240,507)
33428169	ID:36	RPL: Incoming DIO (dag_id, pref) = (fd00::ff:fe00:1, 0)
33430394	ID:36	RPL: DIO option 4, length: 14
33436302	ID:36	RPL: DAG conf:dbl=8, min=12 red=6 maxinc=896 mininc=128 ocp=1 d_l=10 l_u=60
33438540	ID:36	RPL: DIO option 8, length: 30
33440808	ID:36	RPL: Copying prefix information
33449565	ID:36	RPL: Neighbor added to neighbor cache fe80::c30c:0:0:8, c1:0c:00:00:00:00:00:08
33667492	ID:32	RPL: Received a DIO from fe80::c30c:0:0:3
33671266	ID:32	RPL: Incoming DIO (id, ver, rank) = (30,240,507)
33675764	ID:32	RPL: Incoming DIO (dag_id, pref) = (fd00::ff:fe00:1, 0)
33677990	ID:32	RPL: DIO option 4, length: 14
33683899	ID:32	RPL: DAG conf:dbl=8, min=12 red=6 maxinc=896 mininc=128 ocp=1 d_l=10 l_u=60
33686126	ID:32	RPL: DIO option 8, length: 30
33688394	ID:32	RPL: Copying prefix information
33697013	ID:32	RPL: Neighbor added to neighbor cache fe80::c30c:0:0:3, c1:0c:00:00:00:00:00:03
36218982	ID:35	RPL: Received a DIO from fe80::c30c:0:0:7
36222752	ID:35	RPL: Incoming DIO (id, ver, rank) = (30,240,549)
36227250	ID:35	RPL: Incoming DIO (dag_id, pref) = (fd00::ff:fe00:1, 0)
36229476	ID:35	RPL: DIO option 4, length: 14
36235384	ID:35	RPL: DAG conf:dbl=8, min=12 red=6 maxinc=896 mininc=128 ocp=1 d_l=10 l_u=60
36237616	ID:35	RPL: DIO option 8, length: 30
36239884	ID:35	RPL: Copying prefix information
36249737	ID:35	RPL: Neighbor added to neighbor cache fe80::c30c:0:0:7, c1:0c:00:00:00:00:00:07
37829790	ID:34	RPL: Sending a multicast-DIO with rank 292
38456386	ID:36	RPL: Sending a multicast-DIO with rank 507
38703128	ID:32	RPL: Sending a multicast-DIO with rank 507
41255682	ID:35	RPL: Sending a multicast-DIO with rank 549
42829769	ID:34	RPL: Sending a multicast-DIO with rank 292
43456365	ID:36	RPL: Sending a multicast-DIO with rank 507
43703107	ID:32	RPL: Sending a multicast-DIO with rank 507
46255661	ID:35	RPL: Sending a multicast-DIO with rank 549
47829769	ID:34	RPL: Sending a multicast-DIO with rank 292
48456365	ID:36	RPL: Sending a multicast-DIO with rank 507
48703107	ID:32	RPL: Sending a multicast-DIO with rank 507
51255661	ID:35	RPL: Sending a multicast-DIO with rank 549
52829769	ID:34	RPL: Sending a multicast-DIO with rank 292
53456365	ID:36	RPL: Sending a multicast-DIO with rank 507
53703107	ID:32	RPL: Sending a multicast-DIO with rank 507
56255661	ID:35	RPL: Sending a multicast-DIO with rank 549
57829769	ID:34	RPL: Sending a multicast-DIO with rank 292
58456365	ID:36	RPL: Sending a multicast-DIO with rank 507
58703107	ID:32	RPL: Sending a multicast-DIO with rank 507
61255661	ID:35	RPL: Sending a multicast-DIO with rank 549
62829769	ID:34	RPL: Sending a multicast-DIO with rank 292
63456365	ID:36	RPL: Sending a multicast-DIO with rank 507
63703107	ID:32	RPL: Sending a multicast-DIO with rank 507
66255661	ID:35	RPL: Sending a multicast-DIO with rank 549
67829769	ID:34	RPL: Sending a multicast-DIO with rank 292
68418833	ID:33	RPL: Sending a DIS to fe80::c30c:0:0:2
68456365	ID:36	RPL: Sending a multicast-DIO with rank 507
68703107	ID:32	RPL: Sending a multicast-DIO with rank 507
71255660	ID:35	RPL: Sending a multicast-DIO with rank 549
72829769	ID:34	RPL: Sending a multicast-DIO with rank 292
73456365	ID:36	RPL: Sending a multicast-DIO with rank 507
73703107	ID:32	RPL: Sending a multicast-DIO with rank 507
76255661	ID:35	RPL: Sending a multicast-DIO with rank 549
77829769	ID:34	RPL: Sending a multicast-DIO with rank 292
78456365	ID:36	RPL: Sending a multicast-DIO with rank 507
78703107	ID:32	RPL: Sending a multicast-DIO with rank 507
81255661	ID:35	RPL: Sending a multicast-DIO with rank 549
82829769	ID:34	RPL: Sending a multicast-DIO with rank 292
83456365	ID:36	RPL: Sending a multicast-DIO with rank 507
83703107	ID:32	RPL: Sending a multicast-DIO with rank 507
86255660	ID:35	RPL: Sending a multicast-DIO with rank 549
87829769	ID:34	RPL: Sending a multicast-DIO with rank 292
88456365	ID:36	RPL: Sending a multicast-DIO with rank 507
88703107	ID:32	RPL: Sending a multicast-DIO with rank 507
91255648	ID:35	RPL: Sending a multicast-DIO with rank 549
92829756	ID:34	RPL: Sending a multicast-DIO with rank 292
93456352	ID:36	RPL: Sending a multicast-DIO with rank 507
93703094	ID:32	RPL: Sending a multicast-DIO with rank 507
96255648	ID:35	RPL: Sending a multicast-DIO with rank 549
97829756	ID:34	RPL: Sending a multicast-DIO with rank 292
98456352	ID:36	RPL: Sending a multicast-DIO with rank 507
98703094	ID:32	RPL: Sending a multicast-DIO with rank 507
101255648	ID:35	RPL: Sending a multicast-DIO with rank 549
102829756	ID:34	RPL: Sending a multicast-DIO with rank 292
103456352	ID:36	RPL: Sending a multicast-DIO with rank 507
103703094	ID:32	RPL: Sending a multicast-DIO with rank 507
106255648	ID:35	RPL: Sending a multicast-DIO with rank 549
107829756	ID:34	RPL: Sending a multicast-DIO with rank 292
108456352	ID:36	RPL: Sending a multicast-DIO with rank 507
108703094	ID:32	RPL: Sending a multicast-DIO with rank 507
111255648	ID:35	RPL: Sending a multicast-DIO with rank 549
112829756	ID:34	RPL: Sending a multicast-DIO with rank 292
113456352	ID:36	RPL: Sending a multicast-DIO with rank 507
113703094	ID:32	RPL: Sending a multicast-DIO with rank 507
116255648	ID:35	RPL: Sending a multicast-DIO with rank 549
117829756	ID:34	RPL: Sending a multicast-DIO with rank 292
118456352	ID:36	RPL: Sending a multicast-DIO with rank 507
118703094	ID:32	RPL: Sending a multicast-DIO with rank 507
121255648	ID:35	RPL: Sending a multicast-DIO with rank 549
122829756	ID:34	RPL: Sending a multicast-DIO with rank 292
123456352	ID:36	RPL: Sending a multicast-DIO with rank 507
123703094	ID:32	RPL: Sending a multicast-DIO with rank 507
126255648	ID:35	RPL: Sending a multicast-DIO with rank 549
127829756	ID:34	RPL: Sending a multicast-DIO with rank 292
128418820	ID:33	RPL: Sending a DIS to fe80::c30c:0:0:2
128456352	ID:36	RPL: Sending a multicast-DIO with rank 507
128703094	ID:32	RPL: Sending a multicast-DIO with rank 507
131255648	ID:35	RPL: Sending a multicast-DIO with rank 549
132829756	ID:34	RPL: Sending a multicast-DIO with rank 292
133456352	ID:36	RPL: Sending a multicast-DIO with rank 507
133703094	ID:32	RPL: Sending a multicast-DIO with rank 507
136255648	ID:35	RPL: Sending a multicast-DIO with rank 549
137829756	ID:34	RPL: Sending a multicast-DIO with rank 292
138456352	ID:36	RPL: Sending a multicast-DIO with rank 507
138703094	ID:32	RPL: Sending a multicast-DIO with rank 507
141255648	ID:35	RPL: Sending a multicast-DIO with rank 549
142829756	ID:34	RPL: Sending a multicast-DIO with rank 292
143456352	ID:36	RPL: Sending a multicast-DIO with rank 507
143703094	ID:32	RPL: Sending a multicast-DIO with rank 507
146255648	ID:35	RPL: Sending a multicast-DIO with rank 549
147829756	ID:34	RPL: Sending a multicast-DIO with rank 292
148456352	ID:36	RPL: Sending a multicast-DIO with rank 507
148703094	ID:32	RPL: Sending a multicast-DIO with rank 507
151255648	ID:35	RPL: Sending a multicast-DIO with rank 549
152829756	ID:34	RPL: Sending a multicast-DIO with rank 292
153456352	ID:36	RPL: Sending a multicast-DIO with rank 507
153703094	ID:32	RPL: Sending a multicast-DIO with rank 507
156255648	ID:35	RPL: Sending a multicast-DIO with rank 549
157829756	ID:34	RPL: Sending a multicast-DIO with rank 292
158456352	ID:36	RPL: Sending a multicast-DIO with rank 507
158703094	ID:32	RPL: Sending a multicast-DIO with rank 507
161255648	ID:35	RPL: Sending a multicast-DIO with rank 549
162829756	ID:34	RPL: Sending a multicast-DIO with rank 292
163456352	ID:36	RPL: Sending a multicast-DIO with rank 507
163703094	ID:32	RPL: Sending a multicast-DIO with rank 507
166255648	ID:35	RPL: Sending a multicast-DIO with rank 549
167829756	ID:34	RPL: Sending a multicast-DIO with rank 292
168456352	ID:36	RPL: Sending a multicast-DIO with rank 507
168703094	ID:32	RPL: Sending a multicast-DIO with rank 507
171255648	ID:35	RPL: Sending a multicast-DIO with rank 549
172829756	ID:34	RPL: Sending a multicast-DIO with rank 292
173456352	ID:36	RPL: Sending a multicast-DIO with rank 507
173703094	ID:32	RPL: Sending a multicast-DIO with rank 507
176255648	ID:35	RPL: Sending a multicast-DIO with rank 549
177829756	ID:34	RPL: Sending a multicast-DIO with rank 292
178456352	ID:36	RPL: Sending a multicast-DIO with rank 507
178703094	ID:32	RPL: Sending a multicast-DIO with rank 507
181255648	ID:35	RPL: Sending a multicast-DIO with rank 549
182829756	ID:34	RPL: Sending a multicast-DIO with rank 292
183456352	ID:36	RPL: Sending a multicast-DIO with rank 507
183703094	ID:32	RPL: Sending a multicast-DIO with rank 507
186255648	ID:35	RPL: Sending a multicast-DIO with rank 549
187829756	ID:34	RPL: Sending a multicast-DIO with rank 292
188418820	ID:33	RPL: Sending a DIS to fe80::c30c:0:0:2
188456352	ID:36	RPL: Sending a multicast-DIO with rank 507
188703094	ID:32	RPL: Sending a multicast-DIO with rank 507
191255648	ID:35	RPL: Sending a multicast-DIO with rank 549
192829756	ID:34	RPL: Sending a multicast-DIO with rank 292
193456352	ID:36	RPL: Sending a multicast-DIO with rank 507
193703094	ID:32	RPL: Sending a multicast-DIO with rank 507
196255648	ID:35	RPL: Sending a multicast-DIO with rank 549
197829756	ID:34	RPL: Sending a multicast-DIO with rank 292
198456352	ID:36	RPL: Sending a multicast-DIO with rank 507
198703094	ID:32	RPL: Sending a multicast-DIO with rank 507
201255648	ID:35	RPL: Sending a multicast-DIO with rank 549
202829756	ID:34	RPL: Sending a multicast-DIO with rank 292
203456352	ID:36	RPL: Sending a multicast-DIO with rank 507
203703094	ID:32	RPL: Sending a multicast-DIO with rank 507
206255648	ID:35	RPL: Sending a multicast-DIO with rank 549
207829756	ID:34	RPL: Sending a multicast-DIO with rank 292
208456352	ID:36	RPL: Sending a multicast-DIO with rank 507
208703094	ID:32	RPL: Sending a multicast-DIO with rank 507
211255648	ID:35	RPL: Sending a multicast-DIO with rank 549
212829756	ID:34	RPL: Sending a multicast-DIO with rank 292
213456352	ID:36	RPL: Sending a multicast-DIO with rank 507
213703094	ID:32	RPL: Sending a multicast-DIO with rank 507
216255648	ID:35	RPL: Sending a multicast-DIO with rank 549
217829756	ID:34	RPL: Sending a multicast-DIO with rank 292
218456352	ID:36	RPL: Sending a multicast-DIO with rank 507
218703094	ID:32	RPL: Sending a multicast-DIO with rank 507
221255648	ID:35	RPL: Sending a multicast-DIO with rank 549
222829756	ID:34	RPL: Sending a multicast-DIO with rank 292
223456352	ID:36	RPL: Sending a multicast-DIO with rank 507
223703094	ID:32	RPL: Sending a multicast-DIO with rank 507
226255648	ID:35	RPL: Sending a multicast-DIO with rank 549
227829756	ID:34	RPL: Sending a multicast-DIO with rank 292
228456352	ID:36	RPL: Sending a multicast-DIO with rank 507
228703094	ID:32	RPL: Sending a multicast-DIO with rank 507
231255648	ID:35	RPL: Sending a multicast-DIO with rank 549
232829756	ID:34	RPL: Sending a multicast-DIO with rank 292
233456352	ID:36	RPL: Sending a multicast-DIO with rank 507
233703094	ID:32	RPL: Sending a multicast-DIO with rank 507
236255648	ID:35	RPL: Sending a multicast-DIO with rank 549
237829756	ID:34	RPL: Sending a multicast-DIO with rank 292
238456352	ID:36	RPL: Sending a multicast-DIO with rank 507
238703094	ID:32	RPL: Sending a multicast-DIO with rank 507
241255648	ID:35	RPL: Sending a multicast-DIO with rank 549
242829756	ID:34	RPL: Sending a multicast-DIO with rank 292
243456352	ID:36	RPL: Sending a multicast-DIO with rank 507
243703094	ID:32	RPL: Sending a multicast-DIO with rank 507
246255648	ID:35	RPL: Sending a multicast-DIO with rank 549
247829756	ID:34	RPL: Sending a multicast-DIO with rank 292
248418820	ID:33	RPL: Sending a DIS to fe80::c30c:0:0:2
248456352	ID:36	RPL: Sending a multicast-DIO with rank 507
248703094	ID:32	RPL: Sending a multicast-DIO with rank 507
251255648	ID:35	RPL: Sending a multicast-DIO with rank 549
252829756	ID:34	RPL: Sending a multicast-DIO with rank 292
253456352	ID:36	RPL: Sending a multicast-DIO with rank 507
253703094	ID:32	RPL: Sending a multicast-DIO with rank 507
256255648	ID:35	RPL: Sending a multicast-DIO with rank 549
257829756	ID:34	RPL: Sending a multicast-DIO with rank 292
258456352	ID:36	RPL: Sending a multicast-DIO with rank 507
258703094	ID:32	RPL: Sending a multicast-DIO with rank 507
261255648	ID:35	RPL: Sending a multicast-DIO with rank 549
262829756	ID:34	RPL: Sending a multicast-DIO with rank 292
263456352	ID:36	RPL: Sending a multicast-DIO with rank 507
263703094	ID:32	RPL: Sending a multicast-DIO with rank 507
266255648	ID:35	RPL: Sending a multicast-DIO with rank 549
267829756	ID:34	RPL: Sending a multicast-DIO with rank 292
268456352	ID:36	RPL: Sending a multicast-DIO with rank 507
268703094	ID:32	RPL: Sending a multicast-DIO with rank 507
271255648	ID:35	RPL: Sending a multicast-DIO with rank 549
272829756	ID:34	RPL: Sending a multicast-DIO with rank 292
273456352	ID:36	RPL: Sending a multicast-DIO with rank 507
273703094	ID:32	RPL: Sending a multicast-DIO with rank 507
276255648	ID:35	RPL: Sending a multicast-DIO with rank 549
277829756	ID:34	RPL: Sending a multicast-DIO with rank 292
278456352	ID:36	RPL: Sending a multicast-DIO with rank 507
278703094	ID:32	RPL: Sending a multicast-DIO with rank 507
281255648	ID:35	RPL: Sending a multicast-DIO with rank 549
282829756	ID:34	RPL: Sending a multicast-DIO with rank 292
283456352	ID:36	RPL: Sending a multicast-DIO with rank 507
283703094	ID:32	RPL: Sending a multicast-DIO with rank 507
286255648	ID:35	RPL: Sending a multicast-DIO with rank 549
287829756	ID:34	RPL: Sending a multicast-DIO with rank 292
288456352	ID:36	RPL: Sending a multicast-DIO with rank 507
288703094	ID:32	RPL: Sending a multicast-DIO with rank 507
291255648	ID:35	RPL: Sending a multicast-DIO with rank 549
292829756	ID:34	RPL: Sending a multicast-DIO with rank 292
293456352	ID:36	RPL: Sending a multicast-DIO with rank 507
293703094	ID:32	RPL: Sending a multicast-DIO with rank 507
296255648	ID:35	RPL: Sending a multicast-DIO with rank 549
297829756	ID:34	RPL: Sending a multicast-DIO with rank 292
298456352	ID:36	RPL: Sending a multicast-DIO with rank 507
298703094	ID:32	RPL: Sending a multicast-DIO with rank 507
301255648	ID:35	RPL: Sending a multicast-DIO with rank 549
302829756	ID:34	RPL: Sending a multicast-DIO with rank 292
303456352	ID:36	RPL: Sending a multicast-DIO with rank 507
303703094	ID:32	RPL: Sending a multicast-DIO with rank 507
306255648	ID:35	RPL: Sending a multicast-DIO with rank 549
307829756	ID:34	RPL: Sending a multicast-DIO with rank 292
308418820	ID:33	RPL: Sending a DIS to fe80::c30c:0:0:2
308456352	ID:36	RPL: Sending a multicast-DIO with rank 507
308703094	ID:32	RPL: Sending a multicast-DIO with rank 507
311255648	ID:35	RPL: Sending a multicast-DIO with rank 549
312829756	ID:34	RPL: Sending a multicast-DIO with rank 292
313456352	ID:36	RPL: Sending a multicast-DIO with rank 507
313703094	ID:32	RPL: Sending a multicast-DIO with rank 507
316255648	ID:35	RPL: Sending a multicast-DIO with rank 549
317829756	ID:34	RPL: Sending a multicast-DIO with rank 292
318456352	ID:36	RPL: Sending a multicast-DIO with rank 507
318703094	ID:32	RPL: Sending a multicast-DIO with rank 507
321255648	ID:35	RPL: Sending a multicast-DIO with rank 549
322829756	ID:34	RPL: Sending a multicast-DIO with rank 292
323456352	ID:36	RPL: Sending a multicast-DIO with rank 507
323703094	ID:32	RPL: Sending a multicast-DIO with rank 507
326255648	ID:35	RPL: Sending a multicast-DIO with rank 549
327829756	ID:34	RPL: Sending a multicast-DIO with rank 292
328456352	ID:36	RPL: Sending a multicast-DIO with rank 507
328703094	ID:32	RPL: Sending a multicast-DIO with rank 507
331255648	ID:35	RPL: Sending a multicast-DIO with rank 549
332829756	ID:34	RPL: Sending a multicast-DIO with rank 292
333456352	ID:36	RPL: Sending a multicast-DIO with rank 507
333703094	ID:32	RPL: Sending a multicast-DIO with rank 507
336255648	ID:35	RPL: Sending a multicast-DIO with rank 549
337829756	ID:34	RPL: Sending a multicast-DIO with rank 292
338456352	ID:36	RPL: Sending a multicast-DIO with rank 507
338703094	ID:32	RPL: Sending a multicast-DIO with rank 507
341255648	ID:35	RPL: Sending a multicast-DIO with rank 549
342829756	ID:34	RPL: Sending a multicast-DIO with rank 292
343456352	ID:36	RPL: Sending a multicast-DIO with rank 507
343703094	ID:32	RPL: Sending a multicast-DIO with rank 507
346255648	ID:35	RPL: Sending a multicast-DIO with rank 549
347829756	ID:34	RPL: Sending a multicast-DIO with rank 292
348456352	ID:36	RPL: Sending a multicast-DIO with rank 507
348703094	ID:32	RPL: Sending a multicast-DIO with rank 507
351255648	ID:35	RPL: Sending a multicast-DIO with rank 549
352829756	ID:34	RPL: Sending a multicast-DIO with rank 292
353456352	ID:36	RPL: Sending a multicast-DIO with rank 507
353703101	ID:32	RPL: Sending a multicast-DIO with rank 507
356255648	ID:35	RPL: Sending a multicast-DIO with rank 549
357829756	ID:34	RPL: Sending a multicast-DIO with rank 292
358456352	ID:36	RPL: Sending a multicast-DIO with rank 507
358703094	ID:32	RPL: Sending a multicast-DIO with rank 507
361255648	ID:35	RPL: Sending a multicast-DIO with rank 549
362829756	ID:34	RPL: Sending a multicast-DIO with rank 292
363456352	ID:36	RPL: Sending a multicast-DIO with rank 507
363703094	ID:32	RPL: Sending a multicast-DIO with rank 507
366255648	ID:35	RPL: Sending a multicast-DIO with rank 549
367829756	ID:34	RPL: Sending a multicast-DIO with rank 292
368418820	ID:33	RPL: Sending a DIS to fe80::c30c:0:0:2
368456352	ID:36	RPL: Sending a multicast-DIO with rank 507
368703094	ID:32	RPL: Sending a multicast-DIO with rank 507
371255648	ID:35	RPL: Sending a multicast-DIO with rank 549
372829756	ID:34	RPL: Sending a multicast-DIO with rank 292
373456352	ID:36	RPL: Sending a multicast-DIO with rank 507
373703094	ID:32	RPL: Sending a multicast-DIO with rank 507
376255648	ID:35	RPL: Sending a multicast-DIO with rank 549
377829756	ID:34	RPL: Sending a multicast-DIO with rank 292
378456352	ID:36	RPL: Sending a multicast-DIO with rank 507
378703094	ID:32	RPL: Sending a multicast-DIO with rank 507
381255648	ID:35	RPL: Sending a multicast-DIO with rank 549
382829756	ID:34	RPL: Sending a multicast-DIO with rank 292
383456352	ID:36	RPL: Sending a multicast-DIO with rank 507
383703094	ID:32	RPL: Sending a multicast-DIO with rank 507
386255648	ID:35	RPL: Sending a multicast-DIO with rank 549
387829756	ID:34	RPL: Sending a multicast-DIO with rank 292
388456352	ID:36	RPL: Sending a multicast-DIO with rank 507
388703094	ID:32	RPL: Sending a multicast-DIO with rank 507
391255648	ID:35	RPL: Sending a multicast-DIO with rank 549
392829756	ID:34	RPL: Sending a multicast-DIO with rank 292
393456352	ID:36	RPL: Sending a multicast-DIO with rank 507
393703094	ID:32	RPL: Sending a multicast-DIO with rank 507
396255648	ID:35	RPL: Sending a multicast-DIO with rank 549
397829756	ID:34	RPL: Sending a multicast-DIO with rank 292
398456352	ID:36	RPL: Sending a multicast-DIO with rank 507
398703094	ID:32	RPL: Sending a multicast-DIO with rank 507
401255648	ID:35	RPL: Sending a multicast-DIO with rank 549
402829756	ID:34	RPL: Sending a multicast-DIO with rank 292
403456352	ID:36	RPL: Sending a multicast-DIO with rank 507
403703094	ID:32	RPL: Sending a multicast-DIO with rank 507
406255648	ID:35	RPL: Sending a multicast-DIO with rank 549
407829756	ID:34	RPL: Sending a multicast-DIO with rank 292
408456352	ID:36	RPL: Sending a multicast-DIO with rank 507
408703094	ID:32	RPL: Sending a multicast-DIO with rank 507
411255648	ID:35	RPL: Sending a multicast-DIO with rank 549
412829756	ID:34	RPL: Sending a multicast-DIO with rank 292
413456352	ID:36	RPL: Sending a multicast-DIO with rank 507
413703094	ID:32	RPL: Sending a multicast-DIO with rank 507
416255648	ID:35	RPL: Sending a multicast-DIO with rank 549
417829756	ID:34	RPL: Sending a multicast-DIO with rank 292
418456359	ID:36	RPL: Sending a multicast-DIO with rank 507
418703094	ID:32	RPL: Sending a multicast-DIO with rank 507
421255648	ID:35	RPL: Sending a multicast-DIO with rank 549
422829756	ID:34	RPL: Sending a multicast-DIO with rank 292
423456352	ID:36	RPL: Sending a multicast-DIO with rank 507
423703094	ID:32	RPL: Sending a multicast-DIO with rank 507
426255655	ID:35	RPL: Sending a multicast-DIO with rank 549
427829763	ID:34	RPL: Sending a multicast-DIO with rank 292
428418820	ID:33	RPL: Sending a DIS to fe80::c30c:0:0:2
428456352	ID:36	RPL: Sending a multicast-DIO with rank 507
428703094	ID:32	RPL: Sending a multicast-DIO with rank 507
431255648	ID:35	RPL: Sending a multicast-DIO with rank 549
432829756	ID:34	RPL: Sending a multicast-DIO with rank 292
433456352	ID:36	RPL: Sending a multicast-DIO with rank 507
433703094	ID:32	RPL: Sending a multicast-DIO with rank 507
436255648	ID:35	RPL: Sending a multicast-DIO with rank 549
437829756	ID:34	RPL: Sending a multicast-DIO with rank 292
438456352	ID:36	RPL: Sending a multicast-DIO with rank 507
438703094	ID:32	RPL: Sending a multicast-DIO with rank 507
441255648	ID:35	RPL: Sending a multicast-DIO with rank 549
442829756	ID:34	RPL: Sending a multicast-DIO with rank 292
443456352	ID:36	RPL: Sending a multicast-DIO with rank 507
443703094	ID:32	RPL: Sending a multicast-DIO with rank 507
446255648	ID:35	RPL: Sending a multicast-DIO with rank 549
447829756	ID:34	RPL: Sending a multicast-DIO with rank 292
448456352	ID:36	RPL: Sending a multicast-DIO with rank 507
448703094	ID:32	RPL: Sending a multicast-DIO with rank 507
451255648	ID:35	RPL: Sending a multicast-DIO with rank 549
452829756	ID:34	RPL: Sending a multicast-DIO with rank 292
453456352	ID:36	RPL: Sending a multicast-DIO with rank 507
453703094	ID:32	RPL: Sending a multicast-DIO with rank 507
456255648	ID:35	RPL: Sending a multicast-DIO with rank 549
457829756	ID:34	RPL: Sending a multicast-DIO with rank 292
458456352	ID:36	RPL: Sending a multicast-DIO with rank 507
458703094	ID:32	RPL: Sending a multicast-DIO with rank 507
461255648	ID:35	RPL: Sending a multicast-DIO with rank 549
462829756	ID:34	RPL: Sending a multicast-DIO with rank 292
463456352	ID:36	RPL: Sending a multicast-DIO with rank 507
463703094	ID:32	RPL: Sending a multicast-DIO with rank 507
466255648	ID:35	RPL: Sending a multicast-DIO with rank 549
467829756	ID:34	RPL: Sending a multicast-DIO with rank 292
468456352	ID:36	RPL: Sending a multicast-DIO with rank 507
468703094	ID:32	RPL: Sending a multicast-DIO with rank 507
471255648	ID:35	RPL: Sending a multicast-DIO with rank 549
472829756	ID:34	RPL: Sending a multicast-DIO with rank 292
473456352	ID:36	RPL: Sending a multicast-DIO with rank 507
473703094	ID:32	RPL: Sending a multicast-DIO with rank 507
476255648	ID:35	RPL: Sending a multicast-DIO with rank 549
477829756	ID:34	RPL: Sending a multicast-DIO with rank 292
478456352	ID:36	RPL: Sending a multicast-DIO with rank 507
478703094	ID:32	RPL: Sending a multicast-DIO with rank 507
481255648	ID:35	RPL: Sending a multicast-DIO with rank 549
482829756	ID:34	RPL: Sending a multicast-DIO with rank 292
483456352	ID:36	RPL: Sending a multicast-DIO with rank 507
483703094	ID:32	RPL: Sending a multicast-DIO with rank 507
486255648	ID:35	RPL: Sending a multicast-DIO with rank 549
487829756	ID:34	RPL: Sending a multicast-DIO with rank 292
488418820	ID:33	RPL: Sending a DIS to fe80::c30c:0:0:2
488456352	ID:36	RPL: Sending a multicast-DIO with rank 507
488703094	ID:32	RPL: Sending a multicast-DIO with rank 507
491255648	ID:35	RPL: Sending a multicast-DIO with rank 549
492829756	ID:34	RPL: Sending a multicast-DIO with rank 292
493456352	ID:36	RPL: Sending a multicast-DIO with rank 507
493703094	ID:32	RPL: Sending a multicast-DIO with rank 507
496255648	ID:35	RPL: Sending a multicast-DIO with rank 549
497829756	ID:34	RPL: Sending a multicast-DIO with rank 292
498456352	ID:36	RPL: Sending a multicast-DIO with rank 507
498703094	ID:32	RPL: Sending a multicast-DIO with rank 507
501255648	ID:35	RPL: Sending a multicast-DIO with rank 549
502829756	ID:34	RPL: Sending a multicast-DIO with rank 292
503456352	ID:36	RPL: Sending a multicast-DIO with rank 507
503703094	ID:32	RPL: Sending a multicast-DIO with rank 507
506255648	ID:35	RPL: Sending a multicast-DIO with rank 549
507829756	ID:34	RPL: Sending a multicast-DIO with rank 292
508456352	ID:36	RPL: Sending a multicast-DIO with rank 507
508703094	ID:32	RPL: Sending a multicast-DIO with rank 507
511255648	ID:35	RPL: Sending a multicast-DIO with rank 549
512829756	ID:34	RPL: Sending a multicast-DIO with rank 292
513456352	ID:36	RPL: Sending a multicast-DIO with rank 507
513703094	ID:32	RPL: Sending a multicast-DIO with rank 507
516255648	ID:35	RPL: Sending a multicast-DIO with rank 549
517829756	ID:34	RPL: Sending a multicast-DIO with rank 292
518456352	ID:36	RPL: Sending a multicast-DIO with rank 507
518703094	ID:32	RPL: Sending a multicast-DIO with rank 507
521255648	ID:35	RPL: Sending a multicast-DIO with rank 549
522829756	ID:34	RPL: Sending a multicast-DIO with rank 292
523456352	ID:36	RPL: Sending a multicast-DIO with rank 507
523703094	ID:32	RPL: Sending a multicast-DIO with rank 507
526255648	ID:35	RPL: Sending a multicast-DIO with rank 549
527829756	ID:34	RPL: Sending a multicast-DIO with rank 292
528456352	ID:36	RPL: Sending a multicast-DIO with rank 507
528703094	ID:32	RPL: Sending a multicast-DIO with rank 507
531255648	ID:35	RPL: Sending a multicast-DIO with rank 549
532829756	ID:34	RPL: Sending a multicast-DIO with rank 292
533456352	ID:36	RPL: Sending a multicast-DIO with rank 507
533703094	ID:32	RPL: Sending a multicast-DIO with rank 507
536255648	ID:35	RPL: Sending a multicast-DIO with rank 549
537829756	ID:34	RPL: Sending a multicast-DIO with rank 292
538456352	ID:36	RPL: Sending a multicast-DIO with rank 507
538703094	ID:32	RPL: Sending a multicast-DIO with rank 507
541255648	ID:35	RPL: Sending a multicast-DIO with rank 549
542829756	ID:34	RPL: Sending a multicast-DIO with rank 292
543456352	ID:36	RPL: Sending a multicast-DIO with rank 507
543703094	ID:32	RPL: Sending a multicast-DIO with rank 507
546255648	ID:35	RPL: Sending a multicast-DIO with rank 549
547829756	ID:34	RPL: Sending a multicast-DIO with rank 292
548418820	ID:33	RPL: Sending a DIS to fe80::c30c:0:0:2
548456352	ID:36	RPL: Sending a multicast-DIO with rank 507
548703094	ID:32	RPL: Sending a multicast-DIO with rank 507
551255648	ID:35	RPL: Sending a multicast-DIO with rank 549
552829756	ID:34	RPL: Sending a multicast-DIO with rank 292
553456352	ID:36	RPL: Sending a multicast-DIO with rank 507
553703094	ID:32	RPL: Sending a multicast-DIO with rank 507
556255648	ID:35	RPL: Sending a multicast-DIO with rank 549
557829756	ID:34	RPL: Sending a multicast-DIO with rank 292
558456352	ID:36	RPL: Sending a multicast-DIO with rank 507
558703094	ID:32	RPL: Sending a multicast-DIO with rank 507
561255648	ID:35	RPL: Sending a multicast-DIO with rank 549
562829756	ID:34	RPL: Sending a multicast-DIO with rank 292
563456352	ID:36	RPL: Sending a multicast-DIO with rank 507
563703094	ID:32	RPL: Sending a multicast-DIO with rank 507
566255648	ID:35	RPL: Sending a multicast-DIO with rank 549
567829756	ID:34	RPL: Sending a multicast-DIO with rank 292
568456352	ID:36	RPL: Sending a multicast-DIO with rank 507
568703094	ID:32	RPL: Sending a multicast-DIO with rank 507
571255648	ID:35	RPL: Sending a multicast-DIO with rank 549
572829756	ID:34	RPL: Sending a multicast-DIO with rank 292
573456352	ID:36	RPL: Sending a multicast-DIO with rank 507
573703094	ID:32	RPL: Sending a multicast-DIO with rank 507
576255648	ID:35	RPL: Sending a multicast-DIO with rank 549
577829756	ID:34	RPL: Sending a multicast-DIO with rank 292
578456352	ID:36	RPL: Sending a multicast-DIO with rank 507
578703094	ID:32	RPL: Sending a multicast-DIO with rank 507
581255648	ID:35	RPL: Sending a multicast-DIO with rank 549
582829756	ID:34	RPL: Sending a multicast-DIO with rank 292
583456352	ID:36	RPL: Sending a multicast-DIO with rank 507
583703094	ID:32	RPL: Sending a multicast-DIO with rank 507
586255648	ID:35	RPL: Sending a multicast-DIO with rank 549
587829756	ID:34	RPL: Sending a multicast-DIO with rank 292
588456352	ID:36	RPL: Sending a multicast-DIO with rank 507
588703094	ID:32	RPL: Sending a multicast-DIO with rank 507
591255648	ID:35	RPL: Sending a multicast-DIO with rank 549
592829756	ID:34	RPL: Sending a multicast-DIO with rank 292
593456352	ID:36	RPL: Sending a multicast-DIO with rank 507
593703094	ID:32	RPL: Sending a multicast-DIO with rank 507
596255648	ID:35	RPL: Sending a multicast-DIO with rank 549
597829756	ID:34	RPL: Sending a multicast-DIO with rank 292
598456352	ID:36	RPL: Sending a multicast-DIO with rank 507
598703094	ID:32	RPL: Sending a multicast-DIO with rank 507
601255648	ID:35	RPL: Sending a multicast-DIO with rank 549
602829756	ID:34	RPL: Sending a multicast-DIO with rank 292
603456352	ID:36	RPL: Sending a multicast-DIO with rank 507
603703094	ID:32	RPL: Sending a multicast-DIO with rank 507
606255648	ID:35	RPL: Sending a multicast-DIO with rank 549
607829756	ID:34	RPL: Sending a multicast-DIO with rank 292
608418820	ID:33	RPL: Sending a DIS to fe80::c30c:0:0:2
608456352	ID:36	RPL: Sending a multicast-DIO with rank 507
608703094	ID:32	RPL: Sending a multicast-DIO with rank 507
611255648	ID:35	RPL: Sending a multicast-DIO with rank 549
612829756	ID:34	RPL: Sending a multicast-DIO with rank 292
613456352	ID:36	RPL: Sending a multicast-DIO with rank 507
613703094	ID:32	RPL: Sending a multicast-DIO with rank 507
616255648	ID:35	RPL: Sending a multicast-DIO with rank 549
617829756	ID:34	RPL: Sending a multicast-DIO with rank 292
618456352	ID:36	RPL: Sending a multicast-DIO with rank 507
618703094	ID:32	RPL: Sending a multicast-DIO with rank 507
621255648	ID:35	RPL: Sending a multicast-DIO with rank 549
622829756	ID:34	RPL: Sending a multicast-DIO with rank 292
623456352	ID:36	RPL: Sending a multicast-DIO with rank 507
623703094	ID:32	RPL: Sending a multicast-DIO with rank 507
626255648	ID:35	RPL: Sending a multicast-DIO with rank 549
627829756	ID:34	RPL: Sending a multicast-DIO with rank 292
628456352	ID:36	RPL: Sending a multicast-DIO with rank 507
628703094	ID:32	RPL: Sending a multicast-DIO with rank 507
631255648	ID:35	RPL: Sending a multicast-DIO with rank 549
632829756	ID:34	RPL: Sending a multicast-DIO with rank 292
633456352	ID:36	RPL: Sending a multicast-DIO with rank 507
633703094	ID:32	RPL: Sending a multicast-DIO with rank 507
636255648	ID:35	RPL: Sending a multicast-DIO with rank 549
637829756	ID:34	RPL: Sending a multicast-DIO with rank 292
638456352	ID:36	RPL: Sending a multicast-DIO with rank 507
638703094	ID:32	RPL: Sending a multicast-DIO with rank 507
641255648	ID:35	RPL: Sending a multicast-DIO with rank 549
642829756	ID:34	RPL: Sending a multicast-DIO with rank 292
643456352	ID:36	RPL: Sending a multicast-DIO with rank 507
643703094	ID:32	RPL: Sending a multicast-DIO with rank 507
646255648	ID:35	RPL: Sending a multicast-DIO with rank 549
647829756	ID:34	RPL: Sending a multicast-DIO with rank 292
648456352	ID:36	RPL: Sending a multicast-DIO with rank 507
648703094	ID:32	RPL: Sending a multicast-DIO with rank 507
651255648	ID:35	RPL: Sending a multicast-DIO with rank 549
652829756	ID:34	RPL: Sending a multicast-DIO with rank 292
653456352	ID:36	RPL: Sending a multicast-DIO with rank 507
653703094	ID:32	RPL: Sending a multicast-DIO with rank 507
656255648	ID:35	RPL: Sending a multicast-DIO with rank 549
657829756	ID:34	RPL: Sending a multicast-DIO with rank 292
658456352	ID:36	RPL: Sending a multicast-DIO with rank 507
658703094	ID:32	RPL: Sending a multicast-DIO with rank 507
661255648	ID:35	RPL: Sending a multicast-DIO with rank 549
662829756	ID:34	RPL: Sending a multicast-DIO with rank 292
663456352	ID:36	RPL: Sending a multicast-DIO with rank 507
663703094	ID:32	RPL: Sending a multicast-DIO with rank 507
666255648	ID:35	RPL: Sending a multicast-DIO with rank 549
667829756	ID:34	RPL: Sending a multicast-DIO with rank 292
668418820	ID:33	RPL: Sending a DIS to fe80::c30c:0:0:2
668456352	ID:36	RPL: Sending a multicast-DIO with rank 507
668703094	ID:32	RPL: Sending a multicast-DIO with rank 507
671255648	ID:35	RPL: Sending a multicast-DIO with rank 549
672829756	ID:34	RPL: Sending a multicast-DIO with rank 292
673456352	ID:36	RPL: Sending a multicast-DIO with rank 507
673703094	ID:32	RPL: Sending a multicast-DIO with rank 507
676255648	ID:35	RPL: Sending a multicast-DIO with rank 549
677829756	ID:34	RPL: Sending a multicast-DIO with rank 292
678456352	ID:36	RPL: Sending a multicast-DIO with rank 507
678703094	ID:32	RPL: Sending a multicast-DIO with rank 507
681255648	ID:35	RPL: Sending a multicast-DIO with rank 549
682829756	ID:34	RPL: Sending a multicast-DIO with rank 292
683456352	ID:36	RPL: Sending a multicast-DIO with rank 507
683703101	ID:32	RPL: Sending a multicast-DIO with rank 507
686255648	ID:35	RPL: Sending a multicast-DIO with rank 549
687829756	ID:34	RPL: Sending a multicast-DIO with rank 292
688456352	ID:36	RPL: Sending a multicast-DIO with rank 507
688703094	ID:32	RPL: Sending a multicast-DIO with rank 507
691255648	ID:35	RPL: Sending a multicast-DIO with rank 549
692829756	ID:34	RPL: Sending a multicast-DIO with rank 292
693456353	ID:36	RPL: Sending a multicast-DIO with rank 507
693703095	ID:32	RPL: Sending a multicast-DIO with rank 507
696255648	ID:35	RPL: Sending a multicast-DIO with rank 549
697829757	ID:34	RPL: Sending a multicast-DIO with rank 292
698456353	ID:36	RPL: Sending a multicast-DIO with rank 507
698703095	ID:32	RPL: Sending a multicast-DIO with rank 507
701255648	ID:35	RPL: Sending a multicast-DIO with rank 549
702829757	ID:34	RPL: Sending a multicast-DIO with rank 292
703456352	ID:36	RPL: Sending a multicast-DIO with rank 507
703703095	ID:32	RPL: Sending a multicast-DIO with rank 507
706255648	ID:35	RPL: Sending a multicast-DIO with rank 549
707829756	ID:34	RPL: Sending a multicast-DIO with rank 292
708456353	ID:36	RPL: Sending a multicast-DIO with rank 507
708703095	ID:32	RPL: Sending a multicast-DIO with rank 507
711255648	ID:35	RPL: Sending a multicast-DIO with rank 549
712829757	ID:34	RPL: Sending a multicast-DIO with rank 292
713456353	ID:36	RPL: Sending a multicast-DIO with rank 507
713703095	ID:32	RPL: Sending a multicast-DIO with rank 507
716255648	ID:35	RPL: Sending a multicast-DIO with rank 549
717829757	ID:34	RPL: Sending a multicast-DIO with rank 292
718456353	ID:36	RPL: Sending a multicast-DIO with rank 507
718703095	ID:32	RPL: Sending a multicast-DIO with rank 507
721255648	ID:35	RPL: Sending a multicast-DIO with rank 549
722829757	ID:34	RPL: Sending a multicast-DIO with rank 292
723456353	ID:36	RPL: Sending a multicast-DIO with rank 507
723703095	ID:32	RPL: Sending a multicast-DIO with rank 507
726255648	ID:35	RPL: Sending a multicast-DIO with rank 549
727829757	ID:34	RPL: Sending a multicast-DIO with rank 292
728418820	ID:33	RPL: Sending a DIS to fe80::c30c:0:0:2
728456353	ID:36	RPL: Sending a multicast-DIO with rank 507
728703095	ID:32	RPL: Sending a multicast-DIO with rank 507
731255648	ID:35	RPL: Sending a multicast-DIO with rank 549
732829757	ID:34	RPL: Sending a multicast-DIO with rank 292
733456353	ID:36	RPL: Sending a multicast-DIO with rank 507
733703095	ID:32	RPL: Sending a multicast-DIO with rank 507
736255648	ID:35	RPL: Sending a multicast-DIO with rank 549
737829757	ID:34	RPL: Sending a multicast-DIO with rank 292
738456353	ID:36	RPL: Sending a multicast-DIO with rank 507
738703095	ID:32	RPL: Sending a multicast-DIO with rank 507
741255648	ID:35	RPL: Sending a multicast-DIO with rank 549
742829763	ID:34	RPL: Sending a multicast-DIO with rank 292
743456353	ID:36	RPL: Sending a multicast-DIO with rank 507
743703095	ID:32	RPL: Sending a multicast-DIO with rank 507
746255648	ID:35	RPL: Sending a multicast-DIO with rank 549
747829757	ID:34	RPL: Sending a multicast-DIO with rank 292
748456353	ID:36	RPL: Sending a multicast-DIO with rank 507
748703095	ID:32	RPL: Sending a multicast-DIO with rank 507
751255648	ID:35	RPL: Sending a multicast-DIO with rank 549
752829757	ID:34	RPL: Sending a multicast-DIO with rank 292
753456353	ID:36	RPL: Sending a multicast-DIO with rank 507
753703095	ID:32	RPL: Sending a multicast-DIO with rank 507
756255648	ID:35	RPL: Sending a multicast-DIO with rank 549
757829757	ID:34	RPL: Sending a multicast-DIO with rank 292
758456353	ID:36	RPL: Sending a multicast-DIO with rank 507
758703095	ID:32	RPL: Sending a multicast-DIO with rank 507
761255648	ID:35	RPL: Sending a multicast-DIO with rank 549
762829757	ID:34	RPL: Sending a multicast-DIO with rank 292
763456353	ID:36	RPL: Sending a multicast-DIO with rank 507
763703095	ID:32	RPL: Sending a multicast-DIO with rank 507
766255648	ID:35	RPL: Sending a multicast-DIO with rank 549
767829757	ID:34	RPL: Sending a multicast-DIO with rank 292
768456353	ID:36	RPL: Sending a multicast-DIO with rank 507
768703095	ID:32	RPL: Sending a multicast-DIO with rank 507
771255648	ID:35	RPL: Sending a multicast-DIO with rank 549
772829757	ID:34	RPL: Sending a multicast-DIO with rank 292
773456353	ID:36	RPL: Sending a multicast-DIO with rank 507
773703095	ID:32	RPL: Sending a multicast-DIO with rank 507
776255648	ID:35	RPL: Sending a multicast-DIO with rank 549
777829757	ID:34	RPL: Sending a multicast-DIO with rank 292
778456353	ID:36	RPL: Sending a multicast-DIO with rank 507
778703095	ID:32	RPL: Sending a multicast-DIO with rank 507
781255648	ID:35	RPL: Sending a multicast-DIO with rank 549
782829757	ID:34	RPL: Sending a multicast-DIO with rank 292
783456353	ID:36	RPL: Sending a multicast-DIO with rank 507
783703095	ID:32	RPL: Sending a multicast-DIO with rank 507
786255648	ID:35	RPL: Sending a multicast-DIO with rank 549
787829757	ID:34	RPL: Sending a multicast-DIO with rank 292
788418820	ID:33	RPL: Sending a DIS to fe80::c30c:0:0:2
788456353	ID:36	RPL: Sending a multicast-DIO with rank 507
788703095	ID:32	RPL: Sending a multicast-DIO with rank 507
791255648	ID:35	RPL: Sending a multicast-DIO with rank 549
792829757	ID:34	RPL: Sending a multicast-DIO with rank 292
793456353	ID:36	RPL: Sending a multicast-DIO with rank 507
793703095	ID:32	RPL: Sending a multicast-DIO with rank 507
796255648	ID:35	RPL: Sending a multicast-DIO with rank 549
797829757	ID:34	RPL: Sending a multicast-DIO with rank 292
798456353	ID:36	RPL: Sending a multicast-DIO with rank 507
798703094	ID:32	RPL: Sending a multicast-DIO with rank 507
801255648	ID:35	RPL: Sending a multicast-DIO with rank 549
802829757	ID:34	RPL: Sending a multicast-DIO with rank 292
803456353	ID:36	RPL: Sending a multicast-DIO with rank 507
803703095	ID:32	RPL: Sending a multicast-DIO with rank 507
806255648	ID:35	RPL: Sending a multicast-DIO with rank 549
807829757	ID:34	RPL: Sending a multicast-DIO with rank 292
808456353	ID:36	RPL: Sending a multicast-DIO with rank 507
808703095	ID:32	RPL: Sending a multicast-DIO with rank 507
811255648	ID:35	RPL: Sending a multicast-DIO with rank 549
812829757	ID:34	RPL: Sending a multicast-DIO with rank 292
813456353	ID:36	RPL: Sending a multicast-DIO with rank 507
813703095	ID:32	RPL: Sending a multicast-DIO with rank 507
816255655	ID:35	RPL: Sending a multicast-DIO with rank 549
817829757	ID:34	RPL: Sending a multicast-DIO with rank 292
818456353	ID:36	RPL: Sending a multicast-DIO with rank 507
818703095	ID:32	RPL: Sending a multicast-DIO with rank 507
821255648	ID:35	RPL: Sending a multicast-DIO with rank 549
822829757	ID:34	RPL: Sending a multicast-DIO with rank 292
823456353	ID:36	RPL: Sending a multicast-DIO with rank 507
823703095	ID:32	RPL: Sending a multicast-DIO with rank 507
826255648	ID:35	RPL: Sending a multicast-DIO with rank 549
827829757	ID:34	RPL: Sending a multicast-DIO with rank 292
828456353	ID:36	RPL: Sending a multicast-DIO with rank 507
828703095	ID:32	RPL: Sending a multicast-DIO with rank 507
831255648	ID:35	RPL: Sending a multicast-DIO with rank 549
832829757	ID:34	RPL: Sending a multicast-DIO with rank 292
833456352	ID:36	RPL: Sending a multicast-DIO with rank 507
833703095	ID:32	RPL: Sending a multicast-DIO with rank 507
836255648	ID:35	RPL: Sending a multicast-DIO with rank 549
837829756	ID:34	RPL: Sending a multicast-DIO with rank 292
838456353	ID:36	RPL: Sending a multicast-DIO with rank 507
838703095	ID:32	RPL: Sending a multicast-DIO with rank 507
841255648	ID:35	RPL: Sending a multicast-DIO with rank 549
842829757	ID:34	RPL: Sending a multicast-DIO with rank 292
843456353	ID:36	RPL: Sending a multicast-DIO with rank 507
843703095	ID:32	RPL: Sending a multicast-DIO with rank 507
846255648	ID:35	RPL: Sending a multicast-DIO with rank 549
847829757	ID:34	RPL: Sending a multicast-DIO with rank 292
848418820	ID:33	RPL: Sending a DIS to fe80::c30c:0:0:2
848456359	ID:36	RPL: Sending a multicast-DIO with rank 507
848703095	ID:32	RPL: Sending a multicast-DIO with rank 507
851255648	ID:35	RPL: Sending a multicast-DIO with rank 549
852829756	ID:34	RPL: Sending a multicast-DIO with rank 292
853456353	ID:36	RPL: Sending a multicast-DIO with rank 507
853703095	ID:32	RPL: Sending a multicast-DIO with rank 507
856255648	ID:35	RPL: Sending a multicast-DIO with rank 549
857829757	ID:34	RPL: Sending a multicast-DIO with rank 292
858456352	ID:36	RPL: Sending a multicast-DIO with rank 507
858703095	ID:32	RPL: Sending a multicast-DIO with rank 507
861255648	ID:35	RPL: Sending a multicast-DIO with rank 549
862829756	ID:34	RPL: Sending a multicast-DIO with rank 292
863456353	ID:36	RPL: Sending a multicast-DIO with rank 507
863703095	ID:32	RPL: Sending a multicast-DIO with rank 507
866255648	ID:35	RPL: Sending a multicast-DIO with rank 549
867829757	ID:34	RPL: Sending a multicast-DIO with rank 292
868456352	ID:36	RPL: Sending a multicast-DIO with rank 507
868703095	ID:32	RPL: Sending a multicast-DIO with rank 507
871255648	ID:35	RPL: Sending a multicast-DIO with rank 549
872829756	ID:34	RPL: Sending a multicast-DIO with rank 292
873456353	ID:36	RPL: Sending a multicast-DIO with rank 507
873703095	ID:32	RPL: Sending a multicast-DIO with rank 507
876255648	ID:35	RPL: Sending a multicast-DIO with rank 549
877829757	ID:34	RPL: Sending a multicast-DIO with rank 292
878456353	ID:36	RPL: Sending a multicast-DIO with rank 507
878703095	ID:32	RPL: Sending a multicast-DIO with rank 507
881255648	ID:35	RPL: Sending a multicast-DIO with rank 549
882829757	ID:34	RPL: Sending a multicast-DIO with rank 292
883456353	ID:36	RPL: Sending a multicast-DIO with rank 507
883703095	ID:32	RPL: Sending a multicast-DIO with rank 507
886255648	ID:35	RPL: Sending a multicast-DIO with rank 549
887829757	ID:34	RPL: Sending a multicast-DIO with rank 292
888456353	ID:36	RPL: Sending a multicast-DIO with rank 507
888703095	ID:32	RPL: Sending a multicast-DIO with rank 507
891255648	ID:35	RPL: Sending a multicast-DIO with rank 549
892829756	ID:34	RPL: Sending a multicast-DIO with rank 292
893456353	ID:36	RPL: Sending a multicast-DIO with rank 507
893703094	ID:32	RPL: Sending a multicast-DIO with rank 507
896255648	ID:35	RPL: Sending a multicast-DIO with rank 549
897829757	ID:34	RPL: Sending a multicast-DIO with rank 292
898456353	ID:36	RPL: Sending a multicast-DIO with rank 507
898703095	ID:32	RPL: Sending a multicast-DIO with rank 507
901255648	ID:35	RPL: Sending a multicast-DIO with rank 549
902829757	ID:34	RPL: Sending a multicast-DIO with rank 292
903456353	ID:36	RPL: Sending a multicast-DIO with rank 507
903703095	ID:32	RPL: Sending a multicast-DIO with rank 507
906255648	ID:35	RPL: Sending a multicast-DIO with rank 549
907829757	ID:34	RPL: Sending a multicast-DIO with rank 292
908418820	ID:33	RPL: Sending a DIS to fe80::c30c:0:0:2
908456353	ID:36	RPL: Sending a multicast-DIO with rank 507
908703095	ID:32	RPL: Sending a multicast-DIO with rank 507
911255648	ID:35	RPL: Sending a multicast-DIO with rank 549
912829757	ID:34	RPL: Sending a multicast-DIO with rank 292
913456353	ID:36	RPL: Sending a multicast-DIO with rank 507
913703095	ID:32	RPL: Sending a multicast-DIO with rank 507
916255648	ID:35	RPL: Sending a multicast-DIO with rank 549
917829757	ID:34	RPL: Sending a multicast-DIO with rank 292
918456353	ID:36	RPL: Sending a multicast-DIO with rank 507
918703095	ID:32	RPL: Sending a multicast-DIO with rank 507
921255648	ID:35	RPL: Sending a multicast-DIO with rank 549
922829757	ID:34	RPL: Sending a multicast-DIO with rank 292
923456353	ID:36	RPL: Sending a multicast-DIO with rank 507
923703095	ID:32	RPL: Sending a multicast-DIO with rank 507
926255648	ID:35	RPL: Sending a multicast-DIO with rank 549
927829757	ID:34	RPL: Sending a multicast-DIO with rank 292
928456353	ID:36	RPL: Sending a multicast-DIO with rank 507
928703095	ID:32	RPL: Sending a multicast-DIO with rank 507
931255648	ID:35	RPL: Sending a multicast-DIO with rank 549
932829757	ID:34	RPL: Sending a multicast-DIO with rank 292
933456353	ID:36	RPL: Sending a multicast-DIO with rank 507
933703095	ID:32	RPL: Sending a multicast-DIO with rank 507
936255648	ID:35	RPL: Sending a multicast-DIO with rank 549
937829757	ID:34	RPL: Sending a multicast-DIO with rank 292
938456353	ID:36	RPL: Sending a multicast-DIO with rank 507
938703095	ID:32	RPL: Sending a multicast-DIO with rank 507
941255648	ID:35	RPL: Sending a multicast-DIO with rank 549
942829757	ID:34	RPL: Sending a multicast-DIO with rank 292
943456353	ID:36	RPL: Sending a multicast-DIO with rank 507
943703095	ID:32	RPL: Sending a multicast-DIO with rank 507
946255648	ID:35	RPL: Sending a multicast-DIO with rank 549
947829757	ID:34	RPL: Sending a multicast-DIO with rank 292
948456353	ID:36	RPL: Sending a multicast-DIO with rank 507
948703095	ID:32	RPL: Sending a multicast-DIO with rank 507
951255648	ID:35	RPL: Sending a multicast-DIO with rank 549
952829757	ID:34	RPL: Sending a multicast-DIO with rank 292
953456353	ID:36	RPL: Sending a multicast-DIO with rank 507
953703095	ID:32	RPL: Sending a multicast-DIO with rank 507
956255648	ID:35	RPL: Sending a multicast-DIO with rank 549
957829757	ID:34	RPL: Sending a multicast-DIO with rank 292
958456353	ID:36	RPL: Sending a multicast-DIO with rank 507
958703095	ID:32	RPL: Sending a multicast-DIO with rank 507
961255648	ID:35	RPL: Sending a multicast-DIO with rank 549
962829757	ID:34	RPL: Sending a multicast-DIO with rank 292
963456353	ID:36	RPL: Sending a multicast-DIO with rank 507
963703095	ID:32	RPL: Sending a multicast-DIO with rank 507
966255648	ID:35	RPL: Sending a multicast-DIO with rank 549
967829757	ID:34	RPL: Sending a multicast-DIO with rank 292
968418820	ID:33	RPL: Sending a DIS to fe80::c30c:0:0:2
968456353	ID:36	RPL: Sending a multicast-DIO with rank 507
968703095	ID:32	RPL: Sending a multicast-DIO with rank 507
971255648	ID:35	RPL: Sending a multicast-DIO with rank 549
972829757	ID:34	RPL: Sending a multicast-DIO with rank 292
973456353	ID:36	RPL: Sending a multicast-DIO with rank 507
973703095	ID:32	RPL: Sending a multicast-DIO with rank 507
976255648	ID:35	RPL: Sending a multicast-DIO with rank 549
977829757	ID:34	RPL: Sending a multicast-DIO with rank 292
978456353	ID:36	RPL: Sending a multicast-DIO with rank 507
978703095	ID:32	RPL: Sending a multicast-DIO with rank 507
981255648	ID:35	RPL: Sending a multicast-DIO with rank 549
982829757	ID:34	RPL: Sending a multicast-DIO with rank 292
983456353	ID:36	RPL: Sending a multicast-DIO with rank 507
983703095	ID:32	RPL: Sending a multicast-DIO with rank 507
986255648	ID:35	RPL: Sending a multicast-DIO with rank 549
987829757	ID:34	RPL: Sending a multicast-DIO with rank 292
988456353	ID:36	RPL: Sending a multicast-DIO with rank 507
988703095	ID:32	RPL: Sending a multicast-DIO with rank 507
991255648	ID:35	RPL: Sending a multicast-DIO with rank 549
992829757	ID:34	RPL: Sending a multicast-DIO with rank 292
993456353	ID:36	RPL: Sending a multicast-DIO with rank 507
993703095	ID:32	RPL: Sending a multicast-DIO with rank 507
996255648	ID:35	RPL: Sending a multicast-DIO with rank 549
997829757	ID:34	RPL: Sending a multicast-DIO with rank 292
998456353	ID:36	RPL: Sending a multicast-DIO with rank 507
998703095	ID:32	RPL: Sending a multicast-DIO with rank 507
1001255648	ID:35	RPL: Sending a multicast-DIO with rank 549
1002829757	ID:34	RPL: Sending a multicast-DIO with rank 292
1003456353	ID:36	RPL: Sending a multicast-DIO with rank 507
1003703095	ID:32	RPL: Sending a multicast-DIO with rank 507
1006255648	ID:35	RPL: Sending a multicast-DIO with rank 549
1007829757	ID:34	RPL: Sending a multicast-DIO with rank 292
1008456353	ID:36	RPL: Sending a multicast-DIO with rank 507
1008703095	ID:32	RPL: Sending a multicast-DIO with rank 507
1011255648	ID:35	RPL: Sending a multicast-DIO with rank 549
1012829757	ID:34	RPL: Sending a multicast-DIO with rank 292
1013456353	ID:36	RPL: Sending a multicast-DIO with rank 507
1013703095	ID:32	RPL: Sending a multicast-DIO with rank 507
1016255648	ID:35	RPL: Sending a multicast-DIO with rank 549
1017829757	ID:34	RPL: Sending a multicast-DIO with rank 292
1018456353	ID:36	RPL: Sending a multicast-DIO with rank 507
1018703095	ID:32	RPL: Sending a multicast-DIO with rank 507
1021255648	ID:35	RPL: Sending a multicast-DIO with rank 549
1022829757	ID:34	RPL: Sending a multicast-DIO with rank 292
1023456353	ID:36	RPL: Sending a multicast-DIO with rank 507
1023703095	ID:32	RPL: Sending a multicast-DIO with rank 507
1026255649	ID:35	RPL: Sending a multicast-DIO with rank 549
1027829757	ID:34	RPL: Sending a multicast-DIO with rank 292
1028418821	ID:33	RPL: Sending a DIS to fe80::c30c:0:0:2
1028456353	ID:36	RPL: Sending a multicast-DIO with rank 507
1028703102	ID:32	RPL: Sending a multicast-DIO with rank 507
1031255649	ID:35	RPL: Sending a multicast-DIO with rank 549
1032829757	ID:34	RPL: Sending a multicast-DIO with rank 292
1033456353	ID:36	RPL: Sending a multicast-DIO with rank 507
1033703095	ID:32	RPL: Sending a multicast-DIO with rank 507
1036255649	ID:35	RPL: Sending a multicast-DIO with rank 549
1037829757	ID:34	RPL: Sending a multicast-DIO with rank 292
1038456353	ID:36	RPL: Sending a multicast-DIO with rank 507
1038703095	ID:32	RPL: Sending a multicast-DIO with rank 507
1041255649	ID:35	RPL: Sending a multicast-DIO with rank 549
1042829757	ID:34	RPL: Sending a multicast-DIO with rank 292
1043456353	ID:36	RPL: Sending a multicast-DIO with rank 507
1043703095	ID:32	RPL: Sending a multicast-DIO with rank 507
1046255649	ID:35	RPL: Sending a multicast-DIO with rank 549
1047829757	ID:34	RPL: Sending a multicast-DIO with rank 292
1048456353	ID:36	RPL: Sending a multicast-DIO with rank 507
1048703095	ID:32	RPL: Sending a multicast-DIO with rank 507
1051255649	ID:35	RPL: Sending a multicast-DIO with rank 549
1052829757	ID:34	RPL: Sending a multicast-DIO with rank 292
1053456353	ID:36	RPL: Sending a multicast-DIO with rank 507
1053703095	ID:32	RPL: Sending a multicast-DIO with rank 507
1056255649	ID:35	RPL: Sending a multicast-DIO with rank 549
1057829757	ID:34	RPL: Sending a multicast-DIO with rank 292
1058456353	ID:36	RPL: Sending a multicast-DIO with rank 507
1058703095	ID:32	RPL: Sending a multicast-DIO with rank 507
1061255649	ID:35	RPL: Sending a multicast-DIO with rank 549
1062829757	ID:34	RPL: Sending a multicast-DIO with rank 292
1063456353	ID:36	RPL: Sending a multicast-DIO with rank 507
1063703095	ID:32	RPL: Sending a multicast-DIO with rank 507
1066255649	ID:35	RPL: Sending a multicast-DIO with rank 549
1067829764	ID:34	RPL: Sending a multicast-DIO with rank 292
1068456353	ID:36	RPL: Sending a multicast-DIO with rank 507
1068703095	ID:32	RPL: Sending a multicast-DIO with rank 507
1071255649	ID:35	RPL: Sending a multicast-DIO with rank 549
1072829757	ID:34	RPL: Sending a multicast-DIO with rank 292
1073456353	ID:36	RPL: Sending a multicast-DIO with rank 507
1073703095	ID:32	RPL: Sending a multicast-DIO with rank 507
1076255649	ID:35	RPL: Sending a multicast-DIO with rank 549
1077829757	ID:34	RPL: Sending a multicast-DIO with rank 292
1078456353	ID:36	RPL: Sending a multicast-DIO with rank 507
1078703095	ID:32	RPL: Sending a multicast-DIO with rank 507
1081255649	ID:35	RPL: Sending a multicast-DIO with rank 549
1082829757	ID:34	RPL: Sending a multicast-DIO with rank 292
1083456353	ID:36	RPL: Sending a multicast-DIO with rank 507
1083703095	ID:32	RPL: Sending a multicast-DIO with rank 507
1086255649	ID:35	RPL: Sending a multicast-DIO with rank 549
1087829757	ID:34	RPL: Sending a multicast-DIO with rank 292
1088419067	ID:33	RPL: Sending a DIS to fe80::c30c:0:0:2
1088456353	ID:36	RPL: Sending a multicast-DIO with rank 507
1088703095	ID:32	RPL: Sending a multicast-DIO with rank 507
1091255649	ID:35	RPL: Sending a multicast-DIO with rank 549
1092829757	ID:34	RPL: Sending a multicast-DIO with rank 292
1093456353	ID:36	RPL: Sending a multicast-DIO with rank 507
1093703095	ID:32	RPL: Sending a multicast-DIO with rank 507
1096255649	ID:35	RPL: Sending a multicast-DIO with rank 549
1097829757	ID:34	RPL: Sending a multicast-DIO with rank 292
1098456353	ID:36	RPL: Sending a multicast-DIO with rank 507
1098703095	ID:32	RPL: Sending a multicast-DIO with rank 507
1101255649	ID:35	RPL: Sending a multicast-DIO with rank 549
1102829757	ID:34	RPL: Sending a multicast-DIO with rank 292
1103456353	ID:36	RPL: Sending a multicast-DIO with rank 507
1103703095	ID:32	RPL: Sending a multicast-DIO with rank 507
1106255649	ID:35	RPL: Sending a multicast-DIO with rank 549
1107829757	ID:34	RPL: Sending a multicast-DIO with rank 292
1108456353	ID:36	RPL: Sending a multicast-DIO with rank 507
1108703095	ID:32	RPL: Sending a multicast-DIO with rank 507
1111255649	ID:35	RPL: Sending a multicast-DIO with rank 549
1112829757	ID:34	RPL: Sending a multicast-DIO with rank 292
1113456353	ID:36	RPL: Sending a multicast-DIO with rank 507
1113703095	ID:32	RPL: Sending a multicast-DIO with rank 507
1116255649	ID:35	RPL: Sending a multicast-DIO with rank 549
1117829757	ID:34	RPL: Sending a multicast-DIO with rank 292
1118456353	ID:36	RPL: Sending a multicast-DIO with rank 507
1118703095	ID:32	RPL: Sending a multicast-DIO with rank 507
1121255649	ID:35	RPL: Sending a multicast-DIO with rank 549
1122829757	ID:34	RPL: Sending a multicast-DIO with rank 292
1123456353	ID:36	RPL: Sending a multicast-DIO with rank 507
1123703095	ID:32	RPL: Sending a multicast-DIO with rank 507
1126255649	ID:35	RPL: Sending a multicast-DIO with rank 549
1127829757	ID:34	RPL: Sending a multicast-DIO with rank 292
1128456353	ID:36	RPL: Sending a multicast-DIO with rank 507
1128703095	ID:32	RPL: Sending a multicast-DIO with rank 507
1131255649	ID:35	RPL: Sending a multicast-DIO with rank 549
1132829757	ID:34	RPL: Sending a multicast-DIO with rank 292
1133456353	ID:36	RPL: Sending a multicast-DIO with rank 507
1133703095	ID:32	RPL: Sending a multicast-DIO with rank 507
1136255649	ID:35	RPL: Sending a multicast-DIO with rank 549
1137829757	ID:34	RPL: Sending a multicast-DIO with rank 292
1138456353	ID:36	RPL: Sending a multicast-DIO with rank 507
1138703095	ID:32	RPL: Sending a multicast-DIO with rank 507
1141255649	ID:35	RPL: Sending a multicast-DIO with rank 549
1142829757	ID:34	RPL: Sending a multicast-DIO with rank 292
1143456353	ID:36	RPL: Sending a multicast-DIO with rank 507
1143703095	ID:32	RPL: Sending a multicast-DIO with rank 507
1146255649	ID:35	RPL: Sending a multicast-DIO with rank 549
1147829757	ID:34	RPL: Sending a multicast-DIO with rank 292
1148418821	ID:33	RPL: Sending a DIS to fe80::c30c:0:0:2
1148456353	ID:36	RPL: Sending a multicast-DIO with rank 507
1148703095	ID:32	RPL: Sending a multicast-DIO with rank 507
1151255649	ID:35	RPL: Sending a multicast-DIO with rank 549
1152829757	ID:34	RPL: Sending a multicast-DIO with rank 292
1153456353	ID:36	RPL: Sending a multicast-DIO with rank 507
1153703095	ID:32	RPL: Sending a multicast-DIO with rank 507
1156255649	ID:35	RPL: Sending a multicast-DIO with rank 549
1157829757	ID:34	RPL: Sending a multicast-DIO with rank 292
1158456353	ID:36	RPL: Sending a multicast-DIO with rank 507
1158703095	ID:32	RPL: Sending a multicast-DIO with rank 507
1161255649	ID:35	RPL: Sending a multicast-DIO with rank 549
1162829757	ID:34	RPL: Sending a multicast-DIO with rank 292
1163456353	ID:36	RPL: Sending a multicast-DIO with rank 507
1163703095	ID:32	RPL: Sending a multicast-DIO with rank 507
1166255649	ID:35	RPL: Sending a multicast-DIO with rank 549
1167829757	ID:34	RPL: Sending a multicast-DIO with rank 292
1168456353	ID:36	RPL: Sending a multicast-DIO with rank 507
1168703095	ID:32	RPL: Sending a multicast-DIO with rank 507
1171255649	ID:35	RPL: Sending a multicast-DIO with rank 549
1172829757	ID:34	RPL: Sending a multicast-DIO with rank 292
1173456353	ID:36	RPL: Sending a multicast-DIO with rank 507
1173703095	ID:32	RPL: Sending a multicast-DIO with rank 507
1176255649	ID:35	RPL: Sending a multicast-DIO with rank 549
1177829757	ID:34	RPL: Sending a multicast-DIO with rank 292
1178456353	ID:36	RPL: Sending a multicast-DIO with rank 507
1178703095	ID:32	RPL: Sending a multicast-DIO with rank 507
1181255649	ID:35	RPL: Sending a multicast-DIO with rank 549
1182829757	ID:34	RPL: Sending a multicast-DIO with rank 292
1183456353	ID:36	RPL: Sending a multicast-DIO with rank 507
1183703095	ID:32	RPL: Sending a multicast-DIO with rank 507
1186255649	ID:35	RPL: Sending a multicast-DIO with rank 549
1187829757	ID:34	RPL: Sending a multicast-DIO with rank 292
1188456353	ID:36	RPL: Sending a multicast-DIO with rank 507
1188703095	ID:32	RPL: Sending a multicast-DIO with rank 507
1191255649	ID:35	RPL: Sending a multicast-DIO with rank 549
1192829757	ID:34	RPL: Sending a multicast-DIO with rank 292
1193456353	ID:36	RPL: Sending a multicast-DIO with rank 507
1193703095	ID:32	RPL: Sending a multicast-DIO with rank 507
1196255649	ID:35	RPL: Sending a multicast-DIO with rank 549
1197829757	ID:34	RPL: Sending a multicast-DIO with rank 292
1198456353	ID:36	RPL: Sending a multicast-DIO with rank 507
1198703095	ID:32	RPL: Sending a multicast-DIO with rank 507
1201255654	ID:35	RPL: Sending a multicast-DIO with rank 549
1202829762	ID:34	RPL: Sending a multicast-DIO with rank 292
1203456358	ID:36	RPL: Sending a multicast-DIO with rank 507
1203703100	ID:32	RPL: Sending a multicast-DIO with rank 507
1206255648	ID:35	RPL: Sending a multicast-DIO with rank 549
1207829756	ID:34	RPL: Sending a multicast-DIO with rank 292
1208418820	ID:33	RPL: Sending a DIS to fe80::c30c:0:0:2
1208456359	ID:36	RPL: Sending a multicast-DIO with rank 507
1208703094	ID:32	RPL: Sending a multicast-DIO with rank 507
1211255655	ID:35	RPL: Sending a multicast-DIO with rank 549
1212829756	ID:34	RPL: Sending a multicast-DIO with rank 292
1213456352	ID:36	RPL: Sending a multicast-DIO with rank 507
1213703094	ID:32	RPL: Sending a multicast-DIO with rank 507
1216255648	ID:35	RPL: Sending a multicast-DIO with rank 549
1217829756	ID:34	RPL: Sending a multicast-DIO with rank 292
1218456352	ID:36	RPL: Sending a multicast-DIO with rank 507
1218703094	ID:32	RPL: Sending a multicast-DIO with rank 507
1221255648	ID:35	RPL: Sending a multicast-DIO with rank 549
1222829756	ID:34	RPL: Sending a multicast-DIO with rank 292
1223456352	ID:36	RPL: Sending a multicast-DIO with rank 507
1223703094	ID:32	RPL: Sending a multicast-DIO with rank 507
1226255648	ID:35	RPL: Sending a multicast-DIO with rank 549
1227829756	ID:34	RPL: Sending a multicast-DIO with rank 292
1228456352	ID:36	RPL: Sending a multicast-DIO with rank 507
1228703094	ID:32	RPL: Sending a multicast-DIO with rank 507
1231255648	ID:35	RPL: Sending a multicast-DIO with rank 549
1232829756	ID:34	RPL: Sending a multicast-DIO with rank 292
1233456352	ID:36	RPL: Sending a multicast-DIO with rank 507
1233703094	ID:32	RPL: Sending a multicast-DIO with rank 507
1236255648	ID:35	RPL: Sending a multicast-DIO with rank 549
1237829756	ID:34	RPL: Sending a multicast-DIO with rank 292
1238456352	ID:36	RPL: Sending a multicast-DIO with rank 507
1238703094	ID:32	RPL: Sending a multicast-DIO with rank 507
1241255648	ID:35	RPL: Sending a multicast-DIO with rank 549
1242829756	ID:34	RPL: Sending a multicast-DIO with rank 292
1243456352	ID:36	RPL: Sending a multicast-DIO with rank 507
1243703094	ID:32	RPL: Sending a multicast-DIO with rank 507
1246255648	ID:35	RPL: Sending a multicast-DIO with rank 549
1247829756	ID:34	RPL: Sending a multicast-DIO with rank 292
1248456352	ID:36	RPL: Sending a multicast-DIO with rank 507
1248703094	ID:32	RPL: Sending a multicast-DIO with rank 507
1251255648	ID:35	RPL: Sending a multicast-DIO with rank 549
1252829756	ID:34	RPL: Sending a multicast-DIO with rank 292
1253456352	ID:36	RPL: Sending a multicast-DIO with rank 507
1253703094	ID:32	RPL: Sending a multicast-DIO with rank 507
1256255648	ID:35	RPL: Sending a multicast-DIO with rank 549
1257829756	ID:34	RPL: Sending a multicast-DIO with rank 292
1258456352	ID:36	RPL: Sending a multicast-DIO with rank 507
1258703094	ID:32	RPL: Sending a multicast-DIO with rank 507
1261255648	ID:35	RPL: Sending a multicast-DIO with rank 549
1262829756	ID:34	RPL: Sending a multicast-DIO with rank 292
1263456352	ID:36	RPL: Sending a multicast-DIO with rank 507
1263703094	ID:32	RPL: Sending a multicast-DIO with rank 507
1266255648	ID:35	RPL: Sending a multicast-DIO with rank 549
1267829756	ID:34	RPL: Sending a multicast-DIO with rank 292
1268419510	ID:33	RPL: Sending a DIS to fe80::c30c:0:0:2
1268456352	ID:36	RPL: Sending a multicast-DIO with rank 507
1268703094	ID:32	RPL: Sending a multicast-DIO with rank 507
1271255648	ID:35	RPL: Sending a multicast-DIO with rank 549
1272829756	ID:34	RPL: Sending a multicast-DIO with rank 292
1273456352	ID:36	RPL: Sending a multicast-DIO with rank 507
1273703094	ID:32	RPL: Sending a multicast-DIO with rank 507
1276255648	ID:35	RPL: Sending a multicast-DIO with rank 549
1277829756	ID:34	RPL: Sending a multicast-DIO with rank 292
1278456352	ID:36	RPL: Sending a multicast-DIO with rank 507
1278703094	ID:32	RPL: Sending a multicast-DIO with rank 507
1281255648	ID:35	RPL: Sending a multicast-DIO with rank 549
1282829756	ID:34	RPL: Sending a multicast-DIO with rank 292
1283456352	ID:36	RPL: Sending a multicast-DIO with rank 507
1283703094	ID:32	RPL: Sending a multicast-DIO with rank 507
1286255648	ID:35	RPL: Sending a multicast-DIO with rank 549
1287829756	ID:34	RPL: Sending a multicast-DIO with rank 292
1288456352	ID:36	RPL: Sending a multicast-DIO with rank 507
1288703094	ID:32	RPL: Sending a multicast-DIO with rank 507
1291255648	ID:35	RPL: Sending a multicast-DIO with rank 549
1292829756	ID:34	RPL: Sending a multicast-DIO with rank 292
1293456352	ID:36	RPL: Sending a multicast-DIO with rank 507
1293703094	ID:32	RPL: Sending a multicast-DIO with rank 507
1296255648	ID:35	RPL: Sending a multicast-DIO with rank 549
1297829756	ID:34	RPL: Sending a multicast-DIO with rank 292
1298456352	ID:36	RPL: Sending a multicast-DIO with rank 507
1298703094	ID:32	RPL: Sending a multicast-DIO with rank 507
1301255648	ID:35	RPL: Sending a multicast-DIO with rank 549
1302829756	ID:34	RPL: Sending a multicast-DIO with rank 292
1303456352	ID:36	RPL: Sending a multicast-DIO with rank 507
1303703094	ID:32	RPL: Sending a multicast-DIO with rank 507
1306255648	ID:35	RPL: Sending a multicast-DIO with rank 549
1307829756	ID:34	RPL: Sending a multicast-DIO with rank 292
1308456352	ID:36	RPL: Sending a multicast-DIO with rank 507
1308703094	ID:32	RPL: Sending a multicast-DIO with rank 507
1311255648	ID:35	RPL: Sending a multicast-DIO with rank 549
1312829756	ID:34	RPL: Sending a multicast-DIO with rank 292
1313456352	ID:36	RPL: Sending a multicast-DIO with rank 507
1313703094	ID:32	RPL: Sending a multicast-DIO with rank 507
1316255648	ID:35	RPL: Sending a multicast-DIO with rank 549
1317829756	ID:34	RPL: Sending a multicast-DIO with rank 292
1318456352	ID:36	RPL: Sending a multicast-DIO with rank 507
1318703094	ID:32	RPL: Sending a multicast-DIO with rank 507
1321255648	ID:35	RPL: Sending a multicast-DIO with rank 549
1322829756	ID:34	RPL: Sending a multicast-DIO with rank 292
1323456352	ID:36	RPL: Sending a multicast-DIO with rank 507
1323703094	ID:32	RPL: Sending a multicast-DIO with rank 507
1326255648	ID:35	RPL: Sending a multicast-DIO with rank 549
1327829756	ID:34	RPL: Sending a multicast-DIO with rank 292
1328418820	ID:33	RPL: Sending a DIS to fe80::c30c:0:0:2
1328456352	ID:36	RPL: Sending a multicast-DIO with rank 507
1328703094	ID:32	RPL: Sending a multicast-DIO with rank 507
1331255648	ID:35	RPL: Sending a multicast-DIO with rank 549
1332829756	ID:34	RPL: Sending a multicast-DIO with rank 292
1333456352	ID:36	RPL: Sending a multicast-DIO with rank 507
1333703094	ID:32	RPL: Sending a multicast-DIO with rank 507
1336255648	ID:35	RPL: Sending a multicast-DIO with rank 549
1337829756	ID:34	RPL: Sending a multicast-DIO with rank 292
1338456352	ID:36	RPL: Sending a multicast-DIO with rank 507
1338703094	ID:32	RPL: Sending a multicast-DIO with rank 507
1341255648	ID:35	RPL: Sending a multicast-DIO with rank 549
1342829756	ID:34	RPL: Sending a multicast-DIO with rank 292
1343456352	ID:36	RPL: Sending a multicast-DIO with rank 507
1343703094	ID:32	RPL: Sending a multicast-DIO with rank 507
1346255648	ID:35	RPL: Sending a multicast-DIO with rank 549
1347829756	ID:34	RPL: Sending a multicast-DIO with rank 292
1348456352	ID:36	RPL: Sending a multicast-DIO with rank 507
1348703101	ID:32	RPL: Sending a multicast-DIO with rank 507
1351255648	ID:35	RPL: Sending a multicast-DIO with rank 549
1352829756	ID:34	RPL: Sending a multicast-DIO with rank 292
1353456352	ID:36	RPL: Sending a multicast-DIO with rank 507
1353703094	ID:32	RPL: Sending a multicast-DIO with rank 507
1356255648	ID:35	RPL: Sending a multicast-DIO with rank 549
1357829756	ID:34	RPL: Sending a multicast-DIO with rank 292
1358456352	ID:36	RPL: Sending a multicast-DIO with rank 507
1358703094	ID:32	RPL: Sending a multicast-DIO with rank 507
1361255648	ID:35	RPL: Sending a multicast-DIO with rank 549
1362829756	ID:34	RPL: Sending a multicast-DIO with rank 292
1363456352	ID:36	RPL: Sending a multicast-DIO with rank 507
1363703094	ID:32	RPL: Sending a multicast-DIO with rank 507
1366255648	ID:35	RPL: Sending a multicast-DIO with rank 549
1367829756	ID:34	RPL: Sending a multicast-DIO with rank 292
1368456352	ID:36	RPL: Sending a multicast-DIO with rank 507
1368703094	ID:32	RPL: Sending a multicast-DIO with rank 507
1371255648	ID:35	RPL: Sending a multicast-DIO with rank 549
1372829756	ID:34	RPL: Sending a multicast-DIO with rank 292
1373456352	ID:36	RPL: Sending a multicast-DIO with rank 507
1373703094	ID:32	RPL: Sending a multicast-DIO with rank 507
1376255648	ID:35	RPL: Sending a multicast-DIO with rank 549
1377829756	ID:34	RPL: Sending a multicast-DIO with rank 292
1378456352	ID:36	RPL: Sending a multicast-DIO with rank 507
1378703094	ID:32	RPL: Sending a multicast-DIO with rank 507
1381255648	ID:35	RPL: Sending a multicast-DIO with rank 549
1382829756	ID:34	RPL: Sending a multicast-DIO with rank 292
1383456352	ID:36	RPL: Sending a multicast-DIO with rank 507
1383703094	ID:32	RPL: Sending a multicast-DIO with rank 507
1386255648	ID:35	RPL: Sending a multicast-DIO with rank 549
1387829756	ID:34	RPL: Sending a multicast-DIO with rank 292
1388418820	ID:33	RPL: Sending a DIS to fe80::c30c:0:0:2
1388456352	ID:36	RPL: Sending a multicast-DIO with rank 507
1388703094	ID:32	RPL: Sending a multicast-DIO with rank 507
1391255648	ID:35	RPL: Sending a multicast-DIO with rank 549
1392829756	ID:34	RPL: Sending a multicast-DIO with rank 292
1393456352	ID:36	RPL: Sending a multicast-DIO with rank 507
1393703094	ID:32	RPL: Sending a multicast-DIO with rank 507
1396255648	ID:35	RPL: Sending a multicast-DIO with rank 549
1397829756	ID:34	RPL: Sending a multicast-DIO with rank 292
1398456352	ID:36	RPL: Sending a multicast-DIO with rank 507
1398703094	ID:32	RPL: Sending a multicast-DIO with rank 507
1401255648	ID:35	RPL: Sending a multicast-DIO with rank 549
1402829756	ID:34	RPL: Sending a multicast-DIO with rank 292
1403456352	ID:36	RPL: Sending a multicast-DIO with rank 507
1403703094	ID:32	RPL: Sending a multicast-DIO with rank 507
1406255648	ID:35	RPL: Sending a multicast-DIO with rank 549
1407829756	ID:34	RPL: Sending a multicast-DIO with rank 292
1408456352	ID:36	RPL: Sending a multicast-DIO with rank 507
1408703094	ID:32	RPL: Sending a multicast-DIO with rank 507
1411255648	ID:35	RPL: Sending a multicast-DIO with rank 549
1412829756	ID:34	RPL: Sending a multicast-DIO with rank 292
1413456352	ID:36	RPL: Sending a multicast-DIO with rank 507
1413703094	ID:32	RPL: Sending a multicast-DIO with rank 507
1416255648	ID:35	RPL: Sending a multicast-DIO with rank 549
1417829756	ID:34	RPL: Sending a multicast-DIO with rank 292
1418456352	ID:36	RPL: Sending a multicast-DIO with rank 507
1418703094	ID:32	RPL: Sending a multicast-DIO with rank 507
1421255648	ID:35	RPL: Sending a multicast-DIO with rank 549
1422829756	ID:34	RPL: Sending a multicast-DIO with rank 292
1423456352	ID:36	RPL: Sending a multicast-DIO with rank 507
1423703094	ID:32	RPL: Sending a multicast-DIO with rank 507
1426255648	ID:35	RPL: Sending a multicast-DIO with rank 549
1427829756	ID:34	RPL: Sending a multicast-DIO with rank 292
1428456352	ID:36	RPL: Sending a multicast-DIO with rank 507
1428703094	ID:32	RPL: Sending a multicast-DIO with rank 507
1431255648	ID:35	RPL: Sending a multicast-DIO with rank 549
1432829756	ID:34	RPL: Sending a multicast-DIO with rank 292
1433456352	ID:36	RPL: Sending a multicast-DIO with rank 507
1433703094	ID:32	RPL: Sending a multicast-DIO with rank 507
1436255648	ID:35	RPL: Sending a multicast-DIO with rank 549
1437829756	ID:34	RPL: Sending a multicast-DIO with rank 292
1438456352	ID:36	RPL: Sending a multicast-DIO with rank 507
1438703094	ID:32	RPL: Sending a multicast-DIO with rank 507
1441255648	ID:35	RPL: Sending a multicast-DIO with rank 549
1442829756	ID:34	RPL: Sending a multicast-DIO with rank 292
1443456352	ID:36	RPL: Sending a multicast-DIO with rank 507
1443703094	ID:32	RPL: Sending a multicast-DIO with rank 507
1446255648	ID:35	RPL: Sending a multicast-DIO with rank 549
1447829756	ID:34	RPL: Sending a multicast-DIO with rank 292
1448418820	ID:33	RPL: Sending a DIS to fe80::c30c:0:0:2
1448456352	ID:36	RPL: Sending a multicast-DIO with rank 507
1448703094	ID:32	RPL: Sending a multicast-DIO with rank 507
1451255648	ID:35	RPL: Sending a multicast-DIO with rank 549
1452829756	ID:34	RPL: Sending a multicast-DIO with rank 292
1453456352	ID:36	RPL: Sending a multicast-DIO with rank 507
1453703094	ID:32	RPL: Sending a multicast-DIO with rank 507
1456255648	ID:35	RPL: Sending a multicast-DIO with rank 549
1457829756	ID:34	RPL: Sending a multicast-DIO with rank 292
1458456352	ID:36	RPL: Sending a multicast-DIO with rank 507
1458703094	ID:32	RPL: Sending a multicast-DIO with rank 507
1461255648	ID:35	RPL: Sending a multicast-DIO with rank 549
1462829756	ID:34	RPL: Sending a multicast-DIO with rank 292
1463456352	ID:36	RPL: Sending a multicast-DIO with rank 507
1463703094	ID:32	RPL: Sending a multicast-DIO with rank 507
1466255648	ID:35	RPL: Sending a multicast-DIO with rank 549
1467829756	ID:34	RPL: Sending a multicast-DIO with rank 292
1468456352	ID:36	RPL: Sending a multicast-DIO with rank 507
1468703094	ID:32	RPL: Sending a multicast-DIO with rank 507
1471255648	ID:35	RPL: Sending a multicast-DIO with rank 549
1472829756	ID:34	RPL: Sending a multicast-DIO with rank 292
1473456352	ID:36	RPL: Sending a multicast-DIO with rank 507
1473703094	ID:32	RPL: Sending a multicast-DIO with rank 507
1476255648	ID:35	RPL: Sending a multicast-DIO with rank 549
1477829763	ID:34	RPL: Sending a multicast-DIO with rank 292
1478456352	ID:36	RPL: Sending a multicast-DIO with rank 507
1478703094	ID:32	RPL: Sending a multicast-DIO with rank 507
1481255648	ID:35	RPL: Sending a multicast-DIO with rank 549
1482829756	ID:34	RPL: Sending a multicast-DIO with rank 292
1483456352	ID:36	RPL: Sending a multicast-DIO with rank 507
1483703094	ID:32	RPL: Sending a multicast-DIO with rank 507
1486255648	ID:35	RPL: Sending a multicast-DIO with rank 549
1487829756	ID:34	RPL: Sending a multicast-DIO with rank 292
1488456352	ID:36	RPL: Sending a multicast-DIO with rank 507
1488703094	ID:32	RPL: Sending a multicast-DIO with rank 507
1491255648	ID:35	RPL: Sending a multicast-DIO with rank 549
1492829756	ID:34	RPL: Sending a multicast-DIO with rank 292
1493456352	ID:36	RPL: Sending a multicast-DIO with rank 507
1493703094	ID:32	RPL: Sending a multicast-DIO with rank 507
1496255648	ID:35	RPL: Sending a multicast-DIO with rank 549
1497829756	ID:34	RPL: Sending a multicast-DIO with rank 292
1498456352	ID:36	RPL: Sending a multicast-DIO with rank 507
1498703094	ID:32	RPL: Sending a multicast-DIO with rank 507
1501255648	ID:35	RPL: Sending a multicast-DIO with rank 549
1502829756	ID:34	RPL: Sending a multicast-DIO with rank 292
1503456352	ID:36	RPL: Sending a multicast-DIO with rank 507
1503703094	ID:32	RPL: Sending a multicast-DIO with rank 507
1506255648	ID:35	RPL: Sending a multicast-DIO with rank 549
1507829756	ID:34	RPL: Sending a multicast-DIO with rank 292
1508418820	ID:33	RPL: Sending a DIS to fe80::c30c:0:0:2
1508456352	ID:36	RPL: Sending a multicast-DIO with rank 507
1508703094	ID:32	RPL: Sending a multicast-DIO with rank 507
1511255648	ID:35	RPL: Sending a multicast-DIO with rank 549
1512829756	ID:34	RPL: Sending a multicast-DIO with rank 292
1513456352	ID:36	RPL: Sending a multicast-DIO with rank 507
1513703094	ID:32	RPL: Sending a multicast-DIO with rank 507
1516255648	ID:35	RPL: Sending a multicast-DIO with rank 549
1517829756	ID:34	RPL: Sending a multicast-DIO with rank 292
1518456352	ID:36	RPL: Sending a multicast-DIO with rank 507
1518703094	ID:32	RPL: Sending a multicast-DIO with rank 507
1521255648	ID:35	RPL: Sending a multicast-DIO with rank 549
1522829756	ID:34	RPL: Sending a multicast-DIO with rank 292
1523456352	ID:36	RPL: Sending a multicast-DIO with rank 507
1523703094	ID:32	RPL: Sending a multicast-DIO with rank 507
1526255648	ID:35	RPL: Sending a multicast-DIO with rank 549
1527829756	ID:34	RPL: Sending a multicast-DIO with rank 292
1528456352	ID:36	RPL: Sending a multicast-DIO with rank 507
1528703094	ID:32	RPL: Sending a multicast-DIO with rank 507
1531255648	ID:35	RPL: Sending a multicast-DIO with rank 549
1532829756	ID:34	RPL: Sending a multicast-DIO with rank 292
1533456352	ID:36	RPL: Sending a multicast-DIO with rank 507
1533703094	ID:32	RPL: Sending a multicast-DIO with rank 507
1536255648	ID:35	RPL: Sending a multicast-DIO with rank 549
1537829756	ID:34	RPL: Sending a multicast-DIO with rank 292
1538456352	ID:36	RPL: Sending a multicast-DIO with rank 507
1538703094	ID:32	RPL: Sending a multicast-DIO with rank 507
1541255655	ID:35	RPL: Sending a multicast-DIO with rank 549
1542829756	ID:34	RPL: Sending a multicast-DIO with rank 292
1543456352	ID:36	RPL: Sending a multicast-DIO with rank 507
1543703094	ID:32	RPL: Sending a multicast-DIO with rank 507
1546255648	ID:35	RPL: Sending a multicast-DIO with rank 549
1547829756	ID:34	RPL: Sending a multicast-DIO with rank 292
1548456352	ID:36	RPL: Sending a multicast-DIO with rank 507
1548703094	ID:32	RPL: Sending a multicast-DIO with rank 507
1551255648	ID:35	RPL: Sending a multicast-DIO with rank 549
1552829756	ID:34	RPL: Sending a multicast-DIO with rank 292
1553456352	ID:36	RPL: Sending a multicast-DIO with rank 507
1553703094	ID:32	RPL: Sending a multicast-DIO with rank 507
1556255648	ID:35	RPL: Sending a multicast-DIO with rank 549
1557829756	ID:34	RPL: Sending a multicast-DIO with rank 292
1558456352	ID:36	RPL: Sending a multicast-DIO with rank 507
1558703094	ID:32	RPL: Sending a multicast-DIO with rank 507
1561255648	ID:35	RPL: Sending a multicast-DIO with rank 549
1562829756	ID:34	RPL: Sending a multicast-DIO with rank 292
1563456352	ID:36	RPL: Sending a multicast-DIO with rank 507
1563703094	ID:32	RPL: Sending a multicast-DIO with rank 507
1566255648	ID:35	RPL: Sending a multicast-DIO with rank 549
1567829756	ID:34	RPL: Sending a multicast-DIO with rank 292
1568418820	ID:33	RPL: Sending a DIS to fe80::c30c:0:0:2
1568456352	ID:36	RPL: Sending a multicast-DIO with rank 507
1568703094	ID:32	RPL: Sending a multicast-DIO with rank 507
1571255648	ID:35	RPL: Sending a multicast-DIO with rank 549
1572829756	ID:34	RPL: Sending a multicast-DIO with rank 292
1573456352	ID:36	RPL: Sending a multicast-DIO with rank 507
1573703094	ID:32	RPL: Sending a multicast-DIO with rank 507
1576255648	ID:35	RPL: Sending a multicast-DIO with rank 549
1577829756	ID:34	RPL: Sending a multicast-DIO with rank 292
1578456352	ID:36	RPL: Sending a multicast-DIO with rank 507
1578703094	ID:32	RPL: Sending a multicast-DIO with rank 507
1581255648	ID:35	RPL: Sending a multicast-DIO with rank 549
1582829756	ID:34	RPL: Sending a multicast-DIO with rank 292
1583456352	ID:36	RPL: Sending a multicast-DIO with rank 507
1583703094	ID:32	RPL: Sending a multicast-DIO with rank 507
1586255648	ID:35	RPL: Sending a multicast-DIO with rank 549
1587829756	ID:34	RPL: Sending a multicast-DIO with rank 292
1588456352	ID:36	RPL: Sending a multicast-DIO with rank 507
1588703094	ID:32	RPL: Sending a multicast-DIO with rank 507
1591255648	ID:35	RPL: Sending a multicast-DIO with rank 549
1592829756	ID:34	RPL: Sending a multicast-DIO with rank 292
1593456352	ID:36	RPL: Sending a multicast-DIO with rank 507
1593703094	ID:32	RPL: Sending a multicast-DIO with rank 507
1596255648	ID:35	RPL: Sending a multicast-DIO with rank 549
1597829756	ID:34	RPL: Sending a multicast-DIO with rank 292
1598456352	ID:36	RPL: Sending a multicast-DIO with rank 507
1598703094	ID:32	RPL: Sending a multicast-DIO with rank 507
1601255648	ID:35	RPL: Sending a multicast-DIO with rank 549
1602829756	ID:34	RPL: Sending a multicast-DIO with rank 292
1603456352	ID:36	RPL: Sending a multicast-DIO with rank 507
1603703094	ID:32	RPL: Sending a multicast-DIO with rank 507
1606255648	ID:35	RPL: Sending a multicast-DIO with rank 549
1607829756	ID:34	RPL: Sending a multicast-DIO with rank 292
1608456352	ID:36	RPL: Sending a multicast-DIO with rank 507
1608703094	ID:32	RPL: Sending a multicast-DIO with rank 507
1611255648	ID:35	RPL: Sending a multicast-DIO with rank 549
1612829756	ID:34	RPL: Sending a multicast-DIO with rank 292
1613456352	ID:36	RPL: Sending a multicast-DIO with rank 507
1613703094	ID:32	RPL: Sending a multicast-DIO with rank 507
1616255648	ID:35	RPL: Sending a multicast-DIO with rank 549
1617829756	ID:34	RPL: Sending a multicast-DIO with rank 292
1618456359	ID:36	RPL: Sending a multicast-DIO with rank 507
1618703094	ID:32	RPL: Sending a multicast-DIO with rank 507
1621255648	ID:35	RPL: Sending a multicast-DIO with rank 549
1622829756	ID:34	RPL: Sending a multicast-DIO with rank 292
1623456352	ID:36	RPL: Sending a multicast-DIO with rank 507
1623703094	ID:32	RPL: Sending a multicast-DIO with rank 507
1626255648	ID:35	RPL: Sending a multicast-DIO with rank 549
1627829756	ID:34	RPL: Sending a multicast-DIO with rank 292
1628418820	ID:33	RPL: Sending a DIS to fe80::c30c:0:0:2
1628456352	ID:36	RPL: Sending a multicast-DIO with rank 507
1628703094	ID:32	RPL: Sending a multicast-DIO with rank 507
1631255648	ID:35	RPL: Sending a multicast-DIO with rank 549
1632829756	ID:34	RPL: Sending a multicast-DIO with rank 292
1633456352	ID:36	RPL: Sending a multicast-DIO with rank 507
1633703094	ID:32	RPL: Sending a multicast-DIO with rank 507
1636255648	ID:35	RPL: Sending a multicast-DIO with rank 549
1637829756	ID:34	RPL: Sending a multicast-DIO with rank 292
1638456352	ID:36	RPL: Sending a multicast-DIO with rank 507
1638703094	ID:32	RPL: Sending a multicast-DIO with rank 507
1641255648	ID:35	RPL: Sending a multicast-DIO with rank 549
1642829756	ID:34	RPL: Sending a multicast-DIO with rank 292
1643456352	ID:36	RPL: Sending a multicast-DIO with rank 507
1643703094	ID:32	RPL: Sending a multicast-DIO with rank 507
1646255648	ID:35	RPL: Sending a multicast-DIO with rank 549
1647829756	ID:34	RPL: Sending a multicast-DIO with rank 292
1648456352	ID:36	RPL: Sending a multicast-DIO with rank 507
1648703094	ID:32	RPL: Sending a multicast-DIO with rank 507
1651255648	ID:35	RPL: Sending a multicast-DIO with rank 549
1652829756	ID:34	RPL: Sending a multicast-DIO with rank 292
1653456352	ID:36	RPL: Sending a multicast-DIO with rank 507
1653703094	ID:32	RPL: Sending a multicast-DIO with rank 507
1656255648	ID:35	RPL: Sending a multicast-DIO with rank 549
1657829756	ID:34	RPL: Sending a multicast-DIO with rank 292
1658456352	ID:36	RPL: Sending a multicast-DIO with rank 507
1658703094	ID:32	RPL: Sending a multicast-DIO with rank 507
1661255648	ID:35	RPL: Sending a multicast-DIO with rank 549
1662829756	ID:34	RPL: Sending a multicast-DIO with rank 292
1663456352	ID:36	RPL: Sending a multicast-DIO with rank 507
1663703094	ID:32	RPL: Sending a multicast-DIO with rank 507
1666255648	ID:35	RPL: Sending a multicast-DIO with rank 549
1667829756	ID:34	RPL: Sending a multicast-DIO with rank 292
1668456352	ID:36	RPL: Sending a multicast-DIO with rank 507
1668703094	ID:32	RPL: Sending a multicast-DIO with rank 507
1671255648	ID:35	RPL: Sending a multicast-DIO with rank 549
1672829756	ID:34	RPL: Sending a multicast-DIO with rank 292
1673456352	ID:36	RPL: Sending a multicast-DIO with rank 507
1673703094	ID:32	RPL: Sending a multicast-DIO with rank 507
1676255648	ID:35	RPL: Sending a multicast-DIO with rank 549
1677829756	ID:34	RPL: Sending a multicast-DIO with rank 292
1678456352	ID:36	RPL: Sending a multicast-DIO with rank 507
1678703094	ID:32	RPL: Sending a multicast-DIO with rank 507
1681255648	ID:35	RPL: Sending a multicast-DIO with rank 549
1682829756	ID:34	RPL: Sending a multicast-DIO with rank 292
1683456352	ID:36	RPL: Sending a multicast-DIO with rank 507
1683703094	ID:32	RPL: Sending a multicast-DIO with rank 507
1686255648	ID:35	RPL: Sending a multicast-DIO with rank 549
1687829756	ID:34	RPL: Sending a multicast-DIO with rank 292
1688418820	ID:33	RPL: Sending a DIS to fe80::c30c:0:0:2
1688456352	ID:36	RPL: Sending a multicast-DIO with rank 507
1688703094	ID:32	RPL: Sending a multicast-DIO with rank 507
1691255648	ID:35	RPL: Sending a multicast-DIO with rank 549
1692829756	ID:34	RPL: Sending a multicast-DIO with rank 292
1693456352	ID:36	RPL: Sending a multicast-DIO with rank 507
1693703094	ID:32	RPL: Sending a multicast-DIO with rank 507
1696255648	ID:35	RPL: Sending a multicast-DIO with rank 549
1697829756	ID:34	RPL: Sending a multicast-DIO with rank 292
1698456352	ID:36	RPL: Sending a multicast-DIO with rank 507
1698703094	ID:32	RPL: Sending a multicast-DIO with rank 507
1701255648	ID:35	RPL: Sending a multicast-DIO with rank 549
1702829756	ID:34	RPL: Sending a multicast-DIO with rank 292
1703456352	ID:36	RPL: Sending a multicast-DIO with rank 507
1703703094	ID:32	RPL: Sending a multicast-DIO with rank 507
1706255648	ID:35	RPL: Sending a multicast-DIO with rank 549
1707829756	ID:34	RPL: Sending a multicast-DIO with rank 292
1708456352	ID:36	RPL: Sending a multicast-DIO with rank 507
1708703094	ID:32	RPL: Sending a multicast-DIO with rank 507
1711255648	ID:35	RPL: Sending a multicast-DIO with rank 549
1712829756	ID:34	RPL: Sending a multicast-DIO with rank 292
1713456352	ID:36	RPL: Sending a multicast-DIO with rank 507
1713703094	ID:32	RPL: Sending a multicast-DIO with rank 507
1716255648	ID:35	RPL: Sending a multicast-DIO with rank 549
1717829756	ID:34	RPL: Sending a multicast-DIO with rank 292
1718456352	ID:36	RPL: Sending a multicast-DIO with rank 507
1718703094	ID:32	RPL: Sending a multicast-DIO with rank 507
1721255648	ID:35	RPL: Sending a multicast-DIO with rank 549
1722829756	ID:34	RPL: Sending a multicast-DIO with rank 292
1723456352	ID:36	RPL: Sending a multicast-DIO with rank 507
1723703101	ID:32	RPL: Sending a multicast-DIO with rank 507
1726255648	ID:35	RPL: Sending a multicast-DIO with rank 549
1727829756	ID:34	RPL: Sending a multicast-DIO with rank 292
1728456352	ID:36	RPL: Sending a multicast-DIO with rank 507
1728703094	ID:32	RPL: Sending a multicast-DIO with rank 507
1731255648	ID:35	RPL: Sending a multicast-DIO with rank 549
1732829756	ID:34	RPL: Sending a multicast-DIO with rank 292
1733456352	ID:36	RPL: Sending a multicast-DIO with rank 507
1733703094	ID:32	RPL: Sending a multicast-DIO with rank 507
1736255648	ID:35	RPL: Sending a multicast-DIO with rank 549
1737829756	ID:34	RPL: Sending a multicast-DIO with rank 292
1738456352	ID:36	RPL: Sending a multicast-DIO with rank 507
1738703094	ID:32	RPL: Sending a multicast-DIO with rank 507
1741255648	ID:35	RPL: Sending a multicast-DIO with rank 549
1742829756	ID:34	RPL: Sending a multicast-DIO with rank 292
1743456352	ID:36	RPL: Sending a multicast-DIO with rank 507
1743703094	ID:32	RPL: Sending a multicast-DIO with rank 507
1746255648	ID:35	RPL: Sending a multicast-DIO with rank 549
1747829756	ID:34	RPL: Sending a multicast-DIO with rank 292
1748418820	ID:33	RPL: Sending a DIS to fe80::c30c:0:0:2
1748456352	ID:36	RPL: Sending a multicast-DIO with rank 507
1748703094	ID:32	RPL: Sending a multicast-DIO with rank 507
1751255648	ID:35	RPL: Sending a multicast-DIO with rank 549
1752829756	ID:34	RPL: Sending a multicast-DIO with rank 292
1753456352	ID:36	RPL: Sending a multicast-DIO with rank 507
1753703094	ID:32	RPL: Sending a multicast-DIO with rank 507
1756255648	ID:35	RPL: Sending a multicast-DIO with rank 549
1757829756	ID:34	RPL: Sending a multicast-DIO with rank 292
1758456352	ID:36	RPL: Sending a multicast-DIO with rank 507
1758703094	ID:32	RPL: Sending a multicast-DIO with rank 507
1761255648	ID:35	RPL: Sending a multicast-DIO with rank 549
1762829756	ID:34	RPL: Sending a multicast-DIO with rank 292
1763456352	ID:36	RPL: Sending a multicast-DIO with rank 507
1763703094	ID:32	RPL: Sending a multicast-DIO with rank 507
1766255648	ID:35	RPL: Sending a multicast-DIO with rank 549
1767829756	ID:34	RPL: Sending a multicast-DIO with rank 292
1768456352	ID:36	RPL: Sending a multicast-DIO with rank 507
1768703094	ID:32	RPL: Sending a multicast-DIO with rank 507
1771255648	ID:35	RPL: Sending a multicast-DIO with rank 549
1772829756	ID:34	RPL: Sending a multicast-DIO with rank 292
1773456352	ID:36	RPL: Sending a multicast-DIO with rank 507
1773703094	ID:32	RPL: Sending a multicast-DIO with rank 507
1776255648	ID:35	RPL: Sending a multicast-DIO with rank 549
1777829756	ID:34	RPL: Sending a multicast-DIO with rank 292
1778456352	ID:36	RPL: Sending a multicast-DIO with rank 507
1778703094	ID:32	RPL: Sending a multicast-DIO with rank 507
1781255648	ID:35	RPL: Sending a multicast-DIO with rank 549
1782829756	ID:34	RPL: Sending a multicast-DIO with rank 292
1783456352	ID:36	RPL: Sending a multicast-DIO with rank 507
1783703094	ID:32	RPL: Sending a multicast-DIO with rank 507
1786255648	ID:35	RPL: Sending a multicast-DIO with rank 549
1787829763	ID:34	RPL: Sending a multicast-DIO with rank 292
1788456352	ID:36	RPL: Sending a multicast-DIO with rank 507
1788703094	ID:32	RPL: Sending a multicast-DIO with rank 507
1791255648	ID:35	RPL: Sending a multicast-DIO with rank 549
1792829756	ID:34	RPL: Sending a multicast-DIO with rank 292
1793456352	ID:36	RPL: Sending a multicast-DIO with rank 507
1793703094	ID:32	RPL: Sending a multicast-DIO with rank 507
1796255648	ID:35	RPL: Sending a multicast-DIO with rank 549
1797829756	ID:34	RPL: Sending a multicast-DIO with rank 292
1798456352	ID:36	RPL: Sending a multicast-DIO with rank 507
1798703094	ID:32	RPL: Sending a multicast-DIO with rank 507
