30247717	ID:32	RPL: Sending a DIS to fe80::c30c:0:0:3
30282664	ID:36	RPL: Sending a DIS to fe80::c30c:0:0:8
30779194	ID:33	RPL: Sending a DIS to fe80::c30c:0:0:2
31025680	ID:34	RPL: Sending a DIS to fe80::c30c:0:0:6
31091756	ID:35	RPL: Sending a DIS to fe80::c30c:0:0:7
31447832	ID:36	RPL: Received a DIO from fe80::c30c:0:0:8
31451606	ID:36	RPL: Incoming DIO (id, ver, rank) = (30,240,516)
31456105	ID:36	RPL: Incoming DIO (dag_id, pref) = (fd00::ff:fe00:1, 0)
31458331	ID:36	RPL: DIO option 4, length: 14
31464238	ID:36	RPL: DAG conf:dbl=8, min=12 red=6 maxinc=896 mininc=128 ocp=1 d_l=10 l_u=60
31466470	ID:36	RPL: DIO option 8, length: 30
31468739	ID:36	RPL: Copying prefix information
31476111	ID:36	RPL: Neighbor added to neighbor cache fe80::c30c:0:0:8, c1:0c:00:00:00:00:00:08
34190065	ID:33	RPL: Received a DIO from fe80::c30c:0:0:2
34193840	ID:33	RPL: Incoming DIO (id, ver, rank) = (30,240,601)
34198338	ID:33	RPL: Incoming DIO (dag_id, pref) = (fd00::ff:fe00:1, 0)
34200602	ID:33	RPL: DIO option 4, length: 14
34206510	ID:33	RPL: DAG conf:dbl=8, min=12 red=6 maxinc=896 mininc=128 ocp=1 d_l=10 l_u=60
34208749	ID:33	RPL: DIO option 8, length: 30
34211018	ID:33	RPL: Copying prefix information
34219618	ID:33	RPL: Neighbor added to neighbor cache fe80::c30c:0:0:2, c1:0c:00:00:00:00:00:02
36476581	ID:36	RPL: Sending a multicast-DIO with rank 516
36884038	ID:35	RPL: Received a DIO from fe80::c30c:0:0:7
36887806	ID:35	RPL: Incoming DIO (id, ver, rank) = (30,240,640)
36892305	ID:35	RPL: Incoming DIO (dag_id, pref) = (fd00::ff:fe00:1, 0)
36894531	ID:35	RPL: DIO option 4, length: 14
36900438	ID:35	RPL: DAG conf:dbl=8, min=12 red=6 maxinc=896 mininc=128 ocp=1 d_l=10 l_u=60
36902664	ID:35	RPL: DIO option 8, length: 30
36904933	ID:35	RPL: Copying prefix information
36914862	ID:35	RPL: Neighbor added to neighbor cache fe80::c30c:0:0:7, c1:0c:00:00:00:00:00:07
39228050	ID:33	RPL: Sending a multicast-DIO with rank 601
41476560	ID:36	RPL: Sending a multicast-DIO with rank 516
41918556	ID:35	RPL: Sending a multicast-DIO with rank 640
44228029	ID:33	RPL: Sending a multicast-DIO with rank 601
46476560	ID:36	RPL: Sending a multicast-DIO with rank 516
46918535	ID:35	RPL: Sending a multicast-DIO with rank 640
49228029	ID:33	RPL: Sending a multicast-DIO with rank 601
51476560	ID:36	RPL: Sending a multicast-DIO with rank 516
51918535	ID:35	RPL: Sending a multicast-DIO with rank 640
54228029	ID:33	RPL: Sending a multicast-DIO with rank 601
56476560	ID:36	RPL: Sending a multicast-DIO with rank 516
56918535	ID:35	RPL: Sending a multicast-DIO with rank 640
57432338	ID:34	RPL: Received a DIO from fe80::c30c:0:0:6
57436107	ID:34	RPL: Incoming DIO (id, ver, rank) = (30,240,287)
57440644	ID:34	RPL: Incoming DIO (dag_id, pref) = (fd00::ff:fe00:1, 0)
57442870	ID:34	RPL: DIO option 4, length: 14
57448810	ID:34	RPL: DAG conf:dbl=8, min=12 red=6 maxinc=896 mininc=128 ocp=1 d_l=10 l_u=60
57451036	ID:34	RPL: DIO option 8, length: 30
57453305	ID:34	RPL: Copying prefix information
57464076	ID:34	RPL: Neighbor added to neighbor cache fe80::c30c:0:0:6, c1:0c:00:00:00:00:00:06
59228029	ID:33	RPL: Sending a multicast-DIO with rank 601
61476560	ID:36	RPL: Sending a multicast-DIO with rank 516
61918535	ID:35	RPL: Sending a multicast-DIO with rank 640
62030872	ID:32	RPL: Sending a DIS to fe80::c30c:0:0:3
62475286	ID:34	RPL: Sending a multicast-DIO with rank 287
64228029	ID:33	RPL: Sending a multicast-DIO with rank 601
66476560	ID:36	RPL: Sending a multicast-DIO with rank 516
66918535	ID:35	RPL: Sending a multicast-DIO with rank 640
67475265	ID:34	RPL: Sending a multicast-DIO with rank 287
69228028	ID:33	RPL: Sending a multicast-DIO with rank 601
71476560	ID:36	RPL: Sending a multicast-DIO with rank 516
71918535	ID:35	RPL: Sending a multicast-DIO with rank 640
72475265	ID:34	RPL: Sending a multicast-DIO with rank 287
74228028	ID:33	RPL: Sending a multicast-DIO with rank 601
76476560	ID:36	RPL: Sending a multicast-DIO with rank 516
76918535	ID:35	RPL: Sending a multicast-DIO with rank 640
77475265	ID:34	RPL: Sending a multicast-DIO with rank 287
79228028	ID:33	RPL: Sending a multicast-DIO with rank 601
81476560	ID:36	RPL: Sending a multicast-DIO with rank 516
81918535	ID:35	RPL: Sending a multicast-DIO with rank 640
82475265	ID:34	RPL: Sending a multicast-DIO with rank 287
84228028	ID:33	RPL: Sending a multicast-DIO with rank 601
86476560	ID:36	RPL: Sending a multicast-DIO with rank 516
86918535	ID:35	RPL: Sending a multicast-DIO with rank 640
87475265	ID:34	RPL: Sending a multicast-DIO with rank 287
89228028	ID:33	RPL: Sending a multicast-DIO with rank 601
91476547	ID:36	RPL: Sending a multicast-DIO with rank 516
91918522	ID:35	RPL: Sending a multicast-DIO with rank 640
92475252	ID:34	RPL: Sending a multicast-DIO with rank 287
94228016	ID:33	RPL: Sending a multicast-DIO with rank 601
96476547	ID:36	RPL: Sending a multicast-DIO with rank 516
96918522	ID:35	RPL: Sending a multicast-DIO with rank 640
97475252	ID:34	RPL: Sending a multicast-DIO with rank 287
99228016	ID:33	RPL: Sending a multicast-DIO with rank 601
101476547	ID:36	RPL: Sending a multicast-DIO with rank 516
101918522	ID:35	RPL: Sending a multicast-DIO with rank 640
102475252	ID:34	RPL: Sending a multicast-DIO with rank 287
104228016	ID:33	RPL: Sending a multicast-DIO with rank 601
106476547	ID:36	RPL: Sending a multicast-DIO with rank 516
106918522	ID:35	RPL: Sending a multicast-DIO with rank 640
107475252	ID:34	RPL: Sending a multicast-DIO with rank 287
109228016	ID:33	RPL: Sending a multicast-DIO with rank 601
111476547	ID:36	RPL: Sending a multicast-DIO with rank 516
111918522	ID:35	RPL: Sending a multicast-DIO with rank 640
112475252	ID:34	RPL: Sending a multicast-DIO with rank 287
114228016	ID:33	RPL: Sending a multicast-DIO with rank 601
116476547	ID:36	RPL: Sending a multicast-DIO with rank 516
116918522	ID:35	RPL: Sending a multicast-DIO with rank 640
117475252	ID:34	RPL: Sending a multicast-DIO with rank 287
119228016	ID:33	RPL: Sending a multicast-DIO with rank 601
121476547	ID:36	RPL: Sending a multicast-DIO with rank 516
121918522	ID:35	RPL: Sending a multicast-DIO with rank 640
122031090	ID:32	RPL: Sending a DIS to fe80::c30c:0:0:3
122475252	ID:34	RPL: Sending a multicast-DIO with rank 287
124228016	ID:33	RPL: Sending a multicast-DIO with rank 601
126476547	ID:36	RPL: Sending a multicast-DIO with rank 516
126918522	ID:35	RPL: Sending a multicast-DIO with rank 640
127475252	ID:34	RPL: Sending a multicast-DIO with rank 287
129228016	ID:33	RPL: Sending a multicast-DIO with rank 601
131476547	ID:36	RPL: Sending a multicast-DIO with rank 516
131918522	ID:35	RPL: Sending a multicast-DIO with rank 640
132475252	ID:34	RPL: Sending a multicast-DIO with rank 287
134228016	ID:33	RPL: Sending a multicast-DIO with rank 601
136476547	ID:36	RPL: Sending a multicast-DIO with rank 516
136918522	ID:35	RPL: Sending a multicast-DIO with rank 640
137475252	ID:34	RPL: Sending a multicast-DIO with rank 287
139228016	ID:33	RPL: Sending a multicast-DIO with rank 601
141476547	ID:36	RPL: Sending a multicast-DIO with rank 516
141918522	ID:35	RPL: Sending a multicast-DIO with rank 640
142475252	ID:34	RPL: Sending a multicast-DIO with rank 287
144228016	ID:33	RPL: Sending a multicast-DIO with rank 601
146476547	ID:36	RPL: Sending a multicast-DIO with rank 516
146918522	ID:35	RPL: Sending a multicast-DIO with rank 640
147475252	ID:34	RPL: Sending a multicast-DIO with rank 287
149228016	ID:33	RPL: Sending a multicast-DIO with rank 601
151476547	ID:36	RPL: Sending a multicast-DIO with rank 516
151918522	ID:35	RPL: Sending a multicast-DIO with rank 640
152475252	ID:34	RPL: Sending a multicast-DIO with rank 287
154228016	ID:33	RPL: Sending a multicast-DIO with rank 601
156476547	ID:36	RPL: Sending a multicast-DIO with rank 516
156918522	ID:35	RPL: Sending a multicast-DIO with rank 640
157475252	ID:34	RPL: Sending a multicast-DIO with rank 287
159228016	ID:33	RPL: Sending a multicast-DIO with rank 601
161476547	ID:36	RPL: Sending a multicast-DIO with rank 516
161918522	ID:35	RPL: Sending a multicast-DIO with rank 640
162475252	ID:34	RPL: Sending a multicast-DIO with rank 287
164228016	ID:33	RPL: Sending a multicast-DIO with rank 601
166476547	ID:36	RPL: Sending a multicast-DIO with rank 516
166918522	ID:35	RPL: Sending a multicast-DIO with rank 640
167475252	ID:34	RPL: Sending a multicast-DIO with rank 287
169228016	ID:33	RPL: Sending a multicast-DIO with rank 601
171476547	ID:36	RPL: Sending a multicast-DIO with rank 516
171918522	ID:35	RPL: Sending a multicast-DIO with rank 640
172475252	ID:34	RPL: Sending a multicast-DIO with rank 287
174228016	ID:33	RPL: Sending a multicast-DIO with rank 601
176476547	ID:36	RPL: Sending a multicast-DIO with rank 516
176918522	ID:35	RPL: Sending a multicast-DIO with rank 640
177475252	ID:34	RPL: Sending a multicast-DIO with rank 287
179228016	ID:33	RPL: Sending a multicast-DIO with rank 601
181476547	ID:36	RPL: Sending a multicast-DIO with rank 516
181918522	ID:35	RPL: Sending a multicast-DIO with rank 640
182031091	ID:32	RPL: Sending a DIS to fe80::c30c:0:0:3
182475252	ID:34	RPL: Sending a multicast-DIO with rank 287
184228016	ID:33	RPL: Sending a multicast-DIO with rank 601
186476547	ID:36	RPL: Sending a multicast-DIO with rank 516
186918522	ID:35	RPL: Sending a multicast-DIO with rank 640
187475252	ID:34	RPL: Sending a multicast-DIO with rank 287
189228016	ID:33	RPL: Sending a multicast-DIO with rank 601
191476547	ID:36	RPL: Sending a multicast-DIO with rank 516
191918522	ID:35	RPL: Sending a multicast-DIO with rank 640
192475252	ID:34	RPL: Sending a multicast-DIO with rank 287
194228016	ID:33	RPL: Sending a multicast-DIO with rank 601
196476547	ID:36	RPL: Sending a multicast-DIO with rank 516
196918522	ID:35	RPL: Sending a multicast-DIO with rank 640
197475252	ID:34	RPL: Sending a multicast-DIO with rank 287
199228016	ID:33	RPL: Sending a multicast-DIO with rank 601
201476547	ID:36	RPL: Sending a multicast-DIO with rank 516
201918522	ID:35	RPL: Sending a multicast-DIO with rank 640
202475252	ID:34	RPL: Sending a multicast-DIO with rank 287
204228016	ID:33	RPL: Sending a multicast-DIO with rank 601
206476547	ID:36	RPL: Sending a multicast-DIO with rank 516
206918522	ID:35	RPL: Sending a multicast-DIO with rank 640
207475252	ID:34	RPL: Sending a multicast-DIO with rank 287
209228016	ID:33	RPL: Sending a multicast-DIO with rank 601
211476547	ID:36	RPL: Sending a multicast-DIO with rank 516
211918522	ID:35	RPL: Sending a multicast-DIO with rank 640
212475252	ID:34	RPL: Sending a multicast-DIO with rank 287
214228016	ID:33	RPL: Sending a multicast-DIO with rank 601
216476547	ID:36	RPL: Sending a multicast-DIO with rank 516
216918522	ID:35	RPL: Sending a multicast-DIO with rank 640
217475252	ID:34	RPL: Sending a multicast-DIO with rank 287
219228016	ID:33	RPL: Sending a multicast-DIO with rank 601
221476547	ID:36	RPL: Sending a multicast-DIO with rank 516
221918522	ID:35	RPL: Sending a multicast-DIO with rank 640
222475252	ID:34	RPL: Sending a multicast-DIO with rank 287
224228016	ID:33	RPL: Sending a multicast-DIO with rank 601
226476547	ID:36	RPL: Sending a multicast-DIO with rank 516
226918522	ID:35	RPL: Sending a multicast-DIO with rank 640
227475252	ID:34	RPL: Sending a multicast-DIO with rank 287
229228016	ID:33	RPL: Sending a multicast-DIO with rank 601
231476547	ID:36	RPL: Sending a multicast-DIO with rank 516
231918522	ID:35	RPL: Sending a multicast-DIO with rank 640
232475252	ID:34	RPL: Sending a multicast-DIO with rank 287
234228016	ID:33	RPL: Sending a multicast-DIO with rank 601
236476547	ID:36	RPL: Sending a multicast-DIO with rank 516
236918522	ID:35	RPL: Sending a multicast-DIO with rank 640
237475252	ID:34	RPL: Sending a multicast-DIO with rank 287
239228016	ID:33	RPL: Sending a multicast-DIO with rank 601
241476547	ID:36	RPL: Sending a multicast-DIO with rank 516
241918522	ID:35	RPL: Sending a multicast-DIO with rank 640
242031090	ID:32	RPL: Sending a DIS to fe80::c30c:0:0:3
242475252	ID:34	RPL: Sending a multicast-DIO with rank 287
244228016	ID:33	RPL: Sending a multicast-DIO with rank 601
246476547	ID:36	RPL: Sending a multicast-DIO with rank 516
246918522	ID:35	RPL: Sending a multicast-DIO with rank 640
247475252	ID:34	RPL: Sending a multicast-DIO with rank 287
249228016	ID:33	RPL: Sending a multicast-DIO with rank 601
251476547	ID:36	RPL: Sending a multicast-DIO with rank 516
251918522	ID:35	RPL: Sending a multicast-DIO with rank 640
252475252	ID:34	RPL: Sending a multicast-DIO with rank 287
254228016	ID:33	RPL: Sending a multicast-DIO with rank 601
256476547	ID:36	RPL: Sending a multicast-DIO with rank 516
256918522	ID:35	RPL: Sending a multicast-DIO with rank 640
257475252	ID:34	RPL: Sending a multicast-DIO with rank 287
259228016	ID:33	RPL: Sending a multicast-DIO with rank 601
261476547	ID:36	RPL: Sending a multicast-DIO with rank 516
261918522	ID:35	RPL: Sending a multicast-DIO with rank 640
262475252	ID:34	RPL: Sending a multicast-DIO with rank 287
264228016	ID:33	RPL: Sending a multicast-DIO with rank 601
266476547	ID:36	RPL: Sending a multicast-DIO with rank 516
266918522	ID:35	RPL: Sending a multicast-DIO with rank 640
267475252	ID:34	RPL: Sending a multicast-DIO with rank 287
269228016	ID:33	RPL: Sending a multicast-DIO with rank 601
271476547	ID:36	RPL: Sending a multicast-DIO with rank 516
271918522	ID:35	RPL: Sending a multicast-DIO with rank 640
272475252	ID:34	RPL: Sending a multicast-DIO with rank 287
274228016	ID:33	RPL: Sending a multicast-DIO with rank 601
276476547	ID:36	RPL: Sending a multicast-DIO with rank 516
276918522	ID:35	RPL: Sending a multicast-DIO with rank 640
277475252	ID:34	RPL: Sending a multicast-DIO with rank 287
279228016	ID:33	RPL: Sending a multicast-DIO with rank 601
281476547	ID:36	RPL: Sending a multicast-DIO with rank 516
281918522	ID:35	RPL: Sending a multicast-DIO with rank 640
282475252	ID:34	RPL: Sending a multicast-DIO with rank 287
284228016	ID:33	RPL: Sending a multicast-DIO with rank 601
286476547	ID:36	RPL: Sending a multicast-DIO with rank 516
286918522	ID:35	RPL: Sending a multicast-DIO with rank 640
287475252	ID:34	RPL: Sending a multicast-DIO with rank 287
289228016	ID:33	RPL: Sending a multicast-DIO with rank 601
291476547	ID:36	RPL: Sending a multicast-DIO with rank 516
291918522	ID:35	RPL: Sending a multicast-DIO with rank 640
292475252	ID:34	RPL: Sending a multicast-DIO with rank 287
294228016	ID:33	RPL: Sending a multicast-DIO with rank 601
296476547	ID:36	RPL: Sending a multicast-DIO with rank 516
296918522	ID:35	RPL: Sending a multicast-DIO with rank 640
297475252	ID:34	RPL: Sending a multicast-DIO with rank 287
299228016	ID:33	RPL: Sending a multicast-DIO with rank 601
301476547	ID:36	RPL: Sending a multicast-DIO with rank 516
301918522	ID:35	RPL: Sending a multicast-DIO with rank 640
302031091	ID:32	RPL: Sending a DIS to fe80::c30c:0:0:3
302475252	ID:34	RPL: Sending a multicast-DIO with rank 287
304228016	ID:33	RPL: Sending a multicast-DIO with rank 601
306476547	ID:36	RPL: Sending a multicast-DIO with rank 516
306918522	ID:35	RPL: Sending a multicast-DIO with rank 640
307475252	ID:34	RPL: Sending a multicast-DIO with rank 287
309228016	ID:33	RPL: Sending a multicast-DIO with rank 601
311476547	ID:36	RPL: Sending a multicast-DIO with rank 516
311918522	ID:35	RPL: Sending a multicast-DIO with rank 640
312475252	ID:34	RPL: Sending a multicast-DIO with rank 287
314228016	ID:33	RPL: Sending a multicast-DIO with rank 601
316476547	ID:36	RPL: Sending a multicast-DIO with rank 516
316918522	ID:35	RPL: Sending a multicast-DIO with rank 640
317475252	ID:34	RPL: Sending a multicast-DIO with rank 287
319228016	ID:33	RPL: Sending a multicast-DIO with rank 601
321476547	ID:36	RPL: Sending a multicast-DIO with rank 516
321918522	ID:35	RPL: Sending a multicast-DIO with rank 640
322475252	ID:34	RPL: Sending a multicast-DIO with rank 287
324228016	ID:33	RPL: Sending a multicast-DIO with rank 601
326476547	ID:36	RPL: Sending a multicast-DIO with rank 516
326918522	ID:35	RPL: Sending a multicast-DIO with rank 640
327475252	ID:34	RPL: Sending a multicast-DIO with rank 287
329228016	ID:33	RPL: Sending a multicast-DIO with rank 601
331476547	ID:36	RPL: Sending a multicast-DIO with rank 516
331918522	ID:35	RPL: Sending a multicast-DIO with rank 640
332475252	ID:34	RPL: Sending a multicast-DIO with rank 287
334228016	ID:33	RPL: Sending a multicast-DIO with rank 601
336476547	ID:36	RPL: Sending a multicast-DIO with rank 516
336918522	ID:35	RPL: Sending a multicast-DIO with rank 640
337475252	ID:34	RPL: Sending a multicast-DIO with rank 287
339228016	ID:33	RPL: Sending a multicast-DIO with rank 601
341476547	ID:36	RPL: Sending a multicast-DIO with rank 516
341918522	ID:35	RPL: Sending a multicast-DIO with rank 640
342475252	ID:34	RPL: Sending a multicast-DIO with rank 287
344228016	ID:33	RPL: Sending a multicast-DIO with rank 601
346476547	ID:36	RPL: Sending a multicast-DIO with rank 516
346918522	ID:35	RPL: Sending a multicast-DIO with rank 640
347475252	ID:34	RPL: Sending a multicast-DIO with rank 287
349228023	ID:33	RPL: Sending a multicast-DIO with rank 601
351476547	ID:36	RPL: Sending a multicast-DIO with rank 516
351918522	ID:35	RPL: Sending a multicast-DIO with rank 640
352475252	ID:34	RPL: Sending a multicast-DIO with rank 287
354228016	ID:33	RPL: Sending a multicast-DIO with rank 601
356476547	ID:36	RPL: Sending a multicast-DIO with rank 516
356918522	ID:35	RPL: Sending a multicast-DIO with rank 640
357475252	ID:34	RPL: Sending a multicast-DIO with rank 287
359228016	ID:33	RPL: Sending a multicast-DIO with rank 601
361476547	ID:36	RPL: Sending a multicast-DIO with rank 516
361918522	ID:35	RPL: Sending a multicast-DIO with rank 640
362031090	ID:32	RPL: Sending a DIS to fe80::c30c:0:0:3
362475252	ID:34	RPL: Sending a multicast-DIO with rank 287
364228016	ID:33	RPL: Sending a multicast-DIO with rank 601
366476547	ID:36	RPL: Sending a multicast-DIO with rank 516
366918522	ID:35	RPL: Sending a multicast-DIO with rank 640
367475252	ID:34	RPL: Sending a multicast-DIO with rank 287
369228016	ID:33	RPL: Sending a multicast-DIO with rank 601
371476547	ID:36	RPL: Sending a multicast-DIO with rank 516
371918522	ID:35	RPL: Sending a multicast-DIO with rank 640
372475252	ID:34	RPL: Sending a multicast-DIO with rank 287
374228016	ID:33	RPL: Sending a multicast-DIO with rank 601
376476547	ID:36	RPL: Sending a multicast-DIO with rank 516
376918522	ID:35	RPL: Sending a multicast-DIO with rank 640
377475252	ID:34	RPL: Sending a multicast-DIO with rank 287
379228016	ID:33	RPL: Sending a multicast-DIO with rank 601
381476547	ID:36	RPL: Sending a multicast-DIO with rank 516
381918522	ID:35	RPL: Sending a multicast-DIO with rank 640
382475252	ID:34	RPL: Sending a multicast-DIO with rank 287
384228016	ID:33	RPL: Sending a multicast-DIO with rank 601
386476547	ID:36	RPL: Sending a multicast-DIO with rank 516
386918522	ID:35	RPL: Sending a multicast-DIO with rank 640
387475252	ID:34	RPL: Sending a multicast-DIO with rank 287
389228016	ID:33	RPL: Sending a multicast-DIO with rank 601
391476547	ID:36	RPL: Sending a multicast-DIO with rank 516
391918522	ID:35	RPL: Sending a multicast-DIO with rank 640
392475252	ID:34	RPL: Sending a multicast-DIO with rank 287
394228016	ID:33	RPL: Sending a multicast-DIO with rank 601
396476547	ID:36	RPL: Sending a multicast-DIO with rank 516
396918522	ID:35	RPL: Sending a multicast-DIO with rank 640
397475252	ID:34	RPL: Sending a multicast-DIO with rank 287
399228016	ID:33	RPL: Sending a multicast-DIO with rank 601
401476547	ID:36	RPL: Sending a multicast-DIO with rank 516
401918522	ID:35	RPL: Sending a multicast-DIO with rank 640
402475252	ID:34	RPL: Sending a multicast-DIO with rank 287
404228016	ID:33	RPL: Sending a multicast-DIO with rank 601
406476547	ID:36	RPL: Sending a multicast-DIO with rank 516
406918522	ID:35	RPL: Sending a multicast-DIO with rank 640
407475252	ID:34	RPL: Sending a multicast-DIO with rank 287
409228016	ID:33	RPL: Sending a multicast-DIO with rank 601
411476547	ID:36	RPL: Sending a multicast-DIO with rank 516
411918522	ID:35	RPL: Sending a multicast-DIO with rank 640
412475252	ID:34	RPL: Sending a multicast-DIO with rank 287
414228016	ID:33	RPL: Sending a multicast-DIO with rank 601
416476554	ID:36	RPL: Sending a multicast-DIO with rank 516
416918522	ID:35	RPL: Sending a multicast-DIO with rank 640
417475252	ID:34	RPL: Sending a multicast-DIO with rank 287
419228016	ID:33	RPL: Sending a multicast-DIO with rank 601
421476547	ID:36	RPL: Sending a multicast-DIO with rank 516
421918522	ID:35	RPL: Sending a multicast-DIO with rank 640
422031091	ID:32	RPL: Sending a DIS to fe80::c30c:0:0:3
422475252	ID:34	RPL: Sending a multicast-DIO with rank 287
424228016	ID:33	RPL: Sending a multicast-DIO with rank 601
426476547	ID:36	RPL: Sending a multicast-DIO with rank 516
426918529	ID:35	RPL: Sending a multicast-DIO with rank 640
427475252	ID:34	RPL: Sending a multicast-DIO with rank 287
429228016	ID:33	RPL: Sending a multicast-DIO with rank 601
431476547	ID:36	RPL: Sending a multicast-DIO with rank 516
431918522	ID:35	RPL: Sending a multicast-DIO with rank 640
432475252	ID:34	RPL: Sending a multicast-DIO with rank 287
434228016	ID:33	RPL: Sending a multicast-DIO with rank 601
436476547	ID:36	RPL: Sending a multicast-DIO with rank 516
436918522	ID:35	RPL: Sending a multicast-DIO with rank 640
437475252	ID:34	RPL: Sending a multicast-DIO with rank 287
439228016	ID:33	RPL: Sending a multicast-DIO with rank 601
441476547	ID:36	RPL: Sending a multicast-DIO with rank 516
441918522	ID:35	RPL: Sending a multicast-DIO with rank 640
442475252	ID:34	RPL: Sending a multicast-DIO with rank 287
444228016	ID:33	RPL: Sending a multicast-DIO with rank 601
446476547	ID:36	RPL: Sending a multicast-DIO with rank 516
446918522	ID:35	RPL: Sending a multicast-DIO with rank 640
447475252	ID:34	RPL: Sending a multicast-DIO with rank 287
449228016	ID:33	RPL: Sending a multicast-DIO with rank 601
451476547	ID:36	RPL: Sending a multicast-DIO with rank 516
451918522	ID:35	RPL: Sending a multicast-DIO with rank 640
452475259	ID:34	RPL: Sending a multicast-DIO with rank 287
454228016	ID:33	RPL: Sending a multicast-DIO with rank 601
456476547	ID:36	RPL: Sending a multicast-DIO with rank 516
456918522	ID:35	RPL: Sending a multicast-DIO with rank 640
457475252	ID:34	RPL: Sending a multicast-DIO with rank 287
459228016	ID:33	RPL: Sending a multicast-DIO with rank 601
461476547	ID:36	RPL: Sending a multicast-DIO with rank 516
461918522	ID:35	RPL: Sending a multicast-DIO with rank 640
462475252	ID:34	RPL: Sending a multicast-DIO with rank 287
464228016	ID:33	RPL: Sending a multicast-DIO with rank 601
466476547	ID:36	RPL: Sending a multicast-DIO with rank 516
466918522	ID:35	RPL: Sending a multicast-DIO with rank 640
467475252	ID:34	RPL: Sending a multicast-DIO with rank 287
469228016	ID:33	RPL: Sending a multicast-DIO with rank 601
471476547	ID:36	RPL: Sending a multicast-DIO with rank 516
471918522	ID:35	RPL: Sending a multicast-DIO with rank 640
472475252	ID:34	RPL: Sending a multicast-DIO with rank 287
474228016	ID:33	RPL: Sending a multicast-DIO with rank 601
476476547	ID:36	RPL: Sending a multicast-DIO with rank 516
476918522	ID:35	RPL: Sending a multicast-DIO with rank 640
477475252	ID:34	RPL: Sending a multicast-DIO with rank 287
479228016	ID:33	RPL: Sending a multicast-DIO with rank 601
481476547	ID:36	RPL: Sending a multicast-DIO with rank 516
481918522	ID:35	RPL: Sending a multicast-DIO with rank 640
482031091	ID:32	RPL: Sending a DIS to fe80::c30c:0:0:3
482475252	ID:34	RPL: Sending a multicast-DIO with rank 287
484228016	ID:33	RPL: Sending a multicast-DIO with rank 601
486476547	ID:36	RPL: Sending a multicast-DIO with rank 516
486918522	ID:35	RPL: Sending a multicast-DIO with rank 640
487475252	ID:34	RPL: Sending a multicast-DIO with rank 287
489228016	ID:33	RPL: Sending a multicast-DIO with rank 601
491476547	ID:36	RPL: Sending a multicast-DIO with rank 516
491918522	ID:35	RPL: Sending a multicast-DIO with rank 640
492475252	ID:34	RPL: Sending a multicast-DIO with rank 287
494228016	ID:33	RPL: Sending a multicast-DIO with rank 601
496476547	ID:36	RPL: Sending a multicast-DIO with rank 516
496918522	ID:35	RPL: Sending a multicast-DIO with rank 640
497475252	ID:34	RPL: Sending a multicast-DIO with rank 287
499228016	ID:33	RPL: Sending a multicast-DIO with rank 601
501476547	ID:36	RPL: Sending a multicast-DIO with rank 516
501918522	ID:35	RPL: Sending a multicast-DIO with rank 640
502475252	ID:34	RPL: Sending a multicast-DIO with rank 287
504228016	ID:33	RPL: Sending a multicast-DIO with rank 601
506476547	ID:36	RPL: Sending a multicast-DIO with rank 516
506918522	ID:35	RPL: Sending a multicast-DIO with rank 640
507475252	ID:34	RPL: Sending a multicast-DIO with rank 287
509228016	ID:33	RPL: Sending a multicast-DIO with rank 601
511476547	ID:36	RPL: Sending a multicast-DIO with rank 516
511918522	ID:35	RPL: Sending a multicast-DIO with rank 640
512475252	ID:34	RPL: Sending a multicast-DIO with rank 287
514228016	ID:33	RPL: Sending a multicast-DIO with rank 601
516476547	ID:36	RPL: Sending a multicast-DIO with rank 516
516918522	ID:35	RPL: Sending a multicast-DIO with rank 640
517475252	ID:34	RPL: Sending a multicast-DIO with rank 287
519228016	ID:33	RPL: Sending a multicast-DIO with rank 601
521476547	ID:36	RPL: Sending a multicast-DIO with rank 516
521918522	ID:35	RPL: Sending a multicast-DIO with rank 640
522475252	ID:34	RPL: Sending a multicast-DIO with rank 287
524228016	ID:33	RPL: Sending a multicast-DIO with rank 601
526476547	ID:36	RPL: Sending a multicast-DIO with rank 516
526918522	ID:35	RPL: Sending a multicast-DIO with rank 640
527475252	ID:34	RPL: Sending a multicast-DIO with rank 287
529228016	ID:33	RPL: Sending a multicast-DIO with rank 601
531476547	ID:36	RPL: Sending a multicast-DIO with rank 516
531918522	ID:35	RPL: Sending a multicast-DIO with rank 640
532475252	ID:34	RPL: Sending a multicast-DIO with rank 287
534228016	ID:33	RPL: Sending a multicast-DIO with rank 601
536476547	ID:36	RPL: Sending a multicast-DIO with rank 516
536918522	ID:35	RPL: Sending a multicast-DIO with rank 640
537475252	ID:34	RPL: Sending a multicast-DIO with rank 287
539228016	ID:33	RPL: Sending a multicast-DIO with rank 601
541476547	ID:36	RPL: Sending a multicast-DIO with rank 516
541918522	ID:35	RPL: Sending a multicast-DIO with rank 640
542031091	ID:32	RPL: Sending a DIS to fe80::c30c:0:0:3
542475252	ID:34	RPL: Sending a multicast-DIO with rank 287
544228016	ID:33	RPL: Sending a multicast-DIO with rank 601
546476547	ID:36	RPL: Sending a multicast-DIO with rank 516
546918522	ID:35	RPL: Sending a multicast-DIO with rank 640
547475252	ID:34	RPL: Sending a multicast-DIO with rank 287
549228016	ID:33	RPL: Sending a multicast-DIO with rank 601
551476547	ID:36	RPL: Sending a multicast-DIO with rank 516
551918522	ID:35	RPL: Sending a multicast-DIO with rank 640
552475252	ID:34	RPL: Sending a multicast-DIO with rank 287
554228016	ID:33	RPL: Sending a multicast-DIO with rank 601
556476547	ID:36	RPL: Sending a multicast-DIO with rank 516
556918522	ID:35	RPL: Sending a multicast-DIO with rank 640
557475252	ID:34	RPL: Sending a multicast-DIO with rank 287
559228016	ID:33	RPL: Sending a multicast-DIO with rank 601
561476547	ID:36	RPL: Sending a multicast-DIO with rank 516
561918522	ID:35	RPL: Sending a multicast-DIO with rank 640
562475252	ID:34	RPL: Sending a multicast-DIO with rank 287
564228016	ID:33	RPL: Sending a multicast-DIO with rank 601
566476547	ID:36	RPL: Sending a multicast-DIO with rank 516
566918522	ID:35	RPL: Sending a multicast-DIO with rank 640
567475252	ID:34	RPL: Sending a multicast-DIO with rank 287
569228016	ID:33	RPL: Sending a multicast-DIO with rank 601
571476547	ID:36	RPL: Sending a multicast-DIO with rank 516
571918522	ID:35	RPL: Sending a multicast-DIO with rank 640
572475252	ID:34	RPL: Sending a multicast-DIO with rank 287
574228016	ID:33	RPL: Sending a multicast-DIO with rank 601
576476547	ID:36	RPL: Sending a multicast-DIO with rank 516
576918522	ID:35	RPL: Sending a multicast-DIO with rank 640
577475252	ID:34	RPL: Sending a multicast-DIO with rank 287
579228016	ID:33	RPL: Sending a multicast-DIO with rank 601
581476547	ID:36	RPL: Sending a multicast-DIO with rank 516
581918522	ID:35	RPL: Sending a multicast-DIO with rank 640
582475252	ID:34	RPL: Sending a multicast-DIO with rank 287
584228016	ID:33	RPL: Sending a multicast-DIO with rank 601
586476547	ID:36	RPL: Sending a multicast-DIO with rank 516
586918522	ID:35	RPL: Sending a multicast-DIO with rank 640
587475252	ID:34	RPL: Sending a multicast-DIO with rank 287
589228016	ID:33	RPL: Sending a multicast-DIO with rank 601
591476547	ID:36	RPL: Sending a multicast-DIO with rank 516
591918522	ID:35	RPL: Sending a multicast-DIO with rank 640
592475252	ID:34	RPL: Sending a multicast-DIO with rank 287
594228016	ID:33	RPL: Sending a multicast-DIO with rank 601
596476547	ID:36	RPL: Sending a multicast-DIO with rank 516
596918522	ID:35	RPL: Sending a multicast-DIO with rank 640
597475252	ID:34	RPL: Sending a multicast-DIO with rank 287
599228016	ID:33	RPL: Sending a multicast-DIO with rank 601
601476547	ID:36	RPL: Sending a multicast-DIO with rank 516
601918522	ID:35	RPL: Sending a multicast-DIO with rank 640
602030981	ID:32	RPL: Sending a DIS to fe80::c30c:0:0:3
602475252	ID:34	RPL: Sending a multicast-DIO with rank 287
604228016	ID:33	RPL: Sending a multicast-DIO with rank 601
606476547	ID:36	RPL: Sending a multicast-DIO with rank 516
606918522	ID:35	RPL: Sending a multicast-DIO with rank 640
607475252	ID:34	RPL: Sending a multicast-DIO with rank 287
609228016	ID:33	RPL: Sending a multicast-DIO with rank 601
611476547	ID:36	RPL: Sending a multicast-DIO with rank 516
611918522	ID:35	RPL: Sending a multicast-DIO with rank 640
612475252	ID:34	RPL: Sending a multicast-DIO with rank 287
614228016	ID:33	RPL: Sending a multicast-DIO with rank 601
616476547	ID:36	RPL: Sending a multicast-DIO with rank 516
616918522	ID:35	RPL: Sending a multicast-DIO with rank 640
617475252	ID:34	RPL: Sending a multicast-DIO with rank 287
619228016	ID:33	RPL: Sending a multicast-DIO with rank 601
621476547	ID:36	RPL: Sending a multicast-DIO with rank 516
621918522	ID:35	RPL: Sending a multicast-DIO with rank 640
622475252	ID:34	RPL: Sending a multicast-DIO with rank 287
624228016	ID:33	RPL: Sending a multicast-DIO with rank 601
626476547	ID:36	RPL: Sending a multicast-DIO with rank 516
626918522	ID:35	RPL: Sending a multicast-DIO with rank 640
627475252	ID:34	RPL: Sending a multicast-DIO with rank 287
629228016	ID:33	RPL: Sending a multicast-DIO with rank 601
631476547	ID:36	RPL: Sending a multicast-DIO with rank 516
631918522	ID:35	RPL: Sending a multicast-DIO with rank 640
632475252	ID:34	RPL: Sending a multicast-DIO with rank 287
634228016	ID:33	RPL: Sending a multicast-DIO with rank 601
636476547	ID:36	RPL: Sending a multicast-DIO with rank 516
636918522	ID:35	RPL: Sending a multicast-DIO with rank 640
637475252	ID:34	RPL: Sending a multicast-DIO with rank 287
639228016	ID:33	RPL: Sending a multicast-DIO with rank 601
641476547	ID:36	RPL: Sending a multicast-DIO with rank 516
641918522	ID:35	RPL: Sending a multicast-DIO with rank 640
642475252	ID:34	RPL: Sending a multicast-DIO with rank 287
644228016	ID:33	RPL: Sending a multicast-DIO with rank 601
646476547	ID:36	RPL: Sending a multicast-DIO with rank 516
646918522	ID:35	RPL: Sending a multicast-DIO with rank 640
647475252	ID:34	RPL: Sending a multicast-DIO with rank 287
649228016	ID:33	RPL: Sending a multicast-DIO with rank 601
651476547	ID:36	RPL: Sending a multicast-DIO with rank 516
651918522	ID:35	RPL: Sending a multicast-DIO with rank 640
652475252	ID:34	RPL: Sending a multicast-DIO with rank 287
654228016	ID:33	RPL: Sending a multicast-DIO with rank 601
656476547	ID:36	RPL: Sending a multicast-DIO with rank 516
656918522	ID:35	RPL: Sending a multicast-DIO with rank 640
657475252	ID:34	RPL: Sending a multicast-DIO with rank 287
659228016	ID:33	RPL: Sending a multicast-DIO with rank 601
661476547	ID:36	RPL: Sending a multicast-DIO with rank 516
661918522	ID:35	RPL: Sending a multicast-DIO with rank 640
662031090	ID:32	RPL: Sending a DIS to fe80::c30c:0:0:3
662475252	ID:34	RPL: Sending a multicast-DIO with rank 287
664228016	ID:33	RPL: Sending a multicast-DIO with rank 601
666476547	ID:36	RPL: Sending a multicast-DIO with rank 516
666918522	ID:35	RPL: Sending a multicast-DIO with rank 640
667475252	ID:34	RPL: Sending a multicast-DIO with rank 287
669228016	ID:33	RPL: Sending a multicast-DIO with rank 601
671476547	ID:36	RPL: Sending a multicast-DIO with rank 516
671918522	ID:35	RPL: Sending a multicast-DIO with rank 640
672475252	ID:34	RPL: Sending a multicast-DIO with rank 287
674228016	ID:33	RPL: Sending a multicast-DIO with rank 601
676476547	ID:36	RPL: Sending a multicast-DIO with rank 516
676918522	ID:35	RPL: Sending a multicast-DIO with rank 640
677475252	ID:34	RPL: Sending a multicast-DIO with rank 287
679228016	ID:33	RPL: Sending a multicast-DIO with rank 601
681476547	ID:36	RPL: Sending a multicast-DIO with rank 516
681918522	ID:35	RPL: Sending a multicast-DIO with rank 640
682475252	ID:34	RPL: Sending a multicast-DIO with rank 287
684228016	ID:33	RPL: Sending a multicast-DIO with rank 601
686476547	ID:36	RPL: Sending a multicast-DIO with rank 516
686918522	ID:35	RPL: Sending a multicast-DIO with rank 640
687475252	ID:34	RPL: Sending a multicast-DIO with rank 287
689228016	ID:33	RPL: Sending a multicast-DIO with rank 601
691476548	ID:36	RPL: Sending a multicast-DIO with rank 516
691918523	ID:35	RPL: Sending a multicast-DIO with rank 640
692475253	ID:34	RPL: Sending a multicast-DIO with rank 287
694228016	ID:33	RPL: Sending a multicast-DIO with rank 601
696476547	ID:36	RPL: Sending a multicast-DIO with rank 516
696918523	ID:35	RPL: Sending a multicast-DIO with rank 640
697475253	ID:34	RPL: Sending a multicast-DIO with rank 287
699228016	ID:33	RPL: Sending a multicast-DIO with rank 601
701476547	ID:36	RPL: Sending a multicast-DIO with rank 516
701918523	ID:35	RPL: Sending a multicast-DIO with rank 640
702475252	ID:34	RPL: Sending a multicast-DIO with rank 287
704228016	ID:33	RPL: Sending a multicast-DIO with rank 601
706476548	ID:36	RPL: Sending a multicast-DIO with rank 516
706918523	ID:35	RPL: Sending a multicast-DIO with rank 640
707475252	ID:34	RPL: Sending a multicast-DIO with rank 287
709228023	ID:33	RPL: Sending a multicast-DIO with rank 601
711476548	ID:36	RPL: Sending a multicast-DIO with rank 516
711918523	ID:35	RPL: Sending a multicast-DIO with rank 640
712475253	ID:34	RPL: Sending a multicast-DIO with rank 287
714228016	ID:33	RPL: Sending a multicast-DIO with rank 601
716476548	ID:36	RPL: Sending a multicast-DIO with rank 516
716918523	ID:35	RPL: Sending a multicast-DIO with rank 640
717475253	ID:34	RPL: Sending a multicast-DIO with rank 287
719228016	ID:33	RPL: Sending a multicast-DIO with rank 601
721476548	ID:36	RPL: Sending a multicast-DIO with rank 516
721918523	ID:35	RPL: Sending a multicast-DIO with rank 640
722031090	ID:32	RPL: Sending a DIS to fe80::c30c:0:0:3
722475253	ID:34	RPL: Sending a multicast-DIO with rank 287
724228016	ID:33	RPL: Sending a multicast-DIO with rank 601
726476547	ID:36	RPL: Sending a multicast-DIO with rank 516
726918523	ID:35	RPL: Sending a multicast-DIO with rank 640
727475253	ID:34	RPL: Sending a multicast-DIO with rank 287
729228016	ID:33	RPL: Sending a multicast-DIO with rank 601
731476547	ID:36	RPL: Sending a multicast-DIO with rank 516
731918523	ID:35	RPL: Sending a multicast-DIO with rank 640
732475252	ID:34	RPL: Sending a multicast-DIO with rank 287
734228016	ID:33	RPL: Sending a multicast-DIO with rank 601
736476548	ID:36	RPL: Sending a multicast-DIO with rank 516
736918523	ID:35	RPL: Sending a multicast-DIO with rank 640
737475253	ID:34	RPL: Sending a multicast-DIO with rank 287
739228016	ID:33	RPL: Sending a multicast-DIO with rank 601
741476547	ID:36	RPL: Sending a multicast-DIO with rank 516
741918523	ID:35	RPL: Sending a multicast-DIO with rank 640
742475253	ID:34	RPL: Sending a multicast-DIO with rank 287
744228016	ID:33	RPL: Sending a multicast-DIO with rank 601
746476547	ID:36	RPL: Sending a multicast-DIO with rank 516
746918523	ID:35	RPL: Sending a multicast-DIO with rank 640
747475252	ID:34	RPL: Sending a multicast-DIO with rank 287
749228016	ID:33	RPL: Sending a multicast-DIO with rank 601
751476548	ID:36	RPL: Sending a multicast-DIO with rank 516
751918523	ID:35	RPL: Sending a multicast-DIO with rank 640
752475253	ID:34	RPL: Sending a multicast-DIO with rank 287
754228016	ID:33	RPL: Sending a multicast-DIO with rank 601
756476547	ID:36	RPL: Sending a multicast-DIO with rank 516
756918523	ID:35	RPL: Sending a multicast-DIO with rank 640
757475259	ID:34	RPL: Sending a multicast-DIO with rank 287
759228016	ID:33	RPL: Sending a multicast-DIO with rank 601
761476547	ID:36	RPL: Sending a multicast-DIO with rank 516
761918523	ID:35	RPL: Sending a multicast-DIO with rank 640
762475252	ID:34	RPL: Sending a multicast-DIO with rank 287
764228016	ID:33	RPL: Sending a multicast-DIO with rank 601
766476548	ID:36	RPL: Sending a multicast-DIO with rank 516
766918523	ID:35	RPL: Sending a multicast-DIO with rank 640
767475252	ID:34	RPL: Sending a multicast-DIO with rank 287
769228016	ID:33	RPL: Sending a multicast-DIO with rank 601
771476547	ID:36	RPL: Sending a multicast-DIO with rank 516
771918523	ID:35	RPL: Sending a multicast-DIO with rank 640
772475253	ID:34	RPL: Sending a multicast-DIO with rank 287
774228016	ID:33	RPL: Sending a multicast-DIO with rank 601
776476547	ID:36	RPL: Sending a multicast-DIO with rank 516
776918523	ID:35	RPL: Sending a multicast-DIO with rank 640
777475252	ID:34	RPL: Sending a multicast-DIO with rank 287
779228016	ID:33	RPL: Sending a multicast-DIO with rank 601
781476548	ID:36	RPL: Sending a multicast-DIO with rank 516
781918523	ID:35	RPL: Sending a multicast-DIO with rank 640
782031090	ID:32	RPL: Sending a DIS to fe80::c30c:0:0:3
782475253	ID:34	RPL: Sending a multicast-DIO with rank 287
784228016	ID:33	RPL: Sending a multicast-DIO with rank 601
786476547	ID:36	RPL: Sending a multicast-DIO with rank 516
786918523	ID:35	RPL: Sending a multicast-DIO with rank 640
787475253	ID:34	RPL: Sending a multicast-DIO with rank 287
789228016	ID:33	RPL: Sending a multicast-DIO with rank 601
791476547	ID:36	RPL: Sending a multicast-DIO with rank 516
791918523	ID:35	RPL: Sending a multicast-DIO with rank 640
792475252	ID:34	RPL: Sending a multicast-DIO with rank 287
794228016	ID:33	RPL: Sending a multicast-DIO with rank 601
796476548	ID:36	RPL: Sending a multicast-DIO with rank 516
796918523	ID:35	RPL: Sending a multicast-DIO with rank 640
797475253	ID:34	RPL: Sending a multicast-DIO with rank 287
799228016	ID:33	RPL: Sending a multicast-DIO with rank 601
801476547	ID:36	RPL: Sending a multicast-DIO with rank 516
801918523	ID:35	RPL: Sending a multicast-DIO with rank 640
802475253	ID:34	RPL: Sending a multicast-DIO with rank 287
804228016	ID:33	RPL: Sending a multicast-DIO with rank 601
806476547	ID:36	RPL: Sending a multicast-DIO with rank 516
806918523	ID:35	RPL: Sending a multicast-DIO with rank 640
807475252	ID:34	RPL: Sending a multicast-DIO with rank 287
809228016	ID:33	RPL: Sending a multicast-DIO with rank 601
811476548	ID:36	RPL: Sending a multicast-DIO with rank 516
811918523	ID:35	RPL: Sending a multicast-DIO with rank 640
812475253	ID:34	RPL: Sending a multicast-DIO with rank 287
814228016	ID:33	RPL: Sending a multicast-DIO with rank 601
816476547	ID:36	RPL: Sending a multicast-DIO with rank 516
816918523	ID:35	RPL: Sending a multicast-DIO with rank 640
817475253	ID:34	RPL: Sending a multicast-DIO with rank 287
819228016	ID:33	RPL: Sending a multicast-DIO with rank 601
821476547	ID:36	RPL: Sending a multicast-DIO with rank 516
821918523	ID:35	RPL: Sending a multicast-DIO with rank 640
822475252	ID:34	RPL: Sending a multicast-DIO with rank 287
824228016	ID:33	RPL: Sending a multicast-DIO with rank 601
826476548	ID:36	RPL: Sending a multicast-DIO with rank 516
826918523	ID:35	RPL: Sending a multicast-DIO with rank 640
827475253	ID:34	RPL: Sending a multicast-DIO with rank 287
829228016	ID:33	RPL: Sending a multicast-DIO with rank 601
831476547	ID:36	RPL: Sending a multicast-DIO with rank 516
831918523	ID:35	RPL: Sending a multicast-DIO with rank 640
832475253	ID:34	RPL: Sending a multicast-DIO with rank 287
834228016	ID:33	RPL: Sending a multicast-DIO with rank 601
836476547	ID:36	RPL: Sending a multicast-DIO with rank 516
836918523	ID:35	RPL: Sending a multicast-DIO with rank 640
837475252	ID:34	RPL: Sending a multicast-DIO with rank 287
839228016	ID:33	RPL: Sending a multicast-DIO with rank 601
841476548	ID:36	RPL: Sending a multicast-DIO with rank 516
841918523	ID:35	RPL: Sending a multicast-DIO with rank 640
842031090	ID:32	RPL: Sending a DIS to fe80::c30c:0:0:3
842475253	ID:34	RPL: Sending a multicast-DIO with rank 287
844228016	ID:33	RPL: Sending a multicast-DIO with rank 601
846476554	ID:36	RPL: Sending a multicast-DIO with rank 516
846918523	ID:35	RPL: Sending a multicast-DIO with rank 640
847475253	ID:34	RPL: Sending a multicast-DIO with rank 287
849228016	ID:33	RPL: Sending a multicast-DIO with rank 601
851476547	ID:36	RPL: Sending a multicast-DIO with rank 516
851918523	ID:35	RPL: Sending a multicast-DIO with rank 640
852475252	ID:34	RPL: Sending a multicast-DIO with rank 287
854228016	ID:33	RPL: Sending a multicast-DIO with rank 601
856476548	ID:36	RPL: Sending a multicast-DIO with rank 516
856918523	ID:35	RPL: Sending a multicast-DIO with rank 640
857475253	ID:34	RPL: Sending a multicast-DIO with rank 287
859228016	ID:33	RPL: Sending a multicast-DIO with rank 601
861476547	ID:36	RPL: Sending a multicast-DIO with rank 516
861918530	ID:35	RPL: Sending a multicast-DIO with rank 640
862475253	ID:34	RPL: Sending a multicast-DIO with rank 287
864228016	ID:33	RPL: Sending a multicast-DIO with rank 601
866476547	ID:36	RPL: Sending a multicast-DIO with rank 516
866918523	ID:35	RPL: Sending a multicast-DIO with rank 640
867475252	ID:34	RPL: Sending a multicast-DIO with rank 287
869228016	ID:33	RPL: Sending a multicast-DIO with rank 601
871476548	ID:36	RPL: Sending a multicast-DIO with rank 516
871918523	ID:35	RPL: Sending a multicast-DIO with rank 640
872475253	ID:34	RPL: Sending a multicast-DIO with rank 287
874228016	ID:33	RPL: Sending a multicast-DIO with rank 601
876476547	ID:36	RPL: Sending a multicast-DIO with rank 516
876918523	ID:35	RPL: Sending a multicast-DIO with rank 640
877475253	ID:34	RPL: Sending a multicast-DIO with rank 287
879228016	ID:33	RPL: Sending a multicast-DIO with rank 601
881476547	ID:36	RPL: Sending a multicast-DIO with rank 516
881918523	ID:35	RPL: Sending a multicast-DIO with rank 640
882475252	ID:34	RPL: Sending a multicast-DIO with rank 287
884228016	ID:33	RPL: Sending a multicast-DIO with rank 601
886476548	ID:36	RPL: Sending a multicast-DIO with rank 516
886918523	ID:35	RPL: Sending a multicast-DIO with rank 640
887475253	ID:34	RPL: Sending a multicast-DIO with rank 287
889228016	ID:33	RPL: Sending a multicast-DIO with rank 601
891476547	ID:36	RPL: Sending a multicast-DIO with rank 516
891918523	ID:35	RPL: Sending a multicast-DIO with rank 640
892475252	ID:34	RPL: Sending a multicast-DIO with rank 287
894228016	ID:33	RPL: Sending a multicast-DIO with rank 601
896476547	ID:36	RPL: Sending a multicast-DIO with rank 516
896918523	ID:35	RPL: Sending a multicast-DIO with rank 640
897475252	ID:34	RPL: Sending a multicast-DIO with rank 287
899228016	ID:33	RPL: Sending a multicast-DIO with rank 601
901476548	ID:36	RPL: Sending a multicast-DIO with rank 516
901918523	ID:35	RPL: Sending a multicast-DIO with rank 640
902031090	ID:32	RPL: Sending a DIS to fe80::c30c:0:0:3
902475253	ID:34	RPL: Sending a multicast-DIO with rank 287
904228016	ID:33	RPL: Sending a multicast-DIO with rank 601
906476547	ID:36	RPL: Sending a multicast-DIO with rank 516
906918523	ID:35	RPL: Sending a multicast-DIO with rank 640
907475253	ID:34	RPL: Sending a multicast-DIO with rank 287
909228016	ID:33	RPL: Sending a multicast-DIO with rank 601
911476547	ID:36	RPL: Sending a multicast-DIO with rank 516
911918523	ID:35	RPL: Sending a multicast-DIO with rank 640
912475252	ID:34	RPL: Sending a multicast-DIO with rank 287
914228016	ID:33	RPL: Sending a multicast-DIO with rank 601
916476548	ID:36	RPL: Sending a multicast-DIO with rank 516
916918523	ID:35	RPL: Sending a multicast-DIO with rank 640
917475253	ID:34	RPL: Sending a multicast-DIO with rank 287
919228016	ID:33	RPL: Sending a multicast-DIO with rank 601
921476547	ID:36	RPL: Sending a multicast-DIO with rank 516
921918523	ID:35	RPL: Sending a multicast-DIO with rank 640
922475253	ID:34	RPL: Sending a multicast-DIO with rank 287
924228016	ID:33	RPL: Sending a multicast-DIO with rank 601
926476547	ID:36	RPL: Sending a multicast-DIO with rank 516
926918523	ID:35	RPL: Sending a multicast-DIO with rank 640
927475252	ID:34	RPL: Sending a multicast-DIO with rank 287
929228016	ID:33	RPL: Sending a multicast-DIO with rank 601
931476548	ID:36	RPL: Sending a multicast-DIO with rank 516
931918523	ID:35	RPL: Sending a multicast-DIO with rank 640
932475253	ID:34	RPL: Sending a multicast-DIO with rank 287
934228016	ID:33	RPL: Sending a multicast-DIO with rank 601
936476547	ID:36	RPL: Sending a multicast-DIO with rank 516
936918523	ID:35	RPL: Sending a multicast-DIO with rank 640
937475253	ID:34	RPL: Sending a multicast-DIO with rank 287
939228016	ID:33	RPL: Sending a multicast-DIO with rank 601
941476547	ID:36	RPL: Sending a multicast-DIO with rank 516
941918523	ID:35	RPL: Sending a multicast-DIO with rank 640
942475252	ID:34	RPL: Sending a multicast-DIO with rank 287
944228016	ID:33	RPL: Sending a multicast-DIO with rank 601
946476548	ID:36	RPL: Sending a multicast-DIO with rank 516
946918523	ID:35	RPL: Sending a multicast-DIO with rank 640
947475253	ID:34	RPL: Sending a multicast-DIO with rank 287
949228016	ID:33	RPL: Sending a multicast-DIO with rank 601
951476547	ID:36	RPL: Sending a multicast-DIO with rank 516
951918523	ID:35	RPL: Sending a multicast-DIO with rank 640
952475253	ID:34	RPL: Sending a multicast-DIO with rank 287
954228016	ID:33	RPL: Sending a multicast-DIO with rank 601
956476547	ID:36	RPL: Sending a multicast-DIO with rank 516
956918523	ID:35	RPL: Sending a multicast-DIO with rank 640
957475252	ID:34	RPL: Sending a multicast-DIO with rank 287
959228016	ID:33	RPL: Sending a multicast-DIO with rank 601
961476548	ID:36	RPL: Sending a multicast-DIO with rank 516
961918523	ID:35	RPL: Sending a multicast-DIO with rank 640
962031090	ID:32	RPL: Sending a DIS to fe80::c30c:0:0:3
962475253	ID:34	RPL: Sending a multicast-DIO with rank 287
964228016	ID:33	RPL: Sending a multicast-DIO with rank 601
966476547	ID:36	RPL: Sending a multicast-DIO with rank 516
966918523	ID:35	RPL: Sending a multicast-DIO with rank 640
967475253	ID:34	RPL: Sending a multicast-DIO with rank 287
969228016	ID:33	RPL: Sending a multicast-DIO with rank 601
971476547	ID:36	RPL: Sending a multicast-DIO with rank 516
971918523	ID:35	RPL: Sending a multicast-DIO with rank 640
972475252	ID:34	RPL: Sending a multicast-DIO with rank 287
974228016	ID:33	RPL: Sending a multicast-DIO with rank 601
976476548	ID:36	RPL: Sending a multicast-DIO with rank 516
976918523	ID:35	RPL: Sending a multicast-DIO with rank 640
977475253	ID:34	RPL: Sending a multicast-DIO with rank 287
979228016	ID:33	RPL: Sending a multicast-DIO with rank 601
981476547	ID:36	RPL: Sending a multicast-DIO with rank 516
981918523	ID:35	RPL: Sending a multicast-DIO with rank 640
982475253	ID:34	RPL: Sending a multicast-DIO with rank 287
984228016	ID:33	RPL: Sending a multicast-DIO with rank 601
986476547	ID:36	RPL: Sending a multicast-DIO with rank 516
986918523	ID:35	RPL: Sending a multicast-DIO with rank 640
987475252	ID:34	RPL: Sending a multicast-DIO with rank 287
989228016	ID:33	RPL: Sending a multicast-DIO with rank 601
991476548	ID:36	RPL: Sending a multicast-DIO with rank 516
991918523	ID:35	RPL: Sending a multicast-DIO with rank 640
992475253	ID:34	RPL: Sending a multicast-DIO with rank 287
994228016	ID:33	RPL: Sending a multicast-DIO with rank 601
996476547	ID:36	RPL: Sending a multicast-DIO with rank 516
996918523	ID:35	RPL: Sending a multicast-DIO with rank 640
997475253	ID:34	RPL: Sending a multicast-DIO with rank 287
999228016	ID:33	RPL: Sending a multicast-DIO with rank 601
1001476547	ID:36	RPL: Sending a multicast-DIO with rank 516
1001918523	ID:35	RPL: Sending a multicast-DIO with rank 640
1002475253	ID:34	RPL: Sending a multicast-DIO with rank 287
1004228016	ID:33	RPL: Sending a multicast-DIO with rank 601
1006476548	ID:36	RPL: Sending a multicast-DIO with rank 516
1006918523	ID:35	RPL: Sending a multicast-DIO with rank 640
1007475253	ID:34	RPL: Sending a multicast-DIO with rank 287
1009228016	ID:33	RPL: Sending a multicast-DIO with rank 601
1011476547	ID:36	RPL: Sending a multicast-DIO with rank 516
1011918523	ID:35	RPL: Sending a multicast-DIO with rank 640
1012475253	ID:34	RPL: Sending a multicast-DIO with rank 287
1014228016	ID:33	RPL: Sending a multicast-DIO with rank 601
1016476547	ID:36	RPL: Sending a multicast-DIO with rank 516
1016918523	ID:35	RPL: Sending a multicast-DIO with rank 640
1017475252	ID:34	RPL: Sending a multicast-DIO with rank 287
1019228016	ID:33	RPL: Sending a multicast-DIO with rank 601
1021476548	ID:36	RPL: Sending a multicast-DIO with rank 516
1021918523	ID:35	RPL: Sending a multicast-DIO with rank 640
1022031090	ID:32	RPL: Sending a DIS to fe80::c30c:0:0:3
1022475253	ID:34	RPL: Sending a multicast-DIO with rank 287
1024228016	ID:33	RPL: Sending a multicast-DIO with rank 601
1026476548	ID:36	RPL: Sending a multicast-DIO with rank 516
1026918524	ID:35	RPL: Sending a multicast-DIO with rank 640
1027475253	ID:34	RPL: Sending a multicast-DIO with rank 287
1029228017	ID:33	RPL: Sending a multicast-DIO with rank 601
1031476548	ID:36	RPL: Sending a multicast-DIO with rank 516
1031918523	ID:35	RPL: Sending a multicast-DIO with rank 640
1032475253	ID:34	RPL: Sending a multicast-DIO with rank 287
1034228017	ID:33	RPL: Sending a multicast-DIO with rank 601
1036476548	ID:36	RPL: Sending a multicast-DIO with rank 516
1036918524	ID:35	RPL: Sending a multicast-DIO with rank 640
1037475253	ID:34	RPL: Sending a multicast-DIO with rank 287
1039228017	ID:33	RPL: Sending a multicast-DIO with rank 601
1041476548	ID:36	RPL: Sending a multicast-DIO with rank 516
1041918524	ID:35	RPL: Sending a multicast-DIO with rank 640
1042475253	ID:34	RPL: Sending a multicast-DIO with rank 287
1044228017	ID:33	RPL: Sending a multicast-DIO with rank 601
1046476548	ID:36	RPL: Sending a multicast-DIO with rank 516
1046918523	ID:35	RPL: Sending a multicast-DIO with rank 640
1047475253	ID:34	RPL: Sending a multicast-DIO with rank 287
1049228017	ID:33	RPL: Sending a multicast-DIO with rank 601
1051476548	ID:36	RPL: Sending a multicast-DIO with rank 516
1051918524	ID:35	RPL: Sending a multicast-DIO with rank 640
1052475253	ID:34	RPL: Sending a multicast-DIO with rank 287
1054228017	ID:33	RPL: Sending a multicast-DIO with rank 601
1056476548	ID:36	RPL: Sending a multicast-DIO with rank 516
1056918524	ID:35	RPL: Sending a multicast-DIO with rank 640
1057475253	ID:34	RPL: Sending a multicast-DIO with rank 287
1059228017	ID:33	RPL: Sending a multicast-DIO with rank 601
1061476548	ID:36	RPL: Sending a multicast-DIO with rank 516
1061918523	ID:35	RPL: Sending a multicast-DIO with rank 640
1062475253	ID:34	RPL: Sending a multicast-DIO with rank 287
1064228017	ID:33	RPL: Sending a multicast-DIO with rank 601
1066476548	ID:36	RPL: Sending a multicast-DIO with rank 516
1066918524	ID:35	RPL: Sending a multicast-DIO with rank 640
1067475260	ID:34	RPL: Sending a multicast-DIO with rank 287
1069228017	ID:33	RPL: Sending a multicast-DIO with rank 601
1071476548	ID:36	RPL: Sending a multicast-DIO with rank 516
1071918524	ID:35	RPL: Sending a multicast-DIO with rank 640
1072475253	ID:34	RPL: Sending a multicast-DIO with rank 287
1074228017	ID:33	RPL: Sending a multicast-DIO with rank 601
1076476548	ID:36	RPL: Sending a multicast-DIO with rank 516
1076918523	ID:35	RPL: Sending a multicast-DIO with rank 640
1077475253	ID:34	RPL: Sending a multicast-DIO with rank 287
1079228017	ID:33	RPL: Sending a multicast-DIO with rank 601
1081476548	ID:36	RPL: Sending a multicast-DIO with rank 516
1081918524	ID:35	RPL: Sending a multicast-DIO with rank 640
1082031090	ID:32	RPL: Sending a DIS to fe80::c30c:0:0:3
1082475253	ID:34	RPL: Sending a multicast-DIO with rank 287
1084228017	ID:33	RPL: Sending a multicast-DIO with rank 601
1086476548	ID:36	RPL: Sending a multicast-DIO with rank 516
1086918524	ID:35	RPL: Sending a multicast-DIO with rank 640
1087475253	ID:34	RPL: Sending a multicast-DIO with rank 287
1089228017	ID:33	RPL: Sending a multicast-DIO with rank 601
1091476548	ID:36	RPL: Sending a multicast-DIO with rank 516
1091918523	ID:35	RPL: Sending a multicast-DIO with rank 640
1092475253	ID:34	RPL: Sending a multicast-DIO with rank 287
1094228017	ID:33	RPL: Sending a multicast-DIO with rank 601
1096476548	ID:36	RPL: Sending a multicast-DIO with rank 516
1096918524	ID:35	RPL: Sending a multicast-DIO with rank 640
1097475253	ID:34	RPL: Sending a multicast-DIO with rank 287
1099228024	ID:33	RPL: Sending a multicast-DIO with rank 601
1101476548	ID:36	RPL: Sending a multicast-DIO with rank 516
1101918524	ID:35	RPL: Sending a multicast-DIO with rank 640
1102475253	ID:34	RPL: Sending a multicast-DIO with rank 287
1104228017	ID:33	RPL: Sending a multicast-DIO with rank 601
1106476548	ID:36	RPL: Sending a multicast-DIO with rank 516
1106918523	ID:35	RPL: Sending a multicast-DIO with rank 640
1107475253	ID:34	RPL: Sending a multicast-DIO with rank 287
1109228017	ID:33	RPL: Sending a multicast-DIO with rank 601
1111476548	ID:36	RPL: Sending a multicast-DIO with rank 516
1111918524	ID:35	RPL: Sending a multicast-DIO with rank 640
1112475253	ID:34	RPL: Sending a multicast-DIO with rank 287
1114228017	ID:33	RPL: Sending a multicast-DIO with rank 601
1116476548	ID:36	RPL: Sending a multicast-DIO with rank 516
1116918524	ID:35	RPL: Sending a multicast-DIO with rank 640
1117475253	ID:34	RPL: Sending a multicast-DIO with rank 287
1119228017	ID:33	RPL: Sending a multicast-DIO with rank 601
1121476548	ID:36	RPL: Sending a multicast-DIO with rank 516
1121918523	ID:35	RPL: Sending a multicast-DIO with rank 640
1122475253	ID:34	RPL: Sending a multicast-DIO with rank 287
1124228017	ID:33	RPL: Sending a multicast-DIO with rank 601
1126476548	ID:36	RPL: Sending a multicast-DIO with rank 516
1126918524	ID:35	RPL: Sending a multicast-DIO with rank 640
1127475253	ID:34	RPL: Sending a multicast-DIO with rank 287
1129228017	ID:33	RPL: Sending a multicast-DIO with rank 601
1131476548	ID:36	RPL: Sending a multicast-DIO with rank 516
1131918524	ID:35	RPL: Sending a multicast-DIO with rank 640
1132475253	ID:34	RPL: Sending a multicast-DIO with rank 287
1134228017	ID:33	RPL: Sending a multicast-DIO with rank 601
1136476548	ID:36	RPL: Sending a multicast-DIO with rank 516
1136918523	ID:35	RPL: Sending a multicast-DIO with rank 640
1137475253	ID:34	RPL: Sending a multicast-DIO with rank 287
1139228017	ID:33	RPL: Sending a multicast-DIO with rank 601
1141476548	ID:36	RPL: Sending a multicast-DIO with rank 516
1141918524	ID:35	RPL: Sending a multicast-DIO with rank 640
1142031090	ID:32	RPL: Sending a DIS to fe80::c30c:0:0:3
1142475253	ID:34	RPL: Sending a multicast-DIO with rank 287
1144228017	ID:33	RPL: Sending a multicast-DIO with rank 601
1146476548	ID:36	RPL: Sending a multicast-DIO with rank 516
1146918524	ID:35	RPL: Sending a multicast-DIO with rank 640
1147475253	ID:34	RPL: Sending a multicast-DIO with rank 287
1149228017	ID:33	RPL: Sending a multicast-DIO with rank 601
1151476548	ID:36	RPL: Sending a multicast-DIO with rank 516
1151918523	ID:35	RPL: Sending a multicast-DIO with rank 640
1152475253	ID:34	RPL: Sending a multicast-DIO with rank 287
1154228017	ID:33	RPL: Sending a multicast-DIO with rank 601
1156476548	ID:36	RPL: Sending a multicast-DIO with rank 516
1156918524	ID:35	RPL: Sending a multicast-DIO with rank 640
1157475253	ID:34	RPL: Sending a multicast-DIO with rank 287
1159228017	ID:33	RPL: Sending a multicast-DIO with rank 601
1161476548	ID:36	RPL: Sending a multicast-DIO with rank 516
1161918524	ID:35	RPL: Sending a multicast-DIO with rank 640
1162475253	ID:34	RPL: Sending a multicast-DIO with rank 287
1164228017	ID:33	RPL: Sending a multicast-DIO with rank 601
1166476548	ID:36	RPL: Sending a multicast-DIO with rank 516
1166918523	ID:35	RPL: Sending a multicast-DIO with rank 640
1167475253	ID:34	RPL: Sending a multicast-DIO with rank 287
1169228017	ID:33	RPL: Sending a multicast-DIO with rank 601
1171476548	ID:36	RPL: Sending a multicast-DIO with rank 516
1171918524	ID:35	RPL: Sending a multicast-DIO with rank 640
1172475253	ID:34	RPL: Sending a multicast-DIO with rank 287
1174228017	ID:33	RPL: Sending a multicast-DIO with rank 601
1176476548	ID:36	RPL: Sending a multicast-DIO with rank 516
1176918524	ID:35	RPL: Sending a multicast-DIO with rank 640
1177475253	ID:34	RPL: Sending a multicast-DIO with rank 287
1179228017	ID:33	RPL: Sending a multicast-DIO with rank 601
1181476548	ID:36	RPL: Sending a multicast-DIO with rank 516
1181918523	ID:35	RPL: Sending a multicast-DIO with rank 640
1182475253	ID:34	RPL: Sending a multicast-DIO with rank 287
1184228017	ID:33	RPL: Sending a multicast-DIO with rank 601
1186476548	ID:36	RPL: Sending a multicast-DIO with rank 516
1186918524	ID:35	RPL: Sending a multicast-DIO with rank 640
1187475253	ID:34	RPL: Sending a multicast-DIO with rank 287
1189228017	ID:33	RPL: Sending a multicast-DIO with rank 601
1191476548	ID:36	RPL: Sending a multicast-DIO with rank 516
1191918524	ID:35	RPL: Sending a multicast-DIO with rank 640
1192475253	ID:34	RPL: Sending a multicast-DIO with rank 287
1194228017	ID:33	RPL: Sending a multicast-DIO with rank 601
1196476548	ID:36	RPL: Sending a multicast-DIO with rank 516
1196918530	ID:35	RPL: Sending a multicast-DIO with rank 640
1197475253	ID:34	RPL: Sending a multicast-DIO with rank 287
1199228017	ID:33	RPL: Sending a multicast-DIO with rank 601
1201476553	ID:36	RPL: Sending a multicast-DIO with rank 516
1201918528	ID:35	RPL: Sending a multicast-DIO with rank 640
1202031090	ID:32	RPL: Sending a DIS to fe80::c30c:0:0:3
1202475258	ID:34	RPL: Sending a multicast-DIO with rank 287
1204228022	ID:33	RPL: Sending a multicast-DIO with rank 601
1206476547	ID:36	RPL: Sending a multicast-DIO with rank 516
1206918522	ID:35	RPL: Sending a multicast-DIO with rank 640
1207475252	ID:34	RPL: Sending a multicast-DIO with rank 287
1209228016	ID:33	RPL: Sending a multicast-DIO with rank 601
1211476547	ID:36	RPL: Sending a multicast-DIO with rank 516
1211918522	ID:35	RPL: Sending a multicast-DIO with rank 640
1212475252	ID:34	RPL: Sending a multicast-DIO with rank 287
1214228016	ID:33	RPL: Sending a multicast-DIO with rank 601
1216476547	ID:36	RPL: Sending a multicast-DIO with rank 516
1216918522	ID:35	RPL: Sending a multicast-DIO with rank 640
1217475252	ID:34	RPL: Sending a multicast-DIO with rank 287
1219228016	ID:33	RPL: Sending a multicast-DIO with rank 601
1221476554	ID:36	RPL: Sending a multicast-DIO with rank 516
1221918522	ID:35	RPL: Sending a multicast-DIO with rank 640
1222475252	ID:34	RPL: Sending a multicast-DIO with rank 287
1224228016	ID:33	RPL: Sending a multicast-DIO with rank 601
1226476547	ID:36	RPL: Sending a multicast-DIO with rank 516
1226918522	ID:35	RPL: Sending a multicast-DIO with rank 640
1227475252	ID:34	RPL: Sending a multicast-DIO with rank 287
1229228016	ID:33	RPL: Sending a multicast-DIO with rank 601
1231476547	ID:36	RPL: Sending a multicast-DIO with rank 516
1231918522	ID:35	RPL: Sending a multicast-DIO with rank 640
1232475252	ID:34	RPL: Sending a multicast-DIO with rank 287
1234228016	ID:33	RPL: Sending a multicast-DIO with rank 601
1236476547	ID:36	RPL: Sending a multicast-DIO with rank 516
1236918522	ID:35	RPL: Sending a multicast-DIO with rank 640
1237475252	ID:34	RPL: Sending a multicast-DIO with rank 287
1239228016	ID:33	RPL: Sending a multicast-DIO with rank 601
1241476547	ID:36	RPL: Sending a multicast-DIO with rank 516
1241918522	ID:35	RPL: Sending a multicast-DIO with rank 640
1242475252	ID:34	RPL: Sending a multicast-DIO with rank 287
1244228016	ID:33	RPL: Sending a multicast-DIO with rank 601
1246476547	ID:36	RPL: Sending a multicast-DIO with rank 516
1246918522	ID:35	RPL: Sending a multicast-DIO with rank 640
1247475252	ID:34	RPL: Sending a multicast-DIO with rank 287
1249228016	ID:33	RPL: Sending a multicast-DIO with rank 601
1251476547	ID:36	RPL: Sending a multicast-DIO with rank 516
1251918522	ID:35	RPL: Sending a multicast-DIO with rank 640
1252475252	ID:34	RPL: Sending a multicast-DIO with rank 287
1254228016	ID:33	RPL: Sending a multicast-DIO with rank 601
1256476547	ID:36	RPL: Sending a multicast-DIO with rank 516
1256918522	ID:35	RPL: Sending a multicast-DIO with rank 640
1257475252	ID:34	RPL: Sending a multicast-DIO with rank 287
1259228016	ID:33	RPL: Sending a multicast-DIO with rank 601
1261476547	ID:36	RPL: Sending a multicast-DIO with rank 516
1261918522	ID:35	RPL: Sending a multicast-DIO with rank 640
1262031091	ID:32	RPL: Sending a DIS to fe80::c30c:0:0:3
1262475252	ID:34	RPL: Sending a multicast-DIO with rank 287
1264228016	ID:33	RPL: Sending a multicast-DIO with rank 601
1266476547	ID:36	RPL: Sending a multicast-DIO with rank 516
1266918522	ID:35	RPL: Sending a multicast-DIO with rank 640
1267475252	ID:34	RPL: Sending a multicast-DIO with rank 287
1269228016	ID:33	RPL: Sending a multicast-DIO with rank 601
1271476547	ID:36	RPL: Sending a multicast-DIO with rank 516
1271918522	ID:35	RPL: Sending a multicast-DIO with rank 640
1272475252	ID:34	RPL: Sending a multicast-DIO with rank 287
1274228016	ID:33	RPL: Sending a multicast-DIO with rank 601
1276476547	ID:36	RPL: Sending a multicast-DIO with rank 516
1276918522	ID:35	RPL: Sending a multicast-DIO with rank 640
1277475252	ID:34	RPL: Sending a multicast-DIO with rank 287
1279228016	ID:33	RPL: Sending a multicast-DIO with rank 601
1281476547	ID:36	RPL: Sending a multicast-DIO with rank 516
1281918522	ID:35	RPL: Sending a multicast-DIO with rank 640
1282475252	ID:34	RPL: Sending a multicast-DIO with rank 287
1284228016	ID:33	RPL: Sending a multicast-DIO with rank 601
1286476547	ID:36	RPL: Sending a multicast-DIO with rank 516
1286918522	ID:35	RPL: Sending a multicast-DIO with rank 640
1287475252	ID:34	RPL: Sending a multicast-DIO with rank 287
1289228016	ID:33	RPL: Sending a multicast-DIO with rank 601
1291476547	ID:36	RPL: Sending a multicast-DIO with rank 516
1291918522	ID:35	RPL: Sending a multicast-DIO with rank 640
1292475252	ID:34	RPL: Sending a multicast-DIO with rank 287
1294228016	ID:33	RPL: Sending a multicast-DIO with rank 601
1296476547	ID:36	RPL: Sending a multicast-DIO with rank 516
1296918522	ID:35	RPL: Sending a multicast-DIO with rank 640
1297475252	ID:34	RPL: Sending a multicast-DIO with rank 287
1299228016	ID:33	RPL: Sending a multicast-DIO with rank 601
1301476547	ID:36	RPL: Sending a multicast-DIO with rank 516
1301918522	ID:35	RPL: Sending a multicast-DIO with rank 640
1302475252	ID:34	RPL: Sending a multicast-DIO with rank 287
1304228016	ID:33	RPL: Sending a multicast-DIO with rank 601
1306476547	ID:36	RPL: Sending a multicast-DIO with rank 516
1306918522	ID:35	RPL: Sending a multicast-DIO with rank 640
1307475252	ID:34	RPL: Sending a multicast-DIO with rank 287
1309228016	ID:33	RPL: Sending a multicast-DIO with rank 601
1311476547	ID:36	RPL: Sending a multicast-DIO with rank 516
1311918522	ID:35	RPL: Sending a multicast-DIO with rank 640
1312475252	ID:34	RPL: Sending a multicast-DIO with rank 287
1314228016	ID:33	RPL: Sending a multicast-DIO with rank 601
1316476547	ID:36	RPL: Sending a multicast-DIO with rank 516
1316918522	ID:35	RPL: Sending a multicast-DIO with rank 640
1317475252	ID:34	RPL: Sending a multicast-DIO with rank 287
1319228016	ID:33	RPL: Sending a multicast-DIO with rank 601
1321476547	ID:36	RPL: Sending a multicast-DIO with rank 516
1321918522	ID:35	RPL: Sending a multicast-DIO with rank 640
1322031091	ID:32	RPL: Sending a DIS to fe80::c30c:0:0:3
1322475252	ID:34	RPL: Sending a multicast-DIO with rank 287
1324228016	ID:33	RPL: Sending a multicast-DIO with rank 601
1326476547	ID:36	RPL: Sending a multicast-DIO with rank 516
1326918522	ID:35	RPL: Sending a multicast-DIO with rank 640
1327475252	ID:34	RPL: Sending a multicast-DIO with rank 287
1329228016	ID:33	RPL: Sending a multicast-DIO with rank 601
1331476547	ID:36	RPL: Sending a multicast-DIO with rank 516
1331918522	ID:35	RPL: Sending a multicast-DIO with rank 640
1332475252	ID:34	RPL: Sending a multicast-DIO with rank 287
1334228016	ID:33	RPL: Sending a multicast-DIO with rank 601
1336476547	ID:36	RPL: Sending a multicast-DIO with rank 516
1336918522	ID:35	RPL: Sending a multicast-DIO with rank 640
1337475252	ID:34	RPL: Sending a multicast-DIO with rank 287
1339228016	ID:33	RPL: Sending a multicast-DIO with rank 601
1341476547	ID:36	RPL: Sending a multicast-DIO with rank 516
1341918522	ID:35	RPL: Sending a multicast-DIO with rank 640
1342475252	ID:34	RPL: Sending a multicast-DIO with rank 287
1344228016	ID:33	RPL: Sending a multicast-DIO with rank 601
1346476547	ID:36	RPL: Sending a multicast-DIO with rank 516
1346918522	ID:35	RPL: Sending a multicast-DIO with rank 640
1347475252	ID:34	RPL: Sending a multicast-DIO with rank 287
1349228016	ID:33	RPL: Sending a multicast-DIO with rank 601
1351476547	ID:36	RPL: Sending a multicast-DIO with rank 516
1351918522	ID:35	RPL: Sending a multicast-DIO with rank 640
1352475252	ID:34	RPL: Sending a multicast-DIO with rank 287
1354228016	ID:33	RPL: Sending a multicast-DIO with rank 601
1356476547	ID:36	RPL: Sending a multicast-DIO with rank 516
1356918522	ID:35	RPL: Sending a multicast-DIO with rank 640
1357475252	ID:34	RPL: Sending a multicast-DIO with rank 287
1359228016	ID:33	RPL: Sending a multicast-DIO with rank 601
1361476547	ID:36	RPL: Sending a multicast-DIO with rank 516
1361918522	ID:35	RPL: Sending a multicast-DIO with rank 640
1362475252	ID:34	RPL: Sending a multicast-DIO with rank 287
1364228016	ID:33	RPL: Sending a multicast-DIO with rank 601
1366476547	ID:36	RPL: Sending a multicast-DIO with rank 516
1366918522	ID:35	RPL: Sending a multicast-DIO with rank 640
1367475252	ID:34	RPL: Sending a multicast-DIO with rank 287
1369228016	ID:33	RPL: Sending a multicast-DIO with rank 601
1371476547	ID:36	RPL: Sending a multicast-DIO with rank 516
1371918522	ID:35	RPL: Sending a multicast-DIO with rank 640
1372475252	ID:34	RPL: Sending a multicast-DIO with rank 287
1374228016	ID:33	RPL: Sending a multicast-DIO with rank 601
1376476547	ID:36	RPL: Sending a multicast-DIO with rank 516
1376918522	ID:35	RPL: Sending a multicast-DIO with rank 640
1377475252	ID:34	RPL: Sending a multicast-DIO with rank 287
1379228016	ID:33	RPL: Sending a multicast-DIO with rank 601
1381476547	ID:36	RPL: Sending a multicast-DIO with rank 516
1381918522	ID:35	RPL: Sending a multicast-DIO with rank 640
1382031091	ID:32	RPL: Sending a DIS to fe80::c30c:0:0:3
1382475259	ID:34	RPL: Sending a multicast-DIO with rank 287
1384228016	ID:33	RPL: Sending a multicast-DIO with rank 601
1386476547	ID:36	RPL: Sending a multicast-DIO with rank 516
1386918522	ID:35	RPL: Sending a multicast-DIO with rank 640
1387475252	ID:34	RPL: Sending a multicast-DIO with rank 287
1389228016	ID:33	RPL: Sending a multicast-DIO with rank 601
1391476547	ID:36	RPL: Sending a multicast-DIO with rank 516
1391918522	ID:35	RPL: Sending a multicast-DIO with rank 640
1392475252	ID:34	RPL: Sending a multicast-DIO with rank 287
1394228016	ID:33	RPL: Sending a multicast-DIO with rank 601
1396476547	ID:36	RPL: Sending a multicast-DIO with rank 516
1396918522	ID:35	RPL: Sending a multicast-DIO with rank 640
1397475252	ID:34	RPL: Sending a multicast-DIO with rank 287
1399228016	ID:33	RPL: Sending a multicast-DIO with rank 601
1401476547	ID:36	RPL: Sending a multicast-DIO with rank 516
1401918522	ID:35	RPL: Sending a multicast-DIO with rank 640
1402475252	ID:34	RPL: Sending a multicast-DIO with rank 287
1404228016	ID:33	RPL: Sending a multicast-DIO with rank 601
1406476547	ID:36	RPL: Sending a multicast-DIO with rank 516
1406918522	ID:35	RPL: Sending a multicast-DIO with rank 640
1407475252	ID:34	RPL: Sending a multicast-DIO with rank 287
1409228016	ID:33	RPL: Sending a multicast-DIO with rank 601
1411476547	ID:36	RPL: Sending a multicast-DIO with rank 516
1411918522	ID:35	RPL: Sending a multicast-DIO with rank 640
1412475252	ID:34	RPL: Sending a multicast-DIO with rank 287
1414228016	ID:33	RPL: Sending a multicast-DIO with rank 601
1416476547	ID:36	RPL: Sending a multicast-DIO with rank 516
1416918522	ID:35	RPL: Sending a multicast-DIO with rank 640
1417475252	ID:34	RPL: Sending a multicast-DIO with rank 287
1419228016	ID:33	RPL: Sending a multicast-DIO with rank 601
1421476547	ID:36	RPL: Sending a multicast-DIO with rank 516
1421918522	ID:35	RPL: Sending a multicast-DIO with rank 640
1422475252	ID:34	RPL: Sending a multicast-DIO with rank 287
1424228016	ID:33	RPL: Sending a multicast-DIO with rank 601
1426476547	ID:36	RPL: Sending a multicast-DIO with rank 516
1426918522	ID:35	RPL: Sending a multicast-DIO with rank 640
1427475252	ID:34	RPL: Sending a multicast-DIO with rank 287
1429228016	ID:33	RPL: Sending a multicast-DIO with rank 601
1431476547	ID:36	RPL: Sending a multicast-DIO with rank 516
1431918522	ID:35	RPL: Sending a multicast-DIO with rank 640
1432475252	ID:34	RPL: Sending a multicast-DIO with rank 287
1434228016	ID:33	RPL: Sending a multicast-DIO with rank 601
1436476547	ID:36	RPL: Sending a multicast-DIO with rank 516
1436918522	ID:35	RPL: Sending a multicast-DIO with rank 640
1437475252	ID:34	RPL: Sending a multicast-DIO with rank 287
1439228016	ID:33	RPL: Sending a multicast-DIO with rank 601
1441476547	ID:36	RPL: Sending a multicast-DIO with rank 516
1441918522	ID:35	RPL: Sending a multicast-DIO with rank 640
1442031091	ID:32	RPL: Sending a DIS to fe80::c30c:0:0:3
1442475252	ID:34	RPL: Sending a multicast-DIO with rank 287
1444228016	ID:33	RPL: Sending a multicast-DIO with rank 601
1446476547	ID:36	RPL: Sending a multicast-DIO with rank 516
1446918522	ID:35	RPL: Sending a multicast-DIO with rank 640
1447475252	ID:34	RPL: Sending a multicast-DIO with rank 287
1449228016	ID:33	RPL: Sending a multicast-DIO with rank 601
1451476547	ID:36	RPL: Sending a multicast-DIO with rank 516
1451918522	ID:35	RPL: Sending a multicast-DIO with rank 640
1452475252	ID:34	RPL: Sending a multicast-DIO with rank 287
1454228016	ID:33	RPL: Sending a multicast-DIO with rank 601
1456476547	ID:36	RPL: Sending a multicast-DIO with rank 516
1456918522	ID:35	RPL: Sending a multicast-DIO with rank 640
1457475252	ID:34	RPL: Sending a multicast-DIO with rank 287
1459228016	ID:33	RPL: Sending a multicast-DIO with rank 601
1461476547	ID:36	RPL: Sending a multicast-DIO with rank 516
1461918522	ID:35	RPL: Sending a multicast-DIO with rank 640
1462475252	ID:34	RPL: Sending a multicast-DIO with rank 287
1464228016	ID:33	RPL: Sending a multicast-DIO with rank 601
1466476547	ID:36	RPL: Sending a multicast-DIO with rank 516
1466918522	ID:35	RPL: Sending a multicast-DIO with rank 640
1467475252	ID:34	RPL: Sending a multicast-DIO with rank 287
1469228016	ID:33	RPL: Sending a multicast-DIO with rank 601
1471476547	ID:36	RPL: Sending a multicast-DIO with rank 516
1471918522	ID:35	RPL: Sending a multicast-DIO with rank 640
1472475252	ID:34	RPL: Sending a multicast-DIO with rank 287
1474228016	ID:33	RPL: Sending a multicast-DIO with rank 601
1476476547	ID:36	RPL: Sending a multicast-DIO with rank 516
1476918522	ID:35	RPL: Sending a multicast-DIO with rank 640
1477475252	ID:34	RPL: Sending a multicast-DIO with rank 287
1479228016	ID:33	RPL: Sending a multicast-DIO with rank 601
1481476547	ID:36	RPL: Sending a multicast-DIO with rank 516
1481918522	ID:35	RPL: Sending a multicast-DIO with rank 640
1482475252	ID:34	RPL: Sending a multicast-DIO with rank 287
1484228016	ID:33	RPL: Sending a multicast-DIO with rank 601
1486476547	ID:36	RPL: Sending a multicast-DIO with rank 516
1486918522	ID:35	RPL: Sending a multicast-DIO with rank 640
1487475252	ID:34	RPL: Sending a multicast-DIO with rank 287
1489228016	ID:33	RPL: Sending a multicast-DIO with rank 601
1491476547	ID:36	RPL: Sending a multicast-DIO with rank 516
1491918522	ID:35	RPL: Sending a multicast-DIO with rank 640
1492475252	ID:34	RPL: Sending a multicast-DIO with rank 287
1494228016	ID:33	RPL: Sending a multicast-DIO with rank 601
1496476547	ID:36	RPL: Sending a multicast-DIO with rank 516
1496918522	ID:35	RPL: Sending a multicast-DIO with rank 640
1497475252	ID:34	RPL: Sending a multicast-DIO with rank 287
1499228016	ID:33	RPL: Sending a multicast-DIO with rank 601
1501476547	ID:36	RPL: Sending a multicast-DIO with rank 516
1501918522	ID:35	RPL: Sending a multicast-DIO with rank 640
1502031091	ID:32	RPL: Sending a DIS to fe80::c30c:0:0:3
1502475252	ID:34	RPL: Sending a multicast-DIO with rank 287
1504228023	ID:33	RPL: Sending a multicast-DIO with rank 601
1506476547	ID:36	RPL: Sending a multicast-DIO with rank 516
1506918522	ID:35	RPL: Sending a multicast-DIO with rank 640
1507475252	ID:34	RPL: Sending a multicast-DIO with rank 287
1509228016	ID:33	RPL: Sending a multicast-DIO with rank 601
1511476547	ID:36	RPL: Sending a multicast-DIO with rank 516
1511918522	ID:35	RPL: Sending a multicast-DIO with rank 640
1512475252	ID:34	RPL: Sending a multicast-DIO with rank 287
1514228016	ID:33	RPL: Sending a multicast-DIO with rank 601
1516476547	ID:36	RPL: Sending a multicast-DIO with rank 516
1516918522	ID:35	RPL: Sending a multicast-DIO with rank 640
1517475252	ID:34	RPL: Sending a multicast-DIO with rank 287
1519228016	ID:33	RPL: Sending a multicast-DIO with rank 601
1521476547	ID:36	RPL: Sending a multicast-DIO with rank 516
1521918522	ID:35	RPL: Sending a multicast-DIO with rank 640
1522475252	ID:34	RPL: Sending a multicast-DIO with rank 287
1524228016	ID:33	RPL: Sending a multicast-DIO with rank 601
1526476547	ID:36	RPL: Sending a multicast-DIO with rank 516
1526918522	ID:35	RPL: Sending a multicast-DIO with rank 640
1527475252	ID:34	RPL: Sending a multicast-DIO with rank 287
1529228016	ID:33	RPL: Sending a multicast-DIO with rank 601
1531476547	ID:36	RPL: Sending a multicast-DIO with rank 516
1531918522	ID:35	RPL: Sending a multicast-DIO with rank 640
1532475252	ID:34	RPL: Sending a multicast-DIO with rank 287
1534228016	ID:33	RPL: Sending a multicast-DIO with rank 601
1536476547	ID:36	RPL: Sending a multicast-DIO with rank 516
1536918522	ID:35	RPL: Sending a multicast-DIO with rank 640
1537475252	ID:34	RPL: Sending a multicast-DIO with rank 287
1539228016	ID:33	RPL: Sending a multicast-DIO with rank 601
1541476547	ID:36	RPL: Sending a multicast-DIO with rank 516
1541918522	ID:35	RPL: Sending a multicast-DIO with rank 640
1542475252	ID:34	RPL: Sending a multicast-DIO with rank 287
1544228016	ID:33	RPL: Sending a multicast-DIO with rank 601
1546476547	ID:36	RPL: Sending a multicast-DIO with rank 516
1546918522	ID:35	RPL: Sending a multicast-DIO with rank 640
1547475252	ID:34	RPL: Sending a multicast-DIO with rank 287
1549228016	ID:33	RPL: Sending a multicast-DIO with rank 601
1551476547	ID:36	RPL: Sending a multicast-DIO with rank 516
1551918522	ID:35	RPL: Sending a multicast-DIO with rank 640
1552475252	ID:34	RPL: Sending a multicast-DIO with rank 287
1554228016	ID:33	RPL: Sending a multicast-DIO with rank 601
1556476547	ID:36	RPL: Sending a multicast-DIO with rank 516
1556918522	ID:35	RPL: Sending a multicast-DIO with rank 640
1557475252	ID:34	RPL: Sending a multicast-DIO with rank 287
1559228016	ID:33	RPL: Sending a multicast-DIO with rank 601
1561476547	ID:36	RPL: Sending a multicast-DIO with rank 516
1561918529	ID:35	RPL: Sending a multicast-DIO with rank 640
1562031091	ID:32	RPL: Sending a DIS to fe80::c30c:0:0:3
1562475252	ID:34	RPL: Sending a multicast-DIO with rank 287
1564228016	ID:33	RPL: Sending a multicast-DIO with rank 601
1566476547	ID:36	RPL: Sending a multicast-DIO with rank 516
1566918522	ID:35	RPL: Sending a multicast-DIO with rank 640
1567475252	ID:34	RPL: Sending a multicast-DIO with rank 287
1569228016	ID:33	RPL: Sending a multicast-DIO with rank 601
1571476547	ID:36	RPL: Sending a multicast-DIO with rank 516
1571918522	ID:35	RPL: Sending a multicast-DIO with rank 640
1572475252	ID:34	RPL: Sending a multicast-DIO with rank 287
1574228016	ID:33	RPL: Sending a multicast-DIO with rank 601
1576476547	ID:36	RPL: Sending a multicast-DIO with rank 516
1576918522	ID:35	RPL: Sending a multicast-DIO with rank 640
1577475252	ID:34	RPL: Sending a multicast-DIO with rank 287
1579228016	ID:33	RPL: Sending a multicast-DIO with rank 601
1581476547	ID:36	RPL: Sending a multicast-DIO with rank 516
1581918522	ID:35	RPL: Sending a multicast-DIO with rank 640
1582475252	ID:34	RPL: Sending a multicast-DIO with rank 287
1584228016	ID:33	RPL: Sending a multicast-DIO with rank 601
1586476547	ID:36	RPL: Sending a multicast-DIO with rank 516
1586918522	ID:35	RPL: Sending a multicast-DIO with rank 640
1587475252	ID:34	RPL: Sending a multicast-DIO with rank 287
1589228016	ID:33	RPL: Sending a multicast-DIO with rank 601
1591476547	ID:36	RPL: Sending a multicast-DIO with rank 516
1591918522	ID:35	RPL: Sending a multicast-DIO with rank 640
1592475252	ID:34	RPL: Sending a multicast-DIO with rank 287
1594228016	ID:33	RPL: Sending a multicast-DIO with rank 601
1596476547	ID:36	RPL: Sending a multicast-DIO with rank 516
1596918522	ID:35	RPL: Sending a multicast-DIO with rank 640
1597475252	ID:34	RPL: Sending a multicast-DIO with rank 287
1599228016	ID:33	RPL: Sending a multicast-DIO with rank 601
1601476547	ID:36	RPL: Sending a multicast-DIO with rank 516
1601918522	ID:35	RPL: Sending a multicast-DIO with rank 640
1602475252	ID:34	RPL: Sending a multicast-DIO with rank 287
1604228016	ID:33	RPL: Sending a multicast-DIO with rank 601
1606476547	ID:36	RPL: Sending a multicast-DIO with rank 516
1606918522	ID:35	RPL: Sending a multicast-DIO with rank 640
1607475252	ID:34	RPL: Sending a multicast-DIO with rank 287
1609228016	ID:33	RPL: Sending a multicast-DIO with rank 601
1611476547	ID:36	RPL: Sending a multicast-DIO with rank 516
1611918522	ID:35	RPL: Sending a multicast-DIO with rank 640
1612475252	ID:34	RPL: Sending a multicast-DIO with rank 287
1614228016	ID:33	RPL: Sending a multicast-DIO with rank 601
1616476547	ID:36	RPL: Sending a multicast-DIO with rank 516
1616918522	ID:35	RPL: Sending a multicast-DIO with rank 640
1617475252	ID:34	RPL: Sending a multicast-DIO with rank 287
1619228016	ID:33	RPL: Sending a multicast-DIO with rank 601
1621476547	ID:36	RPL: Sending a multicast-DIO with rank 516
1621918522	ID:35	RPL: Sending a multicast-DIO with rank 640
1622031091	ID:32	RPL: Sending a DIS to fe80::c30c:0:0:3
1622475252	ID:34	RPL: Sending a multicast-DIO with rank 287
1624228016	ID:33	RPL: Sending a multicast-DIO with rank 601
1626476547	ID:36	RPL: Sending a multicast-DIO with rank 516
1626918522	ID:35	RPL: Sending a multicast-DIO with rank 640
1627475252	ID:34	RPL: Sending a multicast-DIO with rank 287
1629228016	ID:33	RPL: Sending a multicast-DIO with rank 601
1631476547	ID:36	RPL: Sending a multicast-DIO with rank 516
1631918522	ID:35	RPL: Sending a multicast-DIO with rank 640
1632475252	ID:34	RPL: Sending a multicast-DIO with rank 287
1634228016	ID:33	RPL: Sending a multicast-DIO with rank 601
1636476547	ID:36	RPL: Sending a multicast-DIO with rank 516
1636918522	ID:35	RPL: Sending a multicast-DIO with rank 640
1637475252	ID:34	RPL: Sending a multicast-DIO with rank 287
1639228016	ID:33	RPL: Sending a multicast-DIO with rank 601
1641476547	ID:36	RPL: Sending a multicast-DIO with rank 516
1641918522	ID:35	RPL: Sending a multicast-DIO with rank 640
1642475252	ID:34	RPL: Sending a multicast-DIO with rank 287
1644228016	ID:33	RPL: Sending a multicast-DIO with rank 601
1646476547	ID:36	RPL: Sending a multicast-DIO with rank 516
1646918522	ID:35	RPL: Sending a multicast-DIO with rank 640
1647475252	ID:34	RPL: Sending a multicast-DIO with rank 287
1649228016	ID:33	RPL: Sending a multicast-DIO with rank 601
1651476554	ID:36	RPL: Sending a multicast-DIO with rank 516
1651918522	ID:35	RPL: Sending a multicast-DIO with rank 640
1652475252	ID:34	RPL: Sending a multicast-DIO with rank 287
1654228016	ID:33	RPL: Sending a multicast-DIO with rank 601
1656476547	ID:36	RPL: Sending a multicast-DIO with rank 516
1656918522	ID:35	RPL: Sending a multicast-DIO with rank 640
1657475252	ID:34	RPL: Sending a multicast-DIO with rank 287
1659228016	ID:33	RPL: Sending a multicast-DIO with rank 601
1661476547	ID:36	RPL: Sending a multicast-DIO with rank 516
1661918522	ID:35	RPL: Sending a multicast-DIO with rank 640
1662475252	ID:34	RPL: Sending a multicast-DIO with rank 287
1664228016	ID:33	RPL: Sending a multicast-DIO with rank 601
1666476547	ID:36	RPL: Sending a multicast-DIO with rank 516
1666918522	ID:35	RPL: Sending a multicast-DIO with rank 640
1667475252	ID:34	RPL: Sending a multicast-DIO with rank 287
1669228016	ID:33	RPL: Sending a multicast-DIO with rank 601
1671476547	ID:36	RPL: Sending a multicast-DIO with rank 516
1671918522	ID:35	RPL: Sending a multicast-DIO with rank 640
1672475252	ID:34	RPL: Sending a multicast-DIO with rank 287
1674228016	ID:33	RPL: Sending a multicast-DIO with rank 601
1676476547	ID:36	RPL: Sending a multicast-DIO with rank 516
1676918522	ID:35	RPL: Sending a multicast-DIO with rank 640
1677475252	ID:34	RPL: Sending a multicast-DIO with rank 287
1679228016	ID:33	RPL: Sending a multicast-DIO with rank 601
1681476547	ID:36	RPL: Sending a multicast-DIO with rank 516
1681918522	ID:35	RPL: Sending a multicast-DIO with rank 640
1682031091	ID:32	RPL: Sending a DIS to fe80::c30c:0:0:3
1682475252	ID:34	RPL: Sending a multicast-DIO with rank 287
1684228016	ID:33	RPL: Sending a multicast-DIO with rank 601
1686476547	ID:36	RPL: Sending a multicast-DIO with rank 516
1686918522	ID:35	RPL: Sending a multicast-DIO with rank 640
1687475252	ID:34	RPL: Sending a multicast-DIO with rank 287
1689228016	ID:33	RPL: Sending a multicast-DIO with rank 601
1691476547	ID:36	RPL: Sending a multicast-DIO with rank 516
1691918522	ID:35	RPL: Sending a multicast-DIO with rank 640
1692475252	ID:34	RPL: Sending a multicast-DIO with rank 287
1694228016	ID:33	RPL: Sending a multicast-DIO with rank 601
1696476547	ID:36	RPL: Sending a multicast-DIO with rank 516
1696918522	ID:35	RPL: Sending a multicast-DIO with rank 640
1697475252	ID:34	RPL: Sending a multicast-DIO with rank 287
1699228016	ID:33	RPL: Sending a multicast-DIO with rank 601
1701476547	ID:36	RPL: Sending a multicast-DIO with rank 516
1701918522	ID:35	RPL: Sending a multicast-DIO with rank 640
1702475252	ID:34	RPL: Sending a multicast-DIO with rank 287
1704228016	ID:33	RPL: Sending a multicast-DIO with rank 601
1706476547	ID:36	RPL: Sending a multicast-DIO with rank 516
1706918522	ID:35	RPL: Sending a multicast-DIO with rank 640
1707475252	ID:34	RPL: Sending a multicast-DIO with rank 287
1709228016	ID:33	RPL: Sending a multicast-DIO with rank 601
1711476547	ID:36	RPL: Sending a multicast-DIO with rank 516
1711918522	ID:35	RPL: Sending a multicast-DIO with rank 640
1712475252	ID:34	RPL: Sending a multicast-DIO with rank 287
1714228016	ID:33	RPL: Sending a multicast-DIO with rank 601
1716476547	ID:36	RPL: Sending a multicast-DIO with rank 516
1716918522	ID:35	RPL: Sending a multicast-DIO with rank 640
1717475252	ID:34	RPL: Sending a multicast-DIO with rank 287
1719228016	ID:33	RPL: Sending a multicast-DIO with rank 601
1721476547	ID:36	RPL: Sending a multicast-DIO with rank 516
1721918522	ID:35	RPL: Sending a multicast-DIO with rank 640
1722475252	ID:34	RPL: Sending a multicast-DIO with rank 287
1724228016	ID:33	RPL: Sending a multicast-DIO with rank 601
1726476547	ID:36	RPL: Sending a multicast-DIO with rank 516
1726918522	ID:35	RPL: Sending a multicast-DIO with rank 640
1727475252	ID:34	RPL: Sending a multicast-DIO with rank 287
1729228016	ID:33	RPL: Sending a multicast-DIO with rank 601
1731476547	ID:36	RPL: Sending a multicast-DIO with rank 516
1731918522	ID:35	RPL: Sending a multicast-DIO with rank 640
1732475252	ID:34	RPL: Sending a multicast-DIO with rank 287
1734228016	ID:33	RPL: Sending a multicast-DIO with rank 601
1736476547	ID:36	RPL: Sending a multicast-DIO with rank 516
1736918522	ID:35	RPL: Sending a multicast-DIO with rank 640
1737475252	ID:34	RPL: Sending a multicast-DIO with rank 287
1739228016	ID:33	RPL: Sending a multicast-DIO with rank 601
1741476547	ID:36	RPL: Sending a multicast-DIO with rank 516
1741918522	ID:35	RPL: Sending a multicast-DIO with rank 640
1742031012	ID:32	RPL: Sending a DIS to fe80::c30c:0:0:3
1742475252	ID:34	RPL: Sending a multicast-DIO with rank 287
1744228016	ID:33	RPL: Sending a multicast-DIO with rank 601
1746476547	ID:36	RPL: Sending a multicast-DIO with rank 516
1746918522	ID:35	RPL: Sending a multicast-DIO with rank 640
1747475252	ID:34	RPL: Sending a multicast-DIO with rank 287
1749228016	ID:33	RPL: Sending a multicast-DIO with rank 601
1751476547	ID:36	RPL: Sending a multicast-DIO with rank 516
1751918522	ID:35	RPL: Sending a multicast-DIO with rank 640
1752475252	ID:34	RPL: Sending a multicast-DIO with rank 287
1754228016	ID:33	RPL: Sending a multicast-DIO with rank 601
1756476547	ID:36	RPL: Sending a multicast-DIO with rank 516
1756918522	ID:35	RPL: Sending a multicast-DIO with rank 640
1757475252	ID:34	RPL: Sending a multicast-DIO with rank 287
1759228016	ID:33	RPL: Sending a multicast-DIO with rank 601
1761476547	ID:36	RPL: Sending a multicast-DIO with rank 516
1761918522	ID:35	RPL: Sending a multicast-DIO with rank 640
1762475252	ID:34	RPL: Sending a multicast-DIO with rank 287
1764228016	ID:33	RPL: Sending a multicast-DIO with rank 601
1766476547	ID:36	RPL: Sending a multicast-DIO with rank 516
1766918522	ID:35	RPL: Sending a multicast-DIO with rank 640
1767475252	ID:34	RPL: Sending a multicast-DIO with rank 287
1769228016	ID:33	RPL: Sending a multicast-DIO with rank 601
1771476547	ID:36	RPL: Sending a multicast-DIO with rank 516
1771918522	ID:35	RPL: Sending a multicast-DIO with rank 640
1772475252	ID:34	RPL: Sending a multicast-DIO with rank 287
1774228016	ID:33	RPL: Sending a multicast-DIO with rank 601
1776476547	ID:36	RPL: Sending a multicast-DIO with rank 516
1776918522	ID:35	RPL: Sending a multicast-DIO with rank 640
1777475252	ID:34	RPL: Sending a multicast-DIO with rank 287
1779228016	ID:33	RPL: Sending a multicast-DIO with rank 601
1781476547	ID:36	RPL: Sending a multicast-DIO with rank 516
1781918522	ID:35	RPL: Sending a multicast-DIO with rank 640
1782475252	ID:34	RPL: Sending a multicast-DIO with rank 287
1784228016	ID:33	RPL: Sending a multicast-DIO with rank 601
1786476547	ID:36	RPL: Sending a multicast-DIO with rank 516
1786918522	ID:35	RPL: Sending a multicast-DIO with rank 640
1787475252	ID:34	RPL: Sending a multicast-DIO with rank 287
1789228016	ID:33	RPL: Sending a multicast-DIO with rank 601
1791476547	ID:36	RPL: Sending a multicast-DIO with rank 516
1791918522	ID:35	RPL: Sending a multicast-DIO with rank 640
1792475252	ID:34	RPL: Sending a multicast-DIO with rank 287
1794228016	ID:33	RPL: Sending a multicast-DIO with rank 601
1796476547	ID:36	RPL: Sending a multicast-DIO with rank 516
1796918522	ID:35	RPL: Sending a multicast-DIO with rank 640
1797475259	ID:34	RPL: Sending a multicast-DIO with rank 287
1799228016	ID:33	RPL: Sending a multicast-DIO with rank 601
