30139199	ID:33	RPL: Sending a DIS to fe80::c30c:0:0:2
30941764	ID:32	RPL: Sending a DIS to fe80::c30c:0:0:3
30969569	ID:34	RPL: Sending a DIS to fe80::c30c:0:0:6
31003654	ID:36	RPL: Sending a DIS to fe80::c30c:0:0:8
31023799	ID:35	RPL: Sending a DIS to fe80::c30c:0:0:7
31675639	ID:33	RPL: Received a DIO from fe80::c30c:0:0:2
31679413	ID:33	RPL: Incoming DIO (id, ver, rank) = (30,240,857)
31683912	ID:33	RPL: Incoming DIO (dag_id, pref) = (fd00::ff:fe00:1, 0)
31686155	ID:33	RPL: DIO option 4, length: 14
31692174	ID:33	RPL: DAG conf:dbl=8, min=12 red=10 maxinc=896 mininc=128 ocp=1 d_l=10 l_u=60
31694419	ID:33	RPL: DIO option 8, length: 30
31696688	ID:33	RPL: Copying prefix information
31704340	ID:33	RPL: Neighbor added to neighbor cache fe80::c30c:0:0:2, c1:0c:00:00:00:00:00:02
32042613	ID:36	RPL: Received a DIO from fe80::c30c:0:0:8
32046388	ID:36	RPL: Incoming DIO (id, ver, rank) = (30,240,907)
32050886	ID:36	RPL: Incoming DIO (dag_id, pref) = (fd00::ff:fe00:1, 0)
32053129	ID:36	RPL: DIO option 4, length: 14
32059148	ID:36	RPL: DAG conf:dbl=8, min=12 red=10 maxinc=896 mininc=128 ocp=1 d_l=10 l_u=60
32061374	ID:36	RPL: DIO option 8, length: 30
32063643	ID:36	RPL: Copying prefix information
32071278	ID:36	RPL: Neighbor added to neighbor cache fe80::c30c:0:0:8, c1:0c:00:00:00:00:00:08
34605723	ID:32	RPL: Received a DIO from fe80::c30c:0:0:3
34609497	ID:32	RPL: Incoming DIO (id, ver, rank) = (30,240,445)
34613995	ID:32	RPL: Incoming DIO (dag_id, pref) = (fd00::ff:fe00:1, 0)
34616239	ID:32	RPL: DIO option 4, length: 14
34622259	ID:32	RPL: DAG conf:dbl=8, min=12 red=10 maxinc=896 mininc=128 ocp=1 d_l=10 l_u=60
34624485	ID:32	RPL: DIO option 8, length: 30
34626753	ID:32	RPL: Copying prefix information
34635626	ID:32	RPL: Neighbor added to neighbor cache fe80::c30c:0:0:3, c1:0c:00:00:00:00:00:03
35814466	ID:35	RPL: Received a DIO from fe80::c30c:0:0:7
35818240	ID:35	RPL: Incoming DIO (id, ver, rank) = (30,240,830)
35822738	ID:35	RPL: Incoming DIO (dag_id, pref) = (fd00::ff:fe00:1, 0)
35824964	ID:35	RPL: DIO option 4, length: 14
35831027	ID:35	RPL: DAG conf:dbl=8, min=12 red=10 maxinc=896 mininc=128 ocp=1 d_l=10 l_u=60
35833253	ID:35	RPL: DIO option 8, length: 30
35835521	ID:35	RPL: Copying prefix information
35845130	ID:35	RPL: Neighbor added to neighbor cache fe80::c30c:0:0:7, c1:0c:00:00:00:00:00:07
36705313	ID:33	RPL: Sending a multicast-DIO with rank 857
37072643	ID:36	RPL: Sending a multicast-DIO with rank 907
39643565	ID:32	RPL: Sending a multicast-DIO with rank 445
40850600	ID:35	RPL: Sending a multicast-DIO with rank 830
41705292	ID:33	RPL: Sending a multicast-DIO with rank 857
42072622	ID:36	RPL: Sending a multicast-DIO with rank 907
44643544	ID:32	RPL: Sending a multicast-DIO with rank 445
45850579	ID:35	RPL: Sending a multicast-DIO with rank 830
46705292	ID:33	RPL: Sending a multicast-DIO with rank 857
47072622	ID:36	RPL: Sending a multicast-DIO with rank 907
49643544	ID:32	RPL: Sending a multicast-DIO with rank 445
50850579	ID:35	RPL: Sending a multicast-DIO with rank 830
51705291	ID:33	RPL: Sending a multicast-DIO with rank 857
52072622	ID:36	RPL: Sending a multicast-DIO with rank 907
54643544	ID:32	RPL: Sending a multicast-DIO with rank 445
55850579	ID:35	RPL: Sending a multicast-DIO with rank 830
56705292	ID:33	RPL: Sending a multicast-DIO with rank 857
57072622	ID:36	RPL: Sending a multicast-DIO with rank 907
59643544	ID:32	RPL: Sending a multicast-DIO with rank 445
60850579	ID:35	RPL: Sending a multicast-DIO with rank 830
61705292	ID:33	RPL: Sending a multicast-DIO with rank 857
62072622	ID:36	RPL: Sending a multicast-DIO with rank 907
64643543	ID:32	RPL: Sending a multicast-DIO with rank 445
65850579	ID:35	RPL: Sending a multicast-DIO with rank 830
66705291	ID:33	RPL: Sending a multicast-DIO with rank 857
67072622	ID:36	RPL: Sending a multicast-DIO with rank 907
69643543	ID:32	RPL: Sending a multicast-DIO with rank 445
70850579	ID:35	RPL: Sending a multicast-DIO with rank 830
71705291	ID:33	RPL: Sending a multicast-DIO with rank 857
72072622	ID:36	RPL: Sending a multicast-DIO with rank 907
74643543	ID:32	RPL: Sending a multicast-DIO with rank 445
75850579	ID:35	RPL: Sending a multicast-DIO with rank 830
76705291	ID:33	RPL: Sending a multicast-DIO with rank 857
77072622	ID:36	RPL: Sending a multicast-DIO with rank 907
79643543	ID:32	RPL: Sending a multicast-DIO with rank 445
80850579	ID:35	RPL: Sending a multicast-DIO with rank 830
81705291	ID:33	RPL: Sending a multicast-DIO with rank 857
82072622	ID:36	RPL: Sending a multicast-DIO with rank 907
83742465	ID:34	RPL: Sending a DIS to fe80::c30c:0:0:6
84643543	ID:32	RPL: Sending a multicast-DIO with rank 445
85850579	ID:35	RPL: Sending a multicast-DIO with rank 830
86705291	ID:33	RPL: Sending a multicast-DIO with rank 857
87072622	ID:36	RPL: Sending a multicast-DIO with rank 907
89643543	ID:32	RPL: Sending a multicast-DIO with rank 445
90850579	ID:35	RPL: Sending a multicast-DIO with rank 830
91705279	ID:33	RPL: Sending a multicast-DIO with rank 857
92072609	ID:36	RPL: Sending a multicast-DIO with rank 907
94643531	ID:32	RPL: Sending a multicast-DIO with rank 445
95850566	ID:35	RPL: Sending a multicast-DIO with rank 830
96705279	ID:33	RPL: Sending a multicast-DIO with rank 857
97072609	ID:36	RPL: Sending a multicast-DIO with rank 907
99643531	ID:32	RPL: Sending a multicast-DIO with rank 445
100850566	ID:35	RPL: Sending a multicast-DIO with rank 830
101705279	ID:33	RPL: Sending a multicast-DIO with rank 857
102072609	ID:36	RPL: Sending a multicast-DIO with rank 907
104643531	ID:32	RPL: Sending a multicast-DIO with rank 445
105850566	ID:35	RPL: Sending a multicast-DIO with rank 830
106705279	ID:33	RPL: Sending a multicast-DIO with rank 857
107072609	ID:36	RPL: Sending a multicast-DIO with rank 907
109643531	ID:32	RPL: Sending a multicast-DIO with rank 445
110850566	ID:35	RPL: Sending a multicast-DIO with rank 830
111705279	ID:33	RPL: Sending a multicast-DIO with rank 857
112072609	ID:36	RPL: Sending a multicast-DIO with rank 907
114643531	ID:32	RPL: Sending a multicast-DIO with rank 445
115850566	ID:35	RPL: Sending a multicast-DIO with rank 830
116705279	ID:33	RPL: Sending a multicast-DIO with rank 857
117072609	ID:36	RPL: Sending a multicast-DIO with rank 907
119643531	ID:32	RPL: Sending a multicast-DIO with rank 445
120850566	ID:35	RPL: Sending a multicast-DIO with rank 830
121705279	ID:33	RPL: Sending a multicast-DIO with rank 857
122072609	ID:36	RPL: Sending a multicast-DIO with rank 907
124643531	ID:32	RPL: Sending a multicast-DIO with rank 445
125850566	ID:35	RPL: Sending a multicast-DIO with rank 830
126705279	ID:33	RPL: Sending a multicast-DIO with rank 857
127072609	ID:36	RPL: Sending a multicast-DIO with rank 907
129643531	ID:32	RPL: Sending a multicast-DIO with rank 445
130850566	ID:35	RPL: Sending a multicast-DIO with rank 830
131705279	ID:33	RPL: Sending a multicast-DIO with rank 857
132072609	ID:36	RPL: Sending a multicast-DIO with rank 907
134643531	ID:32	RPL: Sending a multicast-DIO with rank 445
135850566	ID:35	RPL: Sending a multicast-DIO with rank 830
136705279	ID:33	RPL: Sending a multicast-DIO with rank 857
137072609	ID:36	RPL: Sending a multicast-DIO with rank 907
139643531	ID:32	RPL: Sending a multicast-DIO with rank 445
140850566	ID:35	RPL: Sending a multicast-DIO with rank 830
141705279	ID:33	RPL: Sending a multicast-DIO with rank 857
142072609	ID:36	RPL: Sending a multicast-DIO with rank 907
143742452	ID:34	RPL: Sending a DIS to fe80::c30c:0:0:6
144643531	ID:32	RPL: Sending a multicast-DIO with rank 445
145850566	ID:35	RPL: Sending a multicast-DIO with rank 830
146705279	ID:33	RPL: Sending a multicast-DIO with rank 857
147072609	ID:36	RPL: Sending a multicast-DIO with rank 907
149643531	ID:32	RPL: Sending a multicast-DIO with rank 445
150850566	ID:35	RPL: Sending a multicast-DIO with rank 830
151705279	ID:33	RPL: Sending a multicast-DIO with rank 857
152072609	ID:36	RPL: Sending a multicast-DIO with rank 907
154643531	ID:32	RPL: Sending a multicast-DIO with rank 445
155850566	ID:35	RPL: Sending a multicast-DIO with rank 830
156705279	ID:33	RPL: Sending a multicast-DIO with rank 857
157072609	ID:36	RPL: Sending a multicast-DIO with rank 907
159643531	ID:32	RPL: Sending a multicast-DIO with rank 445
160850566	ID:35	RPL: Sending a multicast-DIO with rank 830
161705279	ID:33	RPL: Sending a multicast-DIO with rank 857
162072609	ID:36	RPL: Sending a multicast-DIO with rank 907
164643531	ID:32	RPL: Sending a multicast-DIO with rank 445
165850566	ID:35	RPL: Sending a multicast-DIO with rank 830
166705279	ID:33	RPL: Sending a multicast-DIO with rank 857
167072609	ID:36	RPL: Sending a multicast-DIO with rank 907
169643531	ID:32	RPL: Sending a multicast-DIO with rank 445
170850566	ID:35	RPL: Sending a multicast-DIO with rank 830
171705279	ID:33	RPL: Sending a multicast-DIO with rank 857
172072609	ID:36	RPL: Sending a multicast-DIO with rank 907
174643531	ID:32	RPL: Sending a multicast-DIO with rank 445
175850566	ID:35	RPL: Sending a multicast-DIO with rank 830
176705279	ID:33	RPL: Sending a multicast-DIO with rank 857
177072609	ID:36	RPL: Sending a multicast-DIO with rank 907
179643531	ID:32	RPL: Sending a multicast-DIO with rank 445
180850566	ID:35	RPL: Sending a multicast-DIO with rank 830
181705279	ID:33	RPL: Sending a multicast-DIO with rank 857
182072609	ID:36	RPL: Sending a multicast-DIO with rank 907
184643531	ID:32	RPL: Sending a multicast-DIO with rank 445
185850566	ID:35	RPL: Sending a multicast-DIO with rank 830
186705279	ID:33	RPL: Sending a multicast-DIO with rank 857
187072609	ID:36	RPL: Sending a multicast-DIO with rank 907
189643531	ID:32	RPL: Sending a multicast-DIO with rank 445
190850566	ID:35	RPL: Sending a multicast-DIO with rank 830
191705279	ID:33	RPL: Sending a multicast-DIO with rank 857
192072609	ID:36	RPL: Sending a multicast-DIO with rank 907
194643531	ID:32	RPL: Sending a multicast-DIO with rank 445
195850566	ID:35	RPL: Sending a multicast-DIO with rank 830
196705279	ID:33	RPL: Sending a multicast-DIO with rank 857
197072609	ID:36	RPL: Sending a multicast-DIO with rank 907
199643531	ID:32	RPL: Sending a multicast-DIO with rank 445
200850566	ID:35	RPL: Sending a multicast-DIO with rank 830
201705279	ID:33	RPL: Sending a multicast-DIO with rank 857
202072609	ID:36	RPL: Sending a multicast-DIO with rank 907
203742452	ID:34	RPL: Sending a DIS to fe80::c30c:0:0:6
204643531	ID:32	RPL: Sending a multicast-DIO with rank 445
205850566	ID:35	RPL: Sending a multicast-DIO with rank 830
206705279	ID:33	RPL: Sending a multicast-DIO with rank 857
207072609	ID:36	RPL: Sending a multicast-DIO with rank 907
209643531	ID:32	RPL: Sending a multicast-DIO with rank 445
210850566	ID:35	RPL: Sending a multicast-DIO with rank 830
211705279	ID:33	RPL: Sending a multicast-DIO with rank 857
212072609	ID:36	RPL: Sending a multicast-DIO with rank 907
214643531	ID:32	RPL: Sending a multicast-DIO with rank 445
215850566	ID:35	RPL: Sending a multicast-DIO with rank 830
216705279	ID:33	RPL: Sending a multicast-DIO with rank 857
217072609	ID:36	RPL: Sending a multicast-DIO with rank 907
219643531	ID:32	RPL: Sending a multicast-DIO with rank 445
220850566	ID:35	RPL: Sending a multicast-DIO with rank 830
221705279	ID:33	RPL: Sending a multicast-DIO with rank 857
222072609	ID:36	RPL: Sending a multicast-DIO with rank 907
224643531	ID:32	RPL: Sending a multicast-DIO with rank 445
225850566	ID:35	RPL: Sending a multicast-DIO with rank 830
226705279	ID:33	RPL: Sending a multicast-DIO with rank 857
227072609	ID:36	RPL: Sending a multicast-DIO with rank 907
229643531	ID:32	RPL: Sending a multicast-DIO with rank 445
230850566	ID:35	RPL: Sending a multicast-DIO with rank 830
231705279	ID:33	RPL: Sending a multicast-DIO with rank 857
232072609	ID:36	RPL: Sending a multicast-DIO with rank 907
234643531	ID:32	RPL: Sending a multicast-DIO with rank 445
235850566	ID:35	RPL: Sending a multicast-DIO with rank 830
236705279	ID:33	RPL: Sending a multicast-DIO with rank 857
237072609	ID:36	RPL: Sending a multicast-DIO with rank 907
239643531	ID:32	RPL: Sending a multicast-DIO with rank 445
240850566	ID:35	RPL: Sending a multicast-DIO with rank 830
241705279	ID:33	RPL: Sending a multicast-DIO with rank 857
242072609	ID:36	RPL: Sending a multicast-DIO with rank 907
244643531	ID:32	RPL: Sending a multicast-DIO with rank 445
245850566	ID:35	RPL: Sending a multicast-DIO with rank 830
246705279	ID:33	RPL: Sending a multicast-DIO with rank 857
247072609	ID:36	RPL: Sending a multicast-DIO with rank 907
249643531	ID:32	RPL: Sending a multicast-DIO with rank 445
250850566	ID:35	RPL: Sending a multicast-DIO with rank 830
251705279	ID:33	RPL: Sending a multicast-DIO with rank 857
252072609	ID:36	RPL: Sending a multicast-DIO with rank 907
254643531	ID:32	RPL: Sending a multicast-DIO with rank 445
255850566	ID:35	RPL: Sending a multicast-DIO with rank 830
256705279	ID:33	RPL: Sending a multicast-DIO with rank 857
257072609	ID:36	RPL: Sending a multicast-DIO with rank 907
259643531	ID:32	RPL: Sending a multicast-DIO with rank 445
260850566	ID:35	RPL: Sending a multicast-DIO with rank 830
261705279	ID:33	RPL: Sending a multicast-DIO with rank 857
262072609	ID:36	RPL: Sending a multicast-DIO with rank 907
263742452	ID:34	RPL: Sending a DIS to fe80::c30c:0:0:6
264643531	ID:32	RPL: Sending a multicast-DIO with rank 445
265850566	ID:35	RPL: Sending a multicast-DIO with rank 830
266705279	ID:33	RPL: Sending a multicast-DIO with rank 857
267072609	ID:36	RPL: Sending a multicast-DIO with rank 907
269643531	ID:32	RPL: Sending a multicast-DIO with rank 445
270850566	ID:35	RPL: Sending a multicast-DIO with rank 830
271705279	ID:33	RPL: Sending a multicast-DIO with rank 857
272072609	ID:36	RPL: Sending a multicast-DIO with rank 907
274643531	ID:32	RPL: Sending a multicast-DIO with rank 445
275850566	ID:35	RPL: Sending a multicast-DIO with rank 830
276705279	ID:33	RPL: Sending a multicast-DIO with rank 857
277072609	ID:36	RPL: Sending a multicast-DIO with rank 907
279643531	ID:32	RPL: Sending a multicast-DIO with rank 445
280850566	ID:35	RPL: Sending a multicast-DIO with rank 830
281705279	ID:33	RPL: Sending a multicast-DIO with rank 857
282072609	ID:36	RPL: Sending a multicast-DIO with rank 907
284643531	ID:32	RPL: Sending a multicast-DIO with rank 445
285850566	ID:35	RPL: Sending a multicast-DIO with rank 830
286705279	ID:33	RPL: Sending a multicast-DIO with rank 857
287072609	ID:36	RPL: Sending a multicast-DIO with rank 907
289643531	ID:32	RPL: Sending a multicast-DIO with rank 445
290850566	ID:35	RPL: Sending a multicast-DIO with rank 830
291705279	ID:33	RPL: Sending a multicast-DIO with rank 857
292072609	ID:36	RPL: Sending a multicast-DIO with rank 907
294643531	ID:32	RPL: Sending a multicast-DIO with rank 445
295850566	ID:35	RPL: Sending a multicast-DIO with rank 830
296705279	ID:33	RPL: Sending a multicast-DIO with rank 857
297072609	ID:36	RPL: Sending a multicast-DIO with rank 907
299643531	ID:32	RPL: Sending a multicast-DIO with rank 445
300850566	ID:35	RPL: Sending a multicast-DIO with rank 830
301705279	ID:33	RPL: Sending a multicast-DIO with rank 857
302072609	ID:36	RPL: Sending a multicast-DIO with rank 907
304643531	ID:32	RPL: Sending a multicast-DIO with rank 445
305850566	ID:35	RPL: Sending a multicast-DIO with rank 830
306705279	ID:33	RPL: Sending a multicast-DIO with rank 857
307072609	ID:36	RPL: Sending a multicast-DIO with rank 907
309643531	ID:32	RPL: Sending a multicast-DIO with rank 445
310850566	ID:35	RPL: Sending a multicast-DIO with rank 830
311705279	ID:33	RPL: Sending a multicast-DIO with rank 857
312072609	ID:36	RPL: Sending a multicast-DIO with rank 907
314643531	ID:32	RPL: Sending a multicast-DIO with rank 445
315850566	ID:35	RPL: Sending a multicast-DIO with rank 830
316705279	ID:33	RPL: Sending a multicast-DIO with rank 857
317072609	ID:36	RPL: Sending a multicast-DIO with rank 907
319643531	ID:32	RPL: Sending a multicast-DIO with rank 445
320850566	ID:35	RPL: Sending a multicast-DIO with rank 830
321705279	ID:33	RPL: Sending a multicast-DIO with rank 857
322072609	ID:36	RPL: Sending a multicast-DIO with rank 907
323742452	ID:34	RPL: Sending a DIS to fe80::c30c:0:0:6
324643531	ID:32	RPL: Sending a multicast-DIO with rank 445
325850566	ID:35	RPL: Sending a multicast-DIO with rank 830
326705279	ID:33	RPL: Sending a multicast-DIO with rank 857
327072609	ID:36	RPL: Sending a multicast-DIO with rank 907
329643531	ID:32	RPL: Sending a multicast-DIO with rank 445
330850566	ID:35	RPL: Sending a multicast-DIO with rank 830
331705279	ID:33	RPL: Sending a multicast-DIO with rank 857
332072609	ID:36	RPL: Sending a multicast-DIO with rank 907
334643531	ID:32	RPL: Sending a multicast-DIO with rank 445
335850566	ID:35	RPL: Sending a multicast-DIO with rank 830
336705279	ID:33	RPL: Sending a multicast-DIO with rank 857
337072609	ID:36	RPL: Sending a multicast-DIO with rank 907
339643531	ID:32	RPL: Sending a multicast-DIO with rank 445
340850566	ID:35	RPL: Sending a multicast-DIO with rank 830
341705279	ID:33	RPL: Sending a multicast-DIO with rank 857
342072609	ID:36	RPL: Sending a multicast-DIO with rank 907
344643531	ID:32	RPL: Sending a multicast-DIO with rank 445
345850566	ID:35	RPL: Sending a multicast-DIO with rank 830
346705285	ID:33	RPL: Sending a multicast-DIO with rank 857
347072609	ID:36	RPL: Sending a multicast-DIO with rank 907
349643531	ID:32	RPL: Sending a multicast-DIO with rank 445
350850566	ID:35	RPL: Sending a multicast-DIO with rank 830
351705279	ID:33	RPL: Sending a multicast-DIO with rank 857
352072609	ID:36	RPL: Sending a multicast-DIO with rank 907
354643538	ID:32	RPL: Sending a multicast-DIO with rank 445
355850566	ID:35	RPL: Sending a multicast-DIO with rank 830
356705279	ID:33	RPL: Sending a multicast-DIO with rank 857
357072609	ID:36	RPL: Sending a multicast-DIO with rank 907
359643531	ID:32	RPL: Sending a multicast-DIO with rank 445
360850566	ID:35	RPL: Sending a multicast-DIO with rank 830
361705279	ID:33	RPL: Sending a multicast-DIO with rank 857
362072609	ID:36	RPL: Sending a multicast-DIO with rank 907
364643531	ID:32	RPL: Sending a multicast-DIO with rank 445
365850566	ID:35	RPL: Sending a multicast-DIO with rank 830
366705279	ID:33	RPL: Sending a multicast-DIO with rank 857
367072609	ID:36	RPL: Sending a multicast-DIO with rank 907
369643531	ID:32	RPL: Sending a multicast-DIO with rank 445
370850566	ID:35	RPL: Sending a multicast-DIO with rank 830
371705279	ID:33	RPL: Sending a multicast-DIO with rank 857
372072609	ID:36	RPL: Sending a multicast-DIO with rank 907
374643531	ID:32	RPL: Sending a multicast-DIO with rank 445
375850566	ID:35	RPL: Sending a multicast-DIO with rank 830
376705279	ID:33	RPL: Sending a multicast-DIO with rank 857
377072609	ID:36	RPL: Sending a multicast-DIO with rank 907
379643531	ID:32	RPL: Sending a multicast-DIO with rank 445
380850566	ID:35	RPL: Sending a multicast-DIO with rank 830
381705279	ID:33	RPL: Sending a multicast-DIO with rank 857
382072609	ID:36	RPL: Sending a multicast-DIO with rank 907
383742452	ID:34	RPL: Sending a DIS to fe80::c30c:0:0:6
384643531	ID:32	RPL: Sending a multicast-DIO with rank 445
385850566	ID:35	RPL: Sending a multicast-DIO with rank 830
386705279	ID:33	RPL: Sending a multicast-DIO with rank 857
387072609	ID:36	RPL: Sending a multicast-DIO with rank 907
389643531	ID:32	RPL: Sending a multicast-DIO with rank 445
390850566	ID:35	RPL: Sending a multicast-DIO with rank 830
391705279	ID:33	RPL: Sending a multicast-DIO with rank 857
392072609	ID:36	RPL: Sending a multicast-DIO with rank 907
394643531	ID:32	RPL: Sending a multicast-DIO with rank 445
395850566	ID:35	RPL: Sending a multicast-DIO with rank 830
396705279	ID:33	RPL: Sending a multicast-DIO with rank 857
397072609	ID:36	RPL: Sending a multicast-DIO with rank 907
399643531	ID:32	RPL: Sending a multicast-DIO with rank 445
400850566	ID:35	RPL: Sending a multicast-DIO with rank 830
401705279	ID:33	RPL: Sending a multicast-DIO with rank 857
402072609	ID:36	RPL: Sending a multicast-DIO with rank 907
404643531	ID:32	RPL: Sending a multicast-DIO with rank 445
405850566	ID:35	RPL: Sending a multicast-DIO with rank 830
406705279	ID:33	RPL: Sending a multicast-DIO with rank 857
407072609	ID:36	RPL: Sending a multicast-DIO with rank 907
409643531	ID:32	RPL: Sending a multicast-DIO with rank 445
410850566	ID:35	RPL: Sending a multicast-DIO with rank 830
411705279	ID:33	RPL: Sending a multicast-DIO with rank 857
412072609	ID:36	RPL: Sending a multicast-DIO with rank 907
414643531	ID:32	RPL: Sending a multicast-DIO with rank 445
415850566	ID:35	RPL: Sending a multicast-DIO with rank 830
416705279	ID:33	RPL: Sending a multicast-DIO with rank 857
417072616	ID:36	RPL: Sending a multicast-DIO with rank 907
419643531	ID:32	RPL: Sending a multicast-DIO with rank 445
420850566	ID:35	RPL: Sending a multicast-DIO with rank 830
421705279	ID:33	RPL: Sending a multicast-DIO with rank 857
422072609	ID:36	RPL: Sending a multicast-DIO with rank 907
424643531	ID:32	RPL: Sending a multicast-DIO with rank 445
425850573	ID:35	RPL: Sending a multicast-DIO with rank 830
426705279	ID:33	RPL: Sending a multicast-DIO with rank 857
427072609	ID:36	RPL: Sending a multicast-DIO with rank 907
429643531	ID:32	RPL: Sending a multicast-DIO with rank 445
430850566	ID:35	RPL: Sending a multicast-DIO with rank 830
431705279	ID:33	RPL: Sending a multicast-DIO with rank 857
432072609	ID:36	RPL: Sending a multicast-DIO with rank 907
434643531	ID:32	RPL: Sending a multicast-DIO with rank 445
435850566	ID:35	RPL: Sending a multicast-DIO with rank 830
436705279	ID:33	RPL: Sending a multicast-DIO with rank 857
437072609	ID:36	RPL: Sending a multicast-DIO with rank 907
439643531	ID:32	RPL: Sending a multicast-DIO with rank 445
440850566	ID:35	RPL: Sending a multicast-DIO with rank 830
441705279	ID:33	RPL: Sending a multicast-DIO with rank 857
442072609	ID:36	RPL: Sending a multicast-DIO with rank 907
443742452	ID:34	RPL: Sending a DIS to fe80::c30c:0:0:6
444643531	ID:32	RPL: Sending a multicast-DIO with rank 445
445850566	ID:35	RPL: Sending a multicast-DIO with rank 830
446705279	ID:33	RPL: Sending a multicast-DIO with rank 857
447072609	ID:36	RPL: Sending a multicast-DIO with rank 907
449643531	ID:32	RPL: Sending a multicast-DIO with rank 445
450850566	ID:35	RPL: Sending a multicast-DIO with rank 830
451705279	ID:33	RPL: Sending a multicast-DIO with rank 857
452072609	ID:36	RPL: Sending a multicast-DIO with rank 907
454643531	ID:32	RPL: Sending a multicast-DIO with rank 445
455850566	ID:35	RPL: Sending a multicast-DIO with rank 830
456705279	ID:33	RPL: Sending a multicast-DIO with rank 857
457072609	ID:36	RPL: Sending a multicast-DIO with rank 907
459643531	ID:32	RPL: Sending a multicast-DIO with rank 445
460850566	ID:35	RPL: Sending a multicast-DIO with rank 830
461705279	ID:33	RPL: Sending a multicast-DIO with rank 857
462072609	ID:36	RPL: Sending a multicast-DIO with rank 907
464643531	ID:32	RPL: Sending a multicast-DIO with rank 445
465850566	ID:35	RPL: Sending a multicast-DIO with rank 830
466705279	ID:33	RPL: Sending a multicast-DIO with rank 857
467072609	ID:36	RPL: Sending a multicast-DIO with rank 907
469643531	ID:32	RPL: Sending a multicast-DIO with rank 445
470850566	ID:35	RPL: Sending a multicast-DIO with rank 830
471705279	ID:33	RPL: Sending a multicast-DIO with rank 857
472072609	ID:36	RPL: Sending a multicast-DIO with rank 907
474643531	ID:32	RPL: Sending a multicast-DIO with rank 445
475850566	ID:35	RPL: Sending a multicast-DIO with rank 830
476705279	ID:33	RPL: Sending a multicast-DIO with rank 857
477072609	ID:36	RPL: Sending a multicast-DIO with rank 907
479643531	ID:32	RPL: Sending a multicast-DIO with rank 445
480850566	ID:35	RPL: Sending a multicast-DIO with rank 830
481705279	ID:33	RPL: Sending a multicast-DIO with rank 857
482072609	ID:36	RPL: Sending a multicast-DIO with rank 907
484643531	ID:32	RPL: Sending a multicast-DIO with rank 445
485850566	ID:35	RPL: Sending a multicast-DIO with rank 830
486705279	ID:33	RPL: Sending a multicast-DIO with rank 857
487072609	ID:36	RPL: Sending a multicast-DIO with rank 907
489643531	ID:32	RPL: Sending a multicast-DIO with rank 445
490850566	ID:35	RPL: Sending a multicast-DIO with rank 830
491705279	ID:33	RPL: Sending a multicast-DIO with rank 857
492072609	ID:36	RPL: Sending a multicast-DIO with rank 907
494643531	ID:32	RPL: Sending a multicast-DIO with rank 445
495850566	ID:35	RPL: Sending a multicast-DIO with rank 830
496705279	ID:33	RPL: Sending a multicast-DIO with rank 857
497072609	ID:36	RPL: Sending a multicast-DIO with rank 907
499643531	ID:32	RPL: Sending a multicast-DIO with rank 445
500850566	ID:35	RPL: Sending a multicast-DIO with rank 830
501705279	ID:33	RPL: Sending a multicast-DIO with rank 857
502072609	ID:36	RPL: Sending a multicast-DIO with rank 907
503742452	ID:34	RPL: Sending a DIS to fe80::c30c:0:0:6
504643531	ID:32	RPL: Sending a multicast-DIO with rank 445
505850566	ID:35	RPL: Sending a multicast-DIO with rank 830
506705279	ID:33	RPL: Sending a multicast-DIO with rank 857
507072609	ID:36	RPL: Sending a multicast-DIO with rank 907
509643531	ID:32	RPL: Sending a multicast-DIO with rank 445
510850566	ID:35	RPL: Sending a multicast-DIO with rank 830
511705279	ID:33	RPL: Sending a multicast-DIO with rank 857
512072609	ID:36	RPL: Sending a multicast-DIO with rank 907
514643531	ID:32	RPL: Sending a multicast-DIO with rank 445
515850566	ID:35	RPL: Sending a multicast-DIO with rank 830
516705279	ID:33	RPL: Sending a multicast-DIO with rank 857
517072609	ID:36	RPL: Sending a multicast-DIO with rank 907
519643531	ID:32	RPL: Sending a multicast-DIO with rank 445
520850566	ID:35	RPL: Sending a multicast-DIO with rank 830
521705279	ID:33	RPL: Sending a multicast-DIO with rank 857
522072609	ID:36	RPL: Sending a multicast-DIO with rank 907
524643531	ID:32	RPL: Sending a multicast-DIO with rank 445
525850566	ID:35	RPL: Sending a multicast-DIO with rank 830
526705279	ID:33	RPL: Sending a multicast-DIO with rank 857
527072609	ID:36	RPL: Sending a multicast-DIO with rank 907
529643531	ID:32	RPL: Sending a multicast-DIO with rank 445
530850566	ID:35	RPL: Sending a multicast-DIO with rank 830
531705279	ID:33	RPL: Sending a multicast-DIO with rank 857
532072609	ID:36	RPL: Sending a multicast-DIO with rank 907
534643531	ID:32	RPL: Sending a multicast-DIO with rank 445
535850566	ID:35	RPL: Sending a multicast-DIO with rank 830
536705279	ID:33	RPL: Sending a multicast-DIO with rank 857
537072609	ID:36	RPL: Sending a multicast-DIO with rank 907
539643531	ID:32	RPL: Sending a multicast-DIO with rank 445
540850566	ID:35	RPL: Sending a multicast-DIO with rank 830
541705279	ID:33	RPL: Sending a multicast-DIO with rank 857
542072609	ID:36	RPL: Sending a multicast-DIO with rank 907
544643531	ID:32	RPL: Sending a multicast-DIO with rank 445
545850566	ID:35	RPL: Sending a multicast-DIO with rank 830
546705279	ID:33	RPL: Sending a multicast-DIO with rank 857
547072609	ID:36	RPL: Sending a multicast-DIO with rank 907
549643531	ID:32	RPL: Sending a multicast-DIO with rank 445
550850566	ID:35	RPL: Sending a multicast-DIO with rank 830
551705279	ID:33	RPL: Sending a multicast-DIO with rank 857
552072609	ID:36	RPL: Sending a multicast-DIO with rank 907
554643531	ID:32	RPL: Sending a multicast-DIO with rank 445
555850566	ID:35	RPL: Sending a multicast-DIO with rank 830
556705279	ID:33	RPL: Sending a multicast-DIO with rank 857
557072609	ID:36	RPL: Sending a multicast-DIO with rank 907
559643531	ID:32	RPL: Sending a multicast-DIO with rank 445
560850566	ID:35	RPL: Sending a multicast-DIO with rank 830
561705279	ID:33	RPL: Sending a multicast-DIO with rank 857
562072609	ID:36	RPL: Sending a multicast-DIO with rank 907
563742452	ID:34	RPL: Sending a DIS to fe80::c30c:0:0:6
564643531	ID:32	RPL: Sending a multicast-DIO with rank 445
565850566	ID:35	RPL: Sending a multicast-DIO with rank 830
566705279	ID:33	RPL: Sending a multicast-DIO with rank 857
567072609	ID:36	RPL: Sending a multicast-DIO with rank 907
569643531	ID:32	RPL: Sending a multicast-DIO with rank 445
570850566	ID:35	RPL: Sending a multicast-DIO with rank 830
571705279	ID:33	RPL: Sending a multicast-DIO with rank 857
572072609	ID:36	RPL: Sending a multicast-DIO with rank 907
574643531	ID:32	RPL: Sending a multicast-DIO with rank 445
575850566	ID:35	RPL: Sending a multicast-DIO with rank 830
576705279	ID:33	RPL: Sending a multicast-DIO with rank 857
577072609	ID:36	RPL: Sending a multicast-DIO with rank 907
579643531	ID:32	RPL: Sending a multicast-DIO with rank 445
580850566	ID:35	RPL: Sending a multicast-DIO with rank 830
581705279	ID:33	RPL: Sending a multicast-DIO with rank 857
582072609	ID:36	RPL: Sending a multicast-DIO with rank 907
584643531	ID:32	RPL: Sending a multicast-DIO with rank 445
585850566	ID:35	RPL: Sending a multicast-DIO with rank 830
586705279	ID:33	RPL: Sending a multicast-DIO with rank 857
587072609	ID:36	RPL: Sending a multicast-DIO with rank 907
589643531	ID:32	RPL: Sending a multicast-DIO with rank 445
590850566	ID:35	RPL: Sending a multicast-DIO with rank 830
591705279	ID:33	RPL: Sending a multicast-DIO with rank 857
592072609	ID:36	RPL: Sending a multicast-DIO with rank 907
594643531	ID:32	RPL: Sending a multicast-DIO with rank 445
595850566	ID:35	RPL: Sending a multicast-DIO with rank 830
596705279	ID:33	RPL: Sending a multicast-DIO with rank 857
597072609	ID:36	RPL: Sending a multicast-DIO with rank 907
599643531	ID:32	RPL: Sending a multicast-DIO with rank 445
600850566	ID:35	RPL: Sending a multicast-DIO with rank 830
601705279	ID:33	RPL: Sending a multicast-DIO with rank 857
602072609	ID:36	RPL: Sending a multicast-DIO with rank 907
604643531	ID:32	RPL: Sending a multicast-DIO with rank 445
605850566	ID:35	RPL: Sending a multicast-DIO with rank 830
606705279	ID:33	RPL: Sending a multicast-DIO with rank 857
607072609	ID:36	RPL: Sending a multicast-DIO with rank 907
609643531	ID:32	RPL: Sending a multicast-DIO with rank 445
610850566	ID:35	RPL: Sending a multicast-DIO with rank 830
611705279	ID:33	RPL: Sending a multicast-DIO with rank 857
612072609	ID:36	RPL: Sending a multicast-DIO with rank 907
614643531	ID:32	RPL: Sending a multicast-DIO with rank 445
615850566	ID:35	RPL: Sending a multicast-DIO with rank 830
616705279	ID:33	RPL: Sending a multicast-DIO with rank 857
617072609	ID:36	RPL: Sending a multicast-DIO with rank 907
619643531	ID:32	RPL: Sending a multicast-DIO with rank 445
620850566	ID:35	RPL: Sending a multicast-DIO with rank 830
621705279	ID:33	RPL: Sending a multicast-DIO with rank 857
622072609	ID:36	RPL: Sending a multicast-DIO with rank 907
623742452	ID:34	RPL: Sending a DIS to fe80::c30c:0:0:6
624643531	ID:32	RPL: Sending a multicast-DIO with rank 445
625850566	ID:35	RPL: Sending a multicast-DIO with rank 830
626705279	ID:33	RPL: Sending a multicast-DIO with rank 857
627072609	ID:36	RPL: Sending a multicast-DIO with rank 907
629643531	ID:32	RPL: Sending a multicast-DIO with rank 445
630850566	ID:35	RPL: Sending a multicast-DIO with rank 830
631705279	ID:33	RPL: Sending a multicast-DIO with rank 857
632072609	ID:36	RPL: Sending a multicast-DIO with rank 907
634643531	ID:32	RPL: Sending a multicast-DIO with rank 445
635850566	ID:35	RPL: Sending a multicast-DIO with rank 830
636705279	ID:33	RPL: Sending a multicast-DIO with rank 857
637072609	ID:36	RPL: Sending a multicast-DIO with rank 907
639643531	ID:32	RPL: Sending a multicast-DIO with rank 445
640850566	ID:35	RPL: Sending a multicast-DIO with rank 830
641705279	ID:33	RPL: Sending a multicast-DIO with rank 857
642072609	ID:36	RPL: Sending a multicast-DIO with rank 907
644643531	ID:32	RPL: Sending a multicast-DIO with rank 445
645850566	ID:35	RPL: Sending a multicast-DIO with rank 830
646705279	ID:33	RPL: Sending a multicast-DIO with rank 857
647072609	ID:36	RPL: Sending a multicast-DIO with rank 907
649643531	ID:32	RPL: Sending a multicast-DIO with rank 445
650850566	ID:35	RPL: Sending a multicast-DIO with rank 830
651705279	ID:33	RPL: Sending a multicast-DIO with rank 857
652072609	ID:36	RPL: Sending a multicast-DIO with rank 907
654643531	ID:32	RPL: Sending a multicast-DIO with rank 445
655850566	ID:35	RPL: Sending a multicast-DIO with rank 830
656705279	ID:33	RPL: Sending a multicast-DIO with rank 857
657072609	ID:36	RPL: Sending a multicast-DIO with rank 907
659643531	ID:32	RPL: Sending a multicast-DIO with rank 445
660850566	ID:35	RPL: Sending a multicast-DIO with rank 830
661705279	ID:33	RPL: Sending a multicast-DIO with rank 857
662072609	ID:36	RPL: Sending a multicast-DIO with rank 907
664643531	ID:32	RPL: Sending a multicast-DIO with rank 445
665850566	ID:35	RPL: Sending a multicast-DIO with rank 830
666705279	ID:33	RPL: Sending a multicast-DIO with rank 857
667072609	ID:36	RPL: Sending a multicast-DIO with rank 907
669643531	ID:32	RPL: Sending a multicast-DIO with rank 445
670850566	ID:35	RPL: Sending a multicast-DIO with rank 830
671705279	ID:33	RPL: Sending a multicast-DIO with rank 857
672072609	ID:36	RPL: Sending a multicast-DIO with rank 907
674643531	ID:32	RPL: Sending a multicast-DIO with rank 445
675850566	ID:35	RPL: Sending a multicast-DIO with rank 830
676705279	ID:33	RPL: Sending a multicast-DIO with rank 857
677072609	ID:36	RPL: Sending a multicast-DIO with rank 907
679643531	ID:32	RPL: Sending a multicast-DIO with rank 445
680850566	ID:35	RPL: Sending a multicast-DIO with rank 830
681705279	ID:33	RPL: Sending a multicast-DIO with rank 857
682072609	ID:36	RPL: Sending a multicast-DIO with rank 907
683742452	ID:34	RPL: Sending a DIS to fe80::c30c:0:0:6
684643531	ID:32	RPL: Sending a multicast-DIO with rank 445
685850566	ID:35	RPL: Sending a multicast-DIO with rank 830
686705279	ID:33	RPL: Sending a multicast-DIO with rank 857
687072609	ID:36	RPL: Sending a multicast-DIO with rank 907
689643531	ID:32	RPL: Sending a multicast-DIO with rank 445
690850567	ID:35	RPL: Sending a multicast-DIO with rank 830
691705279	ID:33	RPL: Sending a multicast-DIO with rank 857
692072610	ID:36	RPL: Sending a multicast-DIO with rank 907
694643531	ID:32	RPL: Sending a multicast-DIO with rank 445
695850567	ID:35	RPL: Sending a multicast-DIO with rank 830
696705279	ID:33	RPL: Sending a multicast-DIO with rank 857
697072609	ID:36	RPL: Sending a multicast-DIO with rank 907
699643531	ID:32	RPL: Sending a multicast-DIO with rank 445
700850567	ID:35	RPL: Sending a multicast-DIO with rank 830
701705279	ID:33	RPL: Sending a multicast-DIO with rank 857
702072610	ID:36	RPL: Sending a multicast-DIO with rank 907
704643531	ID:32	RPL: Sending a multicast-DIO with rank 445
705850567	ID:35	RPL: Sending a multicast-DIO with rank 830
706705279	ID:33	RPL: Sending a multicast-DIO with rank 857
707072609	ID:36	RPL: Sending a multicast-DIO with rank 907
709643531	ID:32	RPL: Sending a multicast-DIO with rank 445
710850567	ID:35	RPL: Sending a multicast-DIO with rank 830
711705279	ID:33	RPL: Sending a multicast-DIO with rank 857
712072610	ID:36	RPL: Sending a multicast-DIO with rank 907
714643538	ID:32	RPL: Sending a multicast-DIO with rank 445
715850567	ID:35	RPL: Sending a multicast-DIO with rank 830
716705279	ID:33	RPL: Sending a multicast-DIO with rank 857
717072610	ID:36	RPL: Sending a multicast-DIO with rank 907
719643531	ID:32	RPL: Sending a multicast-DIO with rank 445
720850567	ID:35	RPL: Sending a multicast-DIO with rank 830
721705279	ID:33	RPL: Sending a multicast-DIO with rank 857
722072609	ID:36	RPL: Sending a multicast-DIO with rank 907
724643531	ID:32	RPL: Sending a multicast-DIO with rank 445
725850573	ID:35	RPL: Sending a multicast-DIO with rank 830
726705279	ID:33	RPL: Sending a multicast-DIO with rank 857
727072610	ID:36	RPL: Sending a multicast-DIO with rank 907
729643531	ID:32	RPL: Sending a multicast-DIO with rank 445
730850567	ID:35	RPL: Sending a multicast-DIO with rank 830
731705279	ID:33	RPL: Sending a multicast-DIO with rank 857
732072610	ID:36	RPL: Sending a multicast-DIO with rank 907
734643531	ID:32	RPL: Sending a multicast-DIO with rank 445
735850567	ID:35	RPL: Sending a multicast-DIO with rank 830
736705279	ID:33	RPL: Sending a multicast-DIO with rank 857
737072609	ID:36	RPL: Sending a multicast-DIO with rank 907
739643531	ID:32	RPL: Sending a multicast-DIO with rank 445
740850567	ID:35	RPL: Sending a multicast-DIO with rank 830
741705279	ID:33	RPL: Sending a multicast-DIO with rank 857
742072610	ID:36	RPL: Sending a multicast-DIO with rank 907
743742452	ID:34	RPL: Sending a DIS to fe80::c30c:0:0:6
744643531	ID:32	RPL: Sending a multicast-DIO with rank 445
745850567	ID:35	RPL: Sending a multicast-DIO with rank 830
746705279	ID:33	RPL: Sending a multicast-DIO with rank 857
747072610	ID:36	RPL: Sending a multicast-DIO with rank 907
749643531	ID:32	RPL: Sending a multicast-DIO with rank 445
750850567	ID:35	RPL: Sending a multicast-DIO with rank 830
751705279	ID:33	RPL: Sending a multicast-DIO with rank 857
752072610	ID:36	RPL: Sending a multicast-DIO with rank 907
754643531	ID:32	RPL: Sending a multicast-DIO with rank 445
755850567	ID:35	RPL: Sending a multicast-DIO with rank 830
756705279	ID:33	RPL: Sending a multicast-DIO with rank 857
757072610	ID:36	RPL: Sending a multicast-DIO with rank 907
759643531	ID:32	RPL: Sending a multicast-DIO with rank 445
760850567	ID:35	RPL: Sending a multicast-DIO with rank 830
761705279	ID:33	RPL: Sending a multicast-DIO with rank 857
762072610	ID:36	RPL: Sending a multicast-DIO with rank 907
764643531	ID:32	RPL: Sending a multicast-DIO with rank 445
765850567	ID:35	RPL: Sending a multicast-DIO with rank 830
766705279	ID:33	RPL: Sending a multicast-DIO with rank 857
767072609	ID:36	RPL: Sending a multicast-DIO with rank 907
769643531	ID:32	RPL: Sending a multicast-DIO with rank 445
770850567	ID:35	RPL: Sending a multicast-DIO with rank 830
771705279	ID:33	RPL: Sending a multicast-DIO with rank 857
772072610	ID:36	RPL: Sending a multicast-DIO with rank 907
774643531	ID:32	RPL: Sending a multicast-DIO with rank 445
775850567	ID:35	RPL: Sending a multicast-DIO with rank 830
776705286	ID:33	RPL: Sending a multicast-DIO with rank 857
777072610	ID:36	RPL: Sending a multicast-DIO with rank 907
779643531	ID:32	RPL: Sending a multicast-DIO with rank 445
780850567	ID:35	RPL: Sending a multicast-DIO with rank 830
781705279	ID:33	RPL: Sending a multicast-DIO with rank 857
782072609	ID:36	RPL: Sending a multicast-DIO with rank 907
784643531	ID:32	RPL: Sending a multicast-DIO with rank 445
785850567	ID:35	RPL: Sending a multicast-DIO with rank 830
786705279	ID:33	RPL: Sending a multicast-DIO with rank 857
787072610	ID:36	RPL: Sending a multicast-DIO with rank 907
789643531	ID:32	RPL: Sending a multicast-DIO with rank 445
790850567	ID:35	RPL: Sending a multicast-DIO with rank 830
791705279	ID:33	RPL: Sending a multicast-DIO with rank 857
792072610	ID:36	RPL: Sending a multicast-DIO with rank 907
794643531	ID:32	RPL: Sending a multicast-DIO with rank 445
795850567	ID:35	RPL: Sending a multicast-DIO with rank 830
796705279	ID:33	RPL: Sending a multicast-DIO with rank 857
797072616	ID:36	RPL: Sending a multicast-DIO with rank 907
799643531	ID:32	RPL: Sending a multicast-DIO with rank 445
800850567	ID:35	RPL: Sending a multicast-DIO with rank 830
801705279	ID:33	RPL: Sending a multicast-DIO with rank 857
802072610	ID:36	RPL: Sending a multicast-DIO with rank 907
803742452	ID:34	RPL: Sending a DIS to fe80::c30c:0:0:6
804643531	ID:32	RPL: Sending a multicast-DIO with rank 445
805850567	ID:35	RPL: Sending a multicast-DIO with rank 830
806705279	ID:33	RPL: Sending a multicast-DIO with rank 857
807072610	ID:36	RPL: Sending a multicast-DIO with rank 907
809643531	ID:32	RPL: Sending a multicast-DIO with rank 445
810850567	ID:35	RPL: Sending a multicast-DIO with rank 830
811705279	ID:33	RPL: Sending a multicast-DIO with rank 857
812072610	ID:36	RPL: Sending a multicast-DIO with rank 907
814643531	ID:32	RPL: Sending a multicast-DIO with rank 445
815850567	ID:35	RPL: Sending a multicast-DIO with rank 830
816705279	ID:33	RPL: Sending a multicast-DIO with rank 857
817072610	ID:36	RPL: Sending a multicast-DIO with rank 907
819643531	ID:32	RPL: Sending a multicast-DIO with rank 445
820850567	ID:35	RPL: Sending a multicast-DIO with rank 830
821705279	ID:33	RPL: Sending a multicast-DIO with rank 857
822072610	ID:36	RPL: Sending a multicast-DIO with rank 907
824643531	ID:32	RPL: Sending a multicast-DIO with rank 445
825850567	ID:35	RPL: Sending a multicast-DIO with rank 830
826705279	ID:33	RPL: Sending a multicast-DIO with rank 857
827072610	ID:36	RPL: Sending a multicast-DIO with rank 907
829643531	ID:32	RPL: Sending a multicast-DIO with rank 445
830850567	ID:35	RPL: Sending a multicast-DIO with rank 830
831705279	ID:33	RPL: Sending a multicast-DIO with rank 857
832072610	ID:36	RPL: Sending a multicast-DIO with rank 907
834643531	ID:32	RPL: Sending a multicast-DIO with rank 445
835850567	ID:35	RPL: Sending a multicast-DIO with rank 830
836705279	ID:33	RPL: Sending a multicast-DIO with rank 857
837072610	ID:36	RPL: Sending a multicast-DIO with rank 907
839643531	ID:32	RPL: Sending a multicast-DIO with rank 445
840850567	ID:35	RPL: Sending a multicast-DIO with rank 830
841705279	ID:33	RPL: Sending a multicast-DIO with rank 857
842072610	ID:36	RPL: Sending a multicast-DIO with rank 907
844643531	ID:32	RPL: Sending a multicast-DIO with rank 445
845850567	ID:35	RPL: Sending a multicast-DIO with rank 830
846705279	ID:33	RPL: Sending a multicast-DIO with rank 857
847072610	ID:36	RPL: Sending a multicast-DIO with rank 907
849643531	ID:32	RPL: Sending a multicast-DIO with rank 445
850850567	ID:35	RPL: Sending a multicast-DIO with rank 830
851705279	ID:33	RPL: Sending a multicast-DIO with rank 857
852072610	ID:36	RPL: Sending a multicast-DIO with rank 907
854643531	ID:32	RPL: Sending a multicast-DIO with rank 445
855850567	ID:35	RPL: Sending a multicast-DIO with rank 830
856705279	ID:33	RPL: Sending a multicast-DIO with rank 857
857072610	ID:36	RPL: Sending a multicast-DIO with rank 907
859643531	ID:32	RPL: Sending a multicast-DIO with rank 445
860850567	ID:35	RPL: Sending a multicast-DIO with rank 830
861705279	ID:33	RPL: Sending a multicast-DIO with rank 857
862072610	ID:36	RPL: Sending a multicast-DIO with rank 907
863742452	ID:34	RPL: Sending a DIS to fe80::c30c:0:0:6
864643531	ID:32	RPL: Sending a multicast-DIO with rank 445
865850567	ID:35	RPL: Sending a multicast-DIO with rank 830
866705279	ID:33	RPL: Sending a multicast-DIO with rank 857
867072610	ID:36	RPL: Sending a multicast-DIO with rank 907
869643531	ID:32	RPL: Sending a multicast-DIO with rank 445
870850567	ID:35	RPL: Sending a multicast-DIO with rank 830
871705279	ID:33	RPL: Sending a multicast-DIO with rank 857
872072609	ID:36	RPL: Sending a multicast-DIO with rank 907
874643531	ID:32	RPL: Sending a multicast-DIO with rank 445
875850567	ID:35	RPL: Sending a multicast-DIO with rank 830
876705279	ID:33	RPL: Sending a multicast-DIO with rank 857
877072610	ID:36	RPL: Sending a multicast-DIO with rank 907
879643531	ID:32	RPL: Sending a multicast-DIO with rank 445
880850567	ID:35	RPL: Sending a multicast-DIO with rank 830
881705279	ID:33	RPL: Sending a multicast-DIO with rank 857
882072610	ID:36	RPL: Sending a multicast-DIO with rank 907
884643531	ID:32	RPL: Sending a multicast-DIO with rank 445
885850567	ID:35	RPL: Sending a multicast-DIO with rank 830
886705279	ID:33	RPL: Sending a multicast-DIO with rank 857
887072609	ID:36	RPL: Sending a multicast-DIO with rank 907
889643531	ID:32	RPL: Sending a multicast-DIO with rank 445
890850567	ID:35	RPL: Sending a multicast-DIO with rank 830
891705279	ID:33	RPL: Sending a multicast-DIO with rank 857
892072610	ID:36	RPL: Sending a multicast-DIO with rank 907
894643531	ID:32	RPL: Sending a multicast-DIO with rank 445
895850567	ID:35	RPL: Sending a multicast-DIO with rank 830
896705279	ID:33	RPL: Sending a multicast-DIO with rank 857
897072610	ID:36	RPL: Sending a multicast-DIO with rank 907
899643531	ID:32	RPL: Sending a multicast-DIO with rank 445
900850567	ID:35	RPL: Sending a multicast-DIO with rank 830
901705279	ID:33	RPL: Sending a multicast-DIO with rank 857
902072610	ID:36	RPL: Sending a multicast-DIO with rank 907
904643531	ID:32	RPL: Sending a multicast-DIO with rank 445
905850566	ID:35	RPL: Sending a multicast-DIO with rank 830
906705279	ID:33	RPL: Sending a multicast-DIO with rank 857
907072610	ID:36	RPL: Sending a multicast-DIO with rank 907
909643531	ID:32	RPL: Sending a multicast-DIO with rank 445
910850567	ID:35	RPL: Sending a multicast-DIO with rank 830
911705279	ID:33	RPL: Sending a multicast-DIO with rank 857
912072610	ID:36	RPL: Sending a multicast-DIO with rank 907
914643531	ID:32	RPL: Sending a multicast-DIO with rank 445
915850567	ID:35	RPL: Sending a multicast-DIO with rank 830
916705279	ID:33	RPL: Sending a multicast-DIO with rank 857
917072610	ID:36	RPL: Sending a multicast-DIO with rank 907
919643531	ID:32	RPL: Sending a multicast-DIO with rank 445
920850567	ID:35	RPL: Sending a multicast-DIO with rank 830
921705279	ID:33	RPL: Sending a multicast-DIO with rank 857
922072610	ID:36	RPL: Sending a multicast-DIO with rank 907
923742452	ID:34	RPL: Sending a DIS to fe80::c30c:0:0:6
924643531	ID:32	RPL: Sending a multicast-DIO with rank 445
925850567	ID:35	RPL: Sending a multicast-DIO with rank 830
926705279	ID:33	RPL: Sending a multicast-DIO with rank 857
927072609	ID:36	RPL: Sending a multicast-DIO with rank 907
929643531	ID:32	RPL: Sending a multicast-DIO with rank 445
930850567	ID:35	RPL: Sending a multicast-DIO with rank 830
931705279	ID:33	RPL: Sending a multicast-DIO with rank 857
932072610	ID:36	RPL: Sending a multicast-DIO with rank 907
934643531	ID:32	RPL: Sending a multicast-DIO with rank 445
935850567	ID:35	RPL: Sending a multicast-DIO with rank 830
936705279	ID:33	RPL: Sending a multicast-DIO with rank 857
937072610	ID:36	RPL: Sending a multicast-DIO with rank 907
939643531	ID:32	RPL: Sending a multicast-DIO with rank 445
940850567	ID:35	RPL: Sending a multicast-DIO with rank 830
941705279	ID:33	RPL: Sending a multicast-DIO with rank 857
942072610	ID:36	RPL: Sending a multicast-DIO with rank 907
944643531	ID:32	RPL: Sending a multicast-DIO with rank 445
945850567	ID:35	RPL: Sending a multicast-DIO with rank 830
946705279	ID:33	RPL: Sending a multicast-DIO with rank 857
947072610	ID:36	RPL: Sending a multicast-DIO with rank 907
949643531	ID:32	RPL: Sending a multicast-DIO with rank 445
950850567	ID:35	RPL: Sending a multicast-DIO with rank 830
951705279	ID:33	RPL: Sending a multicast-DIO with rank 857
952072610	ID:36	RPL: Sending a multicast-DIO with rank 907
954643531	ID:32	RPL: Sending a multicast-DIO with rank 445
955850567	ID:35	RPL: Sending a multicast-DIO with rank 830
956705279	ID:33	RPL: Sending a multicast-DIO with rank 857
957072610	ID:36	RPL: Sending a multicast-DIO with rank 907
959643531	ID:32	RPL: Sending a multicast-DIO with rank 445
960850567	ID:35	RPL: Sending a multicast-DIO with rank 830
961705279	ID:33	RPL: Sending a multicast-DIO with rank 857
962072610	ID:36	RPL: Sending a multicast-DIO with rank 907
964643531	ID:32	RPL: Sending a multicast-DIO with rank 445
965850567	ID:35	RPL: Sending a multicast-DIO with rank 830
966705279	ID:33	RPL: Sending a multicast-DIO with rank 857
967072610	ID:36	RPL: Sending a multicast-DIO with rank 907
969643531	ID:32	RPL: Sending a multicast-DIO with rank 445
970850567	ID:35	RPL: Sending a multicast-DIO with rank 830
971705279	ID:33	RPL: Sending a multicast-DIO with rank 857
972072609	ID:36	RPL: Sending a multicast-DIO with rank 907
974643531	ID:32	RPL: Sending a multicast-DIO with rank 445
975850567	ID:35	RPL: Sending a multicast-DIO with rank 830
976705279	ID:33	RPL: Sending a multicast-DIO with rank 857
977072610	ID:36	RPL: Sending a multicast-DIO with rank 907
979643531	ID:32	RPL: Sending a multicast-DIO with rank 445
980850567	ID:35	RPL: Sending a multicast-DIO with rank 830
981705279	ID:33	RPL: Sending a multicast-DIO with rank 857
982072610	ID:36	RPL: Sending a multicast-DIO with rank 907
983742452	ID:34	RPL: Sending a DIS to fe80::c30c:0:0:6
984643531	ID:32	RPL: Sending a multicast-DIO with rank 445
985850567	ID:35	RPL: Sending a multicast-DIO with rank 830
986705279	ID:33	RPL: Sending a multicast-DIO with rank 857
987072609	ID:36	RPL: Sending a multicast-DIO with rank 907
989643531	ID:32	RPL: Sending a multicast-DIO with rank 445
990850567	ID:35	RPL: Sending a multicast-DIO with rank 830
991705279	ID:33	RPL: Sending a multicast-DIO with rank 857
992072610	ID:36	RPL: Sending a multicast-DIO with rank 907
994643531	ID:32	RPL: Sending a multicast-DIO with rank 445
995850567	ID:35	RPL: Sending a multicast-DIO with rank 830
996705279	ID:33	RPL: Sending a multicast-DIO with rank 857
997072610	ID:36	RPL: Sending a multicast-DIO with rank 907
999643531	ID:32	RPL: Sending a multicast-DIO with rank 445
1000850567	ID:35	RPL: Sending a multicast-DIO with rank 830
1001705279	ID:33	RPL: Sending a multicast-DIO with rank 857
1002072610	ID:36	RPL: Sending a multicast-DIO with rank 907
1004643531	ID:32	RPL: Sending a multicast-DIO with rank 445
1005850567	ID:35	RPL: Sending a multicast-DIO with rank 830
1006705279	ID:33	RPL: Sending a multicast-DIO with rank 857
1007072610	ID:36	RPL: Sending a multicast-DIO with rank 907
1009643531	ID:32	RPL: Sending a multicast-DIO with rank 445
1010850567	ID:35	RPL: Sending a multicast-DIO with rank 830
1011705279	ID:33	RPL: Sending a multicast-DIO with rank 857
1012072610	ID:36	RPL: Sending a multicast-DIO with rank 907
1014643531	ID:32	RPL: Sending a multicast-DIO with rank 445
1015850567	ID:35	RPL: Sending a multicast-DIO with rank 830
1016705279	ID:33	RPL: Sending a multicast-DIO with rank 857
1017072610	ID:36	RPL: Sending a multicast-DIO with rank 907
1019643531	ID:32	RPL: Sending a multicast-DIO with rank 445
1020850567	ID:35	RPL: Sending a multicast-DIO with rank 830
1021705279	ID:33	RPL: Sending a multicast-DIO with rank 857
1022072610	ID:36	RPL: Sending a multicast-DIO with rank 907
1024643531	ID:32	RPL: Sending a multicast-DIO with rank 445
1025850567	ID:35	RPL: Sending a multicast-DIO with rank 830
1026705280	ID:33	RPL: Sending a multicast-DIO with rank 857
1027072610	ID:36	RPL: Sending a multicast-DIO with rank 907
1029643532	ID:32	RPL: Sending a multicast-DIO with rank 445
1030850568	ID:35	RPL: Sending a multicast-DIO with rank 830
1031705280	ID:33	RPL: Sending a multicast-DIO with rank 857
1032072610	ID:36	RPL: Sending a multicast-DIO with rank 907
1034643532	ID:32	RPL: Sending a multicast-DIO with rank 445
1035850568	ID:35	RPL: Sending a multicast-DIO with rank 830
1036705280	ID:33	RPL: Sending a multicast-DIO with rank 857
1037072610	ID:36	RPL: Sending a multicast-DIO with rank 907
1039643532	ID:32	RPL: Sending a multicast-DIO with rank 445
1040850567	ID:35	RPL: Sending a multicast-DIO with rank 830
1041705280	ID:33	RPL: Sending a multicast-DIO with rank 857
1042072610	ID:36	RPL: Sending a multicast-DIO with rank 907
1043742453	ID:34	RPL: Sending a DIS to fe80::c30c:0:0:6
1044643532	ID:32	RPL: Sending a multicast-DIO with rank 445
1045850568	ID:35	RPL: Sending a multicast-DIO with rank 830
1046705280	ID:33	RPL: Sending a multicast-DIO with rank 857
1047072610	ID:36	RPL: Sending a multicast-DIO with rank 907
1049643532	ID:32	RPL: Sending a multicast-DIO with rank 445
1050850568	ID:35	RPL: Sending a multicast-DIO with rank 830
1051705280	ID:33	RPL: Sending a multicast-DIO with rank 857
1052072610	ID:36	RPL: Sending a multicast-DIO with rank 907
1054643532	ID:32	RPL: Sending a multicast-DIO with rank 445
1055850567	ID:35	RPL: Sending a multicast-DIO with rank 830
1056705280	ID:33	RPL: Sending a multicast-DIO with rank 857
1057072610	ID:36	RPL: Sending a multicast-DIO with rank 907
1059643532	ID:32	RPL: Sending a multicast-DIO with rank 445
1060850568	ID:35	RPL: Sending a multicast-DIO with rank 830
1061705280	ID:33	RPL: Sending a multicast-DIO with rank 857
1062072610	ID:36	RPL: Sending a multicast-DIO with rank 907
1064643532	ID:32	RPL: Sending a multicast-DIO with rank 445
1065850568	ID:35	RPL: Sending a multicast-DIO with rank 830
1066705280	ID:33	RPL: Sending a multicast-DIO with rank 857
1067072610	ID:36	RPL: Sending a multicast-DIO with rank 907
1069643532	ID:32	RPL: Sending a multicast-DIO with rank 445
1070850567	ID:35	RPL: Sending a multicast-DIO with rank 830
1071705280	ID:33	RPL: Sending a multicast-DIO with rank 857
1072072610	ID:36	RPL: Sending a multicast-DIO with rank 907
1074643532	ID:32	RPL: Sending a multicast-DIO with rank 445
1075850568	ID:35	RPL: Sending a multicast-DIO with rank 830
1076705280	ID:33	RPL: Sending a multicast-DIO with rank 857
1077072610	ID:36	RPL: Sending a multicast-DIO with rank 907
1079643532	ID:32	RPL: Sending a multicast-DIO with rank 445
1080850574	ID:35	RPL: Sending a multicast-DIO with rank 830
1081705280	ID:33	RPL: Sending a multicast-DIO with rank 857
1082072610	ID:36	RPL: Sending a multicast-DIO with rank 907
1084643532	ID:32	RPL: Sending a multicast-DIO with rank 445
1085850567	ID:35	RPL: Sending a multicast-DIO with rank 830
1086705280	ID:33	RPL: Sending a multicast-DIO with rank 857
1087072610	ID:36	RPL: Sending a multicast-DIO with rank 907
1089643532	ID:32	RPL: Sending a multicast-DIO with rank 445
1090850568	ID:35	RPL: Sending a multicast-DIO with rank 830
1091705280	ID:33	RPL: Sending a multicast-DIO with rank 857
1092072610	ID:36	RPL: Sending a multicast-DIO with rank 907
1094643532	ID:32	RPL: Sending a multicast-DIO with rank 445
1095850568	ID:35	RPL: Sending a multicast-DIO with rank 830
1096705280	ID:33	RPL: Sending a multicast-DIO with rank 857
1097072610	ID:36	RPL: Sending a multicast-DIO with rank 907
1099643532	ID:32	RPL: Sending a multicast-DIO with rank 445
1100850567	ID:35	RPL: Sending a multicast-DIO with rank 830
1101705287	ID:33	RPL: Sending a multicast-DIO with rank 857
1102072610	ID:36	RPL: Sending a multicast-DIO with rank 907
1103742453	ID:34	RPL: Sending a DIS to fe80::c30c:0:0:6
1104643532	ID:32	RPL: Sending a multicast-DIO with rank 445
1105850568	ID:35	RPL: Sending a multicast-DIO with rank 830
1106705280	ID:33	RPL: Sending a multicast-DIO with rank 857
1107072610	ID:36	RPL: Sending a multicast-DIO with rank 907
1109643532	ID:32	RPL: Sending a multicast-DIO with rank 445
1110850568	ID:35	RPL: Sending a multicast-DIO with rank 830
1111705280	ID:33	RPL: Sending a multicast-DIO with rank 857
1112072610	ID:36	RPL: Sending a multicast-DIO with rank 907
1114643532	ID:32	RPL: Sending a multicast-DIO with rank 445
1115850567	ID:35	RPL: Sending a multicast-DIO with rank 830
1116705280	ID:33	RPL: Sending a multicast-DIO with rank 857
1117072610	ID:36	RPL: Sending a multicast-DIO with rank 907
1119643532	ID:32	RPL: Sending a multicast-DIO with rank 445
1120850568	ID:35	RPL: Sending a multicast-DIO with rank 830
1121705280	ID:33	RPL: Sending a multicast-DIO with rank 857
1122072610	ID:36	RPL: Sending a multicast-DIO with rank 907
1124643532	ID:32	RPL: Sending a multicast-DIO with rank 445
1125850568	ID:35	RPL: Sending a multicast-DIO with rank 830
1126705280	ID:33	RPL: Sending a multicast-DIO with rank 857
1127072610	ID:36	RPL: Sending a multicast-DIO with rank 907
1129643532	ID:32	RPL: Sending a multicast-DIO with rank 445
1130850567	ID:35	RPL: Sending a multicast-DIO with rank 830
1131705280	ID:33	RPL: Sending a multicast-DIO with rank 857
1132072610	ID:36	RPL: Sending a multicast-DIO with rank 907
1134643532	ID:32	RPL: Sending a multicast-DIO with rank 445
1135850568	ID:35	RPL: Sending a multicast-DIO with rank 830
1136705280	ID:33	RPL: Sending a multicast-DIO with rank 857
1137072610	ID:36	RPL: Sending a multicast-DIO with rank 907
1139643532	ID:32	RPL: Sending a multicast-DIO with rank 445
1140850568	ID:35	RPL: Sending a multicast-DIO with rank 830
1141705280	ID:33	RPL: Sending a multicast-DIO with rank 857
1142072610	ID:36	RPL: Sending a multicast-DIO with rank 907
1144643532	ID:32	RPL: Sending a multicast-DIO with rank 445
1145850567	ID:35	RPL: Sending a multicast-DIO with rank 830
1146705280	ID:33	RPL: Sending a multicast-DIO with rank 857
1147072610	ID:36	RPL: Sending a multicast-DIO with rank 907
1149643532	ID:32	RPL: Sending a multicast-DIO with rank 445
1150850568	ID:35	RPL: Sending a multicast-DIO with rank 830
1151705280	ID:33	RPL: Sending a multicast-DIO with rank 857
1152072610	ID:36	RPL: Sending a multicast-DIO with rank 907
1154643532	ID:32	RPL: Sending a multicast-DIO with rank 445
1155850568	ID:35	RPL: Sending a multicast-DIO with rank 830
1156705280	ID:33	RPL: Sending a multicast-DIO with rank 857
1157072610	ID:36	RPL: Sending a multicast-DIO with rank 907
1159643539	ID:32	RPL: Sending a multicast-DIO with rank 445
1160850567	ID:35	RPL: Sending a multicast-DIO with rank 830
1161705280	ID:33	RPL: Sending a multicast-DIO with rank 857
1162072610	ID:36	RPL: Sending a multicast-DIO with rank 907
1163742453	ID:34	RPL: Sending a DIS to fe80::c30c:0:0:6
1164643532	ID:32	RPL: Sending a multicast-DIO with rank 445
1165850568	ID:35	RPL: Sending a multicast-DIO with rank 830
1166705280	ID:33	RPL: Sending a multicast-DIO with rank 857
1167072610	ID:36	RPL: Sending a multicast-DIO with rank 907
1169643532	ID:32	RPL: Sending a multicast-DIO with rank 445
1170850568	ID:35	RPL: Sending a multicast-DIO with rank 830
1171705280	ID:33	RPL: Sending a multicast-DIO with rank 857
1172072610	ID:36	RPL: Sending a multicast-DIO with rank 907
1174643532	ID:32	RPL: Sending a multicast-DIO with rank 445
1175850567	ID:35	RPL: Sending a multicast-DIO with rank 830
1176705280	ID:33	RPL: Sending a multicast-DIO with rank 857
1177072610	ID:36	RPL: Sending a multicast-DIO with rank 907
1179643532	ID:32	RPL: Sending a multicast-DIO with rank 445
1180850568	ID:35	RPL: Sending a multicast-DIO with rank 830
1181705280	ID:33	RPL: Sending a multicast-DIO with rank 857
1182072610	ID:36	RPL: Sending a multicast-DIO with rank 907
1184643532	ID:32	RPL: Sending a multicast-DIO with rank 445
1185850568	ID:35	RPL: Sending a multicast-DIO with rank 830
1186705280	ID:33	RPL: Sending a multicast-DIO with rank 857
1187072610	ID:36	RPL: Sending a multicast-DIO with rank 907
1189643532	ID:32	RPL: Sending a multicast-DIO with rank 445
1190850567	ID:35	RPL: Sending a multicast-DIO with rank 830
1191705280	ID:33	RPL: Sending a multicast-DIO with rank 857
1192072610	ID:36	RPL: Sending a multicast-DIO with rank 907
1194643532	ID:32	RPL: Sending a multicast-DIO with rank 445
1195850568	ID:35	RPL: Sending a multicast-DIO with rank 830
1196705280	ID:33	RPL: Sending a multicast-DIO with rank 857
1197072610	ID:36	RPL: Sending a multicast-DIO with rank 907
1199643532	ID:32	RPL: Sending a multicast-DIO with rank 445
1200850568	ID:35	RPL: Sending a multicast-DIO with rank 830
1201705285	ID:33	RPL: Sending a multicast-DIO with rank 857
1202072615	ID:36	RPL: Sending a multicast-DIO with rank 907
1204643537	ID:32	RPL: Sending a multicast-DIO with rank 445
1205850572	ID:35	RPL: Sending a multicast-DIO with rank 830
1206705279	ID:33	RPL: Sending a multicast-DIO with rank 857
1207072609	ID:36	RPL: Sending a multicast-DIO with rank 907
1209643531	ID:32	RPL: Sending a multicast-DIO with rank 445
1210850566	ID:35	RPL: Sending a multicast-DIO with rank 830
1211705279	ID:33	RPL: Sending a multicast-DIO with rank 857
1212072609	ID:36	RPL: Sending a multicast-DIO with rank 907
1214643531	ID:32	RPL: Sending a multicast-DIO with rank 445
1215850566	ID:35	RPL: Sending a multicast-DIO with rank 830
1216705279	ID:33	RPL: Sending a multicast-DIO with rank 857
1217072609	ID:36	RPL: Sending a multicast-DIO with rank 907
1219643531	ID:32	RPL: Sending a multicast-DIO with rank 445
1220850566	ID:35	RPL: Sending a multicast-DIO with rank 830
1221705279	ID:33	RPL: Sending a multicast-DIO with rank 857
1222072609	ID:36	RPL: Sending a multicast-DIO with rank 907
1223742452	ID:34	RPL: Sending a DIS to fe80::c30c:0:0:6
1224643531	ID:32	RPL: Sending a multicast-DIO with rank 445
1225850566	ID:35	RPL: Sending a multicast-DIO with rank 830
1226705279	ID:33	RPL: Sending a multicast-DIO with rank 857
1227072609	ID:36	RPL: Sending a multicast-DIO with rank 907
1229643531	ID:32	RPL: Sending a multicast-DIO with rank 445
1230850566	ID:35	RPL: Sending a multicast-DIO with rank 830
1231705279	ID:33	RPL: Sending a multicast-DIO with rank 857
1232072616	ID:36	RPL: Sending a multicast-DIO with rank 907
1234643531	ID:32	RPL: Sending a multicast-DIO with rank 445
1235850566	ID:35	RPL: Sending a multicast-DIO with rank 830
1236705279	ID:33	RPL: Sending a multicast-DIO with rank 857
1237072609	ID:36	RPL: Sending a multicast-DIO with rank 907
1239643531	ID:32	RPL: Sending a multicast-DIO with rank 445
1240850566	ID:35	RPL: Sending a multicast-DIO with rank 830
1241705279	ID:33	RPL: Sending a multicast-DIO with rank 857
1242072609	ID:36	RPL: Sending a multicast-DIO with rank 907
1244643531	ID:32	RPL: Sending a multicast-DIO with rank 445
1245850566	ID:35	RPL: Sending a multicast-DIO with rank 830
1246705279	ID:33	RPL: Sending a multicast-DIO with rank 857
1247072609	ID:36	RPL: Sending a multicast-DIO with rank 907
1249643531	ID:32	RPL: Sending a multicast-DIO with rank 445
1250850566	ID:35	RPL: Sending a multicast-DIO with rank 830
1251705279	ID:33	RPL: Sending a multicast-DIO with rank 857
1252072609	ID:36	RPL: Sending a multicast-DIO with rank 907
1254643531	ID:32	RPL: Sending a multicast-DIO with rank 445
1255850566	ID:35	RPL: Sending a multicast-DIO with rank 830
1256705279	ID:33	RPL: Sending a multicast-DIO with rank 857
1257072609	ID:36	RPL: Sending a multicast-DIO with rank 907
1259643531	ID:32	RPL: Sending a multicast-DIO with rank 445
1260850566	ID:35	RPL: Sending a multicast-DIO with rank 830
1261705279	ID:33	RPL: Sending a multicast-DIO with rank 857
1262072609	ID:36	RPL: Sending a multicast-DIO with rank 907
1264643531	ID:32	RPL: Sending a multicast-DIO with rank 445
1265850566	ID:35	RPL: Sending a multicast-DIO with rank 830
1266705279	ID:33	RPL: Sending a multicast-DIO with rank 857
1267072609	ID:36	RPL: Sending a multicast-DIO with rank 907
1269643531	ID:32	RPL: Sending a multicast-DIO with rank 445
1270850566	ID:35	RPL: Sending a multicast-DIO with rank 830
1271705279	ID:33	RPL: Sending a multicast-DIO with rank 857
1272072609	ID:36	RPL: Sending a multicast-DIO with rank 907
1274643531	ID:32	RPL: Sending a multicast-DIO with rank 445
1275850566	ID:35	RPL: Sending a multicast-DIO with rank 830
1276705279	ID:33	RPL: Sending a multicast-DIO with rank 857
1277072609	ID:36	RPL: Sending a multicast-DIO with rank 907
1279643531	ID:32	RPL: Sending a multicast-DIO with rank 445
1280850566	ID:35	RPL: Sending a multicast-DIO with rank 830
1281705279	ID:33	RPL: Sending a multicast-DIO with rank 857
1282072609	ID:36	RPL: Sending a multicast-DIO with rank 907
1283743019	ID:34	RPL: Sending a DIS to fe80::c30c:0:0:6
1284643531	ID:32	RPL: Sending a multicast-DIO with rank 445
1285850566	ID:35	RPL: Sending a multicast-DIO with rank 830
1286705279	ID:33	RPL: Sending a multicast-DIO with rank 857
1287072609	ID:36	RPL: Sending a multicast-DIO with rank 907
1289643531	ID:32	RPL: Sending a multicast-DIO with rank 445
1290850566	ID:35	RPL: Sending a multicast-DIO with rank 830
1291705279	ID:33	RPL: Sending a multicast-DIO with rank 857
1292072609	ID:36	RPL: Sending a multicast-DIO with rank 907
1294643531	ID:32	RPL: Sending a multicast-DIO with rank 445
1295850566	ID:35	RPL: Sending a multicast-DIO with rank 830
1296705279	ID:33	RPL: Sending a multicast-DIO with rank 857
1297072609	ID:36	RPL: Sending a multicast-DIO with rank 907
1299643531	ID:32	RPL: Sending a multicast-DIO with rank 445
1300850566	ID:35	RPL: Sending a multicast-DIO with rank 830
1301705279	ID:33	RPL: Sending a multicast-DIO with rank 857
1302072609	ID:36	RPL: Sending a multicast-DIO with rank 907
1304643531	ID:32	RPL: Sending a multicast-DIO with rank 445
1305850566	ID:35	RPL: Sending a multicast-DIO with rank 830
1306705279	ID:33	RPL: Sending a multicast-DIO with rank 857
1307072609	ID:36	RPL: Sending a multicast-DIO with rank 907
1309643531	ID:32	RPL: Sending a multicast-DIO with rank 445
1310850566	ID:35	RPL: Sending a multicast-DIO with rank 830
1311705279	ID:33	RPL: Sending a multicast-DIO with rank 857
1312072609	ID:36	RPL: Sending a multicast-DIO with rank 907
1314643531	ID:32	RPL: Sending a multicast-DIO with rank 445
1315850566	ID:35	RPL: Sending a multicast-DIO with rank 830
1316705279	ID:33	RPL: Sending a multicast-DIO with rank 857
1317072609	ID:36	RPL: Sending a multicast-DIO with rank 907
1319643531	ID:32	RPL: Sending a multicast-DIO with rank 445
1320850566	ID:35	RPL: Sending a multicast-DIO with rank 830
1321705279	ID:33	RPL: Sending a multicast-DIO with rank 857
1322072609	ID:36	RPL: Sending a multicast-DIO with rank 907
1324643531	ID:32	RPL: Sending a multicast-DIO with rank 445
1325850566	ID:35	RPL: Sending a multicast-DIO with rank 830
1326705279	ID:33	RPL: Sending a multicast-DIO with rank 857
1327072609	ID:36	RPL: Sending a multicast-DIO with rank 907
1329643531	ID:32	RPL: Sending a multicast-DIO with rank 445
1330850566	ID:35	RPL: Sending a multicast-DIO with rank 830
1331705279	ID:33	RPL: Sending a multicast-DIO with rank 857
1332072609	ID:36	RPL: Sending a multicast-DIO with rank 907
1334643531	ID:32	RPL: Sending a multicast-DIO with rank 445
1335850566	ID:35	RPL: Sending a multicast-DIO with rank 830
1336705279	ID:33	RPL: Sending a multicast-DIO with rank 857
1337072609	ID:36	RPL: Sending a multicast-DIO with rank 907
1339643531	ID:32	RPL: Sending a multicast-DIO with rank 445
1340850566	ID:35	RPL: Sending a multicast-DIO with rank 830
1341705279	ID:33	RPL: Sending a multicast-DIO with rank 857
1342072609	ID:36	RPL: Sending a multicast-DIO with rank 907
1343742452	ID:34	RPL: Sending a DIS to fe80::c30c:0:0:6
1344643531	ID:32	RPL: Sending a multicast-DIO with rank 445
1345850566	ID:35	RPL: Sending a multicast-DIO with rank 830
1346705279	ID:33	RPL: Sending a multicast-DIO with rank 857
1347072609	ID:36	RPL: Sending a multicast-DIO with rank 907
1349643531	ID:32	RPL: Sending a multicast-DIO with rank 445
1350850566	ID:35	RPL: Sending a multicast-DIO with rank 830
1351705279	ID:33	RPL: Sending a multicast-DIO with rank 857
1352072609	ID:36	RPL: Sending a multicast-DIO with rank 907
1354643531	ID:32	RPL: Sending a multicast-DIO with rank 445
1355850566	ID:35	RPL: Sending a multicast-DIO with rank 830
1356705279	ID:33	RPL: Sending a multicast-DIO with rank 857
1357072609	ID:36	RPL: Sending a multicast-DIO with rank 907
1359643531	ID:32	RPL: Sending a multicast-DIO with rank 445
1360850566	ID:35	RPL: Sending a multicast-DIO with rank 830
1361705279	ID:33	RPL: Sending a multicast-DIO with rank 857
1362072609	ID:36	RPL: Sending a multicast-DIO with rank 907
1364643531	ID:32	RPL: Sending a multicast-DIO with rank 445
1365850566	ID:35	RPL: Sending a multicast-DIO with rank 830
1366705279	ID:33	RPL: Sending a multicast-DIO with rank 857
1367072609	ID:36	RPL: Sending a multicast-DIO with rank 907
1369643531	ID:32	RPL: Sending a multicast-DIO with rank 445
1370850566	ID:35	RPL: Sending a multicast-DIO with rank 830
1371705279	ID:33	RPL: Sending a multicast-DIO with rank 857
1372072609	ID:36	RPL: Sending a multicast-DIO with rank 907
1374643531	ID:32	RPL: Sending a multicast-DIO with rank 445
1375850566	ID:35	RPL: Sending a multicast-DIO with rank 830
1376705279	ID:33	RPL: Sending a multicast-DIO with rank 857
1377072609	ID:36	RPL: Sending a multicast-DIO with rank 907
1379643531	ID:32	RPL: Sending a multicast-DIO with rank 445
1380850566	ID:35	RPL: Sending a multicast-DIO with rank 830
1381705279	ID:33	RPL: Sending a multicast-DIO with rank 857
1382072609	ID:36	RPL: Sending a multicast-DIO with rank 907
1384643531	ID:32	RPL: Sending a multicast-DIO with rank 445
1385850566	ID:35	RPL: Sending a multicast-DIO with rank 830
1386705279	ID:33	RPL: Sending a multicast-DIO with rank 857
1387072609	ID:36	RPL: Sending a multicast-DIO with rank 907
1389643531	ID:32	RPL: Sending a multicast-DIO with rank 445
1390850566	ID:35	RPL: Sending a multicast-DIO with rank 830
1391705279	ID:33	RPL: Sending a multicast-DIO with rank 857
1392072609	ID:36	RPL: Sending a multicast-DIO with rank 907
1394643531	ID:32	RPL: Sending a multicast-DIO with rank 445
1395850566	ID:35	RPL: Sending a multicast-DIO with rank 830
1396705279	ID:33	RPL: Sending a multicast-DIO with rank 857
1397072609	ID:36	RPL: Sending a multicast-DIO with rank 907
1399643531	ID:32	RPL: Sending a multicast-DIO with rank 445
1400850566	ID:35	RPL: Sending a multicast-DIO with rank 830
1401705279	ID:33	RPL: Sending a multicast-DIO with rank 857
1402072609	ID:36	RPL: Sending a multicast-DIO with rank 907
1403742452	ID:34	RPL: Sending a DIS to fe80::c30c:0:0:6
1404643531	ID:32	RPL: Sending a multicast-DIO with rank 445
1405850566	ID:35	RPL: Sending a multicast-DIO with rank 830
1406705279	ID:33	RPL: Sending a multicast-DIO with rank 857
1407072609	ID:36	RPL: Sending a multicast-DIO with rank 907
1409643531	ID:32	RPL: Sending a multicast-DIO with rank 445
1410850566	ID:35	RPL: Sending a multicast-DIO with rank 830
1411705279	ID:33	RPL: Sending a multicast-DIO with rank 857
1412072609	ID:36	RPL: Sending a multicast-DIO with rank 907
1414643531	ID:32	RPL: Sending a multicast-DIO with rank 445
1415850566	ID:35	RPL: Sending a multicast-DIO with rank 830
1416705279	ID:33	RPL: Sending a multicast-DIO with rank 857
1417072609	ID:36	RPL: Sending a multicast-DIO with rank 907
1419643531	ID:32	RPL: Sending a multicast-DIO with rank 445
1420850566	ID:35	RPL: Sending a multicast-DIO with rank 830
1421705279	ID:33	RPL: Sending a multicast-DIO with rank 857
1422072609	ID:36	RPL: Sending a multicast-DIO with rank 907
1424643531	ID:32	RPL: Sending a multicast-DIO with rank 445
1425850566	ID:35	RPL: Sending a multicast-DIO with rank 830
1426705279	ID:33	RPL: Sending a multicast-DIO with rank 857
1427072609	ID:36	RPL: Sending a multicast-DIO with rank 907
1429643531	ID:32	RPL: Sending a multicast-DIO with rank 445
1430850566	ID:35	RPL: Sending a multicast-DIO with rank 830
1431705286	ID:33	RPL: Sending a multicast-DIO with rank 857
1432072609	ID:36	RPL: Sending a multicast-DIO with rank 907
1434643531	ID:32	RPL: Sending a multicast-DIO with rank 445
1435850566	ID:35	RPL: Sending a multicast-DIO with rank 830
1436705279	ID:33	RPL: Sending a multicast-DIO with rank 857
1437072609	ID:36	RPL: Sending a multicast-DIO with rank 907
1439643531	ID:32	RPL: Sending a multicast-DIO with rank 445
1440850566	ID:35	RPL: Sending a multicast-DIO with rank 830
1441705279	ID:33	RPL: Sending a multicast-DIO with rank 857
1442072609	ID:36	RPL: Sending a multicast-DIO with rank 907
1444643531	ID:32	RPL: Sending a multicast-DIO with rank 445
1445850573	ID:35	RPL: Sending a multicast-DIO with rank 830
1446705279	ID:33	RPL: Sending a multicast-DIO with rank 857
1447072609	ID:36	RPL: Sending a multicast-DIO with rank 907
1449643531	ID:32	RPL: Sending a multicast-DIO with rank 445
1450850566	ID:35	RPL: Sending a multicast-DIO with rank 830
1451705279	ID:33	RPL: Sending a multicast-DIO with rank 857
1452072609	ID:36	RPL: Sending a multicast-DIO with rank 907
1454643531	ID:32	RPL: Sending a multicast-DIO with rank 445
1455850566	ID:35	RPL: Sending a multicast-DIO with rank 830
1456705279	ID:33	RPL: Sending a multicast-DIO with rank 857
1457072609	ID:36	RPL: Sending a multicast-DIO with rank 907
1459643531	ID:32	RPL: Sending a multicast-DIO with rank 445
1460850566	ID:35	RPL: Sending a multicast-DIO with rank 830
1461705279	ID:33	RPL: Sending a multicast-DIO with rank 857
1462072609	ID:36	RPL: Sending a multicast-DIO with rank 907
1463743215	ID:34	RPL: Sending a DIS to fe80::c30c:0:0:6
1464643531	ID:32	RPL: Sending a multicast-DIO with rank 445
1465850566	ID:35	RPL: Sending a multicast-DIO with rank 830
1466705279	ID:33	RPL: Sending a multicast-DIO with rank 857
1467072609	ID:36	RPL: Sending a multicast-DIO with rank 907
1469643531	ID:32	RPL: Sending a multicast-DIO with rank 445
1470850566	ID:35	RPL: Sending a multicast-DIO with rank 830
1471705279	ID:33	RPL: Sending a multicast-DIO with rank 857
1472072609	ID:36	RPL: Sending a multicast-DIO with rank 907
1474643531	ID:32	RPL: Sending a multicast-DIO with rank 445
1475850566	ID:35	RPL: Sending a multicast-DIO with rank 830
1476705279	ID:33	RPL: Sending a multicast-DIO with rank 857
1477072609	ID:36	RPL: Sending a multicast-DIO with rank 907
1479643531	ID:32	RPL: Sending a multicast-DIO with rank 445
1480850566	ID:35	RPL: Sending a multicast-DIO with rank 830
1481705279	ID:33	RPL: Sending a multicast-DIO with rank 857
1482072609	ID:36	RPL: Sending a multicast-DIO with rank 907
1484643531	ID:32	RPL: Sending a multicast-DIO with rank 445
1485850566	ID:35	RPL: Sending a multicast-DIO with rank 830
1486705279	ID:33	RPL: Sending a multicast-DIO with rank 857
1487072609	ID:36	RPL: Sending a multicast-DIO with rank 907
1489643531	ID:32	RPL: Sending a multicast-DIO with rank 445
1490850566	ID:35	RPL: Sending a multicast-DIO with rank 830
1491705279	ID:33	RPL: Sending a multicast-DIO with rank 857
1492072609	ID:36	RPL: Sending a multicast-DIO with rank 907
1494643531	ID:32	RPL: Sending a multicast-DIO with rank 445
1495850566	ID:35	RPL: Sending a multicast-DIO with rank 830
1496705279	ID:33	RPL: Sending a multicast-DIO with rank 857
1497072609	ID:36	RPL: Sending a multicast-DIO with rank 907
1499643531	ID:32	RPL: Sending a multicast-DIO with rank 445
1500850566	ID:35	RPL: Sending a multicast-DIO with rank 830
1501705279	ID:33	RPL: Sending a multicast-DIO with rank 857
1502072609	ID:36	RPL: Sending a multicast-DIO with rank 907
1504643531	ID:32	RPL: Sending a multicast-DIO with rank 445
1505850566	ID:35	RPL: Sending a multicast-DIO with rank 830
1506705279	ID:33	RPL: Sending a multicast-DIO with rank 857
1507072609	ID:36	RPL: Sending a multicast-DIO with rank 907
1509643538	ID:32	RPL: Sending a multicast-DIO with rank 445
1510850566	ID:35	RPL: Sending a multicast-DIO with rank 830
1511705279	ID:33	RPL: Sending a multicast-DIO with rank 857
1512072609	ID:36	RPL: Sending a multicast-DIO with rank 907
1514643531	ID:32	RPL: Sending a multicast-DIO with rank 445
1515850566	ID:35	RPL: Sending a multicast-DIO with rank 830
1516705279	ID:33	RPL: Sending a multicast-DIO with rank 857
1517072609	ID:36	RPL: Sending a multicast-DIO with rank 907
1519643531	ID:32	RPL: Sending a multicast-DIO with rank 445
1520850566	ID:35	RPL: Sending a multicast-DIO with rank 830
1521705279	ID:33	RPL: Sending a multicast-DIO with rank 857
1522072609	ID:36	RPL: Sending a multicast-DIO with rank 907
1523742452	ID:34	RPL: Sending a DIS to fe80::c30c:0:0:6
1524643531	ID:32	RPL: Sending a multicast-DIO with rank 445
1525850566	ID:35	RPL: Sending a multicast-DIO with rank 830
1526705279	ID:33	RPL: Sending a multicast-DIO with rank 857
1527072609	ID:36	RPL: Sending a multicast-DIO with rank 907
1529643531	ID:32	RPL: Sending a multicast-DIO with rank 445
1530850566	ID:35	RPL: Sending a multicast-DIO with rank 830
1531705279	ID:33	RPL: Sending a multicast-DIO with rank 857
1532072609	ID:36	RPL: Sending a multicast-DIO with rank 907
1534643531	ID:32	RPL: Sending a multicast-DIO with rank 445
1535850566	ID:35	RPL: Sending a multicast-DIO with rank 830
1536705279	ID:33	RPL: Sending a multicast-DIO with rank 857
1537072609	ID:36	RPL: Sending a multicast-DIO with rank 907
1539643531	ID:32	RPL: Sending a multicast-DIO with rank 445
1540850566	ID:35	RPL: Sending a multicast-DIO with rank 830
1541705279	ID:33	RPL: Sending a multicast-DIO with rank 857
1542072609	ID:36	RPL: Sending a multicast-DIO with rank 907
1544643531	ID:32	RPL: Sending a multicast-DIO with rank 445
1545850566	ID:35	RPL: Sending a multicast-DIO with rank 830
1546705279	ID:33	RPL: Sending a multicast-DIO with rank 857
1547072609	ID:36	RPL: Sending a multicast-DIO with rank 907
1549643531	ID:32	RPL: Sending a multicast-DIO with rank 445
1550850566	ID:35	RPL: Sending a multicast-DIO with rank 830
1551705279	ID:33	RPL: Sending a multicast-DIO with rank 857
1552072609	ID:36	RPL: Sending a multicast-DIO with rank 907
1554643531	ID:32	RPL: Sending a multicast-DIO with rank 445
1555850566	ID:35	RPL: Sending a multicast-DIO with rank 830
1556705279	ID:33	RPL: Sending a multicast-DIO with rank 857
1557072609	ID:36	RPL: Sending a multicast-DIO with rank 907
1559643531	ID:32	RPL: Sending a multicast-DIO with rank 445
1560850566	ID:35	RPL: Sending a multicast-DIO with rank 830
1561705279	ID:33	RPL: Sending a multicast-DIO with rank 857
1562072609	ID:36	RPL: Sending a multicast-DIO with rank 907
1564643531	ID:32	RPL: Sending a multicast-DIO with rank 445
1565850566	ID:35	RPL: Sending a multicast-DIO with rank 830
1566705279	ID:33	RPL: Sending a multicast-DIO with rank 857
1567072609	ID:36	RPL: Sending a multicast-DIO with rank 907
1569643531	ID:32	RPL: Sending a multicast-DIO with rank 445
1570850566	ID:35	RPL: Sending a multicast-DIO with rank 830
1571705279	ID:33	RPL: Sending a multicast-DIO with rank 857
1572072609	ID:36	RPL: Sending a multicast-DIO with rank 907
1574643531	ID:32	RPL: Sending a multicast-DIO with rank 445
1575850566	ID:35	RPL: Sending a multicast-DIO with rank 830
1576705279	ID:33	RPL: Sending a multicast-DIO with rank 857
1577072609	ID:36	RPL: Sending a multicast-DIO with rank 907
1579643531	ID:32	RPL: Sending a multicast-DIO with rank 445
1580850566	ID:35	RPL: Sending a multicast-DIO with rank 830
1581705279	ID:33	RPL: Sending a multicast-DIO with rank 857
1582072609	ID:36	RPL: Sending a multicast-DIO with rank 907
1583742452	ID:34	RPL: Sending a DIS to fe80::c30c:0:0:6
1584643531	ID:32	RPL: Sending a multicast-DIO with rank 445
1585850566	ID:35	RPL: Sending a multicast-DIO with rank 830
1586705279	ID:33	RPL: Sending a multicast-DIO with rank 857
1587072609	ID:36	RPL: Sending a multicast-DIO with rank 907
1589643531	ID:32	RPL: Sending a multicast-DIO with rank 445
1590850566	ID:35	RPL: Sending a multicast-DIO with rank 830
1591705279	ID:33	RPL: Sending a multicast-DIO with rank 857
1592072609	ID:36	RPL: Sending a multicast-DIO with rank 907
1594643531	ID:32	RPL: Sending a multicast-DIO with rank 445
1595850566	ID:35	RPL: Sending a multicast-DIO with rank 830
1596705279	ID:33	RPL: Sending a multicast-DIO with rank 857
1597072609	ID:36	RPL: Sending a multicast-DIO with rank 907
1599643531	ID:32	RPL: Sending a multicast-DIO with rank 445
1600850566	ID:35	RPL: Sending a multicast-DIO with rank 830
1601705279	ID:33	RPL: Sending a multicast-DIO with rank 857
1602072609	ID:36	RPL: Sending a multicast-DIO with rank 907
1604643531	ID:32	RPL: Sending a multicast-DIO with rank 445
1605850566	ID:35	RPL: Sending a multicast-DIO with rank 830
1606705279	ID:33	RPL: Sending a multicast-DIO with rank 857
1607072616	ID:36	RPL: Sending a multicast-DIO with rank 907
1609643531	ID:32	RPL: Sending a multicast-DIO with rank 445
1610850566	ID:35	RPL: Sending a multicast-DIO with rank 830
1611705279	ID:33	RPL: Sending a multicast-DIO with rank 857
1612072609	ID:36	RPL: Sending a multicast-DIO with rank 907
1614643531	ID:32	RPL: Sending a multicast-DIO with rank 445
1615850566	ID:35	RPL: Sending a multicast-DIO with rank 830
1616705279	ID:33	RPL: Sending a multicast-DIO with rank 857
1617072609	ID:36	RPL: Sending a multicast-DIO with rank 907
1619643531	ID:32	RPL: Sending a multicast-DIO with rank 445
1620850566	ID:35	RPL: Sending a multicast-DIO with rank 830
1621705279	ID:33	RPL: Sending a multicast-DIO with rank 857
1622072609	ID:36	RPL: Sending a multicast-DIO with rank 907
1624643531	ID:32	RPL: Sending a multicast-DIO with rank 445
1625850566	ID:35	RPL: Sending a multicast-DIO with rank 830
1626705279	ID:33	RPL: Sending a multicast-DIO with rank 857
1627072609	ID:36	RPL: Sending a multicast-DIO with rank 907
1629643531	ID:32	RPL: Sending a multicast-DIO with rank 445
1630850566	ID:35	RPL: Sending a multicast-DIO with rank 830
1631705279	ID:33	RPL: Sending a multicast-DIO with rank 857
1632072609	ID:36	RPL: Sending a multicast-DIO with rank 907
1634643531	ID:32	RPL: Sending a multicast-DIO with rank 445
1635850566	ID:35	RPL: Sending a multicast-DIO with rank 830
1636705279	ID:33	RPL: Sending a multicast-DIO with rank 857
1637072609	ID:36	RPL: Sending a multicast-DIO with rank 907
1639643531	ID:32	RPL: Sending a multicast-DIO with rank 445
1640850566	ID:35	RPL: Sending a multicast-DIO with rank 830
1641705279	ID:33	RPL: Sending a multicast-DIO with rank 857
1642072609	ID:36	RPL: Sending a multicast-DIO with rank 907
1643742452	ID:34	RPL: Sending a DIS to fe80::c30c:0:0:6
1644643531	ID:32	RPL: Sending a multicast-DIO with rank 445
1645850566	ID:35	RPL: Sending a multicast-DIO with rank 830
1646705279	ID:33	RPL: Sending a multicast-DIO with rank 857
1647072609	ID:36	RPL: Sending a multicast-DIO with rank 907
1649643531	ID:32	RPL: Sending a multicast-DIO with rank 445
1650850566	ID:35	RPL: Sending a multicast-DIO with rank 830
1651705279	ID:33	RPL: Sending a multicast-DIO with rank 857
1652072609	ID:36	RPL: Sending a multicast-DIO with rank 907
1654643531	ID:32	RPL: Sending a multicast-DIO with rank 445
1655850566	ID:35	RPL: Sending a multicast-DIO with rank 830
1656705279	ID:33	RPL: Sending a multicast-DIO with rank 857
1657072609	ID:36	RPL: Sending a multicast-DIO with rank 907
1659643531	ID:32	RPL: Sending a multicast-DIO with rank 445
1660850566	ID:35	RPL: Sending a multicast-DIO with rank 830
1661705279	ID:33	RPL: Sending a multicast-DIO with rank 857
1662072609	ID:36	RPL: Sending a multicast-DIO with rank 907
1664643531	ID:32	RPL: Sending a multicast-DIO with rank 445
1665850566	ID:35	RPL: Sending a multicast-DIO with rank 830
1666705279	ID:33	RPL: Sending a multicast-DIO with rank 857
1667072609	ID:36	RPL: Sending a multicast-DIO with rank 907
1669643531	ID:32	RPL: Sending a multicast-DIO with rank 445
1670850566	ID:35	RPL: Sending a multicast-DIO with rank 830
1671705279	ID:33	RPL: Sending a multicast-DIO with rank 857
1672072609	ID:36	RPL: Sending a multicast-DIO with rank 907
1674643531	ID:32	RPL: Sending a multicast-DIO with rank 445
1675850566	ID:35	RPL: Sending a multicast-DIO with rank 830
1676705279	ID:33	RPL: Sending a multicast-DIO with rank 857
1677072609	ID:36	RPL: Sending a multicast-DIO with rank 907
1679643531	ID:32	RPL: Sending a multicast-DIO with rank 445
1680850566	ID:35	RPL: Sending a multicast-DIO with rank 830
1681705279	ID:33	RPL: Sending a multicast-DIO with rank 857
1682072609	ID:36	RPL: Sending a multicast-DIO with rank 907
1684643531	ID:32	RPL: Sending a multicast-DIO with rank 445
1685850566	ID:35	RPL: Sending a multicast-DIO with rank 830
1686705279	ID:33	RPL: Sending a multicast-DIO with rank 857
1687072609	ID:36	RPL: Sending a multicast-DIO with rank 907
1689643531	ID:32	RPL: Sending a multicast-DIO with rank 445
1690850566	ID:35	RPL: Sending a multicast-DIO with rank 830
1691705279	ID:33	RPL: Sending a multicast-DIO with rank 857
1692072609	ID:36	RPL: Sending a multicast-DIO with rank 907
1694643531	ID:32	RPL: Sending a multicast-DIO with rank 445
1695850566	ID:35	RPL: Sending a multicast-DIO with rank 830
1696705279	ID:33	RPL: Sending a multicast-DIO with rank 857
1697072609	ID:36	RPL: Sending a multicast-DIO with rank 907
1699643531	ID:32	RPL: Sending a multicast-DIO with rank 445
1700850566	ID:35	RPL: Sending a multicast-DIO with rank 830
1701705279	ID:33	RPL: Sending a multicast-DIO with rank 857
1702072609	ID:36	RPL: Sending a multicast-DIO with rank 907
1703742452	ID:34	RPL: Sending a DIS to fe80::c30c:0:0:6
1704643531	ID:32	RPL: Sending a multicast-DIO with rank 445
1705850566	ID:35	RPL: Sending a multicast-DIO with rank 830
1706705279	ID:33	RPL: Sending a multicast-DIO with rank 857
1707072609	ID:36	RPL: Sending a multicast-DIO with rank 907
1709643531	ID:32	RPL: Sending a multicast-DIO with rank 445
1710850566	ID:35	RPL: Sending a multicast-DIO with rank 830
1711705279	ID:33	RPL: Sending a multicast-DIO with rank 857
1712072609	ID:36	RPL: Sending a multicast-DIO with rank 907
1714643531	ID:32	RPL: Sending a multicast-DIO with rank 445
1715850566	ID:35	RPL: Sending a multicast-DIO with rank 830
1716705279	ID:33	RPL: Sending a multicast-DIO with rank 857
1717072609	ID:36	RPL: Sending a multicast-DIO with rank 907
1719643531	ID:32	RPL: Sending a multicast-DIO with rank 445
1720850566	ID:35	RPL: Sending a multicast-DIO with rank 830
1721705279	ID:33	RPL: Sending a multicast-DIO with rank 857
1722072609	ID:36	RPL: Sending a multicast-DIO with rank 907
1724643531	ID:32	RPL: Sending a multicast-DIO with rank 445
1725850566	ID:35	RPL: Sending a multicast-DIO with rank 830
1726705279	ID:33	RPL: Sending a multicast-DIO with rank 857
1727072609	ID:36	RPL: Sending a multicast-DIO with rank 907
1729643531	ID:32	RPL: Sending a multicast-DIO with rank 445
1730850566	ID:35	RPL: Sending a multicast-DIO with rank 830
1731705279	ID:33	RPL: Sending a multicast-DIO with rank 857
1732072609	ID:36	RPL: Sending a multicast-DIO with rank 907
1734643531	ID:32	RPL: Sending a multicast-DIO with rank 445
1735850566	ID:35	RPL: Sending a multicast-DIO with rank 830
1736705279	ID:33	RPL: Sending a multicast-DIO with rank 857
1737072609	ID:36	RPL: Sending a multicast-DIO with rank 907
1739643531	ID:32	RPL: Sending a multicast-DIO with rank 445
1740850566	ID:35	RPL: Sending a multicast-DIO with rank 830
1741705279	ID:33	RPL: Sending a multicast-DIO with rank 857
1742072609	ID:36	RPL: Sending a multicast-DIO with rank 907
1744643531	ID:32	RPL: Sending a multicast-DIO with rank 445
1745850566	ID:35	RPL: Sending a multicast-DIO with rank 830
1746705279	ID:33	RPL: Sending a multicast-DIO with rank 857
1747072609	ID:36	RPL: Sending a multicast-DIO with rank 907
1749643531	ID:32	RPL: Sending a multicast-DIO with rank 445
1750850566	ID:35	RPL: Sending a multicast-DIO with rank 830
1751705279	ID:33	RPL: Sending a multicast-DIO with rank 857
1752072609	ID:36	RPL: Sending a multicast-DIO with rank 907
1754643531	ID:32	RPL: Sending a multicast-DIO with rank 445
1755850566	ID:35	RPL: Sending a multicast-DIO with rank 830
1756705279	ID:33	RPL: Sending a multicast-DIO with rank 857
1757072609	ID:36	RPL: Sending a multicast-DIO with rank 907
1759643531	ID:32	RPL: Sending a multicast-DIO with rank 445
1760850566	ID:35	RPL: Sending a multicast-DIO with rank 830
1761705286	ID:33	RPL: Sending a multicast-DIO with rank 857
1762072609	ID:36	RPL: Sending a multicast-DIO with rank 907
1763742452	ID:34	RPL: Sending a DIS to fe80::c30c:0:0:6
1764643531	ID:32	RPL: Sending a multicast-DIO with rank 445
1765850566	ID:35	RPL: Sending a multicast-DIO with rank 830
1766705279	ID:33	RPL: Sending a multicast-DIO with rank 857
1767072609	ID:36	RPL: Sending a multicast-DIO with rank 907
1769643531	ID:32	RPL: Sending a multicast-DIO with rank 445
1770850573	ID:35	RPL: Sending a multicast-DIO with rank 830
1771705279	ID:33	RPL: Sending a multicast-DIO with rank 857
1772072609	ID:36	RPL: Sending a multicast-DIO with rank 907
1774643531	ID:32	RPL: Sending a multicast-DIO with rank 445
1775850566	ID:35	RPL: Sending a multicast-DIO with rank 830
1776705279	ID:33	RPL: Sending a multicast-DIO with rank 857
1777072609	ID:36	RPL: Sending a multicast-DIO with rank 907
1779643531	ID:32	RPL: Sending a multicast-DIO with rank 445
1780850566	ID:35	RPL: Sending a multicast-DIO with rank 830
1781705279	ID:33	RPL: Sending a multicast-DIO with rank 857
1782072609	ID:36	RPL: Sending a multicast-DIO with rank 907
1784643531	ID:32	RPL: Sending a multicast-DIO with rank 445
1785850566	ID:35	RPL: Sending a multicast-DIO with rank 830
1786705279	ID:33	RPL: Sending a multicast-DIO with rank 857
1787072609	ID:36	RPL: Sending a multicast-DIO with rank 907
1789643531	ID:32	RPL: Sending a multicast-DIO with rank 445
1790850566	ID:35	RPL: Sending a multicast-DIO with rank 830
1791705279	ID:33	RPL: Sending a multicast-DIO with rank 857
1792072609	ID:36	RPL: Sending a multicast-DIO with rank 907
1794643531	ID:32	RPL: Sending a multicast-DIO with rank 445
1795850566	ID:35	RPL: Sending a multicast-DIO with rank 830
1796705279	ID:33	RPL: Sending a multicast-DIO with rank 857
1797072609	ID:36	RPL: Sending a multicast-DIO with rank 907
1799643531	ID:32	RPL: Sending a multicast-DIO with rank 445
