30123715	ID:34	RPL: Sending a DIS to fe80::c30c:0:0:6
30316632	ID:36	RPL: Sending a DIS to fe80::c30c:0:0:8
30918638	ID:35	RPL: Sending a DIS to fe80::c30c:0:0:7
31037502	ID:33	RPL: Sending a DIS to fe80::c30c:0:0:2
31081816	ID:32	RPL: Sending a DIS to fe80::c30c:0:0:3
53448586	ID:33	RPL: Received a DIO from fe80::c30c:0:0:2
53452360	ID:33	RPL: Incoming DIO (id, ver, rank) = (30,240,292)
53456859	ID:33	RPL: Incoming DIO (dag_id, pref) = (fd00::ff:fe00:1, 0)
53459102	ID:33	RPL: DIO option 4, length: 14
53465009	ID:33	RPL: DAG conf:dbl=8, min=12 red=6 maxinc=896 mininc=128 ocp=1 d_l=10 l_u=60
53467276	ID:33	RPL: DIO option 8, length: 30
53469544	ID:33	RPL: Copying prefix information
53478895	ID:33	RPL: Neighbor added to neighbor cache fe80::c30c:0:0:2, c1:0c:00:00:00:00:00:02
58478616	ID:33	RPL: Sending a multicast-DIO with rank 292
60747939	ID:32	RPL: Received a DIO from fe80::c30c:0:0:3
60751708	ID:32	RPL: Incoming DIO (id, ver, rank) = (30,240,445)
60756206	ID:32	RPL: Incoming DIO (dag_id, pref) = (fd00::ff:fe00:1, 0)
60758432	ID:32	RPL: DIO option 4, length: 14
60764339	ID:32	RPL: DAG conf:dbl=8, min=12 red=6 maxinc=896 mininc=128 ocp=1 d_l=10 l_u=60
60766565	ID:32	RPL: DIO option 8, length: 30
60768834	ID:32	RPL: Copying prefix information
60779147	ID:32	RPL: Neighbor added to neighbor cache fe80::c30c:0:0:3, c1:0c:00:00:00:00:00:03
62099157	ID:36	RPL: Sending a DIS to fe80::c30c:0:0:8
62700738	ID:35	RPL: Sending a DIS to fe80::c30c:0:0:7
63478594	ID:33	RPL: Sending a multicast-DIO with rank 292
64461848	ID:35	RPL: Received a DIO from fe80::c30c:0:0:7
64465618	ID:35	RPL: Incoming DIO (id, ver, rank) = (30,240,292)
64470126	ID:35	RPL: Incoming DIO (dag_id, pref) = (fd00::ff:fe00:1, 0)
64472352	ID:35	RPL: DIO option 4, length: 14
64478297	ID:35	RPL: DAG conf:dbl=8, min=12 red=6 maxinc=896 mininc=128 ocp=1 d_l=10 l_u=60
64480524	ID:35	RPL: DIO option 8, length: 30
64482792	ID:35	RPL: Copying prefix information
64493818	ID:35	RPL: Neighbor added to neighbor cache fe80::c30c:0:0:7, c1:0c:00:00:00:00:00:07
65404305	ID:34	RPL: Received a DIO from fe80::c30c:0:0:6
65408078	ID:34	RPL: Incoming DIO (id, ver, rank) = (30,240,281)
65412577	ID:34	RPL: Incoming DIO (dag_id, pref) = (fd00::ff:fe00:1, 0)
65414803	ID:34	RPL: DIO option 4, length: 14
65420716	ID:34	RPL: DAG conf:dbl=8, min=12 red=6 maxinc=896 mininc=128 ocp=1 d_l=10 l_u=60
65422942	ID:34	RPL: DIO option 8, length: 30
65425211	ID:34	RPL: Copying prefix information
65436225	ID:34	RPL: Neighbor added to neighbor cache fe80::c30c:0:0:6, c1:0c:00:00:00:00:00:06
65783545	ID:32	RPL: Sending a multicast-DIO with rank 445
68478594	ID:33	RPL: Sending a multicast-DIO with rank 292
69503179	ID:35	RPL: Sending a multicast-DIO with rank 292
70440438	ID:34	RPL: Sending a multicast-DIO with rank 281
70783524	ID:32	RPL: Sending a multicast-DIO with rank 445
73478594	ID:33	RPL: Sending a multicast-DIO with rank 292
74503158	ID:35	RPL: Sending a multicast-DIO with rank 292
75440417	ID:34	RPL: Sending a multicast-DIO with rank 281
75783524	ID:32	RPL: Sending a multicast-DIO with rank 445
78478594	ID:33	RPL: Sending a multicast-DIO with rank 292
79503158	ID:35	RPL: Sending a multicast-DIO with rank 292
80440417	ID:34	RPL: Sending a multicast-DIO with rank 281
80783524	ID:32	RPL: Sending a multicast-DIO with rank 445
83478594	ID:33	RPL: Sending a multicast-DIO with rank 292
84503158	ID:35	RPL: Sending a multicast-DIO with rank 292
85440417	ID:34	RPL: Sending a multicast-DIO with rank 281
85783524	ID:32	RPL: Sending a multicast-DIO with rank 445
88478594	ID:33	RPL: Sending a multicast-DIO with rank 292
89503158	ID:35	RPL: Sending a multicast-DIO with rank 292
90440405	ID:34	RPL: Sending a multicast-DIO with rank 281
90783524	ID:32	RPL: Sending a multicast-DIO with rank 445
93478582	ID:33	RPL: Sending a multicast-DIO with rank 292
94503146	ID:35	RPL: Sending a multicast-DIO with rank 292
95440405	ID:34	RPL: Sending a multicast-DIO with rank 281
95783512	ID:32	RPL: Sending a multicast-DIO with rank 445
98478582	ID:33	RPL: Sending a multicast-DIO with rank 292
99503146	ID:35	RPL: Sending a multicast-DIO with rank 292
100440405	ID:34	RPL: Sending a multicast-DIO with rank 281
100783512	ID:32	RPL: Sending a multicast-DIO with rank 445
103478582	ID:33	RPL: Sending a multicast-DIO with rank 292
104503146	ID:35	RPL: Sending a multicast-DIO with rank 292
105440405	ID:34	RPL: Sending a multicast-DIO with rank 281
105783512	ID:32	RPL: Sending a multicast-DIO with rank 445
108478582	ID:33	RPL: Sending a multicast-DIO with rank 292
109503146	ID:35	RPL: Sending a multicast-DIO with rank 292
110440405	ID:34	RPL: Sending a multicast-DIO with rank 281
110783512	ID:32	RPL: Sending a multicast-DIO with rank 445
113478582	ID:33	RPL: Sending a multicast-DIO with rank 292
114503146	ID:35	RPL: Sending a multicast-DIO with rank 292
115440405	ID:34	RPL: Sending a multicast-DIO with rank 281
115783512	ID:32	RPL: Sending a multicast-DIO with rank 445
118478582	ID:33	RPL: Sending a multicast-DIO with rank 292
119503146	ID:35	RPL: Sending a multicast-DIO with rank 292
120440405	ID:34	RPL: Sending a multicast-DIO with rank 281
120783512	ID:32	RPL: Sending a multicast-DIO with rank 445
122099521	ID:36	RPL: Sending a DIS to fe80::c30c:0:0:8
123478582	ID:33	RPL: Sending a multicast-DIO with rank 292
124503146	ID:35	RPL: Sending a multicast-DIO with rank 292
125440405	ID:34	RPL: Sending a multicast-DIO with rank 281
125783512	ID:32	RPL: Sending a multicast-DIO with rank 445
128478582	ID:33	RPL: Sending a multicast-DIO with rank 292
129503146	ID:35	RPL: Sending a multicast-DIO with rank 292
130108698	ID:36	RPL: Received a DIO from fe80::c30c:0:0:8
130112467	ID:36	RPL: Incoming DIO (id, ver, rank) = (30,240,286)
130117003	ID:36	RPL: Incoming DIO (dag_id, pref) = (fd00::ff:fe00:1, 0)
130119229	ID:36	RPL: DIO option 4, length: 14
130125151	ID:36	RPL: DAG conf:dbl=8, min=12 red=6 maxinc=896 mininc=128 ocp=1 d_l=10 l_u=60
130127377	ID:36	RPL: DIO option 8, length: 30
130129645	ID:36	RPL: Copying prefix information
130440405	ID:34	RPL: Sending a multicast-DIO with rank 281
130783512	ID:32	RPL: Sending a multicast-DIO with rank 445
133478582	ID:33	RPL: Sending a multicast-DIO with rank 292
134503146	ID:35	RPL: Sending a multicast-DIO with rank 292
135440405	ID:34	RPL: Sending a multicast-DIO with rank 281
135783512	ID:32	RPL: Sending a multicast-DIO with rank 445
138478582	ID:33	RPL: Sending a multicast-DIO with rank 292
139503146	ID:35	RPL: Sending a multicast-DIO with rank 292
140440405	ID:34	RPL: Sending a multicast-DIO with rank 281
140783512	ID:32	RPL: Sending a multicast-DIO with rank 445
143478582	ID:33	RPL: Sending a multicast-DIO with rank 292
144503146	ID:35	RPL: Sending a multicast-DIO with rank 292
145440405	ID:34	RPL: Sending a multicast-DIO with rank 281
145783512	ID:32	RPL: Sending a multicast-DIO with rank 445
148478582	ID:33	RPL: Sending a multicast-DIO with rank 292
149503146	ID:35	RPL: Sending a multicast-DIO with rank 292
150440405	ID:34	RPL: Sending a multicast-DIO with rank 281
150783512	ID:32	RPL: Sending a multicast-DIO with rank 445
153478582	ID:33	RPL: Sending a multicast-DIO with rank 292
154503146	ID:35	RPL: Sending a multicast-DIO with rank 292
155440405	ID:34	RPL: Sending a multicast-DIO with rank 281
155783512	ID:32	RPL: Sending a multicast-DIO with rank 445
158478582	ID:33	RPL: Sending a multicast-DIO with rank 292
159503146	ID:35	RPL: Sending a multicast-DIO with rank 292
160440405	ID:34	RPL: Sending a multicast-DIO with rank 281
160783512	ID:32	RPL: Sending a multicast-DIO with rank 445
163478582	ID:33	RPL: Sending a multicast-DIO with rank 292
164503146	ID:35	RPL: Sending a multicast-DIO with rank 292
165440405	ID:34	RPL: Sending a multicast-DIO with rank 281
165783512	ID:32	RPL: Sending a multicast-DIO with rank 445
168478582	ID:33	RPL: Sending a multicast-DIO with rank 292
169503146	ID:35	RPL: Sending a multicast-DIO with rank 292
170440405	ID:34	RPL: Sending a multicast-DIO with rank 281
170783512	ID:32	RPL: Sending a multicast-DIO with rank 445
173478582	ID:33	RPL: Sending a multicast-DIO with rank 292
174503146	ID:35	RPL: Sending a multicast-DIO with rank 292
175440405	ID:34	RPL: Sending a multicast-DIO with rank 281
175783512	ID:32	RPL: Sending a multicast-DIO with rank 445
178478582	ID:33	RPL: Sending a multicast-DIO with rank 292
179503146	ID:35	RPL: Sending a multicast-DIO with rank 292
180440405	ID:34	RPL: Sending a multicast-DIO with rank 281
180783512	ID:32	RPL: Sending a multicast-DIO with rank 445
182099536	ID:36	RPL: Sending a DIS to fe80::c30c:0:0:8
183478582	ID:33	RPL: Sending a multicast-DIO with rank 292
184503146	ID:35	RPL: Sending a multicast-DIO with rank 292
185440405	ID:34	RPL: Sending a multicast-DIO with rank 281
185783512	ID:32	RPL: Sending a multicast-DIO with rank 445
188478582	ID:33	RPL: Sending a multicast-DIO with rank 292
189503146	ID:35	RPL: Sending a multicast-DIO with rank 292
190440405	ID:34	RPL: Sending a multicast-DIO with rank 281
190783512	ID:32	RPL: Sending a multicast-DIO with rank 445
193478582	ID:33	RPL: Sending a multicast-DIO with rank 292
194503146	ID:35	RPL: Sending a multicast-DIO with rank 292
195440405	ID:34	RPL: Sending a multicast-DIO with rank 281
195783512	ID:32	RPL: Sending a multicast-DIO with rank 445
198478582	ID:33	RPL: Sending a multicast-DIO with rank 292
199503146	ID:35	RPL: Sending a multicast-DIO with rank 292
200440405	ID:34	RPL: Sending a multicast-DIO with rank 281
200783512	ID:32	RPL: Sending a multicast-DIO with rank 445
203478582	ID:33	RPL: Sending a multicast-DIO with rank 292
204503146	ID:35	RPL: Sending a multicast-DIO with rank 292
205440405	ID:34	RPL: Sending a multicast-DIO with rank 281
205783512	ID:32	RPL: Sending a multicast-DIO with rank 445
208478582	ID:33	RPL: Sending a multicast-DIO with rank 292
209503146	ID:35	RPL: Sending a multicast-DIO with rank 292
210440405	ID:34	RPL: Sending a multicast-DIO with rank 281
210783512	ID:32	RPL: Sending a multicast-DIO with rank 445
213478582	ID:33	RPL: Sending a multicast-DIO with rank 292
214503146	ID:35	RPL: Sending a multicast-DIO with rank 292
215440405	ID:34	RPL: Sending a multicast-DIO with rank 281
215783512	ID:32	RPL: Sending a multicast-DIO with rank 445
218478582	ID:33	RPL: Sending a multicast-DIO with rank 292
219503146	ID:35	RPL: Sending a multicast-DIO with rank 292
220440405	ID:34	RPL: Sending a multicast-DIO with rank 281
220783512	ID:32	RPL: Sending a multicast-DIO with rank 445
223478582	ID:33	RPL: Sending a multicast-DIO with rank 292
224503146	ID:35	RPL: Sending a multicast-DIO with rank 292
225440405	ID:34	RPL: Sending a multicast-DIO with rank 281
225783512	ID:32	RPL: Sending a multicast-DIO with rank 445
228478582	ID:33	RPL: Sending a multicast-DIO with rank 292
229503146	ID:35	RPL: Sending a multicast-DIO with rank 292
230440405	ID:34	RPL: Sending a multicast-DIO with rank 281
230783512	ID:32	RPL: Sending a multicast-DIO with rank 445
233478582	ID:33	RPL: Sending a multicast-DIO with rank 292
234503146	ID:35	RPL: Sending a multicast-DIO with rank 292
235440405	ID:34	RPL: Sending a multicast-DIO with rank 281
235783512	ID:32	RPL: Sending a multicast-DIO with rank 445
238478582	ID:33	RPL: Sending a multicast-DIO with rank 292
239503146	ID:35	RPL: Sending a multicast-DIO with rank 292
240440405	ID:34	RPL: Sending a multicast-DIO with rank 281
240783512	ID:32	RPL: Sending a multicast-DIO with rank 445
242099536	ID:36	RPL: Sending a DIS to fe80::c30c:0:0:8
243478582	ID:33	RPL: Sending a multicast-DIO with rank 292
244503146	ID:35	RPL: Sending a multicast-DIO with rank 292
245440405	ID:34	RPL: Sending a multicast-DIO with rank 281
245783512	ID:32	RPL: Sending a multicast-DIO with rank 445
248478582	ID:33	RPL: Sending a multicast-DIO with rank 292
249503146	ID:35	RPL: Sending a multicast-DIO with rank 292
250440405	ID:34	RPL: Sending a multicast-DIO with rank 281
250783512	ID:32	RPL: Sending a multicast-DIO with rank 445
253478582	ID:33	RPL: Sending a multicast-DIO with rank 292
254503146	ID:35	RPL: Sending a multicast-DIO with rank 292
255440405	ID:34	RPL: Sending a multicast-DIO with rank 281
255783512	ID:32	RPL: Sending a multicast-DIO with rank 445
258478582	ID:33	RPL: Sending a multicast-DIO with rank 292
259503146	ID:35	RPL: Sending a multicast-DIO with rank 292
260440405	ID:34	RPL: Sending a multicast-DIO with rank 281
260783512	ID:32	RPL: Sending a multicast-DIO with rank 445
263478582	ID:33	RPL: Sending a multicast-DIO with rank 292
264503146	ID:35	RPL: Sending a multicast-DIO with rank 292
265440405	ID:34	RPL: Sending a multicast-DIO with rank 281
265783512	ID:32	RPL: Sending a multicast-DIO with rank 445
268478582	ID:33	RPL: Sending a multicast-DIO with rank 292
269503146	ID:35	RPL: Sending a multicast-DIO with rank 292
270440405	ID:34	RPL: Sending a multicast-DIO with rank 281
270783512	ID:32	RPL: Sending a multicast-DIO with rank 445
273478582	ID:33	RPL: Sending a multicast-DIO with rank 292
274503146	ID:35	RPL: Sending a multicast-DIO with rank 292
275440405	ID:34	RPL: Sending a multicast-DIO with rank 281
275783512	ID:32	RPL: Sending a multicast-DIO with rank 445
278478582	ID:33	RPL: Sending a multicast-DIO with rank 292
279503146	ID:35	RPL: Sending a multicast-DIO with rank 292
280440405	ID:34	RPL: Sending a multicast-DIO with rank 281
280783512	ID:32	RPL: Sending a multicast-DIO with rank 445
283478582	ID:33	RPL: Sending a multicast-DIO with rank 292
284503146	ID:35	RPL: Sending a multicast-DIO with rank 292
285440405	ID:34	RPL: Sending a multicast-DIO with rank 281
285783512	ID:32	RPL: Sending a multicast-DIO with rank 445
288478582	ID:33	RPL: Sending a multicast-DIO with rank 292
289503146	ID:35	RPL: Sending a multicast-DIO with rank 292
290440405	ID:34	RPL: Sending a multicast-DIO with rank 281
290783512	ID:32	RPL: Sending a multicast-DIO with rank 445
293478582	ID:33	RPL: Sending a multicast-DIO with rank 292
294503146	ID:35	RPL: Sending a multicast-DIO with rank 292
295440405	ID:34	RPL: Sending a multicast-DIO with rank 281
295783512	ID:32	RPL: Sending a multicast-DIO with rank 445
298478582	ID:33	RPL: Sending a multicast-DIO with rank 292
299503146	ID:35	RPL: Sending a multicast-DIO with rank 292
300440405	ID:34	RPL: Sending a multicast-DIO with rank 281
300783512	ID:32	RPL: Sending a multicast-DIO with rank 445
302099536	ID:36	RPL: Sending a DIS to fe80::c30c:0:0:8
303478582	ID:33	RPL: Sending a multicast-DIO with rank 292
304503146	ID:35	RPL: Sending a multicast-DIO with rank 292
305440405	ID:34	RPL: Sending a multicast-DIO with rank 281
305783512	ID:32	RPL: Sending a multicast-DIO with rank 445
308478582	ID:33	RPL: Sending a multicast-DIO with rank 292
309503146	ID:35	RPL: Sending a multicast-DIO with rank 292
310440405	ID:34	RPL: Sending a multicast-DIO with rank 281
310783512	ID:32	RPL: Sending a multicast-DIO with rank 445
313478582	ID:33	RPL: Sending a multicast-DIO with rank 292
314503146	ID:35	RPL: Sending a multicast-DIO with rank 292
315440405	ID:34	RPL: Sending a multicast-DIO with rank 281
315783512	ID:32	RPL: Sending a multicast-DIO with rank 445
318478582	ID:33	RPL: Sending a multicast-DIO with rank 292
319503146	ID:35	RPL: Sending a multicast-DIO with rank 292
320440405	ID:34	RPL: Sending a multicast-DIO with rank 281
320783512	ID:32	RPL: Sending a multicast-DIO with rank 445
323478582	ID:33	RPL: Sending a multicast-DIO with rank 292
324503146	ID:35	RPL: Sending a multicast-DIO with rank 292
325440405	ID:34	RPL: Sending a multicast-DIO with rank 281
325783512	ID:32	RPL: Sending a multicast-DIO with rank 445
328478582	ID:33	RPL: Sending a multicast-DIO with rank 292
329503146	ID:35	RPL: Sending a multicast-DIO with rank 292
330440405	ID:34	RPL: Sending a multicast-DIO with rank 281
330783512	ID:32	RPL: Sending a multicast-DIO with rank 445
333478582	ID:33	RPL: Sending a multicast-DIO with rank 292
334503146	ID:35	RPL: Sending a multicast-DIO with rank 292
335440405	ID:34	RPL: Sending a multicast-DIO with rank 281
335783512	ID:32	RPL: Sending a multicast-DIO with rank 445
338478582	ID:33	RPL: Sending a multicast-DIO with rank 292
339503146	ID:35	RPL: Sending a multicast-DIO with rank 292
340440405	ID:34	RPL: Sending a multicast-DIO with rank 281
340783512	ID:32	RPL: Sending a multicast-DIO with rank 445
343478582	ID:33	RPL: Sending a multicast-DIO with rank 292
344503146	ID:35	RPL: Sending a multicast-DIO with rank 292
345440405	ID:34	RPL: Sending a multicast-DIO with rank 281
345783512	ID:32	RPL: Sending a multicast-DIO with rank 445
348478582	ID:33	RPL: Sending a multicast-DIO with rank 292
349503146	ID:35	RPL: Sending a multicast-DIO with rank 292
350440405	ID:34	RPL: Sending a multicast-DIO with rank 281
350783512	ID:32	RPL: Sending a multicast-DIO with rank 445
353478582	ID:33	RPL: Sending a multicast-DIO with rank 292
354503146	ID:35	RPL: Sending a multicast-DIO with rank 292
355440405	ID:34	RPL: Sending a multicast-DIO with rank 281
355783512	ID:32	RPL: Sending a multicast-DIO with rank 445
358478582	ID:33	RPL: Sending a multicast-DIO with rank 292
359503146	ID:35	RPL: Sending a multicast-DIO with rank 292
360440405	ID:34	RPL: Sending a multicast-DIO with rank 281
360783512	ID:32	RPL: Sending a multicast-DIO with rank 445
362099536	ID:36	RPL: Sending a DIS to fe80::c30c:0:0:8
363478582	ID:33	RPL: Sending a multicast-DIO with rank 292
364503146	ID:35	RPL: Sending a multicast-DIO with rank 292
365440405	ID:34	RPL: Sending a multicast-DIO with rank 281
365783512	ID:32	RPL: Sending a multicast-DIO with rank 445
368478588	ID:33	RPL: Sending a multicast-DIO with rank 292
369503146	ID:35	RPL: Sending a multicast-DIO with rank 292
370440405	ID:34	RPL: Sending a multicast-DIO with rank 281
370783512	ID:32	RPL: Sending a multicast-DIO with rank 445
373478582	ID:33	RPL: Sending a multicast-DIO with rank 292
374503146	ID:35	RPL: Sending a multicast-DIO with rank 292
375440405	ID:34	RPL: Sending a multicast-DIO with rank 281
375783512	ID:32	RPL: Sending a multicast-DIO with rank 445
378478582	ID:33	RPL: Sending a multicast-DIO with rank 292
379503146	ID:35	RPL: Sending a multicast-DIO with rank 292
380440405	ID:34	RPL: Sending a multicast-DIO with rank 281
380783518	ID:32	RPL: Sending a multicast-DIO with rank 445
383478582	ID:33	RPL: Sending a multicast-DIO with rank 292
384503146	ID:35	RPL: Sending a multicast-DIO with rank 292
385440405	ID:34	RPL: Sending a multicast-DIO with rank 281
385783512	ID:32	RPL: Sending a multicast-DIO with rank 445
388478582	ID:33	RPL: Sending a multicast-DIO with rank 292
389503146	ID:35	RPL: Sending a multicast-DIO with rank 292
390440405	ID:34	RPL: Sending a multicast-DIO with rank 281
390783512	ID:32	RPL: Sending a multicast-DIO with rank 445
393478582	ID:33	RPL: Sending a multicast-DIO with rank 292
394503146	ID:35	RPL: Sending a multicast-DIO with rank 292
395440405	ID:34	RPL: Sending a multicast-DIO with rank 281
395783512	ID:32	RPL: Sending a multicast-DIO with rank 445
398478582	ID:33	RPL: Sending a multicast-DIO with rank 292
399503146	ID:35	RPL: Sending a multicast-DIO with rank 292
400440405	ID:34	RPL: Sending a multicast-DIO with rank 281
400783512	ID:32	RPL: Sending a multicast-DIO with rank 445
403478582	ID:33	RPL: Sending a multicast-DIO with rank 292
404503146	ID:35	RPL: Sending a multicast-DIO with rank 292
405440405	ID:34	RPL: Sending a multicast-DIO with rank 281
405783512	ID:32	RPL: Sending a multicast-DIO with rank 445
408478582	ID:33	RPL: Sending a multicast-DIO with rank 292
409503146	ID:35	RPL: Sending a multicast-DIO with rank 292
410440405	ID:34	RPL: Sending a multicast-DIO with rank 281
410783512	ID:32	RPL: Sending a multicast-DIO with rank 445
413478582	ID:33	RPL: Sending a multicast-DIO with rank 292
414503146	ID:35	RPL: Sending a multicast-DIO with rank 292
415440405	ID:34	RPL: Sending a multicast-DIO with rank 281
415783512	ID:32	RPL: Sending a multicast-DIO with rank 445
418478582	ID:33	RPL: Sending a multicast-DIO with rank 292
419503146	ID:35	RPL: Sending a multicast-DIO with rank 292
420440405	ID:34	RPL: Sending a multicast-DIO with rank 281
420783512	ID:32	RPL: Sending a multicast-DIO with rank 445
422099536	ID:36	RPL: Sending a DIS to fe80::c30c:0:0:8
423478582	ID:33	RPL: Sending a multicast-DIO with rank 292
424503146	ID:35	RPL: Sending a multicast-DIO with rank 292
425440405	ID:34	RPL: Sending a multicast-DIO with rank 281
425783512	ID:32	RPL: Sending a multicast-DIO with rank 445
428478582	ID:33	RPL: Sending a multicast-DIO with rank 292
429503146	ID:35	RPL: Sending a multicast-DIO with rank 292
430440405	ID:34	RPL: Sending a multicast-DIO with rank 281
430783512	ID:32	RPL: Sending a multicast-DIO with rank 445
433478582	ID:33	RPL: Sending a multicast-DIO with rank 292
434503146	ID:35	RPL: Sending a multicast-DIO with rank 292
435440405	ID:34	RPL: Sending a multicast-DIO with rank 281
435783512	ID:32	RPL: Sending a multicast-DIO with rank 445
438478582	ID:33	RPL: Sending a multicast-DIO with rank 292
439503146	ID:35	RPL: Sending a multicast-DIO with rank 292
440440405	ID:34	RPL: Sending a multicast-DIO with rank 281
440783512	ID:32	RPL: Sending a multicast-DIO with rank 445
443478582	ID:33	RPL: Sending a multicast-DIO with rank 292
444503146	ID:35	RPL: Sending a multicast-DIO with rank 292
445440405	ID:34	RPL: Sending a multicast-DIO with rank 281
445783512	ID:32	RPL: Sending a multicast-DIO with rank 445
448478582	ID:33	RPL: Sending a multicast-DIO with rank 292
449503146	ID:35	RPL: Sending a multicast-DIO with rank 292
450440405	ID:34	RPL: Sending a multicast-DIO with rank 281
450783512	ID:32	RPL: Sending a multicast-DIO with rank 445
453478582	ID:33	RPL: Sending a multicast-DIO with rank 292
454503153	ID:35	RPL: Sending a multicast-DIO with rank 292
455440405	ID:34	RPL: Sending a multicast-DIO with rank 281
455783512	ID:32	RPL: Sending a multicast-DIO with rank 445
458478582	ID:33	RPL: Sending a multicast-DIO with rank 292
459503146	ID:35	RPL: Sending a multicast-DIO with rank 292
460440411	ID:34	RPL: Sending a multicast-DIO with rank 281
460783512	ID:32	RPL: Sending a multicast-DIO with rank 445
463478582	ID:33	RPL: Sending a multicast-DIO with rank 292
464503146	ID:35	RPL: Sending a multicast-DIO with rank 292
465440405	ID:34	RPL: Sending a multicast-DIO with rank 281
465783512	ID:32	RPL: Sending a multicast-DIO with rank 445
468478582	ID:33	RPL: Sending a multicast-DIO with rank 292
469503146	ID:35	RPL: Sending a multicast-DIO with rank 292
470440405	ID:34	RPL: Sending a multicast-DIO with rank 281
470783512	ID:32	RPL: Sending a multicast-DIO with rank 445
473478582	ID:33	RPL: Sending a multicast-DIO with rank 292
474503146	ID:35	RPL: Sending a multicast-DIO with rank 292
475440405	ID:34	RPL: Sending a multicast-DIO with rank 281
475783512	ID:32	RPL: Sending a multicast-DIO with rank 445
478478582	ID:33	RPL: Sending a multicast-DIO with rank 292
479503146	ID:35	RPL: Sending a multicast-DIO with rank 292
480440405	ID:34	RPL: Sending a multicast-DIO with rank 281
480783512	ID:32	RPL: Sending a multicast-DIO with rank 445
482099536	ID:36	RPL: Sending a DIS to fe80::c30c:0:0:8
483478582	ID:33	RPL: Sending a multicast-DIO with rank 292
484503146	ID:35	RPL: Sending a multicast-DIO with rank 292
485440405	ID:34	RPL: Sending a multicast-DIO with rank 281
485783512	ID:32	RPL: Sending a multicast-DIO with rank 445
488478582	ID:33	RPL: Sending a multicast-DIO with rank 292
489503146	ID:35	RPL: Sending a multicast-DIO with rank 292
490440405	ID:34	RPL: Sending a multicast-DIO with rank 281
490783512	ID:32	RPL: Sending a multicast-DIO with rank 445
493478582	ID:33	RPL: Sending a multicast-DIO with rank 292
494503146	ID:35	RPL: Sending a multicast-DIO with rank 292
495440405	ID:34	RPL: Sending a multicast-DIO with rank 281
495783512	ID:32	RPL: Sending a multicast-DIO with rank 445
498478582	ID:33	RPL: Sending a multicast-DIO with rank 292
499503146	ID:35	RPL: Sending a multicast-DIO with rank 292
500440405	ID:34	RPL: Sending a multicast-DIO with rank 281
500783512	ID:32	RPL: Sending a multicast-DIO with rank 445
503478582	ID:33	RPL: Sending a multicast-DIO with rank 292
504503146	ID:35	RPL: Sending a multicast-DIO with rank 292
505440405	ID:34	RPL: Sending a multicast-DIO with rank 281
505783512	ID:32	RPL: Sending a multicast-DIO with rank 445
508478582	ID:33	RPL: Sending a multicast-DIO with rank 292
509503146	ID:35	RPL: Sending a multicast-DIO with rank 292
510440405	ID:34	RPL: Sending a multicast-DIO with rank 281
510783512	ID:32	RPL: Sending a multicast-DIO with rank 445
513478582	ID:33	RPL: Sending a multicast-DIO with rank 292
514503146	ID:35	RPL: Sending a multicast-DIO with rank 292
515440405	ID:34	RPL: Sending a multicast-DIO with rank 281
515783512	ID:32	RPL: Sending a multicast-DIO with rank 445
518478582	ID:33	RPL: Sending a multicast-DIO with rank 292
519503146	ID:35	RPL: Sending a multicast-DIO with rank 292
520440405	ID:34	RPL: Sending a multicast-DIO with rank 281
520783512	ID:32	RPL: Sending a multicast-DIO with rank 445
523478582	ID:33	RPL: Sending a multicast-DIO with rank 292
524503146	ID:35	RPL: Sending a multicast-DIO with rank 292
525440405	ID:34	RPL: Sending a multicast-DIO with rank 281
525783512	ID:32	RPL: Sending a multicast-DIO with rank 445
528478582	ID:33	RPL: Sending a multicast-DIO with rank 292
529503146	ID:35	RPL: Sending a multicast-DIO with rank 292
530440405	ID:34	RPL: Sending a multicast-DIO with rank 281
530783512	ID:32	RPL: Sending a multicast-DIO with rank 445
533478582	ID:33	RPL: Sending a multicast-DIO with rank 292
534503146	ID:35	RPL: Sending a multicast-DIO with rank 292
535440405	ID:34	RPL: Sending a multicast-DIO with rank 281
535783512	ID:32	RPL: Sending a multicast-DIO with rank 445
538478582	ID:33	RPL: Sending a multicast-DIO with rank 292
539503146	ID:35	RPL: Sending a multicast-DIO with rank 292
540440405	ID:34	RPL: Sending a multicast-DIO with rank 281
540783512	ID:32	RPL: Sending a multicast-DIO with rank 445
542099536	ID:36	RPL: Sending a DIS to fe80::c30c:0:0:8
543478582	ID:33	RPL: Sending a multicast-DIO with rank 292
544503146	ID:35	RPL: Sending a multicast-DIO with rank 292
545440405	ID:34	RPL: Sending a multicast-DIO with rank 281
545783512	ID:32	RPL: Sending a multicast-DIO with rank 445
548478582	ID:33	RPL: Sending a multicast-DIO with rank 292
549503146	ID:35	RPL: Sending a multicast-DIO with rank 292
550440405	ID:34	RPL: Sending a multicast-DIO with rank 281
550783512	ID:32	RPL: Sending a multicast-DIO with rank 445
553478582	ID:33	RPL: Sending a multicast-DIO with rank 292
554503146	ID:35	RPL: Sending a multicast-DIO with rank 292
555440405	ID:34	RPL: Sending a multicast-DIO with rank 281
555783512	ID:32	RPL: Sending a multicast-DIO with rank 445
558478582	ID:33	RPL: Sending a multicast-DIO with rank 292
559503146	ID:35	RPL: Sending a multicast-DIO with rank 292
560440405	ID:34	RPL: Sending a multicast-DIO with rank 281
560783512	ID:32	RPL: Sending a multicast-DIO with rank 445
563478582	ID:33	RPL: Sending a multicast-DIO with rank 292
564503146	ID:35	RPL: Sending a multicast-DIO with rank 292
565440405	ID:34	RPL: Sending a multicast-DIO with rank 281
565783512	ID:32	RPL: Sending a multicast-DIO with rank 445
568478582	ID:33	RPL: Sending a multicast-DIO with rank 292
569503146	ID:35	RPL: Sending a multicast-DIO with rank 292
570440405	ID:34	RPL: Sending a multicast-DIO with rank 281
570783512	ID:32	RPL: Sending a multicast-DIO with rank 445
573478582	ID:33	RPL: Sending a multicast-DIO with rank 292
574503146	ID:35	RPL: Sending a multicast-DIO with rank 292
575440405	ID:34	RPL: Sending a multicast-DIO with rank 281
575783512	ID:32	RPL: Sending a multicast-DIO with rank 445
578478582	ID:33	RPL: Sending a multicast-DIO with rank 292
579503146	ID:35	RPL: Sending a multicast-DIO with rank 292
580440405	ID:34	RPL: Sending a multicast-DIO with rank 281
580783512	ID:32	RPL: Sending a multicast-DIO with rank 445
583478582	ID:33	RPL: Sending a multicast-DIO with rank 292
584503146	ID:35	RPL: Sending a multicast-DIO with rank 292
585440405	ID:34	RPL: Sending a multicast-DIO with rank 281
585783512	ID:32	RPL: Sending a multicast-DIO with rank 445
588478582	ID:33	RPL: Sending a multicast-DIO with rank 292
589503146	ID:35	RPL: Sending a multicast-DIO with rank 292
590440405	ID:34	RPL: Sending a multicast-DIO with rank 281
590783512	ID:32	RPL: Sending a multicast-DIO with rank 445
593478582	ID:33	RPL: Sending a multicast-DIO with rank 292
594503146	ID:35	RPL: Sending a multicast-DIO with rank 292
595440405	ID:34	RPL: Sending a multicast-DIO with rank 281
595783512	ID:32	RPL: Sending a multicast-DIO with rank 445
598478582	ID:33	RPL: Sending a multicast-DIO with rank 292
599503146	ID:35	RPL: Sending a multicast-DIO with rank 292
600440405	ID:34	RPL: Sending a multicast-DIO with rank 281
600783512	ID:32	RPL: Sending a multicast-DIO with rank 445
602099536	ID:36	RPL: Sending a DIS to fe80::c30c:0:0:8
603478582	ID:33	RPL: Sending a multicast-DIO with rank 292
604503146	ID:35	RPL: Sending a multicast-DIO with rank 292
605440405	ID:34	RPL: Sending a multicast-DIO with rank 281
605783512	ID:32	RPL: Sending a multicast-DIO with rank 445
608478582	ID:33	RPL: Sending a multicast-DIO with rank 292
609503146	ID:35	RPL: Sending a multicast-DIO with rank 292
610440405	ID:34	RPL: Sending a multicast-DIO with rank 281
610783512	ID:32	RPL: Sending a multicast-DIO with rank 445
613478582	ID:33	RPL: Sending a multicast-DIO with rank 292
614503146	ID:35	RPL: Sending a multicast-DIO with rank 292
615440405	ID:34	RPL: Sending a multicast-DIO with rank 281
615783512	ID:32	RPL: Sending a multicast-DIO with rank 445
618478582	ID:33	RPL: Sending a multicast-DIO with rank 292
619503146	ID:35	RPL: Sending a multicast-DIO with rank 292
620440405	ID:34	RPL: Sending a multicast-DIO with rank 281
620783512	ID:32	RPL: Sending a multicast-DIO with rank 445
623478582	ID:33	RPL: Sending a multicast-DIO with rank 292
624503146	ID:35	RPL: Sending a multicast-DIO with rank 292
625440405	ID:34	RPL: Sending a multicast-DIO with rank 281
625783512	ID:32	RPL: Sending a multicast-DIO with rank 445
628478582	ID:33	RPL: Sending a multicast-DIO with rank 292
629503146	ID:35	RPL: Sending a multicast-DIO with rank 292
630440405	ID:34	RPL: Sending a multicast-DIO with rank 281
630783512	ID:32	RPL: Sending a multicast-DIO with rank 445
633478582	ID:33	RPL: Sending a multicast-DIO with rank 292
634503146	ID:35	RPL: Sending a multicast-DIO with rank 292
635440405	ID:34	RPL: Sending a multicast-DIO with rank 281
635783512	ID:32	RPL: Sending a multicast-DIO with rank 445
638478582	ID:33	RPL: Sending a multicast-DIO with rank 292
639503146	ID:35	RPL: Sending a multicast-DIO with rank 292
640440405	ID:34	RPL: Sending a multicast-DIO with rank 281
640783512	ID:32	RPL: Sending a multicast-DIO with rank 445
643478582	ID:33	RPL: Sending a multicast-DIO with rank 292
644503146	ID:35	RPL: Sending a multicast-DIO with rank 292
645440405	ID:34	RPL: Sending a multicast-DIO with rank 281
645783512	ID:32	RPL: Sending a multicast-DIO with rank 445
648478582	ID:33	RPL: Sending a multicast-DIO with rank 292
649503146	ID:35	RPL: Sending a multicast-DIO with rank 292
650440405	ID:34	RPL: Sending a multicast-DIO with rank 281
650783512	ID:32	RPL: Sending a multicast-DIO with rank 445
653478582	ID:33	RPL: Sending a multicast-DIO with rank 292
654503146	ID:35	RPL: Sending a multicast-DIO with rank 292
655440405	ID:34	RPL: Sending a multicast-DIO with rank 281
655783512	ID:32	RPL: Sending a multicast-DIO with rank 445
658478582	ID:33	RPL: Sending a multicast-DIO with rank 292
659503146	ID:35	RPL: Sending a multicast-DIO with rank 292
660440405	ID:34	RPL: Sending a multicast-DIO with rank 281
660783512	ID:32	RPL: Sending a multicast-DIO with rank 445
662099536	ID:36	RPL: Sending a DIS to fe80::c30c:0:0:8
663478582	ID:33	RPL: Sending a multicast-DIO with rank 292
664503146	ID:35	RPL: Sending a multicast-DIO with rank 292
665440405	ID:34	RPL: Sending a multicast-DIO with rank 281
665783512	ID:32	RPL: Sending a multicast-DIO with rank 445
668478582	ID:33	RPL: Sending a multicast-DIO with rank 292
669503146	ID:35	RPL: Sending a multicast-DIO with rank 292
670440405	ID:34	RPL: Sending a multicast-DIO with rank 281
670783512	ID:32	RPL: Sending a multicast-DIO with rank 445
673478582	ID:33	RPL: Sending a multicast-DIO with rank 292
674503146	ID:35	RPL: Sending a multicast-DIO with rank 292
675440405	ID:34	RPL: Sending a multicast-DIO with rank 281
675783512	ID:32	RPL: Sending a multicast-DIO with rank 445
678478582	ID:33	RPL: Sending a multicast-DIO with rank 292
679503146	ID:35	RPL: Sending a multicast-DIO with rank 292
680440405	ID:34	RPL: Sending a multicast-DIO with rank 281
680783512	ID:32	RPL: Sending a multicast-DIO with rank 445
683478582	ID:33	RPL: Sending a multicast-DIO with rank 292
684503146	ID:35	RPL: Sending a multicast-DIO with rank 292
685440405	ID:34	RPL: Sending a multicast-DIO with rank 281
685783512	ID:32	RPL: Sending a multicast-DIO with rank 445
688478582	ID:33	RPL: Sending a multicast-DIO with rank 292
689503146	ID:35	RPL: Sending a multicast-DIO with rank 292
690440405	ID:34	RPL: Sending a multicast-DIO with rank 281
690783512	ID:32	RPL: Sending a multicast-DIO with rank 445
693478582	ID:33	RPL: Sending a multicast-DIO with rank 292
694503146	ID:35	RPL: Sending a multicast-DIO with rank 292
695440405	ID:34	RPL: Sending a multicast-DIO with rank 281
695783512	ID:32	RPL: Sending a multicast-DIO with rank 445
698478582	ID:33	RPL: Sending a multicast-DIO with rank 292
699503146	ID:35	RPL: Sending a multicast-DIO with rank 292
700440405	ID:34	RPL: Sending a multicast-DIO with rank 281
700783512	ID:32	RPL: Sending a multicast-DIO with rank 445
703478582	ID:33	RPL: Sending a multicast-DIO with rank 292
704503146	ID:35	RPL: Sending a multicast-DIO with rank 292
705440405	ID:34	RPL: Sending a multicast-DIO with rank 281
705783512	ID:32	RPL: Sending a multicast-DIO with rank 445
708478582	ID:33	RPL: Sending a multicast-DIO with rank 292
709503146	ID:35	RPL: Sending a multicast-DIO with rank 292
710440405	ID:34	RPL: Sending a multicast-DIO with rank 281
710783519	ID:32	RPL: Sending a multicast-DIO with rank 445
713478582	ID:33	RPL: Sending a multicast-DIO with rank 292
714503146	ID:35	RPL: Sending a multicast-DIO with rank 292
715440405	ID:34	RPL: Sending a multicast-DIO with rank 281
715783512	ID:32	RPL: Sending a multicast-DIO with rank 445
718478582	ID:33	RPL: Sending a multicast-DIO with rank 292
719503146	ID:35	RPL: Sending a multicast-DIO with rank 292
720440405	ID:34	RPL: Sending a multicast-DIO with rank 281
720783512	ID:32	RPL: Sending a multicast-DIO with rank 445
722099537	ID:36	RPL: Sending a DIS to fe80::c30c:0:0:8
723478589	ID:33	RPL: Sending a multicast-DIO with rank 292
724503146	ID:35	RPL: Sending a multicast-DIO with rank 292
725440405	ID:34	RPL: Sending a multicast-DIO with rank 281
725783512	ID:32	RPL: Sending a multicast-DIO with rank 445
728478582	ID:33	RPL: Sending a multicast-DIO with rank 292
729503146	ID:35	RPL: Sending a multicast-DIO with rank 292
730440405	ID:34	RPL: Sending a multicast-DIO with rank 281
730783512	ID:32	RPL: Sending a multicast-DIO with rank 445
733478582	ID:33	RPL: Sending a multicast-DIO with rank 292
734503146	ID:35	RPL: Sending a multicast-DIO with rank 292
735440405	ID:34	RPL: Sending a multicast-DIO with rank 281
735783512	ID:32	RPL: Sending a multicast-DIO with rank 445
738478582	ID:33	RPL: Sending a multicast-DIO with rank 292
739503146	ID:35	RPL: Sending a multicast-DIO with rank 292
740440405	ID:34	RPL: Sending a multicast-DIO with rank 281
740783512	ID:32	RPL: Sending a multicast-DIO with rank 445
743478582	ID:33	RPL: Sending a multicast-DIO with rank 292
744503146	ID:35	RPL: Sending a multicast-DIO with rank 292
745440405	ID:34	RPL: Sending a multicast-DIO with rank 281
745783512	ID:32	RPL: Sending a multicast-DIO with rank 445
748478582	ID:33	RPL: Sending a multicast-DIO with rank 292
749503146	ID:35	RPL: Sending a multicast-DIO with rank 292
750440405	ID:34	RPL: Sending a multicast-DIO with rank 281
750783512	ID:32	RPL: Sending a multicast-DIO with rank 445
753478582	ID:33	RPL: Sending a multicast-DIO with rank 292
754503146	ID:35	RPL: Sending a multicast-DIO with rank 292
755440405	ID:34	RPL: Sending a multicast-DIO with rank 281
755783512	ID:32	RPL: Sending a multicast-DIO with rank 445
758478582	ID:33	RPL: Sending a multicast-DIO with rank 292
759503146	ID:35	RPL: Sending a multicast-DIO with rank 292
760440405	ID:34	RPL: Sending a multicast-DIO with rank 281
760783512	ID:32	RPL: Sending a multicast-DIO with rank 445
763478582	ID:33	RPL: Sending a multicast-DIO with rank 292
764503146	ID:35	RPL: Sending a multicast-DIO with rank 292
765440405	ID:34	RPL: Sending a multicast-DIO with rank 281
765783512	ID:32	RPL: Sending a multicast-DIO with rank 445
768478582	ID:33	RPL: Sending a multicast-DIO with rank 292
769503146	ID:35	RPL: Sending a multicast-DIO with rank 292
770440405	ID:34	RPL: Sending a multicast-DIO with rank 281
770783512	ID:32	RPL: Sending a multicast-DIO with rank 445
773478582	ID:33	RPL: Sending a multicast-DIO with rank 292
774503146	ID:35	RPL: Sending a multicast-DIO with rank 292
775440405	ID:34	RPL: Sending a multicast-DIO with rank 281
775783512	ID:32	RPL: Sending a multicast-DIO with rank 445
778478582	ID:33	RPL: Sending a multicast-DIO with rank 292
779503146	ID:35	RPL: Sending a multicast-DIO with rank 292
780440405	ID:34	RPL: Sending a multicast-DIO with rank 281
780783512	ID:32	RPL: Sending a multicast-DIO with rank 445
782099537	ID:36	RPL: Sending a DIS to fe80::c30c:0:0:8
783478582	ID:33	RPL: Sending a multicast-DIO with rank 292
784503146	ID:35	RPL: Sending a multicast-DIO with rank 292
785440405	ID:34	RPL: Sending a multicast-DIO with rank 281
785783512	ID:32	RPL: Sending a multicast-DIO with rank 445
788478582	ID:33	RPL: Sending a multicast-DIO with rank 292
789503146	ID:35	RPL: Sending a multicast-DIO with rank 292
790440405	ID:34	RPL: Sending a multicast-DIO with rank 281
790783512	ID:32	RPL: Sending a multicast-DIO with rank 445
793478582	ID:33	RPL: Sending a multicast-DIO with rank 292
794503146	ID:35	RPL: Sending a multicast-DIO with rank 292
795440405	ID:34	RPL: Sending a multicast-DIO with rank 281
795783512	ID:32	RPL: Sending a multicast-DIO with rank 445
798478582	ID:33	RPL: Sending a multicast-DIO with rank 292
799503146	ID:35	RPL: Sending a multicast-DIO with rank 292
800440405	ID:34	RPL: Sending a multicast-DIO with rank 281
800783512	ID:32	RPL: Sending a multicast-DIO with rank 445
803478582	ID:33	RPL: Sending a multicast-DIO with rank 292
804503153	ID:35	RPL: Sending a multicast-DIO with rank 292
805440405	ID:34	RPL: Sending a multicast-DIO with rank 281
805783512	ID:32	RPL: Sending a multicast-DIO with rank 445
808478582	ID:33	RPL: Sending a multicast-DIO with rank 292
809503146	ID:35	RPL: Sending a multicast-DIO with rank 292
810440405	ID:34	RPL: Sending a multicast-DIO with rank 281
810783512	ID:32	RPL: Sending a multicast-DIO with rank 445
813478582	ID:33	RPL: Sending a multicast-DIO with rank 292
814503146	ID:35	RPL: Sending a multicast-DIO with rank 292
815440405	ID:34	RPL: Sending a multicast-DIO with rank 281
815783512	ID:32	RPL: Sending a multicast-DIO with rank 445
818478582	ID:33	RPL: Sending a multicast-DIO with rank 292
819503146	ID:35	RPL: Sending a multicast-DIO with rank 292
820440405	ID:34	RPL: Sending a multicast-DIO with rank 281
820783512	ID:32	RPL: Sending a multicast-DIO with rank 445
823478582	ID:33	RPL: Sending a multicast-DIO with rank 292
824503146	ID:35	RPL: Sending a multicast-DIO with rank 292
825440405	ID:34	RPL: Sending a multicast-DIO with rank 281
825783512	ID:32	RPL: Sending a multicast-DIO with rank 445
828478582	ID:33	RPL: Sending a multicast-DIO with rank 292
829503146	ID:35	RPL: Sending a multicast-DIO with rank 292
830440405	ID:34	RPL: Sending a multicast-DIO with rank 281
830783512	ID:32	RPL: Sending a multicast-DIO with rank 445
833478582	ID:33	RPL: Sending a multicast-DIO with rank 292
834503146	ID:35	RPL: Sending a multicast-DIO with rank 292
835440405	ID:34	RPL: Sending a multicast-DIO with rank 281
835783512	ID:32	RPL: Sending a multicast-DIO with rank 445
838478582	ID:33	RPL: Sending a multicast-DIO with rank 292
839503146	ID:35	RPL: Sending a multicast-DIO with rank 292
840440412	ID:34	RPL: Sending a multicast-DIO with rank 281
840783512	ID:32	RPL: Sending a multicast-DIO with rank 445
842099537	ID:36	RPL: Sending a DIS to fe80::c30c:0:0:8
843478582	ID:33	RPL: Sending a multicast-DIO with rank 292
844503146	ID:35	RPL: Sending a multicast-DIO with rank 292
845440405	ID:34	RPL: Sending a multicast-DIO with rank 281
845783512	ID:32	RPL: Sending a multicast-DIO with rank 445
848478582	ID:33	RPL: Sending a multicast-DIO with rank 292
849503146	ID:35	RPL: Sending a multicast-DIO with rank 292
850440405	ID:34	RPL: Sending a multicast-DIO with rank 281
850783512	ID:32	RPL: Sending a multicast-DIO with rank 445
853478582	ID:33	RPL: Sending a multicast-DIO with rank 292
854503146	ID:35	RPL: Sending a multicast-DIO with rank 292
855440405	ID:34	RPL: Sending a multicast-DIO with rank 281
855783512	ID:32	RPL: Sending a multicast-DIO with rank 445
858478582	ID:33	RPL: Sending a multicast-DIO with rank 292
859503146	ID:35	RPL: Sending a multicast-DIO with rank 292
860440405	ID:34	RPL: Sending a multicast-DIO with rank 281
860783512	ID:32	RPL: Sending a multicast-DIO with rank 445
863478582	ID:33	RPL: Sending a multicast-DIO with rank 292
864503146	ID:35	RPL: Sending a multicast-DIO with rank 292
865440405	ID:34	RPL: Sending a multicast-DIO with rank 281
865783512	ID:32	RPL: Sending a multicast-DIO with rank 445
868478582	ID:33	RPL: Sending a multicast-DIO with rank 292
869503146	ID:35	RPL: Sending a multicast-DIO with rank 292
870440405	ID:34	RPL: Sending a multicast-DIO with rank 281
870783512	ID:32	RPL: Sending a multicast-DIO with rank 445
873478582	ID:33	RPL: Sending a multicast-DIO with rank 292
874503146	ID:35	RPL: Sending a multicast-DIO with rank 292
875440405	ID:34	RPL: Sending a multicast-DIO with rank 281
875783512	ID:32	RPL: Sending a multicast-DIO with rank 445
878478582	ID:33	RPL: Sending a multicast-DIO with rank 292
879503146	ID:35	RPL: Sending a multicast-DIO with rank 292
880440405	ID:34	RPL: Sending a multicast-DIO with rank 281
880783512	ID:32	RPL: Sending a multicast-DIO with rank 445
883478582	ID:33	RPL: Sending a multicast-DIO with rank 292
884503146	ID:35	RPL: Sending a multicast-DIO with rank 292
885440405	ID:34	RPL: Sending a multicast-DIO with rank 281
885783512	ID:32	RPL: Sending a multicast-DIO with rank 445
888478582	ID:33	RPL: Sending a multicast-DIO with rank 292
889503146	ID:35	RPL: Sending a multicast-DIO with rank 292
890440405	ID:34	RPL: Sending a multicast-DIO with rank 281
890783512	ID:32	RPL: Sending a multicast-DIO with rank 445
893478582	ID:33	RPL: Sending a multicast-DIO with rank 292
894503146	ID:35	RPL: Sending a multicast-DIO with rank 292
895440405	ID:34	RPL: Sending a multicast-DIO with rank 281
895783512	ID:32	RPL: Sending a multicast-DIO with rank 445
898478582	ID:33	RPL: Sending a multicast-DIO with rank 292
899503146	ID:35	RPL: Sending a multicast-DIO with rank 292
900440405	ID:34	RPL: Sending a multicast-DIO with rank 281
900783512	ID:32	RPL: Sending a multicast-DIO with rank 445
902099537	ID:36	RPL: Sending a DIS to fe80::c30c:0:0:8
903478582	ID:33	RPL: Sending a multicast-DIO with rank 292
904503146	ID:35	RPL: Sending a multicast-DIO with rank 292
905440405	ID:34	RPL: Sending a multicast-DIO with rank 281
905783512	ID:32	RPL: Sending a multicast-DIO with rank 445
908478582	ID:33	RPL: Sending a multicast-DIO with rank 292
909503146	ID:35	RPL: Sending a multicast-DIO with rank 292
910440405	ID:34	RPL: Sending a multicast-DIO with rank 281
910783512	ID:32	RPL: Sending a multicast-DIO with rank 445
913478582	ID:33	RPL: Sending a multicast-DIO with rank 292
914503146	ID:35	RPL: Sending a multicast-DIO with rank 292
915440405	ID:34	RPL: Sending a multicast-DIO with rank 281
915783512	ID:32	RPL: Sending a multicast-DIO with rank 445
918478582	ID:33	RPL: Sending a multicast-DIO with rank 292
919503146	ID:35	RPL: Sending a multicast-DIO with rank 292
920440405	ID:34	RPL: Sending a multicast-DIO with rank 281
920783512	ID:32	RPL: Sending a multicast-DIO with rank 445
923478582	ID:33	RPL: Sending a multicast-DIO with rank 292
924503146	ID:35	RPL: Sending a multicast-DIO with rank 292
925440405	ID:34	RPL: Sending a multicast-DIO with rank 281
925783512	ID:32	RPL: Sending a multicast-DIO with rank 445
928478582	ID:33	RPL: Sending a multicast-DIO with rank 292
929503146	ID:35	RPL: Sending a multicast-DIO with rank 292
930440405	ID:34	RPL: Sending a multicast-DIO with rank 281
930783512	ID:32	RPL: Sending a multicast-DIO with rank 445
933478582	ID:33	RPL: Sending a multicast-DIO with rank 292
934503146	ID:35	RPL: Sending a multicast-DIO with rank 292
935440405	ID:34	RPL: Sending a multicast-DIO with rank 281
935783512	ID:32	RPL: Sending a multicast-DIO with rank 445
938478582	ID:33	RPL: Sending a multicast-DIO with rank 292
939503146	ID:35	RPL: Sending a multicast-DIO with rank 292
940440405	ID:34	RPL: Sending a multicast-DIO with rank 281
940783512	ID:32	RPL: Sending a multicast-DIO with rank 445
943478582	ID:33	RPL: Sending a multicast-DIO with rank 292
944503146	ID:35	RPL: Sending a multicast-DIO with rank 292
945440405	ID:34	RPL: Sending a multicast-DIO with rank 281
945783512	ID:32	RPL: Sending a multicast-DIO with rank 445
948478582	ID:33	RPL: Sending a multicast-DIO with rank 292
949503146	ID:35	RPL: Sending a multicast-DIO with rank 292
950440405	ID:34	RPL: Sending a multicast-DIO with rank 281
950783512	ID:32	RPL: Sending a multicast-DIO with rank 445
953478582	ID:33	RPL: Sending a multicast-DIO with rank 292
954503146	ID:35	RPL: Sending a multicast-DIO with rank 292
955440405	ID:34	RPL: Sending a multicast-DIO with rank 281
955783512	ID:32	RPL: Sending a multicast-DIO with rank 445
958478582	ID:33	RPL: Sending a multicast-DIO with rank 292
959503146	ID:35	RPL: Sending a multicast-DIO with rank 292
960440405	ID:34	RPL: Sending a multicast-DIO with rank 281
960783512	ID:32	RPL: Sending a multicast-DIO with rank 445
962099537	ID:36	RPL: Sending a DIS to fe80::c30c:0:0:8
963478582	ID:33	RPL: Sending a multicast-DIO with rank 292
964503146	ID:35	RPL: Sending a multicast-DIO with rank 292
965440405	ID:34	RPL: Sending a multicast-DIO with rank 281
965783512	ID:32	RPL: Sending a multicast-DIO with rank 445
968478582	ID:33	RPL: Sending a multicast-DIO with rank 292
969503146	ID:35	RPL: Sending a multicast-DIO with rank 292
970440405	ID:34	RPL: Sending a multicast-DIO with rank 281
970783512	ID:32	RPL: Sending a multicast-DIO with rank 445
973478582	ID:33	RPL: Sending a multicast-DIO with rank 292
974503146	ID:35	RPL: Sending a multicast-DIO with rank 292
975440405	ID:34	RPL: Sending a multicast-DIO with rank 281
975783512	ID:32	RPL: Sending a multicast-DIO with rank 445
978478582	ID:33	RPL: Sending a multicast-DIO with rank 292
979503146	ID:35	RPL: Sending a multicast-DIO with rank 292
980440405	ID:34	RPL: Sending a multicast-DIO with rank 281
980783512	ID:32	RPL: Sending a multicast-DIO with rank 445
983478582	ID:33	RPL: Sending a multicast-DIO with rank 292
984503146	ID:35	RPL: Sending a multicast-DIO with rank 292
985440405	ID:34	RPL: Sending a multicast-DIO with rank 281
985783512	ID:32	RPL: Sending a multicast-DIO with rank 445
988478582	ID:33	RPL: Sending a multicast-DIO with rank 292
989503146	ID:35	RPL: Sending a multicast-DIO with rank 292
990440405	ID:34	RPL: Sending a multicast-DIO with rank 281
990783512	ID:32	RPL: Sending a multicast-DIO with rank 445
993478582	ID:33	RPL: Sending a multicast-DIO with rank 292
994503146	ID:35	RPL: Sending a multicast-DIO with rank 292
995440405	ID:34	RPL: Sending a multicast-DIO with rank 281
995783512	ID:32	RPL: Sending a multicast-DIO with rank 445
998478582	ID:33	RPL: Sending a multicast-DIO with rank 292
999503146	ID:35	RPL: Sending a multicast-DIO with rank 292
1000440405	ID:34	RPL: Sending a multicast-DIO with rank 281
1000783512	ID:32	RPL: Sending a multicast-DIO with rank 445
1003478582	ID:33	RPL: Sending a multicast-DIO with rank 292
1004503146	ID:35	RPL: Sending a multicast-DIO with rank 292
1005440405	ID:34	RPL: Sending a multicast-DIO with rank 281
1005783512	ID:32	RPL: Sending a multicast-DIO with rank 445
1008478582	ID:33	RPL: Sending a multicast-DIO with rank 292
1009503146	ID:35	RPL: Sending a multicast-DIO with rank 292
1010440405	ID:34	RPL: Sending a multicast-DIO with rank 281
1010783512	ID:32	RPL: Sending a multicast-DIO with rank 445
1013478582	ID:33	RPL: Sending a multicast-DIO with rank 292
1014503146	ID:35	RPL: Sending a multicast-DIO with rank 292
1015440405	ID:34	RPL: Sending a multicast-DIO with rank 281
1015783512	ID:32	RPL: Sending a multicast-DIO with rank 445
1018478582	ID:33	RPL: Sending a multicast-DIO with rank 292
1019503146	ID:35	RPL: Sending a multicast-DIO with rank 292
1020440405	ID:34	RPL: Sending a multicast-DIO with rank 281
1020783512	ID:32	RPL: Sending a multicast-DIO with rank 445
1022099537	ID:36	RPL: Sending a DIS to fe80::c30c:0:0:8
1023478582	ID:33	RPL: Sending a multicast-DIO with rank 292
1024503146	ID:35	RPL: Sending a multicast-DIO with rank 292
1025440406	ID:34	RPL: Sending a multicast-DIO with rank 281
1025783512	ID:32	RPL: Sending a multicast-DIO with rank 445
1028478583	ID:33	RPL: Sending a multicast-DIO with rank 292
1029503147	ID:35	RPL: Sending a multicast-DIO with rank 292
1030440406	ID:34	RPL: Sending a multicast-DIO with rank 281
1030783513	ID:32	RPL: Sending a multicast-DIO with rank 445
1033478583	ID:33	RPL: Sending a multicast-DIO with rank 292
1034503147	ID:35	RPL: Sending a multicast-DIO with rank 292
1035440406	ID:34	RPL: Sending a multicast-DIO with rank 281
1035783513	ID:32	RPL: Sending a multicast-DIO with rank 445
1038478583	ID:33	RPL: Sending a multicast-DIO with rank 292
1039503147	ID:35	RPL: Sending a multicast-DIO with rank 292
1040440406	ID:34	RPL: Sending a multicast-DIO with rank 281
1040783513	ID:32	RPL: Sending a multicast-DIO with rank 445
1043478583	ID:33	RPL: Sending a multicast-DIO with rank 292
1044503147	ID:35	RPL: Sending a multicast-DIO with rank 292
1045440406	ID:34	RPL: Sending a multicast-DIO with rank 281
1045783513	ID:32	RPL: Sending a multicast-DIO with rank 445
1048478583	ID:33	RPL: Sending a multicast-DIO with rank 292
1049503147	ID:35	RPL: Sending a multicast-DIO with rank 292
1050440406	ID:34	RPL: Sending a multicast-DIO with rank 281
1050783513	ID:32	RPL: Sending a multicast-DIO with rank 445
1053478583	ID:33	RPL: Sending a multicast-DIO with rank 292
1054503147	ID:35	RPL: Sending a multicast-DIO with rank 292
1055440406	ID:34	RPL: Sending a multicast-DIO with rank 281
1055783513	ID:32	RPL: Sending a multicast-DIO with rank 445
1058478583	ID:33	RPL: Sending a multicast-DIO with rank 292
1059503147	ID:35	RPL: Sending a multicast-DIO with rank 292
1060440406	ID:34	RPL: Sending a multicast-DIO with rank 281
1060783513	ID:32	RPL: Sending a multicast-DIO with rank 445
1063478583	ID:33	RPL: Sending a multicast-DIO with rank 292
1064503147	ID:35	RPL: Sending a multicast-DIO with rank 292
1065440406	ID:34	RPL: Sending a multicast-DIO with rank 281
1065783513	ID:32	RPL: Sending a multicast-DIO with rank 445
1068478583	ID:33	RPL: Sending a multicast-DIO with rank 292
1069503147	ID:35	RPL: Sending a multicast-DIO with rank 292
1070440406	ID:34	RPL: Sending a multicast-DIO with rank 281
1070783513	ID:32	RPL: Sending a multicast-DIO with rank 445
1073478590	ID:33	RPL: Sending a multicast-DIO with rank 292
1074503147	ID:35	RPL: Sending a multicast-DIO with rank 292
1075440406	ID:34	RPL: Sending a multicast-DIO with rank 281
1075783513	ID:32	RPL: Sending a multicast-DIO with rank 445
1078478583	ID:33	RPL: Sending a multicast-DIO with rank 292
1079503147	ID:35	RPL: Sending a multicast-DIO with rank 292
1080440406	ID:34	RPL: Sending a multicast-DIO with rank 281
1080783513	ID:32	RPL: Sending a multicast-DIO with rank 445
1082100105	ID:36	RPL: Sending a DIS to fe80::c30c:0:0:8
1083478583	ID:33	RPL: Sending a multicast-DIO with rank 292
1084503147	ID:35	RPL: Sending a multicast-DIO with rank 292
1085440406	ID:34	RPL: Sending a multicast-DIO with rank 281
1085783513	ID:32	RPL: Sending a multicast-DIO with rank 445
1088478583	ID:33	RPL: Sending a multicast-DIO with rank 292
1089503147	ID:35	RPL: Sending a multicast-DIO with rank 292
1090440406	ID:34	RPL: Sending a multicast-DIO with rank 281
1090783513	ID:32	RPL: Sending a multicast-DIO with rank 445
1093478583	ID:33	RPL: Sending a multicast-DIO with rank 292
1094503147	ID:35	RPL: Sending a multicast-DIO with rank 292
1095440406	ID:34	RPL: Sending a multicast-DIO with rank 281
1095783513	ID:32	RPL: Sending a multicast-DIO with rank 445
1098478583	ID:33	RPL: Sending a multicast-DIO with rank 292
1099503147	ID:35	RPL: Sending a multicast-DIO with rank 292
1100440406	ID:34	RPL: Sending a multicast-DIO with rank 281
1100783520	ID:32	RPL: Sending a multicast-DIO with rank 445
1103478583	ID:33	RPL: Sending a multicast-DIO with rank 292
1104503147	ID:35	RPL: Sending a multicast-DIO with rank 292
1105440406	ID:34	RPL: Sending a multicast-DIO with rank 281
1105783513	ID:32	RPL: Sending a multicast-DIO with rank 445
1108478583	ID:33	RPL: Sending a multicast-DIO with rank 292
1109503147	ID:35	RPL: Sending a multicast-DIO with rank 292
1110440406	ID:34	RPL: Sending a multicast-DIO with rank 281
1110783513	ID:32	RPL: Sending a multicast-DIO with rank 445
1113478583	ID:33	RPL: Sending a multicast-DIO with rank 292
1114503147	ID:35	RPL: Sending a multicast-DIO with rank 292
1115440406	ID:34	RPL: Sending a multicast-DIO with rank 281
1115783513	ID:32	RPL: Sending a multicast-DIO with rank 445
1118478583	ID:33	RPL: Sending a multicast-DIO with rank 292
1119503147	ID:35	RPL: Sending a multicast-DIO with rank 292
1120440406	ID:34	RPL: Sending a multicast-DIO with rank 281
1120783513	ID:32	RPL: Sending a multicast-DIO with rank 445
1123478583	ID:33	RPL: Sending a multicast-DIO with rank 292
1124503147	ID:35	RPL: Sending a multicast-DIO with rank 292
1125440406	ID:34	RPL: Sending a multicast-DIO with rank 281
1125783513	ID:32	RPL: Sending a multicast-DIO with rank 445
1128478583	ID:33	RPL: Sending a multicast-DIO with rank 292
1129503147	ID:35	RPL: Sending a multicast-DIO with rank 292
1130440406	ID:34	RPL: Sending a multicast-DIO with rank 281
1130783513	ID:32	RPL: Sending a multicast-DIO with rank 445
1133478583	ID:33	RPL: Sending a multicast-DIO with rank 292
1134503147	ID:35	RPL: Sending a multicast-DIO with rank 292
1135440406	ID:34	RPL: Sending a multicast-DIO with rank 281
1135783513	ID:32	RPL: Sending a multicast-DIO with rank 445
1138478583	ID:33	RPL: Sending a multicast-DIO with rank 292
1139503147	ID:35	RPL: Sending a multicast-DIO with rank 292
1140440406	ID:34	RPL: Sending a multicast-DIO with rank 281
1140783513	ID:32	RPL: Sending a multicast-DIO with rank 445
1142099537	ID:36	RPL: Sending a DIS to fe80::c30c:0:0:8
1143478583	ID:33	RPL: Sending a multicast-DIO with rank 292
1144503147	ID:35	RPL: Sending a multicast-DIO with rank 292
1145440406	ID:34	RPL: Sending a multicast-DIO with rank 281
1145783513	ID:32	RPL: Sending a multicast-DIO with rank 445
1148478583	ID:33	RPL: Sending a multicast-DIO with rank 292
1149503147	ID:35	RPL: Sending a multicast-DIO with rank 292
1150440406	ID:34	RPL: Sending a multicast-DIO with rank 281
1150783513	ID:32	RPL: Sending a multicast-DIO with rank 445
1153478583	ID:33	RPL: Sending a multicast-DIO with rank 292
1154503147	ID:35	RPL: Sending a multicast-DIO with rank 292
1155440406	ID:34	RPL: Sending a multicast-DIO with rank 281
1155783513	ID:32	RPL: Sending a multicast-DIO with rank 445
1158478583	ID:33	RPL: Sending a multicast-DIO with rank 292
1159503147	ID:35	RPL: Sending a multicast-DIO with rank 292
1160440406	ID:34	RPL: Sending a multicast-DIO with rank 281
1160783513	ID:32	RPL: Sending a multicast-DIO with rank 445
1163478583	ID:33	RPL: Sending a multicast-DIO with rank 292
1164503147	ID:35	RPL: Sending a multicast-DIO with rank 292
1165440406	ID:34	RPL: Sending a multicast-DIO with rank 281
1165783513	ID:32	RPL: Sending a multicast-DIO with rank 445
1168478583	ID:33	RPL: Sending a multicast-DIO with rank 292
1169503147	ID:35	RPL: Sending a multicast-DIO with rank 292
1170440406	ID:34	RPL: Sending a multicast-DIO with rank 281
1170783513	ID:32	RPL: Sending a multicast-DIO with rank 445
1173478583	ID:33	RPL: Sending a multicast-DIO with rank 292
1174503147	ID:35	RPL: Sending a multicast-DIO with rank 292
1175440406	ID:34	RPL: Sending a multicast-DIO with rank 281
1175783513	ID:32	RPL: Sending a multicast-DIO with rank 445
1178478583	ID:33	RPL: Sending a multicast-DIO with rank 292
1179503147	ID:35	RPL: Sending a multicast-DIO with rank 292
1180440406	ID:34	RPL: Sending a multicast-DIO with rank 281
1180783513	ID:32	RPL: Sending a multicast-DIO with rank 445
1183478583	ID:33	RPL: Sending a multicast-DIO with rank 292
1184503147	ID:35	RPL: Sending a multicast-DIO with rank 292
1185440406	ID:34	RPL: Sending a multicast-DIO with rank 281
1185783513	ID:32	RPL: Sending a multicast-DIO with rank 445
1188478583	ID:33	RPL: Sending a multicast-DIO with rank 292
1189503147	ID:35	RPL: Sending a multicast-DIO with rank 292
1190440406	ID:34	RPL: Sending a multicast-DIO with rank 281
1190783513	ID:32	RPL: Sending a multicast-DIO with rank 445
1193478583	ID:33	RPL: Sending a multicast-DIO with rank 292
1194503147	ID:35	RPL: Sending a multicast-DIO with rank 292
1195440406	ID:34	RPL: Sending a multicast-DIO with rank 281
1195783513	ID:32	RPL: Sending a multicast-DIO with rank 445
1198478583	ID:33	RPL: Sending a multicast-DIO with rank 292
1199503147	ID:35	RPL: Sending a multicast-DIO with rank 292
1200440413	ID:34	RPL: Sending a multicast-DIO with rank 281
1200783513	ID:32	RPL: Sending a multicast-DIO with rank 445
1202099542	ID:36	RPL: Sending a DIS to fe80::c30c:0:0:8
1203478588	ID:33	RPL: Sending a multicast-DIO with rank 292
1204503152	ID:35	RPL: Sending a multicast-DIO with rank 292
1205440411	ID:34	RPL: Sending a multicast-DIO with rank 281
1205783518	ID:32	RPL: Sending a multicast-DIO with rank 445
1208478582	ID:33	RPL: Sending a multicast-DIO with rank 292
1209503146	ID:35	RPL: Sending a multicast-DIO with rank 292
1210440405	ID:34	RPL: Sending a multicast-DIO with rank 281
1210783512	ID:32	RPL: Sending a multicast-DIO with rank 445
1213478582	ID:33	RPL: Sending a multicast-DIO with rank 292
1214503146	ID:35	RPL: Sending a multicast-DIO with rank 292
1215440405	ID:34	RPL: Sending a multicast-DIO with rank 281
1215783512	ID:32	RPL: Sending a multicast-DIO with rank 445
1218478582	ID:33	RPL: Sending a multicast-DIO with rank 292
1219503153	ID:35	RPL: Sending a multicast-DIO with rank 292
1220440405	ID:34	RPL: Sending a multicast-DIO with rank 281
1220783512	ID:32	RPL: Sending a multicast-DIO with rank 445
1223478582	ID:33	RPL: Sending a multicast-DIO with rank 292
1224503146	ID:35	RPL: Sending a multicast-DIO with rank 292
1225440405	ID:34	RPL: Sending a multicast-DIO with rank 281
1225783512	ID:32	RPL: Sending a multicast-DIO with rank 445
1228478582	ID:33	RPL: Sending a multicast-DIO with rank 292
1229503146	ID:35	RPL: Sending a multicast-DIO with rank 292
1230440405	ID:34	RPL: Sending a multicast-DIO with rank 281
1230783512	ID:32	RPL: Sending a multicast-DIO with rank 445
1233478582	ID:33	RPL: Sending a multicast-DIO with rank 292
1234503146	ID:35	RPL: Sending a multicast-DIO with rank 292
1235440405	ID:34	RPL: Sending a multicast-DIO with rank 281
1235783512	ID:32	RPL: Sending a multicast-DIO with rank 445
1238478582	ID:33	RPL: Sending a multicast-DIO with rank 292
1239503146	ID:35	RPL: Sending a multicast-DIO with rank 292
1240440405	ID:34	RPL: Sending a multicast-DIO with rank 281
1240783512	ID:32	RPL: Sending a multicast-DIO with rank 445
1243478582	ID:33	RPL: Sending a multicast-DIO with rank 292
1244503146	ID:35	RPL: Sending a multicast-DIO with rank 292
1245440405	ID:34	RPL: Sending a multicast-DIO with rank 281
1245783512	ID:32	RPL: Sending a multicast-DIO with rank 445
1248478582	ID:33	RPL: Sending a multicast-DIO with rank 292
1249503146	ID:35	RPL: Sending a multicast-DIO with rank 292
1250440405	ID:34	RPL: Sending a multicast-DIO with rank 281
1250783512	ID:32	RPL: Sending a multicast-DIO with rank 445
1253478582	ID:33	RPL: Sending a multicast-DIO with rank 292
1254503146	ID:35	RPL: Sending a multicast-DIO with rank 292
1255440405	ID:34	RPL: Sending a multicast-DIO with rank 281
1255783512	ID:32	RPL: Sending a multicast-DIO with rank 445
1258478582	ID:33	RPL: Sending a multicast-DIO with rank 292
1259503146	ID:35	RPL: Sending a multicast-DIO with rank 292
1260440405	ID:34	RPL: Sending a multicast-DIO with rank 281
1260783512	ID:32	RPL: Sending a multicast-DIO with rank 445
1262099536	ID:36	RPL: Sending a DIS to fe80::c30c:0:0:8
1263478582	ID:33	RPL: Sending a multicast-DIO with rank 292
1264503146	ID:35	RPL: Sending a multicast-DIO with rank 292
1265440405	ID:34	RPL: Sending a multicast-DIO with rank 281
1265783512	ID:32	RPL: Sending a multicast-DIO with rank 445
1268478582	ID:33	RPL: Sending a multicast-DIO with rank 292
1269503146	ID:35	RPL: Sending a multicast-DIO with rank 292
1270440405	ID:34	RPL: Sending a multicast-DIO with rank 281
1270783512	ID:32	RPL: Sending a multicast-DIO with rank 445
1273478582	ID:33	RPL: Sending a multicast-DIO with rank 292
1274503146	ID:35	RPL: Sending a multicast-DIO with rank 292
1275440405	ID:34	RPL: Sending a multicast-DIO with rank 281
1275783512	ID:32	RPL: Sending a multicast-DIO with rank 445
1278478582	ID:33	RPL: Sending a multicast-DIO with rank 292
1279503146	ID:35	RPL: Sending a multicast-DIO with rank 292
1280440405	ID:34	RPL: Sending a multicast-DIO with rank 281
1280783512	ID:32	RPL: Sending a multicast-DIO with rank 445
1283478582	ID:33	RPL: Sending a multicast-DIO with rank 292
1284503146	ID:35	RPL: Sending a multicast-DIO with rank 292
1285440405	ID:34	RPL: Sending a multicast-DIO with rank 281
1285783512	ID:32	RPL: Sending a multicast-DIO with rank 445
1288478582	ID:33	RPL: Sending a multicast-DIO with rank 292
1289503146	ID:35	RPL: Sending a multicast-DIO with rank 292
1290440405	ID:34	RPL: Sending a multicast-DIO with rank 281
1290783512	ID:32	RPL: Sending a multicast-DIO with rank 445
1293478582	ID:33	RPL: Sending a multicast-DIO with rank 292
1294503146	ID:35	RPL: Sending a multicast-DIO with rank 292
1295440405	ID:34	RPL: Sending a multicast-DIO with rank 281
1295783512	ID:32	RPL: Sending a multicast-DIO with rank 445
1298478582	ID:33	RPL: Sending a multicast-DIO with rank 292
1299503146	ID:35	RPL: Sending a multicast-DIO with rank 292
1300440405	ID:34	RPL: Sending a multicast-DIO with rank 281
1300783512	ID:32	RPL: Sending a multicast-DIO with rank 445
1303478582	ID:33	RPL: Sending a multicast-DIO with rank 292
1304503146	ID:35	RPL: Sending a multicast-DIO with rank 292
1305440405	ID:34	RPL: Sending a multicast-DIO with rank 281
1305783512	ID:32	RPL: Sending a multicast-DIO with rank 445
1308478582	ID:33	RPL: Sending a multicast-DIO with rank 292
1309503146	ID:35	RPL: Sending a multicast-DIO with rank 292
1310440405	ID:34	RPL: Sending a multicast-DIO with rank 281
1310783512	ID:32	RPL: Sending a multicast-DIO with rank 445
1313478582	ID:33	RPL: Sending a multicast-DIO with rank 292
1314503146	ID:35	RPL: Sending a multicast-DIO with rank 292
1315440405	ID:34	RPL: Sending a multicast-DIO with rank 281
1315783512	ID:32	RPL: Sending a multicast-DIO with rank 445
1318478582	ID:33	RPL: Sending a multicast-DIO with rank 292
1319503146	ID:35	RPL: Sending a multicast-DIO with rank 292
1320440405	ID:34	RPL: Sending a multicast-DIO with rank 281
1320783512	ID:32	RPL: Sending a multicast-DIO with rank 445
1322099536	ID:36	RPL: Sending a DIS to fe80::c30c:0:0:8
1323478582	ID:33	RPL: Sending a multicast-DIO with rank 292
1324503146	ID:35	RPL: Sending a multicast-DIO with rank 292
1325440405	ID:34	RPL: Sending a multicast-DIO with rank 281
1325783512	ID:32	RPL: Sending a multicast-DIO with rank 445
1328478582	ID:33	RPL: Sending a multicast-DIO with rank 292
1329503146	ID:35	RPL: Sending a multicast-DIO with rank 292
1330440405	ID:34	RPL: Sending a multicast-DIO with rank 281
1330783512	ID:32	RPL: Sending a multicast-DIO with rank 445
1333478582	ID:33	RPL: Sending a multicast-DIO with rank 292
1334503146	ID:35	RPL: Sending a multicast-DIO with rank 292
1335440405	ID:34	RPL: Sending a multicast-DIO with rank 281
1335783512	ID:32	RPL: Sending a multicast-DIO with rank 445
1338478582	ID:33	RPL: Sending a multicast-DIO with rank 292
1339503146	ID:35	RPL: Sending a multicast-DIO with rank 292
1340440405	ID:34	RPL: Sending a multicast-DIO with rank 281
1340783512	ID:32	RPL: Sending a multicast-DIO with rank 445
1343478582	ID:33	RPL: Sending a multicast-DIO with rank 292
1344503146	ID:35	RPL: Sending a multicast-DIO with rank 292
1345440405	ID:34	RPL: Sending a multicast-DIO with rank 281
1345783512	ID:32	RPL: Sending a multicast-DIO with rank 445
1348478582	ID:33	RPL: Sending a multicast-DIO with rank 292
1349503146	ID:35	RPL: Sending a multicast-DIO with rank 292
1350440405	ID:34	RPL: Sending a multicast-DIO with rank 281
1350783512	ID:32	RPL: Sending a multicast-DIO with rank 445
1353478582	ID:33	RPL: Sending a multicast-DIO with rank 292
1354503146	ID:35	RPL: Sending a multicast-DIO with rank 292
1355440405	ID:34	RPL: Sending a multicast-DIO with rank 281
1355783512	ID:32	RPL: Sending a multicast-DIO with rank 445
1358478582	ID:33	RPL: Sending a multicast-DIO with rank 292
1359503146	ID:35	RPL: Sending a multicast-DIO with rank 292
1360440405	ID:34	RPL: Sending a multicast-DIO with rank 281
1360783512	ID:32	RPL: Sending a multicast-DIO with rank 445
1363478582	ID:33	RPL: Sending a multicast-DIO with rank 292
1364503146	ID:35	RPL: Sending a multicast-DIO with rank 292
1365440405	ID:34	RPL: Sending a multicast-DIO with rank 281
1365783512	ID:32	RPL: Sending a multicast-DIO with rank 445
1368478582	ID:33	RPL: Sending a multicast-DIO with rank 292
1369503146	ID:35	RPL: Sending a multicast-DIO with rank 292
1370440405	ID:34	RPL: Sending a multicast-DIO with rank 281
1370783512	ID:32	RPL: Sending a multicast-DIO with rank 445
1373478582	ID:33	RPL: Sending a multicast-DIO with rank 292
1374503146	ID:35	RPL: Sending a multicast-DIO with rank 292
1375440405	ID:34	RPL: Sending a multicast-DIO with rank 281
1375783512	ID:32	RPL: Sending a multicast-DIO with rank 445
1378478582	ID:33	RPL: Sending a multicast-DIO with rank 292
1379503146	ID:35	RPL: Sending a multicast-DIO with rank 292
1380440405	ID:34	RPL: Sending a multicast-DIO with rank 281
1380783512	ID:32	RPL: Sending a multicast-DIO with rank 445
1382099536	ID:36	RPL: Sending a DIS to fe80::c30c:0:0:8
1383478582	ID:33	RPL: Sending a multicast-DIO with rank 292
1384503146	ID:35	RPL: Sending a multicast-DIO with rank 292
1385440405	ID:34	RPL: Sending a multicast-DIO with rank 281
1385783512	ID:32	RPL: Sending a multicast-DIO with rank 445
1388478582	ID:33	RPL: Sending a multicast-DIO with rank 292
1389503146	ID:35	RPL: Sending a multicast-DIO with rank 292
1390440405	ID:34	RPL: Sending a multicast-DIO with rank 281
1390783512	ID:32	RPL: Sending a multicast-DIO with rank 445
1393478582	ID:33	RPL: Sending a multicast-DIO with rank 292
1394503146	ID:35	RPL: Sending a multicast-DIO with rank 292
1395440405	ID:34	RPL: Sending a multicast-DIO with rank 281
1395783512	ID:32	RPL: Sending a multicast-DIO with rank 445
1398478582	ID:33	RPL: Sending a multicast-DIO with rank 292
1399503146	ID:35	RPL: Sending a multicast-DIO with rank 292
1400440405	ID:34	RPL: Sending a multicast-DIO with rank 281
1400783512	ID:32	RPL: Sending a multicast-DIO with rank 445
1403478582	ID:33	RPL: Sending a multicast-DIO with rank 292
1404503146	ID:35	RPL: Sending a multicast-DIO with rank 292
1405440405	ID:34	RPL: Sending a multicast-DIO with rank 281
1405783512	ID:32	RPL: Sending a multicast-DIO with rank 445
1408478582	ID:33	RPL: Sending a multicast-DIO with rank 292
1409503146	ID:35	RPL: Sending a multicast-DIO with rank 292
1410440405	ID:34	RPL: Sending a multicast-DIO with rank 281
1410783512	ID:32	RPL: Sending a multicast-DIO with rank 445
1413478582	ID:33	RPL: Sending a multicast-DIO with rank 292
1414503146	ID:35	RPL: Sending a multicast-DIO with rank 292
1415440405	ID:34	RPL: Sending a multicast-DIO with rank 281
1415783512	ID:32	RPL: Sending a multicast-DIO with rank 445
1418478582	ID:33	RPL: Sending a multicast-DIO with rank 292
1419503146	ID:35	RPL: Sending a multicast-DIO with rank 292
1420440405	ID:34	RPL: Sending a multicast-DIO with rank 281
1420783512	ID:32	RPL: Sending a multicast-DIO with rank 445
1423478582	ID:33	RPL: Sending a multicast-DIO with rank 292
1424503146	ID:35	RPL: Sending a multicast-DIO with rank 292
1425440405	ID:34	RPL: Sending a multicast-DIO with rank 281
1425783512	ID:32	RPL: Sending a multicast-DIO with rank 445
1428478582	ID:33	RPL: Sending a multicast-DIO with rank 292
1429503146	ID:35	RPL: Sending a multicast-DIO with rank 292
1430440405	ID:34	RPL: Sending a multicast-DIO with rank 281
1430783512	ID:32	RPL: Sending a multicast-DIO with rank 445
1433478582	ID:33	RPL: Sending a multicast-DIO with rank 292
1434503146	ID:35	RPL: Sending a multicast-DIO with rank 292
1435440405	ID:34	RPL: Sending a multicast-DIO with rank 281
1435783512	ID:32	RPL: Sending a multicast-DIO with rank 445
1438478582	ID:33	RPL: Sending a multicast-DIO with rank 292
1439503146	ID:35	RPL: Sending a multicast-DIO with rank 292
1440440405	ID:34	RPL: Sending a multicast-DIO with rank 281
1440783512	ID:32	RPL: Sending a multicast-DIO with rank 445
1442099536	ID:36	RPL: Sending a DIS to fe80::c30c:0:0:8
1443478582	ID:33	RPL: Sending a multicast-DIO with rank 292
1444503146	ID:35	RPL: Sending a multicast-DIO with rank 292
1445440405	ID:34	RPL: Sending a multicast-DIO with rank 281
1445783512	ID:32	RPL: Sending a multicast-DIO with rank 445
1448478582	ID:33	RPL: Sending a multicast-DIO with rank 292
1449503146	ID:35	RPL: Sending a multicast-DIO with rank 292
1450440405	ID:34	RPL: Sending a multicast-DIO with rank 281
1450783512	ID:32	RPL: Sending a multicast-DIO with rank 445
1453478582	ID:33	RPL: Sending a multicast-DIO with rank 292
1454503146	ID:35	RPL: Sending a multicast-DIO with rank 292
1455440405	ID:34	RPL: Sending a multicast-DIO with rank 281
1455783512	ID:32	RPL: Sending a multicast-DIO with rank 445
1458478582	ID:33	RPL: Sending a multicast-DIO with rank 292
1459503146	ID:35	RPL: Sending a multicast-DIO with rank 292
1460440405	ID:34	RPL: Sending a multicast-DIO with rank 281
1460783512	ID:32	RPL: Sending a multicast-DIO with rank 445
1463478582	ID:33	RPL: Sending a multicast-DIO with rank 292
1464503146	ID:35	RPL: Sending a multicast-DIO with rank 292
1465440405	ID:34	RPL: Sending a multicast-DIO with rank 281
1465783512	ID:32	RPL: Sending a multicast-DIO with rank 445
1468478582	ID:33	RPL: Sending a multicast-DIO with rank 292
1469503146	ID:35	RPL: Sending a multicast-DIO with rank 292
1470440405	ID:34	RPL: Sending a multicast-DIO with rank 281
1470783512	ID:32	RPL: Sending a multicast-DIO with rank 445
1473478582	ID:33	RPL: Sending a multicast-DIO with rank 292
1474503146	ID:35	RPL: Sending a multicast-DIO with rank 292
1475440405	ID:34	RPL: Sending a multicast-DIO with rank 281
1475783512	ID:32	RPL: Sending a multicast-DIO with rank 445
1478478589	ID:33	RPL: Sending a multicast-DIO with rank 292
1479503146	ID:35	RPL: Sending a multicast-DIO with rank 292
1480440405	ID:34	RPL: Sending a multicast-DIO with rank 281
1480783512	ID:32	RPL: Sending a multicast-DIO with rank 445
1483478582	ID:33	RPL: Sending a multicast-DIO with rank 292
1484503146	ID:35	RPL: Sending a multicast-DIO with rank 292
1485440405	ID:34	RPL: Sending a multicast-DIO with rank 281
1485783512	ID:32	RPL: Sending a multicast-DIO with rank 445
1488478582	ID:33	RPL: Sending a multicast-DIO with rank 292
1489503146	ID:35	RPL: Sending a multicast-DIO with rank 292
1490440405	ID:34	RPL: Sending a multicast-DIO with rank 281
1490783512	ID:32	RPL: Sending a multicast-DIO with rank 445
1493478582	ID:33	RPL: Sending a multicast-DIO with rank 292
1494503146	ID:35	RPL: Sending a multicast-DIO with rank 292
1495440405	ID:34	RPL: Sending a multicast-DIO with rank 281
1495783512	ID:32	RPL: Sending a multicast-DIO with rank 445
1498478582	ID:33	RPL: Sending a multicast-DIO with rank 292
1499503146	ID:35	RPL: Sending a multicast-DIO with rank 292
1500440405	ID:34	RPL: Sending a multicast-DIO with rank 281
1500783512	ID:32	RPL: Sending a multicast-DIO with rank 445
1502099536	ID:36	RPL: Sending a DIS to fe80::c30c:0:0:8
1503478582	ID:33	RPL: Sending a multicast-DIO with rank 292
1504503146	ID:35	RPL: Sending a multicast-DIO with rank 292
1505440405	ID:34	RPL: Sending a multicast-DIO with rank 281
1505783512	ID:32	RPL: Sending a multicast-DIO with rank 445
1508478582	ID:33	RPL: Sending a multicast-DIO with rank 292
1509503146	ID:35	RPL: Sending a multicast-DIO with rank 292
1510440412	ID:34	RPL: Sending a multicast-DIO with rank 281
1510783512	ID:32	RPL: Sending a multicast-DIO with rank 445
1513478582	ID:33	RPL: Sending a multicast-DIO with rank 292
1514503146	ID:35	RPL: Sending a multicast-DIO with rank 292
1515440405	ID:34	RPL: Sending a multicast-DIO with rank 281
1515783512	ID:32	RPL: Sending a multicast-DIO with rank 445
1518478582	ID:33	RPL: Sending a multicast-DIO with rank 292
1519503146	ID:35	RPL: Sending a multicast-DIO with rank 292
1520440405	ID:34	RPL: Sending a multicast-DIO with rank 281
1520783512	ID:32	RPL: Sending a multicast-DIO with rank 445
1523478582	ID:33	RPL: Sending a multicast-DIO with rank 292
1524503146	ID:35	RPL: Sending a multicast-DIO with rank 292
1525440405	ID:34	RPL: Sending a multicast-DIO with rank 281
1525783512	ID:32	RPL: Sending a multicast-DIO with rank 445
1528478582	ID:33	RPL: Sending a multicast-DIO with rank 292
1529503146	ID:35	RPL: Sending a multicast-DIO with rank 292
1530440405	ID:34	RPL: Sending a multicast-DIO with rank 281
1530783512	ID:32	RPL: Sending a multicast-DIO with rank 445
1533478582	ID:33	RPL: Sending a multicast-DIO with rank 292
1534503146	ID:35	RPL: Sending a multicast-DIO with rank 292
1535440405	ID:34	RPL: Sending a multicast-DIO with rank 281
1535783512	ID:32	RPL: Sending a multicast-DIO with rank 445
1538478582	ID:33	RPL: Sending a multicast-DIO with rank 292
1539503146	ID:35	RPL: Sending a multicast-DIO with rank 292
1540440405	ID:34	RPL: Sending a multicast-DIO with rank 281
1540783512	ID:32	RPL: Sending a multicast-DIO with rank 445
1543478582	ID:33	RPL: Sending a multicast-DIO with rank 292
1544503146	ID:35	RPL: Sending a multicast-DIO with rank 292
1545440405	ID:34	RPL: Sending a multicast-DIO with rank 281
1545783519	ID:32	RPL: Sending a multicast-DIO with rank 445
1548478582	ID:33	RPL: Sending a multicast-DIO with rank 292
1549503153	ID:35	RPL: Sending a multicast-DIO with rank 292
1550440405	ID:34	RPL: Sending a multicast-DIO with rank 281
1550783512	ID:32	RPL: Sending a multicast-DIO with rank 445
1553478582	ID:33	RPL: Sending a multicast-DIO with rank 292
1554503146	ID:35	RPL: Sending a multicast-DIO with rank 292
1555440405	ID:34	RPL: Sending a multicast-DIO with rank 281
1555783512	ID:32	RPL: Sending a multicast-DIO with rank 445
1558478582	ID:33	RPL: Sending a multicast-DIO with rank 292
1559503146	ID:35	RPL: Sending a multicast-DIO with rank 292
1560440405	ID:34	RPL: Sending a multicast-DIO with rank 281
1560783512	ID:32	RPL: Sending a multicast-DIO with rank 445
1562099536	ID:36	RPL: Sending a DIS to fe80::c30c:0:0:8
1563478582	ID:33	RPL: Sending a multicast-DIO with rank 292
1564503146	ID:35	RPL: Sending a multicast-DIO with rank 292
1565440405	ID:34	RPL: Sending a multicast-DIO with rank 281
1565783512	ID:32	RPL: Sending a multicast-DIO with rank 445
1568478582	ID:33	RPL: Sending a multicast-DIO with rank 292
1569503146	ID:35	RPL: Sending a multicast-DIO with rank 292
1570440405	ID:34	RPL: Sending a multicast-DIO with rank 281
1570783512	ID:32	RPL: Sending a multicast-DIO with rank 445
1573478582	ID:33	RPL: Sending a multicast-DIO with rank 292
1574503146	ID:35	RPL: Sending a multicast-DIO with rank 292
1575440405	ID:34	RPL: Sending a multicast-DIO with rank 281
1575783512	ID:32	RPL: Sending a multicast-DIO with rank 445
1578478582	ID:33	RPL: Sending a multicast-DIO with rank 292
1579503146	ID:35	RPL: Sending a multicast-DIO with rank 292
1580440405	ID:34	RPL: Sending a multicast-DIO with rank 281
1580783512	ID:32	RPL: Sending a multicast-DIO with rank 445
1583478582	ID:33	RPL: Sending a multicast-DIO with rank 292
1584503146	ID:35	RPL: Sending a multicast-DIO with rank 292
1585440405	ID:34	RPL: Sending a multicast-DIO with rank 281
1585783512	ID:32	RPL: Sending a multicast-DIO with rank 445
1588478582	ID:33	RPL: Sending a multicast-DIO with rank 292
1589503146	ID:35	RPL: Sending a multicast-DIO with rank 292
1590440405	ID:34	RPL: Sending a multicast-DIO with rank 281
1590783512	ID:32	RPL: Sending a multicast-DIO with rank 445
1593478582	ID:33	RPL: Sending a multicast-DIO with rank 292
1594503146	ID:35	RPL: Sending a multicast-DIO with rank 292
1595440405	ID:34	RPL: Sending a multicast-DIO with rank 281
1595783512	ID:32	RPL: Sending a multicast-DIO with rank 445
1598478582	ID:33	RPL: Sending a multicast-DIO with rank 292
1599503146	ID:35	RPL: Sending a multicast-DIO with rank 292
1600440405	ID:34	RPL: Sending a multicast-DIO with rank 281
1600783512	ID:32	RPL: Sending a multicast-DIO with rank 445
1603478582	ID:33	RPL: Sending a multicast-DIO with rank 292
1604503146	ID:35	RPL: Sending a multicast-DIO with rank 292
1605440405	ID:34	RPL: Sending a multicast-DIO with rank 281
1605783512	ID:32	RPL: Sending a multicast-DIO with rank 445
1608478582	ID:33	RPL: Sending a multicast-DIO with rank 292
1609503146	ID:35	RPL: Sending a multicast-DIO with rank 292
1610440405	ID:34	RPL: Sending a multicast-DIO with rank 281
1610783512	ID:32	RPL: Sending a multicast-DIO with rank 445
1613478582	ID:33	RPL: Sending a multicast-DIO with rank 292
1614503146	ID:35	RPL: Sending a multicast-DIO with rank 292
1615440405	ID:34	RPL: Sending a multicast-DIO with rank 281
1615783512	ID:32	RPL: Sending a multicast-DIO with rank 445
1618478582	ID:33	RPL: Sending a multicast-DIO with rank 292
1619503146	ID:35	RPL: Sending a multicast-DIO with rank 292
1620440405	ID:34	RPL: Sending a multicast-DIO with rank 281
1620783512	ID:32	RPL: Sending a multicast-DIO with rank 445
1622099536	ID:36	RPL: Sending a DIS to fe80::c30c:0:0:8
1623478582	ID:33	RPL: Sending a multicast-DIO with rank 292
1624503146	ID:35	RPL: Sending a multicast-DIO with rank 292
1625440405	ID:34	RPL: Sending a multicast-DIO with rank 281
1625783512	ID:32	RPL: Sending a multicast-DIO with rank 445
1628478582	ID:33	RPL: Sending a multicast-DIO with rank 292
1629503146	ID:35	RPL: Sending a multicast-DIO with rank 292
1630440405	ID:34	RPL: Sending a multicast-DIO with rank 281
1630783512	ID:32	RPL: Sending a multicast-DIO with rank 445
1633478582	ID:33	RPL: Sending a multicast-DIO with rank 292
1634503146	ID:35	RPL: Sending a multicast-DIO with rank 292
1635440405	ID:34	RPL: Sending a multicast-DIO with rank 281
1635783512	ID:32	RPL: Sending a multicast-DIO with rank 445
1638478582	ID:33	RPL: Sending a multicast-DIO with rank 292
1639503146	ID:35	RPL: Sending a multicast-DIO with rank 292
1640440405	ID:34	RPL: Sending a multicast-DIO with rank 281
1640783512	ID:32	RPL: Sending a multicast-DIO with rank 445
1643478582	ID:33	RPL: Sending a multicast-DIO with rank 292
1644503146	ID:35	RPL: Sending a multicast-DIO with rank 292
1645440405	ID:34	RPL: Sending a multicast-DIO with rank 281
1645783512	ID:32	RPL: Sending a multicast-DIO with rank 445
1648478582	ID:33	RPL: Sending a multicast-DIO with rank 292
1649503146	ID:35	RPL: Sending a multicast-DIO with rank 292
1650440405	ID:34	RPL: Sending a multicast-DIO with rank 281
1650783512	ID:32	RPL: Sending a multicast-DIO with rank 445
1653478582	ID:33	RPL: Sending a multicast-DIO with rank 292
1654503146	ID:35	RPL: Sending a multicast-DIO with rank 292
1655440405	ID:34	RPL: Sending a multicast-DIO with rank 281
1655783512	ID:32	RPL: Sending a multicast-DIO with rank 445
1658478582	ID:33	RPL: Sending a multicast-DIO with rank 292
1659503146	ID:35	RPL: Sending a multicast-DIO with rank 292
1660440405	ID:34	RPL: Sending a multicast-DIO with rank 281
1660783512	ID:32	RPL: Sending a multicast-DIO with rank 445
1663478582	ID:33	RPL: Sending a multicast-DIO with rank 292
1664503146	ID:35	RPL: Sending a multicast-DIO with rank 292
1665440405	ID:34	RPL: Sending a multicast-DIO with rank 281
1665783512	ID:32	RPL: Sending a multicast-DIO with rank 445
1668478582	ID:33	RPL: Sending a multicast-DIO with rank 292
1669503146	ID:35	RPL: Sending a multicast-DIO with rank 292
1670440405	ID:34	RPL: Sending a multicast-DIO with rank 281
1670783512	ID:32	RPL: Sending a multicast-DIO with rank 445
1673478582	ID:33	RPL: Sending a multicast-DIO with rank 292
1674503146	ID:35	RPL: Sending a multicast-DIO with rank 292
1675440405	ID:34	RPL: Sending a multicast-DIO with rank 281
1675783512	ID:32	RPL: Sending a multicast-DIO with rank 445
1678478582	ID:33	RPL: Sending a multicast-DIO with rank 292
1679503146	ID:35	RPL: Sending a multicast-DIO with rank 292
1680440405	ID:34	RPL: Sending a multicast-DIO with rank 281
1680783512	ID:32	RPL: Sending a multicast-DIO with rank 445
1682099536	ID:36	RPL: Sending a DIS to fe80::c30c:0:0:8
1683478582	ID:33	RPL: Sending a multicast-DIO with rank 292
1684503146	ID:35	RPL: Sending a multicast-DIO with rank 292
1685440405	ID:34	RPL: Sending a multicast-DIO with rank 281
1685783512	ID:32	RPL: Sending a multicast-DIO with rank 445
1688478582	ID:33	RPL: Sending a multicast-DIO with rank 292
1689503146	ID:35	RPL: Sending a multicast-DIO with rank 292
1690440405	ID:34	RPL: Sending a multicast-DIO with rank 281
1690783512	ID:32	RPL: Sending a multicast-DIO with rank 445
1693478582	ID:33	RPL: Sending a multicast-DIO with rank 292
1694503146	ID:35	RPL: Sending a multicast-DIO with rank 292
1695440405	ID:34	RPL: Sending a multicast-DIO with rank 281
1695783512	ID:32	RPL: Sending a multicast-DIO with rank 445
1698478582	ID:33	RPL: Sending a multicast-DIO with rank 292
1699503146	ID:35	RPL: Sending a multicast-DIO with rank 292
1700440405	ID:34	RPL: Sending a multicast-DIO with rank 281
1700783512	ID:32	RPL: Sending a multicast-DIO with rank 445
1703478582	ID:33	RPL: Sending a multicast-DIO with rank 292
1704503146	ID:35	RPL: Sending a multicast-DIO with rank 292
1705440405	ID:34	RPL: Sending a multicast-DIO with rank 281
1705783512	ID:32	RPL: Sending a multicast-DIO with rank 445
1708478582	ID:33	RPL: Sending a multicast-DIO with rank 292
1709503146	ID:35	RPL: Sending a multicast-DIO with rank 292
1710440405	ID:34	RPL: Sending a multicast-DIO with rank 281
1710783512	ID:32	RPL: Sending a multicast-DIO with rank 445
1713478582	ID:33	RPL: Sending a multicast-DIO with rank 292
1714503146	ID:35	RPL: Sending a multicast-DIO with rank 292
1715440405	ID:34	RPL: Sending a multicast-DIO with rank 281
1715783512	ID:32	RPL: Sending a multicast-DIO with rank 445
1718478582	ID:33	RPL: Sending a multicast-DIO with rank 292
1719503146	ID:35	RPL: Sending a multicast-DIO with rank 292
1720440405	ID:34	RPL: Sending a multicast-DIO with rank 281
1720783512	ID:32	RPL: Sending a multicast-DIO with rank 445
1723478582	ID:33	RPL: Sending a multicast-DIO with rank 292
1724503146	ID:35	RPL: Sending a multicast-DIO with rank 292
1725440405	ID:34	RPL: Sending a multicast-DIO with rank 281
1725783512	ID:32	RPL: Sending a multicast-DIO with rank 445
1728478582	ID:33	RPL: Sending a multicast-DIO with rank 292
1729503146	ID:35	RPL: Sending a multicast-DIO with rank 292
1730440405	ID:34	RPL: Sending a multicast-DIO with rank 281
1730783512	ID:32	RPL: Sending a multicast-DIO with rank 445
1733478582	ID:33	RPL: Sending a multicast-DIO with rank 292
1734503146	ID:35	RPL: Sending a multicast-DIO with rank 292
1735440405	ID:34	RPL: Sending a multicast-DIO with rank 281
1735783512	ID:32	RPL: Sending a multicast-DIO with rank 445
1738478582	ID:33	RPL: Sending a multicast-DIO with rank 292
1739503146	ID:35	RPL: Sending a multicast-DIO with rank 292
1740440405	ID:34	RPL: Sending a multicast-DIO with rank 281
1740783512	ID:32	RPL: Sending a multicast-DIO with rank 445
1742099536	ID:36	RPL: Sending a DIS to fe80::c30c:0:0:8
1743478582	ID:33	RPL: Sending a multicast-DIO with rank 292
1744503146	ID:35	RPL: Sending a multicast-DIO with rank 292
1745440405	ID:34	RPL: Sending a multicast-DIO with rank 281
1745783512	ID:32	RPL: Sending a multicast-DIO with rank 445
1748478582	ID:33	RPL: Sending a multicast-DIO with rank 292
1749503146	ID:35	RPL: Sending a multicast-DIO with rank 292
1750440405	ID:34	RPL: Sending a multicast-DIO with rank 281
1750783512	ID:32	RPL: Sending a multicast-DIO with rank 445
1753478582	ID:33	RPL: Sending a multicast-DIO with rank 292
1754503146	ID:35	RPL: Sending a multicast-DIO with rank 292
1755440405	ID:34	RPL: Sending a multicast-DIO with rank 281
1755783512	ID:32	RPL: Sending a multicast-DIO with rank 445
1758478582	ID:33	RPL: Sending a multicast-DIO with rank 292
1759503146	ID:35	RPL: Sending a multicast-DIO with rank 292
1760440405	ID:34	RPL: Sending a multicast-DIO with rank 281
1760783512	ID:32	RPL: Sending a multicast-DIO with rank 445
1763478582	ID:33	RPL: Sending a multicast-DIO with rank 292
1764503146	ID:35	RPL: Sending a multicast-DIO with rank 292
1765440405	ID:34	RPL: Sending a multicast-DIO with rank 281
1765783512	ID:32	RPL: Sending a multicast-DIO with rank 445
1768478582	ID:33	RPL: Sending a multicast-DIO with rank 292
1769503146	ID:35	RPL: Sending a multicast-DIO with rank 292
1770440405	ID:34	RPL: Sending a multicast-DIO with rank 281
1770783512	ID:32	RPL: Sending a multicast-DIO with rank 445
1773478582	ID:33	RPL: Sending a multicast-DIO with rank 292
1774503146	ID:35	RPL: Sending a multicast-DIO with rank 292
1775440405	ID:34	RPL: Sending a multicast-DIO with rank 281
1775783512	ID:32	RPL: Sending a multicast-DIO with rank 445
1778478582	ID:33	RPL: Sending a multicast-DIO with rank 292
1779503146	ID:35	RPL: Sending a multicast-DIO with rank 292
1780440405	ID:34	RPL: Sending a multicast-DIO with rank 281
1780783512	ID:32	RPL: Sending a multicast-DIO with rank 445
1783478582	ID:33	RPL: Sending a multicast-DIO with rank 292
1784503146	ID:35	RPL: Sending a multicast-DIO with rank 292
1785440405	ID:34	RPL: Sending a multicast-DIO with rank 281
1785783512	ID:32	RPL: Sending a multicast-DIO with rank 445
1788478582	ID:33	RPL: Sending a multicast-DIO with rank 292
1789503146	ID:35	RPL: Sending a multicast-DIO with rank 292
1790440405	ID:34	RPL: Sending a multicast-DIO with rank 281
1790783512	ID:32	RPL: Sending a multicast-DIO with rank 445
1793478582	ID:33	RPL: Sending a multicast-DIO with rank 292
1794503146	ID:35	RPL: Sending a multicast-DIO with rank 292
1795440405	ID:34	RPL: Sending a multicast-DIO with rank 281
1795783512	ID:32	RPL: Sending a multicast-DIO with rank 445
1798478582	ID:33	RPL: Sending a multicast-DIO with rank 292
1799503146	ID:35	RPL: Sending a multicast-DIO with rank 292
