30242916	ID:36	RPL: Sending a DIS to fe80::c30c:0:0:8
30245830	ID:33	RPL: Sending a DIS to fe80::c30c:0:0:2
30296524	ID:34	RPL: Sending a DIS to fe80::c30c:0:0:6
30337060	ID:35	RPL: Sending a DIS to fe80::c30c:0:0:7
31094631	ID:32	RPL: Sending a DIS to fe80::c30c:0:0:3
59157587	ID:36	RPL: Received a DIO from fe80::c30c:0:0:8
59161362	ID:36	RPL: Incoming DIO (id, ver, rank) = (30,240,631)
59165861	ID:36	RPL: Incoming DIO (dag_id, pref) = (fd00::ff:fe00:1, 0)
59168125	ID:36	RPL: DIO option 4, length: 14
59174032	ID:36	RPL: DAG conf:dbl=8, min=12 red=3 maxinc=896 mininc=128 ocp=1 d_l=10 l_u=60
59176296	ID:36	RPL: DIO option 8, length: 30
59178565	ID:36	RPL: Copying prefix information
59187179	ID:36	RPL: Neighbor added to neighbor cache fe80::c30c:0:0:8, c1:0c:00:00:00:00:00:08
61762591	ID:32	RPL: Received a DIO from fe80::c30c:0:0:3
61766361	ID:32	RPL: Incoming DIO (id, ver, rank) = (30,240,548)
61770860	ID:32	RPL: Incoming DIO (dag_id, pref) = (fd00::ff:fe00:1, 0)
61773085	ID:32	RPL: DIO option 4, length: 14
61778993	ID:32	RPL: DAG conf:dbl=8, min=12 red=3 maxinc=896 mininc=128 ocp=1 d_l=10 l_u=60
61781219	ID:32	RPL: DIO option 8, length: 30
61783487	ID:32	RPL: Copying prefix information
61792544	ID:32	RPL: Neighbor added to neighbor cache fe80::c30c:0:0:3, c1:0c:00:00:00:00:00:03
62118531	ID:35	RPL: Sending a DIS to fe80::c30c:0:0:7
62131932	ID:35	RPL: Received a DIO from fe80::c30c:0:0:7
62135702	ID:35	RPL: Incoming DIO (id, ver, rank) = (30,240,509)
62140200	ID:35	RPL: Incoming DIO (dag_id, pref) = (fd00::ff:fe00:1, 0)
62142426	ID:35	RPL: DIO option 4, length: 14
62148333	ID:35	RPL: DAG conf:dbl=8, min=12 red=3 maxinc=896 mininc=128 ocp=1 d_l=10 l_u=60
62150559	ID:35	RPL: DIO option 8, length: 30
62152828	ID:35	RPL: Copying prefix information
62162137	ID:35	RPL: Neighbor added to neighbor cache fe80::c30c:0:0:7, c1:0c:00:00:00:00:00:07
64194719	ID:36	RPL: Sending a multicast-DIO with rank 631
66796432	ID:32	RPL: Sending a multicast-DIO with rank 548
67171674	ID:35	RPL: Sending a multicast-DIO with rank 509
68025847	ID:33	RPL: Sending a DIS to fe80::c30c:0:0:2
68576757	ID:34	RPL: Received a DIO from fe80::c30c:0:0:6
68580532	ID:34	RPL: Incoming DIO (id, ver, rank) = (30,240,533)
68585030	ID:34	RPL: Incoming DIO (dag_id, pref) = (fd00::ff:fe00:1, 0)
68587256	ID:34	RPL: DIO option 4, length: 14
68593163	ID:34	RPL: DAG conf:dbl=8, min=12 red=3 maxinc=896 mininc=128 ocp=1 d_l=10 l_u=60
68595395	ID:34	RPL: DIO option 8, length: 30
68597664	ID:34	RPL: Copying prefix information
68608819	ID:34	RPL: Neighbor added to neighbor cache fe80::c30c:0:0:6, c1:0c:00:00:00:00:00:06
69194697	ID:36	RPL: Sending a multicast-DIO with rank 631
69659077	ID:33	RPL: Received a DIO from fe80::c30c:0:0:2
69662847	ID:33	RPL: Incoming DIO (id, ver, rank) = (30,240,517)
69667384	ID:33	RPL: Incoming DIO (dag_id, pref) = (fd00::ff:fe00:1, 0)
69669610	ID:33	RPL: DIO option 4, length: 14
69675527	ID:33	RPL: DAG conf:dbl=8, min=12 red=3 maxinc=896 mininc=128 ocp=1 d_l=10 l_u=60
69677754	ID:33	RPL: DIO option 8, length: 30
69680022	ID:33	RPL: Copying prefix information
71796411	ID:32	RPL: Sending a multicast-DIO with rank 548
72171653	ID:35	RPL: Sending a multicast-DIO with rank 509
73613318	ID:34	RPL: Sending a multicast-DIO with rank 533
74194697	ID:36	RPL: Sending a multicast-DIO with rank 631
76796411	ID:32	RPL: Sending a multicast-DIO with rank 548
77171652	ID:35	RPL: Sending a multicast-DIO with rank 509
78613297	ID:34	RPL: Sending a multicast-DIO with rank 533
79194697	ID:36	RPL: Sending a multicast-DIO with rank 631
81796411	ID:32	RPL: Sending a multicast-DIO with rank 548
82171653	ID:35	RPL: Sending a multicast-DIO with rank 509
83613297	ID:34	RPL: Sending a multicast-DIO with rank 533
84194697	ID:36	RPL: Sending a multicast-DIO with rank 631
86796411	ID:32	RPL: Sending a multicast-DIO with rank 548
87171653	ID:35	RPL: Sending a multicast-DIO with rank 509
88613297	ID:34	RPL: Sending a multicast-DIO with rank 533
89194697	ID:36	RPL: Sending a multicast-DIO with rank 631
91796399	ID:32	RPL: Sending a multicast-DIO with rank 548
92171640	ID:35	RPL: Sending a multicast-DIO with rank 509
93613285	ID:34	RPL: Sending a multicast-DIO with rank 533
94194685	ID:36	RPL: Sending a multicast-DIO with rank 631
96796399	ID:32	RPL: Sending a multicast-DIO with rank 548
97171640	ID:35	RPL: Sending a multicast-DIO with rank 509
98613285	ID:34	RPL: Sending a multicast-DIO with rank 533
99194685	ID:36	RPL: Sending a multicast-DIO with rank 631
101796399	ID:32	RPL: Sending a multicast-DIO with rank 548
102171640	ID:35	RPL: Sending a multicast-DIO with rank 509
103613285	ID:34	RPL: Sending a multicast-DIO with rank 533
104194685	ID:36	RPL: Sending a multicast-DIO with rank 631
106796399	ID:32	RPL: Sending a multicast-DIO with rank 548
107171640	ID:35	RPL: Sending a multicast-DIO with rank 509
108613285	ID:34	RPL: Sending a multicast-DIO with rank 533
109194685	ID:36	RPL: Sending a multicast-DIO with rank 631
111796399	ID:32	RPL: Sending a multicast-DIO with rank 548
112171640	ID:35	RPL: Sending a multicast-DIO with rank 509
113613285	ID:34	RPL: Sending a multicast-DIO with rank 533
114194685	ID:36	RPL: Sending a multicast-DIO with rank 631
116796399	ID:32	RPL: Sending a multicast-DIO with rank 548
117171640	ID:35	RPL: Sending a multicast-DIO with rank 509
118613285	ID:34	RPL: Sending a multicast-DIO with rank 533
119194685	ID:36	RPL: Sending a multicast-DIO with rank 631
121796399	ID:32	RPL: Sending a multicast-DIO with rank 548
122171640	ID:35	RPL: Sending a multicast-DIO with rank 509
123613285	ID:34	RPL: Sending a multicast-DIO with rank 533
124194685	ID:36	RPL: Sending a multicast-DIO with rank 631
126796399	ID:32	RPL: Sending a multicast-DIO with rank 548
127171640	ID:35	RPL: Sending a multicast-DIO with rank 509
128025859	ID:33	RPL: Sending a DIS to fe80::c30c:0:0:2
128613285	ID:34	RPL: Sending a multicast-DIO with rank 533
129194685	ID:36	RPL: Sending a multicast-DIO with rank 631
131796399	ID:32	RPL: Sending a multicast-DIO with rank 548
132171640	ID:35	RPL: Sending a multicast-DIO with rank 509
133613285	ID:34	RPL: Sending a multicast-DIO with rank 533
134194685	ID:36	RPL: Sending a multicast-DIO with rank 631
136796399	ID:32	RPL: Sending a multicast-DIO with rank 548
137171640	ID:35	RPL: Sending a multicast-DIO with rank 509
138613285	ID:34	RPL: Sending a multicast-DIO with rank 533
139194685	ID:36	RPL: Sending a multicast-DIO with rank 631
141796399	ID:32	RPL: Sending a multicast-DIO with rank 548
142171640	ID:35	RPL: Sending a multicast-DIO with rank 509
143613285	ID:34	RPL: Sending a multicast-DIO with rank 533
144194685	ID:36	RPL: Sending a multicast-DIO with rank 631
146796399	ID:32	RPL: Sending a multicast-DIO with rank 548
147171640	ID:35	RPL: Sending a multicast-DIO with rank 509
148613285	ID:34	RPL: Sending a multicast-DIO with rank 533
149194685	ID:36	RPL: Sending a multicast-DIO with rank 631
151796399	ID:32	RPL: Sending a multicast-DIO with rank 548
152171640	ID:35	RPL: Sending a multicast-DIO with rank 509
153613285	ID:34	RPL: Sending a multicast-DIO with rank 533
154194685	ID:36	RPL: Sending a multicast-DIO with rank 631
156796399	ID:32	RPL: Sending a multicast-DIO with rank 548
157171640	ID:35	RPL: Sending a multicast-DIO with rank 509
158613285	ID:34	RPL: Sending a multicast-DIO with rank 533
159194685	ID:36	RPL: Sending a multicast-DIO with rank 631
161796399	ID:32	RPL: Sending a multicast-DIO with rank 548
162171640	ID:35	RPL: Sending a multicast-DIO with rank 509
163613285	ID:34	RPL: Sending a multicast-DIO with rank 533
164194685	ID:36	RPL: Sending a multicast-DIO with rank 631
166796399	ID:32	RPL: Sending a multicast-DIO with rank 548
167171640	ID:35	RPL: Sending a multicast-DIO with rank 509
168613285	ID:34	RPL: Sending a multicast-DIO with rank 533
169194685	ID:36	RPL: Sending a multicast-DIO with rank 631
171796399	ID:32	RPL: Sending a multicast-DIO with rank 548
172171640	ID:35	RPL: Sending a multicast-DIO with rank 509
173613285	ID:34	RPL: Sending a multicast-DIO with rank 533
174194685	ID:36	RPL: Sending a multicast-DIO with rank 631
176796399	ID:32	RPL: Sending a multicast-DIO with rank 548
177171640	ID:35	RPL: Sending a multicast-DIO with rank 509
178613285	ID:34	RPL: Sending a multicast-DIO with rank 533
179194685	ID:36	RPL: Sending a multicast-DIO with rank 631
181796399	ID:32	RPL: Sending a multicast-DIO with rank 548
182171640	ID:35	RPL: Sending a multicast-DIO with rank 509
183613285	ID:34	RPL: Sending a multicast-DIO with rank 533
184194685	ID:36	RPL: Sending a multicast-DIO with rank 631
186796399	ID:32	RPL: Sending a multicast-DIO with rank 548
187171640	ID:35	RPL: Sending a multicast-DIO with rank 509
188025859	ID:33	RPL: Sending a DIS to fe80::c30c:0:0:2
188613285	ID:34	RPL: Sending a multicast-DIO with rank 533
189194685	ID:36	RPL: Sending a multicast-DIO with rank 631
191796399	ID:32	RPL: Sending a multicast-DIO with rank 548
192171640	ID:35	RPL: Sending a multicast-DIO with rank 509
193613285	ID:34	RPL: Sending a multicast-DIO with rank 533
194194685	ID:36	RPL: Sending a multicast-DIO with rank 631
196796399	ID:32	RPL: Sending a multicast-DIO with rank 548
197171640	ID:35	RPL: Sending a multicast-DIO with rank 509
198613285	ID:34	RPL: Sending a multicast-DIO with rank 533
199194685	ID:36	RPL: Sending a multicast-DIO with rank 631
201796399	ID:32	RPL: Sending a multicast-DIO with rank 548
202171640	ID:35	RPL: Sending a multicast-DIO with rank 509
203613285	ID:34	RPL: Sending a multicast-DIO with rank 533
204194685	ID:36	RPL: Sending a multicast-DIO with rank 631
206796399	ID:32	RPL: Sending a multicast-DIO with rank 548
207171640	ID:35	RPL: Sending a multicast-DIO with rank 509
208613285	ID:34	RPL: Sending a multicast-DIO with rank 533
209194685	ID:36	RPL: Sending a multicast-DIO with rank 631
211796399	ID:32	RPL: Sending a multicast-DIO with rank 548
212171640	ID:35	RPL: Sending a multicast-DIO with rank 509
213613285	ID:34	RPL: Sending a multicast-DIO with rank 533
214194685	ID:36	RPL: Sending a multicast-DIO with rank 631
216796399	ID:32	RPL: Sending a multicast-DIO with rank 548
217171640	ID:35	RPL: Sending a multicast-DIO with rank 509
218613285	ID:34	RPL: Sending a multicast-DIO with rank 533
219194685	ID:36	RPL: Sending a multicast-DIO with rank 631
221796399	ID:32	RPL: Sending a multicast-DIO with rank 548
222171640	ID:35	RPL: Sending a multicast-DIO with rank 509
223613285	ID:34	RPL: Sending a multicast-DIO with rank 533
224194685	ID:36	RPL: Sending a multicast-DIO with rank 631
226796399	ID:32	RPL: Sending a multicast-DIO with rank 548
227171640	ID:35	RPL: Sending a multicast-DIO with rank 509
228613285	ID:34	RPL: Sending a multicast-DIO with rank 533
229194685	ID:36	RPL: Sending a multicast-DIO with rank 631
231796399	ID:32	RPL: Sending a multicast-DIO with rank 548
232171640	ID:35	RPL: Sending a multicast-DIO with rank 509
233613285	ID:34	RPL: Sending a multicast-DIO with rank 533
234194685	ID:36	RPL: Sending a multicast-DIO with rank 631
236796399	ID:32	RPL: Sending a multicast-DIO with rank 548
237171640	ID:35	RPL: Sending a multicast-DIO with rank 509
238613285	ID:34	RPL: Sending a multicast-DIO with rank 533
239194685	ID:36	RPL: Sending a multicast-DIO with rank 631
241796399	ID:32	RPL: Sending a multicast-DIO with rank 548
242171640	ID:35	RPL: Sending a multicast-DIO with rank 509
243613285	ID:34	RPL: Sending a multicast-DIO with rank 533
244194685	ID:36	RPL: Sending a multicast-DIO with rank 631
246796399	ID:32	RPL: Sending a multicast-DIO with rank 548
247171640	ID:35	RPL: Sending a multicast-DIO with rank 509
248025859	ID:33	RPL: Sending a DIS to fe80::c30c:0:0:2
248613285	ID:34	RPL: Sending a multicast-DIO with rank 533
249194685	ID:36	RPL: Sending a multicast-DIO with rank 631
251796399	ID:32	RPL: Sending a multicast-DIO with rank 548
252171640	ID:35	RPL: Sending a multicast-DIO with rank 509
253613285	ID:34	RPL: Sending a multicast-DIO with rank 533
254194685	ID:36	RPL: Sending a multicast-DIO with rank 631
256796399	ID:32	RPL: Sending a multicast-DIO with rank 548
257171640	ID:35	RPL: Sending a multicast-DIO with rank 509
258613285	ID:34	RPL: Sending a multicast-DIO with rank 533
259194685	ID:36	RPL: Sending a multicast-DIO with rank 631
261796399	ID:32	RPL: Sending a multicast-DIO with rank 548
262171640	ID:35	RPL: Sending a multicast-DIO with rank 509
263613285	ID:34	RPL: Sending a multicast-DIO with rank 533
264194685	ID:36	RPL: Sending a multicast-DIO with rank 631
266796399	ID:32	RPL: Sending a multicast-DIO with rank 548
267171640	ID:35	RPL: Sending a multicast-DIO with rank 509
268613285	ID:34	RPL: Sending a multicast-DIO with rank 533
269194685	ID:36	RPL: Sending a multicast-DIO with rank 631
271796399	ID:32	RPL: Sending a multicast-DIO with rank 548
272171640	ID:35	RPL: Sending a multicast-DIO with rank 509
273613285	ID:34	RPL: Sending a multicast-DIO with rank 533
274194685	ID:36	RPL: Sending a multicast-DIO with rank 631
276796399	ID:32	RPL: Sending a multicast-DIO with rank 548
277171640	ID:35	RPL: Sending a multicast-DIO with rank 509
278613285	ID:34	RPL: Sending a multicast-DIO with rank 533
279194685	ID:36	RPL: Sending a multicast-DIO with rank 631
281796399	ID:32	RPL: Sending a multicast-DIO with rank 548
282171640	ID:35	RPL: Sending a multicast-DIO with rank 509
283613285	ID:34	RPL: Sending a multicast-DIO with rank 533
284194685	ID:36	RPL: Sending a multicast-DIO with rank 631
286796399	ID:32	RPL: Sending a multicast-DIO with rank 548
287171640	ID:35	RPL: Sending a multicast-DIO with rank 509
288613285	ID:34	RPL: Sending a multicast-DIO with rank 533
289194685	ID:36	RPL: Sending a multicast-DIO with rank 631
291796399	ID:32	RPL: Sending a multicast-DIO with rank 548
292171640	ID:35	RPL: Sending a multicast-DIO with rank 509
293613285	ID:34	RPL: Sending a multicast-DIO with rank 533
294194685	ID:36	RPL: Sending a multicast-DIO with rank 631
296796399	ID:32	RPL: Sending a multicast-DIO with rank 548
297171640	ID:35	RPL: Sending a multicast-DIO with rank 509
298613285	ID:34	RPL: Sending a multicast-DIO with rank 533
299194685	ID:36	RPL: Sending a multicast-DIO with rank 631
301796399	ID:32	RPL: Sending a multicast-DIO with rank 548
302171640	ID:35	RPL: Sending a multicast-DIO with rank 509
303613285	ID:34	RPL: Sending a multicast-DIO with rank 533
304194685	ID:36	RPL: Sending a multicast-DIO with rank 631
306796399	ID:32	RPL: Sending a multicast-DIO with rank 548
307171640	ID:35	RPL: Sending a multicast-DIO with rank 509
308025859	ID:33	RPL: Sending a DIS to fe80::c30c:0:0:2
308613285	ID:34	RPL: Sending a multicast-DIO with rank 533
309194685	ID:36	RPL: Sending a multicast-DIO with rank 631
311796399	ID:32	RPL: Sending a multicast-DIO with rank 548
312171640	ID:35	RPL: Sending a multicast-DIO with rank 509
313613285	ID:34	RPL: Sending a multicast-DIO with rank 533
314194685	ID:36	RPL: Sending a multicast-DIO with rank 631
316796399	ID:32	RPL: Sending a multicast-DIO with rank 548
317171640	ID:35	RPL: Sending a multicast-DIO with rank 509
318613285	ID:34	RPL: Sending a multicast-DIO with rank 533
319194685	ID:36	RPL: Sending a multicast-DIO with rank 631
321796399	ID:32	RPL: Sending a multicast-DIO with rank 548
322171640	ID:35	RPL: Sending a multicast-DIO with rank 509
323613285	ID:34	RPL: Sending a multicast-DIO with rank 533
324194685	ID:36	RPL: Sending a multicast-DIO with rank 631
326796399	ID:32	RPL: Sending a multicast-DIO with rank 548
327171640	ID:35	RPL: Sending a multicast-DIO with rank 509
328613285	ID:34	RPL: Sending a multicast-DIO with rank 533
329194685	ID:36	RPL: Sending a multicast-DIO with rank 631
331796399	ID:32	RPL: Sending a multicast-DIO with rank 548
332171640	ID:35	RPL: Sending a multicast-DIO with rank 509
333613285	ID:34	RPL: Sending a multicast-DIO with rank 533
334194685	ID:36	RPL: Sending a multicast-DIO with rank 631
336796399	ID:32	RPL: Sending a multicast-DIO with rank 548
337171640	ID:35	RPL: Sending a multicast-DIO with rank 509
338613285	ID:34	RPL: Sending a multicast-DIO with rank 533
339194685	ID:36	RPL: Sending a multicast-DIO with rank 631
341796399	ID:32	RPL: Sending a multicast-DIO with rank 548
342171640	ID:35	RPL: Sending a multicast-DIO with rank 509
343613285	ID:34	RPL: Sending a multicast-DIO with rank 533
344194685	ID:36	RPL: Sending a multicast-DIO with rank 631
346796399	ID:32	RPL: Sending a multicast-DIO with rank 548
347171640	ID:35	RPL: Sending a multicast-DIO with rank 509
348613285	ID:34	RPL: Sending a multicast-DIO with rank 533
349194685	ID:36	RPL: Sending a multicast-DIO with rank 631
351796399	ID:32	RPL: Sending a multicast-DIO with rank 548
352171640	ID:35	RPL: Sending a multicast-DIO with rank 509
353613285	ID:34	RPL: Sending a multicast-DIO with rank 533
354194685	ID:36	RPL: Sending a multicast-DIO with rank 631
356796399	ID:32	RPL: Sending a multicast-DIO with rank 548
357171640	ID:35	RPL: Sending a multicast-DIO with rank 509
358613285	ID:34	RPL: Sending a multicast-DIO with rank 533
359194685	ID:36	RPL: Sending a multicast-DIO with rank 631
361796399	ID:32	RPL: Sending a multicast-DIO with rank 548
362171640	ID:35	RPL: Sending a multicast-DIO with rank 509
363613285	ID:34	RPL: Sending a multicast-DIO with rank 533
364194685	ID:36	RPL: Sending a multicast-DIO with rank 631
366796399	ID:32	RPL: Sending a multicast-DIO with rank 548
367171640	ID:35	RPL: Sending a multicast-DIO with rank 509
368025859	ID:33	RPL: Sending a DIS to fe80::c30c:0:0:2
368613285	ID:34	RPL: Sending a multicast-DIO with rank 533
369194685	ID:36	RPL: Sending a multicast-DIO with rank 631
371796399	ID:32	RPL: Sending a multicast-DIO with rank 548
372171640	ID:35	RPL: Sending a multicast-DIO with rank 509
373613285	ID:34	RPL: Sending a multicast-DIO with rank 533
374194685	ID:36	RPL: Sending a multicast-DIO with rank 631
376796399	ID:32	RPL: Sending a multicast-DIO with rank 548
377171640	ID:35	RPL: Sending a multicast-DIO with rank 509
378613285	ID:34	RPL: Sending a multicast-DIO with rank 533
379194685	ID:36	RPL: Sending a multicast-DIO with rank 631
381796405	ID:32	RPL: Sending a multicast-DIO with rank 548
382171640	ID:35	RPL: Sending a multicast-DIO with rank 509
383613285	ID:34	RPL: Sending a multicast-DIO with rank 533
384194685	ID:36	RPL: Sending a multicast-DIO with rank 631
386796399	ID:32	RPL: Sending a multicast-DIO with rank 548
387171640	ID:35	RPL: Sending a multicast-DIO with rank 509
388613285	ID:34	RPL: Sending a multicast-DIO with rank 533
389194685	ID:36	RPL: Sending a multicast-DIO with rank 631
391796399	ID:32	RPL: Sending a multicast-DIO with rank 548
392171640	ID:35	RPL: Sending a multicast-DIO with rank 509
393613285	ID:34	RPL: Sending a multicast-DIO with rank 533
394194685	ID:36	RPL: Sending a multicast-DIO with rank 631
396796399	ID:32	RPL: Sending a multicast-DIO with rank 548
397171640	ID:35	RPL: Sending a multicast-DIO with rank 509
398613285	ID:34	RPL: Sending a multicast-DIO with rank 533
399194685	ID:36	RPL: Sending a multicast-DIO with rank 631
401796399	ID:32	RPL: Sending a multicast-DIO with rank 548
402171640	ID:35	RPL: Sending a multicast-DIO with rank 509
403613285	ID:34	RPL: Sending a multicast-DIO with rank 533
404194685	ID:36	RPL: Sending a multicast-DIO with rank 631
406796399	ID:32	RPL: Sending a multicast-DIO with rank 548
407171640	ID:35	RPL: Sending a multicast-DIO with rank 509
408613285	ID:34	RPL: Sending a multicast-DIO with rank 533
409194685	ID:36	RPL: Sending a multicast-DIO with rank 631
411796399	ID:32	RPL: Sending a multicast-DIO with rank 548
412171640	ID:35	RPL: Sending a multicast-DIO with rank 509
413613285	ID:34	RPL: Sending a multicast-DIO with rank 533
414194685	ID:36	RPL: Sending a multicast-DIO with rank 631
416796399	ID:32	RPL: Sending a multicast-DIO with rank 548
417171640	ID:35	RPL: Sending a multicast-DIO with rank 509
418613285	ID:34	RPL: Sending a multicast-DIO with rank 533
419194685	ID:36	RPL: Sending a multicast-DIO with rank 631
421796399	ID:32	RPL: Sending a multicast-DIO with rank 548
422171640	ID:35	RPL: Sending a multicast-DIO with rank 509
423613285	ID:34	RPL: Sending a multicast-DIO with rank 533
424194685	ID:36	RPL: Sending a multicast-DIO with rank 631
426796399	ID:32	RPL: Sending a multicast-DIO with rank 548
427171640	ID:35	RPL: Sending a multicast-DIO with rank 509
428025859	ID:33	RPL: Sending a DIS to fe80::c30c:0:0:2
428613285	ID:34	RPL: Sending a multicast-DIO with rank 533
429194685	ID:36	RPL: Sending a multicast-DIO with rank 631
431796399	ID:32	RPL: Sending a multicast-DIO with rank 548
432171640	ID:35	RPL: Sending a multicast-DIO with rank 509
433613285	ID:34	RPL: Sending a multicast-DIO with rank 533
434194685	ID:36	RPL: Sending a multicast-DIO with rank 631
436796399	ID:32	RPL: Sending a multicast-DIO with rank 548
437171640	ID:35	RPL: Sending a multicast-DIO with rank 509
438613285	ID:34	RPL: Sending a multicast-DIO with rank 533
439194685	ID:36	RPL: Sending a multicast-DIO with rank 631
441796399	ID:32	RPL: Sending a multicast-DIO with rank 548
442171640	ID:35	RPL: Sending a multicast-DIO with rank 509
443613285	ID:34	RPL: Sending a multicast-DIO with rank 533
444194691	ID:36	RPL: Sending a multicast-DIO with rank 631
446796399	ID:32	RPL: Sending a multicast-DIO with rank 548
447171640	ID:35	RPL: Sending a multicast-DIO with rank 509
448613285	ID:34	RPL: Sending a multicast-DIO with rank 533
449194685	ID:36	RPL: Sending a multicast-DIO with rank 631
451796399	ID:32	RPL: Sending a multicast-DIO with rank 548
452171646	ID:35	RPL: Sending a multicast-DIO with rank 509
453613285	ID:34	RPL: Sending a multicast-DIO with rank 533
454194685	ID:36	RPL: Sending a multicast-DIO with rank 631
456796399	ID:32	RPL: Sending a multicast-DIO with rank 548
457171640	ID:35	RPL: Sending a multicast-DIO with rank 509
458613285	ID:34	RPL: Sending a multicast-DIO with rank 533
459194685	ID:36	RPL: Sending a multicast-DIO with rank 631
461796399	ID:32	RPL: Sending a multicast-DIO with rank 548
462171640	ID:35	RPL: Sending a multicast-DIO with rank 509
463613291	ID:34	RPL: Sending a multicast-DIO with rank 533
464194685	ID:36	RPL: Sending a multicast-DIO with rank 631
466796399	ID:32	RPL: Sending a multicast-DIO with rank 548
467171640	ID:35	RPL: Sending a multicast-DIO with rank 509
468613285	ID:34	RPL: Sending a multicast-DIO with rank 533
469194685	ID:36	RPL: Sending a multicast-DIO with rank 631
471796399	ID:32	RPL: Sending a multicast-DIO with rank 548
472171640	ID:35	RPL: Sending a multicast-DIO with rank 509
473613285	ID:34	RPL: Sending a multicast-DIO with rank 533
474194685	ID:36	RPL: Sending a multicast-DIO with rank 631
476796399	ID:32	RPL: Sending a multicast-DIO with rank 548
477171640	ID:35	RPL: Sending a multicast-DIO with rank 509
478613285	ID:34	RPL: Sending a multicast-DIO with rank 533
479194685	ID:36	RPL: Sending a multicast-DIO with rank 631
481796399	ID:32	RPL: Sending a multicast-DIO with rank 548
482171640	ID:35	RPL: Sending a multicast-DIO with rank 509
483613285	ID:34	RPL: Sending a multicast-DIO with rank 533
484194685	ID:36	RPL: Sending a multicast-DIO with rank 631
486796399	ID:32	RPL: Sending a multicast-DIO with rank 548
487171640	ID:35	RPL: Sending a multicast-DIO with rank 509
488025859	ID:33	RPL: Sending a DIS to fe80::c30c:0:0:2
488613285	ID:34	RPL: Sending a multicast-DIO with rank 533
489194685	ID:36	RPL: Sending a multicast-DIO with rank 631
491796399	ID:32	RPL: Sending a multicast-DIO with rank 548
492171640	ID:35	RPL: Sending a multicast-DIO with rank 509
493613285	ID:34	RPL: Sending a multicast-DIO with rank 533
494194685	ID:36	RPL: Sending a multicast-DIO with rank 631
496796399	ID:32	RPL: Sending a multicast-DIO with rank 548
497171640	ID:35	RPL: Sending a multicast-DIO with rank 509
498613285	ID:34	RPL: Sending a multicast-DIO with rank 533
499194685	ID:36	RPL: Sending a multicast-DIO with rank 631
501796399	ID:32	RPL: Sending a multicast-DIO with rank 548
502171640	ID:35	RPL: Sending a multicast-DIO with rank 509
503613285	ID:34	RPL: Sending a multicast-DIO with rank 533
504194685	ID:36	RPL: Sending a multicast-DIO with rank 631
506796399	ID:32	RPL: Sending a multicast-DIO with rank 548
507171640	ID:35	RPL: Sending a multicast-DIO with rank 509
508613285	ID:34	RPL: Sending a multicast-DIO with rank 533
509194685	ID:36	RPL: Sending a multicast-DIO with rank 631
511796399	ID:32	RPL: Sending a multicast-DIO with rank 548
512171640	ID:35	RPL: Sending a multicast-DIO with rank 509
513613285	ID:34	RPL: Sending a multicast-DIO with rank 533
514194685	ID:36	RPL: Sending a multicast-DIO with rank 631
516796399	ID:32	RPL: Sending a multicast-DIO with rank 548
517171640	ID:35	RPL: Sending a multicast-DIO with rank 509
518613285	ID:34	RPL: Sending a multicast-DIO with rank 533
519194685	ID:36	RPL: Sending a multicast-DIO with rank 631
521796399	ID:32	RPL: Sending a multicast-DIO with rank 548
522171640	ID:35	RPL: Sending a multicast-DIO with rank 509
523613285	ID:34	RPL: Sending a multicast-DIO with rank 533
524194685	ID:36	RPL: Sending a multicast-DIO with rank 631
526796399	ID:32	RPL: Sending a multicast-DIO with rank 548
527171640	ID:35	RPL: Sending a multicast-DIO with rank 509
528613285	ID:34	RPL: Sending a multicast-DIO with rank 533
529194685	ID:36	RPL: Sending a multicast-DIO with rank 631
531796399	ID:32	RPL: Sending a multicast-DIO with rank 548
532171640	ID:35	RPL: Sending a multicast-DIO with rank 509
533613285	ID:34	RPL: Sending a multicast-DIO with rank 533
534194685	ID:36	RPL: Sending a multicast-DIO with rank 631
536796399	ID:32	RPL: Sending a multicast-DIO with rank 548
537171640	ID:35	RPL: Sending a multicast-DIO with rank 509
538613285	ID:34	RPL: Sending a multicast-DIO with rank 533
539194685	ID:36	RPL: Sending a multicast-DIO with rank 631
541796399	ID:32	RPL: Sending a multicast-DIO with rank 548
542171640	ID:35	RPL: Sending a multicast-DIO with rank 509
543613285	ID:34	RPL: Sending a multicast-DIO with rank 533
544194685	ID:36	RPL: Sending a multicast-DIO with rank 631
546796399	ID:32	RPL: Sending a multicast-DIO with rank 548
547171640	ID:35	RPL: Sending a multicast-DIO with rank 509
548025859	ID:33	RPL: Sending a DIS to fe80::c30c:0:0:2
548613285	ID:34	RPL: Sending a multicast-DIO with rank 533
549194685	ID:36	RPL: Sending a multicast-DIO with rank 631
551796399	ID:32	RPL: Sending a multicast-DIO with rank 548
552171640	ID:35	RPL: Sending a multicast-DIO with rank 509
553613285	ID:34	RPL: Sending a multicast-DIO with rank 533
554194685	ID:36	RPL: Sending a multicast-DIO with rank 631
556796399	ID:32	RPL: Sending a multicast-DIO with rank 548
557171640	ID:35	RPL: Sending a multicast-DIO with rank 509
558613285	ID:34	RPL: Sending a multicast-DIO with rank 533
559194685	ID:36	RPL: Sending a multicast-DIO with rank 631
561796399	ID:32	RPL: Sending a multicast-DIO with rank 548
562171640	ID:35	RPL: Sending a multicast-DIO with rank 509
563613285	ID:34	RPL: Sending a multicast-DIO with rank 533
564194685	ID:36	RPL: Sending a multicast-DIO with rank 631
566796399	ID:32	RPL: Sending a multicast-DIO with rank 548
567171640	ID:35	RPL: Sending a multicast-DIO with rank 509
568613285	ID:34	RPL: Sending a multicast-DIO with rank 533
569194685	ID:36	RPL: Sending a multicast-DIO with rank 631
571796399	ID:32	RPL: Sending a multicast-DIO with rank 548
572171640	ID:35	RPL: Sending a multicast-DIO with rank 509
573613285	ID:34	RPL: Sending a multicast-DIO with rank 533
574194685	ID:36	RPL: Sending a multicast-DIO with rank 631
576796399	ID:32	RPL: Sending a multicast-DIO with rank 548
577171640	ID:35	RPL: Sending a multicast-DIO with rank 509
578613285	ID:34	RPL: Sending a multicast-DIO with rank 533
579194685	ID:36	RPL: Sending a multicast-DIO with rank 631
581796399	ID:32	RPL: Sending a multicast-DIO with rank 548
582171640	ID:35	RPL: Sending a multicast-DIO with rank 509
583613285	ID:34	RPL: Sending a multicast-DIO with rank 533
584194685	ID:36	RPL: Sending a multicast-DIO with rank 631
586796399	ID:32	RPL: Sending a multicast-DIO with rank 548
587171640	ID:35	RPL: Sending a multicast-DIO with rank 509
588613285	ID:34	RPL: Sending a multicast-DIO with rank 533
589194685	ID:36	RPL: Sending a multicast-DIO with rank 631
591796399	ID:32	RPL: Sending a multicast-DIO with rank 548
592171640	ID:35	RPL: Sending a multicast-DIO with rank 509
593613285	ID:34	RPL: Sending a multicast-DIO with rank 533
594194685	ID:36	RPL: Sending a multicast-DIO with rank 631
596796399	ID:32	RPL: Sending a multicast-DIO with rank 548
597171640	ID:35	RPL: Sending a multicast-DIO with rank 509
598613285	ID:34	RPL: Sending a multicast-DIO with rank 533
599194685	ID:36	RPL: Sending a multicast-DIO with rank 631
601796399	ID:32	RPL: Sending a multicast-DIO with rank 548
602171640	ID:35	RPL: Sending a multicast-DIO with rank 509
603613285	ID:34	RPL: Sending a multicast-DIO with rank 533
604194685	ID:36	RPL: Sending a multicast-DIO with rank 631
606796399	ID:32	RPL: Sending a multicast-DIO with rank 548
607171640	ID:35	RPL: Sending a multicast-DIO with rank 509
608025859	ID:33	RPL: Sending a DIS to fe80::c30c:0:0:2
608613285	ID:34	RPL: Sending a multicast-DIO with rank 533
609194685	ID:36	RPL: Sending a multicast-DIO with rank 631
611796399	ID:32	RPL: Sending a multicast-DIO with rank 548
612171640	ID:35	RPL: Sending a multicast-DIO with rank 509
613613285	ID:34	RPL: Sending a multicast-DIO with rank 533
614194685	ID:36	RPL: Sending a multicast-DIO with rank 631
616796399	ID:32	RPL: Sending a multicast-DIO with rank 548
617171640	ID:35	RPL: Sending a multicast-DIO with rank 509
618613285	ID:34	RPL: Sending a multicast-DIO with rank 533
619194685	ID:36	RPL: Sending a multicast-DIO with rank 631
621796399	ID:32	RPL: Sending a multicast-DIO with rank 548
622171640	ID:35	RPL: Sending a multicast-DIO with rank 509
623613285	ID:34	RPL: Sending a multicast-DIO with rank 533
624194685	ID:36	RPL: Sending a multicast-DIO with rank 631
626796399	ID:32	RPL: Sending a multicast-DIO with rank 548
627171640	ID:35	RPL: Sending a multicast-DIO with rank 509
628613285	ID:34	RPL: Sending a multicast-DIO with rank 533
629194685	ID:36	RPL: Sending a multicast-DIO with rank 631
631796399	ID:32	RPL: Sending a multicast-DIO with rank 548
632171640	ID:35	RPL: Sending a multicast-DIO with rank 509
633613285	ID:34	RPL: Sending a multicast-DIO with rank 533
634194685	ID:36	RPL: Sending a multicast-DIO with rank 631
636796399	ID:32	RPL: Sending a multicast-DIO with rank 548
637171640	ID:35	RPL: Sending a multicast-DIO with rank 509
638613285	ID:34	RPL: Sending a multicast-DIO with rank 533
639194685	ID:36	RPL: Sending a multicast-DIO with rank 631
641796399	ID:32	RPL: Sending a multicast-DIO with rank 548
642171640	ID:35	RPL: Sending a multicast-DIO with rank 509
643613285	ID:34	RPL: Sending a multicast-DIO with rank 533
644194685	ID:36	RPL: Sending a multicast-DIO with rank 631
646796399	ID:32	RPL: Sending a multicast-DIO with rank 548
647171640	ID:35	RPL: Sending a multicast-DIO with rank 509
648613285	ID:34	RPL: Sending a multicast-DIO with rank 533
649194685	ID:36	RPL: Sending a multicast-DIO with rank 631
651796399	ID:32	RPL: Sending a multicast-DIO with rank 548
652171640	ID:35	RPL: Sending a multicast-DIO with rank 509
653613285	ID:34	RPL: Sending a multicast-DIO with rank 533
654194685	ID:36	RPL: Sending a multicast-DIO with rank 631
656796399	ID:32	RPL: Sending a multicast-DIO with rank 548
657171640	ID:35	RPL: Sending a multicast-DIO with rank 509
658613285	ID:34	RPL: Sending a multicast-DIO with rank 533
659194685	ID:36	RPL: Sending a multicast-DIO with rank 631
661796399	ID:32	RPL: Sending a multicast-DIO with rank 548
662171640	ID:35	RPL: Sending a multicast-DIO with rank 509
663613285	ID:34	RPL: Sending a multicast-DIO with rank 533
664194685	ID:36	RPL: Sending a multicast-DIO with rank 631
666796399	ID:32	RPL: Sending a multicast-DIO with rank 548
667171640	ID:35	RPL: Sending a multicast-DIO with rank 509
668025859	ID:33	RPL: Sending a DIS to fe80::c30c:0:0:2
668613285	ID:34	RPL: Sending a multicast-DIO with rank 533
669194685	ID:36	RPL: Sending a multicast-DIO with rank 631
671796399	ID:32	RPL: Sending a multicast-DIO with rank 548
672171640	ID:35	RPL: Sending a multicast-DIO with rank 509
673613285	ID:34	RPL: Sending a multicast-DIO with rank 533
674194685	ID:36	RPL: Sending a multicast-DIO with rank 631
676796399	ID:32	RPL: Sending a multicast-DIO with rank 548
677171640	ID:35	RPL: Sending a multicast-DIO with rank 509
678613285	ID:34	RPL: Sending a multicast-DIO with rank 533
679194685	ID:36	RPL: Sending a multicast-DIO with rank 631
681796399	ID:32	RPL: Sending a multicast-DIO with rank 548
682171640	ID:35	RPL: Sending a multicast-DIO with rank 509
683613285	ID:34	RPL: Sending a multicast-DIO with rank 533
684194685	ID:36	RPL: Sending a multicast-DIO with rank 631
686796399	ID:32	RPL: Sending a multicast-DIO with rank 548
687171640	ID:35	RPL: Sending a multicast-DIO with rank 509
688613285	ID:34	RPL: Sending a multicast-DIO with rank 533
689194685	ID:36	RPL: Sending a multicast-DIO with rank 631
691796399	ID:32	RPL: Sending a multicast-DIO with rank 548
692171640	ID:35	RPL: Sending a multicast-DIO with rank 509
693613285	ID:34	RPL: Sending a multicast-DIO with rank 533
694194685	ID:36	RPL: Sending a multicast-DIO with rank 631
696796399	ID:32	RPL: Sending a multicast-DIO with rank 548
697171640	ID:35	RPL: Sending a multicast-DIO with rank 509
698613285	ID:34	RPL: Sending a multicast-DIO with rank 533
699194685	ID:36	RPL: Sending a multicast-DIO with rank 631
701796399	ID:32	RPL: Sending a multicast-DIO with rank 548
702171640	ID:35	RPL: Sending a multicast-DIO with rank 509
703613285	ID:34	RPL: Sending a multicast-DIO with rank 533
704194685	ID:36	RPL: Sending a multicast-DIO with rank 631
706796399	ID:32	RPL: Sending a multicast-DIO with rank 548
707171640	ID:35	RPL: Sending a multicast-DIO with rank 509
708613285	ID:34	RPL: Sending a multicast-DIO with rank 533
709194685	ID:36	RPL: Sending a multicast-DIO with rank 631
711796399	ID:32	RPL: Sending a multicast-DIO with rank 548
712171640	ID:35	RPL: Sending a multicast-DIO with rank 509
713613285	ID:34	RPL: Sending a multicast-DIO with rank 533
714194685	ID:36	RPL: Sending a multicast-DIO with rank 631
716796399	ID:32	RPL: Sending a multicast-DIO with rank 548
717171640	ID:35	RPL: Sending a multicast-DIO with rank 509
718613285	ID:34	RPL: Sending a multicast-DIO with rank 533
719194685	ID:36	RPL: Sending a multicast-DIO with rank 631
721796399	ID:32	RPL: Sending a multicast-DIO with rank 548
722171640	ID:35	RPL: Sending a multicast-DIO with rank 509
723613285	ID:34	RPL: Sending a multicast-DIO with rank 533
724194685	ID:36	RPL: Sending a multicast-DIO with rank 631
726796399	ID:32	RPL: Sending a multicast-DIO with rank 548
727171640	ID:35	RPL: Sending a multicast-DIO with rank 509
728025859	ID:33	RPL: Sending a DIS to fe80::c30c:0:0:2
728613285	ID:34	RPL: Sending a multicast-DIO with rank 533
729194685	ID:36	RPL: Sending a multicast-DIO with rank 631
731796399	ID:32	RPL: Sending a multicast-DIO with rank 548
732171640	ID:35	RPL: Sending a multicast-DIO with rank 509
733613285	ID:34	RPL: Sending a multicast-DIO with rank 533
734194685	ID:36	RPL: Sending a multicast-DIO with rank 631
736796399	ID:32	RPL: Sending a multicast-DIO with rank 548
737171640	ID:35	RPL: Sending a multicast-DIO with rank 509
738613285	ID:34	RPL: Sending a multicast-DIO with rank 533
739194685	ID:36	RPL: Sending a multicast-DIO with rank 631
741796399	ID:32	RPL: Sending a multicast-DIO with rank 548
742171640	ID:35	RPL: Sending a multicast-DIO with rank 509
743613285	ID:34	RPL: Sending a multicast-DIO with rank 533
744194685	ID:36	RPL: Sending a multicast-DIO with rank 631
746796399	ID:32	RPL: Sending a multicast-DIO with rank 548
747171640	ID:35	RPL: Sending a multicast-DIO with rank 509
748613285	ID:34	RPL: Sending a multicast-DIO with rank 533
749194685	ID:36	RPL: Sending a multicast-DIO with rank 631
751796399	ID:32	RPL: Sending a multicast-DIO with rank 548
752171640	ID:35	RPL: Sending a multicast-DIO with rank 509
753613285	ID:34	RPL: Sending a multicast-DIO with rank 533
754194685	ID:36	RPL: Sending a multicast-DIO with rank 631
756796399	ID:32	RPL: Sending a multicast-DIO with rank 548
757171640	ID:35	RPL: Sending a multicast-DIO with rank 509
758613285	ID:34	RPL: Sending a multicast-DIO with rank 533
759194685	ID:36	RPL: Sending a multicast-DIO with rank 631
761796399	ID:32	RPL: Sending a multicast-DIO with rank 548
762171640	ID:35	RPL: Sending a multicast-DIO with rank 509
763613285	ID:34	RPL: Sending a multicast-DIO with rank 533
764194685	ID:36	RPL: Sending a multicast-DIO with rank 631
766796406	ID:32	RPL: Sending a multicast-DIO with rank 548
767171640	ID:35	RPL: Sending a multicast-DIO with rank 509
768613285	ID:34	RPL: Sending a multicast-DIO with rank 533
769194685	ID:36	RPL: Sending a multicast-DIO with rank 631
771796399	ID:32	RPL: Sending a multicast-DIO with rank 548
772171640	ID:35	RPL: Sending a multicast-DIO with rank 509
773613285	ID:34	RPL: Sending a multicast-DIO with rank 533
774194685	ID:36	RPL: Sending a multicast-DIO with rank 631
776796399	ID:32	RPL: Sending a multicast-DIO with rank 548
777171640	ID:35	RPL: Sending a multicast-DIO with rank 509
778613292	ID:34	RPL: Sending a multicast-DIO with rank 533
779194685	ID:36	RPL: Sending a multicast-DIO with rank 631
781796399	ID:32	RPL: Sending a multicast-DIO with rank 548
782171640	ID:35	RPL: Sending a multicast-DIO with rank 509
783613285	ID:34	RPL: Sending a multicast-DIO with rank 533
784194685	ID:36	RPL: Sending a multicast-DIO with rank 631
786796399	ID:32	RPL: Sending a multicast-DIO with rank 548
787171640	ID:35	RPL: Sending a multicast-DIO with rank 509
788025859	ID:33	RPL: Sending a DIS to fe80::c30c:0:0:2
788613285	ID:34	RPL: Sending a multicast-DIO with rank 533
789194685	ID:36	RPL: Sending a multicast-DIO with rank 631
791796399	ID:32	RPL: Sending a multicast-DIO with rank 548
792171640	ID:35	RPL: Sending a multicast-DIO with rank 509
793613285	ID:34	RPL: Sending a multicast-DIO with rank 533
794194685	ID:36	RPL: Sending a multicast-DIO with rank 631
796796399	ID:32	RPL: Sending a multicast-DIO with rank 548
797171640	ID:35	RPL: Sending a multicast-DIO with rank 509
798613285	ID:34	RPL: Sending a multicast-DIO with rank 533
799194685	ID:36	RPL: Sending a multicast-DIO with rank 631
801796399	ID:32	RPL: Sending a multicast-DIO with rank 548
802171640	ID:35	RPL: Sending a multicast-DIO with rank 509
803613285	ID:34	RPL: Sending a multicast-DIO with rank 533
804194685	ID:36	RPL: Sending a multicast-DIO with rank 631
806796399	ID:32	RPL: Sending a multicast-DIO with rank 548
807171640	ID:35	RPL: Sending a multicast-DIO with rank 509
808613285	ID:34	RPL: Sending a multicast-DIO with rank 533
809194685	ID:36	RPL: Sending a multicast-DIO with rank 631
811796399	ID:32	RPL: Sending a multicast-DIO with rank 548
812171640	ID:35	RPL: Sending a multicast-DIO with rank 509
813613285	ID:34	RPL: Sending a multicast-DIO with rank 533
814194685	ID:36	RPL: Sending a multicast-DIO with rank 631
816796399	ID:32	RPL: Sending a multicast-DIO with rank 548
817171640	ID:35	RPL: Sending a multicast-DIO with rank 509
818613285	ID:34	RPL: Sending a multicast-DIO with rank 533
819194685	ID:36	RPL: Sending a multicast-DIO with rank 631
821796399	ID:32	RPL: Sending a multicast-DIO with rank 548
822171640	ID:35	RPL: Sending a multicast-DIO with rank 509
823613285	ID:34	RPL: Sending a multicast-DIO with rank 533
824194685	ID:36	RPL: Sending a multicast-DIO with rank 631
826796399	ID:32	RPL: Sending a multicast-DIO with rank 548
827171640	ID:35	RPL: Sending a multicast-DIO with rank 509
828613285	ID:34	RPL: Sending a multicast-DIO with rank 533
829194685	ID:36	RPL: Sending a multicast-DIO with rank 631
831796399	ID:32	RPL: Sending a multicast-DIO with rank 548
832171640	ID:35	RPL: Sending a multicast-DIO with rank 509
833613285	ID:34	RPL: Sending a multicast-DIO with rank 533
834194685	ID:36	RPL: Sending a multicast-DIO with rank 631
836796399	ID:32	RPL: Sending a multicast-DIO with rank 548
837171640	ID:35	RPL: Sending a multicast-DIO with rank 509
838613285	ID:34	RPL: Sending a multicast-DIO with rank 533
839194685	ID:36	RPL: Sending a multicast-DIO with rank 631
841796399	ID:32	RPL: Sending a multicast-DIO with rank 548
842171647	ID:35	RPL: Sending a multicast-DIO with rank 509
843613285	ID:34	RPL: Sending a multicast-DIO with rank 533
844194685	ID:36	RPL: Sending a multicast-DIO with rank 631
846796399	ID:32	RPL: Sending a multicast-DIO with rank 548
847171640	ID:35	RPL: Sending a multicast-DIO with rank 509
848026623	ID:33	RPL: Sending a DIS to fe80::c30c:0:0:2
848613285	ID:34	RPL: Sending a multicast-DIO with rank 533
849194685	ID:36	RPL: Sending a multicast-DIO with rank 631
851796399	ID:32	RPL: Sending a multicast-DIO with rank 548
852171640	ID:35	RPL: Sending a multicast-DIO with rank 509
853613285	ID:34	RPL: Sending a multicast-DIO with rank 533
854194685	ID:36	RPL: Sending a multicast-DIO with rank 631
856796399	ID:32	RPL: Sending a multicast-DIO with rank 548
857171640	ID:35	RPL: Sending a multicast-DIO with rank 509
858613285	ID:34	RPL: Sending a multicast-DIO with rank 533
859194685	ID:36	RPL: Sending a multicast-DIO with rank 631
861796399	ID:32	RPL: Sending a multicast-DIO with rank 548
862171640	ID:35	RPL: Sending a multicast-DIO with rank 509
863613285	ID:34	RPL: Sending a multicast-DIO with rank 533
864194685	ID:36	RPL: Sending a multicast-DIO with rank 631
866796399	ID:32	RPL: Sending a multicast-DIO with rank 548
867171640	ID:35	RPL: Sending a multicast-DIO with rank 509
868613285	ID:34	RPL: Sending a multicast-DIO with rank 533
869194685	ID:36	RPL: Sending a multicast-DIO with rank 631
871796399	ID:32	RPL: Sending a multicast-DIO with rank 548
872171640	ID:35	RPL: Sending a multicast-DIO with rank 509
873613285	ID:34	RPL: Sending a multicast-DIO with rank 533
874194685	ID:36	RPL: Sending a multicast-DIO with rank 631
876796399	ID:32	RPL: Sending a multicast-DIO with rank 548
877171640	ID:35	RPL: Sending a multicast-DIO with rank 509
878613285	ID:34	RPL: Sending a multicast-DIO with rank 533
879194692	ID:36	RPL: Sending a multicast-DIO with rank 631
881796399	ID:32	RPL: Sending a multicast-DIO with rank 548
882171640	ID:35	RPL: Sending a multicast-DIO with rank 509
883613285	ID:34	RPL: Sending a multicast-DIO with rank 533
884194685	ID:36	RPL: Sending a multicast-DIO with rank 631
886796399	ID:32	RPL: Sending a multicast-DIO with rank 548
887171640	ID:35	RPL: Sending a multicast-DIO with rank 509
888613285	ID:34	RPL: Sending a multicast-DIO with rank 533
889194685	ID:36	RPL: Sending a multicast-DIO with rank 631
891796399	ID:32	RPL: Sending a multicast-DIO with rank 548
892171640	ID:35	RPL: Sending a multicast-DIO with rank 509
893613285	ID:34	RPL: Sending a multicast-DIO with rank 533
894194685	ID:36	RPL: Sending a multicast-DIO with rank 631
896796399	ID:32	RPL: Sending a multicast-DIO with rank 548
897171640	ID:35	RPL: Sending a multicast-DIO with rank 509
898613285	ID:34	RPL: Sending a multicast-DIO with rank 533
899194685	ID:36	RPL: Sending a multicast-DIO with rank 631
901796399	ID:32	RPL: Sending a multicast-DIO with rank 548
902171640	ID:35	RPL: Sending a multicast-DIO with rank 509
903613285	ID:34	RPL: Sending a multicast-DIO with rank 533
904194685	ID:36	RPL: Sending a multicast-DIO with rank 631
906796399	ID:32	RPL: Sending a multicast-DIO with rank 548
907171640	ID:35	RPL: Sending a multicast-DIO with rank 509
908025859	ID:33	RPL: Sending a DIS to fe80::c30c:0:0:2
908613285	ID:34	RPL: Sending a multicast-DIO with rank 533
909194685	ID:36	RPL: Sending a multicast-DIO with rank 631
911796399	ID:32	RPL: Sending a multicast-DIO with rank 548
912171640	ID:35	RPL: Sending a multicast-DIO with rank 509
913613285	ID:34	RPL: Sending a multicast-DIO with rank 533
914194685	ID:36	RPL: Sending a multicast-DIO with rank 631
916796399	ID:32	RPL: Sending a multicast-DIO with rank 548
917171640	ID:35	RPL: Sending a multicast-DIO with rank 509
918613285	ID:34	RPL: Sending a multicast-DIO with rank 533
919194685	ID:36	RPL: Sending a multicast-DIO with rank 631
921796399	ID:32	RPL: Sending a multicast-DIO with rank 548
922171640	ID:35	RPL: Sending a multicast-DIO with rank 509
923613285	ID:34	RPL: Sending a multicast-DIO with rank 533
924194685	ID:36	RPL: Sending a multicast-DIO with rank 631
926796399	ID:32	RPL: Sending a multicast-DIO with rank 548
927171640	ID:35	RPL: Sending a multicast-DIO with rank 509
928613285	ID:34	RPL: Sending a multicast-DIO with rank 533
929194685	ID:36	RPL: Sending a multicast-DIO with rank 631
931796399	ID:32	RPL: Sending a multicast-DIO with rank 548
932171640	ID:35	RPL: Sending a multicast-DIO with rank 509
933613285	ID:34	RPL: Sending a multicast-DIO with rank 533
934194685	ID:36	RPL: Sending a multicast-DIO with rank 631
936796399	ID:32	RPL: Sending a multicast-DIO with rank 548
937171640	ID:35	RPL: Sending a multicast-DIO with rank 509
938613285	ID:34	RPL: Sending a multicast-DIO with rank 533
939194685	ID:36	RPL: Sending a multicast-DIO with rank 631
941796399	ID:32	RPL: Sending a multicast-DIO with rank 548
942171640	ID:35	RPL: Sending a multicast-DIO with rank 509
943613285	ID:34	RPL: Sending a multicast-DIO with rank 533
944194685	ID:36	RPL: Sending a multicast-DIO with rank 631
946796399	ID:32	RPL: Sending a multicast-DIO with rank 548
947171640	ID:35	RPL: Sending a multicast-DIO with rank 509
948613285	ID:34	RPL: Sending a multicast-DIO with rank 533
949194685	ID:36	RPL: Sending a multicast-DIO with rank 631
951796399	ID:32	RPL: Sending a multicast-DIO with rank 548
952171640	ID:35	RPL: Sending a multicast-DIO with rank 509
953613285	ID:34	RPL: Sending a multicast-DIO with rank 533
954194685	ID:36	RPL: Sending a multicast-DIO with rank 631
956796399	ID:32	RPL: Sending a multicast-DIO with rank 548
957171640	ID:35	RPL: Sending a multicast-DIO with rank 509
958613285	ID:34	RPL: Sending a multicast-DIO with rank 533
959194685	ID:36	RPL: Sending a multicast-DIO with rank 631
961796399	ID:32	RPL: Sending a multicast-DIO with rank 548
962171640	ID:35	RPL: Sending a multicast-DIO with rank 509
963613285	ID:34	RPL: Sending a multicast-DIO with rank 533
964194685	ID:36	RPL: Sending a multicast-DIO with rank 631
966796399	ID:32	RPL: Sending a multicast-DIO with rank 548
967171640	ID:35	RPL: Sending a multicast-DIO with rank 509
968025860	ID:33	RPL: Sending a DIS to fe80::c30c:0:0:2
968613285	ID:34	RPL: Sending a multicast-DIO with rank 533
969194685	ID:36	RPL: Sending a multicast-DIO with rank 631
971796399	ID:32	RPL: Sending a multicast-DIO with rank 548
972171640	ID:35	RPL: Sending a multicast-DIO with rank 509
973613285	ID:34	RPL: Sending a multicast-DIO with rank 533
974194685	ID:36	RPL: Sending a multicast-DIO with rank 631
976796399	ID:32	RPL: Sending a multicast-DIO with rank 548
977171640	ID:35	RPL: Sending a multicast-DIO with rank 509
978613285	ID:34	RPL: Sending a multicast-DIO with rank 533
979194685	ID:36	RPL: Sending a multicast-DIO with rank 631
981796399	ID:32	RPL: Sending a multicast-DIO with rank 548
982171640	ID:35	RPL: Sending a multicast-DIO with rank 509
983613285	ID:34	RPL: Sending a multicast-DIO with rank 533
984194685	ID:36	RPL: Sending a multicast-DIO with rank 631
986796399	ID:32	RPL: Sending a multicast-DIO with rank 548
987171640	ID:35	RPL: Sending a multicast-DIO with rank 509
988613285	ID:34	RPL: Sending a multicast-DIO with rank 533
989194685	ID:36	RPL: Sending a multicast-DIO with rank 631
991796399	ID:32	RPL: Sending a multicast-DIO with rank 548
992171640	ID:35	RPL: Sending a multicast-DIO with rank 509
993613285	ID:34	RPL: Sending a multicast-DIO with rank 533
994194685	ID:36	RPL: Sending a multicast-DIO with rank 631
996796399	ID:32	RPL: Sending a multicast-DIO with rank 548
997171640	ID:35	RPL: Sending a multicast-DIO with rank 509
998613285	ID:34	RPL: Sending a multicast-DIO with rank 533
999194685	ID:36	RPL: Sending a multicast-DIO with rank 631
1001796399	ID:32	RPL: Sending a multicast-DIO with rank 548
1002171640	ID:35	RPL: Sending a multicast-DIO with rank 509
1003613285	ID:34	RPL: Sending a multicast-DIO with rank 533
1004194685	ID:36	RPL: Sending a multicast-DIO with rank 631
1006796399	ID:32	RPL: Sending a multicast-DIO with rank 548
1007171640	ID:35	RPL: Sending a multicast-DIO with rank 509
1008613285	ID:34	RPL: Sending a multicast-DIO with rank 533
1009194685	ID:36	RPL: Sending a multicast-DIO with rank 631
1011796399	ID:32	RPL: Sending a multicast-DIO with rank 548
1012171640	ID:35	RPL: Sending a multicast-DIO with rank 509
1013613285	ID:34	RPL: Sending a multicast-DIO with rank 533
1014194685	ID:36	RPL: Sending a multicast-DIO with rank 631
1016796399	ID:32	RPL: Sending a multicast-DIO with rank 548
1017171640	ID:35	RPL: Sending a multicast-DIO with rank 509
1018613285	ID:34	RPL: Sending a multicast-DIO with rank 533
1019194685	ID:36	RPL: Sending a multicast-DIO with rank 631
1021796399	ID:32	RPL: Sending a multicast-DIO with rank 548
1022171640	ID:35	RPL: Sending a multicast-DIO with rank 509
1023613285	ID:34	RPL: Sending a multicast-DIO with rank 533
1024194685	ID:36	RPL: Sending a multicast-DIO with rank 631
1026796400	ID:32	RPL: Sending a multicast-DIO with rank 548
1027171641	ID:35	RPL: Sending a multicast-DIO with rank 509
1028025860	ID:33	RPL: Sending a DIS to fe80::c30c:0:0:2
1028613286	ID:34	RPL: Sending a multicast-DIO with rank 533
1029194686	ID:36	RPL: Sending a multicast-DIO with rank 631
1031796400	ID:32	RPL: Sending a multicast-DIO with rank 548
1032171641	ID:35	RPL: Sending a multicast-DIO with rank 509
1033613286	ID:34	RPL: Sending a multicast-DIO with rank 533
1034194686	ID:36	RPL: Sending a multicast-DIO with rank 631
1036796400	ID:32	RPL: Sending a multicast-DIO with rank 548
1037171641	ID:35	RPL: Sending a multicast-DIO with rank 509
1038613286	ID:34	RPL: Sending a multicast-DIO with rank 533
1039194686	ID:36	RPL: Sending a multicast-DIO with rank 631
1041796400	ID:32	RPL: Sending a multicast-DIO with rank 548
1042171641	ID:35	RPL: Sending a multicast-DIO with rank 509
1043613286	ID:34	RPL: Sending a multicast-DIO with rank 533
1044194686	ID:36	RPL: Sending a multicast-DIO with rank 631
1046796400	ID:32	RPL: Sending a multicast-DIO with rank 548
1047171641	ID:35	RPL: Sending a multicast-DIO with rank 509
1048613286	ID:34	RPL: Sending a multicast-DIO with rank 533
1049194686	ID:36	RPL: Sending a multicast-DIO with rank 631
1051796400	ID:32	RPL: Sending a multicast-DIO with rank 548
1052171641	ID:35	RPL: Sending a multicast-DIO with rank 509
1053613286	ID:34	RPL: Sending a multicast-DIO with rank 533
1054194686	ID:36	RPL: Sending a multicast-DIO with rank 631
1056796400	ID:32	RPL: Sending a multicast-DIO with rank 548
1057171641	ID:35	RPL: Sending a multicast-DIO with rank 509
1058613286	ID:34	RPL: Sending a multicast-DIO with rank 533
1059194686	ID:36	RPL: Sending a multicast-DIO with rank 631
1061796400	ID:32	RPL: Sending a multicast-DIO with rank 548
1062171641	ID:35	RPL: Sending a multicast-DIO with rank 509
1063613286	ID:34	RPL: Sending a multicast-DIO with rank 533
1064194686	ID:36	RPL: Sending a multicast-DIO with rank 631
1066796400	ID:32	RPL: Sending a multicast-DIO with rank 548
1067171641	ID:35	RPL: Sending a multicast-DIO with rank 509
1068613286	ID:34	RPL: Sending a multicast-DIO with rank 533
1069194686	ID:36	RPL: Sending a multicast-DIO with rank 631
1071796400	ID:32	RPL: Sending a multicast-DIO with rank 548
1072171641	ID:35	RPL: Sending a multicast-DIO with rank 509
1073613286	ID:34	RPL: Sending a multicast-DIO with rank 533
1074194686	ID:36	RPL: Sending a multicast-DIO with rank 631
1076796400	ID:32	RPL: Sending a multicast-DIO with rank 548
1077171641	ID:35	RPL: Sending a multicast-DIO with rank 509
1078613286	ID:34	RPL: Sending a multicast-DIO with rank 533
1079194686	ID:36	RPL: Sending a multicast-DIO with rank 631
1081796400	ID:32	RPL: Sending a multicast-DIO with rank 548
1082171641	ID:35	RPL: Sending a multicast-DIO with rank 509
1083613286	ID:34	RPL: Sending a multicast-DIO with rank 533
1084194686	ID:36	RPL: Sending a multicast-DIO with rank 631
1086796400	ID:32	RPL: Sending a multicast-DIO with rank 548
1087171641	ID:35	RPL: Sending a multicast-DIO with rank 509
1088025860	ID:33	RPL: Sending a DIS to fe80::c30c:0:0:2
1088613286	ID:34	RPL: Sending a multicast-DIO with rank 533
1089194686	ID:36	RPL: Sending a multicast-DIO with rank 631
1091796400	ID:32	RPL: Sending a multicast-DIO with rank 548
1092171641	ID:35	RPL: Sending a multicast-DIO with rank 509
1093613286	ID:34	RPL: Sending a multicast-DIO with rank 533
1094194686	ID:36	RPL: Sending a multicast-DIO with rank 631
1096796400	ID:32	RPL: Sending a multicast-DIO with rank 548
1097171641	ID:35	RPL: Sending a multicast-DIO with rank 509
1098613286	ID:34	RPL: Sending a multicast-DIO with rank 533
1099194686	ID:36	RPL: Sending a multicast-DIO with rank 631
1101796400	ID:32	RPL: Sending a multicast-DIO with rank 548
1102171641	ID:35	RPL: Sending a multicast-DIO with rank 509
1103613286	ID:34	RPL: Sending a multicast-DIO with rank 533
1104194686	ID:36	RPL: Sending a multicast-DIO with rank 631
1106796400	ID:32	RPL: Sending a multicast-DIO with rank 548
1107171641	ID:35	RPL: Sending a multicast-DIO with rank 509
1108613286	ID:34	RPL: Sending a multicast-DIO with rank 533
1109194686	ID:36	RPL: Sending a multicast-DIO with rank 631
1111796400	ID:32	RPL: Sending a multicast-DIO with rank 548
1112171641	ID:35	RPL: Sending a multicast-DIO with rank 509
1113613286	ID:34	RPL: Sending a multicast-DIO with rank 533
1114194686	ID:36	RPL: Sending a multicast-DIO with rank 631
1116796400	ID:32	RPL: Sending a multicast-DIO with rank 548
1117171641	ID:35	RPL: Sending a multicast-DIO with rank 509
1118613286	ID:34	RPL: Sending a multicast-DIO with rank 533
1119194686	ID:36	RPL: Sending a multicast-DIO with rank 631
1121796400	ID:32	RPL: Sending a multicast-DIO with rank 548
1122171641	ID:35	RPL: Sending a multicast-DIO with rank 509
1123613286	ID:34	RPL: Sending a multicast-DIO with rank 533
1124194686	ID:36	RPL: Sending a multicast-DIO with rank 631
1126796400	ID:32	RPL: Sending a multicast-DIO with rank 548
1127171641	ID:35	RPL: Sending a multicast-DIO with rank 509
1128613286	ID:34	RPL: Sending a multicast-DIO with rank 533
1129194686	ID:36	RPL: Sending a multicast-DIO with rank 631
1131796400	ID:32	RPL: Sending a multicast-DIO with rank 548
1132171641	ID:35	RPL: Sending a multicast-DIO with rank 509
1133613286	ID:34	RPL: Sending a multicast-DIO with rank 533
1134194686	ID:36	RPL: Sending a multicast-DIO with rank 631
1136796400	ID:32	RPL: Sending a multicast-DIO with rank 548
1137171641	ID:35	RPL: Sending a multicast-DIO with rank 509
1138613286	ID:34	RPL: Sending a multicast-DIO with rank 533
1139194686	ID:36	RPL: Sending a multicast-DIO with rank 631
1141796400	ID:32	RPL: Sending a multicast-DIO with rank 548
1142171641	ID:35	RPL: Sending a multicast-DIO with rank 509
1143613286	ID:34	RPL: Sending a multicast-DIO with rank 533
1144194686	ID:36	RPL: Sending a multicast-DIO with rank 631
1146796400	ID:32	RPL: Sending a multicast-DIO with rank 548
1147171641	ID:35	RPL: Sending a multicast-DIO with rank 509
1148025860	ID:33	RPL: Sending a DIS to fe80::c30c:0:0:2
1148613286	ID:34	RPL: Sending a multicast-DIO with rank 533
1149194686	ID:36	RPL: Sending a multicast-DIO with rank 631
1151796400	ID:32	RPL: Sending a multicast-DIO with rank 548
1152171641	ID:35	RPL: Sending a multicast-DIO with rank 509
1153613286	ID:34	RPL: Sending a multicast-DIO with rank 533
1154194686	ID:36	RPL: Sending a multicast-DIO with rank 631
1156796407	ID:32	RPL: Sending a multicast-DIO with rank 548
1157171641	ID:35	RPL: Sending a multicast-DIO with rank 509
1158613286	ID:34	RPL: Sending a multicast-DIO with rank 533
1159194686	ID:36	RPL: Sending a multicast-DIO with rank 631
1161796400	ID:32	RPL: Sending a multicast-DIO with rank 548
1162171641	ID:35	RPL: Sending a multicast-DIO with rank 509
1163613286	ID:34	RPL: Sending a multicast-DIO with rank 533
1164194686	ID:36	RPL: Sending a multicast-DIO with rank 631
1166796400	ID:32	RPL: Sending a multicast-DIO with rank 548
1167171641	ID:35	RPL: Sending a multicast-DIO with rank 509
1168613286	ID:34	RPL: Sending a multicast-DIO with rank 533
1169194686	ID:36	RPL: Sending a multicast-DIO with rank 631
1171796400	ID:32	RPL: Sending a multicast-DIO with rank 548
1172171648	ID:35	RPL: Sending a multicast-DIO with rank 509
1173613286	ID:34	RPL: Sending a multicast-DIO with rank 533
1174194686	ID:36	RPL: Sending a multicast-DIO with rank 631
1176796400	ID:32	RPL: Sending a multicast-DIO with rank 548
1177171641	ID:35	RPL: Sending a multicast-DIO with rank 509
1178613286	ID:34	RPL: Sending a multicast-DIO with rank 533
1179194686	ID:36	RPL: Sending a multicast-DIO with rank 631
1181796400	ID:32	RPL: Sending a multicast-DIO with rank 548
1182171641	ID:35	RPL: Sending a multicast-DIO with rank 509
1183613286	ID:34	RPL: Sending a multicast-DIO with rank 533
1184194686	ID:36	RPL: Sending a multicast-DIO with rank 631
1186796400	ID:32	RPL: Sending a multicast-DIO with rank 548
1187171641	ID:35	RPL: Sending a multicast-DIO with rank 509
1188613293	ID:34	RPL: Sending a multicast-DIO with rank 533
1189194686	ID:36	RPL: Sending a multicast-DIO with rank 631
1191796400	ID:32	RPL: Sending a multicast-DIO with rank 548
1192171641	ID:35	RPL: Sending a multicast-DIO with rank 509
1193613286	ID:34	RPL: Sending a multicast-DIO with rank 533
1194194686	ID:36	RPL: Sending a multicast-DIO with rank 631
1196796400	ID:32	RPL: Sending a multicast-DIO with rank 548
1197171641	ID:35	RPL: Sending a multicast-DIO with rank 509
1198613286	ID:34	RPL: Sending a multicast-DIO with rank 533
1199194693	ID:36	RPL: Sending a multicast-DIO with rank 631
1201796400	ID:32	RPL: Sending a multicast-DIO with rank 548
1202171646	ID:35	RPL: Sending a multicast-DIO with rank 509
1203613291	ID:34	RPL: Sending a multicast-DIO with rank 533
1204194691	ID:36	RPL: Sending a multicast-DIO with rank 631
1206796405	ID:32	RPL: Sending a multicast-DIO with rank 548
1207171640	ID:35	RPL: Sending a multicast-DIO with rank 509
1208025859	ID:33	RPL: Sending a DIS to fe80::c30c:0:0:2
1208613285	ID:34	RPL: Sending a multicast-DIO with rank 533
1209194685	ID:36	RPL: Sending a multicast-DIO with rank 631
1211796399	ID:32	RPL: Sending a multicast-DIO with rank 548
1212171640	ID:35	RPL: Sending a multicast-DIO with rank 509
1213613285	ID:34	RPL: Sending a multicast-DIO with rank 533
1214194685	ID:36	RPL: Sending a multicast-DIO with rank 631
1216796399	ID:32	RPL: Sending a multicast-DIO with rank 548
1217171640	ID:35	RPL: Sending a multicast-DIO with rank 509
1218613285	ID:34	RPL: Sending a multicast-DIO with rank 533
1219194685	ID:36	RPL: Sending a multicast-DIO with rank 631
1221796399	ID:32	RPL: Sending a multicast-DIO with rank 548
1222171640	ID:35	RPL: Sending a multicast-DIO with rank 509
1223613285	ID:34	RPL: Sending a multicast-DIO with rank 533
1224194685	ID:36	RPL: Sending a multicast-DIO with rank 631
1226796399	ID:32	RPL: Sending a multicast-DIO with rank 548
1227171640	ID:35	RPL: Sending a multicast-DIO with rank 509
1228613285	ID:34	RPL: Sending a multicast-DIO with rank 533
1229194685	ID:36	RPL: Sending a multicast-DIO with rank 631
1231796399	ID:32	RPL: Sending a multicast-DIO with rank 548
1232171640	ID:35	RPL: Sending a multicast-DIO with rank 509
1233613285	ID:34	RPL: Sending a multicast-DIO with rank 533
1234194685	ID:36	RPL: Sending a multicast-DIO with rank 631
1236796399	ID:32	RPL: Sending a multicast-DIO with rank 548
1237171640	ID:35	RPL: Sending a multicast-DIO with rank 509
1238613285	ID:34	RPL: Sending a multicast-DIO with rank 533
1239194685	ID:36	RPL: Sending a multicast-DIO with rank 631
1241796399	ID:32	RPL: Sending a multicast-DIO with rank 548
1242171640	ID:35	RPL: Sending a multicast-DIO with rank 509
1243613285	ID:34	RPL: Sending a multicast-DIO with rank 533
1244194685	ID:36	RPL: Sending a multicast-DIO with rank 631
1246796399	ID:32	RPL: Sending a multicast-DIO with rank 548
1247171640	ID:35	RPL: Sending a multicast-DIO with rank 509
1248613285	ID:34	RPL: Sending a multicast-DIO with rank 533
1249194685	ID:36	RPL: Sending a multicast-DIO with rank 631
1251796399	ID:32	RPL: Sending a multicast-DIO with rank 548
1252171640	ID:35	RPL: Sending a multicast-DIO with rank 509
1253613285	ID:34	RPL: Sending a multicast-DIO with rank 533
1254194685	ID:36	RPL: Sending a multicast-DIO with rank 631
1256796399	ID:32	RPL: Sending a multicast-DIO with rank 548
1257171640	ID:35	RPL: Sending a multicast-DIO with rank 509
1258613285	ID:34	RPL: Sending a multicast-DIO with rank 533
1259194685	ID:36	RPL: Sending a multicast-DIO with rank 631
1261796399	ID:32	RPL: Sending a multicast-DIO with rank 548
1262171640	ID:35	RPL: Sending a multicast-DIO with rank 509
1263613285	ID:34	RPL: Sending a multicast-DIO with rank 533
1264194685	ID:36	RPL: Sending a multicast-DIO with rank 631
1266796399	ID:32	RPL: Sending a multicast-DIO with rank 548
1267171640	ID:35	RPL: Sending a multicast-DIO with rank 509
1268025859	ID:33	RPL: Sending a DIS to fe80::c30c:0:0:2
1268613285	ID:34	RPL: Sending a multicast-DIO with rank 533
1269194685	ID:36	RPL: Sending a multicast-DIO with rank 631
1271796399	ID:32	RPL: Sending a multicast-DIO with rank 548
1272171640	ID:35	RPL: Sending a multicast-DIO with rank 509
1273613285	ID:34	RPL: Sending a multicast-DIO with rank 533
1274194685	ID:36	RPL: Sending a multicast-DIO with rank 631
1276796399	ID:32	RPL: Sending a multicast-DIO with rank 548
1277171640	ID:35	RPL: Sending a multicast-DIO with rank 509
1278613285	ID:34	RPL: Sending a multicast-DIO with rank 533
1279194685	ID:36	RPL: Sending a multicast-DIO with rank 631
1281796399	ID:32	RPL: Sending a multicast-DIO with rank 548
1282171640	ID:35	RPL: Sending a multicast-DIO with rank 509
1283613285	ID:34	RPL: Sending a multicast-DIO with rank 533
1284194685	ID:36	RPL: Sending a multicast-DIO with rank 631
1286796399	ID:32	RPL: Sending a multicast-DIO with rank 548
1287171640	ID:35	RPL: Sending a multicast-DIO with rank 509
1288613285	ID:34	RPL: Sending a multicast-DIO with rank 533
1289194685	ID:36	RPL: Sending a multicast-DIO with rank 631
1291796399	ID:32	RPL: Sending a multicast-DIO with rank 548
1292171640	ID:35	RPL: Sending a multicast-DIO with rank 509
1293613285	ID:34	RPL: Sending a multicast-DIO with rank 533
1294194685	ID:36	RPL: Sending a multicast-DIO with rank 631
1296796399	ID:32	RPL: Sending a multicast-DIO with rank 548
1297171640	ID:35	RPL: Sending a multicast-DIO with rank 509
1298613285	ID:34	RPL: Sending a multicast-DIO with rank 533
1299194685	ID:36	RPL: Sending a multicast-DIO with rank 631
1301796399	ID:32	RPL: Sending a multicast-DIO with rank 548
1302171640	ID:35	RPL: Sending a multicast-DIO with rank 509
1303613285	ID:34	RPL: Sending a multicast-DIO with rank 533
1304194685	ID:36	RPL: Sending a multicast-DIO with rank 631
1306796399	ID:32	RPL: Sending a multicast-DIO with rank 548
1307171640	ID:35	RPL: Sending a multicast-DIO with rank 509
1308613285	ID:34	RPL: Sending a multicast-DIO with rank 533
1309194685	ID:36	RPL: Sending a multicast-DIO with rank 631
1311796399	ID:32	RPL: Sending a multicast-DIO with rank 548
1312171640	ID:35	RPL: Sending a multicast-DIO with rank 509
1313613285	ID:34	RPL: Sending a multicast-DIO with rank 533
1314194685	ID:36	RPL: Sending a multicast-DIO with rank 631
1316796399	ID:32	RPL: Sending a multicast-DIO with rank 548
1317171640	ID:35	RPL: Sending a multicast-DIO with rank 509
1318613285	ID:34	RPL: Sending a multicast-DIO with rank 533
1319194685	ID:36	RPL: Sending a multicast-DIO with rank 631
1321796399	ID:32	RPL: Sending a multicast-DIO with rank 548
1322171640	ID:35	RPL: Sending a multicast-DIO with rank 509
1323613285	ID:34	RPL: Sending a multicast-DIO with rank 533
1324194685	ID:36	RPL: Sending a multicast-DIO with rank 631
1326796399	ID:32	RPL: Sending a multicast-DIO with rank 548
1327171640	ID:35	RPL: Sending a multicast-DIO with rank 509
1328025859	ID:33	RPL: Sending a DIS to fe80::c30c:0:0:2
1328613285	ID:34	RPL: Sending a multicast-DIO with rank 533
1329194685	ID:36	RPL: Sending a multicast-DIO with rank 631
1331796399	ID:32	RPL: Sending a multicast-DIO with rank 548
1332171640	ID:35	RPL: Sending a multicast-DIO with rank 509
1333613285	ID:34	RPL: Sending a multicast-DIO with rank 533
1334194685	ID:36	RPL: Sending a multicast-DIO with rank 631
1336796399	ID:32	RPL: Sending a multicast-DIO with rank 548
1337171640	ID:35	RPL: Sending a multicast-DIO with rank 509
1338613285	ID:34	RPL: Sending a multicast-DIO with rank 533
1339194685	ID:36	RPL: Sending a multicast-DIO with rank 631
1341796399	ID:32	RPL: Sending a multicast-DIO with rank 548
1342171640	ID:35	RPL: Sending a multicast-DIO with rank 509
1343613285	ID:34	RPL: Sending a multicast-DIO with rank 533
1344194685	ID:36	RPL: Sending a multicast-DIO with rank 631
1346796399	ID:32	RPL: Sending a multicast-DIO with rank 548
1347171640	ID:35	RPL: Sending a multicast-DIO with rank 509
1348613285	ID:34	RPL: Sending a multicast-DIO with rank 533
1349194685	ID:36	RPL: Sending a multicast-DIO with rank 631
1351796399	ID:32	RPL: Sending a multicast-DIO with rank 548
1352171640	ID:35	RPL: Sending a multicast-DIO with rank 509
1353613285	ID:34	RPL: Sending a multicast-DIO with rank 533
1354194685	ID:36	RPL: Sending a multicast-DIO with rank 631
1356796399	ID:32	RPL: Sending a multicast-DIO with rank 548
1357171640	ID:35	RPL: Sending a multicast-DIO with rank 509
1358613285	ID:34	RPL: Sending a multicast-DIO with rank 533
1359194685	ID:36	RPL: Sending a multicast-DIO with rank 631
1361796399	ID:32	RPL: Sending a multicast-DIO with rank 548
1362171640	ID:35	RPL: Sending a multicast-DIO with rank 509
1363613285	ID:34	RPL: Sending a multicast-DIO with rank 533
1364194685	ID:36	RPL: Sending a multicast-DIO with rank 631
1366796399	ID:32	RPL: Sending a multicast-DIO with rank 548
1367171640	ID:35	RPL: Sending a multicast-DIO with rank 509
1368613285	ID:34	RPL: Sending a multicast-DIO with rank 533
1369194685	ID:36	RPL: Sending a multicast-DIO with rank 631
1371796399	ID:32	RPL: Sending a multicast-DIO with rank 548
1372171640	ID:35	RPL: Sending a multicast-DIO with rank 509
1373613285	ID:34	RPL: Sending a multicast-DIO with rank 533
1374194685	ID:36	RPL: Sending a multicast-DIO with rank 631
1376796399	ID:32	RPL: Sending a multicast-DIO with rank 548
1377171640	ID:35	RPL: Sending a multicast-DIO with rank 509
1378613285	ID:34	RPL: Sending a multicast-DIO with rank 533
1379194685	ID:36	RPL: Sending a multicast-DIO with rank 631
1381796399	ID:32	RPL: Sending a multicast-DIO with rank 548
1382171640	ID:35	RPL: Sending a multicast-DIO with rank 509
1383613285	ID:34	RPL: Sending a multicast-DIO with rank 533
1384194685	ID:36	RPL: Sending a multicast-DIO with rank 631
1386796399	ID:32	RPL: Sending a multicast-DIO with rank 548
1387171640	ID:35	RPL: Sending a multicast-DIO with rank 509
1388025859	ID:33	RPL: Sending a DIS to fe80::c30c:0:0:2
1388613285	ID:34	RPL: Sending a multicast-DIO with rank 533
1389194685	ID:36	RPL: Sending a multicast-DIO with rank 631
1391796399	ID:32	RPL: Sending a multicast-DIO with rank 548
1392171640	ID:35	RPL: Sending a multicast-DIO with rank 509
1393613285	ID:34	RPL: Sending a multicast-DIO with rank 533
1394194685	ID:36	RPL: Sending a multicast-DIO with rank 631
1396796399	ID:32	RPL: Sending a multicast-DIO with rank 548
1397171640	ID:35	RPL: Sending a multicast-DIO with rank 509
1398613285	ID:34	RPL: Sending a multicast-DIO with rank 533
1399194685	ID:36	RPL: Sending a multicast-DIO with rank 631
1401796399	ID:32	RPL: Sending a multicast-DIO with rank 548
1402171640	ID:35	RPL: Sending a multicast-DIO with rank 509
1403613285	ID:34	RPL: Sending a multicast-DIO with rank 533
1404194685	ID:36	RPL: Sending a multicast-DIO with rank 631
1406796399	ID:32	RPL: Sending a multicast-DIO with rank 548
1407171640	ID:35	RPL: Sending a multicast-DIO with rank 509
1408613285	ID:34	RPL: Sending a multicast-DIO with rank 533
1409194685	ID:36	RPL: Sending a multicast-DIO with rank 631
1411796399	ID:32	RPL: Sending a multicast-DIO with rank 548
1412171640	ID:35	RPL: Sending a multicast-DIO with rank 509
1413613285	ID:34	RPL: Sending a multicast-DIO with rank 533
1414194685	ID:36	RPL: Sending a multicast-DIO with rank 631
1416796399	ID:32	RPL: Sending a multicast-DIO with rank 548
1417171640	ID:35	RPL: Sending a multicast-DIO with rank 509
1418613285	ID:34	RPL: Sending a multicast-DIO with rank 533
1419194685	ID:36	RPL: Sending a multicast-DIO with rank 631
1421796399	ID:32	RPL: Sending a multicast-DIO with rank 548
1422171640	ID:35	RPL: Sending a multicast-DIO with rank 509
1423613285	ID:34	RPL: Sending a multicast-DIO with rank 533
1424194685	ID:36	RPL: Sending a multicast-DIO with rank 631
1426796399	ID:32	RPL: Sending a multicast-DIO with rank 548
1427171640	ID:35	RPL: Sending a multicast-DIO with rank 509
1428613285	ID:34	RPL: Sending a multicast-DIO with rank 533
1429194685	ID:36	RPL: Sending a multicast-DIO with rank 631
1431796399	ID:32	RPL: Sending a multicast-DIO with rank 548
1432171640	ID:35	RPL: Sending a multicast-DIO with rank 509
1433613285	ID:34	RPL: Sending a multicast-DIO with rank 533
1434194685	ID:36	RPL: Sending a multicast-DIO with rank 631
1436796399	ID:32	RPL: Sending a multicast-DIO with rank 548
1437171640	ID:35	RPL: Sending a multicast-DIO with rank 509
1438613285	ID:34	RPL: Sending a multicast-DIO with rank 533
1439194685	ID:36	RPL: Sending a multicast-DIO with rank 631
1441796399	ID:32	RPL: Sending a multicast-DIO with rank 548
1442171640	ID:35	RPL: Sending a multicast-DIO with rank 509
1443613285	ID:34	RPL: Sending a multicast-DIO with rank 533
1444194685	ID:36	RPL: Sending a multicast-DIO with rank 631
1446796399	ID:32	RPL: Sending a multicast-DIO with rank 548
1447171640	ID:35	RPL: Sending a multicast-DIO with rank 509
1448025859	ID:33	RPL: Sending a DIS to fe80::c30c:0:0:2
1448613285	ID:34	RPL: Sending a multicast-DIO with rank 533
1449194685	ID:36	RPL: Sending a multicast-DIO with rank 631
1451796399	ID:32	RPL: Sending a multicast-DIO with rank 548
1452171640	ID:35	RPL: Sending a multicast-DIO with rank 509
1453613285	ID:34	RPL: Sending a multicast-DIO with rank 533
1454194685	ID:36	RPL: Sending a multicast-DIO with rank 631
1456796399	ID:32	RPL: Sending a multicast-DIO with rank 548
1457171640	ID:35	RPL: Sending a multicast-DIO with rank 509
1458613285	ID:34	RPL: Sending a multicast-DIO with rank 533
1459194685	ID:36	RPL: Sending a multicast-DIO with rank 631
1461796399	ID:32	RPL: Sending a multicast-DIO with rank 548
1462171640	ID:35	RPL: Sending a multicast-DIO with rank 509
1463613285	ID:34	RPL: Sending a multicast-DIO with rank 533
1464194685	ID:36	RPL: Sending a multicast-DIO with rank 631
1466796399	ID:32	RPL: Sending a multicast-DIO with rank 548
1467171640	ID:35	RPL: Sending a multicast-DIO with rank 509
1468613285	ID:34	RPL: Sending a multicast-DIO with rank 533
1469194685	ID:36	RPL: Sending a multicast-DIO with rank 631
1471796399	ID:32	RPL: Sending a multicast-DIO with rank 548
1472171640	ID:35	RPL: Sending a multicast-DIO with rank 509
1473613285	ID:34	RPL: Sending a multicast-DIO with rank 533
1474194685	ID:36	RPL: Sending a multicast-DIO with rank 631
1476796399	ID:32	RPL: Sending a multicast-DIO with rank 548
1477171640	ID:35	RPL: Sending a multicast-DIO with rank 509
1478613285	ID:34	RPL: Sending a multicast-DIO with rank 533
1479194685	ID:36	RPL: Sending a multicast-DIO with rank 631
1481796399	ID:32	RPL: Sending a multicast-DIO with rank 548
1482171640	ID:35	RPL: Sending a multicast-DIO with rank 509
1483613285	ID:34	RPL: Sending a multicast-DIO with rank 533
1484194685	ID:36	RPL: Sending a multicast-DIO with rank 631
1486796399	ID:32	RPL: Sending a multicast-DIO with rank 548
1487171640	ID:35	RPL: Sending a multicast-DIO with rank 509
1488613285	ID:34	RPL: Sending a multicast-DIO with rank 533
1489194685	ID:36	RPL: Sending a multicast-DIO with rank 631
1491796399	ID:32	RPL: Sending a multicast-DIO with rank 548
1492171640	ID:35	RPL: Sending a multicast-DIO with rank 509
1493613285	ID:34	RPL: Sending a multicast-DIO with rank 533
1494194685	ID:36	RPL: Sending a multicast-DIO with rank 631
1496796399	ID:32	RPL: Sending a multicast-DIO with rank 548
1497171640	ID:35	RPL: Sending a multicast-DIO with rank 509
1498613285	ID:34	RPL: Sending a multicast-DIO with rank 533
1499194685	ID:36	RPL: Sending a multicast-DIO with rank 631
1501796399	ID:32	RPL: Sending a multicast-DIO with rank 548
1502171640	ID:35	RPL: Sending a multicast-DIO with rank 509
1503613285	ID:34	RPL: Sending a multicast-DIO with rank 533
1504194685	ID:36	RPL: Sending a multicast-DIO with rank 631
1506796406	ID:32	RPL: Sending a multicast-DIO with rank 548
1507171640	ID:35	RPL: Sending a multicast-DIO with rank 509
1508025859	ID:33	RPL: Sending a DIS to fe80::c30c:0:0:2
1508613285	ID:34	RPL: Sending a multicast-DIO with rank 533
1509194692	ID:36	RPL: Sending a multicast-DIO with rank 631
1511796399	ID:32	RPL: Sending a multicast-DIO with rank 548
1512171640	ID:35	RPL: Sending a multicast-DIO with rank 509
1513613285	ID:34	RPL: Sending a multicast-DIO with rank 533
1514194685	ID:36	RPL: Sending a multicast-DIO with rank 631
1516796399	ID:32	RPL: Sending a multicast-DIO with rank 548
1517171640	ID:35	RPL: Sending a multicast-DIO with rank 509
1518613285	ID:34	RPL: Sending a multicast-DIO with rank 533
1519194685	ID:36	RPL: Sending a multicast-DIO with rank 631
1521796399	ID:32	RPL: Sending a multicast-DIO with rank 548
1522171640	ID:35	RPL: Sending a multicast-DIO with rank 509
1523613285	ID:34	RPL: Sending a multicast-DIO with rank 533
1524194685	ID:36	RPL: Sending a multicast-DIO with rank 631
1526796399	ID:32	RPL: Sending a multicast-DIO with rank 548
1527171640	ID:35	RPL: Sending a multicast-DIO with rank 509
1528613285	ID:34	RPL: Sending a multicast-DIO with rank 533
1529194685	ID:36	RPL: Sending a multicast-DIO with rank 631
1531796399	ID:32	RPL: Sending a multicast-DIO with rank 548
1532171640	ID:35	RPL: Sending a multicast-DIO with rank 509
1533613285	ID:34	RPL: Sending a multicast-DIO with rank 533
1534194685	ID:36	RPL: Sending a multicast-DIO with rank 631
1536796399	ID:32	RPL: Sending a multicast-DIO with rank 548
1537171647	ID:35	RPL: Sending a multicast-DIO with rank 509
1538613292	ID:34	RPL: Sending a multicast-DIO with rank 533
1539194685	ID:36	RPL: Sending a multicast-DIO with rank 631
1541796399	ID:32	RPL: Sending a multicast-DIO with rank 548
1542171640	ID:35	RPL: Sending a multicast-DIO with rank 509
1543613285	ID:34	RPL: Sending a multicast-DIO with rank 533
1544194685	ID:36	RPL: Sending a multicast-DIO with rank 631
1546796399	ID:32	RPL: Sending a multicast-DIO with rank 548
1547171640	ID:35	RPL: Sending a multicast-DIO with rank 509
1548613285	ID:34	RPL: Sending a multicast-DIO with rank 533
1549194685	ID:36	RPL: Sending a multicast-DIO with rank 631
1551796399	ID:32	RPL: Sending a multicast-DIO with rank 548
1552171640	ID:35	RPL: Sending a multicast-DIO with rank 509
1553613285	ID:34	RPL: Sending a multicast-DIO with rank 533
1554194685	ID:36	RPL: Sending a multicast-DIO with rank 631
1556796399	ID:32	RPL: Sending a multicast-DIO with rank 548
1557171640	ID:35	RPL: Sending a multicast-DIO with rank 509
1558613285	ID:34	RPL: Sending a multicast-DIO with rank 533
1559194685	ID:36	RPL: Sending a multicast-DIO with rank 631
1561796399	ID:32	RPL: Sending a multicast-DIO with rank 548
1562171640	ID:35	RPL: Sending a multicast-DIO with rank 509
1563613285	ID:34	RPL: Sending a multicast-DIO with rank 533
1564194685	ID:36	RPL: Sending a multicast-DIO with rank 631
1566796399	ID:32	RPL: Sending a multicast-DIO with rank 548
1567171640	ID:35	RPL: Sending a multicast-DIO with rank 509
1568025859	ID:33	RPL: Sending a DIS to fe80::c30c:0:0:2
1568613285	ID:34	RPL: Sending a multicast-DIO with rank 533
1569194685	ID:36	RPL: Sending a multicast-DIO with rank 631
1571796399	ID:32	RPL: Sending a multicast-DIO with rank 548
1572171640	ID:35	RPL: Sending a multicast-DIO with rank 509
1573613285	ID:34	RPL: Sending a multicast-DIO with rank 533
1574194685	ID:36	RPL: Sending a multicast-DIO with rank 631
1576796399	ID:32	RPL: Sending a multicast-DIO with rank 548
1577171640	ID:35	RPL: Sending a multicast-DIO with rank 509
1578613285	ID:34	RPL: Sending a multicast-DIO with rank 533
1579194685	ID:36	RPL: Sending a multicast-DIO with rank 631
1581796399	ID:32	RPL: Sending a multicast-DIO with rank 548
1582171640	ID:35	RPL: Sending a multicast-DIO with rank 509
1583613285	ID:34	RPL: Sending a multicast-DIO with rank 533
1584194685	ID:36	RPL: Sending a multicast-DIO with rank 631
1586796399	ID:32	RPL: Sending a multicast-DIO with rank 548
1587171640	ID:35	RPL: Sending a multicast-DIO with rank 509
1588613285	ID:34	RPL: Sending a multicast-DIO with rank 533
1589194685	ID:36	RPL: Sending a multicast-DIO with rank 631
1591796399	ID:32	RPL: Sending a multicast-DIO with rank 548
1592171640	ID:35	RPL: Sending a multicast-DIO with rank 509
1593613285	ID:34	RPL: Sending a multicast-DIO with rank 533
1594194685	ID:36	RPL: Sending a multicast-DIO with rank 631
1596796399	ID:32	RPL: Sending a multicast-DIO with rank 548
1597171640	ID:35	RPL: Sending a multicast-DIO with rank 509
1598613285	ID:34	RPL: Sending a multicast-DIO with rank 533
1599194685	ID:36	RPL: Sending a multicast-DIO with rank 631
1601796399	ID:32	RPL: Sending a multicast-DIO with rank 548
1602171640	ID:35	RPL: Sending a multicast-DIO with rank 509
1603613285	ID:34	RPL: Sending a multicast-DIO with rank 533
1604194685	ID:36	RPL: Sending a multicast-DIO with rank 631
1606796399	ID:32	RPL: Sending a multicast-DIO with rank 548
1607171640	ID:35	RPL: Sending a multicast-DIO with rank 509
1608613285	ID:34	RPL: Sending a multicast-DIO with rank 533
1609194685	ID:36	RPL: Sending a multicast-DIO with rank 631
1611796399	ID:32	RPL: Sending a multicast-DIO with rank 548
1612171640	ID:35	RPL: Sending a multicast-DIO with rank 509
1613613285	ID:34	RPL: Sending a multicast-DIO with rank 533
1614194685	ID:36	RPL: Sending a multicast-DIO with rank 631
1616796399	ID:32	RPL: Sending a multicast-DIO with rank 548
1617171640	ID:35	RPL: Sending a multicast-DIO with rank 509
1618613285	ID:34	RPL: Sending a multicast-DIO with rank 533
1619194685	ID:36	RPL: Sending a multicast-DIO with rank 631
1621796399	ID:32	RPL: Sending a multicast-DIO with rank 548
1622171640	ID:35	RPL: Sending a multicast-DIO with rank 509
1623613285	ID:34	RPL: Sending a multicast-DIO with rank 533
1624194685	ID:36	RPL: Sending a multicast-DIO with rank 631
1626796399	ID:32	RPL: Sending a multicast-DIO with rank 548
1627171640	ID:35	RPL: Sending a multicast-DIO with rank 509
1628025859	ID:33	RPL: Sending a DIS to fe80::c30c:0:0:2
1628613285	ID:34	RPL: Sending a multicast-DIO with rank 533
1629194685	ID:36	RPL: Sending a multicast-DIO with rank 631
1631796399	ID:32	RPL: Sending a multicast-DIO with rank 548
1632171640	ID:35	RPL: Sending a multicast-DIO with rank 509
1633613285	ID:34	RPL: Sending a multicast-DIO with rank 533
1634194685	ID:36	RPL: Sending a multicast-DIO with rank 631
1636796399	ID:32	RPL: Sending a multicast-DIO with rank 548
1637171640	ID:35	RPL: Sending a multicast-DIO with rank 509
1638613285	ID:34	RPL: Sending a multicast-DIO with rank 533
1639194685	ID:36	RPL: Sending a multicast-DIO with rank 631
1641796399	ID:32	RPL: Sending a multicast-DIO with rank 548
1642171640	ID:35	RPL: Sending a multicast-DIO with rank 509
1643613285	ID:34	RPL: Sending a multicast-DIO with rank 533
1644194685	ID:36	RPL: Sending a multicast-DIO with rank 631
1646796399	ID:32	RPL: Sending a multicast-DIO with rank 548
1647171640	ID:35	RPL: Sending a multicast-DIO with rank 509
1648613285	ID:34	RPL: Sending a multicast-DIO with rank 533
1649194685	ID:36	RPL: Sending a multicast-DIO with rank 631
1651796399	ID:32	RPL: Sending a multicast-DIO with rank 548
1652171640	ID:35	RPL: Sending a multicast-DIO with rank 509
1653613285	ID:34	RPL: Sending a multicast-DIO with rank 533
1654194685	ID:36	RPL: Sending a multicast-DIO with rank 631
1656796399	ID:32	RPL: Sending a multicast-DIO with rank 548
1657171640	ID:35	RPL: Sending a multicast-DIO with rank 509
1658613285	ID:34	RPL: Sending a multicast-DIO with rank 533
1659194685	ID:36	RPL: Sending a multicast-DIO with rank 631
1661796399	ID:32	RPL: Sending a multicast-DIO with rank 548
1662171640	ID:35	RPL: Sending a multicast-DIO with rank 509
1663613285	ID:34	RPL: Sending a multicast-DIO with rank 533
1664194685	ID:36	RPL: Sending a multicast-DIO with rank 631
1666796399	ID:32	RPL: Sending a multicast-DIO with rank 548
1667171640	ID:35	RPL: Sending a multicast-DIO with rank 509
1668613285	ID:34	RPL: Sending a multicast-DIO with rank 533
1669194685	ID:36	RPL: Sending a multicast-DIO with rank 631
1671796399	ID:32	RPL: Sending a multicast-DIO with rank 548
1672171640	ID:35	RPL: Sending a multicast-DIO with rank 509
1673613285	ID:34	RPL: Sending a multicast-DIO with rank 533
1674194685	ID:36	RPL: Sending a multicast-DIO with rank 631
1676796399	ID:32	RPL: Sending a multicast-DIO with rank 548
1677171640	ID:35	RPL: Sending a multicast-DIO with rank 509
1678613285	ID:34	RPL: Sending a multicast-DIO with rank 533
1679194685	ID:36	RPL: Sending a multicast-DIO with rank 631
1681796399	ID:32	RPL: Sending a multicast-DIO with rank 548
1682171640	ID:35	RPL: Sending a multicast-DIO with rank 509
1683613285	ID:34	RPL: Sending a multicast-DIO with rank 533
1684194685	ID:36	RPL: Sending a multicast-DIO with rank 631
1686796399	ID:32	RPL: Sending a multicast-DIO with rank 548
1687171640	ID:35	RPL: Sending a multicast-DIO with rank 509
1688026427	ID:33	RPL: Sending a DIS to fe80::c30c:0:0:2
1688613285	ID:34	RPL: Sending a multicast-DIO with rank 533
1689194685	ID:36	RPL: Sending a multicast-DIO with rank 631
1691796399	ID:32	RPL: Sending a multicast-DIO with rank 548
1692171640	ID:35	RPL: Sending a multicast-DIO with rank 509
1693613285	ID:34	RPL: Sending a multicast-DIO with rank 533
1694194685	ID:36	RPL: Sending a multicast-DIO with rank 631
1696796399	ID:32	RPL: Sending a multicast-DIO with rank 548
1697171640	ID:35	RPL: Sending a multicast-DIO with rank 509
1698613285	ID:34	RPL: Sending a multicast-DIO with rank 533
1699194685	ID:36	RPL: Sending a multicast-DIO with rank 631
1701796399	ID:32	RPL: Sending a multicast-DIO with rank 548
1702171640	ID:35	RPL: Sending a multicast-DIO with rank 509
1703613285	ID:34	RPL: Sending a multicast-DIO with rank 533
1704194685	ID:36	RPL: Sending a multicast-DIO with rank 631
1706796399	ID:32	RPL: Sending a multicast-DIO with rank 548
1707171640	ID:35	RPL: Sending a multicast-DIO with rank 509
1708613285	ID:34	RPL: Sending a multicast-DIO with rank 533
1709194685	ID:36	RPL: Sending a multicast-DIO with rank 631
1711796399	ID:32	RPL: Sending a multicast-DIO with rank 548
1712171640	ID:35	RPL: Sending a multicast-DIO with rank 509
1713613285	ID:34	RPL: Sending a multicast-DIO with rank 533
1714194685	ID:36	RPL: Sending a multicast-DIO with rank 631
1716796399	ID:32	RPL: Sending a multicast-DIO with rank 548
1717171640	ID:35	RPL: Sending a multicast-DIO with rank 509
1718613285	ID:34	RPL: Sending a multicast-DIO with rank 533
1719194685	ID:36	RPL: Sending a multicast-DIO with rank 631
1721796399	ID:32	RPL: Sending a multicast-DIO with rank 548
1722171640	ID:35	RPL: Sending a multicast-DIO with rank 509
1723613285	ID:34	RPL: Sending a multicast-DIO with rank 533
1724194685	ID:36	RPL: Sending a multicast-DIO with rank 631
1726796399	ID:32	RPL: Sending a multicast-DIO with rank 548
1727171640	ID:35	RPL: Sending a multicast-DIO with rank 509
1728613285	ID:34	RPL: Sending a multicast-DIO with rank 533
1729194685	ID:36	RPL: Sending a multicast-DIO with rank 631
1731796399	ID:32	RPL: Sending a multicast-DIO with rank 548
1732171640	ID:35	RPL: Sending a multicast-DIO with rank 509
1733613285	ID:34	RPL: Sending a multicast-DIO with rank 533
1734194685	ID:36	RPL: Sending a multicast-DIO with rank 631
1736796399	ID:32	RPL: Sending a multicast-DIO with rank 548
1737171640	ID:35	RPL: Sending a multicast-DIO with rank 509
1738613285	ID:34	RPL: Sending a multicast-DIO with rank 533
1739194685	ID:36	RPL: Sending a multicast-DIO with rank 631
1741796399	ID:32	RPL: Sending a multicast-DIO with rank 548
1742171640	ID:35	RPL: Sending a multicast-DIO with rank 509
1743613285	ID:34	RPL: Sending a multicast-DIO with rank 533
1744194685	ID:36	RPL: Sending a multicast-DIO with rank 631
1746796399	ID:32	RPL: Sending a multicast-DIO with rank 548
1747171640	ID:35	RPL: Sending a multicast-DIO with rank 509
1748025859	ID:33	RPL: Sending a DIS to fe80::c30c:0:0:2
1748613285	ID:34	RPL: Sending a multicast-DIO with rank 533
1749194685	ID:36	RPL: Sending a multicast-DIO with rank 631
1751796399	ID:32	RPL: Sending a multicast-DIO with rank 548
1752171640	ID:35	RPL: Sending a multicast-DIO with rank 509
1753613285	ID:34	RPL: Sending a multicast-DIO with rank 533
1754194685	ID:36	RPL: Sending a multicast-DIO with rank 631
1756796399	ID:32	RPL: Sending a multicast-DIO with rank 548
1757171640	ID:35	RPL: Sending a multicast-DIO with rank 509
1758613285	ID:34	RPL: Sending a multicast-DIO with rank 533
1759194685	ID:36	RPL: Sending a multicast-DIO with rank 631
1761796399	ID:32	RPL: Sending a multicast-DIO with rank 548
1762171640	ID:35	RPL: Sending a multicast-DIO with rank 509
1763613285	ID:34	RPL: Sending a multicast-DIO with rank 533
1764194685	ID:36	RPL: Sending a multicast-DIO with rank 631
1766796399	ID:32	RPL: Sending a multicast-DIO with rank 548
1767171640	ID:35	RPL: Sending a multicast-DIO with rank 509
1768613285	ID:34	RPL: Sending a multicast-DIO with rank 533
1769194685	ID:36	RPL: Sending a multicast-DIO with rank 631
1771796399	ID:32	RPL: Sending a multicast-DIO with rank 548
1772171640	ID:35	RPL: Sending a multicast-DIO with rank 509
1773613285	ID:34	RPL: Sending a multicast-DIO with rank 533
1774194685	ID:36	RPL: Sending a multicast-DIO with rank 631
1776796399	ID:32	RPL: Sending a multicast-DIO with rank 548
1777171640	ID:35	RPL: Sending a multicast-DIO with rank 509
1778613285	ID:34	RPL: Sending a multicast-DIO with rank 533
1779194685	ID:36	RPL: Sending a multicast-DIO with rank 631
1781796399	ID:32	RPL: Sending a multicast-DIO with rank 548
1782171640	ID:35	RPL: Sending a multicast-DIO with rank 509
1783613285	ID:34	RPL: Sending a multicast-DIO with rank 533
1784194685	ID:36	RPL: Sending a multicast-DIO with rank 631
1786796399	ID:32	RPL: Sending a multicast-DIO with rank 548
1787171640	ID:35	RPL: Sending a multicast-DIO with rank 509
1788613285	ID:34	RPL: Sending a multicast-DIO with rank 533
1789194685	ID:36	RPL: Sending a multicast-DIO with rank 631
1791796399	ID:32	RPL: Sending a multicast-DIO with rank 548
1792171640	ID:35	RPL: Sending a multicast-DIO with rank 509
1793613285	ID:34	RPL: Sending a multicast-DIO with rank 533
1794194685	ID:36	RPL: Sending a multicast-DIO with rank 631
1796796399	ID:32	RPL: Sending a multicast-DIO with rank 548
1797171640	ID:35	RPL: Sending a multicast-DIO with rank 509
1798613285	ID:34	RPL: Sending a multicast-DIO with rank 533
1799194685	ID:36	RPL: Sending a multicast-DIO with rank 631
