30340678	ID:33	RPL: Sending a DIS to fe80::c30c:0:0:2
30693784	ID:32	RPL: Sending a DIS to fe80::c30c:0:0:3
30699469	ID:34	RPL: Sending a DIS to fe80::c30c:0:0:6
30762897	ID:36	RPL: Sending a DIS to fe80::c30c:0:0:8
31039160	ID:35	RPL: Sending a DIS to fe80::c30c:0:0:7
33228280	ID:34	RPL: Received a DIO from fe80::c30c:0:0:6
33232054	ID:34	RPL: Incoming DIO (id, ver, rank) = (30,240,430)
33236553	ID:34	RPL: Incoming DIO (dag_id, pref) = (fd00::ff:fe00:1, 0)
33238817	ID:34	RPL: DIO option 4, length: 14
33244836	ID:34	RPL: DAG conf:dbl=8, min=12 red=10 maxinc=896 mininc=128 ocp=1 d_l=10 l_u=60
33247062	ID:34	RPL: DIO option 8, length: 30
33249331	ID:34	RPL: Copying prefix information
33257231	ID:34	RPL: Neighbor added to neighbor cache fe80::c30c:0:0:6, c1:0c:00:00:00:00:00:06
33676928	ID:36	RPL: Received a DIO from fe80::c30c:0:0:8
33680702	ID:36	RPL: Incoming DIO (id, ver, rank) = (30,240,456)
33685200	ID:36	RPL: Incoming DIO (dag_id, pref) = (fd00::ff:fe00:1, 0)
33687443	ID:36	RPL: DIO option 4, length: 14
33693463	ID:36	RPL: DAG conf:dbl=8, min=12 red=10 maxinc=896 mininc=128 ocp=1 d_l=10 l_u=60
33695689	ID:36	RPL: DIO option 8, length: 30
33697957	ID:36	RPL: Copying prefix information
33706272	ID:36	RPL: Neighbor added to neighbor cache fe80::c30c:0:0:8, c1:0c:00:00:00:00:00:08
36456084	ID:35	RPL: Received a DIO from fe80::c30c:0:0:7
36459852	ID:35	RPL: Incoming DIO (id, ver, rank) = (30,240,485)
36464372	ID:35	RPL: Incoming DIO (dag_id, pref) = (fd00::ff:fe00:1, 0)
36466597	ID:35	RPL: DIO option 4, length: 14
36472617	ID:35	RPL: DAG conf:dbl=8, min=12 red=10 maxinc=896 mininc=128 ocp=1 d_l=10 l_u=60
36474843	ID:35	RPL: DIO option 8, length: 30
36477111	ID:35	RPL: Copying prefix information
36486443	ID:35	RPL: Neighbor added to neighbor cache fe80::c30c:0:0:7, c1:0c:00:00:00:00:00:07
38258381	ID:34	RPL: Sending a multicast-DIO with rank 430
38706886	ID:36	RPL: Sending a multicast-DIO with rank 456
41490960	ID:35	RPL: Sending a multicast-DIO with rank 485
43258360	ID:34	RPL: Sending a multicast-DIO with rank 430
43706865	ID:36	RPL: Sending a multicast-DIO with rank 456
46490939	ID:35	RPL: Sending a multicast-DIO with rank 485
48258360	ID:34	RPL: Sending a multicast-DIO with rank 430
48706865	ID:36	RPL: Sending a multicast-DIO with rank 456
51490939	ID:35	RPL: Sending a multicast-DIO with rank 485
53258360	ID:34	RPL: Sending a multicast-DIO with rank 430
53706865	ID:36	RPL: Sending a multicast-DIO with rank 456
56490939	ID:35	RPL: Sending a multicast-DIO with rank 485
58258360	ID:34	RPL: Sending a multicast-DIO with rank 430
58706865	ID:36	RPL: Sending a multicast-DIO with rank 456
61490939	ID:35	RPL: Sending a multicast-DIO with rank 485
62475884	ID:32	RPL: Sending a DIS to fe80::c30c:0:0:3
63258360	ID:34	RPL: Sending a multicast-DIO with rank 430
63484881	ID:32	RPL: Received a DIO from fe80::c30c:0:0:3
63488651	ID:32	RPL: Incoming DIO (id, ver, rank) = (30,240,292)
63493149	ID:32	RPL: Incoming DIO (dag_id, pref) = (fd00::ff:fe00:1, 0)
63495375	ID:32	RPL: DIO option 4, length: 14
63501433	ID:32	RPL: DAG conf:dbl=8, min=12 red=10 maxinc=896 mininc=128 ocp=1 d_l=10 l_u=60
63503659	ID:32	RPL: DIO option 8, length: 30
63505927	ID:32	RPL: Copying prefix information
63516683	ID:32	RPL: Neighbor added to neighbor cache fe80::c30c:0:0:3, c1:0c:00:00:00:00:00:03
63706865	ID:36	RPL: Sending a multicast-DIO with rank 456
66490939	ID:35	RPL: Sending a multicast-DIO with rank 485
68120268	ID:33	RPL: Sending a DIS to fe80::c30c:0:0:2
68258359	ID:34	RPL: Sending a multicast-DIO with rank 430
68520513	ID:32	RPL: Sending a multicast-DIO with rank 292
68706864	ID:36	RPL: Sending a multicast-DIO with rank 456
71490939	ID:35	RPL: Sending a multicast-DIO with rank 485
73258359	ID:34	RPL: Sending a multicast-DIO with rank 430
73520492	ID:32	RPL: Sending a multicast-DIO with rank 292
73706864	ID:36	RPL: Sending a multicast-DIO with rank 456
76490939	ID:35	RPL: Sending a multicast-DIO with rank 485
78258359	ID:34	RPL: Sending a multicast-DIO with rank 430
78520492	ID:32	RPL: Sending a multicast-DIO with rank 292
78706864	ID:36	RPL: Sending a multicast-DIO with rank 456
81490939	ID:35	RPL: Sending a multicast-DIO with rank 485
83258359	ID:34	RPL: Sending a multicast-DIO with rank 430
83520492	ID:32	RPL: Sending a multicast-DIO with rank 292
83706864	ID:36	RPL: Sending a multicast-DIO with rank 456
86490939	ID:35	RPL: Sending a multicast-DIO with rank 485
88258359	ID:34	RPL: Sending a multicast-DIO with rank 430
88520492	ID:32	RPL: Sending a multicast-DIO with rank 292
88706864	ID:36	RPL: Sending a multicast-DIO with rank 456
91490926	ID:35	RPL: Sending a multicast-DIO with rank 485
93258347	ID:34	RPL: Sending a multicast-DIO with rank 430
93520479	ID:32	RPL: Sending a multicast-DIO with rank 292
93706852	ID:36	RPL: Sending a multicast-DIO with rank 456
96490926	ID:35	RPL: Sending a multicast-DIO with rank 485
98258347	ID:34	RPL: Sending a multicast-DIO with rank 430
98520479	ID:32	RPL: Sending a multicast-DIO with rank 292
98706852	ID:36	RPL: Sending a multicast-DIO with rank 456
101490926	ID:35	RPL: Sending a multicast-DIO with rank 485
103258347	ID:34	RPL: Sending a multicast-DIO with rank 430
103520479	ID:32	RPL: Sending a multicast-DIO with rank 292
103706852	ID:36	RPL: Sending a multicast-DIO with rank 456
106490926	ID:35	RPL: Sending a multicast-DIO with rank 485
108258347	ID:34	RPL: Sending a multicast-DIO with rank 430
108520479	ID:32	RPL: Sending a multicast-DIO with rank 292
108706852	ID:36	RPL: Sending a multicast-DIO with rank 456
111490926	ID:35	RPL: Sending a multicast-DIO with rank 485
113258347	ID:34	RPL: Sending a multicast-DIO with rank 430
113520479	ID:32	RPL: Sending a multicast-DIO with rank 292
113706852	ID:36	RPL: Sending a multicast-DIO with rank 456
116490926	ID:35	RPL: Sending a multicast-DIO with rank 485
118258347	ID:34	RPL: Sending a multicast-DIO with rank 430
118520479	ID:32	RPL: Sending a multicast-DIO with rank 292
118706852	ID:36	RPL: Sending a multicast-DIO with rank 456
121490926	ID:35	RPL: Sending a multicast-DIO with rank 485
123258347	ID:34	RPL: Sending a multicast-DIO with rank 430
123520479	ID:32	RPL: Sending a multicast-DIO with rank 292
123706852	ID:36	RPL: Sending a multicast-DIO with rank 456
126490926	ID:35	RPL: Sending a multicast-DIO with rank 485
128120377	ID:33	RPL: Sending a DIS to fe80::c30c:0:0:2
128258347	ID:34	RPL: Sending a multicast-DIO with rank 430
128520479	ID:32	RPL: Sending a multicast-DIO with rank 292
128706852	ID:36	RPL: Sending a multicast-DIO with rank 456
131490926	ID:35	RPL: Sending a multicast-DIO with rank 485
133258347	ID:34	RPL: Sending a multicast-DIO with rank 430
133520479	ID:32	RPL: Sending a multicast-DIO with rank 292
133706852	ID:36	RPL: Sending a multicast-DIO with rank 456
136490926	ID:35	RPL: Sending a multicast-DIO with rank 485
138258347	ID:34	RPL: Sending a multicast-DIO with rank 430
138520479	ID:32	RPL: Sending a multicast-DIO with rank 292
138706852	ID:36	RPL: Sending a multicast-DIO with rank 456
141490926	ID:35	RPL: Sending a multicast-DIO with rank 485
143258347	ID:34	RPL: Sending a multicast-DIO with rank 430
143520479	ID:32	RPL: Sending a multicast-DIO with rank 292
143706852	ID:36	RPL: Sending a multicast-DIO with rank 456
146490926	ID:35	RPL: Sending a multicast-DIO with rank 485
148258347	ID:34	RPL: Sending a multicast-DIO with rank 430
148520479	ID:32	RPL: Sending a multicast-DIO with rank 292
148706852	ID:36	RPL: Sending a multicast-DIO with rank 456
151490926	ID:35	RPL: Sending a multicast-DIO with rank 485
153258347	ID:34	RPL: Sending a multicast-DIO with rank 430
153520479	ID:32	RPL: Sending a multicast-DIO with rank 292
153706852	ID:36	RPL: Sending a multicast-DIO with rank 456
156490926	ID:35	RPL: Sending a multicast-DIO with rank 485
158258347	ID:34	RPL: Sending a multicast-DIO with rank 430
158520479	ID:32	RPL: Sending a multicast-DIO with rank 292
158706852	ID:36	RPL: Sending a multicast-DIO with rank 456
161490926	ID:35	RPL: Sending a multicast-DIO with rank 485
163258347	ID:34	RPL: Sending a multicast-DIO with rank 430
163520479	ID:32	RPL: Sending a multicast-DIO with rank 292
163706852	ID:36	RPL: Sending a multicast-DIO with rank 456
166490926	ID:35	RPL: Sending a multicast-DIO with rank 485
168258347	ID:34	RPL: Sending a multicast-DIO with rank 430
168520479	ID:32	RPL: Sending a multicast-DIO with rank 292
168706852	ID:36	RPL: Sending a multicast-DIO with rank 456
171490926	ID:35	RPL: Sending a multicast-DIO with rank 485
173258347	ID:34	RPL: Sending a multicast-DIO with rank 430
173520479	ID:32	RPL: Sending a multicast-DIO with rank 292
173706852	ID:36	RPL: Sending a multicast-DIO with rank 456
176490926	ID:35	RPL: Sending a multicast-DIO with rank 485
178258347	ID:34	RPL: Sending a multicast-DIO with rank 430
178520479	ID:32	RPL: Sending a multicast-DIO with rank 292
178706852	ID:36	RPL: Sending a multicast-DIO with rank 456
181490926	ID:35	RPL: Sending a multicast-DIO with rank 485
183258347	ID:34	RPL: Sending a multicast-DIO with rank 430
183520479	ID:32	RPL: Sending a multicast-DIO with rank 292
183706852	ID:36	RPL: Sending a multicast-DIO with rank 456
186490926	ID:35	RPL: Sending a multicast-DIO with rank 485
188121026	ID:33	RPL: Sending a DIS to fe80::c30c:0:0:2
188258347	ID:34	RPL: Sending a multicast-DIO with rank 430
188520479	ID:32	RPL: Sending a multicast-DIO with rank 292
188706852	ID:36	RPL: Sending a multicast-DIO with rank 456
191490926	ID:35	RPL: Sending a multicast-DIO with rank 485
193258347	ID:34	RPL: Sending a multicast-DIO with rank 430
193520479	ID:32	RPL: Sending a multicast-DIO with rank 292
193706852	ID:36	RPL: Sending a multicast-DIO with rank 456
196490926	ID:35	RPL: Sending a multicast-DIO with rank 485
198258347	ID:34	RPL: Sending a multicast-DIO with rank 430
198520479	ID:32	RPL: Sending a multicast-DIO with rank 292
198706852	ID:36	RPL: Sending a multicast-DIO with rank 456
201490926	ID:35	RPL: Sending a multicast-DIO with rank 485
203258347	ID:34	RPL: Sending a multicast-DIO with rank 430
203520479	ID:32	RPL: Sending a multicast-DIO with rank 292
203706852	ID:36	RPL: Sending a multicast-DIO with rank 456
206490926	ID:35	RPL: Sending a multicast-DIO with rank 485
208258347	ID:34	RPL: Sending a multicast-DIO with rank 430
208520479	ID:32	RPL: Sending a multicast-DIO with rank 292
208706852	ID:36	RPL: Sending a multicast-DIO with rank 456
211490926	ID:35	RPL: Sending a multicast-DIO with rank 485
213258347	ID:34	RPL: Sending a multicast-DIO with rank 430
213520479	ID:32	RPL: Sending a multicast-DIO with rank 292
213706852	ID:36	RPL: Sending a multicast-DIO with rank 456
216490926	ID:35	RPL: Sending a multicast-DIO with rank 485
218258347	ID:34	RPL: Sending a multicast-DIO with rank 430
218520479	ID:32	RPL: Sending a multicast-DIO with rank 292
218706852	ID:36	RPL: Sending a multicast-DIO with rank 456
221490926	ID:35	RPL: Sending a multicast-DIO with rank 485
223258347	ID:34	RPL: Sending a multicast-DIO with rank 430
223520479	ID:32	RPL: Sending a multicast-DIO with rank 292
223706852	ID:36	RPL: Sending a multicast-DIO with rank 456
226490926	ID:35	RPL: Sending a multicast-DIO with rank 485
228258347	ID:34	RPL: Sending a multicast-DIO with rank 430
228520479	ID:32	RPL: Sending a multicast-DIO with rank 292
228706852	ID:36	RPL: Sending a multicast-DIO with rank 456
231490926	ID:35	RPL: Sending a multicast-DIO with rank 485
233258347	ID:34	RPL: Sending a multicast-DIO with rank 430
233520479	ID:32	RPL: Sending a multicast-DIO with rank 292
233706852	ID:36	RPL: Sending a multicast-DIO with rank 456
236490926	ID:35	RPL: Sending a multicast-DIO with rank 485
238258347	ID:34	RPL: Sending a multicast-DIO with rank 430
238520479	ID:32	RPL: Sending a multicast-DIO with rank 292
238706852	ID:36	RPL: Sending a multicast-DIO with rank 456
241490926	ID:35	RPL: Sending a multicast-DIO with rank 485
243258347	ID:34	RPL: Sending a multicast-DIO with rank 430
243520479	ID:32	RPL: Sending a multicast-DIO with rank 292
243706852	ID:36	RPL: Sending a multicast-DIO with rank 456
246490926	ID:35	RPL: Sending a multicast-DIO with rank 485
248120377	ID:33	RPL: Sending a DIS to fe80::c30c:0:0:2
248258347	ID:34	RPL: Sending a multicast-DIO with rank 430
248520479	ID:32	RPL: Sending a multicast-DIO with rank 292
248706852	ID:36	RPL: Sending a multicast-DIO with rank 456
251490926	ID:35	RPL: Sending a multicast-DIO with rank 485
253258347	ID:34	RPL: Sending a multicast-DIO with rank 430
253520479	ID:32	RPL: Sending a multicast-DIO with rank 292
253706852	ID:36	RPL: Sending a multicast-DIO with rank 456
256490926	ID:35	RPL: Sending a multicast-DIO with rank 485
258258347	ID:34	RPL: Sending a multicast-DIO with rank 430
258520479	ID:32	RPL: Sending a multicast-DIO with rank 292
258706852	ID:36	RPL: Sending a multicast-DIO with rank 456
261490926	ID:35	RPL: Sending a multicast-DIO with rank 485
263258347	ID:34	RPL: Sending a multicast-DIO with rank 430
263520479	ID:32	RPL: Sending a multicast-DIO with rank 292
263706852	ID:36	RPL: Sending a multicast-DIO with rank 456
266490926	ID:35	RPL: Sending a multicast-DIO with rank 485
268258347	ID:34	RPL: Sending a multicast-DIO with rank 430
268520479	ID:32	RPL: Sending a multicast-DIO with rank 292
268706852	ID:36	RPL: Sending a multicast-DIO with rank 456
271490926	ID:35	RPL: Sending a multicast-DIO with rank 485
273258347	ID:34	RPL: Sending a multicast-DIO with rank 430
273520479	ID:32	RPL: Sending a multicast-DIO with rank 292
273706852	ID:36	RPL: Sending a multicast-DIO with rank 456
276490926	ID:35	RPL: Sending a multicast-DIO with rank 485
278258347	ID:34	RPL: Sending a multicast-DIO with rank 430
278520479	ID:32	RPL: Sending a multicast-DIO with rank 292
278706852	ID:36	RPL: Sending a multicast-DIO with rank 456
281490926	ID:35	RPL: Sending a multicast-DIO with rank 485
283258347	ID:34	RPL: Sending a multicast-DIO with rank 430
283520479	ID:32	RPL: Sending a multicast-DIO with rank 292
283706852	ID:36	RPL: Sending a multicast-DIO with rank 456
286490926	ID:35	RPL: Sending a multicast-DIO with rank 485
288258347	ID:34	RPL: Sending a multicast-DIO with rank 430
288520479	ID:32	RPL: Sending a multicast-DIO with rank 292
288706852	ID:36	RPL: Sending a multicast-DIO with rank 456
291490926	ID:35	RPL: Sending a multicast-DIO with rank 485
293258347	ID:34	RPL: Sending a multicast-DIO with rank 430
293520479	ID:32	RPL: Sending a multicast-DIO with rank 292
293706852	ID:36	RPL: Sending a multicast-DIO with rank 456
296490926	ID:35	RPL: Sending a multicast-DIO with rank 485
298258347	ID:34	RPL: Sending a multicast-DIO with rank 430
298520479	ID:32	RPL: Sending a multicast-DIO with rank 292
298706852	ID:36	RPL: Sending a multicast-DIO with rank 456
301490926	ID:35	RPL: Sending a multicast-DIO with rank 485
303258347	ID:34	RPL: Sending a multicast-DIO with rank 430
303520479	ID:32	RPL: Sending a multicast-DIO with rank 292
303706852	ID:36	RPL: Sending a multicast-DIO with rank 456
306490926	ID:35	RPL: Sending a multicast-DIO with rank 485
308120377	ID:33	RPL: Sending a DIS to fe80::c30c:0:0:2
308258347	ID:34	RPL: Sending a multicast-DIO with rank 430
308520479	ID:32	RPL: Sending a multicast-DIO with rank 292
308706852	ID:36	RPL: Sending a multicast-DIO with rank 456
311490926	ID:35	RPL: Sending a multicast-DIO with rank 485
313258347	ID:34	RPL: Sending a multicast-DIO with rank 430
313520479	ID:32	RPL: Sending a multicast-DIO with rank 292
313706852	ID:36	RPL: Sending a multicast-DIO with rank 456
316490926	ID:35	RPL: Sending a multicast-DIO with rank 485
318258347	ID:34	RPL: Sending a multicast-DIO with rank 430
318520479	ID:32	RPL: Sending a multicast-DIO with rank 292
318706852	ID:36	RPL: Sending a multicast-DIO with rank 456
321490926	ID:35	RPL: Sending a multicast-DIO with rank 485
323258347	ID:34	RPL: Sending a multicast-DIO with rank 430
323520479	ID:32	RPL: Sending a multicast-DIO with rank 292
323706852	ID:36	RPL: Sending a multicast-DIO with rank 456
326490926	ID:35	RPL: Sending a multicast-DIO with rank 485
328258347	ID:34	RPL: Sending a multicast-DIO with rank 430
328520479	ID:32	RPL: Sending a multicast-DIO with rank 292
328706852	ID:36	RPL: Sending a multicast-DIO with rank 456
331490926	ID:35	RPL: Sending a multicast-DIO with rank 485
333258347	ID:34	RPL: Sending a multicast-DIO with rank 430
333520479	ID:32	RPL: Sending a multicast-DIO with rank 292
333706852	ID:36	RPL: Sending a multicast-DIO with rank 456
336490926	ID:35	RPL: Sending a multicast-DIO with rank 485
338258347	ID:34	RPL: Sending a multicast-DIO with rank 430
338520479	ID:32	RPL: Sending a multicast-DIO with rank 292
338706852	ID:36	RPL: Sending a multicast-DIO with rank 456
341490926	ID:35	RPL: Sending a multicast-DIO with rank 485
343258347	ID:34	RPL: Sending a multicast-DIO with rank 430
343520479	ID:32	RPL: Sending a multicast-DIO with rank 292
343706852	ID:36	RPL: Sending a multicast-DIO with rank 456
346490926	ID:35	RPL: Sending a multicast-DIO with rank 485
348258347	ID:34	RPL: Sending a multicast-DIO with rank 430
348520479	ID:32	RPL: Sending a multicast-DIO with rank 292
348706852	ID:36	RPL: Sending a multicast-DIO with rank 456
351490926	ID:35	RPL: Sending a multicast-DIO with rank 485
353258347	ID:34	RPL: Sending a multicast-DIO with rank 430
353520479	ID:32	RPL: Sending a multicast-DIO with rank 292
353706852	ID:36	RPL: Sending a multicast-DIO with rank 456
356490926	ID:35	RPL: Sending a multicast-DIO with rank 485
358258347	ID:34	RPL: Sending a multicast-DIO with rank 430
358520479	ID:32	RPL: Sending a multicast-DIO with rank 292
358706852	ID:36	RPL: Sending a multicast-DIO with rank 456
361490926	ID:35	RPL: Sending a multicast-DIO with rank 485
363258347	ID:34	RPL: Sending a multicast-DIO with rank 430
363520479	ID:32	RPL: Sending a multicast-DIO with rank 292
363706852	ID:36	RPL: Sending a multicast-DIO with rank 456
366490926	ID:35	RPL: Sending a multicast-DIO with rank 485
368120377	ID:33	RPL: Sending a DIS to fe80::c30c:0:0:2
368258347	ID:34	RPL: Sending a multicast-DIO with rank 430
368520479	ID:32	RPL: Sending a multicast-DIO with rank 292
368706852	ID:36	RPL: Sending a multicast-DIO with rank 456
371490926	ID:35	RPL: Sending a multicast-DIO with rank 485
373258347	ID:34	RPL: Sending a multicast-DIO with rank 430
373520479	ID:32	RPL: Sending a multicast-DIO with rank 292
373706852	ID:36	RPL: Sending a multicast-DIO with rank 456
376490926	ID:35	RPL: Sending a multicast-DIO with rank 485
378258347	ID:34	RPL: Sending a multicast-DIO with rank 430
378520479	ID:32	RPL: Sending a multicast-DIO with rank 292
378706852	ID:36	RPL: Sending a multicast-DIO with rank 456
381490926	ID:35	RPL: Sending a multicast-DIO with rank 485
383258347	ID:34	RPL: Sending a multicast-DIO with rank 430
383520486	ID:32	RPL: Sending a multicast-DIO with rank 292
383706852	ID:36	RPL: Sending a multicast-DIO with rank 456
386490926	ID:35	RPL: Sending a multicast-DIO with rank 485
388258347	ID:34	RPL: Sending a multicast-DIO with rank 430
388520479	ID:32	RPL: Sending a multicast-DIO with rank 292
388706852	ID:36	RPL: Sending a multicast-DIO with rank 456
391490926	ID:35	RPL: Sending a multicast-DIO with rank 485
393258347	ID:34	RPL: Sending a multicast-DIO with rank 430
393520479	ID:32	RPL: Sending a multicast-DIO with rank 292
393706852	ID:36	RPL: Sending a multicast-DIO with rank 456
396490926	ID:35	RPL: Sending a multicast-DIO with rank 485
398258347	ID:34	RPL: Sending a multicast-DIO with rank 430
398520479	ID:32	RPL: Sending a multicast-DIO with rank 292
398706852	ID:36	RPL: Sending a multicast-DIO with rank 456
401490926	ID:35	RPL: Sending a multicast-DIO with rank 485
403258347	ID:34	RPL: Sending a multicast-DIO with rank 430
403520479	ID:32	RPL: Sending a multicast-DIO with rank 292
403706852	ID:36	RPL: Sending a multicast-DIO with rank 456
406490926	ID:35	RPL: Sending a multicast-DIO with rank 485
408258347	ID:34	RPL: Sending a multicast-DIO with rank 430
408520479	ID:32	RPL: Sending a multicast-DIO with rank 292
408706852	ID:36	RPL: Sending a multicast-DIO with rank 456
411490926	ID:35	RPL: Sending a multicast-DIO with rank 485
413258347	ID:34	RPL: Sending a multicast-DIO with rank 430
413520479	ID:32	RPL: Sending a multicast-DIO with rank 292
413706852	ID:36	RPL: Sending a multicast-DIO with rank 456
416490926	ID:35	RPL: Sending a multicast-DIO with rank 485
418258347	ID:34	RPL: Sending a multicast-DIO with rank 430
418520479	ID:32	RPL: Sending a multicast-DIO with rank 292
418706859	ID:36	RPL: Sending a multicast-DIO with rank 456
421490926	ID:35	RPL: Sending a multicast-DIO with rank 485
423258347	ID:34	RPL: Sending a multicast-DIO with rank 430
423520479	ID:32	RPL: Sending a multicast-DIO with rank 292
423706852	ID:36	RPL: Sending a multicast-DIO with rank 456
426490933	ID:35	RPL: Sending a multicast-DIO with rank 485
428120377	ID:33	RPL: Sending a DIS to fe80::c30c:0:0:2
428258354	ID:34	RPL: Sending a multicast-DIO with rank 430
428520479	ID:32	RPL: Sending a multicast-DIO with rank 292
428706852	ID:36	RPL: Sending a multicast-DIO with rank 456
431490926	ID:35	RPL: Sending a multicast-DIO with rank 485
433258347	ID:34	RPL: Sending a multicast-DIO with rank 430
433520479	ID:32	RPL: Sending a multicast-DIO with rank 292
433706852	ID:36	RPL: Sending a multicast-DIO with rank 456
436490926	ID:35	RPL: Sending a multicast-DIO with rank 485
438258347	ID:34	RPL: Sending a multicast-DIO with rank 430
438520479	ID:32	RPL: Sending a multicast-DIO with rank 292
438706852	ID:36	RPL: Sending a multicast-DIO with rank 456
441490926	ID:35	RPL: Sending a multicast-DIO with rank 485
443258347	ID:34	RPL: Sending a multicast-DIO with rank 430
443520479	ID:32	RPL: Sending a multicast-DIO with rank 292
443706852	ID:36	RPL: Sending a multicast-DIO with rank 456
446490926	ID:35	RPL: Sending a multicast-DIO with rank 485
448258347	ID:34	RPL: Sending a multicast-DIO with rank 430
448520479	ID:32	RPL: Sending a multicast-DIO with rank 292
448706852	ID:36	RPL: Sending a multicast-DIO with rank 456
451490926	ID:35	RPL: Sending a multicast-DIO with rank 485
453258347	ID:34	RPL: Sending a multicast-DIO with rank 430
453520479	ID:32	RPL: Sending a multicast-DIO with rank 292
453706852	ID:36	RPL: Sending a multicast-DIO with rank 456
456490926	ID:35	RPL: Sending a multicast-DIO with rank 485
458258347	ID:34	RPL: Sending a multicast-DIO with rank 430
458520479	ID:32	RPL: Sending a multicast-DIO with rank 292
458706852	ID:36	RPL: Sending a multicast-DIO with rank 456
461490926	ID:35	RPL: Sending a multicast-DIO with rank 485
463258347	ID:34	RPL: Sending a multicast-DIO with rank 430
463520479	ID:32	RPL: Sending a multicast-DIO with rank 292
463706852	ID:36	RPL: Sending a multicast-DIO with rank 456
466490926	ID:35	RPL: Sending a multicast-DIO with rank 485
468258347	ID:34	RPL: Sending a multicast-DIO with rank 430
468520479	ID:32	RPL: Sending a multicast-DIO with rank 292
468706852	ID:36	RPL: Sending a multicast-DIO with rank 456
471490926	ID:35	RPL: Sending a multicast-DIO with rank 485
473258347	ID:34	RPL: Sending a multicast-DIO with rank 430
473520479	ID:32	RPL: Sending a multicast-DIO with rank 292
473706852	ID:36	RPL: Sending a multicast-DIO with rank 456
476490926	ID:35	RPL: Sending a multicast-DIO with rank 485
478258347	ID:34	RPL: Sending a multicast-DIO with rank 430
478520479	ID:32	RPL: Sending a multicast-DIO with rank 292
478706852	ID:36	RPL: Sending a multicast-DIO with rank 456
481490926	ID:35	RPL: Sending a multicast-DIO with rank 485
483258347	ID:34	RPL: Sending a multicast-DIO with rank 430
483520479	ID:32	RPL: Sending a multicast-DIO with rank 292
483706852	ID:36	RPL: Sending a multicast-DIO with rank 456
486490926	ID:35	RPL: Sending a multicast-DIO with rank 485
488120377	ID:33	RPL: Sending a DIS to fe80::c30c:0:0:2
488258347	ID:34	RPL: Sending a multicast-DIO with rank 430
488520479	ID:32	RPL: Sending a multicast-DIO with rank 292
488706852	ID:36	RPL: Sending a multicast-DIO with rank 456
491490926	ID:35	RPL: Sending a multicast-DIO with rank 485
493258347	ID:34	RPL: Sending a multicast-DIO with rank 430
493520479	ID:32	RPL: Sending a multicast-DIO with rank 292
493706852	ID:36	RPL: Sending a multicast-DIO with rank 456
496490926	ID:35	RPL: Sending a multicast-DIO with rank 485
498258347	ID:34	RPL: Sending a multicast-DIO with rank 430
498520479	ID:32	RPL: Sending a multicast-DIO with rank 292
498706852	ID:36	RPL: Sending a multicast-DIO with rank 456
501490926	ID:35	RPL: Sending a multicast-DIO with rank 485
503258347	ID:34	RPL: Sending a multicast-DIO with rank 430
503520479	ID:32	RPL: Sending a multicast-DIO with rank 292
503706852	ID:36	RPL: Sending a multicast-DIO with rank 456
506490926	ID:35	RPL: Sending a multicast-DIO with rank 485
508258347	ID:34	RPL: Sending a multicast-DIO with rank 430
508520479	ID:32	RPL: Sending a multicast-DIO with rank 292
508706852	ID:36	RPL: Sending a multicast-DIO with rank 456
511490926	ID:35	RPL: Sending a multicast-DIO with rank 485
513258347	ID:34	RPL: Sending a multicast-DIO with rank 430
513520479	ID:32	RPL: Sending a multicast-DIO with rank 292
513706852	ID:36	RPL: Sending a multicast-DIO with rank 456
516490926	ID:35	RPL: Sending a multicast-DIO with rank 485
518258347	ID:34	RPL: Sending a multicast-DIO with rank 430
518520479	ID:32	RPL: Sending a multicast-DIO with rank 292
518706852	ID:36	RPL: Sending a multicast-DIO with rank 456
521490926	ID:35	RPL: Sending a multicast-DIO with rank 485
523258347	ID:34	RPL: Sending a multicast-DIO with rank 430
523520479	ID:32	RPL: Sending a multicast-DIO with rank 292
523706852	ID:36	RPL: Sending a multicast-DIO with rank 456
526490926	ID:35	RPL: Sending a multicast-DIO with rank 485
528258347	ID:34	RPL: Sending a multicast-DIO with rank 430
528520479	ID:32	RPL: Sending a multicast-DIO with rank 292
528706852	ID:36	RPL: Sending a multicast-DIO with rank 456
531490926	ID:35	RPL: Sending a multicast-DIO with rank 485
533258347	ID:34	RPL: Sending a multicast-DIO with rank 430
533520479	ID:32	RPL: Sending a multicast-DIO with rank 292
533706852	ID:36	RPL: Sending a multicast-DIO with rank 456
536490926	ID:35	RPL: Sending a multicast-DIO with rank 485
538258347	ID:34	RPL: Sending a multicast-DIO with rank 430
538520479	ID:32	RPL: Sending a multicast-DIO with rank 292
538706852	ID:36	RPL: Sending a multicast-DIO with rank 456
541490926	ID:35	RPL: Sending a multicast-DIO with rank 485
543258347	ID:34	RPL: Sending a multicast-DIO with rank 430
543520479	ID:32	RPL: Sending a multicast-DIO with rank 292
543706852	ID:36	RPL: Sending a multicast-DIO with rank 456
546490926	ID:35	RPL: Sending a multicast-DIO with rank 485
548120377	ID:33	RPL: Sending a DIS to fe80::c30c:0:0:2
548258347	ID:34	RPL: Sending a multicast-DIO with rank 430
548520479	ID:32	RPL: Sending a multicast-DIO with rank 292
548706852	ID:36	RPL: Sending a multicast-DIO with rank 456
551490926	ID:35	RPL: Sending a multicast-DIO with rank 485
553258347	ID:34	RPL: Sending a multicast-DIO with rank 430
553520479	ID:32	RPL: Sending a multicast-DIO with rank 292
553706852	ID:36	RPL: Sending a multicast-DIO with rank 456
556490926	ID:35	RPL: Sending a multicast-DIO with rank 485
558258347	ID:34	RPL: Sending a multicast-DIO with rank 430
558520479	ID:32	RPL: Sending a multicast-DIO with rank 292
558706852	ID:36	RPL: Sending a multicast-DIO with rank 456
561490926	ID:35	RPL: Sending a multicast-DIO with rank 485
563258347	ID:34	RPL: Sending a multicast-DIO with rank 430
563520479	ID:32	RPL: Sending a multicast-DIO with rank 292
563706852	ID:36	RPL: Sending a multicast-DIO with rank 456
566490926	ID:35	RPL: Sending a multicast-DIO with rank 485
568258347	ID:34	RPL: Sending a multicast-DIO with rank 430
568520479	ID:32	RPL: Sending a multicast-DIO with rank 292
568706852	ID:36	RPL: Sending a multicast-DIO with rank 456
571490926	ID:35	RPL: Sending a multicast-DIO with rank 485
573258347	ID:34	RPL: Sending a multicast-DIO with rank 430
573520479	ID:32	RPL: Sending a multicast-DIO with rank 292
573706852	ID:36	RPL: Sending a multicast-DIO with rank 456
576490926	ID:35	RPL: Sending a multicast-DIO with rank 485
578258347	ID:34	RPL: Sending a multicast-DIO with rank 430
578520479	ID:32	RPL: Sending a multicast-DIO with rank 292
578706852	ID:36	RPL: Sending a multicast-DIO with rank 456
581490926	ID:35	RPL: Sending a multicast-DIO with rank 485
583258347	ID:34	RPL: Sending a multicast-DIO with rank 430
583520479	ID:32	RPL: Sending a multicast-DIO with rank 292
583706852	ID:36	RPL: Sending a multicast-DIO with rank 456
586490926	ID:35	RPL: Sending a multicast-DIO with rank 485
588258347	ID:34	RPL: Sending a multicast-DIO with rank 430
588520479	ID:32	RPL: Sending a multicast-DIO with rank 292
588706852	ID:36	RPL: Sending a multicast-DIO with rank 456
591490926	ID:35	RPL: Sending a multicast-DIO with rank 485
593258347	ID:34	RPL: Sending a multicast-DIO with rank 430
593520479	ID:32	RPL: Sending a multicast-DIO with rank 292
593706852	ID:36	RPL: Sending a multicast-DIO with rank 456
596490926	ID:35	RPL: Sending a multicast-DIO with rank 485
598258347	ID:34	RPL: Sending a multicast-DIO with rank 430
598520479	ID:32	RPL: Sending a multicast-DIO with rank 292
598706852	ID:36	RPL: Sending a multicast-DIO with rank 456
601490926	ID:35	RPL: Sending a multicast-DIO with rank 485
603258347	ID:34	RPL: Sending a multicast-DIO with rank 430
603520479	ID:32	RPL: Sending a multicast-DIO with rank 292
603706852	ID:36	RPL: Sending a multicast-DIO with rank 456
606490926	ID:35	RPL: Sending a multicast-DIO with rank 485
608120377	ID:33	RPL: Sending a DIS to fe80::c30c:0:0:2
608258347	ID:34	RPL: Sending a multicast-DIO with rank 430
608520479	ID:32	RPL: Sending a multicast-DIO with rank 292
608706852	ID:36	RPL: Sending a multicast-DIO with rank 456
611490926	ID:35	RPL: Sending a multicast-DIO with rank 485
613258347	ID:34	RPL: Sending a multicast-DIO with rank 430
613520479	ID:32	RPL: Sending a multicast-DIO with rank 292
613706852	ID:36	RPL: Sending a multicast-DIO with rank 456
616490926	ID:35	RPL: Sending a multicast-DIO with rank 485
618258347	ID:34	RPL: Sending a multicast-DIO with rank 430
618520479	ID:32	RPL: Sending a multicast-DIO with rank 292
618706852	ID:36	RPL: Sending a multicast-DIO with rank 456
621490926	ID:35	RPL: Sending a multicast-DIO with rank 485
623258347	ID:34	RPL: Sending a multicast-DIO with rank 430
623520479	ID:32	RPL: Sending a multicast-DIO with rank 292
623706852	ID:36	RPL: Sending a multicast-DIO with rank 456
626490926	ID:35	RPL: Sending a multicast-DIO with rank 485
628258347	ID:34	RPL: Sending a multicast-DIO with rank 430
628520479	ID:32	RPL: Sending a multicast-DIO with rank 292
628706852	ID:36	RPL: Sending a multicast-DIO with rank 456
631490926	ID:35	RPL: Sending a multicast-DIO with rank 485
633258347	ID:34	RPL: Sending a multicast-DIO with rank 430
633520479	ID:32	RPL: Sending a multicast-DIO with rank 292
633706852	ID:36	RPL: Sending a multicast-DIO with rank 456
636490926	ID:35	RPL: Sending a multicast-DIO with rank 485
638258347	ID:34	RPL: Sending a multicast-DIO with rank 430
638520479	ID:32	RPL: Sending a multicast-DIO with rank 292
638706852	ID:36	RPL: Sending a multicast-DIO with rank 456
641490926	ID:35	RPL: Sending a multicast-DIO with rank 485
643258347	ID:34	RPL: Sending a multicast-DIO with rank 430
643520479	ID:32	RPL: Sending a multicast-DIO with rank 292
643706852	ID:36	RPL: Sending a multicast-DIO with rank 456
646490926	ID:35	RPL: Sending a multicast-DIO with rank 485
648258347	ID:34	RPL: Sending a multicast-DIO with rank 430
648520479	ID:32	RPL: Sending a multicast-DIO with rank 292
648706852	ID:36	RPL: Sending a multicast-DIO with rank 456
651490926	ID:35	RPL: Sending a multicast-DIO with rank 485
653258347	ID:34	RPL: Sending a multicast-DIO with rank 430
653520479	ID:32	RPL: Sending a multicast-DIO with rank 292
653706852	ID:36	RPL: Sending a multicast-DIO with rank 456
656490926	ID:35	RPL: Sending a multicast-DIO with rank 485
658258347	ID:34	RPL: Sending a multicast-DIO with rank 430
658520479	ID:32	RPL: Sending a multicast-DIO with rank 292
658706852	ID:36	RPL: Sending a multicast-DIO with rank 456
661490926	ID:35	RPL: Sending a multicast-DIO with rank 485
663258347	ID:34	RPL: Sending a multicast-DIO with rank 430
663520479	ID:32	RPL: Sending a multicast-DIO with rank 292
663706852	ID:36	RPL: Sending a multicast-DIO with rank 456
666490926	ID:35	RPL: Sending a multicast-DIO with rank 485
668120377	ID:33	RPL: Sending a DIS to fe80::c30c:0:0:2
668258347	ID:34	RPL: Sending a multicast-DIO with rank 430
668520479	ID:32	RPL: Sending a multicast-DIO with rank 292
668706852	ID:36	RPL: Sending a multicast-DIO with rank 456
671490926	ID:35	RPL: Sending a multicast-DIO with rank 485
673258347	ID:34	RPL: Sending a multicast-DIO with rank 430
673520479	ID:32	RPL: Sending a multicast-DIO with rank 292
673706852	ID:36	RPL: Sending a multicast-DIO with rank 456
676490926	ID:35	RPL: Sending a multicast-DIO with rank 485
678258347	ID:34	RPL: Sending a multicast-DIO with rank 430
678520479	ID:32	RPL: Sending a multicast-DIO with rank 292
678706852	ID:36	RPL: Sending a multicast-DIO with rank 456
681490926	ID:35	RPL: Sending a multicast-DIO with rank 485
683258347	ID:34	RPL: Sending a multicast-DIO with rank 430
683520479	ID:32	RPL: Sending a multicast-DIO with rank 292
683706852	ID:36	RPL: Sending a multicast-DIO with rank 456
686490926	ID:35	RPL: Sending a multicast-DIO with rank 485
688258347	ID:34	RPL: Sending a multicast-DIO with rank 430
688520479	ID:32	RPL: Sending a multicast-DIO with rank 292
688706852	ID:36	RPL: Sending a multicast-DIO with rank 456
691490927	ID:35	RPL: Sending a multicast-DIO with rank 485
693258347	ID:34	RPL: Sending a multicast-DIO with rank 430
693520480	ID:32	RPL: Sending a multicast-DIO with rank 292
693706852	ID:36	RPL: Sending a multicast-DIO with rank 456
696490926	ID:35	RPL: Sending a multicast-DIO with rank 485
698258347	ID:34	RPL: Sending a multicast-DIO with rank 430
698520479	ID:32	RPL: Sending a multicast-DIO with rank 292
698706852	ID:36	RPL: Sending a multicast-DIO with rank 456
701490927	ID:35	RPL: Sending a multicast-DIO with rank 485
703258347	ID:34	RPL: Sending a multicast-DIO with rank 430
703520480	ID:32	RPL: Sending a multicast-DIO with rank 292
703706852	ID:36	RPL: Sending a multicast-DIO with rank 456
706490927	ID:35	RPL: Sending a multicast-DIO with rank 485
708258347	ID:34	RPL: Sending a multicast-DIO with rank 430
708520480	ID:32	RPL: Sending a multicast-DIO with rank 292
708706852	ID:36	RPL: Sending a multicast-DIO with rank 456
711490926	ID:35	RPL: Sending a multicast-DIO with rank 485
713258347	ID:34	RPL: Sending a multicast-DIO with rank 430
713520479	ID:32	RPL: Sending a multicast-DIO with rank 292
713706852	ID:36	RPL: Sending a multicast-DIO with rank 456
716490927	ID:35	RPL: Sending a multicast-DIO with rank 485
718258347	ID:34	RPL: Sending a multicast-DIO with rank 430
718520480	ID:32	RPL: Sending a multicast-DIO with rank 292
718706852	ID:36	RPL: Sending a multicast-DIO with rank 456
721490927	ID:35	RPL: Sending a multicast-DIO with rank 485
723258347	ID:34	RPL: Sending a multicast-DIO with rank 430
723520480	ID:32	RPL: Sending a multicast-DIO with rank 292
723706852	ID:36	RPL: Sending a multicast-DIO with rank 456
726490926	ID:35	RPL: Sending a multicast-DIO with rank 485
728121026	ID:33	RPL: Sending a DIS to fe80::c30c:0:0:2
728258347	ID:34	RPL: Sending a multicast-DIO with rank 430
728520479	ID:32	RPL: Sending a multicast-DIO with rank 292
728706852	ID:36	RPL: Sending a multicast-DIO with rank 456
731490927	ID:35	RPL: Sending a multicast-DIO with rank 485
733258347	ID:34	RPL: Sending a multicast-DIO with rank 430
733520480	ID:32	RPL: Sending a multicast-DIO with rank 292
733706852	ID:36	RPL: Sending a multicast-DIO with rank 456
736490927	ID:35	RPL: Sending a multicast-DIO with rank 485
738258347	ID:34	RPL: Sending a multicast-DIO with rank 430
738520480	ID:32	RPL: Sending a multicast-DIO with rank 292
738706852	ID:36	RPL: Sending a multicast-DIO with rank 456
741490926	ID:35	RPL: Sending a multicast-DIO with rank 485
743258347	ID:34	RPL: Sending a multicast-DIO with rank 430
743520479	ID:32	RPL: Sending a multicast-DIO with rank 292
743706852	ID:36	RPL: Sending a multicast-DIO with rank 456
746490927	ID:35	RPL: Sending a multicast-DIO with rank 485
748258347	ID:34	RPL: Sending a multicast-DIO with rank 430
748520480	ID:32	RPL: Sending a multicast-DIO with rank 292
748706852	ID:36	RPL: Sending a multicast-DIO with rank 456
751490926	ID:35	RPL: Sending a multicast-DIO with rank 485
753258347	ID:34	RPL: Sending a multicast-DIO with rank 430
753520480	ID:32	RPL: Sending a multicast-DIO with rank 292
753706852	ID:36	RPL: Sending a multicast-DIO with rank 456
756490933	ID:35	RPL: Sending a multicast-DIO with rank 485
758258347	ID:34	RPL: Sending a multicast-DIO with rank 430
758520480	ID:32	RPL: Sending a multicast-DIO with rank 292
758706852	ID:36	RPL: Sending a multicast-DIO with rank 456
761490927	ID:35	RPL: Sending a multicast-DIO with rank 485
763258354	ID:34	RPL: Sending a multicast-DIO with rank 430
763520480	ID:32	RPL: Sending a multicast-DIO with rank 292
763706852	ID:36	RPL: Sending a multicast-DIO with rank 456
766490927	ID:35	RPL: Sending a multicast-DIO with rank 485
768258347	ID:34	RPL: Sending a multicast-DIO with rank 430
768520480	ID:32	RPL: Sending a multicast-DIO with rank 292
768706852	ID:36	RPL: Sending a multicast-DIO with rank 456
771490926	ID:35	RPL: Sending a multicast-DIO with rank 485
773258347	ID:34	RPL: Sending a multicast-DIO with rank 430
773520479	ID:32	RPL: Sending a multicast-DIO with rank 292
773706852	ID:36	RPL: Sending a multicast-DIO with rank 456
776490927	ID:35	RPL: Sending a multicast-DIO with rank 485
778258347	ID:34	RPL: Sending a multicast-DIO with rank 430
778520480	ID:32	RPL: Sending a multicast-DIO with rank 292
778706852	ID:36	RPL: Sending a multicast-DIO with rank 456
781490927	ID:35	RPL: Sending a multicast-DIO with rank 485
783258347	ID:34	RPL: Sending a multicast-DIO with rank 430
783520480	ID:32	RPL: Sending a multicast-DIO with rank 292
783706852	ID:36	RPL: Sending a multicast-DIO with rank 456
786490926	ID:35	RPL: Sending a multicast-DIO with rank 485
788120377	ID:33	RPL: Sending a DIS to fe80::c30c:0:0:2
788258347	ID:34	RPL: Sending a multicast-DIO with rank 430
788520479	ID:32	RPL: Sending a multicast-DIO with rank 292
788706852	ID:36	RPL: Sending a multicast-DIO with rank 456
791490927	ID:35	RPL: Sending a multicast-DIO with rank 485
793258347	ID:34	RPL: Sending a multicast-DIO with rank 430
793520480	ID:32	RPL: Sending a multicast-DIO with rank 292
793706852	ID:36	RPL: Sending a multicast-DIO with rank 456
796490927	ID:35	RPL: Sending a multicast-DIO with rank 485
798258347	ID:34	RPL: Sending a multicast-DIO with rank 430
798520480	ID:32	RPL: Sending a multicast-DIO with rank 292
798706852	ID:36	RPL: Sending a multicast-DIO with rank 456
801490926	ID:35	RPL: Sending a multicast-DIO with rank 485
803258347	ID:34	RPL: Sending a multicast-DIO with rank 430
803520479	ID:32	RPL: Sending a multicast-DIO with rank 292
803706852	ID:36	RPL: Sending a multicast-DIO with rank 456
806490926	ID:35	RPL: Sending a multicast-DIO with rank 485
808258347	ID:34	RPL: Sending a multicast-DIO with rank 430
808520480	ID:32	RPL: Sending a multicast-DIO with rank 292
808706852	ID:36	RPL: Sending a multicast-DIO with rank 456
811490927	ID:35	RPL: Sending a multicast-DIO with rank 485
813258347	ID:34	RPL: Sending a multicast-DIO with rank 430
813520480	ID:32	RPL: Sending a multicast-DIO with rank 292
813706852	ID:36	RPL: Sending a multicast-DIO with rank 456
816490926	ID:35	RPL: Sending a multicast-DIO with rank 485
818258347	ID:34	RPL: Sending a multicast-DIO with rank 430
818520479	ID:32	RPL: Sending a multicast-DIO with rank 292
818706852	ID:36	RPL: Sending a multicast-DIO with rank 456
821490927	ID:35	RPL: Sending a multicast-DIO with rank 485
823258347	ID:34	RPL: Sending a multicast-DIO with rank 430
823520487	ID:32	RPL: Sending a multicast-DIO with rank 292
823706852	ID:36	RPL: Sending a multicast-DIO with rank 456
826490926	ID:35	RPL: Sending a multicast-DIO with rank 485
828258347	ID:34	RPL: Sending a multicast-DIO with rank 430
828520480	ID:32	RPL: Sending a multicast-DIO with rank 292
828706852	ID:36	RPL: Sending a multicast-DIO with rank 456
831490926	ID:35	RPL: Sending a multicast-DIO with rank 485
833258347	ID:34	RPL: Sending a multicast-DIO with rank 430
833520479	ID:32	RPL: Sending a multicast-DIO with rank 292
833706852	ID:36	RPL: Sending a multicast-DIO with rank 456
836490927	ID:35	RPL: Sending a multicast-DIO with rank 485
838258347	ID:34	RPL: Sending a multicast-DIO with rank 430
838520480	ID:32	RPL: Sending a multicast-DIO with rank 292
838706852	ID:36	RPL: Sending a multicast-DIO with rank 456
841490927	ID:35	RPL: Sending a multicast-DIO with rank 485
843258347	ID:34	RPL: Sending a multicast-DIO with rank 430
843520480	ID:32	RPL: Sending a multicast-DIO with rank 292
843706852	ID:36	RPL: Sending a multicast-DIO with rank 456
846490926	ID:35	RPL: Sending a multicast-DIO with rank 485
848120377	ID:33	RPL: Sending a DIS to fe80::c30c:0:0:2
848258347	ID:34	RPL: Sending a multicast-DIO with rank 430
848520479	ID:32	RPL: Sending a multicast-DIO with rank 292
848706852	ID:36	RPL: Sending a multicast-DIO with rank 456
851490927	ID:35	RPL: Sending a multicast-DIO with rank 485
853258347	ID:34	RPL: Sending a multicast-DIO with rank 430
853520480	ID:32	RPL: Sending a multicast-DIO with rank 292
853706859	ID:36	RPL: Sending a multicast-DIO with rank 456
856490926	ID:35	RPL: Sending a multicast-DIO with rank 485
858258347	ID:34	RPL: Sending a multicast-DIO with rank 430
858520480	ID:32	RPL: Sending a multicast-DIO with rank 292
858706852	ID:36	RPL: Sending a multicast-DIO with rank 456
861490927	ID:35	RPL: Sending a multicast-DIO with rank 485
863258347	ID:34	RPL: Sending a multicast-DIO with rank 430
863520479	ID:32	RPL: Sending a multicast-DIO with rank 292
863706852	ID:36	RPL: Sending a multicast-DIO with rank 456
866490926	ID:35	RPL: Sending a multicast-DIO with rank 485
868258347	ID:34	RPL: Sending a multicast-DIO with rank 430
868520480	ID:32	RPL: Sending a multicast-DIO with rank 292
868706852	ID:36	RPL: Sending a multicast-DIO with rank 456
871490927	ID:35	RPL: Sending a multicast-DIO with rank 485
873258347	ID:34	RPL: Sending a multicast-DIO with rank 430
873520480	ID:32	RPL: Sending a multicast-DIO with rank 292
873706852	ID:36	RPL: Sending a multicast-DIO with rank 456
876490926	ID:35	RPL: Sending a multicast-DIO with rank 485
878258347	ID:34	RPL: Sending a multicast-DIO with rank 430
878520479	ID:32	RPL: Sending a multicast-DIO with rank 292
878706852	ID:36	RPL: Sending a multicast-DIO with rank 456
881490927	ID:35	RPL: Sending a multicast-DIO with rank 485
883258347	ID:34	RPL: Sending a multicast-DIO with rank 430
883520480	ID:32	RPL: Sending a multicast-DIO with rank 292
883706852	ID:36	RPL: Sending a multicast-DIO with rank 456
886490927	ID:35	RPL: Sending a multicast-DIO with rank 485
888258347	ID:34	RPL: Sending a multicast-DIO with rank 430
888520480	ID:32	RPL: Sending a multicast-DIO with rank 292
888706852	ID:36	RPL: Sending a multicast-DIO with rank 456
891490926	ID:35	RPL: Sending a multicast-DIO with rank 485
893258347	ID:34	RPL: Sending a multicast-DIO with rank 430
893520479	ID:32	RPL: Sending a multicast-DIO with rank 292
893706852	ID:36	RPL: Sending a multicast-DIO with rank 456
896490927	ID:35	RPL: Sending a multicast-DIO with rank 485
898258347	ID:34	RPL: Sending a multicast-DIO with rank 430
898520480	ID:32	RPL: Sending a multicast-DIO with rank 292
898706852	ID:36	RPL: Sending a multicast-DIO with rank 456
901490927	ID:35	RPL: Sending a multicast-DIO with rank 485
903258347	ID:34	RPL: Sending a multicast-DIO with rank 430
903520480	ID:32	RPL: Sending a multicast-DIO with rank 292
903706852	ID:36	RPL: Sending a multicast-DIO with rank 456
906490926	ID:35	RPL: Sending a multicast-DIO with rank 485
908120499	ID:33	RPL: Sending a DIS to fe80::c30c:0:0:2
908258347	ID:34	RPL: Sending a multicast-DIO with rank 430
908520480	ID:32	RPL: Sending a multicast-DIO with rank 292
908706852	ID:36	RPL: Sending a multicast-DIO with rank 456
911490927	ID:35	RPL: Sending a multicast-DIO with rank 485
913258347	ID:34	RPL: Sending a multicast-DIO with rank 430
913520480	ID:32	RPL: Sending a multicast-DIO with rank 292
913706852	ID:36	RPL: Sending a multicast-DIO with rank 456
916490927	ID:35	RPL: Sending a multicast-DIO with rank 485
918258347	ID:34	RPL: Sending a multicast-DIO with rank 430
918520480	ID:32	RPL: Sending a multicast-DIO with rank 292
918706852	ID:36	RPL: Sending a multicast-DIO with rank 456
921490926	ID:35	RPL: Sending a multicast-DIO with rank 485
923258347	ID:34	RPL: Sending a multicast-DIO with rank 430
923520479	ID:32	RPL: Sending a multicast-DIO with rank 292
923706852	ID:36	RPL: Sending a multicast-DIO with rank 456
926490927	ID:35	RPL: Sending a multicast-DIO with rank 485
928258347	ID:34	RPL: Sending a multicast-DIO with rank 430
928520480	ID:32	RPL: Sending a multicast-DIO with rank 292
928706852	ID:36	RPL: Sending a multicast-DIO with rank 456
931490926	ID:35	RPL: Sending a multicast-DIO with rank 485
933258347	ID:34	RPL: Sending a multicast-DIO with rank 430
933520480	ID:32	RPL: Sending a multicast-DIO with rank 292
933706852	ID:36	RPL: Sending a multicast-DIO with rank 456
936490926	ID:35	RPL: Sending a multicast-DIO with rank 485
938258347	ID:34	RPL: Sending a multicast-DIO with rank 430
938520480	ID:32	RPL: Sending a multicast-DIO with rank 292
938706852	ID:36	RPL: Sending a multicast-DIO with rank 456
941490927	ID:35	RPL: Sending a multicast-DIO with rank 485
943258347	ID:34	RPL: Sending a multicast-DIO with rank 430
943520480	ID:32	RPL: Sending a multicast-DIO with rank 292
943706852	ID:36	RPL: Sending a multicast-DIO with rank 456
946490927	ID:35	RPL: Sending a multicast-DIO with rank 485
948258347	ID:34	RPL: Sending a multicast-DIO with rank 430
948520480	ID:32	RPL: Sending a multicast-DIO with rank 292
948706852	ID:36	RPL: Sending a multicast-DIO with rank 456
951490926	ID:35	RPL: Sending a multicast-DIO with rank 485
953258347	ID:34	RPL: Sending a multicast-DIO with rank 430
953520479	ID:32	RPL: Sending a multicast-DIO with rank 292
953706852	ID:36	RPL: Sending a multicast-DIO with rank 456
956490927	ID:35	RPL: Sending a multicast-DIO with rank 485
958258347	ID:34	RPL: Sending a multicast-DIO with rank 430
958520480	ID:32	RPL: Sending a multicast-DIO with rank 292
958706852	ID:36	RPL: Sending a multicast-DIO with rank 456
961490927	ID:35	RPL: Sending a multicast-DIO with rank 485
963258347	ID:34	RPL: Sending a multicast-DIO with rank 430
963520480	ID:32	RPL: Sending a multicast-DIO with rank 292
963706852	ID:36	RPL: Sending a multicast-DIO with rank 456
966490926	ID:35	RPL: Sending a multicast-DIO with rank 485
968120499	ID:33	RPL: Sending a DIS to fe80::c30c:0:0:2
968258347	ID:34	RPL: Sending a multicast-DIO with rank 430
968520479	ID:32	RPL: Sending a multicast-DIO with rank 292
968706852	ID:36	RPL: Sending a multicast-DIO with rank 456
971490927	ID:35	RPL: Sending a multicast-DIO with rank 485
973258347	ID:34	RPL: Sending a multicast-DIO with rank 430
973520480	ID:32	RPL: Sending a multicast-DIO with rank 292
973706852	ID:36	RPL: Sending a multicast-DIO with rank 456
976490927	ID:35	RPL: Sending a multicast-DIO with rank 485
978258347	ID:34	RPL: Sending a multicast-DIO with rank 430
978520480	ID:32	RPL: Sending a multicast-DIO with rank 292
978706852	ID:36	RPL: Sending a multicast-DIO with rank 456
981490927	ID:35	RPL: Sending a multicast-DIO with rank 485
983258347	ID:34	RPL: Sending a multicast-DIO with rank 430
983520479	ID:32	RPL: Sending a multicast-DIO with rank 292
983706852	ID:36	RPL: Sending a multicast-DIO with rank 456
986490927	ID:35	RPL: Sending a multicast-DIO with rank 485
988258347	ID:34	RPL: Sending a multicast-DIO with rank 430
988520480	ID:32	RPL: Sending a multicast-DIO with rank 292
988706852	ID:36	RPL: Sending a multicast-DIO with rank 456
991490927	ID:35	RPL: Sending a multicast-DIO with rank 485
993258347	ID:34	RPL: Sending a multicast-DIO with rank 430
993520480	ID:32	RPL: Sending a multicast-DIO with rank 292
993706852	ID:36	RPL: Sending a multicast-DIO with rank 456
996490927	ID:35	RPL: Sending a multicast-DIO with rank 485
998258347	ID:34	RPL: Sending a multicast-DIO with rank 430
998520480	ID:32	RPL: Sending a multicast-DIO with rank 292
998706852	ID:36	RPL: Sending a multicast-DIO with rank 456
1001490927	ID:35	RPL: Sending a multicast-DIO with rank 485
1003258347	ID:34	RPL: Sending a multicast-DIO with rank 430
1003520480	ID:32	RPL: Sending a multicast-DIO with rank 292
1003706852	ID:36	RPL: Sending a multicast-DIO with rank 456
1006490927	ID:35	RPL: Sending a multicast-DIO with rank 485
1008258347	ID:34	RPL: Sending a multicast-DIO with rank 430
1008520480	ID:32	RPL: Sending a multicast-DIO with rank 292
1008706852	ID:36	RPL: Sending a multicast-DIO with rank 456
1011490926	ID:35	RPL: Sending a multicast-DIO with rank 485
1013258347	ID:34	RPL: Sending a multicast-DIO with rank 430
1013520479	ID:32	RPL: Sending a multicast-DIO with rank 292
1013706852	ID:36	RPL: Sending a multicast-DIO with rank 456
1016490927	ID:35	RPL: Sending a multicast-DIO with rank 485
1018258347	ID:34	RPL: Sending a multicast-DIO with rank 430
1018520480	ID:32	RPL: Sending a multicast-DIO with rank 292
1018706852	ID:36	RPL: Sending a multicast-DIO with rank 456
1021490927	ID:35	RPL: Sending a multicast-DIO with rank 485
1023258347	ID:34	RPL: Sending a multicast-DIO with rank 430
1023520480	ID:32	RPL: Sending a multicast-DIO with rank 292
1023706852	ID:36	RPL: Sending a multicast-DIO with rank 456
1026490927	ID:35	RPL: Sending a multicast-DIO with rank 485
1028120500	ID:33	RPL: Sending a DIS to fe80::c30c:0:0:2
1028258348	ID:34	RPL: Sending a multicast-DIO with rank 430
1028520480	ID:32	RPL: Sending a multicast-DIO with rank 292
1028706853	ID:36	RPL: Sending a multicast-DIO with rank 456
1031490927	ID:35	RPL: Sending a multicast-DIO with rank 485
1033258348	ID:34	RPL: Sending a multicast-DIO with rank 430
1033520481	ID:32	RPL: Sending a multicast-DIO with rank 292
1033706853	ID:36	RPL: Sending a multicast-DIO with rank 456
1036490927	ID:35	RPL: Sending a multicast-DIO with rank 485
1038258348	ID:34	RPL: Sending a multicast-DIO with rank 430
1038520481	ID:32	RPL: Sending a multicast-DIO with rank 292
1038706853	ID:36	RPL: Sending a multicast-DIO with rank 456
1041490927	ID:35	RPL: Sending a multicast-DIO with rank 485
1043258348	ID:34	RPL: Sending a multicast-DIO with rank 430
1043520480	ID:32	RPL: Sending a multicast-DIO with rank 292
1043706853	ID:36	RPL: Sending a multicast-DIO with rank 456
1046490927	ID:35	RPL: Sending a multicast-DIO with rank 485
1048258348	ID:34	RPL: Sending a multicast-DIO with rank 430
1048520481	ID:32	RPL: Sending a multicast-DIO with rank 292
1048706853	ID:36	RPL: Sending a multicast-DIO with rank 456
1051490927	ID:35	RPL: Sending a multicast-DIO with rank 485
1053258348	ID:34	RPL: Sending a multicast-DIO with rank 430
1053520481	ID:32	RPL: Sending a multicast-DIO with rank 292
1053706853	ID:36	RPL: Sending a multicast-DIO with rank 456
1056490927	ID:35	RPL: Sending a multicast-DIO with rank 485
1058258348	ID:34	RPL: Sending a multicast-DIO with rank 430
1058520480	ID:32	RPL: Sending a multicast-DIO with rank 292
1058706853	ID:36	RPL: Sending a multicast-DIO with rank 456
1061490927	ID:35	RPL: Sending a multicast-DIO with rank 485
1063258348	ID:34	RPL: Sending a multicast-DIO with rank 430
1063520481	ID:32	RPL: Sending a multicast-DIO with rank 292
1063706853	ID:36	RPL: Sending a multicast-DIO with rank 456
1066490927	ID:35	RPL: Sending a multicast-DIO with rank 485
1068258348	ID:34	RPL: Sending a multicast-DIO with rank 430
1068520481	ID:32	RPL: Sending a multicast-DIO with rank 292
1068706853	ID:36	RPL: Sending a multicast-DIO with rank 456
1071490927	ID:35	RPL: Sending a multicast-DIO with rank 485
1073258355	ID:34	RPL: Sending a multicast-DIO with rank 430
1073520480	ID:32	RPL: Sending a multicast-DIO with rank 292
1073706853	ID:36	RPL: Sending a multicast-DIO with rank 456
1076490927	ID:35	RPL: Sending a multicast-DIO with rank 485
1078258348	ID:34	RPL: Sending a multicast-DIO with rank 430
1078520481	ID:32	RPL: Sending a multicast-DIO with rank 292
1078706853	ID:36	RPL: Sending a multicast-DIO with rank 456
1081490927	ID:35	RPL: Sending a multicast-DIO with rank 485
1083258348	ID:34	RPL: Sending a multicast-DIO with rank 430
1083520481	ID:32	RPL: Sending a multicast-DIO with rank 292
1083706853	ID:36	RPL: Sending a multicast-DIO with rank 456
1086490927	ID:35	RPL: Sending a multicast-DIO with rank 485
1088120500	ID:33	RPL: Sending a DIS to fe80::c30c:0:0:2
1088258348	ID:34	RPL: Sending a multicast-DIO with rank 430
1088520480	ID:32	RPL: Sending a multicast-DIO with rank 292
1088706853	ID:36	RPL: Sending a multicast-DIO with rank 456
1091490927	ID:35	RPL: Sending a multicast-DIO with rank 485
1093258348	ID:34	RPL: Sending a multicast-DIO with rank 430
1093520481	ID:32	RPL: Sending a multicast-DIO with rank 292
1093706853	ID:36	RPL: Sending a multicast-DIO with rank 456
1096490927	ID:35	RPL: Sending a multicast-DIO with rank 485
1098258348	ID:34	RPL: Sending a multicast-DIO with rank 430
1098520481	ID:32	RPL: Sending a multicast-DIO with rank 292
1098706853	ID:36	RPL: Sending a multicast-DIO with rank 456
1101490927	ID:35	RPL: Sending a multicast-DIO with rank 485
1103258348	ID:34	RPL: Sending a multicast-DIO with rank 430
1103520480	ID:32	RPL: Sending a multicast-DIO with rank 292
1103706853	ID:36	RPL: Sending a multicast-DIO with rank 456
1106490927	ID:35	RPL: Sending a multicast-DIO with rank 485
1108258348	ID:34	RPL: Sending a multicast-DIO with rank 430
1108520481	ID:32	RPL: Sending a multicast-DIO with rank 292
1108706853	ID:36	RPL: Sending a multicast-DIO with rank 456
1111490927	ID:35	RPL: Sending a multicast-DIO with rank 485
1113258348	ID:34	RPL: Sending a multicast-DIO with rank 430
1113520481	ID:32	RPL: Sending a multicast-DIO with rank 292
1113706853	ID:36	RPL: Sending a multicast-DIO with rank 456
1116490927	ID:35	RPL: Sending a multicast-DIO with rank 485
1118258348	ID:34	RPL: Sending a multicast-DIO with rank 430
1118520480	ID:32	RPL: Sending a multicast-DIO with rank 292
1118706853	ID:36	RPL: Sending a multicast-DIO with rank 456
1121490927	ID:35	RPL: Sending a multicast-DIO with rank 485
1123258348	ID:34	RPL: Sending a multicast-DIO with rank 430
1123520481	ID:32	RPL: Sending a multicast-DIO with rank 292
1123706853	ID:36	RPL: Sending a multicast-DIO with rank 456
1126490927	ID:35	RPL: Sending a multicast-DIO with rank 485
1128258348	ID:34	RPL: Sending a multicast-DIO with rank 430
1128520481	ID:32	RPL: Sending a multicast-DIO with rank 292
1128706853	ID:36	RPL: Sending a multicast-DIO with rank 456
1131490927	ID:35	RPL: Sending a multicast-DIO with rank 485
1133258348	ID:34	RPL: Sending a multicast-DIO with rank 430
1133520480	ID:32	RPL: Sending a multicast-DIO with rank 292
1133706853	ID:36	RPL: Sending a multicast-DIO with rank 456
1136490927	ID:35	RPL: Sending a multicast-DIO with rank 485
1138258348	ID:34	RPL: Sending a multicast-DIO with rank 430
1138520481	ID:32	RPL: Sending a multicast-DIO with rank 292
1138706853	ID:36	RPL: Sending a multicast-DIO with rank 456
1141490927	ID:35	RPL: Sending a multicast-DIO with rank 485
1143258348	ID:34	RPL: Sending a multicast-DIO with rank 430
1143520481	ID:32	RPL: Sending a multicast-DIO with rank 292
1143706853	ID:36	RPL: Sending a multicast-DIO with rank 456
1146490927	ID:35	RPL: Sending a multicast-DIO with rank 485
1148120500	ID:33	RPL: Sending a DIS to fe80::c30c:0:0:2
1148258348	ID:34	RPL: Sending a multicast-DIO with rank 430
1148520480	ID:32	RPL: Sending a multicast-DIO with rank 292
1148706853	ID:36	RPL: Sending a multicast-DIO with rank 456
1151490934	ID:35	RPL: Sending a multicast-DIO with rank 485
1153258348	ID:34	RPL: Sending a multicast-DIO with rank 430
1153520481	ID:32	RPL: Sending a multicast-DIO with rank 292
1153706853	ID:36	RPL: Sending a multicast-DIO with rank 456
1156490927	ID:35	RPL: Sending a multicast-DIO with rank 485
1158258348	ID:34	RPL: Sending a multicast-DIO with rank 430
1158520481	ID:32	RPL: Sending a multicast-DIO with rank 292
1158706853	ID:36	RPL: Sending a multicast-DIO with rank 456
1161490927	ID:35	RPL: Sending a multicast-DIO with rank 485
1163258348	ID:34	RPL: Sending a multicast-DIO with rank 430
1163520480	ID:32	RPL: Sending a multicast-DIO with rank 292
1163706853	ID:36	RPL: Sending a multicast-DIO with rank 456
1166490927	ID:35	RPL: Sending a multicast-DIO with rank 485
1168258348	ID:34	RPL: Sending a multicast-DIO with rank 430
1168520487	ID:32	RPL: Sending a multicast-DIO with rank 292
1168706853	ID:36	RPL: Sending a multicast-DIO with rank 456
1171490927	ID:35	RPL: Sending a multicast-DIO with rank 485
1173258348	ID:34	RPL: Sending a multicast-DIO with rank 430
1173520481	ID:32	RPL: Sending a multicast-DIO with rank 292
1173706853	ID:36	RPL: Sending a multicast-DIO with rank 456
1176490927	ID:35	RPL: Sending a multicast-DIO with rank 485
1178258348	ID:34	RPL: Sending a multicast-DIO with rank 430
1178520480	ID:32	RPL: Sending a multicast-DIO with rank 292
1178706853	ID:36	RPL: Sending a multicast-DIO with rank 456
1181490927	ID:35	RPL: Sending a multicast-DIO with rank 485
1183258348	ID:34	RPL: Sending a multicast-DIO with rank 430
1183520481	ID:32	RPL: Sending a multicast-DIO with rank 292
1183706853	ID:36	RPL: Sending a multicast-DIO with rank 456
1186490927	ID:35	RPL: Sending a multicast-DIO with rank 485
1188258348	ID:34	RPL: Sending a multicast-DIO with rank 430
1188520481	ID:32	RPL: Sending a multicast-DIO with rank 292
1188706853	ID:36	RPL: Sending a multicast-DIO with rank 456
1191490927	ID:35	RPL: Sending a multicast-DIO with rank 485
1193258348	ID:34	RPL: Sending a multicast-DIO with rank 430
1193520480	ID:32	RPL: Sending a multicast-DIO with rank 292
1193706853	ID:36	RPL: Sending a multicast-DIO with rank 456
1196490927	ID:35	RPL: Sending a multicast-DIO with rank 485
1198258348	ID:34	RPL: Sending a multicast-DIO with rank 430
1198520481	ID:32	RPL: Sending a multicast-DIO with rank 292
1198706853	ID:36	RPL: Sending a multicast-DIO with rank 456
1201490927	ID:35	RPL: Sending a multicast-DIO with rank 485
1203258353	ID:34	RPL: Sending a multicast-DIO with rank 430
1203520486	ID:32	RPL: Sending a multicast-DIO with rank 292
1203706858	ID:36	RPL: Sending a multicast-DIO with rank 456
1206490932	ID:35	RPL: Sending a multicast-DIO with rank 485
1208120499	ID:33	RPL: Sending a DIS to fe80::c30c:0:0:2
1208258347	ID:34	RPL: Sending a multicast-DIO with rank 430
1208520479	ID:32	RPL: Sending a multicast-DIO with rank 292
1208706852	ID:36	RPL: Sending a multicast-DIO with rank 456
1211490926	ID:35	RPL: Sending a multicast-DIO with rank 485
1213258347	ID:34	RPL: Sending a multicast-DIO with rank 430
1213520479	ID:32	RPL: Sending a multicast-DIO with rank 292
1213706852	ID:36	RPL: Sending a multicast-DIO with rank 456
1216490926	ID:35	RPL: Sending a multicast-DIO with rank 485
1218258347	ID:34	RPL: Sending a multicast-DIO with rank 430
1218520479	ID:32	RPL: Sending a multicast-DIO with rank 292
1218706852	ID:36	RPL: Sending a multicast-DIO with rank 456
1221490926	ID:35	RPL: Sending a multicast-DIO with rank 485
1223258347	ID:34	RPL: Sending a multicast-DIO with rank 430
1223520479	ID:32	RPL: Sending a multicast-DIO with rank 292
1223706852	ID:36	RPL: Sending a multicast-DIO with rank 456
1226490926	ID:35	RPL: Sending a multicast-DIO with rank 485
1228258347	ID:34	RPL: Sending a multicast-DIO with rank 430
1228520479	ID:32	RPL: Sending a multicast-DIO with rank 292
1228706852	ID:36	RPL: Sending a multicast-DIO with rank 456
1231490926	ID:35	RPL: Sending a multicast-DIO with rank 485
1233258347	ID:34	RPL: Sending a multicast-DIO with rank 430
1233520479	ID:32	RPL: Sending a multicast-DIO with rank 292
1233706852	ID:36	RPL: Sending a multicast-DIO with rank 456
1236490926	ID:35	RPL: Sending a multicast-DIO with rank 485
1238258347	ID:34	RPL: Sending a multicast-DIO with rank 430
1238520479	ID:32	RPL: Sending a multicast-DIO with rank 292
1238706852	ID:36	RPL: Sending a multicast-DIO with rank 456
1241490926	ID:35	RPL: Sending a multicast-DIO with rank 485
1243258347	ID:34	RPL: Sending a multicast-DIO with rank 430
1243520479	ID:32	RPL: Sending a multicast-DIO with rank 292
1243706852	ID:36	RPL: Sending a multicast-DIO with rank 456
1246490926	ID:35	RPL: Sending a multicast-DIO with rank 485
1248258347	ID:34	RPL: Sending a multicast-DIO with rank 430
1248520479	ID:32	RPL: Sending a multicast-DIO with rank 292
1248706852	ID:36	RPL: Sending a multicast-DIO with rank 456
1251490926	ID:35	RPL: Sending a multicast-DIO with rank 485
1253258347	ID:34	RPL: Sending a multicast-DIO with rank 430
1253520479	ID:32	RPL: Sending a multicast-DIO with rank 292
1253706852	ID:36	RPL: Sending a multicast-DIO with rank 456
1256490926	ID:35	RPL: Sending a multicast-DIO with rank 485
1258258347	ID:34	RPL: Sending a multicast-DIO with rank 430
1258520479	ID:32	RPL: Sending a multicast-DIO with rank 292
1258706852	ID:36	RPL: Sending a multicast-DIO with rank 456
1261490926	ID:35	RPL: Sending a multicast-DIO with rank 485
1263258347	ID:34	RPL: Sending a multicast-DIO with rank 430
1263520479	ID:32	RPL: Sending a multicast-DIO with rank 292
1263706852	ID:36	RPL: Sending a multicast-DIO with rank 456
1266490926	ID:35	RPL: Sending a multicast-DIO with rank 485
1268120499	ID:33	RPL: Sending a DIS to fe80::c30c:0:0:2
1268258347	ID:34	RPL: Sending a multicast-DIO with rank 430
1268520479	ID:32	RPL: Sending a multicast-DIO with rank 292
1268706852	ID:36	RPL: Sending a multicast-DIO with rank 456
1271490926	ID:35	RPL: Sending a multicast-DIO with rank 485
1273258347	ID:34	RPL: Sending a multicast-DIO with rank 430
1273520479	ID:32	RPL: Sending a multicast-DIO with rank 292
1273706859	ID:36	RPL: Sending a multicast-DIO with rank 456
1276490926	ID:35	RPL: Sending a multicast-DIO with rank 485
1278258347	ID:34	RPL: Sending a multicast-DIO with rank 430
1278520479	ID:32	RPL: Sending a multicast-DIO with rank 292
1278706852	ID:36	RPL: Sending a multicast-DIO with rank 456
1281490926	ID:35	RPL: Sending a multicast-DIO with rank 485
1283258347	ID:34	RPL: Sending a multicast-DIO with rank 430
1283520479	ID:32	RPL: Sending a multicast-DIO with rank 292
1283706852	ID:36	RPL: Sending a multicast-DIO with rank 456
1286490926	ID:35	RPL: Sending a multicast-DIO with rank 485
1288258347	ID:34	RPL: Sending a multicast-DIO with rank 430
1288520479	ID:32	RPL: Sending a multicast-DIO with rank 292
1288706852	ID:36	RPL: Sending a multicast-DIO with rank 456
1291490926	ID:35	RPL: Sending a multicast-DIO with rank 485
1293258347	ID:34	RPL: Sending a multicast-DIO with rank 430
1293520479	ID:32	RPL: Sending a multicast-DIO with rank 292
1293706852	ID:36	RPL: Sending a multicast-DIO with rank 456
1296490926	ID:35	RPL: Sending a multicast-DIO with rank 485
1298258347	ID:34	RPL: Sending a multicast-DIO with rank 430
1298520479	ID:32	RPL: Sending a multicast-DIO with rank 292
1298706852	ID:36	RPL: Sending a multicast-DIO with rank 456
1301490926	ID:35	RPL: Sending a multicast-DIO with rank 485
1303258347	ID:34	RPL: Sending a multicast-DIO with rank 430
1303520479	ID:32	RPL: Sending a multicast-DIO with rank 292
1303706852	ID:36	RPL: Sending a multicast-DIO with rank 456
1306490926	ID:35	RPL: Sending a multicast-DIO with rank 485
1308258347	ID:34	RPL: Sending a multicast-DIO with rank 430
1308520479	ID:32	RPL: Sending a multicast-DIO with rank 292
1308706852	ID:36	RPL: Sending a multicast-DIO with rank 456
1311490926	ID:35	RPL: Sending a multicast-DIO with rank 485
1313258347	ID:34	RPL: Sending a multicast-DIO with rank 430
1313520479	ID:32	RPL: Sending a multicast-DIO with rank 292
1313706852	ID:36	RPL: Sending a multicast-DIO with rank 456
1316490926	ID:35	RPL: Sending a multicast-DIO with rank 485
1318258347	ID:34	RPL: Sending a multicast-DIO with rank 430
1318520479	ID:32	RPL: Sending a multicast-DIO with rank 292
1318706852	ID:36	RPL: Sending a multicast-DIO with rank 456
1321490926	ID:35	RPL: Sending a multicast-DIO with rank 485
1323258347	ID:34	RPL: Sending a multicast-DIO with rank 430
1323520479	ID:32	RPL: Sending a multicast-DIO with rank 292
1323706852	ID:36	RPL: Sending a multicast-DIO with rank 456
1326490926	ID:35	RPL: Sending a multicast-DIO with rank 485
1328120499	ID:33	RPL: Sending a DIS to fe80::c30c:0:0:2
1328258347	ID:34	RPL: Sending a multicast-DIO with rank 430
1328520479	ID:32	RPL: Sending a multicast-DIO with rank 292
1328706852	ID:36	RPL: Sending a multicast-DIO with rank 456
1331490926	ID:35	RPL: Sending a multicast-DIO with rank 485
1333258347	ID:34	RPL: Sending a multicast-DIO with rank 430
1333520479	ID:32	RPL: Sending a multicast-DIO with rank 292
1333706852	ID:36	RPL: Sending a multicast-DIO with rank 456
1336490926	ID:35	RPL: Sending a multicast-DIO with rank 485
1338258347	ID:34	RPL: Sending a multicast-DIO with rank 430
1338520479	ID:32	RPL: Sending a multicast-DIO with rank 292
1338706852	ID:36	RPL: Sending a multicast-DIO with rank 456
1341490926	ID:35	RPL: Sending a multicast-DIO with rank 485
1343258347	ID:34	RPL: Sending a multicast-DIO with rank 430
1343520479	ID:32	RPL: Sending a multicast-DIO with rank 292
1343706852	ID:36	RPL: Sending a multicast-DIO with rank 456
1346490926	ID:35	RPL: Sending a multicast-DIO with rank 485
1348258347	ID:34	RPL: Sending a multicast-DIO with rank 430
1348520479	ID:32	RPL: Sending a multicast-DIO with rank 292
1348706852	ID:36	RPL: Sending a multicast-DIO with rank 456
1351490926	ID:35	RPL: Sending a multicast-DIO with rank 485
1353258347	ID:34	RPL: Sending a multicast-DIO with rank 430
1353520479	ID:32	RPL: Sending a multicast-DIO with rank 292
1353706852	ID:36	RPL: Sending a multicast-DIO with rank 456
1356490926	ID:35	RPL: Sending a multicast-DIO with rank 485
1358258347	ID:34	RPL: Sending a multicast-DIO with rank 430
1358520479	ID:32	RPL: Sending a multicast-DIO with rank 292
1358706852	ID:36	RPL: Sending a multicast-DIO with rank 456
1361490926	ID:35	RPL: Sending a multicast-DIO with rank 485
1363258347	ID:34	RPL: Sending a multicast-DIO with rank 430
1363520479	ID:32	RPL: Sending a multicast-DIO with rank 292
1363706852	ID:36	RPL: Sending a multicast-DIO with rank 456
1366490926	ID:35	RPL: Sending a multicast-DIO with rank 485
1368258347	ID:34	RPL: Sending a multicast-DIO with rank 430
1368520479	ID:32	RPL: Sending a multicast-DIO with rank 292
1368706852	ID:36	RPL: Sending a multicast-DIO with rank 456
1371490926	ID:35	RPL: Sending a multicast-DIO with rank 485
1373258347	ID:34	RPL: Sending a multicast-DIO with rank 430
1373520479	ID:32	RPL: Sending a multicast-DIO with rank 292
1373706852	ID:36	RPL: Sending a multicast-DIO with rank 456
1376490926	ID:35	RPL: Sending a multicast-DIO with rank 485
1378258347	ID:34	RPL: Sending a multicast-DIO with rank 430
1378520479	ID:32	RPL: Sending a multicast-DIO with rank 292
1378706852	ID:36	RPL: Sending a multicast-DIO with rank 456
1381490926	ID:35	RPL: Sending a multicast-DIO with rank 485
1383258347	ID:34	RPL: Sending a multicast-DIO with rank 430
1383520479	ID:32	RPL: Sending a multicast-DIO with rank 292
1383706852	ID:36	RPL: Sending a multicast-DIO with rank 456
1386490926	ID:35	RPL: Sending a multicast-DIO with rank 485
1388120499	ID:33	RPL: Sending a DIS to fe80::c30c:0:0:2
1388258347	ID:34	RPL: Sending a multicast-DIO with rank 430
1388520479	ID:32	RPL: Sending a multicast-DIO with rank 292
1388706852	ID:36	RPL: Sending a multicast-DIO with rank 456
1391490926	ID:35	RPL: Sending a multicast-DIO with rank 485
1393258347	ID:34	RPL: Sending a multicast-DIO with rank 430
1393520479	ID:32	RPL: Sending a multicast-DIO with rank 292
1393706852	ID:36	RPL: Sending a multicast-DIO with rank 456
1396490926	ID:35	RPL: Sending a multicast-DIO with rank 485
1398258347	ID:34	RPL: Sending a multicast-DIO with rank 430
1398520479	ID:32	RPL: Sending a multicast-DIO with rank 292
1398706852	ID:36	RPL: Sending a multicast-DIO with rank 456
1401490926	ID:35	RPL: Sending a multicast-DIO with rank 485
1403258347	ID:34	RPL: Sending a multicast-DIO with rank 430
1403520479	ID:32	RPL: Sending a multicast-DIO with rank 292
1403706852	ID:36	RPL: Sending a multicast-DIO with rank 456
1406490926	ID:35	RPL: Sending a multicast-DIO with rank 485
1408258347	ID:34	RPL: Sending a multicast-DIO with rank 430
1408520479	ID:32	RPL: Sending a multicast-DIO with rank 292
1408706852	ID:36	RPL: Sending a multicast-DIO with rank 456
1411490926	ID:35	RPL: Sending a multicast-DIO with rank 485
1413258347	ID:34	RPL: Sending a multicast-DIO with rank 430
1413520479	ID:32	RPL: Sending a multicast-DIO with rank 292
1413706852	ID:36	RPL: Sending a multicast-DIO with rank 456
1416490926	ID:35	RPL: Sending a multicast-DIO with rank 485
1418258354	ID:34	RPL: Sending a multicast-DIO with rank 430
1418520479	ID:32	RPL: Sending a multicast-DIO with rank 292
1418706852	ID:36	RPL: Sending a multicast-DIO with rank 456
1421490926	ID:35	RPL: Sending a multicast-DIO with rank 485
1423258347	ID:34	RPL: Sending a multicast-DIO with rank 430
1423520479	ID:32	RPL: Sending a multicast-DIO with rank 292
1423706852	ID:36	RPL: Sending a multicast-DIO with rank 456
1426490926	ID:35	RPL: Sending a multicast-DIO with rank 485
1428258347	ID:34	RPL: Sending a multicast-DIO with rank 430
1428520479	ID:32	RPL: Sending a multicast-DIO with rank 292
1428706852	ID:36	RPL: Sending a multicast-DIO with rank 456
1431490926	ID:35	RPL: Sending a multicast-DIO with rank 485
1433258347	ID:34	RPL: Sending a multicast-DIO with rank 430
1433520479	ID:32	RPL: Sending a multicast-DIO with rank 292
1433706852	ID:36	RPL: Sending a multicast-DIO with rank 456
1436490926	ID:35	RPL: Sending a multicast-DIO with rank 485
1438258347	ID:34	RPL: Sending a multicast-DIO with rank 430
1438520479	ID:32	RPL: Sending a multicast-DIO with rank 292
1438706852	ID:36	RPL: Sending a multicast-DIO with rank 456
1441490926	ID:35	RPL: Sending a multicast-DIO with rank 485
1443258347	ID:34	RPL: Sending a multicast-DIO with rank 430
1443520479	ID:32	RPL: Sending a multicast-DIO with rank 292
1443706852	ID:36	RPL: Sending a multicast-DIO with rank 456
1446490926	ID:35	RPL: Sending a multicast-DIO with rank 485
1448120499	ID:33	RPL: Sending a DIS to fe80::c30c:0:0:2
1448258347	ID:34	RPL: Sending a multicast-DIO with rank 430
1448520479	ID:32	RPL: Sending a multicast-DIO with rank 292
1448706852	ID:36	RPL: Sending a multicast-DIO with rank 456
1451490926	ID:35	RPL: Sending a multicast-DIO with rank 485
1453258347	ID:34	RPL: Sending a multicast-DIO with rank 430
1453520479	ID:32	RPL: Sending a multicast-DIO with rank 292
1453706852	ID:36	RPL: Sending a multicast-DIO with rank 456
1456490926	ID:35	RPL: Sending a multicast-DIO with rank 485
1458258347	ID:34	RPL: Sending a multicast-DIO with rank 430
1458520479	ID:32	RPL: Sending a multicast-DIO with rank 292
1458706852	ID:36	RPL: Sending a multicast-DIO with rank 456
1461490926	ID:35	RPL: Sending a multicast-DIO with rank 485
1463258347	ID:34	RPL: Sending a multicast-DIO with rank 430
1463520479	ID:32	RPL: Sending a multicast-DIO with rank 292
1463706852	ID:36	RPL: Sending a multicast-DIO with rank 456
1466490926	ID:35	RPL: Sending a multicast-DIO with rank 485
1468258347	ID:34	RPL: Sending a multicast-DIO with rank 430
1468520479	ID:32	RPL: Sending a multicast-DIO with rank 292
1468706852	ID:36	RPL: Sending a multicast-DIO with rank 456
1471490926	ID:35	RPL: Sending a multicast-DIO with rank 485
1473258347	ID:34	RPL: Sending a multicast-DIO with rank 430
1473520479	ID:32	RPL: Sending a multicast-DIO with rank 292
1473706852	ID:36	RPL: Sending a multicast-DIO with rank 456
1476490926	ID:35	RPL: Sending a multicast-DIO with rank 485
1478258347	ID:34	RPL: Sending a multicast-DIO with rank 430
1478520479	ID:32	RPL: Sending a multicast-DIO with rank 292
1478706852	ID:36	RPL: Sending a multicast-DIO with rank 456
1481490926	ID:35	RPL: Sending a multicast-DIO with rank 485
1483258347	ID:34	RPL: Sending a multicast-DIO with rank 430
1483520486	ID:32	RPL: Sending a multicast-DIO with rank 292
1483706852	ID:36	RPL: Sending a multicast-DIO with rank 456
1486490926	ID:35	RPL: Sending a multicast-DIO with rank 485
1488258347	ID:34	RPL: Sending a multicast-DIO with rank 430
1488520479	ID:32	RPL: Sending a multicast-DIO with rank 292
1488706852	ID:36	RPL: Sending a multicast-DIO with rank 456
1491490926	ID:35	RPL: Sending a multicast-DIO with rank 485
1493258347	ID:34	RPL: Sending a multicast-DIO with rank 430
1493520479	ID:32	RPL: Sending a multicast-DIO with rank 292
1493706852	ID:36	RPL: Sending a multicast-DIO with rank 456
1496490926	ID:35	RPL: Sending a multicast-DIO with rank 485
1498258347	ID:34	RPL: Sending a multicast-DIO with rank 430
1498520479	ID:32	RPL: Sending a multicast-DIO with rank 292
1498706852	ID:36	RPL: Sending a multicast-DIO with rank 456
1501490926	ID:35	RPL: Sending a multicast-DIO with rank 485
1503258347	ID:34	RPL: Sending a multicast-DIO with rank 430
1503520479	ID:32	RPL: Sending a multicast-DIO with rank 292
1503706852	ID:36	RPL: Sending a multicast-DIO with rank 456
1506490926	ID:35	RPL: Sending a multicast-DIO with rank 485
1508120499	ID:33	RPL: Sending a DIS to fe80::c30c:0:0:2
1508258347	ID:34	RPL: Sending a multicast-DIO with rank 430
1508520479	ID:32	RPL: Sending a multicast-DIO with rank 292
1508706852	ID:36	RPL: Sending a multicast-DIO with rank 456
1511490926	ID:35	RPL: Sending a multicast-DIO with rank 485
1513258347	ID:34	RPL: Sending a multicast-DIO with rank 430
1513520479	ID:32	RPL: Sending a multicast-DIO with rank 292
1513706852	ID:36	RPL: Sending a multicast-DIO with rank 456
1516490926	ID:35	RPL: Sending a multicast-DIO with rank 485
1518258347	ID:34	RPL: Sending a multicast-DIO with rank 430
1518520479	ID:32	RPL: Sending a multicast-DIO with rank 292
1518706852	ID:36	RPL: Sending a multicast-DIO with rank 456
1521490926	ID:35	RPL: Sending a multicast-DIO with rank 485
1523258347	ID:34	RPL: Sending a multicast-DIO with rank 430
1523520479	ID:32	RPL: Sending a multicast-DIO with rank 292
1523706852	ID:36	RPL: Sending a multicast-DIO with rank 456
1526490926	ID:35	RPL: Sending a multicast-DIO with rank 485
1528258347	ID:34	RPL: Sending a multicast-DIO with rank 430
1528520479	ID:32	RPL: Sending a multicast-DIO with rank 292
1528706852	ID:36	RPL: Sending a multicast-DIO with rank 456
1531490926	ID:35	RPL: Sending a multicast-DIO with rank 485
1533258347	ID:34	RPL: Sending a multicast-DIO with rank 430
1533520479	ID:32	RPL: Sending a multicast-DIO with rank 292
1533706852	ID:36	RPL: Sending a multicast-DIO with rank 456
1536490926	ID:35	RPL: Sending a multicast-DIO with rank 485
1538258347	ID:34	RPL: Sending a multicast-DIO with rank 430
1538520479	ID:32	RPL: Sending a multicast-DIO with rank 292
1538706852	ID:36	RPL: Sending a multicast-DIO with rank 456
1541490926	ID:35	RPL: Sending a multicast-DIO with rank 485
1543258347	ID:34	RPL: Sending a multicast-DIO with rank 430
1543520479	ID:32	RPL: Sending a multicast-DIO with rank 292
1543706852	ID:36	RPL: Sending a multicast-DIO with rank 456
1546490926	ID:35	RPL: Sending a multicast-DIO with rank 485
1548258347	ID:34	RPL: Sending a multicast-DIO with rank 430
1548520479	ID:32	RPL: Sending a multicast-DIO with rank 292
1548706852	ID:36	RPL: Sending a multicast-DIO with rank 456
1551490926	ID:35	RPL: Sending a multicast-DIO with rank 485
1553258347	ID:34	RPL: Sending a multicast-DIO with rank 430
1553520479	ID:32	RPL: Sending a multicast-DIO with rank 292
1553706852	ID:36	RPL: Sending a multicast-DIO with rank 456
1556490926	ID:35	RPL: Sending a multicast-DIO with rank 485
1558258347	ID:34	RPL: Sending a multicast-DIO with rank 430
1558520479	ID:32	RPL: Sending a multicast-DIO with rank 292
1558706852	ID:36	RPL: Sending a multicast-DIO with rank 456
1561490926	ID:35	RPL: Sending a multicast-DIO with rank 485
1563258347	ID:34	RPL: Sending a multicast-DIO with rank 430
1563520479	ID:32	RPL: Sending a multicast-DIO with rank 292
1563706852	ID:36	RPL: Sending a multicast-DIO with rank 456
1566490926	ID:35	RPL: Sending a multicast-DIO with rank 485
1568120499	ID:33	RPL: Sending a DIS to fe80::c30c:0:0:2
1568258347	ID:34	RPL: Sending a multicast-DIO with rank 430
1568520479	ID:32	RPL: Sending a multicast-DIO with rank 292
1568706852	ID:36	RPL: Sending a multicast-DIO with rank 456
1571490926	ID:35	RPL: Sending a multicast-DIO with rank 485
1573258347	ID:34	RPL: Sending a multicast-DIO with rank 430
1573520479	ID:32	RPL: Sending a multicast-DIO with rank 292
1573706852	ID:36	RPL: Sending a multicast-DIO with rank 456
1576490926	ID:35	RPL: Sending a multicast-DIO with rank 485
1578258347	ID:34	RPL: Sending a multicast-DIO with rank 430
1578520479	ID:32	RPL: Sending a multicast-DIO with rank 292
1578706852	ID:36	RPL: Sending a multicast-DIO with rank 456
1581490933	ID:35	RPL: Sending a multicast-DIO with rank 485
1583258347	ID:34	RPL: Sending a multicast-DIO with rank 430
1583520479	ID:32	RPL: Sending a multicast-DIO with rank 292
1583706852	ID:36	RPL: Sending a multicast-DIO with rank 456
1586490926	ID:35	RPL: Sending a multicast-DIO with rank 485
1588258347	ID:34	RPL: Sending a multicast-DIO with rank 430
1588520479	ID:32	RPL: Sending a multicast-DIO with rank 292
1588706852	ID:36	RPL: Sending a multicast-DIO with rank 456
1591490926	ID:35	RPL: Sending a multicast-DIO with rank 485
1593258347	ID:34	RPL: Sending a multicast-DIO with rank 430
1593520479	ID:32	RPL: Sending a multicast-DIO with rank 292
1593706852	ID:36	RPL: Sending a multicast-DIO with rank 456
1596490926	ID:35	RPL: Sending a multicast-DIO with rank 485
1598258347	ID:34	RPL: Sending a multicast-DIO with rank 430
1598520479	ID:32	RPL: Sending a multicast-DIO with rank 292
1598706859	ID:36	RPL: Sending a multicast-DIO with rank 456
1601490926	ID:35	RPL: Sending a multicast-DIO with rank 485
1603258347	ID:34	RPL: Sending a multicast-DIO with rank 430
1603520479	ID:32	RPL: Sending a multicast-DIO with rank 292
1603706852	ID:36	RPL: Sending a multicast-DIO with rank 456
1606490926	ID:35	RPL: Sending a multicast-DIO with rank 485
1608258347	ID:34	RPL: Sending a multicast-DIO with rank 430
1608520479	ID:32	RPL: Sending a multicast-DIO with rank 292
1608706852	ID:36	RPL: Sending a multicast-DIO with rank 456
1611490926	ID:35	RPL: Sending a multicast-DIO with rank 485
1613258347	ID:34	RPL: Sending a multicast-DIO with rank 430
1613520479	ID:32	RPL: Sending a multicast-DIO with rank 292
1613706852	ID:36	RPL: Sending a multicast-DIO with rank 456
1616490926	ID:35	RPL: Sending a multicast-DIO with rank 485
1618258347	ID:34	RPL: Sending a multicast-DIO with rank 430
1618520479	ID:32	RPL: Sending a multicast-DIO with rank 292
1618706852	ID:36	RPL: Sending a multicast-DIO with rank 456
1621490926	ID:35	RPL: Sending a multicast-DIO with rank 485
1623258347	ID:34	RPL: Sending a multicast-DIO with rank 430
1623520479	ID:32	RPL: Sending a multicast-DIO with rank 292
1623706852	ID:36	RPL: Sending a multicast-DIO with rank 456
1626490926	ID:35	RPL: Sending a multicast-DIO with rank 485
1628120499	ID:33	RPL: Sending a DIS to fe80::c30c:0:0:2
1628258347	ID:34	RPL: Sending a multicast-DIO with rank 430
1628520479	ID:32	RPL: Sending a multicast-DIO with rank 292
1628706852	ID:36	RPL: Sending a multicast-DIO with rank 456
1631490926	ID:35	RPL: Sending a multicast-DIO with rank 485
1633258347	ID:34	RPL: Sending a multicast-DIO with rank 430
1633520479	ID:32	RPL: Sending a multicast-DIO with rank 292
1633706852	ID:36	RPL: Sending a multicast-DIO with rank 456
1636490926	ID:35	RPL: Sending a multicast-DIO with rank 485
1638258347	ID:34	RPL: Sending a multicast-DIO with rank 430
1638520479	ID:32	RPL: Sending a multicast-DIO with rank 292
1638706852	ID:36	RPL: Sending a multicast-DIO with rank 456
1641490926	ID:35	RPL: Sending a multicast-DIO with rank 485
1643258347	ID:34	RPL: Sending a multicast-DIO with rank 430
1643520479	ID:32	RPL: Sending a multicast-DIO with rank 292
1643706852	ID:36	RPL: Sending a multicast-DIO with rank 456
1646490926	ID:35	RPL: Sending a multicast-DIO with rank 485
1648258347	ID:34	RPL: Sending a multicast-DIO with rank 430
1648520479	ID:32	RPL: Sending a multicast-DIO with rank 292
1648706852	ID:36	RPL: Sending a multicast-DIO with rank 456
1651490926	ID:35	RPL: Sending a multicast-DIO with rank 485
1653258347	ID:34	RPL: Sending a multicast-DIO with rank 430
1653520479	ID:32	RPL: Sending a multicast-DIO with rank 292
1653706852	ID:36	RPL: Sending a multicast-DIO with rank 456
1656490926	ID:35	RPL: Sending a multicast-DIO with rank 485
1658258347	ID:34	RPL: Sending a multicast-DIO with rank 430
1658520479	ID:32	RPL: Sending a multicast-DIO with rank 292
1658706852	ID:36	RPL: Sending a multicast-DIO with rank 456
1661490926	ID:35	RPL: Sending a multicast-DIO with rank 485
1663258347	ID:34	RPL: Sending a multicast-DIO with rank 430
1663520479	ID:32	RPL: Sending a multicast-DIO with rank 292
1663706852	ID:36	RPL: Sending a multicast-DIO with rank 456
1666490926	ID:35	RPL: Sending a multicast-DIO with rank 485
1668258347	ID:34	RPL: Sending a multicast-DIO with rank 430
1668520479	ID:32	RPL: Sending a multicast-DIO with rank 292
1668706852	ID:36	RPL: Sending a multicast-DIO with rank 456
1671490926	ID:35	RPL: Sending a multicast-DIO with rank 485
1673258347	ID:34	RPL: Sending a multicast-DIO with rank 430
1673520479	ID:32	RPL: Sending a multicast-DIO with rank 292
1673706852	ID:36	RPL: Sending a multicast-DIO with rank 456
1676490926	ID:35	RPL: Sending a multicast-DIO with rank 485
1678258347	ID:34	RPL: Sending a multicast-DIO with rank 430
1678520479	ID:32	RPL: Sending a multicast-DIO with rank 292
1678706852	ID:36	RPL: Sending a multicast-DIO with rank 456
1681490926	ID:35	RPL: Sending a multicast-DIO with rank 485
1683258347	ID:34	RPL: Sending a multicast-DIO with rank 430
1683520479	ID:32	RPL: Sending a multicast-DIO with rank 292
1683706852	ID:36	RPL: Sending a multicast-DIO with rank 456
1686490926	ID:35	RPL: Sending a multicast-DIO with rank 485
1688120499	ID:33	RPL: Sending a DIS to fe80::c30c:0:0:2
1688258347	ID:34	RPL: Sending a multicast-DIO with rank 430
1688520479	ID:32	RPL: Sending a multicast-DIO with rank 292
1688706852	ID:36	RPL: Sending a multicast-DIO with rank 456
1691490926	ID:35	RPL: Sending a multicast-DIO with rank 485
1693258347	ID:34	RPL: Sending a multicast-DIO with rank 430
1693520479	ID:32	RPL: Sending a multicast-DIO with rank 292
1693706852	ID:36	RPL: Sending a multicast-DIO with rank 456
1696490926	ID:35	RPL: Sending a multicast-DIO with rank 485
1698258347	ID:34	RPL: Sending a multicast-DIO with rank 430
1698520479	ID:32	RPL: Sending a multicast-DIO with rank 292
1698706852	ID:36	RPL: Sending a multicast-DIO with rank 456
1701490926	ID:35	RPL: Sending a multicast-DIO with rank 485
1703258347	ID:34	RPL: Sending a multicast-DIO with rank 430
1703520479	ID:32	RPL: Sending a multicast-DIO with rank 292
1703706852	ID:36	RPL: Sending a multicast-DIO with rank 456
1706490926	ID:35	RPL: Sending a multicast-DIO with rank 485
1708258347	ID:34	RPL: Sending a multicast-DIO with rank 430
1708520479	ID:32	RPL: Sending a multicast-DIO with rank 292
1708706852	ID:36	RPL: Sending a multicast-DIO with rank 456
1711490926	ID:35	RPL: Sending a multicast-DIO with rank 485
1713258347	ID:34	RPL: Sending a multicast-DIO with rank 430
1713520479	ID:32	RPL: Sending a multicast-DIO with rank 292
1713706852	ID:36	RPL: Sending a multicast-DIO with rank 456
1716490926	ID:35	RPL: Sending a multicast-DIO with rank 485
1718258347	ID:34	RPL: Sending a multicast-DIO with rank 430
1718520479	ID:32	RPL: Sending a multicast-DIO with rank 292
1718706852	ID:36	RPL: Sending a multicast-DIO with rank 456
1721490926	ID:35	RPL: Sending a multicast-DIO with rank 485
1723258347	ID:34	RPL: Sending a multicast-DIO with rank 430
1723520479	ID:32	RPL: Sending a multicast-DIO with rank 292
1723706852	ID:36	RPL: Sending a multicast-DIO with rank 456
1726490926	ID:35	RPL: Sending a multicast-DIO with rank 485
1728258347	ID:34	RPL: Sending a multicast-DIO with rank 430
1728520479	ID:32	RPL: Sending a multicast-DIO with rank 292
1728706852	ID:36	RPL: Sending a multicast-DIO with rank 456
1731490926	ID:35	RPL: Sending a multicast-DIO with rank 485
1733258347	ID:34	RPL: Sending a multicast-DIO with rank 430
1733520479	ID:32	RPL: Sending a multicast-DIO with rank 292
1733706852	ID:36	RPL: Sending a multicast-DIO with rank 456
1736490926	ID:35	RPL: Sending a multicast-DIO with rank 485
1738258347	ID:34	RPL: Sending a multicast-DIO with rank 430
1738520479	ID:32	RPL: Sending a multicast-DIO with rank 292
1738706852	ID:36	RPL: Sending a multicast-DIO with rank 456
1741490926	ID:35	RPL: Sending a multicast-DIO with rank 485
1743258347	ID:34	RPL: Sending a multicast-DIO with rank 430
1743520479	ID:32	RPL: Sending a multicast-DIO with rank 292
1743706852	ID:36	RPL: Sending a multicast-DIO with rank 456
1746490926	ID:35	RPL: Sending a multicast-DIO with rank 485
1748120499	ID:33	RPL: Sending a DIS to fe80::c30c:0:0:2
1748258347	ID:34	RPL: Sending a multicast-DIO with rank 430
1748520479	ID:32	RPL: Sending a multicast-DIO with rank 292
1748706852	ID:36	RPL: Sending a multicast-DIO with rank 456
1751490926	ID:35	RPL: Sending a multicast-DIO with rank 485
1753258347	ID:34	RPL: Sending a multicast-DIO with rank 430
1753520479	ID:32	RPL: Sending a multicast-DIO with rank 292
1753706852	ID:36	RPL: Sending a multicast-DIO with rank 456
1756490926	ID:35	RPL: Sending a multicast-DIO with rank 485
1758258347	ID:34	RPL: Sending a multicast-DIO with rank 430
1758520479	ID:32	RPL: Sending a multicast-DIO with rank 292
1758706852	ID:36	RPL: Sending a multicast-DIO with rank 456
1761490926	ID:35	RPL: Sending a multicast-DIO with rank 485
1763258347	ID:34	RPL: Sending a multicast-DIO with rank 430
1763520479	ID:32	RPL: Sending a multicast-DIO with rank 292
1763706852	ID:36	RPL: Sending a multicast-DIO with rank 456
1766490926	ID:35	RPL: Sending a multicast-DIO with rank 485
1768258347	ID:34	RPL: Sending a multicast-DIO with rank 430
1768520479	ID:32	RPL: Sending a multicast-DIO with rank 292
1768706852	ID:36	RPL: Sending a multicast-DIO with rank 456
1771490926	ID:35	RPL: Sending a multicast-DIO with rank 485
1773258347	ID:34	RPL: Sending a multicast-DIO with rank 430
1773520479	ID:32	RPL: Sending a multicast-DIO with rank 292
1773706852	ID:36	RPL: Sending a multicast-DIO with rank 456
1776490926	ID:35	RPL: Sending a multicast-DIO with rank 485
1778258347	ID:34	RPL: Sending a multicast-DIO with rank 430
1778520479	ID:32	RPL: Sending a multicast-DIO with rank 292
1778706852	ID:36	RPL: Sending a multicast-DIO with rank 456
1781490926	ID:35	RPL: Sending a multicast-DIO with rank 485
1783258347	ID:34	RPL: Sending a multicast-DIO with rank 430
1783520479	ID:32	RPL: Sending a multicast-DIO with rank 292
1783706852	ID:36	RPL: Sending a multicast-DIO with rank 456
1786490926	ID:35	RPL: Sending a multicast-DIO with rank 485
1788258354	ID:34	RPL: Sending a multicast-DIO with rank 430
1788520479	ID:32	RPL: Sending a multicast-DIO with rank 292
1788706852	ID:36	RPL: Sending a multicast-DIO with rank 456
1791490926	ID:35	RPL: Sending a multicast-DIO with rank 485
1793258347	ID:34	RPL: Sending a multicast-DIO with rank 430
1793520479	ID:32	RPL: Sending a multicast-DIO with rank 292
1793706852	ID:36	RPL: Sending a multicast-DIO with rank 456
1796490926	ID:35	RPL: Sending a multicast-DIO with rank 485
1798258347	ID:34	RPL: Sending a multicast-DIO with rank 430
1798520479	ID:32	RPL: Sending a multicast-DIO with rank 292
1798706852	ID:36	RPL: Sending a multicast-DIO with rank 456
