30164982	ID:32	RPL: Sending a DIS to fe80::c30c:0:0:3
30248989	ID:33	RPL: Sending a DIS to fe80::c30c:0:0:2
30827633	ID:35	RPL: Sending a DIS to fe80::c30c:0:0:7
30930600	ID:34	RPL: Sending a DIS to fe80::c30c:0:0:6
30952259	ID:36	RPL: Sending a DIS to fe80::c30c:0:0:8
32492959	ID:35	RPL: Received a DIO from fe80::c30c:0:0:7
32496729	ID:35	RPL: Incoming DIO (id, ver, rank) = (30,240,595)
32501228	ID:35	RPL: Incoming DIO (dag_id, pref) = (fd00::ff:fe00:1, 0)
32503485	ID:35	RPL: DIO option 4, length: 14
32509504	ID:35	RPL: DAG conf:dbl=8, min=12 red=10 maxinc=896 mininc=128 ocp=1 d_l=10 l_u=60
32511732	ID:35	RPL: DIO option 8, length: 30
32514000	ID:35	RPL: Copying prefix information
32521614	ID:35	RPL: Neighbor added to neighbor cache fe80::c30c:0:0:7, c1:0c:00:00:00:00:00:07
34992001	ID:36	RPL: Received a DIO from fe80::c30c:0:0:8
34995776	ID:36	RPL: Incoming DIO (id, ver, rank) = (30,240,598)
35000275	ID:36	RPL: Incoming DIO (dag_id, pref) = (fd00::ff:fe00:1, 0)
35002539	ID:36	RPL: DIO option 4, length: 14
35008558	ID:36	RPL: DAG conf:dbl=8, min=12 red=10 maxinc=896 mininc=128 ocp=1 d_l=10 l_u=60
35010787	ID:36	RPL: DIO option 8, length: 30
35013056	ID:36	RPL: Copying prefix information
35021101	ID:36	RPL: Neighbor added to neighbor cache fe80::c30c:0:0:8, c1:0c:00:00:00:00:00:08
35521574	ID:35	RPL: Sending a multicast-DIO with rank 595
38029083	ID:36	RPL: Sending a multicast-DIO with rank 598
38521531	ID:35	RPL: Sending a multicast-DIO with rank 595
41029040	ID:36	RPL: Sending a multicast-DIO with rank 598
41521531	ID:35	RPL: Sending a multicast-DIO with rank 595
44029040	ID:36	RPL: Sending a multicast-DIO with rank 598
44521531	ID:35	RPL: Sending a multicast-DIO with rank 595
47029040	ID:36	RPL: Sending a multicast-DIO with rank 598
47521531	ID:35	RPL: Sending a multicast-DIO with rank 595
50029040	ID:36	RPL: Sending a multicast-DIO with rank 598
50521531	ID:35	RPL: Sending a multicast-DIO with rank 595
53029040	ID:36	RPL: Sending a multicast-DIO with rank 598
53521531	ID:35	RPL: Sending a multicast-DIO with rank 595
56029040	ID:36	RPL: Sending a multicast-DIO with rank 598
56521531	ID:35	RPL: Sending a multicast-DIO with rank 595
59029040	ID:36	RPL: Sending a multicast-DIO with rank 598
59521531	ID:35	RPL: Sending a multicast-DIO with rank 595
61946668	ID:32	RPL: Sending a DIS to fe80::c30c:0:0:3
62029040	ID:36	RPL: Sending a multicast-DIO with rank 598
62521531	ID:35	RPL: Sending a multicast-DIO with rank 595
65029040	ID:36	RPL: Sending a multicast-DIO with rank 598
65521530	ID:35	RPL: Sending a multicast-DIO with rank 595
68028043	ID:33	RPL: Sending a DIS to fe80::c30c:0:0:2
68029040	ID:36	RPL: Sending a multicast-DIO with rank 598
68521530	ID:35	RPL: Sending a multicast-DIO with rank 595
71029040	ID:36	RPL: Sending a multicast-DIO with rank 598
71521530	ID:35	RPL: Sending a multicast-DIO with rank 595
74029040	ID:36	RPL: Sending a multicast-DIO with rank 598
74521530	ID:35	RPL: Sending a multicast-DIO with rank 595
77029040	ID:36	RPL: Sending a multicast-DIO with rank 598
77521530	ID:35	RPL: Sending a multicast-DIO with rank 595
80029040	ID:36	RPL: Sending a multicast-DIO with rank 598
80521530	ID:35	RPL: Sending a multicast-DIO with rank 595
83029040	ID:36	RPL: Sending a multicast-DIO with rank 598
83521530	ID:35	RPL: Sending a multicast-DIO with rank 595
83702158	ID:34	RPL: Sending a DIS to fe80::c30c:0:0:6
86029040	ID:36	RPL: Sending a multicast-DIO with rank 598
86521530	ID:35	RPL: Sending a multicast-DIO with rank 595
89029040	ID:36	RPL: Sending a multicast-DIO with rank 598
89521530	ID:35	RPL: Sending a multicast-DIO with rank 595
92029027	ID:36	RPL: Sending a multicast-DIO with rank 598
92521518	ID:35	RPL: Sending a multicast-DIO with rank 595
95029027	ID:36	RPL: Sending a multicast-DIO with rank 598
95521518	ID:35	RPL: Sending a multicast-DIO with rank 595
98029027	ID:36	RPL: Sending a multicast-DIO with rank 598
98521518	ID:35	RPL: Sending a multicast-DIO with rank 595
101029027	ID:36	RPL: Sending a multicast-DIO with rank 598
101521518	ID:35	RPL: Sending a multicast-DIO with rank 595
104029027	ID:36	RPL: Sending a multicast-DIO with rank 598
104521518	ID:35	RPL: Sending a multicast-DIO with rank 595
107029027	ID:36	RPL: Sending a multicast-DIO with rank 598
107521518	ID:35	RPL: Sending a multicast-DIO with rank 595
110029027	ID:36	RPL: Sending a multicast-DIO with rank 598
110521518	ID:35	RPL: Sending a multicast-DIO with rank 595
113029027	ID:36	RPL: Sending a multicast-DIO with rank 598
113521518	ID:35	RPL: Sending a multicast-DIO with rank 595
116029027	ID:36	RPL: Sending a multicast-DIO with rank 598
116521518	ID:35	RPL: Sending a multicast-DIO with rank 595
119029027	ID:36	RPL: Sending a multicast-DIO with rank 598
119521518	ID:35	RPL: Sending a multicast-DIO with rank 595
121946777	ID:32	RPL: Sending a DIS to fe80::c30c:0:0:3
122029027	ID:36	RPL: Sending a multicast-DIO with rank 598
122521518	ID:35	RPL: Sending a multicast-DIO with rank 595
125029027	ID:36	RPL: Sending a multicast-DIO with rank 598
125521518	ID:35	RPL: Sending a multicast-DIO with rank 595
128028030	ID:33	RPL: Sending a DIS to fe80::c30c:0:0:2
128029027	ID:36	RPL: Sending a multicast-DIO with rank 598
128521518	ID:35	RPL: Sending a multicast-DIO with rank 595
131029027	ID:36	RPL: Sending a multicast-DIO with rank 598
131521518	ID:35	RPL: Sending a multicast-DIO with rank 595
134029027	ID:36	RPL: Sending a multicast-DIO with rank 598
134521518	ID:35	RPL: Sending a multicast-DIO with rank 595
137029027	ID:36	RPL: Sending a multicast-DIO with rank 598
137521518	ID:35	RPL: Sending a multicast-DIO with rank 595
140029027	ID:36	RPL: Sending a multicast-DIO with rank 598
140521518	ID:35	RPL: Sending a multicast-DIO with rank 595
143029027	ID:36	RPL: Sending a multicast-DIO with rank 598
143521518	ID:35	RPL: Sending a multicast-DIO with rank 595
143702145	ID:34	RPL: Sending a DIS to fe80::c30c:0:0:6
146029027	ID:36	RPL: Sending a multicast-DIO with rank 598
146521518	ID:35	RPL: Sending a multicast-DIO with rank 595
149029027	ID:36	RPL: Sending a multicast-DIO with rank 598
149521518	ID:35	RPL: Sending a multicast-DIO with rank 595
152029027	ID:36	RPL: Sending a multicast-DIO with rank 598
152521518	ID:35	RPL: Sending a multicast-DIO with rank 595
155029027	ID:36	RPL: Sending a multicast-DIO with rank 598
155521518	ID:35	RPL: Sending a multicast-DIO with rank 595
158029027	ID:36	RPL: Sending a multicast-DIO with rank 598
158521518	ID:35	RPL: Sending a multicast-DIO with rank 595
161029027	ID:36	RPL: Sending a multicast-DIO with rank 598
161521518	ID:35	RPL: Sending a multicast-DIO with rank 595
164029027	ID:36	RPL: Sending a multicast-DIO with rank 598
164521518	ID:35	RPL: Sending a multicast-DIO with rank 595
167029027	ID:36	RPL: Sending a multicast-DIO with rank 598
167521518	ID:35	RPL: Sending a multicast-DIO with rank 595
170029027	ID:36	RPL: Sending a multicast-DIO with rank 598
170521518	ID:35	RPL: Sending a multicast-DIO with rank 595
173029027	ID:36	RPL: Sending a multicast-DIO with rank 598
173521518	ID:35	RPL: Sending a multicast-DIO with rank 595
176029027	ID:36	RPL: Sending a multicast-DIO with rank 598
176521518	ID:35	RPL: Sending a multicast-DIO with rank 595
179029027	ID:36	RPL: Sending a multicast-DIO with rank 598
179521518	ID:35	RPL: Sending a multicast-DIO with rank 595
181946777	ID:32	RPL: Sending a DIS to fe80::c30c:0:0:3
182029027	ID:36	RPL: Sending a multicast-DIO with rank 598
182521518	ID:35	RPL: Sending a multicast-DIO with rank 595
185029027	ID:36	RPL: Sending a multicast-DIO with rank 598
185521518	ID:35	RPL: Sending a multicast-DIO with rank 595
188028030	ID:33	RPL: Sending a DIS to fe80::c30c:0:0:2
188029027	ID:36	RPL: Sending a multicast-DIO with rank 598
188521518	ID:35	RPL: Sending a multicast-DIO with rank 595
191029027	ID:36	RPL: Sending a multicast-DIO with rank 598
191521518	ID:35	RPL: Sending a multicast-DIO with rank 595
194029027	ID:36	RPL: Sending a multicast-DIO with rank 598
194521518	ID:35	RPL: Sending a multicast-DIO with rank 595
197029027	ID:36	RPL: Sending a multicast-DIO with rank 598
197521518	ID:35	RPL: Sending a multicast-DIO with rank 595
200029027	ID:36	RPL: Sending a multicast-DIO with rank 598
200521518	ID:35	RPL: Sending a multicast-DIO with rank 595
203029027	ID:36	RPL: Sending a multicast-DIO with rank 598
203521518	ID:35	RPL: Sending a multicast-DIO with rank 595
203702145	ID:34	RPL: Sending a DIS to fe80::c30c:0:0:6
206029027	ID:36	RPL: Sending a multicast-DIO with rank 598
206521518	ID:35	RPL: Sending a multicast-DIO with rank 595
209029027	ID:36	RPL: Sending a multicast-DIO with rank 598
209521518	ID:35	RPL: Sending a multicast-DIO with rank 595
212029027	ID:36	RPL: Sending a multicast-DIO with rank 598
212521518	ID:35	RPL: Sending a multicast-DIO with rank 595
215029027	ID:36	RPL: Sending a multicast-DIO with rank 598
215521518	ID:35	RPL: Sending a multicast-DIO with rank 595
218029027	ID:36	RPL: Sending a multicast-DIO with rank 598
218521518	ID:35	RPL: Sending a multicast-DIO with rank 595
221029027	ID:36	RPL: Sending a multicast-DIO with rank 598
221521518	ID:35	RPL: Sending a multicast-DIO with rank 595
224029027	ID:36	RPL: Sending a multicast-DIO with rank 598
224521518	ID:35	RPL: Sending a multicast-DIO with rank 595
227029027	ID:36	RPL: Sending a multicast-DIO with rank 598
227521518	ID:35	RPL: Sending a multicast-DIO with rank 595
230029027	ID:36	RPL: Sending a multicast-DIO with rank 598
230521518	ID:35	RPL: Sending a multicast-DIO with rank 595
233029027	ID:36	RPL: Sending a multicast-DIO with rank 598
233521518	ID:35	RPL: Sending a multicast-DIO with rank 595
236029027	ID:36	RPL: Sending a multicast-DIO with rank 598
236521518	ID:35	RPL: Sending a multicast-DIO with rank 595
239029027	ID:36	RPL: Sending a multicast-DIO with rank 598
239521518	ID:35	RPL: Sending a multicast-DIO with rank 595
241946777	ID:32	RPL: Sending a DIS to fe80::c30c:0:0:3
242029027	ID:36	RPL: Sending a multicast-DIO with rank 598
242521518	ID:35	RPL: Sending a multicast-DIO with rank 595
245029027	ID:36	RPL: Sending a multicast-DIO with rank 598
245521518	ID:35	RPL: Sending a multicast-DIO with rank 595
248028030	ID:33	RPL: Sending a DIS to fe80::c30c:0:0:2
248029027	ID:36	RPL: Sending a multicast-DIO with rank 598
248521518	ID:35	RPL: Sending a multicast-DIO with rank 595
251029027	ID:36	RPL: Sending a multicast-DIO with rank 598
251521518	ID:35	RPL: Sending a multicast-DIO with rank 595
254029027	ID:36	RPL: Sending a multicast-DIO with rank 598
254521518	ID:35	RPL: Sending a multicast-DIO with rank 595
257029027	ID:36	RPL: Sending a multicast-DIO with rank 598
257521518	ID:35	RPL: Sending a multicast-DIO with rank 595
260029027	ID:36	RPL: Sending a multicast-DIO with rank 598
260521518	ID:35	RPL: Sending a multicast-DIO with rank 595
263029027	ID:36	RPL: Sending a multicast-DIO with rank 598
263521518	ID:35	RPL: Sending a multicast-DIO with rank 595
263702145	ID:34	RPL: Sending a DIS to fe80::c30c:0:0:6
266029027	ID:36	RPL: Sending a multicast-DIO with rank 598
266521518	ID:35	RPL: Sending a multicast-DIO with rank 595
269029027	ID:36	RPL: Sending a multicast-DIO with rank 598
269521518	ID:35	RPL: Sending a multicast-DIO with rank 595
272029027	ID:36	RPL: Sending a multicast-DIO with rank 598
272521518	ID:35	RPL: Sending a multicast-DIO with rank 595
275029027	ID:36	RPL: Sending a multicast-DIO with rank 598
275521518	ID:35	RPL: Sending a multicast-DIO with rank 595
278029027	ID:36	RPL: Sending a multicast-DIO with rank 598
278521518	ID:35	RPL: Sending a multicast-DIO with rank 595
281029027	ID:36	RPL: Sending a multicast-DIO with rank 598
281521518	ID:35	RPL: Sending a multicast-DIO with rank 595
284029027	ID:36	RPL: Sending a multicast-DIO with rank 598
284521518	ID:35	RPL: Sending a multicast-DIO with rank 595
287029027	ID:36	RPL: Sending a multicast-DIO with rank 598
287521518	ID:35	RPL: Sending a multicast-DIO with rank 595
290029027	ID:36	RPL: Sending a multicast-DIO with rank 598
290521518	ID:35	RPL: Sending a multicast-DIO with rank 595
293029027	ID:36	RPL: Sending a multicast-DIO with rank 598
293521518	ID:35	RPL: Sending a multicast-DIO with rank 595
296029027	ID:36	RPL: Sending a multicast-DIO with rank 598
296521518	ID:35	RPL: Sending a multicast-DIO with rank 595
299029027	ID:36	RPL: Sending a multicast-DIO with rank 598
299521518	ID:35	RPL: Sending a multicast-DIO with rank 595
301946777	ID:32	RPL: Sending a DIS to fe80::c30c:0:0:3
302029027	ID:36	RPL: Sending a multicast-DIO with rank 598
302521518	ID:35	RPL: Sending a multicast-DIO with rank 595
305029027	ID:36	RPL: Sending a multicast-DIO with rank 598
305521518	ID:35	RPL: Sending a multicast-DIO with rank 595
308028030	ID:33	RPL: Sending a DIS to fe80::c30c:0:0:2
308029027	ID:36	RPL: Sending a multicast-DIO with rank 598
308521518	ID:35	RPL: Sending a multicast-DIO with rank 595
311029027	ID:36	RPL: Sending a multicast-DIO with rank 598
311521518	ID:35	RPL: Sending a multicast-DIO with rank 595
314029027	ID:36	RPL: Sending a multicast-DIO with rank 598
314521518	ID:35	RPL: Sending a multicast-DIO with rank 595
317029027	ID:36	RPL: Sending a multicast-DIO with rank 598
317521518	ID:35	RPL: Sending a multicast-DIO with rank 595
320029027	ID:36	RPL: Sending a multicast-DIO with rank 598
320521518	ID:35	RPL: Sending a multicast-DIO with rank 595
323029027	ID:36	RPL: Sending a multicast-DIO with rank 598
323521518	ID:35	RPL: Sending a multicast-DIO with rank 595
323702837	ID:34	RPL: Sending a DIS to fe80::c30c:0:0:6
326029027	ID:36	RPL: Sending a multicast-DIO with rank 598
326521518	ID:35	RPL: Sending a multicast-DIO with rank 595
329029027	ID:36	RPL: Sending a multicast-DIO with rank 598
329521518	ID:35	RPL: Sending a multicast-DIO with rank 595
332029027	ID:36	RPL: Sending a multicast-DIO with rank 598
332521518	ID:35	RPL: Sending a multicast-DIO with rank 595
335029027	ID:36	RPL: Sending a multicast-DIO with rank 598
335521518	ID:35	RPL: Sending a multicast-DIO with rank 595
338029027	ID:36	RPL: Sending a multicast-DIO with rank 598
338521518	ID:35	RPL: Sending a multicast-DIO with rank 595
341029027	ID:36	RPL: Sending a multicast-DIO with rank 598
341521518	ID:35	RPL: Sending a multicast-DIO with rank 595
344029027	ID:36	RPL: Sending a multicast-DIO with rank 598
344521518	ID:35	RPL: Sending a multicast-DIO with rank 595
347029027	ID:36	RPL: Sending a multicast-DIO with rank 598
347521518	ID:35	RPL: Sending a multicast-DIO with rank 595
350029027	ID:36	RPL: Sending a multicast-DIO with rank 598
350521518	ID:35	RPL: Sending a multicast-DIO with rank 595
353029027	ID:36	RPL: Sending a multicast-DIO with rank 598
353521518	ID:35	RPL: Sending a multicast-DIO with rank 595
356029027	ID:36	RPL: Sending a multicast-DIO with rank 598
356521518	ID:35	RPL: Sending a multicast-DIO with rank 595
359029027	ID:36	RPL: Sending a multicast-DIO with rank 598
359521518	ID:35	RPL: Sending a multicast-DIO with rank 595
361946777	ID:32	RPL: Sending a DIS to fe80::c30c:0:0:3
362029027	ID:36	RPL: Sending a multicast-DIO with rank 598
362521518	ID:35	RPL: Sending a multicast-DIO with rank 595
365029027	ID:36	RPL: Sending a multicast-DIO with rank 598
365521518	ID:35	RPL: Sending a multicast-DIO with rank 595
368028030	ID:33	RPL: Sending a DIS to fe80::c30c:0:0:2
368029027	ID:36	RPL: Sending a multicast-DIO with rank 598
368521518	ID:35	RPL: Sending a multicast-DIO with rank 595
371029027	ID:36	RPL: Sending a multicast-DIO with rank 598
371521518	ID:35	RPL: Sending a multicast-DIO with rank 595
374029027	ID:36	RPL: Sending a multicast-DIO with rank 598
374521518	ID:35	RPL: Sending a multicast-DIO with rank 595
377029027	ID:36	RPL: Sending a multicast-DIO with rank 598
377521518	ID:35	RPL: Sending a multicast-DIO with rank 595
380029027	ID:36	RPL: Sending a multicast-DIO with rank 598
380521518	ID:35	RPL: Sending a multicast-DIO with rank 595
383029027	ID:36	RPL: Sending a multicast-DIO with rank 598
383521518	ID:35	RPL: Sending a multicast-DIO with rank 595
383702145	ID:34	RPL: Sending a DIS to fe80::c30c:0:0:6
386029027	ID:36	RPL: Sending a multicast-DIO with rank 598
386521518	ID:35	RPL: Sending a multicast-DIO with rank 595
389029027	ID:36	RPL: Sending a multicast-DIO with rank 598
389521518	ID:35	RPL: Sending a multicast-DIO with rank 595
392029027	ID:36	RPL: Sending a multicast-DIO with rank 598
392521518	ID:35	RPL: Sending a multicast-DIO with rank 595
395029027	ID:36	RPL: Sending a multicast-DIO with rank 598
395521518	ID:35	RPL: Sending a multicast-DIO with rank 595
398029027	ID:36	RPL: Sending a multicast-DIO with rank 598
398521518	ID:35	RPL: Sending a multicast-DIO with rank 595
401029027	ID:36	RPL: Sending a multicast-DIO with rank 598
401521518	ID:35	RPL: Sending a multicast-DIO with rank 595
404029027	ID:36	RPL: Sending a multicast-DIO with rank 598
404521518	ID:35	RPL: Sending a multicast-DIO with rank 595
407029027	ID:36	RPL: Sending a multicast-DIO with rank 598
407521518	ID:35	RPL: Sending a multicast-DIO with rank 595
410029027	ID:36	RPL: Sending a multicast-DIO with rank 598
410521518	ID:35	RPL: Sending a multicast-DIO with rank 595
413029027	ID:36	RPL: Sending a multicast-DIO with rank 598
413521518	ID:35	RPL: Sending a multicast-DIO with rank 595
416029027	ID:36	RPL: Sending a multicast-DIO with rank 598
416521518	ID:35	RPL: Sending a multicast-DIO with rank 595
419029034	ID:36	RPL: Sending a multicast-DIO with rank 598
419521518	ID:35	RPL: Sending a multicast-DIO with rank 595
421946777	ID:32	RPL: Sending a DIS to fe80::c30c:0:0:3
422029027	ID:36	RPL: Sending a multicast-DIO with rank 598
422521524	ID:35	RPL: Sending a multicast-DIO with rank 595
425029027	ID:36	RPL: Sending a multicast-DIO with rank 598
425521518	ID:35	RPL: Sending a multicast-DIO with rank 595
428028030	ID:33	RPL: Sending a DIS to fe80::c30c:0:0:2
428029027	ID:36	RPL: Sending a multicast-DIO with rank 598
428521518	ID:35	RPL: Sending a multicast-DIO with rank 595
431029027	ID:36	RPL: Sending a multicast-DIO with rank 598
431521518	ID:35	RPL: Sending a multicast-DIO with rank 595
434029027	ID:36	RPL: Sending a multicast-DIO with rank 598
434521518	ID:35	RPL: Sending a multicast-DIO with rank 595
437029027	ID:36	RPL: Sending a multicast-DIO with rank 598
437521518	ID:35	RPL: Sending a multicast-DIO with rank 595
440029027	ID:36	RPL: Sending a multicast-DIO with rank 598
440521518	ID:35	RPL: Sending a multicast-DIO with rank 595
443029027	ID:36	RPL: Sending a multicast-DIO with rank 598
443521518	ID:35	RPL: Sending a multicast-DIO with rank 595
443702145	ID:34	RPL: Sending a DIS to fe80::c30c:0:0:6
446029027	ID:36	RPL: Sending a multicast-DIO with rank 598
446521518	ID:35	RPL: Sending a multicast-DIO with rank 595
449029027	ID:36	RPL: Sending a multicast-DIO with rank 598
449521518	ID:35	RPL: Sending a multicast-DIO with rank 595
452029027	ID:36	RPL: Sending a multicast-DIO with rank 598
452521518	ID:35	RPL: Sending a multicast-DIO with rank 595
455029027	ID:36	RPL: Sending a multicast-DIO with rank 598
455521518	ID:35	RPL: Sending a multicast-DIO with rank 595
458029027	ID:36	RPL: Sending a multicast-DIO with rank 598
458521518	ID:35	RPL: Sending a multicast-DIO with rank 595
461029027	ID:36	RPL: Sending a multicast-DIO with rank 598
461521518	ID:35	RPL: Sending a multicast-DIO with rank 595
464029027	ID:36	RPL: Sending a multicast-DIO with rank 598
464521518	ID:35	RPL: Sending a multicast-DIO with rank 595
467029027	ID:36	RPL: Sending a multicast-DIO with rank 598
467521518	ID:35	RPL: Sending a multicast-DIO with rank 595
470029027	ID:36	RPL: Sending a multicast-DIO with rank 598
470521518	ID:35	RPL: Sending a multicast-DIO with rank 595
473029027	ID:36	RPL: Sending a multicast-DIO with rank 598
473521518	ID:35	RPL: Sending a multicast-DIO with rank 595
476029027	ID:36	RPL: Sending a multicast-DIO with rank 598
476521518	ID:35	RPL: Sending a multicast-DIO with rank 595
479029027	ID:36	RPL: Sending a multicast-DIO with rank 598
479521518	ID:35	RPL: Sending a multicast-DIO with rank 595
481946777	ID:32	RPL: Sending a DIS to fe80::c30c:0:0:3
482029027	ID:36	RPL: Sending a multicast-DIO with rank 598
482521518	ID:35	RPL: Sending a multicast-DIO with rank 595
485029027	ID:36	RPL: Sending a multicast-DIO with rank 598
485521518	ID:35	RPL: Sending a multicast-DIO with rank 595
488028030	ID:33	RPL: Sending a DIS to fe80::c30c:0:0:2
488029027	ID:36	RPL: Sending a multicast-DIO with rank 598
488521518	ID:35	RPL: Sending a multicast-DIO with rank 595
491029027	ID:36	RPL: Sending a multicast-DIO with rank 598
491521518	ID:35	RPL: Sending a multicast-DIO with rank 595
494029027	ID:36	RPL: Sending a multicast-DIO with rank 598
494521518	ID:35	RPL: Sending a multicast-DIO with rank 595
497029027	ID:36	RPL: Sending a multicast-DIO with rank 598
497521518	ID:35	RPL: Sending a multicast-DIO with rank 595
500029027	ID:36	RPL: Sending a multicast-DIO with rank 598
500521518	ID:35	RPL: Sending a multicast-DIO with rank 595
503029027	ID:36	RPL: Sending a multicast-DIO with rank 598
503521518	ID:35	RPL: Sending a multicast-DIO with rank 595
503702145	ID:34	RPL: Sending a DIS to fe80::c30c:0:0:6
506029027	ID:36	RPL: Sending a multicast-DIO with rank 598
506521518	ID:35	RPL: Sending a multicast-DIO with rank 595
509029027	ID:36	RPL: Sending a multicast-DIO with rank 598
509521518	ID:35	RPL: Sending a multicast-DIO with rank 595
512029027	ID:36	RPL: Sending a multicast-DIO with rank 598
512521518	ID:35	RPL: Sending a multicast-DIO with rank 595
515029027	ID:36	RPL: Sending a multicast-DIO with rank 598
515521518	ID:35	RPL: Sending a multicast-DIO with rank 595
518029027	ID:36	RPL: Sending a multicast-DIO with rank 598
518521518	ID:35	RPL: Sending a multicast-DIO with rank 595
521029027	ID:36	RPL: Sending a multicast-DIO with rank 598
521521518	ID:35	RPL: Sending a multicast-DIO with rank 595
524029027	ID:36	RPL: Sending a multicast-DIO with rank 598
524521518	ID:35	RPL: Sending a multicast-DIO with rank 595
527029027	ID:36	RPL: Sending a multicast-DIO with rank 598
527521518	ID:35	RPL: Sending a multicast-DIO with rank 595
530029027	ID:36	RPL: Sending a multicast-DIO with rank 598
530521518	ID:35	RPL: Sending a multicast-DIO with rank 595
533029027	ID:36	RPL: Sending a multicast-DIO with rank 598
533521518	ID:35	RPL: Sending a multicast-DIO with rank 595
536029027	ID:36	RPL: Sending a multicast-DIO with rank 598
536521518	ID:35	RPL: Sending a multicast-DIO with rank 595
539029027	ID:36	RPL: Sending a multicast-DIO with rank 598
539521518	ID:35	RPL: Sending a multicast-DIO with rank 595
541946777	ID:32	RPL: Sending a DIS to fe80::c30c:0:0:3
542029027	ID:36	RPL: Sending a multicast-DIO with rank 598
542521518	ID:35	RPL: Sending a multicast-DIO with rank 595
545029027	ID:36	RPL: Sending a multicast-DIO with rank 598
545521518	ID:35	RPL: Sending a multicast-DIO with rank 595
548028030	ID:33	RPL: Sending a DIS to fe80::c30c:0:0:2
548029027	ID:36	RPL: Sending a multicast-DIO with rank 598
548521518	ID:35	RPL: Sending a multicast-DIO with rank 595
551029027	ID:36	RPL: Sending a multicast-DIO with rank 598
551521518	ID:35	RPL: Sending a multicast-DIO with rank 595
554029027	ID:36	RPL: Sending a multicast-DIO with rank 598
554521518	ID:35	RPL: Sending a multicast-DIO with rank 595
557029027	ID:36	RPL: Sending a multicast-DIO with rank 598
557521518	ID:35	RPL: Sending a multicast-DIO with rank 595
560029027	ID:36	RPL: Sending a multicast-DIO with rank 598
560521518	ID:35	RPL: Sending a multicast-DIO with rank 595
563029027	ID:36	RPL: Sending a multicast-DIO with rank 598
563521518	ID:35	RPL: Sending a multicast-DIO with rank 595
563702145	ID:34	RPL: Sending a DIS to fe80::c30c:0:0:6
566029027	ID:36	RPL: Sending a multicast-DIO with rank 598
566521518	ID:35	RPL: Sending a multicast-DIO with rank 595
569029027	ID:36	RPL: Sending a multicast-DIO with rank 598
569521518	ID:35	RPL: Sending a multicast-DIO with rank 595
572029027	ID:36	RPL: Sending a multicast-DIO with rank 598
572521518	ID:35	RPL: Sending a multicast-DIO with rank 595
575029027	ID:36	RPL: Sending a multicast-DIO with rank 598
575521518	ID:35	RPL: Sending a multicast-DIO with rank 595
578029027	ID:36	RPL: Sending a multicast-DIO with rank 598
578521518	ID:35	RPL: Sending a multicast-DIO with rank 595
581029027	ID:36	RPL: Sending a multicast-DIO with rank 598
581521518	ID:35	RPL: Sending a multicast-DIO with rank 595
584029027	ID:36	RPL: Sending a multicast-DIO with rank 598
584521518	ID:35	RPL: Sending a multicast-DIO with rank 595
587029027	ID:36	RPL: Sending a multicast-DIO with rank 598
587521518	ID:35	RPL: Sending a multicast-DIO with rank 595
590029027	ID:36	RPL: Sending a multicast-DIO with rank 598
590521518	ID:35	RPL: Sending a multicast-DIO with rank 595
593029027	ID:36	RPL: Sending a multicast-DIO with rank 598
593521518	ID:35	RPL: Sending a multicast-DIO with rank 595
596029027	ID:36	RPL: Sending a multicast-DIO with rank 598
596521518	ID:35	RPL: Sending a multicast-DIO with rank 595
599029027	ID:36	RPL: Sending a multicast-DIO with rank 598
599521518	ID:35	RPL: Sending a multicast-DIO with rank 595
601946777	ID:32	RPL: Sending a DIS to fe80::c30c:0:0:3
602029027	ID:36	RPL: Sending a multicast-DIO with rank 598
602521518	ID:35	RPL: Sending a multicast-DIO with rank 595
605029027	ID:36	RPL: Sending a multicast-DIO with rank 598
605521518	ID:35	RPL: Sending a multicast-DIO with rank 595
608028030	ID:33	RPL: Sending a DIS to fe80::c30c:0:0:2
608029027	ID:36	RPL: Sending a multicast-DIO with rank 598
608521518	ID:35	RPL: Sending a multicast-DIO with rank 595
611029027	ID:36	RPL: Sending a multicast-DIO with rank 598
611521518	ID:35	RPL: Sending a multicast-DIO with rank 595
614029027	ID:36	RPL: Sending a multicast-DIO with rank 598
614521518	ID:35	RPL: Sending a multicast-DIO with rank 595
617029027	ID:36	RPL: Sending a multicast-DIO with rank 598
617521518	ID:35	RPL: Sending a multicast-DIO with rank 595
620029027	ID:36	RPL: Sending a multicast-DIO with rank 598
620521518	ID:35	RPL: Sending a multicast-DIO with rank 595
623029027	ID:36	RPL: Sending a multicast-DIO with rank 598
623521518	ID:35	RPL: Sending a multicast-DIO with rank 595
623702145	ID:34	RPL: Sending a DIS to fe80::c30c:0:0:6
626029027	ID:36	RPL: Sending a multicast-DIO with rank 598
626521518	ID:35	RPL: Sending a multicast-DIO with rank 595
629029027	ID:36	RPL: Sending a multicast-DIO with rank 598
629521518	ID:35	RPL: Sending a multicast-DIO with rank 595
632029027	ID:36	RPL: Sending a multicast-DIO with rank 598
632521518	ID:35	RPL: Sending a multicast-DIO with rank 595
635029027	ID:36	RPL: Sending a multicast-DIO with rank 598
635521518	ID:35	RPL: Sending a multicast-DIO with rank 595
638029027	ID:36	RPL: Sending a multicast-DIO with rank 598
638521518	ID:35	RPL: Sending a multicast-DIO with rank 595
641029027	ID:36	RPL: Sending a multicast-DIO with rank 598
641521518	ID:35	RPL: Sending a multicast-DIO with rank 595
644029027	ID:36	RPL: Sending a multicast-DIO with rank 598
644521518	ID:35	RPL: Sending a multicast-DIO with rank 595
647029027	ID:36	RPL: Sending a multicast-DIO with rank 598
647521518	ID:35	RPL: Sending a multicast-DIO with rank 595
650029027	ID:36	RPL: Sending a multicast-DIO with rank 598
650521518	ID:35	RPL: Sending a multicast-DIO with rank 595
653029027	ID:36	RPL: Sending a multicast-DIO with rank 598
653521518	ID:35	RPL: Sending a multicast-DIO with rank 595
656029027	ID:36	RPL: Sending a multicast-DIO with rank 598
656521518	ID:35	RPL: Sending a multicast-DIO with rank 595
659029027	ID:36	RPL: Sending a multicast-DIO with rank 598
659521518	ID:35	RPL: Sending a multicast-DIO with rank 595
661946777	ID:32	RPL: Sending a DIS to fe80::c30c:0:0:3
662029027	ID:36	RPL: Sending a multicast-DIO with rank 598
662521518	ID:35	RPL: Sending a multicast-DIO with rank 595
665029027	ID:36	RPL: Sending a multicast-DIO with rank 598
665521518	ID:35	RPL: Sending a multicast-DIO with rank 595
668028030	ID:33	RPL: Sending a DIS to fe80::c30c:0:0:2
668029027	ID:36	RPL: Sending a multicast-DIO with rank 598
668521518	ID:35	RPL: Sending a multicast-DIO with rank 595
671029027	ID:36	RPL: Sending a multicast-DIO with rank 598
671521518	ID:35	RPL: Sending a multicast-DIO with rank 595
674029027	ID:36	RPL: Sending a multicast-DIO with rank 598
674521518	ID:35	RPL: Sending a multicast-DIO with rank 595
677029027	ID:36	RPL: Sending a multicast-DIO with rank 598
677521518	ID:35	RPL: Sending a multicast-DIO with rank 595
680029027	ID:36	RPL: Sending a multicast-DIO with rank 598
680521518	ID:35	RPL: Sending a multicast-DIO with rank 595
683029027	ID:36	RPL: Sending a multicast-DIO with rank 598
683521518	ID:35	RPL: Sending a multicast-DIO with rank 595
683702145	ID:34	RPL: Sending a DIS to fe80::c30c:0:0:6
686029027	ID:36	RPL: Sending a multicast-DIO with rank 598
686521518	ID:35	RPL: Sending a multicast-DIO with rank 595
689029027	ID:36	RPL: Sending a multicast-DIO with rank 598
689521518	ID:35	RPL: Sending a multicast-DIO with rank 595
692029028	ID:36	RPL: Sending a multicast-DIO with rank 598
692521518	ID:35	RPL: Sending a multicast-DIO with rank 595
695029028	ID:36	RPL: Sending a multicast-DIO with rank 598
695521518	ID:35	RPL: Sending a multicast-DIO with rank 595
698029028	ID:36	RPL: Sending a multicast-DIO with rank 598
698521518	ID:35	RPL: Sending a multicast-DIO with rank 595
701029028	ID:36	RPL: Sending a multicast-DIO with rank 598
701521518	ID:35	RPL: Sending a multicast-DIO with rank 595
704029028	ID:36	RPL: Sending a multicast-DIO with rank 598
704521518	ID:35	RPL: Sending a multicast-DIO with rank 595
707029028	ID:36	RPL: Sending a multicast-DIO with rank 598
707521518	ID:35	RPL: Sending a multicast-DIO with rank 595
710029028	ID:36	RPL: Sending a multicast-DIO with rank 598
710521518	ID:35	RPL: Sending a multicast-DIO with rank 595
713029028	ID:36	RPL: Sending a multicast-DIO with rank 598
713521518	ID:35	RPL: Sending a multicast-DIO with rank 595
716029028	ID:36	RPL: Sending a multicast-DIO with rank 598
716521518	ID:35	RPL: Sending a multicast-DIO with rank 595
719029028	ID:36	RPL: Sending a multicast-DIO with rank 598
719521518	ID:35	RPL: Sending a multicast-DIO with rank 595
721946777	ID:32	RPL: Sending a DIS to fe80::c30c:0:0:3
722029028	ID:36	RPL: Sending a multicast-DIO with rank 598
722521518	ID:35	RPL: Sending a multicast-DIO with rank 595
725029028	ID:36	RPL: Sending a multicast-DIO with rank 598
725521518	ID:35	RPL: Sending a multicast-DIO with rank 595
728028031	ID:33	RPL: Sending a DIS to fe80::c30c:0:0:2
728029028	ID:36	RPL: Sending a multicast-DIO with rank 598
728521518	ID:35	RPL: Sending a multicast-DIO with rank 595
731029028	ID:36	RPL: Sending a multicast-DIO with rank 598
731521518	ID:35	RPL: Sending a multicast-DIO with rank 595
734029028	ID:36	RPL: Sending a multicast-DIO with rank 598
734521518	ID:35	RPL: Sending a multicast-DIO with rank 595
737029028	ID:36	RPL: Sending a multicast-DIO with rank 598
737521518	ID:35	RPL: Sending a multicast-DIO with rank 595
740029034	ID:36	RPL: Sending a multicast-DIO with rank 598
740521518	ID:35	RPL: Sending a multicast-DIO with rank 595
743029028	ID:36	RPL: Sending a multicast-DIO with rank 598
743521518	ID:35	RPL: Sending a multicast-DIO with rank 595
743702421	ID:34	RPL: Sending a DIS to fe80::c30c:0:0:6
746029028	ID:36	RPL: Sending a multicast-DIO with rank 598
746521518	ID:35	RPL: Sending a multicast-DIO with rank 595
749029028	ID:36	RPL: Sending a multicast-DIO with rank 598
749521518	ID:35	RPL: Sending a multicast-DIO with rank 595
752029028	ID:36	RPL: Sending a multicast-DIO with rank 598
752521518	ID:35	RPL: Sending a multicast-DIO with rank 595
755029028	ID:36	RPL: Sending a multicast-DIO with rank 598
755521518	ID:35	RPL: Sending a multicast-DIO with rank 595
758029028	ID:36	RPL: Sending a multicast-DIO with rank 598
758521518	ID:35	RPL: Sending a multicast-DIO with rank 595
761029028	ID:36	RPL: Sending a multicast-DIO with rank 598
761521518	ID:35	RPL: Sending a multicast-DIO with rank 595
764029028	ID:36	RPL: Sending a multicast-DIO with rank 598
764521518	ID:35	RPL: Sending a multicast-DIO with rank 595
767029028	ID:36	RPL: Sending a multicast-DIO with rank 598
767521518	ID:35	RPL: Sending a multicast-DIO with rank 595
770029028	ID:36	RPL: Sending a multicast-DIO with rank 598
770521518	ID:35	RPL: Sending a multicast-DIO with rank 595
773029028	ID:36	RPL: Sending a multicast-DIO with rank 598
773521518	ID:35	RPL: Sending a multicast-DIO with rank 595
776029027	ID:36	RPL: Sending a multicast-DIO with rank 598
776521518	ID:35	RPL: Sending a multicast-DIO with rank 595
779029028	ID:36	RPL: Sending a multicast-DIO with rank 598
779521518	ID:35	RPL: Sending a multicast-DIO with rank 595
781947310	ID:32	RPL: Sending a DIS to fe80::c30c:0:0:3
782029028	ID:36	RPL: Sending a multicast-DIO with rank 598
782521518	ID:35	RPL: Sending a multicast-DIO with rank 595
785029028	ID:36	RPL: Sending a multicast-DIO with rank 598
785521518	ID:35	RPL: Sending a multicast-DIO with rank 595
788028031	ID:33	RPL: Sending a DIS to fe80::c30c:0:0:2
788029028	ID:36	RPL: Sending a multicast-DIO with rank 598
788521518	ID:35	RPL: Sending a multicast-DIO with rank 595
791029028	ID:36	RPL: Sending a multicast-DIO with rank 598
791521518	ID:35	RPL: Sending a multicast-DIO with rank 595
794029028	ID:36	RPL: Sending a multicast-DIO with rank 598
794521518	ID:35	RPL: Sending a multicast-DIO with rank 595
797029028	ID:36	RPL: Sending a multicast-DIO with rank 598
797521518	ID:35	RPL: Sending a multicast-DIO with rank 595
800029028	ID:36	RPL: Sending a multicast-DIO with rank 598
800521518	ID:35	RPL: Sending a multicast-DIO with rank 595
803029028	ID:36	RPL: Sending a multicast-DIO with rank 598
803521518	ID:35	RPL: Sending a multicast-DIO with rank 595
803702146	ID:34	RPL: Sending a DIS to fe80::c30c:0:0:6
806029028	ID:36	RPL: Sending a multicast-DIO with rank 598
806521518	ID:35	RPL: Sending a multicast-DIO with rank 595
809029028	ID:36	RPL: Sending a multicast-DIO with rank 598
809521518	ID:35	RPL: Sending a multicast-DIO with rank 595
812029028	ID:36	RPL: Sending a multicast-DIO with rank 598
812521525	ID:35	RPL: Sending a multicast-DIO with rank 595
815029028	ID:36	RPL: Sending a multicast-DIO with rank 598
815521518	ID:35	RPL: Sending a multicast-DIO with rank 595
818029028	ID:36	RPL: Sending a multicast-DIO with rank 598
818521518	ID:35	RPL: Sending a multicast-DIO with rank 595
821029028	ID:36	RPL: Sending a multicast-DIO with rank 598
821521518	ID:35	RPL: Sending a multicast-DIO with rank 595
824029028	ID:36	RPL: Sending a multicast-DIO with rank 598
824521518	ID:35	RPL: Sending a multicast-DIO with rank 595
827029028	ID:36	RPL: Sending a multicast-DIO with rank 598
827521518	ID:35	RPL: Sending a multicast-DIO with rank 595
830029028	ID:36	RPL: Sending a multicast-DIO with rank 598
830521518	ID:35	RPL: Sending a multicast-DIO with rank 595
833029028	ID:36	RPL: Sending a multicast-DIO with rank 598
833521518	ID:35	RPL: Sending a multicast-DIO with rank 595
836029028	ID:36	RPL: Sending a multicast-DIO with rank 598
836521518	ID:35	RPL: Sending a multicast-DIO with rank 595
839029028	ID:36	RPL: Sending a multicast-DIO with rank 598
839521518	ID:35	RPL: Sending a multicast-DIO with rank 595
841946777	ID:32	RPL: Sending a DIS to fe80::c30c:0:0:3
842029028	ID:36	RPL: Sending a multicast-DIO with rank 598
842521518	ID:35	RPL: Sending a multicast-DIO with rank 595
845029028	ID:36	RPL: Sending a multicast-DIO with rank 598
845521518	ID:35	RPL: Sending a multicast-DIO with rank 595
848028031	ID:33	RPL: Sending a DIS to fe80::c30c:0:0:2
848029028	ID:36	RPL: Sending a multicast-DIO with rank 598
848521518	ID:35	RPL: Sending a multicast-DIO with rank 595
851029028	ID:36	RPL: Sending a multicast-DIO with rank 598
851521518	ID:35	RPL: Sending a multicast-DIO with rank 595
854029028	ID:36	RPL: Sending a multicast-DIO with rank 598
854521518	ID:35	RPL: Sending a multicast-DIO with rank 595
857029028	ID:36	RPL: Sending a multicast-DIO with rank 598
857521518	ID:35	RPL: Sending a multicast-DIO with rank 595
860029028	ID:36	RPL: Sending a multicast-DIO with rank 598
860521518	ID:35	RPL: Sending a multicast-DIO with rank 595
863029028	ID:36	RPL: Sending a multicast-DIO with rank 598
863521518	ID:35	RPL: Sending a multicast-DIO with rank 595
863702708	ID:34	RPL: Sending a DIS to fe80::c30c:0:0:6
866029028	ID:36	RPL: Sending a multicast-DIO with rank 598
866521518	ID:35	RPL: Sending a multicast-DIO with rank 595
869029028	ID:36	RPL: Sending a multicast-DIO with rank 598
869521518	ID:35	RPL: Sending a multicast-DIO with rank 595
872029028	ID:36	RPL: Sending a multicast-DIO with rank 598
872521518	ID:35	RPL: Sending a multicast-DIO with rank 595
875029028	ID:36	RPL: Sending a multicast-DIO with rank 598
875521518	ID:35	RPL: Sending a multicast-DIO with rank 595
878029028	ID:36	RPL: Sending a multicast-DIO with rank 598
878521518	ID:35	RPL: Sending a multicast-DIO with rank 595
881029028	ID:36	RPL: Sending a multicast-DIO with rank 598
881521518	ID:35	RPL: Sending a multicast-DIO with rank 595
884029028	ID:36	RPL: Sending a multicast-DIO with rank 598
884521518	ID:35	RPL: Sending a multicast-DIO with rank 595
887029028	ID:36	RPL: Sending a multicast-DIO with rank 598
887521518	ID:35	RPL: Sending a multicast-DIO with rank 595
890029028	ID:36	RPL: Sending a multicast-DIO with rank 598
890521518	ID:35	RPL: Sending a multicast-DIO with rank 595
893029028	ID:36	RPL: Sending a multicast-DIO with rank 598
893521518	ID:35	RPL: Sending a multicast-DIO with rank 595
896029028	ID:36	RPL: Sending a multicast-DIO with rank 598
896521518	ID:35	RPL: Sending a multicast-DIO with rank 595
899029028	ID:36	RPL: Sending a multicast-DIO with rank 598
899521518	ID:35	RPL: Sending a multicast-DIO with rank 595
901947310	ID:32	RPL: Sending a DIS to fe80::c30c:0:0:3
902029028	ID:36	RPL: Sending a multicast-DIO with rank 598
902521518	ID:35	RPL: Sending a multicast-DIO with rank 595
905029028	ID:36	RPL: Sending a multicast-DIO with rank 598
905521518	ID:35	RPL: Sending a multicast-DIO with rank 595
908028031	ID:33	RPL: Sending a DIS to fe80::c30c:0:0:2
908029028	ID:36	RPL: Sending a multicast-DIO with rank 598
908521518	ID:35	RPL: Sending a multicast-DIO with rank 595
911029028	ID:36	RPL: Sending a multicast-DIO with rank 598
911521518	ID:35	RPL: Sending a multicast-DIO with rank 595
914029028	ID:36	RPL: Sending a multicast-DIO with rank 598
914521518	ID:35	RPL: Sending a multicast-DIO with rank 595
917029028	ID:36	RPL: Sending a multicast-DIO with rank 598
917521518	ID:35	RPL: Sending a multicast-DIO with rank 595
920029028	ID:36	RPL: Sending a multicast-DIO with rank 598
920521518	ID:35	RPL: Sending a multicast-DIO with rank 595
923029028	ID:36	RPL: Sending a multicast-DIO with rank 598
923521518	ID:35	RPL: Sending a multicast-DIO with rank 595
923702146	ID:34	RPL: Sending a DIS to fe80::c30c:0:0:6
926029028	ID:36	RPL: Sending a multicast-DIO with rank 598
926521518	ID:35	RPL: Sending a multicast-DIO with rank 595
929029028	ID:36	RPL: Sending a multicast-DIO with rank 598
929521518	ID:35	RPL: Sending a multicast-DIO with rank 595
932029028	ID:36	RPL: Sending a multicast-DIO with rank 598
932521518	ID:35	RPL: Sending a multicast-DIO with rank 595
935029028	ID:36	RPL: Sending a multicast-DIO with rank 598
935521518	ID:35	RPL: Sending a multicast-DIO with rank 595
938029028	ID:36	RPL: Sending a multicast-DIO with rank 598
938521518	ID:35	RPL: Sending a multicast-DIO with rank 595
941029028	ID:36	RPL: Sending a multicast-DIO with rank 598
941521518	ID:35	RPL: Sending a multicast-DIO with rank 595
944029028	ID:36	RPL: Sending a multicast-DIO with rank 598
944521518	ID:35	RPL: Sending a multicast-DIO with rank 595
947029028	ID:36	RPL: Sending a multicast-DIO with rank 598
947521518	ID:35	RPL: Sending a multicast-DIO with rank 595
950029028	ID:36	RPL: Sending a multicast-DIO with rank 598
950521518	ID:35	RPL: Sending a multicast-DIO with rank 595
953029028	ID:36	RPL: Sending a multicast-DIO with rank 598
953521518	ID:35	RPL: Sending a multicast-DIO with rank 595
956029028	ID:36	RPL: Sending a multicast-DIO with rank 598
956521518	ID:35	RPL: Sending a multicast-DIO with rank 595
959029028	ID:36	RPL: Sending a multicast-DIO with rank 598
959521518	ID:35	RPL: Sending a multicast-DIO with rank 595
961946898	ID:32	RPL: Sending a DIS to fe80::c30c:0:0:3
962029028	ID:36	RPL: Sending a multicast-DIO with rank 598
962521518	ID:35	RPL: Sending a multicast-DIO with rank 595
965029028	ID:36	RPL: Sending a multicast-DIO with rank 598
965521518	ID:35	RPL: Sending a multicast-DIO with rank 595
968028031	ID:33	RPL: Sending a DIS to fe80::c30c:0:0:2
968029028	ID:36	RPL: Sending a multicast-DIO with rank 598
968521518	ID:35	RPL: Sending a multicast-DIO with rank 595
971029028	ID:36	RPL: Sending a multicast-DIO with rank 598
971521518	ID:35	RPL: Sending a multicast-DIO with rank 595
974029028	ID:36	RPL: Sending a multicast-DIO with rank 598
974521518	ID:35	RPL: Sending a multicast-DIO with rank 595
977029028	ID:36	RPL: Sending a multicast-DIO with rank 598
977521518	ID:35	RPL: Sending a multicast-DIO with rank 595
980029028	ID:36	RPL: Sending a multicast-DIO with rank 598
980521518	ID:35	RPL: Sending a multicast-DIO with rank 595
983029028	ID:36	RPL: Sending a multicast-DIO with rank 598
983521518	ID:35	RPL: Sending a multicast-DIO with rank 595
983702779	ID:34	RPL: Sending a DIS to fe80::c30c:0:0:6
986029028	ID:36	RPL: Sending a multicast-DIO with rank 598
986521518	ID:35	RPL: Sending a multicast-DIO with rank 595
989029028	ID:36	RPL: Sending a multicast-DIO with rank 598
989521518	ID:35	RPL: Sending a multicast-DIO with rank 595
992029028	ID:36	RPL: Sending a multicast-DIO with rank 598
992521518	ID:35	RPL: Sending a multicast-DIO with rank 595
995029028	ID:36	RPL: Sending a multicast-DIO with rank 598
995521518	ID:35	RPL: Sending a multicast-DIO with rank 595
998029028	ID:36	RPL: Sending a multicast-DIO with rank 598
998521518	ID:35	RPL: Sending a multicast-DIO with rank 595
1001029028	ID:36	RPL: Sending a multicast-DIO with rank 598
1001521518	ID:35	RPL: Sending a multicast-DIO with rank 595
1004029028	ID:36	RPL: Sending a multicast-DIO with rank 598
1004521518	ID:35	RPL: Sending a multicast-DIO with rank 595
1007029028	ID:36	RPL: Sending a multicast-DIO with rank 598
1007521518	ID:35	RPL: Sending a multicast-DIO with rank 595
1010029028	ID:36	RPL: Sending a multicast-DIO with rank 598
1010521518	ID:35	RPL: Sending a multicast-DIO with rank 595
1013029028	ID:36	RPL: Sending a multicast-DIO with rank 598
1013521518	ID:35	RPL: Sending a multicast-DIO with rank 595
1016029028	ID:36	RPL: Sending a multicast-DIO with rank 598
1016521518	ID:35	RPL: Sending a multicast-DIO with rank 595
1019029028	ID:36	RPL: Sending a multicast-DIO with rank 598
1019521518	ID:35	RPL: Sending a multicast-DIO with rank 595
1021946898	ID:32	RPL: Sending a DIS to fe80::c30c:0:0:3
1022029028	ID:36	RPL: Sending a multicast-DIO with rank 598
1022521518	ID:35	RPL: Sending a multicast-DIO with rank 595
1025029028	ID:36	RPL: Sending a multicast-DIO with rank 598
1025521518	ID:35	RPL: Sending a multicast-DIO with rank 595
1028028031	ID:33	RPL: Sending a DIS to fe80::c30c:0:0:2
1028029028	ID:36	RPL: Sending a multicast-DIO with rank 598
1028521519	ID:35	RPL: Sending a multicast-DIO with rank 595
1031029028	ID:36	RPL: Sending a multicast-DIO with rank 598
1031521519	ID:35	RPL: Sending a multicast-DIO with rank 595
1034029028	ID:36	RPL: Sending a multicast-DIO with rank 598
1034521519	ID:35	RPL: Sending a multicast-DIO with rank 595
1037029028	ID:36	RPL: Sending a multicast-DIO with rank 598
1037521519	ID:35	RPL: Sending a multicast-DIO with rank 595
1040029028	ID:36	RPL: Sending a multicast-DIO with rank 598
1040521519	ID:35	RPL: Sending a multicast-DIO with rank 595
1043029028	ID:36	RPL: Sending a multicast-DIO with rank 598
1043521519	ID:35	RPL: Sending a multicast-DIO with rank 595
1043702267	ID:34	RPL: Sending a DIS to fe80::c30c:0:0:6
1046029028	ID:36	RPL: Sending a multicast-DIO with rank 598
1046521519	ID:35	RPL: Sending a multicast-DIO with rank 595
1049029028	ID:36	RPL: Sending a multicast-DIO with rank 598
1049521519	ID:35	RPL: Sending a multicast-DIO with rank 595
1052029028	ID:36	RPL: Sending a multicast-DIO with rank 598
1052521519	ID:35	RPL: Sending a multicast-DIO with rank 595
1055029035	ID:36	RPL: Sending a multicast-DIO with rank 598
1055521519	ID:35	RPL: Sending a multicast-DIO with rank 595
1058029028	ID:36	RPL: Sending a multicast-DIO with rank 598
1058521519	ID:35	RPL: Sending a multicast-DIO with rank 595
1061029028	ID:36	RPL: Sending a multicast-DIO with rank 598
1061521519	ID:35	RPL: Sending a multicast-DIO with rank 595
1064029028	ID:36	RPL: Sending a multicast-DIO with rank 598
1064521519	ID:35	RPL: Sending a multicast-DIO with rank 595
1067029028	ID:36	RPL: Sending a multicast-DIO with rank 598
1067521519	ID:35	RPL: Sending a multicast-DIO with rank 595
1070029028	ID:36	RPL: Sending a multicast-DIO with rank 598
1070521519	ID:35	RPL: Sending a multicast-DIO with rank 595
1073029028	ID:36	RPL: Sending a multicast-DIO with rank 598
1073521519	ID:35	RPL: Sending a multicast-DIO with rank 595
1076029028	ID:36	RPL: Sending a multicast-DIO with rank 598
1076521519	ID:35	RPL: Sending a multicast-DIO with rank 595
1079029028	ID:36	RPL: Sending a multicast-DIO with rank 598
1079521519	ID:35	RPL: Sending a multicast-DIO with rank 595
1081946899	ID:32	RPL: Sending a DIS to fe80::c30c:0:0:3
1082029028	ID:36	RPL: Sending a multicast-DIO with rank 598
1082521519	ID:35	RPL: Sending a multicast-DIO with rank 595
1085029028	ID:36	RPL: Sending a multicast-DIO with rank 598
1085521519	ID:35	RPL: Sending a multicast-DIO with rank 595
1088028031	ID:33	RPL: Sending a DIS to fe80::c30c:0:0:2
1088029028	ID:36	RPL: Sending a multicast-DIO with rank 598
1088521519	ID:35	RPL: Sending a multicast-DIO with rank 595
1091029028	ID:36	RPL: Sending a multicast-DIO with rank 598
1091521519	ID:35	RPL: Sending a multicast-DIO with rank 595
1094029028	ID:36	RPL: Sending a multicast-DIO with rank 598
1094521519	ID:35	RPL: Sending a multicast-DIO with rank 595
1097029028	ID:36	RPL: Sending a multicast-DIO with rank 598
1097521519	ID:35	RPL: Sending a multicast-DIO with rank 595
1100029028	ID:36	RPL: Sending a multicast-DIO with rank 598
1100521519	ID:35	RPL: Sending a multicast-DIO with rank 595
1103029028	ID:36	RPL: Sending a multicast-DIO with rank 598
1103521519	ID:35	RPL: Sending a multicast-DIO with rank 595
1103702267	ID:34	RPL: Sending a DIS to fe80::c30c:0:0:6
1106029028	ID:36	RPL: Sending a multicast-DIO with rank 598
1106521519	ID:35	RPL: Sending a multicast-DIO with rank 595
1109029028	ID:36	RPL: Sending a multicast-DIO with rank 598
1109521519	ID:35	RPL: Sending a multicast-DIO with rank 595
1112029028	ID:36	RPL: Sending a multicast-DIO with rank 598
1112521526	ID:35	RPL: Sending a multicast-DIO with rank 595
1115029028	ID:36	RPL: Sending a multicast-DIO with rank 598
1115521519	ID:35	RPL: Sending a multicast-DIO with rank 595
1118029028	ID:36	RPL: Sending a multicast-DIO with rank 598
1118521519	ID:35	RPL: Sending a multicast-DIO with rank 595
1121029028	ID:36	RPL: Sending a multicast-DIO with rank 598
1121521519	ID:35	RPL: Sending a multicast-DIO with rank 595
1124029028	ID:36	RPL: Sending a multicast-DIO with rank 598
1124521519	ID:35	RPL: Sending a multicast-DIO with rank 595
1127029028	ID:36	RPL: Sending a multicast-DIO with rank 598
1127521519	ID:35	RPL: Sending a multicast-DIO with rank 595
1130029028	ID:36	RPL: Sending a multicast-DIO with rank 598
1130521519	ID:35	RPL: Sending a multicast-DIO with rank 595
1133029028	ID:36	RPL: Sending a multicast-DIO with rank 598
1133521519	ID:35	RPL: Sending a multicast-DIO with rank 595
1136029028	ID:36	RPL: Sending a multicast-DIO with rank 598
1136521519	ID:35	RPL: Sending a multicast-DIO with rank 595
1139029028	ID:36	RPL: Sending a multicast-DIO with rank 598
1139521519	ID:35	RPL: Sending a multicast-DIO with rank 595
1141946899	ID:32	RPL: Sending a DIS to fe80::c30c:0:0:3
1142029028	ID:36	RPL: Sending a multicast-DIO with rank 598
1142521519	ID:35	RPL: Sending a multicast-DIO with rank 595
1145029028	ID:36	RPL: Sending a multicast-DIO with rank 598
1145521519	ID:35	RPL: Sending a multicast-DIO with rank 595
1148028031	ID:33	RPL: Sending a DIS to fe80::c30c:0:0:2
1148029028	ID:36	RPL: Sending a multicast-DIO with rank 598
1148521519	ID:35	RPL: Sending a multicast-DIO with rank 595
1151029028	ID:36	RPL: Sending a multicast-DIO with rank 598
1151521519	ID:35	RPL: Sending a multicast-DIO with rank 595
1154029028	ID:36	RPL: Sending a multicast-DIO with rank 598
1154521519	ID:35	RPL: Sending a multicast-DIO with rank 595
1157029028	ID:36	RPL: Sending a multicast-DIO with rank 598
1157521519	ID:35	RPL: Sending a multicast-DIO with rank 595
1160029028	ID:36	RPL: Sending a multicast-DIO with rank 598
1160521519	ID:35	RPL: Sending a multicast-DIO with rank 595
1163029028	ID:36	RPL: Sending a multicast-DIO with rank 598
1163521519	ID:35	RPL: Sending a multicast-DIO with rank 595
1163702267	ID:34	RPL: Sending a DIS to fe80::c30c:0:0:6
1166029028	ID:36	RPL: Sending a multicast-DIO with rank 598
1166521519	ID:35	RPL: Sending a multicast-DIO with rank 595
1169029028	ID:36	RPL: Sending a multicast-DIO with rank 598
1169521519	ID:35	RPL: Sending a multicast-DIO with rank 595
1172029028	ID:36	RPL: Sending a multicast-DIO with rank 598
1172521519	ID:35	RPL: Sending a multicast-DIO with rank 595
1175029028	ID:36	RPL: Sending a multicast-DIO with rank 598
1175521519	ID:35	RPL: Sending a multicast-DIO with rank 595
1178029028	ID:36	RPL: Sending a multicast-DIO with rank 598
1178521519	ID:35	RPL: Sending a multicast-DIO with rank 595
1181029028	ID:36	RPL: Sending a multicast-DIO with rank 598
1181521519	ID:35	RPL: Sending a multicast-DIO with rank 595
1184029028	ID:36	RPL: Sending a multicast-DIO with rank 598
1184521519	ID:35	RPL: Sending a multicast-DIO with rank 595
1187029028	ID:36	RPL: Sending a multicast-DIO with rank 598
1187521519	ID:35	RPL: Sending a multicast-DIO with rank 595
1190029028	ID:36	RPL: Sending a multicast-DIO with rank 598
1190521519	ID:35	RPL: Sending a multicast-DIO with rank 595
1193029028	ID:36	RPL: Sending a multicast-DIO with rank 598
1193521519	ID:35	RPL: Sending a multicast-DIO with rank 595
1196029028	ID:36	RPL: Sending a multicast-DIO with rank 598
1196521519	ID:35	RPL: Sending a multicast-DIO with rank 595
1199029028	ID:36	RPL: Sending a multicast-DIO with rank 598
1199521519	ID:35	RPL: Sending a multicast-DIO with rank 595
1201946905	ID:32	RPL: Sending a DIS to fe80::c30c:0:0:3
1202029033	ID:36	RPL: Sending a multicast-DIO with rank 598
1202521524	ID:35	RPL: Sending a multicast-DIO with rank 595
1205029027	ID:36	RPL: Sending a multicast-DIO with rank 598
1205521518	ID:35	RPL: Sending a multicast-DIO with rank 595
1208028030	ID:33	RPL: Sending a DIS to fe80::c30c:0:0:2
1208029027	ID:36	RPL: Sending a multicast-DIO with rank 598
1208521518	ID:35	RPL: Sending a multicast-DIO with rank 595
1211029027	ID:36	RPL: Sending a multicast-DIO with rank 598
1211521518	ID:35	RPL: Sending a multicast-DIO with rank 595
1214029027	ID:36	RPL: Sending a multicast-DIO with rank 598
1214521518	ID:35	RPL: Sending a multicast-DIO with rank 595
1217029027	ID:36	RPL: Sending a multicast-DIO with rank 598
1217521518	ID:35	RPL: Sending a multicast-DIO with rank 595
1220029027	ID:36	RPL: Sending a multicast-DIO with rank 598
1220521518	ID:35	RPL: Sending a multicast-DIO with rank 595
1223029027	ID:36	RPL: Sending a multicast-DIO with rank 598
1223521518	ID:35	RPL: Sending a multicast-DIO with rank 595
1223702266	ID:34	RPL: Sending a DIS to fe80::c30c:0:0:6
1226029027	ID:36	RPL: Sending a multicast-DIO with rank 598
1226521518	ID:35	RPL: Sending a multicast-DIO with rank 595
1229029027	ID:36	RPL: Sending a multicast-DIO with rank 598
1229521518	ID:35	RPL: Sending a multicast-DIO with rank 595
1232029027	ID:36	RPL: Sending a multicast-DIO with rank 598
1232521518	ID:35	RPL: Sending a multicast-DIO with rank 595
1235029027	ID:36	RPL: Sending a multicast-DIO with rank 598
1235521518	ID:35	RPL: Sending a multicast-DIO with rank 595
1238029027	ID:36	RPL: Sending a multicast-DIO with rank 598
1238521518	ID:35	RPL: Sending a multicast-DIO with rank 595
1241029027	ID:36	RPL: Sending a multicast-DIO with rank 598
1241521518	ID:35	RPL: Sending a multicast-DIO with rank 595
1244029027	ID:36	RPL: Sending a multicast-DIO with rank 598
1244521518	ID:35	RPL: Sending a multicast-DIO with rank 595
1247029027	ID:36	RPL: Sending a multicast-DIO with rank 598
1247521518	ID:35	RPL: Sending a multicast-DIO with rank 595
1250029027	ID:36	RPL: Sending a multicast-DIO with rank 598
1250521518	ID:35	RPL: Sending a multicast-DIO with rank 595
1253029027	ID:36	RPL: Sending a multicast-DIO with rank 598
1253521518	ID:35	RPL: Sending a multicast-DIO with rank 595
1256029027	ID:36	RPL: Sending a multicast-DIO with rank 598
1256521518	ID:35	RPL: Sending a multicast-DIO with rank 595
1259029027	ID:36	RPL: Sending a multicast-DIO with rank 598
1259521518	ID:35	RPL: Sending a multicast-DIO with rank 595
1261946898	ID:32	RPL: Sending a DIS to fe80::c30c:0:0:3
1262029027	ID:36	RPL: Sending a multicast-DIO with rank 598
1262521518	ID:35	RPL: Sending a multicast-DIO with rank 595
1265029027	ID:36	RPL: Sending a multicast-DIO with rank 598
1265521518	ID:35	RPL: Sending a multicast-DIO with rank 595
1268028030	ID:33	RPL: Sending a DIS to fe80::c30c:0:0:2
1268029027	ID:36	RPL: Sending a multicast-DIO with rank 598
1268521518	ID:35	RPL: Sending a multicast-DIO with rank 595
1271029027	ID:36	RPL: Sending a multicast-DIO with rank 598
1271521518	ID:35	RPL: Sending a multicast-DIO with rank 595
1274029027	ID:36	RPL: Sending a multicast-DIO with rank 598
1274521518	ID:35	RPL: Sending a multicast-DIO with rank 595
1277029027	ID:36	RPL: Sending a multicast-DIO with rank 598
1277521518	ID:35	RPL: Sending a multicast-DIO with rank 595
1280029027	ID:36	RPL: Sending a multicast-DIO with rank 598
1280521518	ID:35	RPL: Sending a multicast-DIO with rank 595
1283029027	ID:36	RPL: Sending a multicast-DIO with rank 598
1283521518	ID:35	RPL: Sending a multicast-DIO with rank 595
1283702266	ID:34	RPL: Sending a DIS to fe80::c30c:0:0:6
1286029027	ID:36	RPL: Sending a multicast-DIO with rank 598
1286521518	ID:35	RPL: Sending a multicast-DIO with rank 595
1289029027	ID:36	RPL: Sending a multicast-DIO with rank 598
1289521518	ID:35	RPL: Sending a multicast-DIO with rank 595
1292029027	ID:36	RPL: Sending a multicast-DIO with rank 598
1292521518	ID:35	RPL: Sending a multicast-DIO with rank 595
1295029027	ID:36	RPL: Sending a multicast-DIO with rank 598
1295521518	ID:35	RPL: Sending a multicast-DIO with rank 595
1298029027	ID:36	RPL: Sending a multicast-DIO with rank 598
1298521518	ID:35	RPL: Sending a multicast-DIO with rank 595
1301029027	ID:36	RPL: Sending a multicast-DIO with rank 598
1301521518	ID:35	RPL: Sending a multicast-DIO with rank 595
1304029027	ID:36	RPL: Sending a multicast-DIO with rank 598
1304521518	ID:35	RPL: Sending a multicast-DIO with rank 595
1307029027	ID:36	RPL: Sending a multicast-DIO with rank 598
1307521518	ID:35	RPL: Sending a multicast-DIO with rank 595
1310029027	ID:36	RPL: Sending a multicast-DIO with rank 598
1310521518	ID:35	RPL: Sending a multicast-DIO with rank 595
1313029027	ID:36	RPL: Sending a multicast-DIO with rank 598
1313521518	ID:35	RPL: Sending a multicast-DIO with rank 595
1316029027	ID:36	RPL: Sending a multicast-DIO with rank 598
1316521518	ID:35	RPL: Sending a multicast-DIO with rank 595
1319029027	ID:36	RPL: Sending a multicast-DIO with rank 598
1319521518	ID:35	RPL: Sending a multicast-DIO with rank 595
1321946898	ID:32	RPL: Sending a DIS to fe80::c30c:0:0:3
1322029027	ID:36	RPL: Sending a multicast-DIO with rank 598
1322521518	ID:35	RPL: Sending a multicast-DIO with rank 595
1325029027	ID:36	RPL: Sending a multicast-DIO with rank 598
1325521518	ID:35	RPL: Sending a multicast-DIO with rank 595
1328028030	ID:33	RPL: Sending a DIS to fe80::c30c:0:0:2
1328029027	ID:36	RPL: Sending a multicast-DIO with rank 598
1328521518	ID:35	RPL: Sending a multicast-DIO with rank 595
1331029027	ID:36	RPL: Sending a multicast-DIO with rank 598
1331521518	ID:35	RPL: Sending a multicast-DIO with rank 595
1334029027	ID:36	RPL: Sending a multicast-DIO with rank 598
1334521518	ID:35	RPL: Sending a multicast-DIO with rank 595
1337029027	ID:36	RPL: Sending a multicast-DIO with rank 598
1337521518	ID:35	RPL: Sending a multicast-DIO with rank 595
1340029027	ID:36	RPL: Sending a multicast-DIO with rank 598
1340521518	ID:35	RPL: Sending a multicast-DIO with rank 595
1343029027	ID:36	RPL: Sending a multicast-DIO with rank 598
1343521518	ID:35	RPL: Sending a multicast-DIO with rank 595
1343702266	ID:34	RPL: Sending a DIS to fe80::c30c:0:0:6
1346029027	ID:36	RPL: Sending a multicast-DIO with rank 598
1346521518	ID:35	RPL: Sending a multicast-DIO with rank 595
1349029027	ID:36	RPL: Sending a multicast-DIO with rank 598
1349521518	ID:35	RPL: Sending a multicast-DIO with rank 595
1352029027	ID:36	RPL: Sending a multicast-DIO with rank 598
1352521518	ID:35	RPL: Sending a multicast-DIO with rank 595
1355029027	ID:36	RPL: Sending a multicast-DIO with rank 598
1355521518	ID:35	RPL: Sending a multicast-DIO with rank 595
1358029027	ID:36	RPL: Sending a multicast-DIO with rank 598
1358521518	ID:35	RPL: Sending a multicast-DIO with rank 595
1361029027	ID:36	RPL: Sending a multicast-DIO with rank 598
1361521518	ID:35	RPL: Sending a multicast-DIO with rank 595
1364029034	ID:36	RPL: Sending a multicast-DIO with rank 598
1364521518	ID:35	RPL: Sending a multicast-DIO with rank 595
1367029027	ID:36	RPL: Sending a multicast-DIO with rank 598
1367521518	ID:35	RPL: Sending a multicast-DIO with rank 595
1370029027	ID:36	RPL: Sending a multicast-DIO with rank 598
1370521518	ID:35	RPL: Sending a multicast-DIO with rank 595
1373029027	ID:36	RPL: Sending a multicast-DIO with rank 598
1373521518	ID:35	RPL: Sending a multicast-DIO with rank 595
1376029027	ID:36	RPL: Sending a multicast-DIO with rank 598
1376521518	ID:35	RPL: Sending a multicast-DIO with rank 595
1379029027	ID:36	RPL: Sending a multicast-DIO with rank 598
1379521518	ID:35	RPL: Sending a multicast-DIO with rank 595
1381946898	ID:32	RPL: Sending a DIS to fe80::c30c:0:0:3
1382029027	ID:36	RPL: Sending a multicast-DIO with rank 598
1382521518	ID:35	RPL: Sending a multicast-DIO with rank 595
1385029027	ID:36	RPL: Sending a multicast-DIO with rank 598
1385521518	ID:35	RPL: Sending a multicast-DIO with rank 595
1388028030	ID:33	RPL: Sending a DIS to fe80::c30c:0:0:2
1388029027	ID:36	RPL: Sending a multicast-DIO with rank 598
1388521518	ID:35	RPL: Sending a multicast-DIO with rank 595
1391029027	ID:36	RPL: Sending a multicast-DIO with rank 598
1391521518	ID:35	RPL: Sending a multicast-DIO with rank 595
1394029027	ID:36	RPL: Sending a multicast-DIO with rank 598
1394521518	ID:35	RPL: Sending a multicast-DIO with rank 595
1397029027	ID:36	RPL: Sending a multicast-DIO with rank 598
1397521518	ID:35	RPL: Sending a multicast-DIO with rank 595
1400029027	ID:36	RPL: Sending a multicast-DIO with rank 598
1400521518	ID:35	RPL: Sending a multicast-DIO with rank 595
1403029027	ID:36	RPL: Sending a multicast-DIO with rank 598
1403521518	ID:35	RPL: Sending a multicast-DIO with rank 595
1403702266	ID:34	RPL: Sending a DIS to fe80::c30c:0:0:6
1406029027	ID:36	RPL: Sending a multicast-DIO with rank 598
1406521518	ID:35	RPL: Sending a multicast-DIO with rank 595
1409029027	ID:36	RPL: Sending a multicast-DIO with rank 598
1409521518	ID:35	RPL: Sending a multicast-DIO with rank 595
1412029027	ID:36	RPL: Sending a multicast-DIO with rank 598
1412521518	ID:35	RPL: Sending a multicast-DIO with rank 595
1415029027	ID:36	RPL: Sending a multicast-DIO with rank 598
1415521518	ID:35	RPL: Sending a multicast-DIO with rank 595
1418029027	ID:36	RPL: Sending a multicast-DIO with rank 598
1418521518	ID:35	RPL: Sending a multicast-DIO with rank 595
1421029027	ID:36	RPL: Sending a multicast-DIO with rank 598
1421521518	ID:35	RPL: Sending a multicast-DIO with rank 595
1424029027	ID:36	RPL: Sending a multicast-DIO with rank 598
1424521518	ID:35	RPL: Sending a multicast-DIO with rank 595
1427029027	ID:36	RPL: Sending a multicast-DIO with rank 598
1427521518	ID:35	RPL: Sending a multicast-DIO with rank 595
1430029027	ID:36	RPL: Sending a multicast-DIO with rank 598
1430521518	ID:35	RPL: Sending a multicast-DIO with rank 595
1433029027	ID:36	RPL: Sending a multicast-DIO with rank 598
1433521518	ID:35	RPL: Sending a multicast-DIO with rank 595
1436029027	ID:36	RPL: Sending a multicast-DIO with rank 598
1436521518	ID:35	RPL: Sending a multicast-DIO with rank 595
1439029027	ID:36	RPL: Sending a multicast-DIO with rank 598
1439521518	ID:35	RPL: Sending a multicast-DIO with rank 595
1441946898	ID:32	RPL: Sending a DIS to fe80::c30c:0:0:3
1442029027	ID:36	RPL: Sending a multicast-DIO with rank 598
1442521518	ID:35	RPL: Sending a multicast-DIO with rank 595
1445029027	ID:36	RPL: Sending a multicast-DIO with rank 598
1445521518	ID:35	RPL: Sending a multicast-DIO with rank 595
1448028030	ID:33	RPL: Sending a DIS to fe80::c30c:0:0:2
1448029027	ID:36	RPL: Sending a multicast-DIO with rank 598
1448521518	ID:35	RPL: Sending a multicast-DIO with rank 595
1451029027	ID:36	RPL: Sending a multicast-DIO with rank 598
1451521518	ID:35	RPL: Sending a multicast-DIO with rank 595
1454029027	ID:36	RPL: Sending a multicast-DIO with rank 598
1454521518	ID:35	RPL: Sending a multicast-DIO with rank 595
1457029027	ID:36	RPL: Sending a multicast-DIO with rank 598
1457521518	ID:35	RPL: Sending a multicast-DIO with rank 595
1460029027	ID:36	RPL: Sending a multicast-DIO with rank 598
1460521518	ID:35	RPL: Sending a multicast-DIO with rank 595
1463029027	ID:36	RPL: Sending a multicast-DIO with rank 598
1463521518	ID:35	RPL: Sending a multicast-DIO with rank 595
1463702266	ID:34	RPL: Sending a DIS to fe80::c30c:0:0:6
1466029027	ID:36	RPL: Sending a multicast-DIO with rank 598
1466521518	ID:35	RPL: Sending a multicast-DIO with rank 595
1469029027	ID:36	RPL: Sending a multicast-DIO with rank 598
1469521518	ID:35	RPL: Sending a multicast-DIO with rank 595
1472029027	ID:36	RPL: Sending a multicast-DIO with rank 598
1472521518	ID:35	RPL: Sending a multicast-DIO with rank 595
1475029027	ID:36	RPL: Sending a multicast-DIO with rank 598
1475521518	ID:35	RPL: Sending a multicast-DIO with rank 595
1478029027	ID:36	RPL: Sending a multicast-DIO with rank 598
1478521518	ID:35	RPL: Sending a multicast-DIO with rank 595
1481029027	ID:36	RPL: Sending a multicast-DIO with rank 598
1481521518	ID:35	RPL: Sending a multicast-DIO with rank 595
1484029027	ID:36	RPL: Sending a multicast-DIO with rank 598
1484521525	ID:35	RPL: Sending a multicast-DIO with rank 595
1487029027	ID:36	RPL: Sending a multicast-DIO with rank 598
1487521518	ID:35	RPL: Sending a multicast-DIO with rank 595
1490029027	ID:36	RPL: Sending a multicast-DIO with rank 598
1490521518	ID:35	RPL: Sending a multicast-DIO with rank 595
1493029027	ID:36	RPL: Sending a multicast-DIO with rank 598
1493521518	ID:35	RPL: Sending a multicast-DIO with rank 595
1496029027	ID:36	RPL: Sending a multicast-DIO with rank 598
1496521518	ID:35	RPL: Sending a multicast-DIO with rank 595
1499029027	ID:36	RPL: Sending a multicast-DIO with rank 598
1499521518	ID:35	RPL: Sending a multicast-DIO with rank 595
1501946898	ID:32	RPL: Sending a DIS to fe80::c30c:0:0:3
1502029027	ID:36	RPL: Sending a multicast-DIO with rank 598
1502521518	ID:35	RPL: Sending a multicast-DIO with rank 595
1505029027	ID:36	RPL: Sending a multicast-DIO with rank 598
1505521518	ID:35	RPL: Sending a multicast-DIO with rank 595
1508028030	ID:33	RPL: Sending a DIS to fe80::c30c:0:0:2
1508029027	ID:36	RPL: Sending a multicast-DIO with rank 598
1508521518	ID:35	RPL: Sending a multicast-DIO with rank 595
1511029027	ID:36	RPL: Sending a multicast-DIO with rank 598
1511521518	ID:35	RPL: Sending a multicast-DIO with rank 595
1514029027	ID:36	RPL: Sending a multicast-DIO with rank 598
1514521518	ID:35	RPL: Sending a multicast-DIO with rank 595
1517029027	ID:36	RPL: Sending a multicast-DIO with rank 598
1517521518	ID:35	RPL: Sending a multicast-DIO with rank 595
1520029027	ID:36	RPL: Sending a multicast-DIO with rank 598
1520521518	ID:35	RPL: Sending a multicast-DIO with rank 595
1523029027	ID:36	RPL: Sending a multicast-DIO with rank 598
1523521518	ID:35	RPL: Sending a multicast-DIO with rank 595
1523702266	ID:34	RPL: Sending a DIS to fe80::c30c:0:0:6
1526029027	ID:36	RPL: Sending a multicast-DIO with rank 598
1526521518	ID:35	RPL: Sending a multicast-DIO with rank 595
1529029027	ID:36	RPL: Sending a multicast-DIO with rank 598
1529521518	ID:35	RPL: Sending a multicast-DIO with rank 595
1532029027	ID:36	RPL: Sending a multicast-DIO with rank 598
1532521518	ID:35	RPL: Sending a multicast-DIO with rank 595
1535029027	ID:36	RPL: Sending a multicast-DIO with rank 598
1535521518	ID:35	RPL: Sending a multicast-DIO with rank 595
1538029027	ID:36	RPL: Sending a multicast-DIO with rank 598
1538521518	ID:35	RPL: Sending a multicast-DIO with rank 595
1541029027	ID:36	RPL: Sending a multicast-DIO with rank 598
1541521518	ID:35	RPL: Sending a multicast-DIO with rank 595
1544029027	ID:36	RPL: Sending a multicast-DIO with rank 598
1544521518	ID:35	RPL: Sending a multicast-DIO with rank 595
1547029027	ID:36	RPL: Sending a multicast-DIO with rank 598
1547521518	ID:35	RPL: Sending a multicast-DIO with rank 595
1550029027	ID:36	RPL: Sending a multicast-DIO with rank 598
1550521518	ID:35	RPL: Sending a multicast-DIO with rank 595
1553029027	ID:36	RPL: Sending a multicast-DIO with rank 598
1553521518	ID:35	RPL: Sending a multicast-DIO with rank 595
1556029027	ID:36	RPL: Sending a multicast-DIO with rank 598
1556521518	ID:35	RPL: Sending a multicast-DIO with rank 595
1559029027	ID:36	RPL: Sending a multicast-DIO with rank 598
1559521518	ID:35	RPL: Sending a multicast-DIO with rank 595
1561946898	ID:32	RPL: Sending a DIS to fe80::c30c:0:0:3
1562029027	ID:36	RPL: Sending a multicast-DIO with rank 598
1562521518	ID:35	RPL: Sending a multicast-DIO with rank 595
1565029027	ID:36	RPL: Sending a multicast-DIO with rank 598
1565521518	ID:35	RPL: Sending a multicast-DIO with rank 595
1568028030	ID:33	RPL: Sending a DIS to fe80::c30c:0:0:2
1568029027	ID:36	RPL: Sending a multicast-DIO with rank 598
1568521518	ID:35	RPL: Sending a multicast-DIO with rank 595
1571029027	ID:36	RPL: Sending a multicast-DIO with rank 598
1571521518	ID:35	RPL: Sending a multicast-DIO with rank 595
1574029027	ID:36	RPL: Sending a multicast-DIO with rank 598
1574521518	ID:35	RPL: Sending a multicast-DIO with rank 595
1577029027	ID:36	RPL: Sending a multicast-DIO with rank 598
1577521518	ID:35	RPL: Sending a multicast-DIO with rank 595
1580029027	ID:36	RPL: Sending a multicast-DIO with rank 598
1580521518	ID:35	RPL: Sending a multicast-DIO with rank 595
1583029027	ID:36	RPL: Sending a multicast-DIO with rank 598
1583521518	ID:35	RPL: Sending a multicast-DIO with rank 595
1583702266	ID:34	RPL: Sending a DIS to fe80::c30c:0:0:6
1586029027	ID:36	RPL: Sending a multicast-DIO with rank 598
1586521518	ID:35	RPL: Sending a multicast-DIO with rank 595
1589029027	ID:36	RPL: Sending a multicast-DIO with rank 598
1589521518	ID:35	RPL: Sending a multicast-DIO with rank 595
1592029027	ID:36	RPL: Sending a multicast-DIO with rank 598
1592521518	ID:35	RPL: Sending a multicast-DIO with rank 595
1595029027	ID:36	RPL: Sending a multicast-DIO with rank 598
1595521518	ID:35	RPL: Sending a multicast-DIO with rank 595
1598029027	ID:36	RPL: Sending a multicast-DIO with rank 598
1598521518	ID:35	RPL: Sending a multicast-DIO with rank 595
1601029027	ID:36	RPL: Sending a multicast-DIO with rank 598
1601521518	ID:35	RPL: Sending a multicast-DIO with rank 595
1604029027	ID:36	RPL: Sending a multicast-DIO with rank 598
1604521518	ID:35	RPL: Sending a multicast-DIO with rank 595
1607029027	ID:36	RPL: Sending a multicast-DIO with rank 598
1607521518	ID:35	RPL: Sending a multicast-DIO with rank 595
1610029027	ID:36	RPL: Sending a multicast-DIO with rank 598
1610521518	ID:35	RPL: Sending a multicast-DIO with rank 595
1613029027	ID:36	RPL: Sending a multicast-DIO with rank 598
1613521518	ID:35	RPL: Sending a multicast-DIO with rank 595
1616029027	ID:36	RPL: Sending a multicast-DIO with rank 598
1616521518	ID:35	RPL: Sending a multicast-DIO with rank 595
1619029027	ID:36	RPL: Sending a multicast-DIO with rank 598
1619521518	ID:35	RPL: Sending a multicast-DIO with rank 595
1621946898	ID:32	RPL: Sending a DIS to fe80::c30c:0:0:3
1622029027	ID:36	RPL: Sending a multicast-DIO with rank 598
1622521518	ID:35	RPL: Sending a multicast-DIO with rank 595
1625029027	ID:36	RPL: Sending a multicast-DIO with rank 598
1625521518	ID:35	RPL: Sending a multicast-DIO with rank 595
1628028030	ID:33	RPL: Sending a DIS to fe80::c30c:0:0:2
1628029027	ID:36	RPL: Sending a multicast-DIO with rank 598
1628521518	ID:35	RPL: Sending a multicast-DIO with rank 595
1631029027	ID:36	RPL: Sending a multicast-DIO with rank 598
1631521518	ID:35	RPL: Sending a multicast-DIO with rank 595
1634029027	ID:36	RPL: Sending a multicast-DIO with rank 598
1634521518	ID:35	RPL: Sending a multicast-DIO with rank 595
1637029027	ID:36	RPL: Sending a multicast-DIO with rank 598
1637521518	ID:35	RPL: Sending a multicast-DIO with rank 595
1640029027	ID:36	RPL: Sending a multicast-DIO with rank 598
1640521518	ID:35	RPL: Sending a multicast-DIO with rank 595
1643029027	ID:36	RPL: Sending a multicast-DIO with rank 598
1643521518	ID:35	RPL: Sending a multicast-DIO with rank 595
1643702266	ID:34	RPL: Sending a DIS to fe80::c30c:0:0:6
1646029027	ID:36	RPL: Sending a multicast-DIO with rank 598
1646521518	ID:35	RPL: Sending a multicast-DIO with rank 595
1649029027	ID:36	RPL: Sending a multicast-DIO with rank 598
1649521518	ID:35	RPL: Sending a multicast-DIO with rank 595
1652029027	ID:36	RPL: Sending a multicast-DIO with rank 598
1652521518	ID:35	RPL: Sending a multicast-DIO with rank 595
1655029027	ID:36	RPL: Sending a multicast-DIO with rank 598
1655521518	ID:35	RPL: Sending a multicast-DIO with rank 595
1658029027	ID:36	RPL: Sending a multicast-DIO with rank 598
1658521518	ID:35	RPL: Sending a multicast-DIO with rank 595
1661029027	ID:36	RPL: Sending a multicast-DIO with rank 598
1661521518	ID:35	RPL: Sending a multicast-DIO with rank 595
1664029027	ID:36	RPL: Sending a multicast-DIO with rank 598
1664521518	ID:35	RPL: Sending a multicast-DIO with rank 595
1667029034	ID:36	RPL: Sending a multicast-DIO with rank 598
1667521518	ID:35	RPL: Sending a multicast-DIO with rank 595
1670029027	ID:36	RPL: Sending a multicast-DIO with rank 598
1670521518	ID:35	RPL: Sending a multicast-DIO with rank 595
1673029027	ID:36	RPL: Sending a multicast-DIO with rank 598
1673521518	ID:35	RPL: Sending a multicast-DIO with rank 595
1676029027	ID:36	RPL: Sending a multicast-DIO with rank 598
1676521518	ID:35	RPL: Sending a multicast-DIO with rank 595
1679029027	ID:36	RPL: Sending a multicast-DIO with rank 598
1679521518	ID:35	RPL: Sending a multicast-DIO with rank 595
1681946898	ID:32	RPL: Sending a DIS to fe80::c30c:0:0:3
1682029027	ID:36	RPL: Sending a multicast-DIO with rank 598
1682521518	ID:35	RPL: Sending a multicast-DIO with rank 595
1685029027	ID:36	RPL: Sending a multicast-DIO with rank 598
1685521518	ID:35	RPL: Sending a multicast-DIO with rank 595
1688028030	ID:33	RPL: Sending a DIS to fe80::c30c:0:0:2
1688029027	ID:36	RPL: Sending a multicast-DIO with rank 598
1688521518	ID:35	RPL: Sending a multicast-DIO with rank 595
1691029027	ID:36	RPL: Sending a multicast-DIO with rank 598
1691521518	ID:35	RPL: Sending a multicast-DIO with rank 595
1694029027	ID:36	RPL: Sending a multicast-DIO with rank 598
1694521518	ID:35	RPL: Sending a multicast-DIO with rank 595
1697029027	ID:36	RPL: Sending a multicast-DIO with rank 598
1697521518	ID:35	RPL: Sending a multicast-DIO with rank 595
1700029027	ID:36	RPL: Sending a multicast-DIO with rank 598
1700521518	ID:35	RPL: Sending a multicast-DIO with rank 595
1703029027	ID:36	RPL: Sending a multicast-DIO with rank 598
1703521518	ID:35	RPL: Sending a multicast-DIO with rank 595
1703702266	ID:34	RPL: Sending a DIS to fe80::c30c:0:0:6
1706029027	ID:36	RPL: Sending a multicast-DIO with rank 598
1706521518	ID:35	RPL: Sending a multicast-DIO with rank 595
1709029027	ID:36	RPL: Sending a multicast-DIO with rank 598
1709521518	ID:35	RPL: Sending a multicast-DIO with rank 595
1712029027	ID:36	RPL: Sending a multicast-DIO with rank 598
1712521518	ID:35	RPL: Sending a multicast-DIO with rank 595
1715029027	ID:36	RPL: Sending a multicast-DIO with rank 598
1715521518	ID:35	RPL: Sending a multicast-DIO with rank 595
1718029027	ID:36	RPL: Sending a multicast-DIO with rank 598
1718521518	ID:35	RPL: Sending a multicast-DIO with rank 595
1721029027	ID:36	RPL: Sending a multicast-DIO with rank 598
1721521518	ID:35	RPL: Sending a multicast-DIO with rank 595
1724029027	ID:36	RPL: Sending a multicast-DIO with rank 598
1724521518	ID:35	RPL: Sending a multicast-DIO with rank 595
1727029027	ID:36	RPL: Sending a multicast-DIO with rank 598
1727521518	ID:35	RPL: Sending a multicast-DIO with rank 595
1730029027	ID:36	RPL: Sending a multicast-DIO with rank 598
1730521518	ID:35	RPL: Sending a multicast-DIO with rank 595
1733029027	ID:36	RPL: Sending a multicast-DIO with rank 598
1733521518	ID:35	RPL: Sending a multicast-DIO with rank 595
1736029027	ID:36	RPL: Sending a multicast-DIO with rank 598
1736521518	ID:35	RPL: Sending a multicast-DIO with rank 595
1739029027	ID:36	RPL: Sending a multicast-DIO with rank 598
1739521518	ID:35	RPL: Sending a multicast-DIO with rank 595
1741946898	ID:32	RPL: Sending a DIS to fe80::c30c:0:0:3
1742029027	ID:36	RPL: Sending a multicast-DIO with rank 598
1742521518	ID:35	RPL: Sending a multicast-DIO with rank 595
1745029027	ID:36	RPL: Sending a multicast-DIO with rank 598
1745521518	ID:35	RPL: Sending a multicast-DIO with rank 595
1748028030	ID:33	RPL: Sending a DIS to fe80::c30c:0:0:2
1748029027	ID:36	RPL: Sending a multicast-DIO with rank 598
1748521518	ID:35	RPL: Sending a multicast-DIO with rank 595
1751029027	ID:36	RPL: Sending a multicast-DIO with rank 598
1751521518	ID:35	RPL: Sending a multicast-DIO with rank 595
1754029027	ID:36	RPL: Sending a multicast-DIO with rank 598
1754521518	ID:35	RPL: Sending a multicast-DIO with rank 595
1757029027	ID:36	RPL: Sending a multicast-DIO with rank 598
1757521518	ID:35	RPL: Sending a multicast-DIO with rank 595
1760029027	ID:36	RPL: Sending a multicast-DIO with rank 598
1760521518	ID:35	RPL: Sending a multicast-DIO with rank 595
1763029027	ID:36	RPL: Sending a multicast-DIO with rank 598
1763521518	ID:35	RPL: Sending a multicast-DIO with rank 595
1763702266	ID:34	RPL: Sending a DIS to fe80::c30c:0:0:6
1766029027	ID:36	RPL: Sending a multicast-DIO with rank 598
1766521518	ID:35	RPL: Sending a multicast-DIO with rank 595
1769029027	ID:36	RPL: Sending a multicast-DIO with rank 598
1769521518	ID:35	RPL: Sending a multicast-DIO with rank 595
1772029027	ID:36	RPL: Sending a multicast-DIO with rank 598
1772521518	ID:35	RPL: Sending a multicast-DIO with rank 595
1775029027	ID:36	RPL: Sending a multicast-DIO with rank 598
1775521518	ID:35	RPL: Sending a multicast-DIO with rank 595
1778029027	ID:36	RPL: Sending a multicast-DIO with rank 598
1778521518	ID:35	RPL: Sending a multicast-DIO with rank 595
1781029027	ID:36	RPL: Sending a multicast-DIO with rank 598
1781521518	ID:35	RPL: Sending a multicast-DIO with rank 595
1784029027	ID:36	RPL: Sending a multicast-DIO with rank 598
1784521518	ID:35	RPL: Sending a multicast-DIO with rank 595
1787029027	ID:36	RPL: Sending a multicast-DIO with rank 598
1787521518	ID:35	RPL: Sending a multicast-DIO with rank 595
1790029027	ID:36	RPL: Sending a multicast-DIO with rank 598
1790521518	ID:35	RPL: Sending a multicast-DIO with rank 595
1793029027	ID:36	RPL: Sending a multicast-DIO with rank 598
1793521518	ID:35	RPL: Sending a multicast-DIO with rank 595
1796029027	ID:36	RPL: Sending a multicast-DIO with rank 598
1796521518	ID:35	RPL: Sending a multicast-DIO with rank 595
1799029027	ID:36	RPL: Sending a multicast-DIO with rank 598
1799521518	ID:35	RPL: Sending a multicast-DIO with rank 595
