30164982	ID:32	RPL: Sending a DIS to fe80::c30c:0:0:3
30249060	ID:33	RPL: Sending a DIS to fe80::c30c:0:0:2
30827562	ID:35	RPL: Sending a DIS to fe80::c30c:0:0:7
30930600	ID:34	RPL: Sending a DIS to fe80::c30c:0:0:6
30952259	ID:36	RPL: Sending a DIS to fe80::c30c:0:0:8
31660927	ID:33	RPL: Received a DIO from fe80::c30c:0:0:2
31664701	ID:33	RPL: Incoming DIO (id, ver, rank) = (30,240,672)
31669200	ID:33	RPL: Incoming DIO (dag_id, pref) = (fd00::ff:fe00:1, 0)
31671426	ID:33	RPL: DIO option 4, length: 14
31677333	ID:33	RPL: DAG conf:dbl=8, min=12 red=6 maxinc=896 mininc=128 ocp=1 d_l=10 l_u=60
31679570	ID:33	RPL: DIO option 8, length: 30
31681839	ID:33	RPL: Copying prefix information
31689489	ID:33	RPL: Neighbor added to neighbor cache fe80::c30c:0:0:2, c1:0c:00:00:00:00:00:02
31867641	ID:36	RPL: Received a DIO from fe80::c30c:0:0:8
31871414	ID:36	RPL: Incoming DIO (id, ver, rank) = (30,240,648)
31875913	ID:36	RPL: Incoming DIO (dag_id, pref) = (fd00::ff:fe00:1, 0)
31878139	ID:36	RPL: DIO option 4, length: 14
31884046	ID:36	RPL: DAG conf:dbl=8, min=12 red=6 maxinc=896 mininc=128 ocp=1 d_l=10 l_u=60
31886280	ID:36	RPL: DIO option 8, length: 30
31888548	ID:36	RPL: Copying prefix information
31896166	ID:36	RPL: Neighbor added to neighbor cache fe80::c30c:0:0:8, c1:0c:00:00:00:00:00:08
32493086	ID:35	RPL: Received a DIO from fe80::c30c:0:0:7
32496860	ID:35	RPL: Incoming DIO (id, ver, rank) = (30,240,669)
32501358	ID:35	RPL: Incoming DIO (dag_id, pref) = (fd00::ff:fe00:1, 0)
32503584	ID:35	RPL: DIO option 4, length: 14
32509492	ID:35	RPL: DAG conf:dbl=8, min=12 red=6 maxinc=896 mininc=128 ocp=1 d_l=10 l_u=60
32511724	ID:35	RPL: DIO option 8, length: 30
32513993	ID:35	RPL: Copying prefix information
32521896	ID:35	RPL: Neighbor added to neighbor cache fe80::c30c:0:0:7, c1:0c:00:00:00:00:00:07
33580720	ID:32	RPL: Received a DIO from fe80::c30c:0:0:3
33584493	ID:32	RPL: Incoming DIO (id, ver, rank) = (30,240,640)
33588992	ID:32	RPL: Incoming DIO (dag_id, pref) = (fd00::ff:fe00:1, 0)
33591218	ID:32	RPL: DIO option 4, length: 14
33597163	ID:32	RPL: DAG conf:dbl=8, min=12 red=6 maxinc=896 mininc=128 ocp=1 d_l=10 l_u=60
33599389	ID:32	RPL: DIO option 8, length: 30
33601658	ID:32	RPL: Copying prefix information
33610531	ID:32	RPL: Neighbor added to neighbor cache fe80::c30c:0:0:3, c1:0c:00:00:00:00:00:03
36690103	ID:33	RPL: Sending a multicast-DIO with rank 672
36896247	ID:36	RPL: Sending a multicast-DIO with rank 648
37529363	ID:35	RPL: Sending a multicast-DIO with rank 669
38616782	ID:32	RPL: Sending a multicast-DIO with rank 640
41690082	ID:33	RPL: Sending a multicast-DIO with rank 672
41896226	ID:36	RPL: Sending a multicast-DIO with rank 648
42529342	ID:35	RPL: Sending a multicast-DIO with rank 669
43616761	ID:32	RPL: Sending a multicast-DIO with rank 640
46690082	ID:33	RPL: Sending a multicast-DIO with rank 672
46896226	ID:36	RPL: Sending a multicast-DIO with rank 648
47529342	ID:35	RPL: Sending a multicast-DIO with rank 669
48616761	ID:32	RPL: Sending a multicast-DIO with rank 640
51690082	ID:33	RPL: Sending a multicast-DIO with rank 672
51896226	ID:36	RPL: Sending a multicast-DIO with rank 648
52529342	ID:35	RPL: Sending a multicast-DIO with rank 669
53616761	ID:32	RPL: Sending a multicast-DIO with rank 640
56690082	ID:33	RPL: Sending a multicast-DIO with rank 672
56896226	ID:36	RPL: Sending a multicast-DIO with rank 648
57529342	ID:35	RPL: Sending a multicast-DIO with rank 669
58616761	ID:32	RPL: Sending a multicast-DIO with rank 640
61690082	ID:33	RPL: Sending a multicast-DIO with rank 672
61896226	ID:36	RPL: Sending a multicast-DIO with rank 648
62529341	ID:35	RPL: Sending a multicast-DIO with rank 669
63616761	ID:32	RPL: Sending a multicast-DIO with rank 640
66690081	ID:33	RPL: Sending a multicast-DIO with rank 672
66896225	ID:36	RPL: Sending a multicast-DIO with rank 648
67529341	ID:35	RPL: Sending a multicast-DIO with rank 669
68616761	ID:32	RPL: Sending a multicast-DIO with rank 640
71690081	ID:33	RPL: Sending a multicast-DIO with rank 672
71896225	ID:36	RPL: Sending a multicast-DIO with rank 648
72529341	ID:35	RPL: Sending a multicast-DIO with rank 669
73616761	ID:32	RPL: Sending a multicast-DIO with rank 640
76690081	ID:33	RPL: Sending a multicast-DIO with rank 672
76896225	ID:36	RPL: Sending a multicast-DIO with rank 648
77529341	ID:35	RPL: Sending a multicast-DIO with rank 669
78616761	ID:32	RPL: Sending a multicast-DIO with rank 640
81690081	ID:33	RPL: Sending a multicast-DIO with rank 672
81896225	ID:36	RPL: Sending a multicast-DIO with rank 648
82529341	ID:35	RPL: Sending a multicast-DIO with rank 669
83616761	ID:32	RPL: Sending a multicast-DIO with rank 640
83703440	ID:34	RPL: Sending a DIS to fe80::c30c:0:0:6
86690081	ID:33	RPL: Sending a multicast-DIO with rank 672
86896225	ID:36	RPL: Sending a multicast-DIO with rank 648
87529341	ID:35	RPL: Sending a multicast-DIO with rank 669
88616761	ID:32	RPL: Sending a multicast-DIO with rank 640
91690069	ID:33	RPL: Sending a multicast-DIO with rank 672
91896213	ID:36	RPL: Sending a multicast-DIO with rank 648
92529329	ID:35	RPL: Sending a multicast-DIO with rank 669
93616748	ID:32	RPL: Sending a multicast-DIO with rank 640
96690069	ID:33	RPL: Sending a multicast-DIO with rank 672
96896213	ID:36	RPL: Sending a multicast-DIO with rank 648
97529329	ID:35	RPL: Sending a multicast-DIO with rank 669
98616748	ID:32	RPL: Sending a multicast-DIO with rank 640
101690069	ID:33	RPL: Sending a multicast-DIO with rank 672
101896213	ID:36	RPL: Sending a multicast-DIO with rank 648
102529329	ID:35	RPL: Sending a multicast-DIO with rank 669
103616748	ID:32	RPL: Sending a multicast-DIO with rank 640
106690069	ID:33	RPL: Sending a multicast-DIO with rank 672
106896213	ID:36	RPL: Sending a multicast-DIO with rank 648
107529329	ID:35	RPL: Sending a multicast-DIO with rank 669
108616748	ID:32	RPL: Sending a multicast-DIO with rank 640
111690069	ID:33	RPL: Sending a multicast-DIO with rank 672
111896213	ID:36	RPL: Sending a multicast-DIO with rank 648
112529329	ID:35	RPL: Sending a multicast-DIO with rank 669
113616748	ID:32	RPL: Sending a multicast-DIO with rank 640
116690069	ID:33	RPL: Sending a multicast-DIO with rank 672
116896213	ID:36	RPL: Sending a multicast-DIO with rank 648
117529329	ID:35	RPL: Sending a multicast-DIO with rank 669
118616748	ID:32	RPL: Sending a multicast-DIO with rank 640
121690069	ID:33	RPL: Sending a multicast-DIO with rank 672
121896213	ID:36	RPL: Sending a multicast-DIO with rank 648
122529329	ID:35	RPL: Sending a multicast-DIO with rank 669
123616748	ID:32	RPL: Sending a multicast-DIO with rank 640
126690069	ID:33	RPL: Sending a multicast-DIO with rank 672
126896213	ID:36	RPL: Sending a multicast-DIO with rank 648
127529329	ID:35	RPL: Sending a multicast-DIO with rank 669
128616748	ID:32	RPL: Sending a multicast-DIO with rank 640
131690069	ID:33	RPL: Sending a multicast-DIO with rank 672
131896213	ID:36	RPL: Sending a multicast-DIO with rank 648
132529329	ID:35	RPL: Sending a multicast-DIO with rank 669
133616748	ID:32	RPL: Sending a multicast-DIO with rank 640
136690069	ID:33	RPL: Sending a multicast-DIO with rank 672
136896213	ID:36	RPL: Sending a multicast-DIO with rank 648
137529329	ID:35	RPL: Sending a multicast-DIO with rank 669
138616748	ID:32	RPL: Sending a multicast-DIO with rank 640
141690069	ID:33	RPL: Sending a multicast-DIO with rank 672
141896213	ID:36	RPL: Sending a multicast-DIO with rank 648
142529329	ID:35	RPL: Sending a multicast-DIO with rank 669
143616748	ID:32	RPL: Sending a multicast-DIO with rank 640
143703428	ID:34	RPL: Sending a DIS to fe80::c30c:0:0:6
146690069	ID:33	RPL: Sending a multicast-DIO with rank 672
146896213	ID:36	RPL: Sending a multicast-DIO with rank 648
147529329	ID:35	RPL: Sending a multicast-DIO with rank 669
148616748	ID:32	RPL: Sending a multicast-DIO with rank 640
151690069	ID:33	RPL: Sending a multicast-DIO with rank 672
151896213	ID:36	RPL: Sending a multicast-DIO with rank 648
152529329	ID:35	RPL: Sending a multicast-DIO with rank 669
153616748	ID:32	RPL: Sending a multicast-DIO with rank 640
156690069	ID:33	RPL: Sending a multicast-DIO with rank 672
156896213	ID:36	RPL: Sending a multicast-DIO with rank 648
157529329	ID:35	RPL: Sending a multicast-DIO with rank 669
158616748	ID:32	RPL: Sending a multicast-DIO with rank 640
161690069	ID:33	RPL: Sending a multicast-DIO with rank 672
161896213	ID:36	RPL: Sending a multicast-DIO with rank 648
162529329	ID:35	RPL: Sending a multicast-DIO with rank 669
163616748	ID:32	RPL: Sending a multicast-DIO with rank 640
166690069	ID:33	RPL: Sending a multicast-DIO with rank 672
166896213	ID:36	RPL: Sending a multicast-DIO with rank 648
167529329	ID:35	RPL: Sending a multicast-DIO with rank 669
168616748	ID:32	RPL: Sending a multicast-DIO with rank 640
171690069	ID:33	RPL: Sending a multicast-DIO with rank 672
171896213	ID:36	RPL: Sending a multicast-DIO with rank 648
172529329	ID:35	RPL: Sending a multicast-DIO with rank 669
173616748	ID:32	RPL: Sending a multicast-DIO with rank 640
176690069	ID:33	RPL: Sending a multicast-DIO with rank 672
176896213	ID:36	RPL: Sending a multicast-DIO with rank 648
177529329	ID:35	RPL: Sending a multicast-DIO with rank 669
178616748	ID:32	RPL: Sending a multicast-DIO with rank 640
181690069	ID:33	RPL: Sending a multicast-DIO with rank 672
181896213	ID:36	RPL: Sending a multicast-DIO with rank 648
182529329	ID:35	RPL: Sending a multicast-DIO with rank 669
183616748	ID:32	RPL: Sending a multicast-DIO with rank 640
186690069	ID:33	RPL: Sending a multicast-DIO with rank 672
186896213	ID:36	RPL: Sending a multicast-DIO with rank 648
187529329	ID:35	RPL: Sending a multicast-DIO with rank 669
188616748	ID:32	RPL: Sending a multicast-DIO with rank 640
191690069	ID:33	RPL: Sending a multicast-DIO with rank 672
191896213	ID:36	RPL: Sending a multicast-DIO with rank 648
192529329	ID:35	RPL: Sending a multicast-DIO with rank 669
193616748	ID:32	RPL: Sending a multicast-DIO with rank 640
196690069	ID:33	RPL: Sending a multicast-DIO with rank 672
196896213	ID:36	RPL: Sending a multicast-DIO with rank 648
197529329	ID:35	RPL: Sending a multicast-DIO with rank 669
198616748	ID:32	RPL: Sending a multicast-DIO with rank 640
201690069	ID:33	RPL: Sending a multicast-DIO with rank 672
201896213	ID:36	RPL: Sending a multicast-DIO with rank 648
202529329	ID:35	RPL: Sending a multicast-DIO with rank 669
203616748	ID:32	RPL: Sending a multicast-DIO with rank 640
203703428	ID:34	RPL: Sending a DIS to fe80::c30c:0:0:6
206690069	ID:33	RPL: Sending a multicast-DIO with rank 672
206896213	ID:36	RPL: Sending a multicast-DIO with rank 648
207529329	ID:35	RPL: Sending a multicast-DIO with rank 669
208616748	ID:32	RPL: Sending a multicast-DIO with rank 640
211690069	ID:33	RPL: Sending a multicast-DIO with rank 672
211896213	ID:36	RPL: Sending a multicast-DIO with rank 648
212529329	ID:35	RPL: Sending a multicast-DIO with rank 669
213616748	ID:32	RPL: Sending a multicast-DIO with rank 640
216690069	ID:33	RPL: Sending a multicast-DIO with rank 672
216896213	ID:36	RPL: Sending a multicast-DIO with rank 648
217529329	ID:35	RPL: Sending a multicast-DIO with rank 669
218616748	ID:32	RPL: Sending a multicast-DIO with rank 640
221690069	ID:33	RPL: Sending a multicast-DIO with rank 672
221896213	ID:36	RPL: Sending a multicast-DIO with rank 648
222529329	ID:35	RPL: Sending a multicast-DIO with rank 669
223616748	ID:32	RPL: Sending a multicast-DIO with rank 640
226690069	ID:33	RPL: Sending a multicast-DIO with rank 672
226896213	ID:36	RPL: Sending a multicast-DIO with rank 648
227529329	ID:35	RPL: Sending a multicast-DIO with rank 669
228616748	ID:32	RPL: Sending a multicast-DIO with rank 640
231690069	ID:33	RPL: Sending a multicast-DIO with rank 672
231896213	ID:36	RPL: Sending a multicast-DIO with rank 648
232529329	ID:35	RPL: Sending a multicast-DIO with rank 669
233616748	ID:32	RPL: Sending a multicast-DIO with rank 640
236690069	ID:33	RPL: Sending a multicast-DIO with rank 672
236896213	ID:36	RPL: Sending a multicast-DIO with rank 648
237529329	ID:35	RPL: Sending a multicast-DIO with rank 669
238616748	ID:32	RPL: Sending a multicast-DIO with rank 640
241690069	ID:33	RPL: Sending a multicast-DIO with rank 672
241896213	ID:36	RPL: Sending a multicast-DIO with rank 648
242529329	ID:35	RPL: Sending a multicast-DIO with rank 669
243616748	ID:32	RPL: Sending a multicast-DIO with rank 640
246690069	ID:33	RPL: Sending a multicast-DIO with rank 672
246896213	ID:36	RPL: Sending a multicast-DIO with rank 648
247529329	ID:35	RPL: Sending a multicast-DIO with rank 669
248616748	ID:32	RPL: Sending a multicast-DIO with rank 640
251690069	ID:33	RPL: Sending a multicast-DIO with rank 672
251896213	ID:36	RPL: Sending a multicast-DIO with rank 648
252529329	ID:35	RPL: Sending a multicast-DIO with rank 669
253616748	ID:32	RPL: Sending a multicast-DIO with rank 640
256690069	ID:33	RPL: Sending a multicast-DIO with rank 672
256896213	ID:36	RPL: Sending a multicast-DIO with rank 648
257529329	ID:35	RPL: Sending a multicast-DIO with rank 669
258616748	ID:32	RPL: Sending a multicast-DIO with rank 640
261690069	ID:33	RPL: Sending a multicast-DIO with rank 672
261896213	ID:36	RPL: Sending a multicast-DIO with rank 648
262529329	ID:35	RPL: Sending a multicast-DIO with rank 669
263616748	ID:32	RPL: Sending a multicast-DIO with rank 640
263703428	ID:34	RPL: Sending a DIS to fe80::c30c:0:0:6
266690069	ID:33	RPL: Sending a multicast-DIO with rank 672
266896213	ID:36	RPL: Sending a multicast-DIO with rank 648
267529329	ID:35	RPL: Sending a multicast-DIO with rank 669
268616748	ID:32	RPL: Sending a multicast-DIO with rank 640
271690069	ID:33	RPL: Sending a multicast-DIO with rank 672
271896213	ID:36	RPL: Sending a multicast-DIO with rank 648
272529329	ID:35	RPL: Sending a multicast-DIO with rank 669
273616748	ID:32	RPL: Sending a multicast-DIO with rank 640
276690069	ID:33	RPL: Sending a multicast-DIO with rank 672
276896213	ID:36	RPL: Sending a multicast-DIO with rank 648
277529329	ID:35	RPL: Sending a multicast-DIO with rank 669
278616748	ID:32	RPL: Sending a multicast-DIO with rank 640
281690069	ID:33	RPL: Sending a multicast-DIO with rank 672
281896213	ID:36	RPL: Sending a multicast-DIO with rank 648
282529329	ID:35	RPL: Sending a multicast-DIO with rank 669
283616748	ID:32	RPL: Sending a multicast-DIO with rank 640
286690069	ID:33	RPL: Sending a multicast-DIO with rank 672
286896213	ID:36	RPL: Sending a multicast-DIO with rank 648
287529329	ID:35	RPL: Sending a multicast-DIO with rank 669
288616748	ID:32	RPL: Sending a multicast-DIO with rank 640
291690069	ID:33	RPL: Sending a multicast-DIO with rank 672
291896213	ID:36	RPL: Sending a multicast-DIO with rank 648
292529329	ID:35	RPL: Sending a multicast-DIO with rank 669
293616748	ID:32	RPL: Sending a multicast-DIO with rank 640
296690069	ID:33	RPL: Sending a multicast-DIO with rank 672
296896213	ID:36	RPL: Sending a multicast-DIO with rank 648
297529329	ID:35	RPL: Sending a multicast-DIO with rank 669
298616748	ID:32	RPL: Sending a multicast-DIO with rank 640
301690069	ID:33	RPL: Sending a multicast-DIO with rank 672
301896213	ID:36	RPL: Sending a multicast-DIO with rank 648
302529329	ID:35	RPL: Sending a multicast-DIO with rank 669
303616748	ID:32	RPL: Sending a multicast-DIO with rank 640
306690069	ID:33	RPL: Sending a multicast-DIO with rank 672
306896213	ID:36	RPL: Sending a multicast-DIO with rank 648
307529329	ID:35	RPL: Sending a multicast-DIO with rank 669
308616748	ID:32	RPL: Sending a multicast-DIO with rank 640
311690069	ID:33	RPL: Sending a multicast-DIO with rank 672
311896213	ID:36	RPL: Sending a multicast-DIO with rank 648
312529329	ID:35	RPL: Sending a multicast-DIO with rank 669
313616748	ID:32	RPL: Sending a multicast-DIO with rank 640
316690069	ID:33	RPL: Sending a multicast-DIO with rank 672
316896213	ID:36	RPL: Sending a multicast-DIO with rank 648
317529329	ID:35	RPL: Sending a multicast-DIO with rank 669
318616748	ID:32	RPL: Sending a multicast-DIO with rank 640
321690069	ID:33	RPL: Sending a multicast-DIO with rank 672
321896213	ID:36	RPL: Sending a multicast-DIO with rank 648
322529329	ID:35	RPL: Sending a multicast-DIO with rank 669
323616748	ID:32	RPL: Sending a multicast-DIO with rank 640
323703428	ID:34	RPL: Sending a DIS to fe80::c30c:0:0:6
326690069	ID:33	RPL: Sending a multicast-DIO with rank 672
326896213	ID:36	RPL: Sending a multicast-DIO with rank 648
327529329	ID:35	RPL: Sending a multicast-DIO with rank 669
328616748	ID:32	RPL: Sending a multicast-DIO with rank 640
331690069	ID:33	RPL: Sending a multicast-DIO with rank 672
331896213	ID:36	RPL: Sending a multicast-DIO with rank 648
332529329	ID:35	RPL: Sending a multicast-DIO with rank 669
333616748	ID:32	RPL: Sending a multicast-DIO with rank 640
336690069	ID:33	RPL: Sending a multicast-DIO with rank 672
336896213	ID:36	RPL: Sending a multicast-DIO with rank 648
337529329	ID:35	RPL: Sending a multicast-DIO with rank 669
338616748	ID:32	RPL: Sending a multicast-DIO with rank 640
341690069	ID:33	RPL: Sending a multicast-DIO with rank 672
341896213	ID:36	RPL: Sending a multicast-DIO with rank 648
342529329	ID:35	RPL: Sending a multicast-DIO with rank 669
343616748	ID:32	RPL: Sending a multicast-DIO with rank 640
346690075	ID:33	RPL: Sending a multicast-DIO with rank 672
346896213	ID:36	RPL: Sending a multicast-DIO with rank 648
347529329	ID:35	RPL: Sending a multicast-DIO with rank 669
348616748	ID:32	RPL: Sending a multicast-DIO with rank 640
351690069	ID:33	RPL: Sending a multicast-DIO with rank 672
351896213	ID:36	RPL: Sending a multicast-DIO with rank 648
352529329	ID:35	RPL: Sending a multicast-DIO with rank 669
353616755	ID:32	RPL: Sending a multicast-DIO with rank 640
356690069	ID:33	RPL: Sending a multicast-DIO with rank 672
356896213	ID:36	RPL: Sending a multicast-DIO with rank 648
357529329	ID:35	RPL: Sending a multicast-DIO with rank 669
358616748	ID:32	RPL: Sending a multicast-DIO with rank 640
361690069	ID:33	RPL: Sending a multicast-DIO with rank 672
361896213	ID:36	RPL: Sending a multicast-DIO with rank 648
362529329	ID:35	RPL: Sending a multicast-DIO with rank 669
363616748	ID:32	RPL: Sending a multicast-DIO with rank 640
366690069	ID:33	RPL: Sending a multicast-DIO with rank 672
366896213	ID:36	RPL: Sending a multicast-DIO with rank 648
367529329	ID:35	RPL: Sending a multicast-DIO with rank 669
368616748	ID:32	RPL: Sending a multicast-DIO with rank 640
371690069	ID:33	RPL: Sending a multicast-DIO with rank 672
371896213	ID:36	RPL: Sending a multicast-DIO with rank 648
372529329	ID:35	RPL: Sending a multicast-DIO with rank 669
373616748	ID:32	RPL: Sending a multicast-DIO with rank 640
376690069	ID:33	RPL: Sending a multicast-DIO with rank 672
376896213	ID:36	RPL: Sending a multicast-DIO with rank 648
377529329	ID:35	RPL: Sending a multicast-DIO with rank 669
378616748	ID:32	RPL: Sending a multicast-DIO with rank 640
381690069	ID:33	RPL: Sending a multicast-DIO with rank 672
381896213	ID:36	RPL: Sending a multicast-DIO with rank 648
382529329	ID:35	RPL: Sending a multicast-DIO with rank 669
383616748	ID:32	RPL: Sending a multicast-DIO with rank 640
383703428	ID:34	RPL: Sending a DIS to fe80::c30c:0:0:6
386690069	ID:33	RPL: Sending a multicast-DIO with rank 672
386896213	ID:36	RPL: Sending a multicast-DIO with rank 648
387529329	ID:35	RPL: Sending a multicast-DIO with rank 669
388616748	ID:32	RPL: Sending a multicast-DIO with rank 640
391690069	ID:33	RPL: Sending a multicast-DIO with rank 672
391896213	ID:36	RPL: Sending a multicast-DIO with rank 648
392529329	ID:35	RPL: Sending a multicast-DIO with rank 669
393616748	ID:32	RPL: Sending a multicast-DIO with rank 640
396690069	ID:33	RPL: Sending a multicast-DIO with rank 672
396896213	ID:36	RPL: Sending a multicast-DIO with rank 648
397529329	ID:35	RPL: Sending a multicast-DIO with rank 669
398616748	ID:32	RPL: Sending a multicast-DIO with rank 640
401690069	ID:33	RPL: Sending a multicast-DIO with rank 672
401896213	ID:36	RPL: Sending a multicast-DIO with rank 648
402529329	ID:35	RPL: Sending a multicast-DIO with rank 669
403616748	ID:32	RPL: Sending a multicast-DIO with rank 640
406690069	ID:33	RPL: Sending a multicast-DIO with rank 672
406896213	ID:36	RPL: Sending a multicast-DIO with rank 648
407529329	ID:35	RPL: Sending a multicast-DIO with rank 669
408616748	ID:32	RPL: Sending a multicast-DIO with rank 640
411690069	ID:33	RPL: Sending a multicast-DIO with rank 672
411896213	ID:36	RPL: Sending a multicast-DIO with rank 648
412529329	ID:35	RPL: Sending a multicast-DIO with rank 669
413616748	ID:32	RPL: Sending a multicast-DIO with rank 640
416690069	ID:33	RPL: Sending a multicast-DIO with rank 672
416896220	ID:36	RPL: Sending a multicast-DIO with rank 648
417529329	ID:35	RPL: Sending a multicast-DIO with rank 669
418616748	ID:32	RPL: Sending a multicast-DIO with rank 640
421690069	ID:33	RPL: Sending a multicast-DIO with rank 672
421896213	ID:36	RPL: Sending a multicast-DIO with rank 648
422529336	ID:35	RPL: Sending a multicast-DIO with rank 669
423616748	ID:32	RPL: Sending a multicast-DIO with rank 640
426690069	ID:33	RPL: Sending a multicast-DIO with rank 672
426896213	ID:36	RPL: Sending a multicast-DIO with rank 648
427529329	ID:35	RPL: Sending a multicast-DIO with rank 669
428616748	ID:32	RPL: Sending a multicast-DIO with rank 640
431690069	ID:33	RPL: Sending a multicast-DIO with rank 672
431896213	ID:36	RPL: Sending a multicast-DIO with rank 648
432529329	ID:35	RPL: Sending a multicast-DIO with rank 669
433616748	ID:32	RPL: Sending a multicast-DIO with rank 640
436690069	ID:33	RPL: Sending a multicast-DIO with rank 672
436896213	ID:36	RPL: Sending a multicast-DIO with rank 648
437529329	ID:35	RPL: Sending a multicast-DIO with rank 669
438616748	ID:32	RPL: Sending a multicast-DIO with rank 640
441690069	ID:33	RPL: Sending a multicast-DIO with rank 672
441896213	ID:36	RPL: Sending a multicast-DIO with rank 648
442529329	ID:35	RPL: Sending a multicast-DIO with rank 669
443616748	ID:32	RPL: Sending a multicast-DIO with rank 640
443703428	ID:34	RPL: Sending a DIS to fe80::c30c:0:0:6
446690069	ID:33	RPL: Sending a multicast-DIO with rank 672
446896213	ID:36	RPL: Sending a multicast-DIO with rank 648
447529329	ID:35	RPL: Sending a multicast-DIO with rank 669
448616748	ID:32	RPL: Sending a multicast-DIO with rank 640
451690069	ID:33	RPL: Sending a multicast-DIO with rank 672
451896213	ID:36	RPL: Sending a multicast-DIO with rank 648
452529329	ID:35	RPL: Sending a multicast-DIO with rank 669
453616748	ID:32	RPL: Sending a multicast-DIO with rank 640
456690069	ID:33	RPL: Sending a multicast-DIO with rank 672
456896213	ID:36	RPL: Sending a multicast-DIO with rank 648
457529329	ID:35	RPL: Sending a multicast-DIO with rank 669
458616748	ID:32	RPL: Sending a multicast-DIO with rank 640
461690069	ID:33	RPL: Sending a multicast-DIO with rank 672
461896213	ID:36	RPL: Sending a multicast-DIO with rank 648
462529329	ID:35	RPL: Sending a multicast-DIO with rank 669
463616748	ID:32	RPL: Sending a multicast-DIO with rank 640
466690069	ID:33	RPL: Sending a multicast-DIO with rank 672
466896213	ID:36	RPL: Sending a multicast-DIO with rank 648
467529329	ID:35	RPL: Sending a multicast-DIO with rank 669
468616748	ID:32	RPL: Sending a multicast-DIO with rank 640
471690069	ID:33	RPL: Sending a multicast-DIO with rank 672
471896213	ID:36	RPL: Sending a multicast-DIO with rank 648
472529329	ID:35	RPL: Sending a multicast-DIO with rank 669
473616748	ID:32	RPL: Sending a multicast-DIO with rank 640
476690069	ID:33	RPL: Sending a multicast-DIO with rank 672
476896213	ID:36	RPL: Sending a multicast-DIO with rank 648
477529329	ID:35	RPL: Sending a multicast-DIO with rank 669
478616748	ID:32	RPL: Sending a multicast-DIO with rank 640
481690069	ID:33	RPL: Sending a multicast-DIO with rank 672
481896213	ID:36	RPL: Sending a multicast-DIO with rank 648
482529329	ID:35	RPL: Sending a multicast-DIO with rank 669
483616748	ID:32	RPL: Sending a multicast-DIO with rank 640
486690069	ID:33	RPL: Sending a multicast-DIO with rank 672
486896213	ID:36	RPL: Sending a multicast-DIO with rank 648
487529329	ID:35	RPL: Sending a multicast-DIO with rank 669
488616748	ID:32	RPL: Sending a multicast-DIO with rank 640
491690069	ID:33	RPL: Sending a multicast-DIO with rank 672
491896213	ID:36	RPL: Sending a multicast-DIO with rank 648
492529329	ID:35	RPL: Sending a multicast-DIO with rank 669
493616748	ID:32	RPL: Sending a multicast-DIO with rank 640
496690069	ID:33	RPL: Sending a multicast-DIO with rank 672
496896213	ID:36	RPL: Sending a multicast-DIO with rank 648
497529329	ID:35	RPL: Sending a multicast-DIO with rank 669
498616748	ID:32	RPL: Sending a multicast-DIO with rank 640
501690069	ID:33	RPL: Sending a multicast-DIO with rank 672
501896213	ID:36	RPL: Sending a multicast-DIO with rank 648
502529329	ID:35	RPL: Sending a multicast-DIO with rank 669
503616748	ID:32	RPL: Sending a multicast-DIO with rank 640
503702995	ID:34	RPL: Sending a DIS to fe80::c30c:0:0:6
506690069	ID:33	RPL: Sending a multicast-DIO with rank 672
506896213	ID:36	RPL: Sending a multicast-DIO with rank 648
507529329	ID:35	RPL: Sending a multicast-DIO with rank 669
508616748	ID:32	RPL: Sending a multicast-DIO with rank 640
511690069	ID:33	RPL: Sending a multicast-DIO with rank 672
511896213	ID:36	RPL: Sending a multicast-DIO with rank 648
512529329	ID:35	RPL: Sending a multicast-DIO with rank 669
513616748	ID:32	RPL: Sending a multicast-DIO with rank 640
516690069	ID:33	RPL: Sending a multicast-DIO with rank 672
516896213	ID:36	RPL: Sending a multicast-DIO with rank 648
517529329	ID:35	RPL: Sending a multicast-DIO with rank 669
518616748	ID:32	RPL: Sending a multicast-DIO with rank 640
521690069	ID:33	RPL: Sending a multicast-DIO with rank 672
521896213	ID:36	RPL: Sending a multicast-DIO with rank 648
522529329	ID:35	RPL: Sending a multicast-DIO with rank 669
523616748	ID:32	RPL: Sending a multicast-DIO with rank 640
526690069	ID:33	RPL: Sending a multicast-DIO with rank 672
526896213	ID:36	RPL: Sending a multicast-DIO with rank 648
527529329	ID:35	RPL: Sending a multicast-DIO with rank 669
528616748	ID:32	RPL: Sending a multicast-DIO with rank 640
531690069	ID:33	RPL: Sending a multicast-DIO with rank 672
531896213	ID:36	RPL: Sending a multicast-DIO with rank 648
532529329	ID:35	RPL: Sending a multicast-DIO with rank 669
533616748	ID:32	RPL: Sending a multicast-DIO with rank 640
536690069	ID:33	RPL: Sending a multicast-DIO with rank 672
536896213	ID:36	RPL: Sending a multicast-DIO with rank 648
537529329	ID:35	RPL: Sending a multicast-DIO with rank 669
538616748	ID:32	RPL: Sending a multicast-DIO with rank 640
541690069	ID:33	RPL: Sending a multicast-DIO with rank 672
541896213	ID:36	RPL: Sending a multicast-DIO with rank 648
542529329	ID:35	RPL: Sending a multicast-DIO with rank 669
543616748	ID:32	RPL: Sending a multicast-DIO with rank 640
546690069	ID:33	RPL: Sending a multicast-DIO with rank 672
546896213	ID:36	RPL: Sending a multicast-DIO with rank 648
547529329	ID:35	RPL: Sending a multicast-DIO with rank 669
548616748	ID:32	RPL: Sending a multicast-DIO with rank 640
551690069	ID:33	RPL: Sending a multicast-DIO with rank 672
551896213	ID:36	RPL: Sending a multicast-DIO with rank 648
552529329	ID:35	RPL: Sending a multicast-DIO with rank 669
553616748	ID:32	RPL: Sending a multicast-DIO with rank 640
556690069	ID:33	RPL: Sending a multicast-DIO with rank 672
556896213	ID:36	RPL: Sending a multicast-DIO with rank 648
557529329	ID:35	RPL: Sending a multicast-DIO with rank 669
558616748	ID:32	RPL: Sending a multicast-DIO with rank 640
561690069	ID:33	RPL: Sending a multicast-DIO with rank 672
561896213	ID:36	RPL: Sending a multicast-DIO with rank 648
562529329	ID:35	RPL: Sending a multicast-DIO with rank 669
563616748	ID:32	RPL: Sending a multicast-DIO with rank 640
563702995	ID:34	RPL: Sending a DIS to fe80::c30c:0:0:6
566690069	ID:33	RPL: Sending a multicast-DIO with rank 672
566896213	ID:36	RPL: Sending a multicast-DIO with rank 648
567529329	ID:35	RPL: Sending a multicast-DIO with rank 669
568616748	ID:32	RPL: Sending a multicast-DIO with rank 640
571690069	ID:33	RPL: Sending a multicast-DIO with rank 672
571896213	ID:36	RPL: Sending a multicast-DIO with rank 648
572529329	ID:35	RPL: Sending a multicast-DIO with rank 669
573616748	ID:32	RPL: Sending a multicast-DIO with rank 640
576690069	ID:33	RPL: Sending a multicast-DIO with rank 672
576896213	ID:36	RPL: Sending a multicast-DIO with rank 648
577529329	ID:35	RPL: Sending a multicast-DIO with rank 669
578616748	ID:32	RPL: Sending a multicast-DIO with rank 640
581690069	ID:33	RPL: Sending a multicast-DIO with rank 672
581896213	ID:36	RPL: Sending a multicast-DIO with rank 648
582529329	ID:35	RPL: Sending a multicast-DIO with rank 669
583616748	ID:32	RPL: Sending a multicast-DIO with rank 640
586690069	ID:33	RPL: Sending a multicast-DIO with rank 672
586896213	ID:36	RPL: Sending a multicast-DIO with rank 648
587529329	ID:35	RPL: Sending a multicast-DIO with rank 669
588616748	ID:32	RPL: Sending a multicast-DIO with rank 640
591690069	ID:33	RPL: Sending a multicast-DIO with rank 672
591896213	ID:36	RPL: Sending a multicast-DIO with rank 648
592529329	ID:35	RPL: Sending a multicast-DIO with rank 669
593616748	ID:32	RPL: Sending a multicast-DIO with rank 640
596690069	ID:33	RPL: Sending a multicast-DIO with rank 672
596896213	ID:36	RPL: Sending a multicast-DIO with rank 648
597529329	ID:35	RPL: Sending a multicast-DIO with rank 669
598616748	ID:32	RPL: Sending a multicast-DIO with rank 640
601690069	ID:33	RPL: Sending a multicast-DIO with rank 672
601896213	ID:36	RPL: Sending a multicast-DIO with rank 648
602529329	ID:35	RPL: Sending a multicast-DIO with rank 669
603616748	ID:32	RPL: Sending a multicast-DIO with rank 640
606690069	ID:33	RPL: Sending a multicast-DIO with rank 672
606896213	ID:36	RPL: Sending a multicast-DIO with rank 648
607529329	ID:35	RPL: Sending a multicast-DIO with rank 669
608616748	ID:32	RPL: Sending a multicast-DIO with rank 640
611690069	ID:33	RPL: Sending a multicast-DIO with rank 672
611896213	ID:36	RPL: Sending a multicast-DIO with rank 648
612529329	ID:35	RPL: Sending a multicast-DIO with rank 669
613616748	ID:32	RPL: Sending a multicast-DIO with rank 640
616690069	ID:33	RPL: Sending a multicast-DIO with rank 672
616896213	ID:36	RPL: Sending a multicast-DIO with rank 648
617529329	ID:35	RPL: Sending a multicast-DIO with rank 669
618616748	ID:32	RPL: Sending a multicast-DIO with rank 640
621690069	ID:33	RPL: Sending a multicast-DIO with rank 672
621896213	ID:36	RPL: Sending a multicast-DIO with rank 648
622529329	ID:35	RPL: Sending a multicast-DIO with rank 669
623616748	ID:32	RPL: Sending a multicast-DIO with rank 640
623703428	ID:34	RPL: Sending a DIS to fe80::c30c:0:0:6
626690069	ID:33	RPL: Sending a multicast-DIO with rank 672
626896213	ID:36	RPL: Sending a multicast-DIO with rank 648
627529329	ID:35	RPL: Sending a multicast-DIO with rank 669
628616748	ID:32	RPL: Sending a multicast-DIO with rank 640
631690069	ID:33	RPL: Sending a multicast-DIO with rank 672
631896213	ID:36	RPL: Sending a multicast-DIO with rank 648
632529329	ID:35	RPL: Sending a multicast-DIO with rank 669
633616748	ID:32	RPL: Sending a multicast-DIO with rank 640
636690069	ID:33	RPL: Sending a multicast-DIO with rank 672
636896213	ID:36	RPL: Sending a multicast-DIO with rank 648
637529329	ID:35	RPL: Sending a multicast-DIO with rank 669
638616748	ID:32	RPL: Sending a multicast-DIO with rank 640
641690069	ID:33	RPL: Sending a multicast-DIO with rank 672
641896213	ID:36	RPL: Sending a multicast-DIO with rank 648
642529329	ID:35	RPL: Sending a multicast-DIO with rank 669
643616748	ID:32	RPL: Sending a multicast-DIO with rank 640
646690069	ID:33	RPL: Sending a multicast-DIO with rank 672
646896213	ID:36	RPL: Sending a multicast-DIO with rank 648
647529329	ID:35	RPL: Sending a multicast-DIO with rank 669
648616748	ID:32	RPL: Sending a multicast-DIO with rank 640
651690069	ID:33	RPL: Sending a multicast-DIO with rank 672
651896213	ID:36	RPL: Sending a multicast-DIO with rank 648
652529329	ID:35	RPL: Sending a multicast-DIO with rank 669
653616748	ID:32	RPL: Sending a multicast-DIO with rank 640
656690069	ID:33	RPL: Sending a multicast-DIO with rank 672
656896213	ID:36	RPL: Sending a multicast-DIO with rank 648
657529329	ID:35	RPL: Sending a multicast-DIO with rank 669
658616748	ID:32	RPL: Sending a multicast-DIO with rank 640
661690069	ID:33	RPL: Sending a multicast-DIO with rank 672
661896213	ID:36	RPL: Sending a multicast-DIO with rank 648
662529329	ID:35	RPL: Sending a multicast-DIO with rank 669
663616748	ID:32	RPL: Sending a multicast-DIO with rank 640
666690069	ID:33	RPL: Sending a multicast-DIO with rank 672
666896213	ID:36	RPL: Sending a multicast-DIO with rank 648
667529329	ID:35	RPL: Sending a multicast-DIO with rank 669
668616748	ID:32	RPL: Sending a multicast-DIO with rank 640
671690069	ID:33	RPL: Sending a multicast-DIO with rank 672
671896213	ID:36	RPL: Sending a multicast-DIO with rank 648
672529329	ID:35	RPL: Sending a multicast-DIO with rank 669
673616748	ID:32	RPL: Sending a multicast-DIO with rank 640
676690069	ID:33	RPL: Sending a multicast-DIO with rank 672
676896213	ID:36	RPL: Sending a multicast-DIO with rank 648
677529329	ID:35	RPL: Sending a multicast-DIO with rank 669
678616748	ID:32	RPL: Sending a multicast-DIO with rank 640
681690069	ID:33	RPL: Sending a multicast-DIO with rank 672
681896213	ID:36	RPL: Sending a multicast-DIO with rank 648
682529329	ID:35	RPL: Sending a multicast-DIO with rank 669
683616755	ID:32	RPL: Sending a multicast-DIO with rank 640
683703428	ID:34	RPL: Sending a DIS to fe80::c30c:0:0:6
686690069	ID:33	RPL: Sending a multicast-DIO with rank 672
686896213	ID:36	RPL: Sending a multicast-DIO with rank 648
687529329	ID:35	RPL: Sending a multicast-DIO with rank 669
688616748	ID:32	RPL: Sending a multicast-DIO with rank 640
691690069	ID:33	RPL: Sending a multicast-DIO with rank 672
691896213	ID:36	RPL: Sending a multicast-DIO with rank 648
692529329	ID:35	RPL: Sending a multicast-DIO with rank 669
693616749	ID:32	RPL: Sending a multicast-DIO with rank 640
696690069	ID:33	RPL: Sending a multicast-DIO with rank 672
696896213	ID:36	RPL: Sending a multicast-DIO with rank 648
697529329	ID:35	RPL: Sending a multicast-DIO with rank 669
698616749	ID:32	RPL: Sending a multicast-DIO with rank 640
701690069	ID:33	RPL: Sending a multicast-DIO with rank 672
701896213	ID:36	RPL: Sending a multicast-DIO with rank 648
702529329	ID:35	RPL: Sending a multicast-DIO with rank 669
703616749	ID:32	RPL: Sending a multicast-DIO with rank 640
706690069	ID:33	RPL: Sending a multicast-DIO with rank 672
706896213	ID:36	RPL: Sending a multicast-DIO with rank 648
707529329	ID:35	RPL: Sending a multicast-DIO with rank 669
708616749	ID:32	RPL: Sending a multicast-DIO with rank 640
711690069	ID:33	RPL: Sending a multicast-DIO with rank 672
711896213	ID:36	RPL: Sending a multicast-DIO with rank 648
712529329	ID:35	RPL: Sending a multicast-DIO with rank 669
713616749	ID:32	RPL: Sending a multicast-DIO with rank 640
716690069	ID:33	RPL: Sending a multicast-DIO with rank 672
716896213	ID:36	RPL: Sending a multicast-DIO with rank 648
717529329	ID:35	RPL: Sending a multicast-DIO with rank 669
718616749	ID:32	RPL: Sending a multicast-DIO with rank 640
721690069	ID:33	RPL: Sending a multicast-DIO with rank 672
721896213	ID:36	RPL: Sending a multicast-DIO with rank 648
722529329	ID:35	RPL: Sending a multicast-DIO with rank 669
723616749	ID:32	RPL: Sending a multicast-DIO with rank 640
726690069	ID:33	RPL: Sending a multicast-DIO with rank 672
726896213	ID:36	RPL: Sending a multicast-DIO with rank 648
727529329	ID:35	RPL: Sending a multicast-DIO with rank 669
728616749	ID:32	RPL: Sending a multicast-DIO with rank 640
731690069	ID:33	RPL: Sending a multicast-DIO with rank 672
731896213	ID:36	RPL: Sending a multicast-DIO with rank 648
732529329	ID:35	RPL: Sending a multicast-DIO with rank 669
733616749	ID:32	RPL: Sending a multicast-DIO with rank 640
736690069	ID:33	RPL: Sending a multicast-DIO with rank 672
736896213	ID:36	RPL: Sending a multicast-DIO with rank 648
737529329	ID:35	RPL: Sending a multicast-DIO with rank 669
738616749	ID:32	RPL: Sending a multicast-DIO with rank 640
741690076	ID:33	RPL: Sending a multicast-DIO with rank 672
741896213	ID:36	RPL: Sending a multicast-DIO with rank 648
742529329	ID:35	RPL: Sending a multicast-DIO with rank 669
743616749	ID:32	RPL: Sending a multicast-DIO with rank 640
743703429	ID:34	RPL: Sending a DIS to fe80::c30c:0:0:6
746690069	ID:33	RPL: Sending a multicast-DIO with rank 672
746896213	ID:36	RPL: Sending a multicast-DIO with rank 648
747529329	ID:35	RPL: Sending a multicast-DIO with rank 669
748616749	ID:32	RPL: Sending a multicast-DIO with rank 640
751690069	ID:33	RPL: Sending a multicast-DIO with rank 672
751896213	ID:36	RPL: Sending a multicast-DIO with rank 648
752529329	ID:35	RPL: Sending a multicast-DIO with rank 669
753616749	ID:32	RPL: Sending a multicast-DIO with rank 640
756690069	ID:33	RPL: Sending a multicast-DIO with rank 672
756896213	ID:36	RPL: Sending a multicast-DIO with rank 648
757529329	ID:35	RPL: Sending a multicast-DIO with rank 669
758616749	ID:32	RPL: Sending a multicast-DIO with rank 640
761690069	ID:33	RPL: Sending a multicast-DIO with rank 672
761896213	ID:36	RPL: Sending a multicast-DIO with rank 648
762529329	ID:35	RPL: Sending a multicast-DIO with rank 669
763616749	ID:32	RPL: Sending a multicast-DIO with rank 640
766690069	ID:33	RPL: Sending a multicast-DIO with rank 672
766896213	ID:36	RPL: Sending a multicast-DIO with rank 648
767529329	ID:35	RPL: Sending a multicast-DIO with rank 669
768616749	ID:32	RPL: Sending a multicast-DIO with rank 640
771690069	ID:33	RPL: Sending a multicast-DIO with rank 672
771896213	ID:36	RPL: Sending a multicast-DIO with rank 648
772529329	ID:35	RPL: Sending a multicast-DIO with rank 669
773616749	ID:32	RPL: Sending a multicast-DIO with rank 640
776690069	ID:33	RPL: Sending a multicast-DIO with rank 672
776896220	ID:36	RPL: Sending a multicast-DIO with rank 648
777529329	ID:35	RPL: Sending a multicast-DIO with rank 669
778616749	ID:32	RPL: Sending a multicast-DIO with rank 640
781690069	ID:33	RPL: Sending a multicast-DIO with rank 672
781896213	ID:36	RPL: Sending a multicast-DIO with rank 648
782529329	ID:35	RPL: Sending a multicast-DIO with rank 669
783616749	ID:32	RPL: Sending a multicast-DIO with rank 640
786690069	ID:33	RPL: Sending a multicast-DIO with rank 672
786896213	ID:36	RPL: Sending a multicast-DIO with rank 648
787529329	ID:35	RPL: Sending a multicast-DIO with rank 669
788616749	ID:32	RPL: Sending a multicast-DIO with rank 640
791690069	ID:33	RPL: Sending a multicast-DIO with rank 672
791896213	ID:36	RPL: Sending a multicast-DIO with rank 648
792529329	ID:35	RPL: Sending a multicast-DIO with rank 669
793616749	ID:32	RPL: Sending a multicast-DIO with rank 640
796690069	ID:33	RPL: Sending a multicast-DIO with rank 672
796896213	ID:36	RPL: Sending a multicast-DIO with rank 648
797529329	ID:35	RPL: Sending a multicast-DIO with rank 669
798616749	ID:32	RPL: Sending a multicast-DIO with rank 640
801690069	ID:33	RPL: Sending a multicast-DIO with rank 672
801896213	ID:36	RPL: Sending a multicast-DIO with rank 648
802529329	ID:35	RPL: Sending a multicast-DIO with rank 669
803616749	ID:32	RPL: Sending a multicast-DIO with rank 640
803703429	ID:34	RPL: Sending a DIS to fe80::c30c:0:0:6
806690069	ID:33	RPL: Sending a multicast-DIO with rank 672
806896213	ID:36	RPL: Sending a multicast-DIO with rank 648
807529329	ID:35	RPL: Sending a multicast-DIO with rank 669
808616749	ID:32	RPL: Sending a multicast-DIO with rank 640
811690069	ID:33	RPL: Sending a multicast-DIO with rank 672
811896213	ID:36	RPL: Sending a multicast-DIO with rank 648
812529336	ID:35	RPL: Sending a multicast-DIO with rank 669
813616749	ID:32	RPL: Sending a multicast-DIO with rank 640
816690069	ID:33	RPL: Sending a multicast-DIO with rank 672
816896213	ID:36	RPL: Sending a multicast-DIO with rank 648
817529329	ID:35	RPL: Sending a multicast-DIO with rank 669
818616749	ID:32	RPL: Sending a multicast-DIO with rank 640
821690069	ID:33	RPL: Sending a multicast-DIO with rank 672
821896213	ID:36	RPL: Sending a multicast-DIO with rank 648
822529329	ID:35	RPL: Sending a multicast-DIO with rank 669
823616749	ID:32	RPL: Sending a multicast-DIO with rank 640
826690069	ID:33	RPL: Sending a multicast-DIO with rank 672
826896213	ID:36	RPL: Sending a multicast-DIO with rank 648
827529329	ID:35	RPL: Sending a multicast-DIO with rank 669
828616749	ID:32	RPL: Sending a multicast-DIO with rank 640
831690069	ID:33	RPL: Sending a multicast-DIO with rank 672
831896213	ID:36	RPL: Sending a multicast-DIO with rank 648
832529329	ID:35	RPL: Sending a multicast-DIO with rank 669
833616749	ID:32	RPL: Sending a multicast-DIO with rank 640
836690069	ID:33	RPL: Sending a multicast-DIO with rank 672
836896213	ID:36	RPL: Sending a multicast-DIO with rank 648
837529329	ID:35	RPL: Sending a multicast-DIO with rank 669
838616749	ID:32	RPL: Sending a multicast-DIO with rank 640
841690069	ID:33	RPL: Sending a multicast-DIO with rank 672
841896213	ID:36	RPL: Sending a multicast-DIO with rank 648
842529329	ID:35	RPL: Sending a multicast-DIO with rank 669
843616749	ID:32	RPL: Sending a multicast-DIO with rank 640
846690069	ID:33	RPL: Sending a multicast-DIO with rank 672
846896213	ID:36	RPL: Sending a multicast-DIO with rank 648
847529329	ID:35	RPL: Sending a multicast-DIO with rank 669
848616748	ID:32	RPL: Sending a multicast-DIO with rank 640
851690069	ID:33	RPL: Sending a multicast-DIO with rank 672
851896213	ID:36	RPL: Sending a multicast-DIO with rank 648
852529329	ID:35	RPL: Sending a multicast-DIO with rank 669
853616749	ID:32	RPL: Sending a multicast-DIO with rank 640
856690069	ID:33	RPL: Sending a multicast-DIO with rank 672
856896213	ID:36	RPL: Sending a multicast-DIO with rank 648
857529329	ID:35	RPL: Sending a multicast-DIO with rank 669
858616749	ID:32	RPL: Sending a multicast-DIO with rank 640
861690069	ID:33	RPL: Sending a multicast-DIO with rank 672
861896213	ID:36	RPL: Sending a multicast-DIO with rank 648
862529329	ID:35	RPL: Sending a multicast-DIO with rank 669
863616749	ID:32	RPL: Sending a multicast-DIO with rank 640
863703429	ID:34	RPL: Sending a DIS to fe80::c30c:0:0:6
866690069	ID:33	RPL: Sending a multicast-DIO with rank 672
866896213	ID:36	RPL: Sending a multicast-DIO with rank 648
867529329	ID:35	RPL: Sending a multicast-DIO with rank 669
868616749	ID:32	RPL: Sending a multicast-DIO with rank 640
871690069	ID:33	RPL: Sending a multicast-DIO with rank 672
871896213	ID:36	RPL: Sending a multicast-DIO with rank 648
872529329	ID:35	RPL: Sending a multicast-DIO with rank 669
873616749	ID:32	RPL: Sending a multicast-DIO with rank 640
876690069	ID:33	RPL: Sending a multicast-DIO with rank 672
876896213	ID:36	RPL: Sending a multicast-DIO with rank 648
877529329	ID:35	RPL: Sending a multicast-DIO with rank 669
878616749	ID:32	RPL: Sending a multicast-DIO with rank 640
881690069	ID:33	RPL: Sending a multicast-DIO with rank 672
881896213	ID:36	RPL: Sending a multicast-DIO with rank 648
882529329	ID:35	RPL: Sending a multicast-DIO with rank 669
883616749	ID:32	RPL: Sending a multicast-DIO with rank 640
886690069	ID:33	RPL: Sending a multicast-DIO with rank 672
886896213	ID:36	RPL: Sending a multicast-DIO with rank 648
887529329	ID:35	RPL: Sending a multicast-DIO with rank 669
888616749	ID:32	RPL: Sending a multicast-DIO with rank 640
891690069	ID:33	RPL: Sending a multicast-DIO with rank 672
891896213	ID:36	RPL: Sending a multicast-DIO with rank 648
892529329	ID:35	RPL: Sending a multicast-DIO with rank 669
893616749	ID:32	RPL: Sending a multicast-DIO with rank 640
896690069	ID:33	RPL: Sending a multicast-DIO with rank 672
896896213	ID:36	RPL: Sending a multicast-DIO with rank 648
897529329	ID:35	RPL: Sending a multicast-DIO with rank 669
898616748	ID:32	RPL: Sending a multicast-DIO with rank 640
901690069	ID:33	RPL: Sending a multicast-DIO with rank 672
901896213	ID:36	RPL: Sending a multicast-DIO with rank 648
902529329	ID:35	RPL: Sending a multicast-DIO with rank 669
903616749	ID:32	RPL: Sending a multicast-DIO with rank 640
906690069	ID:33	RPL: Sending a multicast-DIO with rank 672
906896213	ID:36	RPL: Sending a multicast-DIO with rank 648
907529329	ID:35	RPL: Sending a multicast-DIO with rank 669
908616749	ID:32	RPL: Sending a multicast-DIO with rank 640
911690069	ID:33	RPL: Sending a multicast-DIO with rank 672
911896213	ID:36	RPL: Sending a multicast-DIO with rank 648
912529329	ID:35	RPL: Sending a multicast-DIO with rank 669
913616749	ID:32	RPL: Sending a multicast-DIO with rank 640
916690069	ID:33	RPL: Sending a multicast-DIO with rank 672
916896213	ID:36	RPL: Sending a multicast-DIO with rank 648
917529329	ID:35	RPL: Sending a multicast-DIO with rank 669
918616749	ID:32	RPL: Sending a multicast-DIO with rank 640
921690069	ID:33	RPL: Sending a multicast-DIO with rank 672
921896213	ID:36	RPL: Sending a multicast-DIO with rank 648
922529329	ID:35	RPL: Sending a multicast-DIO with rank 669
923616749	ID:32	RPL: Sending a multicast-DIO with rank 640
923703429	ID:34	RPL: Sending a DIS to fe80::c30c:0:0:6
926690069	ID:33	RPL: Sending a multicast-DIO with rank 672
926896213	ID:36	RPL: Sending a multicast-DIO with rank 648
927529329	ID:35	RPL: Sending a multicast-DIO with rank 669
928616749	ID:32	RPL: Sending a multicast-DIO with rank 640
931690069	ID:33	RPL: Sending a multicast-DIO with rank 672
931896213	ID:36	RPL: Sending a multicast-DIO with rank 648
932529329	ID:35	RPL: Sending a multicast-DIO with rank 669
933616749	ID:32	RPL: Sending a multicast-DIO with rank 640
936690069	ID:33	RPL: Sending a multicast-DIO with rank 672
936896213	ID:36	RPL: Sending a multicast-DIO with rank 648
937529329	ID:35	RPL: Sending a multicast-DIO with rank 669
938616749	ID:32	RPL: Sending a multicast-DIO with rank 640
941690069	ID:33	RPL: Sending a multicast-DIO with rank 672
941896213	ID:36	RPL: Sending a multicast-DIO with rank 648
942529329	ID:35	RPL: Sending a multicast-DIO with rank 669
943616749	ID:32	RPL: Sending a multicast-DIO with rank 640
946690069	ID:33	RPL: Sending a multicast-DIO with rank 672
946896213	ID:36	RPL: Sending a multicast-DIO with rank 648
947529329	ID:35	RPL: Sending a multicast-DIO with rank 669
948616749	ID:32	RPL: Sending a multicast-DIO with rank 640
951690069	ID:33	RPL: Sending a multicast-DIO with rank 672
951896213	ID:36	RPL: Sending a multicast-DIO with rank 648
952529329	ID:35	RPL: Sending a multicast-DIO with rank 669
953616749	ID:32	RPL: Sending a multicast-DIO with rank 640
956690069	ID:33	RPL: Sending a multicast-DIO with rank 672
956896213	ID:36	RPL: Sending a multicast-DIO with rank 648
957529329	ID:35	RPL: Sending a multicast-DIO with rank 669
958616748	ID:32	RPL: Sending a multicast-DIO with rank 640
961690069	ID:33	RPL: Sending a multicast-DIO with rank 672
961896213	ID:36	RPL: Sending a multicast-DIO with rank 648
962529329	ID:35	RPL: Sending a multicast-DIO with rank 669
963616749	ID:32	RPL: Sending a multicast-DIO with rank 640
966690069	ID:33	RPL: Sending a multicast-DIO with rank 672
966896213	ID:36	RPL: Sending a multicast-DIO with rank 648
967529329	ID:35	RPL: Sending a multicast-DIO with rank 669
968616749	ID:32	RPL: Sending a multicast-DIO with rank 640
971690069	ID:33	RPL: Sending a multicast-DIO with rank 672
971896213	ID:36	RPL: Sending a multicast-DIO with rank 648
972529329	ID:35	RPL: Sending a multicast-DIO with rank 669
973616749	ID:32	RPL: Sending a multicast-DIO with rank 640
976690069	ID:33	RPL: Sending a multicast-DIO with rank 672
976896213	ID:36	RPL: Sending a multicast-DIO with rank 648
977529329	ID:35	RPL: Sending a multicast-DIO with rank 669
978616749	ID:32	RPL: Sending a multicast-DIO with rank 640
981690069	ID:33	RPL: Sending a multicast-DIO with rank 672
981896213	ID:36	RPL: Sending a multicast-DIO with rank 648
982529329	ID:35	RPL: Sending a multicast-DIO with rank 669
983616748	ID:32	RPL: Sending a multicast-DIO with rank 640
983703429	ID:34	RPL: Sending a DIS to fe80::c30c:0:0:6
986690069	ID:33	RPL: Sending a multicast-DIO with rank 672
986896213	ID:36	RPL: Sending a multicast-DIO with rank 648
987529329	ID:35	RPL: Sending a multicast-DIO with rank 669
988616749	ID:32	RPL: Sending a multicast-DIO with rank 640
991690069	ID:33	RPL: Sending a multicast-DIO with rank 672
991896213	ID:36	RPL: Sending a multicast-DIO with rank 648
992529329	ID:35	RPL: Sending a multicast-DIO with rank 669
993616749	ID:32	RPL: Sending a multicast-DIO with rank 640
996690069	ID:33	RPL: Sending a multicast-DIO with rank 672
996896213	ID:36	RPL: Sending a multicast-DIO with rank 648
997529329	ID:35	RPL: Sending a multicast-DIO with rank 669
998616749	ID:32	RPL: Sending a multicast-DIO with rank 640
1001690069	ID:33	RPL: Sending a multicast-DIO with rank 672
1001896213	ID:36	RPL: Sending a multicast-DIO with rank 648
1002529329	ID:35	RPL: Sending a multicast-DIO with rank 669
1003616749	ID:32	RPL: Sending a multicast-DIO with rank 640
1006690069	ID:33	RPL: Sending a multicast-DIO with rank 672
1006896213	ID:36	RPL: Sending a multicast-DIO with rank 648
1007529329	ID:35	RPL: Sending a multicast-DIO with rank 669
1008616749	ID:32	RPL: Sending a multicast-DIO with rank 640
1011690069	ID:33	RPL: Sending a multicast-DIO with rank 672
1011896213	ID:36	RPL: Sending a multicast-DIO with rank 648
1012529329	ID:35	RPL: Sending a multicast-DIO with rank 669
1013616749	ID:32	RPL: Sending a multicast-DIO with rank 640
1016690069	ID:33	RPL: Sending a multicast-DIO with rank 672
1016896213	ID:36	RPL: Sending a multicast-DIO with rank 648
1017529329	ID:35	RPL: Sending a multicast-DIO with rank 669
1018616749	ID:32	RPL: Sending a multicast-DIO with rank 640
1021690069	ID:33	RPL: Sending a multicast-DIO with rank 672
1021896213	ID:36	RPL: Sending a multicast-DIO with rank 648
1022529329	ID:35	RPL: Sending a multicast-DIO with rank 669
1023616749	ID:32	RPL: Sending a multicast-DIO with rank 640
1026690070	ID:33	RPL: Sending a multicast-DIO with rank 672
1026896214	ID:36	RPL: Sending a multicast-DIO with rank 648
1027529330	ID:35	RPL: Sending a multicast-DIO with rank 669
1028616749	ID:32	RPL: Sending a multicast-DIO with rank 640
1031690070	ID:33	RPL: Sending a multicast-DIO with rank 672
1031896214	ID:36	RPL: Sending a multicast-DIO with rank 648
1032529330	ID:35	RPL: Sending a multicast-DIO with rank 669
1033616749	ID:32	RPL: Sending a multicast-DIO with rank 640
1036690070	ID:33	RPL: Sending a multicast-DIO with rank 672
1036896214	ID:36	RPL: Sending a multicast-DIO with rank 648
1037529330	ID:35	RPL: Sending a multicast-DIO with rank 669
1038616749	ID:32	RPL: Sending a multicast-DIO with rank 640
1041690070	ID:33	RPL: Sending a multicast-DIO with rank 672
1041896214	ID:36	RPL: Sending a multicast-DIO with rank 648
1042529330	ID:35	RPL: Sending a multicast-DIO with rank 669
1043616749	ID:32	RPL: Sending a multicast-DIO with rank 640
1043703429	ID:34	RPL: Sending a DIS to fe80::c30c:0:0:6
1046690070	ID:33	RPL: Sending a multicast-DIO with rank 672
1046896214	ID:36	RPL: Sending a multicast-DIO with rank 648
1047529330	ID:35	RPL: Sending a multicast-DIO with rank 669
1048616749	ID:32	RPL: Sending a multicast-DIO with rank 640
1051690070	ID:33	RPL: Sending a multicast-DIO with rank 672
1051896214	ID:36	RPL: Sending a multicast-DIO with rank 648
1052529330	ID:35	RPL: Sending a multicast-DIO with rank 669
1053616749	ID:32	RPL: Sending a multicast-DIO with rank 640
1056690070	ID:33	RPL: Sending a multicast-DIO with rank 672
1056896214	ID:36	RPL: Sending a multicast-DIO with rank 648
1057529330	ID:35	RPL: Sending a multicast-DIO with rank 669
1058616749	ID:32	RPL: Sending a multicast-DIO with rank 640
1061690070	ID:33	RPL: Sending a multicast-DIO with rank 672
1061896214	ID:36	RPL: Sending a multicast-DIO with rank 648
1062529330	ID:35	RPL: Sending a multicast-DIO with rank 669
1063616756	ID:32	RPL: Sending a multicast-DIO with rank 640
1066690070	ID:33	RPL: Sending a multicast-DIO with rank 672
1066896214	ID:36	RPL: Sending a multicast-DIO with rank 648
1067529330	ID:35	RPL: Sending a multicast-DIO with rank 669
1068616749	ID:32	RPL: Sending a multicast-DIO with rank 640
1071690070	ID:33	RPL: Sending a multicast-DIO with rank 672
1071896214	ID:36	RPL: Sending a multicast-DIO with rank 648
1072529330	ID:35	RPL: Sending a multicast-DIO with rank 669
1073616749	ID:32	RPL: Sending a multicast-DIO with rank 640
1076690070	ID:33	RPL: Sending a multicast-DIO with rank 672
1076896214	ID:36	RPL: Sending a multicast-DIO with rank 648
1077529330	ID:35	RPL: Sending a multicast-DIO with rank 669
1078616749	ID:32	RPL: Sending a multicast-DIO with rank 640
1081690070	ID:33	RPL: Sending a multicast-DIO with rank 672
1081896214	ID:36	RPL: Sending a multicast-DIO with rank 648
1082529330	ID:35	RPL: Sending a multicast-DIO with rank 669
1083616749	ID:32	RPL: Sending a multicast-DIO with rank 640
1086690070	ID:33	RPL: Sending a multicast-DIO with rank 672
1086896214	ID:36	RPL: Sending a multicast-DIO with rank 648
1087529330	ID:35	RPL: Sending a multicast-DIO with rank 669
1088616749	ID:32	RPL: Sending a multicast-DIO with rank 640
1091690070	ID:33	RPL: Sending a multicast-DIO with rank 672
1091896214	ID:36	RPL: Sending a multicast-DIO with rank 648
1092529330	ID:35	RPL: Sending a multicast-DIO with rank 669
1093616749	ID:32	RPL: Sending a multicast-DIO with rank 640
1096690070	ID:33	RPL: Sending a multicast-DIO with rank 672
1096896221	ID:36	RPL: Sending a multicast-DIO with rank 648
1097529330	ID:35	RPL: Sending a multicast-DIO with rank 669
1098616749	ID:32	RPL: Sending a multicast-DIO with rank 640
1101690070	ID:33	RPL: Sending a multicast-DIO with rank 672
1101896214	ID:36	RPL: Sending a multicast-DIO with rank 648
1102529330	ID:35	RPL: Sending a multicast-DIO with rank 669
1103616749	ID:32	RPL: Sending a multicast-DIO with rank 640
1103703429	ID:34	RPL: Sending a DIS to fe80::c30c:0:0:6
1106690070	ID:33	RPL: Sending a multicast-DIO with rank 672
1106896214	ID:36	RPL: Sending a multicast-DIO with rank 648
1107529330	ID:35	RPL: Sending a multicast-DIO with rank 669
1108616749	ID:32	RPL: Sending a multicast-DIO with rank 640
1111690070	ID:33	RPL: Sending a multicast-DIO with rank 672
1111896214	ID:36	RPL: Sending a multicast-DIO with rank 648
1112529330	ID:35	RPL: Sending a multicast-DIO with rank 669
1113616749	ID:32	RPL: Sending a multicast-DIO with rank 640
1116690070	ID:33	RPL: Sending a multicast-DIO with rank 672
1116896214	ID:36	RPL: Sending a multicast-DIO with rank 648
1117529330	ID:35	RPL: Sending a multicast-DIO with rank 669
1118616749	ID:32	RPL: Sending a multicast-DIO with rank 640
1121690070	ID:33	RPL: Sending a multicast-DIO with rank 672
1121896214	ID:36	RPL: Sending a multicast-DIO with rank 648
1122529330	ID:35	RPL: Sending a multicast-DIO with rank 669
1123616749	ID:32	RPL: Sending a multicast-DIO with rank 640
1126690070	ID:33	RPL: Sending a multicast-DIO with rank 672
1126896214	ID:36	RPL: Sending a multicast-DIO with rank 648
1127529330	ID:35	RPL: Sending a multicast-DIO with rank 669
1128616749	ID:32	RPL: Sending a multicast-DIO with rank 640
1131690070	ID:33	RPL: Sending a multicast-DIO with rank 672
1131896214	ID:36	RPL: Sending a multicast-DIO with rank 648
1132529330	ID:35	RPL: Sending a multicast-DIO with rank 669
1133616749	ID:32	RPL: Sending a multicast-DIO with rank 640
1136690070	ID:33	RPL: Sending a multicast-DIO with rank 672
1136896214	ID:36	RPL: Sending a multicast-DIO with rank 648
1137529330	ID:35	RPL: Sending a multicast-DIO with rank 669
1138616749	ID:32	RPL: Sending a multicast-DIO with rank 640
1141690070	ID:33	RPL: Sending a multicast-DIO with rank 672
1141896214	ID:36	RPL: Sending a multicast-DIO with rank 648
1142529330	ID:35	RPL: Sending a multicast-DIO with rank 669
1143616749	ID:32	RPL: Sending a multicast-DIO with rank 640
1146690070	ID:33	RPL: Sending a multicast-DIO with rank 672
1146896214	ID:36	RPL: Sending a multicast-DIO with rank 648
1147529330	ID:35	RPL: Sending a multicast-DIO with rank 669
1148616749	ID:32	RPL: Sending a multicast-DIO with rank 640
1151690070	ID:33	RPL: Sending a multicast-DIO with rank 672
1151896214	ID:36	RPL: Sending a multicast-DIO with rank 648
1152529337	ID:35	RPL: Sending a multicast-DIO with rank 669
1153616749	ID:32	RPL: Sending a multicast-DIO with rank 640
1156690070	ID:33	RPL: Sending a multicast-DIO with rank 672
1156896214	ID:36	RPL: Sending a multicast-DIO with rank 648
1157529330	ID:35	RPL: Sending a multicast-DIO with rank 669
1158616749	ID:32	RPL: Sending a multicast-DIO with rank 640
1161690070	ID:33	RPL: Sending a multicast-DIO with rank 672
1161896214	ID:36	RPL: Sending a multicast-DIO with rank 648
1162529330	ID:35	RPL: Sending a multicast-DIO with rank 669
1163616749	ID:32	RPL: Sending a multicast-DIO with rank 640
1163703429	ID:34	RPL: Sending a DIS to fe80::c30c:0:0:6
1166690077	ID:33	RPL: Sending a multicast-DIO with rank 672
1166896214	ID:36	RPL: Sending a multicast-DIO with rank 648
1167529330	ID:35	RPL: Sending a multicast-DIO with rank 669
1168616749	ID:32	RPL: Sending a multicast-DIO with rank 640
1171690070	ID:33	RPL: Sending a multicast-DIO with rank 672
1171896214	ID:36	RPL: Sending a multicast-DIO with rank 648
1172529330	ID:35	RPL: Sending a multicast-DIO with rank 669
1173616749	ID:32	RPL: Sending a multicast-DIO with rank 640
1176690070	ID:33	RPL: Sending a multicast-DIO with rank 672
1176896214	ID:36	RPL: Sending a multicast-DIO with rank 648
1177529330	ID:35	RPL: Sending a multicast-DIO with rank 669
1178616749	ID:32	RPL: Sending a multicast-DIO with rank 640
1181690070	ID:33	RPL: Sending a multicast-DIO with rank 672
1181896214	ID:36	RPL: Sending a multicast-DIO with rank 648
1182529330	ID:35	RPL: Sending a multicast-DIO with rank 669
1183616749	ID:32	RPL: Sending a multicast-DIO with rank 640
1186690070	ID:33	RPL: Sending a multicast-DIO with rank 672
1186896214	ID:36	RPL: Sending a multicast-DIO with rank 648
1187529330	ID:35	RPL: Sending a multicast-DIO with rank 669
1188616749	ID:32	RPL: Sending a multicast-DIO with rank 640
1191690070	ID:33	RPL: Sending a multicast-DIO with rank 672
1191896214	ID:36	RPL: Sending a multicast-DIO with rank 648
1192529330	ID:35	RPL: Sending a multicast-DIO with rank 669
1193616749	ID:32	RPL: Sending a multicast-DIO with rank 640
1196690070	ID:33	RPL: Sending a multicast-DIO with rank 672
1196896214	ID:36	RPL: Sending a multicast-DIO with rank 648
1197529330	ID:35	RPL: Sending a multicast-DIO with rank 669
1198616749	ID:32	RPL: Sending a multicast-DIO with rank 640
1201690075	ID:33	RPL: Sending a multicast-DIO with rank 672
1201896219	ID:36	RPL: Sending a multicast-DIO with rank 648
1202529335	ID:35	RPL: Sending a multicast-DIO with rank 669
1203616754	ID:32	RPL: Sending a multicast-DIO with rank 640
1206690069	ID:33	RPL: Sending a multicast-DIO with rank 672
1206896213	ID:36	RPL: Sending a multicast-DIO with rank 648
1207529329	ID:35	RPL: Sending a multicast-DIO with rank 669
1208616748	ID:32	RPL: Sending a multicast-DIO with rank 640
1211690069	ID:33	RPL: Sending a multicast-DIO with rank 672
1211896213	ID:36	RPL: Sending a multicast-DIO with rank 648
1212529329	ID:35	RPL: Sending a multicast-DIO with rank 669
1213616748	ID:32	RPL: Sending a multicast-DIO with rank 640
1216690069	ID:33	RPL: Sending a multicast-DIO with rank 672
1216896213	ID:36	RPL: Sending a multicast-DIO with rank 648
1217529329	ID:35	RPL: Sending a multicast-DIO with rank 669
1218616748	ID:32	RPL: Sending a multicast-DIO with rank 640
1221690069	ID:33	RPL: Sending a multicast-DIO with rank 672
1221896213	ID:36	RPL: Sending a multicast-DIO with rank 648
1222529329	ID:35	RPL: Sending a multicast-DIO with rank 669
1223616748	ID:32	RPL: Sending a multicast-DIO with rank 640
1223703428	ID:34	RPL: Sending a DIS to fe80::c30c:0:0:6
1226690069	ID:33	RPL: Sending a multicast-DIO with rank 672
1226896213	ID:36	RPL: Sending a multicast-DIO with rank 648
1227529329	ID:35	RPL: Sending a multicast-DIO with rank 669
1228616748	ID:32	RPL: Sending a multicast-DIO with rank 640
1231690069	ID:33	RPL: Sending a multicast-DIO with rank 672
1231896213	ID:36	RPL: Sending a multicast-DIO with rank 648
1232529329	ID:35	RPL: Sending a multicast-DIO with rank 669
1233616748	ID:32	RPL: Sending a multicast-DIO with rank 640
1236690069	ID:33	RPL: Sending a multicast-DIO with rank 672
1236896213	ID:36	RPL: Sending a multicast-DIO with rank 648
1237529329	ID:35	RPL: Sending a multicast-DIO with rank 669
1238616748	ID:32	RPL: Sending a multicast-DIO with rank 640
1241690069	ID:33	RPL: Sending a multicast-DIO with rank 672
1241896213	ID:36	RPL: Sending a multicast-DIO with rank 648
1242529329	ID:35	RPL: Sending a multicast-DIO with rank 669
1243616748	ID:32	RPL: Sending a multicast-DIO with rank 640
1246690069	ID:33	RPL: Sending a multicast-DIO with rank 672
1246896213	ID:36	RPL: Sending a multicast-DIO with rank 648
1247529329	ID:35	RPL: Sending a multicast-DIO with rank 669
1248616748	ID:32	RPL: Sending a multicast-DIO with rank 640
1251690069	ID:33	RPL: Sending a multicast-DIO with rank 672
1251896213	ID:36	RPL: Sending a multicast-DIO with rank 648
1252529329	ID:35	RPL: Sending a multicast-DIO with rank 669
1253616748	ID:32	RPL: Sending a multicast-DIO with rank 640
1256690069	ID:33	RPL: Sending a multicast-DIO with rank 672
1256896213	ID:36	RPL: Sending a multicast-DIO with rank 648
1257529329	ID:35	RPL: Sending a multicast-DIO with rank 669
1258616748	ID:32	RPL: Sending a multicast-DIO with rank 640
1261690069	ID:33	RPL: Sending a multicast-DIO with rank 672
1261896213	ID:36	RPL: Sending a multicast-DIO with rank 648
1262529329	ID:35	RPL: Sending a multicast-DIO with rank 669
1263616748	ID:32	RPL: Sending a multicast-DIO with rank 640
1266690069	ID:33	RPL: Sending a multicast-DIO with rank 672
1266896213	ID:36	RPL: Sending a multicast-DIO with rank 648
1267529329	ID:35	RPL: Sending a multicast-DIO with rank 669
1268616748	ID:32	RPL: Sending a multicast-DIO with rank 640
1271690069	ID:33	RPL: Sending a multicast-DIO with rank 672
1271896213	ID:36	RPL: Sending a multicast-DIO with rank 648
1272529329	ID:35	RPL: Sending a multicast-DIO with rank 669
1273616748	ID:32	RPL: Sending a multicast-DIO with rank 640
1276690069	ID:33	RPL: Sending a multicast-DIO with rank 672
1276896213	ID:36	RPL: Sending a multicast-DIO with rank 648
1277529329	ID:35	RPL: Sending a multicast-DIO with rank 669
1278616748	ID:32	RPL: Sending a multicast-DIO with rank 640
1281690069	ID:33	RPL: Sending a multicast-DIO with rank 672
1281896213	ID:36	RPL: Sending a multicast-DIO with rank 648
1282529329	ID:35	RPL: Sending a multicast-DIO with rank 669
1283616748	ID:32	RPL: Sending a multicast-DIO with rank 640
1283703428	ID:34	RPL: Sending a DIS to fe80::c30c:0:0:6
1286690069	ID:33	RPL: Sending a multicast-DIO with rank 672
1286896213	ID:36	RPL: Sending a multicast-DIO with rank 648
1287529329	ID:35	RPL: Sending a multicast-DIO with rank 669
1288616748	ID:32	RPL: Sending a multicast-DIO with rank 640
1291690069	ID:33	RPL: Sending a multicast-DIO with rank 672
1291896213	ID:36	RPL: Sending a multicast-DIO with rank 648
1292529329	ID:35	RPL: Sending a multicast-DIO with rank 669
1293616748	ID:32	RPL: Sending a multicast-DIO with rank 640
1296690069	ID:33	RPL: Sending a multicast-DIO with rank 672
1296896213	ID:36	RPL: Sending a multicast-DIO with rank 648
1297529329	ID:35	RPL: Sending a multicast-DIO with rank 669
1298616748	ID:32	RPL: Sending a multicast-DIO with rank 640
1301690069	ID:33	RPL: Sending a multicast-DIO with rank 672
1301896213	ID:36	RPL: Sending a multicast-DIO with rank 648
1302529329	ID:35	RPL: Sending a multicast-DIO with rank 669
1303616748	ID:32	RPL: Sending a multicast-DIO with rank 640
1306690069	ID:33	RPL: Sending a multicast-DIO with rank 672
1306896213	ID:36	RPL: Sending a multicast-DIO with rank 648
1307529329	ID:35	RPL: Sending a multicast-DIO with rank 669
1308616748	ID:32	RPL: Sending a multicast-DIO with rank 640
1311690069	ID:33	RPL: Sending a multicast-DIO with rank 672
1311896213	ID:36	RPL: Sending a multicast-DIO with rank 648
1312529329	ID:35	RPL: Sending a multicast-DIO with rank 669
1313616748	ID:32	RPL: Sending a multicast-DIO with rank 640
1316690069	ID:33	RPL: Sending a multicast-DIO with rank 672
1316896213	ID:36	RPL: Sending a multicast-DIO with rank 648
1317529329	ID:35	RPL: Sending a multicast-DIO with rank 669
1318616748	ID:32	RPL: Sending a multicast-DIO with rank 640
1321690069	ID:33	RPL: Sending a multicast-DIO with rank 672
1321896213	ID:36	RPL: Sending a multicast-DIO with rank 648
1322529329	ID:35	RPL: Sending a multicast-DIO with rank 669
1323616748	ID:32	RPL: Sending a multicast-DIO with rank 640
1326690069	ID:33	RPL: Sending a multicast-DIO with rank 672
1326896213	ID:36	RPL: Sending a multicast-DIO with rank 648
1327529329	ID:35	RPL: Sending a multicast-DIO with rank 669
1328616748	ID:32	RPL: Sending a multicast-DIO with rank 640
1331690069	ID:33	RPL: Sending a multicast-DIO with rank 672
1331896213	ID:36	RPL: Sending a multicast-DIO with rank 648
1332529329	ID:35	RPL: Sending a multicast-DIO with rank 669
1333616748	ID:32	RPL: Sending a multicast-DIO with rank 640
1336690069	ID:33	RPL: Sending a multicast-DIO with rank 672
1336896213	ID:36	RPL: Sending a multicast-DIO with rank 648
1337529329	ID:35	RPL: Sending a multicast-DIO with rank 669
1338616748	ID:32	RPL: Sending a multicast-DIO with rank 640
1341690069	ID:33	RPL: Sending a multicast-DIO with rank 672
1341896213	ID:36	RPL: Sending a multicast-DIO with rank 648
1342529329	ID:35	RPL: Sending a multicast-DIO with rank 669
1343616748	ID:32	RPL: Sending a multicast-DIO with rank 640
1343703428	ID:34	RPL: Sending a DIS to fe80::c30c:0:0:6
1346690069	ID:33	RPL: Sending a multicast-DIO with rank 672
1346896213	ID:36	RPL: Sending a multicast-DIO with rank 648
1347529329	ID:35	RPL: Sending a multicast-DIO with rank 669
1348616748	ID:32	RPL: Sending a multicast-DIO with rank 640
1351690069	ID:33	RPL: Sending a multicast-DIO with rank 672
1351896213	ID:36	RPL: Sending a multicast-DIO with rank 648
1352529329	ID:35	RPL: Sending a multicast-DIO with rank 669
1353616748	ID:32	RPL: Sending a multicast-DIO with rank 640
1356690069	ID:33	RPL: Sending a multicast-DIO with rank 672
1356896213	ID:36	RPL: Sending a multicast-DIO with rank 648
1357529329	ID:35	RPL: Sending a multicast-DIO with rank 669
1358616748	ID:32	RPL: Sending a multicast-DIO with rank 640
1361690069	ID:33	RPL: Sending a multicast-DIO with rank 672
1361896213	ID:36	RPL: Sending a multicast-DIO with rank 648
1362529329	ID:35	RPL: Sending a multicast-DIO with rank 669
1363616748	ID:32	RPL: Sending a multicast-DIO with rank 640
1366690069	ID:33	RPL: Sending a multicast-DIO with rank 672
1366896213	ID:36	RPL: Sending a multicast-DIO with rank 648
1367529329	ID:35	RPL: Sending a multicast-DIO with rank 669
1368616748	ID:32	RPL: Sending a multicast-DIO with rank 640
1371690069	ID:33	RPL: Sending a multicast-DIO with rank 672
1371896213	ID:36	RPL: Sending a multicast-DIO with rank 648
1372529329	ID:35	RPL: Sending a multicast-DIO with rank 669
1373616748	ID:32	RPL: Sending a multicast-DIO with rank 640
1376690069	ID:33	RPL: Sending a multicast-DIO with rank 672
1376896213	ID:36	RPL: Sending a multicast-DIO with rank 648
1377529329	ID:35	RPL: Sending a multicast-DIO with rank 669
1378616748	ID:32	RPL: Sending a multicast-DIO with rank 640
1381690069	ID:33	RPL: Sending a multicast-DIO with rank 672
1381896213	ID:36	RPL: Sending a multicast-DIO with rank 648
1382529329	ID:35	RPL: Sending a multicast-DIO with rank 669
1383616748	ID:32	RPL: Sending a multicast-DIO with rank 640
1386690069	ID:33	RPL: Sending a multicast-DIO with rank 672
1386896213	ID:36	RPL: Sending a multicast-DIO with rank 648
1387529329	ID:35	RPL: Sending a multicast-DIO with rank 669
1388616755	ID:32	RPL: Sending a multicast-DIO with rank 640
1391690069	ID:33	RPL: Sending a multicast-DIO with rank 672
1391896213	ID:36	RPL: Sending a multicast-DIO with rank 648
1392529329	ID:35	RPL: Sending a multicast-DIO with rank 669
1393616748	ID:32	RPL: Sending a multicast-DIO with rank 640
1396690069	ID:33	RPL: Sending a multicast-DIO with rank 672
1396896213	ID:36	RPL: Sending a multicast-DIO with rank 648
1397529329	ID:35	RPL: Sending a multicast-DIO with rank 669
1398616748	ID:32	RPL: Sending a multicast-DIO with rank 640
1401690069	ID:33	RPL: Sending a multicast-DIO with rank 672
1401896213	ID:36	RPL: Sending a multicast-DIO with rank 648
1402529329	ID:35	RPL: Sending a multicast-DIO with rank 669
1403616748	ID:32	RPL: Sending a multicast-DIO with rank 640
1403703428	ID:34	RPL: Sending a DIS to fe80::c30c:0:0:6
1406690069	ID:33	RPL: Sending a multicast-DIO with rank 672
1406896213	ID:36	RPL: Sending a multicast-DIO with rank 648
1407529329	ID:35	RPL: Sending a multicast-DIO with rank 669
1408616748	ID:32	RPL: Sending a multicast-DIO with rank 640
1411690069	ID:33	RPL: Sending a multicast-DIO with rank 672
1411896213	ID:36	RPL: Sending a multicast-DIO with rank 648
1412529329	ID:35	RPL: Sending a multicast-DIO with rank 669
1413616748	ID:32	RPL: Sending a multicast-DIO with rank 640
1416690069	ID:33	RPL: Sending a multicast-DIO with rank 672
1416896213	ID:36	RPL: Sending a multicast-DIO with rank 648
1417529329	ID:35	RPL: Sending a multicast-DIO with rank 669
1418616748	ID:32	RPL: Sending a multicast-DIO with rank 640
1421690069	ID:33	RPL: Sending a multicast-DIO with rank 672
1421896213	ID:36	RPL: Sending a multicast-DIO with rank 648
1422529329	ID:35	RPL: Sending a multicast-DIO with rank 669
1423616748	ID:32	RPL: Sending a multicast-DIO with rank 640
1426690069	ID:33	RPL: Sending a multicast-DIO with rank 672
1426896213	ID:36	RPL: Sending a multicast-DIO with rank 648
1427529329	ID:35	RPL: Sending a multicast-DIO with rank 669
1428616748	ID:32	RPL: Sending a multicast-DIO with rank 640
1431690069	ID:33	RPL: Sending a multicast-DIO with rank 672
1431896213	ID:36	RPL: Sending a multicast-DIO with rank 648
1432529329	ID:35	RPL: Sending a multicast-DIO with rank 669
1433616748	ID:32	RPL: Sending a multicast-DIO with rank 640
1436690069	ID:33	RPL: Sending a multicast-DIO with rank 672
1436896213	ID:36	RPL: Sending a multicast-DIO with rank 648
1437529329	ID:35	RPL: Sending a multicast-DIO with rank 669
1438616748	ID:32	RPL: Sending a multicast-DIO with rank 640
1441690069	ID:33	RPL: Sending a multicast-DIO with rank 672
1441896213	ID:36	RPL: Sending a multicast-DIO with rank 648
1442529329	ID:35	RPL: Sending a multicast-DIO with rank 669
1443616748	ID:32	RPL: Sending a multicast-DIO with rank 640
1446690069	ID:33	RPL: Sending a multicast-DIO with rank 672
1446896213	ID:36	RPL: Sending a multicast-DIO with rank 648
1447529329	ID:35	RPL: Sending a multicast-DIO with rank 669
1448616748	ID:32	RPL: Sending a multicast-DIO with rank 640
1451690069	ID:33	RPL: Sending a multicast-DIO with rank 672
1451896213	ID:36	RPL: Sending a multicast-DIO with rank 648
1452529329	ID:35	RPL: Sending a multicast-DIO with rank 669
1453616748	ID:32	RPL: Sending a multicast-DIO with rank 640
1456690069	ID:33	RPL: Sending a multicast-DIO with rank 672
1456896213	ID:36	RPL: Sending a multicast-DIO with rank 648
1457529329	ID:35	RPL: Sending a multicast-DIO with rank 669
1458616748	ID:32	RPL: Sending a multicast-DIO with rank 640
1461690069	ID:33	RPL: Sending a multicast-DIO with rank 672
1461896213	ID:36	RPL: Sending a multicast-DIO with rank 648
1462529329	ID:35	RPL: Sending a multicast-DIO with rank 669
1463616748	ID:32	RPL: Sending a multicast-DIO with rank 640
1463703428	ID:34	RPL: Sending a DIS to fe80::c30c:0:0:6
1466690069	ID:33	RPL: Sending a multicast-DIO with rank 672
1466896213	ID:36	RPL: Sending a multicast-DIO with rank 648
1467529329	ID:35	RPL: Sending a multicast-DIO with rank 669
1468616748	ID:32	RPL: Sending a multicast-DIO with rank 640
1471690069	ID:33	RPL: Sending a multicast-DIO with rank 672
1471896213	ID:36	RPL: Sending a multicast-DIO with rank 648
1472529329	ID:35	RPL: Sending a multicast-DIO with rank 669
1473616748	ID:32	RPL: Sending a multicast-DIO with rank 640
1476690069	ID:33	RPL: Sending a multicast-DIO with rank 672
1476896220	ID:36	RPL: Sending a multicast-DIO with rank 648
1477529329	ID:35	RPL: Sending a multicast-DIO with rank 669
1478616748	ID:32	RPL: Sending a multicast-DIO with rank 640
1481690069	ID:33	RPL: Sending a multicast-DIO with rank 672
1481896213	ID:36	RPL: Sending a multicast-DIO with rank 648
1482529329	ID:35	RPL: Sending a multicast-DIO with rank 669
1483616748	ID:32	RPL: Sending a multicast-DIO with rank 640
1486690069	ID:33	RPL: Sending a multicast-DIO with rank 672
1486896213	ID:36	RPL: Sending a multicast-DIO with rank 648
1487529329	ID:35	RPL: Sending a multicast-DIO with rank 669
1488616748	ID:32	RPL: Sending a multicast-DIO with rank 640
1491690069	ID:33	RPL: Sending a multicast-DIO with rank 672
1491896213	ID:36	RPL: Sending a multicast-DIO with rank 648
1492529329	ID:35	RPL: Sending a multicast-DIO with rank 669
1493616748	ID:32	RPL: Sending a multicast-DIO with rank 640
1496690069	ID:33	RPL: Sending a multicast-DIO with rank 672
1496896213	ID:36	RPL: Sending a multicast-DIO with rank 648
1497529329	ID:35	RPL: Sending a multicast-DIO with rank 669
1498616748	ID:32	RPL: Sending a multicast-DIO with rank 640
1501690069	ID:33	RPL: Sending a multicast-DIO with rank 672
1501896213	ID:36	RPL: Sending a multicast-DIO with rank 648
1502529329	ID:35	RPL: Sending a multicast-DIO with rank 669
1503616748	ID:32	RPL: Sending a multicast-DIO with rank 640
1506690069	ID:33	RPL: Sending a multicast-DIO with rank 672
1506896213	ID:36	RPL: Sending a multicast-DIO with rank 648
1507529329	ID:35	RPL: Sending a multicast-DIO with rank 669
1508616748	ID:32	RPL: Sending a multicast-DIO with rank 640
1511690069	ID:33	RPL: Sending a multicast-DIO with rank 672
1511896213	ID:36	RPL: Sending a multicast-DIO with rank 648
1512529329	ID:35	RPL: Sending a multicast-DIO with rank 669
1513616748	ID:32	RPL: Sending a multicast-DIO with rank 640
1516690069	ID:33	RPL: Sending a multicast-DIO with rank 672
1516896213	ID:36	RPL: Sending a multicast-DIO with rank 648
1517529329	ID:35	RPL: Sending a multicast-DIO with rank 669
1518616748	ID:32	RPL: Sending a multicast-DIO with rank 640
1521690069	ID:33	RPL: Sending a multicast-DIO with rank 672
1521896213	ID:36	RPL: Sending a multicast-DIO with rank 648
1522529329	ID:35	RPL: Sending a multicast-DIO with rank 669
1523616748	ID:32	RPL: Sending a multicast-DIO with rank 640
1523703428	ID:34	RPL: Sending a DIS to fe80::c30c:0:0:6
1526690069	ID:33	RPL: Sending a multicast-DIO with rank 672
1526896213	ID:36	RPL: Sending a multicast-DIO with rank 648
1527529329	ID:35	RPL: Sending a multicast-DIO with rank 669
1528616748	ID:32	RPL: Sending a multicast-DIO with rank 640
1531690069	ID:33	RPL: Sending a multicast-DIO with rank 672
1531896213	ID:36	RPL: Sending a multicast-DIO with rank 648
1532529329	ID:35	RPL: Sending a multicast-DIO with rank 669
1533616748	ID:32	RPL: Sending a multicast-DIO with rank 640
1536690069	ID:33	RPL: Sending a multicast-DIO with rank 672
1536896213	ID:36	RPL: Sending a multicast-DIO with rank 648
1537529329	ID:35	RPL: Sending a multicast-DIO with rank 669
1538616748	ID:32	RPL: Sending a multicast-DIO with rank 640
1541690069	ID:33	RPL: Sending a multicast-DIO with rank 672
1541896213	ID:36	RPL: Sending a multicast-DIO with rank 648
1542529329	ID:35	RPL: Sending a multicast-DIO with rank 669
1543616748	ID:32	RPL: Sending a multicast-DIO with rank 640
1546690069	ID:33	RPL: Sending a multicast-DIO with rank 672
1546896213	ID:36	RPL: Sending a multicast-DIO with rank 648
1547529329	ID:35	RPL: Sending a multicast-DIO with rank 669
1548616748	ID:32	RPL: Sending a multicast-DIO with rank 640
1551690069	ID:33	RPL: Sending a multicast-DIO with rank 672
1551896213	ID:36	RPL: Sending a multicast-DIO with rank 648
1552529329	ID:35	RPL: Sending a multicast-DIO with rank 669
1553616748	ID:32	RPL: Sending a multicast-DIO with rank 640
1556690069	ID:33	RPL: Sending a multicast-DIO with rank 672
1556896213	ID:36	RPL: Sending a multicast-DIO with rank 648
1557529329	ID:35	RPL: Sending a multicast-DIO with rank 669
1558616748	ID:32	RPL: Sending a multicast-DIO with rank 640
1561690069	ID:33	RPL: Sending a multicast-DIO with rank 672
1561896213	ID:36	RPL: Sending a multicast-DIO with rank 648
1562529329	ID:35	RPL: Sending a multicast-DIO with rank 669
1563616748	ID:32	RPL: Sending a multicast-DIO with rank 640
1566690069	ID:33	RPL: Sending a multicast-DIO with rank 672
1566896213	ID:36	RPL: Sending a multicast-DIO with rank 648
1567529329	ID:35	RPL: Sending a multicast-DIO with rank 669
1568616748	ID:32	RPL: Sending a multicast-DIO with rank 640
1571690069	ID:33	RPL: Sending a multicast-DIO with rank 672
1571896213	ID:36	RPL: Sending a multicast-DIO with rank 648
1572529329	ID:35	RPL: Sending a multicast-DIO with rank 669
1573616748	ID:32	RPL: Sending a multicast-DIO with rank 640
1576690069	ID:33	RPL: Sending a multicast-DIO with rank 672
1576896213	ID:36	RPL: Sending a multicast-DIO with rank 648
1577529329	ID:35	RPL: Sending a multicast-DIO with rank 669
1578616748	ID:32	RPL: Sending a multicast-DIO with rank 640
1581690069	ID:33	RPL: Sending a multicast-DIO with rank 672
1581896213	ID:36	RPL: Sending a multicast-DIO with rank 648
1582529336	ID:35	RPL: Sending a multicast-DIO with rank 669
1583616748	ID:32	RPL: Sending a multicast-DIO with rank 640
1583703428	ID:34	RPL: Sending a DIS to fe80::c30c:0:0:6
1586690076	ID:33	RPL: Sending a multicast-DIO with rank 672
1586896213	ID:36	RPL: Sending a multicast-DIO with rank 648
1587529329	ID:35	RPL: Sending a multicast-DIO with rank 669
1588616748	ID:32	RPL: Sending a multicast-DIO with rank 640
1591690069	ID:33	RPL: Sending a multicast-DIO with rank 672
1591896213	ID:36	RPL: Sending a multicast-DIO with rank 648
1592529329	ID:35	RPL: Sending a multicast-DIO with rank 669
1593616748	ID:32	RPL: Sending a multicast-DIO with rank 640
1596690069	ID:33	RPL: Sending a multicast-DIO with rank 672
1596896213	ID:36	RPL: Sending a multicast-DIO with rank 648
1597529329	ID:35	RPL: Sending a multicast-DIO with rank 669
1598616748	ID:32	RPL: Sending a multicast-DIO with rank 640
1601690069	ID:33	RPL: Sending a multicast-DIO with rank 672
1601896213	ID:36	RPL: Sending a multicast-DIO with rank 648
1602529329	ID:35	RPL: Sending a multicast-DIO with rank 669
1603616748	ID:32	RPL: Sending a multicast-DIO with rank 640
1606690069	ID:33	RPL: Sending a multicast-DIO with rank 672
1606896213	ID:36	RPL: Sending a multicast-DIO with rank 648
1607529329	ID:35	RPL: Sending a multicast-DIO with rank 669
1608616748	ID:32	RPL: Sending a multicast-DIO with rank 640
1611690069	ID:33	RPL: Sending a multicast-DIO with rank 672
1611896213	ID:36	RPL: Sending a multicast-DIO with rank 648
1612529329	ID:35	RPL: Sending a multicast-DIO with rank 669
1613616748	ID:32	RPL: Sending a multicast-DIO with rank 640
1616690069	ID:33	RPL: Sending a multicast-DIO with rank 672
1616896213	ID:36	RPL: Sending a multicast-DIO with rank 648
1617529329	ID:35	RPL: Sending a multicast-DIO with rank 669
1618616748	ID:32	RPL: Sending a multicast-DIO with rank 640
1621690069	ID:33	RPL: Sending a multicast-DIO with rank 672
1621896213	ID:36	RPL: Sending a multicast-DIO with rank 648
1622529329	ID:35	RPL: Sending a multicast-DIO with rank 669
1623616748	ID:32	RPL: Sending a multicast-DIO with rank 640
1626690069	ID:33	RPL: Sending a multicast-DIO with rank 672
1626896213	ID:36	RPL: Sending a multicast-DIO with rank 648
1627529329	ID:35	RPL: Sending a multicast-DIO with rank 669
1628616748	ID:32	RPL: Sending a multicast-DIO with rank 640
1631690069	ID:33	RPL: Sending a multicast-DIO with rank 672
1631896213	ID:36	RPL: Sending a multicast-DIO with rank 648
1632529329	ID:35	RPL: Sending a multicast-DIO with rank 669
1633616748	ID:32	RPL: Sending a multicast-DIO with rank 640
1636690069	ID:33	RPL: Sending a multicast-DIO with rank 672
1636896213	ID:36	RPL: Sending a multicast-DIO with rank 648
1637529329	ID:35	RPL: Sending a multicast-DIO with rank 669
1638616748	ID:32	RPL: Sending a multicast-DIO with rank 640
1641690069	ID:33	RPL: Sending a multicast-DIO with rank 672
1641896213	ID:36	RPL: Sending a multicast-DIO with rank 648
1642529329	ID:35	RPL: Sending a multicast-DIO with rank 669
1643616748	ID:32	RPL: Sending a multicast-DIO with rank 640
1643703428	ID:34	RPL: Sending a DIS to fe80::c30c:0:0:6
1646690069	ID:33	RPL: Sending a multicast-DIO with rank 672
1646896213	ID:36	RPL: Sending a multicast-DIO with rank 648
1647529329	ID:35	RPL: Sending a multicast-DIO with rank 669
1648616748	ID:32	RPL: Sending a multicast-DIO with rank 640
1651690069	ID:33	RPL: Sending a multicast-DIO with rank 672
1651896213	ID:36	RPL: Sending a multicast-DIO with rank 648
1652529329	ID:35	RPL: Sending a multicast-DIO with rank 669
1653616748	ID:32	RPL: Sending a multicast-DIO with rank 640
1656690069	ID:33	RPL: Sending a multicast-DIO with rank 672
1656896213	ID:36	RPL: Sending a multicast-DIO with rank 648
1657529329	ID:35	RPL: Sending a multicast-DIO with rank 669
1658616748	ID:32	RPL: Sending a multicast-DIO with rank 640
1661690069	ID:33	RPL: Sending a multicast-DIO with rank 672
1661896213	ID:36	RPL: Sending a multicast-DIO with rank 648
1662529329	ID:35	RPL: Sending a multicast-DIO with rank 669
1663616748	ID:32	RPL: Sending a multicast-DIO with rank 640
1666690069	ID:33	RPL: Sending a multicast-DIO with rank 672
1666896213	ID:36	RPL: Sending a multicast-DIO with rank 648
1667529329	ID:35	RPL: Sending a multicast-DIO with rank 669
1668616748	ID:32	RPL: Sending a multicast-DIO with rank 640
1671690069	ID:33	RPL: Sending a multicast-DIO with rank 672
1671896213	ID:36	RPL: Sending a multicast-DIO with rank 648
1672529329	ID:35	RPL: Sending a multicast-DIO with rank 669
1673616748	ID:32	RPL: Sending a multicast-DIO with rank 640
1676690069	ID:33	RPL: Sending a multicast-DIO with rank 672
1676896213	ID:36	RPL: Sending a multicast-DIO with rank 648
1677529329	ID:35	RPL: Sending a multicast-DIO with rank 669
1678616748	ID:32	RPL: Sending a multicast-DIO with rank 640
1681690069	ID:33	RPL: Sending a multicast-DIO with rank 672
1681896213	ID:36	RPL: Sending a multicast-DIO with rank 648
1682529329	ID:35	RPL: Sending a multicast-DIO with rank 669
1683616748	ID:32	RPL: Sending a multicast-DIO with rank 640
1686690069	ID:33	RPL: Sending a multicast-DIO with rank 672
1686896213	ID:36	RPL: Sending a multicast-DIO with rank 648
1687529329	ID:35	RPL: Sending a multicast-DIO with rank 669
1688616748	ID:32	RPL: Sending a multicast-DIO with rank 640
1691690069	ID:33	RPL: Sending a multicast-DIO with rank 672
1691896213	ID:36	RPL: Sending a multicast-DIO with rank 648
1692529329	ID:35	RPL: Sending a multicast-DIO with rank 669
1693616748	ID:32	RPL: Sending a multicast-DIO with rank 640
1696690069	ID:33	RPL: Sending a multicast-DIO with rank 672
1696896213	ID:36	RPL: Sending a multicast-DIO with rank 648
1697529329	ID:35	RPL: Sending a multicast-DIO with rank 669
1698616748	ID:32	RPL: Sending a multicast-DIO with rank 640
1701690069	ID:33	RPL: Sending a multicast-DIO with rank 672
1701896213	ID:36	RPL: Sending a multicast-DIO with rank 648
1702529329	ID:35	RPL: Sending a multicast-DIO with rank 669
1703616748	ID:32	RPL: Sending a multicast-DIO with rank 640
1703703428	ID:34	RPL: Sending a DIS to fe80::c30c:0:0:6
1706690069	ID:33	RPL: Sending a multicast-DIO with rank 672
1706896213	ID:36	RPL: Sending a multicast-DIO with rank 648
1707529329	ID:35	RPL: Sending a multicast-DIO with rank 669
1708616748	ID:32	RPL: Sending a multicast-DIO with rank 640
1711690069	ID:33	RPL: Sending a multicast-DIO with rank 672
1711896213	ID:36	RPL: Sending a multicast-DIO with rank 648
1712529329	ID:35	RPL: Sending a multicast-DIO with rank 669
1713616748	ID:32	RPL: Sending a multicast-DIO with rank 640
1716690069	ID:33	RPL: Sending a multicast-DIO with rank 672
1716896213	ID:36	RPL: Sending a multicast-DIO with rank 648
1717529329	ID:35	RPL: Sending a multicast-DIO with rank 669
1718616748	ID:32	RPL: Sending a multicast-DIO with rank 640
1721690069	ID:33	RPL: Sending a multicast-DIO with rank 672
1721896213	ID:36	RPL: Sending a multicast-DIO with rank 648
1722529329	ID:35	RPL: Sending a multicast-DIO with rank 669
1723616748	ID:32	RPL: Sending a multicast-DIO with rank 640
1726690069	ID:33	RPL: Sending a multicast-DIO with rank 672
1726896213	ID:36	RPL: Sending a multicast-DIO with rank 648
1727529329	ID:35	RPL: Sending a multicast-DIO with rank 669
1728616748	ID:32	RPL: Sending a multicast-DIO with rank 640
1731690069	ID:33	RPL: Sending a multicast-DIO with rank 672
1731896213	ID:36	RPL: Sending a multicast-DIO with rank 648
1732529329	ID:35	RPL: Sending a multicast-DIO with rank 669
1733616748	ID:32	RPL: Sending a multicast-DIO with rank 640
1736690069	ID:33	RPL: Sending a multicast-DIO with rank 672
1736896213	ID:36	RPL: Sending a multicast-DIO with rank 648
1737529329	ID:35	RPL: Sending a multicast-DIO with rank 669
1738616748	ID:32	RPL: Sending a multicast-DIO with rank 640
1741690069	ID:33	RPL: Sending a multicast-DIO with rank 672
1741896213	ID:36	RPL: Sending a multicast-DIO with rank 648
1742529329	ID:35	RPL: Sending a multicast-DIO with rank 669
1743616748	ID:32	RPL: Sending a multicast-DIO with rank 640
1746690069	ID:33	RPL: Sending a multicast-DIO with rank 672
1746896213	ID:36	RPL: Sending a multicast-DIO with rank 648
1747529329	ID:35	RPL: Sending a multicast-DIO with rank 669
1748616748	ID:32	RPL: Sending a multicast-DIO with rank 640
1751690069	ID:33	RPL: Sending a multicast-DIO with rank 672
1751896213	ID:36	RPL: Sending a multicast-DIO with rank 648
1752529329	ID:35	RPL: Sending a multicast-DIO with rank 669
1753616748	ID:32	RPL: Sending a multicast-DIO with rank 640
1756690069	ID:33	RPL: Sending a multicast-DIO with rank 672
1756896213	ID:36	RPL: Sending a multicast-DIO with rank 648
1757529329	ID:35	RPL: Sending a multicast-DIO with rank 669
1758616748	ID:32	RPL: Sending a multicast-DIO with rank 640
1761690069	ID:33	RPL: Sending a multicast-DIO with rank 672
1761896213	ID:36	RPL: Sending a multicast-DIO with rank 648
1762529329	ID:35	RPL: Sending a multicast-DIO with rank 669
1763616748	ID:32	RPL: Sending a multicast-DIO with rank 640
1763703428	ID:34	RPL: Sending a DIS to fe80::c30c:0:0:6
1766690069	ID:33	RPL: Sending a multicast-DIO with rank 672
1766896213	ID:36	RPL: Sending a multicast-DIO with rank 648
1767529329	ID:35	RPL: Sending a multicast-DIO with rank 669
1768616748	ID:32	RPL: Sending a multicast-DIO with rank 640
1771690069	ID:33	RPL: Sending a multicast-DIO with rank 672
1771896213	ID:36	RPL: Sending a multicast-DIO with rank 648
1772529329	ID:35	RPL: Sending a multicast-DIO with rank 669
1773616748	ID:32	RPL: Sending a multicast-DIO with rank 640
1776690069	ID:33	RPL: Sending a multicast-DIO with rank 672
1776896213	ID:36	RPL: Sending a multicast-DIO with rank 648
1777529329	ID:35	RPL: Sending a multicast-DIO with rank 669
1778616748	ID:32	RPL: Sending a multicast-DIO with rank 640
1781690069	ID:33	RPL: Sending a multicast-DIO with rank 672
1781896213	ID:36	RPL: Sending a multicast-DIO with rank 648
1782529329	ID:35	RPL: Sending a multicast-DIO with rank 669
1783616748	ID:32	RPL: Sending a multicast-DIO with rank 640
1786690069	ID:33	RPL: Sending a multicast-DIO with rank 672
1786896213	ID:36	RPL: Sending a multicast-DIO with rank 648
1787529329	ID:35	RPL: Sending a multicast-DIO with rank 669
1788616748	ID:32	RPL: Sending a multicast-DIO with rank 640
1791690069	ID:33	RPL: Sending a multicast-DIO with rank 672
1791896213	ID:36	RPL: Sending a multicast-DIO with rank 648
1792529329	ID:35	RPL: Sending a multicast-DIO with rank 669
1793616748	ID:32	RPL: Sending a multicast-DIO with rank 640
1796690069	ID:33	RPL: Sending a multicast-DIO with rank 672
1796896213	ID:36	RPL: Sending a multicast-DIO with rank 648
1797529329	ID:35	RPL: Sending a multicast-DIO with rank 669
1798616748	ID:32	RPL: Sending a multicast-DIO with rank 640
