1060976	ID:3	Rime started with address 193.12.0.0.0.0.0.3
1067476	ID:2	Rime started with address 193.12.0.0.0.0.0.2
1068167	ID:3	MAC c1:0c:00:00:00:00:00:03 Contiki 3.0 started. Node id is set to 3.
1073183	ID:3	CSMA ContikiMAC, channel check rate 8 Hz, radio channel 26
1074443	ID:12	Rime started with address 193.12.0.0.0.0.0.12
1074667	ID:2	MAC c1:0c:00:00:00:00:00:02 Contiki 3.0 started. Node id is set to 2.
1079683	ID:2	CSMA ContikiMAC, channel check rate 8 Hz, radio channel 26
1080345	ID:9	Rime started with address 193.12.0.0.0.0.0.9
1080980	ID:3	Tentative link-local IPv6 address fe80:0000:0000:0000:c30c:0000:0000:0003
1081730	ID:12	MAC c1:0c:00:00:00:00:00:0c Contiki 3.0 started. Node id is set to 12.
1082837	ID:3	Starting 'Sensor process'
1084255	ID:3	Starting UDP server
1086201	ID:3	Listen port: 3000, TTL=64
1086751	ID:12	CSMA ContikiMAC, channel check rate 8 Hz, radio channel 26
1087480	ID:2	Tentative link-local IPv6 address fe80:0000:0000:0000:c30c:0000:0000:0002
1087536	ID:9	MAC c1:0c:00:00:00:00:00:09 Contiki 3.0 started. Node id is set to 9.
1089337	ID:2	Starting 'Sensor process'
1090755	ID:2	Starting UDP server
1092552	ID:9	CSMA ContikiMAC, channel check rate 8 Hz, radio channel 26
1092701	ID:2	Listen port: 3000, TTL=64
1094581	ID:12	Tentative link-local IPv6 address fe80:0000:0000:0000:c30c:0000:0000:000c
1096439	ID:12	Starting 'Sensor process'
1097856	ID:12	Starting UDP server
1099802	ID:12	Listen port: 3000, TTL=64
1100349	ID:9	Tentative link-local IPv6 address fe80:0000:0000:0000:c30c:0000:0000:0009
1102206	ID:9	Starting 'Sensor process'
1103624	ID:9	Starting UDP server
1105570	ID:9	Listen port: 3000, TTL=64
1124975	ID:7	Rime started with address 193.12.0.0.0.0.0.7
1132166	ID:7	MAC c1:0c:00:00:00:00:00:07 Contiki 3.0 started. Node id is set to 7.
1137182	ID:7	CSMA ContikiMAC, channel check rate 8 Hz, radio channel 26
1144979	ID:7	Tentative link-local IPv6 address fe80:0000:0000:0000:c30c:0000:0000:0007
1146836	ID:7	Starting 'Sensor process'
1148254	ID:7	Starting UDP server
1150200	ID:7	Listen port: 3000, TTL=64
1153448	ID:14	Rime started with address 193.12.0.0.0.0.0.14
1158357	ID:13	Rime started with address 193.12.0.0.0.0.0.13
1160735	ID:14	MAC c1:0c:00:00:00:00:00:0e Contiki 3.0 started. Node id is set to 14.
1165644	ID:13	MAC c1:0c:00:00:00:00:00:0d Contiki 3.0 started. Node id is set to 13.
1165756	ID:14	CSMA ContikiMAC, channel check rate 8 Hz, radio channel 26
1170665	ID:13	CSMA ContikiMAC, channel check rate 8 Hz, radio channel 26
1173586	ID:14	Tentative link-local IPv6 address fe80:0000:0000:0000:c30c:0000:0000:000e
1175444	ID:14	Starting 'Sensor process'
1176861	ID:14	Starting UDP server
1178495	ID:13	Tentative link-local IPv6 address fe80:0000:0000:0000:c30c:0000:0000:000d
1178807	ID:14	Listen port: 3000, TTL=64
1180353	ID:13	Starting 'Sensor process'
1181770	ID:13	Starting UDP server
1183716	ID:13	Listen port: 3000, TTL=64
1211861	ID:15	Rime started with address 193.12.0.0.0.0.0.15
1219146	ID:15	MAC c1:0c:00:00:00:00:00:0f Contiki 3.0 started. Node id is set to 15.
1224168	ID:15	CSMA ContikiMAC, channel check rate 8 Hz, radio channel 26
1231997	ID:15	Tentative link-local IPv6 address fe80:0000:0000:0000:c30c:0000:0000:000f
1234567	ID:15	Starting 'Malicious sensor process'
1238819	ID:5	Rime started with address 193.12.0.0.0.0.0.5
1246010	ID:5	MAC c1:0c:00:00:00:00:00:05 Contiki 3.0 started. Node id is set to 5.
1251026	ID:5	CSMA ContikiMAC, channel check rate 8 Hz, radio channel 26
1258823	ID:5	Tentative link-local IPv6 address fe80:0000:0000:0000:c30c:0000:0000:0005
1260680	ID:5	Starting 'Sensor process'
1262098	ID:5	Starting UDP server
1264044	ID:5	Listen port: 3000, TTL=64
1448114	ID:0	Rime started with address 193.12.0.0.0.0.0.0
1454922	ID:0	MAC c1:0c:00:00:00:00:00:00 Contiki 3.0 started. Node id not set
1459933	ID:0	CSMA ContikiMAC, channel check rate 8 Hz, radio channel 26
1467728	ID:0	Tentative link-local IPv6 address fe80:0000:0000:0000:c30c:0000:0000:0000
1469871	ID:0	Starting 'UDP server process'
1471218	ID:0	UDP server started
1476666	ID:0	Server IPv6 addresses:  0000:0000:0000:0000:0000:0000:0000:0000 
1480473	ID:0	 aaaa:0000:0000:0000:c30c:0000:0000:0000 
1481687	ID:1	Rime started with address 193.12.0.0.0.0.0.1
1484290	ID:0	 fe80:0000:0000:0000:c30c:0000:0000:0000 
1488878	ID:1	MAC c1:0c:00:00:00:00:00:01 Contiki 3.0 started. Node id is set to 1.
1491029	ID:0	Created a new RPL dag with ID:  aaaa:0000:0000:0000:c30c:0000:0000:0000 
1493894	ID:1	CSMA ContikiMAC, channel check rate 8 Hz, radio channel 26
1501691	ID:1	Tentative link-local IPv6 address fe80:0000:0000:0000:c30c:0000:0000:0001
1503548	ID:1	Starting 'Sensor process'
1504966	ID:1	Starting UDP server
1506912	ID:1	Listen port: 3000, TTL=64
1751131	ID:10	Rime started with address 193.12.0.0.0.0.0.10
1756363	ID:4	Rime started with address 193.12.0.0.0.0.0.4
1758418	ID:10	MAC c1:0c:00:00:00:00:00:0a Contiki 3.0 started. Node id is set to 10.
1763439	ID:10	CSMA ContikiMAC, channel check rate 8 Hz, radio channel 26
1763554	ID:4	MAC c1:0c:00:00:00:00:00:04 Contiki 3.0 started. Node id is set to 4.
1768570	ID:4	CSMA ContikiMAC, channel check rate 8 Hz, radio channel 26
1771269	ID:10	Tentative link-local IPv6 address fe80:0000:0000:0000:c30c:0000:0000:000a
1773127	ID:10	Starting 'Sensor process'
1773940	ID:11	Rime started with address 193.12.0.0.0.0.0.11
1774544	ID:10	Starting UDP server
1776367	ID:4	Tentative link-local IPv6 address fe80:0000:0000:0000:c30c:0000:0000:0004
1776490	ID:10	Listen port: 3000, TTL=64
1778224	ID:4	Starting 'Sensor process'
1779642	ID:4	Starting UDP server
1781227	ID:11	MAC c1:0c:00:00:00:00:00:0b Contiki 3.0 started. Node id is set to 11.
1781588	ID:4	Listen port: 3000, TTL=64
1786248	ID:11	CSMA ContikiMAC, channel check rate 8 Hz, radio channel 26
1794078	ID:11	Tentative link-local IPv6 address fe80:0000:0000:0000:c30c:0000:0000:000b
1795936	ID:11	Starting 'Sensor process'
1797353	ID:11	Starting UDP server
1799299	ID:11	Listen port: 3000, TTL=64
1857755	ID:6	Rime started with address 193.12.0.0.0.0.0.6
1860250	ID:8	Rime started with address 193.12.0.0.0.0.0.8
1864946	ID:6	MAC c1:0c:00:00:00:00:00:06 Contiki 3.0 started. Node id is set to 6.
1867441	ID:8	MAC c1:0c:00:00:00:00:00:08 Contiki 3.0 started. Node id is set to 8.
1869962	ID:6	CSMA ContikiMAC, channel check rate 8 Hz, radio channel 26
1872457	ID:8	CSMA ContikiMAC, channel check rate 8 Hz, radio channel 26
1877759	ID:6	Tentative link-local IPv6 address fe80:0000:0000:0000:c30c:0000:0000:0006
1879616	ID:6	Starting 'Sensor process'
1880254	ID:8	Tentative link-local IPv6 address fe80:0000:0000:0000:c30c:0000:0000:0008
1881034	ID:6	Starting UDP server
1882111	ID:8	Starting 'Sensor process'
1882980	ID:6	Listen port: 3000, TTL=64
1883529	ID:8	Starting UDP server
1885475	ID:8	Listen port: 3000, TTL=64
5379064	ID:9	#L 0 1
5426646	ID:10	#L 0 1
6488699	ID:0	Server IPv6 addresses:  0000:0000:0000:0000:0000:0000:0000:0000 
6492542	ID:0	 aaaa:0000:0000:0000:c30c:0000:0000:0000 
6496348	ID:0	 fe80:0000:0000:0000:c30c:0000:0000:0000 
6498962	ID:0	Server listening on UDP port 3000
7963608	ID:0	Created a server connection with remote address  0000:0000:0000:0000:0000:0000:0000:0000 RPL: Received a DAO from fe80::c30c:0:0:9
7980796	ID:0	#L 9 1;blue
8484824	ID:0	#L 10 1;blue
12533367	ID:1	#L 0 1
12537752	ID:5	#L 0 1
12545896	ID:10	#L 0 1
16234195	ID:0	#L 5 1;blue
16484418	ID:0	#L 1 1;blue
16661172	ID:8	#L 9 1
19243571	ID:9	#L 8 1;blue
19353308	ID:0	#L 9 1;blue
20238261	ID:3	#L 8 1
21582768	ID:13	#L 5 1
21673700	ID:7	#L 5 1
21699680	ID:11	#L 5 1
22768981	ID:8	#L 3 1;blue
22862869	ID:9	#L 8 1;blue
22979132	ID:0	#L 9 1;blue
23869524	ID:2	#L 3 1
24649591	ID:5	#L 7 1;blue
24855145	ID:0	#L 5 1;blue
25203817	ID:14	#L 13 1
25652026	ID:5	#L 11 1;blue
25729633	ID:0	#L 5 1;blue
26972116	ID:3	#L 2 1;blue
28047434	ID:10	#L 0 1
28054022	ID:7	#L 5 0
28054593	ID:7	#L 0 1
28062846	ID:7	#L 0 1
28569702	ID:13	#L 14 1;blue
29646464	ID:5	#L 13 1;blue
29730758	ID:0	#L 5 1;blue
30172019	ID:13	#L 5 0
30172707	ID:13	#L 14 1
30463478	ID:13	#L 14 0
30464053	ID:13	#L 7 1
30472045	ID:13	#L 7 1
31166525	ID:14	#L 13 0
31175530	ID:14	#L 11 1
32488563	ID:0	#L 7 1;blue
32779615	ID:8	#L 9 1
33579704	ID:13	#L 7 0
33580391	ID:13	#L 11 1
33874320	ID:12	#L 10 1
34157841	ID:6	#L 13 1
34465274	ID:13	#L 11 0
34465849	ID:13	#L 1 1
34474577	ID:13	#L 1 1
35138221	ID:1	#L 13 1;blue
35430716	ID:11	#L 14 1;blue
35729535	ID:0	#L 1 1;blue
36415163	ID:10	#L 12 1;blue
37446940	ID:13	#L 6 1;blue
37654617	ID:6	#L 13 1
37698602	ID:14	#L 11 0
37699285	ID:14	#L 13 1
37707883	ID:14	#L 13 1
37890279	ID:1	#L 13 1;blue
38355217	ID:0	#L 1 1;blue
38847597	ID:11	#L 5 0
38848285	ID:11	#L 13 1
42889331	ID:1	#L 13 1;blue
42981149	ID:0	#L 1 1;blue
43317658	ID:13	#L 11 1;blue
43389961	ID:1	#L 13 1;blue
43447520	ID:11	#L 13 1
43451000	ID:14	#L 13 1
43527882	ID:6	#L 13 1
43604406	ID:0	#L 1 1;blue
53705271	ID:11	#L 13 0
53705846	ID:11	#L 9 1
53714310	ID:11	#L 9 1
53786381	ID:6	#L 13 0
53786953	ID:6	#L 9 1
53795208	ID:6	#L 9 1
56986839	ID:9	#L 11 1;blue
57363808	ID:9	#L 6 1;blue
59822676	ID:14	#L 13 1
60288006	ID:5	#L 0 1
60367465	ID:3	#L 8 0
60368040	ID:3	#L 0 1
60370358	ID:2	#L 3 0
60370929	ID:2	#L 0 1
60376264	ID:3	#L 0 1
60379145	ID:2	#L 0 1
63606871	ID:0	#L 2 1;blue
65355855	ID:0	#L 3 1;blue
66175611	ID:13	#L 1 0
66176195	ID:13	#L 9 1
68991068	ID:9	#L 13 1;blue
69826454	ID:14	#L 13 1
77202537	ID:14	#L 13 1
79738670	ID:9	#L 13 1;blue
82097754	ID:9	#L 0 0
82098462	ID:9	#L 10 1
85460516	ID:13	#L 9 0
85461211	ID:13	#L 11 1
85808506	ID:4	#L 3 1
87096976	ID:9	#L 10 0
87097571	ID:9	#L 1 1
88722001	ID:3	#L 4 1;blue
89328038	ID:14	#L 13 1
93097625	ID:9	#L 1 0
93098221	ID:9	#L 8 1
94950314	ID:14	#L 13 0
94950997	ID:14	#L 11 1
98097620	ID:9	#L 8 0
98098215	ID:9	#L 0 1
102175016	ID:10	#L 0 1
115228342	ID:13	#L 11 0
115228918	ID:13	#L 2 1
115237758	ID:13	#L 2 1
120428842	ID:15	Starting UDP server (malicious)
120431182	ID:15	Malicious sensor IPv6 addresses:
120433011	ID:15	  fe80::c30c:0:0:f
120436339	ID:15	Malicious sensor listening on UDP port 3000
120473322	ID:15	#L 9 1
121600329	ID:2	#L 13 1;blue
125537109	ID:15	#L 9 0
125537680	ID:15	#L 0 1
125543172	ID:8	#L 9 0
125543747	ID:8	#L 0 1
125546222	ID:15	#L 0 1
125549966	ID:7	#L 0 1
125551746	ID:8	#L 0 1
127885473	ID:15	#L 0 1
127924417	ID:7	#L 0 1
127987349	ID:3	#L 0 1
133913053	ID:8	#L 0 1
133914997	ID:5	#L 0 1
133923343	ID:7	#L 0 1
136497744	ID:3	#L 0 1
136537357	ID:8	#L 0 1
136554294	ID:5	#L 0 1
138396342	ID:9	#L 0 0
138396976	ID:9	#L 7 1
138405282	ID:9	#L 7 1
138484528	ID:0	#L 8 1;blue
138880600	ID:15	#L 0 1
142290837	ID:7	#L 9 1;blue
142858123	ID:0	#L 7 1;blue
147862428	ID:3	#L 0 1
148012340	ID:15	#L 0 0
148012912	ID:15	#L 9 1
156229617	ID:15	#L 9 0
156230188	ID:15	#L 6 1
159898258	ID:6	#L 15 1;blue
160137534	ID:15	#L 6 1
163175649	ID:7	#L 0 1
163290271	ID:5	#L 0 1
164890808	ID:15	#L 6 1
167913953	ID:8	#L 0 1
167916246	ID:5	#L 0 1
167940469	ID:4	#L 3 0
167941040	ID:4	#L 0 1
167949294	ID:4	#L 0 1
167965312	ID:11	#L 9 0
167965883	ID:11	#L 0 1
167975135	ID:11	#L 0 1
168875807	ID:6	#L 9 0
168876383	ID:6	#L 2 1
173117497	ID:0	#L 11 1;blue
174164979	ID:5	#L 0 1
174165314	ID:8	#L 0 1
174179401	ID:4	#L 0 1
174205792	ID:11	#L 0 1
174865975	ID:0	#L 4 1;blue
175878143	ID:6	#L 2 0
175878719	ID:6	#L 1 1
177810247	ID:4	#L 0 1
181036921	ID:8	#L 0 1
181039759	ID:5	#L 0 1
181055951	ID:4	#L 0 1
181078412	ID:11	#L 0 1
182876444	ID:6	#L 1 0
182877132	ID:6	#L 12 1
185847311	ID:13	#L 2 0
185847882	ID:13	#L 8 1
185857609	ID:13	#L 8 1
186079311	ID:11	#L 0 1
186087219	ID:14	#L 11 0
186087790	ID:14	#L 0 1
186096258	ID:14	#L 0 1
187878016	ID:6	#L 12 0
187878703	ID:6	#L 11 1
188908823	ID:6	#L 11 1
189182422	ID:4	#L 0 1
189203122	ID:11	#L 0 1
189206010	ID:14	#L 0 1
190057994	ID:11	#L 6 1;blue
190235025	ID:0	#L 11 1;blue
192911259	ID:8	#L 13 1;blue
194169949	ID:14	#L 0 0
194170633	ID:14	#L 11 1
195160754	ID:6	#L 11 1
195204765	ID:14	#L 11 1
195307766	ID:4	#L 0 1
195329379	ID:11	#L 0 1
195427929	ID:6	#L 11 0
195428504	ID:6	#L 0 1
195437118	ID:6	#L 0 1
197019136	ID:15	#L 6 1
197211987	ID:13	#L 8 1
199057194	ID:11	#L 14 1;blue
199108342	ID:0	#L 11 1;blue
200059879	ID:4	#L 0 1
200081388	ID:11	#L 0 1
200098321	ID:13	#L 8 0
200098891	ID:13	#L 0 1
200108482	ID:13	#L 0 1
200164056	ID:6	#L 0 1
200165580	ID:8	#L 0 1
200518786	ID:15	#L 6 1
202111257	ID:0	#L 6 1;blue
202203764	ID:14	#L 11 1
202985287	ID:0	#L 13 1;blue
203108891	ID:0	#L 8 1;blue
203296563	ID:15	#L 6 1
205331044	ID:11	#L 0 1
205337960	ID:13	#L 0 1
208077472	ID:14	#L 11 0
208078156	ID:14	#L 13 1
208086417	ID:14	#L 13 1
208205720	ID:11	#L 0 1
208213495	ID:13	#L 0 1
208289162	ID:6	#L 0 1
209296827	ID:15	#L 6 1
209488185	ID:0	#L 13 1;blue
211328591	ID:14	#L 13 1
212188671	ID:13	#L 14 1;blue
212234723	ID:0	#L 13 1;blue
212794909	ID:11	#L 0 0
212795601	ID:11	#L 13 1
213306159	ID:15	#L 6 1
216202066	ID:11	#L 13 1
216202813	ID:14	#L 13 1
217838905	ID:13	#L 0 1
217870689	ID:2	#L 0 1
217910286	ID:1	#L 0 1
217913713	ID:8	#L 0 1
217916948	ID:6	#L 0 1
217983408	ID:0	#L 6 1;blue
218816603	ID:13	#L 11 1;blue
219862293	ID:0	#L 13 1;blue
226503361	ID:1	#L 0 0
226503941	ID:1	#L 2 1
229228296	ID:2	#L 1 1;blue
240862913	ID:3	#L 0 1
240868644	ID:2	#L 0 1
240914774	ID:6	#L 0 1
240962817	ID:13	#L 0 1
260862653	ID:3	#L 0 1
260870146	ID:2	#L 0 1
267393015	ID:15	#L 6 1
269795116	ID:11	#L 13 0
269795687	ID:11	#L 8 1
272020080	ID:15	#L 6 1
276796338	ID:11	#L 8 0
276796909	ID:11	#L 0 1
278144548	ID:15	#L 6 0
278145119	ID:15	#L 8 1
281795593	ID:11	#L 0 0
281796165	ID:11	#L 9 1
281881502	ID:6	#L 0 0
281882190	ID:6	#L 11 1
283236705	ID:15	#L 8 0
283237389	ID:15	#L 11 1
286827681	ID:11	#L 9 0
286828252	ID:11	#L 3 1
293224433	ID:3	#L 11 1;blue
295289646	ID:8	#L 0 1
296078017	ID:11	#L 3 0
296078701	ID:11	#L 12 1
304311937	ID:15	#L 11 0
304312508	ID:15	#L 6 1
309166739	ID:5	#L 0 1
311234937	ID:15	#L 6 0
311235621	ID:15	#L 12 1
311796564	ID:11	#L 12 0
311797135	ID:11	#L 6 1
313666384	ID:5	#L 0 1
321796599	ID:11	#L 6 0
321797170	ID:11	#L 8 1
322247549	ID:2	#L 0 1
322291382	ID:5	#L 0 1
322340535	ID:13	#L 0 1
322365891	ID:3	#L 0 1
324870892	ID:6	#L 11 0
325036076	ID:6	#L 8 1
326241743	ID:3	#L 0 1
326245896	ID:2	#L 0 1
326292180	ID:5	#L 0 1
331838385	ID:13	#L 0 1
331867113	ID:3	#L 0 1
331870820	ID:2	#L 0 1
331913679	ID:6	#L 8 0
331914367	ID:6	#L 13 1
331917338	ID:5	#L 0 1
335207491	ID:11	#L 8 0
335208062	ID:11	#L 3 1
337888437	ID:6	#L 13 0
337889008	ID:6	#L 0 1
344043223	ID:5	#L 0 1
344089796	ID:13	#L 0 1
354963140	ID:13	#L 0 1
354992729	ID:3	#L 0 1
354995546	ID:2	#L 0 1
355042064	ID:8	#L 0 1
355059722	ID:4	#L 0 1
357291881	ID:8	#L 0 1
357309925	ID:4	#L 0 1
357338609	ID:13	#L 0 1
357365521	ID:3	#L 0 1
365082194	ID:11	#L 3 0
365082806	ID:11	#L 4 1
365092207	ID:11	#L 4 1
366491628	ID:3	#L 0 1
366541060	ID:8	#L 0 1
366558969	ID:4	#L 0 1
370042453	ID:4	#L 11 1;blue
370458321	ID:11	#L 4 1
370611148	ID:0	#L 4 1;blue
370791997	ID:8	#L 0 1
370822454	ID:4	#L 0 1
375208110	ID:11	#L 4 1
376059347	ID:4	#L 0 1
376167011	ID:8	#L 0 1
378333747	ID:11	#L 4 1
380415139	ID:8	#L 0 1
384043520	ID:8	#L 0 1
384057300	ID:4	#L 0 1
389916850	ID:8	#L 0 1
389934038	ID:4	#L 0 1
392164888	ID:8	#L 0 1
397214958	ID:13	#L 0 1
401178384	ID:10	#L 0 1
401214782	ID:13	#L 0 1
407894040	ID:15	#L 12 1
411425493	ID:10	#L 0 1
411467491	ID:13	#L 0 1
413114261	ID:12	#L 15 1;blue
413394909	ID:15	#L 12 1
452679576	ID:7	#L 0 1
467707144	ID:11	#L 4 1
474330021	ID:14	#L 13 1
480332459	ID:14	#L 13 1
484021692	ID:15	#L 12 0
484022375	ID:15	#L 10 1
484450966	ID:14	#L 13 1
487883738	ID:6	#L 0 0
487884310	ID:6	#L 7 1
491266280	ID:14	#L 13 0
491266890	ID:14	#L 8 1
491537276	ID:7	#L 6 1;blue
492236616	ID:15	#L 10 0
492237188	ID:15	#L 4 1
492266403	ID:9	#L 7 1
498235461	ID:15	#L 4 0
498236145	ID:15	#L 12 1
502198047	ID:14	#L 8 0
502198618	ID:14	#L 2 1
504145049	ID:15	#L 12 0
504145649	ID:15	#L 1 1
506102493	ID:2	#L 14 1;blue
506234389	ID:0	#L 2 1;blue
506335764	ID:14	#L 2 1
510218393	ID:14	#L 2 1
513237006	ID:15	#L 1 0
513237577	ID:15	#L 2 1
516023728	ID:15	#L 2 1
517604506	ID:2	#L 15 1;blue
518095540	ID:12	#L 10 0
518096227	ID:12	#L 13 1
518116687	ID:3	#L 0 1
518130739	ID:2	#L 0 1
518176545	ID:10	#L 0 1
524051804	ID:10	#L 0 1
525096392	ID:12	#L 13 0
525096967	ID:12	#L 7 1
527493444	ID:3	#L 0 1
527496350	ID:2	#L 0 1
532098102	ID:12	#L 7 0
532098677	ID:12	#L 4 1
537096053	ID:12	#L 4 0
537096628	ID:12	#L 2 1
538241962	ID:3	#L 0 1
545214275	ID:12	#L 2 0
545214963	ID:12	#L 10 1
546989921	ID:3	#L 0 1
550341908	ID:13	#L 0 1
550394295	ID:12	#L 10 0
550394870	ID:12	#L 0 1
550403137	ID:12	#L 0 1
550419602	ID:8	#L 0 1
553890604	ID:9	#L 7 0
553891308	ID:9	#L 12 1
553901616	ID:9	#L 12 1
555136339	ID:12	#L 0 1
555168332	ID:8	#L 0 1
555225578	ID:13	#L 0 1
557238702	ID:0	#L 12 1;blue
558985807	ID:12	#L 9 1;blue
559113033	ID:0	#L 12 1;blue
559890592	ID:9	#L 12 1
561294312	ID:8	#L 0 1
561342496	ID:13	#L 0 1
561384472	ID:12	#L 0 1
565044128	ID:8	#L 0 1
565092222	ID:13	#L 0 1
565134278	ID:12	#L 0 1
569008854	ID:12	#L 0 1
569040556	ID:8	#L 0 1
569092864	ID:13	#L 0 1
574312058	ID:4	#L 0 1
574341315	ID:13	#L 0 1
574382929	ID:12	#L 0 1
574419098	ID:8	#L 0 1
576015596	ID:9	#L 12 1
576857938	ID:11	#L 4 1
579145148	ID:12	#L 0 1
579187822	ID:4	#L 0 1
579217230	ID:13	#L 0 1
581150916	ID:9	#L 12 1
581330019	ID:11	#L 4 1
584796690	ID:11	#L 4 0
584797260	ID:11	#L 0 1
593305141	ID:7	#L 0 1
593310805	ID:4	#L 0 1
594397959	ID:15	#L 2 1
597301595	ID:15	#L 2 1
602398936	ID:15	#L 2 1
606896320	ID:15	#L 2 0
606897003	ID:15	#L 12 1
611217709	ID:13	#L 0 1
611241891	ID:3	#L 0 1
611292454	ID:5	#L 0 1
611309522	ID:4	#L 0 1
616779471	ID:4	#L 0 0
616780159	ID:4	#L 13 1
620169384	ID:5	#L 0 1
620178592	ID:10	#L 0 1
620216508	ID:13	#L 0 1
620241679	ID:3	#L 0 1
622809253	ID:4	#L 13 0
622809828	ID:4	#L 8 1
623665810	ID:5	#L 0 1
623678232	ID:10	#L 0 1
623741400	ID:3	#L 0 1
625147924	ID:8	#L 4 1;blue
628241348	ID:3	#L 0 1
628292939	ID:5	#L 0 1
628304019	ID:10	#L 0 1
628936715	ID:4	#L 8 1
631365554	ID:3	#L 0 1
631383191	ID:12	#L 0 1
631415821	ID:5	#L 0 1
634016820	ID:9	#L 12 1
634018387	ID:15	#L 12 0
634018958	ID:15	#L 3 1
635188999	ID:7	#L 0 0
635189579	ID:7	#L 1 1
635490630	ID:3	#L 0 1
635506970	ID:12	#L 0 1
635541060	ID:5	#L 0 1
635554078	ID:10	#L 0 1
638722712	ID:3	#L 15 1;blue
639015535	ID:9	#L 12 1
639615635	ID:3	#L 0 1
639632603	ID:12	#L 0 1
639665729	ID:5	#L 0 1
639678823	ID:10	#L 0 1
642106512	ID:0	#L 3 1;blue
643107622	ID:9	#L 12 0
643108251	ID:9	#L 5 1
645010988	ID:12	#L 0 1
646055359	ID:7	#L 1 0
646055939	ID:7	#L 5 1
646145649	ID:15	#L 3 1
648022086	ID:5	#L 9 1;blue
649397442	ID:5	#L 7 1;blue
650241570	ID:3	#L 0 1
650261168	ID:12	#L 0 1
650520986	ID:15	#L 3 1
652136545	ID:12	#L 0 1
654396252	ID:15	#L 3 1
662993251	ID:3	#L 0 1
663010401	ID:12	#L 0 1
664268706	ID:7	#L 5 0
664269286	ID:7	#L 0 1
666917934	ID:6	#L 7 0
666918617	ID:6	#L 10 1
677089613	ID:2	#L 0 0
677090312	ID:2	#L 13 1
678882336	ID:6	#L 10 0
678882907	ID:6	#L 0 1
684109085	ID:0	#L 6 1;blue
701088587	ID:2	#L 13 0
701089174	ID:2	#L 3 1
709018223	ID:15	#L 3 0
709018794	ID:15	#L 2 1
710854076	ID:1	#L 2 0
712118573	ID:2	#L 3 0
712119272	ID:2	#L 12 1
716091095	ID:2	#L 12 0
716091682	ID:2	#L 6 1
716236105	ID:15	#L 2 0
716236788	ID:15	#L 12 1
721283164	ID:1	#L 0 1
724091951	ID:2	#L 6 0
724092538	ID:2	#L 9 1
726917343	ID:8	#L 0 1
726917611	ID:5	#L 0 1
726955714	ID:11	#L 0 1
727001839	ID:2	#L 9 0
727002426	ID:2	#L 0 1
727009482	ID:12	#L 0 1
727011270	ID:2	#L 0 1
732532537	ID:1	#L 0 0
732533117	ID:1	#L 7 1
733123591	ID:2	#L 0 1
733136589	ID:12	#L 0 1
733168187	ID:8	#L 0 1
733168994	ID:5	#L 0 1
733207957	ID:11	#L 0 1
733647454	ID:15	#L 12 0
733648025	ID:15	#L 2 1
733658613	ID:15	#L 2 1
733671096	ID:5	#L 0 0
733671683	ID:5	#L 2 1
733679464	ID:5	#L 2 1
736487717	ID:0	#L 11 1;blue
737246423	ID:2	#L 0 1
737269301	ID:12	#L 0 1
737292986	ID:8	#L 0 1
738505973	ID:1	#L 7 0
738506665	ID:1	#L 12 1
738771577	ID:15	#L 2 1
738794698	ID:5	#L 2 1
739851385	ID:2	#L 5 1;blue
740108053	ID:0	#L 2 1;blue
740355182	ID:0	#L 2 1;blue
742522715	ID:1	#L 12 0
742523294	ID:1	#L 3 1
743523797	ID:15	#L 2 1
743542957	ID:5	#L 2 1
743546658	ID:8	#L 0 0
743547238	ID:8	#L 2 1
743556493	ID:8	#L 2 1
743556553	ID:1	#L 3 0
743557133	ID:1	#L 2 1
743568033	ID:1	#L 2 1
747355591	ID:0	#L 2 1;blue
747414703	ID:1	#L 2 1
747421046	ID:8	#L 2 1
747873294	ID:2	#L 0 1
747883672	ID:12	#L 0 1
749854200	ID:2	#L 8 1;blue
752483279	ID:0	#L 2 1;blue
755260786	ID:5	#L 2 0
755261373	ID:5	#L 0 1
762144042	ID:15	#L 2 1
762169430	ID:8	#L 2 1
763240983	ID:3	#L 0 1
763247562	ID:2	#L 0 1
763257994	ID:12	#L 0 1
763293711	ID:1	#L 2 0
763294291	ID:1	#L 0 1
763304016	ID:1	#L 0 1
769994957	ID:0	#L 3 1;blue
771366506	ID:3	#L 0 1
771371997	ID:2	#L 0 1
771411455	ID:1	#L 0 1
774106031	ID:0	#L 1 1;blue
774811027	ID:7	#L 0 0
774811607	ID:7	#L 1 1
774820265	ID:7	#L 1 1
774868907	ID:3	#L 0 0
774869483	ID:3	#L 1 1
774878238	ID:3	#L 1 1
776894445	ID:1	#L 3 1;blue
776979369	ID:0	#L 1 1;blue
777139808	ID:9	#L 5 1
777296276	ID:5	#L 0 0
777296864	ID:5	#L 2 1
777305126	ID:5	#L 2 1
778668730	ID:6	#L 0 0
778669302	ID:6	#L 7 1
778679888	ID:6	#L 7 1
778689887	ID:4	#L 8 0
778690506	ID:4	#L 7 1
778700278	ID:4	#L 7 1
781014914	ID:9	#L 5 1
781037118	ID:7	#L 4 1;blue
781146002	ID:1	#L 7 1;blue
781230810	ID:0	#L 1 1;blue
785956756	ID:11	#L 0 1
786006258	ID:12	#L 0 1
786226413	ID:2	#L 5 1;blue
786793008	ID:6	#L 7 1
786814955	ID:4	#L 7 1
787015573	ID:9	#L 5 1
790133729	ID:12	#L 0 1
790148393	ID:15	#L 2 0
790148963	ID:15	#L 0 1
790160004	ID:15	#L 0 1
793265864	ID:9	#L 5 1
795483770	ID:0	#L 15 1;blue
798265455	ID:9	#L 5 1
799379600	ID:2	#L 0 0
799380199	ID:2	#L 9 1
799388906	ID:2	#L 9 1
801314798	ID:4	#L 7 0
801315412	ID:4	#L 8 1
803510667	ID:12	#L 0 1
803519299	ID:15	#L 0 1
803556263	ID:10	#L 0 1
803582887	ID:11	#L 0 1
808678167	ID:10	#L 0 1
808708910	ID:11	#L 0 1
812001068	ID:2	#L 9 0
812001779	ID:2	#L 15 1
812011251	ID:2	#L 15 1
812015442	ID:9	#L 5 0
812016145	ID:9	#L 15 1
812026643	ID:9	#L 15 1
813779025	ID:4	#L 8 0
813779600	ID:4	#L 0 1
817938150	ID:4	#L 0 1
818088638	ID:13	#L 0 0
818089217	ID:13	#L 1 1
818099397	ID:13	#L 1 1
820105952	ID:9	#L 15 0
820106543	ID:9	#L 5 1
822010265	ID:12	#L 0 1
822089712	ID:2	#L 15 0
822090311	ID:2	#L 0 1
831187458	ID:4	#L 0 1
831223256	ID:13	#L 1 0
831223835	ID:13	#L 0 1
831232961	ID:13	#L 0 1
831261151	ID:12	#L 0 1
834108551	ID:0	#L 4 1;blue
834397053	ID:9	#L 5 0
834397644	ID:9	#L 4 1
834408279	ID:9	#L 4 1
834504497	ID:1	#L 0 0
834505084	ID:1	#L 2 1
835332298	ID:14	#L 2 0
835332982	ID:14	#L 13 1
835343032	ID:14	#L 13 1
836342424	ID:13	#L 0 1
837289485	ID:4	#L 9 1;blue
839333860	ID:14	#L 13 1
839510454	ID:12	#L 0 1
839517893	ID:15	#L 0 1
839590766	ID:13	#L 0 1
843011284	ID:12	#L 0 1
843013932	ID:15	#L 0 1
843457143	ID:14	#L 13 1
847637275	ID:9	#L 4 1
848883941	ID:12	#L 0 1
848891552	ID:15	#L 0 1
851176234	ID:14	#L 13 0
851176806	ID:14	#L 2 1
851716837	ID:13	#L 0 1
852244954	ID:3	#L 1 0
852245642	ID:3	#L 15 1
852256753	ID:3	#L 15 1
855556114	ID:7	#L 1 0
855556697	ID:7	#L 0 1
856246566	ID:15	#L 3 1;blue
856858866	ID:0	#L 15 1;blue
857054442	ID:10	#L 0 1
857089473	ID:13	#L 0 1
857134752	ID:12	#L 0 1
857142522	ID:15	#L 0 1
858176474	ID:14	#L 2 0
858177158	ID:14	#L 12 1
859319837	ID:4	#L 0 0
859320417	ID:4	#L 8 1
859329756	ID:4	#L 8 1
861130163	ID:2	#L 0 0
861130874	ID:2	#L 13 1
861139693	ID:2	#L 13 1
861429858	ID:10	#L 0 1
861465870	ID:13	#L 0 1
861510305	ID:12	#L 0 1
861517864	ID:15	#L 0 1
861822240	ID:4	#L 8 1
865178347	ID:14	#L 12 0
865179030	ID:14	#L 13 1
865541013	ID:14	#L 13 0
866263520	ID:14	#L 2 1
867099158	ID:12	#L 0 0
867099845	ID:12	#L 15 1
867795822	ID:8	#L 2 1
867819136	ID:13	#L 2 1;blue
868478951	ID:2	#L 8 1;blue
869319084	ID:13	#L 2 1;blue
871495033	ID:15	#L 12 1;blue
873170292	ID:8	#L 2 1
875692572	ID:10	#L 0 1
877511409	ID:15	#L 0 1
878175725	ID:14	#L 2 0
878176409	ID:14	#L 11 1
879928545	ID:10	#L 0 1
880016441	ID:15	#L 0 1
880496771	ID:3	#L 15 0
882044710	ID:8	#L 2 1
885016363	ID:15	#L 0 1
885054013	ID:10	#L 0 1
885884027	ID:8	#L 2 0
885884719	ID:8	#L 10 1
888115001	ID:3	#L 0 1
892885578	ID:8	#L 10 0
892886157	ID:8	#L 0 1
899291753	ID:14	#L 11 0
899292437	ID:14	#L 15 1
