AVG ON 0 us 0.00 %
AVG TX 0 us 0.00 %
AVG RX 0 us 0.00 %
AVG INT 0 us 0.00 %
Z1_1 MONITORED 0 us
Z1_1 ON 0 us NaN %
Z1_1 TX 0 us NaN %
Z1_1 RX 0 us NaN %
Z1_1 INT 0 us NaN %
Z1_2 MONITORED 0 us
Z1_2 ON 0 us NaN %
Z1_2 TX 0 us NaN %
Z1_2 RX 0 us NaN %
Z1_2 INT 0 us NaN %
Z1_3 MONITORED 0 us
Z1_3 ON 0 us NaN %
Z1_3 TX 0 us NaN %
Z1_3 RX 0 us NaN %
Z1_3 INT 0 us NaN %
Z1_4 MONITORED 0 us
Z1_4 ON 0 us NaN %
Z1_4 TX 0 us NaN %
Z1_4 RX 0 us NaN %
Z1_4 INT 0 us NaN %
Z1_5 MONITORED 0 us
Z1_5 ON 0 us NaN %
Z1_5 TX 0 us NaN %
Z1_5 RX 0 us NaN %
Z1_5 INT 0 us NaN %
Z1_6 MONITORED 0 us
Z1_6 ON 0 us NaN %
Z1_6 TX 0 us NaN %
Z1_6 RX 0 us NaN %
Z1_6 INT 0 us NaN %
Z1_7 MONITORED 0 us
Z1_7 ON 0 us NaN %
Z1_7 TX 0 us NaN %
Z1_7 RX 0 us NaN %
Z1_7 INT 0 us NaN %
Z1_8 MONITORED 0 us
Z1_8 ON 0 us NaN %
Z1_8 TX 0 us NaN %
Z1_8 RX 0 us NaN %
Z1_8 INT 0 us NaN %
Z1_9 MONITORED 0 us
Z1_9 ON 0 us NaN %
Z1_9 TX 0 us NaN %
Z1_9 RX 0 us NaN %
Z1_9 INT 0 us NaN %
Z1_10 MONITORED 0 us
Z1_10 ON 0 us NaN %
Z1_10 TX 0 us NaN %
Z1_10 RX 0 us NaN %
Z1_10 INT 0 us NaN %
Z1_11 MONITORED 0 us
Z1_11 ON 0 us NaN %
Z1_11 TX 0 us NaN %
Z1_11 RX 0 us NaN %
Z1_11 INT 0 us NaN %
Z1_12 MONITORED 0 us
Z1_12 ON 0 us NaN %
Z1_12 TX 0 us NaN %
Z1_12 RX 0 us NaN %
Z1_12 INT 0 us NaN %
Z1_13 MONITORED 0 us
Z1_13 ON 0 us NaN %
Z1_13 TX 0 us NaN %
Z1_13 RX 0 us NaN %
Z1_13 INT 0 us NaN %
Z1_14 MONITORED 0 us
Z1_14 ON 0 us NaN %
Z1_14 TX 0 us NaN %
Z1_14 RX 0 us NaN %
Z1_14 INT 0 us NaN %
Z1_15 MONITORED 0 us
Z1_15 ON 0 us NaN %
Z1_15 TX 0 us NaN %
Z1_15 RX 0 us NaN %
Z1_15 INT 0 us NaN %
Z1_16 MONITORED 0 us
Z1_16 ON 0 us NaN %
Z1_16 TX 0 us NaN %
Z1_16 RX 0 us NaN %
Z1_16 INT 0 us NaN %
Z1_17 MONITORED 0 us
Z1_17 ON 0 us NaN %
Z1_17 TX 0 us NaN %
Z1_17 RX 0 us NaN %
Z1_17 INT 0 us NaN %
Z1_18 MONITORED 0 us
Z1_18 ON 0 us NaN %
Z1_18 TX 0 us NaN %
Z1_18 RX 0 us NaN %
Z1_18 INT 0 us NaN %
Z1_19 MONITORED 0 us
Z1_19 ON 0 us NaN %
Z1_19 TX 0 us NaN %
Z1_19 RX 0 us NaN %
Z1_19 INT 0 us NaN %
Z1_20 MONITORED 0 us
Z1_20 ON 0 us NaN %
Z1_20 TX 0 us NaN %
Z1_20 RX 0 us NaN %
Z1_20 INT 0 us NaN %
Z1_21 MONITORED 0 us
Z1_21 ON 0 us NaN %
Z1_21 TX 0 us NaN %
Z1_21 RX 0 us NaN %
Z1_21 INT 0 us NaN %
Z1_22 MONITORED 0 us
Z1_22 ON 0 us NaN %
Z1_22 TX 0 us NaN %
Z1_22 RX 0 us NaN %
Z1_22 INT 0 us NaN %
Z1_23 MONITORED 0 us
Z1_23 ON 0 us NaN %
Z1_23 TX 0 us NaN %
Z1_23 RX 0 us NaN %
Z1_23 INT 0 us NaN %
Z1_24 MONITORED 0 us
Z1_24 ON 0 us NaN %
Z1_24 TX 0 us NaN %
Z1_24 RX 0 us NaN %
Z1_24 INT 0 us NaN %
Z1_25 MONITORED 0 us
Z1_25 ON 0 us NaN %
Z1_25 TX 0 us NaN %
Z1_25 RX 0 us NaN %
Z1_25 INT 0 us NaN %
Z1_26 MONITORED 0 us
Z1_26 ON 0 us NaN %
Z1_26 TX 0 us NaN %
Z1_26 RX 0 us NaN %
Z1_26 INT 0 us NaN %
Z1_27 MONITORED 881285 us
Z1_27 ON 0 us 0.00 %
Z1_27 TX 0 us 0.00 %
Z1_27 RX 0 us 0.00 %
Z1_27 INT 0 us 0.00 %
Z1_28 MONITORED 0 us
Z1_28 ON 0 us NaN %
Z1_28 TX 0 us NaN %
Z1_28 RX 0 us NaN %
Z1_28 INT 0 us NaN %
Z1_29 MONITORED 0 us
Z1_29 ON 0 us NaN %
Z1_29 TX 0 us NaN %
Z1_29 RX 0 us NaN %
Z1_29 INT 0 us NaN %
Z1_30 MONITORED 0 us
Z1_30 ON 0 us NaN %
Z1_30 TX 0 us NaN %
Z1_30 RX 0 us NaN %
Z1_30 INT 0 us NaN %
Z1_31 MONITORED 0 us
Z1_31 ON 0 us NaN %
Z1_31 TX 0 us NaN %
Z1_31 RX 0 us NaN %
Z1_31 INT 0 us NaN %
Z1_32 MONITORED 0 us
Z1_32 ON 0 us NaN %
Z1_32 TX 0 us NaN %
Z1_32 RX 0 us NaN %
Z1_32 INT 0 us NaN %
Z1_33 MONITORED 0 us
Z1_33 ON 0 us NaN %
Z1_33 TX 0 us NaN %
Z1_33 RX 0 us NaN %
Z1_33 INT 0 us NaN %
Z1_34 MONITORED 0 us
Z1_34 ON 0 us NaN %
Z1_34 TX 0 us NaN %
Z1_34 RX 0 us NaN %
Z1_34 INT 0 us NaN %
Z1_35 MONITORED 0 us
Z1_35 ON 0 us NaN %
Z1_35 TX 0 us NaN %
Z1_35 RX 0 us NaN %
Z1_35 INT 0 us NaN %
Z1_36 MONITORED 0 us
Z1_36 ON 0 us NaN %
Z1_36 TX 0 us NaN %
Z1_36 RX 0 us NaN %
Z1_36 INT 0 us NaN %
AVG ON 156877289 us 14.40 %
AVG TX 12899317 us 1.18 %
AVG RX 75177336 us 6.90 %
AVG INT 8171507 us 0.75 %
Z1_1 MONITORED 30251604 us
Z1_1 ON 28761891 us 95.08 %
Z1_1 TX 219118 us 0.72 %
Z1_1 RX 12294543 us 40.64 %
Z1_1 INT 195719 us 0.65 %
Z1_2 MONITORED 30251604 us
Z1_2 ON 1532989 us 5.07 %
Z1_2 TX 398253 us 1.32 %
Z1_2 RX 488978 us 1.62 %
Z1_2 INT 220310 us 0.73 %
Z1_3 MONITORED 30251604 us
Z1_3 ON 1595549 us 5.27 %
Z1_3 TX 241754 us 0.80 %
Z1_3 RX 653106 us 2.16 %
Z1_3 INT 267812 us 0.89 %
Z1_4 MONITORED 30251604 us
Z1_4 ON 1795051 us 5.93 %
Z1_4 TX 332695 us 1.10 %
Z1_4 RX 738908 us 2.44 %
Z1_4 INT 250634 us 0.83 %
Z1_5 MONITORED 30251604 us
Z1_5 ON 1578135 us 5.22 %
Z1_5 TX 509632 us 1.68 %
Z1_5 RX 405643 us 1.34 %
Z1_5 INT 190193 us 0.63 %
Z1_6 MONITORED 30251604 us
Z1_6 ON 2087757 us 6.90 %
Z1_6 TX 255284 us 0.84 %
Z1_6 RX 813942 us 2.69 %
Z1_6 INT 271331 us 0.90 %
Z1_7 MONITORED 30251604 us
Z1_7 ON 1448485 us 4.79 %
Z1_7 TX 240419 us 0.79 %
Z1_7 RX 510347 us 1.69 %
Z1_7 INT 202959 us 0.67 %
Z1_8 MONITORED 30251604 us
Z1_8 ON 1875615 us 6.20 %
Z1_8 TX 481515 us 1.59 %
Z1_8 RX 644805 us 2.13 %
Z1_8 INT 251776 us 0.83 %
Z1_9 MONITORED 30251604 us
Z1_9 ON 1698208 us 5.61 %
Z1_9 TX 367511 us 1.21 %
Z1_9 RX 644563 us 2.13 %
Z1_9 INT 214931 us 0.71 %
Z1_10 MONITORED 30251604 us
Z1_10 ON 1684941 us 5.57 %
Z1_10 TX 452946 us 1.50 %
Z1_10 RX 535188 us 1.77 %
Z1_10 INT 222110 us 0.73 %
Z1_11 MONITORED 30251604 us
Z1_11 ON 1957684 us 6.47 %
Z1_11 TX 553512 us 1.83 %
Z1_11 RX 679475 us 2.25 %
Z1_11 INT 231751 us 0.77 %
Z1_12 MONITORED 30251667 us
Z1_12 ON 1624637 us 5.37 %
Z1_12 TX 397189 us 1.31 %
Z1_12 RX 520226 us 1.72 %
Z1_12 INT 207384 us 0.69 %
Z1_13 MONITORED 30251604 us
Z1_13 ON 1422208 us 4.70 %
Z1_13 TX 363736 us 1.20 %
Z1_13 RX 453782 us 1.50 %
Z1_13 INT 182354 us 0.60 %
Z1_14 MONITORED 30251604 us
Z1_14 ON 1618399 us 5.35 %
Z1_14 TX 468097 us 1.55 %
Z1_14 RX 493729 us 1.63 %
Z1_14 INT 246543 us 0.81 %
Z1_15 MONITORED 30251604 us
Z1_15 ON 1719778 us 5.68 %
Z1_15 TX 551023 us 1.82 %
Z1_15 RX 466671 us 1.54 %
Z1_15 INT 200170 us 0.66 %
Z1_16 MONITORED 30251604 us
Z1_16 ON 1477069 us 4.88 %
Z1_16 TX 366969 us 1.21 %
Z1_16 RX 466187 us 1.54 %
Z1_16 INT 190541 us 0.63 %
Z1_17 MONITORED 30251604 us
Z1_17 ON 1490433 us 4.93 %
Z1_17 TX 353725 us 1.17 %
Z1_17 RX 457337 us 1.51 %
Z1_17 INT 216062 us 0.71 %
Z1_18 MONITORED 30251604 us
Z1_18 ON 2032357 us 6.72 %
Z1_18 TX 578888 us 1.91 %
Z1_18 RX 688596 us 2.28 %
Z1_18 INT 256755 us 0.85 %
Z1_19 MONITORED 30251604 us
Z1_19 ON 1728133 us 5.71 %
Z1_19 TX 387202 us 1.28 %
Z1_19 RX 582953 us 1.93 %
Z1_19 INT 261014 us 0.86 %
Z1_20 MONITORED 30251604 us
Z1_20 ON 1632732 us 5.40 %
Z1_20 TX 449255 us 1.49 %
Z1_20 RX 496808 us 1.64 %
Z1_20 INT 194932 us 0.64 %
Z1_21 MONITORED 30251604 us
Z1_21 ON 1554050 us 5.14 %
Z1_21 TX 525112 us 1.74 %
Z1_21 RX 409097 us 1.35 %
Z1_21 INT 182058 us 0.60 %
Z1_22 MONITORED 30251604 us
Z1_22 ON 1899445 us 6.28 %
Z1_22 TX 390981 us 1.29 %
Z1_22 RX 764338 us 2.53 %
Z1_22 INT 266465 us 0.88 %
Z1_23 MONITORED 30251604 us
Z1_23 ON 1623214 us 5.37 %
Z1_23 TX 288511 us 0.95 %
Z1_23 RX 610361 us 2.02 %
Z1_23 INT 251088 us 0.83 %
Z1_24 MONITORED 30251604 us
Z1_24 ON 1921583 us 6.35 %
Z1_24 TX 555559 us 1.84 %
Z1_24 RX 635642 us 2.10 %
Z1_24 INT 227177 us 0.75 %
Z1_25 MONITORED 30251604 us
Z1_25 ON 1684970 us 5.57 %
Z1_25 TX 432274 us 1.43 %
Z1_25 RX 618572 us 2.04 %
Z1_25 INT 174552 us 0.58 %
Z1_26 MONITORED 30251604 us
Z1_26 ON 1960875 us 6.48 %
Z1_26 TX 567303 us 1.88 %
Z1_26 RX 607768 us 2.01 %
Z1_26 INT 261542 us 0.86 %
Z1_27 MONITORED 30251604 us
Z1_27 ON 1557225 us 5.15 %
Z1_27 TX 348267 us 1.15 %
Z1_27 RX 521057 us 1.72 %
Z1_27 INT 202552 us 0.67 %
Z1_28 MONITORED 30251604 us
Z1_28 ON 1663277 us 5.50 %
Z1_28 TX 504150 us 1.67 %
Z1_28 RX 487937 us 1.61 %
Z1_28 INT 207230 us 0.69 %
Z1_29 MONITORED 30251604 us
Z1_29 ON 1860910 us 6.15 %
Z1_29 TX 473144 us 1.56 %
Z1_29 RX 667760 us 2.21 %
Z1_29 INT 257759 us 0.85 %
Z1_30 MONITORED 30251604 us
Z1_30 ON 1682332 us 5.56 %
Z1_30 TX 459098 us 1.52 %
Z1_30 RX 558272 us 1.85 %
Z1_30 INT 233568 us 0.77 %
Z1_31 MONITORED 30251604 us
Z1_31 ON 1313987 us 4.34 %
Z1_31 TX 386195 us 1.28 %
Z1_31 RX 377322 us 1.25 %
Z1_31 INT 135403 us 0.45 %
Z1_32 MONITORED 30251604 us
Z1_32 ON 14556438 us 48.12 %
Z1_32 TX 0 us 0.00 %
Z1_32 RX 8554435 us 28.28 %
Z1_32 INT 304680 us 1.01 %
Z1_33 MONITORED 30251604 us
Z1_33 ON 14928281 us 49.35 %
Z1_33 TX 0 us 0.00 %
Z1_33 RX 8947867 us 29.58 %
Z1_33 INT 214984 us 0.71 %
Z1_34 MONITORED 30251604 us
Z1_34 ON 15302036 us 50.58 %
Z1_34 TX 0 us 0.00 %
Z1_34 RX 9149690 us 30.25 %
Z1_34 INT 210050 us 0.69 %
Z1_35 MONITORED 30251604 us
Z1_35 ON 15432801 us 51.01 %
Z1_35 TX 0 us 0.00 %
Z1_35 RX 9152672 us 30.26 %
Z1_35 INT 285096 us 0.94 %
Z1_36 MONITORED 30251604 us
Z1_36 ON 17173814 us 56.77 %
Z1_36 TX 0 us 0.00 %
Z1_36 RX 10078759 us 33.32 %
Z1_36 INT 282022 us 0.93 %
AVG ON 178187933 us 13.54 %
AVG TX 16166835 us 1.23 %
AVG RX 83918943 us 6.38 %
AVG INT 10191047 us 0.77 %
Z1_1 MONITORED 36563726 us
Z1_1 ON 35074013 us 95.93 %
Z1_1 TX 220398 us 0.60 %
Z1_1 RX 15560844 us 42.56 %
Z1_1 INT 195719 us 0.54 %
Z1_2 MONITORED 36563726 us
Z1_2 ON 2009169 us 5.49 %
Z1_2 TX 568047 us 1.55 %
Z1_2 RX 619923 us 1.70 %
Z1_2 INT 266485 us 0.73 %
Z1_3 MONITORED 36563726 us
Z1_3 ON 2237715 us 6.12 %
Z1_3 TX 422209 us 1.15 %
Z1_3 RX 845582 us 2.31 %
Z1_3 INT 335527 us 0.92 %
Z1_4 MONITORED 36563726 us
Z1_4 ON 2217546 us 6.06 %
Z1_4 TX 332695 us 0.91 %
Z1_4 RX 964810 us 2.64 %
Z1_4 INT 326115 us 0.89 %
Z1_5 MONITORED 36563726 us
Z1_5 ON 2195337 us 6.00 %
Z1_5 TX 762441 us 2.09 %
Z1_5 RX 524836 us 1.44 %
Z1_5 INT 240320 us 0.66 %
Z1_6 MONITORED 36563726 us
Z1_6 ON 2677727 us 7.32 %
Z1_6 TX 374647 us 1.02 %
Z1_6 RX 1053207 us 2.88 %
Z1_6 INT 336340 us 0.92 %
Z1_7 MONITORED 36563726 us
Z1_7 ON 1899758 us 5.20 %
Z1_7 TX 338118 us 0.92 %
Z1_7 RX 631379 us 1.73 %
Z1_7 INT 251982 us 0.69 %
Z1_8 MONITORED 36563726 us
Z1_8 ON 2260668 us 6.18 %
Z1_8 TX 522513 us 1.43 %
Z1_8 RX 837233 us 2.29 %
Z1_8 INT 308576 us 0.84 %
Z1_9 MONITORED 36563726 us
Z1_9 ON 2172896 us 5.94 %
Z1_9 TX 554030 us 1.52 %
Z1_9 RX 777012 us 2.13 %
Z1_9 INT 260718 us 0.71 %
Z1_10 MONITORED 36563726 us
Z1_10 ON 2162252 us 5.91 %
Z1_10 TX 550652 us 1.51 %
Z1_10 RX 713877 us 1.95 %
Z1_10 INT 282918 us 0.77 %
Z1_11 MONITORED 36563726 us
Z1_11 ON 2316718 us 6.34 %
Z1_11 TX 636266 us 1.74 %
Z1_11 RX 810380 us 2.22 %
Z1_11 INT 288280 us 0.79 %
Z1_12 MONITORED 36563726 us
Z1_12 ON 2018494 us 5.52 %
Z1_12 TX 540422 us 1.48 %
Z1_12 RX 620328 us 1.70 %
Z1_12 INT 264056 us 0.72 %
Z1_13 MONITORED 36563726 us
Z1_13 ON 2088424 us 5.71 %
Z1_13 TX 629485 us 1.72 %
Z1_13 RX 579918 us 1.59 %
Z1_13 INT 228654 us 0.63 %
Z1_14 MONITORED 36563726 us
Z1_14 ON 1863517 us 5.10 %
Z1_14 TX 468097 us 1.28 %
Z1_14 RX 611276 us 1.67 %
Z1_14 INT 310135 us 0.85 %
Z1_15 MONITORED 36563726 us
Z1_15 ON 2087949 us 5.71 %
Z1_15 TX 551023 us 1.51 %
Z1_15 RX 602101 us 1.65 %
Z1_15 INT 250550 us 0.69 %
Z1_16 MONITORED 36563726 us
Z1_16 ON 1859179 us 5.08 %
Z1_16 TX 408346 us 1.12 %
Z1_16 RX 629669 us 1.72 %
Z1_16 INT 251059 us 0.69 %
Z1_17 MONITORED 36563726 us
Z1_17 ON 2022088 us 5.53 %
Z1_17 TX 609058 us 1.67 %
Z1_17 RX 557876 us 1.53 %
Z1_17 INT 266178 us 0.73 %
Z1_18 MONITORED 36563726 us
Z1_18 ON 2447734 us 6.69 %
Z1_18 TX 676592 us 1.85 %
Z1_18 RX 848021 us 2.32 %
Z1_18 INT 322251 us 0.88 %
Z1_19 MONITORED 36563726 us
Z1_19 ON 2121757 us 5.80 %
Z1_19 TX 387202 us 1.06 %
Z1_19 RX 803919 us 2.20 %
Z1_19 INT 330155 us 0.90 %
Z1_20 MONITORED 36563726 us
Z1_20 ON 2035081 us 5.57 %
Z1_20 TX 546954 us 1.50 %
Z1_20 RX 648789 us 1.77 %
Z1_20 INT 245826 us 0.67 %
Z1_21 MONITORED 36563726 us
Z1_21 ON 2063565 us 5.64 %
Z1_21 TX 712480 us 1.95 %
Z1_21 RX 560268 us 1.53 %
Z1_21 INT 227078 us 0.62 %
Z1_22 MONITORED 36563726 us
Z1_22 ON 2314847 us 6.33 %
Z1_22 TX 488683 us 1.34 %
Z1_22 RX 902167 us 2.47 %
Z1_22 INT 342405 us 0.94 %
Z1_23 MONITORED 36563726 us
Z1_23 ON 2188179 us 5.98 %
Z1_23 TX 481870 us 1.32 %
Z1_23 RX 786472 us 2.15 %
Z1_23 INT 316461 us 0.87 %
Z1_24 MONITORED 36563726 us
Z1_24 ON 2397631 us 6.56 %
Z1_24 TX 732566 us 2.00 %
Z1_24 RX 765253 us 2.09 %
Z1_24 INT 283844 us 0.78 %
Z1_25 MONITORED 36563726 us
Z1_25 ON 2035164 us 5.57 %
Z1_25 TX 521926 us 1.43 %
Z1_25 RX 724747 us 1.98 %
Z1_25 INT 236752 us 0.65 %
Z1_26 MONITORED 36563726 us
Z1_26 ON 2497271 us 6.83 %
Z1_26 TX 656955 us 1.80 %
Z1_26 RX 843745 us 2.31 %
Z1_26 INT 329791 us 0.90 %
Z1_27 MONITORED 36563726 us
Z1_27 ON 1788058 us 4.89 %
Z1_27 TX 348267 us 0.95 %
Z1_27 RX 626449 us 1.71 %
Z1_27 INT 261330 us 0.71 %
Z1_28 MONITORED 36563726 us
Z1_28 ON 1980587 us 5.42 %
Z1_28 TX 504150 us 1.38 %
Z1_28 RX 661373 us 1.81 %
Z1_28 INT 261661 us 0.72 %
Z1_29 MONITORED 36563726 us
Z1_29 ON 2320772 us 6.35 %
Z1_29 TX 570843 us 1.56 %
Z1_29 RX 840916 us 2.30 %
Z1_29 INT 328103 us 0.90 %
Z1_30 MONITORED 36563726 us
Z1_30 ON 2190580 us 5.99 %
Z1_30 TX 663705 us 1.82 %
Z1_30 RX 686819 us 1.88 %
Z1_30 INT 295664 us 0.81 %
Z1_31 MONITORED 36563726 us
Z1_31 ON 1501020 us 4.11 %
Z1_31 TX 386195 us 1.06 %
Z1_31 RX 453506 us 1.24 %
Z1_31 INT 169630 us 0.46 %
Z1_32 MONITORED 36563726 us
Z1_32 ON 14862279 us 40.65 %
Z1_32 TX 0 us 0.00 %
Z1_32 RX 8725518 us 23.86 %
Z1_32 INT 353096 us 0.97 %
Z1_33 MONITORED 36563726 us
Z1_33 ON 15239711 us 41.68 %
Z1_33 TX 0 us 0.00 %
Z1_33 RX 9115297 us 24.93 %
Z1_33 INT 272045 us 0.74 %
Z1_34 MONITORED 36563726 us
Z1_34 ON 15849566 us 43.35 %
Z1_34 TX 0 us 0.00 %
Z1_34 RX 9454964 us 25.86 %
Z1_34 INT 271605 us 0.74 %
Z1_35 MONITORED 36563726 us
Z1_35 ON 15770503 us 43.13 %
Z1_35 TX 0 us 0.00 %
Z1_35 RX 9331123 us 25.52 %
Z1_35 INT 338354 us 0.93 %
Z1_36 MONITORED 36563726 us
Z1_36 ON 17420178 us 47.64 %
Z1_36 TX 0 us 0.00 %
Z1_36 RX 10199346 us 27.89 %
Z1_36 INT 341384 us 0.93 %
AVG ON 217534622 us 11.03 %
AVG TX 20835100 us 1.06 %
AVG RX 95206828 us 4.83 %
AVG INT 13128829 us 0.67 %
Z1_1 MONITORED 54807645 us
Z1_1 ON 53317932 us 97.28 %
Z1_1 TX 221998 us 0.41 %
Z1_1 RX 20227509 us 36.91 %
Z1_1 INT 195719 us 0.36 %
Z1_2 MONITORED 54807645 us
Z1_2 ON 2523749 us 4.60 %
Z1_2 TX 643206 us 1.17 %
Z1_2 RX 800781 us 1.46 %
Z1_2 INT 353147 us 0.64 %
Z1_3 MONITORED 54807645 us
Z1_3 ON 2999093 us 5.47 %
Z1_3 TX 521285 us 0.95 %
Z1_3 RX 1167707 us 2.13 %
Z1_3 INT 447271 us 0.82 %
Z1_4 MONITORED 54807645 us
Z1_4 ON 3002451 us 5.48 %
Z1_4 TX 605520 us 1.10 %
Z1_4 RX 1146202 us 2.09 %
Z1_4 INT 439784 us 0.80 %
Z1_5 MONITORED 54807645 us
Z1_5 ON 2620655 us 4.78 %
Z1_5 TX 841747 us 1.54 %
Z1_5 RX 651595 us 1.19 %
Z1_5 INT 294799 us 0.54 %
Z1_6 MONITORED 54807645 us
Z1_6 ON 3465225 us 6.32 %
Z1_6 TX 404522 us 0.74 %
Z1_6 RX 1350806 us 2.46 %
Z1_6 INT 464957 us 0.85 %
Z1_7 MONITORED 54807645 us
Z1_7 ON 2489218 us 4.54 %
Z1_7 TX 533161 us 0.97 %
Z1_7 RX 758021 us 1.38 %
Z1_7 INT 325151 us 0.59 %
Z1_8 MONITORED 54807645 us
Z1_8 ON 2804183 us 5.12 %
Z1_8 TX 619062 us 1.13 %
Z1_8 RX 1020122 us 1.86 %
Z1_8 INT 405352 us 0.74 %
Z1_9 MONITORED 54807645 us
Z1_9 ON 2889772 us 5.27 %
Z1_9 TX 730978 us 1.33 %
Z1_9 RX 1026893 us 1.87 %
Z1_9 INT 341105 us 0.62 %
Z1_10 MONITORED 54807645 us
Z1_10 ON 2681045 us 4.89 %
Z1_10 TX 585135 us 1.07 %
Z1_10 RX 935771 us 1.71 %
Z1_10 INT 370075 us 0.68 %
Z1_11 MONITORED 54807645 us
Z1_11 ON 2764475 us 5.04 %
Z1_11 TX 636266 us 1.16 %
Z1_11 RX 1005799 us 1.84 %
Z1_11 INT 380701 us 0.69 %
Z1_12 MONITORED 54807645 us
Z1_12 ON 2476782 us 4.52 %
Z1_12 TX 540422 us 0.99 %
Z1_12 RX 814589 us 1.49 %
Z1_12 INT 340325 us 0.62 %
Z1_13 MONITORED 54807645 us
Z1_13 ON 2681922 us 4.89 %
Z1_13 TX 698060 us 1.27 %
Z1_13 RX 795391 us 1.45 %
Z1_13 INT 290154 us 0.53 %
Z1_14 MONITORED 54807645 us
Z1_14 ON 2438793 us 4.45 %
Z1_14 TX 568096 us 1.04 %
Z1_14 RX 821983 us 1.50 %
Z1_14 INT 394972 us 0.72 %
Z1_15 MONITORED 54807645 us
Z1_15 ON 2794049 us 5.10 %
Z1_15 TX 741823 us 1.35 %
Z1_15 RX 815626 us 1.49 %
Z1_15 INT 300563 us 0.55 %
Z1_16 MONITORED 54807645 us
Z1_16 ON 2546844 us 4.65 %
Z1_16 TX 672073 us 1.23 %
Z1_16 RX 785214 us 1.43 %
Z1_16 INT 297744 us 0.54 %
Z1_17 MONITORED 54807645 us
Z1_17 ON 2448925 us 4.47 %
Z1_17 TX 609058 us 1.11 %
Z1_17 RX 716369 us 1.31 %
Z1_17 INT 357019 us 0.65 %
Z1_18 MONITORED 54807645 us
Z1_18 ON 3111366 us 5.68 %
Z1_18 TX 769692 us 1.40 %
Z1_18 RX 1103107 us 2.01 %
Z1_18 INT 428506 us 0.78 %
Z1_19 MONITORED 54807645 us
Z1_19 ON 2737010 us 4.99 %
Z1_19 TX 557323 us 1.02 %
Z1_19 RX 966571 us 1.76 %
Z1_19 INT 431023 us 0.79 %
Z1_20 MONITORED 54807645 us
Z1_20 ON 2546192 us 4.65 %
Z1_20 TX 626255 us 1.14 %
Z1_20 RX 804388 us 1.47 %
Z1_20 INT 322187 us 0.59 %
Z1_21 MONITORED 54807645 us
Z1_21 ON 2453721 us 4.48 %
Z1_21 TX 760309 us 1.39 %
Z1_21 RX 688709 us 1.26 %
Z1_21 INT 280131 us 0.51 %
Z1_22 MONITORED 54808522 us
Z1_22 ON 2884859 us 5.26 %
Z1_22 TX 581782 us 1.06 %
Z1_22 RX 1107365 us 2.02 %
Z1_22 INT 433135 us 0.79 %
Z1_23 MONITORED 54807645 us
Z1_23 ON 2999958 us 5.47 %
Z1_23 TX 817431 us 1.49 %
Z1_23 RX 951798 us 1.74 %
Z1_23 INT 400911 us 0.73 %
Z1_24 MONITORED 54807645 us
Z1_24 ON 2846290 us 5.19 %
Z1_24 TX 732566 us 1.34 %
Z1_24 RX 964779 us 1.76 %
Z1_24 INT 374653 us 0.68 %
Z1_25 MONITORED 54808499 us
Z1_25 ON 2538709 us 4.63 %
Z1_25 TX 557752 us 1.02 %
Z1_25 RX 940283 us 1.72 %
Z1_25 INT 314820 us 0.57 %
Z1_26 MONITORED 54807645 us
Z1_26 ON 3093059 us 5.64 %
Z1_26 TX 656955 us 1.20 %
Z1_26 RX 1143466 us 2.09 %
Z1_26 INT 438926 us 0.80 %
Z1_27 MONITORED 54807645 us
Z1_27 ON 2359212 us 4.30 %
Z1_27 TX 478759 us 0.87 %
Z1_27 RX 796992 us 1.45 %
Z1_27 INT 346290 us 0.63 %
Z1_28 MONITORED 54807645 us
Z1_28 ON 2593184 us 4.73 %
Z1_28 TX 684609 us 1.25 %
Z1_28 RX 816600 us 1.49 %
Z1_28 INT 350599 us 0.64 %
Z1_29 MONITORED 54807645 us
Z1_29 ON 2895581 us 5.28 %
Z1_29 TX 660495 us 1.21 %
Z1_29 RX 1039126 us 1.90 %
Z1_29 INT 437883 us 0.80 %
Z1_30 MONITORED 54807645 us
Z1_30 ON 2621889 us 4.78 %
Z1_30 TX 663705 us 1.21 %
Z1_30 RX 877237 us 1.60 %
Z1_30 INT 385312 us 0.70 %
Z1_31 MONITORED 54807645 us
Z1_31 ON 2174554 us 3.97 %
Z1_31 TX 639865 us 1.17 %
Z1_31 RX 605057 us 1.10 %
Z1_31 INT 219301 us 0.40 %
Z1_32 MONITORED 54807645 us
Z1_32 ON 15564911 us 28.40 %
Z1_32 TX 295045 us 0.54 %
Z1_32 RX 8862345 us 16.17 %
Z1_32 INT 427622 us 0.78 %
Z1_33 MONITORED 54807645 us
Z1_33 ON 16066870 us 29.32 %
Z1_33 TX 393375 us 0.72 %
Z1_33 RX 9256972 us 16.89 %
Z1_33 INT 348255 us 0.64 %
Z1_34 MONITORED 54807645 us
Z1_34 ON 16680310 us 30.43 %
Z1_34 TX 393389 us 0.72 %
Z1_34 RX 9598440 us 17.51 %
Z1_34 INT 347542 us 0.63 %
Z1_35 MONITORED 54807645 us
Z1_35 ON 16591339 us 30.27 %
Z1_35 TX 393381 us 0.72 %
Z1_35 RX 9470712 us 17.28 %
Z1_35 INT 410281 us 0.75 %
Z1_36 MONITORED 54807645 us
Z1_36 ON 17830495 us 32.53 %
Z1_36 TX 0 us 0.00 %
Z1_36 RX 10372503 us 18.93 %
Z1_36 INT 432614 us 0.79 %
AVG ON 257367822 us 9.86 %
AVG TX 25087850 us 0.96 %
AVG RX 107575341 us 4.12 %
AVG INT 15706817 us 0.60 %
Z1_1 MONITORED 71767115 us
Z1_1 ON 70277402 us 97.92 %
Z1_1 TX 223599 us 0.31 %
Z1_1 RX 24478658 us 34.11 %
Z1_1 INT 195719 us 0.27 %
Z1_2 MONITORED 72516789 us
Z1_2 ON 3200570 us 4.41 %
Z1_2 TX 740908 us 1.02 %
Z1_2 RX 1027285 us 1.42 %
Z1_2 INT 438393 us 0.60 %
Z1_3 MONITORED 72462758 us
Z1_3 ON 3976584 us 5.49 %
Z1_3 TX 802306 us 1.11 %
Z1_3 RX 1483346 us 2.05 %
Z1_3 INT 517046 us 0.71 %
Z1_4 MONITORED 72456957 us
Z1_4 ON 3638743 us 5.02 %
Z1_4 TX 703216 us 0.97 %
Z1_4 RX 1365769 us 1.88 %
Z1_4 INT 534215 us 0.74 %
Z1_5 MONITORED 72491490 us
Z1_5 ON 3216631 us 4.44 %
Z1_5 TX 939451 us 1.30 %
Z1_5 RX 862831 us 1.19 %
Z1_5 INT 356712 us 0.49 %
Z1_6 MONITORED 72465680 us
Z1_6 ON 4176910 us 5.76 %
Z1_6 TX 518349 us 0.72 %
Z1_6 RX 1603878 us 2.21 %
Z1_6 INT 558746 us 0.77 %
Z1_7 MONITORED 72497665 us
Z1_7 ON 3115829 us 4.30 %
Z1_7 TX 630860 us 0.87 %
Z1_7 RX 996173 us 1.37 %
Z1_7 INT 400045 us 0.55 %
Z1_8 MONITORED 72444615 us
Z1_8 ON 3308967 us 4.57 %
Z1_8 TX 619062 us 0.85 %
Z1_8 RX 1226230 us 1.69 %
Z1_8 INT 469869 us 0.65 %
Z1_9 MONITORED 72538321 us
Z1_9 ON 3433130 us 4.73 %
Z1_9 TX 730978 us 1.01 %
Z1_9 RX 1291468 us 1.78 %
Z1_9 INT 423030 us 0.58 %
Z1_10 MONITORED 72518323 us
Z1_10 ON 3297224 us 4.55 %
Z1_10 TX 682832 us 0.94 %
Z1_10 RX 1181672 us 1.63 %
Z1_10 INT 430994 us 0.59 %
Z1_11 MONITORED 72532801 us
Z1_11 ON 3303710 us 4.55 %
Z1_11 TX 733972 us 1.01 %
Z1_11 RX 1191639 us 1.64 %
Z1_11 INT 449302 us 0.62 %
Z1_12 MONITORED 72507233 us
Z1_12 ON 3167840 us 4.37 %
Z1_12 TX 638122 us 0.88 %
Z1_12 RX 1099220 us 1.52 %
Z1_12 INT 422192 us 0.58 %
Z1_13 MONITORED 72490504 us
Z1_13 ON 3366242 us 4.64 %
Z1_13 TX 795769 us 1.10 %
Z1_13 RX 1069051 us 1.47 %
Z1_13 INT 368458 us 0.51 %
Z1_14 MONITORED 72537093 us
Z1_14 ON 3118738 us 4.30 %
Z1_14 TX 665796 us 0.92 %
Z1_14 RX 1077449 us 1.49 %
Z1_14 INT 455715 us 0.63 %
Z1_15 MONITORED 72491526 us
Z1_15 ON 3438983 us 4.74 %
Z1_15 TX 839534 us 1.16 %
Z1_15 RX 1090651 us 1.50 %
Z1_15 INT 360901 us 0.50 %
Z1_16 MONITORED 72486642 us
Z1_16 ON 2998706 us 4.14 %
Z1_16 TX 672073 us 0.93 %
Z1_16 RX 997489 us 1.38 %
Z1_16 INT 359042 us 0.50 %
Z1_17 MONITORED 72501758 us
Z1_17 ON 3105533 us 4.28 %
Z1_17 TX 706757 us 0.97 %
Z1_17 RX 987338 us 1.36 %
Z1_17 INT 433285 us 0.60 %
Z1_18 MONITORED 72561961 us
Z1_18 ON 3960221 us 5.46 %
Z1_18 TX 951680 us 1.31 %
Z1_18 RX 1406635 us 1.94 %
Z1_18 INT 505130 us 0.70 %
Z1_19 MONITORED 72540706 us
Z1_19 ON 3569285 us 4.92 %
Z1_19 TX 731649 us 1.01 %
Z1_19 RX 1272538 us 1.75 %
Z1_19 INT 507629 us 0.70 %
Z1_20 MONITORED 72508398 us
Z1_20 ON 3218683 us 4.44 %
Z1_20 TX 723957 us 1.00 %
Z1_20 RX 1083507 us 1.49 %
Z1_20 INT 400340 us 0.55 %
Z1_21 MONITORED 72491537 us
Z1_21 ON 2989537 us 4.12 %
Z1_21 TX 865664 us 1.19 %
Z1_21 RX 864996 us 1.19 %
Z1_21 INT 341089 us 0.47 %
Z1_22 MONITORED 72551834 us
Z1_22 ON 3424997 us 4.72 %
Z1_22 TX 679478 us 0.94 %
Z1_22 RX 1290657 us 1.78 %
Z1_22 INT 502379 us 0.69 %
Z1_23 MONITORED 72543895 us
Z1_23 ON 3777478 us 5.21 %
Z1_23 TX 915129 us 1.26 %
Z1_23 RX 1301151 us 1.79 %
Z1_23 INT 472042 us 0.65 %
Z1_24 MONITORED 72529313 us
Z1_24 ON 3372034 us 4.65 %
Z1_24 TX 830261 us 1.14 %
Z1_24 RX 1134659 us 1.56 %
Z1_24 INT 451766 us 0.62 %
Z1_25 MONITORED 72508831 us
Z1_25 ON 3166866 us 4.37 %
Z1_25 TX 619631 us 0.85 %
Z1_25 RX 1197860 us 1.65 %
Z1_25 INT 388432 us 0.54 %
Z1_26 MONITORED 72566833 us
Z1_26 ON 3878818 us 5.35 %
Z1_26 TX 756563 us 1.04 %
Z1_26 RX 1409112 us 1.94 %
Z1_26 INT 524486 us 0.72 %
Z1_27 MONITORED 72514951 us
Z1_27 ON 2948460 us 4.07 %
Z1_27 TX 576457 us 0.79 %
Z1_27 RX 1007102 us 1.39 %
Z1_27 INT 410809 us 0.57 %
Z1_28 MONITORED 72512259 us
Z1_28 ON 3154233 us 4.35 %
Z1_28 TX 782310 us 1.08 %
Z1_28 RX 1001542 us 1.38 %
Z1_28 INT 436751 us 0.60 %
Z1_29 MONITORED 72566762 us
Z1_29 ON 3506409 us 4.83 %
Z1_29 TX 758199 us 1.04 %
Z1_29 RX 1269606 us 1.75 %
Z1_29 INT 517049 us 0.71 %
Z1_30 MONITORED 72545463 us
Z1_30 ON 3160357 us 4.36 %
Z1_30 TX 761413 us 1.05 %
Z1_30 RX 1061092 us 1.46 %
Z1_30 INT 457159 us 0.63 %
Z1_31 MONITORED 72475382 us
Z1_31 ON 2879531 us 3.97 %
Z1_31 TX 639865 us 0.88 %
Z1_31 RX 970849 us 1.34 %
Z1_31 INT 304650 us 0.42 %
Z1_32 MONITORED 72509344 us
Z1_32 ON 16388117 us 22.60 %
Z1_32 TX 688424 us 0.95 %
Z1_32 RX 9010018 us 12.43 %
Z1_32 INT 479631 us 0.66 %
Z1_33 MONITORED 72525483 us
Z1_33 ON 16784557 us 23.14 %
Z1_33 TX 688406 us 0.95 %
Z1_33 RX 9389712 us 12.95 %
Z1_33 INT 427568 us 0.59 %
Z1_34 MONITORED 72514525 us
Z1_34 ON 17517597 us 24.16 %
Z1_34 TX 786772 us 1.08 %
Z1_34 RX 9743365 us 13.44 %
Z1_34 INT 412664 us 0.57 %
Z1_35 MONITORED 72511115 us
Z1_35 ON 17307782 us 23.87 %
Z1_35 TX 688408 us 0.95 %
Z1_35 RX 9607326 us 13.25 %
Z1_35 INT 483772 us 0.67 %
Z1_36 MONITORED 72541201 us
Z1_36 ON 18221118 us 25.12 %
Z1_36 TX 0 us 0.00 %
Z1_36 RX 10523467 us 14.51 %
Z1_36 INT 509807 us 0.70 %
AVG ON 287675131 us 8.74 %
AVG TX 27200948 us 0.83 %
AVG RX 112874270 us 3.43 %
AVG INT 16994988 us 0.52 %
Z1_1 MONITORED 89949008 us
Z1_1 ON 88459295 us 98.34 %
Z1_1 TX 226803 us 0.25 %
Z1_1 RX 26588552 us 29.56 %
Z1_1 INT 195719 us 0.22 %
Z1_2 MONITORED 91516789 us
Z1_2 ON 3462648 us 3.78 %
Z1_2 TX 740908 us 0.81 %
Z1_2 RX 1116775 us 1.22 %
Z1_2 INT 474736 us 0.52 %
Z1_3 MONITORED 91462758 us
Z1_3 ON 4348547 us 4.75 %
Z1_3 TX 802306 us 0.88 %
Z1_3 RX 1647504 us 1.80 %
Z1_3 INT 566328 us 0.62 %
Z1_4 MONITORED 91456957 us
Z1_4 ON 4023661 us 4.40 %
Z1_4 TX 772175 us 0.84 %
Z1_4 RX 1457619 us 1.59 %
Z1_4 INT 586298 us 0.64 %
Z1_5 MONITORED 91491490 us
Z1_5 ON 3443782 us 3.76 %
Z1_5 TX 939451 us 1.03 %
Z1_5 RX 931322 us 1.02 %
Z1_5 INT 380961 us 0.42 %
Z1_6 MONITORED 91465680 us
Z1_6 ON 4593274 us 5.02 %
Z1_6 TX 549354 us 0.60 %
Z1_6 RX 1698282 us 1.86 %
Z1_6 INT 616233 us 0.67 %
Z1_7 MONITORED 91497665 us
Z1_7 ON 3394075 us 3.71 %
Z1_7 TX 656399 us 0.72 %
Z1_7 RX 1076982 us 1.18 %
Z1_7 INT 427326 us 0.47 %
Z1_8 MONITORED 91444615 us
Z1_8 ON 3554565 us 3.89 %
Z1_8 TX 619062 us 0.68 %
Z1_8 RX 1307724 us 1.43 %
Z1_8 INT 496411 us 0.54 %
Z1_9 MONITORED 91538321 us
Z1_9 ON 3884806 us 4.24 %
Z1_9 TX 807602 us 0.88 %
Z1_9 RX 1443152 us 1.58 %
Z1_9 INT 456415 us 0.50 %
Z1_10 MONITORED 91518323 us
Z1_10 ON 3545668 us 3.87 %
Z1_10 TX 682832 us 0.75 %
Z1_10 RX 1257542 us 1.37 %
Z1_10 INT 464624 us 0.51 %
Z1_11 MONITORED 91532801 us
Z1_11 ON 3559522 us 3.89 %
Z1_11 TX 739080 us 0.81 %
Z1_11 RX 1267929 us 1.39 %
Z1_11 INT 482486 us 0.53 %
Z1_12 MONITORED 91507233 us
Z1_12 ON 3491099 us 3.82 %
Z1_12 TX 638122 us 0.70 %
Z1_12 RX 1228613 us 1.34 %
Z1_12 INT 463427 us 0.51 %
Z1_13 MONITORED 91490504 us
Z1_13 ON 3697722 us 4.04 %
Z1_13 TX 795769 us 0.87 %
Z1_13 RX 1205185 us 1.32 %
Z1_13 INT 405664 us 0.44 %
Z1_14 MONITORED 91537093 us
Z1_14 ON 3636842 us 3.97 %
Z1_14 TX 870773 us 0.95 %
Z1_14 RX 1177854 us 1.29 %
Z1_14 INT 478680 us 0.52 %
Z1_15 MONITORED 91491526 us
Z1_15 ON 3767381 us 4.12 %
Z1_15 TX 839534 us 0.92 %
Z1_15 RX 1238809 us 1.35 %
Z1_15 INT 384625 us 0.42 %
Z1_16 MONITORED 91486642 us
Z1_16 ON 3258702 us 3.56 %
Z1_16 TX 700489 us 0.77 %
Z1_16 RX 1051681 us 1.15 %
Z1_16 INT 387580 us 0.42 %
Z1_17 MONITORED 91501758 us
Z1_17 ON 3418168 us 3.74 %
Z1_17 TX 716973 us 0.78 %
Z1_17 RX 1098747 us 1.20 %
Z1_17 INT 470607 us 0.51 %
Z1_18 MONITORED 91561961 us
Z1_18 ON 4227534 us 4.62 %
Z1_18 TX 951680 us 1.04 %
Z1_18 RX 1481398 us 1.62 %
Z1_18 INT 556694 us 0.61 %
Z1_19 MONITORED 91540706 us
Z1_19 ON 3820614 us 4.17 %
Z1_19 TX 731649 us 0.80 %
Z1_19 RX 1344020 us 1.47 %
Z1_19 INT 551544 us 0.60 %
Z1_20 MONITORED 91508398 us
Z1_20 ON 3475141 us 3.80 %
Z1_20 TX 723957 us 0.79 %
Z1_20 RX 1153506 us 1.26 %
Z1_20 INT 450566 us 0.49 %
Z1_21 MONITORED 91491537 us
Z1_21 ON 3215589 us 3.51 %
Z1_21 TX 865664 us 0.95 %
Z1_21 RX 933533 us 1.02 %
Z1_21 INT 364648 us 0.40 %
Z1_22 MONITORED 91551834 us
Z1_22 ON 3678877 us 4.02 %
Z1_22 TX 679478 us 0.74 %
Z1_22 RX 1371654 us 1.50 %
Z1_22 INT 536692 us 0.59 %
Z1_23 MONITORED 91543895 us
Z1_23 ON 4071490 us 4.45 %
Z1_23 TX 935561 us 1.02 %
Z1_23 RX 1384215 us 1.51 %
Z1_23 INT 514691 us 0.56 %
Z1_24 MONITORED 91529313 us
Z1_24 ON 3691864 us 4.03 %
Z1_24 TX 904329 us 0.99 %
Z1_24 RX 1193718 us 1.30 %
Z1_24 INT 485267 us 0.53 %
Z1_25 MONITORED 91508831 us
Z1_25 ON 3621044 us 3.96 %
Z1_25 TX 709026 us 0.77 %
Z1_25 RX 1340051 us 1.46 %
Z1_25 INT 428164 us 0.47 %
Z1_26 MONITORED 91441833 us
Z1_26 ON 4193108 us 4.59 %
Z1_26 TX 756563 us 0.83 %
Z1_26 RX 1514263 us 1.66 %
Z1_26 INT 580764 us 0.64 %
Z1_27 MONITORED 91514951 us
Z1_27 ON 3228535 us 3.53 %
Z1_27 TX 576457 us 0.63 %
Z1_27 RX 1097300 us 1.20 %
Z1_27 INT 442766 us 0.48 %
Z1_28 MONITORED 91512259 us
Z1_28 ON 3414980 us 3.73 %
Z1_28 TX 782310 us 0.85 %
Z1_28 RX 1088310 us 1.19 %
Z1_28 INT 474801 us 0.52 %
Z1_29 MONITORED 91442136 us
Z1_29 ON 3798439 us 4.15 %
Z1_29 TX 758199 us 0.83 %
Z1_29 RX 1374328 us 1.50 %
Z1_29 INT 558055 us 0.61 %
Z1_30 MONITORED 91545463 us
Z1_30 ON 3408555 us 3.72 %
Z1_30 TX 761413 us 0.83 %
Z1_30 RX 1131493 us 1.24 %
Z1_30 INT 499518 us 0.55 %
Z1_31 MONITORED 91475382 us
Z1_31 ON 3179286 us 3.48 %
Z1_31 TX 639865 us 0.70 %
Z1_31 RX 1076372 us 1.18 %
Z1_31 INT 350528 us 0.38 %
Z1_32 MONITORED 91509344 us
Z1_32 ON 17071854 us 18.66 %
Z1_32 TX 1081806 us 1.18 %
Z1_32 RX 9067240 us 9.91 %
Z1_32 INT 506220 us 0.55 %
Z1_33 MONITORED 91525483 us
Z1_33 ON 17474071 us 19.09 %
Z1_33 TX 1081770 us 1.18 %
Z1_33 RX 9446202 us 10.32 %
Z1_33 INT 461456 us 0.50 %
Z1_34 MONITORED 91514525 us
Z1_34 ON 18105187 us 19.78 %
Z1_34 TX 1081806 us 1.18 %
Z1_34 RX 9816506 us 10.73 %
Z1_34 INT 442096 us 0.48 %
Z1_35 MONITORED 91511115 us
Z1_35 ON 17992207 us 19.66 %
Z1_35 TX 1081783 us 1.18 %
Z1_35 RX 9669888 us 10.57 %
Z1_35 INT 505435 us 0.55 %
Z1_36 MONITORED 91541201 us
Z1_36 ON 18466999 us 20.17 %
Z1_36 TX 0 us 0.00 %
Z1_36 RX 10596001 us 11.58 %
Z1_36 INT 546963 us 0.60 %
AVG ON 321988093 us 8.26 %
AVG TX 30350913 us 0.78 %
AVG RX 121266665 us 3.11 %
AVG INT 18802621 us 0.48 %
Z1_1 MONITORED 107707325 us
Z1_1 ON 106217612 us 98.62 %
Z1_1 TX 230964 us 0.21 %
Z1_1 RX 29734356 us 27.61 %
Z1_1 INT 195719 us 0.18 %
Z1_2 MONITORED 108266789 us
Z1_2 ON 3780536 us 3.49 %
Z1_2 TX 753680 us 0.70 %
Z1_2 RX 1224695 us 1.13 %
Z1_2 INT 531902 us 0.49 %
Z1_3 MONITORED 108212758 us
Z1_3 ON 4798553 us 4.43 %
Z1_3 TX 802306 us 0.74 %
Z1_3 RX 1868573 us 1.73 %
Z1_3 INT 633118 us 0.59 %
Z1_4 MONITORED 108206957 us
Z1_4 ON 4533444 us 4.19 %
Z1_4 TX 772175 us 0.71 %
Z1_4 RX 1712402 us 1.58 %
Z1_4 INT 656974 us 0.61 %
Z1_5 MONITORED 108241490 us
Z1_5 ON 3875968 us 3.58 %
Z1_5 TX 962438 us 0.89 %
Z1_5 RX 1103832 us 1.02 %
Z1_5 INT 421581 us 0.39 %
Z1_6 MONITORED 108215680 us
Z1_6 ON 5057915 us 4.67 %
Z1_6 TX 590454 us 0.55 %
Z1_6 RX 1825053 us 1.69 %
Z1_6 INT 689114 us 0.64 %
Z1_7 MONITORED 108247665 us
Z1_7 ON 3946556 us 3.65 %
Z1_7 TX 754097 us 0.70 %
Z1_7 RX 1250645 us 1.16 %
Z1_7 INT 490383 us 0.45 %
Z1_8 MONITORED 108194615 us
Z1_8 ON 4006872 us 3.70 %
Z1_8 TX 708458 us 0.65 %
Z1_8 RX 1451234 us 1.34 %
Z1_8 INT 542818 us 0.50 %
Z1_9 MONITORED 108288321 us
Z1_9 ON 4376171 us 4.04 %
Z1_9 TX 905302 us 0.84 %
Z1_9 RX 1611465 us 1.49 %
Z1_9 INT 510224 us 0.47 %
Z1_10 MONITORED 108268323 us
Z1_10 ON 4068381 us 3.76 %
Z1_10 TX 809998 us 0.75 %
Z1_10 RX 1421892 us 1.31 %
Z1_10 INT 508349 us 0.47 %
Z1_11 MONITORED 108282801 us
Z1_11 ON 3952072 us 3.65 %
Z1_11 TX 739080 us 0.68 %
Z1_11 RX 1451529 us 1.34 %
Z1_11 INT 526468 us 0.49 %
Z1_12 MONITORED 108257233 us
Z1_12 ON 3999811 us 3.69 %
Z1_12 TX 709639 us 0.66 %
Z1_12 RX 1392176 us 1.29 %
Z1_12 INT 518549 us 0.48 %
Z1_13 MONITORED 108240504 us
Z1_13 ON 4128348 us 3.81 %
Z1_13 TX 831526 us 0.77 %
Z1_13 RX 1381839 us 1.28 %
Z1_13 INT 458709 us 0.42 %
Z1_14 MONITORED 108287093 us
Z1_14 ON 4070177 us 3.76 %
Z1_14 TX 919304 us 0.85 %
Z1_14 RX 1338955 us 1.24 %
Z1_14 INT 522683 us 0.48 %
Z1_15 MONITORED 108241526 us
Z1_15 ON 4424452 us 4.09 %
Z1_15 TX 1035661 us 0.96 %
Z1_15 RX 1446759 us 1.34 %
Z1_15 INT 423437 us 0.39 %
Z1_16 MONITORED 108236642 us
Z1_16 ON 3605222 us 3.33 %
Z1_16 TX 700808 us 0.65 %
Z1_16 RX 1200833 us 1.11 %
Z1_16 INT 438236 us 0.40 %
Z1_17 MONITORED 108251758 us
Z1_17 ON 3902768 us 3.61 %
Z1_17 TX 816276 us 0.75 %
Z1_17 RX 1253748 us 1.16 %
Z1_17 INT 518134 us 0.48 %
Z1_18 MONITORED 108186961 us
Z1_18 ON 4572751 us 4.23 %
Z1_18 TX 961930 us 0.89 %
Z1_18 RX 1596001 us 1.48 %
Z1_18 INT 626348 us 0.58 %
Z1_19 MONITORED 108290706 us
Z1_19 ON 4311935 us 3.98 %
Z1_19 TX 829348 us 0.77 %
Z1_19 RX 1481075 us 1.37 %
Z1_19 INT 610080 us 0.56 %
Z1_20 MONITORED 108258398 us
Z1_20 ON 3965328 us 3.66 %
Z1_20 TX 849753 us 0.78 %
Z1_20 RX 1285090 us 1.19 %
Z1_20 INT 509183 us 0.47 %
Z1_21 MONITORED 108241537 us
Z1_21 ON 3530278 us 3.26 %
Z1_21 TX 865664 us 0.80 %
Z1_21 RX 1062504 us 0.98 %
Z1_21 INT 411165 us 0.38 %
Z1_22 MONITORED 108301834 us
Z1_22 ON 4246108 us 3.92 %
Z1_22 TX 808721 us 0.75 %
Z1_22 RX 1543865 us 1.43 %
Z1_22 INT 585027 us 0.54 %
Z1_23 MONITORED 108293895 us
Z1_23 ON 4455095 us 4.11 %
Z1_23 TX 935561 us 0.86 %
Z1_23 RX 1538332 us 1.42 %
Z1_23 INT 562861 us 0.52 %
Z1_24 MONITORED 108279313 us
Z1_24 ON 4140622 us 3.82 %
Z1_24 TX 1002030 us 0.93 %
Z1_24 RX 1328852 us 1.23 %
Z1_24 INT 536023 us 0.50 %
Z1_25 MONITORED 108258831 us
Z1_25 ON 3989544 us 3.69 %
Z1_25 TX 709026 us 0.65 %
Z1_25 RX 1510872 us 1.40 %
Z1_25 INT 474096 us 0.44 %
Z1_26 MONITORED 108191833 us
Z1_26 ON 4605506 us 4.26 %
Z1_26 TX 756563 us 0.70 %
Z1_26 RX 1661972 us 1.54 %
Z1_26 INT 648776 us 0.60 %
Z1_27 MONITORED 108264951 us
Z1_27 ON 3751605 us 3.47 %
Z1_27 TX 673510 us 0.62 %
Z1_27 RX 1254288 us 1.16 %
Z1_27 INT 478084 us 0.44 %
Z1_28 MONITORED 108262259 us
Z1_28 ON 3927862 us 3.63 %
Z1_28 TX 934674 us 0.86 %
Z1_28 RX 1215785 us 1.12 %
Z1_28 INT 533081 us 0.49 %
Z1_29 MONITORED 108192136 us
Z1_29 ON 4204512 us 3.89 %
Z1_29 TX 758199 us 0.70 %
Z1_29 RX 1551714 us 1.43 %
Z1_29 INT 630107 us 0.58 %
Z1_30 MONITORED 108295463 us
Z1_30 ON 3812086 us 3.52 %
Z1_30 TX 818595 us 0.76 %
Z1_30 RX 1245808 us 1.15 %
Z1_30 INT 558533 us 0.52 %
Z1_31 MONITORED 108225382 us
Z1_31 ON 3674966 us 3.40 %
Z1_31 TX 701167 us 0.65 %
Z1_31 RX 1254539 us 1.16 %
Z1_31 INT 398754 us 0.37 %
Z1_32 MONITORED 108259344 us
Z1_32 ON 17673427 us 16.33 %
Z1_32 TX 1376845 us 1.27 %
Z1_32 RX 9147293 us 8.45 %
Z1_32 INT 548939 us 0.51 %
Z1_33 MONITORED 108275483 us
Z1_33 ON 18209103 us 16.82 %
Z1_33 TX 1475153 us 1.36 %
Z1_33 RX 9544100 us 8.81 %
Z1_33 INT 501214 us 0.46 %
Z1_34 MONITORED 108264525 us
Z1_34 ON 18831876 us 17.39 %
Z1_34 TX 1475192 us 1.36 %
Z1_34 RX 9914255 us 9.16 %
Z1_34 INT 473138 us 0.44 %
Z1_35 MONITORED 108261115 us
Z1_35 ON 18587293 us 17.17 %
Z1_35 TX 1376816 us 1.27 %
Z1_35 RX 9762569 us 9.02 %
Z1_35 INT 532548 us 0.49 %
Z1_36 MONITORED 108291201 us
Z1_36 ON 18753338 us 17.32 %
Z1_36 TX 0 us 0.00 %
Z1_36 RX 10697765 us 9.88 %
Z1_36 INT 598266 us 0.55 %
AVG ON 353798735 us 7.77 %
AVG TX 32954194 us 0.72 %
AVG RX 128290177 us 2.82 %
AVG INT 20374444 us 0.45 %
Z1_1 MONITORED 124949010 us
Z1_1 ON 123459297 us 98.81 %
Z1_1 TX 232245 us 0.19 %
Z1_1 RX 32336356 us 25.88 %
Z1_1 INT 195719 us 0.16 %
Z1_2 MONITORED 126516789 us
Z1_2 ON 4109570 us 3.25 %
Z1_2 TX 777913 us 0.61 %
Z1_2 RX 1325913 us 1.05 %
Z1_2 INT 584281 us 0.46 %
Z1_3 MONITORED 126462758 us
Z1_3 ON 5208554 us 4.12 %
Z1_3 TX 802306 us 0.63 %
Z1_3 RX 2051681 us 1.62 %
Z1_3 INT 688901 us 0.54 %
Z1_4 MONITORED 126456957 us
Z1_4 ON 5009325 us 3.96 %
Z1_4 TX 869871 us 0.69 %
Z1_4 RX 1838004 us 1.45 %
Z1_4 INT 712929 us 0.56 %
Z1_5 MONITORED 126491490 us
Z1_5 ON 4243103 us 3.35 %
Z1_5 TX 962438 us 0.76 %
Z1_5 RX 1270496 us 1.00 %
Z1_5 INT 454162 us 0.36 %
Z1_6 MONITORED 126465680 us
Z1_6 ON 5515392 us 4.36 %
Z1_6 TX 700807 us 0.55 %
Z1_6 RX 1940988 us 1.53 %
Z1_6 INT 740211 us 0.59 %
Z1_7 MONITORED 126497665 us
Z1_7 ON 4340040 us 3.43 %
Z1_7 TX 767763 us 0.61 %
Z1_7 RX 1398525 us 1.11 %
Z1_7 INT 543783 us 0.43 %
Z1_8 MONITORED 126444615 us
Z1_8 ON 4311726 us 3.41 %
Z1_8 TX 742625 us 0.59 %
Z1_8 RX 1538658 us 1.22 %
Z1_8 INT 579142 us 0.46 %
Z1_9 MONITORED 126538321 us
Z1_9 ON 4728020 us 3.74 %
Z1_9 TX 905302 us 0.72 %
Z1_9 RX 1765016 us 1.39 %
Z1_9 INT 553298 us 0.44 %
Z1_10 MONITORED 126518323 us
Z1_10 ON 4411283 us 3.49 %
Z1_10 TX 809998 us 0.64 %
Z1_10 RX 1569438 us 1.24 %
Z1_10 INT 547704 us 0.43 %
Z1_11 MONITORED 126532801 us
Z1_11 ON 4267943 us 3.37 %
Z1_11 TX 739080 us 0.58 %
Z1_11 RX 1572022 us 1.24 %
Z1_11 INT 571802 us 0.45 %
Z1_12 MONITORED 126507233 us
Z1_12 ON 4486411 us 3.55 %
Z1_12 TX 807338 us 0.64 %
Z1_12 RX 1535316 us 1.21 %
Z1_12 INT 568197 us 0.45 %
Z1_13 MONITORED 126490504 us
Z1_13 ON 4526084 us 3.58 %
Z1_13 TX 831526 us 0.66 %
Z1_13 RX 1571815 us 1.24 %
Z1_13 INT 500784 us 0.40 %
Z1_14 MONITORED 126537093 us
Z1_14 ON 4404206 us 3.48 %
Z1_14 TX 919304 us 0.73 %
Z1_14 RX 1483218 us 1.17 %
Z1_14 INT 557818 us 0.44 %
Z1_15 MONITORED 126491526 us
Z1_15 ON 4833372 us 3.82 %
Z1_15 TX 1035661 us 0.82 %
Z1_15 RX 1649149 us 1.30 %
Z1_15 INT 462305 us 0.37 %
Z1_16 MONITORED 126486642 us
Z1_16 ON 4014707 us 3.17 %
Z1_16 TX 798509 us 0.63 %
Z1_16 RX 1296755 us 1.03 %
Z1_16 INT 486853 us 0.38 %
Z1_17 MONITORED 126501758 us
Z1_17 ON 4292510 us 3.39 %
Z1_17 TX 816916 us 0.65 %
Z1_17 RX 1399598 us 1.11 %
Z1_17 INT 570903 us 0.45 %
Z1_18 MONITORED 126561961 us
Z1_18 ON 4994602 us 3.95 %
Z1_18 TX 1059630 us 0.84 %
Z1_18 RX 1697414 us 1.34 %
Z1_18 INT 676512 us 0.53 %
Z1_19 MONITORED 126540706 us
Z1_19 ON 4700835 us 3.71 %
Z1_19 TX 918741 us 0.73 %
Z1_19 RX 1567300 us 1.24 %
Z1_19 INT 656413 us 0.52 %
Z1_20 MONITORED 126508398 us
Z1_20 ON 4266655 us 3.37 %
Z1_20 TX 849753 us 0.67 %
Z1_20 RX 1381817 us 1.09 %
Z1_20 INT 570263 us 0.45 %
Z1_21 MONITORED 126491537 us
Z1_21 ON 3836270 us 3.03 %
Z1_21 TX 865664 us 0.68 %
Z1_21 RX 1181977 us 0.93 %
Z1_21 INT 453281 us 0.36 %
Z1_22 MONITORED 126551834 us
Z1_22 ON 4570671 us 3.61 %
Z1_22 TX 808721 us 0.64 %
Z1_22 RX 1672946 us 1.32 %
Z1_22 INT 629855 us 0.50 %
Z1_23 MONITORED 126543895 us
Z1_23 ON 4858075 us 3.84 %
Z1_23 TX 1033259 us 0.82 %
Z1_23 RX 1635465 us 1.29 %
Z1_23 INT 609533 us 0.48 %
Z1_24 MONITORED 126529313 us
Z1_24 ON 4429818 us 3.50 %
Z1_24 TX 1002030 us 0.79 %
Z1_24 RX 1430035 us 1.13 %
Z1_24 INT 580560 us 0.46 %
Z1_25 MONITORED 126508831 us
Z1_25 ON 4404395 us 3.48 %
Z1_25 TX 714134 us 0.56 %
Z1_25 RX 1701603 us 1.35 %
Z1_25 INT 521603 us 0.41 %
Z1_26 MONITORED 126441833 us
Z1_26 ON 4935287 us 3.90 %
Z1_26 TX 756563 us 0.60 %
Z1_26 RX 1791391 us 1.42 %
Z1_26 INT 691787 us 0.55 %
Z1_27 MONITORED 126514951 us
Z1_27 ON 4191067 us 3.31 %
Z1_27 TX 771210 us 0.61 %
Z1_27 RX 1393533 us 1.10 %
Z1_27 INT 511335 us 0.40 %
Z1_28 MONITORED 126512259 us
Z1_28 ON 4361173 us 3.45 %
Z1_28 TX 1011298 us 0.80 %
Z1_28 RX 1348425 us 1.07 %
Z1_28 INT 579733 us 0.46 %
Z1_29 MONITORED 126442136 us
Z1_29 ON 4753753 us 3.76 %
Z1_29 TX 945298 us 0.75 %
Z1_29 RX 1663252 us 1.32 %
Z1_29 INT 680972 us 0.54 %
Z1_30 MONITORED 126545463 us
Z1_30 ON 4264962 us 3.37 %
Z1_30 TX 916296 us 0.72 %
Z1_30 RX 1384472 us 1.09 %
Z1_30 INT 602081 us 0.48 %
Z1_31 MONITORED 126475382 us
Z1_31 ON 4054035 us 3.21 %
Z1_31 TX 701167 us 0.55 %
Z1_31 RX 1398843 us 1.11 %
Z1_31 INT 442607 us 0.35 %
Z1_32 MONITORED 126509344 us
Z1_32 ON 18401644 us 14.55 %
Z1_32 TX 1770227 us 1.40 %
Z1_32 RX 9229244 us 7.30 %
Z1_32 INT 588837 us 0.47 %
Z1_33 MONITORED 126525483 us
Z1_33 ON 18825833 us 14.88 %
Z1_33 TX 1770188 us 1.40 %
Z1_33 RX 9624853 us 7.61 %
Z1_33 INT 548034 us 0.43 %
Z1_34 MONITORED 126514525 us
Z1_34 ON 19464078 us 15.38 %
Z1_34 TX 1770225 us 1.40 %
Z1_34 RX 10006309 us 7.91 %
Z1_34 INT 519103 us 0.41 %
Z1_35 MONITORED 126511115 us
Z1_35 ON 19303658 us 15.26 %
Z1_35 TX 1770188 us 1.40 %
Z1_35 RX 9848228 us 7.78 %
Z1_35 INT 558857 us 0.44 %
Z1_36 MONITORED 126541201 us
Z1_36 ON 19020381 us 15.03 %
Z1_36 TX 0 us 0.00 %
Z1_36 RX 10790122 us 8.53 %
Z1_36 INT 634286 us 0.50 %
AVG ON 385966316 us 7.41 %
AVG TX 35638452 us 0.68 %
AVG RX 134592400 us 2.58 %
AVG INT 21871872 us 0.42 %
Z1_1 MONITORED 143696317 us
Z1_1 ON 142206604 us 98.96 %
Z1_1 TX 238007 us 0.17 %
Z1_1 RX 35014852 us 24.37 %
Z1_1 INT 195719 us 0.14 %
Z1_2 MONITORED 144766789 us
Z1_2 ON 4409102 us 3.05 %
Z1_2 TX 800898 us 0.55 %
Z1_2 RX 1418002 us 0.98 %
Z1_2 INT 625128 us 0.43 %
Z1_3 MONITORED 144712758 us
Z1_3 ON 5596964 us 3.87 %
Z1_3 TX 802306 us 0.55 %
Z1_3 RX 2218872 us 1.53 %
Z1_3 INT 757347 us 0.52 %
Z1_4 MONITORED 144706957 us
Z1_4 ON 5357932 us 3.70 %
Z1_4 TX 869871 us 0.60 %
Z1_4 RX 1976804 us 1.37 %
Z1_4 INT 770970 us 0.53 %
Z1_5 MONITORED 144741490 us
Z1_5 ON 4629154 us 3.20 %
Z1_5 TX 1069878 us 0.74 %
Z1_5 RX 1351533 us 0.93 %
Z1_5 INT 487965 us 0.34 %
Z1_6 MONITORED 144715680 us
Z1_6 ON 6011002 us 4.15 %
Z1_6 TX 784437 us 0.54 %
Z1_6 RX 2075574 us 1.43 %
Z1_6 INT 799660 us 0.55 %
Z1_7 MONITORED 144747665 us
Z1_7 ON 4664192 us 3.22 %
Z1_7 TX 811184 us 0.56 %
Z1_7 RX 1494880 us 1.03 %
Z1_7 INT 576353 us 0.40 %
Z1_8 MONITORED 144694615 us
Z1_8 ON 4604510 us 3.18 %
Z1_8 TX 742625 us 0.51 %
Z1_8 RX 1645645 us 1.14 %
Z1_8 INT 626498 us 0.43 %
Z1_9 MONITORED 144788321 us
Z1_9 ON 5062020 us 3.50 %
Z1_9 TX 905302 us 0.63 %
Z1_9 RX 1906645 us 1.32 %
Z1_9 INT 596746 us 0.41 %
Z1_10 MONITORED 144768323 us
Z1_10 ON 4686200 us 3.24 %
Z1_10 TX 809998 us 0.56 %
Z1_10 RX 1665330 us 1.15 %
Z1_10 INT 584697 us 0.40 %
Z1_11 MONITORED 144782801 us
Z1_11 ON 4531085 us 3.13 %
Z1_11 TX 739080 us 0.51 %
Z1_11 RX 1661991 us 1.15 %
Z1_11 INT 610503 us 0.42 %
Z1_12 MONITORED 144757233 us
Z1_12 ON 4919114 us 3.40 %
Z1_12 TX 892744 us 0.62 %
Z1_12 RX 1674266 us 1.16 %
Z1_12 INT 605429 us 0.42 %
Z1_13 MONITORED 144740504 us
Z1_13 ON 4921358 us 3.40 %
Z1_13 TX 869840 us 0.60 %
Z1_13 RX 1700715 us 1.18 %
Z1_13 INT 547990 us 0.38 %
Z1_14 MONITORED 144787093 us
Z1_14 ON 4752218 us 3.28 %
Z1_14 TX 919304 us 0.63 %
Z1_14 RX 1639623 us 1.13 %
Z1_14 INT 594885 us 0.41 %
Z1_15 MONITORED 144741526 us
Z1_15 ON 5192862 us 3.59 %
Z1_15 TX 1053541 us 0.73 %
Z1_15 RX 1771032 us 1.22 %
Z1_15 INT 508038 us 0.35 %
Z1_16 MONITORED 144736642 us
Z1_16 ON 4349607 us 3.01 %
Z1_16 TX 850551 us 0.59 %
Z1_16 RX 1388510 us 0.96 %
Z1_16 INT 526977 us 0.36 %
Z1_17 MONITORED 144751758 us
Z1_17 ON 4618692 us 3.19 %
Z1_17 TX 825219 us 0.57 %
Z1_17 RX 1533565 us 1.06 %
Z1_17 INT 603581 us 0.42 %
Z1_18 MONITORED 144686961 us
Z1_18 ON 5290738 us 3.66 %
Z1_18 TX 1082618 us 0.75 %
Z1_18 RX 1782204 us 1.23 %
Z1_18 INT 724360 us 0.50 %
Z1_19 MONITORED 144790706 us
Z1_19 ON 4996215 us 3.45 %
Z1_19 TX 928990 us 0.64 %
Z1_19 RX 1663326 us 1.15 %
Z1_19 INT 704422 us 0.49 %
Z1_20 MONITORED 144758398 us
Z1_20 ON 4622585 us 3.19 %
Z1_20 TX 934043 us 0.65 %
Z1_20 RX 1454548 us 1.00 %
Z1_20 INT 612505 us 0.42 %
Z1_21 MONITORED 144741537 us
Z1_21 ON 4199174 us 2.90 %
Z1_21 TX 955379 us 0.66 %
Z1_21 RX 1252270 us 0.87 %
Z1_21 INT 497847 us 0.34 %
Z1_22 MONITORED 144801834 us
Z1_22 ON 4854464 us 3.35 %
Z1_22 TX 808721 us 0.56 %
Z1_22 RX 1775061 us 1.23 %
Z1_22 INT 674219 us 0.47 %
Z1_23 MONITORED 144793895 us
Z1_23 ON 5241353 us 3.62 %
Z1_23 TX 1112443 us 0.77 %
Z1_23 RX 1734386 us 1.20 %
Z1_23 INT 652736 us 0.45 %
Z1_24 MONITORED 144779313 us
Z1_24 ON 4716674 us 3.26 %
Z1_24 TX 1029361 us 0.71 %
Z1_24 RX 1510295 us 1.04 %
Z1_24 INT 618920 us 0.43 %
Z1_25 MONITORED 144758831 us
Z1_25 ON 4727904 us 3.27 %
Z1_25 TX 714134 us 0.49 %
Z1_25 RX 1835126 us 1.27 %
Z1_25 INT 563067 us 0.39 %
Z1_26 MONITORED 144691833 us
Z1_26 ON 5333305 us 3.69 %
Z1_26 TX 830629 us 0.57 %
Z1_26 RX 1901669 us 1.31 %
Z1_26 INT 740056 us 0.51 %
Z1_27 MONITORED 144764951 us
Z1_27 ON 4560238 us 3.15 %
Z1_27 TX 843748 us 0.58 %
Z1_27 RX 1500823 us 1.04 %
Z1_27 INT 538130 us 0.37 %
Z1_28 MONITORED 144762259 us
Z1_28 ON 4740624 us 3.27 %
Z1_28 TX 1105805 us 0.76 %
Z1_28 RX 1422765 us 0.98 %
Z1_28 INT 627266 us 0.43 %
Z1_29 MONITORED 144692136 us
Z1_29 ON 5183093 us 3.58 %
Z1_29 TX 1037250 us 0.72 %
Z1_29 RX 1771370 us 1.22 %
Z1_29 INT 738880 us 0.51 %
Z1_30 MONITORED 144795463 us
Z1_30 ON 4565402 us 3.15 %
Z1_30 TX 934176 us 0.65 %
Z1_30 RX 1474271 us 1.02 %
Z1_30 INT 651879 us 0.45 %
Z1_31 MONITORED 144725382 us
Z1_31 ON 4466882 us 3.09 %
Z1_31 TX 780342 us 0.54 %
Z1_31 RX 1516017 us 1.05 %
Z1_31 INT 492334 us 0.34 %
Z1_32 MONITORED 144759344 us
Z1_32 ON 18982038 us 13.11 %
Z1_32 TX 2065269 us 1.43 %
Z1_32 RX 9294522 us 6.42 %
Z1_32 INT 621917 us 0.43 %
Z1_33 MONITORED 144775483 us
Z1_33 ON 19534140 us 13.49 %
Z1_33 TX 2163578 us 1.49 %
Z1_33 RX 9701576 us 6.70 %
Z1_33 INT 580316 us 0.40 %
Z1_34 MONITORED 144764525 us
Z1_34 ON 20158716 us 13.93 %
Z1_34 TX 2163614 us 1.49 %
Z1_34 RX 10071158 us 6.96 %
Z1_34 INT 550406 us 0.38 %
Z1_35 MONITORED 144761115 us
Z1_35 ON 19986976 us 13.81 %
Z1_35 TX 2163567 us 1.49 %
Z1_35 RX 9910136 us 6.85 %
Z1_35 INT 584294 us 0.40 %
Z1_36 MONITORED 144791201 us
Z1_36 ON 19293179 us 13.32 %
Z1_36 TX 0 us 0.00 %
Z1_36 RX 10883038 us 7.52 %
Z1_36 INT 679832 us 0.47 %
AVG ON 415321437 us 7.10 %
AVG TX 37710144 us 0.64 %
AVG RX 139533891 us 2.39 %
AVG INT 23049833 us 0.39 %
Z1_1 MONITORED 161860878 us
Z1_1 ON 160371165 us 99.08 %
Z1_1 TX 239607 us 0.15 %
Z1_1 RX 37084944 us 22.91 %
Z1_1 INT 195719 us 0.12 %
Z1_2 MONITORED 162516789 us
Z1_2 ON 4632908 us 2.85 %
Z1_2 TX 800898 us 0.49 %
Z1_2 RX 1484254 us 0.91 %
Z1_2 INT 655912 us 0.40 %
Z1_3 MONITORED 162462758 us
Z1_3 ON 5949376 us 3.66 %
Z1_3 TX 809970 us 0.50 %
Z1_3 RX 2367864 us 1.46 %
Z1_3 INT 803165 us 0.49 %
Z1_4 MONITORED 162456957 us
Z1_4 ON 5635823 us 3.47 %
Z1_4 TX 869871 us 0.54 %
Z1_4 RX 2070988 us 1.27 %
Z1_4 INT 817813 us 0.50 %
Z1_5 MONITORED 162491490 us
Z1_5 ON 4845661 us 2.98 %
Z1_5 TX 1069878 us 0.66 %
Z1_5 RX 1420826 us 0.87 %
Z1_5 INT 510880 us 0.31 %
Z1_6 MONITORED 162465680 us
Z1_6 ON 6328360 us 3.90 %
Z1_6 TX 800246 us 0.49 %
Z1_6 RX 2162152 us 1.33 %
Z1_6 INT 847994 us 0.52 %
Z1_7 MONITORED 162497665 us
Z1_7 ON 4880164 us 3.00 %
Z1_7 TX 811184 us 0.50 %
Z1_7 RX 1560031 us 0.96 %
Z1_7 INT 602346 us 0.37 %
Z1_8 MONITORED 162444615 us
Z1_8 ON 4844190 us 2.98 %
Z1_8 TX 742625 us 0.46 %
Z1_8 RX 1727199 us 1.06 %
Z1_8 INT 656927 us 0.40 %
Z1_9 MONITORED 162538321 us
Z1_9 ON 5579254 us 3.43 %
Z1_9 TX 1055743 us 0.65 %
Z1_9 RX 2036773 us 1.25 %
Z1_9 INT 630962 us 0.39 %
Z1_10 MONITORED 162518323 us
Z1_10 ON 4906462 us 3.02 %
Z1_10 TX 809998 us 0.50 %
Z1_10 RX 1723029 us 1.06 %
Z1_10 INT 618490 us 0.38 %
Z1_11 MONITORED 162532801 us
Z1_11 ON 4859717 us 2.99 %
Z1_11 TX 810823 us 0.50 %
Z1_11 RX 1740444 us 1.07 %
Z1_11 INT 643745 us 0.40 %
Z1_12 MONITORED 162507233 us
Z1_12 ON 5283022 us 3.25 %
Z1_12 TX 959152 us 0.59 %
Z1_12 RX 1782552 us 1.10 %
Z1_12 INT 633934 us 0.39 %
Z1_13 MONITORED 162490504 us
Z1_13 ON 5290987 us 3.26 %
Z1_13 TX 924500 us 0.57 %
Z1_13 RX 1819423 us 1.12 %
Z1_13 INT 588745 us 0.36 %
Z1_14 MONITORED 162537093 us
Z1_14 ON 5128965 us 3.16 %
Z1_14 TX 975592 us 0.60 %
Z1_14 RX 1771110 us 1.09 %
Z1_14 INT 624074 us 0.38 %
Z1_15 MONITORED 162491526 us
Z1_15 ON 5471320 us 3.37 %
Z1_15 TX 1053541 us 0.65 %
Z1_15 RX 1882245 us 1.16 %
Z1_15 INT 537381 us 0.33 %
Z1_16 MONITORED 162486642 us
Z1_16 ON 4592666 us 2.83 %
Z1_16 TX 872654 us 0.54 %
Z1_16 RX 1448837 us 0.89 %
Z1_16 INT 556273 us 0.34 %
Z1_17 MONITORED 162501758 us
Z1_17 ON 4886996 us 3.01 %
Z1_17 TX 825859 us 0.51 %
Z1_17 RX 1638299 us 1.01 %
Z1_17 INT 629910 us 0.39 %
Z1_18 MONITORED 162561961 us
Z1_18 ON 5521066 us 3.40 %
Z1_18 TX 1082618 us 0.67 %
Z1_18 RX 1845753 us 1.14 %
Z1_18 INT 767359 us 0.47 %
Z1_19 MONITORED 162540706 us
Z1_19 ON 5234135 us 3.22 %
Z1_19 TX 928990 us 0.57 %
Z1_19 RX 1733427 us 1.07 %
Z1_19 INT 747447 us 0.46 %
Z1_20 MONITORED 162508398 us
Z1_20 ON 4831251 us 2.97 %
Z1_20 TX 934043 us 0.57 %
Z1_20 RX 1507559 us 0.93 %
Z1_20 INT 644955 us 0.40 %
Z1_21 MONITORED 162491537 us
Z1_21 ON 4524137 us 2.78 %
Z1_21 TX 1047622 us 0.64 %
Z1_21 RX 1308014 us 0.80 %
Z1_21 INT 529247 us 0.33 %
Z1_22 MONITORED 162551834 us
Z1_22 ON 5171991 us 3.18 %
Z1_22 TX 864912 us 0.53 %
Z1_22 RX 1856032 us 1.14 %
Z1_22 INT 709189 us 0.44 %
Z1_23 MONITORED 162543895 us
Z1_23 ON 5497904 us 3.38 %
Z1_23 TX 1112443 us 0.68 %
Z1_23 RX 1819556 us 1.12 %
Z1_23 INT 695092 us 0.43 %
Z1_24 MONITORED 162529313 us
Z1_24 ON 4945937 us 3.04 %
Z1_24 TX 1029361 us 0.63 %
Z1_24 RX 1573891 us 0.97 %
Z1_24 INT 659992 us 0.41 %
Z1_25 MONITORED 162508831 us
Z1_25 ON 5086468 us 3.13 %
Z1_25 TX 792704 us 0.49 %
Z1_25 RX 1928992 us 1.19 %
Z1_25 INT 592686 us 0.36 %
Z1_26 MONITORED 162566833 us
Z1_26 ON 5606566 us 3.45 %
Z1_26 TX 830629 us 0.51 %
Z1_26 RX 1998265 us 1.23 %
Z1_26 INT 778373 us 0.48 %
Z1_27 MONITORED 162514951 us
Z1_27 ON 4776204 us 2.94 %
Z1_27 TX 843748 us 0.52 %
Z1_27 RX 1567561 us 0.96 %
Z1_27 INT 559852 us 0.34 %
Z1_28 MONITORED 162512259 us
Z1_28 ON 4967152 us 3.06 %
Z1_28 TX 1105805 us 0.68 %
Z1_28 RX 1480859 us 0.91 %
Z1_28 INT 669600 us 0.41 %
Z1_29 MONITORED 162566762 us
Z1_29 ON 5493705 us 3.38 %
Z1_29 TX 1057749 us 0.65 %
Z1_29 RX 1863954 us 1.15 %
Z1_29 INT 790932 us 0.49 %
Z1_30 MONITORED 162545463 us
Z1_30 ON 4806509 us 2.96 %
Z1_30 TX 934176 us 0.57 %
Z1_30 RX 1552590 us 0.96 %
Z1_30 INT 686803 us 0.42 %
Z1_31 MONITORED 162475382 us
Z1_31 ON 4760901 us 2.93 %
Z1_31 TX 780342 us 0.48 %
Z1_31 RX 1632332 us 1.00 %
Z1_31 INT 532581 us 0.33 %
Z1_32 MONITORED 162509344 us
Z1_32 ON 19619429 us 12.07 %
Z1_32 TX 2458649 us 1.51 %
Z1_32 RX 9329742 us 5.74 %
Z1_32 INT 636429 us 0.39 %
Z1_33 MONITORED 162525483 us
Z1_33 ON 20119355 us 12.38 %
Z1_33 TX 2458620 us 1.51 %
Z1_33 RX 9777030 us 6.02 %
Z1_33 INT 612099 us 0.38 %
Z1_34 MONITORED 162514525 us
Z1_34 ON 20816756 us 12.81 %
Z1_34 TX 2556992 us 1.57 %
Z1_34 RX 10120177 us 6.23 %
Z1_34 INT 568843 us 0.35 %
Z1_35 MONITORED 162511115 us
Z1_35 ON 20520296 us 12.63 %
Z1_35 TX 2458600 us 1.51 %
Z1_35 RX 9955993 us 6.13 %
Z1_35 INT 598605 us 0.37 %
Z1_36 MONITORED 162541201 us
Z1_36 ON 19534639 us 12.02 %
Z1_36 TX 0 us 0.00 %
Z1_36 RX 10961194 us 6.74 %
Z1_36 INT 715479 us 0.44 %
AVG ON 444919492 us 6.81 %
AVG TX 39722685 us 0.61 %
AVG RX 144488970 us 2.21 %
AVG INT 24293985 us 0.37 %
Z1_1 MONITORED 179948978 us
Z1_1 ON 178459265 us 99.17 %
Z1_1 TX 241210 us 0.13 %
Z1_1 RX 39095882 us 21.73 %
Z1_1 INT 195719 us 0.11 %
Z1_2 MONITORED 181516789 us
Z1_2 ON 4884213 us 2.69 %
Z1_2 TX 801538 us 0.44 %
Z1_2 RX 1561672 us 0.86 %
Z1_2 INT 693693 us 0.38 %
Z1_3 MONITORED 181462758 us
Z1_3 ON 6293151 us 3.47 %
Z1_3 TX 809970 us 0.45 %
Z1_3 RX 2513680 us 1.39 %
Z1_3 INT 846931 us 0.47 %
Z1_4 MONITORED 181456957 us
Z1_4 ON 5985639 us 3.30 %
Z1_4 TX 913289 us 0.50 %
Z1_4 RX 2161860 us 1.19 %
Z1_4 INT 870950 us 0.48 %
Z1_5 MONITORED 181491490 us
Z1_5 ON 5081157 us 2.80 %
Z1_5 TX 1069878 us 0.59 %
Z1_5 RX 1500613 us 0.83 %
Z1_5 INT 532652 us 0.29 %
Z1_6 MONITORED 181465680 us
Z1_6 ON 6632680 us 3.66 %
Z1_6 TX 816055 us 0.45 %
Z1_6 RX 2239573 us 1.23 %
Z1_6 INT 904965 us 0.50 %
Z1_7 MONITORED 181497665 us
Z1_7 ON 5123330 us 2.82 %
Z1_7 TX 811184 us 0.45 %
Z1_7 RX 1632290 us 0.90 %
Z1_7 INT 638890 us 0.35 %
Z1_8 MONITORED 181444615 us
Z1_8 ON 5164111 us 2.85 %
Z1_8 TX 809031 us 0.45 %
Z1_8 RX 1794852 us 0.99 %
Z1_8 INT 686855 us 0.38 %
Z1_9 MONITORED 181538321 us
Z1_9 ON 5884384 us 3.24 %
Z1_9 TX 1055743 us 0.58 %
Z1_9 RX 2154830 us 1.19 %
Z1_9 INT 669211 us 0.37 %
Z1_10 MONITORED 181518323 us
Z1_10 ON 5179554 us 2.85 %
Z1_10 TX 843198 us 0.46 %
Z1_10 RX 1790523 us 0.99 %
Z1_10 INT 643778 us 0.35 %
Z1_11 MONITORED 181532801 us
Z1_11 ON 5114147 us 2.82 %
Z1_11 TX 826147 us 0.46 %
Z1_11 RX 1806101 us 0.99 %
Z1_11 INT 675088 us 0.37 %
Z1_12 MONITORED 181507233 us
Z1_12 ON 5605517 us 3.09 %
Z1_12 TX 959152 us 0.53 %
Z1_12 RX 1910000 us 1.05 %
Z1_12 INT 676163 us 0.37 %
Z1_13 MONITORED 181490504 us
Z1_13 ON 5602147 us 3.09 %
Z1_13 TX 924500 us 0.51 %
Z1_13 RX 1941659 us 1.07 %
Z1_13 INT 626871 us 0.35 %
Z1_14 MONITORED 181537093 us
Z1_14 ON 5425520 us 2.99 %
Z1_14 TX 975592 us 0.54 %
Z1_14 RX 1900931 us 1.05 %
Z1_14 INT 643590 us 0.35 %
Z1_15 MONITORED 181491526 us
Z1_15 ON 5789445 us 3.19 %
Z1_15 TX 1053541 us 0.58 %
Z1_15 RX 2020142 us 1.11 %
Z1_15 INT 565686 us 0.31 %
Z1_16 MONITORED 181486642 us
Z1_16 ON 4792671 us 2.64 %
Z1_16 TX 872974 us 0.48 %
Z1_16 RX 1501998 us 0.83 %
Z1_16 INT 577182 us 0.32 %
Z1_17 MONITORED 181501758 us
Z1_17 ON 5195215 us 2.86 %
Z1_17 TX 826179 us 0.46 %
Z1_17 RX 1759452 us 0.97 %
Z1_17 INT 666502 us 0.37 %
Z1_18 MONITORED 181561961 us
Z1_18 ON 5769719 us 3.18 %
Z1_18 TX 1082618 us 0.60 %
Z1_18 RX 1911963 us 1.05 %
Z1_18 INT 816854 us 0.45 %
Z1_19 MONITORED 181540706 us
Z1_19 ON 5475362 us 3.02 %
Z1_19 TX 928990 us 0.51 %
Z1_19 RX 1799150 us 0.99 %
Z1_19 INT 789113 us 0.43 %
Z1_20 MONITORED 181508398 us
Z1_20 ON 5060977 us 2.79 %
Z1_20 TX 934043 us 0.51 %
Z1_20 RX 1566817 us 0.86 %
Z1_20 INT 683504 us 0.38 %
Z1_21 MONITORED 181491537 us
Z1_21 ON 4758897 us 2.62 %
Z1_21 TX 1047622 us 0.58 %
Z1_21 RX 1373845 us 0.76 %
Z1_21 INT 564378 us 0.31 %
Z1_22 MONITORED 181551834 us
Z1_22 ON 5425135 us 2.99 %
Z1_22 TX 864912 us 0.48 %
Z1_22 RX 1943982 us 1.07 %
Z1_22 INT 737019 us 0.41 %
Z1_23 MONITORED 181543895 us
Z1_23 ON 5833831 us 3.21 %
Z1_23 TX 1177357 us 0.65 %
Z1_23 RX 1894204 us 1.04 %
Z1_23 INT 738613 us 0.41 %
Z1_24 MONITORED 181529313 us
Z1_24 ON 5214638 us 2.87 %
Z1_24 TX 1065119 us 0.59 %
Z1_24 RX 1626426 us 0.90 %
Z1_24 INT 696652 us 0.38 %
Z1_25 MONITORED 181508831 us
Z1_25 ON 5385885 us 2.97 %
Z1_25 TX 792704 us 0.44 %
Z1_25 RX 2047325 us 1.13 %
Z1_25 INT 623441 us 0.34 %
Z1_26 MONITORED 181441833 us
Z1_26 ON 5950356 us 3.28 %
Z1_26 TX 885294 us 0.49 %
Z1_26 RX 2085927 us 1.15 %
Z1_26 INT 820638 us 0.45 %
Z1_27 MONITORED 181514951 us
Z1_27 ON 5026798 us 2.77 %
Z1_27 TX 843748 us 0.46 %
Z1_27 RX 1655583 us 0.91 %
Z1_27 INT 584951 us 0.32 %
Z1_28 MONITORED 181512259 us
Z1_28 ON 5215709 us 2.87 %
Z1_28 TX 1105805 us 0.61 %
Z1_28 RX 1545314 us 0.85 %
Z1_28 INT 719646 us 0.40 %
Z1_29 MONITORED 181442136 us
Z1_29 ON 5785362 us 3.19 %
Z1_29 TX 1057749 us 0.58 %
Z1_29 RX 1949105 us 1.07 %
Z1_29 INT 849458 us 0.47 %
Z1_30 MONITORED 181545463 us
Z1_30 ON 5167469 us 2.85 %
Z1_30 TX 1036666 us 0.57 %
Z1_30 RX 1616655 us 0.89 %
Z1_30 INT 723038 us 0.40 %
Z1_31 MONITORED 181475382 us
Z1_31 ON 5201099 us 2.87 %
Z1_31 TX 882829 us 0.49 %
Z1_31 RX 1757092 us 0.97 %
Z1_31 INT 572175 us 0.32 %
Z1_32 MONITORED 181509344 us
Z1_32 ON 20279563 us 11.17 %
Z1_32 TX 2852030 us 1.57 %
Z1_32 RX 9376496 us 5.17 %
Z1_32 INT 652476 us 0.36 %
Z1_33 MONITORED 181525483 us
Z1_33 ON 20801977 us 11.46 %
Z1_33 TX 2852010 us 1.57 %
Z1_33 RX 9832876 us 5.42 %
Z1_33 INT 639390 us 0.35 %
Z1_34 MONITORED 181514525 us
Z1_34 ON 21394150 us 11.79 %
Z1_34 TX 2852034 us 1.57 %
Z1_34 RX 10180677 us 5.61 %
Z1_34 INT 600248 us 0.33 %
Z1_35 MONITORED 181511115 us
Z1_35 ON 21190708 us 11.67 %
Z1_35 TX 2851974 us 1.57 %
Z1_35 RX 10003981 us 5.51 %
Z1_35 INT 624712 us 0.34 %
Z1_36 MONITORED 181541201 us
Z1_36 ON 19769711 us 10.89 %
Z1_36 TX 0 us 0.00 %
Z1_36 RX 11035494 us 6.08 %
Z1_36 INT 742953 us 0.41 %
AVG ON 473551010 us 6.64 %
AVG TX 41629025 us 0.58 %
AVG RX 149258351 us 2.09 %
AVG INT 25404121 us 0.36 %
Z1_1 MONITORED 197860420 us
Z1_1 ON 196370707 us 99.25 %
Z1_1 TX 244090 us 0.12 %
Z1_1 RX 40999342 us 20.72 %
Z1_1 INT 195719 us 0.10 %
Z1_2 MONITORED 198266789 us
Z1_2 ON 5115735 us 2.58 %
Z1_2 TX 801538 us 0.40 %
Z1_2 RX 1631103 us 0.82 %
Z1_2 INT 734254 us 0.37 %
Z1_3 MONITORED 198212758 us
Z1_3 ON 6627434 us 3.34 %
Z1_3 TX 809970 us 0.41 %
Z1_3 RX 2658030 us 1.34 %
Z1_3 INT 895396 us 0.45 %
Z1_4 MONITORED 198206957 us
Z1_4 ON 6386039 us 3.22 %
Z1_4 TX 1002114 us 0.51 %
Z1_4 RX 2271485 us 1.15 %
Z1_4 INT 912469 us 0.46 %
Z1_5 MONITORED 198241490 us
Z1_5 ON 5308160 us 2.68 %
Z1_5 TX 1087757 us 0.55 %
Z1_5 RX 1563963 us 0.79 %
Z1_5 INT 548777 us 0.28 %
Z1_6 MONITORED 198215680 us
Z1_6 ON 6948207 us 3.51 %
Z1_6 TX 843904 us 0.43 %
Z1_6 RX 2323670 us 1.17 %
Z1_6 INT 952171 us 0.48 %
Z1_7 MONITORED 198247665 us
Z1_7 ON 5336753 us 2.69 %
Z1_7 TX 811184 us 0.41 %
Z1_7 RX 1702417 us 0.86 %
Z1_7 INT 662592 us 0.33 %
Z1_8 MONITORED 198194615 us
Z1_8 ON 5488166 us 2.77 %
Z1_8 TX 901270 us 0.45 %
Z1_8 RX 1862461 us 0.94 %
Z1_8 INT 707892 us 0.36 %
Z1_9 MONITORED 198288321 us
Z1_9 ON 6307013 us 3.18 %
Z1_9 TX 1140032 us 0.57 %
Z1_9 RX 2294016 us 1.16 %
Z1_9 INT 703078 us 0.35 %
Z1_10 MONITORED 198268323 us
Z1_10 ON 5406585 us 2.73 %
Z1_10 TX 853447 us 0.43 %
Z1_10 RX 1853124 us 0.93 %
Z1_10 INT 673709 us 0.34 %
Z1_11 MONITORED 198282801 us
Z1_11 ON 5333002 us 2.69 %
Z1_11 TX 826147 us 0.42 %
Z1_11 RX 1873781 us 0.95 %
Z1_11 INT 704526 us 0.36 %
Z1_12 MONITORED 198257233 us
Z1_12 ON 5915156 us 2.98 %
Z1_12 TX 971922 us 0.49 %
Z1_12 RX 2029766 us 1.02 %
Z1_12 INT 708319 us 0.36 %
Z1_13 MONITORED 198240504 us
Z1_13 ON 5883875 us 2.97 %
Z1_13 TX 924500 us 0.47 %
Z1_13 RX 2055888 us 1.04 %
Z1_13 INT 658261 us 0.33 %
Z1_14 MONITORED 198287093 us
Z1_14 ON 5765258 us 2.91 %
Z1_14 TX 1024124 us 0.52 %
Z1_14 RX 2022557 us 1.02 %
Z1_14 INT 664565 us 0.34 %
Z1_15 MONITORED 198241526 us
Z1_15 ON 6072856 us 3.06 %
Z1_15 TX 1053541 us 0.53 %
Z1_15 RX 2141032 us 1.08 %
Z1_15 INT 588722 us 0.30 %
Z1_16 MONITORED 198236642 us
Z1_16 ON 4979771 us 2.51 %
Z1_16 TX 873614 us 0.44 %
Z1_16 RX 1553435 us 0.78 %
Z1_16 INT 597760 us 0.30 %
Z1_17 MONITORED 198251758 us
Z1_17 ON 5454002 us 2.75 %
Z1_17 TX 826499 us 0.42 %
Z1_17 RX 1857887 us 0.94 %
Z1_17 INT 695729 us 0.35 %
Z1_18 MONITORED 198186961 us
Z1_18 ON 5982072 us 3.02 %
Z1_18 TX 1082618 us 0.55 %
Z1_18 RX 1970464 us 0.99 %
Z1_18 INT 853614 us 0.43 %
Z1_19 MONITORED 198290706 us
Z1_19 ON 5705207 us 2.88 %
Z1_19 TX 928990 us 0.47 %
Z1_19 RX 1868302 us 0.94 %
Z1_19 INT 828752 us 0.42 %
Z1_20 MONITORED 198258398 us
Z1_20 ON 5283297 us 2.66 %
Z1_20 TX 934043 us 0.47 %
Z1_20 RX 1627485 us 0.82 %
Z1_20 INT 725761 us 0.37 %
Z1_21 MONITORED 198241537 us
Z1_21 ON 4985256 us 2.51 %
Z1_21 TX 1065502 us 0.54 %
Z1_21 RX 1426384 us 0.72 %
Z1_21 INT 590750 us 0.30 %
Z1_22 MONITORED 198301834 us
Z1_22 ON 5656768 us 2.85 %
Z1_22 TX 864912 us 0.44 %
Z1_22 RX 2023792 us 1.02 %
Z1_22 INT 766457 us 0.39 %
Z1_23 MONITORED 198293895 us
Z1_23 ON 6091403 us 3.07 %
Z1_23 TX 1185019 us 0.60 %
Z1_23 RX 1975655 us 1.00 %
Z1_23 INT 779237 us 0.39 %
Z1_24 MONITORED 198279313 us
Z1_24 ON 5415936 us 2.73 %
Z1_24 TX 1065119 us 0.54 %
Z1_24 RX 1679343 us 0.85 %
Z1_24 INT 728634 us 0.37 %
Z1_25 MONITORED 198258831 us
Z1_25 ON 5678359 us 2.86 %
Z1_25 TX 792704 us 0.40 %
Z1_25 RX 2170985 us 1.10 %
Z1_25 INT 655148 us 0.33 %
Z1_26 MONITORED 198191833 us
Z1_26 ON 6201543 us 3.13 %
Z1_26 TX 885294 us 0.45 %
Z1_26 RX 2167731 us 1.09 %
Z1_26 INT 860621 us 0.43 %
Z1_27 MONITORED 198264951 us
Z1_27 ON 5249435 us 2.65 %
Z1_27 TX 843748 us 0.43 %
Z1_27 RX 1732817 us 0.87 %
Z1_27 INT 607723 us 0.31 %
Z1_28 MONITORED 198262259 us
Z1_28 ON 5514133 us 2.78 %
Z1_28 TX 1151778 us 0.58 %
Z1_28 RX 1613562 us 0.81 %
Z1_28 INT 763539 us 0.39 %
Z1_29 MONITORED 198192136 us
Z1_29 ON 6046392 us 3.05 %
Z1_29 TX 1057749 us 0.53 %
Z1_29 RX 2029253 us 1.02 %
Z1_29 INT 900059 us 0.45 %
Z1_30 MONITORED 198295463 us
Z1_30 ON 5394544 us 2.72 %
Z1_30 TX 1036666 us 0.52 %
Z1_30 RX 1688939 us 0.85 %
Z1_30 INT 755370 us 0.38 %
Z1_31 MONITORED 198225382 us
Z1_31 ON 5564760 us 2.81 %
Z1_31 TX 954342 us 0.48 %
Z1_31 RX 1863748 us 0.94 %
Z1_31 INT 604301 us 0.30 %
Z1_32 MONITORED 198259344 us
Z1_32 ON 20820680 us 10.50 %
Z1_32 TX 3147073 us 1.59 %
Z1_32 RX 9426234 us 4.75 %
Z1_32 INT 676409 us 0.34 %
Z1_33 MONITORED 198275483 us
Z1_33 ON 21475478 us 10.83 %
Z1_33 TX 3245398 us 1.64 %
Z1_33 RX 9896254 us 4.99 %
Z1_33 INT 662465 us 0.33 %
Z1_34 MONITORED 198264525 us
Z1_34 ON 22057754 us 11.13 %
Z1_34 TX 3245410 us 1.64 %
Z1_34 RX 10236226 us 5.16 %
Z1_34 INT 623295 us 0.31 %
Z1_35 MONITORED 198261115 us
Z1_35 ON 21735654 us 10.96 %
Z1_35 TX 3147007 us 1.59 %
Z1_35 RX 10059340 us 5.07 %
Z1_35 INT 645355 us 0.33 %
Z1_36 MONITORED 198291201 us
Z1_36 ON 19993620 us 10.08 %
Z1_36 TX 0 us 0.00 %
Z1_36 RX 11107880 us 5.60 %
Z1_36 INT 772692 us 0.39 %
AVG ON 504320278 us 6.47 %
AVG TX 44074290 us 0.57 %
AVG RX 155160159 us 1.99 %
AVG INT 26826973 us 0.34 %
Z1_1 MONITORED 215859556 us
Z1_1 ON 214369843 us 99.31 %
Z1_1 TX 247612 us 0.11 %
Z1_1 RX 43441085 us 20.12 %
Z1_1 INT 195719 us 0.09 %
Z1_2 MONITORED 216516789 us
Z1_2 ON 5479775 us 2.53 %
Z1_2 TX 873282 us 0.40 %
Z1_2 RX 1727493 us 0.80 %
Z1_2 INT 778130 us 0.36 %
Z1_3 MONITORED 216462758 us
Z1_3 ON 7098569 us 3.28 %
Z1_3 TX 915875 us 0.42 %
Z1_3 RX 2798760 us 1.29 %
Z1_3 INT 947640 us 0.44 %
Z1_4 MONITORED 216456957 us
Z1_4 ON 6802792 us 3.14 %
Z1_4 TX 1073629 us 0.50 %
Z1_4 RX 2394246 us 1.11 %
Z1_4 INT 963967 us 0.45 %
Z1_5 MONITORED 216491490 us
Z1_5 ON 5539490 us 2.56 %
Z1_5 TX 1087757 us 0.50 %
Z1_5 RX 1641610 us 0.76 %
Z1_5 INT 573562 us 0.26 %
Z1_6 MONITORED 216465680 us
Z1_6 ON 7351422 us 3.40 %
Z1_6 TX 878682 us 0.41 %
Z1_6 RX 2418720 us 1.12 %
Z1_6 INT 1009336 us 0.47 %
Z1_7 MONITORED 216497665 us
Z1_7 ON 5589704 us 2.58 %
Z1_7 TX 811184 us 0.37 %
Z1_7 RX 1790200 us 0.83 %
Z1_7 INT 695593 us 0.32 %
Z1_8 MONITORED 216444615 us
Z1_8 ON 5752328 us 2.66 %
Z1_8 TX 901270 us 0.42 %
Z1_8 RX 1955561 us 0.90 %
Z1_8 INT 743147 us 0.34 %
Z1_9 MONITORED 216538321 us
Z1_9 ON 6658087 us 3.07 %
Z1_9 TX 1140672 us 0.53 %
Z1_9 RX 2443165 us 1.13 %
Z1_9 INT 754203 us 0.35 %
Z1_10 MONITORED 216518323 us
Z1_10 ON 5660338 us 2.61 %
Z1_10 TX 853447 us 0.39 %
Z1_10 RX 1936932 us 0.89 %
Z1_10 INT 711374 us 0.33 %
Z1_11 MONITORED 216532801 us
Z1_11 ON 5601379 us 2.59 %
Z1_11 TX 826147 us 0.38 %
Z1_11 RX 1964921 us 0.91 %
Z1_11 INT 746637 us 0.34 %
Z1_12 MONITORED 216507233 us
Z1_12 ON 6257678 us 2.89 %
Z1_12 TX 971922 us 0.45 %
Z1_12 RX 2175275 us 1.00 %
Z1_12 INT 752404 us 0.35 %
Z1_13 MONITORED 216490504 us
Z1_13 ON 6251045 us 2.89 %
Z1_13 TX 980693 us 0.45 %
Z1_13 RX 2169641 us 1.00 %
Z1_13 INT 694277 us 0.32 %
Z1_14 MONITORED 216537093 us
Z1_14 ON 6113181 us 2.82 %
Z1_14 TX 1024124 us 0.47 %
Z1_14 RX 2185993 us 1.01 %
Z1_14 INT 698534 us 0.32 %
Z1_15 MONITORED 216491526 us
Z1_15 ON 6432078 us 2.97 %
Z1_15 TX 1102065 us 0.51 %
Z1_15 RX 2257485 us 1.04 %
Z1_15 INT 623446 us 0.29 %
Z1_16 MONITORED 216486642 us
Z1_16 ON 5173460 us 2.39 %
Z1_16 TX 873934 us 0.40 %
Z1_16 RX 1599882 us 0.74 %
Z1_16 INT 623668 us 0.29 %
Z1_17 MONITORED 216501758 us
Z1_17 ON 5899513 us 2.72 %
Z1_17 TX 925151 us 0.43 %
Z1_17 RX 1992109 us 0.92 %
Z1_17 INT 732813 us 0.34 %
Z1_18 MONITORED 216561961 us
Z1_18 ON 6411720 us 2.96 %
Z1_18 TX 1207897 us 0.56 %
Z1_18 RX 2052569 us 0.95 %
Z1_18 INT 905736 us 0.42 %
Z1_19 MONITORED 216540706 us
Z1_19 ON 6080392 us 2.81 %
Z1_19 TX 1005611 us 0.46 %
Z1_19 RX 1965534 us 0.91 %
Z1_19 INT 871768 us 0.40 %
Z1_20 MONITORED 216508398 us
Z1_20 ON 5578412 us 2.58 %
Z1_20 TX 971626 us 0.45 %
Z1_20 RX 1700206 us 0.79 %
Z1_20 INT 770251 us 0.36 %
Z1_21 MONITORED 216491537 us
Z1_21 ON 5216225 us 2.41 %
Z1_21 TX 1065502 us 0.49 %
Z1_21 RX 1490166 us 0.69 %
Z1_21 INT 628755 us 0.29 %
Z1_22 MONITORED 216551834 us
Z1_22 ON 6062542 us 2.80 %
Z1_22 TX 964522 us 0.45 %
Z1_22 RX 2126795 us 0.98 %
Z1_22 INT 803089 us 0.37 %
Z1_23 MONITORED 216543895 us
Z1_23 ON 6380334 us 2.95 %
Z1_23 TX 1185019 us 0.55 %
Z1_23 RX 2077260 us 0.96 %
Z1_23 INT 830085 us 0.38 %
Z1_24 MONITORED 216529313 us
Z1_24 ON 5740092 us 2.65 %
Z1_24 TX 1126413 us 0.52 %
Z1_24 RX 1753454 us 0.81 %
Z1_24 INT 770243 us 0.36 %
Z1_25 MONITORED 216508831 us
Z1_25 ON 6054880 us 2.80 %
Z1_25 TX 846341 us 0.39 %
Z1_25 RX 2292788 us 1.06 %
Z1_25 INT 694299 us 0.32 %
Z1_26 MONITORED 216441833 us
Z1_26 ON 6502002 us 3.00 %
Z1_26 TX 885294 us 0.41 %
Z1_26 RX 2270739 us 1.05 %
Z1_26 INT 911929 us 0.42 %
Z1_27 MONITORED 216514951 us
Z1_27 ON 5608210 us 2.59 %
Z1_27 TX 922928 us 0.43 %
Z1_27 RX 1821263 us 0.84 %
Z1_27 INT 639257 us 0.30 %
Z1_28 MONITORED 216512259 us
Z1_28 ON 5775087 us 2.67 %
Z1_28 TX 1151778 us 0.53 %
Z1_28 RX 1696186 us 0.78 %
Z1_28 INT 809808 us 0.37 %
Z1_29 MONITORED 216442136 us
Z1_29 ON 6359895 us 2.94 %
Z1_29 TX 1057749 us 0.49 %
Z1_29 RX 2136796 us 0.99 %
Z1_29 INT 959736 us 0.44 %
Z1_30 MONITORED 216545463 us
Z1_30 ON 5722722 us 2.64 %
Z1_30 TX 1080082 us 0.50 %
Z1_30 RX 1778192 us 0.82 %
Z1_30 INT 802284 us 0.37 %
Z1_31 MONITORED 216475382 us
Z1_31 ON 5867484 us 2.71 %
Z1_31 TX 954342 us 0.44 %
Z1_31 RX 1987855 us 0.92 %
Z1_31 INT 640102 us 0.30 %
Z1_32 MONITORED 216509344 us
Z1_32 ON 21502233 us 9.93 %
Z1_32 TX 3540467 us 1.64 %
Z1_32 RX 9487969 us 4.38 %
Z1_32 INT 702001 us 0.32 %
Z1_33 MONITORED 216525483 us
Z1_33 ON 22092914 us 10.20 %
Z1_33 TX 3540440 us 1.64 %
Z1_33 RX 9984832 us 4.61 %
Z1_33 INT 706665 us 0.33 %
Z1_34 MONITORED 216514525 us
Z1_34 ON 22648011 us 10.46 %
Z1_34 TX 3540449 us 1.64 %
Z1_34 RX 10312483 us 4.76 %
Z1_34 INT 655827 us 0.30 %
Z1_35 MONITORED 216511115 us
Z1_35 ON 22420146 us 10.36 %
Z1_35 TX 3540384 us 1.64 %
Z1_35 RX 10125545 us 4.68 %
Z1_35 INT 668154 us 0.31 %
Z1_36 MONITORED 216541201 us
Z1_36 ON 20266295 us 9.36 %
Z1_36 TX 0 us 0.00 %
Z1_36 RX 11206449 us 5.18 %
Z1_36 INT 812534 us 0.38 %
