30266798	ID:36	RPL: Sending a DIS to fe80::c30c:0:0:8
30360012	ID:32	RPL: Sending a DIS to fe80::c30c:0:0:3
30379026	ID:33	RPL: Sending a DIS to fe80::c30c:0:0:2
30486712	ID:35	RPL: Sending a DIS to fe80::c30c:0:0:7
30875199	ID:34	RPL: Sending a DIS to fe80::c30c:0:0:6
31532204	ID:34	RPL: Received a DIO from fe80::c30c:0:0:6
31535973	ID:34	RPL: Incoming DIO (id, ver, rank) = (30,240,292)
31540510	ID:34	RPL: Incoming DIO (dag_id, pref) = (fd00::ff:fe00:1, 0)
31542736	ID:34	RPL: DIO option 4, length: 14
31548788	ID:34	RPL: DAG conf:dbl=8, min=12 red=10 maxinc=896 mininc=128 ocp=1 d_l=10 l_u=60
31551014	ID:34	RPL: DIO option 8, length: 30
31553283	ID:34	RPL: Copying prefix information
31560757	ID:34	RPL: Neighbor added to neighbor cache fe80::c30c:0:0:6, c1:0c:00:00:00:00:00:06
32540395	ID:33	RPL: Received a DIO from fe80::c30c:0:0:2
32544169	ID:33	RPL: Incoming DIO (id, ver, rank) = (30,240,495)
32548667	ID:33	RPL: Incoming DIO (dag_id, pref) = (fd00::ff:fe00:1, 0)
32550911	ID:33	RPL: DIO option 4, length: 14
32556931	ID:33	RPL: DAG conf:dbl=8, min=12 red=10 maxinc=896 mininc=128 ocp=1 d_l=10 l_u=60
32559181	ID:33	RPL: DIO option 8, length: 30
32561449	ID:33	RPL: Copying prefix information
32569665	ID:33	RPL: Neighbor added to neighbor cache fe80::c30c:0:0:2, c1:0c:00:00:00:00:00:02
33275601	ID:35	RPL: Received a DIO from fe80::c30c:0:0:7
33279375	ID:35	RPL: Incoming DIO (id, ver, rank) = (30,240,548)
33283874	ID:35	RPL: Incoming DIO (dag_id, pref) = (fd00::ff:fe00:1, 0)
33286138	ID:35	RPL: DIO option 4, length: 14
33292157	ID:35	RPL: DAG conf:dbl=8, min=12 red=10 maxinc=896 mininc=128 ocp=1 d_l=10 l_u=60
33294383	ID:35	RPL: DIO option 8, length: 30
33296652	ID:35	RPL: Copying prefix information
33304967	ID:35	RPL: Neighbor added to neighbor cache fe80::c30c:0:0:7, c1:0c:00:00:00:00:00:07
34776248	ID:32	RPL: Received a DIO from fe80::c30c:0:0:3
34780022	ID:32	RPL: Incoming DIO (id, ver, rank) = (30,240,509)
34784559	ID:32	RPL: Incoming DIO (dag_id, pref) = (fd00::ff:fe00:1, 0)
34786785	ID:32	RPL: DIO option 4, length: 14
34792804	ID:32	RPL: DAG conf:dbl=8, min=12 red=10 maxinc=896 mininc=128 ocp=1 d_l=10 l_u=60
34795030	ID:32	RPL: DIO option 8, length: 30
34797299	ID:32	RPL: Copying prefix information
34806201	ID:32	RPL: Neighbor added to neighbor cache fe80::c30c:0:0:3, c1:0c:00:00:00:00:00:03
36566923	ID:34	RPL: Sending a multicast-DIO with rank 292
37570068	ID:33	RPL: Sending a multicast-DIO with rank 495
38305863	ID:35	RPL: Sending a multicast-DIO with rank 548
39811742	ID:32	RPL: Sending a multicast-DIO with rank 509
41566902	ID:34	RPL: Sending a multicast-DIO with rank 292
42570047	ID:33	RPL: Sending a multicast-DIO with rank 495
43305680	ID:35	RPL: Sending a multicast-DIO with rank 548
44811721	ID:32	RPL: Sending a multicast-DIO with rank 509
46566902	ID:34	RPL: Sending a multicast-DIO with rank 292
47570047	ID:33	RPL: Sending a multicast-DIO with rank 495
48305680	ID:35	RPL: Sending a multicast-DIO with rank 548
49811721	ID:32	RPL: Sending a multicast-DIO with rank 509
51566902	ID:34	RPL: Sending a multicast-DIO with rank 292
52570047	ID:33	RPL: Sending a multicast-DIO with rank 495
53305680	ID:35	RPL: Sending a multicast-DIO with rank 548
54811721	ID:32	RPL: Sending a multicast-DIO with rank 509
56566902	ID:34	RPL: Sending a multicast-DIO with rank 292
57570047	ID:33	RPL: Sending a multicast-DIO with rank 495
58305680	ID:35	RPL: Sending a multicast-DIO with rank 548
59811721	ID:32	RPL: Sending a multicast-DIO with rank 509
61566902	ID:34	RPL: Sending a multicast-DIO with rank 292
62049700	ID:36	RPL: Sending a DIS to fe80::c30c:0:0:8
62570047	ID:33	RPL: Sending a multicast-DIO with rank 495
63305680	ID:35	RPL: Sending a multicast-DIO with rank 548
64811721	ID:32	RPL: Sending a multicast-DIO with rank 509
66566902	ID:34	RPL: Sending a multicast-DIO with rank 292
67570047	ID:33	RPL: Sending a multicast-DIO with rank 495
68305680	ID:35	RPL: Sending a multicast-DIO with rank 548
69811721	ID:32	RPL: Sending a multicast-DIO with rank 509
71566902	ID:34	RPL: Sending a multicast-DIO with rank 292
72570047	ID:33	RPL: Sending a multicast-DIO with rank 495
73305680	ID:35	RPL: Sending a multicast-DIO with rank 548
74811721	ID:32	RPL: Sending a multicast-DIO with rank 509
76566902	ID:34	RPL: Sending a multicast-DIO with rank 292
77570047	ID:33	RPL: Sending a multicast-DIO with rank 495
78305680	ID:35	RPL: Sending a multicast-DIO with rank 548
79811721	ID:32	RPL: Sending a multicast-DIO with rank 509
81566902	ID:34	RPL: Sending a multicast-DIO with rank 292
82570047	ID:33	RPL: Sending a multicast-DIO with rank 495
83305680	ID:35	RPL: Sending a multicast-DIO with rank 548
84811721	ID:32	RPL: Sending a multicast-DIO with rank 509
86566902	ID:34	RPL: Sending a multicast-DIO with rank 292
87570047	ID:33	RPL: Sending a multicast-DIO with rank 495
88305680	ID:35	RPL: Sending a multicast-DIO with rank 548
89811721	ID:32	RPL: Sending a multicast-DIO with rank 509
91566889	ID:34	RPL: Sending a multicast-DIO with rank 292
92570034	ID:33	RPL: Sending a multicast-DIO with rank 495
93305667	ID:35	RPL: Sending a multicast-DIO with rank 548
94811708	ID:32	RPL: Sending a multicast-DIO with rank 509
96566889	ID:34	RPL: Sending a multicast-DIO with rank 292
97570034	ID:33	RPL: Sending a multicast-DIO with rank 495
98305667	ID:35	RPL: Sending a multicast-DIO with rank 548
99811708	ID:32	RPL: Sending a multicast-DIO with rank 509
101566889	ID:34	RPL: Sending a multicast-DIO with rank 292
102570034	ID:33	RPL: Sending a multicast-DIO with rank 495
103305667	ID:35	RPL: Sending a multicast-DIO with rank 548
104811708	ID:32	RPL: Sending a multicast-DIO with rank 509
106566889	ID:34	RPL: Sending a multicast-DIO with rank 292
107570034	ID:33	RPL: Sending a multicast-DIO with rank 495
108305667	ID:35	RPL: Sending a multicast-DIO with rank 548
109811708	ID:32	RPL: Sending a multicast-DIO with rank 509
111566889	ID:34	RPL: Sending a multicast-DIO with rank 292
112570034	ID:33	RPL: Sending a multicast-DIO with rank 495
113305667	ID:35	RPL: Sending a multicast-DIO with rank 548
114811708	ID:32	RPL: Sending a multicast-DIO with rank 509
116566889	ID:34	RPL: Sending a multicast-DIO with rank 292
117570034	ID:33	RPL: Sending a multicast-DIO with rank 495
118305667	ID:35	RPL: Sending a multicast-DIO with rank 548
119811708	ID:32	RPL: Sending a multicast-DIO with rank 509
121566889	ID:34	RPL: Sending a multicast-DIO with rank 292
122049687	ID:36	RPL: Sending a DIS to fe80::c30c:0:0:8
122570034	ID:33	RPL: Sending a multicast-DIO with rank 495
123305667	ID:35	RPL: Sending a multicast-DIO with rank 548
124811708	ID:32	RPL: Sending a multicast-DIO with rank 509
126566889	ID:34	RPL: Sending a multicast-DIO with rank 292
127570034	ID:33	RPL: Sending a multicast-DIO with rank 495
128305667	ID:35	RPL: Sending a multicast-DIO with rank 548
129811708	ID:32	RPL: Sending a multicast-DIO with rank 509
131566889	ID:34	RPL: Sending a multicast-DIO with rank 292
132570034	ID:33	RPL: Sending a multicast-DIO with rank 495
133305667	ID:35	RPL: Sending a multicast-DIO with rank 548
134811708	ID:32	RPL: Sending a multicast-DIO with rank 509
136566889	ID:34	RPL: Sending a multicast-DIO with rank 292
137570034	ID:33	RPL: Sending a multicast-DIO with rank 495
138305667	ID:35	RPL: Sending a multicast-DIO with rank 548
139811708	ID:32	RPL: Sending a multicast-DIO with rank 509
141566889	ID:34	RPL: Sending a multicast-DIO with rank 292
142570034	ID:33	RPL: Sending a multicast-DIO with rank 495
143305667	ID:35	RPL: Sending a multicast-DIO with rank 548
144811708	ID:32	RPL: Sending a multicast-DIO with rank 509
146566889	ID:34	RPL: Sending a multicast-DIO with rank 292
147570034	ID:33	RPL: Sending a multicast-DIO with rank 495
148305667	ID:35	RPL: Sending a multicast-DIO with rank 548
149811708	ID:32	RPL: Sending a multicast-DIO with rank 509
151566889	ID:34	RPL: Sending a multicast-DIO with rank 292
152570034	ID:33	RPL: Sending a multicast-DIO with rank 495
153305667	ID:35	RPL: Sending a multicast-DIO with rank 548
154811708	ID:32	RPL: Sending a multicast-DIO with rank 509
156566889	ID:34	RPL: Sending a multicast-DIO with rank 292
157570034	ID:33	RPL: Sending a multicast-DIO with rank 495
158305667	ID:35	RPL: Sending a multicast-DIO with rank 548
159811708	ID:32	RPL: Sending a multicast-DIO with rank 509
161566889	ID:34	RPL: Sending a multicast-DIO with rank 292
162570034	ID:33	RPL: Sending a multicast-DIO with rank 495
163305667	ID:35	RPL: Sending a multicast-DIO with rank 548
164811708	ID:32	RPL: Sending a multicast-DIO with rank 509
166566889	ID:34	RPL: Sending a multicast-DIO with rank 292
167570034	ID:33	RPL: Sending a multicast-DIO with rank 495
168305667	ID:35	RPL: Sending a multicast-DIO with rank 548
169811708	ID:32	RPL: Sending a multicast-DIO with rank 509
171566889	ID:34	RPL: Sending a multicast-DIO with rank 292
172570034	ID:33	RPL: Sending a multicast-DIO with rank 495
173305667	ID:35	RPL: Sending a multicast-DIO with rank 548
174811708	ID:32	RPL: Sending a multicast-DIO with rank 509
176566889	ID:34	RPL: Sending a multicast-DIO with rank 292
177570034	ID:33	RPL: Sending a multicast-DIO with rank 495
178305667	ID:35	RPL: Sending a multicast-DIO with rank 548
179811708	ID:32	RPL: Sending a multicast-DIO with rank 509
181566889	ID:34	RPL: Sending a multicast-DIO with rank 292
182049687	ID:36	RPL: Sending a DIS to fe80::c30c:0:0:8
182570034	ID:33	RPL: Sending a multicast-DIO with rank 495
183305667	ID:35	RPL: Sending a multicast-DIO with rank 548
184811708	ID:32	RPL: Sending a multicast-DIO with rank 509
186566889	ID:34	RPL: Sending a multicast-DIO with rank 292
187570034	ID:33	RPL: Sending a multicast-DIO with rank 495
188305667	ID:35	RPL: Sending a multicast-DIO with rank 548
189811708	ID:32	RPL: Sending a multicast-DIO with rank 509
191566889	ID:34	RPL: Sending a multicast-DIO with rank 292
192570034	ID:33	RPL: Sending a multicast-DIO with rank 495
193305667	ID:35	RPL: Sending a multicast-DIO with rank 548
194811708	ID:32	RPL: Sending a multicast-DIO with rank 509
196566889	ID:34	RPL: Sending a multicast-DIO with rank 292
197570034	ID:33	RPL: Sending a multicast-DIO with rank 495
198305667	ID:35	RPL: Sending a multicast-DIO with rank 548
199811708	ID:32	RPL: Sending a multicast-DIO with rank 509
201566889	ID:34	RPL: Sending a multicast-DIO with rank 292
202570034	ID:33	RPL: Sending a multicast-DIO with rank 495
203305667	ID:35	RPL: Sending a multicast-DIO with rank 548
204811708	ID:32	RPL: Sending a multicast-DIO with rank 509
206566889	ID:34	RPL: Sending a multicast-DIO with rank 292
207570034	ID:33	RPL: Sending a multicast-DIO with rank 495
208305667	ID:35	RPL: Sending a multicast-DIO with rank 548
209811708	ID:32	RPL: Sending a multicast-DIO with rank 509
211566889	ID:34	RPL: Sending a multicast-DIO with rank 292
212570034	ID:33	RPL: Sending a multicast-DIO with rank 495
213305667	ID:35	RPL: Sending a multicast-DIO with rank 548
214811708	ID:32	RPL: Sending a multicast-DIO with rank 509
216566889	ID:34	RPL: Sending a multicast-DIO with rank 292
217570034	ID:33	RPL: Sending a multicast-DIO with rank 495
218305667	ID:35	RPL: Sending a multicast-DIO with rank 548
219811708	ID:32	RPL: Sending a multicast-DIO with rank 509
221566889	ID:34	RPL: Sending a multicast-DIO with rank 292
222570034	ID:33	RPL: Sending a multicast-DIO with rank 495
223305667	ID:35	RPL: Sending a multicast-DIO with rank 548
224811708	ID:32	RPL: Sending a multicast-DIO with rank 509
226566889	ID:34	RPL: Sending a multicast-DIO with rank 292
227570034	ID:33	RPL: Sending a multicast-DIO with rank 495
228305667	ID:35	RPL: Sending a multicast-DIO with rank 548
229811708	ID:32	RPL: Sending a multicast-DIO with rank 509
231566889	ID:34	RPL: Sending a multicast-DIO with rank 292
