30164982	ID:32	RPL: Sending a DIS to fe80::c30c:0:0:3
30248989	ID:33	RPL: Sending a DIS to fe80::c30c:0:0:2
30285785	ID:33	RPL: Received a DIO from fe80::c30c:0:0:2
30289559	ID:33	RPL: Incoming DIO (id, ver, rank) = (30,240,672)
30294057	ID:33	RPL: Incoming DIO (dag_id, pref) = (fd00::ff:fe00:1, 0)
30296322	ID:33	RPL: DIO option 4, length: 14
30302229	ID:33	RPL: DAG conf:dbl=8, min=12 red=3 maxinc=896 mininc=128 ocp=1 d_l=10 l_u=60
30304493	ID:33	RPL: DIO option 8, length: 30
30306762	ID:33	RPL: Copying prefix information
30313957	ID:33	RPL: Neighbor added to neighbor cache fe80::c30c:0:0:2, c1:0c:00:00:00:00:00:02
30827562	ID:35	RPL: Sending a DIS to fe80::c30c:0:0:7
30930600	ID:34	RPL: Sending a DIS to fe80::c30c:0:0:6
30952259	ID:36	RPL: Sending a DIS to fe80::c30c:0:0:8
31740383	ID:36	RPL: Received a DIO from fe80::c30c:0:0:8
31744176	ID:36	RPL: Incoming DIO (id, ver, rank) = (30,240,648)
31748674	ID:36	RPL: Incoming DIO (dag_id, pref) = (fd00::ff:fe00:1, 0)
31750900	ID:36	RPL: DIO option 4, length: 14
31756807	ID:36	RPL: DAG conf:dbl=8, min=12 red=3 maxinc=896 mininc=128 ocp=1 d_l=10 l_u=60
31759033	ID:36	RPL: DIO option 8, length: 30
31761322	ID:36	RPL: Copying prefix information
31768835	ID:36	RPL: Neighbor added to neighbor cache fe80::c30c:0:0:8, c1:0c:00:00:00:00:00:08
32493091	ID:35	RPL: Received a DIO from fe80::c30c:0:0:7
32496860	ID:35	RPL: Incoming DIO (id, ver, rank) = (30,240,669)
32501358	ID:35	RPL: Incoming DIO (dag_id, pref) = (fd00::ff:fe00:1, 0)
32503584	ID:35	RPL: DIO option 4, length: 14
32509492	ID:35	RPL: DAG conf:dbl=8, min=12 red=3 maxinc=896 mininc=128 ocp=1 d_l=10 l_u=60
32511725	ID:35	RPL: DIO option 8, length: 30
32513994	ID:35	RPL: Copying prefix information
32521896	ID:35	RPL: Neighbor added to neighbor cache fe80::c30c:0:0:7, c1:0c:00:00:00:00:00:07
33582584	ID:32	RPL: Received a DIO from fe80::c30c:0:0:3
33586353	ID:32	RPL: Incoming DIO (id, ver, rank) = (30,240,640)
33590889	ID:32	RPL: Incoming DIO (dag_id, pref) = (fd00::ff:fe00:1, 0)
33593115	ID:32	RPL: DIO option 4, length: 14
33599038	ID:32	RPL: DAG conf:dbl=8, min=12 red=3 maxinc=896 mininc=128 ocp=1 d_l=10 l_u=60
33601264	ID:32	RPL: DIO option 8, length: 30
33603532	ID:32	RPL: Copying prefix information
33612615	ID:32	RPL: Neighbor added to neighbor cache fe80::c30c:0:0:3, c1:0c:00:00:00:00:00:03
35315103	ID:33	RPL: Sending a multicast-DIO with rank 672
36771247	ID:36	RPL: Sending a multicast-DIO with rank 648
37529363	ID:35	RPL: Sending a multicast-DIO with rank 669
38616782	ID:32	RPL: Sending a multicast-DIO with rank 640
40315082	ID:33	RPL: Sending a multicast-DIO with rank 672
41771226	ID:36	RPL: Sending a multicast-DIO with rank 648
42529342	ID:35	RPL: Sending a multicast-DIO with rank 669
43616761	ID:32	RPL: Sending a multicast-DIO with rank 640
45315082	ID:33	RPL: Sending a multicast-DIO with rank 672
46771226	ID:36	RPL: Sending a multicast-DIO with rank 648
47529342	ID:35	RPL: Sending a multicast-DIO with rank 669
48616761	ID:32	RPL: Sending a multicast-DIO with rank 640
50315082	ID:33	RPL: Sending a multicast-DIO with rank 672
51771226	ID:36	RPL: Sending a multicast-DIO with rank 648
52529342	ID:35	RPL: Sending a multicast-DIO with rank 669
53616761	ID:32	RPL: Sending a multicast-DIO with rank 640
55315082	ID:33	RPL: Sending a multicast-DIO with rank 672
56771226	ID:36	RPL: Sending a multicast-DIO with rank 648
57529342	ID:35	RPL: Sending a multicast-DIO with rank 669
58616761	ID:32	RPL: Sending a multicast-DIO with rank 640
60315082	ID:33	RPL: Sending a multicast-DIO with rank 672
61771226	ID:36	RPL: Sending a multicast-DIO with rank 648
62529342	ID:35	RPL: Sending a multicast-DIO with rank 669
63616761	ID:32	RPL: Sending a multicast-DIO with rank 640
65315081	ID:33	RPL: Sending a multicast-DIO with rank 672
66771226	ID:36	RPL: Sending a multicast-DIO with rank 648
67529341	ID:35	RPL: Sending a multicast-DIO with rank 669
68616761	ID:32	RPL: Sending a multicast-DIO with rank 640
70315081	ID:33	RPL: Sending a multicast-DIO with rank 672
71771225	ID:36	RPL: Sending a multicast-DIO with rank 648
72529341	ID:35	RPL: Sending a multicast-DIO with rank 669
73616761	ID:32	RPL: Sending a multicast-DIO with rank 640
75315081	ID:33	RPL: Sending a multicast-DIO with rank 672
76771226	ID:36	RPL: Sending a multicast-DIO with rank 648
77529341	ID:35	RPL: Sending a multicast-DIO with rank 669
78616761	ID:32	RPL: Sending a multicast-DIO with rank 640
80315081	ID:33	RPL: Sending a multicast-DIO with rank 672
81771226	ID:36	RPL: Sending a multicast-DIO with rank 648
82529341	ID:35	RPL: Sending a multicast-DIO with rank 669
83616761	ID:32	RPL: Sending a multicast-DIO with rank 640
83703197	ID:34	RPL: Sending a DIS to fe80::c30c:0:0:6
85315081	ID:33	RPL: Sending a multicast-DIO with rank 672
86771225	ID:36	RPL: Sending a multicast-DIO with rank 648
87529341	ID:35	RPL: Sending a multicast-DIO with rank 669
88616761	ID:32	RPL: Sending a multicast-DIO with rank 640
90315069	ID:33	RPL: Sending a multicast-DIO with rank 672
91771213	ID:36	RPL: Sending a multicast-DIO with rank 648
92529329	ID:35	RPL: Sending a multicast-DIO with rank 669
93616748	ID:32	RPL: Sending a multicast-DIO with rank 640
95315069	ID:33	RPL: Sending a multicast-DIO with rank 672
96771213	ID:36	RPL: Sending a multicast-DIO with rank 648
97529329	ID:35	RPL: Sending a multicast-DIO with rank 669
98616748	ID:32	RPL: Sending a multicast-DIO with rank 640
100315069	ID:33	RPL: Sending a multicast-DIO with rank 672
101771213	ID:36	RPL: Sending a multicast-DIO with rank 648
102529329	ID:35	RPL: Sending a multicast-DIO with rank 669
103616748	ID:32	RPL: Sending a multicast-DIO with rank 640
105315069	ID:33	RPL: Sending a multicast-DIO with rank 672
106771213	ID:36	RPL: Sending a multicast-DIO with rank 648
107529329	ID:35	RPL: Sending a multicast-DIO with rank 669
108616748	ID:32	RPL: Sending a multicast-DIO with rank 640
110315069	ID:33	RPL: Sending a multicast-DIO with rank 672
111771213	ID:36	RPL: Sending a multicast-DIO with rank 648
112529329	ID:35	RPL: Sending a multicast-DIO with rank 669
113616748	ID:32	RPL: Sending a multicast-DIO with rank 640
115315069	ID:33	RPL: Sending a multicast-DIO with rank 672
116771213	ID:36	RPL: Sending a multicast-DIO with rank 648
117529329	ID:35	RPL: Sending a multicast-DIO with rank 669
118616748	ID:32	RPL: Sending a multicast-DIO with rank 640
120315069	ID:33	RPL: Sending a multicast-DIO with rank 672
121771213	ID:36	RPL: Sending a multicast-DIO with rank 648
122529329	ID:35	RPL: Sending a multicast-DIO with rank 669
123616748	ID:32	RPL: Sending a multicast-DIO with rank 640
125315069	ID:33	RPL: Sending a multicast-DIO with rank 672
126771213	ID:36	RPL: Sending a multicast-DIO with rank 648
127529329	ID:35	RPL: Sending a multicast-DIO with rank 669
128616748	ID:32	RPL: Sending a multicast-DIO with rank 640
130315069	ID:33	RPL: Sending a multicast-DIO with rank 672
131771213	ID:36	RPL: Sending a multicast-DIO with rank 648
132529329	ID:35	RPL: Sending a multicast-DIO with rank 669
133616748	ID:32	RPL: Sending a multicast-DIO with rank 640
135315069	ID:33	RPL: Sending a multicast-DIO with rank 672
136771213	ID:36	RPL: Sending a multicast-DIO with rank 648
137529329	ID:35	RPL: Sending a multicast-DIO with rank 669
138616748	ID:32	RPL: Sending a multicast-DIO with rank 640
140315069	ID:33	RPL: Sending a multicast-DIO with rank 672
141771213	ID:36	RPL: Sending a multicast-DIO with rank 648
142529329	ID:35	RPL: Sending a multicast-DIO with rank 669
143616748	ID:32	RPL: Sending a multicast-DIO with rank 640
143703307	ID:34	RPL: Sending a DIS to fe80::c30c:0:0:6
145315069	ID:33	RPL: Sending a multicast-DIO with rank 672
146771213	ID:36	RPL: Sending a multicast-DIO with rank 648
147529329	ID:35	RPL: Sending a multicast-DIO with rank 669
148616748	ID:32	RPL: Sending a multicast-DIO with rank 640
150315069	ID:33	RPL: Sending a multicast-DIO with rank 672
151771213	ID:36	RPL: Sending a multicast-DIO with rank 648
152529329	ID:35	RPL: Sending a multicast-DIO with rank 669
153616748	ID:32	RPL: Sending a multicast-DIO with rank 640
155315069	ID:33	RPL: Sending a multicast-DIO with rank 672
156771213	ID:36	RPL: Sending a multicast-DIO with rank 648
157529329	ID:35	RPL: Sending a multicast-DIO with rank 669
158616748	ID:32	RPL: Sending a multicast-DIO with rank 640
160315069	ID:33	RPL: Sending a multicast-DIO with rank 672
161771213	ID:36	RPL: Sending a multicast-DIO with rank 648
162529329	ID:35	RPL: Sending a multicast-DIO with rank 669
163616748	ID:32	RPL: Sending a multicast-DIO with rank 640
165315069	ID:33	RPL: Sending a multicast-DIO with rank 672
166771213	ID:36	RPL: Sending a multicast-DIO with rank 648
167529329	ID:35	RPL: Sending a multicast-DIO with rank 669
168616748	ID:32	RPL: Sending a multicast-DIO with rank 640
170315069	ID:33	RPL: Sending a multicast-DIO with rank 672
171771213	ID:36	RPL: Sending a multicast-DIO with rank 648
172529329	ID:35	RPL: Sending a multicast-DIO with rank 669
173616748	ID:32	RPL: Sending a multicast-DIO with rank 640
175315069	ID:33	RPL: Sending a multicast-DIO with rank 672
176771213	ID:36	RPL: Sending a multicast-DIO with rank 648
177529329	ID:35	RPL: Sending a multicast-DIO with rank 669
178616748	ID:32	RPL: Sending a multicast-DIO with rank 640
180315069	ID:33	RPL: Sending a multicast-DIO with rank 672
181771213	ID:36	RPL: Sending a multicast-DIO with rank 648
182529329	ID:35	RPL: Sending a multicast-DIO with rank 669
183616748	ID:32	RPL: Sending a multicast-DIO with rank 640
185315069	ID:33	RPL: Sending a multicast-DIO with rank 672
186771213	ID:36	RPL: Sending a multicast-DIO with rank 648
187529329	ID:35	RPL: Sending a multicast-DIO with rank 669
188616748	ID:32	RPL: Sending a multicast-DIO with rank 640
190315069	ID:33	RPL: Sending a multicast-DIO with rank 672
191771213	ID:36	RPL: Sending a multicast-DIO with rank 648
192529329	ID:35	RPL: Sending a multicast-DIO with rank 669
193616748	ID:32	RPL: Sending a multicast-DIO with rank 640
195315069	ID:33	RPL: Sending a multicast-DIO with rank 672
196771213	ID:36	RPL: Sending a multicast-DIO with rank 648
197529329	ID:35	RPL: Sending a multicast-DIO with rank 669
198616748	ID:32	RPL: Sending a multicast-DIO with rank 640
200315069	ID:33	RPL: Sending a multicast-DIO with rank 672
201771213	ID:36	RPL: Sending a multicast-DIO with rank 648
202529329	ID:35	RPL: Sending a multicast-DIO with rank 669
203616748	ID:32	RPL: Sending a multicast-DIO with rank 640
203703307	ID:34	RPL: Sending a DIS to fe80::c30c:0:0:6
205315069	ID:33	RPL: Sending a multicast-DIO with rank 672
206771213	ID:36	RPL: Sending a multicast-DIO with rank 648
207529329	ID:35	RPL: Sending a multicast-DIO with rank 669
208616748	ID:32	RPL: Sending a multicast-DIO with rank 640
210315069	ID:33	RPL: Sending a multicast-DIO with rank 672
211771213	ID:36	RPL: Sending a multicast-DIO with rank 648
212529329	ID:35	RPL: Sending a multicast-DIO with rank 669
213616748	ID:32	RPL: Sending a multicast-DIO with rank 640
215315069	ID:33	RPL: Sending a multicast-DIO with rank 672
216771213	ID:36	RPL: Sending a multicast-DIO with rank 648
217529329	ID:35	RPL: Sending a multicast-DIO with rank 669
218616748	ID:32	RPL: Sending a multicast-DIO with rank 640
220315069	ID:33	RPL: Sending a multicast-DIO with rank 672
221771213	ID:36	RPL: Sending a multicast-DIO with rank 648
222529329	ID:35	RPL: Sending a multicast-DIO with rank 669
223616748	ID:32	RPL: Sending a multicast-DIO with rank 640
225315069	ID:33	RPL: Sending a multicast-DIO with rank 672
226771213	ID:36	RPL: Sending a multicast-DIO with rank 648
227529329	ID:35	RPL: Sending a multicast-DIO with rank 669
228616748	ID:32	RPL: Sending a multicast-DIO with rank 640
230315069	ID:33	RPL: Sending a multicast-DIO with rank 672
231771213	ID:36	RPL: Sending a multicast-DIO with rank 648
232529329	ID:35	RPL: Sending a multicast-DIO with rank 669
233616748	ID:32	RPL: Sending a multicast-DIO with rank 640
235315069	ID:33	RPL: Sending a multicast-DIO with rank 672
236771213	ID:36	RPL: Sending a multicast-DIO with rank 648
237529329	ID:35	RPL: Sending a multicast-DIO with rank 669
238616748	ID:32	RPL: Sending a multicast-DIO with rank 640
240315069	ID:33	RPL: Sending a multicast-DIO with rank 672
241771213	ID:36	RPL: Sending a multicast-DIO with rank 648
242529329	ID:35	RPL: Sending a multicast-DIO with rank 669
243616748	ID:32	RPL: Sending a multicast-DIO with rank 640
245315069	ID:33	RPL: Sending a multicast-DIO with rank 672
246771213	ID:36	RPL: Sending a multicast-DIO with rank 648
247529329	ID:35	RPL: Sending a multicast-DIO with rank 669
248616748	ID:32	RPL: Sending a multicast-DIO with rank 640
250315069	ID:33	RPL: Sending a multicast-DIO with rank 672
251771213	ID:36	RPL: Sending a multicast-DIO with rank 648
252529329	ID:35	RPL: Sending a multicast-DIO with rank 669
253616748	ID:32	RPL: Sending a multicast-DIO with rank 640
255315069	ID:33	RPL: Sending a multicast-DIO with rank 672
256771213	ID:36	RPL: Sending a multicast-DIO with rank 648
257529329	ID:35	RPL: Sending a multicast-DIO with rank 669
258616748	ID:32	RPL: Sending a multicast-DIO with rank 640
260315069	ID:33	RPL: Sending a multicast-DIO with rank 672
261771213	ID:36	RPL: Sending a multicast-DIO with rank 648
262529329	ID:35	RPL: Sending a multicast-DIO with rank 669
263616748	ID:32	RPL: Sending a multicast-DIO with rank 640
263703307	ID:34	RPL: Sending a DIS to fe80::c30c:0:0:6
265315069	ID:33	RPL: Sending a multicast-DIO with rank 672
266771213	ID:36	RPL: Sending a multicast-DIO with rank 648
267529329	ID:35	RPL: Sending a multicast-DIO with rank 669
268616748	ID:32	RPL: Sending a multicast-DIO with rank 640
270315069	ID:33	RPL: Sending a multicast-DIO with rank 672
271771213	ID:36	RPL: Sending a multicast-DIO with rank 648
272529329	ID:35	RPL: Sending a multicast-DIO with rank 669
273616748	ID:32	RPL: Sending a multicast-DIO with rank 640
275315069	ID:33	RPL: Sending a multicast-DIO with rank 672
276771213	ID:36	RPL: Sending a multicast-DIO with rank 648
277529329	ID:35	RPL: Sending a multicast-DIO with rank 669
278616748	ID:32	RPL: Sending a multicast-DIO with rank 640
280315069	ID:33	RPL: Sending a multicast-DIO with rank 672
281771213	ID:36	RPL: Sending a multicast-DIO with rank 648
282529329	ID:35	RPL: Sending a multicast-DIO with rank 669
283616748	ID:32	RPL: Sending a multicast-DIO with rank 640
285315069	ID:33	RPL: Sending a multicast-DIO with rank 672
286771213	ID:36	RPL: Sending a multicast-DIO with rank 648
287529329	ID:35	RPL: Sending a multicast-DIO with rank 669
288616748	ID:32	RPL: Sending a multicast-DIO with rank 640
290315069	ID:33	RPL: Sending a multicast-DIO with rank 672
291771213	ID:36	RPL: Sending a multicast-DIO with rank 648
292529329	ID:35	RPL: Sending a multicast-DIO with rank 669
293616748	ID:32	RPL: Sending a multicast-DIO with rank 640
295315069	ID:33	RPL: Sending a multicast-DIO with rank 672
296771213	ID:36	RPL: Sending a multicast-DIO with rank 648
297529329	ID:35	RPL: Sending a multicast-DIO with rank 669
298616748	ID:32	RPL: Sending a multicast-DIO with rank 640
300315069	ID:33	RPL: Sending a multicast-DIO with rank 672
301771213	ID:36	RPL: Sending a multicast-DIO with rank 648
302529329	ID:35	RPL: Sending a multicast-DIO with rank 669
303616748	ID:32	RPL: Sending a multicast-DIO with rank 640
305315069	ID:33	RPL: Sending a multicast-DIO with rank 672
306771213	ID:36	RPL: Sending a multicast-DIO with rank 648
307529329	ID:35	RPL: Sending a multicast-DIO with rank 669
308616748	ID:32	RPL: Sending a multicast-DIO with rank 640
310315069	ID:33	RPL: Sending a multicast-DIO with rank 672
311771213	ID:36	RPL: Sending a multicast-DIO with rank 648
312529329	ID:35	RPL: Sending a multicast-DIO with rank 669
313616748	ID:32	RPL: Sending a multicast-DIO with rank 640
315315069	ID:33	RPL: Sending a multicast-DIO with rank 672
316771213	ID:36	RPL: Sending a multicast-DIO with rank 648
317529329	ID:35	RPL: Sending a multicast-DIO with rank 669
318616748	ID:32	RPL: Sending a multicast-DIO with rank 640
320315069	ID:33	RPL: Sending a multicast-DIO with rank 672
321771213	ID:36	RPL: Sending a multicast-DIO with rank 648
322529329	ID:35	RPL: Sending a multicast-DIO with rank 669
323616748	ID:32	RPL: Sending a multicast-DIO with rank 640
323703307	ID:34	RPL: Sending a DIS to fe80::c30c:0:0:6
325315069	ID:33	RPL: Sending a multicast-DIO with rank 672
326771213	ID:36	RPL: Sending a multicast-DIO with rank 648
327529329	ID:35	RPL: Sending a multicast-DIO with rank 669
328616748	ID:32	RPL: Sending a multicast-DIO with rank 640
330315069	ID:33	RPL: Sending a multicast-DIO with rank 672
331771213	ID:36	RPL: Sending a multicast-DIO with rank 648
332529329	ID:35	RPL: Sending a multicast-DIO with rank 669
333616748	ID:32	RPL: Sending a multicast-DIO with rank 640
335315069	ID:33	RPL: Sending a multicast-DIO with rank 672
336771213	ID:36	RPL: Sending a multicast-DIO with rank 648
337529329	ID:35	RPL: Sending a multicast-DIO with rank 669
338616748	ID:32	RPL: Sending a multicast-DIO with rank 640
340315069	ID:33	RPL: Sending a multicast-DIO with rank 672
341771213	ID:36	RPL: Sending a multicast-DIO with rank 648
342529329	ID:35	RPL: Sending a multicast-DIO with rank 669
343616748	ID:32	RPL: Sending a multicast-DIO with rank 640
345315075	ID:33	RPL: Sending a multicast-DIO with rank 672
346771213	ID:36	RPL: Sending a multicast-DIO with rank 648
347529329	ID:35	RPL: Sending a multicast-DIO with rank 669
348616748	ID:32	RPL: Sending a multicast-DIO with rank 640
350315069	ID:33	RPL: Sending a multicast-DIO with rank 672
351771213	ID:36	RPL: Sending a multicast-DIO with rank 648
352529329	ID:35	RPL: Sending a multicast-DIO with rank 669
353616755	ID:32	RPL: Sending a multicast-DIO with rank 640
355315069	ID:33	RPL: Sending a multicast-DIO with rank 672
356771213	ID:36	RPL: Sending a multicast-DIO with rank 648
357529329	ID:35	RPL: Sending a multicast-DIO with rank 669
358616748	ID:32	RPL: Sending a multicast-DIO with rank 640
360315069	ID:33	RPL: Sending a multicast-DIO with rank 672
361771213	ID:36	RPL: Sending a multicast-DIO with rank 648
362529329	ID:35	RPL: Sending a multicast-DIO with rank 669
363616748	ID:32	RPL: Sending a multicast-DIO with rank 640
365315069	ID:33	RPL: Sending a multicast-DIO with rank 672
366771213	ID:36	RPL: Sending a multicast-DIO with rank 648
367529329	ID:35	RPL: Sending a multicast-DIO with rank 669
368616748	ID:32	RPL: Sending a multicast-DIO with rank 640
370315069	ID:33	RPL: Sending a multicast-DIO with rank 672
371771213	ID:36	RPL: Sending a multicast-DIO with rank 648
372529329	ID:35	RPL: Sending a multicast-DIO with rank 669
373616748	ID:32	RPL: Sending a multicast-DIO with rank 640
375315069	ID:33	RPL: Sending a multicast-DIO with rank 672
376771213	ID:36	RPL: Sending a multicast-DIO with rank 648
377529329	ID:35	RPL: Sending a multicast-DIO with rank 669
378616748	ID:32	RPL: Sending a multicast-DIO with rank 640
380315069	ID:33	RPL: Sending a multicast-DIO with rank 672
381771213	ID:36	RPL: Sending a multicast-DIO with rank 648
382529329	ID:35	RPL: Sending a multicast-DIO with rank 669
383616748	ID:32	RPL: Sending a multicast-DIO with rank 640
383703307	ID:34	RPL: Sending a DIS to fe80::c30c:0:0:6
385315069	ID:33	RPL: Sending a multicast-DIO with rank 672
386771213	ID:36	RPL: Sending a multicast-DIO with rank 648
387529329	ID:35	RPL: Sending a multicast-DIO with rank 669
388616748	ID:32	RPL: Sending a multicast-DIO with rank 640
390315069	ID:33	RPL: Sending a multicast-DIO with rank 672
391771213	ID:36	RPL: Sending a multicast-DIO with rank 648
392529329	ID:35	RPL: Sending a multicast-DIO with rank 669
393616748	ID:32	RPL: Sending a multicast-DIO with rank 640
395315069	ID:33	RPL: Sending a multicast-DIO with rank 672
396771213	ID:36	RPL: Sending a multicast-DIO with rank 648
397529329	ID:35	RPL: Sending a multicast-DIO with rank 669
398616748	ID:32	RPL: Sending a multicast-DIO with rank 640
400315069	ID:33	RPL: Sending a multicast-DIO with rank 672
401771213	ID:36	RPL: Sending a multicast-DIO with rank 648
402529329	ID:35	RPL: Sending a multicast-DIO with rank 669
403616748	ID:32	RPL: Sending a multicast-DIO with rank 640
405315069	ID:33	RPL: Sending a multicast-DIO with rank 672
406771213	ID:36	RPL: Sending a multicast-DIO with rank 648
407529329	ID:35	RPL: Sending a multicast-DIO with rank 669
408616748	ID:32	RPL: Sending a multicast-DIO with rank 640
410315069	ID:33	RPL: Sending a multicast-DIO with rank 672
411771213	ID:36	RPL: Sending a multicast-DIO with rank 648
412529329	ID:35	RPL: Sending a multicast-DIO with rank 669
413616748	ID:32	RPL: Sending a multicast-DIO with rank 640
415315069	ID:33	RPL: Sending a multicast-DIO with rank 672
416771220	ID:36	RPL: Sending a multicast-DIO with rank 648
417529329	ID:35	RPL: Sending a multicast-DIO with rank 669
418616748	ID:32	RPL: Sending a multicast-DIO with rank 640
420315069	ID:33	RPL: Sending a multicast-DIO with rank 672
421771213	ID:36	RPL: Sending a multicast-DIO with rank 648
422529336	ID:35	RPL: Sending a multicast-DIO with rank 669
423616748	ID:32	RPL: Sending a multicast-DIO with rank 640
425315069	ID:33	RPL: Sending a multicast-DIO with rank 672
426771213	ID:36	RPL: Sending a multicast-DIO with rank 648
427529329	ID:35	RPL: Sending a multicast-DIO with rank 669
428616748	ID:32	RPL: Sending a multicast-DIO with rank 640
430315069	ID:33	RPL: Sending a multicast-DIO with rank 672
431771213	ID:36	RPL: Sending a multicast-DIO with rank 648
432529329	ID:35	RPL: Sending a multicast-DIO with rank 669
433616748	ID:32	RPL: Sending a multicast-DIO with rank 640
435315069	ID:33	RPL: Sending a multicast-DIO with rank 672
436771213	ID:36	RPL: Sending a multicast-DIO with rank 648
437529329	ID:35	RPL: Sending a multicast-DIO with rank 669
438616748	ID:32	RPL: Sending a multicast-DIO with rank 640
440315069	ID:33	RPL: Sending a multicast-DIO with rank 672
441771213	ID:36	RPL: Sending a multicast-DIO with rank 648
442529329	ID:35	RPL: Sending a multicast-DIO with rank 669
443616748	ID:32	RPL: Sending a multicast-DIO with rank 640
443703307	ID:34	RPL: Sending a DIS to fe80::c30c:0:0:6
445315069	ID:33	RPL: Sending a multicast-DIO with rank 672
446771213	ID:36	RPL: Sending a multicast-DIO with rank 648
447529329	ID:35	RPL: Sending a multicast-DIO with rank 669
448616748	ID:32	RPL: Sending a multicast-DIO with rank 640
450315069	ID:33	RPL: Sending a multicast-DIO with rank 672
451771213	ID:36	RPL: Sending a multicast-DIO with rank 648
452529329	ID:35	RPL: Sending a multicast-DIO with rank 669
453616748	ID:32	RPL: Sending a multicast-DIO with rank 640
455315069	ID:33	RPL: Sending a multicast-DIO with rank 672
456771213	ID:36	RPL: Sending a multicast-DIO with rank 648
457529329	ID:35	RPL: Sending a multicast-DIO with rank 669
458616748	ID:32	RPL: Sending a multicast-DIO with rank 640
460315069	ID:33	RPL: Sending a multicast-DIO with rank 672
461771213	ID:36	RPL: Sending a multicast-DIO with rank 648
462529329	ID:35	RPL: Sending a multicast-DIO with rank 669
463616748	ID:32	RPL: Sending a multicast-DIO with rank 640
465315069	ID:33	RPL: Sending a multicast-DIO with rank 672
466771213	ID:36	RPL: Sending a multicast-DIO with rank 648
467529329	ID:35	RPL: Sending a multicast-DIO with rank 669
468616748	ID:32	RPL: Sending a multicast-DIO with rank 640
470315069	ID:33	RPL: Sending a multicast-DIO with rank 672
471771213	ID:36	RPL: Sending a multicast-DIO with rank 648
472529329	ID:35	RPL: Sending a multicast-DIO with rank 669
473616748	ID:32	RPL: Sending a multicast-DIO with rank 640
475315069	ID:33	RPL: Sending a multicast-DIO with rank 672
476771213	ID:36	RPL: Sending a multicast-DIO with rank 648
477529329	ID:35	RPL: Sending a multicast-DIO with rank 669
478616748	ID:32	RPL: Sending a multicast-DIO with rank 640
480315069	ID:33	RPL: Sending a multicast-DIO with rank 672
481771213	ID:36	RPL: Sending a multicast-DIO with rank 648
482529329	ID:35	RPL: Sending a multicast-DIO with rank 669
483616748	ID:32	RPL: Sending a multicast-DIO with rank 640
485315069	ID:33	RPL: Sending a multicast-DIO with rank 672
486771213	ID:36	RPL: Sending a multicast-DIO with rank 648
487529329	ID:35	RPL: Sending a multicast-DIO with rank 669
488616748	ID:32	RPL: Sending a multicast-DIO with rank 640
490315069	ID:33	RPL: Sending a multicast-DIO with rank 672
491771213	ID:36	RPL: Sending a multicast-DIO with rank 648
492529329	ID:35	RPL: Sending a multicast-DIO with rank 669
493616748	ID:32	RPL: Sending a multicast-DIO with rank 640
495315069	ID:33	RPL: Sending a multicast-DIO with rank 672
496771213	ID:36	RPL: Sending a multicast-DIO with rank 648
497529329	ID:35	RPL: Sending a multicast-DIO with rank 669
498616748	ID:32	RPL: Sending a multicast-DIO with rank 640
500315069	ID:33	RPL: Sending a multicast-DIO with rank 672
501771213	ID:36	RPL: Sending a multicast-DIO with rank 648
502529329	ID:35	RPL: Sending a multicast-DIO with rank 669
503616748	ID:32	RPL: Sending a multicast-DIO with rank 640
503703307	ID:34	RPL: Sending a DIS to fe80::c30c:0:0:6
505315069	ID:33	RPL: Sending a multicast-DIO with rank 672
506771213	ID:36	RPL: Sending a multicast-DIO with rank 648
507529329	ID:35	RPL: Sending a multicast-DIO with rank 669
508616748	ID:32	RPL: Sending a multicast-DIO with rank 640
510315069	ID:33	RPL: Sending a multicast-DIO with rank 672
511771213	ID:36	RPL: Sending a multicast-DIO with rank 648
512529329	ID:35	RPL: Sending a multicast-DIO with rank 669
513616748	ID:32	RPL: Sending a multicast-DIO with rank 640
515315069	ID:33	RPL: Sending a multicast-DIO with rank 672
516771213	ID:36	RPL: Sending a multicast-DIO with rank 648
517529329	ID:35	RPL: Sending a multicast-DIO with rank 669
518616748	ID:32	RPL: Sending a multicast-DIO with rank 640
520315069	ID:33	RPL: Sending a multicast-DIO with rank 672
521771213	ID:36	RPL: Sending a multicast-DIO with rank 648
522529329	ID:35	RPL: Sending a multicast-DIO with rank 669
523616748	ID:32	RPL: Sending a multicast-DIO with rank 640
525315069	ID:33	RPL: Sending a multicast-DIO with rank 672
526771213	ID:36	RPL: Sending a multicast-DIO with rank 648
527529329	ID:35	RPL: Sending a multicast-DIO with rank 669
528616748	ID:32	RPL: Sending a multicast-DIO with rank 640
530315069	ID:33	RPL: Sending a multicast-DIO with rank 672
531771213	ID:36	RPL: Sending a multicast-DIO with rank 648
532529329	ID:35	RPL: Sending a multicast-DIO with rank 669
533616748	ID:32	RPL: Sending a multicast-DIO with rank 640
535315069	ID:33	RPL: Sending a multicast-DIO with rank 672
536771213	ID:36	RPL: Sending a multicast-DIO with rank 648
537529329	ID:35	RPL: Sending a multicast-DIO with rank 669
538616748	ID:32	RPL: Sending a multicast-DIO with rank 640
540315069	ID:33	RPL: Sending a multicast-DIO with rank 672
541771213	ID:36	RPL: Sending a multicast-DIO with rank 648
542529329	ID:35	RPL: Sending a multicast-DIO with rank 669
543616748	ID:32	RPL: Sending a multicast-DIO with rank 640
545315069	ID:33	RPL: Sending a multicast-DIO with rank 672
546771213	ID:36	RPL: Sending a multicast-DIO with rank 648
547529329	ID:35	RPL: Sending a multicast-DIO with rank 669
548616748	ID:32	RPL: Sending a multicast-DIO with rank 640
550315069	ID:33	RPL: Sending a multicast-DIO with rank 672
551771213	ID:36	RPL: Sending a multicast-DIO with rank 648
552529329	ID:35	RPL: Sending a multicast-DIO with rank 669
553616748	ID:32	RPL: Sending a multicast-DIO with rank 640
555315069	ID:33	RPL: Sending a multicast-DIO with rank 672
556771213	ID:36	RPL: Sending a multicast-DIO with rank 648
557529329	ID:35	RPL: Sending a multicast-DIO with rank 669
558616748	ID:32	RPL: Sending a multicast-DIO with rank 640
560315069	ID:33	RPL: Sending a multicast-DIO with rank 672
561771213	ID:36	RPL: Sending a multicast-DIO with rank 648
562529329	ID:35	RPL: Sending a multicast-DIO with rank 669
563616748	ID:32	RPL: Sending a multicast-DIO with rank 640
563703307	ID:34	RPL: Sending a DIS to fe80::c30c:0:0:6
565315069	ID:33	RPL: Sending a multicast-DIO with rank 672
566771213	ID:36	RPL: Sending a multicast-DIO with rank 648
567529329	ID:35	RPL: Sending a multicast-DIO with rank 669
568616748	ID:32	RPL: Sending a multicast-DIO with rank 640
570315069	ID:33	RPL: Sending a multicast-DIO with rank 672
571771213	ID:36	RPL: Sending a multicast-DIO with rank 648
572529329	ID:35	RPL: Sending a multicast-DIO with rank 669
573616748	ID:32	RPL: Sending a multicast-DIO with rank 640
575315069	ID:33	RPL: Sending a multicast-DIO with rank 672
576771213	ID:36	RPL: Sending a multicast-DIO with rank 648
577529329	ID:35	RPL: Sending a multicast-DIO with rank 669
578616748	ID:32	RPL: Sending a multicast-DIO with rank 640
580315069	ID:33	RPL: Sending a multicast-DIO with rank 672
581771213	ID:36	RPL: Sending a multicast-DIO with rank 648
582529329	ID:35	RPL: Sending a multicast-DIO with rank 669
583616748	ID:32	RPL: Sending a multicast-DIO with rank 640
585315069	ID:33	RPL: Sending a multicast-DIO with rank 672
586771213	ID:36	RPL: Sending a multicast-DIO with rank 648
587529329	ID:35	RPL: Sending a multicast-DIO with rank 669
588616748	ID:32	RPL: Sending a multicast-DIO with rank 640
590315069	ID:33	RPL: Sending a multicast-DIO with rank 672
591771213	ID:36	RPL: Sending a multicast-DIO with rank 648
592529329	ID:35	RPL: Sending a multicast-DIO with rank 669
593616748	ID:32	RPL: Sending a multicast-DIO with rank 640
595315069	ID:33	RPL: Sending a multicast-DIO with rank 672
596771213	ID:36	RPL: Sending a multicast-DIO with rank 648
597529329	ID:35	RPL: Sending a multicast-DIO with rank 669
598616748	ID:32	RPL: Sending a multicast-DIO with rank 640
600315069	ID:33	RPL: Sending a multicast-DIO with rank 672
601771213	ID:36	RPL: Sending a multicast-DIO with rank 648
602529329	ID:35	RPL: Sending a multicast-DIO with rank 669
603616748	ID:32	RPL: Sending a multicast-DIO with rank 640
605315069	ID:33	RPL: Sending a multicast-DIO with rank 672
606771213	ID:36	RPL: Sending a multicast-DIO with rank 648
607529329	ID:35	RPL: Sending a multicast-DIO with rank 669
608616748	ID:32	RPL: Sending a multicast-DIO with rank 640
610315069	ID:33	RPL: Sending a multicast-DIO with rank 672
611771213	ID:36	RPL: Sending a multicast-DIO with rank 648
612529329	ID:35	RPL: Sending a multicast-DIO with rank 669
613616748	ID:32	RPL: Sending a multicast-DIO with rank 640
615315069	ID:33	RPL: Sending a multicast-DIO with rank 672
616771213	ID:36	RPL: Sending a multicast-DIO with rank 648
617529329	ID:35	RPL: Sending a multicast-DIO with rank 669
618616748	ID:32	RPL: Sending a multicast-DIO with rank 640
620315069	ID:33	RPL: Sending a multicast-DIO with rank 672
621771213	ID:36	RPL: Sending a multicast-DIO with rank 648
622529329	ID:35	RPL: Sending a multicast-DIO with rank 669
623616748	ID:32	RPL: Sending a multicast-DIO with rank 640
623703307	ID:34	RPL: Sending a DIS to fe80::c30c:0:0:6
625315069	ID:33	RPL: Sending a multicast-DIO with rank 672
626771213	ID:36	RPL: Sending a multicast-DIO with rank 648
627529329	ID:35	RPL: Sending a multicast-DIO with rank 669
628616748	ID:32	RPL: Sending a multicast-DIO with rank 640
630315069	ID:33	RPL: Sending a multicast-DIO with rank 672
631771213	ID:36	RPL: Sending a multicast-DIO with rank 648
632529329	ID:35	RPL: Sending a multicast-DIO with rank 669
633616748	ID:32	RPL: Sending a multicast-DIO with rank 640
635315069	ID:33	RPL: Sending a multicast-DIO with rank 672
636771213	ID:36	RPL: Sending a multicast-DIO with rank 648
637529329	ID:35	RPL: Sending a multicast-DIO with rank 669
638616748	ID:32	RPL: Sending a multicast-DIO with rank 640
640315069	ID:33	RPL: Sending a multicast-DIO with rank 672
641771213	ID:36	RPL: Sending a multicast-DIO with rank 648
642529329	ID:35	RPL: Sending a multicast-DIO with rank 669
643616748	ID:32	RPL: Sending a multicast-DIO with rank 640
645315069	ID:33	RPL: Sending a multicast-DIO with rank 672
646771213	ID:36	RPL: Sending a multicast-DIO with rank 648
647529329	ID:35	RPL: Sending a multicast-DIO with rank 669
648616748	ID:32	RPL: Sending a multicast-DIO with rank 640
650315069	ID:33	RPL: Sending a multicast-DIO with rank 672
651771213	ID:36	RPL: Sending a multicast-DIO with rank 648
652529329	ID:35	RPL: Sending a multicast-DIO with rank 669
653616748	ID:32	RPL: Sending a multicast-DIO with rank 640
655315069	ID:33	RPL: Sending a multicast-DIO with rank 672
656771213	ID:36	RPL: Sending a multicast-DIO with rank 648
657529329	ID:35	RPL: Sending a multicast-DIO with rank 669
658616748	ID:32	RPL: Sending a multicast-DIO with rank 640
660315069	ID:33	RPL: Sending a multicast-DIO with rank 672
661771213	ID:36	RPL: Sending a multicast-DIO with rank 648
662529329	ID:35	RPL: Sending a multicast-DIO with rank 669
663616748	ID:32	RPL: Sending a multicast-DIO with rank 640
665315069	ID:33	RPL: Sending a multicast-DIO with rank 672
666771213	ID:36	RPL: Sending a multicast-DIO with rank 648
667529329	ID:35	RPL: Sending a multicast-DIO with rank 669
668616748	ID:32	RPL: Sending a multicast-DIO with rank 640
670315069	ID:33	RPL: Sending a multicast-DIO with rank 672
671771213	ID:36	RPL: Sending a multicast-DIO with rank 648
672529329	ID:35	RPL: Sending a multicast-DIO with rank 669
673616748	ID:32	RPL: Sending a multicast-DIO with rank 640
675315069	ID:33	RPL: Sending a multicast-DIO with rank 672
676771213	ID:36	RPL: Sending a multicast-DIO with rank 648
677529329	ID:35	RPL: Sending a multicast-DIO with rank 669
678616748	ID:32	RPL: Sending a multicast-DIO with rank 640
680315069	ID:33	RPL: Sending a multicast-DIO with rank 672
681771213	ID:36	RPL: Sending a multicast-DIO with rank 648
682529329	ID:35	RPL: Sending a multicast-DIO with rank 669
683616755	ID:32	RPL: Sending a multicast-DIO with rank 640
683703307	ID:34	RPL: Sending a DIS to fe80::c30c:0:0:6
685315069	ID:33	RPL: Sending a multicast-DIO with rank 672
686771213	ID:36	RPL: Sending a multicast-DIO with rank 648
687529329	ID:35	RPL: Sending a multicast-DIO with rank 669
688616748	ID:32	RPL: Sending a multicast-DIO with rank 640
690315069	ID:33	RPL: Sending a multicast-DIO with rank 672
691771213	ID:36	RPL: Sending a multicast-DIO with rank 648
692529329	ID:35	RPL: Sending a multicast-DIO with rank 669
693616749	ID:32	RPL: Sending a multicast-DIO with rank 640
695315069	ID:33	RPL: Sending a multicast-DIO with rank 672
696771213	ID:36	RPL: Sending a multicast-DIO with rank 648
697529329	ID:35	RPL: Sending a multicast-DIO with rank 669
698616749	ID:32	RPL: Sending a multicast-DIO with rank 640
700315069	ID:33	RPL: Sending a multicast-DIO with rank 672
701771213	ID:36	RPL: Sending a multicast-DIO with rank 648
702529329	ID:35	RPL: Sending a multicast-DIO with rank 669
703616749	ID:32	RPL: Sending a multicast-DIO with rank 640
705315069	ID:33	RPL: Sending a multicast-DIO with rank 672
706771213	ID:36	RPL: Sending a multicast-DIO with rank 648
707529329	ID:35	RPL: Sending a multicast-DIO with rank 669
708616749	ID:32	RPL: Sending a multicast-DIO with rank 640
710315069	ID:33	RPL: Sending a multicast-DIO with rank 672
711771213	ID:36	RPL: Sending a multicast-DIO with rank 648
712529329	ID:35	RPL: Sending a multicast-DIO with rank 669
713616749	ID:32	RPL: Sending a multicast-DIO with rank 640
715315069	ID:33	RPL: Sending a multicast-DIO with rank 672
716771213	ID:36	RPL: Sending a multicast-DIO with rank 648
717529329	ID:35	RPL: Sending a multicast-DIO with rank 669
718616749	ID:32	RPL: Sending a multicast-DIO with rank 640
720315069	ID:33	RPL: Sending a multicast-DIO with rank 672
721771220	ID:36	RPL: Sending a multicast-DIO with rank 648
722529329	ID:35	RPL: Sending a multicast-DIO with rank 669
723616749	ID:32	RPL: Sending a multicast-DIO with rank 640
725315069	ID:33	RPL: Sending a multicast-DIO with rank 672
726771213	ID:36	RPL: Sending a multicast-DIO with rank 648
727529329	ID:35	RPL: Sending a multicast-DIO with rank 669
728616749	ID:32	RPL: Sending a multicast-DIO with rank 640
730315069	ID:33	RPL: Sending a multicast-DIO with rank 672
731771213	ID:36	RPL: Sending a multicast-DIO with rank 648
732529329	ID:35	RPL: Sending a multicast-DIO with rank 669
733616749	ID:32	RPL: Sending a multicast-DIO with rank 640
735315069	ID:33	RPL: Sending a multicast-DIO with rank 672
736771213	ID:36	RPL: Sending a multicast-DIO with rank 648
737529329	ID:35	RPL: Sending a multicast-DIO with rank 669
738616749	ID:32	RPL: Sending a multicast-DIO with rank 640
740315069	ID:33	RPL: Sending a multicast-DIO with rank 672
741771213	ID:36	RPL: Sending a multicast-DIO with rank 648
742529329	ID:35	RPL: Sending a multicast-DIO with rank 669
743616749	ID:32	RPL: Sending a multicast-DIO with rank 640
743703307	ID:34	RPL: Sending a DIS to fe80::c30c:0:0:6
745315069	ID:33	RPL: Sending a multicast-DIO with rank 672
746771213	ID:36	RPL: Sending a multicast-DIO with rank 648
747529329	ID:35	RPL: Sending a multicast-DIO with rank 669
748616749	ID:32	RPL: Sending a multicast-DIO with rank 640
750315069	ID:33	RPL: Sending a multicast-DIO with rank 672
751771213	ID:36	RPL: Sending a multicast-DIO with rank 648
752529329	ID:35	RPL: Sending a multicast-DIO with rank 669
753616749	ID:32	RPL: Sending a multicast-DIO with rank 640
755315069	ID:33	RPL: Sending a multicast-DIO with rank 672
756771213	ID:36	RPL: Sending a multicast-DIO with rank 648
757529329	ID:35	RPL: Sending a multicast-DIO with rank 669
758616749	ID:32	RPL: Sending a multicast-DIO with rank 640
760315069	ID:33	RPL: Sending a multicast-DIO with rank 672
761771213	ID:36	RPL: Sending a multicast-DIO with rank 648
762529329	ID:35	RPL: Sending a multicast-DIO with rank 669
763616749	ID:32	RPL: Sending a multicast-DIO with rank 640
765315069	ID:33	RPL: Sending a multicast-DIO with rank 672
766771213	ID:36	RPL: Sending a multicast-DIO with rank 648
767529329	ID:35	RPL: Sending a multicast-DIO with rank 669
768616749	ID:32	RPL: Sending a multicast-DIO with rank 640
770315069	ID:33	RPL: Sending a multicast-DIO with rank 672
771771213	ID:36	RPL: Sending a multicast-DIO with rank 648
772529329	ID:35	RPL: Sending a multicast-DIO with rank 669
773616749	ID:32	RPL: Sending a multicast-DIO with rank 640
775315069	ID:33	RPL: Sending a multicast-DIO with rank 672
776771213	ID:36	RPL: Sending a multicast-DIO with rank 648
777529329	ID:35	RPL: Sending a multicast-DIO with rank 669
778616749	ID:32	RPL: Sending a multicast-DIO with rank 640
780315076	ID:33	RPL: Sending a multicast-DIO with rank 672
781771213	ID:36	RPL: Sending a multicast-DIO with rank 648
782529329	ID:35	RPL: Sending a multicast-DIO with rank 669
783616749	ID:32	RPL: Sending a multicast-DIO with rank 640
785315069	ID:33	RPL: Sending a multicast-DIO with rank 672
786771213	ID:36	RPL: Sending a multicast-DIO with rank 648
787529329	ID:35	RPL: Sending a multicast-DIO with rank 669
788616749	ID:32	RPL: Sending a multicast-DIO with rank 640
790315069	ID:33	RPL: Sending a multicast-DIO with rank 672
791771213	ID:36	RPL: Sending a multicast-DIO with rank 648
792529329	ID:35	RPL: Sending a multicast-DIO with rank 669
793616749	ID:32	RPL: Sending a multicast-DIO with rank 640
795315069	ID:33	RPL: Sending a multicast-DIO with rank 672
796771213	ID:36	RPL: Sending a multicast-DIO with rank 648
797529329	ID:35	RPL: Sending a multicast-DIO with rank 669
798616749	ID:32	RPL: Sending a multicast-DIO with rank 640
800315069	ID:33	RPL: Sending a multicast-DIO with rank 672
801771213	ID:36	RPL: Sending a multicast-DIO with rank 648
802529329	ID:35	RPL: Sending a multicast-DIO with rank 669
803616749	ID:32	RPL: Sending a multicast-DIO with rank 640
803703391	ID:34	RPL: Sending a DIS to fe80::c30c:0:0:6
805315069	ID:33	RPL: Sending a multicast-DIO with rank 672
806771213	ID:36	RPL: Sending a multicast-DIO with rank 648
807529329	ID:35	RPL: Sending a multicast-DIO with rank 669
808616749	ID:32	RPL: Sending a multicast-DIO with rank 640
810315069	ID:33	RPL: Sending a multicast-DIO with rank 672
811771213	ID:36	RPL: Sending a multicast-DIO with rank 648
812529329	ID:35	RPL: Sending a multicast-DIO with rank 669
813616749	ID:32	RPL: Sending a multicast-DIO with rank 640
815315069	ID:33	RPL: Sending a multicast-DIO with rank 672
816771213	ID:36	RPL: Sending a multicast-DIO with rank 648
817529329	ID:35	RPL: Sending a multicast-DIO with rank 669
818616749	ID:32	RPL: Sending a multicast-DIO with rank 640
820315069	ID:33	RPL: Sending a multicast-DIO with rank 672
821771213	ID:36	RPL: Sending a multicast-DIO with rank 648
822529329	ID:35	RPL: Sending a multicast-DIO with rank 669
823616749	ID:32	RPL: Sending a multicast-DIO with rank 640
825315069	ID:33	RPL: Sending a multicast-DIO with rank 672
826771213	ID:36	RPL: Sending a multicast-DIO with rank 648
827529329	ID:35	RPL: Sending a multicast-DIO with rank 669
828616749	ID:32	RPL: Sending a multicast-DIO with rank 640
830315069	ID:33	RPL: Sending a multicast-DIO with rank 672
831771213	ID:36	RPL: Sending a multicast-DIO with rank 648
832529329	ID:35	RPL: Sending a multicast-DIO with rank 669
833616749	ID:32	RPL: Sending a multicast-DIO with rank 640
835315069	ID:33	RPL: Sending a multicast-DIO with rank 672
836771213	ID:36	RPL: Sending a multicast-DIO with rank 648
837529336	ID:35	RPL: Sending a multicast-DIO with rank 669
838616749	ID:32	RPL: Sending a multicast-DIO with rank 640
840315069	ID:33	RPL: Sending a multicast-DIO with rank 672
841771213	ID:36	RPL: Sending a multicast-DIO with rank 648
842529329	ID:35	RPL: Sending a multicast-DIO with rank 669
843616749	ID:32	RPL: Sending a multicast-DIO with rank 640
845315069	ID:33	RPL: Sending a multicast-DIO with rank 672
846771213	ID:36	RPL: Sending a multicast-DIO with rank 648
847529329	ID:35	RPL: Sending a multicast-DIO with rank 669
848616749	ID:32	RPL: Sending a multicast-DIO with rank 640
850315069	ID:33	RPL: Sending a multicast-DIO with rank 672
851771213	ID:36	RPL: Sending a multicast-DIO with rank 648
852529329	ID:35	RPL: Sending a multicast-DIO with rank 669
853616749	ID:32	RPL: Sending a multicast-DIO with rank 640
855315069	ID:33	RPL: Sending a multicast-DIO with rank 672
856771213	ID:36	RPL: Sending a multicast-DIO with rank 648
857529329	ID:35	RPL: Sending a multicast-DIO with rank 669
858616749	ID:32	RPL: Sending a multicast-DIO with rank 640
860315069	ID:33	RPL: Sending a multicast-DIO with rank 672
861771213	ID:36	RPL: Sending a multicast-DIO with rank 648
862529329	ID:35	RPL: Sending a multicast-DIO with rank 669
863616749	ID:32	RPL: Sending a multicast-DIO with rank 640
863703468	ID:34	RPL: Sending a DIS to fe80::c30c:0:0:6
865315069	ID:33	RPL: Sending a multicast-DIO with rank 672
866771213	ID:36	RPL: Sending a multicast-DIO with rank 648
867529329	ID:35	RPL: Sending a multicast-DIO with rank 669
868616748	ID:32	RPL: Sending a multicast-DIO with rank 640
870315069	ID:33	RPL: Sending a multicast-DIO with rank 672
871771213	ID:36	RPL: Sending a multicast-DIO with rank 648
872529329	ID:35	RPL: Sending a multicast-DIO with rank 669
873616749	ID:32	RPL: Sending a multicast-DIO with rank 640
875315069	ID:33	RPL: Sending a multicast-DIO with rank 672
876771213	ID:36	RPL: Sending a multicast-DIO with rank 648
877529329	ID:35	RPL: Sending a multicast-DIO with rank 669
878616749	ID:32	RPL: Sending a multicast-DIO with rank 640
880315069	ID:33	RPL: Sending a multicast-DIO with rank 672
881771213	ID:36	RPL: Sending a multicast-DIO with rank 648
882529329	ID:35	RPL: Sending a multicast-DIO with rank 669
883616749	ID:32	RPL: Sending a multicast-DIO with rank 640
885315069	ID:33	RPL: Sending a multicast-DIO with rank 672
886771213	ID:36	RPL: Sending a multicast-DIO with rank 648
887529329	ID:35	RPL: Sending a multicast-DIO with rank 669
888616749	ID:32	RPL: Sending a multicast-DIO with rank 640
890315069	ID:33	RPL: Sending a multicast-DIO with rank 672
891771213	ID:36	RPL: Sending a multicast-DIO with rank 648
892529329	ID:35	RPL: Sending a multicast-DIO with rank 669
893616749	ID:32	RPL: Sending a multicast-DIO with rank 640
895315069	ID:33	RPL: Sending a multicast-DIO with rank 672
896771213	ID:36	RPL: Sending a multicast-DIO with rank 648
897529329	ID:35	RPL: Sending a multicast-DIO with rank 669
898616749	ID:32	RPL: Sending a multicast-DIO with rank 640
900315069	ID:33	RPL: Sending a multicast-DIO with rank 672
901771213	ID:36	RPL: Sending a multicast-DIO with rank 648
902529329	ID:35	RPL: Sending a multicast-DIO with rank 669
903616749	ID:32	RPL: Sending a multicast-DIO with rank 640
905315069	ID:33	RPL: Sending a multicast-DIO with rank 672
906771213	ID:36	RPL: Sending a multicast-DIO with rank 648
907529329	ID:35	RPL: Sending a multicast-DIO with rank 669
908616749	ID:32	RPL: Sending a multicast-DIO with rank 640
910315069	ID:33	RPL: Sending a multicast-DIO with rank 672
911771213	ID:36	RPL: Sending a multicast-DIO with rank 648
912529329	ID:35	RPL: Sending a multicast-DIO with rank 669
913616749	ID:32	RPL: Sending a multicast-DIO with rank 640
915315069	ID:33	RPL: Sending a multicast-DIO with rank 672
916771213	ID:36	RPL: Sending a multicast-DIO with rank 648
917529329	ID:35	RPL: Sending a multicast-DIO with rank 669
918616749	ID:32	RPL: Sending a multicast-DIO with rank 640
920315069	ID:33	RPL: Sending a multicast-DIO with rank 672
921771213	ID:36	RPL: Sending a multicast-DIO with rank 648
922529329	ID:35	RPL: Sending a multicast-DIO with rank 669
923616749	ID:32	RPL: Sending a multicast-DIO with rank 640
923702874	ID:34	RPL: Sending a DIS to fe80::c30c:0:0:6
925315069	ID:33	RPL: Sending a multicast-DIO with rank 672
926771213	ID:36	RPL: Sending a multicast-DIO with rank 648
927529329	ID:35	RPL: Sending a multicast-DIO with rank 669
928616749	ID:32	RPL: Sending a multicast-DIO with rank 640
930315069	ID:33	RPL: Sending a multicast-DIO with rank 672
931771213	ID:36	RPL: Sending a multicast-DIO with rank 648
932529329	ID:35	RPL: Sending a multicast-DIO with rank 669
933616749	ID:32	RPL: Sending a multicast-DIO with rank 640
935315069	ID:33	RPL: Sending a multicast-DIO with rank 672
936771213	ID:36	RPL: Sending a multicast-DIO with rank 648
937529329	ID:35	RPL: Sending a multicast-DIO with rank 669
938616749	ID:32	RPL: Sending a multicast-DIO with rank 640
940315069	ID:33	RPL: Sending a multicast-DIO with rank 672
941771213	ID:36	RPL: Sending a multicast-DIO with rank 648
942529329	ID:35	RPL: Sending a multicast-DIO with rank 669
943616749	ID:32	RPL: Sending a multicast-DIO with rank 640
945315069	ID:33	RPL: Sending a multicast-DIO with rank 672
946771213	ID:36	RPL: Sending a multicast-DIO with rank 648
947529329	ID:35	RPL: Sending a multicast-DIO with rank 669
948616749	ID:32	RPL: Sending a multicast-DIO with rank 640
950315069	ID:33	RPL: Sending a multicast-DIO with rank 672
951771213	ID:36	RPL: Sending a multicast-DIO with rank 648
952529329	ID:35	RPL: Sending a multicast-DIO with rank 669
953616749	ID:32	RPL: Sending a multicast-DIO with rank 640
955315069	ID:33	RPL: Sending a multicast-DIO with rank 672
956771213	ID:36	RPL: Sending a multicast-DIO with rank 648
957529329	ID:35	RPL: Sending a multicast-DIO with rank 669
958616749	ID:32	RPL: Sending a multicast-DIO with rank 640
960315069	ID:33	RPL: Sending a multicast-DIO with rank 672
961771213	ID:36	RPL: Sending a multicast-DIO with rank 648
962529329	ID:35	RPL: Sending a multicast-DIO with rank 669
963616749	ID:32	RPL: Sending a multicast-DIO with rank 640
965315069	ID:33	RPL: Sending a multicast-DIO with rank 672
966771213	ID:36	RPL: Sending a multicast-DIO with rank 648
967529329	ID:35	RPL: Sending a multicast-DIO with rank 669
968616749	ID:32	RPL: Sending a multicast-DIO with rank 640
970315069	ID:33	RPL: Sending a multicast-DIO with rank 672
971771213	ID:36	RPL: Sending a multicast-DIO with rank 648
972529329	ID:35	RPL: Sending a multicast-DIO with rank 669
973616749	ID:32	RPL: Sending a multicast-DIO with rank 640
975315069	ID:33	RPL: Sending a multicast-DIO with rank 672
976771213	ID:36	RPL: Sending a multicast-DIO with rank 648
977529329	ID:35	RPL: Sending a multicast-DIO with rank 669
978616749	ID:32	RPL: Sending a multicast-DIO with rank 640
980315069	ID:33	RPL: Sending a multicast-DIO with rank 672
981771213	ID:36	RPL: Sending a multicast-DIO with rank 648
982529329	ID:35	RPL: Sending a multicast-DIO with rank 669
983616749	ID:32	RPL: Sending a multicast-DIO with rank 640
983703307	ID:34	RPL: Sending a DIS to fe80::c30c:0:0:6
985315069	ID:33	RPL: Sending a multicast-DIO with rank 672
986771213	ID:36	RPL: Sending a multicast-DIO with rank 648
987529329	ID:35	RPL: Sending a multicast-DIO with rank 669
988616749	ID:32	RPL: Sending a multicast-DIO with rank 640
990315069	ID:33	RPL: Sending a multicast-DIO with rank 672
991771213	ID:36	RPL: Sending a multicast-DIO with rank 648
992529329	ID:35	RPL: Sending a multicast-DIO with rank 669
993616749	ID:32	RPL: Sending a multicast-DIO with rank 640
995315069	ID:33	RPL: Sending a multicast-DIO with rank 672
996771213	ID:36	RPL: Sending a multicast-DIO with rank 648
997529329	ID:35	RPL: Sending a multicast-DIO with rank 669
998616749	ID:32	RPL: Sending a multicast-DIO with rank 640
1000315069	ID:33	RPL: Sending a multicast-DIO with rank 672
1001771213	ID:36	RPL: Sending a multicast-DIO with rank 648
1002529329	ID:35	RPL: Sending a multicast-DIO with rank 669
1003616749	ID:32	RPL: Sending a multicast-DIO with rank 640
1005315069	ID:33	RPL: Sending a multicast-DIO with rank 672
1006771213	ID:36	RPL: Sending a multicast-DIO with rank 648
1007529329	ID:35	RPL: Sending a multicast-DIO with rank 669
1008616755	ID:32	RPL: Sending a multicast-DIO with rank 640
1010315069	ID:33	RPL: Sending a multicast-DIO with rank 672
1011771213	ID:36	RPL: Sending a multicast-DIO with rank 648
1012529329	ID:35	RPL: Sending a multicast-DIO with rank 669
1013616749	ID:32	RPL: Sending a multicast-DIO with rank 640
1015315069	ID:33	RPL: Sending a multicast-DIO with rank 672
1016771213	ID:36	RPL: Sending a multicast-DIO with rank 648
1017529329	ID:35	RPL: Sending a multicast-DIO with rank 669
1018616749	ID:32	RPL: Sending a multicast-DIO with rank 640
1020315069	ID:33	RPL: Sending a multicast-DIO with rank 672
1021771213	ID:36	RPL: Sending a multicast-DIO with rank 648
1022529329	ID:35	RPL: Sending a multicast-DIO with rank 669
1023616749	ID:32	RPL: Sending a multicast-DIO with rank 640
1025315070	ID:33	RPL: Sending a multicast-DIO with rank 672
1026771214	ID:36	RPL: Sending a multicast-DIO with rank 648
1027529330	ID:35	RPL: Sending a multicast-DIO with rank 669
1028616749	ID:32	RPL: Sending a multicast-DIO with rank 640
1030315070	ID:33	RPL: Sending a multicast-DIO with rank 672
1031771214	ID:36	RPL: Sending a multicast-DIO with rank 648
1032529330	ID:35	RPL: Sending a multicast-DIO with rank 669
1033616749	ID:32	RPL: Sending a multicast-DIO with rank 640
1035315070	ID:33	RPL: Sending a multicast-DIO with rank 672
1036771214	ID:36	RPL: Sending a multicast-DIO with rank 648
1037529330	ID:35	RPL: Sending a multicast-DIO with rank 669
1038616749	ID:32	RPL: Sending a multicast-DIO with rank 640
1040315070	ID:33	RPL: Sending a multicast-DIO with rank 672
1041771214	ID:36	RPL: Sending a multicast-DIO with rank 648
1042529330	ID:35	RPL: Sending a multicast-DIO with rank 669
1043616749	ID:32	RPL: Sending a multicast-DIO with rank 640
1043703308	ID:34	RPL: Sending a DIS to fe80::c30c:0:0:6
1045315070	ID:33	RPL: Sending a multicast-DIO with rank 672
1046771214	ID:36	RPL: Sending a multicast-DIO with rank 648
1047529330	ID:35	RPL: Sending a multicast-DIO with rank 669
1048616749	ID:32	RPL: Sending a multicast-DIO with rank 640
1050315070	ID:33	RPL: Sending a multicast-DIO with rank 672
1051771214	ID:36	RPL: Sending a multicast-DIO with rank 648
1052529330	ID:35	RPL: Sending a multicast-DIO with rank 669
1053616749	ID:32	RPL: Sending a multicast-DIO with rank 640
1055315070	ID:33	RPL: Sending a multicast-DIO with rank 672
1056771214	ID:36	RPL: Sending a multicast-DIO with rank 648
1057529330	ID:35	RPL: Sending a multicast-DIO with rank 669
1058616749	ID:32	RPL: Sending a multicast-DIO with rank 640
1060315070	ID:33	RPL: Sending a multicast-DIO with rank 672
1061771214	ID:36	RPL: Sending a multicast-DIO with rank 648
1062529330	ID:35	RPL: Sending a multicast-DIO with rank 669
1063616749	ID:32	RPL: Sending a multicast-DIO with rank 640
1065315070	ID:33	RPL: Sending a multicast-DIO with rank 672
1066771214	ID:36	RPL: Sending a multicast-DIO with rank 648
1067529330	ID:35	RPL: Sending a multicast-DIO with rank 669
1068616749	ID:32	RPL: Sending a multicast-DIO with rank 640
1070315070	ID:33	RPL: Sending a multicast-DIO with rank 672
1071771214	ID:36	RPL: Sending a multicast-DIO with rank 648
1072529330	ID:35	RPL: Sending a multicast-DIO with rank 669
1073616749	ID:32	RPL: Sending a multicast-DIO with rank 640
1075315070	ID:33	RPL: Sending a multicast-DIO with rank 672
1076771214	ID:36	RPL: Sending a multicast-DIO with rank 648
1077529330	ID:35	RPL: Sending a multicast-DIO with rank 669
1078616749	ID:32	RPL: Sending a multicast-DIO with rank 640
1080315070	ID:33	RPL: Sending a multicast-DIO with rank 672
1081771214	ID:36	RPL: Sending a multicast-DIO with rank 648
1082529330	ID:35	RPL: Sending a multicast-DIO with rank 669
1083616749	ID:32	RPL: Sending a multicast-DIO with rank 640
1085315070	ID:33	RPL: Sending a multicast-DIO with rank 672
1086771221	ID:36	RPL: Sending a multicast-DIO with rank 648
1087529330	ID:35	RPL: Sending a multicast-DIO with rank 669
1088616749	ID:32	RPL: Sending a multicast-DIO with rank 640
1090315070	ID:33	RPL: Sending a multicast-DIO with rank 672
1091771214	ID:36	RPL: Sending a multicast-DIO with rank 648
1092529330	ID:35	RPL: Sending a multicast-DIO with rank 669
1093616749	ID:32	RPL: Sending a multicast-DIO with rank 640
1095315070	ID:33	RPL: Sending a multicast-DIO with rank 672
1096771214	ID:36	RPL: Sending a multicast-DIO with rank 648
1097529330	ID:35	RPL: Sending a multicast-DIO with rank 669
1098616749	ID:32	RPL: Sending a multicast-DIO with rank 640
1100315070	ID:33	RPL: Sending a multicast-DIO with rank 672
1101771214	ID:36	RPL: Sending a multicast-DIO with rank 648
1102529330	ID:35	RPL: Sending a multicast-DIO with rank 669
1103616749	ID:32	RPL: Sending a multicast-DIO with rank 640
1103703308	ID:34	RPL: Sending a DIS to fe80::c30c:0:0:6
1105315070	ID:33	RPL: Sending a multicast-DIO with rank 672
1106771214	ID:36	RPL: Sending a multicast-DIO with rank 648
1107529330	ID:35	RPL: Sending a multicast-DIO with rank 669
1108616749	ID:32	RPL: Sending a multicast-DIO with rank 640
1110315070	ID:33	RPL: Sending a multicast-DIO with rank 672
1111771214	ID:36	RPL: Sending a multicast-DIO with rank 648
1112529330	ID:35	RPL: Sending a multicast-DIO with rank 669
1113616749	ID:32	RPL: Sending a multicast-DIO with rank 640
1115315070	ID:33	RPL: Sending a multicast-DIO with rank 672
1116771214	ID:36	RPL: Sending a multicast-DIO with rank 648
1117529330	ID:35	RPL: Sending a multicast-DIO with rank 669
1118616749	ID:32	RPL: Sending a multicast-DIO with rank 640
1120315070	ID:33	RPL: Sending a multicast-DIO with rank 672
1121771214	ID:36	RPL: Sending a multicast-DIO with rank 648
1122529330	ID:35	RPL: Sending a multicast-DIO with rank 669
1123616749	ID:32	RPL: Sending a multicast-DIO with rank 640
1125315070	ID:33	RPL: Sending a multicast-DIO with rank 672
1126771214	ID:36	RPL: Sending a multicast-DIO with rank 648
1127529330	ID:35	RPL: Sending a multicast-DIO with rank 669
1128616749	ID:32	RPL: Sending a multicast-DIO with rank 640
1130315070	ID:33	RPL: Sending a multicast-DIO with rank 672
1131771214	ID:36	RPL: Sending a multicast-DIO with rank 648
1132529330	ID:35	RPL: Sending a multicast-DIO with rank 669
1133616749	ID:32	RPL: Sending a multicast-DIO with rank 640
1135315070	ID:33	RPL: Sending a multicast-DIO with rank 672
1136771214	ID:36	RPL: Sending a multicast-DIO with rank 648
1137529330	ID:35	RPL: Sending a multicast-DIO with rank 669
1138616749	ID:32	RPL: Sending a multicast-DIO with rank 640
1140315070	ID:33	RPL: Sending a multicast-DIO with rank 672
1141771214	ID:36	RPL: Sending a multicast-DIO with rank 648
1142529330	ID:35	RPL: Sending a multicast-DIO with rank 669
1143616749	ID:32	RPL: Sending a multicast-DIO with rank 640
1145315070	ID:33	RPL: Sending a multicast-DIO with rank 672
1146771214	ID:36	RPL: Sending a multicast-DIO with rank 648
1147529330	ID:35	RPL: Sending a multicast-DIO with rank 669
1148616749	ID:32	RPL: Sending a multicast-DIO with rank 640
1150315070	ID:33	RPL: Sending a multicast-DIO with rank 672
1151771214	ID:36	RPL: Sending a multicast-DIO with rank 648
1152529330	ID:35	RPL: Sending a multicast-DIO with rank 669
1153616749	ID:32	RPL: Sending a multicast-DIO with rank 640
1155315070	ID:33	RPL: Sending a multicast-DIO with rank 672
1156771214	ID:36	RPL: Sending a multicast-DIO with rank 648
1157529330	ID:35	RPL: Sending a multicast-DIO with rank 669
1158616749	ID:32	RPL: Sending a multicast-DIO with rank 640
1160315070	ID:33	RPL: Sending a multicast-DIO with rank 672
1161771214	ID:36	RPL: Sending a multicast-DIO with rank 648
1162529330	ID:35	RPL: Sending a multicast-DIO with rank 669
1163616749	ID:32	RPL: Sending a multicast-DIO with rank 640
1163703308	ID:34	RPL: Sending a DIS to fe80::c30c:0:0:6
1165315070	ID:33	RPL: Sending a multicast-DIO with rank 672
1166771214	ID:36	RPL: Sending a multicast-DIO with rank 648
1167529330	ID:35	RPL: Sending a multicast-DIO with rank 669
1168616749	ID:32	RPL: Sending a multicast-DIO with rank 640
1170315070	ID:33	RPL: Sending a multicast-DIO with rank 672
1171771214	ID:36	RPL: Sending a multicast-DIO with rank 648
1172529330	ID:35	RPL: Sending a multicast-DIO with rank 669
1173616749	ID:32	RPL: Sending a multicast-DIO with rank 640
1175315070	ID:33	RPL: Sending a multicast-DIO with rank 672
1176771214	ID:36	RPL: Sending a multicast-DIO with rank 648
1177529330	ID:35	RPL: Sending a multicast-DIO with rank 669
1178616749	ID:32	RPL: Sending a multicast-DIO with rank 640
1180315070	ID:33	RPL: Sending a multicast-DIO with rank 672
1181771214	ID:36	RPL: Sending a multicast-DIO with rank 648
1182529330	ID:35	RPL: Sending a multicast-DIO with rank 669
1183616749	ID:32	RPL: Sending a multicast-DIO with rank 640
1185315070	ID:33	RPL: Sending a multicast-DIO with rank 672
1186771214	ID:36	RPL: Sending a multicast-DIO with rank 648
1187529330	ID:35	RPL: Sending a multicast-DIO with rank 669
1188616749	ID:32	RPL: Sending a multicast-DIO with rank 640
1190315070	ID:33	RPL: Sending a multicast-DIO with rank 672
1191771214	ID:36	RPL: Sending a multicast-DIO with rank 648
1192529330	ID:35	RPL: Sending a multicast-DIO with rank 669
1193616749	ID:32	RPL: Sending a multicast-DIO with rank 640
1195315070	ID:33	RPL: Sending a multicast-DIO with rank 672
1196771214	ID:36	RPL: Sending a multicast-DIO with rank 648
1197529330	ID:35	RPL: Sending a multicast-DIO with rank 669
1198616749	ID:32	RPL: Sending a multicast-DIO with rank 640
1200315077	ID:33	RPL: Sending a multicast-DIO with rank 672
1201771219	ID:36	RPL: Sending a multicast-DIO with rank 648
1202529335	ID:35	RPL: Sending a multicast-DIO with rank 669
1203616754	ID:32	RPL: Sending a multicast-DIO with rank 640
1205315075	ID:33	RPL: Sending a multicast-DIO with rank 672
1206771213	ID:36	RPL: Sending a multicast-DIO with rank 648
1207529329	ID:35	RPL: Sending a multicast-DIO with rank 669
1208616748	ID:32	RPL: Sending a multicast-DIO with rank 640
1210315069	ID:33	RPL: Sending a multicast-DIO with rank 672
1211771213	ID:36	RPL: Sending a multicast-DIO with rank 648
1212529329	ID:35	RPL: Sending a multicast-DIO with rank 669
1213616748	ID:32	RPL: Sending a multicast-DIO with rank 640
1215315069	ID:33	RPL: Sending a multicast-DIO with rank 672
1216771213	ID:36	RPL: Sending a multicast-DIO with rank 648
1217529329	ID:35	RPL: Sending a multicast-DIO with rank 669
1218616748	ID:32	RPL: Sending a multicast-DIO with rank 640
1220315069	ID:33	RPL: Sending a multicast-DIO with rank 672
1221771213	ID:36	RPL: Sending a multicast-DIO with rank 648
1222529336	ID:35	RPL: Sending a multicast-DIO with rank 669
1223616748	ID:32	RPL: Sending a multicast-DIO with rank 640
1223703307	ID:34	RPL: Sending a DIS to fe80::c30c:0:0:6
1225315069	ID:33	RPL: Sending a multicast-DIO with rank 672
1226771213	ID:36	RPL: Sending a multicast-DIO with rank 648
1227529329	ID:35	RPL: Sending a multicast-DIO with rank 669
1228616748	ID:32	RPL: Sending a multicast-DIO with rank 640
1230315069	ID:33	RPL: Sending a multicast-DIO with rank 672
1231771213	ID:36	RPL: Sending a multicast-DIO with rank 648
1232529329	ID:35	RPL: Sending a multicast-DIO with rank 669
1233616748	ID:32	RPL: Sending a multicast-DIO with rank 640
1235315069	ID:33	RPL: Sending a multicast-DIO with rank 672
1236771213	ID:36	RPL: Sending a multicast-DIO with rank 648
1237529329	ID:35	RPL: Sending a multicast-DIO with rank 669
1238616748	ID:32	RPL: Sending a multicast-DIO with rank 640
1240315069	ID:33	RPL: Sending a multicast-DIO with rank 672
1241771213	ID:36	RPL: Sending a multicast-DIO with rank 648
1242529329	ID:35	RPL: Sending a multicast-DIO with rank 669
1243616748	ID:32	RPL: Sending a multicast-DIO with rank 640
1245315069	ID:33	RPL: Sending a multicast-DIO with rank 672
1246771213	ID:36	RPL: Sending a multicast-DIO with rank 648
1247529329	ID:35	RPL: Sending a multicast-DIO with rank 669
1248616748	ID:32	RPL: Sending a multicast-DIO with rank 640
1250315069	ID:33	RPL: Sending a multicast-DIO with rank 672
1251771213	ID:36	RPL: Sending a multicast-DIO with rank 648
1252529329	ID:35	RPL: Sending a multicast-DIO with rank 669
1253616748	ID:32	RPL: Sending a multicast-DIO with rank 640
1255315069	ID:33	RPL: Sending a multicast-DIO with rank 672
1256771213	ID:36	RPL: Sending a multicast-DIO with rank 648
1257529329	ID:35	RPL: Sending a multicast-DIO with rank 669
1258616748	ID:32	RPL: Sending a multicast-DIO with rank 640
1260315069	ID:33	RPL: Sending a multicast-DIO with rank 672
1261771213	ID:36	RPL: Sending a multicast-DIO with rank 648
1262529329	ID:35	RPL: Sending a multicast-DIO with rank 669
1263616748	ID:32	RPL: Sending a multicast-DIO with rank 640
1265315069	ID:33	RPL: Sending a multicast-DIO with rank 672
1266771213	ID:36	RPL: Sending a multicast-DIO with rank 648
1267529329	ID:35	RPL: Sending a multicast-DIO with rank 669
1268616748	ID:32	RPL: Sending a multicast-DIO with rank 640
1270315069	ID:33	RPL: Sending a multicast-DIO with rank 672
1271771213	ID:36	RPL: Sending a multicast-DIO with rank 648
1272529329	ID:35	RPL: Sending a multicast-DIO with rank 669
1273616748	ID:32	RPL: Sending a multicast-DIO with rank 640
1275315069	ID:33	RPL: Sending a multicast-DIO with rank 672
1276771213	ID:36	RPL: Sending a multicast-DIO with rank 648
1277529329	ID:35	RPL: Sending a multicast-DIO with rank 669
1278616748	ID:32	RPL: Sending a multicast-DIO with rank 640
1280315069	ID:33	RPL: Sending a multicast-DIO with rank 672
1281771213	ID:36	RPL: Sending a multicast-DIO with rank 648
1282529329	ID:35	RPL: Sending a multicast-DIO with rank 669
1283616748	ID:32	RPL: Sending a multicast-DIO with rank 640
1283703307	ID:34	RPL: Sending a DIS to fe80::c30c:0:0:6
1285315069	ID:33	RPL: Sending a multicast-DIO with rank 672
1286771213	ID:36	RPL: Sending a multicast-DIO with rank 648
1287529329	ID:35	RPL: Sending a multicast-DIO with rank 669
1288616748	ID:32	RPL: Sending a multicast-DIO with rank 640
1290315069	ID:33	RPL: Sending a multicast-DIO with rank 672
1291771213	ID:36	RPL: Sending a multicast-DIO with rank 648
1292529329	ID:35	RPL: Sending a multicast-DIO with rank 669
1293616748	ID:32	RPL: Sending a multicast-DIO with rank 640
1295315069	ID:33	RPL: Sending a multicast-DIO with rank 672
1296771213	ID:36	RPL: Sending a multicast-DIO with rank 648
1297529329	ID:35	RPL: Sending a multicast-DIO with rank 669
1298616748	ID:32	RPL: Sending a multicast-DIO with rank 640
1300315069	ID:33	RPL: Sending a multicast-DIO with rank 672
1301771213	ID:36	RPL: Sending a multicast-DIO with rank 648
1302529329	ID:35	RPL: Sending a multicast-DIO with rank 669
1303616748	ID:32	RPL: Sending a multicast-DIO with rank 640
1305315069	ID:33	RPL: Sending a multicast-DIO with rank 672
1306771213	ID:36	RPL: Sending a multicast-DIO with rank 648
1307529329	ID:35	RPL: Sending a multicast-DIO with rank 669
1308616748	ID:32	RPL: Sending a multicast-DIO with rank 640
1310315069	ID:33	RPL: Sending a multicast-DIO with rank 672
1311771213	ID:36	RPL: Sending a multicast-DIO with rank 648
1312529329	ID:35	RPL: Sending a multicast-DIO with rank 669
1313616748	ID:32	RPL: Sending a multicast-DIO with rank 640
1315315069	ID:33	RPL: Sending a multicast-DIO with rank 672
1316771213	ID:36	RPL: Sending a multicast-DIO with rank 648
1317529329	ID:35	RPL: Sending a multicast-DIO with rank 669
1318616748	ID:32	RPL: Sending a multicast-DIO with rank 640
1320315069	ID:33	RPL: Sending a multicast-DIO with rank 672
1321771213	ID:36	RPL: Sending a multicast-DIO with rank 648
1322529329	ID:35	RPL: Sending a multicast-DIO with rank 669
1323616748	ID:32	RPL: Sending a multicast-DIO with rank 640
1325315069	ID:33	RPL: Sending a multicast-DIO with rank 672
1326771213	ID:36	RPL: Sending a multicast-DIO with rank 648
1327529329	ID:35	RPL: Sending a multicast-DIO with rank 669
1328616755	ID:32	RPL: Sending a multicast-DIO with rank 640
1330315069	ID:33	RPL: Sending a multicast-DIO with rank 672
1331771213	ID:36	RPL: Sending a multicast-DIO with rank 648
1332529329	ID:35	RPL: Sending a multicast-DIO with rank 669
1333616748	ID:32	RPL: Sending a multicast-DIO with rank 640
1335315069	ID:33	RPL: Sending a multicast-DIO with rank 672
1336771213	ID:36	RPL: Sending a multicast-DIO with rank 648
1337529329	ID:35	RPL: Sending a multicast-DIO with rank 669
1338616748	ID:32	RPL: Sending a multicast-DIO with rank 640
1340315069	ID:33	RPL: Sending a multicast-DIO with rank 672
1341771213	ID:36	RPL: Sending a multicast-DIO with rank 648
1342529329	ID:35	RPL: Sending a multicast-DIO with rank 669
1343616748	ID:32	RPL: Sending a multicast-DIO with rank 640
1343703307	ID:34	RPL: Sending a DIS to fe80::c30c:0:0:6
1345315069	ID:33	RPL: Sending a multicast-DIO with rank 672
1346771213	ID:36	RPL: Sending a multicast-DIO with rank 648
1347529329	ID:35	RPL: Sending a multicast-DIO with rank 669
1348616748	ID:32	RPL: Sending a multicast-DIO with rank 640
1350315069	ID:33	RPL: Sending a multicast-DIO with rank 672
1351771213	ID:36	RPL: Sending a multicast-DIO with rank 648
1352529329	ID:35	RPL: Sending a multicast-DIO with rank 669
1353616748	ID:32	RPL: Sending a multicast-DIO with rank 640
1355315069	ID:33	RPL: Sending a multicast-DIO with rank 672
1356771213	ID:36	RPL: Sending a multicast-DIO with rank 648
1357529329	ID:35	RPL: Sending a multicast-DIO with rank 669
1358616748	ID:32	RPL: Sending a multicast-DIO with rank 640
1360315069	ID:33	RPL: Sending a multicast-DIO with rank 672
1361771213	ID:36	RPL: Sending a multicast-DIO with rank 648
1362529329	ID:35	RPL: Sending a multicast-DIO with rank 669
1363616748	ID:32	RPL: Sending a multicast-DIO with rank 640
1365315069	ID:33	RPL: Sending a multicast-DIO with rank 672
1366771213	ID:36	RPL: Sending a multicast-DIO with rank 648
1367529329	ID:35	RPL: Sending a multicast-DIO with rank 669
1368616748	ID:32	RPL: Sending a multicast-DIO with rank 640
1370315069	ID:33	RPL: Sending a multicast-DIO with rank 672
1371771213	ID:36	RPL: Sending a multicast-DIO with rank 648
1372529329	ID:35	RPL: Sending a multicast-DIO with rank 669
1373616748	ID:32	RPL: Sending a multicast-DIO with rank 640
1375315069	ID:33	RPL: Sending a multicast-DIO with rank 672
1376771213	ID:36	RPL: Sending a multicast-DIO with rank 648
1377529329	ID:35	RPL: Sending a multicast-DIO with rank 669
1378616748	ID:32	RPL: Sending a multicast-DIO with rank 640
1380315069	ID:33	RPL: Sending a multicast-DIO with rank 672
1381771213	ID:36	RPL: Sending a multicast-DIO with rank 648
1382529329	ID:35	RPL: Sending a multicast-DIO with rank 669
1383616748	ID:32	RPL: Sending a multicast-DIO with rank 640
1385315069	ID:33	RPL: Sending a multicast-DIO with rank 672
1386771213	ID:36	RPL: Sending a multicast-DIO with rank 648
1387529329	ID:35	RPL: Sending a multicast-DIO with rank 669
1388616748	ID:32	RPL: Sending a multicast-DIO with rank 640
1390315069	ID:33	RPL: Sending a multicast-DIO with rank 672
1391771213	ID:36	RPL: Sending a multicast-DIO with rank 648
1392529329	ID:35	RPL: Sending a multicast-DIO with rank 669
1393616748	ID:32	RPL: Sending a multicast-DIO with rank 640
1395315069	ID:33	RPL: Sending a multicast-DIO with rank 672
1396771213	ID:36	RPL: Sending a multicast-DIO with rank 648
1397529329	ID:35	RPL: Sending a multicast-DIO with rank 669
1398616748	ID:32	RPL: Sending a multicast-DIO with rank 640
1400315069	ID:33	RPL: Sending a multicast-DIO with rank 672
1401771213	ID:36	RPL: Sending a multicast-DIO with rank 648
1402529329	ID:35	RPL: Sending a multicast-DIO with rank 669
1403616748	ID:32	RPL: Sending a multicast-DIO with rank 640
1403703307	ID:34	RPL: Sending a DIS to fe80::c30c:0:0:6
1405315069	ID:33	RPL: Sending a multicast-DIO with rank 672
1406771213	ID:36	RPL: Sending a multicast-DIO with rank 648
1407529329	ID:35	RPL: Sending a multicast-DIO with rank 669
1408616748	ID:32	RPL: Sending a multicast-DIO with rank 640
1410315069	ID:33	RPL: Sending a multicast-DIO with rank 672
1411771213	ID:36	RPL: Sending a multicast-DIO with rank 648
1412529329	ID:35	RPL: Sending a multicast-DIO with rank 669
1413616748	ID:32	RPL: Sending a multicast-DIO with rank 640
1415315069	ID:33	RPL: Sending a multicast-DIO with rank 672
1416771213	ID:36	RPL: Sending a multicast-DIO with rank 648
1417529329	ID:35	RPL: Sending a multicast-DIO with rank 669
1418616748	ID:32	RPL: Sending a multicast-DIO with rank 640
1420315069	ID:33	RPL: Sending a multicast-DIO with rank 672
1421771213	ID:36	RPL: Sending a multicast-DIO with rank 648
1422529329	ID:35	RPL: Sending a multicast-DIO with rank 669
1423616748	ID:32	RPL: Sending a multicast-DIO with rank 640
1425315069	ID:33	RPL: Sending a multicast-DIO with rank 672
1426771213	ID:36	RPL: Sending a multicast-DIO with rank 648
1427529329	ID:35	RPL: Sending a multicast-DIO with rank 669
1428616748	ID:32	RPL: Sending a multicast-DIO with rank 640
1430315069	ID:33	RPL: Sending a multicast-DIO with rank 672
1431771213	ID:36	RPL: Sending a multicast-DIO with rank 648
1432529329	ID:35	RPL: Sending a multicast-DIO with rank 669
1433616748	ID:32	RPL: Sending a multicast-DIO with rank 640
1435315069	ID:33	RPL: Sending a multicast-DIO with rank 672
1436771213	ID:36	RPL: Sending a multicast-DIO with rank 648
1437529329	ID:35	RPL: Sending a multicast-DIO with rank 669
1438616748	ID:32	RPL: Sending a multicast-DIO with rank 640
1440315069	ID:33	RPL: Sending a multicast-DIO with rank 672
1441771213	ID:36	RPL: Sending a multicast-DIO with rank 648
1442529329	ID:35	RPL: Sending a multicast-DIO with rank 669
1443616748	ID:32	RPL: Sending a multicast-DIO with rank 640
1445315069	ID:33	RPL: Sending a multicast-DIO with rank 672
1446771213	ID:36	RPL: Sending a multicast-DIO with rank 648
1447529329	ID:35	RPL: Sending a multicast-DIO with rank 669
1448616748	ID:32	RPL: Sending a multicast-DIO with rank 640
1450315069	ID:33	RPL: Sending a multicast-DIO with rank 672
1451771213	ID:36	RPL: Sending a multicast-DIO with rank 648
1452529329	ID:35	RPL: Sending a multicast-DIO with rank 669
1453616748	ID:32	RPL: Sending a multicast-DIO with rank 640
1455315069	ID:33	RPL: Sending a multicast-DIO with rank 672
1456771213	ID:36	RPL: Sending a multicast-DIO with rank 648
1457529329	ID:35	RPL: Sending a multicast-DIO with rank 669
1458616748	ID:32	RPL: Sending a multicast-DIO with rank 640
1460315069	ID:33	RPL: Sending a multicast-DIO with rank 672
1461771213	ID:36	RPL: Sending a multicast-DIO with rank 648
1462529329	ID:35	RPL: Sending a multicast-DIO with rank 669
1463616748	ID:32	RPL: Sending a multicast-DIO with rank 640
1463703704	ID:34	RPL: Sending a DIS to fe80::c30c:0:0:6
1465315069	ID:33	RPL: Sending a multicast-DIO with rank 672
1466771213	ID:36	RPL: Sending a multicast-DIO with rank 648
1467529329	ID:35	RPL: Sending a multicast-DIO with rank 669
1468616748	ID:32	RPL: Sending a multicast-DIO with rank 640
1470315069	ID:33	RPL: Sending a multicast-DIO with rank 672
1471771213	ID:36	RPL: Sending a multicast-DIO with rank 648
1472529329	ID:35	RPL: Sending a multicast-DIO with rank 669
1473616748	ID:32	RPL: Sending a multicast-DIO with rank 640
1475315069	ID:33	RPL: Sending a multicast-DIO with rank 672
1476771213	ID:36	RPL: Sending a multicast-DIO with rank 648
1477529329	ID:35	RPL: Sending a multicast-DIO with rank 669
1478616748	ID:32	RPL: Sending a multicast-DIO with rank 640
1480315069	ID:33	RPL: Sending a multicast-DIO with rank 672
1481771220	ID:36	RPL: Sending a multicast-DIO with rank 648
1482529329	ID:35	RPL: Sending a multicast-DIO with rank 669
1483616748	ID:32	RPL: Sending a multicast-DIO with rank 640
1485315069	ID:33	RPL: Sending a multicast-DIO with rank 672
1486771213	ID:36	RPL: Sending a multicast-DIO with rank 648
1487529329	ID:35	RPL: Sending a multicast-DIO with rank 669
1488616748	ID:32	RPL: Sending a multicast-DIO with rank 640
1490315069	ID:33	RPL: Sending a multicast-DIO with rank 672
1491771213	ID:36	RPL: Sending a multicast-DIO with rank 648
1492529329	ID:35	RPL: Sending a multicast-DIO with rank 669
1493616748	ID:32	RPL: Sending a multicast-DIO with rank 640
1495315069	ID:33	RPL: Sending a multicast-DIO with rank 672
1496771213	ID:36	RPL: Sending a multicast-DIO with rank 648
1497529329	ID:35	RPL: Sending a multicast-DIO with rank 669
1498616748	ID:32	RPL: Sending a multicast-DIO with rank 640
1500315069	ID:33	RPL: Sending a multicast-DIO with rank 672
1501771213	ID:36	RPL: Sending a multicast-DIO with rank 648
1502529329	ID:35	RPL: Sending a multicast-DIO with rank 669
1503616748	ID:32	RPL: Sending a multicast-DIO with rank 640
1505315069	ID:33	RPL: Sending a multicast-DIO with rank 672
1506771213	ID:36	RPL: Sending a multicast-DIO with rank 648
1507529329	ID:35	RPL: Sending a multicast-DIO with rank 669
1508616748	ID:32	RPL: Sending a multicast-DIO with rank 640
1510315069	ID:33	RPL: Sending a multicast-DIO with rank 672
1511771213	ID:36	RPL: Sending a multicast-DIO with rank 648
1512529329	ID:35	RPL: Sending a multicast-DIO with rank 669
1513616748	ID:32	RPL: Sending a multicast-DIO with rank 640
1515315069	ID:33	RPL: Sending a multicast-DIO with rank 672
1516771213	ID:36	RPL: Sending a multicast-DIO with rank 648
1517529329	ID:35	RPL: Sending a multicast-DIO with rank 669
1518616748	ID:32	RPL: Sending a multicast-DIO with rank 640
1520315069	ID:33	RPL: Sending a multicast-DIO with rank 672
1521771213	ID:36	RPL: Sending a multicast-DIO with rank 648
1522529336	ID:35	RPL: Sending a multicast-DIO with rank 669
1523616748	ID:32	RPL: Sending a multicast-DIO with rank 640
1523703307	ID:34	RPL: Sending a DIS to fe80::c30c:0:0:6
1525315069	ID:33	RPL: Sending a multicast-DIO with rank 672
1526771213	ID:36	RPL: Sending a multicast-DIO with rank 648
1527529329	ID:35	RPL: Sending a multicast-DIO with rank 669
1528616748	ID:32	RPL: Sending a multicast-DIO with rank 640
1530315069	ID:33	RPL: Sending a multicast-DIO with rank 672
1531771213	ID:36	RPL: Sending a multicast-DIO with rank 648
1532529329	ID:35	RPL: Sending a multicast-DIO with rank 669
1533616748	ID:32	RPL: Sending a multicast-DIO with rank 640
1535315069	ID:33	RPL: Sending a multicast-DIO with rank 672
1536771213	ID:36	RPL: Sending a multicast-DIO with rank 648
1537529329	ID:35	RPL: Sending a multicast-DIO with rank 669
1538616748	ID:32	RPL: Sending a multicast-DIO with rank 640
1540315069	ID:33	RPL: Sending a multicast-DIO with rank 672
1541771213	ID:36	RPL: Sending a multicast-DIO with rank 648
1542529329	ID:35	RPL: Sending a multicast-DIO with rank 669
1543616748	ID:32	RPL: Sending a multicast-DIO with rank 640
1545315069	ID:33	RPL: Sending a multicast-DIO with rank 672
1546771213	ID:36	RPL: Sending a multicast-DIO with rank 648
1547529329	ID:35	RPL: Sending a multicast-DIO with rank 669
1548616748	ID:32	RPL: Sending a multicast-DIO with rank 640
1550315069	ID:33	RPL: Sending a multicast-DIO with rank 672
1551771213	ID:36	RPL: Sending a multicast-DIO with rank 648
1552529329	ID:35	RPL: Sending a multicast-DIO with rank 669
1553616748	ID:32	RPL: Sending a multicast-DIO with rank 640
1555315069	ID:33	RPL: Sending a multicast-DIO with rank 672
1556771213	ID:36	RPL: Sending a multicast-DIO with rank 648
1557529329	ID:35	RPL: Sending a multicast-DIO with rank 669
1558616748	ID:32	RPL: Sending a multicast-DIO with rank 640
1560315069	ID:33	RPL: Sending a multicast-DIO with rank 672
1561771213	ID:36	RPL: Sending a multicast-DIO with rank 648
1562529329	ID:35	RPL: Sending a multicast-DIO with rank 669
1563616748	ID:32	RPL: Sending a multicast-DIO with rank 640
1565315069	ID:33	RPL: Sending a multicast-DIO with rank 672
1566771213	ID:36	RPL: Sending a multicast-DIO with rank 648
1567529329	ID:35	RPL: Sending a multicast-DIO with rank 669
1568616748	ID:32	RPL: Sending a multicast-DIO with rank 640
1570315069	ID:33	RPL: Sending a multicast-DIO with rank 672
1571771213	ID:36	RPL: Sending a multicast-DIO with rank 648
1572529329	ID:35	RPL: Sending a multicast-DIO with rank 669
1573616748	ID:32	RPL: Sending a multicast-DIO with rank 640
1575315069	ID:33	RPL: Sending a multicast-DIO with rank 672
1576771213	ID:36	RPL: Sending a multicast-DIO with rank 648
1577529329	ID:35	RPL: Sending a multicast-DIO with rank 669
1578616748	ID:32	RPL: Sending a multicast-DIO with rank 640
1580315069	ID:33	RPL: Sending a multicast-DIO with rank 672
1581771213	ID:36	RPL: Sending a multicast-DIO with rank 648
1582529329	ID:35	RPL: Sending a multicast-DIO with rank 669
1583616748	ID:32	RPL: Sending a multicast-DIO with rank 640
1583703307	ID:34	RPL: Sending a DIS to fe80::c30c:0:0:6
1585315069	ID:33	RPL: Sending a multicast-DIO with rank 672
1586771213	ID:36	RPL: Sending a multicast-DIO with rank 648
1587529329	ID:35	RPL: Sending a multicast-DIO with rank 669
1588616748	ID:32	RPL: Sending a multicast-DIO with rank 640
1590315069	ID:33	RPL: Sending a multicast-DIO with rank 672
1591771213	ID:36	RPL: Sending a multicast-DIO with rank 648
1592529329	ID:35	RPL: Sending a multicast-DIO with rank 669
1593616748	ID:32	RPL: Sending a multicast-DIO with rank 640
1595315069	ID:33	RPL: Sending a multicast-DIO with rank 672
1596771213	ID:36	RPL: Sending a multicast-DIO with rank 648
1597529329	ID:35	RPL: Sending a multicast-DIO with rank 669
1598616748	ID:32	RPL: Sending a multicast-DIO with rank 640
1600315069	ID:33	RPL: Sending a multicast-DIO with rank 672
1601771213	ID:36	RPL: Sending a multicast-DIO with rank 648
1602529329	ID:35	RPL: Sending a multicast-DIO with rank 669
1603616748	ID:32	RPL: Sending a multicast-DIO with rank 640
1605315069	ID:33	RPL: Sending a multicast-DIO with rank 672
1606771213	ID:36	RPL: Sending a multicast-DIO with rank 648
1607529329	ID:35	RPL: Sending a multicast-DIO with rank 669
1608616748	ID:32	RPL: Sending a multicast-DIO with rank 640
1610315069	ID:33	RPL: Sending a multicast-DIO with rank 672
1611771213	ID:36	RPL: Sending a multicast-DIO with rank 648
1612529329	ID:35	RPL: Sending a multicast-DIO with rank 669
1613616748	ID:32	RPL: Sending a multicast-DIO with rank 640
1615315069	ID:33	RPL: Sending a multicast-DIO with rank 672
1616771213	ID:36	RPL: Sending a multicast-DIO with rank 648
1617529329	ID:35	RPL: Sending a multicast-DIO with rank 669
1618616748	ID:32	RPL: Sending a multicast-DIO with rank 640
1620315069	ID:33	RPL: Sending a multicast-DIO with rank 672
1621771213	ID:36	RPL: Sending a multicast-DIO with rank 648
1622529329	ID:35	RPL: Sending a multicast-DIO with rank 669
1623616748	ID:32	RPL: Sending a multicast-DIO with rank 640
1625315069	ID:33	RPL: Sending a multicast-DIO with rank 672
1626771213	ID:36	RPL: Sending a multicast-DIO with rank 648
1627529329	ID:35	RPL: Sending a multicast-DIO with rank 669
1628616748	ID:32	RPL: Sending a multicast-DIO with rank 640
1630315069	ID:33	RPL: Sending a multicast-DIO with rank 672
1631771213	ID:36	RPL: Sending a multicast-DIO with rank 648
1632529329	ID:35	RPL: Sending a multicast-DIO with rank 669
1633616748	ID:32	RPL: Sending a multicast-DIO with rank 640
1635315069	ID:33	RPL: Sending a multicast-DIO with rank 672
1636771213	ID:36	RPL: Sending a multicast-DIO with rank 648
1637529329	ID:35	RPL: Sending a multicast-DIO with rank 669
1638616748	ID:32	RPL: Sending a multicast-DIO with rank 640
1640315069	ID:33	RPL: Sending a multicast-DIO with rank 672
1641771213	ID:36	RPL: Sending a multicast-DIO with rank 648
1642529329	ID:35	RPL: Sending a multicast-DIO with rank 669
1643616748	ID:32	RPL: Sending a multicast-DIO with rank 640
1643702873	ID:34	RPL: Sending a DIS to fe80::c30c:0:0:6
1645315069	ID:33	RPL: Sending a multicast-DIO with rank 672
1646771213	ID:36	RPL: Sending a multicast-DIO with rank 648
1647529329	ID:35	RPL: Sending a multicast-DIO with rank 669
1648616748	ID:32	RPL: Sending a multicast-DIO with rank 640
1650315076	ID:33	RPL: Sending a multicast-DIO with rank 672
1651771213	ID:36	RPL: Sending a multicast-DIO with rank 648
1652529329	ID:35	RPL: Sending a multicast-DIO with rank 669
1653616748	ID:32	RPL: Sending a multicast-DIO with rank 640
1655315069	ID:33	RPL: Sending a multicast-DIO with rank 672
1656771213	ID:36	RPL: Sending a multicast-DIO with rank 648
1657529329	ID:35	RPL: Sending a multicast-DIO with rank 669
1658616748	ID:32	RPL: Sending a multicast-DIO with rank 640
1660315069	ID:33	RPL: Sending a multicast-DIO with rank 672
1661771213	ID:36	RPL: Sending a multicast-DIO with rank 648
1662529329	ID:35	RPL: Sending a multicast-DIO with rank 669
1663616748	ID:32	RPL: Sending a multicast-DIO with rank 640
1665315069	ID:33	RPL: Sending a multicast-DIO with rank 672
1666771213	ID:36	RPL: Sending a multicast-DIO with rank 648
1667529329	ID:35	RPL: Sending a multicast-DIO with rank 669
1668616748	ID:32	RPL: Sending a multicast-DIO with rank 640
1670315069	ID:33	RPL: Sending a multicast-DIO with rank 672
1671771213	ID:36	RPL: Sending a multicast-DIO with rank 648
1672529329	ID:35	RPL: Sending a multicast-DIO with rank 669
1673616748	ID:32	RPL: Sending a multicast-DIO with rank 640
1675315069	ID:33	RPL: Sending a multicast-DIO with rank 672
1676771213	ID:36	RPL: Sending a multicast-DIO with rank 648
1677529329	ID:35	RPL: Sending a multicast-DIO with rank 669
1678616748	ID:32	RPL: Sending a multicast-DIO with rank 640
1680315069	ID:33	RPL: Sending a multicast-DIO with rank 672
1681771213	ID:36	RPL: Sending a multicast-DIO with rank 648
1682529329	ID:35	RPL: Sending a multicast-DIO with rank 669
1683616748	ID:32	RPL: Sending a multicast-DIO with rank 640
1685315069	ID:33	RPL: Sending a multicast-DIO with rank 672
1686771213	ID:36	RPL: Sending a multicast-DIO with rank 648
1687529329	ID:35	RPL: Sending a multicast-DIO with rank 669
1688616748	ID:32	RPL: Sending a multicast-DIO with rank 640
1690315069	ID:33	RPL: Sending a multicast-DIO with rank 672
1691771213	ID:36	RPL: Sending a multicast-DIO with rank 648
1692529329	ID:35	RPL: Sending a multicast-DIO with rank 669
1693616748	ID:32	RPL: Sending a multicast-DIO with rank 640
1695315069	ID:33	RPL: Sending a multicast-DIO with rank 672
1696771213	ID:36	RPL: Sending a multicast-DIO with rank 648
1697529329	ID:35	RPL: Sending a multicast-DIO with rank 669
1698616748	ID:32	RPL: Sending a multicast-DIO with rank 640
1700315069	ID:33	RPL: Sending a multicast-DIO with rank 672
1701771213	ID:36	RPL: Sending a multicast-DIO with rank 648
1702529329	ID:35	RPL: Sending a multicast-DIO with rank 669
1703616748	ID:32	RPL: Sending a multicast-DIO with rank 640
1703703307	ID:34	RPL: Sending a DIS to fe80::c30c:0:0:6
1705315069	ID:33	RPL: Sending a multicast-DIO with rank 672
1706771213	ID:36	RPL: Sending a multicast-DIO with rank 648
1707529329	ID:35	RPL: Sending a multicast-DIO with rank 669
1708616755	ID:32	RPL: Sending a multicast-DIO with rank 640
1710315069	ID:33	RPL: Sending a multicast-DIO with rank 672
1711771213	ID:36	RPL: Sending a multicast-DIO with rank 648
1712529329	ID:35	RPL: Sending a multicast-DIO with rank 669
1713616748	ID:32	RPL: Sending a multicast-DIO with rank 640
1715315069	ID:33	RPL: Sending a multicast-DIO with rank 672
1716771213	ID:36	RPL: Sending a multicast-DIO with rank 648
1717529329	ID:35	RPL: Sending a multicast-DIO with rank 669
1718616748	ID:32	RPL: Sending a multicast-DIO with rank 640
1720315069	ID:33	RPL: Sending a multicast-DIO with rank 672
1721771213	ID:36	RPL: Sending a multicast-DIO with rank 648
1722529329	ID:35	RPL: Sending a multicast-DIO with rank 669
1723616748	ID:32	RPL: Sending a multicast-DIO with rank 640
1725315069	ID:33	RPL: Sending a multicast-DIO with rank 672
1726771213	ID:36	RPL: Sending a multicast-DIO with rank 648
1727529329	ID:35	RPL: Sending a multicast-DIO with rank 669
1728616748	ID:32	RPL: Sending a multicast-DIO with rank 640
1730315069	ID:33	RPL: Sending a multicast-DIO with rank 672
1731771213	ID:36	RPL: Sending a multicast-DIO with rank 648
1732529329	ID:35	RPL: Sending a multicast-DIO with rank 669
1733616748	ID:32	RPL: Sending a multicast-DIO with rank 640
1735315069	ID:33	RPL: Sending a multicast-DIO with rank 672
1736771213	ID:36	RPL: Sending a multicast-DIO with rank 648
1737529329	ID:35	RPL: Sending a multicast-DIO with rank 669
1738616748	ID:32	RPL: Sending a multicast-DIO with rank 640
1740315069	ID:33	RPL: Sending a multicast-DIO with rank 672
1741771213	ID:36	RPL: Sending a multicast-DIO with rank 648
1742529329	ID:35	RPL: Sending a multicast-DIO with rank 669
1743616748	ID:32	RPL: Sending a multicast-DIO with rank 640
1745315069	ID:33	RPL: Sending a multicast-DIO with rank 672
1746771213	ID:36	RPL: Sending a multicast-DIO with rank 648
1747529329	ID:35	RPL: Sending a multicast-DIO with rank 669
1748616748	ID:32	RPL: Sending a multicast-DIO with rank 640
1750315069	ID:33	RPL: Sending a multicast-DIO with rank 672
1751771213	ID:36	RPL: Sending a multicast-DIO with rank 648
1752529329	ID:35	RPL: Sending a multicast-DIO with rank 669
1753616748	ID:32	RPL: Sending a multicast-DIO with rank 640
1755315069	ID:33	RPL: Sending a multicast-DIO with rank 672
1756771213	ID:36	RPL: Sending a multicast-DIO with rank 648
1757529329	ID:35	RPL: Sending a multicast-DIO with rank 669
1758616748	ID:32	RPL: Sending a multicast-DIO with rank 640
1760315069	ID:33	RPL: Sending a multicast-DIO with rank 672
1761771213	ID:36	RPL: Sending a multicast-DIO with rank 648
1762529329	ID:35	RPL: Sending a multicast-DIO with rank 669
1763616748	ID:32	RPL: Sending a multicast-DIO with rank 640
1763703307	ID:34	RPL: Sending a DIS to fe80::c30c:0:0:6
1765315069	ID:33	RPL: Sending a multicast-DIO with rank 672
1766771213	ID:36	RPL: Sending a multicast-DIO with rank 648
1767529329	ID:35	RPL: Sending a multicast-DIO with rank 669
1768616748	ID:32	RPL: Sending a multicast-DIO with rank 640
1770315069	ID:33	RPL: Sending a multicast-DIO with rank 672
1771771213	ID:36	RPL: Sending a multicast-DIO with rank 648
1772529329	ID:35	RPL: Sending a multicast-DIO with rank 669
1773616748	ID:32	RPL: Sending a multicast-DIO with rank 640
1775315069	ID:33	RPL: Sending a multicast-DIO with rank 672
1776771213	ID:36	RPL: Sending a multicast-DIO with rank 648
1777529329	ID:35	RPL: Sending a multicast-DIO with rank 669
1778616748	ID:32	RPL: Sending a multicast-DIO with rank 640
1780315069	ID:33	RPL: Sending a multicast-DIO with rank 672
1781771213	ID:36	RPL: Sending a multicast-DIO with rank 648
1782529329	ID:35	RPL: Sending a multicast-DIO with rank 669
1783616748	ID:32	RPL: Sending a multicast-DIO with rank 640
1785315069	ID:33	RPL: Sending a multicast-DIO with rank 672
1786771213	ID:36	RPL: Sending a multicast-DIO with rank 648
1787529329	ID:35	RPL: Sending a multicast-DIO with rank 669
1788616748	ID:32	RPL: Sending a multicast-DIO with rank 640
1790315069	ID:33	RPL: Sending a multicast-DIO with rank 672
1791771213	ID:36	RPL: Sending a multicast-DIO with rank 648
1792529329	ID:35	RPL: Sending a multicast-DIO with rank 669
1793616748	ID:32	RPL: Sending a multicast-DIO with rank 640
1795315069	ID:33	RPL: Sending a multicast-DIO with rank 672
1796771213	ID:36	RPL: Sending a multicast-DIO with rank 648
1797529329	ID:35	RPL: Sending a multicast-DIO with rank 669
1798616748	ID:32	RPL: Sending a multicast-DIO with rank 640
