30226880	ID:32	RPL: Sending a DIS to fe80::c30c:0:0:3
30428411	ID:36	RPL: Sending a DIS to fe80::c30c:0:0:8
30545975	ID:33	RPL: Sending a DIS to fe80::c30c:0:0:2
30797986	ID:35	RPL: Sending a DIS to fe80::c30c:0:0:7
30904909	ID:34	RPL: Sending a DIS to fe80::c30c:0:0:6
32459413	ID:33	RPL: Received a DIO from fe80::c30c:0:0:2
32463184	ID:33	RPL: Incoming DIO (id, ver, rank) = (30,240,318)
32467721	ID:33	RPL: Incoming DIO (dag_id, pref) = (fd00::ff:fe00:1, 0)
32469946	ID:33	RPL: DIO option 4, length: 14
32475892	ID:33	RPL: DAG conf:dbl=8, min=12 red=6 maxinc=896 mininc=128 ocp=1 d_l=10 l_u=60
32478118	ID:33	RPL: DIO option 8, length: 30
32480387	ID:33	RPL: Copying prefix information
32488145	ID:33	RPL: Neighbor added to neighbor cache fe80::c30c:0:0:2, c1:0c:00:00:00:00:00:02
32592683	ID:36	RPL: Received a DIO from fe80::c30c:0:0:8
32596452	ID:36	RPL: Incoming DIO (id, ver, rank) = (30,240,484)
32600950	ID:36	RPL: Incoming DIO (dag_id, pref) = (fd00::ff:fe00:1, 0)
32603176	ID:36	RPL: DIO option 4, length: 14
32609083	ID:36	RPL: DAG conf:dbl=8, min=12 red=6 maxinc=896 mininc=128 ocp=1 d_l=10 l_u=60
32611344	ID:36	RPL: DIO option 8, length: 30
32613613	ID:36	RPL: Copying prefix information
32621549	ID:36	RPL: Neighbor added to neighbor cache fe80::c30c:0:0:8, c1:0c:00:00:00:00:00:08
36340052	ID:35	RPL: Received a DIO from fe80::c30c:0:0:7
36343821	ID:35	RPL: Incoming DIO (id, ver, rank) = (30,240,499)
36348358	ID:35	RPL: Incoming DIO (dag_id, pref) = (fd00::ff:fe00:1, 0)
36350584	ID:35	RPL: DIO option 4, length: 14
36356510	ID:35	RPL: DAG conf:dbl=8, min=12 red=6 maxinc=896 mininc=128 ocp=1 d_l=10 l_u=60
36358736	ID:35	RPL: DIO option 8, length: 30
36361005	ID:35	RPL: Copying prefix information
36370062	ID:35	RPL: Neighbor added to neighbor cache fe80::c30c:0:0:7, c1:0c:00:00:00:00:00:07
37494902	ID:33	RPL: Sending a multicast-DIO with rank 318
37622399	ID:36	RPL: Sending a multicast-DIO with rank 484
41374716	ID:35	RPL: Sending a multicast-DIO with rank 499
42494881	ID:33	RPL: Sending a multicast-DIO with rank 318
42622377	ID:36	RPL: Sending a multicast-DIO with rank 484
46374695	ID:35	RPL: Sending a multicast-DIO with rank 499
47494881	ID:33	RPL: Sending a multicast-DIO with rank 318
47622377	ID:36	RPL: Sending a multicast-DIO with rank 484
51374694	ID:35	RPL: Sending a multicast-DIO with rank 499
52494881	ID:33	RPL: Sending a multicast-DIO with rank 318
52622378	ID:36	RPL: Sending a multicast-DIO with rank 484
55767333	ID:32	RPL: Received a DIO from fe80::c30c:0:0:3
55771107	ID:32	RPL: Incoming DIO (id, ver, rank) = (30,240,341)
55775605	ID:32	RPL: Incoming DIO (dag_id, pref) = (fd00::ff:fe00:1, 0)
55777831	ID:32	RPL: DIO option 4, length: 14
55783739	ID:32	RPL: DAG conf:dbl=8, min=12 red=6 maxinc=896 mininc=128 ocp=1 d_l=10 l_u=60
55785972	ID:32	RPL: DIO option 8, length: 30
55788240	ID:32	RPL: Copying prefix information
55798272	ID:32	RPL: Neighbor added to neighbor cache fe80::c30c:0:0:3, c1:0c:00:00:00:00:00:03
56374695	ID:35	RPL: Sending a multicast-DIO with rank 499
57494881	ID:33	RPL: Sending a multicast-DIO with rank 318
57622378	ID:36	RPL: Sending a multicast-DIO with rank 484
60803610	ID:32	RPL: Sending a multicast-DIO with rank 341
61374695	ID:35	RPL: Sending a multicast-DIO with rank 499
62494881	ID:33	RPL: Sending a multicast-DIO with rank 318
62622378	ID:36	RPL: Sending a multicast-DIO with rank 484
65803588	ID:32	RPL: Sending a multicast-DIO with rank 341
66374694	ID:35	RPL: Sending a multicast-DIO with rank 499
67494881	ID:33	RPL: Sending a multicast-DIO with rank 318
67622377	ID:36	RPL: Sending a multicast-DIO with rank 484
70803588	ID:32	RPL: Sending a multicast-DIO with rank 341
71374694	ID:35	RPL: Sending a multicast-DIO with rank 499
72494881	ID:33	RPL: Sending a multicast-DIO with rank 318
72622377	ID:36	RPL: Sending a multicast-DIO with rank 484
75803588	ID:32	RPL: Sending a multicast-DIO with rank 341
76374694	ID:35	RPL: Sending a multicast-DIO with rank 499
77494881	ID:33	RPL: Sending a multicast-DIO with rank 318
77622377	ID:36	RPL: Sending a multicast-DIO with rank 484
80803588	ID:32	RPL: Sending a multicast-DIO with rank 341
81374694	ID:35	RPL: Sending a multicast-DIO with rank 499
82494881	ID:33	RPL: Sending a multicast-DIO with rank 318
82622377	ID:36	RPL: Sending a multicast-DIO with rank 484
83676954	ID:34	RPL: Sending a DIS to fe80::c30c:0:0:6
85803588	ID:32	RPL: Sending a multicast-DIO with rank 341
86374694	ID:35	RPL: Sending a multicast-DIO with rank 499
87494881	ID:33	RPL: Sending a multicast-DIO with rank 318
87622377	ID:36	RPL: Sending a multicast-DIO with rank 484
90803576	ID:32	RPL: Sending a multicast-DIO with rank 341
91374682	ID:35	RPL: Sending a multicast-DIO with rank 499
92494868	ID:33	RPL: Sending a multicast-DIO with rank 318
92622365	ID:36	RPL: Sending a multicast-DIO with rank 484
95803576	ID:32	RPL: Sending a multicast-DIO with rank 341
96374682	ID:35	RPL: Sending a multicast-DIO with rank 499
97494868	ID:33	RPL: Sending a multicast-DIO with rank 318
97622365	ID:36	RPL: Sending a multicast-DIO with rank 484
100803576	ID:32	RPL: Sending a multicast-DIO with rank 341
101374682	ID:35	RPL: Sending a multicast-DIO with rank 499
102494868	ID:33	RPL: Sending a multicast-DIO with rank 318
102622365	ID:36	RPL: Sending a multicast-DIO with rank 484
105803576	ID:32	RPL: Sending a multicast-DIO with rank 341
106374682	ID:35	RPL: Sending a multicast-DIO with rank 499
107494868	ID:33	RPL: Sending a multicast-DIO with rank 318
107622365	ID:36	RPL: Sending a multicast-DIO with rank 484
110803576	ID:32	RPL: Sending a multicast-DIO with rank 341
111374682	ID:35	RPL: Sending a multicast-DIO with rank 499
112494868	ID:33	RPL: Sending a multicast-DIO with rank 318
112622365	ID:36	RPL: Sending a multicast-DIO with rank 484
115803576	ID:32	RPL: Sending a multicast-DIO with rank 341
116374682	ID:35	RPL: Sending a multicast-DIO with rank 499
117494868	ID:33	RPL: Sending a multicast-DIO with rank 318
117622365	ID:36	RPL: Sending a multicast-DIO with rank 484
120803576	ID:32	RPL: Sending a multicast-DIO with rank 341
121374682	ID:35	RPL: Sending a multicast-DIO with rank 499
122494868	ID:33	RPL: Sending a multicast-DIO with rank 318
122622365	ID:36	RPL: Sending a multicast-DIO with rank 484
125803576	ID:32	RPL: Sending a multicast-DIO with rank 341
126374682	ID:35	RPL: Sending a multicast-DIO with rank 499
127494868	ID:33	RPL: Sending a multicast-DIO with rank 318
127622365	ID:36	RPL: Sending a multicast-DIO with rank 484
130803576	ID:32	RPL: Sending a multicast-DIO with rank 341
131374682	ID:35	RPL: Sending a multicast-DIO with rank 499
132494868	ID:33	RPL: Sending a multicast-DIO with rank 318
132622365	ID:36	RPL: Sending a multicast-DIO with rank 484
135803576	ID:32	RPL: Sending a multicast-DIO with rank 341
136374682	ID:35	RPL: Sending a multicast-DIO with rank 499
137494868	ID:33	RPL: Sending a multicast-DIO with rank 318
137622365	ID:36	RPL: Sending a multicast-DIO with rank 484
140803576	ID:32	RPL: Sending a multicast-DIO with rank 341
141374682	ID:35	RPL: Sending a multicast-DIO with rank 499
142494868	ID:33	RPL: Sending a multicast-DIO with rank 318
142622365	ID:36	RPL: Sending a multicast-DIO with rank 484
143676941	ID:34	RPL: Sending a DIS to fe80::c30c:0:0:6
145803576	ID:32	RPL: Sending a multicast-DIO with rank 341
146374682	ID:35	RPL: Sending a multicast-DIO with rank 499
147494868	ID:33	RPL: Sending a multicast-DIO with rank 318
147622365	ID:36	RPL: Sending a multicast-DIO with rank 484
150803576	ID:32	RPL: Sending a multicast-DIO with rank 341
151374682	ID:35	RPL: Sending a multicast-DIO with rank 499
152494868	ID:33	RPL: Sending a multicast-DIO with rank 318
152622365	ID:36	RPL: Sending a multicast-DIO with rank 484
155803576	ID:32	RPL: Sending a multicast-DIO with rank 341
156374682	ID:35	RPL: Sending a multicast-DIO with rank 499
157494868	ID:33	RPL: Sending a multicast-DIO with rank 318
157622365	ID:36	RPL: Sending a multicast-DIO with rank 484
160803576	ID:32	RPL: Sending a multicast-DIO with rank 341
161374682	ID:35	RPL: Sending a multicast-DIO with rank 499
162494868	ID:33	RPL: Sending a multicast-DIO with rank 318
162622365	ID:36	RPL: Sending a multicast-DIO with rank 484
165803576	ID:32	RPL: Sending a multicast-DIO with rank 341
166374682	ID:35	RPL: Sending a multicast-DIO with rank 499
167494868	ID:33	RPL: Sending a multicast-DIO with rank 318
167622365	ID:36	RPL: Sending a multicast-DIO with rank 484
170803576	ID:32	RPL: Sending a multicast-DIO with rank 341
171374682	ID:35	RPL: Sending a multicast-DIO with rank 499
172494868	ID:33	RPL: Sending a multicast-DIO with rank 318
172622365	ID:36	RPL: Sending a multicast-DIO with rank 484
175803576	ID:32	RPL: Sending a multicast-DIO with rank 341
176374682	ID:35	RPL: Sending a multicast-DIO with rank 499
177494868	ID:33	RPL: Sending a multicast-DIO with rank 318
177622365	ID:36	RPL: Sending a multicast-DIO with rank 484
180803576	ID:32	RPL: Sending a multicast-DIO with rank 341
181374682	ID:35	RPL: Sending a multicast-DIO with rank 499
182494868	ID:33	RPL: Sending a multicast-DIO with rank 318
182622365	ID:36	RPL: Sending a multicast-DIO with rank 484
185803576	ID:32	RPL: Sending a multicast-DIO with rank 341
186374682	ID:35	RPL: Sending a multicast-DIO with rank 499
187494868	ID:33	RPL: Sending a multicast-DIO with rank 318
187622365	ID:36	RPL: Sending a multicast-DIO with rank 484
190803576	ID:32	RPL: Sending a multicast-DIO with rank 341
191374682	ID:35	RPL: Sending a multicast-DIO with rank 499
192494868	ID:33	RPL: Sending a multicast-DIO with rank 318
192622365	ID:36	RPL: Sending a multicast-DIO with rank 484
195803576	ID:32	RPL: Sending a multicast-DIO with rank 341
196374682	ID:35	RPL: Sending a multicast-DIO with rank 499
197494868	ID:33	RPL: Sending a multicast-DIO with rank 318
197622365	ID:36	RPL: Sending a multicast-DIO with rank 484
200803576	ID:32	RPL: Sending a multicast-DIO with rank 341
201374682	ID:35	RPL: Sending a multicast-DIO with rank 499
202494868	ID:33	RPL: Sending a multicast-DIO with rank 318
202622365	ID:36	RPL: Sending a multicast-DIO with rank 484
203676941	ID:34	RPL: Sending a DIS to fe80::c30c:0:0:6
205803576	ID:32	RPL: Sending a multicast-DIO with rank 341
206374682	ID:35	RPL: Sending a multicast-DIO with rank 499
207494868	ID:33	RPL: Sending a multicast-DIO with rank 318
207622365	ID:36	RPL: Sending a multicast-DIO with rank 484
210803576	ID:32	RPL: Sending a multicast-DIO with rank 341
211374682	ID:35	RPL: Sending a multicast-DIO with rank 499
212494868	ID:33	RPL: Sending a multicast-DIO with rank 318
212622365	ID:36	RPL: Sending a multicast-DIO with rank 484
215803576	ID:32	RPL: Sending a multicast-DIO with rank 341
216374682	ID:35	RPL: Sending a multicast-DIO with rank 499
217494868	ID:33	RPL: Sending a multicast-DIO with rank 318
217622365	ID:36	RPL: Sending a multicast-DIO with rank 484
220803576	ID:32	RPL: Sending a multicast-DIO with rank 341
221374682	ID:35	RPL: Sending a multicast-DIO with rank 499
222494868	ID:33	RPL: Sending a multicast-DIO with rank 318
222622365	ID:36	RPL: Sending a multicast-DIO with rank 484
225803576	ID:32	RPL: Sending a multicast-DIO with rank 341
226374682	ID:35	RPL: Sending a multicast-DIO with rank 499
227494868	ID:33	RPL: Sending a multicast-DIO with rank 318
227622365	ID:36	RPL: Sending a multicast-DIO with rank 484
230803576	ID:32	RPL: Sending a multicast-DIO with rank 341
231374682	ID:35	RPL: Sending a multicast-DIO with rank 499
232494868	ID:33	RPL: Sending a multicast-DIO with rank 318
232622365	ID:36	RPL: Sending a multicast-DIO with rank 484
235803576	ID:32	RPL: Sending a multicast-DIO with rank 341
236374682	ID:35	RPL: Sending a multicast-DIO with rank 499
237494868	ID:33	RPL: Sending a multicast-DIO with rank 318
237622365	ID:36	RPL: Sending a multicast-DIO with rank 484
240803576	ID:32	RPL: Sending a multicast-DIO with rank 341
241374682	ID:35	RPL: Sending a multicast-DIO with rank 499
242494868	ID:33	RPL: Sending a multicast-DIO with rank 318
242622365	ID:36	RPL: Sending a multicast-DIO with rank 484
245803576	ID:32	RPL: Sending a multicast-DIO with rank 341
246374682	ID:35	RPL: Sending a multicast-DIO with rank 499
247494868	ID:33	RPL: Sending a multicast-DIO with rank 318
247622365	ID:36	RPL: Sending a multicast-DIO with rank 484
250803576	ID:32	RPL: Sending a multicast-DIO with rank 341
251374682	ID:35	RPL: Sending a multicast-DIO with rank 499
252494868	ID:33	RPL: Sending a multicast-DIO with rank 318
252622365	ID:36	RPL: Sending a multicast-DIO with rank 484
255803576	ID:32	RPL: Sending a multicast-DIO with rank 341
256374682	ID:35	RPL: Sending a multicast-DIO with rank 499
257494868	ID:33	RPL: Sending a multicast-DIO with rank 318
257622365	ID:36	RPL: Sending a multicast-DIO with rank 484
260803576	ID:32	RPL: Sending a multicast-DIO with rank 341
261374682	ID:35	RPL: Sending a multicast-DIO with rank 499
262494868	ID:33	RPL: Sending a multicast-DIO with rank 318
262622365	ID:36	RPL: Sending a multicast-DIO with rank 484
263677450	ID:34	RPL: Sending a DIS to fe80::c30c:0:0:6
265803576	ID:32	RPL: Sending a multicast-DIO with rank 341
266374682	ID:35	RPL: Sending a multicast-DIO with rank 499
267494868	ID:33	RPL: Sending a multicast-DIO with rank 318
267622365	ID:36	RPL: Sending a multicast-DIO with rank 484
270803576	ID:32	RPL: Sending a multicast-DIO with rank 341
271374682	ID:35	RPL: Sending a multicast-DIO with rank 499
272494868	ID:33	RPL: Sending a multicast-DIO with rank 318
272622365	ID:36	RPL: Sending a multicast-DIO with rank 484
275803576	ID:32	RPL: Sending a multicast-DIO with rank 341
276374682	ID:35	RPL: Sending a multicast-DIO with rank 499
277494868	ID:33	RPL: Sending a multicast-DIO with rank 318
277622365	ID:36	RPL: Sending a multicast-DIO with rank 484
280803576	ID:32	RPL: Sending a multicast-DIO with rank 341
281374682	ID:35	RPL: Sending a multicast-DIO with rank 499
282494868	ID:33	RPL: Sending a multicast-DIO with rank 318
282622365	ID:36	RPL: Sending a multicast-DIO with rank 484
285803576	ID:32	RPL: Sending a multicast-DIO with rank 341
286374682	ID:35	RPL: Sending a multicast-DIO with rank 499
287494868	ID:33	RPL: Sending a multicast-DIO with rank 318
287622365	ID:36	RPL: Sending a multicast-DIO with rank 484
290803576	ID:32	RPL: Sending a multicast-DIO with rank 341
291374682	ID:35	RPL: Sending a multicast-DIO with rank 499
292494868	ID:33	RPL: Sending a multicast-DIO with rank 318
292622365	ID:36	RPL: Sending a multicast-DIO with rank 484
295803576	ID:32	RPL: Sending a multicast-DIO with rank 341
296374682	ID:35	RPL: Sending a multicast-DIO with rank 499
297494868	ID:33	RPL: Sending a multicast-DIO with rank 318
297622365	ID:36	RPL: Sending a multicast-DIO with rank 484
300803576	ID:32	RPL: Sending a multicast-DIO with rank 341
301374682	ID:35	RPL: Sending a multicast-DIO with rank 499
302494868	ID:33	RPL: Sending a multicast-DIO with rank 318
302622365	ID:36	RPL: Sending a multicast-DIO with rank 484
305803576	ID:32	RPL: Sending a multicast-DIO with rank 341
306374682	ID:35	RPL: Sending a multicast-DIO with rank 499
307494868	ID:33	RPL: Sending a multicast-DIO with rank 318
307622365	ID:36	RPL: Sending a multicast-DIO with rank 484
310803576	ID:32	RPL: Sending a multicast-DIO with rank 341
311374682	ID:35	RPL: Sending a multicast-DIO with rank 499
312494868	ID:33	RPL: Sending a multicast-DIO with rank 318
312622365	ID:36	RPL: Sending a multicast-DIO with rank 484
315803576	ID:32	RPL: Sending a multicast-DIO with rank 341
316374682	ID:35	RPL: Sending a multicast-DIO with rank 499
317494868	ID:33	RPL: Sending a multicast-DIO with rank 318
317622365	ID:36	RPL: Sending a multicast-DIO with rank 484
320803576	ID:32	RPL: Sending a multicast-DIO with rank 341
321374682	ID:35	RPL: Sending a multicast-DIO with rank 499
322494868	ID:33	RPL: Sending a multicast-DIO with rank 318
322622365	ID:36	RPL: Sending a multicast-DIO with rank 484
323676941	ID:34	RPL: Sending a DIS to fe80::c30c:0:0:6
325803576	ID:32	RPL: Sending a multicast-DIO with rank 341
326374682	ID:35	RPL: Sending a multicast-DIO with rank 499
327494868	ID:33	RPL: Sending a multicast-DIO with rank 318
327622365	ID:36	RPL: Sending a multicast-DIO with rank 484
330803576	ID:32	RPL: Sending a multicast-DIO with rank 341
331374682	ID:35	RPL: Sending a multicast-DIO with rank 499
332494868	ID:33	RPL: Sending a multicast-DIO with rank 318
332622365	ID:36	RPL: Sending a multicast-DIO with rank 484
335803576	ID:32	RPL: Sending a multicast-DIO with rank 341
336374682	ID:35	RPL: Sending a multicast-DIO with rank 499
337494868	ID:33	RPL: Sending a multicast-DIO with rank 318
337622365	ID:36	RPL: Sending a multicast-DIO with rank 484
340803576	ID:32	RPL: Sending a multicast-DIO with rank 341
341374682	ID:35	RPL: Sending a multicast-DIO with rank 499
342494868	ID:33	RPL: Sending a multicast-DIO with rank 318
342622365	ID:36	RPL: Sending a multicast-DIO with rank 484
345803576	ID:32	RPL: Sending a multicast-DIO with rank 341
346374682	ID:35	RPL: Sending a multicast-DIO with rank 499
347494875	ID:33	RPL: Sending a multicast-DIO with rank 318
347622365	ID:36	RPL: Sending a multicast-DIO with rank 484
350803576	ID:32	RPL: Sending a multicast-DIO with rank 341
351374682	ID:35	RPL: Sending a multicast-DIO with rank 499
352494868	ID:33	RPL: Sending a multicast-DIO with rank 318
352622365	ID:36	RPL: Sending a multicast-DIO with rank 484
355803576	ID:32	RPL: Sending a multicast-DIO with rank 341
356374682	ID:35	RPL: Sending a multicast-DIO with rank 499
357494868	ID:33	RPL: Sending a multicast-DIO with rank 318
357622365	ID:36	RPL: Sending a multicast-DIO with rank 484
360803576	ID:32	RPL: Sending a multicast-DIO with rank 341
361374682	ID:35	RPL: Sending a multicast-DIO with rank 499
362494868	ID:33	RPL: Sending a multicast-DIO with rank 318
362622365	ID:36	RPL: Sending a multicast-DIO with rank 484
365803576	ID:32	RPL: Sending a multicast-DIO with rank 341
366374682	ID:35	RPL: Sending a multicast-DIO with rank 499
367494868	ID:33	RPL: Sending a multicast-DIO with rank 318
367622365	ID:36	RPL: Sending a multicast-DIO with rank 484
370803576	ID:32	RPL: Sending a multicast-DIO with rank 341
371374682	ID:35	RPL: Sending a multicast-DIO with rank 499
372494868	ID:33	RPL: Sending a multicast-DIO with rank 318
372622365	ID:36	RPL: Sending a multicast-DIO with rank 484
375803583	ID:32	RPL: Sending a multicast-DIO with rank 341
376374682	ID:35	RPL: Sending a multicast-DIO with rank 499
377494868	ID:33	RPL: Sending a multicast-DIO with rank 318
377622365	ID:36	RPL: Sending a multicast-DIO with rank 484
380803576	ID:32	RPL: Sending a multicast-DIO with rank 341
381374682	ID:35	RPL: Sending a multicast-DIO with rank 499
382494868	ID:33	RPL: Sending a multicast-DIO with rank 318
382622365	ID:36	RPL: Sending a multicast-DIO with rank 484
383676941	ID:34	RPL: Sending a DIS to fe80::c30c:0:0:6
385803576	ID:32	RPL: Sending a multicast-DIO with rank 341
386374682	ID:35	RPL: Sending a multicast-DIO with rank 499
387494868	ID:33	RPL: Sending a multicast-DIO with rank 318
387622365	ID:36	RPL: Sending a multicast-DIO with rank 484
390803576	ID:32	RPL: Sending a multicast-DIO with rank 341
391374682	ID:35	RPL: Sending a multicast-DIO with rank 499
392494868	ID:33	RPL: Sending a multicast-DIO with rank 318
392622365	ID:36	RPL: Sending a multicast-DIO with rank 484
395803576	ID:32	RPL: Sending a multicast-DIO with rank 341
396374682	ID:35	RPL: Sending a multicast-DIO with rank 499
397494868	ID:33	RPL: Sending a multicast-DIO with rank 318
397622365	ID:36	RPL: Sending a multicast-DIO with rank 484
400803576	ID:32	RPL: Sending a multicast-DIO with rank 341
401374682	ID:35	RPL: Sending a multicast-DIO with rank 499
402494868	ID:33	RPL: Sending a multicast-DIO with rank 318
402622365	ID:36	RPL: Sending a multicast-DIO with rank 484
405803576	ID:32	RPL: Sending a multicast-DIO with rank 341
406374682	ID:35	RPL: Sending a multicast-DIO with rank 499
407494868	ID:33	RPL: Sending a multicast-DIO with rank 318
407622365	ID:36	RPL: Sending a multicast-DIO with rank 484
410803576	ID:32	RPL: Sending a multicast-DIO with rank 341
411374682	ID:35	RPL: Sending a multicast-DIO with rank 499
412494868	ID:33	RPL: Sending a multicast-DIO with rank 318
412622365	ID:36	RPL: Sending a multicast-DIO with rank 484
415803576	ID:32	RPL: Sending a multicast-DIO with rank 341
416374682	ID:35	RPL: Sending a multicast-DIO with rank 499
417494868	ID:33	RPL: Sending a multicast-DIO with rank 318
417622372	ID:36	RPL: Sending a multicast-DIO with rank 484
420803576	ID:32	RPL: Sending a multicast-DIO with rank 341
421374682	ID:35	RPL: Sending a multicast-DIO with rank 499
422494868	ID:33	RPL: Sending a multicast-DIO with rank 318
422622365	ID:36	RPL: Sending a multicast-DIO with rank 484
425803576	ID:32	RPL: Sending a multicast-DIO with rank 341
426374688	ID:35	RPL: Sending a multicast-DIO with rank 499
427494868	ID:33	RPL: Sending a multicast-DIO with rank 318
427622365	ID:36	RPL: Sending a multicast-DIO with rank 484
430803576	ID:32	RPL: Sending a multicast-DIO with rank 341
431374682	ID:35	RPL: Sending a multicast-DIO with rank 499
432494868	ID:33	RPL: Sending a multicast-DIO with rank 318
432622365	ID:36	RPL: Sending a multicast-DIO with rank 484
435803576	ID:32	RPL: Sending a multicast-DIO with rank 341
436374682	ID:35	RPL: Sending a multicast-DIO with rank 499
437494868	ID:33	RPL: Sending a multicast-DIO with rank 318
437622365	ID:36	RPL: Sending a multicast-DIO with rank 484
440803576	ID:32	RPL: Sending a multicast-DIO with rank 341
441374682	ID:35	RPL: Sending a multicast-DIO with rank 499
442494868	ID:33	RPL: Sending a multicast-DIO with rank 318
442622365	ID:36	RPL: Sending a multicast-DIO with rank 484
443676941	ID:34	RPL: Sending a DIS to fe80::c30c:0:0:6
445803576	ID:32	RPL: Sending a multicast-DIO with rank 341
446374682	ID:35	RPL: Sending a multicast-DIO with rank 499
447494868	ID:33	RPL: Sending a multicast-DIO with rank 318
447622365	ID:36	RPL: Sending a multicast-DIO with rank 484
450803576	ID:32	RPL: Sending a multicast-DIO with rank 341
451374682	ID:35	RPL: Sending a multicast-DIO with rank 499
452494868	ID:33	RPL: Sending a multicast-DIO with rank 318
452622365	ID:36	RPL: Sending a multicast-DIO with rank 484
455803576	ID:32	RPL: Sending a multicast-DIO with rank 341
456374682	ID:35	RPL: Sending a multicast-DIO with rank 499
457494868	ID:33	RPL: Sending a multicast-DIO with rank 318
457622365	ID:36	RPL: Sending a multicast-DIO with rank 484
460803576	ID:32	RPL: Sending a multicast-DIO with rank 341
461374682	ID:35	RPL: Sending a multicast-DIO with rank 499
462494868	ID:33	RPL: Sending a multicast-DIO with rank 318
462622365	ID:36	RPL: Sending a multicast-DIO with rank 484
465803576	ID:32	RPL: Sending a multicast-DIO with rank 341
466374682	ID:35	RPL: Sending a multicast-DIO with rank 499
467494868	ID:33	RPL: Sending a multicast-DIO with rank 318
467622365	ID:36	RPL: Sending a multicast-DIO with rank 484
470803576	ID:32	RPL: Sending a multicast-DIO with rank 341
471374682	ID:35	RPL: Sending a multicast-DIO with rank 499
472494868	ID:33	RPL: Sending a multicast-DIO with rank 318
472622365	ID:36	RPL: Sending a multicast-DIO with rank 484
475803576	ID:32	RPL: Sending a multicast-DIO with rank 341
476374682	ID:35	RPL: Sending a multicast-DIO with rank 499
477494868	ID:33	RPL: Sending a multicast-DIO with rank 318
477622365	ID:36	RPL: Sending a multicast-DIO with rank 484
480803576	ID:32	RPL: Sending a multicast-DIO with rank 341
481374682	ID:35	RPL: Sending a multicast-DIO with rank 499
482494868	ID:33	RPL: Sending a multicast-DIO with rank 318
482622365	ID:36	RPL: Sending a multicast-DIO with rank 484
485803576	ID:32	RPL: Sending a multicast-DIO with rank 341
486374682	ID:35	RPL: Sending a multicast-DIO with rank 499
487494868	ID:33	RPL: Sending a multicast-DIO with rank 318
487622365	ID:36	RPL: Sending a multicast-DIO with rank 484
490803576	ID:32	RPL: Sending a multicast-DIO with rank 341
491374682	ID:35	RPL: Sending a multicast-DIO with rank 499
492494868	ID:33	RPL: Sending a multicast-DIO with rank 318
492622365	ID:36	RPL: Sending a multicast-DIO with rank 484
495803576	ID:32	RPL: Sending a multicast-DIO with rank 341
496374682	ID:35	RPL: Sending a multicast-DIO with rank 499
497494868	ID:33	RPL: Sending a multicast-DIO with rank 318
497622365	ID:36	RPL: Sending a multicast-DIO with rank 484
500803576	ID:32	RPL: Sending a multicast-DIO with rank 341
501374682	ID:35	RPL: Sending a multicast-DIO with rank 499
502494868	ID:33	RPL: Sending a multicast-DIO with rank 318
502622365	ID:36	RPL: Sending a multicast-DIO with rank 484
503677449	ID:34	RPL: Sending a DIS to fe80::c30c:0:0:6
505803576	ID:32	RPL: Sending a multicast-DIO with rank 341
506374682	ID:35	RPL: Sending a multicast-DIO with rank 499
507494868	ID:33	RPL: Sending a multicast-DIO with rank 318
507622365	ID:36	RPL: Sending a multicast-DIO with rank 484
510803576	ID:32	RPL: Sending a multicast-DIO with rank 341
511374682	ID:35	RPL: Sending a multicast-DIO with rank 499
512494868	ID:33	RPL: Sending a multicast-DIO with rank 318
512622365	ID:36	RPL: Sending a multicast-DIO with rank 484
515803576	ID:32	RPL: Sending a multicast-DIO with rank 341
516374682	ID:35	RPL: Sending a multicast-DIO with rank 499
517494868	ID:33	RPL: Sending a multicast-DIO with rank 318
517622365	ID:36	RPL: Sending a multicast-DIO with rank 484
520803576	ID:32	RPL: Sending a multicast-DIO with rank 341
521374682	ID:35	RPL: Sending a multicast-DIO with rank 499
522494868	ID:33	RPL: Sending a multicast-DIO with rank 318
522622365	ID:36	RPL: Sending a multicast-DIO with rank 484
525803576	ID:32	RPL: Sending a multicast-DIO with rank 341
526374682	ID:35	RPL: Sending a multicast-DIO with rank 499
527494868	ID:33	RPL: Sending a multicast-DIO with rank 318
527622365	ID:36	RPL: Sending a multicast-DIO with rank 484
530803576	ID:32	RPL: Sending a multicast-DIO with rank 341
531374682	ID:35	RPL: Sending a multicast-DIO with rank 499
532494868	ID:33	RPL: Sending a multicast-DIO with rank 318
532622365	ID:36	RPL: Sending a multicast-DIO with rank 484
535803576	ID:32	RPL: Sending a multicast-DIO with rank 341
536374682	ID:35	RPL: Sending a multicast-DIO with rank 499
537494868	ID:33	RPL: Sending a multicast-DIO with rank 318
537622365	ID:36	RPL: Sending a multicast-DIO with rank 484
540803576	ID:32	RPL: Sending a multicast-DIO with rank 341
541374682	ID:35	RPL: Sending a multicast-DIO with rank 499
542494868	ID:33	RPL: Sending a multicast-DIO with rank 318
542622365	ID:36	RPL: Sending a multicast-DIO with rank 484
545803576	ID:32	RPL: Sending a multicast-DIO with rank 341
546374682	ID:35	RPL: Sending a multicast-DIO with rank 499
547494868	ID:33	RPL: Sending a multicast-DIO with rank 318
547622365	ID:36	RPL: Sending a multicast-DIO with rank 484
550803576	ID:32	RPL: Sending a multicast-DIO with rank 341
551374682	ID:35	RPL: Sending a multicast-DIO with rank 499
552494868	ID:33	RPL: Sending a multicast-DIO with rank 318
552622365	ID:36	RPL: Sending a multicast-DIO with rank 484
555803576	ID:32	RPL: Sending a multicast-DIO with rank 341
556374682	ID:35	RPL: Sending a multicast-DIO with rank 499
557494868	ID:33	RPL: Sending a multicast-DIO with rank 318
557622365	ID:36	RPL: Sending a multicast-DIO with rank 484
560803576	ID:32	RPL: Sending a multicast-DIO with rank 341
561374682	ID:35	RPL: Sending a multicast-DIO with rank 499
562494868	ID:33	RPL: Sending a multicast-DIO with rank 318
562622365	ID:36	RPL: Sending a multicast-DIO with rank 484
563676941	ID:34	RPL: Sending a DIS to fe80::c30c:0:0:6
565803576	ID:32	RPL: Sending a multicast-DIO with rank 341
566374682	ID:35	RPL: Sending a multicast-DIO with rank 499
567494868	ID:33	RPL: Sending a multicast-DIO with rank 318
567622365	ID:36	RPL: Sending a multicast-DIO with rank 484
570803576	ID:32	RPL: Sending a multicast-DIO with rank 341
571374682	ID:35	RPL: Sending a multicast-DIO with rank 499
572494868	ID:33	RPL: Sending a multicast-DIO with rank 318
572622365	ID:36	RPL: Sending a multicast-DIO with rank 484
575803576	ID:32	RPL: Sending a multicast-DIO with rank 341
576374682	ID:35	RPL: Sending a multicast-DIO with rank 499
577494868	ID:33	RPL: Sending a multicast-DIO with rank 318
577622365	ID:36	RPL: Sending a multicast-DIO with rank 484
580803576	ID:32	RPL: Sending a multicast-DIO with rank 341
581374682	ID:35	RPL: Sending a multicast-DIO with rank 499
582494868	ID:33	RPL: Sending a multicast-DIO with rank 318
582622365	ID:36	RPL: Sending a multicast-DIO with rank 484
585803576	ID:32	RPL: Sending a multicast-DIO with rank 341
586374682	ID:35	RPL: Sending a multicast-DIO with rank 499
587494868	ID:33	RPL: Sending a multicast-DIO with rank 318
587622365	ID:36	RPL: Sending a multicast-DIO with rank 484
590803576	ID:32	RPL: Sending a multicast-DIO with rank 341
591374682	ID:35	RPL: Sending a multicast-DIO with rank 499
592494868	ID:33	RPL: Sending a multicast-DIO with rank 318
592622365	ID:36	RPL: Sending a multicast-DIO with rank 484
595803576	ID:32	RPL: Sending a multicast-DIO with rank 341
596374682	ID:35	RPL: Sending a multicast-DIO with rank 499
597494868	ID:33	RPL: Sending a multicast-DIO with rank 318
597622365	ID:36	RPL: Sending a multicast-DIO with rank 484
600803576	ID:32	RPL: Sending a multicast-DIO with rank 341
601374682	ID:35	RPL: Sending a multicast-DIO with rank 499
602494868	ID:33	RPL: Sending a multicast-DIO with rank 318
602622365	ID:36	RPL: Sending a multicast-DIO with rank 484
605803576	ID:32	RPL: Sending a multicast-DIO with rank 341
606374682	ID:35	RPL: Sending a multicast-DIO with rank 499
607494868	ID:33	RPL: Sending a multicast-DIO with rank 318
607622365	ID:36	RPL: Sending a multicast-DIO with rank 484
610803576	ID:32	RPL: Sending a multicast-DIO with rank 341
611374682	ID:35	RPL: Sending a multicast-DIO with rank 499
612494868	ID:33	RPL: Sending a multicast-DIO with rank 318
612622365	ID:36	RPL: Sending a multicast-DIO with rank 484
615803576	ID:32	RPL: Sending a multicast-DIO with rank 341
616374682	ID:35	RPL: Sending a multicast-DIO with rank 499
617494868	ID:33	RPL: Sending a multicast-DIO with rank 318
617622365	ID:36	RPL: Sending a multicast-DIO with rank 484
620803576	ID:32	RPL: Sending a multicast-DIO with rank 341
621374682	ID:35	RPL: Sending a multicast-DIO with rank 499
622494868	ID:33	RPL: Sending a multicast-DIO with rank 318
622622365	ID:36	RPL: Sending a multicast-DIO with rank 484
623676941	ID:34	RPL: Sending a DIS to fe80::c30c:0:0:6
625803576	ID:32	RPL: Sending a multicast-DIO with rank 341
626374682	ID:35	RPL: Sending a multicast-DIO with rank 499
627494868	ID:33	RPL: Sending a multicast-DIO with rank 318
627622365	ID:36	RPL: Sending a multicast-DIO with rank 484
630803576	ID:32	RPL: Sending a multicast-DIO with rank 341
631374682	ID:35	RPL: Sending a multicast-DIO with rank 499
632494868	ID:33	RPL: Sending a multicast-DIO with rank 318
632622365	ID:36	RPL: Sending a multicast-DIO with rank 484
635803576	ID:32	RPL: Sending a multicast-DIO with rank 341
636374682	ID:35	RPL: Sending a multicast-DIO with rank 499
637494868	ID:33	RPL: Sending a multicast-DIO with rank 318
637622365	ID:36	RPL: Sending a multicast-DIO with rank 484
640803576	ID:32	RPL: Sending a multicast-DIO with rank 341
641374682	ID:35	RPL: Sending a multicast-DIO with rank 499
642494868	ID:33	RPL: Sending a multicast-DIO with rank 318
642622365	ID:36	RPL: Sending a multicast-DIO with rank 484
645803576	ID:32	RPL: Sending a multicast-DIO with rank 341
646374682	ID:35	RPL: Sending a multicast-DIO with rank 499
647494868	ID:33	RPL: Sending a multicast-DIO with rank 318
647622365	ID:36	RPL: Sending a multicast-DIO with rank 484
650803576	ID:32	RPL: Sending a multicast-DIO with rank 341
651374682	ID:35	RPL: Sending a multicast-DIO with rank 499
652494868	ID:33	RPL: Sending a multicast-DIO with rank 318
652622365	ID:36	RPL: Sending a multicast-DIO with rank 484
655803576	ID:32	RPL: Sending a multicast-DIO with rank 341
656374682	ID:35	RPL: Sending a multicast-DIO with rank 499
657494868	ID:33	RPL: Sending a multicast-DIO with rank 318
657622365	ID:36	RPL: Sending a multicast-DIO with rank 484
660803576	ID:32	RPL: Sending a multicast-DIO with rank 341
661374682	ID:35	RPL: Sending a multicast-DIO with rank 499
662494868	ID:33	RPL: Sending a multicast-DIO with rank 318
662622365	ID:36	RPL: Sending a multicast-DIO with rank 484
665803576	ID:32	RPL: Sending a multicast-DIO with rank 341
666374682	ID:35	RPL: Sending a multicast-DIO with rank 499
667494868	ID:33	RPL: Sending a multicast-DIO with rank 318
667622365	ID:36	RPL: Sending a multicast-DIO with rank 484
670803576	ID:32	RPL: Sending a multicast-DIO with rank 341
671374682	ID:35	RPL: Sending a multicast-DIO with rank 499
672494868	ID:33	RPL: Sending a multicast-DIO with rank 318
672622365	ID:36	RPL: Sending a multicast-DIO with rank 484
675803576	ID:32	RPL: Sending a multicast-DIO with rank 341
676374682	ID:35	RPL: Sending a multicast-DIO with rank 499
677494868	ID:33	RPL: Sending a multicast-DIO with rank 318
677622365	ID:36	RPL: Sending a multicast-DIO with rank 484
680803576	ID:32	RPL: Sending a multicast-DIO with rank 341
681374682	ID:35	RPL: Sending a multicast-DIO with rank 499
682494875	ID:33	RPL: Sending a multicast-DIO with rank 318
682622365	ID:36	RPL: Sending a multicast-DIO with rank 484
683676941	ID:34	RPL: Sending a DIS to fe80::c30c:0:0:6
685803576	ID:32	RPL: Sending a multicast-DIO with rank 341
686374682	ID:35	RPL: Sending a multicast-DIO with rank 499
687494868	ID:33	RPL: Sending a multicast-DIO with rank 318
687622365	ID:36	RPL: Sending a multicast-DIO with rank 484
690803576	ID:32	RPL: Sending a multicast-DIO with rank 341
691374682	ID:35	RPL: Sending a multicast-DIO with rank 499
692494869	ID:33	RPL: Sending a multicast-DIO with rank 318
692622365	ID:36	RPL: Sending a multicast-DIO with rank 484
695803576	ID:32	RPL: Sending a multicast-DIO with rank 341
696374682	ID:35	RPL: Sending a multicast-DIO with rank 499
697494869	ID:33	RPL: Sending a multicast-DIO with rank 318
697622365	ID:36	RPL: Sending a multicast-DIO with rank 484
700803576	ID:32	RPL: Sending a multicast-DIO with rank 341
701374682	ID:35	RPL: Sending a multicast-DIO with rank 499
702494869	ID:33	RPL: Sending a multicast-DIO with rank 318
702622365	ID:36	RPL: Sending a multicast-DIO with rank 484
705803583	ID:32	RPL: Sending a multicast-DIO with rank 341
706374682	ID:35	RPL: Sending a multicast-DIO with rank 499
707494869	ID:33	RPL: Sending a multicast-DIO with rank 318
707622365	ID:36	RPL: Sending a multicast-DIO with rank 484
710803576	ID:32	RPL: Sending a multicast-DIO with rank 341
711374682	ID:35	RPL: Sending a multicast-DIO with rank 499
712494869	ID:33	RPL: Sending a multicast-DIO with rank 318
712622365	ID:36	RPL: Sending a multicast-DIO with rank 484
715803576	ID:32	RPL: Sending a multicast-DIO with rank 341
716374682	ID:35	RPL: Sending a multicast-DIO with rank 499
717494869	ID:33	RPL: Sending a multicast-DIO with rank 318
717622365	ID:36	RPL: Sending a multicast-DIO with rank 484
720803576	ID:32	RPL: Sending a multicast-DIO with rank 341
721374682	ID:35	RPL: Sending a multicast-DIO with rank 499
722494869	ID:33	RPL: Sending a multicast-DIO with rank 318
722622365	ID:36	RPL: Sending a multicast-DIO with rank 484
725803576	ID:32	RPL: Sending a multicast-DIO with rank 341
726374682	ID:35	RPL: Sending a multicast-DIO with rank 499
727494869	ID:33	RPL: Sending a multicast-DIO with rank 318
727622365	ID:36	RPL: Sending a multicast-DIO with rank 484
730803576	ID:32	RPL: Sending a multicast-DIO with rank 341
731374682	ID:35	RPL: Sending a multicast-DIO with rank 499
732494869	ID:33	RPL: Sending a multicast-DIO with rank 318
732622365	ID:36	RPL: Sending a multicast-DIO with rank 484
735803576	ID:32	RPL: Sending a multicast-DIO with rank 341
736374682	ID:35	RPL: Sending a multicast-DIO with rank 499
737494869	ID:33	RPL: Sending a multicast-DIO with rank 318
737622365	ID:36	RPL: Sending a multicast-DIO with rank 484
740803576	ID:32	RPL: Sending a multicast-DIO with rank 341
741374682	ID:35	RPL: Sending a multicast-DIO with rank 499
742494869	ID:33	RPL: Sending a multicast-DIO with rank 318
742622365	ID:36	RPL: Sending a multicast-DIO with rank 484
743676941	ID:34	RPL: Sending a DIS to fe80::c30c:0:0:6
745803576	ID:32	RPL: Sending a multicast-DIO with rank 341
746374682	ID:35	RPL: Sending a multicast-DIO with rank 499
747494869	ID:33	RPL: Sending a multicast-DIO with rank 318
747622365	ID:36	RPL: Sending a multicast-DIO with rank 484
750803576	ID:32	RPL: Sending a multicast-DIO with rank 341
751374682	ID:35	RPL: Sending a multicast-DIO with rank 499
752494868	ID:33	RPL: Sending a multicast-DIO with rank 318
752622365	ID:36	RPL: Sending a multicast-DIO with rank 484
755803576	ID:32	RPL: Sending a multicast-DIO with rank 341
756374682	ID:35	RPL: Sending a multicast-DIO with rank 499
757494869	ID:33	RPL: Sending a multicast-DIO with rank 318
757622365	ID:36	RPL: Sending a multicast-DIO with rank 484
760803576	ID:32	RPL: Sending a multicast-DIO with rank 341
761374682	ID:35	RPL: Sending a multicast-DIO with rank 499
762494869	ID:33	RPL: Sending a multicast-DIO with rank 318
762622365	ID:36	RPL: Sending a multicast-DIO with rank 484
765803576	ID:32	RPL: Sending a multicast-DIO with rank 341
766374682	ID:35	RPL: Sending a multicast-DIO with rank 499
767494869	ID:33	RPL: Sending a multicast-DIO with rank 318
767622365	ID:36	RPL: Sending a multicast-DIO with rank 484
770803576	ID:32	RPL: Sending a multicast-DIO with rank 341
771374682	ID:35	RPL: Sending a multicast-DIO with rank 499
772494869	ID:33	RPL: Sending a multicast-DIO with rank 318
772622365	ID:36	RPL: Sending a multicast-DIO with rank 484
775803576	ID:32	RPL: Sending a multicast-DIO with rank 341
776374689	ID:35	RPL: Sending a multicast-DIO with rank 499
777494869	ID:33	RPL: Sending a multicast-DIO with rank 318
777622365	ID:36	RPL: Sending a multicast-DIO with rank 484
780803576	ID:32	RPL: Sending a multicast-DIO with rank 341
781374682	ID:35	RPL: Sending a multicast-DIO with rank 499
782494869	ID:33	RPL: Sending a multicast-DIO with rank 318
782622365	ID:36	RPL: Sending a multicast-DIO with rank 484
785803576	ID:32	RPL: Sending a multicast-DIO with rank 341
786374682	ID:35	RPL: Sending a multicast-DIO with rank 499
787494869	ID:33	RPL: Sending a multicast-DIO with rank 318
787622365	ID:36	RPL: Sending a multicast-DIO with rank 484
790803576	ID:32	RPL: Sending a multicast-DIO with rank 341
791374682	ID:35	RPL: Sending a multicast-DIO with rank 499
792494869	ID:33	RPL: Sending a multicast-DIO with rank 318
792622365	ID:36	RPL: Sending a multicast-DIO with rank 484
795803576	ID:32	RPL: Sending a multicast-DIO with rank 341
796374682	ID:35	RPL: Sending a multicast-DIO with rank 499
797494869	ID:33	RPL: Sending a multicast-DIO with rank 318
797622372	ID:36	RPL: Sending a multicast-DIO with rank 484
800803576	ID:32	RPL: Sending a multicast-DIO with rank 341
801374682	ID:35	RPL: Sending a multicast-DIO with rank 499
802494869	ID:33	RPL: Sending a multicast-DIO with rank 318
802622365	ID:36	RPL: Sending a multicast-DIO with rank 484
803676941	ID:34	RPL: Sending a DIS to fe80::c30c:0:0:6
805803576	ID:32	RPL: Sending a multicast-DIO with rank 341
806374682	ID:35	RPL: Sending a multicast-DIO with rank 499
807494869	ID:33	RPL: Sending a multicast-DIO with rank 318
807622365	ID:36	RPL: Sending a multicast-DIO with rank 484
810803576	ID:32	RPL: Sending a multicast-DIO with rank 341
811374682	ID:35	RPL: Sending a multicast-DIO with rank 499
812494869	ID:33	RPL: Sending a multicast-DIO with rank 318
812622365	ID:36	RPL: Sending a multicast-DIO with rank 484
815803576	ID:32	RPL: Sending a multicast-DIO with rank 341
816374682	ID:35	RPL: Sending a multicast-DIO with rank 499
817494869	ID:33	RPL: Sending a multicast-DIO with rank 318
817622365	ID:36	RPL: Sending a multicast-DIO with rank 484
820803576	ID:32	RPL: Sending a multicast-DIO with rank 341
821374682	ID:35	RPL: Sending a multicast-DIO with rank 499
822494869	ID:33	RPL: Sending a multicast-DIO with rank 318
822622365	ID:36	RPL: Sending a multicast-DIO with rank 484
825803576	ID:32	RPL: Sending a multicast-DIO with rank 341
826374682	ID:35	RPL: Sending a multicast-DIO with rank 499
827494869	ID:33	RPL: Sending a multicast-DIO with rank 318
827622365	ID:36	RPL: Sending a multicast-DIO with rank 484
830803576	ID:32	RPL: Sending a multicast-DIO with rank 341
831374682	ID:35	RPL: Sending a multicast-DIO with rank 499
832494869	ID:33	RPL: Sending a multicast-DIO with rank 318
832622365	ID:36	RPL: Sending a multicast-DIO with rank 484
835803576	ID:32	RPL: Sending a multicast-DIO with rank 341
836374682	ID:35	RPL: Sending a multicast-DIO with rank 499
837494869	ID:33	RPL: Sending a multicast-DIO with rank 318
837622365	ID:36	RPL: Sending a multicast-DIO with rank 484
840803576	ID:32	RPL: Sending a multicast-DIO with rank 341
841374682	ID:35	RPL: Sending a multicast-DIO with rank 499
842494869	ID:33	RPL: Sending a multicast-DIO with rank 318
842622365	ID:36	RPL: Sending a multicast-DIO with rank 484
845803576	ID:32	RPL: Sending a multicast-DIO with rank 341
846374682	ID:35	RPL: Sending a multicast-DIO with rank 499
847494869	ID:33	RPL: Sending a multicast-DIO with rank 318
847622365	ID:36	RPL: Sending a multicast-DIO with rank 484
850803576	ID:32	RPL: Sending a multicast-DIO with rank 341
851374682	ID:35	RPL: Sending a multicast-DIO with rank 499
852494869	ID:33	RPL: Sending a multicast-DIO with rank 318
852622365	ID:36	RPL: Sending a multicast-DIO with rank 484
855803576	ID:32	RPL: Sending a multicast-DIO with rank 341
856374682	ID:35	RPL: Sending a multicast-DIO with rank 499
857494869	ID:33	RPL: Sending a multicast-DIO with rank 318
857622365	ID:36	RPL: Sending a multicast-DIO with rank 484
860803576	ID:32	RPL: Sending a multicast-DIO with rank 341
861374682	ID:35	RPL: Sending a multicast-DIO with rank 499
862494869	ID:33	RPL: Sending a multicast-DIO with rank 318
862622365	ID:36	RPL: Sending a multicast-DIO with rank 484
863676941	ID:34	RPL: Sending a DIS to fe80::c30c:0:0:6
865803576	ID:32	RPL: Sending a multicast-DIO with rank 341
866374682	ID:35	RPL: Sending a multicast-DIO with rank 499
867494869	ID:33	RPL: Sending a multicast-DIO with rank 318
867622365	ID:36	RPL: Sending a multicast-DIO with rank 484
870803576	ID:32	RPL: Sending a multicast-DIO with rank 341
871374682	ID:35	RPL: Sending a multicast-DIO with rank 499
872494869	ID:33	RPL: Sending a multicast-DIO with rank 318
872622365	ID:36	RPL: Sending a multicast-DIO with rank 484
875803576	ID:32	RPL: Sending a multicast-DIO with rank 341
876374682	ID:35	RPL: Sending a multicast-DIO with rank 499
877494869	ID:33	RPL: Sending a multicast-DIO with rank 318
877622365	ID:36	RPL: Sending a multicast-DIO with rank 484
880803576	ID:32	RPL: Sending a multicast-DIO with rank 341
881374682	ID:35	RPL: Sending a multicast-DIO with rank 499
882494869	ID:33	RPL: Sending a multicast-DIO with rank 318
882622365	ID:36	RPL: Sending a multicast-DIO with rank 484
885803576	ID:32	RPL: Sending a multicast-DIO with rank 341
886374682	ID:35	RPL: Sending a multicast-DIO with rank 499
887494869	ID:33	RPL: Sending a multicast-DIO with rank 318
887622365	ID:36	RPL: Sending a multicast-DIO with rank 484
890803576	ID:32	RPL: Sending a multicast-DIO with rank 341
891374682	ID:35	RPL: Sending a multicast-DIO with rank 499
892494869	ID:33	RPL: Sending a multicast-DIO with rank 318
892622365	ID:36	RPL: Sending a multicast-DIO with rank 484
895803576	ID:32	RPL: Sending a multicast-DIO with rank 341
896374682	ID:35	RPL: Sending a multicast-DIO with rank 499
897494869	ID:33	RPL: Sending a multicast-DIO with rank 318
897622365	ID:36	RPL: Sending a multicast-DIO with rank 484
900803576	ID:32	RPL: Sending a multicast-DIO with rank 341
901374682	ID:35	RPL: Sending a multicast-DIO with rank 499
902494869	ID:33	RPL: Sending a multicast-DIO with rank 318
902622365	ID:36	RPL: Sending a multicast-DIO with rank 484
905803576	ID:32	RPL: Sending a multicast-DIO with rank 341
906374682	ID:35	RPL: Sending a multicast-DIO with rank 499
907494869	ID:33	RPL: Sending a multicast-DIO with rank 318
907622365	ID:36	RPL: Sending a multicast-DIO with rank 484
910803576	ID:32	RPL: Sending a multicast-DIO with rank 341
911374682	ID:35	RPL: Sending a multicast-DIO with rank 499
912494869	ID:33	RPL: Sending a multicast-DIO with rank 318
912622365	ID:36	RPL: Sending a multicast-DIO with rank 484
915803576	ID:32	RPL: Sending a multicast-DIO with rank 341
916374682	ID:35	RPL: Sending a multicast-DIO with rank 499
917494869	ID:33	RPL: Sending a multicast-DIO with rank 318
917622365	ID:36	RPL: Sending a multicast-DIO with rank 484
920803576	ID:32	RPL: Sending a multicast-DIO with rank 341
921374682	ID:35	RPL: Sending a multicast-DIO with rank 499
922494869	ID:33	RPL: Sending a multicast-DIO with rank 318
922622365	ID:36	RPL: Sending a multicast-DIO with rank 484
923677450	ID:34	RPL: Sending a DIS to fe80::c30c:0:0:6
925803576	ID:32	RPL: Sending a multicast-DIO with rank 341
926374682	ID:35	RPL: Sending a multicast-DIO with rank 499
927494868	ID:33	RPL: Sending a multicast-DIO with rank 318
927622365	ID:36	RPL: Sending a multicast-DIO with rank 484
930803576	ID:32	RPL: Sending a multicast-DIO with rank 341
931374682	ID:35	RPL: Sending a multicast-DIO with rank 499
932494869	ID:33	RPL: Sending a multicast-DIO with rank 318
932622365	ID:36	RPL: Sending a multicast-DIO with rank 484
935803576	ID:32	RPL: Sending a multicast-DIO with rank 341
936374682	ID:35	RPL: Sending a multicast-DIO with rank 499
937494868	ID:33	RPL: Sending a multicast-DIO with rank 318
937622365	ID:36	RPL: Sending a multicast-DIO with rank 484
940803576	ID:32	RPL: Sending a multicast-DIO with rank 341
941374682	ID:35	RPL: Sending a multicast-DIO with rank 499
942494869	ID:33	RPL: Sending a multicast-DIO with rank 318
942622365	ID:36	RPL: Sending a multicast-DIO with rank 484
945803576	ID:32	RPL: Sending a multicast-DIO with rank 341
946374682	ID:35	RPL: Sending a multicast-DIO with rank 499
947494869	ID:33	RPL: Sending a multicast-DIO with rank 318
947622365	ID:36	RPL: Sending a multicast-DIO with rank 484
950803576	ID:32	RPL: Sending a multicast-DIO with rank 341
951374682	ID:35	RPL: Sending a multicast-DIO with rank 499
952494869	ID:33	RPL: Sending a multicast-DIO with rank 318
952622365	ID:36	RPL: Sending a multicast-DIO with rank 484
955803576	ID:32	RPL: Sending a multicast-DIO with rank 341
956374682	ID:35	RPL: Sending a multicast-DIO with rank 499
957494869	ID:33	RPL: Sending a multicast-DIO with rank 318
957622365	ID:36	RPL: Sending a multicast-DIO with rank 484
960803576	ID:32	RPL: Sending a multicast-DIO with rank 341
961374682	ID:35	RPL: Sending a multicast-DIO with rank 499
962494869	ID:33	RPL: Sending a multicast-DIO with rank 318
962622365	ID:36	RPL: Sending a multicast-DIO with rank 484
965803576	ID:32	RPL: Sending a multicast-DIO with rank 341
966374682	ID:35	RPL: Sending a multicast-DIO with rank 499
967494869	ID:33	RPL: Sending a multicast-DIO with rank 318
967622365	ID:36	RPL: Sending a multicast-DIO with rank 484
970803576	ID:32	RPL: Sending a multicast-DIO with rank 341
971374682	ID:35	RPL: Sending a multicast-DIO with rank 499
972494869	ID:33	RPL: Sending a multicast-DIO with rank 318
972622365	ID:36	RPL: Sending a multicast-DIO with rank 484
975803576	ID:32	RPL: Sending a multicast-DIO with rank 341
976374682	ID:35	RPL: Sending a multicast-DIO with rank 499
977494869	ID:33	RPL: Sending a multicast-DIO with rank 318
977622365	ID:36	RPL: Sending a multicast-DIO with rank 484
980803576	ID:32	RPL: Sending a multicast-DIO with rank 341
981374682	ID:35	RPL: Sending a multicast-DIO with rank 499
982494869	ID:33	RPL: Sending a multicast-DIO with rank 318
982622365	ID:36	RPL: Sending a multicast-DIO with rank 484
983676941	ID:34	RPL: Sending a DIS to fe80::c30c:0:0:6
985803576	ID:32	RPL: Sending a multicast-DIO with rank 341
986374682	ID:35	RPL: Sending a multicast-DIO with rank 499
987494869	ID:33	RPL: Sending a multicast-DIO with rank 318
987622365	ID:36	RPL: Sending a multicast-DIO with rank 484
990803576	ID:32	RPL: Sending a multicast-DIO with rank 341
991374682	ID:35	RPL: Sending a multicast-DIO with rank 499
992494869	ID:33	RPL: Sending a multicast-DIO with rank 318
992622365	ID:36	RPL: Sending a multicast-DIO with rank 484
995803576	ID:32	RPL: Sending a multicast-DIO with rank 341
996374682	ID:35	RPL: Sending a multicast-DIO with rank 499
997494875	ID:33	RPL: Sending a multicast-DIO with rank 318
997622365	ID:36	RPL: Sending a multicast-DIO with rank 484
1000803576	ID:32	RPL: Sending a multicast-DIO with rank 341
1001374682	ID:35	RPL: Sending a multicast-DIO with rank 499
1002494869	ID:33	RPL: Sending a multicast-DIO with rank 318
1002622365	ID:36	RPL: Sending a multicast-DIO with rank 484
1005803576	ID:32	RPL: Sending a multicast-DIO with rank 341
1006374682	ID:35	RPL: Sending a multicast-DIO with rank 499
1007494869	ID:33	RPL: Sending a multicast-DIO with rank 318
1007622365	ID:36	RPL: Sending a multicast-DIO with rank 484
1010803576	ID:32	RPL: Sending a multicast-DIO with rank 341
1011374682	ID:35	RPL: Sending a multicast-DIO with rank 499
1012494869	ID:33	RPL: Sending a multicast-DIO with rank 318
1012622365	ID:36	RPL: Sending a multicast-DIO with rank 484
1015803576	ID:32	RPL: Sending a multicast-DIO with rank 341
1016374682	ID:35	RPL: Sending a multicast-DIO with rank 499
1017494868	ID:33	RPL: Sending a multicast-DIO with rank 318
1017622365	ID:36	RPL: Sending a multicast-DIO with rank 484
1020803576	ID:32	RPL: Sending a multicast-DIO with rank 341
1021374682	ID:35	RPL: Sending a multicast-DIO with rank 499
1022494869	ID:33	RPL: Sending a multicast-DIO with rank 318
1022622365	ID:36	RPL: Sending a multicast-DIO with rank 484
1025803577	ID:32	RPL: Sending a multicast-DIO with rank 341
1026374683	ID:35	RPL: Sending a multicast-DIO with rank 499
1027494869	ID:33	RPL: Sending a multicast-DIO with rank 318
1027622366	ID:36	RPL: Sending a multicast-DIO with rank 484
1030803584	ID:32	RPL: Sending a multicast-DIO with rank 341
1031374683	ID:35	RPL: Sending a multicast-DIO with rank 499
1032494869	ID:33	RPL: Sending a multicast-DIO with rank 318
1032622366	ID:36	RPL: Sending a multicast-DIO with rank 484
1035803577	ID:32	RPL: Sending a multicast-DIO with rank 341
1036374683	ID:35	RPL: Sending a multicast-DIO with rank 499
1037494869	ID:33	RPL: Sending a multicast-DIO with rank 318
1037622366	ID:36	RPL: Sending a multicast-DIO with rank 484
1040803577	ID:32	RPL: Sending a multicast-DIO with rank 341
1041374683	ID:35	RPL: Sending a multicast-DIO with rank 499
1042494869	ID:33	RPL: Sending a multicast-DIO with rank 318
1042622366	ID:36	RPL: Sending a multicast-DIO with rank 484
1043677691	ID:34	RPL: Sending a DIS to fe80::c30c:0:0:6
1045803577	ID:32	RPL: Sending a multicast-DIO with rank 341
1046374683	ID:35	RPL: Sending a multicast-DIO with rank 499
1047494869	ID:33	RPL: Sending a multicast-DIO with rank 318
1047622366	ID:36	RPL: Sending a multicast-DIO with rank 484
1050803577	ID:32	RPL: Sending a multicast-DIO with rank 341
1051374683	ID:35	RPL: Sending a multicast-DIO with rank 499
1052494869	ID:33	RPL: Sending a multicast-DIO with rank 318
1052622366	ID:36	RPL: Sending a multicast-DIO with rank 484
1055803577	ID:32	RPL: Sending a multicast-DIO with rank 341
1056374683	ID:35	RPL: Sending a multicast-DIO with rank 499
1057494869	ID:33	RPL: Sending a multicast-DIO with rank 318
1057622366	ID:36	RPL: Sending a multicast-DIO with rank 484
1060803577	ID:32	RPL: Sending a multicast-DIO with rank 341
1061374683	ID:35	RPL: Sending a multicast-DIO with rank 499
1062494869	ID:33	RPL: Sending a multicast-DIO with rank 318
1062622366	ID:36	RPL: Sending a multicast-DIO with rank 484
1065803577	ID:32	RPL: Sending a multicast-DIO with rank 341
1066374683	ID:35	RPL: Sending a multicast-DIO with rank 499
1067494869	ID:33	RPL: Sending a multicast-DIO with rank 318
1067622366	ID:36	RPL: Sending a multicast-DIO with rank 484
1070803577	ID:32	RPL: Sending a multicast-DIO with rank 341
1071374683	ID:35	RPL: Sending a multicast-DIO with rank 499
1072494869	ID:33	RPL: Sending a multicast-DIO with rank 318
1072622366	ID:36	RPL: Sending a multicast-DIO with rank 484
1075803577	ID:32	RPL: Sending a multicast-DIO with rank 341
1076374683	ID:35	RPL: Sending a multicast-DIO with rank 499
1077494869	ID:33	RPL: Sending a multicast-DIO with rank 318
1077622366	ID:36	RPL: Sending a multicast-DIO with rank 484
1080803577	ID:32	RPL: Sending a multicast-DIO with rank 341
1081374683	ID:35	RPL: Sending a multicast-DIO with rank 499
1082494869	ID:33	RPL: Sending a multicast-DIO with rank 318
1082622366	ID:36	RPL: Sending a multicast-DIO with rank 484
1085803577	ID:32	RPL: Sending a multicast-DIO with rank 341
1086374683	ID:35	RPL: Sending a multicast-DIO with rank 499
1087494869	ID:33	RPL: Sending a multicast-DIO with rank 318
1087622366	ID:36	RPL: Sending a multicast-DIO with rank 484
1090803577	ID:32	RPL: Sending a multicast-DIO with rank 341
1091374683	ID:35	RPL: Sending a multicast-DIO with rank 499
1092494869	ID:33	RPL: Sending a multicast-DIO with rank 318
1092622366	ID:36	RPL: Sending a multicast-DIO with rank 484
1095803577	ID:32	RPL: Sending a multicast-DIO with rank 341
1096374683	ID:35	RPL: Sending a multicast-DIO with rank 499
1097494869	ID:33	RPL: Sending a multicast-DIO with rank 318
1097622366	ID:36	RPL: Sending a multicast-DIO with rank 484
1100803577	ID:32	RPL: Sending a multicast-DIO with rank 341
1101374683	ID:35	RPL: Sending a multicast-DIO with rank 499
1102494869	ID:33	RPL: Sending a multicast-DIO with rank 318
1102622366	ID:36	RPL: Sending a multicast-DIO with rank 484
1103676942	ID:34	RPL: Sending a DIS to fe80::c30c:0:0:6
1105803577	ID:32	RPL: Sending a multicast-DIO with rank 341
1106374683	ID:35	RPL: Sending a multicast-DIO with rank 499
1107494869	ID:33	RPL: Sending a multicast-DIO with rank 318
1107622366	ID:36	RPL: Sending a multicast-DIO with rank 484
1110803577	ID:32	RPL: Sending a multicast-DIO with rank 341
1111374683	ID:35	RPL: Sending a multicast-DIO with rank 499
1112494869	ID:33	RPL: Sending a multicast-DIO with rank 318
1112622366	ID:36	RPL: Sending a multicast-DIO with rank 484
1115803577	ID:32	RPL: Sending a multicast-DIO with rank 341
1116374683	ID:35	RPL: Sending a multicast-DIO with rank 499
1117494869	ID:33	RPL: Sending a multicast-DIO with rank 318
1117622366	ID:36	RPL: Sending a multicast-DIO with rank 484
1120803577	ID:32	RPL: Sending a multicast-DIO with rank 341
1121374683	ID:35	RPL: Sending a multicast-DIO with rank 499
1122494869	ID:33	RPL: Sending a multicast-DIO with rank 318
1122622366	ID:36	RPL: Sending a multicast-DIO with rank 484
1125803577	ID:32	RPL: Sending a multicast-DIO with rank 341
1126374683	ID:35	RPL: Sending a multicast-DIO with rank 499
1127494869	ID:33	RPL: Sending a multicast-DIO with rank 318
1127622366	ID:36	RPL: Sending a multicast-DIO with rank 484
1130803577	ID:32	RPL: Sending a multicast-DIO with rank 341
1131374683	ID:35	RPL: Sending a multicast-DIO with rank 499
1132494869	ID:33	RPL: Sending a multicast-DIO with rank 318
1132622366	ID:36	RPL: Sending a multicast-DIO with rank 484
1135803577	ID:32	RPL: Sending a multicast-DIO with rank 341
1136374683	ID:35	RPL: Sending a multicast-DIO with rank 499
1137494869	ID:33	RPL: Sending a multicast-DIO with rank 318
1137622366	ID:36	RPL: Sending a multicast-DIO with rank 484
1140803577	ID:32	RPL: Sending a multicast-DIO with rank 341
1141374683	ID:35	RPL: Sending a multicast-DIO with rank 499
1142494869	ID:33	RPL: Sending a multicast-DIO with rank 318
1142622366	ID:36	RPL: Sending a multicast-DIO with rank 484
1145803577	ID:32	RPL: Sending a multicast-DIO with rank 341
1146374683	ID:35	RPL: Sending a multicast-DIO with rank 499
1147494869	ID:33	RPL: Sending a multicast-DIO with rank 318
1147622366	ID:36	RPL: Sending a multicast-DIO with rank 484
1150803577	ID:32	RPL: Sending a multicast-DIO with rank 341
1151374683	ID:35	RPL: Sending a multicast-DIO with rank 499
1152494869	ID:33	RPL: Sending a multicast-DIO with rank 318
1152622366	ID:36	RPL: Sending a multicast-DIO with rank 484
1155803577	ID:32	RPL: Sending a multicast-DIO with rank 341
1156374683	ID:35	RPL: Sending a multicast-DIO with rank 499
1157494869	ID:33	RPL: Sending a multicast-DIO with rank 318
1157622366	ID:36	RPL: Sending a multicast-DIO with rank 484
1160803577	ID:32	RPL: Sending a multicast-DIO with rank 341
1161374683	ID:35	RPL: Sending a multicast-DIO with rank 499
1162494869	ID:33	RPL: Sending a multicast-DIO with rank 318
1162622366	ID:36	RPL: Sending a multicast-DIO with rank 484
1163676942	ID:34	RPL: Sending a DIS to fe80::c30c:0:0:6
1165803577	ID:32	RPL: Sending a multicast-DIO with rank 341
1166374683	ID:35	RPL: Sending a multicast-DIO with rank 499
1167494869	ID:33	RPL: Sending a multicast-DIO with rank 318
1167622366	ID:36	RPL: Sending a multicast-DIO with rank 484
1170803577	ID:32	RPL: Sending a multicast-DIO with rank 341
1171374683	ID:35	RPL: Sending a multicast-DIO with rank 499
1172494869	ID:33	RPL: Sending a multicast-DIO with rank 318
1172622366	ID:36	RPL: Sending a multicast-DIO with rank 484
1175803577	ID:32	RPL: Sending a multicast-DIO with rank 341
1176374683	ID:35	RPL: Sending a multicast-DIO with rank 499
1177494869	ID:33	RPL: Sending a multicast-DIO with rank 318
1177622373	ID:36	RPL: Sending a multicast-DIO with rank 484
1180803577	ID:32	RPL: Sending a multicast-DIO with rank 341
1181374683	ID:35	RPL: Sending a multicast-DIO with rank 499
1182494869	ID:33	RPL: Sending a multicast-DIO with rank 318
1182622366	ID:36	RPL: Sending a multicast-DIO with rank 484
1185803577	ID:32	RPL: Sending a multicast-DIO with rank 341
1186374690	ID:35	RPL: Sending a multicast-DIO with rank 499
1187494869	ID:33	RPL: Sending a multicast-DIO with rank 318
1187622366	ID:36	RPL: Sending a multicast-DIO with rank 484
1190803577	ID:32	RPL: Sending a multicast-DIO with rank 341
1191374683	ID:35	RPL: Sending a multicast-DIO with rank 499
1192494869	ID:33	RPL: Sending a multicast-DIO with rank 318
1192622366	ID:36	RPL: Sending a multicast-DIO with rank 484
1195803577	ID:32	RPL: Sending a multicast-DIO with rank 341
1196374683	ID:35	RPL: Sending a multicast-DIO with rank 499
1197494869	ID:33	RPL: Sending a multicast-DIO with rank 318
1197622366	ID:36	RPL: Sending a multicast-DIO with rank 484
1200803577	ID:32	RPL: Sending a multicast-DIO with rank 341
1201374683	ID:35	RPL: Sending a multicast-DIO with rank 499
1202494874	ID:33	RPL: Sending a multicast-DIO with rank 318
1202622371	ID:36	RPL: Sending a multicast-DIO with rank 484
1205803582	ID:32	RPL: Sending a multicast-DIO with rank 341
1206374688	ID:35	RPL: Sending a multicast-DIO with rank 499
1207494868	ID:33	RPL: Sending a multicast-DIO with rank 318
1207622365	ID:36	RPL: Sending a multicast-DIO with rank 484
1210803576	ID:32	RPL: Sending a multicast-DIO with rank 341
1211374682	ID:35	RPL: Sending a multicast-DIO with rank 499
1212494868	ID:33	RPL: Sending a multicast-DIO with rank 318
1212622365	ID:36	RPL: Sending a multicast-DIO with rank 484
1215803576	ID:32	RPL: Sending a multicast-DIO with rank 341
1216374682	ID:35	RPL: Sending a multicast-DIO with rank 499
1217494868	ID:33	RPL: Sending a multicast-DIO with rank 318
1217622365	ID:36	RPL: Sending a multicast-DIO with rank 484
1220803576	ID:32	RPL: Sending a multicast-DIO with rank 341
1221374682	ID:35	RPL: Sending a multicast-DIO with rank 499
1222494868	ID:33	RPL: Sending a multicast-DIO with rank 318
1222622365	ID:36	RPL: Sending a multicast-DIO with rank 484
1223676941	ID:34	RPL: Sending a DIS to fe80::c30c:0:0:6
1225803576	ID:32	RPL: Sending a multicast-DIO with rank 341
1226374682	ID:35	RPL: Sending a multicast-DIO with rank 499
1227494868	ID:33	RPL: Sending a multicast-DIO with rank 318
1227622365	ID:36	RPL: Sending a multicast-DIO with rank 484
1230803576	ID:32	RPL: Sending a multicast-DIO with rank 341
1231374682	ID:35	RPL: Sending a multicast-DIO with rank 499
1232494868	ID:33	RPL: Sending a multicast-DIO with rank 318
1232622365	ID:36	RPL: Sending a multicast-DIO with rank 484
1235803576	ID:32	RPL: Sending a multicast-DIO with rank 341
1236374682	ID:35	RPL: Sending a multicast-DIO with rank 499
1237494868	ID:33	RPL: Sending a multicast-DIO with rank 318
1237622365	ID:36	RPL: Sending a multicast-DIO with rank 484
1240803576	ID:32	RPL: Sending a multicast-DIO with rank 341
1241374682	ID:35	RPL: Sending a multicast-DIO with rank 499
1242494868	ID:33	RPL: Sending a multicast-DIO with rank 318
1242622365	ID:36	RPL: Sending a multicast-DIO with rank 484
1245803576	ID:32	RPL: Sending a multicast-DIO with rank 341
1246374682	ID:35	RPL: Sending a multicast-DIO with rank 499
1247494868	ID:33	RPL: Sending a multicast-DIO with rank 318
1247622365	ID:36	RPL: Sending a multicast-DIO with rank 484
1250803576	ID:32	RPL: Sending a multicast-DIO with rank 341
1251374682	ID:35	RPL: Sending a multicast-DIO with rank 499
1252494868	ID:33	RPL: Sending a multicast-DIO with rank 318
1252622365	ID:36	RPL: Sending a multicast-DIO with rank 484
1255803576	ID:32	RPL: Sending a multicast-DIO with rank 341
1256374682	ID:35	RPL: Sending a multicast-DIO with rank 499
1257494868	ID:33	RPL: Sending a multicast-DIO with rank 318
1257622365	ID:36	RPL: Sending a multicast-DIO with rank 484
1260803576	ID:32	RPL: Sending a multicast-DIO with rank 341
1261374682	ID:35	RPL: Sending a multicast-DIO with rank 499
1262494868	ID:33	RPL: Sending a multicast-DIO with rank 318
1262622365	ID:36	RPL: Sending a multicast-DIO with rank 484
1265803576	ID:32	RPL: Sending a multicast-DIO with rank 341
1266374682	ID:35	RPL: Sending a multicast-DIO with rank 499
1267494868	ID:33	RPL: Sending a multicast-DIO with rank 318
1267622365	ID:36	RPL: Sending a multicast-DIO with rank 484
1270803576	ID:32	RPL: Sending a multicast-DIO with rank 341
1271374682	ID:35	RPL: Sending a multicast-DIO with rank 499
1272494868	ID:33	RPL: Sending a multicast-DIO with rank 318
1272622365	ID:36	RPL: Sending a multicast-DIO with rank 484
1275803576	ID:32	RPL: Sending a multicast-DIO with rank 341
1276374682	ID:35	RPL: Sending a multicast-DIO with rank 499
1277494868	ID:33	RPL: Sending a multicast-DIO with rank 318
1277622365	ID:36	RPL: Sending a multicast-DIO with rank 484
1280803576	ID:32	RPL: Sending a multicast-DIO with rank 341
1281374682	ID:35	RPL: Sending a multicast-DIO with rank 499
1282494868	ID:33	RPL: Sending a multicast-DIO with rank 318
1282622365	ID:36	RPL: Sending a multicast-DIO with rank 484
1283676941	ID:34	RPL: Sending a DIS to fe80::c30c:0:0:6
1285803576	ID:32	RPL: Sending a multicast-DIO with rank 341
1286374682	ID:35	RPL: Sending a multicast-DIO with rank 499
1287494868	ID:33	RPL: Sending a multicast-DIO with rank 318
1287622365	ID:36	RPL: Sending a multicast-DIO with rank 484
1290803576	ID:32	RPL: Sending a multicast-DIO with rank 341
1291374682	ID:35	RPL: Sending a multicast-DIO with rank 499
1292494868	ID:33	RPL: Sending a multicast-DIO with rank 318
1292622365	ID:36	RPL: Sending a multicast-DIO with rank 484
1295803576	ID:32	RPL: Sending a multicast-DIO with rank 341
1296374682	ID:35	RPL: Sending a multicast-DIO with rank 499
1297494868	ID:33	RPL: Sending a multicast-DIO with rank 318
1297622365	ID:36	RPL: Sending a multicast-DIO with rank 484
1300803576	ID:32	RPL: Sending a multicast-DIO with rank 341
1301374682	ID:35	RPL: Sending a multicast-DIO with rank 499
1302494868	ID:33	RPL: Sending a multicast-DIO with rank 318
1302622365	ID:36	RPL: Sending a multicast-DIO with rank 484
1305803576	ID:32	RPL: Sending a multicast-DIO with rank 341
1306374682	ID:35	RPL: Sending a multicast-DIO with rank 499
1307494868	ID:33	RPL: Sending a multicast-DIO with rank 318
1307622365	ID:36	RPL: Sending a multicast-DIO with rank 484
1310803576	ID:32	RPL: Sending a multicast-DIO with rank 341
1311374682	ID:35	RPL: Sending a multicast-DIO with rank 499
1312494868	ID:33	RPL: Sending a multicast-DIO with rank 318
1312622365	ID:36	RPL: Sending a multicast-DIO with rank 484
1315803576	ID:32	RPL: Sending a multicast-DIO with rank 341
1316374682	ID:35	RPL: Sending a multicast-DIO with rank 499
1317494868	ID:33	RPL: Sending a multicast-DIO with rank 318
1317622365	ID:36	RPL: Sending a multicast-DIO with rank 484
1320803576	ID:32	RPL: Sending a multicast-DIO with rank 341
1321374682	ID:35	RPL: Sending a multicast-DIO with rank 499
1322494868	ID:33	RPL: Sending a multicast-DIO with rank 318
1322622365	ID:36	RPL: Sending a multicast-DIO with rank 484
1325803576	ID:32	RPL: Sending a multicast-DIO with rank 341
1326374682	ID:35	RPL: Sending a multicast-DIO with rank 499
1327494868	ID:33	RPL: Sending a multicast-DIO with rank 318
1327622365	ID:36	RPL: Sending a multicast-DIO with rank 484
1330803576	ID:32	RPL: Sending a multicast-DIO with rank 341
1331374682	ID:35	RPL: Sending a multicast-DIO with rank 499
1332494875	ID:33	RPL: Sending a multicast-DIO with rank 318
1332622365	ID:36	RPL: Sending a multicast-DIO with rank 484
1335803576	ID:32	RPL: Sending a multicast-DIO with rank 341
1336374682	ID:35	RPL: Sending a multicast-DIO with rank 499
1337494868	ID:33	RPL: Sending a multicast-DIO with rank 318
1337622365	ID:36	RPL: Sending a multicast-DIO with rank 484
1340803576	ID:32	RPL: Sending a multicast-DIO with rank 341
1341374682	ID:35	RPL: Sending a multicast-DIO with rank 499
1342494868	ID:33	RPL: Sending a multicast-DIO with rank 318
1342622365	ID:36	RPL: Sending a multicast-DIO with rank 484
1343676941	ID:34	RPL: Sending a DIS to fe80::c30c:0:0:6
1345803576	ID:32	RPL: Sending a multicast-DIO with rank 341
1346374682	ID:35	RPL: Sending a multicast-DIO with rank 499
1347494868	ID:33	RPL: Sending a multicast-DIO with rank 318
1347622365	ID:36	RPL: Sending a multicast-DIO with rank 484
1350803576	ID:32	RPL: Sending a multicast-DIO with rank 341
1351374682	ID:35	RPL: Sending a multicast-DIO with rank 499
1352494868	ID:33	RPL: Sending a multicast-DIO with rank 318
1352622365	ID:36	RPL: Sending a multicast-DIO with rank 484
1355803576	ID:32	RPL: Sending a multicast-DIO with rank 341
1356374682	ID:35	RPL: Sending a multicast-DIO with rank 499
1357494868	ID:33	RPL: Sending a multicast-DIO with rank 318
1357622365	ID:36	RPL: Sending a multicast-DIO with rank 484
1360803576	ID:32	RPL: Sending a multicast-DIO with rank 341
1361374682	ID:35	RPL: Sending a multicast-DIO with rank 499
1362494868	ID:33	RPL: Sending a multicast-DIO with rank 318
1362622365	ID:36	RPL: Sending a multicast-DIO with rank 484
1365803576	ID:32	RPL: Sending a multicast-DIO with rank 341
1366374682	ID:35	RPL: Sending a multicast-DIO with rank 499
1367494868	ID:33	RPL: Sending a multicast-DIO with rank 318
1367622365	ID:36	RPL: Sending a multicast-DIO with rank 484
1370803576	ID:32	RPL: Sending a multicast-DIO with rank 341
1371374682	ID:35	RPL: Sending a multicast-DIO with rank 499
1372494868	ID:33	RPL: Sending a multicast-DIO with rank 318
1372622365	ID:36	RPL: Sending a multicast-DIO with rank 484
1375803576	ID:32	RPL: Sending a multicast-DIO with rank 341
1376374682	ID:35	RPL: Sending a multicast-DIO with rank 499
1377494868	ID:33	RPL: Sending a multicast-DIO with rank 318
1377622365	ID:36	RPL: Sending a multicast-DIO with rank 484
1380803576	ID:32	RPL: Sending a multicast-DIO with rank 341
1381374682	ID:35	RPL: Sending a multicast-DIO with rank 499
1382494868	ID:33	RPL: Sending a multicast-DIO with rank 318
1382622365	ID:36	RPL: Sending a multicast-DIO with rank 484
1385803576	ID:32	RPL: Sending a multicast-DIO with rank 341
1386374682	ID:35	RPL: Sending a multicast-DIO with rank 499
1387494868	ID:33	RPL: Sending a multicast-DIO with rank 318
1387622365	ID:36	RPL: Sending a multicast-DIO with rank 484
1390803576	ID:32	RPL: Sending a multicast-DIO with rank 341
1391374682	ID:35	RPL: Sending a multicast-DIO with rank 499
1392494868	ID:33	RPL: Sending a multicast-DIO with rank 318
1392622365	ID:36	RPL: Sending a multicast-DIO with rank 484
1395803576	ID:32	RPL: Sending a multicast-DIO with rank 341
1396374682	ID:35	RPL: Sending a multicast-DIO with rank 499
1397494868	ID:33	RPL: Sending a multicast-DIO with rank 318
1397622365	ID:36	RPL: Sending a multicast-DIO with rank 484
1400803576	ID:32	RPL: Sending a multicast-DIO with rank 341
1401374682	ID:35	RPL: Sending a multicast-DIO with rank 499
1402494868	ID:33	RPL: Sending a multicast-DIO with rank 318
1402622365	ID:36	RPL: Sending a multicast-DIO with rank 484
1403676941	ID:34	RPL: Sending a DIS to fe80::c30c:0:0:6
1405803576	ID:32	RPL: Sending a multicast-DIO with rank 341
1406374682	ID:35	RPL: Sending a multicast-DIO with rank 499
1407494868	ID:33	RPL: Sending a multicast-DIO with rank 318
1407622365	ID:36	RPL: Sending a multicast-DIO with rank 484
1410803576	ID:32	RPL: Sending a multicast-DIO with rank 341
1411374682	ID:35	RPL: Sending a multicast-DIO with rank 499
1412494868	ID:33	RPL: Sending a multicast-DIO with rank 318
1412622365	ID:36	RPL: Sending a multicast-DIO with rank 484
1415803576	ID:32	RPL: Sending a multicast-DIO with rank 341
1416374682	ID:35	RPL: Sending a multicast-DIO with rank 499
1417494868	ID:33	RPL: Sending a multicast-DIO with rank 318
1417622365	ID:36	RPL: Sending a multicast-DIO with rank 484
1420803576	ID:32	RPL: Sending a multicast-DIO with rank 341
1421374682	ID:35	RPL: Sending a multicast-DIO with rank 499
1422494868	ID:33	RPL: Sending a multicast-DIO with rank 318
1422622365	ID:36	RPL: Sending a multicast-DIO with rank 484
1425803576	ID:32	RPL: Sending a multicast-DIO with rank 341
1426374682	ID:35	RPL: Sending a multicast-DIO with rank 499
1427494868	ID:33	RPL: Sending a multicast-DIO with rank 318
1427622365	ID:36	RPL: Sending a multicast-DIO with rank 484
1430803583	ID:32	RPL: Sending a multicast-DIO with rank 341
1431374682	ID:35	RPL: Sending a multicast-DIO with rank 499
1432494868	ID:33	RPL: Sending a multicast-DIO with rank 318
1432622365	ID:36	RPL: Sending a multicast-DIO with rank 484
1435803576	ID:32	RPL: Sending a multicast-DIO with rank 341
1436374682	ID:35	RPL: Sending a multicast-DIO with rank 499
1437494868	ID:33	RPL: Sending a multicast-DIO with rank 318
1437622365	ID:36	RPL: Sending a multicast-DIO with rank 484
1440803576	ID:32	RPL: Sending a multicast-DIO with rank 341
1441374682	ID:35	RPL: Sending a multicast-DIO with rank 499
1442494868	ID:33	RPL: Sending a multicast-DIO with rank 318
1442622365	ID:36	RPL: Sending a multicast-DIO with rank 484
1445803576	ID:32	RPL: Sending a multicast-DIO with rank 341
1446374682	ID:35	RPL: Sending a multicast-DIO with rank 499
1447494868	ID:33	RPL: Sending a multicast-DIO with rank 318
1447622365	ID:36	RPL: Sending a multicast-DIO with rank 484
1450803576	ID:32	RPL: Sending a multicast-DIO with rank 341
1451374682	ID:35	RPL: Sending a multicast-DIO with rank 499
1452494868	ID:33	RPL: Sending a multicast-DIO with rank 318
1452622365	ID:36	RPL: Sending a multicast-DIO with rank 484
1455803576	ID:32	RPL: Sending a multicast-DIO with rank 341
1456374682	ID:35	RPL: Sending a multicast-DIO with rank 499
1457494868	ID:33	RPL: Sending a multicast-DIO with rank 318
1457622365	ID:36	RPL: Sending a multicast-DIO with rank 484
1460803576	ID:32	RPL: Sending a multicast-DIO with rank 341
1461374682	ID:35	RPL: Sending a multicast-DIO with rank 499
1462494868	ID:33	RPL: Sending a multicast-DIO with rank 318
1462622365	ID:36	RPL: Sending a multicast-DIO with rank 484
1463676941	ID:34	RPL: Sending a DIS to fe80::c30c:0:0:6
1465803576	ID:32	RPL: Sending a multicast-DIO with rank 341
1466374682	ID:35	RPL: Sending a multicast-DIO with rank 499
1467494868	ID:33	RPL: Sending a multicast-DIO with rank 318
1467622365	ID:36	RPL: Sending a multicast-DIO with rank 484
1470803576	ID:32	RPL: Sending a multicast-DIO with rank 341
1471374682	ID:35	RPL: Sending a multicast-DIO with rank 499
1472494868	ID:33	RPL: Sending a multicast-DIO with rank 318
1472622365	ID:36	RPL: Sending a multicast-DIO with rank 484
1475803576	ID:32	RPL: Sending a multicast-DIO with rank 341
1476374682	ID:35	RPL: Sending a multicast-DIO with rank 499
1477494868	ID:33	RPL: Sending a multicast-DIO with rank 318
1477622365	ID:36	RPL: Sending a multicast-DIO with rank 484
1480803576	ID:32	RPL: Sending a multicast-DIO with rank 341
1481374682	ID:35	RPL: Sending a multicast-DIO with rank 499
1482494868	ID:33	RPL: Sending a multicast-DIO with rank 318
1482622365	ID:36	RPL: Sending a multicast-DIO with rank 484
1485803576	ID:32	RPL: Sending a multicast-DIO with rank 341
1486374682	ID:35	RPL: Sending a multicast-DIO with rank 499
1487494868	ID:33	RPL: Sending a multicast-DIO with rank 318
1487622365	ID:36	RPL: Sending a multicast-DIO with rank 484
1490803576	ID:32	RPL: Sending a multicast-DIO with rank 341
1491374682	ID:35	RPL: Sending a multicast-DIO with rank 499
1492494868	ID:33	RPL: Sending a multicast-DIO with rank 318
1492622365	ID:36	RPL: Sending a multicast-DIO with rank 484
1495803576	ID:32	RPL: Sending a multicast-DIO with rank 341
1496374682	ID:35	RPL: Sending a multicast-DIO with rank 499
1497494868	ID:33	RPL: Sending a multicast-DIO with rank 318
1497622365	ID:36	RPL: Sending a multicast-DIO with rank 484
1500803576	ID:32	RPL: Sending a multicast-DIO with rank 341
1501374682	ID:35	RPL: Sending a multicast-DIO with rank 499
1502494868	ID:33	RPL: Sending a multicast-DIO with rank 318
1502622365	ID:36	RPL: Sending a multicast-DIO with rank 484
1505803576	ID:32	RPL: Sending a multicast-DIO with rank 341
1506374682	ID:35	RPL: Sending a multicast-DIO with rank 499
1507494868	ID:33	RPL: Sending a multicast-DIO with rank 318
1507622365	ID:36	RPL: Sending a multicast-DIO with rank 484
1510803576	ID:32	RPL: Sending a multicast-DIO with rank 341
1511374682	ID:35	RPL: Sending a multicast-DIO with rank 499
1512494868	ID:33	RPL: Sending a multicast-DIO with rank 318
1512622365	ID:36	RPL: Sending a multicast-DIO with rank 484
1515803576	ID:32	RPL: Sending a multicast-DIO with rank 341
1516374682	ID:35	RPL: Sending a multicast-DIO with rank 499
1517494868	ID:33	RPL: Sending a multicast-DIO with rank 318
1517622365	ID:36	RPL: Sending a multicast-DIO with rank 484
1520803576	ID:32	RPL: Sending a multicast-DIO with rank 341
1521374682	ID:35	RPL: Sending a multicast-DIO with rank 499
1522494868	ID:33	RPL: Sending a multicast-DIO with rank 318
1522622365	ID:36	RPL: Sending a multicast-DIO with rank 484
1523676941	ID:34	RPL: Sending a DIS to fe80::c30c:0:0:6
1525803576	ID:32	RPL: Sending a multicast-DIO with rank 341
1526374682	ID:35	RPL: Sending a multicast-DIO with rank 499
1527494868	ID:33	RPL: Sending a multicast-DIO with rank 318
1527622372	ID:36	RPL: Sending a multicast-DIO with rank 484
1530803576	ID:32	RPL: Sending a multicast-DIO with rank 341
1531374682	ID:35	RPL: Sending a multicast-DIO with rank 499
1532494868	ID:33	RPL: Sending a multicast-DIO with rank 318
1532622365	ID:36	RPL: Sending a multicast-DIO with rank 484
1535803576	ID:32	RPL: Sending a multicast-DIO with rank 341
1536374682	ID:35	RPL: Sending a multicast-DIO with rank 499
1537494868	ID:33	RPL: Sending a multicast-DIO with rank 318
1537622365	ID:36	RPL: Sending a multicast-DIO with rank 484
1540803576	ID:32	RPL: Sending a multicast-DIO with rank 341
1541374682	ID:35	RPL: Sending a multicast-DIO with rank 499
1542494868	ID:33	RPL: Sending a multicast-DIO with rank 318
1542622365	ID:36	RPL: Sending a multicast-DIO with rank 484
1545803576	ID:32	RPL: Sending a multicast-DIO with rank 341
1546374682	ID:35	RPL: Sending a multicast-DIO with rank 499
1547494868	ID:33	RPL: Sending a multicast-DIO with rank 318
1547622365	ID:36	RPL: Sending a multicast-DIO with rank 484
1550803576	ID:32	RPL: Sending a multicast-DIO with rank 341
1551374682	ID:35	RPL: Sending a multicast-DIO with rank 499
1552494868	ID:33	RPL: Sending a multicast-DIO with rank 318
1552622365	ID:36	RPL: Sending a multicast-DIO with rank 484
1555803576	ID:32	RPL: Sending a multicast-DIO with rank 341
1556374682	ID:35	RPL: Sending a multicast-DIO with rank 499
1557494868	ID:33	RPL: Sending a multicast-DIO with rank 318
1557622365	ID:36	RPL: Sending a multicast-DIO with rank 484
1560803576	ID:32	RPL: Sending a multicast-DIO with rank 341
1561374682	ID:35	RPL: Sending a multicast-DIO with rank 499
1562494868	ID:33	RPL: Sending a multicast-DIO with rank 318
1562622365	ID:36	RPL: Sending a multicast-DIO with rank 484
1565803576	ID:32	RPL: Sending a multicast-DIO with rank 341
1566374682	ID:35	RPL: Sending a multicast-DIO with rank 499
1567494868	ID:33	RPL: Sending a multicast-DIO with rank 318
1567622365	ID:36	RPL: Sending a multicast-DIO with rank 484
1570803576	ID:32	RPL: Sending a multicast-DIO with rank 341
1571374682	ID:35	RPL: Sending a multicast-DIO with rank 499
1572494868	ID:33	RPL: Sending a multicast-DIO with rank 318
1572622365	ID:36	RPL: Sending a multicast-DIO with rank 484
1575803576	ID:32	RPL: Sending a multicast-DIO with rank 341
1576374682	ID:35	RPL: Sending a multicast-DIO with rank 499
1577494868	ID:33	RPL: Sending a multicast-DIO with rank 318
1577622365	ID:36	RPL: Sending a multicast-DIO with rank 484
1580803576	ID:32	RPL: Sending a multicast-DIO with rank 341
1581374682	ID:35	RPL: Sending a multicast-DIO with rank 499
1582494868	ID:33	RPL: Sending a multicast-DIO with rank 318
1582622365	ID:36	RPL: Sending a multicast-DIO with rank 484
1583676941	ID:34	RPL: Sending a DIS to fe80::c30c:0:0:6
1585803576	ID:32	RPL: Sending a multicast-DIO with rank 341
1586374682	ID:35	RPL: Sending a multicast-DIO with rank 499
1587494868	ID:33	RPL: Sending a multicast-DIO with rank 318
1587622365	ID:36	RPL: Sending a multicast-DIO with rank 484
1590803576	ID:32	RPL: Sending a multicast-DIO with rank 341
1591374682	ID:35	RPL: Sending a multicast-DIO with rank 499
1592494868	ID:33	RPL: Sending a multicast-DIO with rank 318
1592622365	ID:36	RPL: Sending a multicast-DIO with rank 484
1595803576	ID:32	RPL: Sending a multicast-DIO with rank 341
1596374682	ID:35	RPL: Sending a multicast-DIO with rank 499
1597494868	ID:33	RPL: Sending a multicast-DIO with rank 318
1597622365	ID:36	RPL: Sending a multicast-DIO with rank 484
1600803576	ID:32	RPL: Sending a multicast-DIO with rank 341
1601374682	ID:35	RPL: Sending a multicast-DIO with rank 499
1602494868	ID:33	RPL: Sending a multicast-DIO with rank 318
1602622365	ID:36	RPL: Sending a multicast-DIO with rank 484
1605803576	ID:32	RPL: Sending a multicast-DIO with rank 341
1606374682	ID:35	RPL: Sending a multicast-DIO with rank 499
1607494868	ID:33	RPL: Sending a multicast-DIO with rank 318
1607622365	ID:36	RPL: Sending a multicast-DIO with rank 484
1610803576	ID:32	RPL: Sending a multicast-DIO with rank 341
1611374682	ID:35	RPL: Sending a multicast-DIO with rank 499
1612494868	ID:33	RPL: Sending a multicast-DIO with rank 318
1612622365	ID:36	RPL: Sending a multicast-DIO with rank 484
1615803576	ID:32	RPL: Sending a multicast-DIO with rank 341
1616374682	ID:35	RPL: Sending a multicast-DIO with rank 499
1617494868	ID:33	RPL: Sending a multicast-DIO with rank 318
1617622365	ID:36	RPL: Sending a multicast-DIO with rank 484
1620803576	ID:32	RPL: Sending a multicast-DIO with rank 341
1621374689	ID:35	RPL: Sending a multicast-DIO with rank 499
1622494868	ID:33	RPL: Sending a multicast-DIO with rank 318
1622622365	ID:36	RPL: Sending a multicast-DIO with rank 484
1625803576	ID:32	RPL: Sending a multicast-DIO with rank 341
1626374682	ID:35	RPL: Sending a multicast-DIO with rank 499
1627494868	ID:33	RPL: Sending a multicast-DIO with rank 318
1627622365	ID:36	RPL: Sending a multicast-DIO with rank 484
1630803576	ID:32	RPL: Sending a multicast-DIO with rank 341
1631374682	ID:35	RPL: Sending a multicast-DIO with rank 499
1632494868	ID:33	RPL: Sending a multicast-DIO with rank 318
1632622365	ID:36	RPL: Sending a multicast-DIO with rank 484
1635803576	ID:32	RPL: Sending a multicast-DIO with rank 341
1636374682	ID:35	RPL: Sending a multicast-DIO with rank 499
1637494868	ID:33	RPL: Sending a multicast-DIO with rank 318
1637622365	ID:36	RPL: Sending a multicast-DIO with rank 484
1640803576	ID:32	RPL: Sending a multicast-DIO with rank 341
1641374682	ID:35	RPL: Sending a multicast-DIO with rank 499
1642494868	ID:33	RPL: Sending a multicast-DIO with rank 318
1642622365	ID:36	RPL: Sending a multicast-DIO with rank 484
1643676941	ID:34	RPL: Sending a DIS to fe80::c30c:0:0:6
1645803576	ID:32	RPL: Sending a multicast-DIO with rank 341
1646374682	ID:35	RPL: Sending a multicast-DIO with rank 499
1647494868	ID:33	RPL: Sending a multicast-DIO with rank 318
1647622365	ID:36	RPL: Sending a multicast-DIO with rank 484
1650803576	ID:32	RPL: Sending a multicast-DIO with rank 341
1651374682	ID:35	RPL: Sending a multicast-DIO with rank 499
1652494868	ID:33	RPL: Sending a multicast-DIO with rank 318
1652622365	ID:36	RPL: Sending a multicast-DIO with rank 484
1655803576	ID:32	RPL: Sending a multicast-DIO with rank 341
1656374682	ID:35	RPL: Sending a multicast-DIO with rank 499
1657494868	ID:33	RPL: Sending a multicast-DIO with rank 318
1657622365	ID:36	RPL: Sending a multicast-DIO with rank 484
1660803576	ID:32	RPL: Sending a multicast-DIO with rank 341
1661374682	ID:35	RPL: Sending a multicast-DIO with rank 499
1662494868	ID:33	RPL: Sending a multicast-DIO with rank 318
1662622365	ID:36	RPL: Sending a multicast-DIO with rank 484
1665803576	ID:32	RPL: Sending a multicast-DIO with rank 341
1666374682	ID:35	RPL: Sending a multicast-DIO with rank 499
1667494868	ID:33	RPL: Sending a multicast-DIO with rank 318
1667622365	ID:36	RPL: Sending a multicast-DIO with rank 484
1670803576	ID:32	RPL: Sending a multicast-DIO with rank 341
1671374682	ID:35	RPL: Sending a multicast-DIO with rank 499
1672494868	ID:33	RPL: Sending a multicast-DIO with rank 318
1672622365	ID:36	RPL: Sending a multicast-DIO with rank 484
1675803576	ID:32	RPL: Sending a multicast-DIO with rank 341
1676374682	ID:35	RPL: Sending a multicast-DIO with rank 499
1677494868	ID:33	RPL: Sending a multicast-DIO with rank 318
1677622365	ID:36	RPL: Sending a multicast-DIO with rank 484
1680803576	ID:32	RPL: Sending a multicast-DIO with rank 341
1681374682	ID:35	RPL: Sending a multicast-DIO with rank 499
1682494868	ID:33	RPL: Sending a multicast-DIO with rank 318
1682622365	ID:36	RPL: Sending a multicast-DIO with rank 484
1685803576	ID:32	RPL: Sending a multicast-DIO with rank 341
1686374682	ID:35	RPL: Sending a multicast-DIO with rank 499
1687494868	ID:33	RPL: Sending a multicast-DIO with rank 318
1687622365	ID:36	RPL: Sending a multicast-DIO with rank 484
1690803576	ID:32	RPL: Sending a multicast-DIO with rank 341
1691374682	ID:35	RPL: Sending a multicast-DIO with rank 499
1692494868	ID:33	RPL: Sending a multicast-DIO with rank 318
1692622365	ID:36	RPL: Sending a multicast-DIO with rank 484
1695803576	ID:32	RPL: Sending a multicast-DIO with rank 341
1696374682	ID:35	RPL: Sending a multicast-DIO with rank 499
1697494868	ID:33	RPL: Sending a multicast-DIO with rank 318
1697622365	ID:36	RPL: Sending a multicast-DIO with rank 484
1700803576	ID:32	RPL: Sending a multicast-DIO with rank 341
1701374682	ID:35	RPL: Sending a multicast-DIO with rank 499
1702494868	ID:33	RPL: Sending a multicast-DIO with rank 318
1702622365	ID:36	RPL: Sending a multicast-DIO with rank 484
1703676941	ID:34	RPL: Sending a DIS to fe80::c30c:0:0:6
1705803576	ID:32	RPL: Sending a multicast-DIO with rank 341
1706374682	ID:35	RPL: Sending a multicast-DIO with rank 499
1707494868	ID:33	RPL: Sending a multicast-DIO with rank 318
1707622365	ID:36	RPL: Sending a multicast-DIO with rank 484
1710803576	ID:32	RPL: Sending a multicast-DIO with rank 341
1711374682	ID:35	RPL: Sending a multicast-DIO with rank 499
1712494868	ID:33	RPL: Sending a multicast-DIO with rank 318
1712622365	ID:36	RPL: Sending a multicast-DIO with rank 484
1715803576	ID:32	RPL: Sending a multicast-DIO with rank 341
1716374682	ID:35	RPL: Sending a multicast-DIO with rank 499
1717494868	ID:33	RPL: Sending a multicast-DIO with rank 318
1717622365	ID:36	RPL: Sending a multicast-DIO with rank 484
1720803576	ID:32	RPL: Sending a multicast-DIO with rank 341
1721374682	ID:35	RPL: Sending a multicast-DIO with rank 499
1722494868	ID:33	RPL: Sending a multicast-DIO with rank 318
1722622365	ID:36	RPL: Sending a multicast-DIO with rank 484
1725803576	ID:32	RPL: Sending a multicast-DIO with rank 341
1726374682	ID:35	RPL: Sending a multicast-DIO with rank 499
1727494868	ID:33	RPL: Sending a multicast-DIO with rank 318
1727622365	ID:36	RPL: Sending a multicast-DIO with rank 484
1730803576	ID:32	RPL: Sending a multicast-DIO with rank 341
1731374682	ID:35	RPL: Sending a multicast-DIO with rank 499
1732494875	ID:33	RPL: Sending a multicast-DIO with rank 318
1732622365	ID:36	RPL: Sending a multicast-DIO with rank 484
1735803576	ID:32	RPL: Sending a multicast-DIO with rank 341
1736374682	ID:35	RPL: Sending a multicast-DIO with rank 499
1737494868	ID:33	RPL: Sending a multicast-DIO with rank 318
1737622365	ID:36	RPL: Sending a multicast-DIO with rank 484
1740803576	ID:32	RPL: Sending a multicast-DIO with rank 341
1741374682	ID:35	RPL: Sending a multicast-DIO with rank 499
1742494868	ID:33	RPL: Sending a multicast-DIO with rank 318
1742622365	ID:36	RPL: Sending a multicast-DIO with rank 484
1745803576	ID:32	RPL: Sending a multicast-DIO with rank 341
1746374682	ID:35	RPL: Sending a multicast-DIO with rank 499
1747494868	ID:33	RPL: Sending a multicast-DIO with rank 318
1747622365	ID:36	RPL: Sending a multicast-DIO with rank 484
1750803583	ID:32	RPL: Sending a multicast-DIO with rank 341
1751374682	ID:35	RPL: Sending a multicast-DIO with rank 499
1752494868	ID:33	RPL: Sending a multicast-DIO with rank 318
1752622365	ID:36	RPL: Sending a multicast-DIO with rank 484
1755803576	ID:32	RPL: Sending a multicast-DIO with rank 341
1756374682	ID:35	RPL: Sending a multicast-DIO with rank 499
1757494868	ID:33	RPL: Sending a multicast-DIO with rank 318
1757622365	ID:36	RPL: Sending a multicast-DIO with rank 484
1760803576	ID:32	RPL: Sending a multicast-DIO with rank 341
1761374682	ID:35	RPL: Sending a multicast-DIO with rank 499
1762494868	ID:33	RPL: Sending a multicast-DIO with rank 318
1762622365	ID:36	RPL: Sending a multicast-DIO with rank 484
1763676941	ID:34	RPL: Sending a DIS to fe80::c30c:0:0:6
1765803576	ID:32	RPL: Sending a multicast-DIO with rank 341
1766374682	ID:35	RPL: Sending a multicast-DIO with rank 499
1767494868	ID:33	RPL: Sending a multicast-DIO with rank 318
1767622365	ID:36	RPL: Sending a multicast-DIO with rank 484
1770803576	ID:32	RPL: Sending a multicast-DIO with rank 341
1771374682	ID:35	RPL: Sending a multicast-DIO with rank 499
1772494868	ID:33	RPL: Sending a multicast-DIO with rank 318
1772622365	ID:36	RPL: Sending a multicast-DIO with rank 484
1775803576	ID:32	RPL: Sending a multicast-DIO with rank 341
1776374682	ID:35	RPL: Sending a multicast-DIO with rank 499
1777494868	ID:33	RPL: Sending a multicast-DIO with rank 318
1777622365	ID:36	RPL: Sending a multicast-DIO with rank 484
1780803576	ID:32	RPL: Sending a multicast-DIO with rank 341
1781374682	ID:35	RPL: Sending a multicast-DIO with rank 499
1782494868	ID:33	RPL: Sending a multicast-DIO with rank 318
1782622365	ID:36	RPL: Sending a multicast-DIO with rank 484
1785803576	ID:32	RPL: Sending a multicast-DIO with rank 341
1786374682	ID:35	RPL: Sending a multicast-DIO with rank 499
1787494868	ID:33	RPL: Sending a multicast-DIO with rank 318
1787622365	ID:36	RPL: Sending a multicast-DIO with rank 484
1790803576	ID:32	RPL: Sending a multicast-DIO with rank 341
1791374682	ID:35	RPL: Sending a multicast-DIO with rank 499
1792494868	ID:33	RPL: Sending a multicast-DIO with rank 318
1792622365	ID:36	RPL: Sending a multicast-DIO with rank 484
1795803576	ID:32	RPL: Sending a multicast-DIO with rank 341
1796374682	ID:35	RPL: Sending a multicast-DIO with rank 499
1797494868	ID:33	RPL: Sending a multicast-DIO with rank 318
1797622365	ID:36	RPL: Sending a multicast-DIO with rank 484
