30523776	ID:36	RPL: Sending a DIS to fe80::c30c:0:0:8
30641744	ID:35	RPL: Sending a DIS to fe80::c30c:0:0:7
30657449	ID:33	RPL: Sending a DIS to fe80::c30c:0:0:2
30817269	ID:34	RPL: Sending a DIS to fe80::c30c:0:0:6
30890626	ID:32	RPL: Sending a DIS to fe80::c30c:0:0:3
31679209	ID:32	RPL: Received a DIO from fe80::c30c:0:0:3
31683018	ID:32	RPL: Incoming DIO (id, ver, rank) = (30,240,473)
31687516	ID:32	RPL: Incoming DIO (dag_id, pref) = (fd00::ff:fe00:1, 0)
31689742	ID:32	RPL: DIO option 4, length: 14
31695668	ID:32	RPL: DAG conf:dbl=8, min=12 red=6 maxinc=896 mininc=128 ocp=1 d_l=10 l_u=60
31697914	ID:32	RPL: DIO option 8, length: 30
31700182	ID:32	RPL: Copying prefix information
31707974	ID:32	RPL: Neighbor added to neighbor cache fe80::c30c:0:0:3, c1:0c:00:00:00:00:00:03
33315519	ID:36	RPL: Received a DIO from fe80::c30c:0:0:8
33319288	ID:36	RPL: Incoming DIO (id, ver, rank) = (30,240,454)
33323825	ID:36	RPL: Incoming DIO (dag_id, pref) = (fd00::ff:fe00:1, 0)
33326051	ID:36	RPL: DIO option 4, length: 14
33331996	ID:36	RPL: DAG conf:dbl=8, min=12 red=6 maxinc=896 mininc=128 ocp=1 d_l=10 l_u=60
33334223	ID:36	RPL: DIO option 8, length: 30
33336491	ID:36	RPL: Copying prefix information
33344960	ID:36	RPL: Neighbor added to neighbor cache fe80::c30c:0:0:8, c1:0c:00:00:00:00:00:08
34447053	ID:33	RPL: Received a DIO from fe80::c30c:0:0:2
34450823	ID:33	RPL: Incoming DIO (id, ver, rank) = (30,240,510)
34455322	ID:33	RPL: Incoming DIO (dag_id, pref) = (fd00::ff:fe00:1, 0)
34457547	ID:33	RPL: DIO option 4, length: 14
34463493	ID:33	RPL: DAG conf:dbl=8, min=12 red=6 maxinc=896 mininc=128 ocp=1 d_l=10 l_u=60
34465719	ID:33	RPL: DIO option 8, length: 30
34467988	ID:33	RPL: Copying prefix information
34477207	ID:33	RPL: Neighbor added to neighbor cache fe80::c30c:0:0:2, c1:0c:00:00:00:00:00:02
36681419	ID:35	RPL: Received a DIO from fe80::c30c:0:0:7
36685188	ID:35	RPL: Incoming DIO (id, ver, rank) = (30,240,486)
36689686	ID:35	RPL: Incoming DIO (dag_id, pref) = (fd00::ff:fe00:1, 0)
36691950	ID:35	RPL: DIO option 4, length: 14
36697857	ID:35	RPL: DAG conf:dbl=8, min=12 red=6 maxinc=896 mininc=128 ocp=1 d_l=10 l_u=60
36700085	ID:35	RPL: DIO option 8, length: 30
36702354	ID:35	RPL: Copying prefix information
36709615	ID:32	RPL: Sending a multicast-DIO with rank 473
36712785	ID:35	RPL: Neighbor added to neighbor cache fe80::c30c:0:0:7, c1:0c:00:00:00:00:00:07
38350577	ID:36	RPL: Sending a multicast-DIO with rank 454
39481376	ID:33	RPL: Sending a multicast-DIO with rank 510
41709594	ID:32	RPL: Sending a multicast-DIO with rank 473
41718543	ID:35	RPL: Sending a multicast-DIO with rank 486
43350556	ID:36	RPL: Sending a multicast-DIO with rank 454
44481354	ID:33	RPL: Sending a multicast-DIO with rank 510
46709594	ID:32	RPL: Sending a multicast-DIO with rank 473
46718522	ID:35	RPL: Sending a multicast-DIO with rank 486
48350556	ID:36	RPL: Sending a multicast-DIO with rank 454
49481355	ID:33	RPL: Sending a multicast-DIO with rank 510
51709594	ID:32	RPL: Sending a multicast-DIO with rank 473
51718522	ID:35	RPL: Sending a multicast-DIO with rank 486
53350556	ID:36	RPL: Sending a multicast-DIO with rank 454
54481355	ID:33	RPL: Sending a multicast-DIO with rank 510
56709594	ID:32	RPL: Sending a multicast-DIO with rank 473
56718522	ID:35	RPL: Sending a multicast-DIO with rank 486
58350556	ID:36	RPL: Sending a multicast-DIO with rank 454
59481355	ID:33	RPL: Sending a multicast-DIO with rank 510
61709594	ID:32	RPL: Sending a multicast-DIO with rank 473
61718522	ID:35	RPL: Sending a multicast-DIO with rank 486
63350556	ID:36	RPL: Sending a multicast-DIO with rank 454
64481355	ID:33	RPL: Sending a multicast-DIO with rank 510
66709594	ID:32	RPL: Sending a multicast-DIO with rank 473
66718522	ID:35	RPL: Sending a multicast-DIO with rank 486
68350556	ID:36	RPL: Sending a multicast-DIO with rank 454
69481355	ID:33	RPL: Sending a multicast-DIO with rank 510
71709594	ID:32	RPL: Sending a multicast-DIO with rank 473
71718522	ID:35	RPL: Sending a multicast-DIO with rank 486
73350556	ID:36	RPL: Sending a multicast-DIO with rank 454
74481354	ID:33	RPL: Sending a multicast-DIO with rank 510
76709594	ID:32	RPL: Sending a multicast-DIO with rank 473
76718522	ID:35	RPL: Sending a multicast-DIO with rank 486
78350556	ID:36	RPL: Sending a multicast-DIO with rank 454
79481355	ID:33	RPL: Sending a multicast-DIO with rank 510
81709594	ID:32	RPL: Sending a multicast-DIO with rank 473
81718522	ID:35	RPL: Sending a multicast-DIO with rank 486
83350556	ID:36	RPL: Sending a multicast-DIO with rank 454
83589850	ID:34	RPL: Sending a DIS to fe80::c30c:0:0:6
84481355	ID:33	RPL: Sending a multicast-DIO with rank 510
86709594	ID:32	RPL: Sending a multicast-DIO with rank 473
86718522	ID:35	RPL: Sending a multicast-DIO with rank 486
88350556	ID:36	RPL: Sending a multicast-DIO with rank 454
89481354	ID:33	RPL: Sending a multicast-DIO with rank 510
91709581	ID:32	RPL: Sending a multicast-DIO with rank 473
91718509	ID:35	RPL: Sending a multicast-DIO with rank 486
93350543	ID:36	RPL: Sending a multicast-DIO with rank 454
94481342	ID:33	RPL: Sending a multicast-DIO with rank 510
96709581	ID:32	RPL: Sending a multicast-DIO with rank 473
96718509	ID:35	RPL: Sending a multicast-DIO with rank 486
98350543	ID:36	RPL: Sending a multicast-DIO with rank 454
99481342	ID:33	RPL: Sending a multicast-DIO with rank 510
101709581	ID:32	RPL: Sending a multicast-DIO with rank 473
101718509	ID:35	RPL: Sending a multicast-DIO with rank 486
103350543	ID:36	RPL: Sending a multicast-DIO with rank 454
104481342	ID:33	RPL: Sending a multicast-DIO with rank 510
106709581	ID:32	RPL: Sending a multicast-DIO with rank 473
106718509	ID:35	RPL: Sending a multicast-DIO with rank 486
108350543	ID:36	RPL: Sending a multicast-DIO with rank 454
109481342	ID:33	RPL: Sending a multicast-DIO with rank 510
111709581	ID:32	RPL: Sending a multicast-DIO with rank 473
111718509	ID:35	RPL: Sending a multicast-DIO with rank 486
113350543	ID:36	RPL: Sending a multicast-DIO with rank 454
114481342	ID:33	RPL: Sending a multicast-DIO with rank 510
116709581	ID:32	RPL: Sending a multicast-DIO with rank 473
116718509	ID:35	RPL: Sending a multicast-DIO with rank 486
118350543	ID:36	RPL: Sending a multicast-DIO with rank 454
119481342	ID:33	RPL: Sending a multicast-DIO with rank 510
121709581	ID:32	RPL: Sending a multicast-DIO with rank 473
121718509	ID:35	RPL: Sending a multicast-DIO with rank 486
123350543	ID:36	RPL: Sending a multicast-DIO with rank 454
124481342	ID:33	RPL: Sending a multicast-DIO with rank 510
126709581	ID:32	RPL: Sending a multicast-DIO with rank 473
126718509	ID:35	RPL: Sending a multicast-DIO with rank 486
128350543	ID:36	RPL: Sending a multicast-DIO with rank 454
129481342	ID:33	RPL: Sending a multicast-DIO with rank 510
131709581	ID:32	RPL: Sending a multicast-DIO with rank 473
131718509	ID:35	RPL: Sending a multicast-DIO with rank 486
133350543	ID:36	RPL: Sending a multicast-DIO with rank 454
134481342	ID:33	RPL: Sending a multicast-DIO with rank 510
136709581	ID:32	RPL: Sending a multicast-DIO with rank 473
136718509	ID:35	RPL: Sending a multicast-DIO with rank 486
138350543	ID:36	RPL: Sending a multicast-DIO with rank 454
139481342	ID:33	RPL: Sending a multicast-DIO with rank 510
141709581	ID:32	RPL: Sending a multicast-DIO with rank 473
141718509	ID:35	RPL: Sending a multicast-DIO with rank 486
143350543	ID:36	RPL: Sending a multicast-DIO with rank 454
143589837	ID:34	RPL: Sending a DIS to fe80::c30c:0:0:6
144481342	ID:33	RPL: Sending a multicast-DIO with rank 510
146709581	ID:32	RPL: Sending a multicast-DIO with rank 473
146718509	ID:35	RPL: Sending a multicast-DIO with rank 486
148350543	ID:36	RPL: Sending a multicast-DIO with rank 454
149481342	ID:33	RPL: Sending a multicast-DIO with rank 510
151709581	ID:32	RPL: Sending a multicast-DIO with rank 473
151718509	ID:35	RPL: Sending a multicast-DIO with rank 486
153350543	ID:36	RPL: Sending a multicast-DIO with rank 454
154481342	ID:33	RPL: Sending a multicast-DIO with rank 510
156709581	ID:32	RPL: Sending a multicast-DIO with rank 473
156718509	ID:35	RPL: Sending a multicast-DIO with rank 486
158350543	ID:36	RPL: Sending a multicast-DIO with rank 454
159481342	ID:33	RPL: Sending a multicast-DIO with rank 510
161709581	ID:32	RPL: Sending a multicast-DIO with rank 473
161718509	ID:35	RPL: Sending a multicast-DIO with rank 486
163350543	ID:36	RPL: Sending a multicast-DIO with rank 454
164481342	ID:33	RPL: Sending a multicast-DIO with rank 510
166709581	ID:32	RPL: Sending a multicast-DIO with rank 473
166718509	ID:35	RPL: Sending a multicast-DIO with rank 486
168350543	ID:36	RPL: Sending a multicast-DIO with rank 454
169481342	ID:33	RPL: Sending a multicast-DIO with rank 510
171709581	ID:32	RPL: Sending a multicast-DIO with rank 473
171718509	ID:35	RPL: Sending a multicast-DIO with rank 486
173350543	ID:36	RPL: Sending a multicast-DIO with rank 454
174481342	ID:33	RPL: Sending a multicast-DIO with rank 510
176709581	ID:32	RPL: Sending a multicast-DIO with rank 473
176718509	ID:35	RPL: Sending a multicast-DIO with rank 486
178350543	ID:36	RPL: Sending a multicast-DIO with rank 454
179481342	ID:33	RPL: Sending a multicast-DIO with rank 510
181709581	ID:32	RPL: Sending a multicast-DIO with rank 473
181718509	ID:35	RPL: Sending a multicast-DIO with rank 486
183350543	ID:36	RPL: Sending a multicast-DIO with rank 454
184481342	ID:33	RPL: Sending a multicast-DIO with rank 510
186709581	ID:32	RPL: Sending a multicast-DIO with rank 473
186718509	ID:35	RPL: Sending a multicast-DIO with rank 486
188350543	ID:36	RPL: Sending a multicast-DIO with rank 454
189481342	ID:33	RPL: Sending a multicast-DIO with rank 510
191709581	ID:32	RPL: Sending a multicast-DIO with rank 473
191718509	ID:35	RPL: Sending a multicast-DIO with rank 486
193350543	ID:36	RPL: Sending a multicast-DIO with rank 454
194481342	ID:33	RPL: Sending a multicast-DIO with rank 510
196709581	ID:32	RPL: Sending a multicast-DIO with rank 473
196718509	ID:35	RPL: Sending a multicast-DIO with rank 486
198350543	ID:36	RPL: Sending a multicast-DIO with rank 454
199481342	ID:33	RPL: Sending a multicast-DIO with rank 510
201709581	ID:32	RPL: Sending a multicast-DIO with rank 473
201718509	ID:35	RPL: Sending a multicast-DIO with rank 486
203350543	ID:36	RPL: Sending a multicast-DIO with rank 454
203589837	ID:34	RPL: Sending a DIS to fe80::c30c:0:0:6
204481342	ID:33	RPL: Sending a multicast-DIO with rank 510
206709581	ID:32	RPL: Sending a multicast-DIO with rank 473
206718509	ID:35	RPL: Sending a multicast-DIO with rank 486
208350543	ID:36	RPL: Sending a multicast-DIO with rank 454
209481342	ID:33	RPL: Sending a multicast-DIO with rank 510
211709581	ID:32	RPL: Sending a multicast-DIO with rank 473
211718509	ID:35	RPL: Sending a multicast-DIO with rank 486
213350543	ID:36	RPL: Sending a multicast-DIO with rank 454
214481342	ID:33	RPL: Sending a multicast-DIO with rank 510
216709581	ID:32	RPL: Sending a multicast-DIO with rank 473
216718509	ID:35	RPL: Sending a multicast-DIO with rank 486
218350543	ID:36	RPL: Sending a multicast-DIO with rank 454
219481342	ID:33	RPL: Sending a multicast-DIO with rank 510
221709581	ID:32	RPL: Sending a multicast-DIO with rank 473
221718509	ID:35	RPL: Sending a multicast-DIO with rank 486
223350543	ID:36	RPL: Sending a multicast-DIO with rank 454
224481342	ID:33	RPL: Sending a multicast-DIO with rank 510
226709581	ID:32	RPL: Sending a multicast-DIO with rank 473
226718509	ID:35	RPL: Sending a multicast-DIO with rank 486
228350543	ID:36	RPL: Sending a multicast-DIO with rank 454
229481342	ID:33	RPL: Sending a multicast-DIO with rank 510
231709581	ID:32	RPL: Sending a multicast-DIO with rank 473
231718509	ID:35	RPL: Sending a multicast-DIO with rank 486
233350543	ID:36	RPL: Sending a multicast-DIO with rank 454
234481342	ID:33	RPL: Sending a multicast-DIO with rank 510
236709581	ID:32	RPL: Sending a multicast-DIO with rank 473
236718509	ID:35	RPL: Sending a multicast-DIO with rank 486
238350543	ID:36	RPL: Sending a multicast-DIO with rank 454
239481342	ID:33	RPL: Sending a multicast-DIO with rank 510
241709581	ID:32	RPL: Sending a multicast-DIO with rank 473
241718509	ID:35	RPL: Sending a multicast-DIO with rank 486
243350543	ID:36	RPL: Sending a multicast-DIO with rank 454
244481342	ID:33	RPL: Sending a multicast-DIO with rank 510
246709581	ID:32	RPL: Sending a multicast-DIO with rank 473
246718509	ID:35	RPL: Sending a multicast-DIO with rank 486
248350543	ID:36	RPL: Sending a multicast-DIO with rank 454
249481342	ID:33	RPL: Sending a multicast-DIO with rank 510
251709581	ID:32	RPL: Sending a multicast-DIO with rank 473
251718509	ID:35	RPL: Sending a multicast-DIO with rank 486
253350543	ID:36	RPL: Sending a multicast-DIO with rank 454
254481342	ID:33	RPL: Sending a multicast-DIO with rank 510
256709581	ID:32	RPL: Sending a multicast-DIO with rank 473
256718509	ID:35	RPL: Sending a multicast-DIO with rank 486
258350543	ID:36	RPL: Sending a multicast-DIO with rank 454
259481342	ID:33	RPL: Sending a multicast-DIO with rank 510
261709581	ID:32	RPL: Sending a multicast-DIO with rank 473
261718509	ID:35	RPL: Sending a multicast-DIO with rank 486
263350543	ID:36	RPL: Sending a multicast-DIO with rank 454
263589837	ID:34	RPL: Sending a DIS to fe80::c30c:0:0:6
264481342	ID:33	RPL: Sending a multicast-DIO with rank 510
266709581	ID:32	RPL: Sending a multicast-DIO with rank 473
266718509	ID:35	RPL: Sending a multicast-DIO with rank 486
268350543	ID:36	RPL: Sending a multicast-DIO with rank 454
269481342	ID:33	RPL: Sending a multicast-DIO with rank 510
271709581	ID:32	RPL: Sending a multicast-DIO with rank 473
271718509	ID:35	RPL: Sending a multicast-DIO with rank 486
273350543	ID:36	RPL: Sending a multicast-DIO with rank 454
274481342	ID:33	RPL: Sending a multicast-DIO with rank 510
276709581	ID:32	RPL: Sending a multicast-DIO with rank 473
276718509	ID:35	RPL: Sending a multicast-DIO with rank 486
278350543	ID:36	RPL: Sending a multicast-DIO with rank 454
279481342	ID:33	RPL: Sending a multicast-DIO with rank 510
281709581	ID:32	RPL: Sending a multicast-DIO with rank 473
281718509	ID:35	RPL: Sending a multicast-DIO with rank 486
283350543	ID:36	RPL: Sending a multicast-DIO with rank 454
284481342	ID:33	RPL: Sending a multicast-DIO with rank 510
286709581	ID:32	RPL: Sending a multicast-DIO with rank 473
286718509	ID:35	RPL: Sending a multicast-DIO with rank 486
288350543	ID:36	RPL: Sending a multicast-DIO with rank 454
289481342	ID:33	RPL: Sending a multicast-DIO with rank 510
291709581	ID:32	RPL: Sending a multicast-DIO with rank 473
291718509	ID:35	RPL: Sending a multicast-DIO with rank 486
293350543	ID:36	RPL: Sending a multicast-DIO with rank 454
294481342	ID:33	RPL: Sending a multicast-DIO with rank 510
296709581	ID:32	RPL: Sending a multicast-DIO with rank 473
296718509	ID:35	RPL: Sending a multicast-DIO with rank 486
298350543	ID:36	RPL: Sending a multicast-DIO with rank 454
299481342	ID:33	RPL: Sending a multicast-DIO with rank 510
301709581	ID:32	RPL: Sending a multicast-DIO with rank 473
301718509	ID:35	RPL: Sending a multicast-DIO with rank 486
303350543	ID:36	RPL: Sending a multicast-DIO with rank 454
304481342	ID:33	RPL: Sending a multicast-DIO with rank 510
306709581	ID:32	RPL: Sending a multicast-DIO with rank 473
306718509	ID:35	RPL: Sending a multicast-DIO with rank 486
308350543	ID:36	RPL: Sending a multicast-DIO with rank 454
309481342	ID:33	RPL: Sending a multicast-DIO with rank 510
311709581	ID:32	RPL: Sending a multicast-DIO with rank 473
311718509	ID:35	RPL: Sending a multicast-DIO with rank 486
313350543	ID:36	RPL: Sending a multicast-DIO with rank 454
314481342	ID:33	RPL: Sending a multicast-DIO with rank 510
316709581	ID:32	RPL: Sending a multicast-DIO with rank 473
316718509	ID:35	RPL: Sending a multicast-DIO with rank 486
318350543	ID:36	RPL: Sending a multicast-DIO with rank 454
319481342	ID:33	RPL: Sending a multicast-DIO with rank 510
321709581	ID:32	RPL: Sending a multicast-DIO with rank 473
321718509	ID:35	RPL: Sending a multicast-DIO with rank 486
323350543	ID:36	RPL: Sending a multicast-DIO with rank 454
323589837	ID:34	RPL: Sending a DIS to fe80::c30c:0:0:6
324481342	ID:33	RPL: Sending a multicast-DIO with rank 510
326709581	ID:32	RPL: Sending a multicast-DIO with rank 473
326718509	ID:35	RPL: Sending a multicast-DIO with rank 486
328350543	ID:36	RPL: Sending a multicast-DIO with rank 454
329481342	ID:33	RPL: Sending a multicast-DIO with rank 510
331709581	ID:32	RPL: Sending a multicast-DIO with rank 473
331718509	ID:35	RPL: Sending a multicast-DIO with rank 486
333350543	ID:36	RPL: Sending a multicast-DIO with rank 454
334481342	ID:33	RPL: Sending a multicast-DIO with rank 510
336709581	ID:32	RPL: Sending a multicast-DIO with rank 473
336718509	ID:35	RPL: Sending a multicast-DIO with rank 486
338350543	ID:36	RPL: Sending a multicast-DIO with rank 454
339481342	ID:33	RPL: Sending a multicast-DIO with rank 510
341709581	ID:32	RPL: Sending a multicast-DIO with rank 473
341718509	ID:35	RPL: Sending a multicast-DIO with rank 486
343350543	ID:36	RPL: Sending a multicast-DIO with rank 454
344481342	ID:33	RPL: Sending a multicast-DIO with rank 510
346709581	ID:32	RPL: Sending a multicast-DIO with rank 473
346718509	ID:35	RPL: Sending a multicast-DIO with rank 486
348350543	ID:36	RPL: Sending a multicast-DIO with rank 454
349481349	ID:33	RPL: Sending a multicast-DIO with rank 510
351709588	ID:32	RPL: Sending a multicast-DIO with rank 473
351718509	ID:35	RPL: Sending a multicast-DIO with rank 486
353350543	ID:36	RPL: Sending a multicast-DIO with rank 454
354481342	ID:33	RPL: Sending a multicast-DIO with rank 510
356709581	ID:32	RPL: Sending a multicast-DIO with rank 473
356718509	ID:35	RPL: Sending a multicast-DIO with rank 486
358350543	ID:36	RPL: Sending a multicast-DIO with rank 454
359481342	ID:33	RPL: Sending a multicast-DIO with rank 510
361709581	ID:32	RPL: Sending a multicast-DIO with rank 473
361718509	ID:35	RPL: Sending a multicast-DIO with rank 486
363350543	ID:36	RPL: Sending a multicast-DIO with rank 454
364481342	ID:33	RPL: Sending a multicast-DIO with rank 510
366709581	ID:32	RPL: Sending a multicast-DIO with rank 473
366718509	ID:35	RPL: Sending a multicast-DIO with rank 486
368350543	ID:36	RPL: Sending a multicast-DIO with rank 454
369481342	ID:33	RPL: Sending a multicast-DIO with rank 510
371709581	ID:32	RPL: Sending a multicast-DIO with rank 473
371718509	ID:35	RPL: Sending a multicast-DIO with rank 486
373350543	ID:36	RPL: Sending a multicast-DIO with rank 454
374481342	ID:33	RPL: Sending a multicast-DIO with rank 510
376709581	ID:32	RPL: Sending a multicast-DIO with rank 473
376718509	ID:35	RPL: Sending a multicast-DIO with rank 486
378350543	ID:36	RPL: Sending a multicast-DIO with rank 454
379481342	ID:33	RPL: Sending a multicast-DIO with rank 510
381709581	ID:32	RPL: Sending a multicast-DIO with rank 473
381718509	ID:35	RPL: Sending a multicast-DIO with rank 486
383350543	ID:36	RPL: Sending a multicast-DIO with rank 454
383589837	ID:34	RPL: Sending a DIS to fe80::c30c:0:0:6
384481342	ID:33	RPL: Sending a multicast-DIO with rank 510
386709581	ID:32	RPL: Sending a multicast-DIO with rank 473
386718509	ID:35	RPL: Sending a multicast-DIO with rank 486
388350543	ID:36	RPL: Sending a multicast-DIO with rank 454
389481342	ID:33	RPL: Sending a multicast-DIO with rank 510
391709581	ID:32	RPL: Sending a multicast-DIO with rank 473
391718509	ID:35	RPL: Sending a multicast-DIO with rank 486
393350543	ID:36	RPL: Sending a multicast-DIO with rank 454
394481342	ID:33	RPL: Sending a multicast-DIO with rank 510
396709581	ID:32	RPL: Sending a multicast-DIO with rank 473
396718509	ID:35	RPL: Sending a multicast-DIO with rank 486
398350543	ID:36	RPL: Sending a multicast-DIO with rank 454
399481342	ID:33	RPL: Sending a multicast-DIO with rank 510
401709581	ID:32	RPL: Sending a multicast-DIO with rank 473
401718509	ID:35	RPL: Sending a multicast-DIO with rank 486
403350543	ID:36	RPL: Sending a multicast-DIO with rank 454
404481342	ID:33	RPL: Sending a multicast-DIO with rank 510
406709581	ID:32	RPL: Sending a multicast-DIO with rank 473
406718509	ID:35	RPL: Sending a multicast-DIO with rank 486
408350543	ID:36	RPL: Sending a multicast-DIO with rank 454
409481342	ID:33	RPL: Sending a multicast-DIO with rank 510
411709581	ID:32	RPL: Sending a multicast-DIO with rank 473
411718509	ID:35	RPL: Sending a multicast-DIO with rank 486
413350543	ID:36	RPL: Sending a multicast-DIO with rank 454
414481342	ID:33	RPL: Sending a multicast-DIO with rank 510
416709581	ID:32	RPL: Sending a multicast-DIO with rank 473
416718509	ID:35	RPL: Sending a multicast-DIO with rank 486
418350550	ID:36	RPL: Sending a multicast-DIO with rank 454
419481342	ID:33	RPL: Sending a multicast-DIO with rank 510
421709581	ID:32	RPL: Sending a multicast-DIO with rank 473
421718509	ID:35	RPL: Sending a multicast-DIO with rank 486
423350543	ID:36	RPL: Sending a multicast-DIO with rank 454
424481342	ID:33	RPL: Sending a multicast-DIO with rank 510
426709581	ID:32	RPL: Sending a multicast-DIO with rank 473
426718516	ID:35	RPL: Sending a multicast-DIO with rank 486
428350543	ID:36	RPL: Sending a multicast-DIO with rank 454
429481342	ID:33	RPL: Sending a multicast-DIO with rank 510
431709581	ID:32	RPL: Sending a multicast-DIO with rank 473
431718509	ID:35	RPL: Sending a multicast-DIO with rank 486
433350543	ID:36	RPL: Sending a multicast-DIO with rank 454
434481342	ID:33	RPL: Sending a multicast-DIO with rank 510
436709581	ID:32	RPL: Sending a multicast-DIO with rank 473
436718509	ID:35	RPL: Sending a multicast-DIO with rank 486
438350543	ID:36	RPL: Sending a multicast-DIO with rank 454
439481342	ID:33	RPL: Sending a multicast-DIO with rank 510
441709581	ID:32	RPL: Sending a multicast-DIO with rank 473
441718509	ID:35	RPL: Sending a multicast-DIO with rank 486
443350543	ID:36	RPL: Sending a multicast-DIO with rank 454
443589837	ID:34	RPL: Sending a DIS to fe80::c30c:0:0:6
444481342	ID:33	RPL: Sending a multicast-DIO with rank 510
446709581	ID:32	RPL: Sending a multicast-DIO with rank 473
446718509	ID:35	RPL: Sending a multicast-DIO with rank 486
448350543	ID:36	RPL: Sending a multicast-DIO with rank 454
449481342	ID:33	RPL: Sending a multicast-DIO with rank 510
451709581	ID:32	RPL: Sending a multicast-DIO with rank 473
451718509	ID:35	RPL: Sending a multicast-DIO with rank 486
453350543	ID:36	RPL: Sending a multicast-DIO with rank 454
454481342	ID:33	RPL: Sending a multicast-DIO with rank 510
456709581	ID:32	RPL: Sending a multicast-DIO with rank 473
456718509	ID:35	RPL: Sending a multicast-DIO with rank 486
458350543	ID:36	RPL: Sending a multicast-DIO with rank 454
459481342	ID:33	RPL: Sending a multicast-DIO with rank 510
461709581	ID:32	RPL: Sending a multicast-DIO with rank 473
461718509	ID:35	RPL: Sending a multicast-DIO with rank 486
463350543	ID:36	RPL: Sending a multicast-DIO with rank 454
464481342	ID:33	RPL: Sending a multicast-DIO with rank 510
466709581	ID:32	RPL: Sending a multicast-DIO with rank 473
466718509	ID:35	RPL: Sending a multicast-DIO with rank 486
468350543	ID:36	RPL: Sending a multicast-DIO with rank 454
469481342	ID:33	RPL: Sending a multicast-DIO with rank 510
471709581	ID:32	RPL: Sending a multicast-DIO with rank 473
471718509	ID:35	RPL: Sending a multicast-DIO with rank 486
473350543	ID:36	RPL: Sending a multicast-DIO with rank 454
474481342	ID:33	RPL: Sending a multicast-DIO with rank 510
476709581	ID:32	RPL: Sending a multicast-DIO with rank 473
476718509	ID:35	RPL: Sending a multicast-DIO with rank 486
478350543	ID:36	RPL: Sending a multicast-DIO with rank 454
479481342	ID:33	RPL: Sending a multicast-DIO with rank 510
481709581	ID:32	RPL: Sending a multicast-DIO with rank 473
481718509	ID:35	RPL: Sending a multicast-DIO with rank 486
483350543	ID:36	RPL: Sending a multicast-DIO with rank 454
484481342	ID:33	RPL: Sending a multicast-DIO with rank 510
486709581	ID:32	RPL: Sending a multicast-DIO with rank 473
486718509	ID:35	RPL: Sending a multicast-DIO with rank 486
488350543	ID:36	RPL: Sending a multicast-DIO with rank 454
489481342	ID:33	RPL: Sending a multicast-DIO with rank 510
491709581	ID:32	RPL: Sending a multicast-DIO with rank 473
491718509	ID:35	RPL: Sending a multicast-DIO with rank 486
493350543	ID:36	RPL: Sending a multicast-DIO with rank 454
494481342	ID:33	RPL: Sending a multicast-DIO with rank 510
496709581	ID:32	RPL: Sending a multicast-DIO with rank 473
496718509	ID:35	RPL: Sending a multicast-DIO with rank 486
498350543	ID:36	RPL: Sending a multicast-DIO with rank 454
499481342	ID:33	RPL: Sending a multicast-DIO with rank 510
501709581	ID:32	RPL: Sending a multicast-DIO with rank 473
501718509	ID:35	RPL: Sending a multicast-DIO with rank 486
503350543	ID:36	RPL: Sending a multicast-DIO with rank 454
503589837	ID:34	RPL: Sending a DIS to fe80::c30c:0:0:6
504481342	ID:33	RPL: Sending a multicast-DIO with rank 510
506709581	ID:32	RPL: Sending a multicast-DIO with rank 473
506718509	ID:35	RPL: Sending a multicast-DIO with rank 486
508350543	ID:36	RPL: Sending a multicast-DIO with rank 454
509481342	ID:33	RPL: Sending a multicast-DIO with rank 510
511709581	ID:32	RPL: Sending a multicast-DIO with rank 473
511718509	ID:35	RPL: Sending a multicast-DIO with rank 486
513350543	ID:36	RPL: Sending a multicast-DIO with rank 454
514481342	ID:33	RPL: Sending a multicast-DIO with rank 510
516709581	ID:32	RPL: Sending a multicast-DIO with rank 473
516718509	ID:35	RPL: Sending a multicast-DIO with rank 486
518350543	ID:36	RPL: Sending a multicast-DIO with rank 454
519481342	ID:33	RPL: Sending a multicast-DIO with rank 510
521709581	ID:32	RPL: Sending a multicast-DIO with rank 473
521718509	ID:35	RPL: Sending a multicast-DIO with rank 486
523350543	ID:36	RPL: Sending a multicast-DIO with rank 454
524481342	ID:33	RPL: Sending a multicast-DIO with rank 510
526709581	ID:32	RPL: Sending a multicast-DIO with rank 473
526718509	ID:35	RPL: Sending a multicast-DIO with rank 486
528350543	ID:36	RPL: Sending a multicast-DIO with rank 454
529481342	ID:33	RPL: Sending a multicast-DIO with rank 510
531709581	ID:32	RPL: Sending a multicast-DIO with rank 473
531718509	ID:35	RPL: Sending a multicast-DIO with rank 486
533350543	ID:36	RPL: Sending a multicast-DIO with rank 454
534481342	ID:33	RPL: Sending a multicast-DIO with rank 510
536709581	ID:32	RPL: Sending a multicast-DIO with rank 473
536718509	ID:35	RPL: Sending a multicast-DIO with rank 486
538350543	ID:36	RPL: Sending a multicast-DIO with rank 454
539481342	ID:33	RPL: Sending a multicast-DIO with rank 510
541709581	ID:32	RPL: Sending a multicast-DIO with rank 473
541718509	ID:35	RPL: Sending a multicast-DIO with rank 486
543350543	ID:36	RPL: Sending a multicast-DIO with rank 454
544481342	ID:33	RPL: Sending a multicast-DIO with rank 510
546709581	ID:32	RPL: Sending a multicast-DIO with rank 473
546718509	ID:35	RPL: Sending a multicast-DIO with rank 486
548350543	ID:36	RPL: Sending a multicast-DIO with rank 454
549481342	ID:33	RPL: Sending a multicast-DIO with rank 510
551709581	ID:32	RPL: Sending a multicast-DIO with rank 473
551718509	ID:35	RPL: Sending a multicast-DIO with rank 486
553350543	ID:36	RPL: Sending a multicast-DIO with rank 454
554481342	ID:33	RPL: Sending a multicast-DIO with rank 510
556709581	ID:32	RPL: Sending a multicast-DIO with rank 473
556718509	ID:35	RPL: Sending a multicast-DIO with rank 486
558350543	ID:36	RPL: Sending a multicast-DIO with rank 454
559481342	ID:33	RPL: Sending a multicast-DIO with rank 510
561709581	ID:32	RPL: Sending a multicast-DIO with rank 473
561718509	ID:35	RPL: Sending a multicast-DIO with rank 486
563350543	ID:36	RPL: Sending a multicast-DIO with rank 454
563589837	ID:34	RPL: Sending a DIS to fe80::c30c:0:0:6
564481342	ID:33	RPL: Sending a multicast-DIO with rank 510
566709581	ID:32	RPL: Sending a multicast-DIO with rank 473
566718509	ID:35	RPL: Sending a multicast-DIO with rank 486
568350543	ID:36	RPL: Sending a multicast-DIO with rank 454
569481342	ID:33	RPL: Sending a multicast-DIO with rank 510
571709581	ID:32	RPL: Sending a multicast-DIO with rank 473
571718509	ID:35	RPL: Sending a multicast-DIO with rank 486
573350543	ID:36	RPL: Sending a multicast-DIO with rank 454
574481342	ID:33	RPL: Sending a multicast-DIO with rank 510
576709581	ID:32	RPL: Sending a multicast-DIO with rank 473
576718509	ID:35	RPL: Sending a multicast-DIO with rank 486
578350543	ID:36	RPL: Sending a multicast-DIO with rank 454
579481342	ID:33	RPL: Sending a multicast-DIO with rank 510
581709581	ID:32	RPL: Sending a multicast-DIO with rank 473
581718509	ID:35	RPL: Sending a multicast-DIO with rank 486
583350543	ID:36	RPL: Sending a multicast-DIO with rank 454
584481342	ID:33	RPL: Sending a multicast-DIO with rank 510
586709581	ID:32	RPL: Sending a multicast-DIO with rank 473
586718509	ID:35	RPL: Sending a multicast-DIO with rank 486
588350543	ID:36	RPL: Sending a multicast-DIO with rank 454
589481342	ID:33	RPL: Sending a multicast-DIO with rank 510
591709581	ID:32	RPL: Sending a multicast-DIO with rank 473
591718509	ID:35	RPL: Sending a multicast-DIO with rank 486
593350543	ID:36	RPL: Sending a multicast-DIO with rank 454
594481342	ID:33	RPL: Sending a multicast-DIO with rank 510
596709581	ID:32	RPL: Sending a multicast-DIO with rank 473
596718509	ID:35	RPL: Sending a multicast-DIO with rank 486
598350543	ID:36	RPL: Sending a multicast-DIO with rank 454
599481342	ID:33	RPL: Sending a multicast-DIO with rank 510
601709581	ID:32	RPL: Sending a multicast-DIO with rank 473
601718509	ID:35	RPL: Sending a multicast-DIO with rank 486
603350543	ID:36	RPL: Sending a multicast-DIO with rank 454
604481342	ID:33	RPL: Sending a multicast-DIO with rank 510
606709581	ID:32	RPL: Sending a multicast-DIO with rank 473
606718509	ID:35	RPL: Sending a multicast-DIO with rank 486
608350543	ID:36	RPL: Sending a multicast-DIO with rank 454
609481342	ID:33	RPL: Sending a multicast-DIO with rank 510
611709581	ID:32	RPL: Sending a multicast-DIO with rank 473
611718509	ID:35	RPL: Sending a multicast-DIO with rank 486
613350543	ID:36	RPL: Sending a multicast-DIO with rank 454
614481342	ID:33	RPL: Sending a multicast-DIO with rank 510
616709581	ID:32	RPL: Sending a multicast-DIO with rank 473
616718509	ID:35	RPL: Sending a multicast-DIO with rank 486
618350543	ID:36	RPL: Sending a multicast-DIO with rank 454
619481342	ID:33	RPL: Sending a multicast-DIO with rank 510
621709581	ID:32	RPL: Sending a multicast-DIO with rank 473
621718509	ID:35	RPL: Sending a multicast-DIO with rank 486
623350543	ID:36	RPL: Sending a multicast-DIO with rank 454
623589837	ID:34	RPL: Sending a DIS to fe80::c30c:0:0:6
624481342	ID:33	RPL: Sending a multicast-DIO with rank 510
626709581	ID:32	RPL: Sending a multicast-DIO with rank 473
626718509	ID:35	RPL: Sending a multicast-DIO with rank 486
628350543	ID:36	RPL: Sending a multicast-DIO with rank 454
629481342	ID:33	RPL: Sending a multicast-DIO with rank 510
631709581	ID:32	RPL: Sending a multicast-DIO with rank 473
631718509	ID:35	RPL: Sending a multicast-DIO with rank 486
633350543	ID:36	RPL: Sending a multicast-DIO with rank 454
634481342	ID:33	RPL: Sending a multicast-DIO with rank 510
636709581	ID:32	RPL: Sending a multicast-DIO with rank 473
636718509	ID:35	RPL: Sending a multicast-DIO with rank 486
638350543	ID:36	RPL: Sending a multicast-DIO with rank 454
639481342	ID:33	RPL: Sending a multicast-DIO with rank 510
641709581	ID:32	RPL: Sending a multicast-DIO with rank 473
641718509	ID:35	RPL: Sending a multicast-DIO with rank 486
643350543	ID:36	RPL: Sending a multicast-DIO with rank 454
644481342	ID:33	RPL: Sending a multicast-DIO with rank 510
646709581	ID:32	RPL: Sending a multicast-DIO with rank 473
646718509	ID:35	RPL: Sending a multicast-DIO with rank 486
648350543	ID:36	RPL: Sending a multicast-DIO with rank 454
649481342	ID:33	RPL: Sending a multicast-DIO with rank 510
651709581	ID:32	RPL: Sending a multicast-DIO with rank 473
651718509	ID:35	RPL: Sending a multicast-DIO with rank 486
653350543	ID:36	RPL: Sending a multicast-DIO with rank 454
654481342	ID:33	RPL: Sending a multicast-DIO with rank 510
656709581	ID:32	RPL: Sending a multicast-DIO with rank 473
656718509	ID:35	RPL: Sending a multicast-DIO with rank 486
658350543	ID:36	RPL: Sending a multicast-DIO with rank 454
659481342	ID:33	RPL: Sending a multicast-DIO with rank 510
661709581	ID:32	RPL: Sending a multicast-DIO with rank 473
661718509	ID:35	RPL: Sending a multicast-DIO with rank 486
663350543	ID:36	RPL: Sending a multicast-DIO with rank 454
664481342	ID:33	RPL: Sending a multicast-DIO with rank 510
666709581	ID:32	RPL: Sending a multicast-DIO with rank 473
666718509	ID:35	RPL: Sending a multicast-DIO with rank 486
668350543	ID:36	RPL: Sending a multicast-DIO with rank 454
669481342	ID:33	RPL: Sending a multicast-DIO with rank 510
671709581	ID:32	RPL: Sending a multicast-DIO with rank 473
671718509	ID:35	RPL: Sending a multicast-DIO with rank 486
673350543	ID:36	RPL: Sending a multicast-DIO with rank 454
674481342	ID:33	RPL: Sending a multicast-DIO with rank 510
676709581	ID:32	RPL: Sending a multicast-DIO with rank 473
676718509	ID:35	RPL: Sending a multicast-DIO with rank 486
678350543	ID:36	RPL: Sending a multicast-DIO with rank 454
679481342	ID:33	RPL: Sending a multicast-DIO with rank 510
681709588	ID:32	RPL: Sending a multicast-DIO with rank 473
681718509	ID:35	RPL: Sending a multicast-DIO with rank 486
683350543	ID:36	RPL: Sending a multicast-DIO with rank 454
683589837	ID:34	RPL: Sending a DIS to fe80::c30c:0:0:6
684481342	ID:33	RPL: Sending a multicast-DIO with rank 510
686709581	ID:32	RPL: Sending a multicast-DIO with rank 473
686718509	ID:35	RPL: Sending a multicast-DIO with rank 486
688350543	ID:36	RPL: Sending a multicast-DIO with rank 454
689481342	ID:33	RPL: Sending a multicast-DIO with rank 510
691709582	ID:32	RPL: Sending a multicast-DIO with rank 473
691718509	ID:35	RPL: Sending a multicast-DIO with rank 486
693350544	ID:36	RPL: Sending a multicast-DIO with rank 454
694481342	ID:33	RPL: Sending a multicast-DIO with rank 510
696709582	ID:32	RPL: Sending a multicast-DIO with rank 473
696718510	ID:35	RPL: Sending a multicast-DIO with rank 486
698350544	ID:36	RPL: Sending a multicast-DIO with rank 454
699481349	ID:33	RPL: Sending a multicast-DIO with rank 510
701709582	ID:32	RPL: Sending a multicast-DIO with rank 473
701718510	ID:35	RPL: Sending a multicast-DIO with rank 486
703350544	ID:36	RPL: Sending a multicast-DIO with rank 454
704481342	ID:33	RPL: Sending a multicast-DIO with rank 510
706709582	ID:32	RPL: Sending a multicast-DIO with rank 473
706718510	ID:35	RPL: Sending a multicast-DIO with rank 486
708350544	ID:36	RPL: Sending a multicast-DIO with rank 454
709481342	ID:33	RPL: Sending a multicast-DIO with rank 510
711709582	ID:32	RPL: Sending a multicast-DIO with rank 473
711718510	ID:35	RPL: Sending a multicast-DIO with rank 486
713350544	ID:36	RPL: Sending a multicast-DIO with rank 454
714481342	ID:33	RPL: Sending a multicast-DIO with rank 510
716709582	ID:32	RPL: Sending a multicast-DIO with rank 473
716718510	ID:35	RPL: Sending a multicast-DIO with rank 486
718350544	ID:36	RPL: Sending a multicast-DIO with rank 454
719481342	ID:33	RPL: Sending a multicast-DIO with rank 510
721709582	ID:32	RPL: Sending a multicast-DIO with rank 473
721718510	ID:35	RPL: Sending a multicast-DIO with rank 486
723350544	ID:36	RPL: Sending a multicast-DIO with rank 454
724481342	ID:33	RPL: Sending a multicast-DIO with rank 510
726709582	ID:32	RPL: Sending a multicast-DIO with rank 473
726718509	ID:35	RPL: Sending a multicast-DIO with rank 486
728350544	ID:36	RPL: Sending a multicast-DIO with rank 454
729481342	ID:33	RPL: Sending a multicast-DIO with rank 510
731709582	ID:32	RPL: Sending a multicast-DIO with rank 473
731718509	ID:35	RPL: Sending a multicast-DIO with rank 486
733350544	ID:36	RPL: Sending a multicast-DIO with rank 454
734481342	ID:33	RPL: Sending a multicast-DIO with rank 510
736709582	ID:32	RPL: Sending a multicast-DIO with rank 473
736718510	ID:35	RPL: Sending a multicast-DIO with rank 486
738350544	ID:36	RPL: Sending a multicast-DIO with rank 454
739481342	ID:33	RPL: Sending a multicast-DIO with rank 510
741709582	ID:32	RPL: Sending a multicast-DIO with rank 473
741718509	ID:35	RPL: Sending a multicast-DIO with rank 486
743350544	ID:36	RPL: Sending a multicast-DIO with rank 454
743589837	ID:34	RPL: Sending a DIS to fe80::c30c:0:0:6
744481342	ID:33	RPL: Sending a multicast-DIO with rank 510
746709582	ID:32	RPL: Sending a multicast-DIO with rank 473
746718510	ID:35	RPL: Sending a multicast-DIO with rank 486
748350544	ID:36	RPL: Sending a multicast-DIO with rank 454
749481342	ID:33	RPL: Sending a multicast-DIO with rank 510
751709582	ID:32	RPL: Sending a multicast-DIO with rank 473
751718510	ID:35	RPL: Sending a multicast-DIO with rank 486
753350544	ID:36	RPL: Sending a multicast-DIO with rank 454
754481342	ID:33	RPL: Sending a multicast-DIO with rank 510
756709582	ID:32	RPL: Sending a multicast-DIO with rank 473
756718510	ID:35	RPL: Sending a multicast-DIO with rank 486
758350544	ID:36	RPL: Sending a multicast-DIO with rank 454
759481342	ID:33	RPL: Sending a multicast-DIO with rank 510
761709582	ID:32	RPL: Sending a multicast-DIO with rank 473
761718510	ID:35	RPL: Sending a multicast-DIO with rank 486
763350544	ID:36	RPL: Sending a multicast-DIO with rank 454
764481342	ID:33	RPL: Sending a multicast-DIO with rank 510
766709582	ID:32	RPL: Sending a multicast-DIO with rank 473
766718510	ID:35	RPL: Sending a multicast-DIO with rank 486
768350544	ID:36	RPL: Sending a multicast-DIO with rank 454
769481342	ID:33	RPL: Sending a multicast-DIO with rank 510
771709582	ID:32	RPL: Sending a multicast-DIO with rank 473
771718510	ID:35	RPL: Sending a multicast-DIO with rank 486
773350544	ID:36	RPL: Sending a multicast-DIO with rank 454
774481342	ID:33	RPL: Sending a multicast-DIO with rank 510
776709582	ID:32	RPL: Sending a multicast-DIO with rank 473
776718510	ID:35	RPL: Sending a multicast-DIO with rank 486
778350544	ID:36	RPL: Sending a multicast-DIO with rank 454
779481342	ID:33	RPL: Sending a multicast-DIO with rank 510
781709582	ID:32	RPL: Sending a multicast-DIO with rank 473
781718509	ID:35	RPL: Sending a multicast-DIO with rank 486
783350544	ID:36	RPL: Sending a multicast-DIO with rank 454
784481342	ID:33	RPL: Sending a multicast-DIO with rank 510
786709582	ID:32	RPL: Sending a multicast-DIO with rank 473
786718509	ID:35	RPL: Sending a multicast-DIO with rank 486
788350544	ID:36	RPL: Sending a multicast-DIO with rank 454
789481342	ID:33	RPL: Sending a multicast-DIO with rank 510
791709582	ID:32	RPL: Sending a multicast-DIO with rank 473
791718510	ID:35	RPL: Sending a multicast-DIO with rank 486
793350551	ID:36	RPL: Sending a multicast-DIO with rank 454
794481342	ID:33	RPL: Sending a multicast-DIO with rank 510
796709582	ID:32	RPL: Sending a multicast-DIO with rank 473
796718509	ID:35	RPL: Sending a multicast-DIO with rank 486
798350544	ID:36	RPL: Sending a multicast-DIO with rank 454
799481342	ID:33	RPL: Sending a multicast-DIO with rank 510
801709582	ID:32	RPL: Sending a multicast-DIO with rank 473
801718510	ID:35	RPL: Sending a multicast-DIO with rank 486
803350544	ID:36	RPL: Sending a multicast-DIO with rank 454
803589837	ID:34	RPL: Sending a DIS to fe80::c30c:0:0:6
804481342	ID:33	RPL: Sending a multicast-DIO with rank 510
806709582	ID:32	RPL: Sending a multicast-DIO with rank 473
806718510	ID:35	RPL: Sending a multicast-DIO with rank 486
808350544	ID:36	RPL: Sending a multicast-DIO with rank 454
809481342	ID:33	RPL: Sending a multicast-DIO with rank 510
811709582	ID:32	RPL: Sending a multicast-DIO with rank 473
811718509	ID:35	RPL: Sending a multicast-DIO with rank 486
813350544	ID:36	RPL: Sending a multicast-DIO with rank 454
814481342	ID:33	RPL: Sending a multicast-DIO with rank 510
816709582	ID:32	RPL: Sending a multicast-DIO with rank 473
816718510	ID:35	RPL: Sending a multicast-DIO with rank 486
818350544	ID:36	RPL: Sending a multicast-DIO with rank 454
819481342	ID:33	RPL: Sending a multicast-DIO with rank 510
821709582	ID:32	RPL: Sending a multicast-DIO with rank 473
821718510	ID:35	RPL: Sending a multicast-DIO with rank 486
823350544	ID:36	RPL: Sending a multicast-DIO with rank 454
824481342	ID:33	RPL: Sending a multicast-DIO with rank 510
826709582	ID:32	RPL: Sending a multicast-DIO with rank 473
826718510	ID:35	RPL: Sending a multicast-DIO with rank 486
828350544	ID:36	RPL: Sending a multicast-DIO with rank 454
829481342	ID:33	RPL: Sending a multicast-DIO with rank 510
831709582	ID:32	RPL: Sending a multicast-DIO with rank 473
831718510	ID:35	RPL: Sending a multicast-DIO with rank 486
833350544	ID:36	RPL: Sending a multicast-DIO with rank 454
834481342	ID:33	RPL: Sending a multicast-DIO with rank 510
836709582	ID:32	RPL: Sending a multicast-DIO with rank 473
836718510	ID:35	RPL: Sending a multicast-DIO with rank 486
838350544	ID:36	RPL: Sending a multicast-DIO with rank 454
839481342	ID:33	RPL: Sending a multicast-DIO with rank 510
841709582	ID:32	RPL: Sending a multicast-DIO with rank 473
841718516	ID:35	RPL: Sending a multicast-DIO with rank 486
843350544	ID:36	RPL: Sending a multicast-DIO with rank 454
844481342	ID:33	RPL: Sending a multicast-DIO with rank 510
846709582	ID:32	RPL: Sending a multicast-DIO with rank 473
846718510	ID:35	RPL: Sending a multicast-DIO with rank 486
848350544	ID:36	RPL: Sending a multicast-DIO with rank 454
849481342	ID:33	RPL: Sending a multicast-DIO with rank 510
851709582	ID:32	RPL: Sending a multicast-DIO with rank 473
851718510	ID:35	RPL: Sending a multicast-DIO with rank 486
853350544	ID:36	RPL: Sending a multicast-DIO with rank 454
854481342	ID:33	RPL: Sending a multicast-DIO with rank 510
856709582	ID:32	RPL: Sending a multicast-DIO with rank 473
856718510	ID:35	RPL: Sending a multicast-DIO with rank 486
858350544	ID:36	RPL: Sending a multicast-DIO with rank 454
859481342	ID:33	RPL: Sending a multicast-DIO with rank 510
861709582	ID:32	RPL: Sending a multicast-DIO with rank 473
861718509	ID:35	RPL: Sending a multicast-DIO with rank 486
863350544	ID:36	RPL: Sending a multicast-DIO with rank 454
863589837	ID:34	RPL: Sending a DIS to fe80::c30c:0:0:6
864481342	ID:33	RPL: Sending a multicast-DIO with rank 510
866709582	ID:32	RPL: Sending a multicast-DIO with rank 473
866718510	ID:35	RPL: Sending a multicast-DIO with rank 486
868350544	ID:36	RPL: Sending a multicast-DIO with rank 454
869481342	ID:33	RPL: Sending a multicast-DIO with rank 510
871709582	ID:32	RPL: Sending a multicast-DIO with rank 473
871718510	ID:35	RPL: Sending a multicast-DIO with rank 486
873350544	ID:36	RPL: Sending a multicast-DIO with rank 454
874481342	ID:33	RPL: Sending a multicast-DIO with rank 510
876709582	ID:32	RPL: Sending a multicast-DIO with rank 473
876718510	ID:35	RPL: Sending a multicast-DIO with rank 486
878350544	ID:36	RPL: Sending a multicast-DIO with rank 454
879481342	ID:33	RPL: Sending a multicast-DIO with rank 510
881709582	ID:32	RPL: Sending a multicast-DIO with rank 473
881718509	ID:35	RPL: Sending a multicast-DIO with rank 486
883350544	ID:36	RPL: Sending a multicast-DIO with rank 454
884481342	ID:33	RPL: Sending a multicast-DIO with rank 510
886709582	ID:32	RPL: Sending a multicast-DIO with rank 473
886718510	ID:35	RPL: Sending a multicast-DIO with rank 486
888350544	ID:36	RPL: Sending a multicast-DIO with rank 454
889481342	ID:33	RPL: Sending a multicast-DIO with rank 510
891709582	ID:32	RPL: Sending a multicast-DIO with rank 473
891718510	ID:35	RPL: Sending a multicast-DIO with rank 486
893350544	ID:36	RPL: Sending a multicast-DIO with rank 454
894481342	ID:33	RPL: Sending a multicast-DIO with rank 510
896709582	ID:32	RPL: Sending a multicast-DIO with rank 473
896718510	ID:35	RPL: Sending a multicast-DIO with rank 486
898350544	ID:36	RPL: Sending a multicast-DIO with rank 454
899481342	ID:33	RPL: Sending a multicast-DIO with rank 510
901709582	ID:32	RPL: Sending a multicast-DIO with rank 473
901718510	ID:35	RPL: Sending a multicast-DIO with rank 486
903350544	ID:36	RPL: Sending a multicast-DIO with rank 454
904481342	ID:33	RPL: Sending a multicast-DIO with rank 510
906709582	ID:32	RPL: Sending a multicast-DIO with rank 473
906718510	ID:35	RPL: Sending a multicast-DIO with rank 486
908350544	ID:36	RPL: Sending a multicast-DIO with rank 454
909481342	ID:33	RPL: Sending a multicast-DIO with rank 510
911709582	ID:32	RPL: Sending a multicast-DIO with rank 473
911718510	ID:35	RPL: Sending a multicast-DIO with rank 486
913350544	ID:36	RPL: Sending a multicast-DIO with rank 454
914481342	ID:33	RPL: Sending a multicast-DIO with rank 510
916709582	ID:32	RPL: Sending a multicast-DIO with rank 473
916718510	ID:35	RPL: Sending a multicast-DIO with rank 486
918350544	ID:36	RPL: Sending a multicast-DIO with rank 454
919481342	ID:33	RPL: Sending a multicast-DIO with rank 510
921709582	ID:32	RPL: Sending a multicast-DIO with rank 473
921718510	ID:35	RPL: Sending a multicast-DIO with rank 486
923350544	ID:36	RPL: Sending a multicast-DIO with rank 454
923589837	ID:34	RPL: Sending a DIS to fe80::c30c:0:0:6
924481342	ID:33	RPL: Sending a multicast-DIO with rank 510
926709582	ID:32	RPL: Sending a multicast-DIO with rank 473
926718510	ID:35	RPL: Sending a multicast-DIO with rank 486
928350544	ID:36	RPL: Sending a multicast-DIO with rank 454
929481342	ID:33	RPL: Sending a multicast-DIO with rank 510
931709582	ID:32	RPL: Sending a multicast-DIO with rank 473
931718510	ID:35	RPL: Sending a multicast-DIO with rank 486
933350544	ID:36	RPL: Sending a multicast-DIO with rank 454
934481342	ID:33	RPL: Sending a multicast-DIO with rank 510
936709582	ID:32	RPL: Sending a multicast-DIO with rank 473
936718510	ID:35	RPL: Sending a multicast-DIO with rank 486
938350544	ID:36	RPL: Sending a multicast-DIO with rank 454
939481342	ID:33	RPL: Sending a multicast-DIO with rank 510
941709582	ID:32	RPL: Sending a multicast-DIO with rank 473
941718510	ID:35	RPL: Sending a multicast-DIO with rank 486
943350544	ID:36	RPL: Sending a multicast-DIO with rank 454
944481342	ID:33	RPL: Sending a multicast-DIO with rank 510
946709582	ID:32	RPL: Sending a multicast-DIO with rank 473
946718510	ID:35	RPL: Sending a multicast-DIO with rank 486
948350544	ID:36	RPL: Sending a multicast-DIO with rank 454
949481342	ID:33	RPL: Sending a multicast-DIO with rank 510
951709582	ID:32	RPL: Sending a multicast-DIO with rank 473
951718510	ID:35	RPL: Sending a multicast-DIO with rank 486
953350544	ID:36	RPL: Sending a multicast-DIO with rank 454
954481342	ID:33	RPL: Sending a multicast-DIO with rank 510
956709582	ID:32	RPL: Sending a multicast-DIO with rank 473
956718510	ID:35	RPL: Sending a multicast-DIO with rank 486
958350544	ID:36	RPL: Sending a multicast-DIO with rank 454
959481342	ID:33	RPL: Sending a multicast-DIO with rank 510
961709582	ID:32	RPL: Sending a multicast-DIO with rank 473
961718509	ID:35	RPL: Sending a multicast-DIO with rank 486
963350544	ID:36	RPL: Sending a multicast-DIO with rank 454
964481342	ID:33	RPL: Sending a multicast-DIO with rank 510
966709582	ID:32	RPL: Sending a multicast-DIO with rank 473
966718510	ID:35	RPL: Sending a multicast-DIO with rank 486
968350544	ID:36	RPL: Sending a multicast-DIO with rank 454
969481342	ID:33	RPL: Sending a multicast-DIO with rank 510
971709582	ID:32	RPL: Sending a multicast-DIO with rank 473
971718510	ID:35	RPL: Sending a multicast-DIO with rank 486
973350544	ID:36	RPL: Sending a multicast-DIO with rank 454
974481342	ID:33	RPL: Sending a multicast-DIO with rank 510
976709582	ID:32	RPL: Sending a multicast-DIO with rank 473
976718510	ID:35	RPL: Sending a multicast-DIO with rank 486
978350544	ID:36	RPL: Sending a multicast-DIO with rank 454
979481342	ID:33	RPL: Sending a multicast-DIO with rank 510
981709582	ID:32	RPL: Sending a multicast-DIO with rank 473
981718509	ID:35	RPL: Sending a multicast-DIO with rank 486
983350544	ID:36	RPL: Sending a multicast-DIO with rank 454
983589837	ID:34	RPL: Sending a DIS to fe80::c30c:0:0:6
984481342	ID:33	RPL: Sending a multicast-DIO with rank 510
986709582	ID:32	RPL: Sending a multicast-DIO with rank 473
986718510	ID:35	RPL: Sending a multicast-DIO with rank 486
988350544	ID:36	RPL: Sending a multicast-DIO with rank 454
989481342	ID:33	RPL: Sending a multicast-DIO with rank 510
991709582	ID:32	RPL: Sending a multicast-DIO with rank 473
991718510	ID:35	RPL: Sending a multicast-DIO with rank 486
993350544	ID:36	RPL: Sending a multicast-DIO with rank 454
994481342	ID:33	RPL: Sending a multicast-DIO with rank 510
996709582	ID:32	RPL: Sending a multicast-DIO with rank 473
996718510	ID:35	RPL: Sending a multicast-DIO with rank 486
998350543	ID:36	RPL: Sending a multicast-DIO with rank 454
999481342	ID:33	RPL: Sending a multicast-DIO with rank 510
1001709582	ID:32	RPL: Sending a multicast-DIO with rank 473
1001718509	ID:35	RPL: Sending a multicast-DIO with rank 486
1003350544	ID:36	RPL: Sending a multicast-DIO with rank 454
1004481342	ID:33	RPL: Sending a multicast-DIO with rank 510
1006709582	ID:32	RPL: Sending a multicast-DIO with rank 473
1006718509	ID:35	RPL: Sending a multicast-DIO with rank 486
1008350544	ID:36	RPL: Sending a multicast-DIO with rank 454
1009481342	ID:33	RPL: Sending a multicast-DIO with rank 510
1011709582	ID:32	RPL: Sending a multicast-DIO with rank 473
1011718510	ID:35	RPL: Sending a multicast-DIO with rank 486
1013350543	ID:36	RPL: Sending a multicast-DIO with rank 454
1014481342	ID:33	RPL: Sending a multicast-DIO with rank 510
1016709581	ID:32	RPL: Sending a multicast-DIO with rank 473
1016718509	ID:35	RPL: Sending a multicast-DIO with rank 486
1018350544	ID:36	RPL: Sending a multicast-DIO with rank 454
1019481342	ID:33	RPL: Sending a multicast-DIO with rank 510
1021709582	ID:32	RPL: Sending a multicast-DIO with rank 473
1021718509	ID:35	RPL: Sending a multicast-DIO with rank 486
1023350544	ID:36	RPL: Sending a multicast-DIO with rank 454
1024481342	ID:33	RPL: Sending a multicast-DIO with rank 510
1026709583	ID:32	RPL: Sending a multicast-DIO with rank 473
1026718510	ID:35	RPL: Sending a multicast-DIO with rank 486
1028350544	ID:36	RPL: Sending a multicast-DIO with rank 454
1029481343	ID:33	RPL: Sending a multicast-DIO with rank 510
1031709582	ID:32	RPL: Sending a multicast-DIO with rank 473
1031718510	ID:35	RPL: Sending a multicast-DIO with rank 486
1033350545	ID:36	RPL: Sending a multicast-DIO with rank 454
1034481343	ID:33	RPL: Sending a multicast-DIO with rank 510
1036709583	ID:32	RPL: Sending a multicast-DIO with rank 473
1036718510	ID:35	RPL: Sending a multicast-DIO with rank 486
1038350545	ID:36	RPL: Sending a multicast-DIO with rank 454
1039481343	ID:33	RPL: Sending a multicast-DIO with rank 510
1041709583	ID:32	RPL: Sending a multicast-DIO with rank 473
1041718510	ID:35	RPL: Sending a multicast-DIO with rank 486
1043350544	ID:36	RPL: Sending a multicast-DIO with rank 454
1043589838	ID:34	RPL: Sending a DIS to fe80::c30c:0:0:6
1044481343	ID:33	RPL: Sending a multicast-DIO with rank 510
1046709582	ID:32	RPL: Sending a multicast-DIO with rank 473
1046718510	ID:35	RPL: Sending a multicast-DIO with rank 486
1048350545	ID:36	RPL: Sending a multicast-DIO with rank 454
1049481343	ID:33	RPL: Sending a multicast-DIO with rank 510
1051709583	ID:32	RPL: Sending a multicast-DIO with rank 473
1051718510	ID:35	RPL: Sending a multicast-DIO with rank 486
1053350545	ID:36	RPL: Sending a multicast-DIO with rank 454
1054481343	ID:33	RPL: Sending a multicast-DIO with rank 510
1056709583	ID:32	RPL: Sending a multicast-DIO with rank 473
1056718510	ID:35	RPL: Sending a multicast-DIO with rank 486
1058350544	ID:36	RPL: Sending a multicast-DIO with rank 454
1059481343	ID:33	RPL: Sending a multicast-DIO with rank 510
1061709582	ID:32	RPL: Sending a multicast-DIO with rank 473
1061718510	ID:35	RPL: Sending a multicast-DIO with rank 486
1063350545	ID:36	RPL: Sending a multicast-DIO with rank 454
1064481343	ID:33	RPL: Sending a multicast-DIO with rank 510
1066709583	ID:32	RPL: Sending a multicast-DIO with rank 473
1066718510	ID:35	RPL: Sending a multicast-DIO with rank 486
1068350545	ID:36	RPL: Sending a multicast-DIO with rank 454
1069481343	ID:33	RPL: Sending a multicast-DIO with rank 510
1071709583	ID:32	RPL: Sending a multicast-DIO with rank 473
1071718510	ID:35	RPL: Sending a multicast-DIO with rank 486
1073350544	ID:36	RPL: Sending a multicast-DIO with rank 454
1074481343	ID:33	RPL: Sending a multicast-DIO with rank 510
1076709582	ID:32	RPL: Sending a multicast-DIO with rank 473
1076718510	ID:35	RPL: Sending a multicast-DIO with rank 486
1078350545	ID:36	RPL: Sending a multicast-DIO with rank 454
1079481343	ID:33	RPL: Sending a multicast-DIO with rank 510
1081709583	ID:32	RPL: Sending a multicast-DIO with rank 473
1081718510	ID:35	RPL: Sending a multicast-DIO with rank 486
1083350545	ID:36	RPL: Sending a multicast-DIO with rank 454
1084481343	ID:33	RPL: Sending a multicast-DIO with rank 510
1086709583	ID:32	RPL: Sending a multicast-DIO with rank 473
1086718510	ID:35	RPL: Sending a multicast-DIO with rank 486
1088350544	ID:36	RPL: Sending a multicast-DIO with rank 454
1089481350	ID:33	RPL: Sending a multicast-DIO with rank 510
1091709582	ID:32	RPL: Sending a multicast-DIO with rank 473
1091718510	ID:35	RPL: Sending a multicast-DIO with rank 486
1093350545	ID:36	RPL: Sending a multicast-DIO with rank 454
1094481343	ID:33	RPL: Sending a multicast-DIO with rank 510
1096709583	ID:32	RPL: Sending a multicast-DIO with rank 473
1096718510	ID:35	RPL: Sending a multicast-DIO with rank 486
1098350545	ID:36	RPL: Sending a multicast-DIO with rank 454
1099481343	ID:33	RPL: Sending a multicast-DIO with rank 510
1101709583	ID:32	RPL: Sending a multicast-DIO with rank 473
1101718510	ID:35	RPL: Sending a multicast-DIO with rank 486
1103350544	ID:36	RPL: Sending a multicast-DIO with rank 454
1103589838	ID:34	RPL: Sending a DIS to fe80::c30c:0:0:6
1104481343	ID:33	RPL: Sending a multicast-DIO with rank 510
1106709582	ID:32	RPL: Sending a multicast-DIO with rank 473
1106718510	ID:35	RPL: Sending a multicast-DIO with rank 486
1108350545	ID:36	RPL: Sending a multicast-DIO with rank 454
1109481343	ID:33	RPL: Sending a multicast-DIO with rank 510
1111709583	ID:32	RPL: Sending a multicast-DIO with rank 473
1111718510	ID:35	RPL: Sending a multicast-DIO with rank 486
1113350545	ID:36	RPL: Sending a multicast-DIO with rank 454
1114481343	ID:33	RPL: Sending a multicast-DIO with rank 510
1116709583	ID:32	RPL: Sending a multicast-DIO with rank 473
1116718510	ID:35	RPL: Sending a multicast-DIO with rank 486
1118350544	ID:36	RPL: Sending a multicast-DIO with rank 454
1119481343	ID:33	RPL: Sending a multicast-DIO with rank 510
1121709582	ID:32	RPL: Sending a multicast-DIO with rank 473
1121718510	ID:35	RPL: Sending a multicast-DIO with rank 486
1123350545	ID:36	RPL: Sending a multicast-DIO with rank 454
1124481343	ID:33	RPL: Sending a multicast-DIO with rank 510
1126709589	ID:32	RPL: Sending a multicast-DIO with rank 473
1126718510	ID:35	RPL: Sending a multicast-DIO with rank 486
1128350545	ID:36	RPL: Sending a multicast-DIO with rank 454
1129481343	ID:33	RPL: Sending a multicast-DIO with rank 510
1131709583	ID:32	RPL: Sending a multicast-DIO with rank 473
1131718510	ID:35	RPL: Sending a multicast-DIO with rank 486
1133350544	ID:36	RPL: Sending a multicast-DIO with rank 454
1134481343	ID:33	RPL: Sending a multicast-DIO with rank 510
1136709582	ID:32	RPL: Sending a multicast-DIO with rank 473
1136718510	ID:35	RPL: Sending a multicast-DIO with rank 486
1138350545	ID:36	RPL: Sending a multicast-DIO with rank 454
1139481343	ID:33	RPL: Sending a multicast-DIO with rank 510
1141709583	ID:32	RPL: Sending a multicast-DIO with rank 473
1141718510	ID:35	RPL: Sending a multicast-DIO with rank 486
1143350545	ID:36	RPL: Sending a multicast-DIO with rank 454
1144481343	ID:33	RPL: Sending a multicast-DIO with rank 510
1146709583	ID:32	RPL: Sending a multicast-DIO with rank 473
1146718510	ID:35	RPL: Sending a multicast-DIO with rank 486
1148350544	ID:36	RPL: Sending a multicast-DIO with rank 454
1149481343	ID:33	RPL: Sending a multicast-DIO with rank 510
1151709582	ID:32	RPL: Sending a multicast-DIO with rank 473
1151718510	ID:35	RPL: Sending a multicast-DIO with rank 486
1153350545	ID:36	RPL: Sending a multicast-DIO with rank 454
1154481343	ID:33	RPL: Sending a multicast-DIO with rank 510
1156709583	ID:32	RPL: Sending a multicast-DIO with rank 473
1156718510	ID:35	RPL: Sending a multicast-DIO with rank 486
1158350545	ID:36	RPL: Sending a multicast-DIO with rank 454
1159481343	ID:33	RPL: Sending a multicast-DIO with rank 510
1161709583	ID:32	RPL: Sending a multicast-DIO with rank 473
1161718510	ID:35	RPL: Sending a multicast-DIO with rank 486
1163350544	ID:36	RPL: Sending a multicast-DIO with rank 454
1163589838	ID:34	RPL: Sending a DIS to fe80::c30c:0:0:6
1164481343	ID:33	RPL: Sending a multicast-DIO with rank 510
1166709582	ID:32	RPL: Sending a multicast-DIO with rank 473
1166718510	ID:35	RPL: Sending a multicast-DIO with rank 486
1168350545	ID:36	RPL: Sending a multicast-DIO with rank 454
1169481343	ID:33	RPL: Sending a multicast-DIO with rank 510
1171709583	ID:32	RPL: Sending a multicast-DIO with rank 473
1171718510	ID:35	RPL: Sending a multicast-DIO with rank 486
1173350545	ID:36	RPL: Sending a multicast-DIO with rank 454
1174481343	ID:33	RPL: Sending a multicast-DIO with rank 510
1176709583	ID:32	RPL: Sending a multicast-DIO with rank 473
1176718510	ID:35	RPL: Sending a multicast-DIO with rank 486
1178350544	ID:36	RPL: Sending a multicast-DIO with rank 454
1179481343	ID:33	RPL: Sending a multicast-DIO with rank 510
1181709582	ID:32	RPL: Sending a multicast-DIO with rank 473
1181718510	ID:35	RPL: Sending a multicast-DIO with rank 486
1183350551	ID:36	RPL: Sending a multicast-DIO with rank 454
1184481343	ID:33	RPL: Sending a multicast-DIO with rank 510
1186709583	ID:32	RPL: Sending a multicast-DIO with rank 473
1186718510	ID:35	RPL: Sending a multicast-DIO with rank 486
1188350545	ID:36	RPL: Sending a multicast-DIO with rank 454
1189481343	ID:33	RPL: Sending a multicast-DIO with rank 510
1191709583	ID:32	RPL: Sending a multicast-DIO with rank 473
1191718510	ID:35	RPL: Sending a multicast-DIO with rank 486
1193350544	ID:36	RPL: Sending a multicast-DIO with rank 454
1194481343	ID:33	RPL: Sending a multicast-DIO with rank 510
1196709582	ID:32	RPL: Sending a multicast-DIO with rank 473
1196718510	ID:35	RPL: Sending a multicast-DIO with rank 486
1198350545	ID:36	RPL: Sending a multicast-DIO with rank 454
1199481343	ID:33	RPL: Sending a multicast-DIO with rank 510
1201709587	ID:32	RPL: Sending a multicast-DIO with rank 473
1201718515	ID:35	RPL: Sending a multicast-DIO with rank 486
1203350550	ID:36	RPL: Sending a multicast-DIO with rank 454
1204481348	ID:33	RPL: Sending a multicast-DIO with rank 510
1206709581	ID:32	RPL: Sending a multicast-DIO with rank 473
1206718509	ID:35	RPL: Sending a multicast-DIO with rank 486
1208350543	ID:36	RPL: Sending a multicast-DIO with rank 454
1209481342	ID:33	RPL: Sending a multicast-DIO with rank 510
1211709581	ID:32	RPL: Sending a multicast-DIO with rank 473
1211718509	ID:35	RPL: Sending a multicast-DIO with rank 486
1213350543	ID:36	RPL: Sending a multicast-DIO with rank 454
1214481342	ID:33	RPL: Sending a multicast-DIO with rank 510
1216709581	ID:32	RPL: Sending a multicast-DIO with rank 473
1216718509	ID:35	RPL: Sending a multicast-DIO with rank 486
1218350543	ID:36	RPL: Sending a multicast-DIO with rank 454
1219481342	ID:33	RPL: Sending a multicast-DIO with rank 510
1221709581	ID:32	RPL: Sending a multicast-DIO with rank 473
1221718509	ID:35	RPL: Sending a multicast-DIO with rank 486
1223350543	ID:36	RPL: Sending a multicast-DIO with rank 454
1223589837	ID:34	RPL: Sending a DIS to fe80::c30c:0:0:6
1224481342	ID:33	RPL: Sending a multicast-DIO with rank 510
1226709581	ID:32	RPL: Sending a multicast-DIO with rank 473
1226718509	ID:35	RPL: Sending a multicast-DIO with rank 486
1228350543	ID:36	RPL: Sending a multicast-DIO with rank 454
1229481342	ID:33	RPL: Sending a multicast-DIO with rank 510
1231709581	ID:32	RPL: Sending a multicast-DIO with rank 473
1231718516	ID:35	RPL: Sending a multicast-DIO with rank 486
1233350543	ID:36	RPL: Sending a multicast-DIO with rank 454
1234481342	ID:33	RPL: Sending a multicast-DIO with rank 510
1236709581	ID:32	RPL: Sending a multicast-DIO with rank 473
1236718509	ID:35	RPL: Sending a multicast-DIO with rank 486
1238350543	ID:36	RPL: Sending a multicast-DIO with rank 454
1239481342	ID:33	RPL: Sending a multicast-DIO with rank 510
1241709581	ID:32	RPL: Sending a multicast-DIO with rank 473
1241718509	ID:35	RPL: Sending a multicast-DIO with rank 486
1243350543	ID:36	RPL: Sending a multicast-DIO with rank 454
1244481342	ID:33	RPL: Sending a multicast-DIO with rank 510
1246709581	ID:32	RPL: Sending a multicast-DIO with rank 473
1246718509	ID:35	RPL: Sending a multicast-DIO with rank 486
1248350543	ID:36	RPL: Sending a multicast-DIO with rank 454
1249481342	ID:33	RPL: Sending a multicast-DIO with rank 510
1251709581	ID:32	RPL: Sending a multicast-DIO with rank 473
1251718509	ID:35	RPL: Sending a multicast-DIO with rank 486
1253350543	ID:36	RPL: Sending a multicast-DIO with rank 454
1254481342	ID:33	RPL: Sending a multicast-DIO with rank 510
1256709581	ID:32	RPL: Sending a multicast-DIO with rank 473
1256718509	ID:35	RPL: Sending a multicast-DIO with rank 486
1258350543	ID:36	RPL: Sending a multicast-DIO with rank 454
1259481342	ID:33	RPL: Sending a multicast-DIO with rank 510
1261709581	ID:32	RPL: Sending a multicast-DIO with rank 473
1261718509	ID:35	RPL: Sending a multicast-DIO with rank 486
1263350543	ID:36	RPL: Sending a multicast-DIO with rank 454
1264481342	ID:33	RPL: Sending a multicast-DIO with rank 510
1266709581	ID:32	RPL: Sending a multicast-DIO with rank 473
1266718509	ID:35	RPL: Sending a multicast-DIO with rank 486
1268350543	ID:36	RPL: Sending a multicast-DIO with rank 454
1269481342	ID:33	RPL: Sending a multicast-DIO with rank 510
1271709581	ID:32	RPL: Sending a multicast-DIO with rank 473
1271718509	ID:35	RPL: Sending a multicast-DIO with rank 486
1273350543	ID:36	RPL: Sending a multicast-DIO with rank 454
1274481342	ID:33	RPL: Sending a multicast-DIO with rank 510
1276709581	ID:32	RPL: Sending a multicast-DIO with rank 473
1276718509	ID:35	RPL: Sending a multicast-DIO with rank 486
1278350543	ID:36	RPL: Sending a multicast-DIO with rank 454
1279481342	ID:33	RPL: Sending a multicast-DIO with rank 510
1281709581	ID:32	RPL: Sending a multicast-DIO with rank 473
1281718509	ID:35	RPL: Sending a multicast-DIO with rank 486
1283350543	ID:36	RPL: Sending a multicast-DIO with rank 454
1283589837	ID:34	RPL: Sending a DIS to fe80::c30c:0:0:6
1284481342	ID:33	RPL: Sending a multicast-DIO with rank 510
1286709581	ID:32	RPL: Sending a multicast-DIO with rank 473
1286718509	ID:35	RPL: Sending a multicast-DIO with rank 486
1288350543	ID:36	RPL: Sending a multicast-DIO with rank 454
1289481342	ID:33	RPL: Sending a multicast-DIO with rank 510
1291709581	ID:32	RPL: Sending a multicast-DIO with rank 473
1291718509	ID:35	RPL: Sending a multicast-DIO with rank 486
1293350543	ID:36	RPL: Sending a multicast-DIO with rank 454
1294481342	ID:33	RPL: Sending a multicast-DIO with rank 510
1296709581	ID:32	RPL: Sending a multicast-DIO with rank 473
1296718509	ID:35	RPL: Sending a multicast-DIO with rank 486
1298350543	ID:36	RPL: Sending a multicast-DIO with rank 454
1299481342	ID:33	RPL: Sending a multicast-DIO with rank 510
1301709581	ID:32	RPL: Sending a multicast-DIO with rank 473
1301718509	ID:35	RPL: Sending a multicast-DIO with rank 486
1303350543	ID:36	RPL: Sending a multicast-DIO with rank 454
1304481342	ID:33	RPL: Sending a multicast-DIO with rank 510
1306709581	ID:32	RPL: Sending a multicast-DIO with rank 473
1306718509	ID:35	RPL: Sending a multicast-DIO with rank 486
1308350543	ID:36	RPL: Sending a multicast-DIO with rank 454
1309481342	ID:33	RPL: Sending a multicast-DIO with rank 510
1311709581	ID:32	RPL: Sending a multicast-DIO with rank 473
1311718509	ID:35	RPL: Sending a multicast-DIO with rank 486
1313350543	ID:36	RPL: Sending a multicast-DIO with rank 454
1314481342	ID:33	RPL: Sending a multicast-DIO with rank 510
1316709581	ID:32	RPL: Sending a multicast-DIO with rank 473
1316718509	ID:35	RPL: Sending a multicast-DIO with rank 486
1318350543	ID:36	RPL: Sending a multicast-DIO with rank 454
1319481342	ID:33	RPL: Sending a multicast-DIO with rank 510
1321709581	ID:32	RPL: Sending a multicast-DIO with rank 473
1321718509	ID:35	RPL: Sending a multicast-DIO with rank 486
1323350543	ID:36	RPL: Sending a multicast-DIO with rank 454
1324481342	ID:33	RPL: Sending a multicast-DIO with rank 510
1326709581	ID:32	RPL: Sending a multicast-DIO with rank 473
1326718509	ID:35	RPL: Sending a multicast-DIO with rank 486
1328350543	ID:36	RPL: Sending a multicast-DIO with rank 454
1329481342	ID:33	RPL: Sending a multicast-DIO with rank 510
1331709581	ID:32	RPL: Sending a multicast-DIO with rank 473
1331718509	ID:35	RPL: Sending a multicast-DIO with rank 486
1333350543	ID:36	RPL: Sending a multicast-DIO with rank 454
1334481342	ID:33	RPL: Sending a multicast-DIO with rank 510
1336709581	ID:32	RPL: Sending a multicast-DIO with rank 473
1336718509	ID:35	RPL: Sending a multicast-DIO with rank 486
1338350543	ID:36	RPL: Sending a multicast-DIO with rank 454
1339481342	ID:33	RPL: Sending a multicast-DIO with rank 510
1341709581	ID:32	RPL: Sending a multicast-DIO with rank 473
1341718509	ID:35	RPL: Sending a multicast-DIO with rank 486
1343350543	ID:36	RPL: Sending a multicast-DIO with rank 454
1343589837	ID:34	RPL: Sending a DIS to fe80::c30c:0:0:6
1344481342	ID:33	RPL: Sending a multicast-DIO with rank 510
1346709581	ID:32	RPL: Sending a multicast-DIO with rank 473
1346718509	ID:35	RPL: Sending a multicast-DIO with rank 486
1348350543	ID:36	RPL: Sending a multicast-DIO with rank 454
1349481342	ID:33	RPL: Sending a multicast-DIO with rank 510
1351709581	ID:32	RPL: Sending a multicast-DIO with rank 473
1351718509	ID:35	RPL: Sending a multicast-DIO with rank 486
1353350543	ID:36	RPL: Sending a multicast-DIO with rank 454
1354481342	ID:33	RPL: Sending a multicast-DIO with rank 510
1356709581	ID:32	RPL: Sending a multicast-DIO with rank 473
1356718509	ID:35	RPL: Sending a multicast-DIO with rank 486
1358350543	ID:36	RPL: Sending a multicast-DIO with rank 454
1359481342	ID:33	RPL: Sending a multicast-DIO with rank 510
1361709581	ID:32	RPL: Sending a multicast-DIO with rank 473
1361718509	ID:35	RPL: Sending a multicast-DIO with rank 486
1363350543	ID:36	RPL: Sending a multicast-DIO with rank 454
1364481342	ID:33	RPL: Sending a multicast-DIO with rank 510
1366709581	ID:32	RPL: Sending a multicast-DIO with rank 473
1366718509	ID:35	RPL: Sending a multicast-DIO with rank 486
1368350543	ID:36	RPL: Sending a multicast-DIO with rank 454
1369481342	ID:33	RPL: Sending a multicast-DIO with rank 510
1371709581	ID:32	RPL: Sending a multicast-DIO with rank 473
1371718509	ID:35	RPL: Sending a multicast-DIO with rank 486
1373350543	ID:36	RPL: Sending a multicast-DIO with rank 454
1374481342	ID:33	RPL: Sending a multicast-DIO with rank 510
1376709581	ID:32	RPL: Sending a multicast-DIO with rank 473
1376718509	ID:35	RPL: Sending a multicast-DIO with rank 486
1378350543	ID:36	RPL: Sending a multicast-DIO with rank 454
1379481342	ID:33	RPL: Sending a multicast-DIO with rank 510
1381709581	ID:32	RPL: Sending a multicast-DIO with rank 473
1381718509	ID:35	RPL: Sending a multicast-DIO with rank 486
1383350543	ID:36	RPL: Sending a multicast-DIO with rank 454
1384481342	ID:33	RPL: Sending a multicast-DIO with rank 510
1386709581	ID:32	RPL: Sending a multicast-DIO with rank 473
1386718509	ID:35	RPL: Sending a multicast-DIO with rank 486
1388350543	ID:36	RPL: Sending a multicast-DIO with rank 454
1389481342	ID:33	RPL: Sending a multicast-DIO with rank 510
1391709581	ID:32	RPL: Sending a multicast-DIO with rank 473
1391718509	ID:35	RPL: Sending a multicast-DIO with rank 486
1393350543	ID:36	RPL: Sending a multicast-DIO with rank 454
1394481342	ID:33	RPL: Sending a multicast-DIO with rank 510
1396709581	ID:32	RPL: Sending a multicast-DIO with rank 473
1396718509	ID:35	RPL: Sending a multicast-DIO with rank 486
1398350543	ID:36	RPL: Sending a multicast-DIO with rank 454
1399481342	ID:33	RPL: Sending a multicast-DIO with rank 510
1401709581	ID:32	RPL: Sending a multicast-DIO with rank 473
1401718509	ID:35	RPL: Sending a multicast-DIO with rank 486
1403350543	ID:36	RPL: Sending a multicast-DIO with rank 454
1403589837	ID:34	RPL: Sending a DIS to fe80::c30c:0:0:6
1404481342	ID:33	RPL: Sending a multicast-DIO with rank 510
1406709581	ID:32	RPL: Sending a multicast-DIO with rank 473
1406718509	ID:35	RPL: Sending a multicast-DIO with rank 486
1408350543	ID:36	RPL: Sending a multicast-DIO with rank 454
1409481342	ID:33	RPL: Sending a multicast-DIO with rank 510
1411709581	ID:32	RPL: Sending a multicast-DIO with rank 473
1411718509	ID:35	RPL: Sending a multicast-DIO with rank 486
1413350543	ID:36	RPL: Sending a multicast-DIO with rank 454
1414481342	ID:33	RPL: Sending a multicast-DIO with rank 510
1416709581	ID:32	RPL: Sending a multicast-DIO with rank 473
1416718509	ID:35	RPL: Sending a multicast-DIO with rank 486
1418350543	ID:36	RPL: Sending a multicast-DIO with rank 454
1419481342	ID:33	RPL: Sending a multicast-DIO with rank 510
1421709581	ID:32	RPL: Sending a multicast-DIO with rank 473
1421718509	ID:35	RPL: Sending a multicast-DIO with rank 486
1423350543	ID:36	RPL: Sending a multicast-DIO with rank 454
1424481342	ID:33	RPL: Sending a multicast-DIO with rank 510
1426709581	ID:32	RPL: Sending a multicast-DIO with rank 473
1426718509	ID:35	RPL: Sending a multicast-DIO with rank 486
1428350543	ID:36	RPL: Sending a multicast-DIO with rank 454
1429481342	ID:33	RPL: Sending a multicast-DIO with rank 510
1431709581	ID:32	RPL: Sending a multicast-DIO with rank 473
1431718509	ID:35	RPL: Sending a multicast-DIO with rank 486
1433350543	ID:36	RPL: Sending a multicast-DIO with rank 454
1434481342	ID:33	RPL: Sending a multicast-DIO with rank 510
1436709581	ID:32	RPL: Sending a multicast-DIO with rank 473
1436718509	ID:35	RPL: Sending a multicast-DIO with rank 486
1438350543	ID:36	RPL: Sending a multicast-DIO with rank 454
1439481342	ID:33	RPL: Sending a multicast-DIO with rank 510
1441709581	ID:32	RPL: Sending a multicast-DIO with rank 473
1441718509	ID:35	RPL: Sending a multicast-DIO with rank 486
1443350543	ID:36	RPL: Sending a multicast-DIO with rank 454
1444481342	ID:33	RPL: Sending a multicast-DIO with rank 510
1446709581	ID:32	RPL: Sending a multicast-DIO with rank 473
1446718509	ID:35	RPL: Sending a multicast-DIO with rank 486
1448350543	ID:36	RPL: Sending a multicast-DIO with rank 454
1449481342	ID:33	RPL: Sending a multicast-DIO with rank 510
1451709581	ID:32	RPL: Sending a multicast-DIO with rank 473
1451718509	ID:35	RPL: Sending a multicast-DIO with rank 486
1453350543	ID:36	RPL: Sending a multicast-DIO with rank 454
1454481342	ID:33	RPL: Sending a multicast-DIO with rank 510
1456709581	ID:32	RPL: Sending a multicast-DIO with rank 473
1456718509	ID:35	RPL: Sending a multicast-DIO with rank 486
1458350543	ID:36	RPL: Sending a multicast-DIO with rank 454
1459481342	ID:33	RPL: Sending a multicast-DIO with rank 510
1461709581	ID:32	RPL: Sending a multicast-DIO with rank 473
1461718509	ID:35	RPL: Sending a multicast-DIO with rank 486
1463350543	ID:36	RPL: Sending a multicast-DIO with rank 454
1463589837	ID:34	RPL: Sending a DIS to fe80::c30c:0:0:6
1464481342	ID:33	RPL: Sending a multicast-DIO with rank 510
1466709581	ID:32	RPL: Sending a multicast-DIO with rank 473
1466718509	ID:35	RPL: Sending a multicast-DIO with rank 486
1468350543	ID:36	RPL: Sending a multicast-DIO with rank 454
1469481342	ID:33	RPL: Sending a multicast-DIO with rank 510
1471709581	ID:32	RPL: Sending a multicast-DIO with rank 473
1471718509	ID:35	RPL: Sending a multicast-DIO with rank 486
1473350543	ID:36	RPL: Sending a multicast-DIO with rank 454
1474481342	ID:33	RPL: Sending a multicast-DIO with rank 510
1476709581	ID:32	RPL: Sending a multicast-DIO with rank 473
1476718509	ID:35	RPL: Sending a multicast-DIO with rank 486
1478350543	ID:36	RPL: Sending a multicast-DIO with rank 454
1479481342	ID:33	RPL: Sending a multicast-DIO with rank 510
1481709581	ID:32	RPL: Sending a multicast-DIO with rank 473
1481718509	ID:35	RPL: Sending a multicast-DIO with rank 486
1483350543	ID:36	RPL: Sending a multicast-DIO with rank 454
1484481342	ID:33	RPL: Sending a multicast-DIO with rank 510
1486709581	ID:32	RPL: Sending a multicast-DIO with rank 473
1486718509	ID:35	RPL: Sending a multicast-DIO with rank 486
1488350543	ID:36	RPL: Sending a multicast-DIO with rank 454
1489481342	ID:33	RPL: Sending a multicast-DIO with rank 510
1491709581	ID:32	RPL: Sending a multicast-DIO with rank 473
1491718509	ID:35	RPL: Sending a multicast-DIO with rank 486
1493350543	ID:36	RPL: Sending a multicast-DIO with rank 454
1494481342	ID:33	RPL: Sending a multicast-DIO with rank 510
1496709581	ID:32	RPL: Sending a multicast-DIO with rank 473
1496718509	ID:35	RPL: Sending a multicast-DIO with rank 486
1498350543	ID:36	RPL: Sending a multicast-DIO with rank 454
1499481342	ID:33	RPL: Sending a multicast-DIO with rank 510
1501709581	ID:32	RPL: Sending a multicast-DIO with rank 473
1501718509	ID:35	RPL: Sending a multicast-DIO with rank 486
1503350543	ID:36	RPL: Sending a multicast-DIO with rank 454
1504481342	ID:33	RPL: Sending a multicast-DIO with rank 510
1506709581	ID:32	RPL: Sending a multicast-DIO with rank 473
1506718509	ID:35	RPL: Sending a multicast-DIO with rank 486
1508350543	ID:36	RPL: Sending a multicast-DIO with rank 454
1509481349	ID:33	RPL: Sending a multicast-DIO with rank 510
1511709581	ID:32	RPL: Sending a multicast-DIO with rank 473
1511718509	ID:35	RPL: Sending a multicast-DIO with rank 486
1513350543	ID:36	RPL: Sending a multicast-DIO with rank 454
1514481342	ID:33	RPL: Sending a multicast-DIO with rank 510
1516709581	ID:32	RPL: Sending a multicast-DIO with rank 473
1516718509	ID:35	RPL: Sending a multicast-DIO with rank 486
1518350543	ID:36	RPL: Sending a multicast-DIO with rank 454
1519481342	ID:33	RPL: Sending a multicast-DIO with rank 510
1521709581	ID:32	RPL: Sending a multicast-DIO with rank 473
1521718509	ID:35	RPL: Sending a multicast-DIO with rank 486
1523350543	ID:36	RPL: Sending a multicast-DIO with rank 454
1523589837	ID:34	RPL: Sending a DIS to fe80::c30c:0:0:6
1524481342	ID:33	RPL: Sending a multicast-DIO with rank 510
1526709581	ID:32	RPL: Sending a multicast-DIO with rank 473
1526718509	ID:35	RPL: Sending a multicast-DIO with rank 486
1528350543	ID:36	RPL: Sending a multicast-DIO with rank 454
1529481342	ID:33	RPL: Sending a multicast-DIO with rank 510
1531709588	ID:32	RPL: Sending a multicast-DIO with rank 473
1531718509	ID:35	RPL: Sending a multicast-DIO with rank 486
1533350543	ID:36	RPL: Sending a multicast-DIO with rank 454
1534481342	ID:33	RPL: Sending a multicast-DIO with rank 510
1536709581	ID:32	RPL: Sending a multicast-DIO with rank 473
1536718509	ID:35	RPL: Sending a multicast-DIO with rank 486
1538350543	ID:36	RPL: Sending a multicast-DIO with rank 454
1539481342	ID:33	RPL: Sending a multicast-DIO with rank 510
1541709581	ID:32	RPL: Sending a multicast-DIO with rank 473
1541718509	ID:35	RPL: Sending a multicast-DIO with rank 486
1543350543	ID:36	RPL: Sending a multicast-DIO with rank 454
1544481342	ID:33	RPL: Sending a multicast-DIO with rank 510
1546709581	ID:32	RPL: Sending a multicast-DIO with rank 473
1546718509	ID:35	RPL: Sending a multicast-DIO with rank 486
1548350543	ID:36	RPL: Sending a multicast-DIO with rank 454
1549481342	ID:33	RPL: Sending a multicast-DIO with rank 510
1551709581	ID:32	RPL: Sending a multicast-DIO with rank 473
1551718509	ID:35	RPL: Sending a multicast-DIO with rank 486
1553350543	ID:36	RPL: Sending a multicast-DIO with rank 454
1554481342	ID:33	RPL: Sending a multicast-DIO with rank 510
1556709581	ID:32	RPL: Sending a multicast-DIO with rank 473
1556718509	ID:35	RPL: Sending a multicast-DIO with rank 486
1558350543	ID:36	RPL: Sending a multicast-DIO with rank 454
1559481342	ID:33	RPL: Sending a multicast-DIO with rank 510
1561709581	ID:32	RPL: Sending a multicast-DIO with rank 473
1561718509	ID:35	RPL: Sending a multicast-DIO with rank 486
1563350543	ID:36	RPL: Sending a multicast-DIO with rank 454
1564481342	ID:33	RPL: Sending a multicast-DIO with rank 510
1566709581	ID:32	RPL: Sending a multicast-DIO with rank 473
1566718509	ID:35	RPL: Sending a multicast-DIO with rank 486
1568350543	ID:36	RPL: Sending a multicast-DIO with rank 454
1569481342	ID:33	RPL: Sending a multicast-DIO with rank 510
1571709581	ID:32	RPL: Sending a multicast-DIO with rank 473
1571718509	ID:35	RPL: Sending a multicast-DIO with rank 486
1573350543	ID:36	RPL: Sending a multicast-DIO with rank 454
1574481342	ID:33	RPL: Sending a multicast-DIO with rank 510
1576709581	ID:32	RPL: Sending a multicast-DIO with rank 473
1576718509	ID:35	RPL: Sending a multicast-DIO with rank 486
1578350543	ID:36	RPL: Sending a multicast-DIO with rank 454
1579481342	ID:33	RPL: Sending a multicast-DIO with rank 510
1581709581	ID:32	RPL: Sending a multicast-DIO with rank 473
1581718509	ID:35	RPL: Sending a multicast-DIO with rank 486
1583350543	ID:36	RPL: Sending a multicast-DIO with rank 454
1583589837	ID:34	RPL: Sending a DIS to fe80::c30c:0:0:6
1584481342	ID:33	RPL: Sending a multicast-DIO with rank 510
1586709581	ID:32	RPL: Sending a multicast-DIO with rank 473
1586718509	ID:35	RPL: Sending a multicast-DIO with rank 486
1588350543	ID:36	RPL: Sending a multicast-DIO with rank 454
1589481342	ID:33	RPL: Sending a multicast-DIO with rank 510
1591709581	ID:32	RPL: Sending a multicast-DIO with rank 473
1591718509	ID:35	RPL: Sending a multicast-DIO with rank 486
1593350550	ID:36	RPL: Sending a multicast-DIO with rank 454
1594481342	ID:33	RPL: Sending a multicast-DIO with rank 510
1596709581	ID:32	RPL: Sending a multicast-DIO with rank 473
1596718509	ID:35	RPL: Sending a multicast-DIO with rank 486
1598350543	ID:36	RPL: Sending a multicast-DIO with rank 454
1599481342	ID:33	RPL: Sending a multicast-DIO with rank 510
1601709581	ID:32	RPL: Sending a multicast-DIO with rank 473
1601718516	ID:35	RPL: Sending a multicast-DIO with rank 486
1603350543	ID:36	RPL: Sending a multicast-DIO with rank 454
1604481342	ID:33	RPL: Sending a multicast-DIO with rank 510
1606709581	ID:32	RPL: Sending a multicast-DIO with rank 473
1606718509	ID:35	RPL: Sending a multicast-DIO with rank 486
1608350543	ID:36	RPL: Sending a multicast-DIO with rank 454
1609481342	ID:33	RPL: Sending a multicast-DIO with rank 510
1611709581	ID:32	RPL: Sending a multicast-DIO with rank 473
1611718509	ID:35	RPL: Sending a multicast-DIO with rank 486
1613350543	ID:36	RPL: Sending a multicast-DIO with rank 454
1614481342	ID:33	RPL: Sending a multicast-DIO with rank 510
1616709581	ID:32	RPL: Sending a multicast-DIO with rank 473
1616718509	ID:35	RPL: Sending a multicast-DIO with rank 486
1618350543	ID:36	RPL: Sending a multicast-DIO with rank 454
1619481342	ID:33	RPL: Sending a multicast-DIO with rank 510
1621709581	ID:32	RPL: Sending a multicast-DIO with rank 473
1621718509	ID:35	RPL: Sending a multicast-DIO with rank 486
1623350543	ID:36	RPL: Sending a multicast-DIO with rank 454
1624481342	ID:33	RPL: Sending a multicast-DIO with rank 510
1626709581	ID:32	RPL: Sending a multicast-DIO with rank 473
1626718509	ID:35	RPL: Sending a multicast-DIO with rank 486
1628350543	ID:36	RPL: Sending a multicast-DIO with rank 454
1629481342	ID:33	RPL: Sending a multicast-DIO with rank 510
1631709581	ID:32	RPL: Sending a multicast-DIO with rank 473
1631718509	ID:35	RPL: Sending a multicast-DIO with rank 486
1633350543	ID:36	RPL: Sending a multicast-DIO with rank 454
1634481342	ID:33	RPL: Sending a multicast-DIO with rank 510
1636709581	ID:32	RPL: Sending a multicast-DIO with rank 473
1636718509	ID:35	RPL: Sending a multicast-DIO with rank 486
1638350543	ID:36	RPL: Sending a multicast-DIO with rank 454
1639481342	ID:33	RPL: Sending a multicast-DIO with rank 510
1641709581	ID:32	RPL: Sending a multicast-DIO with rank 473
1641718509	ID:35	RPL: Sending a multicast-DIO with rank 486
1643350543	ID:36	RPL: Sending a multicast-DIO with rank 454
1643589837	ID:34	RPL: Sending a DIS to fe80::c30c:0:0:6
1644481342	ID:33	RPL: Sending a multicast-DIO with rank 510
1646709581	ID:32	RPL: Sending a multicast-DIO with rank 473
1646718509	ID:35	RPL: Sending a multicast-DIO with rank 486
1648350543	ID:36	RPL: Sending a multicast-DIO with rank 454
1649481342	ID:33	RPL: Sending a multicast-DIO with rank 510
1651709581	ID:32	RPL: Sending a multicast-DIO with rank 473
1651718509	ID:35	RPL: Sending a multicast-DIO with rank 486
1653350543	ID:36	RPL: Sending a multicast-DIO with rank 454
1654481342	ID:33	RPL: Sending a multicast-DIO with rank 510
1656709581	ID:32	RPL: Sending a multicast-DIO with rank 473
1656718509	ID:35	RPL: Sending a multicast-DIO with rank 486
1658350543	ID:36	RPL: Sending a multicast-DIO with rank 454
1659481342	ID:33	RPL: Sending a multicast-DIO with rank 510
1661709581	ID:32	RPL: Sending a multicast-DIO with rank 473
1661718509	ID:35	RPL: Sending a multicast-DIO with rank 486
1663350543	ID:36	RPL: Sending a multicast-DIO with rank 454
1664481342	ID:33	RPL: Sending a multicast-DIO with rank 510
1666709581	ID:32	RPL: Sending a multicast-DIO with rank 473
1666718509	ID:35	RPL: Sending a multicast-DIO with rank 486
1668350543	ID:36	RPL: Sending a multicast-DIO with rank 454
1669481342	ID:33	RPL: Sending a multicast-DIO with rank 510
1671709581	ID:32	RPL: Sending a multicast-DIO with rank 473
1671718509	ID:35	RPL: Sending a multicast-DIO with rank 486
1673350543	ID:36	RPL: Sending a multicast-DIO with rank 454
1674481342	ID:33	RPL: Sending a multicast-DIO with rank 510
1676709581	ID:32	RPL: Sending a multicast-DIO with rank 473
1676718509	ID:35	RPL: Sending a multicast-DIO with rank 486
1678350543	ID:36	RPL: Sending a multicast-DIO with rank 454
1679481342	ID:33	RPL: Sending a multicast-DIO with rank 510
1681709581	ID:32	RPL: Sending a multicast-DIO with rank 473
1681718509	ID:35	RPL: Sending a multicast-DIO with rank 486
1683350543	ID:36	RPL: Sending a multicast-DIO with rank 454
1684481342	ID:33	RPL: Sending a multicast-DIO with rank 510
1686709581	ID:32	RPL: Sending a multicast-DIO with rank 473
1686718509	ID:35	RPL: Sending a multicast-DIO with rank 486
1688350543	ID:36	RPL: Sending a multicast-DIO with rank 454
1689481342	ID:33	RPL: Sending a multicast-DIO with rank 510
1691709581	ID:32	RPL: Sending a multicast-DIO with rank 473
1691718509	ID:35	RPL: Sending a multicast-DIO with rank 486
1693350543	ID:36	RPL: Sending a multicast-DIO with rank 454
1694481342	ID:33	RPL: Sending a multicast-DIO with rank 510
1696709581	ID:32	RPL: Sending a multicast-DIO with rank 473
1696718509	ID:35	RPL: Sending a multicast-DIO with rank 486
1698350543	ID:36	RPL: Sending a multicast-DIO with rank 454
1699481342	ID:33	RPL: Sending a multicast-DIO with rank 510
1701709581	ID:32	RPL: Sending a multicast-DIO with rank 473
1701718509	ID:35	RPL: Sending a multicast-DIO with rank 486
1703350543	ID:36	RPL: Sending a multicast-DIO with rank 454
1703589837	ID:34	RPL: Sending a DIS to fe80::c30c:0:0:6
1704481342	ID:33	RPL: Sending a multicast-DIO with rank 510
1706709581	ID:32	RPL: Sending a multicast-DIO with rank 473
1706718509	ID:35	RPL: Sending a multicast-DIO with rank 486
1708350543	ID:36	RPL: Sending a multicast-DIO with rank 454
1709481342	ID:33	RPL: Sending a multicast-DIO with rank 510
1711709581	ID:32	RPL: Sending a multicast-DIO with rank 473
1711718509	ID:35	RPL: Sending a multicast-DIO with rank 486
1713350543	ID:36	RPL: Sending a multicast-DIO with rank 454
1714481342	ID:33	RPL: Sending a multicast-DIO with rank 510
1716709581	ID:32	RPL: Sending a multicast-DIO with rank 473
1716718509	ID:35	RPL: Sending a multicast-DIO with rank 486
1718350543	ID:36	RPL: Sending a multicast-DIO with rank 454
1719481342	ID:33	RPL: Sending a multicast-DIO with rank 510
1721709581	ID:32	RPL: Sending a multicast-DIO with rank 473
1721718509	ID:35	RPL: Sending a multicast-DIO with rank 486
1723350543	ID:36	RPL: Sending a multicast-DIO with rank 454
1724481342	ID:33	RPL: Sending a multicast-DIO with rank 510
1726709581	ID:32	RPL: Sending a multicast-DIO with rank 473
1726718509	ID:35	RPL: Sending a multicast-DIO with rank 486
1728350543	ID:36	RPL: Sending a multicast-DIO with rank 454
1729481342	ID:33	RPL: Sending a multicast-DIO with rank 510
1731709581	ID:32	RPL: Sending a multicast-DIO with rank 473
1731718509	ID:35	RPL: Sending a multicast-DIO with rank 486
1733350543	ID:36	RPL: Sending a multicast-DIO with rank 454
1734481342	ID:33	RPL: Sending a multicast-DIO with rank 510
1736709581	ID:32	RPL: Sending a multicast-DIO with rank 473
1736718509	ID:35	RPL: Sending a multicast-DIO with rank 486
1738350543	ID:36	RPL: Sending a multicast-DIO with rank 454
1739481342	ID:33	RPL: Sending a multicast-DIO with rank 510
1741709581	ID:32	RPL: Sending a multicast-DIO with rank 473
1741718509	ID:35	RPL: Sending a multicast-DIO with rank 486
1743350543	ID:36	RPL: Sending a multicast-DIO with rank 454
1744481342	ID:33	RPL: Sending a multicast-DIO with rank 510
1746709581	ID:32	RPL: Sending a multicast-DIO with rank 473
1746718509	ID:35	RPL: Sending a multicast-DIO with rank 486
1748350543	ID:36	RPL: Sending a multicast-DIO with rank 454
1749481342	ID:33	RPL: Sending a multicast-DIO with rank 510
1751709581	ID:32	RPL: Sending a multicast-DIO with rank 473
1751718509	ID:35	RPL: Sending a multicast-DIO with rank 486
1753350543	ID:36	RPL: Sending a multicast-DIO with rank 454
1754481342	ID:33	RPL: Sending a multicast-DIO with rank 510
1756709581	ID:32	RPL: Sending a multicast-DIO with rank 473
1756718509	ID:35	RPL: Sending a multicast-DIO with rank 486
1758350543	ID:36	RPL: Sending a multicast-DIO with rank 454
1759481342	ID:33	RPL: Sending a multicast-DIO with rank 510
1761709581	ID:32	RPL: Sending a multicast-DIO with rank 473
1761718509	ID:35	RPL: Sending a multicast-DIO with rank 486
1763350543	ID:36	RPL: Sending a multicast-DIO with rank 454
1763589837	ID:34	RPL: Sending a DIS to fe80::c30c:0:0:6
1764481342	ID:33	RPL: Sending a multicast-DIO with rank 510
1766709581	ID:32	RPL: Sending a multicast-DIO with rank 473
1766718509	ID:35	RPL: Sending a multicast-DIO with rank 486
1768350543	ID:36	RPL: Sending a multicast-DIO with rank 454
1769481342	ID:33	RPL: Sending a multicast-DIO with rank 510
1771709581	ID:32	RPL: Sending a multicast-DIO with rank 473
1771718509	ID:35	RPL: Sending a multicast-DIO with rank 486
1773350543	ID:36	RPL: Sending a multicast-DIO with rank 454
1774481342	ID:33	RPL: Sending a multicast-DIO with rank 510
1776709581	ID:32	RPL: Sending a multicast-DIO with rank 473
1776718509	ID:35	RPL: Sending a multicast-DIO with rank 486
1778350543	ID:36	RPL: Sending a multicast-DIO with rank 454
1779481342	ID:33	RPL: Sending a multicast-DIO with rank 510
1781709581	ID:32	RPL: Sending a multicast-DIO with rank 473
1781718509	ID:35	RPL: Sending a multicast-DIO with rank 486
1783350543	ID:36	RPL: Sending a multicast-DIO with rank 454
1784481342	ID:33	RPL: Sending a multicast-DIO with rank 510
1786709581	ID:32	RPL: Sending a multicast-DIO with rank 473
1786718509	ID:35	RPL: Sending a multicast-DIO with rank 486
1788350543	ID:36	RPL: Sending a multicast-DIO with rank 454
1789481342	ID:33	RPL: Sending a multicast-DIO with rank 510
1791709581	ID:32	RPL: Sending a multicast-DIO with rank 473
1791718509	ID:35	RPL: Sending a multicast-DIO with rank 486
1793350543	ID:36	RPL: Sending a multicast-DIO with rank 454
1794481342	ID:33	RPL: Sending a multicast-DIO with rank 510
1796709581	ID:32	RPL: Sending a multicast-DIO with rank 473
1796718509	ID:35	RPL: Sending a multicast-DIO with rank 486
1798350543	ID:36	RPL: Sending a multicast-DIO with rank 454
1799481342	ID:33	RPL: Sending a multicast-DIO with rank 510
