30216310	ID:34	RPL: Sending a DIS to fe80::c30c:0:0:6
30276344	ID:32	RPL: Sending a DIS to fe80::c30c:0:0:3
30435264	ID:35	RPL: Sending a DIS to fe80::c30c:0:0:7
30443737	ID:33	RPL: Sending a DIS to fe80::c30c:0:0:2
31051943	ID:36	RPL: Sending a DIS to fe80::c30c:0:0:8
36371544	ID:34	RPL: Received a DIO from fe80::c30c:0:0:6
36375319	ID:34	RPL: Incoming DIO (id, ver, rank) = (30,240,548)
36379817	ID:34	RPL: Incoming DIO (dag_id, pref) = (fd00::ff:fe00:1, 0)
36382043	ID:34	RPL: DIO option 4, length: 14
36387950	ID:34	RPL: DAG conf:dbl=8, min=12 red=3 maxinc=896 mininc=128 ocp=1 d_l=10 l_u=60
36390182	ID:34	RPL: DIO option 8, length: 30
36392451	ID:34	RPL: Copying prefix information
36401919	ID:34	RPL: Neighbor added to neighbor cache fe80::c30c:0:0:6, c1:0c:00:00:00:00:00:06
36567252	ID:32	RPL: Received a DIO from fe80::c30c:0:0:3
36571021	ID:32	RPL: Incoming DIO (id, ver, rank) = (30,240,457)
36575540	ID:32	RPL: Incoming DIO (dag_id, pref) = (fd00::ff:fe00:1, 0)
36577765	ID:32	RPL: DIO option 4, length: 14
36583709	ID:32	RPL: DAG conf:dbl=8, min=12 red=3 maxinc=896 mininc=128 ocp=1 d_l=10 l_u=60
36585935	ID:32	RPL: DIO option 8, length: 30
36588203	ID:32	RPL: Copying prefix information
36597819	ID:32	RPL: Neighbor added to neighbor cache fe80::c30c:0:0:3, c1:0c:00:00:00:00:00:03
37353079	ID:35	RPL: Received a DIO from fe80::c30c:0:0:7
37356849	ID:35	RPL: Incoming DIO (id, ver, rank) = (30,240,601)
37361386	ID:35	RPL: Incoming DIO (dag_id, pref) = (fd00::ff:fe00:1, 0)
37363611	ID:35	RPL: DIO option 4, length: 14
37369533	ID:35	RPL: DAG conf:dbl=8, min=12 red=3 maxinc=896 mininc=128 ocp=1 d_l=10 l_u=60
37371759	ID:35	RPL: DIO option 8, length: 30
37374028	ID:35	RPL: Copying prefix information
37383779	ID:35	RPL: Neighbor added to neighbor cache fe80::c30c:0:0:7, c1:0c:00:00:00:00:00:07
41408034	ID:34	RPL: Sending a multicast-DIO with rank 548
41603074	ID:32	RPL: Sending a multicast-DIO with rank 457
42387066	ID:35	RPL: Sending a multicast-DIO with rank 601
46408013	ID:34	RPL: Sending a multicast-DIO with rank 548
46603053	ID:32	RPL: Sending a multicast-DIO with rank 457
47387045	ID:35	RPL: Sending a multicast-DIO with rank 601
51408014	ID:34	RPL: Sending a multicast-DIO with rank 548
51603053	ID:32	RPL: Sending a multicast-DIO with rank 457
52387045	ID:35	RPL: Sending a multicast-DIO with rank 601
56408014	ID:34	RPL: Sending a multicast-DIO with rank 548
56603053	ID:32	RPL: Sending a multicast-DIO with rank 457
57387045	ID:35	RPL: Sending a multicast-DIO with rank 601
61408014	ID:34	RPL: Sending a multicast-DIO with rank 548
61603053	ID:32	RPL: Sending a multicast-DIO with rank 457
62387045	ID:35	RPL: Sending a multicast-DIO with rank 601
62833994	ID:36	RPL: Sending a DIS to fe80::c30c:0:0:8
66408013	ID:34	RPL: Sending a multicast-DIO with rank 548
66603053	ID:32	RPL: Sending a multicast-DIO with rank 457
67387044	ID:35	RPL: Sending a multicast-DIO with rank 601
68222913	ID:33	RPL: Sending a DIS to fe80::c30c:0:0:2
71408013	ID:34	RPL: Sending a multicast-DIO with rank 548
71603053	ID:32	RPL: Sending a multicast-DIO with rank 457
72387044	ID:35	RPL: Sending a multicast-DIO with rank 601
76408013	ID:34	RPL: Sending a multicast-DIO with rank 548
76603053	ID:32	RPL: Sending a multicast-DIO with rank 457
77387044	ID:35	RPL: Sending a multicast-DIO with rank 601
81408013	ID:34	RPL: Sending a multicast-DIO with rank 548
81603053	ID:32	RPL: Sending a multicast-DIO with rank 457
82387044	ID:35	RPL: Sending a multicast-DIO with rank 601
86408013	ID:34	RPL: Sending a multicast-DIO with rank 548
86603053	ID:32	RPL: Sending a multicast-DIO with rank 457
87387044	ID:35	RPL: Sending a multicast-DIO with rank 601
91408001	ID:34	RPL: Sending a multicast-DIO with rank 548
91603040	ID:32	RPL: Sending a multicast-DIO with rank 457
92387032	ID:35	RPL: Sending a multicast-DIO with rank 601
96408001	ID:34	RPL: Sending a multicast-DIO with rank 548
96603040	ID:32	RPL: Sending a multicast-DIO with rank 457
97387032	ID:35	RPL: Sending a multicast-DIO with rank 601
101408001	ID:34	RPL: Sending a multicast-DIO with rank 548
101603040	ID:32	RPL: Sending a multicast-DIO with rank 457
102387032	ID:35	RPL: Sending a multicast-DIO with rank 601
106408001	ID:34	RPL: Sending a multicast-DIO with rank 548
106603040	ID:32	RPL: Sending a multicast-DIO with rank 457
107387032	ID:35	RPL: Sending a multicast-DIO with rank 601
111408001	ID:34	RPL: Sending a multicast-DIO with rank 548
111603040	ID:32	RPL: Sending a multicast-DIO with rank 457
112387032	ID:35	RPL: Sending a multicast-DIO with rank 601
116408001	ID:34	RPL: Sending a multicast-DIO with rank 548
116603040	ID:32	RPL: Sending a multicast-DIO with rank 457
117387032	ID:35	RPL: Sending a multicast-DIO with rank 601
121408001	ID:34	RPL: Sending a multicast-DIO with rank 548
121603040	ID:32	RPL: Sending a multicast-DIO with rank 457
122387032	ID:35	RPL: Sending a multicast-DIO with rank 601
122833981	ID:36	RPL: Sending a DIS to fe80::c30c:0:0:8
126408001	ID:34	RPL: Sending a multicast-DIO with rank 548
126603040	ID:32	RPL: Sending a multicast-DIO with rank 457
127387032	ID:35	RPL: Sending a multicast-DIO with rank 601
128222900	ID:33	RPL: Sending a DIS to fe80::c30c:0:0:2
131408001	ID:34	RPL: Sending a multicast-DIO with rank 548
131603040	ID:32	RPL: Sending a multicast-DIO with rank 457
132387032	ID:35	RPL: Sending a multicast-DIO with rank 601
136408001	ID:34	RPL: Sending a multicast-DIO with rank 548
136603040	ID:32	RPL: Sending a multicast-DIO with rank 457
137387032	ID:35	RPL: Sending a multicast-DIO with rank 601
141408001	ID:34	RPL: Sending a multicast-DIO with rank 548
141603040	ID:32	RPL: Sending a multicast-DIO with rank 457
142387032	ID:35	RPL: Sending a multicast-DIO with rank 601
146408001	ID:34	RPL: Sending a multicast-DIO with rank 548
146603040	ID:32	RPL: Sending a multicast-DIO with rank 457
147387032	ID:35	RPL: Sending a multicast-DIO with rank 601
151408001	ID:34	RPL: Sending a multicast-DIO with rank 548
151603040	ID:32	RPL: Sending a multicast-DIO with rank 457
152387032	ID:35	RPL: Sending a multicast-DIO with rank 601
156408001	ID:34	RPL: Sending a multicast-DIO with rank 548
156603040	ID:32	RPL: Sending a multicast-DIO with rank 457
157387032	ID:35	RPL: Sending a multicast-DIO with rank 601
161408001	ID:34	RPL: Sending a multicast-DIO with rank 548
161603040	ID:32	RPL: Sending a multicast-DIO with rank 457
162387032	ID:35	RPL: Sending a multicast-DIO with rank 601
166408001	ID:34	RPL: Sending a multicast-DIO with rank 548
166603040	ID:32	RPL: Sending a multicast-DIO with rank 457
167387032	ID:35	RPL: Sending a multicast-DIO with rank 601
171408001	ID:34	RPL: Sending a multicast-DIO with rank 548
171603040	ID:32	RPL: Sending a multicast-DIO with rank 457
172387032	ID:35	RPL: Sending a multicast-DIO with rank 601
176408001	ID:34	RPL: Sending a multicast-DIO with rank 548
176603040	ID:32	RPL: Sending a multicast-DIO with rank 457
177387032	ID:35	RPL: Sending a multicast-DIO with rank 601
181408001	ID:34	RPL: Sending a multicast-DIO with rank 548
181603040	ID:32	RPL: Sending a multicast-DIO with rank 457
182387032	ID:35	RPL: Sending a multicast-DIO with rank 601
182833981	ID:36	RPL: Sending a DIS to fe80::c30c:0:0:8
186408001	ID:34	RPL: Sending a multicast-DIO with rank 548
186603040	ID:32	RPL: Sending a multicast-DIO with rank 457
187387032	ID:35	RPL: Sending a multicast-DIO with rank 601
188222900	ID:33	RPL: Sending a DIS to fe80::c30c:0:0:2
191408001	ID:34	RPL: Sending a multicast-DIO with rank 548
191603040	ID:32	RPL: Sending a multicast-DIO with rank 457
192387032	ID:35	RPL: Sending a multicast-DIO with rank 601
196408001	ID:34	RPL: Sending a multicast-DIO with rank 548
196603040	ID:32	RPL: Sending a multicast-DIO with rank 457
197387032	ID:35	RPL: Sending a multicast-DIO with rank 601
201408001	ID:34	RPL: Sending a multicast-DIO with rank 548
201603040	ID:32	RPL: Sending a multicast-DIO with rank 457
202387032	ID:35	RPL: Sending a multicast-DIO with rank 601
206408001	ID:34	RPL: Sending a multicast-DIO with rank 548
206603040	ID:32	RPL: Sending a multicast-DIO with rank 457
207387032	ID:35	RPL: Sending a multicast-DIO with rank 601
211408001	ID:34	RPL: Sending a multicast-DIO with rank 548
211603040	ID:32	RPL: Sending a multicast-DIO with rank 457
212387032	ID:35	RPL: Sending a multicast-DIO with rank 601
216408001	ID:34	RPL: Sending a multicast-DIO with rank 548
216603040	ID:32	RPL: Sending a multicast-DIO with rank 457
217387032	ID:35	RPL: Sending a multicast-DIO with rank 601
221408001	ID:34	RPL: Sending a multicast-DIO with rank 548
221603040	ID:32	RPL: Sending a multicast-DIO with rank 457
222387032	ID:35	RPL: Sending a multicast-DIO with rank 601
226408001	ID:34	RPL: Sending a multicast-DIO with rank 548
226603040	ID:32	RPL: Sending a multicast-DIO with rank 457
227387032	ID:35	RPL: Sending a multicast-DIO with rank 601
231408001	ID:34	RPL: Sending a multicast-DIO with rank 548
231603040	ID:32	RPL: Sending a multicast-DIO with rank 457
232387032	ID:35	RPL: Sending a multicast-DIO with rank 601
236408001	ID:34	RPL: Sending a multicast-DIO with rank 548
236603040	ID:32	RPL: Sending a multicast-DIO with rank 457
237387032	ID:35	RPL: Sending a multicast-DIO with rank 601
241408001	ID:34	RPL: Sending a multicast-DIO with rank 548
241603040	ID:32	RPL: Sending a multicast-DIO with rank 457
242387032	ID:35	RPL: Sending a multicast-DIO with rank 601
242833981	ID:36	RPL: Sending a DIS to fe80::c30c:0:0:8
246408001	ID:34	RPL: Sending a multicast-DIO with rank 548
246603040	ID:32	RPL: Sending a multicast-DIO with rank 457
247387032	ID:35	RPL: Sending a multicast-DIO with rank 601
248222900	ID:33	RPL: Sending a DIS to fe80::c30c:0:0:2
251408001	ID:34	RPL: Sending a multicast-DIO with rank 548
251603040	ID:32	RPL: Sending a multicast-DIO with rank 457
252387032	ID:35	RPL: Sending a multicast-DIO with rank 601
256408001	ID:34	RPL: Sending a multicast-DIO with rank 548
256603040	ID:32	RPL: Sending a multicast-DIO with rank 457
257387032	ID:35	RPL: Sending a multicast-DIO with rank 601
261408001	ID:34	RPL: Sending a multicast-DIO with rank 548
261603040	ID:32	RPL: Sending a multicast-DIO with rank 457
262387032	ID:35	RPL: Sending a multicast-DIO with rank 601
266408001	ID:34	RPL: Sending a multicast-DIO with rank 548
266603040	ID:32	RPL: Sending a multicast-DIO with rank 457
267387032	ID:35	RPL: Sending a multicast-DIO with rank 601
271408001	ID:34	RPL: Sending a multicast-DIO with rank 548
271603040	ID:32	RPL: Sending a multicast-DIO with rank 457
272387032	ID:35	RPL: Sending a multicast-DIO with rank 601
276408001	ID:34	RPL: Sending a multicast-DIO with rank 548
276603040	ID:32	RPL: Sending a multicast-DIO with rank 457
277387032	ID:35	RPL: Sending a multicast-DIO with rank 601
281408001	ID:34	RPL: Sending a multicast-DIO with rank 548
281603040	ID:32	RPL: Sending a multicast-DIO with rank 457
282387032	ID:35	RPL: Sending a multicast-DIO with rank 601
286408001	ID:34	RPL: Sending a multicast-DIO with rank 548
286603040	ID:32	RPL: Sending a multicast-DIO with rank 457
287387032	ID:35	RPL: Sending a multicast-DIO with rank 601
291408001	ID:34	RPL: Sending a multicast-DIO with rank 548
291603040	ID:32	RPL: Sending a multicast-DIO with rank 457
292387032	ID:35	RPL: Sending a multicast-DIO with rank 601
296408001	ID:34	RPL: Sending a multicast-DIO with rank 548
296603040	ID:32	RPL: Sending a multicast-DIO with rank 457
297387032	ID:35	RPL: Sending a multicast-DIO with rank 601
301408001	ID:34	RPL: Sending a multicast-DIO with rank 548
301603040	ID:32	RPL: Sending a multicast-DIO with rank 457
302387032	ID:35	RPL: Sending a multicast-DIO with rank 601
302833981	ID:36	RPL: Sending a DIS to fe80::c30c:0:0:8
306408001	ID:34	RPL: Sending a multicast-DIO with rank 548
306603040	ID:32	RPL: Sending a multicast-DIO with rank 457
307387032	ID:35	RPL: Sending a multicast-DIO with rank 601
308222900	ID:33	RPL: Sending a DIS to fe80::c30c:0:0:2
311408001	ID:34	RPL: Sending a multicast-DIO with rank 548
311603040	ID:32	RPL: Sending a multicast-DIO with rank 457
312387032	ID:35	RPL: Sending a multicast-DIO with rank 601
316408001	ID:34	RPL: Sending a multicast-DIO with rank 548
316603040	ID:32	RPL: Sending a multicast-DIO with rank 457
317387032	ID:35	RPL: Sending a multicast-DIO with rank 601
321408001	ID:34	RPL: Sending a multicast-DIO with rank 548
321603040	ID:32	RPL: Sending a multicast-DIO with rank 457
322387032	ID:35	RPL: Sending a multicast-DIO with rank 601
326408001	ID:34	RPL: Sending a multicast-DIO with rank 548
326603040	ID:32	RPL: Sending a multicast-DIO with rank 457
327387032	ID:35	RPL: Sending a multicast-DIO with rank 601
331408001	ID:34	RPL: Sending a multicast-DIO with rank 548
331603040	ID:32	RPL: Sending a multicast-DIO with rank 457
332387032	ID:35	RPL: Sending a multicast-DIO with rank 601
336408001	ID:34	RPL: Sending a multicast-DIO with rank 548
336603040	ID:32	RPL: Sending a multicast-DIO with rank 457
337387032	ID:35	RPL: Sending a multicast-DIO with rank 601
341408001	ID:34	RPL: Sending a multicast-DIO with rank 548
341603040	ID:32	RPL: Sending a multicast-DIO with rank 457
342387032	ID:35	RPL: Sending a multicast-DIO with rank 601
346408001	ID:34	RPL: Sending a multicast-DIO with rank 548
346603040	ID:32	RPL: Sending a multicast-DIO with rank 457
347387032	ID:35	RPL: Sending a multicast-DIO with rank 601
351408001	ID:34	RPL: Sending a multicast-DIO with rank 548
351603040	ID:32	RPL: Sending a multicast-DIO with rank 457
352387032	ID:35	RPL: Sending a multicast-DIO with rank 601
356408001	ID:34	RPL: Sending a multicast-DIO with rank 548
356603047	ID:32	RPL: Sending a multicast-DIO with rank 457
357387032	ID:35	RPL: Sending a multicast-DIO with rank 601
361408001	ID:34	RPL: Sending a multicast-DIO with rank 548
361603040	ID:32	RPL: Sending a multicast-DIO with rank 457
362387032	ID:35	RPL: Sending a multicast-DIO with rank 601
362833981	ID:36	RPL: Sending a DIS to fe80::c30c:0:0:8
366408001	ID:34	RPL: Sending a multicast-DIO with rank 548
366603040	ID:32	RPL: Sending a multicast-DIO with rank 457
367387032	ID:35	RPL: Sending a multicast-DIO with rank 601
368222900	ID:33	RPL: Sending a DIS to fe80::c30c:0:0:2
371408001	ID:34	RPL: Sending a multicast-DIO with rank 548
371603040	ID:32	RPL: Sending a multicast-DIO with rank 457
372387032	ID:35	RPL: Sending a multicast-DIO with rank 601
376408001	ID:34	RPL: Sending a multicast-DIO with rank 548
376603040	ID:32	RPL: Sending a multicast-DIO with rank 457
377387032	ID:35	RPL: Sending a multicast-DIO with rank 601
381408001	ID:34	RPL: Sending a multicast-DIO with rank 548
381603040	ID:32	RPL: Sending a multicast-DIO with rank 457
382387032	ID:35	RPL: Sending a multicast-DIO with rank 601
386408001	ID:34	RPL: Sending a multicast-DIO with rank 548
386603040	ID:32	RPL: Sending a multicast-DIO with rank 457
387387032	ID:35	RPL: Sending a multicast-DIO with rank 601
391408001	ID:34	RPL: Sending a multicast-DIO with rank 548
391603040	ID:32	RPL: Sending a multicast-DIO with rank 457
392387032	ID:35	RPL: Sending a multicast-DIO with rank 601
396408001	ID:34	RPL: Sending a multicast-DIO with rank 548
396603040	ID:32	RPL: Sending a multicast-DIO with rank 457
397387032	ID:35	RPL: Sending a multicast-DIO with rank 601
401408001	ID:34	RPL: Sending a multicast-DIO with rank 548
401603040	ID:32	RPL: Sending a multicast-DIO with rank 457
402387032	ID:35	RPL: Sending a multicast-DIO with rank 601
406408001	ID:34	RPL: Sending a multicast-DIO with rank 548
406603040	ID:32	RPL: Sending a multicast-DIO with rank 457
407387032	ID:35	RPL: Sending a multicast-DIO with rank 601
411408001	ID:34	RPL: Sending a multicast-DIO with rank 548
411603040	ID:32	RPL: Sending a multicast-DIO with rank 457
412387032	ID:35	RPL: Sending a multicast-DIO with rank 601
416408001	ID:34	RPL: Sending a multicast-DIO with rank 548
416603040	ID:32	RPL: Sending a multicast-DIO with rank 457
417387032	ID:35	RPL: Sending a multicast-DIO with rank 601
421408001	ID:34	RPL: Sending a multicast-DIO with rank 548
421603040	ID:32	RPL: Sending a multicast-DIO with rank 457
422387032	ID:35	RPL: Sending a multicast-DIO with rank 601
422833981	ID:36	RPL: Sending a DIS to fe80::c30c:0:0:8
426408001	ID:34	RPL: Sending a multicast-DIO with rank 548
426603040	ID:32	RPL: Sending a multicast-DIO with rank 457
427387038	ID:35	RPL: Sending a multicast-DIO with rank 601
428222900	ID:33	RPL: Sending a DIS to fe80::c30c:0:0:2
431408008	ID:34	RPL: Sending a multicast-DIO with rank 548
431603040	ID:32	RPL: Sending a multicast-DIO with rank 457
432387032	ID:35	RPL: Sending a multicast-DIO with rank 601
436408001	ID:34	RPL: Sending a multicast-DIO with rank 548
436603040	ID:32	RPL: Sending a multicast-DIO with rank 457
437387032	ID:35	RPL: Sending a multicast-DIO with rank 601
441408001	ID:34	RPL: Sending a multicast-DIO with rank 548
441603040	ID:32	RPL: Sending a multicast-DIO with rank 457
442387032	ID:35	RPL: Sending a multicast-DIO with rank 601
446408001	ID:34	RPL: Sending a multicast-DIO with rank 548
446603040	ID:32	RPL: Sending a multicast-DIO with rank 457
447387032	ID:35	RPL: Sending a multicast-DIO with rank 601
451408001	ID:34	RPL: Sending a multicast-DIO with rank 548
451603040	ID:32	RPL: Sending a multicast-DIO with rank 457
452387032	ID:35	RPL: Sending a multicast-DIO with rank 601
456408001	ID:34	RPL: Sending a multicast-DIO with rank 548
456603040	ID:32	RPL: Sending a multicast-DIO with rank 457
457387032	ID:35	RPL: Sending a multicast-DIO with rank 601
461408001	ID:34	RPL: Sending a multicast-DIO with rank 548
461603040	ID:32	RPL: Sending a multicast-DIO with rank 457
462387032	ID:35	RPL: Sending a multicast-DIO with rank 601
466408001	ID:34	RPL: Sending a multicast-DIO with rank 548
466603040	ID:32	RPL: Sending a multicast-DIO with rank 457
467387032	ID:35	RPL: Sending a multicast-DIO with rank 601
471408001	ID:34	RPL: Sending a multicast-DIO with rank 548
471603040	ID:32	RPL: Sending a multicast-DIO with rank 457
472387032	ID:35	RPL: Sending a multicast-DIO with rank 601
476408001	ID:34	RPL: Sending a multicast-DIO with rank 548
476603040	ID:32	RPL: Sending a multicast-DIO with rank 457
477387032	ID:35	RPL: Sending a multicast-DIO with rank 601
481408001	ID:34	RPL: Sending a multicast-DIO with rank 548
481603040	ID:32	RPL: Sending a multicast-DIO with rank 457
482387032	ID:35	RPL: Sending a multicast-DIO with rank 601
482834489	ID:36	RPL: Sending a DIS to fe80::c30c:0:0:8
486408001	ID:34	RPL: Sending a multicast-DIO with rank 548
486603040	ID:32	RPL: Sending a multicast-DIO with rank 457
487387032	ID:35	RPL: Sending a multicast-DIO with rank 601
488222900	ID:33	RPL: Sending a DIS to fe80::c30c:0:0:2
491408001	ID:34	RPL: Sending a multicast-DIO with rank 548
491603040	ID:32	RPL: Sending a multicast-DIO with rank 457
492387032	ID:35	RPL: Sending a multicast-DIO with rank 601
496408001	ID:34	RPL: Sending a multicast-DIO with rank 548
496603040	ID:32	RPL: Sending a multicast-DIO with rank 457
497387032	ID:35	RPL: Sending a multicast-DIO with rank 601
501408001	ID:34	RPL: Sending a multicast-DIO with rank 548
501603040	ID:32	RPL: Sending a multicast-DIO with rank 457
502387032	ID:35	RPL: Sending a multicast-DIO with rank 601
506408001	ID:34	RPL: Sending a multicast-DIO with rank 548
506603040	ID:32	RPL: Sending a multicast-DIO with rank 457
507387032	ID:35	RPL: Sending a multicast-DIO with rank 601
511408001	ID:34	RPL: Sending a multicast-DIO with rank 548
511603040	ID:32	RPL: Sending a multicast-DIO with rank 457
512387032	ID:35	RPL: Sending a multicast-DIO with rank 601
516408001	ID:34	RPL: Sending a multicast-DIO with rank 548
516603040	ID:32	RPL: Sending a multicast-DIO with rank 457
517387032	ID:35	RPL: Sending a multicast-DIO with rank 601
521408001	ID:34	RPL: Sending a multicast-DIO with rank 548
521603040	ID:32	RPL: Sending a multicast-DIO with rank 457
522387032	ID:35	RPL: Sending a multicast-DIO with rank 601
526408001	ID:34	RPL: Sending a multicast-DIO with rank 548
526603040	ID:32	RPL: Sending a multicast-DIO with rank 457
527387032	ID:35	RPL: Sending a multicast-DIO with rank 601
531408001	ID:34	RPL: Sending a multicast-DIO with rank 548
531603040	ID:32	RPL: Sending a multicast-DIO with rank 457
532387032	ID:35	RPL: Sending a multicast-DIO with rank 601
536408001	ID:34	RPL: Sending a multicast-DIO with rank 548
536603040	ID:32	RPL: Sending a multicast-DIO with rank 457
537387032	ID:35	RPL: Sending a multicast-DIO with rank 601
541408001	ID:34	RPL: Sending a multicast-DIO with rank 548
541603040	ID:32	RPL: Sending a multicast-DIO with rank 457
542387032	ID:35	RPL: Sending a multicast-DIO with rank 601
542833981	ID:36	RPL: Sending a DIS to fe80::c30c:0:0:8
546408001	ID:34	RPL: Sending a multicast-DIO with rank 548
546603040	ID:32	RPL: Sending a multicast-DIO with rank 457
547387032	ID:35	RPL: Sending a multicast-DIO with rank 601
548222900	ID:33	RPL: Sending a DIS to fe80::c30c:0:0:2
551408001	ID:34	RPL: Sending a multicast-DIO with rank 548
551603040	ID:32	RPL: Sending a multicast-DIO with rank 457
552387032	ID:35	RPL: Sending a multicast-DIO with rank 601
556408001	ID:34	RPL: Sending a multicast-DIO with rank 548
556603040	ID:32	RPL: Sending a multicast-DIO with rank 457
557387032	ID:35	RPL: Sending a multicast-DIO with rank 601
561408001	ID:34	RPL: Sending a multicast-DIO with rank 548
561603040	ID:32	RPL: Sending a multicast-DIO with rank 457
562387032	ID:35	RPL: Sending a multicast-DIO with rank 601
566408001	ID:34	RPL: Sending a multicast-DIO with rank 548
566603040	ID:32	RPL: Sending a multicast-DIO with rank 457
567387032	ID:35	RPL: Sending a multicast-DIO with rank 601
571408001	ID:34	RPL: Sending a multicast-DIO with rank 548
571603040	ID:32	RPL: Sending a multicast-DIO with rank 457
572387032	ID:35	RPL: Sending a multicast-DIO with rank 601
576408001	ID:34	RPL: Sending a multicast-DIO with rank 548
576603040	ID:32	RPL: Sending a multicast-DIO with rank 457
577387032	ID:35	RPL: Sending a multicast-DIO with rank 601
581408001	ID:34	RPL: Sending a multicast-DIO with rank 548
581603040	ID:32	RPL: Sending a multicast-DIO with rank 457
582387032	ID:35	RPL: Sending a multicast-DIO with rank 601
586408001	ID:34	RPL: Sending a multicast-DIO with rank 548
586603040	ID:32	RPL: Sending a multicast-DIO with rank 457
587387032	ID:35	RPL: Sending a multicast-DIO with rank 601
591408001	ID:34	RPL: Sending a multicast-DIO with rank 548
591603040	ID:32	RPL: Sending a multicast-DIO with rank 457
592387032	ID:35	RPL: Sending a multicast-DIO with rank 601
596408001	ID:34	RPL: Sending a multicast-DIO with rank 548
596603040	ID:32	RPL: Sending a multicast-DIO with rank 457
597387032	ID:35	RPL: Sending a multicast-DIO with rank 601
601408001	ID:34	RPL: Sending a multicast-DIO with rank 548
601603040	ID:32	RPL: Sending a multicast-DIO with rank 457
602387032	ID:35	RPL: Sending a multicast-DIO with rank 601
602833981	ID:36	RPL: Sending a DIS to fe80::c30c:0:0:8
606408001	ID:34	RPL: Sending a multicast-DIO with rank 548
606603040	ID:32	RPL: Sending a multicast-DIO with rank 457
607387032	ID:35	RPL: Sending a multicast-DIO with rank 601
608222900	ID:33	RPL: Sending a DIS to fe80::c30c:0:0:2
611408001	ID:34	RPL: Sending a multicast-DIO with rank 548
611603040	ID:32	RPL: Sending a multicast-DIO with rank 457
612387032	ID:35	RPL: Sending a multicast-DIO with rank 601
616408001	ID:34	RPL: Sending a multicast-DIO with rank 548
616603040	ID:32	RPL: Sending a multicast-DIO with rank 457
617387032	ID:35	RPL: Sending a multicast-DIO with rank 601
621408001	ID:34	RPL: Sending a multicast-DIO with rank 548
621603040	ID:32	RPL: Sending a multicast-DIO with rank 457
622387032	ID:35	RPL: Sending a multicast-DIO with rank 601
626408001	ID:34	RPL: Sending a multicast-DIO with rank 548
626603040	ID:32	RPL: Sending a multicast-DIO with rank 457
627387032	ID:35	RPL: Sending a multicast-DIO with rank 601
631408001	ID:34	RPL: Sending a multicast-DIO with rank 548
631603040	ID:32	RPL: Sending a multicast-DIO with rank 457
632387032	ID:35	RPL: Sending a multicast-DIO with rank 601
636408001	ID:34	RPL: Sending a multicast-DIO with rank 548
636603040	ID:32	RPL: Sending a multicast-DIO with rank 457
637387032	ID:35	RPL: Sending a multicast-DIO with rank 601
641408001	ID:34	RPL: Sending a multicast-DIO with rank 548
641603040	ID:32	RPL: Sending a multicast-DIO with rank 457
642387032	ID:35	RPL: Sending a multicast-DIO with rank 601
646408001	ID:34	RPL: Sending a multicast-DIO with rank 548
646603040	ID:32	RPL: Sending a multicast-DIO with rank 457
647387032	ID:35	RPL: Sending a multicast-DIO with rank 601
651408001	ID:34	RPL: Sending a multicast-DIO with rank 548
651603040	ID:32	RPL: Sending a multicast-DIO with rank 457
652387032	ID:35	RPL: Sending a multicast-DIO with rank 601
656408001	ID:34	RPL: Sending a multicast-DIO with rank 548
656603040	ID:32	RPL: Sending a multicast-DIO with rank 457
657387032	ID:35	RPL: Sending a multicast-DIO with rank 601
661408001	ID:34	RPL: Sending a multicast-DIO with rank 548
661603040	ID:32	RPL: Sending a multicast-DIO with rank 457
662387032	ID:35	RPL: Sending a multicast-DIO with rank 601
662833981	ID:36	RPL: Sending a DIS to fe80::c30c:0:0:8
666408001	ID:34	RPL: Sending a multicast-DIO with rank 548
666603040	ID:32	RPL: Sending a multicast-DIO with rank 457
667387032	ID:35	RPL: Sending a multicast-DIO with rank 601
668222900	ID:33	RPL: Sending a DIS to fe80::c30c:0:0:2
671408001	ID:34	RPL: Sending a multicast-DIO with rank 548
671603040	ID:32	RPL: Sending a multicast-DIO with rank 457
672387032	ID:35	RPL: Sending a multicast-DIO with rank 601
676408001	ID:34	RPL: Sending a multicast-DIO with rank 548
676603040	ID:32	RPL: Sending a multicast-DIO with rank 457
677387032	ID:35	RPL: Sending a multicast-DIO with rank 601
681408001	ID:34	RPL: Sending a multicast-DIO with rank 548
681603040	ID:32	RPL: Sending a multicast-DIO with rank 457
682387032	ID:35	RPL: Sending a multicast-DIO with rank 601
686408001	ID:34	RPL: Sending a multicast-DIO with rank 548
686603047	ID:32	RPL: Sending a multicast-DIO with rank 457
687387032	ID:35	RPL: Sending a multicast-DIO with rank 601
691408001	ID:34	RPL: Sending a multicast-DIO with rank 548
691603040	ID:32	RPL: Sending a multicast-DIO with rank 457
692387032	ID:35	RPL: Sending a multicast-DIO with rank 601
696408001	ID:34	RPL: Sending a multicast-DIO with rank 548
696603041	ID:32	RPL: Sending a multicast-DIO with rank 457
697387032	ID:35	RPL: Sending a multicast-DIO with rank 601
701408001	ID:34	RPL: Sending a multicast-DIO with rank 548
701603041	ID:32	RPL: Sending a multicast-DIO with rank 457
702387032	ID:35	RPL: Sending a multicast-DIO with rank 601
706408001	ID:34	RPL: Sending a multicast-DIO with rank 548
706603041	ID:32	RPL: Sending a multicast-DIO with rank 457
707387032	ID:35	RPL: Sending a multicast-DIO with rank 601
711408001	ID:34	RPL: Sending a multicast-DIO with rank 548
711603041	ID:32	RPL: Sending a multicast-DIO with rank 457
712387032	ID:35	RPL: Sending a multicast-DIO with rank 601
716408001	ID:34	RPL: Sending a multicast-DIO with rank 548
716603041	ID:32	RPL: Sending a multicast-DIO with rank 457
717387032	ID:35	RPL: Sending a multicast-DIO with rank 601
721408001	ID:34	RPL: Sending a multicast-DIO with rank 548
721603041	ID:32	RPL: Sending a multicast-DIO with rank 457
722387032	ID:35	RPL: Sending a multicast-DIO with rank 601
722834490	ID:36	RPL: Sending a DIS to fe80::c30c:0:0:8
726408001	ID:34	RPL: Sending a multicast-DIO with rank 548
726603041	ID:32	RPL: Sending a multicast-DIO with rank 457
727387032	ID:35	RPL: Sending a multicast-DIO with rank 601
728222900	ID:33	RPL: Sending a DIS to fe80::c30c:0:0:2
731408001	ID:34	RPL: Sending a multicast-DIO with rank 548
731603041	ID:32	RPL: Sending a multicast-DIO with rank 457
732387032	ID:35	RPL: Sending a multicast-DIO with rank 601
736408001	ID:34	RPL: Sending a multicast-DIO with rank 548
736603041	ID:32	RPL: Sending a multicast-DIO with rank 457
737387032	ID:35	RPL: Sending a multicast-DIO with rank 601
741408001	ID:34	RPL: Sending a multicast-DIO with rank 548
741603041	ID:32	RPL: Sending a multicast-DIO with rank 457
742387032	ID:35	RPL: Sending a multicast-DIO with rank 601
746408001	ID:34	RPL: Sending a multicast-DIO with rank 548
746603041	ID:32	RPL: Sending a multicast-DIO with rank 457
747387032	ID:35	RPL: Sending a multicast-DIO with rank 601
751408001	ID:34	RPL: Sending a multicast-DIO with rank 548
751603041	ID:32	RPL: Sending a multicast-DIO with rank 457
752387032	ID:35	RPL: Sending a multicast-DIO with rank 601
756408001	ID:34	RPL: Sending a multicast-DIO with rank 548
756603040	ID:32	RPL: Sending a multicast-DIO with rank 457
757387032	ID:35	RPL: Sending a multicast-DIO with rank 601
761408001	ID:34	RPL: Sending a multicast-DIO with rank 548
761603041	ID:32	RPL: Sending a multicast-DIO with rank 457
762387032	ID:35	RPL: Sending a multicast-DIO with rank 601
766408001	ID:34	RPL: Sending a multicast-DIO with rank 548
766603041	ID:32	RPL: Sending a multicast-DIO with rank 457
767387032	ID:35	RPL: Sending a multicast-DIO with rank 601
771408001	ID:34	RPL: Sending a multicast-DIO with rank 548
771603041	ID:32	RPL: Sending a multicast-DIO with rank 457
772387032	ID:35	RPL: Sending a multicast-DIO with rank 601
776408001	ID:34	RPL: Sending a multicast-DIO with rank 548
776603041	ID:32	RPL: Sending a multicast-DIO with rank 457
777387032	ID:35	RPL: Sending a multicast-DIO with rank 601
781408001	ID:34	RPL: Sending a multicast-DIO with rank 548
781603041	ID:32	RPL: Sending a multicast-DIO with rank 457
782387032	ID:35	RPL: Sending a multicast-DIO with rank 601
782833981	ID:36	RPL: Sending a DIS to fe80::c30c:0:0:8
786408001	ID:34	RPL: Sending a multicast-DIO with rank 548
786603041	ID:32	RPL: Sending a multicast-DIO with rank 457
787387032	ID:35	RPL: Sending a multicast-DIO with rank 601
788222900	ID:33	RPL: Sending a DIS to fe80::c30c:0:0:2
791408008	ID:34	RPL: Sending a multicast-DIO with rank 548
791603041	ID:32	RPL: Sending a multicast-DIO with rank 457
792387032	ID:35	RPL: Sending a multicast-DIO with rank 601
796408001	ID:34	RPL: Sending a multicast-DIO with rank 548
796603041	ID:32	RPL: Sending a multicast-DIO with rank 457
797387032	ID:35	RPL: Sending a multicast-DIO with rank 601
801408001	ID:34	RPL: Sending a multicast-DIO with rank 548
801603041	ID:32	RPL: Sending a multicast-DIO with rank 457
802387032	ID:35	RPL: Sending a multicast-DIO with rank 601
806408001	ID:34	RPL: Sending a multicast-DIO with rank 548
806603041	ID:32	RPL: Sending a multicast-DIO with rank 457
807387032	ID:35	RPL: Sending a multicast-DIO with rank 601
811408001	ID:34	RPL: Sending a multicast-DIO with rank 548
811603041	ID:32	RPL: Sending a multicast-DIO with rank 457
812387032	ID:35	RPL: Sending a multicast-DIO with rank 601
816408001	ID:34	RPL: Sending a multicast-DIO with rank 548
816603041	ID:32	RPL: Sending a multicast-DIO with rank 457
817387032	ID:35	RPL: Sending a multicast-DIO with rank 601
821408001	ID:34	RPL: Sending a multicast-DIO with rank 548
821603041	ID:32	RPL: Sending a multicast-DIO with rank 457
822387032	ID:35	RPL: Sending a multicast-DIO with rank 601
826408001	ID:34	RPL: Sending a multicast-DIO with rank 548
826603041	ID:32	RPL: Sending a multicast-DIO with rank 457
827387039	ID:35	RPL: Sending a multicast-DIO with rank 601
831408001	ID:34	RPL: Sending a multicast-DIO with rank 548
831603041	ID:32	RPL: Sending a multicast-DIO with rank 457
832387032	ID:35	RPL: Sending a multicast-DIO with rank 601
836408001	ID:34	RPL: Sending a multicast-DIO with rank 548
836603041	ID:32	RPL: Sending a multicast-DIO with rank 457
837387032	ID:35	RPL: Sending a multicast-DIO with rank 601
841408001	ID:34	RPL: Sending a multicast-DIO with rank 548
841603041	ID:32	RPL: Sending a multicast-DIO with rank 457
842387032	ID:35	RPL: Sending a multicast-DIO with rank 601
842833981	ID:36	RPL: Sending a DIS to fe80::c30c:0:0:8
846408001	ID:34	RPL: Sending a multicast-DIO with rank 548
846603041	ID:32	RPL: Sending a multicast-DIO with rank 457
847387032	ID:35	RPL: Sending a multicast-DIO with rank 601
848222900	ID:33	RPL: Sending a DIS to fe80::c30c:0:0:2
851408001	ID:34	RPL: Sending a multicast-DIO with rank 548
851603041	ID:32	RPL: Sending a multicast-DIO with rank 457
852387032	ID:35	RPL: Sending a multicast-DIO with rank 601
856408001	ID:34	RPL: Sending a multicast-DIO with rank 548
856603041	ID:32	RPL: Sending a multicast-DIO with rank 457
857387032	ID:35	RPL: Sending a multicast-DIO with rank 601
861408001	ID:34	RPL: Sending a multicast-DIO with rank 548
861603041	ID:32	RPL: Sending a multicast-DIO with rank 457
862387032	ID:35	RPL: Sending a multicast-DIO with rank 601
866408001	ID:34	RPL: Sending a multicast-DIO with rank 548
866603041	ID:32	RPL: Sending a multicast-DIO with rank 457
867387032	ID:35	RPL: Sending a multicast-DIO with rank 601
871408001	ID:34	RPL: Sending a multicast-DIO with rank 548
871603041	ID:32	RPL: Sending a multicast-DIO with rank 457
872387032	ID:35	RPL: Sending a multicast-DIO with rank 601
876408001	ID:34	RPL: Sending a multicast-DIO with rank 548
876603041	ID:32	RPL: Sending a multicast-DIO with rank 457
877387032	ID:35	RPL: Sending a multicast-DIO with rank 601
881408001	ID:34	RPL: Sending a multicast-DIO with rank 548
881603041	ID:32	RPL: Sending a multicast-DIO with rank 457
882387032	ID:35	RPL: Sending a multicast-DIO with rank 601
886408001	ID:34	RPL: Sending a multicast-DIO with rank 548
886603041	ID:32	RPL: Sending a multicast-DIO with rank 457
887387032	ID:35	RPL: Sending a multicast-DIO with rank 601
891408001	ID:34	RPL: Sending a multicast-DIO with rank 548
891603041	ID:32	RPL: Sending a multicast-DIO with rank 457
892387032	ID:35	RPL: Sending a multicast-DIO with rank 601
896408001	ID:34	RPL: Sending a multicast-DIO with rank 548
896603041	ID:32	RPL: Sending a multicast-DIO with rank 457
897387032	ID:35	RPL: Sending a multicast-DIO with rank 601
901408001	ID:34	RPL: Sending a multicast-DIO with rank 548
901603041	ID:32	RPL: Sending a multicast-DIO with rank 457
902387032	ID:35	RPL: Sending a multicast-DIO with rank 601
902833981	ID:36	RPL: Sending a DIS to fe80::c30c:0:0:8
906408001	ID:34	RPL: Sending a multicast-DIO with rank 548
906603041	ID:32	RPL: Sending a multicast-DIO with rank 457
907387032	ID:35	RPL: Sending a multicast-DIO with rank 601
908222900	ID:33	RPL: Sending a DIS to fe80::c30c:0:0:2
911408001	ID:34	RPL: Sending a multicast-DIO with rank 548
911603041	ID:32	RPL: Sending a multicast-DIO with rank 457
912387032	ID:35	RPL: Sending a multicast-DIO with rank 601
916408001	ID:34	RPL: Sending a multicast-DIO with rank 548
916603041	ID:32	RPL: Sending a multicast-DIO with rank 457
917387032	ID:35	RPL: Sending a multicast-DIO with rank 601
921408001	ID:34	RPL: Sending a multicast-DIO with rank 548
921603041	ID:32	RPL: Sending a multicast-DIO with rank 457
922387032	ID:35	RPL: Sending a multicast-DIO with rank 601
926408001	ID:34	RPL: Sending a multicast-DIO with rank 548
926603041	ID:32	RPL: Sending a multicast-DIO with rank 457
927387032	ID:35	RPL: Sending a multicast-DIO with rank 601
931408001	ID:34	RPL: Sending a multicast-DIO with rank 548
931603041	ID:32	RPL: Sending a multicast-DIO with rank 457
932387032	ID:35	RPL: Sending a multicast-DIO with rank 601
936408001	ID:34	RPL: Sending a multicast-DIO with rank 548
936603041	ID:32	RPL: Sending a multicast-DIO with rank 457
937387032	ID:35	RPL: Sending a multicast-DIO with rank 601
941408001	ID:34	RPL: Sending a multicast-DIO with rank 548
941603041	ID:32	RPL: Sending a multicast-DIO with rank 457
942387032	ID:35	RPL: Sending a multicast-DIO with rank 601
946408001	ID:34	RPL: Sending a multicast-DIO with rank 548
946603041	ID:32	RPL: Sending a multicast-DIO with rank 457
947387032	ID:35	RPL: Sending a multicast-DIO with rank 601
951408001	ID:34	RPL: Sending a multicast-DIO with rank 548
951603041	ID:32	RPL: Sending a multicast-DIO with rank 457
952387032	ID:35	RPL: Sending a multicast-DIO with rank 601
956408001	ID:34	RPL: Sending a multicast-DIO with rank 548
956603041	ID:32	RPL: Sending a multicast-DIO with rank 457
957387032	ID:35	RPL: Sending a multicast-DIO with rank 601
961408001	ID:34	RPL: Sending a multicast-DIO with rank 548
961603041	ID:32	RPL: Sending a multicast-DIO with rank 457
962387032	ID:35	RPL: Sending a multicast-DIO with rank 601
962833981	ID:36	RPL: Sending a DIS to fe80::c30c:0:0:8
966408001	ID:34	RPL: Sending a multicast-DIO with rank 548
966603041	ID:32	RPL: Sending a multicast-DIO with rank 457
967387032	ID:35	RPL: Sending a multicast-DIO with rank 601
968222900	ID:33	RPL: Sending a DIS to fe80::c30c:0:0:2
971408001	ID:34	RPL: Sending a multicast-DIO with rank 548
971603041	ID:32	RPL: Sending a multicast-DIO with rank 457
972387032	ID:35	RPL: Sending a multicast-DIO with rank 601
976408001	ID:34	RPL: Sending a multicast-DIO with rank 548
976603041	ID:32	RPL: Sending a multicast-DIO with rank 457
977387032	ID:35	RPL: Sending a multicast-DIO with rank 601
981408001	ID:34	RPL: Sending a multicast-DIO with rank 548
981603041	ID:32	RPL: Sending a multicast-DIO with rank 457
982387032	ID:35	RPL: Sending a multicast-DIO with rank 601
986408001	ID:34	RPL: Sending a multicast-DIO with rank 548
986603041	ID:32	RPL: Sending a multicast-DIO with rank 457
987387032	ID:35	RPL: Sending a multicast-DIO with rank 601
991408001	ID:34	RPL: Sending a multicast-DIO with rank 548
991603041	ID:32	RPL: Sending a multicast-DIO with rank 457
992387032	ID:35	RPL: Sending a multicast-DIO with rank 601
996408001	ID:34	RPL: Sending a multicast-DIO with rank 548
996603041	ID:32	RPL: Sending a multicast-DIO with rank 457
997387032	ID:35	RPL: Sending a multicast-DIO with rank 601
1001408001	ID:34	RPL: Sending a multicast-DIO with rank 548
1001603041	ID:32	RPL: Sending a multicast-DIO with rank 457
1002387032	ID:35	RPL: Sending a multicast-DIO with rank 601
1006408001	ID:34	RPL: Sending a multicast-DIO with rank 548
1006603041	ID:32	RPL: Sending a multicast-DIO with rank 457
1007387032	ID:35	RPL: Sending a multicast-DIO with rank 601
1011408001	ID:34	RPL: Sending a multicast-DIO with rank 548
1011603041	ID:32	RPL: Sending a multicast-DIO with rank 457
1012387032	ID:35	RPL: Sending a multicast-DIO with rank 601
1016408001	ID:34	RPL: Sending a multicast-DIO with rank 548
1016603041	ID:32	RPL: Sending a multicast-DIO with rank 457
1017387032	ID:35	RPL: Sending a multicast-DIO with rank 601
1021408001	ID:34	RPL: Sending a multicast-DIO with rank 548
1021603041	ID:32	RPL: Sending a multicast-DIO with rank 457
1022387032	ID:35	RPL: Sending a multicast-DIO with rank 601
1022833981	ID:36	RPL: Sending a DIS to fe80::c30c:0:0:8
1026408002	ID:34	RPL: Sending a multicast-DIO with rank 548
1026603041	ID:32	RPL: Sending a multicast-DIO with rank 457
1027387033	ID:35	RPL: Sending a multicast-DIO with rank 601
1028222901	ID:33	RPL: Sending a DIS to fe80::c30c:0:0:2
1031408002	ID:34	RPL: Sending a multicast-DIO with rank 548
1031603041	ID:32	RPL: Sending a multicast-DIO with rank 457
1032387033	ID:35	RPL: Sending a multicast-DIO with rank 601
1036408002	ID:34	RPL: Sending a multicast-DIO with rank 548
1036603048	ID:32	RPL: Sending a multicast-DIO with rank 457
1037387033	ID:35	RPL: Sending a multicast-DIO with rank 601
1041408002	ID:34	RPL: Sending a multicast-DIO with rank 548
1041603041	ID:32	RPL: Sending a multicast-DIO with rank 457
1042387033	ID:35	RPL: Sending a multicast-DIO with rank 601
1046408002	ID:34	RPL: Sending a multicast-DIO with rank 548
1046603041	ID:32	RPL: Sending a multicast-DIO with rank 457
1047387033	ID:35	RPL: Sending a multicast-DIO with rank 601
1051408002	ID:34	RPL: Sending a multicast-DIO with rank 548
1051603041	ID:32	RPL: Sending a multicast-DIO with rank 457
1052387033	ID:35	RPL: Sending a multicast-DIO with rank 601
1056408002	ID:34	RPL: Sending a multicast-DIO with rank 548
1056603041	ID:32	RPL: Sending a multicast-DIO with rank 457
1057387033	ID:35	RPL: Sending a multicast-DIO with rank 601
1061408002	ID:34	RPL: Sending a multicast-DIO with rank 548
1061603041	ID:32	RPL: Sending a multicast-DIO with rank 457
1062387033	ID:35	RPL: Sending a multicast-DIO with rank 601
1066408002	ID:34	RPL: Sending a multicast-DIO with rank 548
1066603041	ID:32	RPL: Sending a multicast-DIO with rank 457
1067387033	ID:35	RPL: Sending a multicast-DIO with rank 601
1071408002	ID:34	RPL: Sending a multicast-DIO with rank 548
1071603041	ID:32	RPL: Sending a multicast-DIO with rank 457
1072387033	ID:35	RPL: Sending a multicast-DIO with rank 601
1076408002	ID:34	RPL: Sending a multicast-DIO with rank 548
1076603041	ID:32	RPL: Sending a multicast-DIO with rank 457
1077387033	ID:35	RPL: Sending a multicast-DIO with rank 601
1081408002	ID:34	RPL: Sending a multicast-DIO with rank 548
1081603041	ID:32	RPL: Sending a multicast-DIO with rank 457
1082387033	ID:35	RPL: Sending a multicast-DIO with rank 601
1082833982	ID:36	RPL: Sending a DIS to fe80::c30c:0:0:8
1086408002	ID:34	RPL: Sending a multicast-DIO with rank 548
1086603041	ID:32	RPL: Sending a multicast-DIO with rank 457
1087387033	ID:35	RPL: Sending a multicast-DIO with rank 601
1088222901	ID:33	RPL: Sending a DIS to fe80::c30c:0:0:2
1091408002	ID:34	RPL: Sending a multicast-DIO with rank 548
1091603041	ID:32	RPL: Sending a multicast-DIO with rank 457
1092387033	ID:35	RPL: Sending a multicast-DIO with rank 601
1096408002	ID:34	RPL: Sending a multicast-DIO with rank 548
1096603041	ID:32	RPL: Sending a multicast-DIO with rank 457
1097387033	ID:35	RPL: Sending a multicast-DIO with rank 601
1101408002	ID:34	RPL: Sending a multicast-DIO with rank 548
1101603041	ID:32	RPL: Sending a multicast-DIO with rank 457
1102387033	ID:35	RPL: Sending a multicast-DIO with rank 601
1106408002	ID:34	RPL: Sending a multicast-DIO with rank 548
1106603041	ID:32	RPL: Sending a multicast-DIO with rank 457
1107387033	ID:35	RPL: Sending a multicast-DIO with rank 601
1111408002	ID:34	RPL: Sending a multicast-DIO with rank 548
1111603041	ID:32	RPL: Sending a multicast-DIO with rank 457
1112387033	ID:35	RPL: Sending a multicast-DIO with rank 601
1116408002	ID:34	RPL: Sending a multicast-DIO with rank 548
1116603041	ID:32	RPL: Sending a multicast-DIO with rank 457
1117387033	ID:35	RPL: Sending a multicast-DIO with rank 601
1121408002	ID:34	RPL: Sending a multicast-DIO with rank 548
1121603041	ID:32	RPL: Sending a multicast-DIO with rank 457
1122387033	ID:35	RPL: Sending a multicast-DIO with rank 601
1126408002	ID:34	RPL: Sending a multicast-DIO with rank 548
1126603041	ID:32	RPL: Sending a multicast-DIO with rank 457
1127387033	ID:35	RPL: Sending a multicast-DIO with rank 601
1131408002	ID:34	RPL: Sending a multicast-DIO with rank 548
1131603041	ID:32	RPL: Sending a multicast-DIO with rank 457
1132387033	ID:35	RPL: Sending a multicast-DIO with rank 601
1136408002	ID:34	RPL: Sending a multicast-DIO with rank 548
1136603041	ID:32	RPL: Sending a multicast-DIO with rank 457
1137387033	ID:35	RPL: Sending a multicast-DIO with rank 601
1141408009	ID:34	RPL: Sending a multicast-DIO with rank 548
1141603041	ID:32	RPL: Sending a multicast-DIO with rank 457
1142387033	ID:35	RPL: Sending a multicast-DIO with rank 601
1142833982	ID:36	RPL: Sending a DIS to fe80::c30c:0:0:8
1146408002	ID:34	RPL: Sending a multicast-DIO with rank 548
1146603041	ID:32	RPL: Sending a multicast-DIO with rank 457
1147387033	ID:35	RPL: Sending a multicast-DIO with rank 601
1148222901	ID:33	RPL: Sending a DIS to fe80::c30c:0:0:2
1151408002	ID:34	RPL: Sending a multicast-DIO with rank 548
1151603041	ID:32	RPL: Sending a multicast-DIO with rank 457
1152387033	ID:35	RPL: Sending a multicast-DIO with rank 601
1156408002	ID:34	RPL: Sending a multicast-DIO with rank 548
1156603041	ID:32	RPL: Sending a multicast-DIO with rank 457
1157387040	ID:35	RPL: Sending a multicast-DIO with rank 601
1161408002	ID:34	RPL: Sending a multicast-DIO with rank 548
1161603041	ID:32	RPL: Sending a multicast-DIO with rank 457
1162387033	ID:35	RPL: Sending a multicast-DIO with rank 601
1166408002	ID:34	RPL: Sending a multicast-DIO with rank 548
1166603041	ID:32	RPL: Sending a multicast-DIO with rank 457
1167387033	ID:35	RPL: Sending a multicast-DIO with rank 601
1171408002	ID:34	RPL: Sending a multicast-DIO with rank 548
1171603041	ID:32	RPL: Sending a multicast-DIO with rank 457
1172387033	ID:35	RPL: Sending a multicast-DIO with rank 601
1176408002	ID:34	RPL: Sending a multicast-DIO with rank 548
1176603041	ID:32	RPL: Sending a multicast-DIO with rank 457
1177387033	ID:35	RPL: Sending a multicast-DIO with rank 601
1181408002	ID:34	RPL: Sending a multicast-DIO with rank 548
1181603041	ID:32	RPL: Sending a multicast-DIO with rank 457
1182387033	ID:35	RPL: Sending a multicast-DIO with rank 601
1186408002	ID:34	RPL: Sending a multicast-DIO with rank 548
1186603041	ID:32	RPL: Sending a multicast-DIO with rank 457
1187387033	ID:35	RPL: Sending a multicast-DIO with rank 601
1191408002	ID:34	RPL: Sending a multicast-DIO with rank 548
1191603041	ID:32	RPL: Sending a multicast-DIO with rank 457
1192387033	ID:35	RPL: Sending a multicast-DIO with rank 601
1196408002	ID:34	RPL: Sending a multicast-DIO with rank 548
1196603041	ID:32	RPL: Sending a multicast-DIO with rank 457
1197387033	ID:35	RPL: Sending a multicast-DIO with rank 601
1201408007	ID:34	RPL: Sending a multicast-DIO with rank 548
1201603046	ID:32	RPL: Sending a multicast-DIO with rank 457
1202387038	ID:35	RPL: Sending a multicast-DIO with rank 601
1202833987	ID:36	RPL: Sending a DIS to fe80::c30c:0:0:8
1206408001	ID:34	RPL: Sending a multicast-DIO with rank 548
1206603040	ID:32	RPL: Sending a multicast-DIO with rank 457
1207387032	ID:35	RPL: Sending a multicast-DIO with rank 601
1208222900	ID:33	RPL: Sending a DIS to fe80::c30c:0:0:2
1211408001	ID:34	RPL: Sending a multicast-DIO with rank 548
1211603040	ID:32	RPL: Sending a multicast-DIO with rank 457
1212387032	ID:35	RPL: Sending a multicast-DIO with rank 601
1216408001	ID:34	RPL: Sending a multicast-DIO with rank 548
1216603040	ID:32	RPL: Sending a multicast-DIO with rank 457
1217387032	ID:35	RPL: Sending a multicast-DIO with rank 601
1221408001	ID:34	RPL: Sending a multicast-DIO with rank 548
1221603040	ID:32	RPL: Sending a multicast-DIO with rank 457
1222387032	ID:35	RPL: Sending a multicast-DIO with rank 601
1226408001	ID:34	RPL: Sending a multicast-DIO with rank 548
1226603040	ID:32	RPL: Sending a multicast-DIO with rank 457
1227387032	ID:35	RPL: Sending a multicast-DIO with rank 601
1231408001	ID:34	RPL: Sending a multicast-DIO with rank 548
1231603040	ID:32	RPL: Sending a multicast-DIO with rank 457
1232387032	ID:35	RPL: Sending a multicast-DIO with rank 601
1236408001	ID:34	RPL: Sending a multicast-DIO with rank 548
1236603040	ID:32	RPL: Sending a multicast-DIO with rank 457
1237387032	ID:35	RPL: Sending a multicast-DIO with rank 601
1241408001	ID:34	RPL: Sending a multicast-DIO with rank 548
1241603040	ID:32	RPL: Sending a multicast-DIO with rank 457
1242387032	ID:35	RPL: Sending a multicast-DIO with rank 601
1246408001	ID:34	RPL: Sending a multicast-DIO with rank 548
1246603040	ID:32	RPL: Sending a multicast-DIO with rank 457
1247387032	ID:35	RPL: Sending a multicast-DIO with rank 601
1251408001	ID:34	RPL: Sending a multicast-DIO with rank 548
1251603040	ID:32	RPL: Sending a multicast-DIO with rank 457
1252387032	ID:35	RPL: Sending a multicast-DIO with rank 601
1256408001	ID:34	RPL: Sending a multicast-DIO with rank 548
1256603040	ID:32	RPL: Sending a multicast-DIO with rank 457
1257387032	ID:35	RPL: Sending a multicast-DIO with rank 601
1261408001	ID:34	RPL: Sending a multicast-DIO with rank 548
1261603040	ID:32	RPL: Sending a multicast-DIO with rank 457
1262387032	ID:35	RPL: Sending a multicast-DIO with rank 601
1262833981	ID:36	RPL: Sending a DIS to fe80::c30c:0:0:8
1266408001	ID:34	RPL: Sending a multicast-DIO with rank 548
1266603040	ID:32	RPL: Sending a multicast-DIO with rank 457
1267387032	ID:35	RPL: Sending a multicast-DIO with rank 601
1268222900	ID:33	RPL: Sending a DIS to fe80::c30c:0:0:2
1271408001	ID:34	RPL: Sending a multicast-DIO with rank 548
1271603040	ID:32	RPL: Sending a multicast-DIO with rank 457
1272387032	ID:35	RPL: Sending a multicast-DIO with rank 601
1276408001	ID:34	RPL: Sending a multicast-DIO with rank 548
1276603040	ID:32	RPL: Sending a multicast-DIO with rank 457
1277387032	ID:35	RPL: Sending a multicast-DIO with rank 601
1281408001	ID:34	RPL: Sending a multicast-DIO with rank 548
1281603040	ID:32	RPL: Sending a multicast-DIO with rank 457
1282387032	ID:35	RPL: Sending a multicast-DIO with rank 601
1286408001	ID:34	RPL: Sending a multicast-DIO with rank 548
1286603040	ID:32	RPL: Sending a multicast-DIO with rank 457
1287387032	ID:35	RPL: Sending a multicast-DIO with rank 601
1291408001	ID:34	RPL: Sending a multicast-DIO with rank 548
1291603040	ID:32	RPL: Sending a multicast-DIO with rank 457
1292387032	ID:35	RPL: Sending a multicast-DIO with rank 601
1296408001	ID:34	RPL: Sending a multicast-DIO with rank 548
1296603040	ID:32	RPL: Sending a multicast-DIO with rank 457
1297387032	ID:35	RPL: Sending a multicast-DIO with rank 601
1301408001	ID:34	RPL: Sending a multicast-DIO with rank 548
1301603040	ID:32	RPL: Sending a multicast-DIO with rank 457
1302387032	ID:35	RPL: Sending a multicast-DIO with rank 601
1306408001	ID:34	RPL: Sending a multicast-DIO with rank 548
1306603040	ID:32	RPL: Sending a multicast-DIO with rank 457
1307387032	ID:35	RPL: Sending a multicast-DIO with rank 601
1311408001	ID:34	RPL: Sending a multicast-DIO with rank 548
1311603040	ID:32	RPL: Sending a multicast-DIO with rank 457
1312387032	ID:35	RPL: Sending a multicast-DIO with rank 601
1316408001	ID:34	RPL: Sending a multicast-DIO with rank 548
1316603040	ID:32	RPL: Sending a multicast-DIO with rank 457
1317387032	ID:35	RPL: Sending a multicast-DIO with rank 601
1321408001	ID:34	RPL: Sending a multicast-DIO with rank 548
1321603040	ID:32	RPL: Sending a multicast-DIO with rank 457
1322387032	ID:35	RPL: Sending a multicast-DIO with rank 601
1322833981	ID:36	RPL: Sending a DIS to fe80::c30c:0:0:8
1326408001	ID:34	RPL: Sending a multicast-DIO with rank 548
1326603040	ID:32	RPL: Sending a multicast-DIO with rank 457
1327387032	ID:35	RPL: Sending a multicast-DIO with rank 601
1328222900	ID:33	RPL: Sending a DIS to fe80::c30c:0:0:2
1331408001	ID:34	RPL: Sending a multicast-DIO with rank 548
1331603040	ID:32	RPL: Sending a multicast-DIO with rank 457
1332387032	ID:35	RPL: Sending a multicast-DIO with rank 601
1336408001	ID:34	RPL: Sending a multicast-DIO with rank 548
1336603040	ID:32	RPL: Sending a multicast-DIO with rank 457
1337387032	ID:35	RPL: Sending a multicast-DIO with rank 601
1341408001	ID:34	RPL: Sending a multicast-DIO with rank 548
1341603040	ID:32	RPL: Sending a multicast-DIO with rank 457
1342387032	ID:35	RPL: Sending a multicast-DIO with rank 601
1346408001	ID:34	RPL: Sending a multicast-DIO with rank 548
1346603040	ID:32	RPL: Sending a multicast-DIO with rank 457
1347387032	ID:35	RPL: Sending a multicast-DIO with rank 601
1351408001	ID:34	RPL: Sending a multicast-DIO with rank 548
1351603040	ID:32	RPL: Sending a multicast-DIO with rank 457
1352387032	ID:35	RPL: Sending a multicast-DIO with rank 601
1356408001	ID:34	RPL: Sending a multicast-DIO with rank 548
1356603047	ID:32	RPL: Sending a multicast-DIO with rank 457
1357387032	ID:35	RPL: Sending a multicast-DIO with rank 601
1361408001	ID:34	RPL: Sending a multicast-DIO with rank 548
1361603040	ID:32	RPL: Sending a multicast-DIO with rank 457
1362387032	ID:35	RPL: Sending a multicast-DIO with rank 601
1366408001	ID:34	RPL: Sending a multicast-DIO with rank 548
1366603040	ID:32	RPL: Sending a multicast-DIO with rank 457
1367387032	ID:35	RPL: Sending a multicast-DIO with rank 601
1371408001	ID:34	RPL: Sending a multicast-DIO with rank 548
1371603040	ID:32	RPL: Sending a multicast-DIO with rank 457
1372387032	ID:35	RPL: Sending a multicast-DIO with rank 601
1376408001	ID:34	RPL: Sending a multicast-DIO with rank 548
1376603040	ID:32	RPL: Sending a multicast-DIO with rank 457
1377387032	ID:35	RPL: Sending a multicast-DIO with rank 601
1381408001	ID:34	RPL: Sending a multicast-DIO with rank 548
1381603040	ID:32	RPL: Sending a multicast-DIO with rank 457
1382387032	ID:35	RPL: Sending a multicast-DIO with rank 601
1382833981	ID:36	RPL: Sending a DIS to fe80::c30c:0:0:8
1386408001	ID:34	RPL: Sending a multicast-DIO with rank 548
1386603040	ID:32	RPL: Sending a multicast-DIO with rank 457
1387387032	ID:35	RPL: Sending a multicast-DIO with rank 601
1388222900	ID:33	RPL: Sending a DIS to fe80::c30c:0:0:2
1391408001	ID:34	RPL: Sending a multicast-DIO with rank 548
1391603040	ID:32	RPL: Sending a multicast-DIO with rank 457
1392387032	ID:35	RPL: Sending a multicast-DIO with rank 601
1396408001	ID:34	RPL: Sending a multicast-DIO with rank 548
1396603040	ID:32	RPL: Sending a multicast-DIO with rank 457
1397387032	ID:35	RPL: Sending a multicast-DIO with rank 601
1401408001	ID:34	RPL: Sending a multicast-DIO with rank 548
1401603040	ID:32	RPL: Sending a multicast-DIO with rank 457
1402387032	ID:35	RPL: Sending a multicast-DIO with rank 601
1406408001	ID:34	RPL: Sending a multicast-DIO with rank 548
1406603040	ID:32	RPL: Sending a multicast-DIO with rank 457
1407387032	ID:35	RPL: Sending a multicast-DIO with rank 601
1411408001	ID:34	RPL: Sending a multicast-DIO with rank 548
1411603040	ID:32	RPL: Sending a multicast-DIO with rank 457
1412387032	ID:35	RPL: Sending a multicast-DIO with rank 601
1416408001	ID:34	RPL: Sending a multicast-DIO with rank 548
1416603040	ID:32	RPL: Sending a multicast-DIO with rank 457
1417387032	ID:35	RPL: Sending a multicast-DIO with rank 601
1421408001	ID:34	RPL: Sending a multicast-DIO with rank 548
1421603040	ID:32	RPL: Sending a multicast-DIO with rank 457
1422387032	ID:35	RPL: Sending a multicast-DIO with rank 601
1426408001	ID:34	RPL: Sending a multicast-DIO with rank 548
1426603040	ID:32	RPL: Sending a multicast-DIO with rank 457
1427387032	ID:35	RPL: Sending a multicast-DIO with rank 601
1431408001	ID:34	RPL: Sending a multicast-DIO with rank 548
1431603040	ID:32	RPL: Sending a multicast-DIO with rank 457
1432387032	ID:35	RPL: Sending a multicast-DIO with rank 601
1436408001	ID:34	RPL: Sending a multicast-DIO with rank 548
1436603040	ID:32	RPL: Sending a multicast-DIO with rank 457
1437387032	ID:35	RPL: Sending a multicast-DIO with rank 601
1441408001	ID:34	RPL: Sending a multicast-DIO with rank 548
1441603040	ID:32	RPL: Sending a multicast-DIO with rank 457
1442387032	ID:35	RPL: Sending a multicast-DIO with rank 601
1442833981	ID:36	RPL: Sending a DIS to fe80::c30c:0:0:8
1446408001	ID:34	RPL: Sending a multicast-DIO with rank 548
1446603040	ID:32	RPL: Sending a multicast-DIO with rank 457
1447387032	ID:35	RPL: Sending a multicast-DIO with rank 601
1448222900	ID:33	RPL: Sending a DIS to fe80::c30c:0:0:2
1451408001	ID:34	RPL: Sending a multicast-DIO with rank 548
1451603040	ID:32	RPL: Sending a multicast-DIO with rank 457
1452387032	ID:35	RPL: Sending a multicast-DIO with rank 601
1456408001	ID:34	RPL: Sending a multicast-DIO with rank 548
1456603040	ID:32	RPL: Sending a multicast-DIO with rank 457
1457387032	ID:35	RPL: Sending a multicast-DIO with rank 601
1461408001	ID:34	RPL: Sending a multicast-DIO with rank 548
1461603040	ID:32	RPL: Sending a multicast-DIO with rank 457
1462387032	ID:35	RPL: Sending a multicast-DIO with rank 601
1466408001	ID:34	RPL: Sending a multicast-DIO with rank 548
1466603040	ID:32	RPL: Sending a multicast-DIO with rank 457
1467387032	ID:35	RPL: Sending a multicast-DIO with rank 601
1471408001	ID:34	RPL: Sending a multicast-DIO with rank 548
1471603040	ID:32	RPL: Sending a multicast-DIO with rank 457
1472387032	ID:35	RPL: Sending a multicast-DIO with rank 601
1476408008	ID:34	RPL: Sending a multicast-DIO with rank 548
1476603040	ID:32	RPL: Sending a multicast-DIO with rank 457
1477387032	ID:35	RPL: Sending a multicast-DIO with rank 601
1481408001	ID:34	RPL: Sending a multicast-DIO with rank 548
1481603040	ID:32	RPL: Sending a multicast-DIO with rank 457
1482387032	ID:35	RPL: Sending a multicast-DIO with rank 601
1486408001	ID:34	RPL: Sending a multicast-DIO with rank 548
1486603040	ID:32	RPL: Sending a multicast-DIO with rank 457
1487387032	ID:35	RPL: Sending a multicast-DIO with rank 601
1491408001	ID:34	RPL: Sending a multicast-DIO with rank 548
1491603040	ID:32	RPL: Sending a multicast-DIO with rank 457
1492387032	ID:35	RPL: Sending a multicast-DIO with rank 601
1496408001	ID:34	RPL: Sending a multicast-DIO with rank 548
1496603040	ID:32	RPL: Sending a multicast-DIO with rank 457
1497387032	ID:35	RPL: Sending a multicast-DIO with rank 601
1501408001	ID:34	RPL: Sending a multicast-DIO with rank 548
1501603040	ID:32	RPL: Sending a multicast-DIO with rank 457
1502387032	ID:35	RPL: Sending a multicast-DIO with rank 601
1502833981	ID:36	RPL: Sending a DIS to fe80::c30c:0:0:8
1506408001	ID:34	RPL: Sending a multicast-DIO with rank 548
1506603040	ID:32	RPL: Sending a multicast-DIO with rank 457
1507387039	ID:35	RPL: Sending a multicast-DIO with rank 601
1508222900	ID:33	RPL: Sending a DIS to fe80::c30c:0:0:2
1511408001	ID:34	RPL: Sending a multicast-DIO with rank 548
1511603040	ID:32	RPL: Sending a multicast-DIO with rank 457
1512387032	ID:35	RPL: Sending a multicast-DIO with rank 601
1516408001	ID:34	RPL: Sending a multicast-DIO with rank 548
1516603040	ID:32	RPL: Sending a multicast-DIO with rank 457
1517387032	ID:35	RPL: Sending a multicast-DIO with rank 601
1521408001	ID:34	RPL: Sending a multicast-DIO with rank 548
1521603040	ID:32	RPL: Sending a multicast-DIO with rank 457
1522387032	ID:35	RPL: Sending a multicast-DIO with rank 601
1526408001	ID:34	RPL: Sending a multicast-DIO with rank 548
1526603040	ID:32	RPL: Sending a multicast-DIO with rank 457
1527387032	ID:35	RPL: Sending a multicast-DIO with rank 601
1531408001	ID:34	RPL: Sending a multicast-DIO with rank 548
1531603040	ID:32	RPL: Sending a multicast-DIO with rank 457
1532387032	ID:35	RPL: Sending a multicast-DIO with rank 601
1536408001	ID:34	RPL: Sending a multicast-DIO with rank 548
1536603040	ID:32	RPL: Sending a multicast-DIO with rank 457
1537387032	ID:35	RPL: Sending a multicast-DIO with rank 601
1541408001	ID:34	RPL: Sending a multicast-DIO with rank 548
1541603040	ID:32	RPL: Sending a multicast-DIO with rank 457
1542387032	ID:35	RPL: Sending a multicast-DIO with rank 601
1546408001	ID:34	RPL: Sending a multicast-DIO with rank 548
1546603040	ID:32	RPL: Sending a multicast-DIO with rank 457
1547387032	ID:35	RPL: Sending a multicast-DIO with rank 601
1551408001	ID:34	RPL: Sending a multicast-DIO with rank 548
1551603040	ID:32	RPL: Sending a multicast-DIO with rank 457
1552387032	ID:35	RPL: Sending a multicast-DIO with rank 601
1556408001	ID:34	RPL: Sending a multicast-DIO with rank 548
1556603040	ID:32	RPL: Sending a multicast-DIO with rank 457
1557387032	ID:35	RPL: Sending a multicast-DIO with rank 601
1561408001	ID:34	RPL: Sending a multicast-DIO with rank 548
1561603040	ID:32	RPL: Sending a multicast-DIO with rank 457
1562387032	ID:35	RPL: Sending a multicast-DIO with rank 601
1562834490	ID:36	RPL: Sending a DIS to fe80::c30c:0:0:8
1566408001	ID:34	RPL: Sending a multicast-DIO with rank 548
1566603040	ID:32	RPL: Sending a multicast-DIO with rank 457
1567387032	ID:35	RPL: Sending a multicast-DIO with rank 601
1568222900	ID:33	RPL: Sending a DIS to fe80::c30c:0:0:2
1571408001	ID:34	RPL: Sending a multicast-DIO with rank 548
1571603040	ID:32	RPL: Sending a multicast-DIO with rank 457
1572387032	ID:35	RPL: Sending a multicast-DIO with rank 601
1576408001	ID:34	RPL: Sending a multicast-DIO with rank 548
1576603040	ID:32	RPL: Sending a multicast-DIO with rank 457
1577387032	ID:35	RPL: Sending a multicast-DIO with rank 601
1581408001	ID:34	RPL: Sending a multicast-DIO with rank 548
1581603040	ID:32	RPL: Sending a multicast-DIO with rank 457
1582387032	ID:35	RPL: Sending a multicast-DIO with rank 601
1586408001	ID:34	RPL: Sending a multicast-DIO with rank 548
1586603040	ID:32	RPL: Sending a multicast-DIO with rank 457
1587387032	ID:35	RPL: Sending a multicast-DIO with rank 601
1591408001	ID:34	RPL: Sending a multicast-DIO with rank 548
1591603040	ID:32	RPL: Sending a multicast-DIO with rank 457
1592387032	ID:35	RPL: Sending a multicast-DIO with rank 601
1596408001	ID:34	RPL: Sending a multicast-DIO with rank 548
1596603040	ID:32	RPL: Sending a multicast-DIO with rank 457
1597387032	ID:35	RPL: Sending a multicast-DIO with rank 601
1601408001	ID:34	RPL: Sending a multicast-DIO with rank 548
1601603040	ID:32	RPL: Sending a multicast-DIO with rank 457
1602387032	ID:35	RPL: Sending a multicast-DIO with rank 601
1606408001	ID:34	RPL: Sending a multicast-DIO with rank 548
1606603040	ID:32	RPL: Sending a multicast-DIO with rank 457
1607387032	ID:35	RPL: Sending a multicast-DIO with rank 601
1611408001	ID:34	RPL: Sending a multicast-DIO with rank 548
1611603040	ID:32	RPL: Sending a multicast-DIO with rank 457
1612387032	ID:35	RPL: Sending a multicast-DIO with rank 601
1616408001	ID:34	RPL: Sending a multicast-DIO with rank 548
1616603040	ID:32	RPL: Sending a multicast-DIO with rank 457
1617387032	ID:35	RPL: Sending a multicast-DIO with rank 601
1621408001	ID:34	RPL: Sending a multicast-DIO with rank 548
1621603040	ID:32	RPL: Sending a multicast-DIO with rank 457
1622387032	ID:35	RPL: Sending a multicast-DIO with rank 601
1622833981	ID:36	RPL: Sending a DIS to fe80::c30c:0:0:8
1626408001	ID:34	RPL: Sending a multicast-DIO with rank 548
1626603040	ID:32	RPL: Sending a multicast-DIO with rank 457
1627387032	ID:35	RPL: Sending a multicast-DIO with rank 601
1628222900	ID:33	RPL: Sending a DIS to fe80::c30c:0:0:2
1631408001	ID:34	RPL: Sending a multicast-DIO with rank 548
1631603040	ID:32	RPL: Sending a multicast-DIO with rank 457
1632387032	ID:35	RPL: Sending a multicast-DIO with rank 601
1636408001	ID:34	RPL: Sending a multicast-DIO with rank 548
1636603040	ID:32	RPL: Sending a multicast-DIO with rank 457
1637387032	ID:35	RPL: Sending a multicast-DIO with rank 601
1641408001	ID:34	RPL: Sending a multicast-DIO with rank 548
1641603040	ID:32	RPL: Sending a multicast-DIO with rank 457
1642387032	ID:35	RPL: Sending a multicast-DIO with rank 601
1646408001	ID:34	RPL: Sending a multicast-DIO with rank 548
1646603040	ID:32	RPL: Sending a multicast-DIO with rank 457
1647387032	ID:35	RPL: Sending a multicast-DIO with rank 601
1651408001	ID:34	RPL: Sending a multicast-DIO with rank 548
1651603040	ID:32	RPL: Sending a multicast-DIO with rank 457
1652387032	ID:35	RPL: Sending a multicast-DIO with rank 601
1656408001	ID:34	RPL: Sending a multicast-DIO with rank 548
1656603040	ID:32	RPL: Sending a multicast-DIO with rank 457
1657387032	ID:35	RPL: Sending a multicast-DIO with rank 601
1661408001	ID:34	RPL: Sending a multicast-DIO with rank 548
1661603040	ID:32	RPL: Sending a multicast-DIO with rank 457
1662387032	ID:35	RPL: Sending a multicast-DIO with rank 601
1666408001	ID:34	RPL: Sending a multicast-DIO with rank 548
1666603040	ID:32	RPL: Sending a multicast-DIO with rank 457
1667387032	ID:35	RPL: Sending a multicast-DIO with rank 601
1671408001	ID:34	RPL: Sending a multicast-DIO with rank 548
1671603040	ID:32	RPL: Sending a multicast-DIO with rank 457
1672387032	ID:35	RPL: Sending a multicast-DIO with rank 601
1676408001	ID:34	RPL: Sending a multicast-DIO with rank 548
1676603040	ID:32	RPL: Sending a multicast-DIO with rank 457
1677387032	ID:35	RPL: Sending a multicast-DIO with rank 601
1681408001	ID:34	RPL: Sending a multicast-DIO with rank 548
1681603040	ID:32	RPL: Sending a multicast-DIO with rank 457
1682387032	ID:35	RPL: Sending a multicast-DIO with rank 601
1682833981	ID:36	RPL: Sending a DIS to fe80::c30c:0:0:8
1686408001	ID:34	RPL: Sending a multicast-DIO with rank 548
1686603040	ID:32	RPL: Sending a multicast-DIO with rank 457
1687387032	ID:35	RPL: Sending a multicast-DIO with rank 601
1688222900	ID:33	RPL: Sending a DIS to fe80::c30c:0:0:2
1691408001	ID:34	RPL: Sending a multicast-DIO with rank 548
1691603040	ID:32	RPL: Sending a multicast-DIO with rank 457
1692387032	ID:35	RPL: Sending a multicast-DIO with rank 601
1696408001	ID:34	RPL: Sending a multicast-DIO with rank 548
1696603040	ID:32	RPL: Sending a multicast-DIO with rank 457
1697387032	ID:35	RPL: Sending a multicast-DIO with rank 601
1701408001	ID:34	RPL: Sending a multicast-DIO with rank 548
1701603040	ID:32	RPL: Sending a multicast-DIO with rank 457
1702387032	ID:35	RPL: Sending a multicast-DIO with rank 601
1706408001	ID:34	RPL: Sending a multicast-DIO with rank 548
1706603040	ID:32	RPL: Sending a multicast-DIO with rank 457
1707387032	ID:35	RPL: Sending a multicast-DIO with rank 601
1711408001	ID:34	RPL: Sending a multicast-DIO with rank 548
1711603040	ID:32	RPL: Sending a multicast-DIO with rank 457
1712387032	ID:35	RPL: Sending a multicast-DIO with rank 601
1716408001	ID:34	RPL: Sending a multicast-DIO with rank 548
1716603040	ID:32	RPL: Sending a multicast-DIO with rank 457
1717387032	ID:35	RPL: Sending a multicast-DIO with rank 601
1721408001	ID:34	RPL: Sending a multicast-DIO with rank 548
1721603040	ID:32	RPL: Sending a multicast-DIO with rank 457
1722387032	ID:35	RPL: Sending a multicast-DIO with rank 601
1726408001	ID:34	RPL: Sending a multicast-DIO with rank 548
1726603040	ID:32	RPL: Sending a multicast-DIO with rank 457
1727387032	ID:35	RPL: Sending a multicast-DIO with rank 601
1731408001	ID:34	RPL: Sending a multicast-DIO with rank 548
1731603040	ID:32	RPL: Sending a multicast-DIO with rank 457
1732387032	ID:35	RPL: Sending a multicast-DIO with rank 601
1736408001	ID:34	RPL: Sending a multicast-DIO with rank 548
1736603040	ID:32	RPL: Sending a multicast-DIO with rank 457
1737387032	ID:35	RPL: Sending a multicast-DIO with rank 601
1741408001	ID:34	RPL: Sending a multicast-DIO with rank 548
1741603040	ID:32	RPL: Sending a multicast-DIO with rank 457
1742387032	ID:35	RPL: Sending a multicast-DIO with rank 601
1742833981	ID:36	RPL: Sending a DIS to fe80::c30c:0:0:8
1746408001	ID:34	RPL: Sending a multicast-DIO with rank 548
1746603040	ID:32	RPL: Sending a multicast-DIO with rank 457
1747387032	ID:35	RPL: Sending a multicast-DIO with rank 601
1748222900	ID:33	RPL: Sending a DIS to fe80::c30c:0:0:2
1751408001	ID:34	RPL: Sending a multicast-DIO with rank 548
1751603040	ID:32	RPL: Sending a multicast-DIO with rank 457
1752387032	ID:35	RPL: Sending a multicast-DIO with rank 601
1756408001	ID:34	RPL: Sending a multicast-DIO with rank 548
1756603047	ID:32	RPL: Sending a multicast-DIO with rank 457
1757387032	ID:35	RPL: Sending a multicast-DIO with rank 601
1761408001	ID:34	RPL: Sending a multicast-DIO with rank 548
1761603040	ID:32	RPL: Sending a multicast-DIO with rank 457
1762387032	ID:35	RPL: Sending a multicast-DIO with rank 601
1766408001	ID:34	RPL: Sending a multicast-DIO with rank 548
1766603040	ID:32	RPL: Sending a multicast-DIO with rank 457
1767387032	ID:35	RPL: Sending a multicast-DIO with rank 601
1771408001	ID:34	RPL: Sending a multicast-DIO with rank 548
1771603040	ID:32	RPL: Sending a multicast-DIO with rank 457
1772387032	ID:35	RPL: Sending a multicast-DIO with rank 601
1776408001	ID:34	RPL: Sending a multicast-DIO with rank 548
1776603040	ID:32	RPL: Sending a multicast-DIO with rank 457
1777387032	ID:35	RPL: Sending a multicast-DIO with rank 601
1781408001	ID:34	RPL: Sending a multicast-DIO with rank 548
1781603040	ID:32	RPL: Sending a multicast-DIO with rank 457
1782387032	ID:35	RPL: Sending a multicast-DIO with rank 601
1786408001	ID:34	RPL: Sending a multicast-DIO with rank 548
1786603040	ID:32	RPL: Sending a multicast-DIO with rank 457
1787387032	ID:35	RPL: Sending a multicast-DIO with rank 601
1791408001	ID:34	RPL: Sending a multicast-DIO with rank 548
1791603040	ID:32	RPL: Sending a multicast-DIO with rank 457
1792387032	ID:35	RPL: Sending a multicast-DIO with rank 601
1796408001	ID:34	RPL: Sending a multicast-DIO with rank 548
1796603040	ID:32	RPL: Sending a multicast-DIO with rank 457
1797387032	ID:35	RPL: Sending a multicast-DIO with rank 601
