863644	ID:9	Rime started with address 193.12.0.0.0.0.0.9
870835	ID:9	MAC c1:0c:00:00:00:00:00:09 Contiki 3.0 started. Node id is set to 9.
875851	ID:9	CSMA ContikiMAC, channel check rate 8 Hz, radio channel 26
883649	ID:9	Tentative link-local IPv6 address fe80:0000:0000:0000:c30c:0000:0000:0009
885507	ID:9	Starting 'Sensor process'
886925	ID:9	Starting UDP server
888871	ID:9	Listen port: 3000, TTL=64
910311	ID:12	Rime started with address 193.12.0.0.0.0.0.12
917598	ID:12	MAC c1:0c:00:00:00:00:00:0c Contiki 3.0 started. Node id is set to 12.
922619	ID:12	CSMA ContikiMAC, channel check rate 8 Hz, radio channel 26
930449	ID:12	Tentative link-local IPv6 address fe80:0000:0000:0000:c30c:0000:0000:000c
932307	ID:12	Starting 'Sensor process'
933724	ID:12	Starting UDP server
935670	ID:12	Listen port: 3000, TTL=64
955082	ID:4	Rime started with address 193.12.0.0.0.0.0.4
962273	ID:4	MAC c1:0c:00:00:00:00:00:04 Contiki 3.0 started. Node id is set to 4.
967289	ID:4	CSMA ContikiMAC, channel check rate 8 Hz, radio channel 26
975087	ID:4	Tentative link-local IPv6 address fe80:0000:0000:0000:c30c:0000:0000:0004
976945	ID:4	Starting 'Sensor process'
978363	ID:4	Starting UDP server
980131	ID:11	Rime started with address 193.12.0.0.0.0.0.11
980309	ID:4	Listen port: 3000, TTL=64
987418	ID:11	MAC c1:0c:00:00:00:00:00:0b Contiki 3.0 started. Node id is set to 11.
992439	ID:11	CSMA ContikiMAC, channel check rate 8 Hz, radio channel 26
1000269	ID:11	Tentative link-local IPv6 address fe80:0000:0000:0000:c30c:0000:0000:000b
1002127	ID:11	Starting 'Sensor process'
1003544	ID:11	Starting UDP server
1005490	ID:11	Listen port: 3000, TTL=64
1155324	ID:6	Rime started with address 193.12.0.0.0.0.0.6
1162515	ID:6	MAC c1:0c:00:00:00:00:00:06 Contiki 3.0 started. Node id is set to 6.
1167531	ID:6	CSMA ContikiMAC, channel check rate 8 Hz, radio channel 26
1175329	ID:6	Tentative link-local IPv6 address fe80:0000:0000:0000:c30c:0000:0000:0006
1177187	ID:6	Starting 'Sensor process'
1178605	ID:6	Starting UDP server
1180551	ID:6	Listen port: 3000, TTL=64
1187113	ID:3	Rime started with address 193.12.0.0.0.0.0.3
1194304	ID:3	MAC c1:0c:00:00:00:00:00:03 Contiki 3.0 started. Node id is set to 3.
1199320	ID:3	CSMA ContikiMAC, channel check rate 8 Hz, radio channel 26
1207118	ID:3	Tentative link-local IPv6 address fe80:0000:0000:0000:c30c:0000:0000:0003
1208976	ID:3	Starting 'Sensor process'
1210394	ID:3	Starting UDP server
1212340	ID:3	Listen port: 3000, TTL=64
1225200	ID:5	Rime started with address 193.12.0.0.0.0.0.5
1232391	ID:5	MAC c1:0c:00:00:00:00:00:05 Contiki 3.0 started. Node id is set to 5.
1237407	ID:5	CSMA ContikiMAC, channel check rate 8 Hz, radio channel 26
1238076	ID:15	Rime started with address 193.12.0.0.0.0.0.15
1245205	ID:5	Tentative link-local IPv6 address fe80:0000:0000:0000:c30c:0000:0000:0005
1245361	ID:15	MAC c1:0c:00:00:00:00:00:0f Contiki 3.0 started. Node id is set to 15.
1247063	ID:5	Starting 'Sensor process'
1248481	ID:5	Starting UDP server
1250383	ID:15	CSMA ContikiMAC, channel check rate 8 Hz, radio channel 26
1250427	ID:5	Listen port: 3000, TTL=64
1258212	ID:15	Tentative link-local IPv6 address fe80:0000:0000:0000:c30c:0000:0000:000f
1260782	ID:15	Starting 'Malicious sensor process'
1276223	ID:7	Rime started with address 193.12.0.0.0.0.0.7
1283414	ID:7	MAC c1:0c:00:00:00:00:00:07 Contiki 3.0 started. Node id is set to 7.
1288430	ID:7	CSMA ContikiMAC, channel check rate 8 Hz, radio channel 26
1296228	ID:7	Tentative link-local IPv6 address fe80:0000:0000:0000:c30c:0000:0000:0007
1298086	ID:7	Starting 'Sensor process'
1299504	ID:7	Starting UDP server
1301450	ID:7	Listen port: 3000, TTL=64
1374255	ID:14	Rime started with address 193.12.0.0.0.0.0.14
1381542	ID:14	MAC c1:0c:00:00:00:00:00:0e Contiki 3.0 started. Node id is set to 14.
1384042	ID:1	Rime started with address 193.12.0.0.0.0.0.1
1386563	ID:14	CSMA ContikiMAC, channel check rate 8 Hz, radio channel 26
1391233	ID:1	MAC c1:0c:00:00:00:00:00:01 Contiki 3.0 started. Node id is set to 1.
1394393	ID:14	Tentative link-local IPv6 address fe80:0000:0000:0000:c30c:0000:0000:000e
1396249	ID:1	CSMA ContikiMAC, channel check rate 8 Hz, radio channel 26
1396251	ID:14	Starting 'Sensor process'
1397668	ID:14	Starting UDP server
1399614	ID:14	Listen port: 3000, TTL=64
1404047	ID:1	Tentative link-local IPv6 address fe80:0000:0000:0000:c30c:0000:0000:0001
1405905	ID:1	Starting 'Sensor process'
1407323	ID:1	Starting UDP server
1409269	ID:1	Listen port: 3000, TTL=64
1469702	ID:13	Rime started with address 193.12.0.0.0.0.0.13
1476989	ID:13	MAC c1:0c:00:00:00:00:00:0d Contiki 3.0 started. Node id is set to 13.
1482010	ID:13	CSMA ContikiMAC, channel check rate 8 Hz, radio channel 26
1489840	ID:13	Tentative link-local IPv6 address fe80:0000:0000:0000:c30c:0000:0000:000d
1491698	ID:13	Starting 'Sensor process'
1493115	ID:13	Starting UDP server
1495061	ID:13	Listen port: 3000, TTL=64
1593466	ID:10	Rime started with address 193.12.0.0.0.0.0.10
1600753	ID:10	MAC c1:0c:00:00:00:00:00:0a Contiki 3.0 started. Node id is set to 10.
1605774	ID:10	CSMA ContikiMAC, channel check rate 8 Hz, radio channel 26
1613604	ID:10	Tentative link-local IPv6 address fe80:0000:0000:0000:c30c:0000:0000:000a
1615462	ID:10	Starting 'Sensor process'
1616879	ID:10	Starting UDP server
1618825	ID:10	Listen port: 3000, TTL=64
1833922	ID:0	Rime started with address 193.12.0.0.0.0.0.0
1837335	ID:8	Rime started with address 193.12.0.0.0.0.0.8
1840730	ID:0	MAC c1:0c:00:00:00:00:00:00 Contiki 3.0 started. Node id not set
1844361	ID:2	Rime started with address 193.12.0.0.0.0.0.2
1844526	ID:8	MAC c1:0c:00:00:00:00:00:08 Contiki 3.0 started. Node id is set to 8.
1845741	ID:0	CSMA ContikiMAC, channel check rate 8 Hz, radio channel 26
1849542	ID:8	CSMA ContikiMAC, channel check rate 8 Hz, radio channel 26
1851552	ID:2	MAC c1:0c:00:00:00:00:00:02 Contiki 3.0 started. Node id is set to 2.
1853537	ID:0	Tentative link-local IPv6 address fe80:0000:0000:0000:c30c:0000:0000:0000
1855680	ID:0	Starting 'UDP server process'
1856568	ID:2	CSMA ContikiMAC, channel check rate 8 Hz, radio channel 26
1857027	ID:0	UDP server started
1857340	ID:8	Tentative link-local IPv6 address fe80:0000:0000:0000:c30c:0000:0000:0008
1859198	ID:8	Starting 'Sensor process'
1860616	ID:8	Starting UDP server
1862476	ID:0	Server IPv6 addresses:  0000:0000:0000:0000:0000:0000:0000:0000 
1862562	ID:8	Listen port: 3000, TTL=64
1864366	ID:2	Tentative link-local IPv6 address fe80:0000:0000:0000:c30c:0000:0000:0002
1866224	ID:2	Starting 'Sensor process'
1866283	ID:0	 aaaa:0000:0000:0000:c30c:0000:0000:0000 
1867642	ID:2	Starting UDP server
1869588	ID:2	Listen port: 3000, TTL=64
1870098	ID:0	 fe80:0000:0000:0000:c30c:0000:0000:0000 
1876837	ID:0	Created a new RPL dag with ID:  aaaa:0000:0000:0000:c30c:0000:0000:0000 
5769160	ID:10	#L 0 1
5790829	ID:9	#L 0 1
6874507	ID:0	Server IPv6 addresses:  0000:0000:0000:0000:0000:0000:0000:0000 
6878350	ID:0	 aaaa:0000:0000:0000:c30c:0000:0000:0000 
6882156	ID:0	 fe80:0000:0000:0000:c30c:0000:0000:0000 
6884770	ID:0	Server listening on UDP port 3000
10613998	ID:10	#L 0 0
10725347	ID:0	Created a server connection with remote address  0000:0000:0000:0000:0000:0000:0000:0000 RPL: Received a DAO from fe80::c30c:0:0:a
10995571	ID:0	#L 9 1;blue
11606595	ID:10	#L 0 1
12902089	ID:5	#L 0 1
12910148	ID:9	#L 0 1
12936593	ID:1	#L 0 1
13013959	ID:10	#L 0 1
14886345	ID:8	#L 9 1
14896939	ID:10	#L 0 0
14897511	ID:10	#L 9 1
14905576	ID:10	#L 9 1
15495017	ID:0	#L 1 1;blue
15895297	ID:9	#L 10 1;blue
15988768	ID:0	#L 9 1;blue
16519021	ID:13	#L 1 1
16522540	ID:10	#L 9 0
16523112	ID:10	#L 1 1
16531284	ID:10	#L 1 1
16575816	ID:7	#L 1 1
16781597	ID:11	#L 5 1
17400025	ID:9	#L 8 1;blue
17490112	ID:0	#L 9 1;blue
18486402	ID:3	#L 8 1
18740497	ID:0	#L 5 1;blue
19168560	ID:1	#L 7 1;blue
19240098	ID:0	#L 1 1;blue
19387443	ID:5	#L 11 1;blue
19492571	ID:0	#L 5 1;blue
20174442	ID:14	#L 13 1
20541850	ID:1	#L 10 1;blue
20616947	ID:0	#L 1 1;blue
20998615	ID:8	#L 3 1;blue
21145837	ID:9	#L 8 1;blue
21239719	ID:0	#L 9 1;blue
22142757	ID:2	#L 3 1
22422977	ID:1	#L 13 1;blue
22491666	ID:0	#L 1 1;blue
23256087	ID:13	#L 14 1;blue
23417700	ID:1	#L 13 1;blue
23492563	ID:0	#L 1 1;blue
24197678	ID:7	#L 1 1
24267444	ID:13	#L 1 1
25151769	ID:11	#L 5 1
25221427	ID:3	#L 2 1;blue
28082726	ID:6	#L 11 1
28241195	ID:3	#L 8 0
28241770	ID:3	#L 7 1
28249995	ID:3	#L 7 1
30640691	ID:11	#L 6 1;blue
31015047	ID:2	#L 3 1
32310206	ID:7	#L 3 1;blue
32417440	ID:1	#L 7 1;blue
32489111	ID:0	#L 1 1;blue
33559136	ID:7	#L 3 1;blue
33666502	ID:1	#L 7 1;blue
34010002	ID:8	#L 9 1
34117763	ID:0	#L 1 1;blue
37585889	ID:12	#L 10 1
38516822	ID:2	#L 3 1
38953082	ID:6	#L 11 1
40131162	ID:10	#L 12 1;blue
40334954	ID:6	#L 11 0
40335525	ID:6	#L 1 1
40343592	ID:6	#L 1 1
40391486	ID:13	#L 1 1
42609670	ID:10	#L 1 0
42610245	ID:10	#L 5 1
44919373	ID:14	#L 13 1
45081700	ID:12	#L 10 1
45174553	ID:1	#L 6 1;blue
45242881	ID:0	#L 1 1;blue
48700239	ID:10	#L 5 0
48700814	ID:10	#L 9 1
49204807	ID:7	#L 1 0
49205387	ID:7	#L 0 1
49213660	ID:7	#L 0 1
49244053	ID:3	#L 7 0
49244628	ID:3	#L 0 1
49253303	ID:3	#L 0 1
49270022	ID:2	#L 3 0
49270631	ID:2	#L 0 1
49275121	ID:5	#L 0 1
49278890	ID:2	#L 0 1
49286995	ID:9	#L 0 1
51080216	ID:12	#L 10 1
53373742	ID:0	#L 2 1;blue
53743630	ID:0	#L 3 1;blue
54992393	ID:0	#L 7 1;blue
71037050	ID:11	#L 5 0
71037625	ID:11	#L 3 1
71045858	ID:11	#L 3 1
73463194	ID:12	#L 10 0
73463766	ID:12	#L 5 1
73472022	ID:12	#L 5 1
73791202	ID:11	#L 3 0
73791778	ID:11	#L 1 1
73800582	ID:11	#L 1 1
73825886	ID:6	#L 1 1
75544765	ID:1	#L 11 1;blue
75796278	ID:14	#L 13 1
78882139	ID:9	#L 0 0
78882719	ID:9	#L 5 1
78886464	ID:5	#L 12 1;blue
83881337	ID:9	#L 5 0
83881917	ID:9	#L 1 1
88881408	ID:9	#L 1 0
88882100	ID:9	#L 13 1
92003377	ID:13	#L 9 1;blue
92042153	ID:1	#L 13 1;blue
96394384	ID:8	#L 9 0
96395072	ID:8	#L 11 1
96403423	ID:8	#L 11 1
96404473	ID:10	#L 9 0
96405160	ID:10	#L 11 1
96413735	ID:10	#L 11 1
102139820	ID:11	#L 8 1;blue
102610781	ID:10	#L 11 0
102611356	ID:10	#L 1 1
103999568	ID:11	#L 1 0
104000144	ID:11	#L 3 1
104006884	ID:4	#L 3 1
104027287	ID:10	#L 1 0
104027862	ID:10	#L 3 1
104036106	ID:10	#L 3 1
106228969	ID:3	#L 10 1;blue
106638779	ID:8	#L 11 1
106854026	ID:3	#L 4 1;blue
112001194	ID:11	#L 3 0
112001769	ID:11	#L 2 1
116037217	ID:11	#L 2 0
116037905	ID:11	#L 13 1
120455058	ID:15	Starting UDP server (malicious)
120457398	ID:15	Malicious sensor IPv6 addresses:
120459227	ID:15	  fe80::c30c:0:0:f
120462554	ID:15	Malicious sensor listening on UDP port 3000
120499681	ID:15	#L 9 1
121000630	ID:11	#L 13 0
121001205	ID:11	#L 1 1
122984848	ID:3	#L 0 0
122985428	ID:3	#L 7 1
122994549	ID:3	#L 7 1
123813361	ID:15	#L 9 0
123813933	ID:15	#L 5 1
123822188	ID:15	#L 5 1
123833856	ID:12	#L 5 1
123929438	ID:15	#L 5 0
123930008	ID:15	#L 0 1
123938482	ID:15	#L 0 1
123952684	ID:7	#L 0 1
126259657	ID:8	#L 11 0
126260233	ID:8	#L 3 1
126269284	ID:8	#L 3 1
127060852	ID:11	#L 1 0
127061427	ID:11	#L 3 1
127738567	ID:3	#L 7 1
127774267	ID:8	#L 3 0
127774843	ID:8	#L 7 1
127783272	ID:8	#L 7 1
128581589	ID:12	#L 5 1
129026199	ID:8	#L 7 0
129026774	ID:8	#L 0 1
129035824	ID:8	#L 0 1
129045246	ID:15	#L 0 1
133827905	ID:7	#L 0 1
136585157	ID:12	#L 5 1
136740887	ID:0	#L 5 1;blue
138083383	ID:12	#L 5 1
142211063	ID:12	#L 5 1
143327889	ID:7	#L 0 1
146961076	ID:12	#L 5 1
151862464	ID:3	#L 7 0
151863044	ID:3	#L 2 1
158642376	ID:8	#L 0 1
158652557	ID:5	#L 0 1
163208300	ID:3	#L 2 0
163208879	ID:3	#L 7 1
164857805	ID:8	#L 0 0
164858381	ID:8	#L 2 1
167764484	ID:4	#L 3 0
167765055	ID:4	#L 0 1
167773313	ID:4	#L 0 1
167775660	ID:5	#L 0 1
167787389	ID:15	#L 0 1
167800571	ID:11	#L 3 0
167801146	ID:11	#L 0 1
167810435	ID:11	#L 0 1
170207229	ID:3	#L 7 0
170207808	ID:3	#L 0 1
171126058	ID:0	#L 15 1;blue
171254049	ID:0	#L 11 1;blue
173120202	ID:0	#L 4 1;blue
173281744	ID:5	#L 0 1
173285584	ID:11	#L 0 1
173321903	ID:15	#L 0 1
175208886	ID:3	#L 0 0
175209466	ID:3	#L 5 1
177128646	ID:4	#L 0 1
177151122	ID:5	#L 0 1
177161019	ID:11	#L 0 1
177163447	ID:15	#L 0 1
182161057	ID:11	#L 0 1
182163173	ID:15	#L 0 1
182253727	ID:4	#L 0 1
182277140	ID:5	#L 0 1
183207650	ID:3	#L 5 0
183208342	ID:3	#L 15 1
185858501	ID:8	#L 2 0
185859076	ID:8	#L 7 1
190057207	ID:14	#L 13 0
190057806	ID:14	#L 0 1
190066067	ID:14	#L 0 1
190093127	ID:6	#L 1 0
190093698	ID:6	#L 0 1
190101830	ID:6	#L 0 1
190130349	ID:4	#L 0 1
190210193	ID:3	#L 15 0
190210773	ID:3	#L 4 1
194208224	ID:3	#L 4 0
194208804	ID:3	#L 6 1
195247884	ID:0	#L 14 1;blue
195910821	ID:11	#L 0 1
195914647	ID:15	#L 0 1
195926607	ID:14	#L 0 1
195961530	ID:6	#L 0 1
196006595	ID:4	#L 0 1
196033885	ID:13	#L 1 0
196034465	ID:13	#L 0 1
196042399	ID:13	#L 0 1
197208035	ID:3	#L 6 0
197208614	ID:3	#L 0 1
200881721	ID:0	#L 13 1;blue
201121620	ID:0	#L 6 1;blue
201383461	ID:4	#L 0 1
201398120	ID:13	#L 0 1
201413213	ID:11	#L 0 1
201413612	ID:15	#L 0 1
201431669	ID:14	#L 0 1
201460579	ID:6	#L 0 1
203544421	ID:11	#L 0 1
203784952	ID:15	#L 0 1
206119009	ID:3	#L 0 0
206119701	ID:3	#L 10 1
206128944	ID:3	#L 10 1
208973903	ID:4	#L 0 0
208974611	ID:4	#L 14 1
209165538	ID:15	#L 0 1
209177302	ID:14	#L 0 1
209218041	ID:6	#L 0 1
209274065	ID:13	#L 0 1
209286030	ID:11	#L 0 1
209743428	ID:3	#L 10 1
212132255	ID:3	#L 10 0
212132947	ID:3	#L 14 1
212142195	ID:3	#L 14 1
213086367	ID:6	#L 0 1
213149580	ID:13	#L 0 1
213161632	ID:11	#L 0 1
213166624	ID:15	#L 0 1
213606880	ID:10	#L 3 0
215973955	ID:4	#L 14 0
215974527	ID:4	#L 2 1
216282559	ID:14	#L 3 1;blue
218993144	ID:3	#L 14 1
219511627	ID:13	#L 0 0
219512319	ID:13	#L 14 1
221973445	ID:4	#L 2 0
221974128	ID:4	#L 11 1
225489332	ID:13	#L 14 0
225490024	ID:13	#L 11 1
225908813	ID:10	#L 15 1
225909758	ID:10	#L 15 1
226119143	ID:3	#L 14 1
226518409	ID:11	#L 4 1;blue
227523608	ID:13	#L 11 1
228974754	ID:4	#L 11 0
228975325	ID:4	#L 3 1
230262586	ID:11	#L 13 1;blue
231314021	ID:15	#L 10 1;blue
232504324	ID:13	#L 11 0
232504904	ID:13	#L 1 1
233088919	ID:11	#L 0 0
233089615	ID:11	#L 14 1
233973026	ID:4	#L 3 0
233973597	ID:4	#L 5 1
234395306	ID:14	#L 0 0
234395882	ID:14	#L 6 1
236495917	ID:3	#L 14 0
236496610	ID:3	#L 12 1
237117870	ID:11	#L 14 0
237118453	ID:11	#L 6 1
239399358	ID:13	#L 1 0
239399938	ID:13	#L 6 1
241212565	ID:3	#L 12 0
241213257	ID:3	#L 10 1
241973889	ID:4	#L 5 0
241974461	ID:4	#L 6 1
242001908	ID:11	#L 6 0
242002491	ID:11	#L 0 1
243292156	ID:9	#L 13 0
243292848	ID:9	#L 14 1
244316802	ID:6	#L 14 1;blue
244370885	ID:0	#L 6 1;blue
244397521	ID:14	#L 6 0
244398208	ID:14	#L 15 1
246306768	ID:14	#L 15 1
247491734	ID:13	#L 6 0
247492314	ID:13	#L 7 1
248262756	ID:3	#L 10 0
248263336	ID:3	#L 9 1
248883991	ID:9	#L 14 0
248884570	ID:9	#L 6 1
248974228	ID:4	#L 6 0
248974837	ID:4	#L 0 1
249395309	ID:14	#L 15 0
249395996	ID:14	#L 10 1
253491234	ID:13	#L 7 0
253491814	ID:13	#L 0 1
254207858	ID:3	#L 9 0
254208438	ID:3	#L 7 1
255885310	ID:9	#L 6 0
255885890	ID:9	#L 8 1
257395200	ID:14	#L 10 0
257395775	ID:14	#L 0 1
261119359	ID:8	#L 9 1;blue
262874469	ID:0	#L 14 1;blue
267192602	ID:14	#L 0 0
267193178	ID:14	#L 2 1
267202681	ID:14	#L 2 1
271432764	ID:14	#L 2 1
273255106	ID:2	#L 14 1;blue
278207538	ID:3	#L 7 0
278208226	ID:3	#L 14 1
286995018	ID:3	#L 14 1
287166125	ID:15	#L 0 1
291119686	ID:3	#L 14 1
295324444	ID:15	#L 0 1
296002890	ID:11	#L 0 0
296003469	ID:11	#L 8 1
299043052	ID:15	#L 0 1
302404089	ID:1	#L 0 0
302404805	ID:1	#L 11 1
306003200	ID:11	#L 8 0
306003892	ID:11	#L 12 1
307452976	ID:1	#L 11 0
307453579	ID:1	#L 6 1
309153548	ID:5	#L 0 1
311404843	ID:1	#L 6 0
311405447	ID:1	#L 3 1
311529286	ID:5	#L 0 1
314002863	ID:11	#L 12 0
314003443	ID:11	#L 1 1
315404784	ID:1	#L 3 0
315405500	ID:1	#L 14 1
317029263	ID:5	#L 0 1
320404632	ID:1	#L 14 0
320405235	ID:1	#L 0 1
321912673	ID:13	#L 0 0
321913360	ID:13	#L 15 1
321923102	ID:13	#L 15 1
321927430	ID:11	#L 1 0
321928122	ID:11	#L 15 1
321932576	ID:9	#L 8 0
321933268	ID:9	#L 15 1
321937476	ID:11	#L 15 1
321941741	ID:9	#L 15 1
325963640	ID:6	#L 0 1
326022881	ID:2	#L 0 1
326028547	ID:5	#L 0 1
326769675	ID:2	#L 0 1
326779854	ID:5	#L 0 1
327139505	ID:15	#L 9 1;blue
328316386	ID:15	#L 13 1;blue
330003429	ID:11	#L 15 0
330004009	ID:11	#L 9 1
334522587	ID:2	#L 0 1
334528415	ID:5	#L 0 1
336002734	ID:11	#L 9 0
336003426	ID:11	#L 10 1
340938607	ID:1	#L 0 0
340939210	ID:1	#L 7 1
340947231	ID:1	#L 7 1
342003523	ID:11	#L 10 0
342004103	ID:11	#L 0 1
343404972	ID:5	#L 0 1
345308170	ID:7	#L 1 1;blue
346145597	ID:8	#L 7 0
346146215	ID:8	#L 6 1
346185363	ID:1	#L 7 1
348136548	ID:3	#L 14 0
348137123	ID:3	#L 1 1
348147434	ID:3	#L 1 1
349560735	ID:1	#L 7 1
350064566	ID:6	#L 8 1;blue
352544036	ID:1	#L 3 1;blue
352680659	ID:7	#L 1 1;blue
354913991	ID:11	#L 0 1
354919584	ID:15	#L 0 1
355188996	ID:1	#L 7 1
357795129	ID:15	#L 0 1
363011481	ID:4	#L 0 1
364350118	ID:7	#L 0 0
364350852	ID:7	#L 15 1
369296566	ID:7	#L 15 0
369297150	ID:7	#L 2 1
371881701	ID:4	#L 0 1
371913991	ID:11	#L 0 1
371919435	ID:15	#L 0 1
375914771	ID:11	#L 0 1
377296782	ID:7	#L 2 0
377297366	ID:7	#L 8 1
380257497	ID:4	#L 0 1
380289608	ID:11	#L 0 1
380323501	ID:15	#L 0 1
383296678	ID:7	#L 8 0
383297261	ID:7	#L 0 1
385257492	ID:4	#L 0 1
385335164	ID:15	#L 0 1
389011896	ID:4	#L 0 1
403025404	ID:13	#L 15 0
403025979	ID:13	#L 9 1
403036561	ID:13	#L 9 1
404873070	ID:3	#L 1 1
406537131	ID:13	#L 9 1
406906972	ID:9	#L 13 1;blue
407021066	ID:15	#L 9 1;blue
409212462	ID:3	#L 1 0
409213038	ID:3	#L 8 1
410275678	ID:13	#L 9 1
411314146	ID:1	#L 7 0
411314749	ID:1	#L 4 1
416026551	ID:13	#L 9 1
417405403	ID:1	#L 4 0
417406007	ID:1	#L 8 1
419900831	ID:13	#L 9 1
421674550	ID:1	#L 8 0
421675153	ID:1	#L 0 1
424563236	ID:1	#L 0 1
426025610	ID:13	#L 9 1
448578196	ID:7	#L 0 1
460062456	ID:1	#L 0 0
460063171	ID:1	#L 10 1
460071602	ID:1	#L 10 1
464876989	ID:10	#L 1 1;blue
498510058	ID:4	#L 0 1
498530972	ID:5	#L 0 1
498539782	ID:11	#L 0 1
498587754	ID:6	#L 0 1
510443879	ID:14	#L 2 0
510444454	ID:14	#L 0 1
518897473	ID:2	#L 0 1
518915363	ID:11	#L 0 1
518917002	ID:15	#L 0 1
524149568	ID:2	#L 0 1
524163066	ID:11	#L 0 1
524168744	ID:15	#L 0 1
524215661	ID:6	#L 0 1
527962565	ID:6	#L 0 1
528022122	ID:2	#L 0 1
528041562	ID:15	#L 0 1
528047460	ID:11	#L 0 1
532911845	ID:11	#L 0 1
532917457	ID:15	#L 0 1
532964242	ID:6	#L 0 1
533023878	ID:2	#L 0 1
535311576	ID:1	#L 10 1
537163464	ID:11	#L 0 1
537169455	ID:15	#L 0 1
541290305	ID:11	#L 0 1
541292825	ID:15	#L 0 1
541991104	ID:3	#L 8 1
546037846	ID:11	#L 0 1
546042528	ID:15	#L 0 1
550981725	ID:12	#L 5 0
550982296	ID:12	#L 0 1
550990946	ID:12	#L 0 1
551043226	ID:15	#L 0 1
551047149	ID:11	#L 0 1
553343199	ID:12	#L 0 1
553412623	ID:11	#L 0 1
553417258	ID:15	#L 0 1
558122880	ID:0	#L 12 1;blue
559343427	ID:12	#L 0 1
559415291	ID:11	#L 0 1
559416537	ID:15	#L 0 1
563289475	ID:11	#L 0 1
563323376	ID:15	#L 0 1
566166880	ID:15	#L 0 1
566218000	ID:12	#L 0 1
566286585	ID:11	#L 0 1
572169429	ID:15	#L 0 1
572886922	ID:2	#L 0 0
572887494	ID:2	#L 6 1
575134293	ID:4	#L 0 1
575163060	ID:11	#L 0 1
575168321	ID:15	#L 0 1
575219830	ID:12	#L 0 1
579866164	ID:2	#L 6 0
579866847	ID:2	#L 15 1
579884613	ID:4	#L 0 1
579920309	ID:15	#L 0 1
584383742	ID:4	#L 0 1
584866486	ID:2	#L 15 0
584867057	ID:2	#L 6 1
585649961	ID:2	#L 6 0
585650532	ID:2	#L 9 1
591168161	ID:15	#L 0 1
591206050	ID:7	#L 0 1
591212423	ID:6	#L 0 1
591277547	ID:9	#L 2 1;blue
593258965	ID:4	#L 0 1
593305736	ID:14	#L 0 0
593306311	ID:14	#L 8 1
598126536	ID:8	#L 14 1;blue
618405615	ID:5	#L 0 1
618420181	ID:15	#L 0 1
618454621	ID:7	#L 0 1
621496644	ID:1	#L 10 0
621497247	ID:1	#L 9 1
622528984	ID:5	#L 0 1
622543364	ID:15	#L 0 1
627404759	ID:1	#L 9 0
627405362	ID:1	#L 0 1
629037117	ID:15	#L 0 1
629313173	ID:7	#L 0 0
629313757	ID:7	#L 6 1
632154399	ID:5	#L 0 1
632168354	ID:15	#L 0 1
632220219	ID:12	#L 0 1
636080646	ID:7	#L 6 0
636081342	ID:7	#L 11 1
637092464	ID:12	#L 0 1
637152435	ID:5	#L 0 1
641166706	ID:15	#L 0 1
643250115	ID:5	#L 0 0
643250807	ID:5	#L 15 1
645041610	ID:15	#L 0 1
645093250	ID:12	#L 0 1
646250759	ID:5	#L 15 0
646251339	ID:5	#L 6 1
649293138	ID:15	#L 0 1
649344019	ID:12	#L 0 1
650249859	ID:5	#L 6 0
650250551	ID:5	#L 14 1
655252235	ID:5	#L 14 0
655252852	ID:5	#L 8 1
655325605	ID:15	#L 0 1
656709125	ID:1	#L 0 0
658525712	ID:1	#L 7 1
660248809	ID:5	#L 8 0
660249389	ID:5	#L 9 1
661269122	ID:8	#L 6 1
664461859	ID:6	#L 0 1
664468245	ID:12	#L 0 1
665494647	ID:0	#L 6 1;blue
666265554	ID:5	#L 9 0
666266133	ID:5	#L 0 1
666270238	ID:9	#L 5 1;blue
666394216	ID:8	#L 6 1
670261874	ID:4	#L 0 0
670262557	ID:4	#L 12 1
670271656	ID:4	#L 12 1
671858217	ID:8	#L 6 0
671858801	ID:8	#L 9 1
673887913	ID:9	#L 15 0
673888616	ID:9	#L 11 1
675494081	ID:13	#L 9 0
675494657	ID:13	#L 8 1
678072686	ID:12	#L 4 1;blue
679134925	ID:4	#L 12 1
679886357	ID:9	#L 11 0
679886948	ID:9	#L 0 1
681858803	ID:8	#L 9 0
681859499	ID:8	#L 11 1
684261303	ID:4	#L 12 1
684494393	ID:13	#L 8 0
684495081	ID:13	#L 15 1
686709355	ID:1	#L 7 0
686976671	ID:4	#L 12 0
686977242	ID:4	#L 0 1
692886175	ID:9	#L 0 0
692886766	ID:9	#L 2 1
694437828	ID:1	#L 14 1
702881263	ID:8	#L 11 0
702881846	ID:8	#L 7 1
708860295	ID:8	#L 7 0
708860991	ID:8	#L 13 1
711517401	ID:8	#L 13 1
712007018	ID:13	#L 8 1;blue
727039103	ID:11	#L 0 1
727094094	ID:12	#L 0 1
728887078	ID:9	#L 2 0
728887777	ID:9	#L 12 1
732156246	ID:5	#L 0 1
732165332	ID:11	#L 0 1
732170145	ID:15	#L 0 1
733885177	ID:9	#L 12 0
733885764	ID:9	#L 8 1
736154123	ID:5	#L 0 1
736168170	ID:15	#L 0 1
739289387	ID:11	#L 0 1
739298862	ID:5	#L 0 1
739341291	ID:12	#L 0 1
739353382	ID:15	#L 0 1
744887863	ID:9	#L 8 0
744888563	ID:9	#L 15 1
745092993	ID:12	#L 0 1
745162041	ID:15	#L 0 1
745868835	ID:2	#L 9 0
745869406	ID:2	#L 0 1
748204735	ID:1	#L 14 0
748205338	ID:1	#L 2 1
748215872	ID:1	#L 2 1
749021413	ID:2	#L 0 1
749030179	ID:5	#L 0 1
749044245	ID:15	#L 0 1
749095479	ID:12	#L 0 1
755094486	ID:12	#L 0 1
755150816	ID:2	#L 0 1
755168780	ID:15	#L 0 1
755382898	ID:2	#L 1 1;blue
755691124	ID:1	#L 2 1
757399417	ID:2	#L 0 1
757417335	ID:15	#L 0 1
760367501	ID:0	#L 2 1;blue
763024242	ID:2	#L 0 1
763042428	ID:15	#L 0 1
763067415	ID:1	#L 2 0
763068018	ID:1	#L 0 1
763078706	ID:1	#L 0 1
763093791	ID:12	#L 0 1
765903332	ID:8	#L 13 0
765903953	ID:8	#L 1 1
765914482	ID:8	#L 1 1
768989144	ID:0	#L 1 1;blue
769300504	ID:7	#L 11 0
769301087	ID:7	#L 0 1
770859471	ID:8	#L 1 0
770860054	ID:8	#L 6 1
773329053	ID:7	#L 0 0
773329636	ID:7	#L 1 1
773338253	ID:7	#L 1 1
780859136	ID:8	#L 6 0
780859832	ID:8	#L 13 1
783181143	ID:14	#L 8 0
783181718	ID:14	#L 0 1
791030910	ID:5	#L 0 1
791040572	ID:11	#L 0 1
791045309	ID:15	#L 0 1
792358024	ID:4	#L 0 0
795096165	ID:12	#L 0 1
795156034	ID:5	#L 0 1
795165454	ID:11	#L 0 1
795170048	ID:15	#L 0 1
797398186	ID:14	#L 0 0
797398762	ID:14	#L 2 1
800838089	ID:6	#L 0 1
800844602	ID:12	#L 0 1
800904319	ID:5	#L 0 1
800914470	ID:11	#L 0 1
800918800	ID:15	#L 0 1
801039683	ID:5	#L 0 0
801040375	ID:5	#L 11 1
801048283	ID:5	#L 11 1
801053423	ID:9	#L 15 0
801054122	ID:9	#L 11 1
801064498	ID:9	#L 11 1
803163920	ID:11	#L 0 1
806262266	ID:11	#L 9 1;blue
806544184	ID:9	#L 11 1
807885971	ID:11	#L 5 1;blue
808018386	ID:4	#L 0 1
808019489	ID:4	#L 0 1
808041730	ID:11	#L 0 1
808045146	ID:15	#L 0 1
808085200	ID:6	#L 0 1
808086485	ID:7	#L 1 0
808087068	ID:7	#L 0 1
808092205	ID:12	#L 0 1
808095346	ID:7	#L 0 1
810245442	ID:0	#L 11 1;blue
810996265	ID:0	#L 11 1;blue
811043614	ID:9	#L 11 1
811156035	ID:5	#L 11 1
814543856	ID:6	#L 0 0
815152985	ID:5	#L 11 1
815170550	ID:9	#L 11 1
815176387	ID:6	#L 12 1
815859447	ID:8	#L 13 0
815860031	ID:8	#L 6 1
818385402	ID:4	#L 0 1
818420174	ID:15	#L 0 1
818466564	ID:6	#L 12 0
818467143	ID:6	#L 0 1
818476233	ID:6	#L 0 1
819265793	ID:8	#L 6 1
819308511	ID:14	#L 2 0
819309086	ID:14	#L 6 1
819319669	ID:14	#L 6 1
820170297	ID:9	#L 11 1
820960976	ID:6	#L 0 1
820968657	ID:12	#L 0 1
821011353	ID:4	#L 0 1
822639937	ID:8	#L 6 1
824158934	ID:5	#L 11 0
824159514	ID:5	#L 4 1
824168128	ID:5	#L 4 1
826418516	ID:15	#L 0 1
826458637	ID:6	#L 0 1
826470015	ID:12	#L 0 1
826509472	ID:4	#L 0 1
832863492	ID:4	#L 5 1;blue
835917593	ID:15	#L 0 1
839126092	ID:3	#L 8 0
839126668	ID:3	#L 5 1
839134908	ID:3	#L 5 1
843743469	ID:3	#L 5 1
844420153	ID:15	#L 0 1
844460421	ID:6	#L 0 1
846778143	ID:14	#L 6 0
851029184	ID:10	#L 15 0
853346201	ID:12	#L 0 1
853556218	ID:14	#L 2 1
856172383	ID:9	#L 11 0
856172971	ID:9	#L 8 1
856182213	ID:9	#L 8 1
858719530	ID:12	#L 0 1
858776480	ID:10	#L 0 1
858777652	ID:10	#L 0 1
858794264	ID:15	#L 0 1
858799020	ID:9	#L 8 0
858799607	ID:9	#L 0 1
858808166	ID:9	#L 0 1
861248019	ID:0	#L 10 1;blue
861896261	ID:8	#L 6 0
861896845	ID:8	#L 9 1
861903136	ID:13	#L 15 0
861903754	ID:13	#L 9 1
861905643	ID:8	#L 9 1
861914328	ID:13	#L 9 1
862117278	ID:0	#L 9 1;blue
863396028	ID:10	#L 0 1
863417169	ID:9	#L 0 1
863419051	ID:15	#L 0 1
863470332	ID:12	#L 0 1
863549285	ID:13	#L 9 0
863549865	ID:13	#L 8 1
863560648	ID:13	#L 8 1
868155352	ID:13	#L 8 1
872655488	ID:13	#L 8 1
872741692	ID:3	#L 5 0
872742268	ID:3	#L 8 1
872751179	ID:3	#L 8 1
872875568	ID:8	#L 13 1;blue
881365559	ID:3	#L 8 1
881405464	ID:13	#L 8 1
881646866	ID:10	#L 0 1
881648753	ID:2	#L 0 1
881669338	ID:15	#L 0 1
885397174	ID:10	#L 0 1
885398413	ID:2	#L 0 1
885415154	ID:15	#L 0 1
885419181	ID:9	#L 0 1
889885232	ID:9	#L 0 0
889885820	ID:9	#L 8 1
890277761	ID:13	#L 8 0
890278341	ID:13	#L 9 1
891260577	ID:15	#L 0 0
891261269	ID:15	#L 10 1
891778711	ID:14	#L 2 0
894031476	ID:5	#L 4 0
894032055	ID:5	#L 9 1
894042671	ID:5	#L 9 1
894054451	ID:14	#L 7 1
894133789	ID:4	#L 0 1
894146508	ID:10	#L 0 1
894150188	ID:2	#L 0 1
898974207	ID:12	#L 0 0
898974778	ID:12	#L 6 1
898985784	ID:12	#L 6 1
