887680	ID:4	Rime started with address 193.12.0.0.0.0.0.4
894871	ID:4	MAC c1:0c:00:00:00:00:00:04 Contiki 3.0 started. Node id is set to 4.
899887	ID:4	CSMA ContikiMAC, channel check rate 8 Hz, radio channel 26
907683	ID:4	Tentative link-local IPv6 address fe80:0000:0000:0000:c30c:0000:0000:0004
909541	ID:4	Starting 'Sensor process'
910958	ID:4	Starting UDP server
912904	ID:4	Listen port: 3000, TTL=64
962442	ID:5	Rime started with address 193.12.0.0.0.0.0.5
969633	ID:5	MAC c1:0c:00:00:00:00:00:05 Contiki 3.0 started. Node id is set to 5.
974649	ID:5	CSMA ContikiMAC, channel check rate 8 Hz, radio channel 26
982445	ID:5	Tentative link-local IPv6 address fe80:0000:0000:0000:c30c:0000:0000:0005
984303	ID:5	Starting 'Sensor process'
985720	ID:5	Starting UDP server
987666	ID:5	Listen port: 3000, TTL=64
1092376	ID:12	Rime started with address 193.12.0.0.0.0.0.12
1092636	ID:14	Rime started with address 193.12.0.0.0.0.0.14
1099663	ID:12	MAC c1:0c:00:00:00:00:00:0c Contiki 3.0 started. Node id is set to 12.
1099923	ID:14	MAC c1:0c:00:00:00:00:00:0e Contiki 3.0 started. Node id is set to 14.
1104684	ID:12	CSMA ContikiMAC, channel check rate 8 Hz, radio channel 26
1104944	ID:14	CSMA ContikiMAC, channel check rate 8 Hz, radio channel 26
1112513	ID:12	Tentative link-local IPv6 address fe80:0000:0000:0000:c30c:0000:0000:000c
1112773	ID:14	Tentative link-local IPv6 address fe80:0000:0000:0000:c30c:0000:0000:000e
1114371	ID:12	Starting 'Sensor process'
1114631	ID:14	Starting 'Sensor process'
1115789	ID:12	Starting UDP server
1116049	ID:14	Starting UDP server
1117735	ID:12	Listen port: 3000, TTL=64
1117995	ID:14	Listen port: 3000, TTL=64
1118376	ID:1	Rime started with address 193.12.0.0.0.0.0.1
1125567	ID:1	MAC c1:0c:00:00:00:00:00:01 Contiki 3.0 started. Node id is set to 1.
1128776	ID:9	Rime started with address 193.12.0.0.0.0.0.9
1130583	ID:1	CSMA ContikiMAC, channel check rate 8 Hz, radio channel 26
1135967	ID:9	MAC c1:0c:00:00:00:00:00:09 Contiki 3.0 started. Node id is set to 9.
1138379	ID:1	Tentative link-local IPv6 address fe80:0000:0000:0000:c30c:0000:0000:0001
1140237	ID:1	Starting 'Sensor process'
1140983	ID:9	CSMA ContikiMAC, channel check rate 8 Hz, radio channel 26
1141654	ID:1	Starting UDP server
1143600	ID:1	Listen port: 3000, TTL=64
1148779	ID:9	Tentative link-local IPv6 address fe80:0000:0000:0000:c30c:0000:0000:0009
1150637	ID:9	Starting 'Sensor process'
1152054	ID:9	Starting UDP server
1154000	ID:9	Listen port: 3000, TTL=64
1278299	ID:8	Rime started with address 193.12.0.0.0.0.0.8
1278328	ID:10	Rime started with address 193.12.0.0.0.0.0.10
1285490	ID:8	MAC c1:0c:00:00:00:00:00:08 Contiki 3.0 started. Node id is set to 8.
1285615	ID:10	MAC c1:0c:00:00:00:00:00:0a Contiki 3.0 started. Node id is set to 10.
1290506	ID:8	CSMA ContikiMAC, channel check rate 8 Hz, radio channel 26
1290636	ID:10	CSMA ContikiMAC, channel check rate 8 Hz, radio channel 26
1298302	ID:8	Tentative link-local IPv6 address fe80:0000:0000:0000:c30c:0000:0000:0008
1298465	ID:10	Tentative link-local IPv6 address fe80:0000:0000:0000:c30c:0000:0000:000a
1300160	ID:8	Starting 'Sensor process'
1300323	ID:10	Starting 'Sensor process'
1301577	ID:8	Starting UDP server
1301741	ID:10	Starting UDP server
1303523	ID:8	Listen port: 3000, TTL=64
1303687	ID:10	Listen port: 3000, TTL=64
1388661	ID:3	Rime started with address 193.12.0.0.0.0.0.3
1395852	ID:3	MAC c1:0c:00:00:00:00:00:03 Contiki 3.0 started. Node id is set to 3.
1400868	ID:3	CSMA ContikiMAC, channel check rate 8 Hz, radio channel 26
1405726	ID:2	Rime started with address 193.12.0.0.0.0.0.2
1408664	ID:3	Tentative link-local IPv6 address fe80:0000:0000:0000:c30c:0000:0000:0003
1410522	ID:3	Starting 'Sensor process'
1411939	ID:3	Starting UDP server
1412917	ID:2	MAC c1:0c:00:00:00:00:00:02 Contiki 3.0 started. Node id is set to 2.
1413885	ID:3	Listen port: 3000, TTL=64
1417933	ID:2	CSMA ContikiMAC, channel check rate 8 Hz, radio channel 26
1425729	ID:2	Tentative link-local IPv6 address fe80:0000:0000:0000:c30c:0000:0000:0002
1427587	ID:2	Starting 'Sensor process'
1429004	ID:2	Starting UDP server
1430950	ID:2	Listen port: 3000, TTL=64
1532384	ID:15	Rime started with address 193.12.0.0.0.0.0.15
1539669	ID:15	MAC c1:0c:00:00:00:00:00:0f Contiki 3.0 started. Node id is set to 15.
1544691	ID:15	CSMA ContikiMAC, channel check rate 8 Hz, radio channel 26
1552520	ID:15	Tentative link-local IPv6 address fe80:0000:0000:0000:c30c:0000:0000:000f
1555090	ID:15	Starting 'Malicious sensor process'
1646110	ID:13	Rime started with address 193.12.0.0.0.0.0.13
1653397	ID:13	MAC c1:0c:00:00:00:00:00:0d Contiki 3.0 started. Node id is set to 13.
1658418	ID:13	CSMA ContikiMAC, channel check rate 8 Hz, radio channel 26
1666247	ID:13	Tentative link-local IPv6 address fe80:0000:0000:0000:c30c:0000:0000:000d
1668105	ID:13	Starting 'Sensor process'
1669523	ID:13	Starting UDP server
1671469	ID:13	Listen port: 3000, TTL=64
1719957	ID:0	Rime started with address 193.12.0.0.0.0.0.0
1726765	ID:0	MAC c1:0c:00:00:00:00:00:00 Contiki 3.0 started. Node id not set
1731776	ID:0	CSMA ContikiMAC, channel check rate 8 Hz, radio channel 26
1739570	ID:0	Tentative link-local IPv6 address fe80:0000:0000:0000:c30c:0000:0000:0000
1741713	ID:0	Starting 'UDP server process'
1743060	ID:0	UDP server started
1745330	ID:11	Rime started with address 193.12.0.0.0.0.0.11
1748509	ID:0	Server IPv6 addresses:  0000:0000:0000:0000:0000:0000:0000:0000 
1752315	ID:0	 aaaa:0000:0000:0000:c30c:0000:0000:0000 
1752617	ID:11	MAC c1:0c:00:00:00:00:00:0b Contiki 3.0 started. Node id is set to 11.
1756133	ID:0	 fe80:0000:0000:0000:c30c:0000:0000:0000 
1757638	ID:11	CSMA ContikiMAC, channel check rate 8 Hz, radio channel 26
1762871	ID:0	Created a new RPL dag with ID:  aaaa:0000:0000:0000:c30c:0000:0000:0000 
1765467	ID:11	Tentative link-local IPv6 address fe80:0000:0000:0000:c30c:0000:0000:000b
1767325	ID:11	Starting 'Sensor process'
1768743	ID:11	Starting UDP server
1770689	ID:11	Listen port: 3000, TTL=64
1785628	ID:7	Rime started with address 193.12.0.0.0.0.0.7
1788484	ID:6	Rime started with address 193.12.0.0.0.0.0.6
1792819	ID:7	MAC c1:0c:00:00:00:00:00:07 Contiki 3.0 started. Node id is set to 7.
1795675	ID:6	MAC c1:0c:00:00:00:00:00:06 Contiki 3.0 started. Node id is set to 6.
1797835	ID:7	CSMA ContikiMAC, channel check rate 8 Hz, radio channel 26
1800691	ID:6	CSMA ContikiMAC, channel check rate 8 Hz, radio channel 26
1805631	ID:7	Tentative link-local IPv6 address fe80:0000:0000:0000:c30c:0000:0000:0007
1807489	ID:7	Starting 'Sensor process'
1808487	ID:6	Tentative link-local IPv6 address fe80:0000:0000:0000:c30c:0000:0000:0006
1808906	ID:7	Starting UDP server
1810345	ID:6	Starting 'Sensor process'
1810852	ID:7	Listen port: 3000, TTL=64
1811762	ID:6	Starting UDP server
1813708	ID:6	Listen port: 3000, TTL=64
5681179	ID:9	#L 0 1
5702807	ID:10	#L 0 1
6760542	ID:0	Server IPv6 addresses:  0000:0000:0000:0000:0000:0000:0000:0000 
6764385	ID:0	 aaaa:0000:0000:0000:c30c:0000:0000:0000 
6768191	ID:0	 fe80:0000:0000:0000:c30c:0000:0000:0000 
6770805	ID:0	Server listening on UDP port 3000
10149419	ID:9	#L 0 0
10237937	ID:0	Created a server connection with remote address  0000:0000:0000:0000:0000:0000:0000:0000 RPL: Received a DAO from fe80::c30c:0:0:9
10298860	ID:10	#L 0 0
11142017	ID:9	#L 0 1
11291457	ID:10	#L 0 1
12792238	ID:1	#L 0 1
12800238	ID:9	#L 0 1
12887591	ID:5	#L 0 1
14202089	ID:8	#L 9 1
15626580	ID:0	#L 10 1;blue
16250966	ID:0	#L 9 1;blue
16444931	ID:13	#L 1 1
16457016	ID:10	#L 0 0
16457588	ID:10	#L 1 1
16462305	ID:7	#L 1 1
16465843	ID:10	#L 1 1
16671664	ID:11	#L 5 1
17126872	ID:0	#L 5 1;blue
17291156	ID:9	#L 8 1;blue
17374844	ID:0	#L 9 1;blue
17816284	ID:3	#L 8 1
18001213	ID:0	#L 1 1;blue
19032138	ID:1	#L 13 1;blue
19126693	ID:0	#L 1 1;blue
19783289	ID:1	#L 7 1;blue
19877914	ID:0	#L 1 1;blue
20019707	ID:14	#L 13 1
20863794	ID:11	#L 5 0
20938112	ID:8	#L 3 1;blue
21035302	ID:9	#L 8 1;blue
21125796	ID:0	#L 9 1;blue
21276584	ID:1	#L 10 1;blue
21576631	ID:10	#L 1 1
21579496	ID:7	#L 1 1
21692599	ID:13	#L 1 1
21876418	ID:0	#L 1 1;blue
22198258	ID:8	#L 9 1
22557380	ID:13	#L 14 1;blue
22652166	ID:1	#L 13 1;blue
22753697	ID:0	#L 1 1;blue
22758759	ID:11	#L 5 1
24964411	ID:6	#L 11 1
25186191	ID:9	#L 0 0
25186771	ID:9	#L 5 1
25195041	ID:9	#L 5 1
27744778	ID:5	#L 11 1;blue
27799626	ID:7	#L 1 0
27800408	ID:7	#L 5 1
27876822	ID:0	#L 5 1;blue
28083657	ID:8	#L 9 0
28084345	ID:8	#L 10 1
28092715	ID:8	#L 10 1
28263572	ID:14	#L 13 1
28296170	ID:11	#L 5 0
28296853	ID:11	#L 13 1
28305225	ID:11	#L 13 1
28338493	ID:7	#L 5 0
28339064	ID:7	#L 0 1
28347043	ID:7	#L 0 1
29582940	ID:2	#L 3 1
30808923	ID:6	#L 11 0
31126464	ID:5	#L 9 1;blue
31190551	ID:3	#L 8 0
31191123	ID:3	#L 7 1
31199378	ID:3	#L 7 1
31203291	ID:13	#L 1 0
31203867	ID:13	#L 7 1
31212122	ID:13	#L 7 1
31802403	ID:6	#L 11 1
31834938	ID:6	#L 11 1
31876759	ID:0	#L 5 1;blue
32311128	ID:10	#L 8 1;blue
32548892	ID:3	#L 2 1;blue
32693548	ID:7	#L 3 1;blue
33130394	ID:0	#L 7 1;blue
33827343	ID:2	#L 3 1
34629905	ID:0	#L 7 1;blue
34927981	ID:13	#L 11 1;blue
35217581	ID:6	#L 11 0
35218265	ID:6	#L 13 1
35226416	ID:6	#L 13 1
35262863	ID:14	#L 13 1
35293925	ID:10	#L 1 0
35294501	ID:10	#L 5 1
35294765	ID:11	#L 13 1
36067707	ID:7	#L 3 1;blue
36127798	ID:0	#L 7 1;blue
36661720	ID:13	#L 7 0
36662300	ID:13	#L 1 1
37310326	ID:13	#L 6 1;blue
37651317	ID:1	#L 13 1;blue
38017492	ID:12	#L 10 1
38455168	ID:2	#L 3 0
38455740	ID:2	#L 7 1
38463961	ID:2	#L 7 1
38877974	ID:0	#L 1 1;blue
40023866	ID:1	#L 13 1;blue
40568758	ID:10	#L 12 1;blue
41294131	ID:10	#L 5 0
41294711	ID:10	#L 1 1
42502995	ID:0	#L 1 1;blue
43820079	ID:7	#L 2 1;blue
44827173	ID:8	#L 10 0
44827861	ID:8	#L 12 1
44890701	ID:12	#L 10 1
45666694	ID:11	#L 13 1
45709341	ID:6	#L 13 1
45764927	ID:14	#L 13 1
49499563	ID:12	#L 8 1;blue
50013131	ID:12	#L 10 1
50309221	ID:3	#L 7 1
50326571	ID:2	#L 7 1
51408548	ID:10	#L 1 0
51409128	ID:10	#L 0 1
60168259	ID:11	#L 13 1
60262236	ID:14	#L 13 1
62319083	ID:3	#L 7 0
62319658	ID:3	#L 0 1
62328107	ID:3	#L 0 1
62336361	ID:2	#L 7 0
62336932	ID:2	#L 0 1
62345401	ID:2	#L 0 1
62386913	ID:5	#L 0 1
66628702	ID:0	#L 3 1;blue
66792434	ID:13	#L 1 0
66793018	ID:13	#L 5 1
66880607	ID:0	#L 2 1;blue
67300508	ID:11	#L 13 0
67301079	ID:11	#L 1 1
67309525	ID:11	#L 1 1
67312969	ID:9	#L 5 0
67313549	ID:9	#L 1 1
67322459	ID:9	#L 1 1
67341580	ID:6	#L 13 0
67342152	ID:6	#L 1 1
67350625	ID:6	#L 1 1
68023344	ID:12	#L 10 0
68023919	ID:12	#L 5 1
68032175	ID:12	#L 5 1
70410082	ID:1	#L 9 1;blue
70765728	ID:14	#L 13 1
71004838	ID:5	#L 12 1;blue
71278413	ID:1	#L 6 1;blue
71653820	ID:1	#L 11 1;blue
73980286	ID:5	#L 0 0
73980869	ID:5	#L 7 1
74662542	ID:13	#L 5 0
74663125	ID:13	#L 9 1
76263973	ID:5	#L 7 1
76639065	ID:12	#L 5 1
77942013	ID:7	#L 5 1;blue
78268730	ID:14	#L 13 0
78269302	ID:14	#L 9 1
78277596	ID:14	#L 9 1
78322756	ID:13	#L 9 1
79210739	ID:8	#L 12 0
79211314	ID:8	#L 6 1
79214388	ID:10	#L 0 0
79214968	ID:10	#L 6 1
79220249	ID:8	#L 6 1
79223225	ID:10	#L 6 1
79537608	ID:9	#L 13 1;blue
80692215	ID:7	#L 5 1;blue
82790580	ID:9	#L 14 1;blue
83076269	ID:6	#L 8 1;blue
84447693	ID:6	#L 10 1;blue
89762242	ID:14	#L 9 0
89762926	ID:14	#L 13 1
89823575	ID:13	#L 9 1
90135738	ID:1	#L 0 0
90136333	ID:1	#L 7 1
92547735	ID:11	#L 1 0
92548306	ID:11	#L 2 1
96135735	ID:1	#L 7 0
96136330	ID:1	#L 5 1
97765218	ID:11	#L 2 0
97765790	ID:11	#L 3 1
99056302	ID:9	#L 1 0
99056998	ID:9	#L 11 1
100638951	ID:12	#L 5 1
101250699	ID:1	#L 5 0
101251869	ID:1	#L 11 1
101891126	ID:14	#L 13 0
101891697	ID:14	#L 9 1
103264716	ID:14	#L 9 1
103764991	ID:11	#L 3 0
103765562	ID:11	#L 9 1
104938672	ID:4	#L 14 1
105217064	ID:9	#L 11 0
105217647	ID:9	#L 0 1
108390675	ID:14	#L 9 1
108446441	ID:13	#L 9 1
108626508	ID:14	#L 4 1;blue
108790890	ID:9	#L 14 1;blue
110067484	ID:4	#L 14 0
110068055	ID:4	#L 1 1
110076302	ID:4	#L 1 1
110137476	ID:1	#L 11 0
110138071	ID:1	#L 0 1
111763336	ID:11	#L 9 0
111763907	ID:11	#L 1 1
112560570	ID:4	#L 1 1
114778316	ID:1	#L 4 1;blue
116274397	ID:14	#L 9 0
116274973	ID:14	#L 3 1
116283430	ID:14	#L 3 1
116320203	ID:9	#L 0 0
116320790	ID:9	#L 3 1
116329005	ID:9	#L 3 1
118765727	ID:11	#L 1 0
118766411	ID:11	#L 10 1
120749369	ID:15	Starting UDP server (malicious)
120751709	ID:15	Malicious sensor IPv6 addresses:
120753538	ID:15	  fe80::c30c:0:0:f
120756862	ID:15	Malicious sensor listening on UDP port 3000
120793989	ID:15	#L 9 1
122059026	ID:4	#L 1 0
122059709	ID:4	#L 14 1
123108330	ID:14	#L 3 0
123108906	ID:14	#L 9 1
123764561	ID:11	#L 10 0
123765133	ID:11	#L 6 1
123987815	ID:15	#L 9 0
123988386	ID:15	#L 8 1
123996615	ID:15	#L 8 1
126020821	ID:5	#L 7 1
126094480	ID:15	#L 8 0
126095051	ID:15	#L 7 1
126103783	ID:15	#L 7 1
127007997	ID:4	#L 14 0
127008569	ID:4	#L 9 1
128328669	ID:15	#L 7 1
128389911	ID:5	#L 7 1
129665648	ID:9	#L 4 1;blue
129764129	ID:11	#L 6 0
129764818	ID:11	#L 13 1
132943357	ID:3	#L 0 1
132961997	ID:7	#L 0 1
132965805	ID:15	#L 7 0
132966414	ID:15	#L 0 1
132968320	ID:8	#L 6 0
132968895	ID:8	#L 0 1
132975781	ID:15	#L 0 1
132977746	ID:8	#L 0 1
135390516	ID:12	#L 5 1
136755109	ID:0	#L 7 1;blue
136832881	ID:8	#L 0 1
136833881	ID:15	#L 0 1
136841489	ID:7	#L 0 1
136940264	ID:3	#L 0 1
137630895	ID:0	#L 15 1;blue
138257340	ID:0	#L 8 1;blue
138392672	ID:12	#L 5 1
139664442	ID:13	#L 9 0
139665022	ID:13	#L 6 1
141329580	ID:8	#L 0 1
141766132	ID:12	#L 5 1
144183840	ID:4	#L 9 1
144662688	ID:13	#L 6 0
144663268	ID:13	#L 1 1
145380181	ID:0	#L 7 1;blue
145643213	ID:12	#L 5 1
146067226	ID:4	#L 9 0
146067798	ID:4	#L 8 1
146076073	ID:4	#L 8 1
147170485	ID:11	#L 13 0
147171169	ID:11	#L 14 1
149195492	ID:8	#L 4 1;blue
149794946	ID:1	#L 0 0
149795546	ID:1	#L 4 1
149803870	ID:1	#L 4 1
150506628	ID:0	#L 8 1;blue
150662402	ID:13	#L 1 0
150662982	ID:13	#L 9 1
151526851	ID:12	#L 5 0
151527426	ID:12	#L 3 1
151536045	ID:12	#L 3 1
153764223	ID:11	#L 14 0
153764818	ID:11	#L 1 1
154185943	ID:11	#L 1 0
154186626	ID:11	#L 12 1
154195331	ID:11	#L 12 1
155920962	ID:4	#L 1 1;blue
156672284	ID:1	#L 4 1
157184219	ID:3	#L 12 1;blue
157254706	ID:0	#L 3 1;blue
157439072	ID:8	#L 4 1;blue
158269321	ID:5	#L 7 1
158312852	ID:11	#L 12 0
158313424	ID:11	#L 7 1
158323512	ID:11	#L 7 1
158663171	ID:13	#L 9 0
158663864	ID:13	#L 11 1
158810189	ID:1	#L 4 0
158810789	ID:1	#L 8 1
158820973	ID:1	#L 8 1
159109810	ID:12	#L 3 0
159110386	ID:12	#L 7 1
160590797	ID:6	#L 1 0
160591377	ID:6	#L 3 1
160599752	ID:6	#L 3 1
161766634	ID:11	#L 7 0
161767318	ID:11	#L 12 1
163443956	ID:7	#L 12 1;blue
163504208	ID:0	#L 7 1;blue
163566768	ID:8	#L 1 1;blue
164109707	ID:12	#L 7 0
164110282	ID:12	#L 5 1
164814550	ID:11	#L 12 0
164815121	ID:11	#L 0 1
164819232	ID:4	#L 8 0
164819807	ID:4	#L 0 1
164825404	ID:11	#L 0 1
164828670	ID:4	#L 0 1
164831382	ID:8	#L 0 1
164835219	ID:15	#L 0 1
164855651	ID:6	#L 3 0
164856231	ID:6	#L 0 1
164865511	ID:6	#L 0 1
165662896	ID:13	#L 11 0
165663475	ID:13	#L 9 1
168262780	ID:0	#L 11 1;blue
168390227	ID:14	#L 9 0
168390802	ID:14	#L 1 1
168399256	ID:14	#L 1 1
168765193	ID:0	#L 4 1;blue
168807578	ID:6	#L 0 0
168808158	ID:6	#L 3 1
171468058	ID:6	#L 3 1
172531368	ID:12	#L 5 0
172532056	ID:12	#L 11 1
172540818	ID:12	#L 11 1
172664043	ID:13	#L 9 0
172664623	ID:13	#L 1 1
172814039	ID:4	#L 0 1
173560577	ID:9	#L 3 0
173561164	ID:9	#L 4 1
173571479	ID:9	#L 4 1
175459627	ID:13	#L 1 0
175460319	ID:13	#L 12 1
175468209	ID:13	#L 12 1
176156494	ID:1	#L 14 1;blue
178377774	ID:12	#L 13 1;blue
178559020	ID:4	#L 0 1
179792131	ID:4	#L 9 1;blue
180113543	ID:12	#L 11 0
180114123	ID:12	#L 6 1
180685398	ID:9	#L 4 1
182573412	ID:13	#L 12 1
183435828	ID:9	#L 4 1
183516312	ID:14	#L 1 0
183516883	ID:14	#L 4 1
183525557	ID:14	#L 4 1
183630489	ID:0	#L 4 1;blue
184141455	ID:1	#L 8 0
184142046	ID:1	#L 4 1
185111109	ID:12	#L 6 0
185111689	ID:12	#L 7 1
185570069	ID:7	#L 12 1;blue
187265205	ID:14	#L 4 1
187806352	ID:7	#L 0 0
187806943	ID:7	#L 3 1
188169618	ID:4	#L 14 1;blue
189527357	ID:14	#L 4 0
189527927	ID:14	#L 0 1
189536822	ID:14	#L 0 1
189561963	ID:4	#L 0 1
190151669	ID:12	#L 7 1
191804248	ID:7	#L 3 0
191804839	ID:7	#L 1 1
192207941	ID:8	#L 0 0
192208637	ID:8	#L 15 1
192218663	ID:8	#L 15 1
192433457	ID:9	#L 4 0
192434156	ID:9	#L 14 1
192444599	ID:9	#L 14 1
195135246	ID:0	#L 4 1;blue
196178204	ID:11	#L 0 1
196188107	ID:4	#L 0 1
196730598	ID:6	#L 3 0
196731290	ID:6	#L 14 1
196740871	ID:6	#L 14 1
196809837	ID:9	#L 14 1
198150377	ID:9	#L 14 0
198150964	ID:9	#L 4 1
198334985	ID:13	#L 12 0
198335565	ID:13	#L 8 1
198345473	ID:13	#L 8 1
199563535	ID:4	#L 0 1
199586415	ID:13	#L 8 0
199586995	ID:13	#L 0 1
199596666	ID:13	#L 0 1
199616152	ID:15	#L 0 1
201996782	ID:4	#L 0 0
201997478	ID:4	#L 15 1
202309766	ID:8	#L 15 0
202310349	ID:8	#L 0 1
203376692	ID:14	#L 6 1;blue
204019724	ID:14	#L 0 1
204051359	ID:11	#L 0 1
205093637	ID:6	#L 14 1
206517769	ID:0	#L 13 1;blue
207448619	ID:13	#L 0 1
207459212	ID:8	#L 0 1
207461448	ID:15	#L 0 1
207521121	ID:14	#L 0 1
207552806	ID:11	#L 0 1
207635341	ID:0	#L 14 1;blue
207814748	ID:4	#L 15 0
207815331	ID:4	#L 0 1
208007405	ID:0	#L 14 1;blue
211422779	ID:1	#L 4 0
211423482	ID:1	#L 14 1
211435070	ID:9	#L 4 0
211435657	ID:9	#L 5 1
212705717	ID:13	#L 0 1
212710974	ID:15	#L 0 1
212768992	ID:14	#L 0 1
212814298	ID:11	#L 0 1
214583065	ID:10	#L 6 0
214583752	ID:10	#L 14 1
214592426	ID:6	#L 14 1
214593242	ID:10	#L 14 1
216365234	ID:8	#L 0 0
216365930	ID:8	#L 13 1
216376282	ID:8	#L 13 1
217022416	ID:4	#L 0 0
217023112	ID:4	#L 11 1
217141809	ID:1	#L 14 0
217142400	ID:1	#L 8 1
219460656	ID:10	#L 14 1
220282355	ID:11	#L 4 1;blue
222502838	ID:14	#L 10 1;blue
223302132	ID:10	#L 14 0
223302707	ID:10	#L 3 1
223304054	ID:8	#L 13 0
223304637	ID:8	#L 4 1
223771853	ID:11	#L 0 0
223772560	ID:11	#L 15 1
224546222	ID:1	#L 8 0
224546925	ID:1	#L 13 1
224557611	ID:1	#L 13 1
225112758	ID:14	#L 0 0
225113450	ID:14	#L 15 1
227191626	ID:4	#L 11 1
227600292	ID:15	#L 14 1;blue
228410452	ID:8	#L 4 0
228411511	ID:8	#L 7 1
228769884	ID:11	#L 15 0
228770459	ID:11	#L 0 1
229141053	ID:1	#L 13 0
229141644	ID:1	#L 8 1
230424528	ID:3	#L 10 1;blue
230924534	ID:1	#L 8 0
230925125	ID:1	#L 6 1
231707663	ID:10	#L 3 1
232321780	ID:6	#L 1 1;blue
232905851	ID:4	#L 11 0
232906434	ID:4	#L 9 1
234409133	ID:3	#L 0 0
234409709	ID:3	#L 2 1
235302526	ID:8	#L 7 0
235303218	ID:8	#L 11 1
236210260	ID:10	#L 3 1
236269497	ID:12	#L 7 0
236270077	ID:12	#L 5 1
237422370	ID:1	#L 6 1
238806553	ID:7	#L 1 0
238807256	ID:7	#L 11 1
239187963	ID:2	#L 3 1;blue
242210018	ID:10	#L 3 1
243805990	ID:7	#L 11 0
243806582	ID:7	#L 2 1
244302773	ID:8	#L 11 0
244303353	ID:8	#L 0 1
246229163	ID:1	#L 6 0
246229750	ID:1	#L 0 1
247605197	ID:6	#L 14 0
247605781	ID:6	#L 2 1
247616192	ID:6	#L 2 1
248804761	ID:7	#L 2 0
248805390	ID:7	#L 0 1
249409705	ID:3	#L 2 0
249410392	ID:3	#L 14 1
252014037	ID:4	#L 9 0
252014729	ID:4	#L 14 1
253811282	ID:6	#L 2 0
253811978	ID:6	#L 13 1
254500358	ID:14	#L 3 1;blue
259810704	ID:6	#L 13 0
259811287	ID:6	#L 8 1
274819166	ID:6	#L 8 0
274819749	ID:6	#L 9 1
282810033	ID:6	#L 9 0
282810617	ID:6	#L 5 1
287570632	ID:3	#L 14 1
287600446	ID:8	#L 0 0
287601134	ID:8	#L 14 1
287611473	ID:8	#L 14 1
288815550	ID:6	#L 5 0
288816248	ID:6	#L 13 1
290463341	ID:15	#L 0 1
292319087	ID:3	#L 14 0
292319662	ID:3	#L 0 1
293515871	ID:14	#L 8 1;blue
294617917	ID:15	#L 0 1
295885055	ID:6	#L 13 0
295885751	ID:6	#L 10 1
296113160	ID:14	#L 15 0
296113856	ID:14	#L 13 1
296335290	ID:10	#L 3 1
300809586	ID:6	#L 10 0
300810169	ID:6	#L 3 1
301220805	ID:14	#L 13 0
301221390	ID:14	#L 4 1
302556688	ID:11	#L 0 1
302627120	ID:15	#L 0 1
304900319	ID:4	#L 14 0
306105457	ID:14	#L 4 0
306398471	ID:14	#L 2 1
306810217	ID:6	#L 3 0
306810913	ID:6	#L 14 1
312114786	ID:14	#L 2 0
312115478	ID:14	#L 15 1
314437487	ID:4	#L 0 1
315178031	ID:11	#L 0 1
315213850	ID:15	#L 0 1
315340642	ID:10	#L 3 0
315341218	ID:10	#L 6 1
317113164	ID:14	#L 15 0
317113856	ID:14	#L 13 1
320834446	ID:3	#L 0 0
320835134	ID:3	#L 13 1
320840544	ID:7	#L 0 0
320841243	ID:7	#L 13 1
320844132	ID:3	#L 13 1
320849774	ID:7	#L 13 1
323553962	ID:11	#L 0 1
323576048	ID:13	#L 0 1
323618143	ID:15	#L 0 1
324223162	ID:14	#L 13 0
324223742	ID:14	#L 8 1
326559190	ID:13	#L 3 1;blue
326632793	ID:0	#L 13 1;blue
326683241	ID:9	#L 5 0
326683941	ID:9	#L 13 1
326692940	ID:9	#L 13 1
326697108	ID:3	#L 13 1
326715450	ID:7	#L 13 1
327555068	ID:13	#L 7 1;blue
328444418	ID:4	#L 0 0
328444998	ID:4	#L 3 1
328454098	ID:4	#L 3 1
329383320	ID:0	#L 13 1;blue
329433622	ID:9	#L 13 1
329447554	ID:3	#L 13 1
329465942	ID:7	#L 13 1
330429749	ID:13	#L 9 1;blue
330506469	ID:0	#L 13 1;blue
331116824	ID:14	#L 8 0
331117403	ID:14	#L 0 1
332690197	ID:4	#L 3 1
333768522	ID:12	#L 5 0
333769102	ID:12	#L 8 1
333777813	ID:12	#L 8 1
334444618	ID:3	#L 13 1
334467023	ID:7	#L 13 1
335907590	ID:4	#L 3 0
335908170	ID:4	#L 1 1
335928952	ID:11	#L 0 1
335951506	ID:13	#L 0 1
335960395	ID:2	#L 0 1
341645594	ID:12	#L 8 1
341906851	ID:4	#L 1 0
341907468	ID:4	#L 0 1
343113077	ID:12	#L 8 0
343113657	ID:12	#L 5 1
347437278	ID:1	#L 0 0
347437865	ID:1	#L 3 1
347445837	ID:1	#L 3 1
350586319	ID:2	#L 0 1
352423539	ID:1	#L 3 1
353578390	ID:13	#L 0 1
353585489	ID:2	#L 0 1
353618910	ID:15	#L 0 1
353924111	ID:3	#L 1 1;blue
356923983	ID:1	#L 3 1
358438779	ID:4	#L 0 1
358464203	ID:15	#L 0 1
360549633	ID:1	#L 3 1
361679730	ID:11	#L 0 1
361690798	ID:4	#L 0 1
365299442	ID:1	#L 3 1
367677180	ID:11	#L 0 1
367689870	ID:4	#L 0 1
367957771	ID:15	#L 0 1
369140354	ID:1	#L 3 0
369140942	ID:1	#L 4 1
376556395	ID:11	#L 0 1
376567458	ID:4	#L 0 1
376588696	ID:15	#L 0 1
380306239	ID:11	#L 0 1
380313354	ID:4	#L 0 1
380338438	ID:15	#L 0 1
384283178	ID:12	#L 5 0
384283758	ID:12	#L 4 1
384292457	ID:12	#L 4 1
384565613	ID:4	#L 0 1
384628782	ID:15	#L 0 1
388214248	ID:15	#L 0 1
388316601	ID:4	#L 0 1
388649091	ID:12	#L 4 1
389985626	ID:5	#L 7 0
389986210	ID:5	#L 2 1
390801370	ID:4	#L 12 1;blue
393189232	ID:2	#L 5 1;blue
395270061	ID:12	#L 4 0
395270753	ID:12	#L 13 1
395281342	ID:12	#L 13 1
397302964	ID:11	#L 0 1
397327243	ID:13	#L 0 1
397339495	ID:15	#L 0 1
398305625	ID:13	#L 12 1;blue
398633468	ID:0	#L 13 1;blue
398682132	ID:9	#L 13 1
398773615	ID:12	#L 13 1
406272440	ID:12	#L 13 1
406305223	ID:9	#L 13 1
406555568	ID:11	#L 0 1
406909127	ID:4	#L 0 0
406909823	ID:4	#L 13 1
408271256	ID:12	#L 13 1
408305053	ID:9	#L 13 1
408320526	ID:4	#L 13 1
412908116	ID:4	#L 13 0
412908699	ID:4	#L 9 1
412935097	ID:9	#L 13 1
416397267	ID:12	#L 13 1
416434103	ID:9	#L 13 1
418592419	ID:6	#L 14 0
418593115	ID:6	#L 12 1
418603617	ID:6	#L 12 1
421752489	ID:12	#L 6 1;blue
431209956	ID:4	#L 9 0
431210539	ID:4	#L 2 1
431219011	ID:4	#L 2 1
438912507	ID:4	#L 2 0
438913090	ID:4	#L 0 1
457909899	ID:4	#L 0 0
457910591	ID:4	#L 12 1
465912797	ID:4	#L 12 0
465913489	ID:4	#L 11 1
479211712	ID:8	#L 14 0
479212288	ID:8	#L 6 1
486460342	ID:4	#L 11 0
486460922	ID:4	#L 5 1
486470619	ID:4	#L 5 1
490300243	ID:1	#L 4 0
490300830	ID:1	#L 0 1
492373351	ID:5	#L 4 1;blue
494984606	ID:5	#L 2 0
494985189	ID:5	#L 0 1
499198907	ID:4	#L 5 1
499379904	ID:0	#L 5 1;blue
507322538	ID:4	#L 5 1
516070747	ID:4	#L 5 1
519546389	ID:1	#L 0 1
519553530	ID:11	#L 0 1
519584068	ID:2	#L 0 1
519619169	ID:15	#L 0 1
523545463	ID:1	#L 0 1
523556215	ID:11	#L 0 1
523587390	ID:2	#L 0 1
523588410	ID:15	#L 0 1
526419628	ID:1	#L 0 1
526430730	ID:11	#L 0 1
526462828	ID:15	#L 0 1
526471945	ID:2	#L 0 1
531209076	ID:2	#L 0 1
531214269	ID:15	#L 0 1
531297035	ID:1	#L 0 1
531304079	ID:11	#L 0 1
536422189	ID:1	#L 0 1
536428955	ID:11	#L 0 1
536460582	ID:2	#L 0 1
536465326	ID:15	#L 0 1
540463457	ID:15	#L 0 1
545328747	ID:13	#L 0 1
549579881	ID:13	#L 0 1
549628178	ID:15	#L 0 1
549670205	ID:1	#L 0 1
549681390	ID:11	#L 0 1
552290726	ID:12	#L 13 0
552291309	ID:12	#L 0 1
552293288	ID:1	#L 0 1
552301337	ID:12	#L 0 1
552304450	ID:11	#L 0 1
552329090	ID:13	#L 0 1
552336458	ID:15	#L 0 1
558134144	ID:0	#L 12 1;blue
559278338	ID:12	#L 0 1
559302884	ID:11	#L 0 1
562304727	ID:11	#L 0 1
562329233	ID:13	#L 0 1
562336727	ID:15	#L 0 1
562401645	ID:12	#L 0 1
566560295	ID:9	#L 13 1
566654886	ID:12	#L 0 1
566672685	ID:1	#L 0 1
566679411	ID:11	#L 0 1
566712008	ID:13	#L 0 1
566715493	ID:15	#L 0 1
568695103	ID:4	#L 5 0
568695795	ID:4	#L 11 1
568707091	ID:4	#L 11 1
570843681	ID:6	#L 12 1
570936596	ID:1	#L 0 0
570937296	ID:1	#L 12 1
570945358	ID:1	#L 12 1
570955213	ID:13	#L 0 1
570962906	ID:15	#L 0 1
571027744	ID:12	#L 0 1
571053885	ID:11	#L 0 1
572693440	ID:4	#L 11 1
574299315	ID:1	#L 12 1
574344744	ID:6	#L 12 1
574580699	ID:13	#L 0 1
574588525	ID:15	#L 0 1
574653011	ID:12	#L 0 1
574677924	ID:11	#L 0 1
575281577	ID:11	#L 4 1;blue
575380069	ID:12	#L 1 1;blue
575506521	ID:0	#L 12 1;blue
577319973	ID:4	#L 11 1
577505958	ID:0	#L 11 1;blue
579718324	ID:6	#L 12 1
579827482	ID:13	#L 0 1
579839545	ID:15	#L 0 1
579904394	ID:12	#L 0 1
580134185	ID:0	#L 12 1;blue
584591224	ID:2	#L 0 0
584591912	ID:2	#L 12 1
584600887	ID:2	#L 12 1
587337334	ID:2	#L 12 1
587715311	ID:7	#L 13 1
589838782	ID:2	#L 12 0
589839389	ID:2	#L 7 1
589843662	ID:6	#L 12 1
592523146	ID:14	#L 0 1
613216251	ID:7	#L 13 1
613323673	ID:3	#L 13 0
613324248	ID:3	#L 9 1
613585358	ID:2	#L 7 0
613585933	ID:2	#L 0 1
618452365	ID:13	#L 0 1
622413517	ID:3	#L 9 0
622414092	ID:3	#L 0 1
627255607	ID:0	#L 3 1;blue
629462650	ID:10	#L 6 0
629463226	ID:10	#L 3 1
629472630	ID:10	#L 3 1
630266154	ID:5	#L 0 1
630276584	ID:14	#L 0 1
630318794	ID:3	#L 0 1
632335630	ID:10	#L 3 1
633266723	ID:5	#L 0 1
633276770	ID:12	#L 0 1
633319746	ID:3	#L 0 1
633338607	ID:15	#L 0 1
636315865	ID:3	#L 0 1
636392380	ID:5	#L 0 1
637118535	ID:14	#L 0 0
637119223	ID:14	#L 15 1
638300939	ID:10	#L 3 0
638301515	ID:10	#L 6 1
641570093	ID:3	#L 0 1
641618657	ID:15	#L 0 1
641653143	ID:12	#L 0 1
645402881	ID:12	#L 0 1
645445880	ID:3	#L 0 1
645464211	ID:15	#L 0 1
649278640	ID:12	#L 0 1
649317114	ID:3	#L 0 1
649339420	ID:15	#L 0 1
651176240	ID:1	#L 12 1
651217188	ID:6	#L 12 1
653652416	ID:12	#L 0 1
653700140	ID:3	#L 0 1
654175788	ID:1	#L 12 1
654207519	ID:15	#L 0 1
654216988	ID:6	#L 12 1
657570011	ID:3	#L 0 1
659710377	ID:8	#L 6 0
659711065	ID:8	#L 12 1
659718873	ID:6	#L 12 1
659719997	ID:8	#L 12 1
659799078	ID:1	#L 12 1
665425712	ID:1	#L 12 1
665458486	ID:8	#L 12 1
665466955	ID:6	#L 12 1
669333295	ID:8	#L 12 1
669346183	ID:6	#L 12 1
669425457	ID:1	#L 12 1
679303354	ID:8	#L 12 0
679303929	ID:8	#L 0 1
684531780	ID:9	#L 13 0
686760012	ID:3	#L 0 0
686777079	ID:2	#L 0 0
687151056	ID:9	#L 12 1
694809050	ID:9	#L 12 0
694809638	ID:9	#L 7 1
698319206	ID:3	#L 12 1
702152045	ID:9	#L 7 0
702152633	ID:9	#L 2 1
703712902	ID:10	#L 6 0
706414156	ID:3	#L 12 0
706414843	ID:3	#L 13 1
707391934	ID:5	#L 0 1
715214714	ID:2	#L 13 1
716586986	ID:3	#L 13 0
716587674	ID:3	#L 15 1
716598533	ID:3	#L 15 1
721429393	ID:2	#L 13 0
721429968	ID:2	#L 3 1
726412973	ID:3	#L 15 0
726413549	ID:3	#L 6 1
727391216	ID:5	#L 0 1
727430184	ID:11	#L 0 1
727462616	ID:8	#L 0 1
727467781	ID:2	#L 3 0
727468357	ID:2	#L 0 1
727476507	ID:2	#L 0 1
731638111	ID:5	#L 0 1
731653153	ID:12	#L 0 1
731678125	ID:11	#L 0 1
731710595	ID:8	#L 0 1
731713512	ID:15	#L 0 1
731770708	ID:5	#L 0 0
731771334	ID:5	#L 2 1
731779132	ID:5	#L 2 1
735211638	ID:2	#L 0 1
735306083	ID:11	#L 0 1
738132481	ID:0	#L 8 1;blue
739085791	ID:10	#L 3 1
740210315	ID:8	#L 0 1
740210711	ID:2	#L 0 1
740213270	ID:15	#L 0 1
740278606	ID:12	#L 0 1
740303407	ID:11	#L 0 1
741341712	ID:8	#L 0 0
741342399	ID:8	#L 12 1
741352111	ID:8	#L 12 1
744208086	ID:8	#L 12 1
747634097	ID:0	#L 12 1;blue
748027883	ID:12	#L 0 1
748088121	ID:15	#L 0 1
748601515	ID:8	#L 12 0
748602090	ID:8	#L 2 1
748610714	ID:8	#L 2 1
750527608	ID:12	#L 0 1
750625641	ID:15	#L 0 1
751567495	ID:2	#L 8 1;blue
753301881	ID:1	#L 12 1
753630549	ID:0	#L 2 1;blue
754317904	ID:1	#L 12 0
754318492	ID:1	#L 2 1
754328996	ID:1	#L 2 1
754349793	ID:8	#L 2 1
754566112	ID:3	#L 6 0
754566688	ID:3	#L 8 1
754577452	ID:3	#L 8 1
755222793	ID:6	#L 12 0
756584630	ID:2	#L 0 1
757545361	ID:5	#L 2 0
757981796	ID:15	#L 0 0
758456416	ID:15	#L 2 1
759832943	ID:2	#L 0 1
759859780	ID:15	#L 2 0
759860355	ID:15	#L 0 1
759873317	ID:15	#L 0 1
759903706	ID:12	#L 0 1
759949719	ID:3	#L 8 0
759950294	ID:3	#L 0 1
759958357	ID:3	#L 0 1
762298963	ID:10	#L 3 0
762299538	ID:10	#L 1 1
763402090	ID:5	#L 2 1
763403233	ID:5	#L 2 1
764692883	ID:3	#L 0 1
764709614	ID:2	#L 0 1
764713846	ID:15	#L 0 1
767720669	ID:6	#L 4 1
771377322	ID:0	#L 2 1;blue
775056885	ID:9	#L 2 0
775057473	ID:9	#L 5 1
775068363	ID:9	#L 5 1
775813657	ID:6	#L 4 0
775814232	ID:6	#L 7 1
776064038	ID:9	#L 5 0
776064626	ID:9	#L 2 1
776073038	ID:9	#L 2 1
779692923	ID:2	#L 9 1;blue
781947442	ID:7	#L 6 1;blue
782055734	ID:13	#L 7 1;blue
783226134	ID:10	#L 1 0
783226822	ID:10	#L 15 1
783235328	ID:10	#L 15 1
786303452	ID:11	#L 0 1
789302036	ID:10	#L 15 0
789302611	ID:10	#L 0 1
792143492	ID:1	#L 2 0
792144191	ID:1	#L 15 1
795429190	ID:11	#L 0 1
795526139	ID:12	#L 0 1
798247636	ID:14	#L 15 0
798248324	ID:14	#L 11 1
799145200	ID:1	#L 15 0
799145789	ID:1	#L 8 1
801529269	ID:12	#L 0 0
801529857	ID:12	#L 5 1
801540308	ID:12	#L 5 1
803089851	ID:15	#L 0 1
803767897	ID:11	#L 0 0
803768472	ID:11	#L 9 1
804114899	ID:14	#L 11 0
804115587	ID:14	#L 13 1
804623658	ID:5	#L 12 1;blue
809618028	ID:15	#L 0 1
810141075	ID:1	#L 8 0
810141662	ID:1	#L 0 1
810910768	ID:4	#L 11 0
810911348	ID:4	#L 1 1
811196586	ID:4	#L 1 0
811197166	ID:4	#L 5 1
811205215	ID:4	#L 5 1
814336212	ID:15	#L 0 1
815668640	ID:13	#L 0 0
815669340	ID:13	#L 12 1
816634508	ID:10	#L 0 0
817143079	ID:1	#L 0 0
817143666	ID:1	#L 3 1
818593114	ID:7	#L 13 0
818593701	ID:7	#L 9 1
818594642	ID:10	#L 13 1
818595876	ID:10	#L 13 1
823587681	ID:15	#L 0 1
826571345	ID:4	#L 5 1
826810423	ID:7	#L 9 0
826811010	ID:7	#L 0 1
831210908	ID:13	#L 12 0
831211495	ID:13	#L 0 1
831213328	ID:15	#L 0 1
831221379	ID:13	#L 0 1
832446125	ID:4	#L 5 1
835703814	ID:13	#L 0 1
835714534	ID:15	#L 0 1
839806861	ID:7	#L 0 0
839807448	ID:7	#L 1 1
841465558	ID:15	#L 0 1
841645046	ID:14	#L 13 1
844895283	ID:14	#L 13 1
858578527	ID:13	#L 0 1
858585303	ID:10	#L 13 0
858585878	ID:10	#L 0 1
858595982	ID:10	#L 0 1
858618049	ID:15	#L 0 1
859190457	ID:9	#L 2 0
859191156	ID:9	#L 13 1
859201844	ID:9	#L 13 1
859219006	ID:2	#L 0 0
859219702	ID:2	#L 13 1
859228677	ID:2	#L 13 1
862010702	ID:0	#L 10 1;blue
864557633	ID:9	#L 13 1
864585898	ID:2	#L 13 1
866558343	ID:13	#L 2 1;blue
867439566	ID:9	#L 13 0
867440266	ID:9	#L 10 1
867449044	ID:9	#L 10 1
867936547	ID:10	#L 9 1;blue
868007659	ID:0	#L 10 1;blue
871404049	ID:12	#L 5 0
871404745	ID:12	#L 10 1
871415778	ID:12	#L 10 1
871833428	ID:10	#L 0 1
876461279	ID:8	#L 2 1
876705659	ID:10	#L 0 1
876711725	ID:15	#L 0 1
876777581	ID:12	#L 10 1
876809280	ID:9	#L 10 1
879259940	ID:0	#L 10 1;blue
880277457	ID:12	#L 10 1
880305421	ID:9	#L 10 1
881339267	ID:15	#L 0 1
895588374	ID:2	#L 13 0
895589070	ID:2	#L 15 1
897208126	ID:10	#L 0 1
899352307	ID:6	#L 7 0
899352995	ID:6	#L 12 1
899363812	ID:6	#L 12 1
