30162923	ID:34	RPL: Sending a DIS to fe80::c30c:0:0:6
30272759	ID:36	RPL: Sending a DIS to fe80::c30c:0:0:8
30526422	ID:35	RPL: Sending a DIS to fe80::c30c:0:0:7
30750469	ID:32	RPL: Sending a DIS to fe80::c30c:0:0:3
30957048	ID:33	RPL: Sending a DIS to fe80::c30c:0:0:2
54190394	ID:34	RPL: Received a DIO from fe80::c30c:0:0:6
54194163	ID:34	RPL: Incoming DIO (id, ver, rank) = (30,240,287)
54198680	ID:34	RPL: Incoming DIO (dag_id, pref) = (fd00::ff:fe00:1, 0)
54200906	ID:34	RPL: DIO option 4, length: 14
54206813	ID:34	RPL: DAG conf:dbl=8, min=12 red=3 maxinc=896 mininc=128 ocp=1 d_l=10 l_u=60
54209039	ID:34	RPL: DIO option 8, length: 30
54211342	ID:34	RPL: Copying prefix information
54219693	ID:34	RPL: Neighbor added to neighbor cache fe80::c30c:0:0:6, c1:0c:00:00:00:00:00:06
55495736	ID:33	RPL: Received a DIO from fe80::c30c:0:0:2
55499506	ID:33	RPL: Incoming DIO (id, ver, rank) = (30,240,451)
55504004	ID:33	RPL: Incoming DIO (dag_id, pref) = (fd00::ff:fe00:1, 0)
55506230	ID:33	RPL: DIO option 4, length: 14
55512167	ID:33	RPL: DAG conf:dbl=8, min=12 red=3 maxinc=896 mininc=128 ocp=1 d_l=10 l_u=60
55514393	ID:33	RPL: DIO option 8, length: 30
55516662	ID:33	RPL: Copying prefix information
55525428	ID:33	RPL: Neighbor added to neighbor cache fe80::c30c:0:0:2, c1:0c:00:00:00:00:00:02
59221834	ID:34	RPL: Sending a multicast-DIO with rank 287
59666724	ID:32	RPL: Received a DIO from fe80::c30c:0:0:3
59670492	ID:32	RPL: Incoming DIO (id, ver, rank) = (30,240,486)
59674994	ID:32	RPL: Incoming DIO (dag_id, pref) = (fd00::ff:fe00:1, 0)
59677220	ID:32	RPL: DIO option 4, length: 14
59683127	ID:32	RPL: DAG conf:dbl=8, min=12 red=3 maxinc=896 mininc=128 ocp=1 d_l=10 l_u=60
59685353	ID:32	RPL: DIO option 8, length: 30
59687622	ID:32	RPL: Copying prefix information
59697093	ID:32	RPL: Neighbor added to neighbor cache fe80::c30c:0:0:3, c1:0c:00:00:00:00:00:03
60530974	ID:33	RPL: Sending a multicast-DIO with rank 451
62054567	ID:36	RPL: Sending a DIS to fe80::c30c:0:0:8
62308471	ID:35	RPL: Sending a DIS to fe80::c30c:0:0:7
64221813	ID:34	RPL: Sending a multicast-DIO with rank 287
64702269	ID:32	RPL: Sending a multicast-DIO with rank 486
65530953	ID:33	RPL: Sending a multicast-DIO with rank 451
69221813	ID:34	RPL: Sending a multicast-DIO with rank 287
69702248	ID:32	RPL: Sending a multicast-DIO with rank 486
70530953	ID:33	RPL: Sending a multicast-DIO with rank 451
74221813	ID:34	RPL: Sending a multicast-DIO with rank 287
74702248	ID:32	RPL: Sending a multicast-DIO with rank 486
75530953	ID:33	RPL: Sending a multicast-DIO with rank 451
79221813	ID:34	RPL: Sending a multicast-DIO with rank 287
79702248	ID:32	RPL: Sending a multicast-DIO with rank 486
80530953	ID:33	RPL: Sending a multicast-DIO with rank 451
84221813	ID:34	RPL: Sending a multicast-DIO with rank 287
84702248	ID:32	RPL: Sending a multicast-DIO with rank 486
85530953	ID:33	RPL: Sending a multicast-DIO with rank 451
89221813	ID:34	RPL: Sending a multicast-DIO with rank 287
89702248	ID:32	RPL: Sending a multicast-DIO with rank 486
90530953	ID:33	RPL: Sending a multicast-DIO with rank 451
94221800	ID:34	RPL: Sending a multicast-DIO with rank 287
94702235	ID:32	RPL: Sending a multicast-DIO with rank 486
95530940	ID:33	RPL: Sending a multicast-DIO with rank 451
99221800	ID:34	RPL: Sending a multicast-DIO with rank 287
99702235	ID:32	RPL: Sending a multicast-DIO with rank 486
100530940	ID:33	RPL: Sending a multicast-DIO with rank 451
104221800	ID:34	RPL: Sending a multicast-DIO with rank 287
104702235	ID:32	RPL: Sending a multicast-DIO with rank 486
105530940	ID:33	RPL: Sending a multicast-DIO with rank 451
109221800	ID:34	RPL: Sending a multicast-DIO with rank 287
109702235	ID:32	RPL: Sending a multicast-DIO with rank 486
110530940	ID:33	RPL: Sending a multicast-DIO with rank 451
114221800	ID:34	RPL: Sending a multicast-DIO with rank 287
114702235	ID:32	RPL: Sending a multicast-DIO with rank 486
115530940	ID:33	RPL: Sending a multicast-DIO with rank 451
119221800	ID:34	RPL: Sending a multicast-DIO with rank 287
119702235	ID:32	RPL: Sending a multicast-DIO with rank 486
120530940	ID:33	RPL: Sending a multicast-DIO with rank 451
122055283	ID:36	RPL: Sending a DIS to fe80::c30c:0:0:8
122308753	ID:35	RPL: Sending a DIS to fe80::c30c:0:0:7
124221800	ID:34	RPL: Sending a multicast-DIO with rank 287
124702235	ID:32	RPL: Sending a multicast-DIO with rank 486
125530940	ID:33	RPL: Sending a multicast-DIO with rank 451
129221800	ID:34	RPL: Sending a multicast-DIO with rank 287
129702235	ID:32	RPL: Sending a multicast-DIO with rank 486
130530940	ID:33	RPL: Sending a multicast-DIO with rank 451
134221800	ID:34	RPL: Sending a multicast-DIO with rank 287
134702235	ID:32	RPL: Sending a multicast-DIO with rank 486
135530940	ID:33	RPL: Sending a multicast-DIO with rank 451
139221800	ID:34	RPL: Sending a multicast-DIO with rank 287
139702235	ID:32	RPL: Sending a multicast-DIO with rank 486
140530940	ID:33	RPL: Sending a multicast-DIO with rank 451
144221800	ID:34	RPL: Sending a multicast-DIO with rank 287
144702235	ID:32	RPL: Sending a multicast-DIO with rank 486
145530940	ID:33	RPL: Sending a multicast-DIO with rank 451
149221800	ID:34	RPL: Sending a multicast-DIO with rank 287
149702235	ID:32	RPL: Sending a multicast-DIO with rank 486
150530940	ID:33	RPL: Sending a multicast-DIO with rank 451
154221800	ID:34	RPL: Sending a multicast-DIO with rank 287
154702235	ID:32	RPL: Sending a multicast-DIO with rank 486
155530940	ID:33	RPL: Sending a multicast-DIO with rank 451
159221800	ID:34	RPL: Sending a multicast-DIO with rank 287
159702235	ID:32	RPL: Sending a multicast-DIO with rank 486
160530940	ID:33	RPL: Sending a multicast-DIO with rank 451
164221800	ID:34	RPL: Sending a multicast-DIO with rank 287
164702235	ID:32	RPL: Sending a multicast-DIO with rank 486
165530940	ID:33	RPL: Sending a multicast-DIO with rank 451
169221800	ID:34	RPL: Sending a multicast-DIO with rank 287
169702235	ID:32	RPL: Sending a multicast-DIO with rank 486
170530940	ID:33	RPL: Sending a multicast-DIO with rank 451
174221800	ID:34	RPL: Sending a multicast-DIO with rank 287
174702235	ID:32	RPL: Sending a multicast-DIO with rank 486
175530940	ID:33	RPL: Sending a multicast-DIO with rank 451
179221800	ID:34	RPL: Sending a multicast-DIO with rank 287
179702235	ID:32	RPL: Sending a multicast-DIO with rank 486
180530940	ID:33	RPL: Sending a multicast-DIO with rank 451
182055283	ID:36	RPL: Sending a DIS to fe80::c30c:0:0:8
182308753	ID:35	RPL: Sending a DIS to fe80::c30c:0:0:7
184221800	ID:34	RPL: Sending a multicast-DIO with rank 287
184702235	ID:32	RPL: Sending a multicast-DIO with rank 486
185530940	ID:33	RPL: Sending a multicast-DIO with rank 451
189221800	ID:34	RPL: Sending a multicast-DIO with rank 287
189702235	ID:32	RPL: Sending a multicast-DIO with rank 486
190530940	ID:33	RPL: Sending a multicast-DIO with rank 451
194221800	ID:34	RPL: Sending a multicast-DIO with rank 287
194702235	ID:32	RPL: Sending a multicast-DIO with rank 486
195530940	ID:33	RPL: Sending a multicast-DIO with rank 451
199221800	ID:34	RPL: Sending a multicast-DIO with rank 287
199702235	ID:32	RPL: Sending a multicast-DIO with rank 486
200530940	ID:33	RPL: Sending a multicast-DIO with rank 451
204221800	ID:34	RPL: Sending a multicast-DIO with rank 287
204702235	ID:32	RPL: Sending a multicast-DIO with rank 486
205530940	ID:33	RPL: Sending a multicast-DIO with rank 451
209221800	ID:34	RPL: Sending a multicast-DIO with rank 287
209702235	ID:32	RPL: Sending a multicast-DIO with rank 486
210530940	ID:33	RPL: Sending a multicast-DIO with rank 451
214221800	ID:34	RPL: Sending a multicast-DIO with rank 287
214702235	ID:32	RPL: Sending a multicast-DIO with rank 486
215530940	ID:33	RPL: Sending a multicast-DIO with rank 451
219221800	ID:34	RPL: Sending a multicast-DIO with rank 287
219702235	ID:32	RPL: Sending a multicast-DIO with rank 486
220530940	ID:33	RPL: Sending a multicast-DIO with rank 451
224221800	ID:34	RPL: Sending a multicast-DIO with rank 287
224702235	ID:32	RPL: Sending a multicast-DIO with rank 486
225530940	ID:33	RPL: Sending a multicast-DIO with rank 451
229221800	ID:34	RPL: Sending a multicast-DIO with rank 287
229702235	ID:32	RPL: Sending a multicast-DIO with rank 486
230530940	ID:33	RPL: Sending a multicast-DIO with rank 451
234221800	ID:34	RPL: Sending a multicast-DIO with rank 287
234702235	ID:32	RPL: Sending a multicast-DIO with rank 486
235530940	ID:33	RPL: Sending a multicast-DIO with rank 451
239221800	ID:34	RPL: Sending a multicast-DIO with rank 287
239702235	ID:32	RPL: Sending a multicast-DIO with rank 486
240530940	ID:33	RPL: Sending a multicast-DIO with rank 451
242055283	ID:36	RPL: Sending a DIS to fe80::c30c:0:0:8
242308753	ID:35	RPL: Sending a DIS to fe80::c30c:0:0:7
244221800	ID:34	RPL: Sending a multicast-DIO with rank 287
244702235	ID:32	RPL: Sending a multicast-DIO with rank 486
245530940	ID:33	RPL: Sending a multicast-DIO with rank 451
249221800	ID:34	RPL: Sending a multicast-DIO with rank 287
249702235	ID:32	RPL: Sending a multicast-DIO with rank 486
250530940	ID:33	RPL: Sending a multicast-DIO with rank 451
254221800	ID:34	RPL: Sending a multicast-DIO with rank 287
254702235	ID:32	RPL: Sending a multicast-DIO with rank 486
255530940	ID:33	RPL: Sending a multicast-DIO with rank 451
259221800	ID:34	RPL: Sending a multicast-DIO with rank 287
259702235	ID:32	RPL: Sending a multicast-DIO with rank 486
260530940	ID:33	RPL: Sending a multicast-DIO with rank 451
264221800	ID:34	RPL: Sending a multicast-DIO with rank 287
264702235	ID:32	RPL: Sending a multicast-DIO with rank 486
265530940	ID:33	RPL: Sending a multicast-DIO with rank 451
269221800	ID:34	RPL: Sending a multicast-DIO with rank 287
269702235	ID:32	RPL: Sending a multicast-DIO with rank 486
270530940	ID:33	RPL: Sending a multicast-DIO with rank 451
274221800	ID:34	RPL: Sending a multicast-DIO with rank 287
274702235	ID:32	RPL: Sending a multicast-DIO with rank 486
275530940	ID:33	RPL: Sending a multicast-DIO with rank 451
279221800	ID:34	RPL: Sending a multicast-DIO with rank 287
279702235	ID:32	RPL: Sending a multicast-DIO with rank 486
280530940	ID:33	RPL: Sending a multicast-DIO with rank 451
284221800	ID:34	RPL: Sending a multicast-DIO with rank 287
284702235	ID:32	RPL: Sending a multicast-DIO with rank 486
285530940	ID:33	RPL: Sending a multicast-DIO with rank 451
289221800	ID:34	RPL: Sending a multicast-DIO with rank 287
289702235	ID:32	RPL: Sending a multicast-DIO with rank 486
290530940	ID:33	RPL: Sending a multicast-DIO with rank 451
294221800	ID:34	RPL: Sending a multicast-DIO with rank 287
294702235	ID:32	RPL: Sending a multicast-DIO with rank 486
295530940	ID:33	RPL: Sending a multicast-DIO with rank 451
299221800	ID:34	RPL: Sending a multicast-DIO with rank 287
299702235	ID:32	RPL: Sending a multicast-DIO with rank 486
300530940	ID:33	RPL: Sending a multicast-DIO with rank 451
302055283	ID:36	RPL: Sending a DIS to fe80::c30c:0:0:8
302308753	ID:35	RPL: Sending a DIS to fe80::c30c:0:0:7
304221800	ID:34	RPL: Sending a multicast-DIO with rank 287
304702235	ID:32	RPL: Sending a multicast-DIO with rank 486
305530940	ID:33	RPL: Sending a multicast-DIO with rank 451
309221800	ID:34	RPL: Sending a multicast-DIO with rank 287
309702235	ID:32	RPL: Sending a multicast-DIO with rank 486
310530940	ID:33	RPL: Sending a multicast-DIO with rank 451
314221800	ID:34	RPL: Sending a multicast-DIO with rank 287
314702235	ID:32	RPL: Sending a multicast-DIO with rank 486
315530940	ID:33	RPL: Sending a multicast-DIO with rank 451
319221800	ID:34	RPL: Sending a multicast-DIO with rank 287
319702235	ID:32	RPL: Sending a multicast-DIO with rank 486
320530940	ID:33	RPL: Sending a multicast-DIO with rank 451
324221800	ID:34	RPL: Sending a multicast-DIO with rank 287
324702235	ID:32	RPL: Sending a multicast-DIO with rank 486
325530940	ID:33	RPL: Sending a multicast-DIO with rank 451
329221800	ID:34	RPL: Sending a multicast-DIO with rank 287
329702235	ID:32	RPL: Sending a multicast-DIO with rank 486
330530940	ID:33	RPL: Sending a multicast-DIO with rank 451
334221800	ID:34	RPL: Sending a multicast-DIO with rank 287
334702235	ID:32	RPL: Sending a multicast-DIO with rank 486
335530940	ID:33	RPL: Sending a multicast-DIO with rank 451
339221800	ID:34	RPL: Sending a multicast-DIO with rank 287
339702235	ID:32	RPL: Sending a multicast-DIO with rank 486
340530940	ID:33	RPL: Sending a multicast-DIO with rank 451
344221800	ID:34	RPL: Sending a multicast-DIO with rank 287
344702235	ID:32	RPL: Sending a multicast-DIO with rank 486
345530940	ID:33	RPL: Sending a multicast-DIO with rank 451
349221800	ID:34	RPL: Sending a multicast-DIO with rank 287
349702235	ID:32	RPL: Sending a multicast-DIO with rank 486
350530940	ID:33	RPL: Sending a multicast-DIO with rank 451
354221800	ID:34	RPL: Sending a multicast-DIO with rank 287
354702235	ID:32	RPL: Sending a multicast-DIO with rank 486
355530940	ID:33	RPL: Sending a multicast-DIO with rank 451
359221800	ID:34	RPL: Sending a multicast-DIO with rank 287
359702235	ID:32	RPL: Sending a multicast-DIO with rank 486
360530940	ID:33	RPL: Sending a multicast-DIO with rank 451
362055283	ID:36	RPL: Sending a DIS to fe80::c30c:0:0:8
362308753	ID:35	RPL: Sending a DIS to fe80::c30c:0:0:7
364221800	ID:34	RPL: Sending a multicast-DIO with rank 287
364702235	ID:32	RPL: Sending a multicast-DIO with rank 486
365530940	ID:33	RPL: Sending a multicast-DIO with rank 451
369221800	ID:34	RPL: Sending a multicast-DIO with rank 287
369702235	ID:32	RPL: Sending a multicast-DIO with rank 486
370530947	ID:33	RPL: Sending a multicast-DIO with rank 451
374221800	ID:34	RPL: Sending a multicast-DIO with rank 287
374702235	ID:32	RPL: Sending a multicast-DIO with rank 486
375530940	ID:33	RPL: Sending a multicast-DIO with rank 451
379221800	ID:34	RPL: Sending a multicast-DIO with rank 287
379702242	ID:32	RPL: Sending a multicast-DIO with rank 486
380530940	ID:33	RPL: Sending a multicast-DIO with rank 451
384221800	ID:34	RPL: Sending a multicast-DIO with rank 287
384702235	ID:32	RPL: Sending a multicast-DIO with rank 486
385530940	ID:33	RPL: Sending a multicast-DIO with rank 451
389221800	ID:34	RPL: Sending a multicast-DIO with rank 287
389702235	ID:32	RPL: Sending a multicast-DIO with rank 486
390530940	ID:33	RPL: Sending a multicast-DIO with rank 451
394221800	ID:34	RPL: Sending a multicast-DIO with rank 287
394702235	ID:32	RPL: Sending a multicast-DIO with rank 486
395530940	ID:33	RPL: Sending a multicast-DIO with rank 451
399221800	ID:34	RPL: Sending a multicast-DIO with rank 287
399702235	ID:32	RPL: Sending a multicast-DIO with rank 486
400530940	ID:33	RPL: Sending a multicast-DIO with rank 451
404221800	ID:34	RPL: Sending a multicast-DIO with rank 287
404702235	ID:32	RPL: Sending a multicast-DIO with rank 486
405530940	ID:33	RPL: Sending a multicast-DIO with rank 451
409221800	ID:34	RPL: Sending a multicast-DIO with rank 287
409702235	ID:32	RPL: Sending a multicast-DIO with rank 486
410530940	ID:33	RPL: Sending a multicast-DIO with rank 451
414221800	ID:34	RPL: Sending a multicast-DIO with rank 287
414702235	ID:32	RPL: Sending a multicast-DIO with rank 486
415530940	ID:33	RPL: Sending a multicast-DIO with rank 451
419221800	ID:34	RPL: Sending a multicast-DIO with rank 287
419702235	ID:32	RPL: Sending a multicast-DIO with rank 486
420530940	ID:33	RPL: Sending a multicast-DIO with rank 451
422055850	ID:36	RPL: Sending a DIS to fe80::c30c:0:0:8
422308753	ID:35	RPL: Sending a DIS to fe80::c30c:0:0:7
424221800	ID:34	RPL: Sending a multicast-DIO with rank 287
424702235	ID:32	RPL: Sending a multicast-DIO with rank 486
425530940	ID:33	RPL: Sending a multicast-DIO with rank 451
429221800	ID:34	RPL: Sending a multicast-DIO with rank 287
429702235	ID:32	RPL: Sending a multicast-DIO with rank 486
430530940	ID:33	RPL: Sending a multicast-DIO with rank 451
434221800	ID:34	RPL: Sending a multicast-DIO with rank 287
434702235	ID:32	RPL: Sending a multicast-DIO with rank 486
435530940	ID:33	RPL: Sending a multicast-DIO with rank 451
439221800	ID:34	RPL: Sending a multicast-DIO with rank 287
439702235	ID:32	RPL: Sending a multicast-DIO with rank 486
440530940	ID:33	RPL: Sending a multicast-DIO with rank 451
444221800	ID:34	RPL: Sending a multicast-DIO with rank 287
444702235	ID:32	RPL: Sending a multicast-DIO with rank 486
445530940	ID:33	RPL: Sending a multicast-DIO with rank 451
449221807	ID:34	RPL: Sending a multicast-DIO with rank 287
449702235	ID:32	RPL: Sending a multicast-DIO with rank 486
450530940	ID:33	RPL: Sending a multicast-DIO with rank 451
454221800	ID:34	RPL: Sending a multicast-DIO with rank 287
454702235	ID:32	RPL: Sending a multicast-DIO with rank 486
455530940	ID:33	RPL: Sending a multicast-DIO with rank 451
459221800	ID:34	RPL: Sending a multicast-DIO with rank 287
459702235	ID:32	RPL: Sending a multicast-DIO with rank 486
460530940	ID:33	RPL: Sending a multicast-DIO with rank 451
464221800	ID:34	RPL: Sending a multicast-DIO with rank 287
464702235	ID:32	RPL: Sending a multicast-DIO with rank 486
465530940	ID:33	RPL: Sending a multicast-DIO with rank 451
469221800	ID:34	RPL: Sending a multicast-DIO with rank 287
469702235	ID:32	RPL: Sending a multicast-DIO with rank 486
470530940	ID:33	RPL: Sending a multicast-DIO with rank 451
474221800	ID:34	RPL: Sending a multicast-DIO with rank 287
474702235	ID:32	RPL: Sending a multicast-DIO with rank 486
475530940	ID:33	RPL: Sending a multicast-DIO with rank 451
479221800	ID:34	RPL: Sending a multicast-DIO with rank 287
479702235	ID:32	RPL: Sending a multicast-DIO with rank 486
480530940	ID:33	RPL: Sending a multicast-DIO with rank 451
482055283	ID:36	RPL: Sending a DIS to fe80::c30c:0:0:8
482308753	ID:35	RPL: Sending a DIS to fe80::c30c:0:0:7
484221800	ID:34	RPL: Sending a multicast-DIO with rank 287
484702235	ID:32	RPL: Sending a multicast-DIO with rank 486
485530940	ID:33	RPL: Sending a multicast-DIO with rank 451
489221800	ID:34	RPL: Sending a multicast-DIO with rank 287
489702235	ID:32	RPL: Sending a multicast-DIO with rank 486
490530940	ID:33	RPL: Sending a multicast-DIO with rank 451
494221800	ID:34	RPL: Sending a multicast-DIO with rank 287
494702235	ID:32	RPL: Sending a multicast-DIO with rank 486
495530940	ID:33	RPL: Sending a multicast-DIO with rank 451
499221800	ID:34	RPL: Sending a multicast-DIO with rank 287
499702235	ID:32	RPL: Sending a multicast-DIO with rank 486
500530940	ID:33	RPL: Sending a multicast-DIO with rank 451
504221800	ID:34	RPL: Sending a multicast-DIO with rank 287
504702235	ID:32	RPL: Sending a multicast-DIO with rank 486
505530940	ID:33	RPL: Sending a multicast-DIO with rank 451
509221800	ID:34	RPL: Sending a multicast-DIO with rank 287
509702235	ID:32	RPL: Sending a multicast-DIO with rank 486
510530940	ID:33	RPL: Sending a multicast-DIO with rank 451
514221800	ID:34	RPL: Sending a multicast-DIO with rank 287
514702235	ID:32	RPL: Sending a multicast-DIO with rank 486
515530940	ID:33	RPL: Sending a multicast-DIO with rank 451
519221800	ID:34	RPL: Sending a multicast-DIO with rank 287
519702235	ID:32	RPL: Sending a multicast-DIO with rank 486
520530940	ID:33	RPL: Sending a multicast-DIO with rank 451
524221800	ID:34	RPL: Sending a multicast-DIO with rank 287
524702235	ID:32	RPL: Sending a multicast-DIO with rank 486
525530940	ID:33	RPL: Sending a multicast-DIO with rank 451
529221800	ID:34	RPL: Sending a multicast-DIO with rank 287
529702235	ID:32	RPL: Sending a multicast-DIO with rank 486
530530940	ID:33	RPL: Sending a multicast-DIO with rank 451
534221800	ID:34	RPL: Sending a multicast-DIO with rank 287
534702235	ID:32	RPL: Sending a multicast-DIO with rank 486
535530940	ID:33	RPL: Sending a multicast-DIO with rank 451
539221800	ID:34	RPL: Sending a multicast-DIO with rank 287
539702235	ID:32	RPL: Sending a multicast-DIO with rank 486
540530940	ID:33	RPL: Sending a multicast-DIO with rank 451
542055283	ID:36	RPL: Sending a DIS to fe80::c30c:0:0:8
542308753	ID:35	RPL: Sending a DIS to fe80::c30c:0:0:7
544221800	ID:34	RPL: Sending a multicast-DIO with rank 287
544702235	ID:32	RPL: Sending a multicast-DIO with rank 486
545530940	ID:33	RPL: Sending a multicast-DIO with rank 451
549221800	ID:34	RPL: Sending a multicast-DIO with rank 287
549702235	ID:32	RPL: Sending a multicast-DIO with rank 486
550530940	ID:33	RPL: Sending a multicast-DIO with rank 451
554221800	ID:34	RPL: Sending a multicast-DIO with rank 287
554702235	ID:32	RPL: Sending a multicast-DIO with rank 486
555530940	ID:33	RPL: Sending a multicast-DIO with rank 451
559221800	ID:34	RPL: Sending a multicast-DIO with rank 287
559702235	ID:32	RPL: Sending a multicast-DIO with rank 486
560530940	ID:33	RPL: Sending a multicast-DIO with rank 451
564221800	ID:34	RPL: Sending a multicast-DIO with rank 287
564702235	ID:32	RPL: Sending a multicast-DIO with rank 486
565530940	ID:33	RPL: Sending a multicast-DIO with rank 451
569221800	ID:34	RPL: Sending a multicast-DIO with rank 287
569702235	ID:32	RPL: Sending a multicast-DIO with rank 486
570530940	ID:33	RPL: Sending a multicast-DIO with rank 451
574221800	ID:34	RPL: Sending a multicast-DIO with rank 287
574702235	ID:32	RPL: Sending a multicast-DIO with rank 486
575530940	ID:33	RPL: Sending a multicast-DIO with rank 451
579221800	ID:34	RPL: Sending a multicast-DIO with rank 287
579702235	ID:32	RPL: Sending a multicast-DIO with rank 486
580530940	ID:33	RPL: Sending a multicast-DIO with rank 451
584221800	ID:34	RPL: Sending a multicast-DIO with rank 287
584702235	ID:32	RPL: Sending a multicast-DIO with rank 486
585530940	ID:33	RPL: Sending a multicast-DIO with rank 451
589221800	ID:34	RPL: Sending a multicast-DIO with rank 287
589702235	ID:32	RPL: Sending a multicast-DIO with rank 486
590530940	ID:33	RPL: Sending a multicast-DIO with rank 451
594221800	ID:34	RPL: Sending a multicast-DIO with rank 287
594702235	ID:32	RPL: Sending a multicast-DIO with rank 486
595530940	ID:33	RPL: Sending a multicast-DIO with rank 451
599221800	ID:34	RPL: Sending a multicast-DIO with rank 287
599702235	ID:32	RPL: Sending a multicast-DIO with rank 486
600530940	ID:33	RPL: Sending a multicast-DIO with rank 451
602055283	ID:36	RPL: Sending a DIS to fe80::c30c:0:0:8
602308753	ID:35	RPL: Sending a DIS to fe80::c30c:0:0:7
604221800	ID:34	RPL: Sending a multicast-DIO with rank 287
604702235	ID:32	RPL: Sending a multicast-DIO with rank 486
605530940	ID:33	RPL: Sending a multicast-DIO with rank 451
609221800	ID:34	RPL: Sending a multicast-DIO with rank 287
609702235	ID:32	RPL: Sending a multicast-DIO with rank 486
610530940	ID:33	RPL: Sending a multicast-DIO with rank 451
614221800	ID:34	RPL: Sending a multicast-DIO with rank 287
614702235	ID:32	RPL: Sending a multicast-DIO with rank 486
615530940	ID:33	RPL: Sending a multicast-DIO with rank 451
619221800	ID:34	RPL: Sending a multicast-DIO with rank 287
619702235	ID:32	RPL: Sending a multicast-DIO with rank 486
620530940	ID:33	RPL: Sending a multicast-DIO with rank 451
624221800	ID:34	RPL: Sending a multicast-DIO with rank 287
624702235	ID:32	RPL: Sending a multicast-DIO with rank 486
625530940	ID:33	RPL: Sending a multicast-DIO with rank 451
629221800	ID:34	RPL: Sending a multicast-DIO with rank 287
629702235	ID:32	RPL: Sending a multicast-DIO with rank 486
630530940	ID:33	RPL: Sending a multicast-DIO with rank 451
634221800	ID:34	RPL: Sending a multicast-DIO with rank 287
634702235	ID:32	RPL: Sending a multicast-DIO with rank 486
635530940	ID:33	RPL: Sending a multicast-DIO with rank 451
639221800	ID:34	RPL: Sending a multicast-DIO with rank 287
639702235	ID:32	RPL: Sending a multicast-DIO with rank 486
640530940	ID:33	RPL: Sending a multicast-DIO with rank 451
644221800	ID:34	RPL: Sending a multicast-DIO with rank 287
644702235	ID:32	RPL: Sending a multicast-DIO with rank 486
645530940	ID:33	RPL: Sending a multicast-DIO with rank 451
649221800	ID:34	RPL: Sending a multicast-DIO with rank 287
649702235	ID:32	RPL: Sending a multicast-DIO with rank 486
650530940	ID:33	RPL: Sending a multicast-DIO with rank 451
654221800	ID:34	RPL: Sending a multicast-DIO with rank 287
654702235	ID:32	RPL: Sending a multicast-DIO with rank 486
655530940	ID:33	RPL: Sending a multicast-DIO with rank 451
659221800	ID:34	RPL: Sending a multicast-DIO with rank 287
659702235	ID:32	RPL: Sending a multicast-DIO with rank 486
660530940	ID:33	RPL: Sending a multicast-DIO with rank 451
662055283	ID:36	RPL: Sending a DIS to fe80::c30c:0:0:8
662308753	ID:35	RPL: Sending a DIS to fe80::c30c:0:0:7
664221800	ID:34	RPL: Sending a multicast-DIO with rank 287
664702235	ID:32	RPL: Sending a multicast-DIO with rank 486
665530940	ID:33	RPL: Sending a multicast-DIO with rank 451
669221800	ID:34	RPL: Sending a multicast-DIO with rank 287
669702235	ID:32	RPL: Sending a multicast-DIO with rank 486
670530940	ID:33	RPL: Sending a multicast-DIO with rank 451
674221800	ID:34	RPL: Sending a multicast-DIO with rank 287
674702235	ID:32	RPL: Sending a multicast-DIO with rank 486
675530940	ID:33	RPL: Sending a multicast-DIO with rank 451
679221800	ID:34	RPL: Sending a multicast-DIO with rank 287
679702235	ID:32	RPL: Sending a multicast-DIO with rank 486
680530940	ID:33	RPL: Sending a multicast-DIO with rank 451
684221800	ID:34	RPL: Sending a multicast-DIO with rank 287
684702235	ID:32	RPL: Sending a multicast-DIO with rank 486
685530940	ID:33	RPL: Sending a multicast-DIO with rank 451
689221801	ID:34	RPL: Sending a multicast-DIO with rank 287
689702236	ID:32	RPL: Sending a multicast-DIO with rank 486
690530941	ID:33	RPL: Sending a multicast-DIO with rank 451
694221801	ID:34	RPL: Sending a multicast-DIO with rank 287
694702236	ID:32	RPL: Sending a multicast-DIO with rank 486
695530941	ID:33	RPL: Sending a multicast-DIO with rank 451
699221801	ID:34	RPL: Sending a multicast-DIO with rank 287
699702242	ID:32	RPL: Sending a multicast-DIO with rank 486
700530941	ID:33	RPL: Sending a multicast-DIO with rank 451
704221801	ID:34	RPL: Sending a multicast-DIO with rank 287
704702236	ID:32	RPL: Sending a multicast-DIO with rank 486
705530941	ID:33	RPL: Sending a multicast-DIO with rank 451
709221801	ID:34	RPL: Sending a multicast-DIO with rank 287
709702236	ID:32	RPL: Sending a multicast-DIO with rank 486
710530941	ID:33	RPL: Sending a multicast-DIO with rank 451
714221801	ID:34	RPL: Sending a multicast-DIO with rank 287
714702236	ID:32	RPL: Sending a multicast-DIO with rank 486
715530941	ID:33	RPL: Sending a multicast-DIO with rank 451
719221801	ID:34	RPL: Sending a multicast-DIO with rank 287
719702236	ID:32	RPL: Sending a multicast-DIO with rank 486
720530941	ID:33	RPL: Sending a multicast-DIO with rank 451
722055283	ID:36	RPL: Sending a DIS to fe80::c30c:0:0:8
722308753	ID:35	RPL: Sending a DIS to fe80::c30c:0:0:7
724221801	ID:34	RPL: Sending a multicast-DIO with rank 287
724702236	ID:32	RPL: Sending a multicast-DIO with rank 486
725530947	ID:33	RPL: Sending a multicast-DIO with rank 451
729221801	ID:34	RPL: Sending a multicast-DIO with rank 287
729702236	ID:32	RPL: Sending a multicast-DIO with rank 486
730530941	ID:33	RPL: Sending a multicast-DIO with rank 451
734221801	ID:34	RPL: Sending a multicast-DIO with rank 287
734702236	ID:32	RPL: Sending a multicast-DIO with rank 486
735530941	ID:33	RPL: Sending a multicast-DIO with rank 451
739221801	ID:34	RPL: Sending a multicast-DIO with rank 287
739702236	ID:32	RPL: Sending a multicast-DIO with rank 486
740530941	ID:33	RPL: Sending a multicast-DIO with rank 451
744221801	ID:34	RPL: Sending a multicast-DIO with rank 287
744702236	ID:32	RPL: Sending a multicast-DIO with rank 486
745530941	ID:33	RPL: Sending a multicast-DIO with rank 451
749221801	ID:34	RPL: Sending a multicast-DIO with rank 287
749702236	ID:32	RPL: Sending a multicast-DIO with rank 486
750530940	ID:33	RPL: Sending a multicast-DIO with rank 451
754221801	ID:34	RPL: Sending a multicast-DIO with rank 287
754702236	ID:32	RPL: Sending a multicast-DIO with rank 486
755530941	ID:33	RPL: Sending a multicast-DIO with rank 451
759221801	ID:34	RPL: Sending a multicast-DIO with rank 287
759702235	ID:32	RPL: Sending a multicast-DIO with rank 486
760530941	ID:33	RPL: Sending a multicast-DIO with rank 451
764221801	ID:34	RPL: Sending a multicast-DIO with rank 287
764702236	ID:32	RPL: Sending a multicast-DIO with rank 486
765530941	ID:33	RPL: Sending a multicast-DIO with rank 451
769221807	ID:34	RPL: Sending a multicast-DIO with rank 287
769702236	ID:32	RPL: Sending a multicast-DIO with rank 486
770530941	ID:33	RPL: Sending a multicast-DIO with rank 451
774221801	ID:34	RPL: Sending a multicast-DIO with rank 287
774702236	ID:32	RPL: Sending a multicast-DIO with rank 486
775530941	ID:33	RPL: Sending a multicast-DIO with rank 451
779221801	ID:34	RPL: Sending a multicast-DIO with rank 287
779702236	ID:32	RPL: Sending a multicast-DIO with rank 486
780530941	ID:33	RPL: Sending a multicast-DIO with rank 451
782055283	ID:36	RPL: Sending a DIS to fe80::c30c:0:0:8
782308753	ID:35	RPL: Sending a DIS to fe80::c30c:0:0:7
784221801	ID:34	RPL: Sending a multicast-DIO with rank 287
784702236	ID:32	RPL: Sending a multicast-DIO with rank 486
785530941	ID:33	RPL: Sending a multicast-DIO with rank 451
789221801	ID:34	RPL: Sending a multicast-DIO with rank 287
789702236	ID:32	RPL: Sending a multicast-DIO with rank 486
790530941	ID:33	RPL: Sending a multicast-DIO with rank 451
794221801	ID:34	RPL: Sending a multicast-DIO with rank 287
794702236	ID:32	RPL: Sending a multicast-DIO with rank 486
795530941	ID:33	RPL: Sending a multicast-DIO with rank 451
799221801	ID:34	RPL: Sending a multicast-DIO with rank 287
799702236	ID:32	RPL: Sending a multicast-DIO with rank 486
800530941	ID:33	RPL: Sending a multicast-DIO with rank 451
804221801	ID:34	RPL: Sending a multicast-DIO with rank 287
804702236	ID:32	RPL: Sending a multicast-DIO with rank 486
805530941	ID:33	RPL: Sending a multicast-DIO with rank 451
809221801	ID:34	RPL: Sending a multicast-DIO with rank 287
809702236	ID:32	RPL: Sending a multicast-DIO with rank 486
810530941	ID:33	RPL: Sending a multicast-DIO with rank 451
814221801	ID:34	RPL: Sending a multicast-DIO with rank 287
814702236	ID:32	RPL: Sending a multicast-DIO with rank 486
815530941	ID:33	RPL: Sending a multicast-DIO with rank 451
819221801	ID:34	RPL: Sending a multicast-DIO with rank 287
819702236	ID:32	RPL: Sending a multicast-DIO with rank 486
820530941	ID:33	RPL: Sending a multicast-DIO with rank 451
824221801	ID:34	RPL: Sending a multicast-DIO with rank 287
824702236	ID:32	RPL: Sending a multicast-DIO with rank 486
825530941	ID:33	RPL: Sending a multicast-DIO with rank 451
829221801	ID:34	RPL: Sending a multicast-DIO with rank 287
829702236	ID:32	RPL: Sending a multicast-DIO with rank 486
830530941	ID:33	RPL: Sending a multicast-DIO with rank 451
834221801	ID:34	RPL: Sending a multicast-DIO with rank 287
834702236	ID:32	RPL: Sending a multicast-DIO with rank 486
835530941	ID:33	RPL: Sending a multicast-DIO with rank 451
839221801	ID:34	RPL: Sending a multicast-DIO with rank 287
839702236	ID:32	RPL: Sending a multicast-DIO with rank 486
840530941	ID:33	RPL: Sending a multicast-DIO with rank 451
842055283	ID:36	RPL: Sending a DIS to fe80::c30c:0:0:8
842308753	ID:35	RPL: Sending a DIS to fe80::c30c:0:0:7
844221801	ID:34	RPL: Sending a multicast-DIO with rank 287
844702236	ID:32	RPL: Sending a multicast-DIO with rank 486
845530941	ID:33	RPL: Sending a multicast-DIO with rank 451
849221801	ID:34	RPL: Sending a multicast-DIO with rank 287
849702236	ID:32	RPL: Sending a multicast-DIO with rank 486
850530941	ID:33	RPL: Sending a multicast-DIO with rank 451
854221801	ID:34	RPL: Sending a multicast-DIO with rank 287
854702236	ID:32	RPL: Sending a multicast-DIO with rank 486
855530941	ID:33	RPL: Sending a multicast-DIO with rank 451
859221801	ID:34	RPL: Sending a multicast-DIO with rank 287
859702236	ID:32	RPL: Sending a multicast-DIO with rank 486
860530941	ID:33	RPL: Sending a multicast-DIO with rank 451
864221801	ID:34	RPL: Sending a multicast-DIO with rank 287
864702236	ID:32	RPL: Sending a multicast-DIO with rank 486
865530941	ID:33	RPL: Sending a multicast-DIO with rank 451
869221801	ID:34	RPL: Sending a multicast-DIO with rank 287
869702236	ID:32	RPL: Sending a multicast-DIO with rank 486
870530940	ID:33	RPL: Sending a multicast-DIO with rank 451
874221801	ID:34	RPL: Sending a multicast-DIO with rank 287
874702236	ID:32	RPL: Sending a multicast-DIO with rank 486
875530941	ID:33	RPL: Sending a multicast-DIO with rank 451
879221801	ID:34	RPL: Sending a multicast-DIO with rank 287
879702236	ID:32	RPL: Sending a multicast-DIO with rank 486
880530941	ID:33	RPL: Sending a multicast-DIO with rank 451
884221801	ID:34	RPL: Sending a multicast-DIO with rank 287
884702236	ID:32	RPL: Sending a multicast-DIO with rank 486
885530941	ID:33	RPL: Sending a multicast-DIO with rank 451
889221801	ID:34	RPL: Sending a multicast-DIO with rank 287
889702236	ID:32	RPL: Sending a multicast-DIO with rank 486
890530941	ID:33	RPL: Sending a multicast-DIO with rank 451
894221801	ID:34	RPL: Sending a multicast-DIO with rank 287
894702236	ID:32	RPL: Sending a multicast-DIO with rank 486
895530941	ID:33	RPL: Sending a multicast-DIO with rank 451
899221801	ID:34	RPL: Sending a multicast-DIO with rank 287
899702236	ID:32	RPL: Sending a multicast-DIO with rank 486
900530941	ID:33	RPL: Sending a multicast-DIO with rank 451
902055283	ID:36	RPL: Sending a DIS to fe80::c30c:0:0:8
902308753	ID:35	RPL: Sending a DIS to fe80::c30c:0:0:7
904221801	ID:34	RPL: Sending a multicast-DIO with rank 287
904702236	ID:32	RPL: Sending a multicast-DIO with rank 486
905530941	ID:33	RPL: Sending a multicast-DIO with rank 451
909221801	ID:34	RPL: Sending a multicast-DIO with rank 287
909702236	ID:32	RPL: Sending a multicast-DIO with rank 486
910530941	ID:33	RPL: Sending a multicast-DIO with rank 451
914221801	ID:34	RPL: Sending a multicast-DIO with rank 287
914702236	ID:32	RPL: Sending a multicast-DIO with rank 486
915530940	ID:33	RPL: Sending a multicast-DIO with rank 451
919221801	ID:34	RPL: Sending a multicast-DIO with rank 287
919702236	ID:32	RPL: Sending a multicast-DIO with rank 486
920530941	ID:33	RPL: Sending a multicast-DIO with rank 451
924221801	ID:34	RPL: Sending a multicast-DIO with rank 287
924702236	ID:32	RPL: Sending a multicast-DIO with rank 486
925530941	ID:33	RPL: Sending a multicast-DIO with rank 451
929221801	ID:34	RPL: Sending a multicast-DIO with rank 287
929702236	ID:32	RPL: Sending a multicast-DIO with rank 486
930530941	ID:33	RPL: Sending a multicast-DIO with rank 451
934221801	ID:34	RPL: Sending a multicast-DIO with rank 287
934702235	ID:32	RPL: Sending a multicast-DIO with rank 486
935530941	ID:33	RPL: Sending a multicast-DIO with rank 451
939221801	ID:34	RPL: Sending a multicast-DIO with rank 287
939702236	ID:32	RPL: Sending a multicast-DIO with rank 486
940530941	ID:33	RPL: Sending a multicast-DIO with rank 451
944221801	ID:34	RPL: Sending a multicast-DIO with rank 287
944702236	ID:32	RPL: Sending a multicast-DIO with rank 486
945530941	ID:33	RPL: Sending a multicast-DIO with rank 451
949221801	ID:34	RPL: Sending a multicast-DIO with rank 287
949702236	ID:32	RPL: Sending a multicast-DIO with rank 486
950530941	ID:33	RPL: Sending a multicast-DIO with rank 451
954221801	ID:34	RPL: Sending a multicast-DIO with rank 287
954702236	ID:32	RPL: Sending a multicast-DIO with rank 486
955530941	ID:33	RPL: Sending a multicast-DIO with rank 451
959221801	ID:34	RPL: Sending a multicast-DIO with rank 287
959702236	ID:32	RPL: Sending a multicast-DIO with rank 486
960530941	ID:33	RPL: Sending a multicast-DIO with rank 451
962055283	ID:36	RPL: Sending a DIS to fe80::c30c:0:0:8
962308753	ID:35	RPL: Sending a DIS to fe80::c30c:0:0:7
964221801	ID:34	RPL: Sending a multicast-DIO with rank 287
964702236	ID:32	RPL: Sending a multicast-DIO with rank 486
965530941	ID:33	RPL: Sending a multicast-DIO with rank 451
969221801	ID:34	RPL: Sending a multicast-DIO with rank 287
969702236	ID:32	RPL: Sending a multicast-DIO with rank 486
970530941	ID:33	RPL: Sending a multicast-DIO with rank 451
974221801	ID:34	RPL: Sending a multicast-DIO with rank 287
974702236	ID:32	RPL: Sending a multicast-DIO with rank 486
975530940	ID:33	RPL: Sending a multicast-DIO with rank 451
979221801	ID:34	RPL: Sending a multicast-DIO with rank 287
979702236	ID:32	RPL: Sending a multicast-DIO with rank 486
980530941	ID:33	RPL: Sending a multicast-DIO with rank 451
984221801	ID:34	RPL: Sending a multicast-DIO with rank 287
984702236	ID:32	RPL: Sending a multicast-DIO with rank 486
985530941	ID:33	RPL: Sending a multicast-DIO with rank 451
989221801	ID:34	RPL: Sending a multicast-DIO with rank 287
989702236	ID:32	RPL: Sending a multicast-DIO with rank 486
990530941	ID:33	RPL: Sending a multicast-DIO with rank 451
994221801	ID:34	RPL: Sending a multicast-DIO with rank 287
994702236	ID:32	RPL: Sending a multicast-DIO with rank 486
995530941	ID:33	RPL: Sending a multicast-DIO with rank 451
999221801	ID:34	RPL: Sending a multicast-DIO with rank 287
999702236	ID:32	RPL: Sending a multicast-DIO with rank 486
1000530941	ID:33	RPL: Sending a multicast-DIO with rank 451
1004221801	ID:34	RPL: Sending a multicast-DIO with rank 287
1004702236	ID:32	RPL: Sending a multicast-DIO with rank 486
1005530941	ID:33	RPL: Sending a multicast-DIO with rank 451
1009221801	ID:34	RPL: Sending a multicast-DIO with rank 287
1009702236	ID:32	RPL: Sending a multicast-DIO with rank 486
1010530941	ID:33	RPL: Sending a multicast-DIO with rank 451
1014221801	ID:34	RPL: Sending a multicast-DIO with rank 287
1014702236	ID:32	RPL: Sending a multicast-DIO with rank 486
1015530941	ID:33	RPL: Sending a multicast-DIO with rank 451
1019221801	ID:34	RPL: Sending a multicast-DIO with rank 287
1019702236	ID:32	RPL: Sending a multicast-DIO with rank 486
1020530941	ID:33	RPL: Sending a multicast-DIO with rank 451
1022055283	ID:36	RPL: Sending a DIS to fe80::c30c:0:0:8
1022308753	ID:35	RPL: Sending a DIS to fe80::c30c:0:0:7
1024221801	ID:34	RPL: Sending a multicast-DIO with rank 287
1024702236	ID:32	RPL: Sending a multicast-DIO with rank 486
1025530941	ID:33	RPL: Sending a multicast-DIO with rank 451
1029221801	ID:34	RPL: Sending a multicast-DIO with rank 287
1029702236	ID:32	RPL: Sending a multicast-DIO with rank 486
1030530941	ID:33	RPL: Sending a multicast-DIO with rank 451
1034221801	ID:34	RPL: Sending a multicast-DIO with rank 287
1034702243	ID:32	RPL: Sending a multicast-DIO with rank 486
1035530941	ID:33	RPL: Sending a multicast-DIO with rank 451
1039221801	ID:34	RPL: Sending a multicast-DIO with rank 287
1039702236	ID:32	RPL: Sending a multicast-DIO with rank 486
1040530941	ID:33	RPL: Sending a multicast-DIO with rank 451
1044221801	ID:34	RPL: Sending a multicast-DIO with rank 287
1044702236	ID:32	RPL: Sending a multicast-DIO with rank 486
1045530941	ID:33	RPL: Sending a multicast-DIO with rank 451
1049221801	ID:34	RPL: Sending a multicast-DIO with rank 287
1049702236	ID:32	RPL: Sending a multicast-DIO with rank 486
1050530941	ID:33	RPL: Sending a multicast-DIO with rank 451
1054221801	ID:34	RPL: Sending a multicast-DIO with rank 287
1054702236	ID:32	RPL: Sending a multicast-DIO with rank 486
1055530941	ID:33	RPL: Sending a multicast-DIO with rank 451
1059221801	ID:34	RPL: Sending a multicast-DIO with rank 287
1059702236	ID:32	RPL: Sending a multicast-DIO with rank 486
1060530941	ID:33	RPL: Sending a multicast-DIO with rank 451
1064221801	ID:34	RPL: Sending a multicast-DIO with rank 287
1064702236	ID:32	RPL: Sending a multicast-DIO with rank 486
1065530941	ID:33	RPL: Sending a multicast-DIO with rank 451
1069221801	ID:34	RPL: Sending a multicast-DIO with rank 287
1069702236	ID:32	RPL: Sending a multicast-DIO with rank 486
1070530941	ID:33	RPL: Sending a multicast-DIO with rank 451
1074221801	ID:34	RPL: Sending a multicast-DIO with rank 287
1074702236	ID:32	RPL: Sending a multicast-DIO with rank 486
1075530941	ID:33	RPL: Sending a multicast-DIO with rank 451
1079221801	ID:34	RPL: Sending a multicast-DIO with rank 287
1079702236	ID:32	RPL: Sending a multicast-DIO with rank 486
1080530941	ID:33	RPL: Sending a multicast-DIO with rank 451
1082055284	ID:36	RPL: Sending a DIS to fe80::c30c:0:0:8
1082308754	ID:35	RPL: Sending a DIS to fe80::c30c:0:0:7
1084221801	ID:34	RPL: Sending a multicast-DIO with rank 287
1084702236	ID:32	RPL: Sending a multicast-DIO with rank 486
1085530941	ID:33	RPL: Sending a multicast-DIO with rank 451
1089221801	ID:34	RPL: Sending a multicast-DIO with rank 287
1089702236	ID:32	RPL: Sending a multicast-DIO with rank 486
1090530941	ID:33	RPL: Sending a multicast-DIO with rank 451
1094221801	ID:34	RPL: Sending a multicast-DIO with rank 287
1094702236	ID:32	RPL: Sending a multicast-DIO with rank 486
1095530941	ID:33	RPL: Sending a multicast-DIO with rank 451
1099221801	ID:34	RPL: Sending a multicast-DIO with rank 287
1099702236	ID:32	RPL: Sending a multicast-DIO with rank 486
1100530941	ID:33	RPL: Sending a multicast-DIO with rank 451
1104221801	ID:34	RPL: Sending a multicast-DIO with rank 287
1104702236	ID:32	RPL: Sending a multicast-DIO with rank 486
1105530941	ID:33	RPL: Sending a multicast-DIO with rank 451
1109221801	ID:34	RPL: Sending a multicast-DIO with rank 287
1109702236	ID:32	RPL: Sending a multicast-DIO with rank 486
1110530941	ID:33	RPL: Sending a multicast-DIO with rank 451
1114221801	ID:34	RPL: Sending a multicast-DIO with rank 287
1114702236	ID:32	RPL: Sending a multicast-DIO with rank 486
1115530948	ID:33	RPL: Sending a multicast-DIO with rank 451
1119221801	ID:34	RPL: Sending a multicast-DIO with rank 287
1119702236	ID:32	RPL: Sending a multicast-DIO with rank 486
1120530941	ID:33	RPL: Sending a multicast-DIO with rank 451
1124221801	ID:34	RPL: Sending a multicast-DIO with rank 287
1124702236	ID:32	RPL: Sending a multicast-DIO with rank 486
1125530941	ID:33	RPL: Sending a multicast-DIO with rank 451
1129221801	ID:34	RPL: Sending a multicast-DIO with rank 287
1129702236	ID:32	RPL: Sending a multicast-DIO with rank 486
1130530941	ID:33	RPL: Sending a multicast-DIO with rank 451
1134221801	ID:34	RPL: Sending a multicast-DIO with rank 287
1134702236	ID:32	RPL: Sending a multicast-DIO with rank 486
1135530941	ID:33	RPL: Sending a multicast-DIO with rank 451
1139221801	ID:34	RPL: Sending a multicast-DIO with rank 287
1139702236	ID:32	RPL: Sending a multicast-DIO with rank 486
1140530941	ID:33	RPL: Sending a multicast-DIO with rank 451
1142055284	ID:36	RPL: Sending a DIS to fe80::c30c:0:0:8
1142308754	ID:35	RPL: Sending a DIS to fe80::c30c:0:0:7
1144221801	ID:34	RPL: Sending a multicast-DIO with rank 287
1144702236	ID:32	RPL: Sending a multicast-DIO with rank 486
1145530941	ID:33	RPL: Sending a multicast-DIO with rank 451
1149221801	ID:34	RPL: Sending a multicast-DIO with rank 287
1149702236	ID:32	RPL: Sending a multicast-DIO with rank 486
1150530941	ID:33	RPL: Sending a multicast-DIO with rank 451
1154221808	ID:34	RPL: Sending a multicast-DIO with rank 287
1154702236	ID:32	RPL: Sending a multicast-DIO with rank 486
1155530941	ID:33	RPL: Sending a multicast-DIO with rank 451
1159221801	ID:34	RPL: Sending a multicast-DIO with rank 287
1159702236	ID:32	RPL: Sending a multicast-DIO with rank 486
1160530941	ID:33	RPL: Sending a multicast-DIO with rank 451
1164221801	ID:34	RPL: Sending a multicast-DIO with rank 287
1164702236	ID:32	RPL: Sending a multicast-DIO with rank 486
1165530941	ID:33	RPL: Sending a multicast-DIO with rank 451
1169221801	ID:34	RPL: Sending a multicast-DIO with rank 287
1169702236	ID:32	RPL: Sending a multicast-DIO with rank 486
1170530941	ID:33	RPL: Sending a multicast-DIO with rank 451
1174221801	ID:34	RPL: Sending a multicast-DIO with rank 287
1174702236	ID:32	RPL: Sending a multicast-DIO with rank 486
1175530941	ID:33	RPL: Sending a multicast-DIO with rank 451
1179221801	ID:34	RPL: Sending a multicast-DIO with rank 287
1179702236	ID:32	RPL: Sending a multicast-DIO with rank 486
1180530941	ID:33	RPL: Sending a multicast-DIO with rank 451
1184221801	ID:34	RPL: Sending a multicast-DIO with rank 287
1184702236	ID:32	RPL: Sending a multicast-DIO with rank 486
1185530941	ID:33	RPL: Sending a multicast-DIO with rank 451
1189221801	ID:34	RPL: Sending a multicast-DIO with rank 287
1189702236	ID:32	RPL: Sending a multicast-DIO with rank 486
1190530941	ID:33	RPL: Sending a multicast-DIO with rank 451
1194221801	ID:34	RPL: Sending a multicast-DIO with rank 287
1194702236	ID:32	RPL: Sending a multicast-DIO with rank 486
1195530941	ID:33	RPL: Sending a multicast-DIO with rank 451
1199221801	ID:34	RPL: Sending a multicast-DIO with rank 287
1199702236	ID:32	RPL: Sending a multicast-DIO with rank 486
1200530941	ID:33	RPL: Sending a multicast-DIO with rank 451
1202055289	ID:36	RPL: Sending a DIS to fe80::c30c:0:0:8
1202309327	ID:35	RPL: Sending a DIS to fe80::c30c:0:0:7
1204221806	ID:34	RPL: Sending a multicast-DIO with rank 287
1204702241	ID:32	RPL: Sending a multicast-DIO with rank 486
1205530946	ID:33	RPL: Sending a multicast-DIO with rank 451
1209221800	ID:34	RPL: Sending a multicast-DIO with rank 287
1209702235	ID:32	RPL: Sending a multicast-DIO with rank 486
1210530940	ID:33	RPL: Sending a multicast-DIO with rank 451
1214221800	ID:34	RPL: Sending a multicast-DIO with rank 287
1214702235	ID:32	RPL: Sending a multicast-DIO with rank 486
1215530940	ID:33	RPL: Sending a multicast-DIO with rank 451
1219221800	ID:34	RPL: Sending a multicast-DIO with rank 287
1219702235	ID:32	RPL: Sending a multicast-DIO with rank 486
1220530940	ID:33	RPL: Sending a multicast-DIO with rank 451
1224221800	ID:34	RPL: Sending a multicast-DIO with rank 287
1224702235	ID:32	RPL: Sending a multicast-DIO with rank 486
1225530940	ID:33	RPL: Sending a multicast-DIO with rank 451
1229221800	ID:34	RPL: Sending a multicast-DIO with rank 287
1229702235	ID:32	RPL: Sending a multicast-DIO with rank 486
1230530940	ID:33	RPL: Sending a multicast-DIO with rank 451
1234221800	ID:34	RPL: Sending a multicast-DIO with rank 287
1234702235	ID:32	RPL: Sending a multicast-DIO with rank 486
1235530940	ID:33	RPL: Sending a multicast-DIO with rank 451
1239221800	ID:34	RPL: Sending a multicast-DIO with rank 287
1239702235	ID:32	RPL: Sending a multicast-DIO with rank 486
1240530940	ID:33	RPL: Sending a multicast-DIO with rank 451
1244221800	ID:34	RPL: Sending a multicast-DIO with rank 287
1244702235	ID:32	RPL: Sending a multicast-DIO with rank 486
1245530940	ID:33	RPL: Sending a multicast-DIO with rank 451
1249221800	ID:34	RPL: Sending a multicast-DIO with rank 287
1249702235	ID:32	RPL: Sending a multicast-DIO with rank 486
1250530940	ID:33	RPL: Sending a multicast-DIO with rank 451
1254221800	ID:34	RPL: Sending a multicast-DIO with rank 287
1254702235	ID:32	RPL: Sending a multicast-DIO with rank 486
1255530940	ID:33	RPL: Sending a multicast-DIO with rank 451
1259221800	ID:34	RPL: Sending a multicast-DIO with rank 287
1259702235	ID:32	RPL: Sending a multicast-DIO with rank 486
1260530940	ID:33	RPL: Sending a multicast-DIO with rank 451
1262055283	ID:36	RPL: Sending a DIS to fe80::c30c:0:0:8
1262309320	ID:35	RPL: Sending a DIS to fe80::c30c:0:0:7
1264221800	ID:34	RPL: Sending a multicast-DIO with rank 287
1264702235	ID:32	RPL: Sending a multicast-DIO with rank 486
1265530940	ID:33	RPL: Sending a multicast-DIO with rank 451
1269221800	ID:34	RPL: Sending a multicast-DIO with rank 287
1269702235	ID:32	RPL: Sending a multicast-DIO with rank 486
1270530940	ID:33	RPL: Sending a multicast-DIO with rank 451
1274221800	ID:34	RPL: Sending a multicast-DIO with rank 287
1274702235	ID:32	RPL: Sending a multicast-DIO with rank 486
1275530940	ID:33	RPL: Sending a multicast-DIO with rank 451
1279221800	ID:34	RPL: Sending a multicast-DIO with rank 287
1279702235	ID:32	RPL: Sending a multicast-DIO with rank 486
1280530940	ID:33	RPL: Sending a multicast-DIO with rank 451
1284221800	ID:34	RPL: Sending a multicast-DIO with rank 287
1284702235	ID:32	RPL: Sending a multicast-DIO with rank 486
1285530940	ID:33	RPL: Sending a multicast-DIO with rank 451
1289221800	ID:34	RPL: Sending a multicast-DIO with rank 287
1289702235	ID:32	RPL: Sending a multicast-DIO with rank 486
1290530940	ID:33	RPL: Sending a multicast-DIO with rank 451
1294221800	ID:34	RPL: Sending a multicast-DIO with rank 287
1294702235	ID:32	RPL: Sending a multicast-DIO with rank 486
1295530940	ID:33	RPL: Sending a multicast-DIO with rank 451
1299221800	ID:34	RPL: Sending a multicast-DIO with rank 287
1299702235	ID:32	RPL: Sending a multicast-DIO with rank 486
1300530940	ID:33	RPL: Sending a multicast-DIO with rank 451
1304221800	ID:34	RPL: Sending a multicast-DIO with rank 287
1304702235	ID:32	RPL: Sending a multicast-DIO with rank 486
1305530940	ID:33	RPL: Sending a multicast-DIO with rank 451
1309221800	ID:34	RPL: Sending a multicast-DIO with rank 287
1309702235	ID:32	RPL: Sending a multicast-DIO with rank 486
1310530940	ID:33	RPL: Sending a multicast-DIO with rank 451
1314221800	ID:34	RPL: Sending a multicast-DIO with rank 287
1314702235	ID:32	RPL: Sending a multicast-DIO with rank 486
1315530940	ID:33	RPL: Sending a multicast-DIO with rank 451
1319221800	ID:34	RPL: Sending a multicast-DIO with rank 287
1319702235	ID:32	RPL: Sending a multicast-DIO with rank 486
1320530940	ID:33	RPL: Sending a multicast-DIO with rank 451
1322055283	ID:36	RPL: Sending a DIS to fe80::c30c:0:0:8
1322309321	ID:35	RPL: Sending a DIS to fe80::c30c:0:0:7
1324221800	ID:34	RPL: Sending a multicast-DIO with rank 287
1324702235	ID:32	RPL: Sending a multicast-DIO with rank 486
1325530940	ID:33	RPL: Sending a multicast-DIO with rank 451
1329221800	ID:34	RPL: Sending a multicast-DIO with rank 287
1329702235	ID:32	RPL: Sending a multicast-DIO with rank 486
1330530940	ID:33	RPL: Sending a multicast-DIO with rank 451
1334221800	ID:34	RPL: Sending a multicast-DIO with rank 287
1334702235	ID:32	RPL: Sending a multicast-DIO with rank 486
1335530940	ID:33	RPL: Sending a multicast-DIO with rank 451
1339221800	ID:34	RPL: Sending a multicast-DIO with rank 287
1339702235	ID:32	RPL: Sending a multicast-DIO with rank 486
1340530940	ID:33	RPL: Sending a multicast-DIO with rank 451
1344221800	ID:34	RPL: Sending a multicast-DIO with rank 287
1344702235	ID:32	RPL: Sending a multicast-DIO with rank 486
1345530940	ID:33	RPL: Sending a multicast-DIO with rank 451
1349221800	ID:34	RPL: Sending a multicast-DIO with rank 287
1349702235	ID:32	RPL: Sending a multicast-DIO with rank 486
1350530940	ID:33	RPL: Sending a multicast-DIO with rank 451
1354221800	ID:34	RPL: Sending a multicast-DIO with rank 287
1354702235	ID:32	RPL: Sending a multicast-DIO with rank 486
1355530940	ID:33	RPL: Sending a multicast-DIO with rank 451
1359221800	ID:34	RPL: Sending a multicast-DIO with rank 287
1359702235	ID:32	RPL: Sending a multicast-DIO with rank 486
1360530940	ID:33	RPL: Sending a multicast-DIO with rank 451
1364221800	ID:34	RPL: Sending a multicast-DIO with rank 287
1364702235	ID:32	RPL: Sending a multicast-DIO with rank 486
1365530940	ID:33	RPL: Sending a multicast-DIO with rank 451
1369221800	ID:34	RPL: Sending a multicast-DIO with rank 287
1369702235	ID:32	RPL: Sending a multicast-DIO with rank 486
1370530940	ID:33	RPL: Sending a multicast-DIO with rank 451
1374221800	ID:34	RPL: Sending a multicast-DIO with rank 287
1374702235	ID:32	RPL: Sending a multicast-DIO with rank 486
1375530940	ID:33	RPL: Sending a multicast-DIO with rank 451
1379221800	ID:34	RPL: Sending a multicast-DIO with rank 287
1379702235	ID:32	RPL: Sending a multicast-DIO with rank 486
1380530940	ID:33	RPL: Sending a multicast-DIO with rank 451
1382055283	ID:36	RPL: Sending a DIS to fe80::c30c:0:0:8
1382308753	ID:35	RPL: Sending a DIS to fe80::c30c:0:0:7
1384221800	ID:34	RPL: Sending a multicast-DIO with rank 287
1384702235	ID:32	RPL: Sending a multicast-DIO with rank 486
1385530940	ID:33	RPL: Sending a multicast-DIO with rank 451
1389221800	ID:34	RPL: Sending a multicast-DIO with rank 287
1389702235	ID:32	RPL: Sending a multicast-DIO with rank 486
1390530940	ID:33	RPL: Sending a multicast-DIO with rank 451
1394221800	ID:34	RPL: Sending a multicast-DIO with rank 287
1394702235	ID:32	RPL: Sending a multicast-DIO with rank 486
1395530940	ID:33	RPL: Sending a multicast-DIO with rank 451
1399221800	ID:34	RPL: Sending a multicast-DIO with rank 287
1399702235	ID:32	RPL: Sending a multicast-DIO with rank 486
1400530940	ID:33	RPL: Sending a multicast-DIO with rank 451
1404221800	ID:34	RPL: Sending a multicast-DIO with rank 287
1404702235	ID:32	RPL: Sending a multicast-DIO with rank 486
1405530940	ID:33	RPL: Sending a multicast-DIO with rank 451
1409221800	ID:34	RPL: Sending a multicast-DIO with rank 287
1409702235	ID:32	RPL: Sending a multicast-DIO with rank 486
1410530940	ID:33	RPL: Sending a multicast-DIO with rank 451
1414221800	ID:34	RPL: Sending a multicast-DIO with rank 287
1414702235	ID:32	RPL: Sending a multicast-DIO with rank 486
1415530940	ID:33	RPL: Sending a multicast-DIO with rank 451
1419221800	ID:34	RPL: Sending a multicast-DIO with rank 287
1419702242	ID:32	RPL: Sending a multicast-DIO with rank 486
1420530940	ID:33	RPL: Sending a multicast-DIO with rank 451
1424221800	ID:34	RPL: Sending a multicast-DIO with rank 287
1424702235	ID:32	RPL: Sending a multicast-DIO with rank 486
1425530940	ID:33	RPL: Sending a multicast-DIO with rank 451
1429221800	ID:34	RPL: Sending a multicast-DIO with rank 287
1429702235	ID:32	RPL: Sending a multicast-DIO with rank 486
1430530940	ID:33	RPL: Sending a multicast-DIO with rank 451
1434221800	ID:34	RPL: Sending a multicast-DIO with rank 287
1434702235	ID:32	RPL: Sending a multicast-DIO with rank 486
1435530940	ID:33	RPL: Sending a multicast-DIO with rank 451
1439221800	ID:34	RPL: Sending a multicast-DIO with rank 287
1439702235	ID:32	RPL: Sending a multicast-DIO with rank 486
1440530940	ID:33	RPL: Sending a multicast-DIO with rank 451
1442055283	ID:36	RPL: Sending a DIS to fe80::c30c:0:0:8
1442308753	ID:35	RPL: Sending a DIS to fe80::c30c:0:0:7
1444221800	ID:34	RPL: Sending a multicast-DIO with rank 287
1444702235	ID:32	RPL: Sending a multicast-DIO with rank 486
1445530940	ID:33	RPL: Sending a multicast-DIO with rank 451
1449221800	ID:34	RPL: Sending a multicast-DIO with rank 287
1449702235	ID:32	RPL: Sending a multicast-DIO with rank 486
1450530940	ID:33	RPL: Sending a multicast-DIO with rank 451
1454221800	ID:34	RPL: Sending a multicast-DIO with rank 287
1454702235	ID:32	RPL: Sending a multicast-DIO with rank 486
1455530940	ID:33	RPL: Sending a multicast-DIO with rank 451
1459221800	ID:34	RPL: Sending a multicast-DIO with rank 287
1459702235	ID:32	RPL: Sending a multicast-DIO with rank 486
1460530940	ID:33	RPL: Sending a multicast-DIO with rank 451
1464221800	ID:34	RPL: Sending a multicast-DIO with rank 287
1464702235	ID:32	RPL: Sending a multicast-DIO with rank 486
1465530940	ID:33	RPL: Sending a multicast-DIO with rank 451
1469221800	ID:34	RPL: Sending a multicast-DIO with rank 287
1469702235	ID:32	RPL: Sending a multicast-DIO with rank 486
1470530947	ID:33	RPL: Sending a multicast-DIO with rank 451
1474221800	ID:34	RPL: Sending a multicast-DIO with rank 287
1474702235	ID:32	RPL: Sending a multicast-DIO with rank 486
1475530940	ID:33	RPL: Sending a multicast-DIO with rank 451
1479221800	ID:34	RPL: Sending a multicast-DIO with rank 287
1479702235	ID:32	RPL: Sending a multicast-DIO with rank 486
1480530940	ID:33	RPL: Sending a multicast-DIO with rank 451
1484221800	ID:34	RPL: Sending a multicast-DIO with rank 287
1484702235	ID:32	RPL: Sending a multicast-DIO with rank 486
1485530940	ID:33	RPL: Sending a multicast-DIO with rank 451
1489221800	ID:34	RPL: Sending a multicast-DIO with rank 287
1489702235	ID:32	RPL: Sending a multicast-DIO with rank 486
1490530940	ID:33	RPL: Sending a multicast-DIO with rank 451
1494221800	ID:34	RPL: Sending a multicast-DIO with rank 287
1494702235	ID:32	RPL: Sending a multicast-DIO with rank 486
1495530940	ID:33	RPL: Sending a multicast-DIO with rank 451
1499221800	ID:34	RPL: Sending a multicast-DIO with rank 287
1499702235	ID:32	RPL: Sending a multicast-DIO with rank 486
1500530940	ID:33	RPL: Sending a multicast-DIO with rank 451
1502055283	ID:36	RPL: Sending a DIS to fe80::c30c:0:0:8
1502308753	ID:35	RPL: Sending a DIS to fe80::c30c:0:0:7
1504221800	ID:34	RPL: Sending a multicast-DIO with rank 287
1504702235	ID:32	RPL: Sending a multicast-DIO with rank 486
1505530940	ID:33	RPL: Sending a multicast-DIO with rank 451
1509221800	ID:34	RPL: Sending a multicast-DIO with rank 287
1509702235	ID:32	RPL: Sending a multicast-DIO with rank 486
1510530940	ID:33	RPL: Sending a multicast-DIO with rank 451
1514221800	ID:34	RPL: Sending a multicast-DIO with rank 287
1514702235	ID:32	RPL: Sending a multicast-DIO with rank 486
1515530940	ID:33	RPL: Sending a multicast-DIO with rank 451
1519221800	ID:34	RPL: Sending a multicast-DIO with rank 287
1519702235	ID:32	RPL: Sending a multicast-DIO with rank 486
1520530940	ID:33	RPL: Sending a multicast-DIO with rank 451
1524221800	ID:34	RPL: Sending a multicast-DIO with rank 287
1524702235	ID:32	RPL: Sending a multicast-DIO with rank 486
1525530940	ID:33	RPL: Sending a multicast-DIO with rank 451
1529221800	ID:34	RPL: Sending a multicast-DIO with rank 287
1529702235	ID:32	RPL: Sending a multicast-DIO with rank 486
1530530940	ID:33	RPL: Sending a multicast-DIO with rank 451
1534221800	ID:34	RPL: Sending a multicast-DIO with rank 287
1534702235	ID:32	RPL: Sending a multicast-DIO with rank 486
1535530940	ID:33	RPL: Sending a multicast-DIO with rank 451
1539221800	ID:34	RPL: Sending a multicast-DIO with rank 287
1539702235	ID:32	RPL: Sending a multicast-DIO with rank 486
1540530940	ID:33	RPL: Sending a multicast-DIO with rank 451
1544221800	ID:34	RPL: Sending a multicast-DIO with rank 287
1544702235	ID:32	RPL: Sending a multicast-DIO with rank 486
1545530940	ID:33	RPL: Sending a multicast-DIO with rank 451
1549221800	ID:34	RPL: Sending a multicast-DIO with rank 287
1549702235	ID:32	RPL: Sending a multicast-DIO with rank 486
1550530940	ID:33	RPL: Sending a multicast-DIO with rank 451
1554221800	ID:34	RPL: Sending a multicast-DIO with rank 287
1554702235	ID:32	RPL: Sending a multicast-DIO with rank 486
1555530940	ID:33	RPL: Sending a multicast-DIO with rank 451
1559221800	ID:34	RPL: Sending a multicast-DIO with rank 287
1559702235	ID:32	RPL: Sending a multicast-DIO with rank 486
1560530940	ID:33	RPL: Sending a multicast-DIO with rank 451
1562055283	ID:36	RPL: Sending a DIS to fe80::c30c:0:0:8
1562308753	ID:35	RPL: Sending a DIS to fe80::c30c:0:0:7
1564221800	ID:34	RPL: Sending a multicast-DIO with rank 287
1564702235	ID:32	RPL: Sending a multicast-DIO with rank 486
1565530940	ID:33	RPL: Sending a multicast-DIO with rank 451
1569221800	ID:34	RPL: Sending a multicast-DIO with rank 287
1569702235	ID:32	RPL: Sending a multicast-DIO with rank 486
1570530940	ID:33	RPL: Sending a multicast-DIO with rank 451
1574221800	ID:34	RPL: Sending a multicast-DIO with rank 287
1574702235	ID:32	RPL: Sending a multicast-DIO with rank 486
1575530940	ID:33	RPL: Sending a multicast-DIO with rank 451
1579221800	ID:34	RPL: Sending a multicast-DIO with rank 287
1579702235	ID:32	RPL: Sending a multicast-DIO with rank 486
1580530940	ID:33	RPL: Sending a multicast-DIO with rank 451
1584221800	ID:34	RPL: Sending a multicast-DIO with rank 287
1584702235	ID:32	RPL: Sending a multicast-DIO with rank 486
1585530940	ID:33	RPL: Sending a multicast-DIO with rank 451
1589221800	ID:34	RPL: Sending a multicast-DIO with rank 287
1589702235	ID:32	RPL: Sending a multicast-DIO with rank 486
1590530940	ID:33	RPL: Sending a multicast-DIO with rank 451
1594221800	ID:34	RPL: Sending a multicast-DIO with rank 287
1594702235	ID:32	RPL: Sending a multicast-DIO with rank 486
1595530940	ID:33	RPL: Sending a multicast-DIO with rank 451
1599221807	ID:34	RPL: Sending a multicast-DIO with rank 287
1599702235	ID:32	RPL: Sending a multicast-DIO with rank 486
1600530940	ID:33	RPL: Sending a multicast-DIO with rank 451
1604221800	ID:34	RPL: Sending a multicast-DIO with rank 287
1604702235	ID:32	RPL: Sending a multicast-DIO with rank 486
1605530940	ID:33	RPL: Sending a multicast-DIO with rank 451
1609221800	ID:34	RPL: Sending a multicast-DIO with rank 287
1609702235	ID:32	RPL: Sending a multicast-DIO with rank 486
1610530940	ID:33	RPL: Sending a multicast-DIO with rank 451
1614221800	ID:34	RPL: Sending a multicast-DIO with rank 287
1614702235	ID:32	RPL: Sending a multicast-DIO with rank 486
1615530940	ID:33	RPL: Sending a multicast-DIO with rank 451
1619221800	ID:34	RPL: Sending a multicast-DIO with rank 287
1619702235	ID:32	RPL: Sending a multicast-DIO with rank 486
1620530940	ID:33	RPL: Sending a multicast-DIO with rank 451
1622055283	ID:36	RPL: Sending a DIS to fe80::c30c:0:0:8
1622308753	ID:35	RPL: Sending a DIS to fe80::c30c:0:0:7
1624221800	ID:34	RPL: Sending a multicast-DIO with rank 287
1624702235	ID:32	RPL: Sending a multicast-DIO with rank 486
1625530940	ID:33	RPL: Sending a multicast-DIO with rank 451
1629221800	ID:34	RPL: Sending a multicast-DIO with rank 287
1629702235	ID:32	RPL: Sending a multicast-DIO with rank 486
1630530940	ID:33	RPL: Sending a multicast-DIO with rank 451
1634221800	ID:34	RPL: Sending a multicast-DIO with rank 287
1634702235	ID:32	RPL: Sending a multicast-DIO with rank 486
1635530940	ID:33	RPL: Sending a multicast-DIO with rank 451
1639221800	ID:34	RPL: Sending a multicast-DIO with rank 287
1639702235	ID:32	RPL: Sending a multicast-DIO with rank 486
1640530940	ID:33	RPL: Sending a multicast-DIO with rank 451
1644221800	ID:34	RPL: Sending a multicast-DIO with rank 287
1644702235	ID:32	RPL: Sending a multicast-DIO with rank 486
1645530940	ID:33	RPL: Sending a multicast-DIO with rank 451
1649221800	ID:34	RPL: Sending a multicast-DIO with rank 287
1649702235	ID:32	RPL: Sending a multicast-DIO with rank 486
1650530940	ID:33	RPL: Sending a multicast-DIO with rank 451
1654221800	ID:34	RPL: Sending a multicast-DIO with rank 287
1654702235	ID:32	RPL: Sending a multicast-DIO with rank 486
1655530940	ID:33	RPL: Sending a multicast-DIO with rank 451
1659221800	ID:34	RPL: Sending a multicast-DIO with rank 287
1659702235	ID:32	RPL: Sending a multicast-DIO with rank 486
1660530940	ID:33	RPL: Sending a multicast-DIO with rank 451
1664221800	ID:34	RPL: Sending a multicast-DIO with rank 287
1664702235	ID:32	RPL: Sending a multicast-DIO with rank 486
1665530940	ID:33	RPL: Sending a multicast-DIO with rank 451
1669221800	ID:34	RPL: Sending a multicast-DIO with rank 287
1669702235	ID:32	RPL: Sending a multicast-DIO with rank 486
1670530940	ID:33	RPL: Sending a multicast-DIO with rank 451
1674221800	ID:34	RPL: Sending a multicast-DIO with rank 287
1674702235	ID:32	RPL: Sending a multicast-DIO with rank 486
1675530940	ID:33	RPL: Sending a multicast-DIO with rank 451
1679221800	ID:34	RPL: Sending a multicast-DIO with rank 287
1679702235	ID:32	RPL: Sending a multicast-DIO with rank 486
1680530940	ID:33	RPL: Sending a multicast-DIO with rank 451
1682055283	ID:36	RPL: Sending a DIS to fe80::c30c:0:0:8
1682308753	ID:35	RPL: Sending a DIS to fe80::c30c:0:0:7
1684221800	ID:34	RPL: Sending a multicast-DIO with rank 287
1684702235	ID:32	RPL: Sending a multicast-DIO with rank 486
1685530940	ID:33	RPL: Sending a multicast-DIO with rank 451
1689221800	ID:34	RPL: Sending a multicast-DIO with rank 287
1689702235	ID:32	RPL: Sending a multicast-DIO with rank 486
1690530940	ID:33	RPL: Sending a multicast-DIO with rank 451
1694221800	ID:34	RPL: Sending a multicast-DIO with rank 287
1694702235	ID:32	RPL: Sending a multicast-DIO with rank 486
1695530940	ID:33	RPL: Sending a multicast-DIO with rank 451
1699221800	ID:34	RPL: Sending a multicast-DIO with rank 287
1699702235	ID:32	RPL: Sending a multicast-DIO with rank 486
1700530940	ID:33	RPL: Sending a multicast-DIO with rank 451
1704221800	ID:34	RPL: Sending a multicast-DIO with rank 287
1704702235	ID:32	RPL: Sending a multicast-DIO with rank 486
1705530940	ID:33	RPL: Sending a multicast-DIO with rank 451
1709221800	ID:34	RPL: Sending a multicast-DIO with rank 287
1709702235	ID:32	RPL: Sending a multicast-DIO with rank 486
1710530940	ID:33	RPL: Sending a multicast-DIO with rank 451
1714221800	ID:34	RPL: Sending a multicast-DIO with rank 287
1714702235	ID:32	RPL: Sending a multicast-DIO with rank 486
1715530940	ID:33	RPL: Sending a multicast-DIO with rank 451
1719221800	ID:34	RPL: Sending a multicast-DIO with rank 287
1719702235	ID:32	RPL: Sending a multicast-DIO with rank 486
1720530940	ID:33	RPL: Sending a multicast-DIO with rank 451
1724221800	ID:34	RPL: Sending a multicast-DIO with rank 287
1724702235	ID:32	RPL: Sending a multicast-DIO with rank 486
1725530940	ID:33	RPL: Sending a multicast-DIO with rank 451
1729221800	ID:34	RPL: Sending a multicast-DIO with rank 287
1729702235	ID:32	RPL: Sending a multicast-DIO with rank 486
1730530940	ID:33	RPL: Sending a multicast-DIO with rank 451
1734221800	ID:34	RPL: Sending a multicast-DIO with rank 287
1734702235	ID:32	RPL: Sending a multicast-DIO with rank 486
1735530940	ID:33	RPL: Sending a multicast-DIO with rank 451
1739221800	ID:34	RPL: Sending a multicast-DIO with rank 287
1739702235	ID:32	RPL: Sending a multicast-DIO with rank 486
1740530940	ID:33	RPL: Sending a multicast-DIO with rank 451
1742055283	ID:36	RPL: Sending a DIS to fe80::c30c:0:0:8
1742308753	ID:35	RPL: Sending a DIS to fe80::c30c:0:0:7
1744221800	ID:34	RPL: Sending a multicast-DIO with rank 287
1744702235	ID:32	RPL: Sending a multicast-DIO with rank 486
1745530940	ID:33	RPL: Sending a multicast-DIO with rank 451
1749221800	ID:34	RPL: Sending a multicast-DIO with rank 287
1749702235	ID:32	RPL: Sending a multicast-DIO with rank 486
1750530940	ID:33	RPL: Sending a multicast-DIO with rank 451
1754221800	ID:34	RPL: Sending a multicast-DIO with rank 287
1754702235	ID:32	RPL: Sending a multicast-DIO with rank 486
1755530940	ID:33	RPL: Sending a multicast-DIO with rank 451
1759221800	ID:34	RPL: Sending a multicast-DIO with rank 287
1759702235	ID:32	RPL: Sending a multicast-DIO with rank 486
1760530940	ID:33	RPL: Sending a multicast-DIO with rank 451
1764221800	ID:34	RPL: Sending a multicast-DIO with rank 287
1764702242	ID:32	RPL: Sending a multicast-DIO with rank 486
1765530940	ID:33	RPL: Sending a multicast-DIO with rank 451
1769221800	ID:34	RPL: Sending a multicast-DIO with rank 287
1769702235	ID:32	RPL: Sending a multicast-DIO with rank 486
1770530940	ID:33	RPL: Sending a multicast-DIO with rank 451
1774221800	ID:34	RPL: Sending a multicast-DIO with rank 287
1774702235	ID:32	RPL: Sending a multicast-DIO with rank 486
1775530940	ID:33	RPL: Sending a multicast-DIO with rank 451
1779221800	ID:34	RPL: Sending a multicast-DIO with rank 287
1779702235	ID:32	RPL: Sending a multicast-DIO with rank 486
1780530940	ID:33	RPL: Sending a multicast-DIO with rank 451
1784221800	ID:34	RPL: Sending a multicast-DIO with rank 287
1784702235	ID:32	RPL: Sending a multicast-DIO with rank 486
1785530940	ID:33	RPL: Sending a multicast-DIO with rank 451
1789221800	ID:34	RPL: Sending a multicast-DIO with rank 287
1789702235	ID:32	RPL: Sending a multicast-DIO with rank 486
1790530940	ID:33	RPL: Sending a multicast-DIO with rank 451
1794221800	ID:34	RPL: Sending a multicast-DIO with rank 287
1794702235	ID:32	RPL: Sending a multicast-DIO with rank 486
1795530940	ID:33	RPL: Sending a multicast-DIO with rank 451
1799221800	ID:34	RPL: Sending a multicast-DIO with rank 287
1799702235	ID:32	RPL: Sending a multicast-DIO with rank 486
