881358	ID:10	Rime started with address 193.12.0.0.0.0.0.10
888645	ID:10	MAC c1:0c:00:00:00:00:00:0a Contiki 3.0 started. Node id is set to 10.
893666	ID:10	CSMA ContikiMAC, channel check rate 8 Hz, radio channel 26
899924	ID:5	Rime started with address 193.12.0.0.0.0.0.5
901495	ID:10	Tentative link-local IPv6 address fe80:0000:0000:0000:c30c:0000:0000:000a
903353	ID:10	Starting 'Sensor process'
904771	ID:10	Starting UDP server
906717	ID:10	Listen port: 3000, TTL=64
907115	ID:5	MAC c1:0c:00:00:00:00:00:05 Contiki 3.0 started. Node id is set to 5.
912131	ID:5	CSMA ContikiMAC, channel check rate 8 Hz, radio channel 26
919927	ID:5	Tentative link-local IPv6 address fe80:0000:0000:0000:c30c:0000:0000:0005
921785	ID:5	Starting 'Sensor process'
923203	ID:5	Starting UDP server
925149	ID:5	Listen port: 3000, TTL=64
968383	ID:11	Rime started with address 193.12.0.0.0.0.0.11
975670	ID:11	MAC c1:0c:00:00:00:00:00:0b Contiki 3.0 started. Node id is set to 11.
980691	ID:11	CSMA ContikiMAC, channel check rate 8 Hz, radio channel 26
988520	ID:11	Tentative link-local IPv6 address fe80:0000:0000:0000:c30c:0000:0000:000b
990378	ID:11	Starting 'Sensor process'
991796	ID:11	Starting UDP server
993742	ID:11	Listen port: 3000, TTL=64
1099126	ID:8	Rime started with address 193.12.0.0.0.0.0.8
1106317	ID:8	MAC c1:0c:00:00:00:00:00:08 Contiki 3.0 started. Node id is set to 8.
1111333	ID:8	CSMA ContikiMAC, channel check rate 8 Hz, radio channel 26
1119129	ID:8	Tentative link-local IPv6 address fe80:0000:0000:0000:c30c:0000:0000:0008
1120987	ID:8	Starting 'Sensor process'
1122405	ID:8	Starting UDP server
1124351	ID:8	Listen port: 3000, TTL=64
1278189	ID:14	Rime started with address 193.12.0.0.0.0.0.14
1285476	ID:14	MAC c1:0c:00:00:00:00:00:0e Contiki 3.0 started. Node id is set to 14.
1290497	ID:14	CSMA ContikiMAC, channel check rate 8 Hz, radio channel 26
1298271	ID:7	Rime started with address 193.12.0.0.0.0.0.7
1298326	ID:14	Tentative link-local IPv6 address fe80:0000:0000:0000:c30c:0000:0000:000e
1300184	ID:14	Starting 'Sensor process'
1301602	ID:14	Starting UDP server
1303548	ID:14	Listen port: 3000, TTL=64
1305462	ID:7	MAC c1:0c:00:00:00:00:00:07 Contiki 3.0 started. Node id is set to 7.
1310478	ID:7	CSMA ContikiMAC, channel check rate 8 Hz, radio channel 26
1318274	ID:7	Tentative link-local IPv6 address fe80:0000:0000:0000:c30c:0000:0000:0007
1320132	ID:7	Starting 'Sensor process'
1321550	ID:7	Starting UDP server
1323496	ID:7	Listen port: 3000, TTL=64
1326345	ID:15	Rime started with address 193.12.0.0.0.0.0.15
1333630	ID:15	MAC c1:0c:00:00:00:00:00:0f Contiki 3.0 started. Node id is set to 15.
1338652	ID:15	CSMA ContikiMAC, channel check rate 8 Hz, radio channel 26
1346481	ID:15	Tentative link-local IPv6 address fe80:0000:0000:0000:c30c:0000:0000:000f
1349051	ID:15	Starting 'Malicious sensor process'
1466367	ID:1	Rime started with address 193.12.0.0.0.0.0.1
1470568	ID:13	Rime started with address 193.12.0.0.0.0.0.13
1473558	ID:1	MAC c1:0c:00:00:00:00:00:01 Contiki 3.0 started. Node id is set to 1.
1477855	ID:13	MAC c1:0c:00:00:00:00:00:0d Contiki 3.0 started. Node id is set to 13.
1478574	ID:1	CSMA ContikiMAC, channel check rate 8 Hz, radio channel 26
1482876	ID:13	CSMA ContikiMAC, channel check rate 8 Hz, radio channel 26
1486370	ID:1	Tentative link-local IPv6 address fe80:0000:0000:0000:c30c:0000:0000:0001
1488228	ID:1	Starting 'Sensor process'
1489646	ID:1	Starting UDP server
1490705	ID:13	Tentative link-local IPv6 address fe80:0000:0000:0000:c30c:0000:0000:000d
1491592	ID:1	Listen port: 3000, TTL=64
1492563	ID:13	Starting 'Sensor process'
1493981	ID:13	Starting UDP server
1495927	ID:13	Listen port: 3000, TTL=64
1515798	ID:12	Rime started with address 193.12.0.0.0.0.0.12
1523085	ID:12	MAC c1:0c:00:00:00:00:00:0c Contiki 3.0 started. Node id is set to 12.
1528106	ID:12	CSMA ContikiMAC, channel check rate 8 Hz, radio channel 26
1535935	ID:12	Tentative link-local IPv6 address fe80:0000:0000:0000:c30c:0000:0000:000c
1537793	ID:12	Starting 'Sensor process'
1539211	ID:12	Starting UDP server
1541157	ID:12	Listen port: 3000, TTL=64
1553496	ID:9	Rime started with address 193.12.0.0.0.0.0.9
1560687	ID:9	MAC c1:0c:00:00:00:00:00:09 Contiki 3.0 started. Node id is set to 9.
1565703	ID:9	CSMA ContikiMAC, channel check rate 8 Hz, radio channel 26
1573499	ID:9	Tentative link-local IPv6 address fe80:0000:0000:0000:c30c:0000:0000:0009
1575357	ID:9	Starting 'Sensor process'
1576775	ID:9	Starting UDP server
1578721	ID:9	Listen port: 3000, TTL=64
1601339	ID:0	Rime started with address 193.12.0.0.0.0.0.0
1608147	ID:0	MAC c1:0c:00:00:00:00:00:00 Contiki 3.0 started. Node id not set
1613158	ID:0	CSMA ContikiMAC, channel check rate 8 Hz, radio channel 26
1620952	ID:0	Tentative link-local IPv6 address fe80:0000:0000:0000:c30c:0000:0000:0000
1623095	ID:0	Starting 'UDP server process'
1624442	ID:0	UDP server started
1629891	ID:0	Server IPv6 addresses:  0000:0000:0000:0000:0000:0000:0000:0000 
1633698	ID:0	 aaaa:0000:0000:0000:c30c:0000:0000:0000 
1637516	ID:0	 fe80:0000:0000:0000:c30c:0000:0000:0000 
1644254	ID:0	Created a new RPL dag with ID:  aaaa:0000:0000:0000:c30c:0000:0000:0000 
1655927	ID:4	Rime started with address 193.12.0.0.0.0.0.4
1663118	ID:4	MAC c1:0c:00:00:00:00:00:04 Contiki 3.0 started. Node id is set to 4.
1668134	ID:4	CSMA ContikiMAC, channel check rate 8 Hz, radio channel 26
1675930	ID:4	Tentative link-local IPv6 address fe80:0000:0000:0000:c30c:0000:0000:0004
1677788	ID:4	Starting 'Sensor process'
1679206	ID:4	Starting UDP server
1681152	ID:4	Listen port: 3000, TTL=64
1785973	ID:6	Rime started with address 193.12.0.0.0.0.0.6
1793164	ID:6	MAC c1:0c:00:00:00:00:00:06 Contiki 3.0 started. Node id is set to 6.
1798180	ID:6	CSMA ContikiMAC, channel check rate 8 Hz, radio channel 26
1805976	ID:6	Tentative link-local IPv6 address fe80:0000:0000:0000:c30c:0000:0000:0006
1807834	ID:6	Starting 'Sensor process'
1809252	ID:6	Starting UDP server
1811198	ID:6	Listen port: 3000, TTL=64
1821606	ID:2	Rime started with address 193.12.0.0.0.0.0.2
1828797	ID:2	MAC c1:0c:00:00:00:00:00:02 Contiki 3.0 started. Node id is set to 2.
1833813	ID:2	CSMA ContikiMAC, channel check rate 8 Hz, radio channel 26
1841609	ID:2	Tentative link-local IPv6 address fe80:0000:0000:0000:c30c:0000:0000:0002
1843467	ID:2	Starting 'Sensor process'
1844885	ID:2	Starting UDP server
1846831	ID:2	Listen port: 3000, TTL=64
1859025	ID:3	Rime started with address 193.12.0.0.0.0.0.3
1866216	ID:3	MAC c1:0c:00:00:00:00:00:03 Contiki 3.0 started. Node id is set to 3.
1871232	ID:3	CSMA ContikiMAC, channel check rate 8 Hz, radio channel 26
1879028	ID:3	Tentative link-local IPv6 address fe80:0000:0000:0000:c30c:0000:0000:0003
1880886	ID:3	Starting 'Sensor process'
1882304	ID:3	Starting UDP server
1884250	ID:3	Listen port: 3000, TTL=64
5553955	ID:10	#L 0 1
5605905	ID:9	#L 0 1
6641924	ID:0	Server IPv6 addresses:  0000:0000:0000:0000:0000:0000:0000:0000 
6645767	ID:0	 aaaa:0000:0000:0000:c30c:0000:0000:0000 
6649573	ID:0	 fe80:0000:0000:0000:c30c:0000:0000:0000 
6652187	ID:0	Server listening on UDP port 3000
9620823	ID:0	Created a server connection with remote address  0000:0000:0000:0000:0000:0000:0000:0000 RPL: Received a DAO from fe80::c30c:0:0:a
9638191	ID:0	#L 10 1;blue
9763573	ID:0	#L 9 1;blue
12677465	ID:10	#L 0 1
12699515	ID:5	#L 0 1
12725217	ID:9	#L 0 1
12764802	ID:1	#L 0 1
15637943	ID:0	#L 1 1;blue
15762328	ID:0	#L 5 1;blue
16269335	ID:11	#L 5 1
16269389	ID:13	#L 5 1
16347347	ID:7	#L 5 1
16600320	ID:7	#L 5 0
16600891	ID:7	#L 1 1
16608665	ID:7	#L 1 1
16647493	ID:13	#L 5 0
16648064	ID:13	#L 1 1
16655834	ID:13	#L 1 1
16684099	ID:10	#L 0 0
16684670	ID:10	#L 1 1
16692893	ID:10	#L 1 1
17898513	ID:8	#L 9 1
18812845	ID:5	#L 11 1;blue
18884148	ID:0	#L 5 1;blue
19628747	ID:1	#L 7 1;blue
19753921	ID:1	#L 13 1;blue
20464244	ID:9	#L 8 1;blue
20508147	ID:0	#L 9 1;blue
20753815	ID:1	#L 10 1;blue
21007400	ID:0	#L 1 1;blue
21259323	ID:0	#L 1 1;blue
21845297	ID:7	#L 1 1
21893609	ID:13	#L 1 1
21929118	ID:10	#L 1 1
22009039	ID:0	#L 1 1;blue
24390752	ID:11	#L 5 1
27584881	ID:6	#L 11 1
28197073	ID:5	#L 0 1
28225195	ID:9	#L 0 1
28265252	ID:1	#L 0 1
28450542	ID:14	#L 13 1
28520302	ID:8	#L 9 1
30131016	ID:11	#L 6 1;blue
31257780	ID:13	#L 14 1;blue
31372577	ID:1	#L 13 1;blue
32381989	ID:0	#L 1 1;blue
34298828	ID:14	#L 13 0
34907887	ID:3	#L 5 1
35113080	ID:8	#L 9 0
35113977	ID:8	#L 10 1
35291430	ID:14	#L 13 1
37814695	ID:12	#L 8 1
38457593	ID:14	#L 13 0
38458277	ID:14	#L 11 1
38466456	ID:14	#L 11 1
38620183	ID:2	#L 3 1
39164188	ID:10	#L 8 1;blue
40384940	ID:8	#L 12 1;blue
40539768	ID:10	#L 8 1;blue
40688239	ID:5	#L 3 1;blue
41125628	ID:11	#L 14 1;blue
41146384	ID:3	#L 2 1;blue
41808890	ID:5	#L 3 1;blue
42395392	ID:8	#L 10 1
43008329	ID:0	#L 5 1;blue
43259537	ID:0	#L 5 1;blue
43896688	ID:10	#L 1 0
43897268	ID:10	#L 0 1
44502363	ID:2	#L 3 0
44502934	ID:2	#L 7 1
44511193	ID:2	#L 7 1
44647222	ID:11	#L 5 0
44647914	ID:11	#L 13 1
44656258	ID:11	#L 13 1
46961413	ID:7	#L 2 1;blue
47311056	ID:12	#L 8 1
47397882	ID:8	#L 10 1
48443110	ID:7	#L 1 0
48443685	ID:7	#L 0 1
48824153	ID:14	#L 11 1
49128531	ID:13	#L 11 1;blue
49246629	ID:1	#L 13 1;blue
49384718	ID:0	#L 1 1;blue
49963873	ID:10	#L 0 0
49964452	ID:10	#L 5 1
51511145	ID:0	#L 7 1;blue
51869732	ID:2	#L 7 1
52629168	ID:13	#L 11 1;blue
53575811	ID:14	#L 11 1
53644278	ID:8	#L 10 1
53896790	ID:10	#L 5 0
53897370	ID:10	#L 1 1
57869017	ID:2	#L 7 1
58769649	ID:8	#L 10 0
58770225	ID:8	#L 9 1
60449460	ID:5	#L 0 1
60537674	ID:3	#L 5 0
60538249	ID:3	#L 0 1
60546510	ID:3	#L 0 1
61027081	ID:10	#L 1 0
61027660	ID:10	#L 0 1
64619381	ID:2	#L 7 0
64619952	ID:2	#L 0 1
67017705	ID:0	#L 3 1;blue
68010260	ID:0	#L 2 1;blue
69958451	ID:6	#L 11 0
69959022	ID:6	#L 2 1
72069371	ID:12	#L 8 0
72069943	ID:12	#L 5 1
72078198	ID:12	#L 5 1
72393004	ID:11	#L 13 0
72393584	ID:11	#L 2 1
75106259	ID:2	#L 6 1;blue
75259535	ID:0	#L 2 1;blue
75334524	ID:6	#L 2 0
75335096	ID:6	#L 1 1
75397514	ID:11	#L 2 1
75857130	ID:2	#L 11 1;blue
76010544	ID:0	#L 2 1;blue
76184746	ID:5	#L 12 1;blue
80802440	ID:6	#L 1 0
80803011	ID:6	#L 2 1
83204789	ID:4	#L 3 1
83944241	ID:10	#L 0 0
83944933	ID:10	#L 11 1
83953277	ID:10	#L 11 1
83960384	ID:6	#L 2 0
83961067	ID:6	#L 11 1
83969930	ID:6	#L 11 1
86273009	ID:3	#L 4 1;blue
87569964	ID:10	#L 11 0
87570544	ID:10	#L 2 1
87579715	ID:10	#L 2 1
87646936	ID:11	#L 2 1
87875121	ID:3	#L 0 0
87875701	ID:3	#L 5 1
88109331	ID:2	#L 10 1;blue
91326398	ID:4	#L 3 1
92520245	ID:8	#L 9 0
92520933	ID:8	#L 10 1
92529314	ID:8	#L 10 1
94875976	ID:3	#L 5 0
94876556	ID:3	#L 7 1
95856048	ID:2	#L 10 1;blue
96957872	ID:3	#L 7 0
96958452	ID:3	#L 2 1
98356165	ID:2	#L 3 1;blue
98952288	ID:4	#L 3 1
100838314	ID:2	#L 0 0
100838905	ID:2	#L 7 1
103353007	ID:2	#L 3 1;blue
103575061	ID:14	#L 11 0
103575633	ID:14	#L 3 1
103577605	ID:4	#L 3 1
103584119	ID:14	#L 3 1
105396666	ID:8	#L 10 1
105937553	ID:5	#L 0 0
105938136	ID:5	#L 1 1
106399267	ID:3	#L 14 1;blue
107837100	ID:2	#L 7 0
107837696	ID:2	#L 3 1
109438229	ID:12	#L 5 1
109917166	ID:5	#L 1 0
109917749	ID:5	#L 7 1
111534041	ID:3	#L 2 0
111534733	ID:3	#L 10 1
112145617	ID:13	#L 1 0
112146235	ID:13	#L 5 1
112171604	ID:3	#L 10 0
112172184	ID:3	#L 1 1
112181244	ID:3	#L 1 1
114202937	ID:7	#L 5 1;blue
114259906	ID:0	#L 7 1;blue
114453694	ID:7	#L 5 1;blue
114577170	ID:14	#L 3 0
114577742	ID:14	#L 1 1
114579012	ID:4	#L 3 0
114579584	ID:4	#L 1 1
114838287	ID:2	#L 3 0
114838883	ID:2	#L 1 1
114919342	ID:5	#L 7 0
114920076	ID:5	#L 10 1
116509773	ID:0	#L 7 1;blue
116877453	ID:3	#L 1 0
116878032	ID:3	#L 0 1
118436864	ID:12	#L 5 0
118437435	ID:12	#L 7 1
120543331	ID:15	Starting UDP server (malicious)
120545671	ID:15	Malicious sensor IPv6 addresses:
120547500	ID:15	  fe80::c30c:0:0:f
120550822	ID:15	Malicious sensor listening on UDP port 3000
120587948	ID:15	#L 9 1
120838642	ID:2	#L 1 0
120839349	ID:2	#L 11 1
121377399	ID:1	#L 4 1;blue
121922757	ID:5	#L 10 0
121923340	ID:5	#L 0 1
122408801	ID:14	#L 1 0
122409372	ID:14	#L 3 1
123397750	ID:15	#L 9 0
123398321	ID:15	#L 7 1
123406362	ID:15	#L 7 1
123471885	ID:7	#L 0 1
127532576	ID:12	#L 7 0
127533148	ID:12	#L 5 1
128838881	ID:2	#L 11 0
128839477	ID:2	#L 0 1
130758488	ID:0	#L 5 1;blue
132312331	ID:12	#L 5 1
132410312	ID:3	#L 0 1
132410844	ID:8	#L 10 0
132411419	ID:8	#L 0 1
132419628	ID:8	#L 0 1
132450780	ID:5	#L 0 1
132472365	ID:7	#L 0 1
132511230	ID:15	#L 7 0
132511801	ID:15	#L 0 1
132520726	ID:15	#L 0 1
135063240	ID:12	#L 5 1
135195857	ID:12	#L 5 0
135196541	ID:12	#L 15 1
135204759	ID:12	#L 15 1
135223594	ID:6	#L 11 0
135224278	ID:6	#L 15 1
135232310	ID:6	#L 15 1
135885933	ID:0	#L 5 1;blue
136451013	ID:5	#L 0 1
136470734	ID:7	#L 0 1
138984476	ID:15	#L 12 1;blue
140117745	ID:8	#L 0 0
140118320	ID:8	#L 7 1
140343641	ID:15	#L 0 0
140344216	ID:15	#L 7 1
145081403	ID:7	#L 8 1;blue
145134860	ID:0	#L 7 1;blue
145376665	ID:15	#L 7 0
145377279	ID:15	#L 5 1
145385764	ID:15	#L 5 1
147806560	ID:6	#L 15 0
147807244	ID:6	#L 13 1
152135654	ID:2	#L 0 0
152136245	ID:2	#L 8 1
152144925	ID:2	#L 8 1
153254706	ID:15	#L 5 0
153255281	ID:15	#L 9 1
154200591	ID:5	#L 0 1
154224217	ID:7	#L 0 1
154230977	ID:9	#L 0 1
154289038	ID:3	#L 0 1
155516684	ID:8	#L 2 1;blue
158806184	ID:6	#L 13 0
158806756	ID:6	#L 5 1
160344884	ID:15	#L 9 0
160345460	ID:15	#L 8 1
167450979	ID:5	#L 0 1
167462813	ID:4	#L 1 0
167463384	ID:4	#L 0 1
167471828	ID:4	#L 0 1
167481334	ID:9	#L 0 1
167536729	ID:11	#L 2 0
167537304	ID:11	#L 0 1
167547093	ID:11	#L 0 1
167805502	ID:6	#L 5 0
167806186	ID:6	#L 11 1
169353089	ID:15	#L 8 0
169353786	ID:15	#L 12 1
170644451	ID:0	#L 11 1;blue
172964852	ID:5	#L 0 0
172965548	ID:5	#L 15 1
173672630	ID:4	#L 0 0
173673201	ID:4	#L 8 1
174104664	ID:9	#L 0 1
174151706	ID:11	#L 0 1
175330913	ID:4	#L 8 0
175331485	ID:4	#L 1 1
175462860	ID:14	#L 3 0
175463432	ID:14	#L 9 1
175472112	ID:14	#L 9 1
175487237	ID:1	#L 0 0
175487828	ID:1	#L 5 1
176805924	ID:6	#L 11 0
176806495	ID:6	#L 8 1
180206522	ID:5	#L 15 0
180207218	ID:5	#L 11 1
180339421	ID:9	#L 14 1;blue
181487583	ID:1	#L 5 0
181488174	ID:1	#L 7 1
181981349	ID:9	#L 0 1
184807757	ID:6	#L 8 0
184808328	ID:6	#L 2 1
186340213	ID:14	#L 9 0
186340784	ID:14	#L 0 1
186350103	ID:14	#L 0 1
187919288	ID:5	#L 11 0
187919909	ID:5	#L 0 1
188486846	ID:1	#L 7 0
188487437	ID:1	#L 8 1
189515378	ID:15	#L 12 0
189516066	ID:15	#L 11 1
189525948	ID:15	#L 11 1
190575106	ID:9	#L 0 0
190575794	ID:9	#L 10 1
190955757	ID:4	#L 1 0
190956441	ID:4	#L 11 1
191652758	ID:11	#L 0 1
191896123	ID:0	#L 14 1;blue
195015871	ID:11	#L 4 1;blue
195382382	ID:11	#L 15 1;blue
196215270	ID:6	#L 2 0
196215953	ID:6	#L 14 1
196224777	ID:6	#L 14 1
196231319	ID:9	#L 10 0
196232006	ID:9	#L 14 1
196240826	ID:9	#L 14 1
196402972	ID:11	#L 0 1
196410712	ID:13	#L 5 0
196411291	ID:13	#L 0 1
196419243	ID:13	#L 0 1
196452807	ID:14	#L 0 1
196480380	ID:6	#L 14 0
196480951	ID:6	#L 0 1
196488976	ID:6	#L 0 1
197709237	ID:4	#L 11 1
197919595	ID:5	#L 0 0
197920175	ID:5	#L 7 1
198487904	ID:1	#L 8 0
198488495	ID:1	#L 3 1
198505726	ID:15	#L 11 0
198506302	ID:15	#L 6 1
198518861	ID:15	#L 6 1
199641830	ID:0	#L 13 1;blue
200389345	ID:0	#L 6 1;blue
200935730	ID:14	#L 9 1;blue
201014211	ID:0	#L 14 1;blue
203322618	ID:6	#L 15 1;blue
203502195	ID:1	#L 3 0
203502898	ID:1	#L 11 1
205359606	ID:9	#L 14 1
206274781	ID:13	#L 0 1
206276863	ID:11	#L 0 1
206532018	ID:8	#L 7 0
206532723	ID:8	#L 13 1
206542436	ID:8	#L 13 1
207889932	ID:0	#L 11 1;blue
208411065	ID:0	#L 11 1;blue
208487761	ID:1	#L 11 0
208488351	ID:1	#L 0 1
209656748	ID:8	#L 13 1
212005473	ID:13	#L 8 1;blue
212080317	ID:14	#L 0 1
212092412	ID:6	#L 0 1
212150660	ID:13	#L 0 1
213045174	ID:3	#L 0 0
213045857	ID:3	#L 14 1
213054558	ID:3	#L 14 1
213076535	ID:10	#L 2 0
213077227	ID:10	#L 14 1
213086907	ID:10	#L 14 1
214471991	ID:4	#L 11 0
214472600	ID:4	#L 6 1
214482774	ID:4	#L 6 1
214520617	ID:11	#L 0 0
214521201	ID:11	#L 6 1
214522602	ID:1	#L 0 0
214523193	ID:1	#L 6 1
214531392	ID:1	#L 6 1
214531727	ID:11	#L 6 1
214586891	ID:4	#L 6 1
214631037	ID:15	#L 6 1
214906302	ID:8	#L 13 1
215037849	ID:3	#L 14 1
216562139	ID:14	#L 3 1;blue
218406998	ID:8	#L 13 1
218509653	ID:2	#L 8 0
218510356	ID:2	#L 13 1
218520432	ID:2	#L 13 1
219771098	ID:4	#L 6 0
219771781	ID:4	#L 13 1
223489158	ID:1	#L 6 0
223489862	ID:1	#L 13 1
224121017	ID:8	#L 13 0
224121709	ID:8	#L 11 1
225905568	ID:10	#L 14 0
225906148	ID:10	#L 2 1
227756725	ID:13	#L 2 1;blue
228492805	ID:13	#L 0 0
228493393	ID:13	#L 6 1
228544336	ID:13	#L 6 1
229146919	ID:1	#L 13 0
229147510	ID:1	#L 9 1
229290848	ID:3	#L 14 1
230989097	ID:11	#L 6 0
230989793	ID:11	#L 14 1
232123210	ID:8	#L 11 0
232123790	ID:8	#L 7 1
232319564	ID:6	#L 13 1;blue
232493663	ID:13	#L 6 0
232494362	ID:13	#L 14 1
233713259	ID:9	#L 1 1;blue
237992334	ID:11	#L 14 0
237992917	ID:11	#L 0 1
238416727	ID:3	#L 14 1
239498532	ID:13	#L 14 0
239499119	ID:13	#L 0 1
242390680	ID:14	#L 0 0
242391260	ID:14	#L 6 1
247319110	ID:6	#L 14 1;blue
247386990	ID:0	#L 6 1;blue
247775606	ID:1	#L 9 1
267258024	ID:15	#L 6 1
271211068	ID:14	#L 6 1
271259205	ID:15	#L 6 1
275990582	ID:11	#L 0 0
275991274	ID:11	#L 13 1
276006338	ID:15	#L 6 1
279257065	ID:15	#L 6 1
279527454	ID:8	#L 7 0
279528142	ID:8	#L 10 1
284259049	ID:15	#L 6 0
284259737	ID:15	#L 13 1
287038774	ID:3	#L 14 1
291349538	ID:15	#L 13 0
291350114	ID:15	#L 6 1
291398531	ID:1	#L 9 0
291399118	ID:1	#L 0 1
292288072	ID:3	#L 14 1
294299964	ID:14	#L 6 0
294300544	ID:14	#L 0 1
297040061	ID:3	#L 14 1
304301332	ID:14	#L 0 0
304301912	ID:14	#L 9 1
307415076	ID:3	#L 14 1
316166347	ID:3	#L 14 0
316167031	ID:3	#L 12 1
316463500	ID:14	#L 9 0
316464079	ID:14	#L 6 1
317397876	ID:11	#L 13 0
317398455	ID:11	#L 1 1
325028025	ID:13	#L 0 1
325092550	ID:6	#L 0 1
325989790	ID:11	#L 1 0
325990370	ID:11	#L 6 1
327883431	ID:3	#L 12 0
327884002	ID:3	#L 4 1
329943379	ID:6	#L 11 1;blue
330263492	ID:0	#L 6 1;blue
334063185	ID:4	#L 3 1;blue
335023043	ID:11	#L 6 0
335023623	ID:11	#L 0 1
340014497	ID:0	#L 11 1;blue
347002119	ID:2	#L 13 0
347002710	ID:2	#L 8 1
352845601	ID:2	#L 8 0
352846193	ID:2	#L 9 1
354402435	ID:11	#L 0 1
354403003	ID:13	#L 0 1
357402578	ID:11	#L 0 1
357843574	ID:2	#L 9 0
357844277	ID:2	#L 15 1
361777104	ID:11	#L 0 1
364846258	ID:2	#L 15 0
364846849	ID:2	#L 7 1
373652517	ID:11	#L 0 1
377300002	ID:14	#L 6 0
377300577	ID:14	#L 0 1
391210586	ID:4	#L 13 0
391211161	ID:4	#L 5 1
394273958	ID:11	#L 0 1
399151891	ID:11	#L 0 1
399152339	ID:13	#L 0 1
399851995	ID:4	#L 5 0
399852570	ID:4	#L 3 1
406678898	ID:4	#L 3 0
406679586	ID:4	#L 11 1
413679804	ID:4	#L 11 0
413680491	ID:4	#L 12 1
421682069	ID:4	#L 12 0
421682756	ID:4	#L 10 1
423827737	ID:10	#L 2 0
423828317	ID:10	#L 7 1
423838208	ID:10	#L 7 1
427681306	ID:4	#L 10 0
427681881	ID:4	#L 8 1
427711075	ID:7	#L 10 1;blue
428519664	ID:1	#L 0 1
434148737	ID:1	#L 0 0
434149437	ID:1	#L 10 1
434157771	ID:1	#L 10 1
434678512	ID:4	#L 8 0
434679199	ID:4	#L 11 1
436664568	ID:10	#L 1 1;blue
441678157	ID:4	#L 11 0
441678732	ID:4	#L 1 1
444523766	ID:1	#L 10 1
446676721	ID:4	#L 1 0
446677296	ID:4	#L 3 1
454602675	ID:7	#L 0 1
454680325	ID:4	#L 3 0
454681012	ID:4	#L 15 1
460796988	ID:4	#L 15 0
460797675	ID:4	#L 11 1
465129891	ID:11	#L 4 1;blue
481396197	ID:1	#L 10 1
485210400	ID:7	#L 10 1;blue
518654159	ID:11	#L 0 1
518719111	ID:6	#L 0 1
523218614	ID:6	#L 0 1
523275029	ID:11	#L 0 1
527971472	ID:6	#L 0 1
528027351	ID:11	#L 0 1
532026636	ID:11	#L 0 1
532095500	ID:6	#L 0 1
534148920	ID:1	#L 10 1
537029020	ID:11	#L 0 1
537094636	ID:6	#L 0 1
543489340	ID:1	#L 10 0
543489928	ID:1	#L 2 1
544403697	ID:11	#L 0 1
549019647	ID:1	#L 2 0
549020234	ID:1	#L 0 1
549028436	ID:11	#L 0 1
549028981	ID:13	#L 0 1
549029923	ID:1	#L 0 1
554144033	ID:1	#L 0 1
554153164	ID:13	#L 0 1
554153485	ID:11	#L 0 1
558086437	ID:12	#L 15 0
558087008	ID:12	#L 0 1
558096118	ID:12	#L 0 1
562200548	ID:12	#L 0 1
562276709	ID:11	#L 0 1
562280649	ID:13	#L 0 1
564142369	ID:0	#L 12 1;blue
566271793	ID:1	#L 0 1
566276587	ID:11	#L 0 1
566280530	ID:13	#L 0 1
566326047	ID:12	#L 0 1
568088266	ID:4	#L 11 1
571008712	ID:15	#L 6 0
571009400	ID:15	#L 12 1
571019077	ID:15	#L 12 1
573144656	ID:1	#L 0 1
573153734	ID:13	#L 0 1
573154113	ID:11	#L 0 1
574175129	ID:12	#L 15 1;blue
575391924	ID:0	#L 12 1;blue
576462490	ID:4	#L 11 1
576770691	ID:1	#L 0 1
576775994	ID:11	#L 0 1
576779800	ID:13	#L 0 1
576825907	ID:12	#L 0 1
580268548	ID:1	#L 0 1
580277512	ID:13	#L 0 1
580322748	ID:12	#L 0 1
588131983	ID:2	#L 7 0
588132686	ID:2	#L 12 1
588133235	ID:15	#L 12 1
588141282	ID:2	#L 12 1
589350930	ID:7	#L 0 1
589394027	ID:1	#L 0 1
589403132	ID:13	#L 0 1
592052572	ID:12	#L 2 1;blue
593344707	ID:6	#L 0 1
593351286	ID:7	#L 0 1
593394750	ID:1	#L 0 1
593403996	ID:13	#L 0 1
604278947	ID:8	#L 10 0
604279523	ID:8	#L 7 1
611123234	ID:8	#L 7 0
611123810	ID:8	#L 1 1
613403985	ID:13	#L 0 1
615004944	ID:1	#L 8 1;blue
617204090	ID:5	#L 7 0
617204669	ID:5	#L 0 1
617975566	ID:7	#L 0 1
618028435	ID:13	#L 0 1
618080631	ID:5	#L 0 1
618082405	ID:14	#L 0 1
622385176	ID:0	#L 5 1;blue
632326274	ID:12	#L 0 1
632328497	ID:5	#L 0 1
636326804	ID:12	#L 0 1
637899362	ID:1	#L 0 0
639564702	ID:10	#L 7 0
639565436	ID:10	#L 12 1
639576740	ID:10	#L 12 1
639826197	ID:12	#L 0 1
639828845	ID:5	#L 0 1
643148926	ID:8	#L 1 0
644173395	ID:12	#L 10 1;blue
644648498	ID:1	#L 9 1
645766491	ID:0	#L 12 1;blue
647415603	ID:1	#L 9 0
647416306	ID:1	#L 15 1
647426757	ID:1	#L 15 1
650077269	ID:12	#L 0 1
650102114	ID:7	#L 0 1
652731656	ID:7	#L 0 0
654202483	ID:12	#L 0 1
654233175	ID:7	#L 0 1
654234143	ID:7	#L 0 1
654422658	ID:15	#L 12 0
654423234	ID:15	#L 2 1
657403781	ID:8	#L 10 1
661352337	ID:15	#L 2 0
661353025	ID:15	#L 12 1
661505550	ID:15	#L 12 1
662122239	ID:8	#L 10 0
662122815	ID:8	#L 1 1
665116405	ID:15	#L 1 1;blue
665283684	ID:8	#L 1 1
665421467	ID:15	#L 12 1
665924405	ID:12	#L 15 1;blue
669258889	ID:15	#L 12 1
674132043	ID:15	#L 12 1
678229897	ID:4	#L 11 0
678230472	ID:4	#L 7 1
678240353	ID:4	#L 7 1
678508100	ID:15	#L 12 1
683086585	ID:7	#L 4 1;blue
683412292	ID:15	#L 12 1
683466202	ID:4	#L 7 1
685283440	ID:8	#L 1 1
688351978	ID:15	#L 12 0
688352558	ID:15	#L 2 1
688590987	ID:4	#L 7 1
693528695	ID:8	#L 1 0
693529383	ID:8	#L 10 1
693540607	ID:8	#L 10 1
697613138	ID:9	#L 14 0
697613714	ID:9	#L 2 1
697665370	ID:10	#L 8 1;blue
701655171	ID:13	#L 0 1
703929532	ID:3	#L 4 0
703930215	ID:3	#L 13 1
704575909	ID:9	#L 2 0
704576484	ID:9	#L 0 1
706496674	ID:13	#L 0 0
706497366	ID:13	#L 12 1
711882275	ID:3	#L 13 0
711882846	ID:3	#L 0 1
728027627	ID:11	#L 0 1
728075565	ID:12	#L 0 1
728078907	ID:5	#L 0 1
732077350	ID:12	#L 0 1
732079365	ID:5	#L 0 1
732154129	ID:11	#L 0 1
734923974	ID:9	#L 0 0
735582927	ID:9	#L 6 1
736328303	ID:12	#L 0 1
736330300	ID:5	#L 0 1
740292842	ID:3	#L 0 0
740577664	ID:9	#L 6 0
740578352	ID:9	#L 14 1
742383154	ID:2	#L 12 1
743259322	ID:15	#L 2 0
743260036	ID:15	#L 11 1
744076671	ID:12	#L 0 1
744078779	ID:5	#L 0 1
746078101	ID:12	#L 0 1
746080227	ID:5	#L 0 1
746379050	ID:2	#L 12 1
749350413	ID:15	#L 11 0
749350993	ID:15	#L 6 1
750950340	ID:12	#L 0 1
750953689	ID:5	#L 0 1
751129695	ID:2	#L 12 1
751389150	ID:0	#L 12 1;blue
755950629	ID:12	#L 0 1
756029156	ID:1	#L 15 0
756029743	ID:1	#L 0 1
756040731	ID:1	#L 0 1
756047141	ID:3	#L 0 1
756048259	ID:3	#L 0 1
757004997	ID:2	#L 12 1
758135056	ID:15	#L 6 0
758135748	ID:15	#L 12 1
761629028	ID:15	#L 12 1
761629281	ID:2	#L 12 1
762522421	ID:1	#L 0 1
762540355	ID:3	#L 0 1
762576356	ID:12	#L 0 1
765126625	ID:2	#L 12 1
779256488	ID:2	#L 12 1
779257234	ID:15	#L 12 1
781905478	ID:10	#L 12 0
781906062	ID:10	#L 2 1
783127784	ID:2	#L 12 1
783128583	ID:15	#L 12 1
784702427	ID:12	#L 0 1
784705489	ID:5	#L 0 1
787904227	ID:10	#L 2 0
787904923	ID:10	#L 13 1
788255518	ID:2	#L 12 1
788260244	ID:15	#L 12 1
791164171	ID:3	#L 0 1
792004476	ID:2	#L 12 1
793903163	ID:10	#L 13 0
793903746	ID:10	#L 0 1
795452643	ID:12	#L 0 1
795455478	ID:5	#L 0 1
795525803	ID:11	#L 0 1
797128290	ID:2	#L 12 1
800275470	ID:11	#L 0 1
805811028	ID:10	#L 0 1
805826834	ID:12	#L 0 1
805829982	ID:5	#L 0 1
805845024	ID:6	#L 0 1
805904305	ID:11	#L 0 1
809185811	ID:10	#L 0 1
809201256	ID:12	#L 0 1
809204071	ID:5	#L 0 1
809226744	ID:7	#L 0 1
809278655	ID:11	#L 0 1
810635126	ID:14	#L 0 0
815325154	ID:12	#L 0 1
815327759	ID:5	#L 0 1
815345454	ID:6	#L 0 1
815353916	ID:7	#L 0 1
820210954	ID:14	#L 11 1
820516099	ID:15	#L 12 0
820516679	ID:15	#L 6 1
820526089	ID:15	#L 6 1
821175034	ID:6	#L 0 0
821319700	ID:7	#L 0 0
821320296	ID:7	#L 1 1
822352789	ID:6	#L 0 1
822353923	ID:6	#L 0 1
827198770	ID:12	#L 0 1
829404804	ID:13	#L 12 0
829405384	ID:13	#L 0 1
831578762	ID:5	#L 0 1
831583089	ID:12	#L 0 1
836449603	ID:12	#L 0 1
836472090	ID:6	#L 0 1
840405043	ID:13	#L 0 1
840449095	ID:12	#L 0 1
840467064	ID:6	#L 0 1
842404075	ID:7	#L 1 0
842404670	ID:7	#L 0 1
846152977	ID:13	#L 0 1
847738618	ID:14	#L 11 0
852734857	ID:7	#L 0 0
852735452	ID:7	#L 1 1
852744240	ID:7	#L 1 1
854405021	ID:13	#L 0 1
854449014	ID:12	#L 0 1
854489836	ID:9	#L 14 0
854490411	ID:9	#L 0 1
854499687	ID:9	#L 0 1
858155529	ID:13	#L 0 1
858200153	ID:12	#L 0 1
863559359	ID:10	#L 0 1
863575355	ID:12	#L 0 1
863653048	ID:13	#L 0 1
864449842	ID:12	#L 0 0
864450430	ID:12	#L 9 1
864461014	ID:12	#L 9 1
864478943	ID:7	#L 1 1
864512042	ID:15	#L 6 0
864512622	ID:15	#L 9 1
864523245	ID:15	#L 9 1
864526905	ID:8	#L 10 0
864527481	ID:8	#L 9 1
864535624	ID:8	#L 9 1
867708924	ID:9	#L 8 1;blue
867757132	ID:0	#L 9 1;blue
868269304	ID:0	#L 10 1;blue
868968154	ID:9	#L 12 1;blue
869202134	ID:10	#L 0 0
869202830	ID:10	#L 15 1
869210894	ID:10	#L 15 1
869635102	ID:0	#L 9 1;blue
870027412	ID:8	#L 9 1
870213935	ID:9	#L 15 1;blue
870258901	ID:0	#L 9 1;blue
870858691	ID:9	#L 0 1
871070989	ID:10	#L 15 0
871071685	ID:10	#L 12 1
871082577	ID:10	#L 12 1
872762380	ID:15	#L 9 1
874082899	ID:14	#L 4 1
875259555	ID:0	#L 9 1;blue
875311444	ID:10	#L 12 1
875717759	ID:9	#L 12 1;blue
880135316	ID:15	#L 9 0
880135896	ID:15	#L 6 1
880147156	ID:15	#L 6 1
881105238	ID:9	#L 0 1
885322448	ID:6	#L 15 1;blue
886129785	ID:2	#L 12 1
886512142	ID:0	#L 6 1;blue
889632450	ID:15	#L 6 1
892503681	ID:8	#L 9 0
893126844	ID:8	#L 10 1
893298350	ID:14	#L 4 0
893298925	ID:14	#L 3 1
894258174	ID:15	#L 6 1
899457752	ID:14	#L 3 0
899458223	ID:5	#L 0 0
899458327	ID:14	#L 9 1
899458826	ID:5	#L 9 1
899466983	ID:14	#L 9 1
899467101	ID:5	#L 9 1
