Generated Packets 1 | ReceivedPackets 1
TL = 148611 |  AE2ED = 0.148611 |  PDR = 1
Generated Packets 4 | ReceivedPackets 2
TL = 1597494 |  AE2ED = 0.798747 |  PDR = 0.5
Generated Packets 5 | ReceivedPackets 3
TL = 1641451 |  AE2ED = 0.5471503333333334 |  PDR = 0.6
Generated Packets 6 | ReceivedPackets 4
TL = 1713757 |  AE2ED = 0.42843925 |  PDR = 0.6666666666666666
Generated Packets 6 | ReceivedPackets 5
TL = 5781193 |  AE2ED = 1.1562386 |  PDR = 0.8333333333333334
Generated Packets 6 | ReceivedPackets 6
TL = 8723769 |  AE2ED = 1.4539615 |  PDR = 1
Generated Packets 7 | ReceivedPackets 7
TL = 8796904 |  AE2ED = 1.2567005714285713 |  PDR = 1
Generated Packets 8 | ReceivedPackets 8
TL = 8938595 |  AE2ED = 1.117324375 |  PDR = 1
Generated Packets 9 | ReceivedPackets 9
TL = 9086282 |  AE2ED = 1.0095868888888888 |  PDR = 1
Generated Packets 10 | ReceivedPackets 10
TL = 9112605 |  AE2ED = 0.9112605 |  PDR = 1
Generated Packets 11 | ReceivedPackets 11
TL = 9211827 |  AE2ED = 0.8374388181818182 |  PDR = 1
Generated Packets 12 | ReceivedPackets 12
TL = 9301031 |  AE2ED = 0.7750859166666666 |  PDR = 1
Generated Packets 14 | ReceivedPackets 13
TL = 10551011 |  AE2ED = 0.8116162307692307 |  PDR = 0.9285714285714286
Generated Packets 14 | ReceivedPackets 14
TL = 11521800 |  AE2ED = 0.8229857142857143 |  PDR = 1
Generated Packets 17 | ReceivedPackets 15
TL = 11547002 |  AE2ED = 0.7698001333333333 |  PDR = 0.8823529411764706
Generated Packets 35 | ReceivedPackets 16
TL = 33831190 |  AE2ED = 2.114449375 |  PDR = 0.45714285714285713
Generated Packets 36 | ReceivedPackets 17
TL = 37874793 |  AE2ED = 2.227929 |  PDR = 0.4722222222222222
Generated Packets 43 | ReceivedPackets 18
TL = 47182114 |  AE2ED = 2.6212285555555557 |  PDR = 0.4186046511627907
Generated Packets 43 | ReceivedPackets 19
TL = 54465664 |  AE2ED = 2.8666138947368425 |  PDR = 0.4418604651162791
Generated Packets 44 | ReceivedPackets 20
TL = 71237121 |  AE2ED = 3.56185605 |  PDR = 0.45454545454545453
Generated Packets 44 | ReceivedPackets 21
TL = 88246320 |  AE2ED = 4.202205714285714 |  PDR = 0.4772727272727273
Generated Packets 45 | ReceivedPackets 22
TL = 112846911 |  AE2ED = 5.129405045454546 |  PDR = 0.4888888888888889
Generated Packets 45 | ReceivedPackets 23
TL = 129279279 |  AE2ED = 5.620838217391305 |  PDR = 0.5111111111111111
Generated Packets 46 | ReceivedPackets 24
TL = 129395018 |  AE2ED = 5.391459083333333 |  PDR = 0.5217391304347826
Generated Packets 48 | ReceivedPackets 25
TL = 135302314 |  AE2ED = 5.41209256 |  PDR = 0.5208333333333334
Generated Packets 53 | ReceivedPackets 26
TL = 146371186 |  AE2ED = 5.629661 |  PDR = 0.49056603773584906
Generated Packets 53 | ReceivedPackets 27
TL = 155284102 |  AE2ED = 5.751263037037037 |  PDR = 0.5094339622641509
Generated Packets 53 | ReceivedPackets 28
TL = 163795449 |  AE2ED = 5.849837464285715 |  PDR = 0.5283018867924528
Generated Packets 56 | ReceivedPackets 29
TL = 166098664 |  AE2ED = 5.727540137931035 |  PDR = 0.5178571428571429
Generated Packets 56 | ReceivedPackets 30
TL = 181762215 |  AE2ED = 6.0587405 |  PDR = 0.5357142857142857
Generated Packets 66 | ReceivedPackets 31
TL = 191996347 |  AE2ED = 6.193430548387097 |  PDR = 0.4696969696969697
Generated Packets 68 | ReceivedPackets 32
TL = 215145062 |  AE2ED = 6.7232831875 |  PDR = 0.47058823529411764
Generated Packets 74 | ReceivedPackets 33
TL = 218247171 |  AE2ED = 6.6135506363636365 |  PDR = 0.44594594594594594
Generated Packets 77 | ReceivedPackets 34
TL = 220045620 |  AE2ED = 6.47193 |  PDR = 0.44155844155844154
Generated Packets 78 | ReceivedPackets 35
TL = 223996783 |  AE2ED = 6.399908085714285 |  PDR = 0.44871794871794873
Generated Packets 83 | ReceivedPackets 36
TL = 228531574 |  AE2ED = 6.348099277777778 |  PDR = 0.43373493975903615
Generated Packets 88 | ReceivedPackets 37
TL = 244215437 |  AE2ED = 6.600417216216216 |  PDR = 0.42045454545454547
Generated Packets 88 | ReceivedPackets 38
TL = 250245468 |  AE2ED = 6.585407052631579 |  PDR = 0.4318181818181818
Generated Packets 90 | ReceivedPackets 39
TL = 257526148 |  AE2ED = 6.603234564102564 |  PDR = 0.43333333333333335
Generated Packets 95 | ReceivedPackets 40
TL = 257796582 |  AE2ED = 6.44491455 |  PDR = 0.42105263157894735
Generated Packets 98 | ReceivedPackets 41
TL = 257903724 |  AE2ED = 6.290334731707317 |  PDR = 0.41836734693877553
Generated Packets 102 | ReceivedPackets 42
TL = 277526866 |  AE2ED = 6.607782523809524 |  PDR = 0.4117647058823529
Generated Packets 106 | ReceivedPackets 43
TL = 278534020 |  AE2ED = 6.4775353488372085 |  PDR = 0.4056603773584906
Generated Packets 114 | ReceivedPackets 44
TL = 279116341 |  AE2ED = 6.343553204545454 |  PDR = 0.38596491228070173
Generated Packets 125 | ReceivedPackets 45
TL = 279183789 |  AE2ED = 6.2040842000000005 |  PDR = 0.36
Generated Packets 145 | ReceivedPackets 46
TL = 298926511 |  AE2ED = 6.498402413043478 |  PDR = 0.31724137931034485
Generated Packets 148 | ReceivedPackets 47
TL = 312924917 |  AE2ED = 6.657976957446809 |  PDR = 0.31756756756756754
Generated Packets 151 | ReceivedPackets 48
TL = 314938905 |  AE2ED = 6.5612271875 |  PDR = 0.31788079470198677
Generated Packets 157 | ReceivedPackets 49
TL = 317999478 |  AE2ED = 6.489785265306122 |  PDR = 0.31210191082802546
Generated Packets 160 | ReceivedPackets 50
TL = 321552350 |  AE2ED = 6.431047 |  PDR = 0.3125
Generated Packets 186 | ReceivedPackets 51
TL = 322584719 |  AE2ED = 6.325190568627451 |  PDR = 0.27419354838709675
Generated Packets 198 | ReceivedPackets 52
TL = 332637931 |  AE2ED = 6.396883288461538 |  PDR = 0.26262626262626265
Generated Packets 209 | ReceivedPackets 53
TL = 339288687 |  AE2ED = 6.401673339622642 |  PDR = 0.2535885167464115
Generated Packets 219 | ReceivedPackets 54
TL = 344892363 |  AE2ED = 6.386895611111111 |  PDR = 0.2465753424657534
Generated Packets 228 | ReceivedPackets 55
TL = 351906471 |  AE2ED = 6.398299472727273 |  PDR = 0.2412280701754386
Generated Packets 248 | ReceivedPackets 56
TL = 351930036 |  AE2ED = 6.2844649285714285 |  PDR = 0.22580645161290322
Generated Packets 253 | ReceivedPackets 57
TL = 356102908 |  AE2ED = 6.2474194385964905 |  PDR = 0.22529644268774704
Generated Packets 261 | ReceivedPackets 58
TL = 358989238 |  AE2ED = 6.189469620689655 |  PDR = 0.2222222222222222
Generated Packets 292 | ReceivedPackets 59
TL = 366825839 |  AE2ED = 6.217387101694915 |  PDR = 0.20205479452054795
Generated Packets 298 | ReceivedPackets 60
TL = 375767508 |  AE2ED = 6.2627918 |  PDR = 0.20134228187919462
Generated Packets 317 | ReceivedPackets 61
TL = 375791369 |  AE2ED = 6.1605142459016395 |  PDR = 0.19242902208201892
Generated Packets 328 | ReceivedPackets 62
TL = 380404870 |  AE2ED = 6.135562419354838 |  PDR = 0.18902439024390244
Generated Packets 361 | ReceivedPackets 63
TL = 382552840 |  AE2ED = 6.072267301587301 |  PDR = 0.1745152354570637
Generated Packets 409 | ReceivedPackets 64
TL = 398370775 |  AE2ED = 6.224543359375 |  PDR = 0.15647921760391198
Generated Packets 442 | ReceivedPackets 65
TL = 402025371 |  AE2ED = 6.185005707692308 |  PDR = 0.14705882352941177
Generated Packets 461 | ReceivedPackets 66
TL = 404781589 |  AE2ED = 6.133054378787879 |  PDR = 0.14316702819956617
Generated Packets 500 | ReceivedPackets 67
TL = 411560887 |  AE2ED = 6.142699805970149 |  PDR = 0.134
Generated Packets 539 | ReceivedPackets 68
TL = 416782533 |  AE2ED = 6.129154897058823 |  PDR = 0.1261595547309833
Generated Packets 556 | ReceivedPackets 69
TL = 419568818 |  AE2ED = 6.080707507246377 |  PDR = 0.12410071942446044
Generated Packets 558 | ReceivedPackets 70
TL = 419864211 |  AE2ED = 5.998060157142857 |  PDR = 0.12544802867383512
Generated Packets 591 | ReceivedPackets 71
TL = 428674696 |  AE2ED = 6.037671774647887 |  PDR = 0.12013536379018612
Generated Packets 595 | ReceivedPackets 72
TL = 428771640 |  AE2ED = 5.955161666666667 |  PDR = 0.12100840336134454
Generated Packets 608 | ReceivedPackets 73
TL = 431552831 |  AE2ED = 5.911682616438356 |  PDR = 0.12006578947368421
Generated Packets 632 | ReceivedPackets 74
TL = 438035795 |  AE2ED = 5.9194026351351345 |  PDR = 0.11708860759493671
Generated Packets 632 | ReceivedPackets 75
TL = 442917162 |  AE2ED = 5.905562160000001 |  PDR = 0.11867088607594936
Generated Packets 643 | ReceivedPackets 76
TL = 443925267 |  AE2ED = 5.841121934210527 |  PDR = 0.1181959564541213
Generated Packets 649 | ReceivedPackets 77
TL = 454174525 |  AE2ED = 5.8983704545454545 |  PDR = 0.11864406779661017
Generated Packets 658 | ReceivedPackets 78
TL = 457258953 |  AE2ED = 5.862294269230769 |  PDR = 0.11854103343465046
Generated Packets 680 | ReceivedPackets 79
TL = 459588089 |  AE2ED = 5.817570746835443 |  PDR = 0.1161764705882353
Generated Packets 687 | ReceivedPackets 80
TL = 463383486 |  AE2ED = 5.792293575 |  PDR = 0.11644832605531295
Generated Packets 695 | ReceivedPackets 81
TL = 465262056 |  AE2ED = 5.743976 |  PDR = 0.11654676258992806
Generated Packets 699 | ReceivedPackets 82
TL = 465287135 |  AE2ED = 5.674233353658536 |  PDR = 0.11731044349070101
Generated Packets 703 | ReceivedPackets 83
TL = 468036443 |  AE2ED = 5.638993289156627 |  PDR = 0.11806543385490754
Generated Packets 726 | ReceivedPackets 84
TL = 470526935 |  AE2ED = 5.601511130952381 |  PDR = 0.11570247933884298
Generated Packets 732 | ReceivedPackets 85
TL = 470728645 |  AE2ED = 5.53798405882353 |  PDR = 0.11612021857923498
Generated Packets 738 | ReceivedPackets 86
TL = 473449728 |  AE2ED = 5.505229395348838 |  PDR = 0.11653116531165311
Generated Packets 752 | ReceivedPackets 87
TL = 482632865 |  AE2ED = 5.547504195402299 |  PDR = 0.11569148936170212
Generated Packets 753 | ReceivedPackets 88
TL = 490670119 |  AE2ED = 5.575796806818182 |  PDR = 0.11686586985391766
Generated Packets 755 | ReceivedPackets 89
TL = 500020092 |  AE2ED = 5.618203280898877 |  PDR = 0.11788079470198676
Generated Packets 759 | ReceivedPackets 90
TL = 506088811 |  AE2ED = 5.623209011111111 |  PDR = 0.11857707509881422
Generated Packets 766 | ReceivedPackets 91
TL = 513204815 |  AE2ED = 5.639613351648352 |  PDR = 0.11879895561357702
Generated Packets 780 | ReceivedPackets 92
TL = 524334225 |  AE2ED = 5.699285054347826 |  PDR = 0.11794871794871795
Generated Packets 788 | ReceivedPackets 93
TL = 536614029 |  AE2ED = 5.770043322580645 |  PDR = 0.11802030456852793
Generated Packets 788 | ReceivedPackets 94
TL = 547354704 |  AE2ED = 5.8229223829787236 |  PDR = 0.11928934010152284
Generated Packets 793 | ReceivedPackets 95
TL = 547492440 |  AE2ED = 5.763078315789473 |  PDR = 0.11979823455233292
Generated Packets 794 | ReceivedPackets 96
TL = 566256607 |  AE2ED = 5.898506322916667 |  PDR = 0.12090680100755667
Generated Packets 801 | ReceivedPackets 97
TL = 569208095 |  AE2ED = 5.8681246907216496 |  PDR = 0.12109862671660425
Generated Packets 813 | ReceivedPackets 98
TL = 578486308 |  AE2ED = 5.902921510204082 |  PDR = 0.12054120541205413
Generated Packets 813 | ReceivedPackets 99
TL = 581715430 |  AE2ED = 5.875913434343434 |  PDR = 0.12177121771217712
Generated Packets 813 | ReceivedPackets 100
TL = 601869738 |  AE2ED = 6.01869738 |  PDR = 0.12300123001230012
Generated Packets 822 | ReceivedPackets 101
TL = 604274830 |  AE2ED = 5.982919108910891 |  PDR = 0.12287104622871046
Generated Packets 824 | ReceivedPackets 102
TL = 607541375 |  AE2ED = 5.956287990196078 |  PDR = 0.12378640776699029
Generated Packets 832 | ReceivedPackets 103
TL = 621146175 |  AE2ED = 6.030545388349514 |  PDR = 0.12379807692307693
Generated Packets 832 | ReceivedPackets 104
TL = 630025788 |  AE2ED = 6.057940269230769 |  PDR = 0.125
Generated Packets 835 | ReceivedPackets 105
TL = 638806024 |  AE2ED = 6.083866895238095 |  PDR = 0.12574850299401197
Generated Packets 839 | ReceivedPackets 106
TL = 641960681 |  AE2ED = 6.056232839622642 |  PDR = 0.1263408820023838
Generated Packets 844 | ReceivedPackets 107
TL = 642381116 |  AE2ED = 6.0035618317757 |  PDR = 0.12677725118483413
Generated Packets 844 | ReceivedPackets 108
TL = 643144640 |  AE2ED = 5.955042962962962 |  PDR = 0.12796208530805686
Generated Packets 846 | ReceivedPackets 109
TL = 645760282 |  AE2ED = 5.924406256880734 |  PDR = 0.1288416075650118
Generated Packets 857 | ReceivedPackets 110
TL = 660586638 |  AE2ED = 6.0053330727272725 |  PDR = 0.12835472578763127
Generated Packets 860 | ReceivedPackets 111
TL = 672819557 |  AE2ED = 6.06143745045045 |  PDR = 0.12906976744186047
Generated Packets 865 | ReceivedPackets 112
TL = 672844989 |  AE2ED = 6.007544544642857 |  PDR = 0.12947976878612716
Script timed out
Performance Calculation
Generated Packets 870 | ReceivedPackets 112
TL = 672844989 |  AE2ED = 6.007544544642857 |  PDR = 0.12873563218390804
