30242893	ID:34	RPL: Sending a DIS to fe80::c30c:0:0:6
30302250	ID:35	RPL: Sending a DIS to fe80::c30c:0:0:7
30340660	ID:32	RPL: Sending a DIS to fe80::c30c:0:0:3
30690661	ID:33	RPL: Sending a DIS to fe80::c30c:0:0:2
30882549	ID:36	RPL: Sending a DIS to fe80::c30c:0:0:8
35275807	ID:34	RPL: Received a DIO from fe80::c30c:0:0:6
35279577	ID:34	RPL: Incoming DIO (id, ver, rank) = (30,240,555)
35284091	ID:34	RPL: Incoming DIO (dag_id, pref) = (fd00::ff:fe00:1, 0)
35286317	ID:34	RPL: DIO option 4, length: 14
35292227	ID:34	RPL: DAG conf:dbl=8, min=12 red=6 maxinc=896 mininc=128 ocp=1 d_l=10 l_u=60
35294453	ID:34	RPL: DIO option 8, length: 30
35296721	ID:34	RPL: Copying prefix information
35305952	ID:34	RPL: Neighbor added to neighbor cache fe80::c30c:0:0:6, c1:0c:00:00:00:00:00:06
35672291	ID:36	RPL: Received a DIO from fe80::c30c:0:0:8
35676066	ID:36	RPL: Incoming DIO (id, ver, rank) = (30,240,591)
35680565	ID:36	RPL: Incoming DIO (dag_id, pref) = (fd00::ff:fe00:1, 0)
35682829	ID:36	RPL: DIO option 4, length: 14
35688736	ID:36	RPL: DAG conf:dbl=8, min=12 red=6 maxinc=896 mininc=128 ocp=1 d_l=10 l_u=60
35691006	ID:36	RPL: DIO option 8, length: 30
35693274	ID:36	RPL: Copying prefix information
35702742	ID:36	RPL: Neighbor added to neighbor cache fe80::c30c:0:0:8, c1:0c:00:00:00:00:00:08
36006842	ID:32	RPL: Received a DIO from fe80::c30c:0:0:3
36010611	ID:32	RPL: Incoming DIO (id, ver, rank) = (30,240,645)
36015109	ID:32	RPL: Incoming DIO (dag_id, pref) = (fd00::ff:fe00:1, 0)
36017335	ID:32	RPL: DIO option 4, length: 14
36023242	ID:32	RPL: DAG conf:dbl=8, min=12 red=6 maxinc=896 mininc=128 ocp=1 d_l=10 l_u=60
36025468	ID:32	RPL: DIO option 8, length: 30
36027737	ID:32	RPL: Copying prefix information
36037628	ID:32	RPL: Neighbor added to neighbor cache fe80::c30c:0:0:3, c1:0c:00:00:00:00:00:03
40309689	ID:34	RPL: Sending a multicast-DIO with rank 555
40709351	ID:36	RPL: Sending a multicast-DIO with rank 591
41042460	ID:32	RPL: Sending a multicast-DIO with rank 645
45309668	ID:34	RPL: Sending a multicast-DIO with rank 555
45709330	ID:36	RPL: Sending a multicast-DIO with rank 591
46042439	ID:32	RPL: Sending a multicast-DIO with rank 645
50309668	ID:34	RPL: Sending a multicast-DIO with rank 555
50709330	ID:36	RPL: Sending a multicast-DIO with rank 591
51042439	ID:32	RPL: Sending a multicast-DIO with rank 645
55309668	ID:34	RPL: Sending a multicast-DIO with rank 555
55709330	ID:36	RPL: Sending a multicast-DIO with rank 591
56042439	ID:32	RPL: Sending a multicast-DIO with rank 645
60309668	ID:34	RPL: Sending a multicast-DIO with rank 555
60709330	ID:36	RPL: Sending a multicast-DIO with rank 591
61042439	ID:32	RPL: Sending a multicast-DIO with rank 645
62084787	ID:35	RPL: Sending a DIS to fe80::c30c:0:0:7
65309668	ID:34	RPL: Sending a multicast-DIO with rank 555
65709330	ID:36	RPL: Sending a multicast-DIO with rank 591
66042439	ID:32	RPL: Sending a multicast-DIO with rank 645
67593221	ID:35	RPL: Received a DIO from fe80::c30c:0:0:7
67596990	ID:35	RPL: Incoming DIO (id, ver, rank) = (30,240,653)
67601516	ID:35	RPL: Incoming DIO (dag_id, pref) = (fd00::ff:fe00:1, 0)
67603742	ID:35	RPL: DIO option 4, length: 14
67609680	ID:35	RPL: DAG conf:dbl=8, min=12 red=6 maxinc=896 mininc=128 ocp=1 d_l=10 l_u=60
67611906	ID:35	RPL: DIO option 8, length: 30
67614175	ID:35	RPL: Copying prefix information
67625487	ID:35	RPL: Neighbor added to neighbor cache fe80::c30c:0:0:7, c1:0c:00:00:00:00:00:07
68470566	ID:33	RPL: Sending a DIS to fe80::c30c:0:0:2
70309668	ID:34	RPL: Sending a multicast-DIO with rank 555
70709330	ID:36	RPL: Sending a multicast-DIO with rank 591
71042439	ID:32	RPL: Sending a multicast-DIO with rank 645
72636863	ID:35	RPL: Sending a multicast-DIO with rank 653
75309668	ID:34	RPL: Sending a multicast-DIO with rank 555
75709330	ID:36	RPL: Sending a multicast-DIO with rank 591
76042439	ID:32	RPL: Sending a multicast-DIO with rank 645
77636842	ID:35	RPL: Sending a multicast-DIO with rank 653
80309668	ID:34	RPL: Sending a multicast-DIO with rank 555
80709330	ID:36	RPL: Sending a multicast-DIO with rank 591
81042439	ID:32	RPL: Sending a multicast-DIO with rank 645
82636842	ID:35	RPL: Sending a multicast-DIO with rank 653
85309668	ID:34	RPL: Sending a multicast-DIO with rank 555
85709330	ID:36	RPL: Sending a multicast-DIO with rank 591
86042439	ID:32	RPL: Sending a multicast-DIO with rank 645
87636842	ID:35	RPL: Sending a multicast-DIO with rank 653
90309655	ID:34	RPL: Sending a multicast-DIO with rank 555
90709330	ID:36	RPL: Sending a multicast-DIO with rank 591
91042426	ID:32	RPL: Sending a multicast-DIO with rank 645
92636829	ID:35	RPL: Sending a multicast-DIO with rank 653
95309655	ID:34	RPL: Sending a multicast-DIO with rank 555
95709317	ID:36	RPL: Sending a multicast-DIO with rank 591
96042426	ID:32	RPL: Sending a multicast-DIO with rank 645
97636829	ID:35	RPL: Sending a multicast-DIO with rank 653
100309655	ID:34	RPL: Sending a multicast-DIO with rank 555
100709317	ID:36	RPL: Sending a multicast-DIO with rank 591
101042426	ID:32	RPL: Sending a multicast-DIO with rank 645
102636829	ID:35	RPL: Sending a multicast-DIO with rank 653
105309655	ID:34	RPL: Sending a multicast-DIO with rank 555
105709317	ID:36	RPL: Sending a multicast-DIO with rank 591
106042426	ID:32	RPL: Sending a multicast-DIO with rank 645
107636829	ID:35	RPL: Sending a multicast-DIO with rank 653
110309655	ID:34	RPL: Sending a multicast-DIO with rank 555
110709317	ID:36	RPL: Sending a multicast-DIO with rank 591
111042426	ID:32	RPL: Sending a multicast-DIO with rank 645
112636829	ID:35	RPL: Sending a multicast-DIO with rank 653
115309655	ID:34	RPL: Sending a multicast-DIO with rank 555
115709317	ID:36	RPL: Sending a multicast-DIO with rank 591
116042426	ID:32	RPL: Sending a multicast-DIO with rank 645
117636829	ID:35	RPL: Sending a multicast-DIO with rank 653
120309655	ID:34	RPL: Sending a multicast-DIO with rank 555
120709317	ID:36	RPL: Sending a multicast-DIO with rank 591
121042426	ID:32	RPL: Sending a multicast-DIO with rank 645
122636829	ID:35	RPL: Sending a multicast-DIO with rank 653
125309655	ID:34	RPL: Sending a multicast-DIO with rank 555
125709317	ID:36	RPL: Sending a multicast-DIO with rank 591
126042426	ID:32	RPL: Sending a multicast-DIO with rank 645
127636829	ID:35	RPL: Sending a multicast-DIO with rank 653
128470675	ID:33	RPL: Sending a DIS to fe80::c30c:0:0:2
130309655	ID:34	RPL: Sending a multicast-DIO with rank 555
130709317	ID:36	RPL: Sending a multicast-DIO with rank 591
131042426	ID:32	RPL: Sending a multicast-DIO with rank 645
132636829	ID:35	RPL: Sending a multicast-DIO with rank 653
135309655	ID:34	RPL: Sending a multicast-DIO with rank 555
135709317	ID:36	RPL: Sending a multicast-DIO with rank 591
136042426	ID:32	RPL: Sending a multicast-DIO with rank 645
137636829	ID:35	RPL: Sending a multicast-DIO with rank 653
140309655	ID:34	RPL: Sending a multicast-DIO with rank 555
140709317	ID:36	RPL: Sending a multicast-DIO with rank 591
141042426	ID:32	RPL: Sending a multicast-DIO with rank 645
142636829	ID:35	RPL: Sending a multicast-DIO with rank 653
145309655	ID:34	RPL: Sending a multicast-DIO with rank 555
145709317	ID:36	RPL: Sending a multicast-DIO with rank 591
146042426	ID:32	RPL: Sending a multicast-DIO with rank 645
147636829	ID:35	RPL: Sending a multicast-DIO with rank 653
150309655	ID:34	RPL: Sending a multicast-DIO with rank 555
150709317	ID:36	RPL: Sending a multicast-DIO with rank 591
151042426	ID:32	RPL: Sending a multicast-DIO with rank 645
152636829	ID:35	RPL: Sending a multicast-DIO with rank 653
155309655	ID:34	RPL: Sending a multicast-DIO with rank 555
155709317	ID:36	RPL: Sending a multicast-DIO with rank 591
156042426	ID:32	RPL: Sending a multicast-DIO with rank 645
157636829	ID:35	RPL: Sending a multicast-DIO with rank 653
160309655	ID:34	RPL: Sending a multicast-DIO with rank 555
160709317	ID:36	RPL: Sending a multicast-DIO with rank 591
161042426	ID:32	RPL: Sending a multicast-DIO with rank 645
162636829	ID:35	RPL: Sending a multicast-DIO with rank 653
165309655	ID:34	RPL: Sending a multicast-DIO with rank 555
165709317	ID:36	RPL: Sending a multicast-DIO with rank 591
166042426	ID:32	RPL: Sending a multicast-DIO with rank 645
167636829	ID:35	RPL: Sending a multicast-DIO with rank 653
170309655	ID:34	RPL: Sending a multicast-DIO with rank 555
170709317	ID:36	RPL: Sending a multicast-DIO with rank 591
171042426	ID:32	RPL: Sending a multicast-DIO with rank 645
172636829	ID:35	RPL: Sending a multicast-DIO with rank 653
175309655	ID:34	RPL: Sending a multicast-DIO with rank 555
175709317	ID:36	RPL: Sending a multicast-DIO with rank 591
176042426	ID:32	RPL: Sending a multicast-DIO with rank 645
177636829	ID:35	RPL: Sending a multicast-DIO with rank 653
180309655	ID:34	RPL: Sending a multicast-DIO with rank 555
180709317	ID:36	RPL: Sending a multicast-DIO with rank 591
181042426	ID:32	RPL: Sending a multicast-DIO with rank 645
182636829	ID:35	RPL: Sending a multicast-DIO with rank 653
185309655	ID:34	RPL: Sending a multicast-DIO with rank 555
185709317	ID:36	RPL: Sending a multicast-DIO with rank 591
186042426	ID:32	RPL: Sending a multicast-DIO with rank 645
187636829	ID:35	RPL: Sending a multicast-DIO with rank 653
188470675	ID:33	RPL: Sending a DIS to fe80::c30c:0:0:2
190309655	ID:34	RPL: Sending a multicast-DIO with rank 555
190709317	ID:36	RPL: Sending a multicast-DIO with rank 591
191042426	ID:32	RPL: Sending a multicast-DIO with rank 645
192636829	ID:35	RPL: Sending a multicast-DIO with rank 653
195309655	ID:34	RPL: Sending a multicast-DIO with rank 555
195709317	ID:36	RPL: Sending a multicast-DIO with rank 591
196042426	ID:32	RPL: Sending a multicast-DIO with rank 645
197636829	ID:35	RPL: Sending a multicast-DIO with rank 653
200309655	ID:34	RPL: Sending a multicast-DIO with rank 555
200709317	ID:36	RPL: Sending a multicast-DIO with rank 591
201042426	ID:32	RPL: Sending a multicast-DIO with rank 645
202636829	ID:35	RPL: Sending a multicast-DIO with rank 653
205309655	ID:34	RPL: Sending a multicast-DIO with rank 555
205709317	ID:36	RPL: Sending a multicast-DIO with rank 591
206042426	ID:32	RPL: Sending a multicast-DIO with rank 645
207636829	ID:35	RPL: Sending a multicast-DIO with rank 653
210309655	ID:34	RPL: Sending a multicast-DIO with rank 555
210709317	ID:36	RPL: Sending a multicast-DIO with rank 591
211042426	ID:32	RPL: Sending a multicast-DIO with rank 645
212636829	ID:35	RPL: Sending a multicast-DIO with rank 653
215309655	ID:34	RPL: Sending a multicast-DIO with rank 555
215709317	ID:36	RPL: Sending a multicast-DIO with rank 591
216042426	ID:32	RPL: Sending a multicast-DIO with rank 645
217636829	ID:35	RPL: Sending a multicast-DIO with rank 653
220309655	ID:34	RPL: Sending a multicast-DIO with rank 555
220709317	ID:36	RPL: Sending a multicast-DIO with rank 591
221042426	ID:32	RPL: Sending a multicast-DIO with rank 645
222636829	ID:35	RPL: Sending a multicast-DIO with rank 653
225309655	ID:34	RPL: Sending a multicast-DIO with rank 555
225709317	ID:36	RPL: Sending a multicast-DIO with rank 591
226042426	ID:32	RPL: Sending a multicast-DIO with rank 645
227636829	ID:35	RPL: Sending a multicast-DIO with rank 653
230309655	ID:34	RPL: Sending a multicast-DIO with rank 555
230709317	ID:36	RPL: Sending a multicast-DIO with rank 591
231042426	ID:32	RPL: Sending a multicast-DIO with rank 645
232636829	ID:35	RPL: Sending a multicast-DIO with rank 653
235309655	ID:34	RPL: Sending a multicast-DIO with rank 555
235709317	ID:36	RPL: Sending a multicast-DIO with rank 591
236042426	ID:32	RPL: Sending a multicast-DIO with rank 645
237636829	ID:35	RPL: Sending a multicast-DIO with rank 653
240309655	ID:34	RPL: Sending a multicast-DIO with rank 555
240709317	ID:36	RPL: Sending a multicast-DIO with rank 591
241042426	ID:32	RPL: Sending a multicast-DIO with rank 645
242636829	ID:35	RPL: Sending a multicast-DIO with rank 653
245309655	ID:34	RPL: Sending a multicast-DIO with rank 555
245709317	ID:36	RPL: Sending a multicast-DIO with rank 591
246042426	ID:32	RPL: Sending a multicast-DIO with rank 645
247636829	ID:35	RPL: Sending a multicast-DIO with rank 653
248470675	ID:33	RPL: Sending a DIS to fe80::c30c:0:0:2
250309655	ID:34	RPL: Sending a multicast-DIO with rank 555
250709317	ID:36	RPL: Sending a multicast-DIO with rank 591
251042426	ID:32	RPL: Sending a multicast-DIO with rank 645
252636829	ID:35	RPL: Sending a multicast-DIO with rank 653
255309655	ID:34	RPL: Sending a multicast-DIO with rank 555
255709317	ID:36	RPL: Sending a multicast-DIO with rank 591
256042426	ID:32	RPL: Sending a multicast-DIO with rank 645
257636829	ID:35	RPL: Sending a multicast-DIO with rank 653
260309655	ID:34	RPL: Sending a multicast-DIO with rank 555
260709317	ID:36	RPL: Sending a multicast-DIO with rank 591
261042426	ID:32	RPL: Sending a multicast-DIO with rank 645
262636829	ID:35	RPL: Sending a multicast-DIO with rank 653
265309655	ID:34	RPL: Sending a multicast-DIO with rank 555
265709317	ID:36	RPL: Sending a multicast-DIO with rank 591
266042426	ID:32	RPL: Sending a multicast-DIO with rank 645
267636829	ID:35	RPL: Sending a multicast-DIO with rank 653
270309655	ID:34	RPL: Sending a multicast-DIO with rank 555
270709317	ID:36	RPL: Sending a multicast-DIO with rank 591
271042426	ID:32	RPL: Sending a multicast-DIO with rank 645
272636829	ID:35	RPL: Sending a multicast-DIO with rank 653
275309655	ID:34	RPL: Sending a multicast-DIO with rank 555
275709317	ID:36	RPL: Sending a multicast-DIO with rank 591
276042426	ID:32	RPL: Sending a multicast-DIO with rank 645
277636829	ID:35	RPL: Sending a multicast-DIO with rank 653
280309655	ID:34	RPL: Sending a multicast-DIO with rank 555
280709317	ID:36	RPL: Sending a multicast-DIO with rank 591
281042426	ID:32	RPL: Sending a multicast-DIO with rank 645
282636829	ID:35	RPL: Sending a multicast-DIO with rank 653
285309655	ID:34	RPL: Sending a multicast-DIO with rank 555
285709317	ID:36	RPL: Sending a multicast-DIO with rank 591
286042426	ID:32	RPL: Sending a multicast-DIO with rank 645
287636829	ID:35	RPL: Sending a multicast-DIO with rank 653
290309655	ID:34	RPL: Sending a multicast-DIO with rank 555
290709317	ID:36	RPL: Sending a multicast-DIO with rank 591
291042426	ID:32	RPL: Sending a multicast-DIO with rank 645
292636829	ID:35	RPL: Sending a multicast-DIO with rank 653
295309655	ID:34	RPL: Sending a multicast-DIO with rank 555
295709317	ID:36	RPL: Sending a multicast-DIO with rank 591
296042426	ID:32	RPL: Sending a multicast-DIO with rank 645
297636829	ID:35	RPL: Sending a multicast-DIO with rank 653
300309655	ID:34	RPL: Sending a multicast-DIO with rank 555
300709317	ID:36	RPL: Sending a multicast-DIO with rank 591
301042426	ID:32	RPL: Sending a multicast-DIO with rank 645
302636829	ID:35	RPL: Sending a multicast-DIO with rank 653
305309655	ID:34	RPL: Sending a multicast-DIO with rank 555
305709317	ID:36	RPL: Sending a multicast-DIO with rank 591
306042426	ID:32	RPL: Sending a multicast-DIO with rank 645
307636829	ID:35	RPL: Sending a multicast-DIO with rank 653
308470675	ID:33	RPL: Sending a DIS to fe80::c30c:0:0:2
310309655	ID:34	RPL: Sending a multicast-DIO with rank 555
310709317	ID:36	RPL: Sending a multicast-DIO with rank 591
311042426	ID:32	RPL: Sending a multicast-DIO with rank 645
312636829	ID:35	RPL: Sending a multicast-DIO with rank 653
315309655	ID:34	RPL: Sending a multicast-DIO with rank 555
315709317	ID:36	RPL: Sending a multicast-DIO with rank 591
316042426	ID:32	RPL: Sending a multicast-DIO with rank 645
317636829	ID:35	RPL: Sending a multicast-DIO with rank 653
320309655	ID:34	RPL: Sending a multicast-DIO with rank 555
320709317	ID:36	RPL: Sending a multicast-DIO with rank 591
321042426	ID:32	RPL: Sending a multicast-DIO with rank 645
322636829	ID:35	RPL: Sending a multicast-DIO with rank 653
325309655	ID:34	RPL: Sending a multicast-DIO with rank 555
325709317	ID:36	RPL: Sending a multicast-DIO with rank 591
326042426	ID:32	RPL: Sending a multicast-DIO with rank 645
327636829	ID:35	RPL: Sending a multicast-DIO with rank 653
330309655	ID:34	RPL: Sending a multicast-DIO with rank 555
330709317	ID:36	RPL: Sending a multicast-DIO with rank 591
331042426	ID:32	RPL: Sending a multicast-DIO with rank 645
332636829	ID:35	RPL: Sending a multicast-DIO with rank 653
335309655	ID:34	RPL: Sending a multicast-DIO with rank 555
335709317	ID:36	RPL: Sending a multicast-DIO with rank 591
336042426	ID:32	RPL: Sending a multicast-DIO with rank 645
337636829	ID:35	RPL: Sending a multicast-DIO with rank 653
340309655	ID:34	RPL: Sending a multicast-DIO with rank 555
340709317	ID:36	RPL: Sending a multicast-DIO with rank 591
341042426	ID:32	RPL: Sending a multicast-DIO with rank 645
342636829	ID:35	RPL: Sending a multicast-DIO with rank 653
345309655	ID:34	RPL: Sending a multicast-DIO with rank 555
345709317	ID:36	RPL: Sending a multicast-DIO with rank 591
346042426	ID:32	RPL: Sending a multicast-DIO with rank 645
347636829	ID:35	RPL: Sending a multicast-DIO with rank 653
350309655	ID:34	RPL: Sending a multicast-DIO with rank 555
350709317	ID:36	RPL: Sending a multicast-DIO with rank 591
351042426	ID:32	RPL: Sending a multicast-DIO with rank 645
352636829	ID:35	RPL: Sending a multicast-DIO with rank 653
355309655	ID:34	RPL: Sending a multicast-DIO with rank 555
355709317	ID:36	RPL: Sending a multicast-DIO with rank 591
356042433	ID:32	RPL: Sending a multicast-DIO with rank 645
357636829	ID:35	RPL: Sending a multicast-DIO with rank 653
360309655	ID:34	RPL: Sending a multicast-DIO with rank 555
360709317	ID:36	RPL: Sending a multicast-DIO with rank 591
361042426	ID:32	RPL: Sending a multicast-DIO with rank 645
362636829	ID:35	RPL: Sending a multicast-DIO with rank 653
365309655	ID:34	RPL: Sending a multicast-DIO with rank 555
365709317	ID:36	RPL: Sending a multicast-DIO with rank 591
366042426	ID:32	RPL: Sending a multicast-DIO with rank 645
367636829	ID:35	RPL: Sending a multicast-DIO with rank 653
368470675	ID:33	RPL: Sending a DIS to fe80::c30c:0:0:2
370309655	ID:34	RPL: Sending a multicast-DIO with rank 555
370709317	ID:36	RPL: Sending a multicast-DIO with rank 591
371042426	ID:32	RPL: Sending a multicast-DIO with rank 645
372636829	ID:35	RPL: Sending a multicast-DIO with rank 653
375309655	ID:34	RPL: Sending a multicast-DIO with rank 555
375709317	ID:36	RPL: Sending a multicast-DIO with rank 591
376042426	ID:32	RPL: Sending a multicast-DIO with rank 645
377636829	ID:35	RPL: Sending a multicast-DIO with rank 653
380309655	ID:34	RPL: Sending a multicast-DIO with rank 555
380709317	ID:36	RPL: Sending a multicast-DIO with rank 591
381042426	ID:32	RPL: Sending a multicast-DIO with rank 645
382636829	ID:35	RPL: Sending a multicast-DIO with rank 653
385309655	ID:34	RPL: Sending a multicast-DIO with rank 555
385709317	ID:36	RPL: Sending a multicast-DIO with rank 591
386042426	ID:32	RPL: Sending a multicast-DIO with rank 645
387636829	ID:35	RPL: Sending a multicast-DIO with rank 653
390309655	ID:34	RPL: Sending a multicast-DIO with rank 555
390709317	ID:36	RPL: Sending a multicast-DIO with rank 591
391042426	ID:32	RPL: Sending a multicast-DIO with rank 645
392636829	ID:35	RPL: Sending a multicast-DIO with rank 653
395309655	ID:34	RPL: Sending a multicast-DIO with rank 555
395709317	ID:36	RPL: Sending a multicast-DIO with rank 591
396042426	ID:32	RPL: Sending a multicast-DIO with rank 645
397636829	ID:35	RPL: Sending a multicast-DIO with rank 653
400309655	ID:34	RPL: Sending a multicast-DIO with rank 555
400709317	ID:36	RPL: Sending a multicast-DIO with rank 591
401042426	ID:32	RPL: Sending a multicast-DIO with rank 645
402636829	ID:35	RPL: Sending a multicast-DIO with rank 653
405309655	ID:34	RPL: Sending a multicast-DIO with rank 555
405709317	ID:36	RPL: Sending a multicast-DIO with rank 591
406042426	ID:32	RPL: Sending a multicast-DIO with rank 645
407636829	ID:35	RPL: Sending a multicast-DIO with rank 653
410309655	ID:34	RPL: Sending a multicast-DIO with rank 555
410709317	ID:36	RPL: Sending a multicast-DIO with rank 591
411042426	ID:32	RPL: Sending a multicast-DIO with rank 645
412636829	ID:35	RPL: Sending a multicast-DIO with rank 653
415309655	ID:34	RPL: Sending a multicast-DIO with rank 555
415709317	ID:36	RPL: Sending a multicast-DIO with rank 591
416042426	ID:32	RPL: Sending a multicast-DIO with rank 645
417636829	ID:35	RPL: Sending a multicast-DIO with rank 653
420309655	ID:34	RPL: Sending a multicast-DIO with rank 555
420709324	ID:36	RPL: Sending a multicast-DIO with rank 591
421042426	ID:32	RPL: Sending a multicast-DIO with rank 645
422636829	ID:35	RPL: Sending a multicast-DIO with rank 653
425309655	ID:34	RPL: Sending a multicast-DIO with rank 555
425709317	ID:36	RPL: Sending a multicast-DIO with rank 591
426042426	ID:32	RPL: Sending a multicast-DIO with rank 645
427636829	ID:35	RPL: Sending a multicast-DIO with rank 653
428470675	ID:33	RPL: Sending a DIS to fe80::c30c:0:0:2
430309662	ID:34	RPL: Sending a multicast-DIO with rank 555
430709317	ID:36	RPL: Sending a multicast-DIO with rank 591
431042426	ID:32	RPL: Sending a multicast-DIO with rank 645
432636829	ID:35	RPL: Sending a multicast-DIO with rank 653
435309655	ID:34	RPL: Sending a multicast-DIO with rank 555
435709317	ID:36	RPL: Sending a multicast-DIO with rank 591
436042426	ID:32	RPL: Sending a multicast-DIO with rank 645
437636829	ID:35	RPL: Sending a multicast-DIO with rank 653
440309655	ID:34	RPL: Sending a multicast-DIO with rank 555
440709317	ID:36	RPL: Sending a multicast-DIO with rank 591
441042426	ID:32	RPL: Sending a multicast-DIO with rank 645
442636829	ID:35	RPL: Sending a multicast-DIO with rank 653
445309655	ID:34	RPL: Sending a multicast-DIO with rank 555
445709317	ID:36	RPL: Sending a multicast-DIO with rank 591
446042426	ID:32	RPL: Sending a multicast-DIO with rank 645
447636829	ID:35	RPL: Sending a multicast-DIO with rank 653
450309655	ID:34	RPL: Sending a multicast-DIO with rank 555
450709317	ID:36	RPL: Sending a multicast-DIO with rank 591
451042426	ID:32	RPL: Sending a multicast-DIO with rank 645
452636829	ID:35	RPL: Sending a multicast-DIO with rank 653
455309655	ID:34	RPL: Sending a multicast-DIO with rank 555
455709317	ID:36	RPL: Sending a multicast-DIO with rank 591
456042426	ID:32	RPL: Sending a multicast-DIO with rank 645
457636836	ID:35	RPL: Sending a multicast-DIO with rank 653
460309655	ID:34	RPL: Sending a multicast-DIO with rank 555
460709317	ID:36	RPL: Sending a multicast-DIO with rank 591
461042426	ID:32	RPL: Sending a multicast-DIO with rank 645
462636829	ID:35	RPL: Sending a multicast-DIO with rank 653
465309655	ID:34	RPL: Sending a multicast-DIO with rank 555
465709317	ID:36	RPL: Sending a multicast-DIO with rank 591
466042426	ID:32	RPL: Sending a multicast-DIO with rank 645
467636829	ID:35	RPL: Sending a multicast-DIO with rank 653
470309655	ID:34	RPL: Sending a multicast-DIO with rank 555
470709317	ID:36	RPL: Sending a multicast-DIO with rank 591
471042426	ID:32	RPL: Sending a multicast-DIO with rank 645
472636829	ID:35	RPL: Sending a multicast-DIO with rank 653
475309655	ID:34	RPL: Sending a multicast-DIO with rank 555
475709317	ID:36	RPL: Sending a multicast-DIO with rank 591
476042426	ID:32	RPL: Sending a multicast-DIO with rank 645
477636829	ID:35	RPL: Sending a multicast-DIO with rank 653
480309655	ID:34	RPL: Sending a multicast-DIO with rank 555
480709317	ID:36	RPL: Sending a multicast-DIO with rank 591
481042426	ID:32	RPL: Sending a multicast-DIO with rank 645
482636829	ID:35	RPL: Sending a multicast-DIO with rank 653
485309655	ID:34	RPL: Sending a multicast-DIO with rank 555
485709317	ID:36	RPL: Sending a multicast-DIO with rank 591
486042426	ID:32	RPL: Sending a multicast-DIO with rank 645
487636829	ID:35	RPL: Sending a multicast-DIO with rank 653
488470675	ID:33	RPL: Sending a DIS to fe80::c30c:0:0:2
490309655	ID:34	RPL: Sending a multicast-DIO with rank 555
490709317	ID:36	RPL: Sending a multicast-DIO with rank 591
491042426	ID:32	RPL: Sending a multicast-DIO with rank 645
492636829	ID:35	RPL: Sending a multicast-DIO with rank 653
495309655	ID:34	RPL: Sending a multicast-DIO with rank 555
495709317	ID:36	RPL: Sending a multicast-DIO with rank 591
496042426	ID:32	RPL: Sending a multicast-DIO with rank 645
497636829	ID:35	RPL: Sending a multicast-DIO with rank 653
500309655	ID:34	RPL: Sending a multicast-DIO with rank 555
500709317	ID:36	RPL: Sending a multicast-DIO with rank 591
501042426	ID:32	RPL: Sending a multicast-DIO with rank 645
502636829	ID:35	RPL: Sending a multicast-DIO with rank 653
505309655	ID:34	RPL: Sending a multicast-DIO with rank 555
505709317	ID:36	RPL: Sending a multicast-DIO with rank 591
506042426	ID:32	RPL: Sending a multicast-DIO with rank 645
507636829	ID:35	RPL: Sending a multicast-DIO with rank 653
510309655	ID:34	RPL: Sending a multicast-DIO with rank 555
510709317	ID:36	RPL: Sending a multicast-DIO with rank 591
511042426	ID:32	RPL: Sending a multicast-DIO with rank 645
512636829	ID:35	RPL: Sending a multicast-DIO with rank 653
515309655	ID:34	RPL: Sending a multicast-DIO with rank 555
515709317	ID:36	RPL: Sending a multicast-DIO with rank 591
516042426	ID:32	RPL: Sending a multicast-DIO with rank 645
517636829	ID:35	RPL: Sending a multicast-DIO with rank 653
520309655	ID:34	RPL: Sending a multicast-DIO with rank 555
520709317	ID:36	RPL: Sending a multicast-DIO with rank 591
521042426	ID:32	RPL: Sending a multicast-DIO with rank 645
522636829	ID:35	RPL: Sending a multicast-DIO with rank 653
525309655	ID:34	RPL: Sending a multicast-DIO with rank 555
525709317	ID:36	RPL: Sending a multicast-DIO with rank 591
526042426	ID:32	RPL: Sending a multicast-DIO with rank 645
527636829	ID:35	RPL: Sending a multicast-DIO with rank 653
530309655	ID:34	RPL: Sending a multicast-DIO with rank 555
530709317	ID:36	RPL: Sending a multicast-DIO with rank 591
531042426	ID:32	RPL: Sending a multicast-DIO with rank 645
532636829	ID:35	RPL: Sending a multicast-DIO with rank 653
535309655	ID:34	RPL: Sending a multicast-DIO with rank 555
535709317	ID:36	RPL: Sending a multicast-DIO with rank 591
536042426	ID:32	RPL: Sending a multicast-DIO with rank 645
537636829	ID:35	RPL: Sending a multicast-DIO with rank 653
540309655	ID:34	RPL: Sending a multicast-DIO with rank 555
540709317	ID:36	RPL: Sending a multicast-DIO with rank 591
541042426	ID:32	RPL: Sending a multicast-DIO with rank 645
542636829	ID:35	RPL: Sending a multicast-DIO with rank 653
545309655	ID:34	RPL: Sending a multicast-DIO with rank 555
545709317	ID:36	RPL: Sending a multicast-DIO with rank 591
546042426	ID:32	RPL: Sending a multicast-DIO with rank 645
547636829	ID:35	RPL: Sending a multicast-DIO with rank 653
548470675	ID:33	RPL: Sending a DIS to fe80::c30c:0:0:2
550309655	ID:34	RPL: Sending a multicast-DIO with rank 555
550709317	ID:36	RPL: Sending a multicast-DIO with rank 591
551042426	ID:32	RPL: Sending a multicast-DIO with rank 645
552636829	ID:35	RPL: Sending a multicast-DIO with rank 653
555309655	ID:34	RPL: Sending a multicast-DIO with rank 555
555709317	ID:36	RPL: Sending a multicast-DIO with rank 591
556042426	ID:32	RPL: Sending a multicast-DIO with rank 645
557636829	ID:35	RPL: Sending a multicast-DIO with rank 653
560309655	ID:34	RPL: Sending a multicast-DIO with rank 555
560709317	ID:36	RPL: Sending a multicast-DIO with rank 591
561042426	ID:32	RPL: Sending a multicast-DIO with rank 645
562636829	ID:35	RPL: Sending a multicast-DIO with rank 653
565309655	ID:34	RPL: Sending a multicast-DIO with rank 555
565709317	ID:36	RPL: Sending a multicast-DIO with rank 591
566042426	ID:32	RPL: Sending a multicast-DIO with rank 645
567636829	ID:35	RPL: Sending a multicast-DIO with rank 653
570309655	ID:34	RPL: Sending a multicast-DIO with rank 555
570709317	ID:36	RPL: Sending a multicast-DIO with rank 591
571042426	ID:32	RPL: Sending a multicast-DIO with rank 645
572636829	ID:35	RPL: Sending a multicast-DIO with rank 653
575309655	ID:34	RPL: Sending a multicast-DIO with rank 555
575709317	ID:36	RPL: Sending a multicast-DIO with rank 591
576042426	ID:32	RPL: Sending a multicast-DIO with rank 645
577636829	ID:35	RPL: Sending a multicast-DIO with rank 653
580309655	ID:34	RPL: Sending a multicast-DIO with rank 555
580709317	ID:36	RPL: Sending a multicast-DIO with rank 591
581042426	ID:32	RPL: Sending a multicast-DIO with rank 645
582636829	ID:35	RPL: Sending a multicast-DIO with rank 653
585309655	ID:34	RPL: Sending a multicast-DIO with rank 555
585709317	ID:36	RPL: Sending a multicast-DIO with rank 591
586042426	ID:32	RPL: Sending a multicast-DIO with rank 645
587636829	ID:35	RPL: Sending a multicast-DIO with rank 653
590309655	ID:34	RPL: Sending a multicast-DIO with rank 555
590709317	ID:36	RPL: Sending a multicast-DIO with rank 591
591042426	ID:32	RPL: Sending a multicast-DIO with rank 645
592636829	ID:35	RPL: Sending a multicast-DIO with rank 653
595309655	ID:34	RPL: Sending a multicast-DIO with rank 555
595709317	ID:36	RPL: Sending a multicast-DIO with rank 591
596042426	ID:32	RPL: Sending a multicast-DIO with rank 645
597636829	ID:35	RPL: Sending a multicast-DIO with rank 653
600309655	ID:34	RPL: Sending a multicast-DIO with rank 555
600709317	ID:36	RPL: Sending a multicast-DIO with rank 591
601042426	ID:32	RPL: Sending a multicast-DIO with rank 645
602636829	ID:35	RPL: Sending a multicast-DIO with rank 653
605309655	ID:34	RPL: Sending a multicast-DIO with rank 555
605709317	ID:36	RPL: Sending a multicast-DIO with rank 591
606042426	ID:32	RPL: Sending a multicast-DIO with rank 645
607636829	ID:35	RPL: Sending a multicast-DIO with rank 653
608470675	ID:33	RPL: Sending a DIS to fe80::c30c:0:0:2
610309655	ID:34	RPL: Sending a multicast-DIO with rank 555
610709317	ID:36	RPL: Sending a multicast-DIO with rank 591
611042426	ID:32	RPL: Sending a multicast-DIO with rank 645
612636829	ID:35	RPL: Sending a multicast-DIO with rank 653
615309655	ID:34	RPL: Sending a multicast-DIO with rank 555
615709317	ID:36	RPL: Sending a multicast-DIO with rank 591
616042426	ID:32	RPL: Sending a multicast-DIO with rank 645
617636829	ID:35	RPL: Sending a multicast-DIO with rank 653
620309655	ID:34	RPL: Sending a multicast-DIO with rank 555
620709317	ID:36	RPL: Sending a multicast-DIO with rank 591
621042426	ID:32	RPL: Sending a multicast-DIO with rank 645
622636829	ID:35	RPL: Sending a multicast-DIO with rank 653
625309655	ID:34	RPL: Sending a multicast-DIO with rank 555
625709317	ID:36	RPL: Sending a multicast-DIO with rank 591
626042426	ID:32	RPL: Sending a multicast-DIO with rank 645
627636829	ID:35	RPL: Sending a multicast-DIO with rank 653
630309655	ID:34	RPL: Sending a multicast-DIO with rank 555
630709317	ID:36	RPL: Sending a multicast-DIO with rank 591
631042426	ID:32	RPL: Sending a multicast-DIO with rank 645
632636829	ID:35	RPL: Sending a multicast-DIO with rank 653
635309655	ID:34	RPL: Sending a multicast-DIO with rank 555
635709317	ID:36	RPL: Sending a multicast-DIO with rank 591
636042426	ID:32	RPL: Sending a multicast-DIO with rank 645
637636829	ID:35	RPL: Sending a multicast-DIO with rank 653
640309655	ID:34	RPL: Sending a multicast-DIO with rank 555
640709317	ID:36	RPL: Sending a multicast-DIO with rank 591
641042426	ID:32	RPL: Sending a multicast-DIO with rank 645
642636829	ID:35	RPL: Sending a multicast-DIO with rank 653
645309655	ID:34	RPL: Sending a multicast-DIO with rank 555
645709317	ID:36	RPL: Sending a multicast-DIO with rank 591
646042426	ID:32	RPL: Sending a multicast-DIO with rank 645
647636829	ID:35	RPL: Sending a multicast-DIO with rank 653
650309655	ID:34	RPL: Sending a multicast-DIO with rank 555
650709317	ID:36	RPL: Sending a multicast-DIO with rank 591
651042426	ID:32	RPL: Sending a multicast-DIO with rank 645
652636829	ID:35	RPL: Sending a multicast-DIO with rank 653
655309655	ID:34	RPL: Sending a multicast-DIO with rank 555
655709317	ID:36	RPL: Sending a multicast-DIO with rank 591
656042426	ID:32	RPL: Sending a multicast-DIO with rank 645
657636829	ID:35	RPL: Sending a multicast-DIO with rank 653
660309655	ID:34	RPL: Sending a multicast-DIO with rank 555
660709317	ID:36	RPL: Sending a multicast-DIO with rank 591
661042426	ID:32	RPL: Sending a multicast-DIO with rank 645
662636829	ID:35	RPL: Sending a multicast-DIO with rank 653
665309655	ID:34	RPL: Sending a multicast-DIO with rank 555
665709317	ID:36	RPL: Sending a multicast-DIO with rank 591
666042426	ID:32	RPL: Sending a multicast-DIO with rank 645
667636829	ID:35	RPL: Sending a multicast-DIO with rank 653
668470675	ID:33	RPL: Sending a DIS to fe80::c30c:0:0:2
670309655	ID:34	RPL: Sending a multicast-DIO with rank 555
670709317	ID:36	RPL: Sending a multicast-DIO with rank 591
671042426	ID:32	RPL: Sending a multicast-DIO with rank 645
672636829	ID:35	RPL: Sending a multicast-DIO with rank 653
675309655	ID:34	RPL: Sending a multicast-DIO with rank 555
675709317	ID:36	RPL: Sending a multicast-DIO with rank 591
676042433	ID:32	RPL: Sending a multicast-DIO with rank 645
677636829	ID:35	RPL: Sending a multicast-DIO with rank 653
680309655	ID:34	RPL: Sending a multicast-DIO with rank 555
680709317	ID:36	RPL: Sending a multicast-DIO with rank 591
681042426	ID:32	RPL: Sending a multicast-DIO with rank 645
682636829	ID:35	RPL: Sending a multicast-DIO with rank 653
685309655	ID:34	RPL: Sending a multicast-DIO with rank 555
685709317	ID:36	RPL: Sending a multicast-DIO with rank 591
686042426	ID:32	RPL: Sending a multicast-DIO with rank 645
687636829	ID:35	RPL: Sending a multicast-DIO with rank 653
690309656	ID:34	RPL: Sending a multicast-DIO with rank 555
690709318	ID:36	RPL: Sending a multicast-DIO with rank 591
691042427	ID:32	RPL: Sending a multicast-DIO with rank 645
692636830	ID:35	RPL: Sending a multicast-DIO with rank 653
695309656	ID:34	RPL: Sending a multicast-DIO with rank 555
695709318	ID:36	RPL: Sending a multicast-DIO with rank 591
696042427	ID:32	RPL: Sending a multicast-DIO with rank 645
697636829	ID:35	RPL: Sending a multicast-DIO with rank 653
700309656	ID:34	RPL: Sending a multicast-DIO with rank 555
700709318	ID:36	RPL: Sending a multicast-DIO with rank 591
701042427	ID:32	RPL: Sending a multicast-DIO with rank 645
702636829	ID:35	RPL: Sending a multicast-DIO with rank 653
705309656	ID:34	RPL: Sending a multicast-DIO with rank 555
705709318	ID:36	RPL: Sending a multicast-DIO with rank 591
706042427	ID:32	RPL: Sending a multicast-DIO with rank 645
707636829	ID:35	RPL: Sending a multicast-DIO with rank 653
710309656	ID:34	RPL: Sending a multicast-DIO with rank 555
710709318	ID:36	RPL: Sending a multicast-DIO with rank 591
711042427	ID:32	RPL: Sending a multicast-DIO with rank 645
712636829	ID:35	RPL: Sending a multicast-DIO with rank 653
715309656	ID:34	RPL: Sending a multicast-DIO with rank 555
715709318	ID:36	RPL: Sending a multicast-DIO with rank 591
716042427	ID:32	RPL: Sending a multicast-DIO with rank 645
717636829	ID:35	RPL: Sending a multicast-DIO with rank 653
720309656	ID:34	RPL: Sending a multicast-DIO with rank 555
720709318	ID:36	RPL: Sending a multicast-DIO with rank 591
721042427	ID:32	RPL: Sending a multicast-DIO with rank 645
722636830	ID:35	RPL: Sending a multicast-DIO with rank 653
725309656	ID:34	RPL: Sending a multicast-DIO with rank 555
725709318	ID:36	RPL: Sending a multicast-DIO with rank 591
726042427	ID:32	RPL: Sending a multicast-DIO with rank 645
727636829	ID:35	RPL: Sending a multicast-DIO with rank 653
728470675	ID:33	RPL: Sending a DIS to fe80::c30c:0:0:2
730309655	ID:34	RPL: Sending a multicast-DIO with rank 555
730709318	ID:36	RPL: Sending a multicast-DIO with rank 591
731042427	ID:32	RPL: Sending a multicast-DIO with rank 645
732636830	ID:35	RPL: Sending a multicast-DIO with rank 653
735309656	ID:34	RPL: Sending a multicast-DIO with rank 555
735709318	ID:36	RPL: Sending a multicast-DIO with rank 591
736042427	ID:32	RPL: Sending a multicast-DIO with rank 645
737636829	ID:35	RPL: Sending a multicast-DIO with rank 653
740309656	ID:34	RPL: Sending a multicast-DIO with rank 555
740709318	ID:36	RPL: Sending a multicast-DIO with rank 591
741042427	ID:32	RPL: Sending a multicast-DIO with rank 645
742636829	ID:35	RPL: Sending a multicast-DIO with rank 653
745309656	ID:34	RPL: Sending a multicast-DIO with rank 555
745709318	ID:36	RPL: Sending a multicast-DIO with rank 591
746042427	ID:32	RPL: Sending a multicast-DIO with rank 645
747636829	ID:35	RPL: Sending a multicast-DIO with rank 653
750309656	ID:34	RPL: Sending a multicast-DIO with rank 555
750709318	ID:36	RPL: Sending a multicast-DIO with rank 591
751042427	ID:32	RPL: Sending a multicast-DIO with rank 645
752636829	ID:35	RPL: Sending a multicast-DIO with rank 653
755309656	ID:34	RPL: Sending a multicast-DIO with rank 555
755709318	ID:36	RPL: Sending a multicast-DIO with rank 591
756042427	ID:32	RPL: Sending a multicast-DIO with rank 645
757636830	ID:35	RPL: Sending a multicast-DIO with rank 653
760309656	ID:34	RPL: Sending a multicast-DIO with rank 555
760709318	ID:36	RPL: Sending a multicast-DIO with rank 591
761042427	ID:32	RPL: Sending a multicast-DIO with rank 645
762636829	ID:35	RPL: Sending a multicast-DIO with rank 653
765309662	ID:34	RPL: Sending a multicast-DIO with rank 555
765709318	ID:36	RPL: Sending a multicast-DIO with rank 591
766042427	ID:32	RPL: Sending a multicast-DIO with rank 645
767636829	ID:35	RPL: Sending a multicast-DIO with rank 653
770309656	ID:34	RPL: Sending a multicast-DIO with rank 555
770709318	ID:36	RPL: Sending a multicast-DIO with rank 591
771042427	ID:32	RPL: Sending a multicast-DIO with rank 645
772636829	ID:35	RPL: Sending a multicast-DIO with rank 653
775309656	ID:34	RPL: Sending a multicast-DIO with rank 555
775709318	ID:36	RPL: Sending a multicast-DIO with rank 591
776042427	ID:32	RPL: Sending a multicast-DIO with rank 645
777636829	ID:35	RPL: Sending a multicast-DIO with rank 653
780309656	ID:34	RPL: Sending a multicast-DIO with rank 555
780709318	ID:36	RPL: Sending a multicast-DIO with rank 591
781042427	ID:32	RPL: Sending a multicast-DIO with rank 645
782636829	ID:35	RPL: Sending a multicast-DIO with rank 653
785309656	ID:34	RPL: Sending a multicast-DIO with rank 555
785709318	ID:36	RPL: Sending a multicast-DIO with rank 591
786042427	ID:32	RPL: Sending a multicast-DIO with rank 645
787636829	ID:35	RPL: Sending a multicast-DIO with rank 653
788470675	ID:33	RPL: Sending a DIS to fe80::c30c:0:0:2
790309656	ID:34	RPL: Sending a multicast-DIO with rank 555
790709318	ID:36	RPL: Sending a multicast-DIO with rank 591
791042427	ID:32	RPL: Sending a multicast-DIO with rank 645
792636829	ID:35	RPL: Sending a multicast-DIO with rank 653
795309656	ID:34	RPL: Sending a multicast-DIO with rank 555
795709325	ID:36	RPL: Sending a multicast-DIO with rank 591
796042427	ID:32	RPL: Sending a multicast-DIO with rank 645
797636829	ID:35	RPL: Sending a multicast-DIO with rank 653
800309656	ID:34	RPL: Sending a multicast-DIO with rank 555
800709318	ID:36	RPL: Sending a multicast-DIO with rank 591
801042427	ID:32	RPL: Sending a multicast-DIO with rank 645
802636830	ID:35	RPL: Sending a multicast-DIO with rank 653
805309656	ID:34	RPL: Sending a multicast-DIO with rank 555
805709318	ID:36	RPL: Sending a multicast-DIO with rank 591
806042427	ID:32	RPL: Sending a multicast-DIO with rank 645
807636836	ID:35	RPL: Sending a multicast-DIO with rank 653
810309656	ID:34	RPL: Sending a multicast-DIO with rank 555
810709318	ID:36	RPL: Sending a multicast-DIO with rank 591
811042427	ID:32	RPL: Sending a multicast-DIO with rank 645
812636830	ID:35	RPL: Sending a multicast-DIO with rank 653
815309656	ID:34	RPL: Sending a multicast-DIO with rank 555
815709318	ID:36	RPL: Sending a multicast-DIO with rank 591
816042427	ID:32	RPL: Sending a multicast-DIO with rank 645
817636829	ID:35	RPL: Sending a multicast-DIO with rank 653
820309656	ID:34	RPL: Sending a multicast-DIO with rank 555
820709318	ID:36	RPL: Sending a multicast-DIO with rank 591
821042427	ID:32	RPL: Sending a multicast-DIO with rank 645
822636829	ID:35	RPL: Sending a multicast-DIO with rank 653
825309656	ID:34	RPL: Sending a multicast-DIO with rank 555
825709318	ID:36	RPL: Sending a multicast-DIO with rank 591
826042427	ID:32	RPL: Sending a multicast-DIO with rank 645
827636829	ID:35	RPL: Sending a multicast-DIO with rank 653
830309656	ID:34	RPL: Sending a multicast-DIO with rank 555
830709318	ID:36	RPL: Sending a multicast-DIO with rank 591
831042427	ID:32	RPL: Sending a multicast-DIO with rank 645
832636829	ID:35	RPL: Sending a multicast-DIO with rank 653
835309656	ID:34	RPL: Sending a multicast-DIO with rank 555
835709318	ID:36	RPL: Sending a multicast-DIO with rank 591
836042427	ID:32	RPL: Sending a multicast-DIO with rank 645
837636829	ID:35	RPL: Sending a multicast-DIO with rank 653
840309656	ID:34	RPL: Sending a multicast-DIO with rank 555
840709318	ID:36	RPL: Sending a multicast-DIO with rank 591
841042427	ID:32	RPL: Sending a multicast-DIO with rank 645
842636829	ID:35	RPL: Sending a multicast-DIO with rank 653
845309656	ID:34	RPL: Sending a multicast-DIO with rank 555
845709318	ID:36	RPL: Sending a multicast-DIO with rank 591
846042427	ID:32	RPL: Sending a multicast-DIO with rank 645
847636829	ID:35	RPL: Sending a multicast-DIO with rank 653
848470675	ID:33	RPL: Sending a DIS to fe80::c30c:0:0:2
850309656	ID:34	RPL: Sending a multicast-DIO with rank 555
850709318	ID:36	RPL: Sending a multicast-DIO with rank 591
851042427	ID:32	RPL: Sending a multicast-DIO with rank 645
852636829	ID:35	RPL: Sending a multicast-DIO with rank 653
855309656	ID:34	RPL: Sending a multicast-DIO with rank 555
855709318	ID:36	RPL: Sending a multicast-DIO with rank 591
856042427	ID:32	RPL: Sending a multicast-DIO with rank 645
857636829	ID:35	RPL: Sending a multicast-DIO with rank 653
860309656	ID:34	RPL: Sending a multicast-DIO with rank 555
860709318	ID:36	RPL: Sending a multicast-DIO with rank 591
861042427	ID:32	RPL: Sending a multicast-DIO with rank 645
862636829	ID:35	RPL: Sending a multicast-DIO with rank 653
865309656	ID:34	RPL: Sending a multicast-DIO with rank 555
865709318	ID:36	RPL: Sending a multicast-DIO with rank 591
866042427	ID:32	RPL: Sending a multicast-DIO with rank 645
867636829	ID:35	RPL: Sending a multicast-DIO with rank 653
870309656	ID:34	RPL: Sending a multicast-DIO with rank 555
870709318	ID:36	RPL: Sending a multicast-DIO with rank 591
871042427	ID:32	RPL: Sending a multicast-DIO with rank 645
872636829	ID:35	RPL: Sending a multicast-DIO with rank 653
875309656	ID:34	RPL: Sending a multicast-DIO with rank 555
875709318	ID:36	RPL: Sending a multicast-DIO with rank 591
876042427	ID:32	RPL: Sending a multicast-DIO with rank 645
877636829	ID:35	RPL: Sending a multicast-DIO with rank 653
880309656	ID:34	RPL: Sending a multicast-DIO with rank 555
880709318	ID:36	RPL: Sending a multicast-DIO with rank 591
881042427	ID:32	RPL: Sending a multicast-DIO with rank 645
882636829	ID:35	RPL: Sending a multicast-DIO with rank 653
885309655	ID:34	RPL: Sending a multicast-DIO with rank 555
885709318	ID:36	RPL: Sending a multicast-DIO with rank 591
886042427	ID:32	RPL: Sending a multicast-DIO with rank 645
887636829	ID:35	RPL: Sending a multicast-DIO with rank 653
890309656	ID:34	RPL: Sending a multicast-DIO with rank 555
890709318	ID:36	RPL: Sending a multicast-DIO with rank 591
891042427	ID:32	RPL: Sending a multicast-DIO with rank 645
892636829	ID:35	RPL: Sending a multicast-DIO with rank 653
895309656	ID:34	RPL: Sending a multicast-DIO with rank 555
895709318	ID:36	RPL: Sending a multicast-DIO with rank 591
896042427	ID:32	RPL: Sending a multicast-DIO with rank 645
897636829	ID:35	RPL: Sending a multicast-DIO with rank 653
900309656	ID:34	RPL: Sending a multicast-DIO with rank 555
900709318	ID:36	RPL: Sending a multicast-DIO with rank 591
901042427	ID:32	RPL: Sending a multicast-DIO with rank 645
902636829	ID:35	RPL: Sending a multicast-DIO with rank 653
905309656	ID:34	RPL: Sending a multicast-DIO with rank 555
905709318	ID:36	RPL: Sending a multicast-DIO with rank 591
906042427	ID:32	RPL: Sending a multicast-DIO with rank 645
907636829	ID:35	RPL: Sending a multicast-DIO with rank 653
908470675	ID:33	RPL: Sending a DIS to fe80::c30c:0:0:2
910309656	ID:34	RPL: Sending a multicast-DIO with rank 555
910709318	ID:36	RPL: Sending a multicast-DIO with rank 591
911042427	ID:32	RPL: Sending a multicast-DIO with rank 645
912636829	ID:35	RPL: Sending a multicast-DIO with rank 653
915309656	ID:34	RPL: Sending a multicast-DIO with rank 555
915709318	ID:36	RPL: Sending a multicast-DIO with rank 591
916042427	ID:32	RPL: Sending a multicast-DIO with rank 645
917636829	ID:35	RPL: Sending a multicast-DIO with rank 653
920309656	ID:34	RPL: Sending a multicast-DIO with rank 555
920709318	ID:36	RPL: Sending a multicast-DIO with rank 591
921042427	ID:32	RPL: Sending a multicast-DIO with rank 645
922636829	ID:35	RPL: Sending a multicast-DIO with rank 653
925309656	ID:34	RPL: Sending a multicast-DIO with rank 555
925709318	ID:36	RPL: Sending a multicast-DIO with rank 591
926042427	ID:32	RPL: Sending a multicast-DIO with rank 645
927636829	ID:35	RPL: Sending a multicast-DIO with rank 653
930309656	ID:34	RPL: Sending a multicast-DIO with rank 555
930709318	ID:36	RPL: Sending a multicast-DIO with rank 591
931042427	ID:32	RPL: Sending a multicast-DIO with rank 645
932636829	ID:35	RPL: Sending a multicast-DIO with rank 653
935309656	ID:34	RPL: Sending a multicast-DIO with rank 555
935709318	ID:36	RPL: Sending a multicast-DIO with rank 591
936042427	ID:32	RPL: Sending a multicast-DIO with rank 645
937636829	ID:35	RPL: Sending a multicast-DIO with rank 653
940309656	ID:34	RPL: Sending a multicast-DIO with rank 555
940709318	ID:36	RPL: Sending a multicast-DIO with rank 591
941042427	ID:32	RPL: Sending a multicast-DIO with rank 645
942636829	ID:35	RPL: Sending a multicast-DIO with rank 653
945309656	ID:34	RPL: Sending a multicast-DIO with rank 555
945709318	ID:36	RPL: Sending a multicast-DIO with rank 591
946042427	ID:32	RPL: Sending a multicast-DIO with rank 645
947636829	ID:35	RPL: Sending a multicast-DIO with rank 653
950309656	ID:34	RPL: Sending a multicast-DIO with rank 555
950709318	ID:36	RPL: Sending a multicast-DIO with rank 591
951042427	ID:32	RPL: Sending a multicast-DIO with rank 645
952636829	ID:35	RPL: Sending a multicast-DIO with rank 653
955309656	ID:34	RPL: Sending a multicast-DIO with rank 555
955709318	ID:36	RPL: Sending a multicast-DIO with rank 591
956042427	ID:32	RPL: Sending a multicast-DIO with rank 645
957636829	ID:35	RPL: Sending a multicast-DIO with rank 653
960309656	ID:34	RPL: Sending a multicast-DIO with rank 555
960709318	ID:36	RPL: Sending a multicast-DIO with rank 591
961042427	ID:32	RPL: Sending a multicast-DIO with rank 645
962636829	ID:35	RPL: Sending a multicast-DIO with rank 653
965309656	ID:34	RPL: Sending a multicast-DIO with rank 555
965709318	ID:36	RPL: Sending a multicast-DIO with rank 591
966042427	ID:32	RPL: Sending a multicast-DIO with rank 645
967636829	ID:35	RPL: Sending a multicast-DIO with rank 653
968470675	ID:33	RPL: Sending a DIS to fe80::c30c:0:0:2
970309656	ID:34	RPL: Sending a multicast-DIO with rank 555
970709318	ID:36	RPL: Sending a multicast-DIO with rank 591
971042427	ID:32	RPL: Sending a multicast-DIO with rank 645
972636829	ID:35	RPL: Sending a multicast-DIO with rank 653
975309656	ID:34	RPL: Sending a multicast-DIO with rank 555
975709318	ID:36	RPL: Sending a multicast-DIO with rank 591
976042427	ID:32	RPL: Sending a multicast-DIO with rank 645
977636829	ID:35	RPL: Sending a multicast-DIO with rank 653
980309656	ID:34	RPL: Sending a multicast-DIO with rank 555
980709318	ID:36	RPL: Sending a multicast-DIO with rank 591
981042427	ID:32	RPL: Sending a multicast-DIO with rank 645
982636829	ID:35	RPL: Sending a multicast-DIO with rank 653
985309655	ID:34	RPL: Sending a multicast-DIO with rank 555
985709318	ID:36	RPL: Sending a multicast-DIO with rank 591
986042427	ID:32	RPL: Sending a multicast-DIO with rank 645
987636830	ID:35	RPL: Sending a multicast-DIO with rank 653
990309656	ID:34	RPL: Sending a multicast-DIO with rank 555
990709318	ID:36	RPL: Sending a multicast-DIO with rank 591
991042427	ID:32	RPL: Sending a multicast-DIO with rank 645
992636829	ID:35	RPL: Sending a multicast-DIO with rank 653
995309656	ID:34	RPL: Sending a multicast-DIO with rank 555
995709318	ID:36	RPL: Sending a multicast-DIO with rank 591
996042427	ID:32	RPL: Sending a multicast-DIO with rank 645
997636829	ID:35	RPL: Sending a multicast-DIO with rank 653
1000309656	ID:34	RPL: Sending a multicast-DIO with rank 555
1000709318	ID:36	RPL: Sending a multicast-DIO with rank 591
1001042427	ID:32	RPL: Sending a multicast-DIO with rank 645
1002636829	ID:35	RPL: Sending a multicast-DIO with rank 653
1005309656	ID:34	RPL: Sending a multicast-DIO with rank 555
1005709318	ID:36	RPL: Sending a multicast-DIO with rank 591
1006042427	ID:32	RPL: Sending a multicast-DIO with rank 645
1007636830	ID:35	RPL: Sending a multicast-DIO with rank 653
1010309656	ID:34	RPL: Sending a multicast-DIO with rank 555
1010709318	ID:36	RPL: Sending a multicast-DIO with rank 591
1011042427	ID:32	RPL: Sending a multicast-DIO with rank 645
1012636829	ID:35	RPL: Sending a multicast-DIO with rank 653
1015309656	ID:34	RPL: Sending a multicast-DIO with rank 555
1015709318	ID:36	RPL: Sending a multicast-DIO with rank 591
1016042427	ID:32	RPL: Sending a multicast-DIO with rank 645
1017636829	ID:35	RPL: Sending a multicast-DIO with rank 653
1020309656	ID:34	RPL: Sending a multicast-DIO with rank 555
1020709318	ID:36	RPL: Sending a multicast-DIO with rank 591
1021042427	ID:32	RPL: Sending a multicast-DIO with rank 645
1022636829	ID:35	RPL: Sending a multicast-DIO with rank 653
1025309656	ID:34	RPL: Sending a multicast-DIO with rank 555
1025709318	ID:36	RPL: Sending a multicast-DIO with rank 591
1026042427	ID:32	RPL: Sending a multicast-DIO with rank 645
1027636830	ID:35	RPL: Sending a multicast-DIO with rank 653
1028470676	ID:33	RPL: Sending a DIS to fe80::c30c:0:0:2
1030309656	ID:34	RPL: Sending a multicast-DIO with rank 555
1030709319	ID:36	RPL: Sending a multicast-DIO with rank 591
1031042427	ID:32	RPL: Sending a multicast-DIO with rank 645
1032636830	ID:35	RPL: Sending a multicast-DIO with rank 653
1035309656	ID:34	RPL: Sending a multicast-DIO with rank 555
1035709319	ID:36	RPL: Sending a multicast-DIO with rank 591
1036042427	ID:32	RPL: Sending a multicast-DIO with rank 645
1037636830	ID:35	RPL: Sending a multicast-DIO with rank 653
1040309656	ID:34	RPL: Sending a multicast-DIO with rank 555
1040709318	ID:36	RPL: Sending a multicast-DIO with rank 591
1041042427	ID:32	RPL: Sending a multicast-DIO with rank 645
1042636830	ID:35	RPL: Sending a multicast-DIO with rank 653
1045309656	ID:34	RPL: Sending a multicast-DIO with rank 555
1045709319	ID:36	RPL: Sending a multicast-DIO with rank 591
1046042427	ID:32	RPL: Sending a multicast-DIO with rank 645
1047636830	ID:35	RPL: Sending a multicast-DIO with rank 653
1050309656	ID:34	RPL: Sending a multicast-DIO with rank 555
1050709319	ID:36	RPL: Sending a multicast-DIO with rank 591
1051042427	ID:32	RPL: Sending a multicast-DIO with rank 645
1052636830	ID:35	RPL: Sending a multicast-DIO with rank 653
1055309656	ID:34	RPL: Sending a multicast-DIO with rank 555
1055709318	ID:36	RPL: Sending a multicast-DIO with rank 591
1056042427	ID:32	RPL: Sending a multicast-DIO with rank 645
1057636830	ID:35	RPL: Sending a multicast-DIO with rank 653
1060309656	ID:34	RPL: Sending a multicast-DIO with rank 555
1060709319	ID:36	RPL: Sending a multicast-DIO with rank 591
1061042427	ID:32	RPL: Sending a multicast-DIO with rank 645
1062636830	ID:35	RPL: Sending a multicast-DIO with rank 653
1065309656	ID:34	RPL: Sending a multicast-DIO with rank 555
1065709319	ID:36	RPL: Sending a multicast-DIO with rank 591
1066042428	ID:32	RPL: Sending a multicast-DIO with rank 645
1067636830	ID:35	RPL: Sending a multicast-DIO with rank 653
1070309656	ID:34	RPL: Sending a multicast-DIO with rank 555
1070709318	ID:36	RPL: Sending a multicast-DIO with rank 591
1071042434	ID:32	RPL: Sending a multicast-DIO with rank 645
1072636830	ID:35	RPL: Sending a multicast-DIO with rank 653
1075309656	ID:34	RPL: Sending a multicast-DIO with rank 555
1075709319	ID:36	RPL: Sending a multicast-DIO with rank 591
1076042427	ID:32	RPL: Sending a multicast-DIO with rank 645
1077636830	ID:35	RPL: Sending a multicast-DIO with rank 653
1080309656	ID:34	RPL: Sending a multicast-DIO with rank 555
1080709319	ID:36	RPL: Sending a multicast-DIO with rank 591
1081042427	ID:32	RPL: Sending a multicast-DIO with rank 645
1082636830	ID:35	RPL: Sending a multicast-DIO with rank 653
1085309656	ID:34	RPL: Sending a multicast-DIO with rank 555
1085709318	ID:36	RPL: Sending a multicast-DIO with rank 591
1086042427	ID:32	RPL: Sending a multicast-DIO with rank 645
1087636830	ID:35	RPL: Sending a multicast-DIO with rank 653
1088470676	ID:33	RPL: Sending a DIS to fe80::c30c:0:0:2
1090309656	ID:34	RPL: Sending a multicast-DIO with rank 555
1090709319	ID:36	RPL: Sending a multicast-DIO with rank 591
1091042427	ID:32	RPL: Sending a multicast-DIO with rank 645
1092636830	ID:35	RPL: Sending a multicast-DIO with rank 653
1095309656	ID:34	RPL: Sending a multicast-DIO with rank 555
1095709319	ID:36	RPL: Sending a multicast-DIO with rank 591
1096042427	ID:32	RPL: Sending a multicast-DIO with rank 645
1097636830	ID:35	RPL: Sending a multicast-DIO with rank 653
1100309656	ID:34	RPL: Sending a multicast-DIO with rank 555
1100709318	ID:36	RPL: Sending a multicast-DIO with rank 591
1101042427	ID:32	RPL: Sending a multicast-DIO with rank 645
1102636830	ID:35	RPL: Sending a multicast-DIO with rank 653
1105309656	ID:34	RPL: Sending a multicast-DIO with rank 555
1105709325	ID:36	RPL: Sending a multicast-DIO with rank 591
1106042427	ID:32	RPL: Sending a multicast-DIO with rank 645
1107636830	ID:35	RPL: Sending a multicast-DIO with rank 653
1110309656	ID:34	RPL: Sending a multicast-DIO with rank 555
1110709319	ID:36	RPL: Sending a multicast-DIO with rank 591
1111042427	ID:32	RPL: Sending a multicast-DIO with rank 645
1112636830	ID:35	RPL: Sending a multicast-DIO with rank 653
1115309656	ID:34	RPL: Sending a multicast-DIO with rank 555
1115709318	ID:36	RPL: Sending a multicast-DIO with rank 591
1116042427	ID:32	RPL: Sending a multicast-DIO with rank 645
1117636830	ID:35	RPL: Sending a multicast-DIO with rank 653
1120309656	ID:34	RPL: Sending a multicast-DIO with rank 555
1120709319	ID:36	RPL: Sending a multicast-DIO with rank 591
1121042427	ID:32	RPL: Sending a multicast-DIO with rank 645
1122636830	ID:35	RPL: Sending a multicast-DIO with rank 653
1125309656	ID:34	RPL: Sending a multicast-DIO with rank 555
1125709319	ID:36	RPL: Sending a multicast-DIO with rank 591
1126042427	ID:32	RPL: Sending a multicast-DIO with rank 645
1127636830	ID:35	RPL: Sending a multicast-DIO with rank 653
1130309656	ID:34	RPL: Sending a multicast-DIO with rank 555
1130709318	ID:36	RPL: Sending a multicast-DIO with rank 591
1131042427	ID:32	RPL: Sending a multicast-DIO with rank 645
1132636830	ID:35	RPL: Sending a multicast-DIO with rank 653
1135309656	ID:34	RPL: Sending a multicast-DIO with rank 555
1135709319	ID:36	RPL: Sending a multicast-DIO with rank 591
1136042427	ID:32	RPL: Sending a multicast-DIO with rank 645
1137636830	ID:35	RPL: Sending a multicast-DIO with rank 653
1140309656	ID:34	RPL: Sending a multicast-DIO with rank 555
1140709319	ID:36	RPL: Sending a multicast-DIO with rank 591
1141042427	ID:32	RPL: Sending a multicast-DIO with rank 645
1142636830	ID:35	RPL: Sending a multicast-DIO with rank 653
1145309663	ID:34	RPL: Sending a multicast-DIO with rank 555
1145709318	ID:36	RPL: Sending a multicast-DIO with rank 591
1146042427	ID:32	RPL: Sending a multicast-DIO with rank 645
1147636830	ID:35	RPL: Sending a multicast-DIO with rank 653
1148470676	ID:33	RPL: Sending a DIS to fe80::c30c:0:0:2
1150309656	ID:34	RPL: Sending a multicast-DIO with rank 555
1150709319	ID:36	RPL: Sending a multicast-DIO with rank 591
1151042427	ID:32	RPL: Sending a multicast-DIO with rank 645
1152636830	ID:35	RPL: Sending a multicast-DIO with rank 653
1155309656	ID:34	RPL: Sending a multicast-DIO with rank 555
1155709319	ID:36	RPL: Sending a multicast-DIO with rank 591
1156042427	ID:32	RPL: Sending a multicast-DIO with rank 645
1157636830	ID:35	RPL: Sending a multicast-DIO with rank 653
1160309656	ID:34	RPL: Sending a multicast-DIO with rank 555
1160709318	ID:36	RPL: Sending a multicast-DIO with rank 591
1161042427	ID:32	RPL: Sending a multicast-DIO with rank 645
1162636830	ID:35	RPL: Sending a multicast-DIO with rank 653
1165309656	ID:34	RPL: Sending a multicast-DIO with rank 555
1165709319	ID:36	RPL: Sending a multicast-DIO with rank 591
1166042427	ID:32	RPL: Sending a multicast-DIO with rank 645
1167636830	ID:35	RPL: Sending a multicast-DIO with rank 653
1170309656	ID:34	RPL: Sending a multicast-DIO with rank 555
1170709319	ID:36	RPL: Sending a multicast-DIO with rank 591
1171042427	ID:32	RPL: Sending a multicast-DIO with rank 645
1172636830	ID:35	RPL: Sending a multicast-DIO with rank 653
1175309656	ID:34	RPL: Sending a multicast-DIO with rank 555
1175709318	ID:36	RPL: Sending a multicast-DIO with rank 591
1176042427	ID:32	RPL: Sending a multicast-DIO with rank 645
1177636830	ID:35	RPL: Sending a multicast-DIO with rank 653
1180309656	ID:34	RPL: Sending a multicast-DIO with rank 555
1180709319	ID:36	RPL: Sending a multicast-DIO with rank 591
1181042427	ID:32	RPL: Sending a multicast-DIO with rank 645
1182636830	ID:35	RPL: Sending a multicast-DIO with rank 653
1185309656	ID:34	RPL: Sending a multicast-DIO with rank 555
1185709319	ID:36	RPL: Sending a multicast-DIO with rank 591
1186042427	ID:32	RPL: Sending a multicast-DIO with rank 645
1187636837	ID:35	RPL: Sending a multicast-DIO with rank 653
1190309656	ID:34	RPL: Sending a multicast-DIO with rank 555
1190709318	ID:36	RPL: Sending a multicast-DIO with rank 591
1191042427	ID:32	RPL: Sending a multicast-DIO with rank 645
1192636830	ID:35	RPL: Sending a multicast-DIO with rank 653
1195309656	ID:34	RPL: Sending a multicast-DIO with rank 555
1195709319	ID:36	RPL: Sending a multicast-DIO with rank 591
1196042427	ID:32	RPL: Sending a multicast-DIO with rank 645
1197636830	ID:35	RPL: Sending a multicast-DIO with rank 653
1200309656	ID:34	RPL: Sending a multicast-DIO with rank 555
1200709319	ID:36	RPL: Sending a multicast-DIO with rank 591
1201042427	ID:32	RPL: Sending a multicast-DIO with rank 645
1202636835	ID:35	RPL: Sending a multicast-DIO with rank 653
1205309661	ID:34	RPL: Sending a multicast-DIO with rank 555
1205709323	ID:36	RPL: Sending a multicast-DIO with rank 591
1206042432	ID:32	RPL: Sending a multicast-DIO with rank 645
1207636829	ID:35	RPL: Sending a multicast-DIO with rank 653
1208470675	ID:33	RPL: Sending a DIS to fe80::c30c:0:0:2
1210309655	ID:34	RPL: Sending a multicast-DIO with rank 555
1210709317	ID:36	RPL: Sending a multicast-DIO with rank 591
1211042426	ID:32	RPL: Sending a multicast-DIO with rank 645
1212636829	ID:35	RPL: Sending a multicast-DIO with rank 653
1215309655	ID:34	RPL: Sending a multicast-DIO with rank 555
1215709317	ID:36	RPL: Sending a multicast-DIO with rank 591
1216042426	ID:32	RPL: Sending a multicast-DIO with rank 645
1217636829	ID:35	RPL: Sending a multicast-DIO with rank 653
1220309655	ID:34	RPL: Sending a multicast-DIO with rank 555
1220709317	ID:36	RPL: Sending a multicast-DIO with rank 591
1221042426	ID:32	RPL: Sending a multicast-DIO with rank 645
1222636829	ID:35	RPL: Sending a multicast-DIO with rank 653
1225309655	ID:34	RPL: Sending a multicast-DIO with rank 555
1225709317	ID:36	RPL: Sending a multicast-DIO with rank 591
1226042426	ID:32	RPL: Sending a multicast-DIO with rank 645
1227636829	ID:35	RPL: Sending a multicast-DIO with rank 653
1230309655	ID:34	RPL: Sending a multicast-DIO with rank 555
1230709317	ID:36	RPL: Sending a multicast-DIO with rank 591
1231042426	ID:32	RPL: Sending a multicast-DIO with rank 645
1232636829	ID:35	RPL: Sending a multicast-DIO with rank 653
1235309655	ID:34	RPL: Sending a multicast-DIO with rank 555
1235709317	ID:36	RPL: Sending a multicast-DIO with rank 591
1236042426	ID:32	RPL: Sending a multicast-DIO with rank 645
1237636829	ID:35	RPL: Sending a multicast-DIO with rank 653
1240309655	ID:34	RPL: Sending a multicast-DIO with rank 555
1240709317	ID:36	RPL: Sending a multicast-DIO with rank 591
1241042426	ID:32	RPL: Sending a multicast-DIO with rank 645
1242636829	ID:35	RPL: Sending a multicast-DIO with rank 653
1245309655	ID:34	RPL: Sending a multicast-DIO with rank 555
1245709317	ID:36	RPL: Sending a multicast-DIO with rank 591
1246042426	ID:32	RPL: Sending a multicast-DIO with rank 645
1247636829	ID:35	RPL: Sending a multicast-DIO with rank 653
1250309655	ID:34	RPL: Sending a multicast-DIO with rank 555
1250709317	ID:36	RPL: Sending a multicast-DIO with rank 591
1251042426	ID:32	RPL: Sending a multicast-DIO with rank 645
1252636829	ID:35	RPL: Sending a multicast-DIO with rank 653
1255309655	ID:34	RPL: Sending a multicast-DIO with rank 555
1255709317	ID:36	RPL: Sending a multicast-DIO with rank 591
1256042426	ID:32	RPL: Sending a multicast-DIO with rank 645
1257636829	ID:35	RPL: Sending a multicast-DIO with rank 653
1260309655	ID:34	RPL: Sending a multicast-DIO with rank 555
1260709317	ID:36	RPL: Sending a multicast-DIO with rank 591
1261042426	ID:32	RPL: Sending a multicast-DIO with rank 645
1262636829	ID:35	RPL: Sending a multicast-DIO with rank 653
1265309655	ID:34	RPL: Sending a multicast-DIO with rank 555
1265709317	ID:36	RPL: Sending a multicast-DIO with rank 591
1266042426	ID:32	RPL: Sending a multicast-DIO with rank 645
1267636829	ID:35	RPL: Sending a multicast-DIO with rank 653
1268470675	ID:33	RPL: Sending a DIS to fe80::c30c:0:0:2
1270309655	ID:34	RPL: Sending a multicast-DIO with rank 555
1270709317	ID:36	RPL: Sending a multicast-DIO with rank 591
1271042426	ID:32	RPL: Sending a multicast-DIO with rank 645
1272636829	ID:35	RPL: Sending a multicast-DIO with rank 653
1275309655	ID:34	RPL: Sending a multicast-DIO with rank 555
1275709317	ID:36	RPL: Sending a multicast-DIO with rank 591
1276042426	ID:32	RPL: Sending a multicast-DIO with rank 645
1277636829	ID:35	RPL: Sending a multicast-DIO with rank 653
1280309655	ID:34	RPL: Sending a multicast-DIO with rank 555
1280709317	ID:36	RPL: Sending a multicast-DIO with rank 591
1281042426	ID:32	RPL: Sending a multicast-DIO with rank 645
1282636829	ID:35	RPL: Sending a multicast-DIO with rank 653
1285309655	ID:34	RPL: Sending a multicast-DIO with rank 555
1285709317	ID:36	RPL: Sending a multicast-DIO with rank 591
1286042426	ID:32	RPL: Sending a multicast-DIO with rank 645
1287636829	ID:35	RPL: Sending a multicast-DIO with rank 653
1290309655	ID:34	RPL: Sending a multicast-DIO with rank 555
1290709317	ID:36	RPL: Sending a multicast-DIO with rank 591
1291042426	ID:32	RPL: Sending a multicast-DIO with rank 645
1292636829	ID:35	RPL: Sending a multicast-DIO with rank 653
1295309655	ID:34	RPL: Sending a multicast-DIO with rank 555
1295709317	ID:36	RPL: Sending a multicast-DIO with rank 591
1296042426	ID:32	RPL: Sending a multicast-DIO with rank 645
1297636829	ID:35	RPL: Sending a multicast-DIO with rank 653
1300309655	ID:34	RPL: Sending a multicast-DIO with rank 555
1300709317	ID:36	RPL: Sending a multicast-DIO with rank 591
1301042426	ID:32	RPL: Sending a multicast-DIO with rank 645
1302636829	ID:35	RPL: Sending a multicast-DIO with rank 653
1305309655	ID:34	RPL: Sending a multicast-DIO with rank 555
1305709317	ID:36	RPL: Sending a multicast-DIO with rank 591
1306042426	ID:32	RPL: Sending a multicast-DIO with rank 645
1307636829	ID:35	RPL: Sending a multicast-DIO with rank 653
1310309655	ID:34	RPL: Sending a multicast-DIO with rank 555
1310709317	ID:36	RPL: Sending a multicast-DIO with rank 591
1311042426	ID:32	RPL: Sending a multicast-DIO with rank 645
1312636829	ID:35	RPL: Sending a multicast-DIO with rank 653
1315309655	ID:34	RPL: Sending a multicast-DIO with rank 555
1315709317	ID:36	RPL: Sending a multicast-DIO with rank 591
1316042426	ID:32	RPL: Sending a multicast-DIO with rank 645
1317636829	ID:35	RPL: Sending a multicast-DIO with rank 653
1320309655	ID:34	RPL: Sending a multicast-DIO with rank 555
1320709317	ID:36	RPL: Sending a multicast-DIO with rank 591
1321042426	ID:32	RPL: Sending a multicast-DIO with rank 645
1322636829	ID:35	RPL: Sending a multicast-DIO with rank 653
1325309655	ID:34	RPL: Sending a multicast-DIO with rank 555
1325709317	ID:36	RPL: Sending a multicast-DIO with rank 591
1326042426	ID:32	RPL: Sending a multicast-DIO with rank 645
1327636829	ID:35	RPL: Sending a multicast-DIO with rank 653
1328470675	ID:33	RPL: Sending a DIS to fe80::c30c:0:0:2
1330309655	ID:34	RPL: Sending a multicast-DIO with rank 555
1330709317	ID:36	RPL: Sending a multicast-DIO with rank 591
1331042426	ID:32	RPL: Sending a multicast-DIO with rank 645
1332636829	ID:35	RPL: Sending a multicast-DIO with rank 653
1335309655	ID:34	RPL: Sending a multicast-DIO with rank 555
1335709317	ID:36	RPL: Sending a multicast-DIO with rank 591
1336042426	ID:32	RPL: Sending a multicast-DIO with rank 645
1337636829	ID:35	RPL: Sending a multicast-DIO with rank 653
1340309655	ID:34	RPL: Sending a multicast-DIO with rank 555
1340709317	ID:36	RPL: Sending a multicast-DIO with rank 591
1341042426	ID:32	RPL: Sending a multicast-DIO with rank 645
1342636829	ID:35	RPL: Sending a multicast-DIO with rank 653
1345309655	ID:34	RPL: Sending a multicast-DIO with rank 555
1345709317	ID:36	RPL: Sending a multicast-DIO with rank 591
1346042426	ID:32	RPL: Sending a multicast-DIO with rank 645
1347636829	ID:35	RPL: Sending a multicast-DIO with rank 653
1350309655	ID:34	RPL: Sending a multicast-DIO with rank 555
1350709317	ID:36	RPL: Sending a multicast-DIO with rank 591
1351042426	ID:32	RPL: Sending a multicast-DIO with rank 645
1352636829	ID:35	RPL: Sending a multicast-DIO with rank 653
1355309655	ID:34	RPL: Sending a multicast-DIO with rank 555
1355709317	ID:36	RPL: Sending a multicast-DIO with rank 591
1356042426	ID:32	RPL: Sending a multicast-DIO with rank 645
1357636829	ID:35	RPL: Sending a multicast-DIO with rank 653
1360309655	ID:34	RPL: Sending a multicast-DIO with rank 555
1360709317	ID:36	RPL: Sending a multicast-DIO with rank 591
1361042426	ID:32	RPL: Sending a multicast-DIO with rank 645
1362636829	ID:35	RPL: Sending a multicast-DIO with rank 653
1365309655	ID:34	RPL: Sending a multicast-DIO with rank 555
1365709317	ID:36	RPL: Sending a multicast-DIO with rank 591
1366042426	ID:32	RPL: Sending a multicast-DIO with rank 645
1367636829	ID:35	RPL: Sending a multicast-DIO with rank 653
1370309655	ID:34	RPL: Sending a multicast-DIO with rank 555
1370709317	ID:36	RPL: Sending a multicast-DIO with rank 591
1371042426	ID:32	RPL: Sending a multicast-DIO with rank 645
1372636829	ID:35	RPL: Sending a multicast-DIO with rank 653
1375309655	ID:34	RPL: Sending a multicast-DIO with rank 555
1375709317	ID:36	RPL: Sending a multicast-DIO with rank 591
1376042426	ID:32	RPL: Sending a multicast-DIO with rank 645
1377636829	ID:35	RPL: Sending a multicast-DIO with rank 653
1380309655	ID:34	RPL: Sending a multicast-DIO with rank 555
1380709317	ID:36	RPL: Sending a multicast-DIO with rank 591
1381042426	ID:32	RPL: Sending a multicast-DIO with rank 645
1382636829	ID:35	RPL: Sending a multicast-DIO with rank 653
1385309655	ID:34	RPL: Sending a multicast-DIO with rank 555
1385709317	ID:36	RPL: Sending a multicast-DIO with rank 591
1386042426	ID:32	RPL: Sending a multicast-DIO with rank 645
1387636829	ID:35	RPL: Sending a multicast-DIO with rank 653
1388470675	ID:33	RPL: Sending a DIS to fe80::c30c:0:0:2
1390309655	ID:34	RPL: Sending a multicast-DIO with rank 555
1390709317	ID:36	RPL: Sending a multicast-DIO with rank 591
1391042426	ID:32	RPL: Sending a multicast-DIO with rank 645
1392636829	ID:35	RPL: Sending a multicast-DIO with rank 653
1395309655	ID:34	RPL: Sending a multicast-DIO with rank 555
1395709317	ID:36	RPL: Sending a multicast-DIO with rank 591
1396042426	ID:32	RPL: Sending a multicast-DIO with rank 645
1397636829	ID:35	RPL: Sending a multicast-DIO with rank 653
1400309655	ID:34	RPL: Sending a multicast-DIO with rank 555
1400709317	ID:36	RPL: Sending a multicast-DIO with rank 591
1401042426	ID:32	RPL: Sending a multicast-DIO with rank 645
1402636829	ID:35	RPL: Sending a multicast-DIO with rank 653
1405309655	ID:34	RPL: Sending a multicast-DIO with rank 555
1405709317	ID:36	RPL: Sending a multicast-DIO with rank 591
1406042426	ID:32	RPL: Sending a multicast-DIO with rank 645
1407636829	ID:35	RPL: Sending a multicast-DIO with rank 653
1410309655	ID:34	RPL: Sending a multicast-DIO with rank 555
1410709317	ID:36	RPL: Sending a multicast-DIO with rank 591
1411042426	ID:32	RPL: Sending a multicast-DIO with rank 645
1412636829	ID:35	RPL: Sending a multicast-DIO with rank 653
1415309655	ID:34	RPL: Sending a multicast-DIO with rank 555
1415709317	ID:36	RPL: Sending a multicast-DIO with rank 591
1416042433	ID:32	RPL: Sending a multicast-DIO with rank 645
1417636829	ID:35	RPL: Sending a multicast-DIO with rank 653
1420309655	ID:34	RPL: Sending a multicast-DIO with rank 555
1420709317	ID:36	RPL: Sending a multicast-DIO with rank 591
1421042426	ID:32	RPL: Sending a multicast-DIO with rank 645
1422636829	ID:35	RPL: Sending a multicast-DIO with rank 653
1425309655	ID:34	RPL: Sending a multicast-DIO with rank 555
1425709317	ID:36	RPL: Sending a multicast-DIO with rank 591
1426042426	ID:32	RPL: Sending a multicast-DIO with rank 645
1427636829	ID:35	RPL: Sending a multicast-DIO with rank 653
1430309655	ID:34	RPL: Sending a multicast-DIO with rank 555
1430709317	ID:36	RPL: Sending a multicast-DIO with rank 591
1431042426	ID:32	RPL: Sending a multicast-DIO with rank 645
1432636829	ID:35	RPL: Sending a multicast-DIO with rank 653
1435309655	ID:34	RPL: Sending a multicast-DIO with rank 555
1435709317	ID:36	RPL: Sending a multicast-DIO with rank 591
1436042426	ID:32	RPL: Sending a multicast-DIO with rank 645
1437636829	ID:35	RPL: Sending a multicast-DIO with rank 653
1440309655	ID:34	RPL: Sending a multicast-DIO with rank 555
1440709317	ID:36	RPL: Sending a multicast-DIO with rank 591
1441042426	ID:32	RPL: Sending a multicast-DIO with rank 645
1442636829	ID:35	RPL: Sending a multicast-DIO with rank 653
1445309655	ID:34	RPL: Sending a multicast-DIO with rank 555
1445709317	ID:36	RPL: Sending a multicast-DIO with rank 591
1446042426	ID:32	RPL: Sending a multicast-DIO with rank 645
1447636829	ID:35	RPL: Sending a multicast-DIO with rank 653
1448470675	ID:33	RPL: Sending a DIS to fe80::c30c:0:0:2
1450309655	ID:34	RPL: Sending a multicast-DIO with rank 555
1450709317	ID:36	RPL: Sending a multicast-DIO with rank 591
1451042426	ID:32	RPL: Sending a multicast-DIO with rank 645
1452636829	ID:35	RPL: Sending a multicast-DIO with rank 653
1455309655	ID:34	RPL: Sending a multicast-DIO with rank 555
1455709317	ID:36	RPL: Sending a multicast-DIO with rank 591
1456042426	ID:32	RPL: Sending a multicast-DIO with rank 645
1457636829	ID:35	RPL: Sending a multicast-DIO with rank 653
1460309655	ID:34	RPL: Sending a multicast-DIO with rank 555
1460709317	ID:36	RPL: Sending a multicast-DIO with rank 591
1461042426	ID:32	RPL: Sending a multicast-DIO with rank 645
1462636829	ID:35	RPL: Sending a multicast-DIO with rank 653
1465309662	ID:34	RPL: Sending a multicast-DIO with rank 555
1465709317	ID:36	RPL: Sending a multicast-DIO with rank 591
1466042426	ID:32	RPL: Sending a multicast-DIO with rank 645
1467636829	ID:35	RPL: Sending a multicast-DIO with rank 653
1470309655	ID:34	RPL: Sending a multicast-DIO with rank 555
1470709324	ID:36	RPL: Sending a multicast-DIO with rank 591
1471042426	ID:32	RPL: Sending a multicast-DIO with rank 645
1472636829	ID:35	RPL: Sending a multicast-DIO with rank 653
1475309655	ID:34	RPL: Sending a multicast-DIO with rank 555
1475709317	ID:36	RPL: Sending a multicast-DIO with rank 591
1476042426	ID:32	RPL: Sending a multicast-DIO with rank 645
1477636829	ID:35	RPL: Sending a multicast-DIO with rank 653
1480309655	ID:34	RPL: Sending a multicast-DIO with rank 555
1480709317	ID:36	RPL: Sending a multicast-DIO with rank 591
1481042426	ID:32	RPL: Sending a multicast-DIO with rank 645
1482636829	ID:35	RPL: Sending a multicast-DIO with rank 653
1485309655	ID:34	RPL: Sending a multicast-DIO with rank 555
1485709317	ID:36	RPL: Sending a multicast-DIO with rank 591
1486042426	ID:32	RPL: Sending a multicast-DIO with rank 645
1487636829	ID:35	RPL: Sending a multicast-DIO with rank 653
1490309655	ID:34	RPL: Sending a multicast-DIO with rank 555
1490709317	ID:36	RPL: Sending a multicast-DIO with rank 591
1491042426	ID:32	RPL: Sending a multicast-DIO with rank 645
1492636829	ID:35	RPL: Sending a multicast-DIO with rank 653
1495309655	ID:34	RPL: Sending a multicast-DIO with rank 555
1495709317	ID:36	RPL: Sending a multicast-DIO with rank 591
1496042426	ID:32	RPL: Sending a multicast-DIO with rank 645
1497636829	ID:35	RPL: Sending a multicast-DIO with rank 653
1500309655	ID:34	RPL: Sending a multicast-DIO with rank 555
1500709317	ID:36	RPL: Sending a multicast-DIO with rank 591
1501042426	ID:32	RPL: Sending a multicast-DIO with rank 645
1502636829	ID:35	RPL: Sending a multicast-DIO with rank 653
1505309655	ID:34	RPL: Sending a multicast-DIO with rank 555
1505709317	ID:36	RPL: Sending a multicast-DIO with rank 591
1506042426	ID:32	RPL: Sending a multicast-DIO with rank 645
1507636829	ID:35	RPL: Sending a multicast-DIO with rank 653
1508470675	ID:33	RPL: Sending a DIS to fe80::c30c:0:0:2
1510309655	ID:34	RPL: Sending a multicast-DIO with rank 555
1510709317	ID:36	RPL: Sending a multicast-DIO with rank 591
1511042426	ID:32	RPL: Sending a multicast-DIO with rank 645
1512636829	ID:35	RPL: Sending a multicast-DIO with rank 653
1515309655	ID:34	RPL: Sending a multicast-DIO with rank 555
1515709317	ID:36	RPL: Sending a multicast-DIO with rank 591
1516042426	ID:32	RPL: Sending a multicast-DIO with rank 645
1517636829	ID:35	RPL: Sending a multicast-DIO with rank 653
1520309655	ID:34	RPL: Sending a multicast-DIO with rank 555
1520709317	ID:36	RPL: Sending a multicast-DIO with rank 591
1521042426	ID:32	RPL: Sending a multicast-DIO with rank 645
1522636829	ID:35	RPL: Sending a multicast-DIO with rank 653
1525309655	ID:34	RPL: Sending a multicast-DIO with rank 555
1525709317	ID:36	RPL: Sending a multicast-DIO with rank 591
1526042426	ID:32	RPL: Sending a multicast-DIO with rank 645
1527636829	ID:35	RPL: Sending a multicast-DIO with rank 653
1530309655	ID:34	RPL: Sending a multicast-DIO with rank 555
1530709317	ID:36	RPL: Sending a multicast-DIO with rank 591
1531042426	ID:32	RPL: Sending a multicast-DIO with rank 645
1532636829	ID:35	RPL: Sending a multicast-DIO with rank 653
1535309655	ID:34	RPL: Sending a multicast-DIO with rank 555
1535709317	ID:36	RPL: Sending a multicast-DIO with rank 591
1536042426	ID:32	RPL: Sending a multicast-DIO with rank 645
1537636829	ID:35	RPL: Sending a multicast-DIO with rank 653
1540309655	ID:34	RPL: Sending a multicast-DIO with rank 555
1540709317	ID:36	RPL: Sending a multicast-DIO with rank 591
1541042426	ID:32	RPL: Sending a multicast-DIO with rank 645
1542636836	ID:35	RPL: Sending a multicast-DIO with rank 653
1545309655	ID:34	RPL: Sending a multicast-DIO with rank 555
1545709317	ID:36	RPL: Sending a multicast-DIO with rank 591
1546042426	ID:32	RPL: Sending a multicast-DIO with rank 645
1547636829	ID:35	RPL: Sending a multicast-DIO with rank 653
1550309655	ID:34	RPL: Sending a multicast-DIO with rank 555
1550709317	ID:36	RPL: Sending a multicast-DIO with rank 591
1551042426	ID:32	RPL: Sending a multicast-DIO with rank 645
1552636829	ID:35	RPL: Sending a multicast-DIO with rank 653
1555309655	ID:34	RPL: Sending a multicast-DIO with rank 555
1555709317	ID:36	RPL: Sending a multicast-DIO with rank 591
1556042426	ID:32	RPL: Sending a multicast-DIO with rank 645
1557636829	ID:35	RPL: Sending a multicast-DIO with rank 653
1560309655	ID:34	RPL: Sending a multicast-DIO with rank 555
1560709317	ID:36	RPL: Sending a multicast-DIO with rank 591
1561042426	ID:32	RPL: Sending a multicast-DIO with rank 645
1562636829	ID:35	RPL: Sending a multicast-DIO with rank 653
1565309655	ID:34	RPL: Sending a multicast-DIO with rank 555
1565709317	ID:36	RPL: Sending a multicast-DIO with rank 591
1566042426	ID:32	RPL: Sending a multicast-DIO with rank 645
1567636829	ID:35	RPL: Sending a multicast-DIO with rank 653
1568470675	ID:33	RPL: Sending a DIS to fe80::c30c:0:0:2
1570309655	ID:34	RPL: Sending a multicast-DIO with rank 555
1570709317	ID:36	RPL: Sending a multicast-DIO with rank 591
1571042426	ID:32	RPL: Sending a multicast-DIO with rank 645
1572636829	ID:35	RPL: Sending a multicast-DIO with rank 653
1575309655	ID:34	RPL: Sending a multicast-DIO with rank 555
1575709317	ID:36	RPL: Sending a multicast-DIO with rank 591
1576042426	ID:32	RPL: Sending a multicast-DIO with rank 645
1577636829	ID:35	RPL: Sending a multicast-DIO with rank 653
1580309655	ID:34	RPL: Sending a multicast-DIO with rank 555
1580709317	ID:36	RPL: Sending a multicast-DIO with rank 591
1581042426	ID:32	RPL: Sending a multicast-DIO with rank 645
1582636829	ID:35	RPL: Sending a multicast-DIO with rank 653
1585309655	ID:34	RPL: Sending a multicast-DIO with rank 555
1585709317	ID:36	RPL: Sending a multicast-DIO with rank 591
1586042426	ID:32	RPL: Sending a multicast-DIO with rank 645
1587636829	ID:35	RPL: Sending a multicast-DIO with rank 653
1590309655	ID:34	RPL: Sending a multicast-DIO with rank 555
1590709317	ID:36	RPL: Sending a multicast-DIO with rank 591
1591042426	ID:32	RPL: Sending a multicast-DIO with rank 645
1592636829	ID:35	RPL: Sending a multicast-DIO with rank 653
1595309655	ID:34	RPL: Sending a multicast-DIO with rank 555
1595709317	ID:36	RPL: Sending a multicast-DIO with rank 591
1596042426	ID:32	RPL: Sending a multicast-DIO with rank 645
1597636829	ID:35	RPL: Sending a multicast-DIO with rank 653
1600309655	ID:34	RPL: Sending a multicast-DIO with rank 555
1600709317	ID:36	RPL: Sending a multicast-DIO with rank 591
1601042426	ID:32	RPL: Sending a multicast-DIO with rank 645
1602636829	ID:35	RPL: Sending a multicast-DIO with rank 653
1605309655	ID:34	RPL: Sending a multicast-DIO with rank 555
1605709317	ID:36	RPL: Sending a multicast-DIO with rank 591
1606042426	ID:32	RPL: Sending a multicast-DIO with rank 645
1607636829	ID:35	RPL: Sending a multicast-DIO with rank 653
1610309655	ID:34	RPL: Sending a multicast-DIO with rank 555
1610709317	ID:36	RPL: Sending a multicast-DIO with rank 591
1611042426	ID:32	RPL: Sending a multicast-DIO with rank 645
1612636829	ID:35	RPL: Sending a multicast-DIO with rank 653
1615309655	ID:34	RPL: Sending a multicast-DIO with rank 555
1615709317	ID:36	RPL: Sending a multicast-DIO with rank 591
1616042426	ID:32	RPL: Sending a multicast-DIO with rank 645
1617636829	ID:35	RPL: Sending a multicast-DIO with rank 653
1620309655	ID:34	RPL: Sending a multicast-DIO with rank 555
1620709317	ID:36	RPL: Sending a multicast-DIO with rank 591
1621042426	ID:32	RPL: Sending a multicast-DIO with rank 645
1622636829	ID:35	RPL: Sending a multicast-DIO with rank 653
1625309655	ID:34	RPL: Sending a multicast-DIO with rank 555
1625709317	ID:36	RPL: Sending a multicast-DIO with rank 591
1626042426	ID:32	RPL: Sending a multicast-DIO with rank 645
1627636829	ID:35	RPL: Sending a multicast-DIO with rank 653
1628470675	ID:33	RPL: Sending a DIS to fe80::c30c:0:0:2
1630309655	ID:34	RPL: Sending a multicast-DIO with rank 555
1630709317	ID:36	RPL: Sending a multicast-DIO with rank 591
1631042426	ID:32	RPL: Sending a multicast-DIO with rank 645
1632636829	ID:35	RPL: Sending a multicast-DIO with rank 653
1635309655	ID:34	RPL: Sending a multicast-DIO with rank 555
1635709317	ID:36	RPL: Sending a multicast-DIO with rank 591
1636042426	ID:32	RPL: Sending a multicast-DIO with rank 645
1637636829	ID:35	RPL: Sending a multicast-DIO with rank 653
1640309655	ID:34	RPL: Sending a multicast-DIO with rank 555
1640709317	ID:36	RPL: Sending a multicast-DIO with rank 591
1641042426	ID:32	RPL: Sending a multicast-DIO with rank 645
1642636829	ID:35	RPL: Sending a multicast-DIO with rank 653
1645309655	ID:34	RPL: Sending a multicast-DIO with rank 555
1645709317	ID:36	RPL: Sending a multicast-DIO with rank 591
1646042426	ID:32	RPL: Sending a multicast-DIO with rank 645
1647636829	ID:35	RPL: Sending a multicast-DIO with rank 653
1650309655	ID:34	RPL: Sending a multicast-DIO with rank 555
1650709317	ID:36	RPL: Sending a multicast-DIO with rank 591
1651042426	ID:32	RPL: Sending a multicast-DIO with rank 645
1652636829	ID:35	RPL: Sending a multicast-DIO with rank 653
1655309655	ID:34	RPL: Sending a multicast-DIO with rank 555
1655709317	ID:36	RPL: Sending a multicast-DIO with rank 591
1656042426	ID:32	RPL: Sending a multicast-DIO with rank 645
1657636829	ID:35	RPL: Sending a multicast-DIO with rank 653
1660309655	ID:34	RPL: Sending a multicast-DIO with rank 555
1660709317	ID:36	RPL: Sending a multicast-DIO with rank 591
1661042426	ID:32	RPL: Sending a multicast-DIO with rank 645
1662636829	ID:35	RPL: Sending a multicast-DIO with rank 653
1665309655	ID:34	RPL: Sending a multicast-DIO with rank 555
1665709317	ID:36	RPL: Sending a multicast-DIO with rank 591
1666042426	ID:32	RPL: Sending a multicast-DIO with rank 645
1667636829	ID:35	RPL: Sending a multicast-DIO with rank 653
1670309655	ID:34	RPL: Sending a multicast-DIO with rank 555
1670709317	ID:36	RPL: Sending a multicast-DIO with rank 591
1671042426	ID:32	RPL: Sending a multicast-DIO with rank 645
1672636829	ID:35	RPL: Sending a multicast-DIO with rank 653
1675309655	ID:34	RPL: Sending a multicast-DIO with rank 555
1675709317	ID:36	RPL: Sending a multicast-DIO with rank 591
1676042426	ID:32	RPL: Sending a multicast-DIO with rank 645
1677636829	ID:35	RPL: Sending a multicast-DIO with rank 653
1680309655	ID:34	RPL: Sending a multicast-DIO with rank 555
1680709317	ID:36	RPL: Sending a multicast-DIO with rank 591
1681042426	ID:32	RPL: Sending a multicast-DIO with rank 645
1682636829	ID:35	RPL: Sending a multicast-DIO with rank 653
1685309655	ID:34	RPL: Sending a multicast-DIO with rank 555
1685709317	ID:36	RPL: Sending a multicast-DIO with rank 591
1686042426	ID:32	RPL: Sending a multicast-DIO with rank 645
1687636829	ID:35	RPL: Sending a multicast-DIO with rank 653
1688470675	ID:33	RPL: Sending a DIS to fe80::c30c:0:0:2
1690309655	ID:34	RPL: Sending a multicast-DIO with rank 555
1690709317	ID:36	RPL: Sending a multicast-DIO with rank 591
1691042426	ID:32	RPL: Sending a multicast-DIO with rank 645
1692636829	ID:35	RPL: Sending a multicast-DIO with rank 653
1695309655	ID:34	RPL: Sending a multicast-DIO with rank 555
1695709317	ID:36	RPL: Sending a multicast-DIO with rank 591
1696042426	ID:32	RPL: Sending a multicast-DIO with rank 645
1697636829	ID:35	RPL: Sending a multicast-DIO with rank 653
1700309655	ID:34	RPL: Sending a multicast-DIO with rank 555
1700709317	ID:36	RPL: Sending a multicast-DIO with rank 591
1701042426	ID:32	RPL: Sending a multicast-DIO with rank 645
1702636829	ID:35	RPL: Sending a multicast-DIO with rank 653
1705309655	ID:34	RPL: Sending a multicast-DIO with rank 555
1705709317	ID:36	RPL: Sending a multicast-DIO with rank 591
1706042426	ID:32	RPL: Sending a multicast-DIO with rank 645
1707636829	ID:35	RPL: Sending a multicast-DIO with rank 653
1710309655	ID:34	RPL: Sending a multicast-DIO with rank 555
1710709317	ID:36	RPL: Sending a multicast-DIO with rank 591
1711042426	ID:32	RPL: Sending a multicast-DIO with rank 645
1712636829	ID:35	RPL: Sending a multicast-DIO with rank 653
1715309655	ID:34	RPL: Sending a multicast-DIO with rank 555
1715709317	ID:36	RPL: Sending a multicast-DIO with rank 591
1716042426	ID:32	RPL: Sending a multicast-DIO with rank 645
1717636829	ID:35	RPL: Sending a multicast-DIO with rank 653
1720309655	ID:34	RPL: Sending a multicast-DIO with rank 555
1720709317	ID:36	RPL: Sending a multicast-DIO with rank 591
1721042426	ID:32	RPL: Sending a multicast-DIO with rank 645
1722636829	ID:35	RPL: Sending a multicast-DIO with rank 653
1725309655	ID:34	RPL: Sending a multicast-DIO with rank 555
1725709317	ID:36	RPL: Sending a multicast-DIO with rank 591
1726042426	ID:32	RPL: Sending a multicast-DIO with rank 645
1727636829	ID:35	RPL: Sending a multicast-DIO with rank 653
1730309655	ID:34	RPL: Sending a multicast-DIO with rank 555
1730709317	ID:36	RPL: Sending a multicast-DIO with rank 591
1731042426	ID:32	RPL: Sending a multicast-DIO with rank 645
1732636829	ID:35	RPL: Sending a multicast-DIO with rank 653
1735309655	ID:34	RPL: Sending a multicast-DIO with rank 555
1735709317	ID:36	RPL: Sending a multicast-DIO with rank 591
1736042433	ID:32	RPL: Sending a multicast-DIO with rank 645
1737636829	ID:35	RPL: Sending a multicast-DIO with rank 653
1740309655	ID:34	RPL: Sending a multicast-DIO with rank 555
1740709317	ID:36	RPL: Sending a multicast-DIO with rank 591
1741042426	ID:32	RPL: Sending a multicast-DIO with rank 645
1742636829	ID:35	RPL: Sending a multicast-DIO with rank 653
1745309655	ID:34	RPL: Sending a multicast-DIO with rank 555
1745709317	ID:36	RPL: Sending a multicast-DIO with rank 591
1746042426	ID:32	RPL: Sending a multicast-DIO with rank 645
1747636829	ID:35	RPL: Sending a multicast-DIO with rank 653
1748470675	ID:33	RPL: Sending a DIS to fe80::c30c:0:0:2
1750309655	ID:34	RPL: Sending a multicast-DIO with rank 555
1750709317	ID:36	RPL: Sending a multicast-DIO with rank 591
1751042426	ID:32	RPL: Sending a multicast-DIO with rank 645
1752636829	ID:35	RPL: Sending a multicast-DIO with rank 653
1755309655	ID:34	RPL: Sending a multicast-DIO with rank 555
1755709317	ID:36	RPL: Sending a multicast-DIO with rank 591
1756042426	ID:32	RPL: Sending a multicast-DIO with rank 645
1757636829	ID:35	RPL: Sending a multicast-DIO with rank 653
1760309655	ID:34	RPL: Sending a multicast-DIO with rank 555
1760709317	ID:36	RPL: Sending a multicast-DIO with rank 591
1761042426	ID:32	RPL: Sending a multicast-DIO with rank 645
1762636829	ID:35	RPL: Sending a multicast-DIO with rank 653
1765309655	ID:34	RPL: Sending a multicast-DIO with rank 555
1765709317	ID:36	RPL: Sending a multicast-DIO with rank 591
1766042426	ID:32	RPL: Sending a multicast-DIO with rank 645
1767636829	ID:35	RPL: Sending a multicast-DIO with rank 653
1770309655	ID:34	RPL: Sending a multicast-DIO with rank 555
1770709317	ID:36	RPL: Sending a multicast-DIO with rank 591
1771042426	ID:32	RPL: Sending a multicast-DIO with rank 645
1772636829	ID:35	RPL: Sending a multicast-DIO with rank 653
1775309655	ID:34	RPL: Sending a multicast-DIO with rank 555
1775709317	ID:36	RPL: Sending a multicast-DIO with rank 591
1776042426	ID:32	RPL: Sending a multicast-DIO with rank 645
1777636829	ID:35	RPL: Sending a multicast-DIO with rank 653
1780309655	ID:34	RPL: Sending a multicast-DIO with rank 555
1780709317	ID:36	RPL: Sending a multicast-DIO with rank 591
1781042426	ID:32	RPL: Sending a multicast-DIO with rank 645
1782636829	ID:35	RPL: Sending a multicast-DIO with rank 653
1785309655	ID:34	RPL: Sending a multicast-DIO with rank 555
1785709317	ID:36	RPL: Sending a multicast-DIO with rank 591
1786042426	ID:32	RPL: Sending a multicast-DIO with rank 645
1787636829	ID:35	RPL: Sending a multicast-DIO with rank 653
1790309655	ID:34	RPL: Sending a multicast-DIO with rank 555
1790709317	ID:36	RPL: Sending a multicast-DIO with rank 591
1791042426	ID:32	RPL: Sending a multicast-DIO with rank 645
1792636829	ID:35	RPL: Sending a multicast-DIO with rank 653
1795309655	ID:34	RPL: Sending a multicast-DIO with rank 555
1795709317	ID:36	RPL: Sending a multicast-DIO with rank 591
1796042426	ID:32	RPL: Sending a multicast-DIO with rank 645
1797636829	ID:35	RPL: Sending a multicast-DIO with rank 653
