Generated Packets 1 | ReceivedPackets 1
TL = 145944 |  AE2ED = 0.145944 |  PDR = 1
Generated Packets 2 | ReceivedPackets 2
TL = 286662 |  AE2ED = 0.143331 |  PDR = 1
Generated Packets 3 | ReceivedPackets 3
TL = 401986 |  AE2ED = 0.13399533333333336 |  PDR = 1
Generated Packets 4 | ReceivedPackets 4
TL = 545530 |  AE2ED = 0.1363825 |  PDR = 1
Generated Packets 5 | ReceivedPackets 5
TL = 699849 |  AE2ED = 0.13996979999999998 |  PDR = 1
Generated Packets 6 | ReceivedPackets 6
TL = 781393 |  AE2ED = 0.13023216666666668 |  PDR = 1
Generated Packets 7 | ReceivedPackets 7
TL = 866214 |  AE2ED = 0.12374485714285714 |  PDR = 1
Generated Packets 8 | ReceivedPackets 8
TL = 976910 |  AE2ED = 0.12211375 |  PDR = 1
Generated Packets 9 | ReceivedPackets 9
TL = 1035828 |  AE2ED = 0.115092 |  PDR = 1
Generated Packets 10 | ReceivedPackets 10
TL = 1084423 |  AE2ED = 0.1084423 |  PDR = 1
Generated Packets 11 | ReceivedPackets 11
TL = 1318042 |  AE2ED = 0.119822 |  PDR = 1
Generated Packets 12 | ReceivedPackets 12
TL = 1444743 |  AE2ED = 0.12039525 |  PDR = 1
Generated Packets 13 | ReceivedPackets 13
TL = 1497314 |  AE2ED = 0.115178 |  PDR = 1
Generated Packets 14 | ReceivedPackets 14
TL = 1605612 |  AE2ED = 0.11468657142857143 |  PDR = 1
Generated Packets 15 | ReceivedPackets 15
TL = 1717181 |  AE2ED = 0.11447873333333333 |  PDR = 1
Generated Packets 16 | ReceivedPackets 16
TL = 1740550 |  AE2ED = 0.108784375 |  PDR = 1
Generated Packets 17 | ReceivedPackets 17
TL = 1915365 |  AE2ED = 0.1126685294117647 |  PDR = 1
Generated Packets 18 | ReceivedPackets 18
TL = 2421113 |  AE2ED = 0.1345062777777778 |  PDR = 1
Generated Packets 19 | ReceivedPackets 19
TL = 2496672 |  AE2ED = 0.13140378947368422 |  PDR = 1
Generated Packets 25 | ReceivedPackets 20
TL = 14809425 |  AE2ED = 0.74047125 |  PDR = 0.8
Generated Packets 29 | ReceivedPackets 21
TL = 35061204 |  AE2ED = 1.669581142857143 |  PDR = 0.7241379310344828
Generated Packets 30 | ReceivedPackets 22
TL = 37264388 |  AE2ED = 1.693835818181818 |  PDR = 0.7333333333333333
Generated Packets 34 | ReceivedPackets 23
TL = 41809933 |  AE2ED = 1.8178231739130435 |  PDR = 0.6764705882352942
Generated Packets 34 | ReceivedPackets 24
TL = 65069700 |  AE2ED = 2.7112375 |  PDR = 0.7058823529411765
Generated Packets 34 | ReceivedPackets 25
TL = 68048352 |  AE2ED = 2.72193408 |  PDR = 0.7352941176470589
Generated Packets 41 | ReceivedPackets 26
TL = 73315058 |  AE2ED = 2.819809923076923 |  PDR = 0.6341463414634146
Generated Packets 41 | ReceivedPackets 27
TL = 79387928 |  AE2ED = 2.94029362962963 |  PDR = 0.6585365853658537
Generated Packets 41 | ReceivedPackets 28
TL = 81388028 |  AE2ED = 2.9067152857142857 |  PDR = 0.6829268292682927
Generated Packets 41 | ReceivedPackets 29
TL = 91233055 |  AE2ED = 3.1459674137931035 |  PDR = 0.7073170731707317
Generated Packets 42 | ReceivedPackets 30
TL = 96104818 |  AE2ED = 3.203493933333333 |  PDR = 0.7142857142857143
Generated Packets 42 | ReceivedPackets 31
TL = 109402163 |  AE2ED = 3.5291020322580646 |  PDR = 0.7380952380952381
Generated Packets 43 | ReceivedPackets 32
TL = 124352012 |  AE2ED = 3.886000375 |  PDR = 0.7441860465116279
Generated Packets 44 | ReceivedPackets 33
TL = 129647956 |  AE2ED = 3.9287259393939395 |  PDR = 0.75
Generated Packets 46 | ReceivedPackets 34
TL = 132930441 |  AE2ED = 3.9097188529411766 |  PDR = 0.7391304347826086
Generated Packets 54 | ReceivedPackets 35
TL = 157760886 |  AE2ED = 4.507453885714286 |  PDR = 0.6481481481481481
Generated Packets 54 | ReceivedPackets 36
TL = 158807600 |  AE2ED = 4.411322222222222 |  PDR = 0.6666666666666666
Generated Packets 57 | ReceivedPackets 37
TL = 162041568 |  AE2ED = 4.379501837837838 |  PDR = 0.6491228070175439
Generated Packets 57 | ReceivedPackets 38
TL = 169239520 |  AE2ED = 4.453671578947368 |  PDR = 0.6666666666666666
Generated Packets 57 | ReceivedPackets 39
TL = 184367675 |  AE2ED = 4.727376282051282 |  PDR = 0.6842105263157895
Generated Packets 60 | ReceivedPackets 40
TL = 188387744 |  AE2ED = 4.7096936 |  PDR = 0.6666666666666666
Generated Packets 60 | ReceivedPackets 41
TL = 198344534 |  AE2ED = 4.837671560975609 |  PDR = 0.6833333333333333
Generated Packets 62 | ReceivedPackets 42
TL = 199980253 |  AE2ED = 4.761434595238095 |  PDR = 0.6774193548387096
Generated Packets 62 | ReceivedPackets 43
TL = 200496944 |  AE2ED = 4.662719627906977 |  PDR = 0.6935483870967742
Generated Packets 63 | ReceivedPackets 44
TL = 200633394 |  AE2ED = 4.559849863636363 |  PDR = 0.6984126984126984
Generated Packets 70 | ReceivedPackets 45
TL = 201713970 |  AE2ED = 4.482532666666667 |  PDR = 0.6428571428571429
Generated Packets 70 | ReceivedPackets 46
TL = 202870329 |  AE2ED = 4.410224543478261 |  PDR = 0.6571428571428571
Generated Packets 70 | ReceivedPackets 47
TL = 206200169 |  AE2ED = 4.387237638297873 |  PDR = 0.6714285714285714
Generated Packets 73 | ReceivedPackets 48
TL = 210218474 |  AE2ED = 4.379551541666667 |  PDR = 0.6575342465753424
Generated Packets 73 | ReceivedPackets 49
TL = 214395195 |  AE2ED = 4.375412142857143 |  PDR = 0.6712328767123288
Generated Packets 73 | ReceivedPackets 50
TL = 224986442 |  AE2ED = 4.4997288399999995 |  PDR = 0.684931506849315
Generated Packets 73 | ReceivedPackets 51
TL = 236481728 |  AE2ED = 4.63689662745098 |  PDR = 0.6986301369863014
Generated Packets 80 | ReceivedPackets 52
TL = 254025103 |  AE2ED = 4.885098134615385 |  PDR = 0.65
Generated Packets 88 | ReceivedPackets 53
TL = 280416191 |  AE2ED = 5.290871528301887 |  PDR = 0.6022727272727273
Generated Packets 92 | ReceivedPackets 54
TL = 297497390 |  AE2ED = 5.5092109259259265 |  PDR = 0.5869565217391305
Generated Packets 92 | ReceivedPackets 55
TL = 304178966 |  AE2ED = 5.530526654545454 |  PDR = 0.5978260869565217
Generated Packets 97 | ReceivedPackets 56
TL = 312064429 |  AE2ED = 5.572579089285715 |  PDR = 0.5773195876288659
Generated Packets 106 | ReceivedPackets 57
TL = 338409138 |  AE2ED = 5.9370024210526315 |  PDR = 0.5377358490566038
Generated Packets 106 | ReceivedPackets 58
TL = 365573343 |  AE2ED = 6.302988672413793 |  PDR = 0.5471698113207547
Generated Packets 106 | ReceivedPackets 59
TL = 375907465 |  AE2ED = 6.371312966101695 |  PDR = 0.5566037735849056
Generated Packets 116 | ReceivedPackets 60
TL = 390682677 |  AE2ED = 6.51137795 |  PDR = 0.5172413793103449
Generated Packets 116 | ReceivedPackets 61
TL = 399766143 |  AE2ED = 6.553543327868852 |  PDR = 0.5258620689655172
Generated Packets 116 | ReceivedPackets 62
TL = 402048403 |  AE2ED = 6.4846516612903224 |  PDR = 0.5344827586206896
Generated Packets 116 | ReceivedPackets 63
TL = 408632380 |  AE2ED = 6.486228253968254 |  PDR = 0.5431034482758621
Generated Packets 120 | ReceivedPackets 64
TL = 423534628 |  AE2ED = 6.6177285625 |  PDR = 0.5333333333333333
Generated Packets 125 | ReceivedPackets 65
TL = 432670251 |  AE2ED = 6.6564654 |  PDR = 0.52
Generated Packets 125 | ReceivedPackets 66
TL = 448889467 |  AE2ED = 6.80135556060606 |  PDR = 0.528
Generated Packets 125 | ReceivedPackets 67
TL = 453046465 |  AE2ED = 6.761887537313433 |  PDR = 0.536
Generated Packets 125 | ReceivedPackets 68
TL = 454990577 |  AE2ED = 6.691037897058823 |  PDR = 0.544
Generated Packets 133 | ReceivedPackets 69
TL = 470993559 |  AE2ED = 6.8259936086956525 |  PDR = 0.518796992481203
Generated Packets 152 | ReceivedPackets 70
TL = 488089128 |  AE2ED = 6.972701828571428 |  PDR = 0.4605263157894737
Generated Packets 157 | ReceivedPackets 71
TL = 493760191 |  AE2ED = 6.954368887323944 |  PDR = 0.45222929936305734
Generated Packets 163 | ReceivedPackets 72
TL = 504168353 |  AE2ED = 7.002338236111111 |  PDR = 0.44171779141104295
Generated Packets 164 | ReceivedPackets 73
TL = 504408214 |  AE2ED = 6.9097015616438355 |  PDR = 0.4451219512195122
Generated Packets 175 | ReceivedPackets 74
TL = 505327765 |  AE2ED = 6.828753581081081 |  PDR = 0.4228571428571429
Generated Packets 181 | ReceivedPackets 75
TL = 525014377 |  AE2ED = 7.000191693333333 |  PDR = 0.4143646408839779
Generated Packets 194 | ReceivedPackets 76
TL = 527622406 |  AE2ED = 6.942400078947368 |  PDR = 0.3917525773195876
Generated Packets 203 | ReceivedPackets 77
TL = 541209081 |  AE2ED = 7.028689363636364 |  PDR = 0.3793103448275862
Generated Packets 224 | ReceivedPackets 78
TL = 558489461 |  AE2ED = 7.160121294871795 |  PDR = 0.3482142857142857
Generated Packets 224 | ReceivedPackets 79
TL = 572627603 |  AE2ED = 7.248450670886076 |  PDR = 0.35267857142857145
Generated Packets 239 | ReceivedPackets 80
TL = 586613975 |  AE2ED = 7.3326746875 |  PDR = 0.33472803347280333
Generated Packets 239 | ReceivedPackets 81
TL = 600359471 |  AE2ED = 7.411845320987654 |  PDR = 0.3389121338912134
Generated Packets 247 | ReceivedPackets 82
TL = 609524287 |  AE2ED = 7.433223012195121 |  PDR = 0.3319838056680162
Generated Packets 270 | ReceivedPackets 83
TL = 620596209 |  AE2ED = 7.477062759036144 |  PDR = 0.3074074074074074
Generated Packets 287 | ReceivedPackets 84
TL = 633172729 |  AE2ED = 7.537770583333333 |  PDR = 0.2926829268292683
Generated Packets 325 | ReceivedPackets 85
TL = 644525770 |  AE2ED = 7.582656117647059 |  PDR = 0.26153846153846155
Generated Packets 345 | ReceivedPackets 86
TL = 644656710 |  AE2ED = 7.496008255813954 |  PDR = 0.2492753623188406
Generated Packets 366 | ReceivedPackets 87
TL = 651616096 |  AE2ED = 7.489840183908046 |  PDR = 0.23770491803278687
Generated Packets 396 | ReceivedPackets 88
TL = 659231140 |  AE2ED = 7.491262954545454 |  PDR = 0.2222222222222222
Generated Packets 435 | ReceivedPackets 89
TL = 672314520 |  AE2ED = 7.554095730337079 |  PDR = 0.2045977011494253
Generated Packets 488 | ReceivedPackets 90
TL = 672374936 |  AE2ED = 7.470832622222223 |  PDR = 0.18442622950819673
Generated Packets 528 | ReceivedPackets 91
TL = 684919145 |  AE2ED = 7.526584010989011 |  PDR = 0.17234848484848486
Generated Packets 560 | ReceivedPackets 92
TL = 689315581 |  AE2ED = 7.492560663043479 |  PDR = 0.16428571428571428
Generated Packets 583 | ReceivedPackets 93
TL = 692225888 |  AE2ED = 7.44328911827957 |  PDR = 0.1595197255574614
Generated Packets 648 | ReceivedPackets 94
TL = 702978318 |  AE2ED = 7.4784927446808505 |  PDR = 0.14506172839506173
Generated Packets 682 | ReceivedPackets 95
TL = 717100627 |  AE2ED = 7.548427652631579 |  PDR = 0.13929618768328444
Generated Packets 700 | ReceivedPackets 96
TL = 719990312 |  AE2ED = 7.499899083333333 |  PDR = 0.13714285714285715
Generated Packets 726 | ReceivedPackets 97
TL = 726037303 |  AE2ED = 7.484920649484535 |  PDR = 0.13360881542699724
Generated Packets 772 | ReceivedPackets 98
TL = 726543560 |  AE2ED = 7.4137097959183675 |  PDR = 0.12694300518134716
Generated Packets 814 | ReceivedPackets 99
TL = 729353804 |  AE2ED = 7.367210141414141 |  PDR = 0.12162162162162163
Generated Packets 866 | ReceivedPackets 100
TL = 741866596 |  AE2ED = 7.41866596 |  PDR = 0.11547344110854503
Generated Packets 869 | ReceivedPackets 101
TL = 758245857 |  AE2ED = 7.507384722772277 |  PDR = 0.11622554660529344
Script timed out
Performance Calculation
Generated Packets 869 | ReceivedPackets 101
TL = 758245857 |  AE2ED = 7.507384722772277 |  PDR = 0.11622554660529344
