30448950	ID:36	RPL: Sending a DIS to fe80::c30c:0:0:8
30739759	ID:36	RPL: Received a DIO from fe80::c30c:0:0:8
30743534	ID:36	RPL: Incoming DIO (id, ver, rank) = (30,240,597)
30748033	ID:36	RPL: Incoming DIO (dag_id, pref) = (fd00::ff:fe00:1, 0)
30750260	ID:36	RPL: DIO option 4, length: 14
30756172	ID:36	RPL: DAG conf:dbl=8, min=12 red=3 maxinc=896 mininc=128 ocp=1 d_l=10 l_u=60
30758398	ID:36	RPL: DIO option 8, length: 30
30760666	ID:36	RPL: Copying prefix information
30764331	ID:33	RPL: Sending a DIS to fe80::c30c:0:0:2
30768005	ID:36	RPL: Neighbor added to neighbor cache fe80::c30c:0:0:8, c1:0c:00:00:00:00:00:08
30923234	ID:34	RPL: Sending a DIS to fe80::c30c:0:0:6
30953880	ID:35	RPL: Sending a DIS to fe80::c30c:0:0:7
31007656	ID:32	RPL: Sending a DIS to fe80::c30c:0:0:3
33767891	ID:36	RPL: Sending a multicast-DIO with rank 597
36767848	ID:36	RPL: Sending a multicast-DIO with rank 597
39767848	ID:36	RPL: Sending a multicast-DIO with rank 597
42767848	ID:36	RPL: Sending a multicast-DIO with rank 597
45767848	ID:36	RPL: Sending a multicast-DIO with rank 597
48767848	ID:36	RPL: Sending a multicast-DIO with rank 597
51767848	ID:36	RPL: Sending a multicast-DIO with rank 597
54767848	ID:36	RPL: Sending a multicast-DIO with rank 597
57767848	ID:36	RPL: Sending a multicast-DIO with rank 597
60767848	ID:36	RPL: Sending a multicast-DIO with rank 597
62734476	ID:35	RPL: Sending a DIS to fe80::c30c:0:0:7
62787939	ID:32	RPL: Sending a DIS to fe80::c30c:0:0:3
63767848	ID:36	RPL: Sending a multicast-DIO with rank 597
64053795	ID:33	RPL: Received a DIO from fe80::c30c:0:0:2
64057564	ID:33	RPL: Incoming DIO (id, ver, rank) = (30,240,482)
64062062	ID:33	RPL: Incoming DIO (dag_id, pref) = (fd00::ff:fe00:1, 0)
64064288	ID:33	RPL: DIO option 4, length: 14
64070239	ID:33	RPL: DAG conf:dbl=8, min=12 red=3 maxinc=896 mininc=128 ocp=1 d_l=10 l_u=60
64072465	ID:33	RPL: DIO option 8, length: 30
64074733	ID:33	RPL: Copying prefix information
64083790	ID:33	RPL: Neighbor added to neighbor cache fe80::c30c:0:0:2, c1:0c:00:00:00:00:00:02
66767847	ID:36	RPL: Sending a multicast-DIO with rank 597
67088207	ID:33	RPL: Sending a multicast-DIO with rank 482
69767847	ID:36	RPL: Sending a multicast-DIO with rank 597
70088164	ID:33	RPL: Sending a multicast-DIO with rank 482
72767847	ID:36	RPL: Sending a multicast-DIO with rank 597
73088164	ID:33	RPL: Sending a multicast-DIO with rank 482
75767847	ID:36	RPL: Sending a multicast-DIO with rank 597
76088164	ID:33	RPL: Sending a multicast-DIO with rank 482
78767847	ID:36	RPL: Sending a multicast-DIO with rank 597
79088164	ID:33	RPL: Sending a multicast-DIO with rank 482
81767847	ID:36	RPL: Sending a multicast-DIO with rank 597
82088164	ID:33	RPL: Sending a multicast-DIO with rank 482
83694239	ID:34	RPL: Sending a DIS to fe80::c30c:0:0:6
84767847	ID:36	RPL: Sending a multicast-DIO with rank 597
85088164	ID:33	RPL: Sending a multicast-DIO with rank 482
87767847	ID:36	RPL: Sending a multicast-DIO with rank 597
88088164	ID:33	RPL: Sending a multicast-DIO with rank 482
90767835	ID:36	RPL: Sending a multicast-DIO with rank 597
91088151	ID:33	RPL: Sending a multicast-DIO with rank 482
93767835	ID:36	RPL: Sending a multicast-DIO with rank 597
94088151	ID:33	RPL: Sending a multicast-DIO with rank 482
96767835	ID:36	RPL: Sending a multicast-DIO with rank 597
97088151	ID:33	RPL: Sending a multicast-DIO with rank 482
99767835	ID:36	RPL: Sending a multicast-DIO with rank 597
100088151	ID:33	RPL: Sending a multicast-DIO with rank 482
102767835	ID:36	RPL: Sending a multicast-DIO with rank 597
103088151	ID:33	RPL: Sending a multicast-DIO with rank 482
105767835	ID:36	RPL: Sending a multicast-DIO with rank 597
106088151	ID:33	RPL: Sending a multicast-DIO with rank 482
108767835	ID:36	RPL: Sending a multicast-DIO with rank 597
109088151	ID:33	RPL: Sending a multicast-DIO with rank 482
111767835	ID:36	RPL: Sending a multicast-DIO with rank 597
112088151	ID:33	RPL: Sending a multicast-DIO with rank 482
114767835	ID:36	RPL: Sending a multicast-DIO with rank 597
115088151	ID:33	RPL: Sending a multicast-DIO with rank 482
117767835	ID:36	RPL: Sending a multicast-DIO with rank 597
118088151	ID:33	RPL: Sending a multicast-DIO with rank 482
120767835	ID:36	RPL: Sending a multicast-DIO with rank 597
121088151	ID:33	RPL: Sending a multicast-DIO with rank 482
122734949	ID:35	RPL: Sending a DIS to fe80::c30c:0:0:7
122788410	ID:32	RPL: Sending a DIS to fe80::c30c:0:0:3
123767835	ID:36	RPL: Sending a multicast-DIO with rank 597
124088151	ID:33	RPL: Sending a multicast-DIO with rank 482
126767835	ID:36	RPL: Sending a multicast-DIO with rank 597
127088151	ID:33	RPL: Sending a multicast-DIO with rank 482
129767835	ID:36	RPL: Sending a multicast-DIO with rank 597
130088151	ID:33	RPL: Sending a multicast-DIO with rank 482
132767835	ID:36	RPL: Sending a multicast-DIO with rank 597
133088151	ID:33	RPL: Sending a multicast-DIO with rank 482
135767835	ID:36	RPL: Sending a multicast-DIO with rank 597
136088151	ID:33	RPL: Sending a multicast-DIO with rank 482
138767835	ID:36	RPL: Sending a multicast-DIO with rank 597
139088151	ID:33	RPL: Sending a multicast-DIO with rank 482
141767835	ID:36	RPL: Sending a multicast-DIO with rank 597
142088151	ID:33	RPL: Sending a multicast-DIO with rank 482
143694346	ID:34	RPL: Sending a DIS to fe80::c30c:0:0:6
144767835	ID:36	RPL: Sending a multicast-DIO with rank 597
145088151	ID:33	RPL: Sending a multicast-DIO with rank 482
147767835	ID:36	RPL: Sending a multicast-DIO with rank 597
148088151	ID:33	RPL: Sending a multicast-DIO with rank 482
150767835	ID:36	RPL: Sending a multicast-DIO with rank 597
151088151	ID:33	RPL: Sending a multicast-DIO with rank 482
153767835	ID:36	RPL: Sending a multicast-DIO with rank 597
154088151	ID:33	RPL: Sending a multicast-DIO with rank 482
156767835	ID:36	RPL: Sending a multicast-DIO with rank 597
157088151	ID:33	RPL: Sending a multicast-DIO with rank 482
159767835	ID:36	RPL: Sending a multicast-DIO with rank 597
160088151	ID:33	RPL: Sending a multicast-DIO with rank 482
162767835	ID:36	RPL: Sending a multicast-DIO with rank 597
163088151	ID:33	RPL: Sending a multicast-DIO with rank 482
165767835	ID:36	RPL: Sending a multicast-DIO with rank 597
166088151	ID:33	RPL: Sending a multicast-DIO with rank 482
168767835	ID:36	RPL: Sending a multicast-DIO with rank 597
169088151	ID:33	RPL: Sending a multicast-DIO with rank 482
171767835	ID:36	RPL: Sending a multicast-DIO with rank 597
172088151	ID:33	RPL: Sending a multicast-DIO with rank 482
174767835	ID:36	RPL: Sending a multicast-DIO with rank 597
175088151	ID:33	RPL: Sending a multicast-DIO with rank 482
177767835	ID:36	RPL: Sending a multicast-DIO with rank 597
178088151	ID:33	RPL: Sending a multicast-DIO with rank 482
180767835	ID:36	RPL: Sending a multicast-DIO with rank 597
181088151	ID:33	RPL: Sending a multicast-DIO with rank 482
182734949	ID:35	RPL: Sending a DIS to fe80::c30c:0:0:7
182788410	ID:32	RPL: Sending a DIS to fe80::c30c:0:0:3
183767835	ID:36	RPL: Sending a multicast-DIO with rank 597
184088151	ID:33	RPL: Sending a multicast-DIO with rank 482
186767835	ID:36	RPL: Sending a multicast-DIO with rank 597
187088151	ID:33	RPL: Sending a multicast-DIO with rank 482
189767835	ID:36	RPL: Sending a multicast-DIO with rank 597
190088151	ID:33	RPL: Sending a multicast-DIO with rank 482
192767835	ID:36	RPL: Sending a multicast-DIO with rank 597
193088151	ID:33	RPL: Sending a multicast-DIO with rank 482
195767835	ID:36	RPL: Sending a multicast-DIO with rank 597
196088151	ID:33	RPL: Sending a multicast-DIO with rank 482
198767835	ID:36	RPL: Sending a multicast-DIO with rank 597
199088151	ID:33	RPL: Sending a multicast-DIO with rank 482
201767835	ID:36	RPL: Sending a multicast-DIO with rank 597
202088151	ID:33	RPL: Sending a multicast-DIO with rank 482
203694346	ID:34	RPL: Sending a DIS to fe80::c30c:0:0:6
204767835	ID:36	RPL: Sending a multicast-DIO with rank 597
205088151	ID:33	RPL: Sending a multicast-DIO with rank 482
207767835	ID:36	RPL: Sending a multicast-DIO with rank 597
208088151	ID:33	RPL: Sending a multicast-DIO with rank 482
210767835	ID:36	RPL: Sending a multicast-DIO with rank 597
211088151	ID:33	RPL: Sending a multicast-DIO with rank 482
213767835	ID:36	RPL: Sending a multicast-DIO with rank 597
214088151	ID:33	RPL: Sending a multicast-DIO with rank 482
216767835	ID:36	RPL: Sending a multicast-DIO with rank 597
217088151	ID:33	RPL: Sending a multicast-DIO with rank 482
219767835	ID:36	RPL: Sending a multicast-DIO with rank 597
220088151	ID:33	RPL: Sending a multicast-DIO with rank 482
222767835	ID:36	RPL: Sending a multicast-DIO with rank 597
223088151	ID:33	RPL: Sending a multicast-DIO with rank 482
225767835	ID:36	RPL: Sending a multicast-DIO with rank 597
226088151	ID:33	RPL: Sending a multicast-DIO with rank 482
228767835	ID:36	RPL: Sending a multicast-DIO with rank 597
229088151	ID:33	RPL: Sending a multicast-DIO with rank 482
231767835	ID:36	RPL: Sending a multicast-DIO with rank 597
232088151	ID:33	RPL: Sending a multicast-DIO with rank 482
234767835	ID:36	RPL: Sending a multicast-DIO with rank 597
235088151	ID:33	RPL: Sending a multicast-DIO with rank 482
237767835	ID:36	RPL: Sending a multicast-DIO with rank 597
238088151	ID:33	RPL: Sending a multicast-DIO with rank 482
240767835	ID:36	RPL: Sending a multicast-DIO with rank 597
241088151	ID:33	RPL: Sending a multicast-DIO with rank 482
242734949	ID:35	RPL: Sending a DIS to fe80::c30c:0:0:7
242788411	ID:32	RPL: Sending a DIS to fe80::c30c:0:0:3
243767835	ID:36	RPL: Sending a multicast-DIO with rank 597
244088151	ID:33	RPL: Sending a multicast-DIO with rank 482
246767835	ID:36	RPL: Sending a multicast-DIO with rank 597
247088151	ID:33	RPL: Sending a multicast-DIO with rank 482
249767835	ID:36	RPL: Sending a multicast-DIO with rank 597
250088151	ID:33	RPL: Sending a multicast-DIO with rank 482
252767835	ID:36	RPL: Sending a multicast-DIO with rank 597
253088151	ID:33	RPL: Sending a multicast-DIO with rank 482
255767835	ID:36	RPL: Sending a multicast-DIO with rank 597
256088151	ID:33	RPL: Sending a multicast-DIO with rank 482
258767835	ID:36	RPL: Sending a multicast-DIO with rank 597
259088151	ID:33	RPL: Sending a multicast-DIO with rank 482
261767835	ID:36	RPL: Sending a multicast-DIO with rank 597
262088151	ID:33	RPL: Sending a multicast-DIO with rank 482
263694346	ID:34	RPL: Sending a DIS to fe80::c30c:0:0:6
264767835	ID:36	RPL: Sending a multicast-DIO with rank 597
265088151	ID:33	RPL: Sending a multicast-DIO with rank 482
267767835	ID:36	RPL: Sending a multicast-DIO with rank 597
268088151	ID:33	RPL: Sending a multicast-DIO with rank 482
270767835	ID:36	RPL: Sending a multicast-DIO with rank 597
271088151	ID:33	RPL: Sending a multicast-DIO with rank 482
273767835	ID:36	RPL: Sending a multicast-DIO with rank 597
274088151	ID:33	RPL: Sending a multicast-DIO with rank 482
276767835	ID:36	RPL: Sending a multicast-DIO with rank 597
277088151	ID:33	RPL: Sending a multicast-DIO with rank 482
279767835	ID:36	RPL: Sending a multicast-DIO with rank 597
280088151	ID:33	RPL: Sending a multicast-DIO with rank 482
282767835	ID:36	RPL: Sending a multicast-DIO with rank 597
283088151	ID:33	RPL: Sending a multicast-DIO with rank 482
285767835	ID:36	RPL: Sending a multicast-DIO with rank 597
286088151	ID:33	RPL: Sending a multicast-DIO with rank 482
288767835	ID:36	RPL: Sending a multicast-DIO with rank 597
289088151	ID:33	RPL: Sending a multicast-DIO with rank 482
291767835	ID:36	RPL: Sending a multicast-DIO with rank 597
292088151	ID:33	RPL: Sending a multicast-DIO with rank 482
294767835	ID:36	RPL: Sending a multicast-DIO with rank 597
295088151	ID:33	RPL: Sending a multicast-DIO with rank 482
297767835	ID:36	RPL: Sending a multicast-DIO with rank 597
298088151	ID:33	RPL: Sending a multicast-DIO with rank 482
300767835	ID:36	RPL: Sending a multicast-DIO with rank 597
301088151	ID:33	RPL: Sending a multicast-DIO with rank 482
302734949	ID:35	RPL: Sending a DIS to fe80::c30c:0:0:7
302788410	ID:32	RPL: Sending a DIS to fe80::c30c:0:0:3
303767835	ID:36	RPL: Sending a multicast-DIO with rank 597
304088151	ID:33	RPL: Sending a multicast-DIO with rank 482
306767835	ID:36	RPL: Sending a multicast-DIO with rank 597
307088151	ID:33	RPL: Sending a multicast-DIO with rank 482
309767835	ID:36	RPL: Sending a multicast-DIO with rank 597
310088151	ID:33	RPL: Sending a multicast-DIO with rank 482
312767835	ID:36	RPL: Sending a multicast-DIO with rank 597
313088151	ID:33	RPL: Sending a multicast-DIO with rank 482
315767835	ID:36	RPL: Sending a multicast-DIO with rank 597
316088151	ID:33	RPL: Sending a multicast-DIO with rank 482
318767835	ID:36	RPL: Sending a multicast-DIO with rank 597
319088151	ID:33	RPL: Sending a multicast-DIO with rank 482
321767835	ID:36	RPL: Sending a multicast-DIO with rank 597
322088151	ID:33	RPL: Sending a multicast-DIO with rank 482
323694346	ID:34	RPL: Sending a DIS to fe80::c30c:0:0:6
324767835	ID:36	RPL: Sending a multicast-DIO with rank 597
325088151	ID:33	RPL: Sending a multicast-DIO with rank 482
327767835	ID:36	RPL: Sending a multicast-DIO with rank 597
328088151	ID:33	RPL: Sending a multicast-DIO with rank 482
330767835	ID:36	RPL: Sending a multicast-DIO with rank 597
331088151	ID:33	RPL: Sending a multicast-DIO with rank 482
333767835	ID:36	RPL: Sending a multicast-DIO with rank 597
334088151	ID:33	RPL: Sending a multicast-DIO with rank 482
336767835	ID:36	RPL: Sending a multicast-DIO with rank 597
337088151	ID:33	RPL: Sending a multicast-DIO with rank 482
339767835	ID:36	RPL: Sending a multicast-DIO with rank 597
340088151	ID:33	RPL: Sending a multicast-DIO with rank 482
342767835	ID:36	RPL: Sending a multicast-DIO with rank 597
343088151	ID:33	RPL: Sending a multicast-DIO with rank 482
345767835	ID:36	RPL: Sending a multicast-DIO with rank 597
346088151	ID:33	RPL: Sending a multicast-DIO with rank 482
348767835	ID:36	RPL: Sending a multicast-DIO with rank 597
349088151	ID:33	RPL: Sending a multicast-DIO with rank 482
351767835	ID:36	RPL: Sending a multicast-DIO with rank 597
352088151	ID:33	RPL: Sending a multicast-DIO with rank 482
354767835	ID:36	RPL: Sending a multicast-DIO with rank 597
355088151	ID:33	RPL: Sending a multicast-DIO with rank 482
357767835	ID:36	RPL: Sending a multicast-DIO with rank 597
358088151	ID:33	RPL: Sending a multicast-DIO with rank 482
360767835	ID:36	RPL: Sending a multicast-DIO with rank 597
361088151	ID:33	RPL: Sending a multicast-DIO with rank 482
362734949	ID:35	RPL: Sending a DIS to fe80::c30c:0:0:7
362788411	ID:32	RPL: Sending a DIS to fe80::c30c:0:0:3
363767835	ID:36	RPL: Sending a multicast-DIO with rank 597
364088151	ID:33	RPL: Sending a multicast-DIO with rank 482
366767835	ID:36	RPL: Sending a multicast-DIO with rank 597
367088151	ID:33	RPL: Sending a multicast-DIO with rank 482
369767835	ID:36	RPL: Sending a multicast-DIO with rank 597
370088151	ID:33	RPL: Sending a multicast-DIO with rank 482
372767835	ID:36	RPL: Sending a multicast-DIO with rank 597
373088151	ID:33	RPL: Sending a multicast-DIO with rank 482
375767835	ID:36	RPL: Sending a multicast-DIO with rank 597
376088158	ID:33	RPL: Sending a multicast-DIO with rank 482
378767835	ID:36	RPL: Sending a multicast-DIO with rank 597
379088151	ID:33	RPL: Sending a multicast-DIO with rank 482
381767835	ID:36	RPL: Sending a multicast-DIO with rank 597
382088151	ID:33	RPL: Sending a multicast-DIO with rank 482
383694346	ID:34	RPL: Sending a DIS to fe80::c30c:0:0:6
384767835	ID:36	RPL: Sending a multicast-DIO with rank 597
385088151	ID:33	RPL: Sending a multicast-DIO with rank 482
387767835	ID:36	RPL: Sending a multicast-DIO with rank 597
388088151	ID:33	RPL: Sending a multicast-DIO with rank 482
390767835	ID:36	RPL: Sending a multicast-DIO with rank 597
391088151	ID:33	RPL: Sending a multicast-DIO with rank 482
393767835	ID:36	RPL: Sending a multicast-DIO with rank 597
394088151	ID:33	RPL: Sending a multicast-DIO with rank 482
396767835	ID:36	RPL: Sending a multicast-DIO with rank 597
397088151	ID:33	RPL: Sending a multicast-DIO with rank 482
399767835	ID:36	RPL: Sending a multicast-DIO with rank 597
400088151	ID:33	RPL: Sending a multicast-DIO with rank 482
402767835	ID:36	RPL: Sending a multicast-DIO with rank 597
403088151	ID:33	RPL: Sending a multicast-DIO with rank 482
405767835	ID:36	RPL: Sending a multicast-DIO with rank 597
406088151	ID:33	RPL: Sending a multicast-DIO with rank 482
408767835	ID:36	RPL: Sending a multicast-DIO with rank 597
409088151	ID:33	RPL: Sending a multicast-DIO with rank 482
411767835	ID:36	RPL: Sending a multicast-DIO with rank 597
412088151	ID:33	RPL: Sending a multicast-DIO with rank 482
414767842	ID:36	RPL: Sending a multicast-DIO with rank 597
415088151	ID:33	RPL: Sending a multicast-DIO with rank 482
417767835	ID:36	RPL: Sending a multicast-DIO with rank 597
418088151	ID:33	RPL: Sending a multicast-DIO with rank 482
420767835	ID:36	RPL: Sending a multicast-DIO with rank 597
421088151	ID:33	RPL: Sending a multicast-DIO with rank 482
422734949	ID:35	RPL: Sending a DIS to fe80::c30c:0:0:7
422788411	ID:32	RPL: Sending a DIS to fe80::c30c:0:0:3
423767835	ID:36	RPL: Sending a multicast-DIO with rank 597
424088151	ID:33	RPL: Sending a multicast-DIO with rank 482
426767835	ID:36	RPL: Sending a multicast-DIO with rank 597
427088151	ID:33	RPL: Sending a multicast-DIO with rank 482
429767835	ID:36	RPL: Sending a multicast-DIO with rank 597
430088151	ID:33	RPL: Sending a multicast-DIO with rank 482
432767835	ID:36	RPL: Sending a multicast-DIO with rank 597
433088151	ID:33	RPL: Sending a multicast-DIO with rank 482
435767835	ID:36	RPL: Sending a multicast-DIO with rank 597
436088151	ID:33	RPL: Sending a multicast-DIO with rank 482
438767835	ID:36	RPL: Sending a multicast-DIO with rank 597
439088151	ID:33	RPL: Sending a multicast-DIO with rank 482
441767835	ID:36	RPL: Sending a multicast-DIO with rank 597
442088151	ID:33	RPL: Sending a multicast-DIO with rank 482
443694346	ID:34	RPL: Sending a DIS to fe80::c30c:0:0:6
444767835	ID:36	RPL: Sending a multicast-DIO with rank 597
445088151	ID:33	RPL: Sending a multicast-DIO with rank 482
447767835	ID:36	RPL: Sending a multicast-DIO with rank 597
448088151	ID:33	RPL: Sending a multicast-DIO with rank 482
450767835	ID:36	RPL: Sending a multicast-DIO with rank 597
451088151	ID:33	RPL: Sending a multicast-DIO with rank 482
453767835	ID:36	RPL: Sending a multicast-DIO with rank 597
454088151	ID:33	RPL: Sending a multicast-DIO with rank 482
456767835	ID:36	RPL: Sending a multicast-DIO with rank 597
457088151	ID:33	RPL: Sending a multicast-DIO with rank 482
459767835	ID:36	RPL: Sending a multicast-DIO with rank 597
460088151	ID:33	RPL: Sending a multicast-DIO with rank 482
462767835	ID:36	RPL: Sending a multicast-DIO with rank 597
463088151	ID:33	RPL: Sending a multicast-DIO with rank 482
465767835	ID:36	RPL: Sending a multicast-DIO with rank 597
466088151	ID:33	RPL: Sending a multicast-DIO with rank 482
468767835	ID:36	RPL: Sending a multicast-DIO with rank 597
469088151	ID:33	RPL: Sending a multicast-DIO with rank 482
471767835	ID:36	RPL: Sending a multicast-DIO with rank 597
472088151	ID:33	RPL: Sending a multicast-DIO with rank 482
474767835	ID:36	RPL: Sending a multicast-DIO with rank 597
475088151	ID:33	RPL: Sending a multicast-DIO with rank 482
477767835	ID:36	RPL: Sending a multicast-DIO with rank 597
478088151	ID:33	RPL: Sending a multicast-DIO with rank 482
480767835	ID:36	RPL: Sending a multicast-DIO with rank 597
481088151	ID:33	RPL: Sending a multicast-DIO with rank 482
482734949	ID:35	RPL: Sending a DIS to fe80::c30c:0:0:7
482788411	ID:32	RPL: Sending a DIS to fe80::c30c:0:0:3
483767835	ID:36	RPL: Sending a multicast-DIO with rank 597
484088151	ID:33	RPL: Sending a multicast-DIO with rank 482
486767835	ID:36	RPL: Sending a multicast-DIO with rank 597
487088151	ID:33	RPL: Sending a multicast-DIO with rank 482
489767835	ID:36	RPL: Sending a multicast-DIO with rank 597
490088151	ID:33	RPL: Sending a multicast-DIO with rank 482
492767835	ID:36	RPL: Sending a multicast-DIO with rank 597
493088151	ID:33	RPL: Sending a multicast-DIO with rank 482
495767835	ID:36	RPL: Sending a multicast-DIO with rank 597
496088151	ID:33	RPL: Sending a multicast-DIO with rank 482
498767835	ID:36	RPL: Sending a multicast-DIO with rank 597
499088151	ID:33	RPL: Sending a multicast-DIO with rank 482
501767835	ID:36	RPL: Sending a multicast-DIO with rank 597
502088151	ID:33	RPL: Sending a multicast-DIO with rank 482
503694346	ID:34	RPL: Sending a DIS to fe80::c30c:0:0:6
504767835	ID:36	RPL: Sending a multicast-DIO with rank 597
505088151	ID:33	RPL: Sending a multicast-DIO with rank 482
507767835	ID:36	RPL: Sending a multicast-DIO with rank 597
508088151	ID:33	RPL: Sending a multicast-DIO with rank 482
510767835	ID:36	RPL: Sending a multicast-DIO with rank 597
511088151	ID:33	RPL: Sending a multicast-DIO with rank 482
513767835	ID:36	RPL: Sending a multicast-DIO with rank 597
514088151	ID:33	RPL: Sending a multicast-DIO with rank 482
516767835	ID:36	RPL: Sending a multicast-DIO with rank 597
517088151	ID:33	RPL: Sending a multicast-DIO with rank 482
519767835	ID:36	RPL: Sending a multicast-DIO with rank 597
520088151	ID:33	RPL: Sending a multicast-DIO with rank 482
522767835	ID:36	RPL: Sending a multicast-DIO with rank 597
523088151	ID:33	RPL: Sending a multicast-DIO with rank 482
525767835	ID:36	RPL: Sending a multicast-DIO with rank 597
526088151	ID:33	RPL: Sending a multicast-DIO with rank 482
528767835	ID:36	RPL: Sending a multicast-DIO with rank 597
529088151	ID:33	RPL: Sending a multicast-DIO with rank 482
531767835	ID:36	RPL: Sending a multicast-DIO with rank 597
532088151	ID:33	RPL: Sending a multicast-DIO with rank 482
534767835	ID:36	RPL: Sending a multicast-DIO with rank 597
535088151	ID:33	RPL: Sending a multicast-DIO with rank 482
537767835	ID:36	RPL: Sending a multicast-DIO with rank 597
538088151	ID:33	RPL: Sending a multicast-DIO with rank 482
540767835	ID:36	RPL: Sending a multicast-DIO with rank 597
541088151	ID:33	RPL: Sending a multicast-DIO with rank 482
542734949	ID:35	RPL: Sending a DIS to fe80::c30c:0:0:7
542788410	ID:32	RPL: Sending a DIS to fe80::c30c:0:0:3
543767835	ID:36	RPL: Sending a multicast-DIO with rank 597
544088151	ID:33	RPL: Sending a multicast-DIO with rank 482
546767835	ID:36	RPL: Sending a multicast-DIO with rank 597
547088151	ID:33	RPL: Sending a multicast-DIO with rank 482
549767835	ID:36	RPL: Sending a multicast-DIO with rank 597
550088151	ID:33	RPL: Sending a multicast-DIO with rank 482
552767835	ID:36	RPL: Sending a multicast-DIO with rank 597
553088151	ID:33	RPL: Sending a multicast-DIO with rank 482
555767835	ID:36	RPL: Sending a multicast-DIO with rank 597
556088151	ID:33	RPL: Sending a multicast-DIO with rank 482
558767835	ID:36	RPL: Sending a multicast-DIO with rank 597
559088151	ID:33	RPL: Sending a multicast-DIO with rank 482
561767835	ID:36	RPL: Sending a multicast-DIO with rank 597
562088151	ID:33	RPL: Sending a multicast-DIO with rank 482
563694346	ID:34	RPL: Sending a DIS to fe80::c30c:0:0:6
564767835	ID:36	RPL: Sending a multicast-DIO with rank 597
565088151	ID:33	RPL: Sending a multicast-DIO with rank 482
567767835	ID:36	RPL: Sending a multicast-DIO with rank 597
568088151	ID:33	RPL: Sending a multicast-DIO with rank 482
570767835	ID:36	RPL: Sending a multicast-DIO with rank 597
571088151	ID:33	RPL: Sending a multicast-DIO with rank 482
573767835	ID:36	RPL: Sending a multicast-DIO with rank 597
574088151	ID:33	RPL: Sending a multicast-DIO with rank 482
576767835	ID:36	RPL: Sending a multicast-DIO with rank 597
577088151	ID:33	RPL: Sending a multicast-DIO with rank 482
579767835	ID:36	RPL: Sending a multicast-DIO with rank 597
580088151	ID:33	RPL: Sending a multicast-DIO with rank 482
582767835	ID:36	RPL: Sending a multicast-DIO with rank 597
583088151	ID:33	RPL: Sending a multicast-DIO with rank 482
585767835	ID:36	RPL: Sending a multicast-DIO with rank 597
586088151	ID:33	RPL: Sending a multicast-DIO with rank 482
588767835	ID:36	RPL: Sending a multicast-DIO with rank 597
589088151	ID:33	RPL: Sending a multicast-DIO with rank 482
591767835	ID:36	RPL: Sending a multicast-DIO with rank 597
592088151	ID:33	RPL: Sending a multicast-DIO with rank 482
594767835	ID:36	RPL: Sending a multicast-DIO with rank 597
595088151	ID:33	RPL: Sending a multicast-DIO with rank 482
597767835	ID:36	RPL: Sending a multicast-DIO with rank 597
598088151	ID:33	RPL: Sending a multicast-DIO with rank 482
600767835	ID:36	RPL: Sending a multicast-DIO with rank 597
601088151	ID:33	RPL: Sending a multicast-DIO with rank 482
602734949	ID:35	RPL: Sending a DIS to fe80::c30c:0:0:7
602788411	ID:32	RPL: Sending a DIS to fe80::c30c:0:0:3
603767835	ID:36	RPL: Sending a multicast-DIO with rank 597
604088151	ID:33	RPL: Sending a multicast-DIO with rank 482
606767835	ID:36	RPL: Sending a multicast-DIO with rank 597
607088151	ID:33	RPL: Sending a multicast-DIO with rank 482
609767835	ID:36	RPL: Sending a multicast-DIO with rank 597
610088151	ID:33	RPL: Sending a multicast-DIO with rank 482
612767835	ID:36	RPL: Sending a multicast-DIO with rank 597
613088151	ID:33	RPL: Sending a multicast-DIO with rank 482
615767835	ID:36	RPL: Sending a multicast-DIO with rank 597
616088151	ID:33	RPL: Sending a multicast-DIO with rank 482
618767835	ID:36	RPL: Sending a multicast-DIO with rank 597
619088151	ID:33	RPL: Sending a multicast-DIO with rank 482
621767835	ID:36	RPL: Sending a multicast-DIO with rank 597
622088151	ID:33	RPL: Sending a multicast-DIO with rank 482
623694346	ID:34	RPL: Sending a DIS to fe80::c30c:0:0:6
624767835	ID:36	RPL: Sending a multicast-DIO with rank 597
625088151	ID:33	RPL: Sending a multicast-DIO with rank 482
627767835	ID:36	RPL: Sending a multicast-DIO with rank 597
628088151	ID:33	RPL: Sending a multicast-DIO with rank 482
630767835	ID:36	RPL: Sending a multicast-DIO with rank 597
631088151	ID:33	RPL: Sending a multicast-DIO with rank 482
633767835	ID:36	RPL: Sending a multicast-DIO with rank 597
634088151	ID:33	RPL: Sending a multicast-DIO with rank 482
636767835	ID:36	RPL: Sending a multicast-DIO with rank 597
637088151	ID:33	RPL: Sending a multicast-DIO with rank 482
639767835	ID:36	RPL: Sending a multicast-DIO with rank 597
640088151	ID:33	RPL: Sending a multicast-DIO with rank 482
642767835	ID:36	RPL: Sending a multicast-DIO with rank 597
643088151	ID:33	RPL: Sending a multicast-DIO with rank 482
645767835	ID:36	RPL: Sending a multicast-DIO with rank 597
646088151	ID:33	RPL: Sending a multicast-DIO with rank 482
648767835	ID:36	RPL: Sending a multicast-DIO with rank 597
649088151	ID:33	RPL: Sending a multicast-DIO with rank 482
651767835	ID:36	RPL: Sending a multicast-DIO with rank 597
652088151	ID:33	RPL: Sending a multicast-DIO with rank 482
654767835	ID:36	RPL: Sending a multicast-DIO with rank 597
655088151	ID:33	RPL: Sending a multicast-DIO with rank 482
657767835	ID:36	RPL: Sending a multicast-DIO with rank 597
658088151	ID:33	RPL: Sending a multicast-DIO with rank 482
660767835	ID:36	RPL: Sending a multicast-DIO with rank 597
661088151	ID:33	RPL: Sending a multicast-DIO with rank 482
662734949	ID:35	RPL: Sending a DIS to fe80::c30c:0:0:7
662788411	ID:32	RPL: Sending a DIS to fe80::c30c:0:0:3
663767835	ID:36	RPL: Sending a multicast-DIO with rank 597
664088151	ID:33	RPL: Sending a multicast-DIO with rank 482
666767835	ID:36	RPL: Sending a multicast-DIO with rank 597
667088151	ID:33	RPL: Sending a multicast-DIO with rank 482
669767835	ID:36	RPL: Sending a multicast-DIO with rank 597
670088151	ID:33	RPL: Sending a multicast-DIO with rank 482
672767835	ID:36	RPL: Sending a multicast-DIO with rank 597
673088151	ID:33	RPL: Sending a multicast-DIO with rank 482
675767835	ID:36	RPL: Sending a multicast-DIO with rank 597
676088151	ID:33	RPL: Sending a multicast-DIO with rank 482
678767835	ID:36	RPL: Sending a multicast-DIO with rank 597
679088151	ID:33	RPL: Sending a multicast-DIO with rank 482
681767835	ID:36	RPL: Sending a multicast-DIO with rank 597
682088151	ID:33	RPL: Sending a multicast-DIO with rank 482
683694346	ID:34	RPL: Sending a DIS to fe80::c30c:0:0:6
684767835	ID:36	RPL: Sending a multicast-DIO with rank 597
685088151	ID:33	RPL: Sending a multicast-DIO with rank 482
687767835	ID:36	RPL: Sending a multicast-DIO with rank 597
688088151	ID:33	RPL: Sending a multicast-DIO with rank 482
690767835	ID:36	RPL: Sending a multicast-DIO with rank 597
691088152	ID:33	RPL: Sending a multicast-DIO with rank 482
693767835	ID:36	RPL: Sending a multicast-DIO with rank 597
694088152	ID:33	RPL: Sending a multicast-DIO with rank 482
696767835	ID:36	RPL: Sending a multicast-DIO with rank 597
697088152	ID:33	RPL: Sending a multicast-DIO with rank 482
699767835	ID:36	RPL: Sending a multicast-DIO with rank 597
700088152	ID:33	RPL: Sending a multicast-DIO with rank 482
702767835	ID:36	RPL: Sending a multicast-DIO with rank 597
703088152	ID:33	RPL: Sending a multicast-DIO with rank 482
705767835	ID:36	RPL: Sending a multicast-DIO with rank 597
706088152	ID:33	RPL: Sending a multicast-DIO with rank 482
708767835	ID:36	RPL: Sending a multicast-DIO with rank 597
709088152	ID:33	RPL: Sending a multicast-DIO with rank 482
711767835	ID:36	RPL: Sending a multicast-DIO with rank 597
712088152	ID:33	RPL: Sending a multicast-DIO with rank 482
714767835	ID:36	RPL: Sending a multicast-DIO with rank 597
715088158	ID:33	RPL: Sending a multicast-DIO with rank 482
717767835	ID:36	RPL: Sending a multicast-DIO with rank 597
718088152	ID:33	RPL: Sending a multicast-DIO with rank 482
720767835	ID:36	RPL: Sending a multicast-DIO with rank 597
721088152	ID:33	RPL: Sending a multicast-DIO with rank 482
722734949	ID:35	RPL: Sending a DIS to fe80::c30c:0:0:7
722788411	ID:32	RPL: Sending a DIS to fe80::c30c:0:0:3
723767835	ID:36	RPL: Sending a multicast-DIO with rank 597
724088152	ID:33	RPL: Sending a multicast-DIO with rank 482
726767835	ID:36	RPL: Sending a multicast-DIO with rank 597
727088152	ID:33	RPL: Sending a multicast-DIO with rank 482
729767835	ID:36	RPL: Sending a multicast-DIO with rank 597
730088152	ID:33	RPL: Sending a multicast-DIO with rank 482
732767835	ID:36	RPL: Sending a multicast-DIO with rank 597
733088152	ID:33	RPL: Sending a multicast-DIO with rank 482
735767835	ID:36	RPL: Sending a multicast-DIO with rank 597
736088152	ID:33	RPL: Sending a multicast-DIO with rank 482
738767835	ID:36	RPL: Sending a multicast-DIO with rank 597
739088152	ID:33	RPL: Sending a multicast-DIO with rank 482
741767835	ID:36	RPL: Sending a multicast-DIO with rank 597
742088152	ID:33	RPL: Sending a multicast-DIO with rank 482
743694347	ID:34	RPL: Sending a DIS to fe80::c30c:0:0:6
744767835	ID:36	RPL: Sending a multicast-DIO with rank 597
745088152	ID:33	RPL: Sending a multicast-DIO with rank 482
747767835	ID:36	RPL: Sending a multicast-DIO with rank 597
748088152	ID:33	RPL: Sending a multicast-DIO with rank 482
750767835	ID:36	RPL: Sending a multicast-DIO with rank 597
751088152	ID:33	RPL: Sending a multicast-DIO with rank 482
753767835	ID:36	RPL: Sending a multicast-DIO with rank 597
754088152	ID:33	RPL: Sending a multicast-DIO with rank 482
756767835	ID:36	RPL: Sending a multicast-DIO with rank 597
757088152	ID:33	RPL: Sending a multicast-DIO with rank 482
759767835	ID:36	RPL: Sending a multicast-DIO with rank 597
760088152	ID:33	RPL: Sending a multicast-DIO with rank 482
762767835	ID:36	RPL: Sending a multicast-DIO with rank 597
763088152	ID:33	RPL: Sending a multicast-DIO with rank 482
765767835	ID:36	RPL: Sending a multicast-DIO with rank 597
766088152	ID:33	RPL: Sending a multicast-DIO with rank 482
768767835	ID:36	RPL: Sending a multicast-DIO with rank 597
769088152	ID:33	RPL: Sending a multicast-DIO with rank 482
771767835	ID:36	RPL: Sending a multicast-DIO with rank 597
772088152	ID:33	RPL: Sending a multicast-DIO with rank 482
774767842	ID:36	RPL: Sending a multicast-DIO with rank 597
775088152	ID:33	RPL: Sending a multicast-DIO with rank 482
777767835	ID:36	RPL: Sending a multicast-DIO with rank 597
778088152	ID:33	RPL: Sending a multicast-DIO with rank 482
780767835	ID:36	RPL: Sending a multicast-DIO with rank 597
781088152	ID:33	RPL: Sending a multicast-DIO with rank 482
782734949	ID:35	RPL: Sending a DIS to fe80::c30c:0:0:7
782788411	ID:32	RPL: Sending a DIS to fe80::c30c:0:0:3
783767835	ID:36	RPL: Sending a multicast-DIO with rank 597
784088152	ID:33	RPL: Sending a multicast-DIO with rank 482
786767835	ID:36	RPL: Sending a multicast-DIO with rank 597
787088152	ID:33	RPL: Sending a multicast-DIO with rank 482
789767835	ID:36	RPL: Sending a multicast-DIO with rank 597
790088152	ID:33	RPL: Sending a multicast-DIO with rank 482
792767835	ID:36	RPL: Sending a multicast-DIO with rank 597
793088152	ID:33	RPL: Sending a multicast-DIO with rank 482
795767835	ID:36	RPL: Sending a multicast-DIO with rank 597
796088152	ID:33	RPL: Sending a multicast-DIO with rank 482
798767835	ID:36	RPL: Sending a multicast-DIO with rank 597
799088152	ID:33	RPL: Sending a multicast-DIO with rank 482
801767835	ID:36	RPL: Sending a multicast-DIO with rank 597
802088152	ID:33	RPL: Sending a multicast-DIO with rank 482
803694347	ID:34	RPL: Sending a DIS to fe80::c30c:0:0:6
804767835	ID:36	RPL: Sending a multicast-DIO with rank 597
805088152	ID:33	RPL: Sending a multicast-DIO with rank 482
807767835	ID:36	RPL: Sending a multicast-DIO with rank 597
808088152	ID:33	RPL: Sending a multicast-DIO with rank 482
810767835	ID:36	RPL: Sending a multicast-DIO with rank 597
811088152	ID:33	RPL: Sending a multicast-DIO with rank 482
813767835	ID:36	RPL: Sending a multicast-DIO with rank 597
814088152	ID:33	RPL: Sending a multicast-DIO with rank 482
816767835	ID:36	RPL: Sending a multicast-DIO with rank 597
817088152	ID:33	RPL: Sending a multicast-DIO with rank 482
819767835	ID:36	RPL: Sending a multicast-DIO with rank 597
820088152	ID:33	RPL: Sending a multicast-DIO with rank 482
822767835	ID:36	RPL: Sending a multicast-DIO with rank 597
823088152	ID:33	RPL: Sending a multicast-DIO with rank 482
825767835	ID:36	RPL: Sending a multicast-DIO with rank 597
826088152	ID:33	RPL: Sending a multicast-DIO with rank 482
828767835	ID:36	RPL: Sending a multicast-DIO with rank 597
829088152	ID:33	RPL: Sending a multicast-DIO with rank 482
831767835	ID:36	RPL: Sending a multicast-DIO with rank 597
832088152	ID:33	RPL: Sending a multicast-DIO with rank 482
834767835	ID:36	RPL: Sending a multicast-DIO with rank 597
835088152	ID:33	RPL: Sending a multicast-DIO with rank 482
837767835	ID:36	RPL: Sending a multicast-DIO with rank 597
838088152	ID:33	RPL: Sending a multicast-DIO with rank 482
840767835	ID:36	RPL: Sending a multicast-DIO with rank 597
841088152	ID:33	RPL: Sending a multicast-DIO with rank 482
842734949	ID:35	RPL: Sending a DIS to fe80::c30c:0:0:7
842788411	ID:32	RPL: Sending a DIS to fe80::c30c:0:0:3
843767835	ID:36	RPL: Sending a multicast-DIO with rank 597
844088152	ID:33	RPL: Sending a multicast-DIO with rank 482
846767835	ID:36	RPL: Sending a multicast-DIO with rank 597
847088152	ID:33	RPL: Sending a multicast-DIO with rank 482
849767835	ID:36	RPL: Sending a multicast-DIO with rank 597
850088152	ID:33	RPL: Sending a multicast-DIO with rank 482
852767835	ID:36	RPL: Sending a multicast-DIO with rank 597
853088152	ID:33	RPL: Sending a multicast-DIO with rank 482
855767835	ID:36	RPL: Sending a multicast-DIO with rank 597
856088152	ID:33	RPL: Sending a multicast-DIO with rank 482
858767835	ID:36	RPL: Sending a multicast-DIO with rank 597
859088152	ID:33	RPL: Sending a multicast-DIO with rank 482
861767835	ID:36	RPL: Sending a multicast-DIO with rank 597
862088152	ID:33	RPL: Sending a multicast-DIO with rank 482
863694346	ID:34	RPL: Sending a DIS to fe80::c30c:0:0:6
864767835	ID:36	RPL: Sending a multicast-DIO with rank 597
865088152	ID:33	RPL: Sending a multicast-DIO with rank 482
867767835	ID:36	RPL: Sending a multicast-DIO with rank 597
868088152	ID:33	RPL: Sending a multicast-DIO with rank 482
870767835	ID:36	RPL: Sending a multicast-DIO with rank 597
871088152	ID:33	RPL: Sending a multicast-DIO with rank 482
873767835	ID:36	RPL: Sending a multicast-DIO with rank 597
874088152	ID:33	RPL: Sending a multicast-DIO with rank 482
876767835	ID:36	RPL: Sending a multicast-DIO with rank 597
877088152	ID:33	RPL: Sending a multicast-DIO with rank 482
879767835	ID:36	RPL: Sending a multicast-DIO with rank 597
880088152	ID:33	RPL: Sending a multicast-DIO with rank 482
882767835	ID:36	RPL: Sending a multicast-DIO with rank 597
883088152	ID:33	RPL: Sending a multicast-DIO with rank 482
885767835	ID:36	RPL: Sending a multicast-DIO with rank 597
886088152	ID:33	RPL: Sending a multicast-DIO with rank 482
888767835	ID:36	RPL: Sending a multicast-DIO with rank 597
889088152	ID:33	RPL: Sending a multicast-DIO with rank 482
891767835	ID:36	RPL: Sending a multicast-DIO with rank 597
892088152	ID:33	RPL: Sending a multicast-DIO with rank 482
894767835	ID:36	RPL: Sending a multicast-DIO with rank 597
895088152	ID:33	RPL: Sending a multicast-DIO with rank 482
897767835	ID:36	RPL: Sending a multicast-DIO with rank 597
898088152	ID:33	RPL: Sending a multicast-DIO with rank 482
900767835	ID:36	RPL: Sending a multicast-DIO with rank 597
901088152	ID:33	RPL: Sending a multicast-DIO with rank 482
902734949	ID:35	RPL: Sending a DIS to fe80::c30c:0:0:7
902788411	ID:32	RPL: Sending a DIS to fe80::c30c:0:0:3
903767835	ID:36	RPL: Sending a multicast-DIO with rank 597
904088152	ID:33	RPL: Sending a multicast-DIO with rank 482
906767835	ID:36	RPL: Sending a multicast-DIO with rank 597
907088152	ID:33	RPL: Sending a multicast-DIO with rank 482
909767835	ID:36	RPL: Sending a multicast-DIO with rank 597
910088152	ID:33	RPL: Sending a multicast-DIO with rank 482
912767835	ID:36	RPL: Sending a multicast-DIO with rank 597
913088152	ID:33	RPL: Sending a multicast-DIO with rank 482
915767835	ID:36	RPL: Sending a multicast-DIO with rank 597
916088152	ID:33	RPL: Sending a multicast-DIO with rank 482
918767835	ID:36	RPL: Sending a multicast-DIO with rank 597
919088152	ID:33	RPL: Sending a multicast-DIO with rank 482
921767835	ID:36	RPL: Sending a multicast-DIO with rank 597
922088152	ID:33	RPL: Sending a multicast-DIO with rank 482
923694347	ID:34	RPL: Sending a DIS to fe80::c30c:0:0:6
924767835	ID:36	RPL: Sending a multicast-DIO with rank 597
925088152	ID:33	RPL: Sending a multicast-DIO with rank 482
927767835	ID:36	RPL: Sending a multicast-DIO with rank 597
928088152	ID:33	RPL: Sending a multicast-DIO with rank 482
930767835	ID:36	RPL: Sending a multicast-DIO with rank 597
931088152	ID:33	RPL: Sending a multicast-DIO with rank 482
933767835	ID:36	RPL: Sending a multicast-DIO with rank 597
934088152	ID:33	RPL: Sending a multicast-DIO with rank 482
936767835	ID:36	RPL: Sending a multicast-DIO with rank 597
937088152	ID:33	RPL: Sending a multicast-DIO with rank 482
939767835	ID:36	RPL: Sending a multicast-DIO with rank 597
940088152	ID:33	RPL: Sending a multicast-DIO with rank 482
942767835	ID:36	RPL: Sending a multicast-DIO with rank 597
943088152	ID:33	RPL: Sending a multicast-DIO with rank 482
945767835	ID:36	RPL: Sending a multicast-DIO with rank 597
946088152	ID:33	RPL: Sending a multicast-DIO with rank 482
948767835	ID:36	RPL: Sending a multicast-DIO with rank 597
949088152	ID:33	RPL: Sending a multicast-DIO with rank 482
951767835	ID:36	RPL: Sending a multicast-DIO with rank 597
952088152	ID:33	RPL: Sending a multicast-DIO with rank 482
954767835	ID:36	RPL: Sending a multicast-DIO with rank 597
955088152	ID:33	RPL: Sending a multicast-DIO with rank 482
957767835	ID:36	RPL: Sending a multicast-DIO with rank 597
958088152	ID:33	RPL: Sending a multicast-DIO with rank 482
960767835	ID:36	RPL: Sending a multicast-DIO with rank 597
961088152	ID:33	RPL: Sending a multicast-DIO with rank 482
962734949	ID:35	RPL: Sending a DIS to fe80::c30c:0:0:7
962788411	ID:32	RPL: Sending a DIS to fe80::c30c:0:0:3
963767835	ID:36	RPL: Sending a multicast-DIO with rank 597
964088152	ID:33	RPL: Sending a multicast-DIO with rank 482
966767835	ID:36	RPL: Sending a multicast-DIO with rank 597
967088152	ID:33	RPL: Sending a multicast-DIO with rank 482
969767835	ID:36	RPL: Sending a multicast-DIO with rank 597
970088152	ID:33	RPL: Sending a multicast-DIO with rank 482
972767835	ID:36	RPL: Sending a multicast-DIO with rank 597
973088152	ID:33	RPL: Sending a multicast-DIO with rank 482
975767835	ID:36	RPL: Sending a multicast-DIO with rank 597
976088152	ID:33	RPL: Sending a multicast-DIO with rank 482
978767835	ID:36	RPL: Sending a multicast-DIO with rank 597
979088152	ID:33	RPL: Sending a multicast-DIO with rank 482
981767835	ID:36	RPL: Sending a multicast-DIO with rank 597
982088152	ID:33	RPL: Sending a multicast-DIO with rank 482
983694622	ID:34	RPL: Sending a DIS to fe80::c30c:0:0:6
984767835	ID:36	RPL: Sending a multicast-DIO with rank 597
985088152	ID:33	RPL: Sending a multicast-DIO with rank 482
987767835	ID:36	RPL: Sending a multicast-DIO with rank 597
988088152	ID:33	RPL: Sending a multicast-DIO with rank 482
990767835	ID:36	RPL: Sending a multicast-DIO with rank 597
991088152	ID:33	RPL: Sending a multicast-DIO with rank 482
993767835	ID:36	RPL: Sending a multicast-DIO with rank 597
994088152	ID:33	RPL: Sending a multicast-DIO with rank 482
996767835	ID:36	RPL: Sending a multicast-DIO with rank 597
997088152	ID:33	RPL: Sending a multicast-DIO with rank 482
999767835	ID:36	RPL: Sending a multicast-DIO with rank 597
1000088151	ID:33	RPL: Sending a multicast-DIO with rank 482
1002767835	ID:36	RPL: Sending a multicast-DIO with rank 597
1003088152	ID:33	RPL: Sending a multicast-DIO with rank 482
1005767835	ID:36	RPL: Sending a multicast-DIO with rank 597
1006088152	ID:33	RPL: Sending a multicast-DIO with rank 482
1008767835	ID:36	RPL: Sending a multicast-DIO with rank 597
1009088152	ID:33	RPL: Sending a multicast-DIO with rank 482
1011767835	ID:36	RPL: Sending a multicast-DIO with rank 597
1012088152	ID:33	RPL: Sending a multicast-DIO with rank 482
1014767835	ID:36	RPL: Sending a multicast-DIO with rank 597
1015088152	ID:33	RPL: Sending a multicast-DIO with rank 482
1017767835	ID:36	RPL: Sending a multicast-DIO with rank 597
1018088152	ID:33	RPL: Sending a multicast-DIO with rank 482
1020767835	ID:36	RPL: Sending a multicast-DIO with rank 597
1021088152	ID:33	RPL: Sending a multicast-DIO with rank 482
1022734949	ID:35	RPL: Sending a DIS to fe80::c30c:0:0:7
1022788411	ID:32	RPL: Sending a DIS to fe80::c30c:0:0:3
1023767835	ID:36	RPL: Sending a multicast-DIO with rank 597
1024088151	ID:33	RPL: Sending a multicast-DIO with rank 482
1026767836	ID:36	RPL: Sending a multicast-DIO with rank 597
1027088152	ID:33	RPL: Sending a multicast-DIO with rank 482
1029767836	ID:36	RPL: Sending a multicast-DIO with rank 597
1030088152	ID:33	RPL: Sending a multicast-DIO with rank 482
1032767836	ID:36	RPL: Sending a multicast-DIO with rank 597
1033088152	ID:33	RPL: Sending a multicast-DIO with rank 482
1035767836	ID:36	RPL: Sending a multicast-DIO with rank 597
1036088152	ID:33	RPL: Sending a multicast-DIO with rank 482
1038767836	ID:36	RPL: Sending a multicast-DIO with rank 597
1039088152	ID:33	RPL: Sending a multicast-DIO with rank 482
1041767836	ID:36	RPL: Sending a multicast-DIO with rank 597
1042088159	ID:33	RPL: Sending a multicast-DIO with rank 482
1043694347	ID:34	RPL: Sending a DIS to fe80::c30c:0:0:6
1044767836	ID:36	RPL: Sending a multicast-DIO with rank 597
1045088152	ID:33	RPL: Sending a multicast-DIO with rank 482
1047767836	ID:36	RPL: Sending a multicast-DIO with rank 597
1048088152	ID:33	RPL: Sending a multicast-DIO with rank 482
1050767836	ID:36	RPL: Sending a multicast-DIO with rank 597
1051088152	ID:33	RPL: Sending a multicast-DIO with rank 482
1053767836	ID:36	RPL: Sending a multicast-DIO with rank 597
1054088152	ID:33	RPL: Sending a multicast-DIO with rank 482
1056767836	ID:36	RPL: Sending a multicast-DIO with rank 597
1057088152	ID:33	RPL: Sending a multicast-DIO with rank 482
1059767836	ID:36	RPL: Sending a multicast-DIO with rank 597
1060088152	ID:33	RPL: Sending a multicast-DIO with rank 482
1062767836	ID:36	RPL: Sending a multicast-DIO with rank 597
1063088152	ID:33	RPL: Sending a multicast-DIO with rank 482
1065767836	ID:36	RPL: Sending a multicast-DIO with rank 597
1066088152	ID:33	RPL: Sending a multicast-DIO with rank 482
1068767836	ID:36	RPL: Sending a multicast-DIO with rank 597
1069088152	ID:33	RPL: Sending a multicast-DIO with rank 482
1071767836	ID:36	RPL: Sending a multicast-DIO with rank 597
1072088152	ID:33	RPL: Sending a multicast-DIO with rank 482
1074767836	ID:36	RPL: Sending a multicast-DIO with rank 597
1075088152	ID:33	RPL: Sending a multicast-DIO with rank 482
1077767836	ID:36	RPL: Sending a multicast-DIO with rank 597
1078088152	ID:33	RPL: Sending a multicast-DIO with rank 482
1080767836	ID:36	RPL: Sending a multicast-DIO with rank 597
1081088152	ID:33	RPL: Sending a multicast-DIO with rank 482
1082734950	ID:35	RPL: Sending a DIS to fe80::c30c:0:0:7
1082788412	ID:32	RPL: Sending a DIS to fe80::c30c:0:0:3
1083767836	ID:36	RPL: Sending a multicast-DIO with rank 597
1084088152	ID:33	RPL: Sending a multicast-DIO with rank 482
1086767843	ID:36	RPL: Sending a multicast-DIO with rank 597
1087088152	ID:33	RPL: Sending a multicast-DIO with rank 482
1089767836	ID:36	RPL: Sending a multicast-DIO with rank 597
1090088152	ID:33	RPL: Sending a multicast-DIO with rank 482
1092767836	ID:36	RPL: Sending a multicast-DIO with rank 597
1093088152	ID:33	RPL: Sending a multicast-DIO with rank 482
1095767836	ID:36	RPL: Sending a multicast-DIO with rank 597
1096088152	ID:33	RPL: Sending a multicast-DIO with rank 482
1098767836	ID:36	RPL: Sending a multicast-DIO with rank 597
1099088152	ID:33	RPL: Sending a multicast-DIO with rank 482
1101767836	ID:36	RPL: Sending a multicast-DIO with rank 597
1102088152	ID:33	RPL: Sending a multicast-DIO with rank 482
1103694347	ID:34	RPL: Sending a DIS to fe80::c30c:0:0:6
1104767836	ID:36	RPL: Sending a multicast-DIO with rank 597
1105088152	ID:33	RPL: Sending a multicast-DIO with rank 482
1107767836	ID:36	RPL: Sending a multicast-DIO with rank 597
1108088152	ID:33	RPL: Sending a multicast-DIO with rank 482
1110767836	ID:36	RPL: Sending a multicast-DIO with rank 597
1111088152	ID:33	RPL: Sending a multicast-DIO with rank 482
1113767836	ID:36	RPL: Sending a multicast-DIO with rank 597
1114088152	ID:33	RPL: Sending a multicast-DIO with rank 482
1116767836	ID:36	RPL: Sending a multicast-DIO with rank 597
1117088152	ID:33	RPL: Sending a multicast-DIO with rank 482
1119767836	ID:36	RPL: Sending a multicast-DIO with rank 597
1120088152	ID:33	RPL: Sending a multicast-DIO with rank 482
1122767836	ID:36	RPL: Sending a multicast-DIO with rank 597
1123088152	ID:33	RPL: Sending a multicast-DIO with rank 482
1125767836	ID:36	RPL: Sending a multicast-DIO with rank 597
1126088152	ID:33	RPL: Sending a multicast-DIO with rank 482
1128767836	ID:36	RPL: Sending a multicast-DIO with rank 597
1129088152	ID:33	RPL: Sending a multicast-DIO with rank 482
1131767836	ID:36	RPL: Sending a multicast-DIO with rank 597
1132088152	ID:33	RPL: Sending a multicast-DIO with rank 482
1134767836	ID:36	RPL: Sending a multicast-DIO with rank 597
1135088152	ID:33	RPL: Sending a multicast-DIO with rank 482
1137767836	ID:36	RPL: Sending a multicast-DIO with rank 597
1138088152	ID:33	RPL: Sending a multicast-DIO with rank 482
1140767836	ID:36	RPL: Sending a multicast-DIO with rank 597
1141088152	ID:33	RPL: Sending a multicast-DIO with rank 482
1142734950	ID:35	RPL: Sending a DIS to fe80::c30c:0:0:7
1142788412	ID:32	RPL: Sending a DIS to fe80::c30c:0:0:3
1143767836	ID:36	RPL: Sending a multicast-DIO with rank 597
1144088152	ID:33	RPL: Sending a multicast-DIO with rank 482
1146767836	ID:36	RPL: Sending a multicast-DIO with rank 597
1147088152	ID:33	RPL: Sending a multicast-DIO with rank 482
1149767836	ID:36	RPL: Sending a multicast-DIO with rank 597
1150088152	ID:33	RPL: Sending a multicast-DIO with rank 482
1152767836	ID:36	RPL: Sending a multicast-DIO with rank 597
1153088152	ID:33	RPL: Sending a multicast-DIO with rank 482
1155767836	ID:36	RPL: Sending a multicast-DIO with rank 597
1156088152	ID:33	RPL: Sending a multicast-DIO with rank 482
1158767836	ID:36	RPL: Sending a multicast-DIO with rank 597
1159088152	ID:33	RPL: Sending a multicast-DIO with rank 482
1161767836	ID:36	RPL: Sending a multicast-DIO with rank 597
1162088152	ID:33	RPL: Sending a multicast-DIO with rank 482
1163694347	ID:34	RPL: Sending a DIS to fe80::c30c:0:0:6
1164767836	ID:36	RPL: Sending a multicast-DIO with rank 597
1165088152	ID:33	RPL: Sending a multicast-DIO with rank 482
1167767836	ID:36	RPL: Sending a multicast-DIO with rank 597
1168088152	ID:33	RPL: Sending a multicast-DIO with rank 482
1170767836	ID:36	RPL: Sending a multicast-DIO with rank 597
1171088152	ID:33	RPL: Sending a multicast-DIO with rank 482
1173767836	ID:36	RPL: Sending a multicast-DIO with rank 597
1174088152	ID:33	RPL: Sending a multicast-DIO with rank 482
1176767836	ID:36	RPL: Sending a multicast-DIO with rank 597
1177088152	ID:33	RPL: Sending a multicast-DIO with rank 482
1179767836	ID:36	RPL: Sending a multicast-DIO with rank 597
1180088152	ID:33	RPL: Sending a multicast-DIO with rank 482
1182767836	ID:36	RPL: Sending a multicast-DIO with rank 597
1183088152	ID:33	RPL: Sending a multicast-DIO with rank 482
1185767836	ID:36	RPL: Sending a multicast-DIO with rank 597
1186088152	ID:33	RPL: Sending a multicast-DIO with rank 482
1188767836	ID:36	RPL: Sending a multicast-DIO with rank 597
1189088152	ID:33	RPL: Sending a multicast-DIO with rank 482
1191767836	ID:36	RPL: Sending a multicast-DIO with rank 597
1192088152	ID:33	RPL: Sending a multicast-DIO with rank 482
1194767836	ID:36	RPL: Sending a multicast-DIO with rank 597
1195088152	ID:33	RPL: Sending a multicast-DIO with rank 482
1197767836	ID:36	RPL: Sending a multicast-DIO with rank 597
1198088152	ID:33	RPL: Sending a multicast-DIO with rank 482
1200767836	ID:36	RPL: Sending a multicast-DIO with rank 597
1201088152	ID:33	RPL: Sending a multicast-DIO with rank 482
1202734955	ID:35	RPL: Sending a DIS to fe80::c30c:0:0:7
1202788417	ID:32	RPL: Sending a DIS to fe80::c30c:0:0:3
1203767841	ID:36	RPL: Sending a multicast-DIO with rank 597
1204088157	ID:33	RPL: Sending a multicast-DIO with rank 482
1206767835	ID:36	RPL: Sending a multicast-DIO with rank 597
1207088151	ID:33	RPL: Sending a multicast-DIO with rank 482
1209767835	ID:36	RPL: Sending a multicast-DIO with rank 597
1210088151	ID:33	RPL: Sending a multicast-DIO with rank 482
1212767835	ID:36	RPL: Sending a multicast-DIO with rank 597
1213088151	ID:33	RPL: Sending a multicast-DIO with rank 482
1215767835	ID:36	RPL: Sending a multicast-DIO with rank 597
1216088151	ID:33	RPL: Sending a multicast-DIO with rank 482
1218767835	ID:36	RPL: Sending a multicast-DIO with rank 597
1219088151	ID:33	RPL: Sending a multicast-DIO with rank 482
1221767835	ID:36	RPL: Sending a multicast-DIO with rank 597
1222088151	ID:33	RPL: Sending a multicast-DIO with rank 482
1223694346	ID:34	RPL: Sending a DIS to fe80::c30c:0:0:6
1224767835	ID:36	RPL: Sending a multicast-DIO with rank 597
1225088151	ID:33	RPL: Sending a multicast-DIO with rank 482
1227767835	ID:36	RPL: Sending a multicast-DIO with rank 597
1228088151	ID:33	RPL: Sending a multicast-DIO with rank 482
1230767835	ID:36	RPL: Sending a multicast-DIO with rank 597
1231088151	ID:33	RPL: Sending a multicast-DIO with rank 482
1233767835	ID:36	RPL: Sending a multicast-DIO with rank 597
1234088151	ID:33	RPL: Sending a multicast-DIO with rank 482
1236767835	ID:36	RPL: Sending a multicast-DIO with rank 597
1237088151	ID:33	RPL: Sending a multicast-DIO with rank 482
1239767835	ID:36	RPL: Sending a multicast-DIO with rank 597
1240088151	ID:33	RPL: Sending a multicast-DIO with rank 482
1242767835	ID:36	RPL: Sending a multicast-DIO with rank 597
1243088151	ID:33	RPL: Sending a multicast-DIO with rank 482
1245767835	ID:36	RPL: Sending a multicast-DIO with rank 597
1246088151	ID:33	RPL: Sending a multicast-DIO with rank 482
1248767835	ID:36	RPL: Sending a multicast-DIO with rank 597
1249088151	ID:33	RPL: Sending a multicast-DIO with rank 482
1251767835	ID:36	RPL: Sending a multicast-DIO with rank 597
1252088151	ID:33	RPL: Sending a multicast-DIO with rank 482
1254767835	ID:36	RPL: Sending a multicast-DIO with rank 597
1255088151	ID:33	RPL: Sending a multicast-DIO with rank 482
1257767835	ID:36	RPL: Sending a multicast-DIO with rank 597
1258088151	ID:33	RPL: Sending a multicast-DIO with rank 482
1260767835	ID:36	RPL: Sending a multicast-DIO with rank 597
1261088151	ID:33	RPL: Sending a multicast-DIO with rank 482
1262734949	ID:35	RPL: Sending a DIS to fe80::c30c:0:0:7
1262788411	ID:32	RPL: Sending a DIS to fe80::c30c:0:0:3
1263767835	ID:36	RPL: Sending a multicast-DIO with rank 597
1264088151	ID:33	RPL: Sending a multicast-DIO with rank 482
1266767835	ID:36	RPL: Sending a multicast-DIO with rank 597
1267088151	ID:33	RPL: Sending a multicast-DIO with rank 482
1269767835	ID:36	RPL: Sending a multicast-DIO with rank 597
1270088151	ID:33	RPL: Sending a multicast-DIO with rank 482
1272767835	ID:36	RPL: Sending a multicast-DIO with rank 597
1273088151	ID:33	RPL: Sending a multicast-DIO with rank 482
1275767835	ID:36	RPL: Sending a multicast-DIO with rank 597
1276088151	ID:33	RPL: Sending a multicast-DIO with rank 482
1278767835	ID:36	RPL: Sending a multicast-DIO with rank 597
1279088151	ID:33	RPL: Sending a multicast-DIO with rank 482
1281767835	ID:36	RPL: Sending a multicast-DIO with rank 597
1282088151	ID:33	RPL: Sending a multicast-DIO with rank 482
1283694346	ID:34	RPL: Sending a DIS to fe80::c30c:0:0:6
1284767835	ID:36	RPL: Sending a multicast-DIO with rank 597
1285088151	ID:33	RPL: Sending a multicast-DIO with rank 482
1287767835	ID:36	RPL: Sending a multicast-DIO with rank 597
1288088151	ID:33	RPL: Sending a multicast-DIO with rank 482
1290767835	ID:36	RPL: Sending a multicast-DIO with rank 597
1291088151	ID:33	RPL: Sending a multicast-DIO with rank 482
1293767835	ID:36	RPL: Sending a multicast-DIO with rank 597
1294088151	ID:33	RPL: Sending a multicast-DIO with rank 482
1296767835	ID:36	RPL: Sending a multicast-DIO with rank 597
1297088151	ID:33	RPL: Sending a multicast-DIO with rank 482
1299767835	ID:36	RPL: Sending a multicast-DIO with rank 597
1300088151	ID:33	RPL: Sending a multicast-DIO with rank 482
1302767835	ID:36	RPL: Sending a multicast-DIO with rank 597
1303088151	ID:33	RPL: Sending a multicast-DIO with rank 482
1305767835	ID:36	RPL: Sending a multicast-DIO with rank 597
1306088151	ID:33	RPL: Sending a multicast-DIO with rank 482
1308767835	ID:36	RPL: Sending a multicast-DIO with rank 597
1309088151	ID:33	RPL: Sending a multicast-DIO with rank 482
1311767835	ID:36	RPL: Sending a multicast-DIO with rank 597
1312088151	ID:33	RPL: Sending a multicast-DIO with rank 482
1314767835	ID:36	RPL: Sending a multicast-DIO with rank 597
1315088151	ID:33	RPL: Sending a multicast-DIO with rank 482
1317767835	ID:36	RPL: Sending a multicast-DIO with rank 597
1318088151	ID:33	RPL: Sending a multicast-DIO with rank 482
1320767835	ID:36	RPL: Sending a multicast-DIO with rank 597
1321088151	ID:33	RPL: Sending a multicast-DIO with rank 482
1322734949	ID:35	RPL: Sending a DIS to fe80::c30c:0:0:7
1322788411	ID:32	RPL: Sending a DIS to fe80::c30c:0:0:3
1323767835	ID:36	RPL: Sending a multicast-DIO with rank 597
1324088151	ID:33	RPL: Sending a multicast-DIO with rank 482
1326767835	ID:36	RPL: Sending a multicast-DIO with rank 597
1327088151	ID:33	RPL: Sending a multicast-DIO with rank 482
1329767835	ID:36	RPL: Sending a multicast-DIO with rank 597
1330088151	ID:33	RPL: Sending a multicast-DIO with rank 482
1332767835	ID:36	RPL: Sending a multicast-DIO with rank 597
1333088151	ID:33	RPL: Sending a multicast-DIO with rank 482
1335767835	ID:36	RPL: Sending a multicast-DIO with rank 597
1336088151	ID:33	RPL: Sending a multicast-DIO with rank 482
1338767835	ID:36	RPL: Sending a multicast-DIO with rank 597
1339088151	ID:33	RPL: Sending a multicast-DIO with rank 482
1341767835	ID:36	RPL: Sending a multicast-DIO with rank 597
1342088151	ID:33	RPL: Sending a multicast-DIO with rank 482
1343694346	ID:34	RPL: Sending a DIS to fe80::c30c:0:0:6
1344767835	ID:36	RPL: Sending a multicast-DIO with rank 597
1345088151	ID:33	RPL: Sending a multicast-DIO with rank 482
1347767835	ID:36	RPL: Sending a multicast-DIO with rank 597
1348088151	ID:33	RPL: Sending a multicast-DIO with rank 482
1350767835	ID:36	RPL: Sending a multicast-DIO with rank 597
1351088151	ID:33	RPL: Sending a multicast-DIO with rank 482
1353767835	ID:36	RPL: Sending a multicast-DIO with rank 597
1354088151	ID:33	RPL: Sending a multicast-DIO with rank 482
1356767835	ID:36	RPL: Sending a multicast-DIO with rank 597
1357088151	ID:33	RPL: Sending a multicast-DIO with rank 482
1359767835	ID:36	RPL: Sending a multicast-DIO with rank 597
1360088151	ID:33	RPL: Sending a multicast-DIO with rank 482
1362767835	ID:36	RPL: Sending a multicast-DIO with rank 597
1363088151	ID:33	RPL: Sending a multicast-DIO with rank 482
1365767835	ID:36	RPL: Sending a multicast-DIO with rank 597
1366088151	ID:33	RPL: Sending a multicast-DIO with rank 482
1368767835	ID:36	RPL: Sending a multicast-DIO with rank 597
1369088151	ID:33	RPL: Sending a multicast-DIO with rank 482
1371767835	ID:36	RPL: Sending a multicast-DIO with rank 597
1372088151	ID:33	RPL: Sending a multicast-DIO with rank 482
1374767835	ID:36	RPL: Sending a multicast-DIO with rank 597
1375088151	ID:33	RPL: Sending a multicast-DIO with rank 482
1377767835	ID:36	RPL: Sending a multicast-DIO with rank 597
1378088151	ID:33	RPL: Sending a multicast-DIO with rank 482
1380767835	ID:36	RPL: Sending a multicast-DIO with rank 597
1381088151	ID:33	RPL: Sending a multicast-DIO with rank 482
1382734949	ID:35	RPL: Sending a DIS to fe80::c30c:0:0:7
1382788411	ID:32	RPL: Sending a DIS to fe80::c30c:0:0:3
1383767835	ID:36	RPL: Sending a multicast-DIO with rank 597
1384088151	ID:33	RPL: Sending a multicast-DIO with rank 482
1386767835	ID:36	RPL: Sending a multicast-DIO with rank 597
1387088151	ID:33	RPL: Sending a multicast-DIO with rank 482
1389767835	ID:36	RPL: Sending a multicast-DIO with rank 597
1390088151	ID:33	RPL: Sending a multicast-DIO with rank 482
1392767835	ID:36	RPL: Sending a multicast-DIO with rank 597
1393088151	ID:33	RPL: Sending a multicast-DIO with rank 482
1395767835	ID:36	RPL: Sending a multicast-DIO with rank 597
1396088151	ID:33	RPL: Sending a multicast-DIO with rank 482
1398767835	ID:36	RPL: Sending a multicast-DIO with rank 597
1399088151	ID:33	RPL: Sending a multicast-DIO with rank 482
1401767835	ID:36	RPL: Sending a multicast-DIO with rank 597
1402088151	ID:33	RPL: Sending a multicast-DIO with rank 482
1403694346	ID:34	RPL: Sending a DIS to fe80::c30c:0:0:6
1404767835	ID:36	RPL: Sending a multicast-DIO with rank 597
1405088151	ID:33	RPL: Sending a multicast-DIO with rank 482
1407767835	ID:36	RPL: Sending a multicast-DIO with rank 597
1408088151	ID:33	RPL: Sending a multicast-DIO with rank 482
1410767835	ID:36	RPL: Sending a multicast-DIO with rank 597
1411088151	ID:33	RPL: Sending a multicast-DIO with rank 482
1413767835	ID:36	RPL: Sending a multicast-DIO with rank 597
1414088151	ID:33	RPL: Sending a multicast-DIO with rank 482
1416767835	ID:36	RPL: Sending a multicast-DIO with rank 597
1417088151	ID:33	RPL: Sending a multicast-DIO with rank 482
1419767835	ID:36	RPL: Sending a multicast-DIO with rank 597
1420088151	ID:33	RPL: Sending a multicast-DIO with rank 482
1422767835	ID:36	RPL: Sending a multicast-DIO with rank 597
1423088151	ID:33	RPL: Sending a multicast-DIO with rank 482
1425767835	ID:36	RPL: Sending a multicast-DIO with rank 597
1426088151	ID:33	RPL: Sending a multicast-DIO with rank 482
1428767835	ID:36	RPL: Sending a multicast-DIO with rank 597
1429088151	ID:33	RPL: Sending a multicast-DIO with rank 482
1431767835	ID:36	RPL: Sending a multicast-DIO with rank 597
1432088151	ID:33	RPL: Sending a multicast-DIO with rank 482
1434767835	ID:36	RPL: Sending a multicast-DIO with rank 597
1435088151	ID:33	RPL: Sending a multicast-DIO with rank 482
1437767835	ID:36	RPL: Sending a multicast-DIO with rank 597
1438088151	ID:33	RPL: Sending a multicast-DIO with rank 482
1440767835	ID:36	RPL: Sending a multicast-DIO with rank 597
1441088151	ID:33	RPL: Sending a multicast-DIO with rank 482
1442734949	ID:35	RPL: Sending a DIS to fe80::c30c:0:0:7
1442788411	ID:32	RPL: Sending a DIS to fe80::c30c:0:0:3
1443767835	ID:36	RPL: Sending a multicast-DIO with rank 597
1444088151	ID:33	RPL: Sending a multicast-DIO with rank 482
1446767835	ID:36	RPL: Sending a multicast-DIO with rank 597
1447088151	ID:33	RPL: Sending a multicast-DIO with rank 482
1449767835	ID:36	RPL: Sending a multicast-DIO with rank 597
1450088151	ID:33	RPL: Sending a multicast-DIO with rank 482
1452767835	ID:36	RPL: Sending a multicast-DIO with rank 597
1453088158	ID:33	RPL: Sending a multicast-DIO with rank 482
1455767835	ID:36	RPL: Sending a multicast-DIO with rank 597
1456088151	ID:33	RPL: Sending a multicast-DIO with rank 482
1458767835	ID:36	RPL: Sending a multicast-DIO with rank 597
1459088151	ID:33	RPL: Sending a multicast-DIO with rank 482
1461767835	ID:36	RPL: Sending a multicast-DIO with rank 597
1462088151	ID:33	RPL: Sending a multicast-DIO with rank 482
1463694346	ID:34	RPL: Sending a DIS to fe80::c30c:0:0:6
1464767835	ID:36	RPL: Sending a multicast-DIO with rank 597
1465088151	ID:33	RPL: Sending a multicast-DIO with rank 482
1467767835	ID:36	RPL: Sending a multicast-DIO with rank 597
1468088151	ID:33	RPL: Sending a multicast-DIO with rank 482
1470767835	ID:36	RPL: Sending a multicast-DIO with rank 597
1471088151	ID:33	RPL: Sending a multicast-DIO with rank 482
1473767835	ID:36	RPL: Sending a multicast-DIO with rank 597
1474088151	ID:33	RPL: Sending a multicast-DIO with rank 482
1476767835	ID:36	RPL: Sending a multicast-DIO with rank 597
1477088151	ID:33	RPL: Sending a multicast-DIO with rank 482
1479767835	ID:36	RPL: Sending a multicast-DIO with rank 597
1480088151	ID:33	RPL: Sending a multicast-DIO with rank 482
1482767835	ID:36	RPL: Sending a multicast-DIO with rank 597
1483088151	ID:33	RPL: Sending a multicast-DIO with rank 482
1485767835	ID:36	RPL: Sending a multicast-DIO with rank 597
1486088151	ID:33	RPL: Sending a multicast-DIO with rank 482
1488767835	ID:36	RPL: Sending a multicast-DIO with rank 597
1489088151	ID:33	RPL: Sending a multicast-DIO with rank 482
1491767835	ID:36	RPL: Sending a multicast-DIO with rank 597
1492088151	ID:33	RPL: Sending a multicast-DIO with rank 482
1494767835	ID:36	RPL: Sending a multicast-DIO with rank 597
1495088151	ID:33	RPL: Sending a multicast-DIO with rank 482
1497767835	ID:36	RPL: Sending a multicast-DIO with rank 597
1498088151	ID:33	RPL: Sending a multicast-DIO with rank 482
1500767835	ID:36	RPL: Sending a multicast-DIO with rank 597
1501088151	ID:33	RPL: Sending a multicast-DIO with rank 482
1502734949	ID:35	RPL: Sending a DIS to fe80::c30c:0:0:7
1502788411	ID:32	RPL: Sending a DIS to fe80::c30c:0:0:3
1503767835	ID:36	RPL: Sending a multicast-DIO with rank 597
1504088151	ID:33	RPL: Sending a multicast-DIO with rank 482
1506767842	ID:36	RPL: Sending a multicast-DIO with rank 597
1507088151	ID:33	RPL: Sending a multicast-DIO with rank 482
1509767835	ID:36	RPL: Sending a multicast-DIO with rank 597
1510088151	ID:33	RPL: Sending a multicast-DIO with rank 482
1512767835	ID:36	RPL: Sending a multicast-DIO with rank 597
1513088151	ID:33	RPL: Sending a multicast-DIO with rank 482
1515767835	ID:36	RPL: Sending a multicast-DIO with rank 597
1516088151	ID:33	RPL: Sending a multicast-DIO with rank 482
1518767835	ID:36	RPL: Sending a multicast-DIO with rank 597
1519088151	ID:33	RPL: Sending a multicast-DIO with rank 482
1521767835	ID:36	RPL: Sending a multicast-DIO with rank 597
1522088151	ID:33	RPL: Sending a multicast-DIO with rank 482
1523694346	ID:34	RPL: Sending a DIS to fe80::c30c:0:0:6
1524767835	ID:36	RPL: Sending a multicast-DIO with rank 597
1525088151	ID:33	RPL: Sending a multicast-DIO with rank 482
1527767835	ID:36	RPL: Sending a multicast-DIO with rank 597
1528088151	ID:33	RPL: Sending a multicast-DIO with rank 482
1530767835	ID:36	RPL: Sending a multicast-DIO with rank 597
1531088151	ID:33	RPL: Sending a multicast-DIO with rank 482
1533767835	ID:36	RPL: Sending a multicast-DIO with rank 597
1534088151	ID:33	RPL: Sending a multicast-DIO with rank 482
1536767835	ID:36	RPL: Sending a multicast-DIO with rank 597
1537088151	ID:33	RPL: Sending a multicast-DIO with rank 482
1539767835	ID:36	RPL: Sending a multicast-DIO with rank 597
1540088151	ID:33	RPL: Sending a multicast-DIO with rank 482
1542767835	ID:36	RPL: Sending a multicast-DIO with rank 597
1543088151	ID:33	RPL: Sending a multicast-DIO with rank 482
1545767835	ID:36	RPL: Sending a multicast-DIO with rank 597
1546088151	ID:33	RPL: Sending a multicast-DIO with rank 482
1548767835	ID:36	RPL: Sending a multicast-DIO with rank 597
1549088151	ID:33	RPL: Sending a multicast-DIO with rank 482
1551767835	ID:36	RPL: Sending a multicast-DIO with rank 597
1552088151	ID:33	RPL: Sending a multicast-DIO with rank 482
1554767835	ID:36	RPL: Sending a multicast-DIO with rank 597
1555088151	ID:33	RPL: Sending a multicast-DIO with rank 482
1557767835	ID:36	RPL: Sending a multicast-DIO with rank 597
1558088151	ID:33	RPL: Sending a multicast-DIO with rank 482
1560767835	ID:36	RPL: Sending a multicast-DIO with rank 597
1561088151	ID:33	RPL: Sending a multicast-DIO with rank 482
1562734949	ID:35	RPL: Sending a DIS to fe80::c30c:0:0:7
1562788411	ID:32	RPL: Sending a DIS to fe80::c30c:0:0:3
1563767835	ID:36	RPL: Sending a multicast-DIO with rank 597
1564088151	ID:33	RPL: Sending a multicast-DIO with rank 482
1566767835	ID:36	RPL: Sending a multicast-DIO with rank 597
1567088151	ID:33	RPL: Sending a multicast-DIO with rank 482
1569767835	ID:36	RPL: Sending a multicast-DIO with rank 597
1570088151	ID:33	RPL: Sending a multicast-DIO with rank 482
1572767835	ID:36	RPL: Sending a multicast-DIO with rank 597
1573088151	ID:33	RPL: Sending a multicast-DIO with rank 482
1575767835	ID:36	RPL: Sending a multicast-DIO with rank 597
1576088151	ID:33	RPL: Sending a multicast-DIO with rank 482
1578767835	ID:36	RPL: Sending a multicast-DIO with rank 597
1579088151	ID:33	RPL: Sending a multicast-DIO with rank 482
1581767835	ID:36	RPL: Sending a multicast-DIO with rank 597
1582088151	ID:33	RPL: Sending a multicast-DIO with rank 482
1583694346	ID:34	RPL: Sending a DIS to fe80::c30c:0:0:6
1584767835	ID:36	RPL: Sending a multicast-DIO with rank 597
1585088151	ID:33	RPL: Sending a multicast-DIO with rank 482
1587767835	ID:36	RPL: Sending a multicast-DIO with rank 597
1588088151	ID:33	RPL: Sending a multicast-DIO with rank 482
1590767835	ID:36	RPL: Sending a multicast-DIO with rank 597
1591088151	ID:33	RPL: Sending a multicast-DIO with rank 482
1593767835	ID:36	RPL: Sending a multicast-DIO with rank 597
1594088151	ID:33	RPL: Sending a multicast-DIO with rank 482
1596767835	ID:36	RPL: Sending a multicast-DIO with rank 597
1597088151	ID:33	RPL: Sending a multicast-DIO with rank 482
1599767835	ID:36	RPL: Sending a multicast-DIO with rank 597
1600088151	ID:33	RPL: Sending a multicast-DIO with rank 482
1602767835	ID:36	RPL: Sending a multicast-DIO with rank 597
1603088151	ID:33	RPL: Sending a multicast-DIO with rank 482
1605767835	ID:36	RPL: Sending a multicast-DIO with rank 597
1606088151	ID:33	RPL: Sending a multicast-DIO with rank 482
1608767835	ID:36	RPL: Sending a multicast-DIO with rank 597
1609088151	ID:33	RPL: Sending a multicast-DIO with rank 482
1611767835	ID:36	RPL: Sending a multicast-DIO with rank 597
1612088151	ID:33	RPL: Sending a multicast-DIO with rank 482
1614767835	ID:36	RPL: Sending a multicast-DIO with rank 597
1615088151	ID:33	RPL: Sending a multicast-DIO with rank 482
1617767835	ID:36	RPL: Sending a multicast-DIO with rank 597
1618088151	ID:33	RPL: Sending a multicast-DIO with rank 482
1620767835	ID:36	RPL: Sending a multicast-DIO with rank 597
1621088151	ID:33	RPL: Sending a multicast-DIO with rank 482
1622734949	ID:35	RPL: Sending a DIS to fe80::c30c:0:0:7
1622788411	ID:32	RPL: Sending a DIS to fe80::c30c:0:0:3
1623767835	ID:36	RPL: Sending a multicast-DIO with rank 597
1624088151	ID:33	RPL: Sending a multicast-DIO with rank 482
1626767835	ID:36	RPL: Sending a multicast-DIO with rank 597
1627088151	ID:33	RPL: Sending a multicast-DIO with rank 482
1629767835	ID:36	RPL: Sending a multicast-DIO with rank 597
1630088151	ID:33	RPL: Sending a multicast-DIO with rank 482
1632767835	ID:36	RPL: Sending a multicast-DIO with rank 597
1633088151	ID:33	RPL: Sending a multicast-DIO with rank 482
1635767835	ID:36	RPL: Sending a multicast-DIO with rank 597
1636088151	ID:33	RPL: Sending a multicast-DIO with rank 482
1638767835	ID:36	RPL: Sending a multicast-DIO with rank 597
1639088151	ID:33	RPL: Sending a multicast-DIO with rank 482
1641767835	ID:36	RPL: Sending a multicast-DIO with rank 597
1642088151	ID:33	RPL: Sending a multicast-DIO with rank 482
1643694346	ID:34	RPL: Sending a DIS to fe80::c30c:0:0:6
1644767835	ID:36	RPL: Sending a multicast-DIO with rank 597
1645088151	ID:33	RPL: Sending a multicast-DIO with rank 482
1647767835	ID:36	RPL: Sending a multicast-DIO with rank 597
1648088151	ID:33	RPL: Sending a multicast-DIO with rank 482
1650767835	ID:36	RPL: Sending a multicast-DIO with rank 597
1651088151	ID:33	RPL: Sending a multicast-DIO with rank 482
1653767835	ID:36	RPL: Sending a multicast-DIO with rank 597
1654088151	ID:33	RPL: Sending a multicast-DIO with rank 482
1656767835	ID:36	RPL: Sending a multicast-DIO with rank 597
1657088151	ID:33	RPL: Sending a multicast-DIO with rank 482
1659767835	ID:36	RPL: Sending a multicast-DIO with rank 597
1660088151	ID:33	RPL: Sending a multicast-DIO with rank 482
1662767835	ID:36	RPL: Sending a multicast-DIO with rank 597
1663088151	ID:33	RPL: Sending a multicast-DIO with rank 482
1665767835	ID:36	RPL: Sending a multicast-DIO with rank 597
1666088151	ID:33	RPL: Sending a multicast-DIO with rank 482
1668767835	ID:36	RPL: Sending a multicast-DIO with rank 597
1669088151	ID:33	RPL: Sending a multicast-DIO with rank 482
1671767835	ID:36	RPL: Sending a multicast-DIO with rank 597
1672088151	ID:33	RPL: Sending a multicast-DIO with rank 482
1674767835	ID:36	RPL: Sending a multicast-DIO with rank 597
1675088151	ID:33	RPL: Sending a multicast-DIO with rank 482
1677767835	ID:36	RPL: Sending a multicast-DIO with rank 597
1678088151	ID:33	RPL: Sending a multicast-DIO with rank 482
1680767835	ID:36	RPL: Sending a multicast-DIO with rank 597
1681088151	ID:33	RPL: Sending a multicast-DIO with rank 482
1682734949	ID:35	RPL: Sending a DIS to fe80::c30c:0:0:7
1682788411	ID:32	RPL: Sending a DIS to fe80::c30c:0:0:3
1683767835	ID:36	RPL: Sending a multicast-DIO with rank 597
1684088151	ID:33	RPL: Sending a multicast-DIO with rank 482
1686767835	ID:36	RPL: Sending a multicast-DIO with rank 597
1687088151	ID:33	RPL: Sending a multicast-DIO with rank 482
1689767835	ID:36	RPL: Sending a multicast-DIO with rank 597
1690088151	ID:33	RPL: Sending a multicast-DIO with rank 482
1692767835	ID:36	RPL: Sending a multicast-DIO with rank 597
1693088151	ID:33	RPL: Sending a multicast-DIO with rank 482
1695767835	ID:36	RPL: Sending a multicast-DIO with rank 597
1696088151	ID:33	RPL: Sending a multicast-DIO with rank 482
1698767835	ID:36	RPL: Sending a multicast-DIO with rank 597
1699088151	ID:33	RPL: Sending a multicast-DIO with rank 482
1701767835	ID:36	RPL: Sending a multicast-DIO with rank 597
1702088151	ID:33	RPL: Sending a multicast-DIO with rank 482
1703694346	ID:34	RPL: Sending a DIS to fe80::c30c:0:0:6
1704767835	ID:36	RPL: Sending a multicast-DIO with rank 597
1705088151	ID:33	RPL: Sending a multicast-DIO with rank 482
1707767835	ID:36	RPL: Sending a multicast-DIO with rank 597
1708088151	ID:33	RPL: Sending a multicast-DIO with rank 482
1710767835	ID:36	RPL: Sending a multicast-DIO with rank 597
1711088151	ID:33	RPL: Sending a multicast-DIO with rank 482
1713767835	ID:36	RPL: Sending a multicast-DIO with rank 597
1714088151	ID:33	RPL: Sending a multicast-DIO with rank 482
1716767835	ID:36	RPL: Sending a multicast-DIO with rank 597
1717088151	ID:33	RPL: Sending a multicast-DIO with rank 482
1719767835	ID:36	RPL: Sending a multicast-DIO with rank 597
1720088151	ID:33	RPL: Sending a multicast-DIO with rank 482
1722767835	ID:36	RPL: Sending a multicast-DIO with rank 597
1723088151	ID:33	RPL: Sending a multicast-DIO with rank 482
1725767835	ID:36	RPL: Sending a multicast-DIO with rank 597
1726088151	ID:33	RPL: Sending a multicast-DIO with rank 482
1728767835	ID:36	RPL: Sending a multicast-DIO with rank 597
1729088151	ID:33	RPL: Sending a multicast-DIO with rank 482
1731767835	ID:36	RPL: Sending a multicast-DIO with rank 597
1732088151	ID:33	RPL: Sending a multicast-DIO with rank 482
1734767835	ID:36	RPL: Sending a multicast-DIO with rank 597
1735088151	ID:33	RPL: Sending a multicast-DIO with rank 482
1737767835	ID:36	RPL: Sending a multicast-DIO with rank 597
1738088151	ID:33	RPL: Sending a multicast-DIO with rank 482
1740767835	ID:36	RPL: Sending a multicast-DIO with rank 597
1741088151	ID:33	RPL: Sending a multicast-DIO with rank 482
1742735425	ID:35	RPL: Sending a DIS to fe80::c30c:0:0:7
1742788845	ID:32	RPL: Sending a DIS to fe80::c30c:0:0:3
1743767835	ID:36	RPL: Sending a multicast-DIO with rank 597
1744088151	ID:33	RPL: Sending a multicast-DIO with rank 482
1746767835	ID:36	RPL: Sending a multicast-DIO with rank 597
1747088151	ID:33	RPL: Sending a multicast-DIO with rank 482
1749767835	ID:36	RPL: Sending a multicast-DIO with rank 597
1750088151	ID:33	RPL: Sending a multicast-DIO with rank 482
1752767835	ID:36	RPL: Sending a multicast-DIO with rank 597
1753088151	ID:33	RPL: Sending a multicast-DIO with rank 482
1755767835	ID:36	RPL: Sending a multicast-DIO with rank 597
1756088151	ID:33	RPL: Sending a multicast-DIO with rank 482
1758767835	ID:36	RPL: Sending a multicast-DIO with rank 597
1759088151	ID:33	RPL: Sending a multicast-DIO with rank 482
1761767835	ID:36	RPL: Sending a multicast-DIO with rank 597
1762088151	ID:33	RPL: Sending a multicast-DIO with rank 482
1763694346	ID:34	RPL: Sending a DIS to fe80::c30c:0:0:6
1764767835	ID:36	RPL: Sending a multicast-DIO with rank 597
1765088151	ID:33	RPL: Sending a multicast-DIO with rank 482
1767767835	ID:36	RPL: Sending a multicast-DIO with rank 597
1768088151	ID:33	RPL: Sending a multicast-DIO with rank 482
1770767835	ID:36	RPL: Sending a multicast-DIO with rank 597
1771088151	ID:33	RPL: Sending a multicast-DIO with rank 482
1773767835	ID:36	RPL: Sending a multicast-DIO with rank 597
1774088151	ID:33	RPL: Sending a multicast-DIO with rank 482
1776767835	ID:36	RPL: Sending a multicast-DIO with rank 597
1777088151	ID:33	RPL: Sending a multicast-DIO with rank 482
1779767835	ID:36	RPL: Sending a multicast-DIO with rank 597
1780088151	ID:33	RPL: Sending a multicast-DIO with rank 482
1782767835	ID:36	RPL: Sending a multicast-DIO with rank 597
1783088151	ID:33	RPL: Sending a multicast-DIO with rank 482
1785767835	ID:36	RPL: Sending a multicast-DIO with rank 597
1786088151	ID:33	RPL: Sending a multicast-DIO with rank 482
1788767835	ID:36	RPL: Sending a multicast-DIO with rank 597
1789088151	ID:33	RPL: Sending a multicast-DIO with rank 482
1791767835	ID:36	RPL: Sending a multicast-DIO with rank 597
1792088151	ID:33	RPL: Sending a multicast-DIO with rank 482
1794767835	ID:36	RPL: Sending a multicast-DIO with rank 597
1795088151	ID:33	RPL: Sending a multicast-DIO with rank 482
1797767835	ID:36	RPL: Sending a multicast-DIO with rank 597
1798088151	ID:33	RPL: Sending a multicast-DIO with rank 482
