30128306	ID:34	RPL: Sending a DIS to fe80::c30c:0:0:6
30365879	ID:33	RPL: Sending a DIS to fe80::c30c:0:0:2
30948159	ID:36	RPL: Sending a DIS to fe80::c30c:0:0:8
30999550	ID:32	RPL: Sending a DIS to fe80::c30c:0:0:3
31091325	ID:35	RPL: Sending a DIS to fe80::c30c:0:0:7
31780263	ID:33	RPL: Received a DIO from fe80::c30c:0:0:2
31784034	ID:33	RPL: Incoming DIO (id, ver, rank) = (30,240,639)
31788536	ID:33	RPL: Incoming DIO (dag_id, pref) = (fd00::ff:fe00:1, 0)
31790761	ID:33	RPL: DIO option 4, length: 14
31796670	ID:33	RPL: DAG conf:dbl=8, min=12 red=3 maxinc=896 mininc=128 ocp=1 d_l=10 l_u=60
31798896	ID:33	RPL: DIO option 8, length: 30
31801165	ID:33	RPL: Copying prefix information
31808639	ID:33	RPL: Neighbor added to neighbor cache fe80::c30c:0:0:2, c1:0c:00:00:00:00:00:02
35415597	ID:32	RPL: Received a DIO from fe80::c30c:0:0:3
35419368	ID:32	RPL: Incoming DIO (id, ver, rank) = (30,240,592)
35423905	ID:32	RPL: Incoming DIO (dag_id, pref) = (fd00::ff:fe00:1, 0)
35426130	ID:32	RPL: DIO option 4, length: 14
35432056	ID:32	RPL: DAG conf:dbl=8, min=12 red=3 maxinc=896 mininc=128 ocp=1 d_l=10 l_u=60
35434282	ID:32	RPL: DIO option 8, length: 30
35436550	ID:32	RPL: Copying prefix information
35445886	ID:32	RPL: Neighbor added to neighbor cache fe80::c30c:0:0:3, c1:0c:00:00:00:00:00:03
36284180	ID:34	RPL: Received a DIO from fe80::c30c:0:0:6
36287955	ID:34	RPL: Incoming DIO (id, ver, rank) = (30,240,592)
36292454	ID:34	RPL: Incoming DIO (dag_id, pref) = (fd00::ff:fe00:1, 0)
36294679	ID:34	RPL: DIO option 4, length: 14
36300588	ID:34	RPL: DAG conf:dbl=8, min=12 red=3 maxinc=896 mininc=128 ocp=1 d_l=10 l_u=60
36302814	ID:34	RPL: DIO option 8, length: 30
36305083	ID:34	RPL: Copying prefix information
36315255	ID:34	RPL: Neighbor added to neighbor cache fe80::c30c:0:0:6, c1:0c:00:00:00:00:00:06
36814736	ID:33	RPL: Sending a multicast-DIO with rank 639
36862260	ID:36	RPL: Received a DIO from fe80::c30c:0:0:8
36866035	ID:36	RPL: Incoming DIO (id, ver, rank) = (30,240,602)
36870533	ID:36	RPL: Incoming DIO (dag_id, pref) = (fd00::ff:fe00:1, 0)
36872776	ID:36	RPL: DIO option 4, length: 14
36878683	ID:36	RPL: DAG conf:dbl=8, min=12 red=3 maxinc=896 mininc=128 ocp=1 d_l=10 l_u=60
36880949	ID:36	RPL: DIO option 8, length: 30
36883218	ID:36	RPL: Copying prefix information
36893211	ID:36	RPL: Neighbor added to neighbor cache fe80::c30c:0:0:8, c1:0c:00:00:00:00:00:08
40451280	ID:32	RPL: Sending a multicast-DIO with rank 592
41320031	ID:34	RPL: Sending a multicast-DIO with rank 592
41814715	ID:33	RPL: Sending a multicast-DIO with rank 639
41899889	ID:36	RPL: Sending a multicast-DIO with rank 602
45451259	ID:32	RPL: Sending a multicast-DIO with rank 592
46320010	ID:34	RPL: Sending a multicast-DIO with rank 592
46814714	ID:33	RPL: Sending a multicast-DIO with rank 639
46899867	ID:36	RPL: Sending a multicast-DIO with rank 602
50451259	ID:32	RPL: Sending a multicast-DIO with rank 592
51320010	ID:34	RPL: Sending a multicast-DIO with rank 592
51814715	ID:33	RPL: Sending a multicast-DIO with rank 639
51899868	ID:36	RPL: Sending a multicast-DIO with rank 602
55451259	ID:32	RPL: Sending a multicast-DIO with rank 592
56320010	ID:34	RPL: Sending a multicast-DIO with rank 592
56814715	ID:33	RPL: Sending a multicast-DIO with rank 639
56899868	ID:36	RPL: Sending a multicast-DIO with rank 602
60451259	ID:32	RPL: Sending a multicast-DIO with rank 592
61320010	ID:34	RPL: Sending a multicast-DIO with rank 592
61814715	ID:33	RPL: Sending a multicast-DIO with rank 639
61899867	ID:36	RPL: Sending a multicast-DIO with rank 602
62873669	ID:35	RPL: Sending a DIS to fe80::c30c:0:0:7
65451259	ID:32	RPL: Sending a multicast-DIO with rank 592
66320010	ID:34	RPL: Sending a multicast-DIO with rank 592
66814714	ID:33	RPL: Sending a multicast-DIO with rank 639
66899867	ID:36	RPL: Sending a multicast-DIO with rank 602
70451259	ID:32	RPL: Sending a multicast-DIO with rank 592
71320010	ID:34	RPL: Sending a multicast-DIO with rank 592
71814714	ID:33	RPL: Sending a multicast-DIO with rank 639
71899867	ID:36	RPL: Sending a multicast-DIO with rank 602
75451259	ID:32	RPL: Sending a multicast-DIO with rank 592
76320010	ID:34	RPL: Sending a multicast-DIO with rank 592
76814714	ID:33	RPL: Sending a multicast-DIO with rank 639
76899867	ID:36	RPL: Sending a multicast-DIO with rank 602
80451259	ID:32	RPL: Sending a multicast-DIO with rank 592
81320010	ID:34	RPL: Sending a multicast-DIO with rank 592
81814714	ID:33	RPL: Sending a multicast-DIO with rank 639
81899867	ID:36	RPL: Sending a multicast-DIO with rank 602
85451259	ID:32	RPL: Sending a multicast-DIO with rank 592
86320010	ID:34	RPL: Sending a multicast-DIO with rank 592
86814714	ID:33	RPL: Sending a multicast-DIO with rank 639
86899867	ID:36	RPL: Sending a multicast-DIO with rank 602
90451259	ID:32	RPL: Sending a multicast-DIO with rank 592
91319997	ID:34	RPL: Sending a multicast-DIO with rank 592
91814702	ID:33	RPL: Sending a multicast-DIO with rank 639
91899855	ID:36	RPL: Sending a multicast-DIO with rank 602
95451246	ID:32	RPL: Sending a multicast-DIO with rank 592
96319997	ID:34	RPL: Sending a multicast-DIO with rank 592
96814702	ID:33	RPL: Sending a multicast-DIO with rank 639
96899855	ID:36	RPL: Sending a multicast-DIO with rank 602
100451246	ID:32	RPL: Sending a multicast-DIO with rank 592
101319997	ID:34	RPL: Sending a multicast-DIO with rank 592
101814702	ID:33	RPL: Sending a multicast-DIO with rank 639
101899855	ID:36	RPL: Sending a multicast-DIO with rank 602
105451246	ID:32	RPL: Sending a multicast-DIO with rank 592
106319997	ID:34	RPL: Sending a multicast-DIO with rank 592
106814702	ID:33	RPL: Sending a multicast-DIO with rank 639
106899855	ID:36	RPL: Sending a multicast-DIO with rank 602
110451246	ID:32	RPL: Sending a multicast-DIO with rank 592
111319997	ID:34	RPL: Sending a multicast-DIO with rank 592
111814702	ID:33	RPL: Sending a multicast-DIO with rank 639
111899855	ID:36	RPL: Sending a multicast-DIO with rank 602
115451246	ID:32	RPL: Sending a multicast-DIO with rank 592
116319997	ID:34	RPL: Sending a multicast-DIO with rank 592
116814702	ID:33	RPL: Sending a multicast-DIO with rank 639
116899855	ID:36	RPL: Sending a multicast-DIO with rank 602
120451246	ID:32	RPL: Sending a multicast-DIO with rank 592
121319997	ID:34	RPL: Sending a multicast-DIO with rank 592
121814702	ID:33	RPL: Sending a multicast-DIO with rank 639
121899855	ID:36	RPL: Sending a multicast-DIO with rank 602
122874467	ID:35	RPL: Sending a DIS to fe80::c30c:0:0:7
125451246	ID:32	RPL: Sending a multicast-DIO with rank 592
126319997	ID:34	RPL: Sending a multicast-DIO with rank 592
126814702	ID:33	RPL: Sending a multicast-DIO with rank 639
126899855	ID:36	RPL: Sending a multicast-DIO with rank 602
130451246	ID:32	RPL: Sending a multicast-DIO with rank 592
131319997	ID:34	RPL: Sending a multicast-DIO with rank 592
131814702	ID:33	RPL: Sending a multicast-DIO with rank 639
131899855	ID:36	RPL: Sending a multicast-DIO with rank 602
135451246	ID:32	RPL: Sending a multicast-DIO with rank 592
136319997	ID:34	RPL: Sending a multicast-DIO with rank 592
136814702	ID:33	RPL: Sending a multicast-DIO with rank 639
136899855	ID:36	RPL: Sending a multicast-DIO with rank 602
140451246	ID:32	RPL: Sending a multicast-DIO with rank 592
141319997	ID:34	RPL: Sending a multicast-DIO with rank 592
141814702	ID:33	RPL: Sending a multicast-DIO with rank 639
141899855	ID:36	RPL: Sending a multicast-DIO with rank 602
145451246	ID:32	RPL: Sending a multicast-DIO with rank 592
146319997	ID:34	RPL: Sending a multicast-DIO with rank 592
146814702	ID:33	RPL: Sending a multicast-DIO with rank 639
146899855	ID:36	RPL: Sending a multicast-DIO with rank 602
150451246	ID:32	RPL: Sending a multicast-DIO with rank 592
151319997	ID:34	RPL: Sending a multicast-DIO with rank 592
151814702	ID:33	RPL: Sending a multicast-DIO with rank 639
151899855	ID:36	RPL: Sending a multicast-DIO with rank 602
155451246	ID:32	RPL: Sending a multicast-DIO with rank 592
156319997	ID:34	RPL: Sending a multicast-DIO with rank 592
156814702	ID:33	RPL: Sending a multicast-DIO with rank 639
156899855	ID:36	RPL: Sending a multicast-DIO with rank 602
160451246	ID:32	RPL: Sending a multicast-DIO with rank 592
161319997	ID:34	RPL: Sending a multicast-DIO with rank 592
161814702	ID:33	RPL: Sending a multicast-DIO with rank 639
161899855	ID:36	RPL: Sending a multicast-DIO with rank 602
165451246	ID:32	RPL: Sending a multicast-DIO with rank 592
166319997	ID:34	RPL: Sending a multicast-DIO with rank 592
166814702	ID:33	RPL: Sending a multicast-DIO with rank 639
166899855	ID:36	RPL: Sending a multicast-DIO with rank 602
170451246	ID:32	RPL: Sending a multicast-DIO with rank 592
171319997	ID:34	RPL: Sending a multicast-DIO with rank 592
171814702	ID:33	RPL: Sending a multicast-DIO with rank 639
171899855	ID:36	RPL: Sending a multicast-DIO with rank 602
175451246	ID:32	RPL: Sending a multicast-DIO with rank 592
176319997	ID:34	RPL: Sending a multicast-DIO with rank 592
176814702	ID:33	RPL: Sending a multicast-DIO with rank 639
176899855	ID:36	RPL: Sending a multicast-DIO with rank 602
180451246	ID:32	RPL: Sending a multicast-DIO with rank 592
181319997	ID:34	RPL: Sending a multicast-DIO with rank 592
181814702	ID:33	RPL: Sending a multicast-DIO with rank 639
181899855	ID:36	RPL: Sending a multicast-DIO with rank 602
182873899	ID:35	RPL: Sending a DIS to fe80::c30c:0:0:7
185451246	ID:32	RPL: Sending a multicast-DIO with rank 592
186319997	ID:34	RPL: Sending a multicast-DIO with rank 592
186814702	ID:33	RPL: Sending a multicast-DIO with rank 639
186899855	ID:36	RPL: Sending a multicast-DIO with rank 602
190451246	ID:32	RPL: Sending a multicast-DIO with rank 592
191319997	ID:34	RPL: Sending a multicast-DIO with rank 592
191814702	ID:33	RPL: Sending a multicast-DIO with rank 639
191899855	ID:36	RPL: Sending a multicast-DIO with rank 602
195451246	ID:32	RPL: Sending a multicast-DIO with rank 592
196319997	ID:34	RPL: Sending a multicast-DIO with rank 592
196814702	ID:33	RPL: Sending a multicast-DIO with rank 639
196899855	ID:36	RPL: Sending a multicast-DIO with rank 602
200451246	ID:32	RPL: Sending a multicast-DIO with rank 592
201319997	ID:34	RPL: Sending a multicast-DIO with rank 592
201814702	ID:33	RPL: Sending a multicast-DIO with rank 639
201899855	ID:36	RPL: Sending a multicast-DIO with rank 602
205451246	ID:32	RPL: Sending a multicast-DIO with rank 592
206319997	ID:34	RPL: Sending a multicast-DIO with rank 592
206814702	ID:33	RPL: Sending a multicast-DIO with rank 639
206899855	ID:36	RPL: Sending a multicast-DIO with rank 602
210451246	ID:32	RPL: Sending a multicast-DIO with rank 592
211319997	ID:34	RPL: Sending a multicast-DIO with rank 592
211814702	ID:33	RPL: Sending a multicast-DIO with rank 639
211899855	ID:36	RPL: Sending a multicast-DIO with rank 602
215451246	ID:32	RPL: Sending a multicast-DIO with rank 592
216319997	ID:34	RPL: Sending a multicast-DIO with rank 592
216814702	ID:33	RPL: Sending a multicast-DIO with rank 639
216899855	ID:36	RPL: Sending a multicast-DIO with rank 602
220451246	ID:32	RPL: Sending a multicast-DIO with rank 592
221319997	ID:34	RPL: Sending a multicast-DIO with rank 592
221814702	ID:33	RPL: Sending a multicast-DIO with rank 639
221899855	ID:36	RPL: Sending a multicast-DIO with rank 602
225451246	ID:32	RPL: Sending a multicast-DIO with rank 592
226319997	ID:34	RPL: Sending a multicast-DIO with rank 592
226814702	ID:33	RPL: Sending a multicast-DIO with rank 639
226899855	ID:36	RPL: Sending a multicast-DIO with rank 602
230451246	ID:32	RPL: Sending a multicast-DIO with rank 592
231319997	ID:34	RPL: Sending a multicast-DIO with rank 592
231814702	ID:33	RPL: Sending a multicast-DIO with rank 639
231899855	ID:36	RPL: Sending a multicast-DIO with rank 602
235451246	ID:32	RPL: Sending a multicast-DIO with rank 592
236319997	ID:34	RPL: Sending a multicast-DIO with rank 592
236814702	ID:33	RPL: Sending a multicast-DIO with rank 639
236899855	ID:36	RPL: Sending a multicast-DIO with rank 602
240451246	ID:32	RPL: Sending a multicast-DIO with rank 592
241319997	ID:34	RPL: Sending a multicast-DIO with rank 592
241814702	ID:33	RPL: Sending a multicast-DIO with rank 639
241899855	ID:36	RPL: Sending a multicast-DIO with rank 602
242873899	ID:35	RPL: Sending a DIS to fe80::c30c:0:0:7
245451246	ID:32	RPL: Sending a multicast-DIO with rank 592
246319997	ID:34	RPL: Sending a multicast-DIO with rank 592
246814702	ID:33	RPL: Sending a multicast-DIO with rank 639
246899855	ID:36	RPL: Sending a multicast-DIO with rank 602
250451246	ID:32	RPL: Sending a multicast-DIO with rank 592
251319997	ID:34	RPL: Sending a multicast-DIO with rank 592
251814702	ID:33	RPL: Sending a multicast-DIO with rank 639
251899855	ID:36	RPL: Sending a multicast-DIO with rank 602
255451246	ID:32	RPL: Sending a multicast-DIO with rank 592
256319997	ID:34	RPL: Sending a multicast-DIO with rank 592
256814702	ID:33	RPL: Sending a multicast-DIO with rank 639
256899855	ID:36	RPL: Sending a multicast-DIO with rank 602
260451246	ID:32	RPL: Sending a multicast-DIO with rank 592
261319997	ID:34	RPL: Sending a multicast-DIO with rank 592
261814702	ID:33	RPL: Sending a multicast-DIO with rank 639
261899855	ID:36	RPL: Sending a multicast-DIO with rank 602
265451246	ID:32	RPL: Sending a multicast-DIO with rank 592
266319997	ID:34	RPL: Sending a multicast-DIO with rank 592
266814702	ID:33	RPL: Sending a multicast-DIO with rank 639
266899855	ID:36	RPL: Sending a multicast-DIO with rank 602
270451246	ID:32	RPL: Sending a multicast-DIO with rank 592
271319997	ID:34	RPL: Sending a multicast-DIO with rank 592
271814702	ID:33	RPL: Sending a multicast-DIO with rank 639
271899855	ID:36	RPL: Sending a multicast-DIO with rank 602
275451246	ID:32	RPL: Sending a multicast-DIO with rank 592
276319997	ID:34	RPL: Sending a multicast-DIO with rank 592
276814702	ID:33	RPL: Sending a multicast-DIO with rank 639
276899855	ID:36	RPL: Sending a multicast-DIO with rank 602
280451246	ID:32	RPL: Sending a multicast-DIO with rank 592
281319997	ID:34	RPL: Sending a multicast-DIO with rank 592
281814702	ID:33	RPL: Sending a multicast-DIO with rank 639
281899855	ID:36	RPL: Sending a multicast-DIO with rank 602
285451246	ID:32	RPL: Sending a multicast-DIO with rank 592
286319997	ID:34	RPL: Sending a multicast-DIO with rank 592
286814702	ID:33	RPL: Sending a multicast-DIO with rank 639
286899855	ID:36	RPL: Sending a multicast-DIO with rank 602
290451246	ID:32	RPL: Sending a multicast-DIO with rank 592
291319997	ID:34	RPL: Sending a multicast-DIO with rank 592
291814702	ID:33	RPL: Sending a multicast-DIO with rank 639
291899855	ID:36	RPL: Sending a multicast-DIO with rank 602
295451246	ID:32	RPL: Sending a multicast-DIO with rank 592
296319997	ID:34	RPL: Sending a multicast-DIO with rank 592
296814702	ID:33	RPL: Sending a multicast-DIO with rank 639
296899855	ID:36	RPL: Sending a multicast-DIO with rank 602
300451246	ID:32	RPL: Sending a multicast-DIO with rank 592
301319997	ID:34	RPL: Sending a multicast-DIO with rank 592
301814702	ID:33	RPL: Sending a multicast-DIO with rank 639
301899855	ID:36	RPL: Sending a multicast-DIO with rank 602
302873899	ID:35	RPL: Sending a DIS to fe80::c30c:0:0:7
305451246	ID:32	RPL: Sending a multicast-DIO with rank 592
306319997	ID:34	RPL: Sending a multicast-DIO with rank 592
306814702	ID:33	RPL: Sending a multicast-DIO with rank 639
306899855	ID:36	RPL: Sending a multicast-DIO with rank 602
310451246	ID:32	RPL: Sending a multicast-DIO with rank 592
311319997	ID:34	RPL: Sending a multicast-DIO with rank 592
311814702	ID:33	RPL: Sending a multicast-DIO with rank 639
311899855	ID:36	RPL: Sending a multicast-DIO with rank 602
315451246	ID:32	RPL: Sending a multicast-DIO with rank 592
316319997	ID:34	RPL: Sending a multicast-DIO with rank 592
316814702	ID:33	RPL: Sending a multicast-DIO with rank 639
316899855	ID:36	RPL: Sending a multicast-DIO with rank 602
320451246	ID:32	RPL: Sending a multicast-DIO with rank 592
321319997	ID:34	RPL: Sending a multicast-DIO with rank 592
321814702	ID:33	RPL: Sending a multicast-DIO with rank 639
321899855	ID:36	RPL: Sending a multicast-DIO with rank 602
325451246	ID:32	RPL: Sending a multicast-DIO with rank 592
326319997	ID:34	RPL: Sending a multicast-DIO with rank 592
326814702	ID:33	RPL: Sending a multicast-DIO with rank 639
326899855	ID:36	RPL: Sending a multicast-DIO with rank 602
330451246	ID:32	RPL: Sending a multicast-DIO with rank 592
331319997	ID:34	RPL: Sending a multicast-DIO with rank 592
331814702	ID:33	RPL: Sending a multicast-DIO with rank 639
331899855	ID:36	RPL: Sending a multicast-DIO with rank 602
335451246	ID:32	RPL: Sending a multicast-DIO with rank 592
336319997	ID:34	RPL: Sending a multicast-DIO with rank 592
336814702	ID:33	RPL: Sending a multicast-DIO with rank 639
336899855	ID:36	RPL: Sending a multicast-DIO with rank 602
340451246	ID:32	RPL: Sending a multicast-DIO with rank 592
341319997	ID:34	RPL: Sending a multicast-DIO with rank 592
341814702	ID:33	RPL: Sending a multicast-DIO with rank 639
341899855	ID:36	RPL: Sending a multicast-DIO with rank 602
345451246	ID:32	RPL: Sending a multicast-DIO with rank 592
346319997	ID:34	RPL: Sending a multicast-DIO with rank 592
346814708	ID:33	RPL: Sending a multicast-DIO with rank 639
346899855	ID:36	RPL: Sending a multicast-DIO with rank 602
350451246	ID:32	RPL: Sending a multicast-DIO with rank 592
351319997	ID:34	RPL: Sending a multicast-DIO with rank 592
351814702	ID:33	RPL: Sending a multicast-DIO with rank 639
351899855	ID:36	RPL: Sending a multicast-DIO with rank 602
355451253	ID:32	RPL: Sending a multicast-DIO with rank 592
356319997	ID:34	RPL: Sending a multicast-DIO with rank 592
356814702	ID:33	RPL: Sending a multicast-DIO with rank 639
356899855	ID:36	RPL: Sending a multicast-DIO with rank 602
360451246	ID:32	RPL: Sending a multicast-DIO with rank 592
361319997	ID:34	RPL: Sending a multicast-DIO with rank 592
361814702	ID:33	RPL: Sending a multicast-DIO with rank 639
361899855	ID:36	RPL: Sending a multicast-DIO with rank 602
362874467	ID:35	RPL: Sending a DIS to fe80::c30c:0:0:7
365451246	ID:32	RPL: Sending a multicast-DIO with rank 592
366319997	ID:34	RPL: Sending a multicast-DIO with rank 592
366814702	ID:33	RPL: Sending a multicast-DIO with rank 639
366899855	ID:36	RPL: Sending a multicast-DIO with rank 602
370451246	ID:32	RPL: Sending a multicast-DIO with rank 592
371319997	ID:34	RPL: Sending a multicast-DIO with rank 592
371814702	ID:33	RPL: Sending a multicast-DIO with rank 639
371899855	ID:36	RPL: Sending a multicast-DIO with rank 602
375451246	ID:32	RPL: Sending a multicast-DIO with rank 592
376319997	ID:34	RPL: Sending a multicast-DIO with rank 592
376814702	ID:33	RPL: Sending a multicast-DIO with rank 639
376899855	ID:36	RPL: Sending a multicast-DIO with rank 602
380451246	ID:32	RPL: Sending a multicast-DIO with rank 592
381319997	ID:34	RPL: Sending a multicast-DIO with rank 592
381814702	ID:33	RPL: Sending a multicast-DIO with rank 639
381899855	ID:36	RPL: Sending a multicast-DIO with rank 602
385451246	ID:32	RPL: Sending a multicast-DIO with rank 592
386319997	ID:34	RPL: Sending a multicast-DIO with rank 592
386814702	ID:33	RPL: Sending a multicast-DIO with rank 639
386899855	ID:36	RPL: Sending a multicast-DIO with rank 602
390451246	ID:32	RPL: Sending a multicast-DIO with rank 592
391319997	ID:34	RPL: Sending a multicast-DIO with rank 592
391814702	ID:33	RPL: Sending a multicast-DIO with rank 639
391899855	ID:36	RPL: Sending a multicast-DIO with rank 602
395451246	ID:32	RPL: Sending a multicast-DIO with rank 592
396319997	ID:34	RPL: Sending a multicast-DIO with rank 592
396814702	ID:33	RPL: Sending a multicast-DIO with rank 639
396899855	ID:36	RPL: Sending a multicast-DIO with rank 602
400451246	ID:32	RPL: Sending a multicast-DIO with rank 592
401319997	ID:34	RPL: Sending a multicast-DIO with rank 592
401814702	ID:33	RPL: Sending a multicast-DIO with rank 639
401899855	ID:36	RPL: Sending a multicast-DIO with rank 602
405451246	ID:32	RPL: Sending a multicast-DIO with rank 592
406319997	ID:34	RPL: Sending a multicast-DIO with rank 592
406814702	ID:33	RPL: Sending a multicast-DIO with rank 639
406899855	ID:36	RPL: Sending a multicast-DIO with rank 602
410451246	ID:32	RPL: Sending a multicast-DIO with rank 592
411319997	ID:34	RPL: Sending a multicast-DIO with rank 592
411814702	ID:33	RPL: Sending a multicast-DIO with rank 639
411899855	ID:36	RPL: Sending a multicast-DIO with rank 602
415451246	ID:32	RPL: Sending a multicast-DIO with rank 592
416319997	ID:34	RPL: Sending a multicast-DIO with rank 592
416814702	ID:33	RPL: Sending a multicast-DIO with rank 639
416899855	ID:36	RPL: Sending a multicast-DIO with rank 602
420451246	ID:32	RPL: Sending a multicast-DIO with rank 592
421319997	ID:34	RPL: Sending a multicast-DIO with rank 592
421814702	ID:33	RPL: Sending a multicast-DIO with rank 639
421899862	ID:36	RPL: Sending a multicast-DIO with rank 602
422873899	ID:35	RPL: Sending a DIS to fe80::c30c:0:0:7
425451246	ID:32	RPL: Sending a multicast-DIO with rank 592
426319997	ID:34	RPL: Sending a multicast-DIO with rank 592
426814702	ID:33	RPL: Sending a multicast-DIO with rank 639
426899855	ID:36	RPL: Sending a multicast-DIO with rank 602
430451246	ID:32	RPL: Sending a multicast-DIO with rank 592
431320004	ID:34	RPL: Sending a multicast-DIO with rank 592
431814702	ID:33	RPL: Sending a multicast-DIO with rank 639
431899855	ID:36	RPL: Sending a multicast-DIO with rank 602
435451246	ID:32	RPL: Sending a multicast-DIO with rank 592
436319997	ID:34	RPL: Sending a multicast-DIO with rank 592
436814702	ID:33	RPL: Sending a multicast-DIO with rank 639
436899855	ID:36	RPL: Sending a multicast-DIO with rank 602
440451246	ID:32	RPL: Sending a multicast-DIO with rank 592
441319997	ID:34	RPL: Sending a multicast-DIO with rank 592
441814702	ID:33	RPL: Sending a multicast-DIO with rank 639
441899855	ID:36	RPL: Sending a multicast-DIO with rank 602
445451246	ID:32	RPL: Sending a multicast-DIO with rank 592
446319997	ID:34	RPL: Sending a multicast-DIO with rank 592
446814702	ID:33	RPL: Sending a multicast-DIO with rank 639
446899855	ID:36	RPL: Sending a multicast-DIO with rank 602
450451246	ID:32	RPL: Sending a multicast-DIO with rank 592
451319997	ID:34	RPL: Sending a multicast-DIO with rank 592
451814702	ID:33	RPL: Sending a multicast-DIO with rank 639
451899855	ID:36	RPL: Sending a multicast-DIO with rank 602
455451246	ID:32	RPL: Sending a multicast-DIO with rank 592
456319997	ID:34	RPL: Sending a multicast-DIO with rank 592
456814702	ID:33	RPL: Sending a multicast-DIO with rank 639
456899855	ID:36	RPL: Sending a multicast-DIO with rank 602
460451246	ID:32	RPL: Sending a multicast-DIO with rank 592
461319997	ID:34	RPL: Sending a multicast-DIO with rank 592
461814702	ID:33	RPL: Sending a multicast-DIO with rank 639
461899855	ID:36	RPL: Sending a multicast-DIO with rank 602
465451246	ID:32	RPL: Sending a multicast-DIO with rank 592
466319997	ID:34	RPL: Sending a multicast-DIO with rank 592
466814702	ID:33	RPL: Sending a multicast-DIO with rank 639
466899855	ID:36	RPL: Sending a multicast-DIO with rank 602
470451246	ID:32	RPL: Sending a multicast-DIO with rank 592
471319997	ID:34	RPL: Sending a multicast-DIO with rank 592
471814702	ID:33	RPL: Sending a multicast-DIO with rank 639
471899855	ID:36	RPL: Sending a multicast-DIO with rank 602
475451246	ID:32	RPL: Sending a multicast-DIO with rank 592
476319997	ID:34	RPL: Sending a multicast-DIO with rank 592
476814702	ID:33	RPL: Sending a multicast-DIO with rank 639
476899855	ID:36	RPL: Sending a multicast-DIO with rank 602
480451246	ID:32	RPL: Sending a multicast-DIO with rank 592
481319997	ID:34	RPL: Sending a multicast-DIO with rank 592
481814702	ID:33	RPL: Sending a multicast-DIO with rank 639
481899855	ID:36	RPL: Sending a multicast-DIO with rank 602
482873899	ID:35	RPL: Sending a DIS to fe80::c30c:0:0:7
485451246	ID:32	RPL: Sending a multicast-DIO with rank 592
486319997	ID:34	RPL: Sending a multicast-DIO with rank 592
486814702	ID:33	RPL: Sending a multicast-DIO with rank 639
486899855	ID:36	RPL: Sending a multicast-DIO with rank 602
490451246	ID:32	RPL: Sending a multicast-DIO with rank 592
491319997	ID:34	RPL: Sending a multicast-DIO with rank 592
491814702	ID:33	RPL: Sending a multicast-DIO with rank 639
491899855	ID:36	RPL: Sending a multicast-DIO with rank 602
495451246	ID:32	RPL: Sending a multicast-DIO with rank 592
496319997	ID:34	RPL: Sending a multicast-DIO with rank 592
496814702	ID:33	RPL: Sending a multicast-DIO with rank 639
496899855	ID:36	RPL: Sending a multicast-DIO with rank 602
500451246	ID:32	RPL: Sending a multicast-DIO with rank 592
501319997	ID:34	RPL: Sending a multicast-DIO with rank 592
501814702	ID:33	RPL: Sending a multicast-DIO with rank 639
501899855	ID:36	RPL: Sending a multicast-DIO with rank 602
505451246	ID:32	RPL: Sending a multicast-DIO with rank 592
506319997	ID:34	RPL: Sending a multicast-DIO with rank 592
506814702	ID:33	RPL: Sending a multicast-DIO with rank 639
506899855	ID:36	RPL: Sending a multicast-DIO with rank 602
510451246	ID:32	RPL: Sending a multicast-DIO with rank 592
511319997	ID:34	RPL: Sending a multicast-DIO with rank 592
511814702	ID:33	RPL: Sending a multicast-DIO with rank 639
511899855	ID:36	RPL: Sending a multicast-DIO with rank 602
515451246	ID:32	RPL: Sending a multicast-DIO with rank 592
516319997	ID:34	RPL: Sending a multicast-DIO with rank 592
516814702	ID:33	RPL: Sending a multicast-DIO with rank 639
516899855	ID:36	RPL: Sending a multicast-DIO with rank 602
520451246	ID:32	RPL: Sending a multicast-DIO with rank 592
521319997	ID:34	RPL: Sending a multicast-DIO with rank 592
521814702	ID:33	RPL: Sending a multicast-DIO with rank 639
521899855	ID:36	RPL: Sending a multicast-DIO with rank 602
525451246	ID:32	RPL: Sending a multicast-DIO with rank 592
526319997	ID:34	RPL: Sending a multicast-DIO with rank 592
526814702	ID:33	RPL: Sending a multicast-DIO with rank 639
526899855	ID:36	RPL: Sending a multicast-DIO with rank 602
530451246	ID:32	RPL: Sending a multicast-DIO with rank 592
531319997	ID:34	RPL: Sending a multicast-DIO with rank 592
531814702	ID:33	RPL: Sending a multicast-DIO with rank 639
531899855	ID:36	RPL: Sending a multicast-DIO with rank 602
535451246	ID:32	RPL: Sending a multicast-DIO with rank 592
536319997	ID:34	RPL: Sending a multicast-DIO with rank 592
536814702	ID:33	RPL: Sending a multicast-DIO with rank 639
536899855	ID:36	RPL: Sending a multicast-DIO with rank 602
540451246	ID:32	RPL: Sending a multicast-DIO with rank 592
541319997	ID:34	RPL: Sending a multicast-DIO with rank 592
541814702	ID:33	RPL: Sending a multicast-DIO with rank 639
541899855	ID:36	RPL: Sending a multicast-DIO with rank 602
542873899	ID:35	RPL: Sending a DIS to fe80::c30c:0:0:7
545451246	ID:32	RPL: Sending a multicast-DIO with rank 592
546319997	ID:34	RPL: Sending a multicast-DIO with rank 592
546814702	ID:33	RPL: Sending a multicast-DIO with rank 639
546899855	ID:36	RPL: Sending a multicast-DIO with rank 602
550451246	ID:32	RPL: Sending a multicast-DIO with rank 592
551319997	ID:34	RPL: Sending a multicast-DIO with rank 592
551814702	ID:33	RPL: Sending a multicast-DIO with rank 639
551899855	ID:36	RPL: Sending a multicast-DIO with rank 602
555451246	ID:32	RPL: Sending a multicast-DIO with rank 592
556319997	ID:34	RPL: Sending a multicast-DIO with rank 592
556814702	ID:33	RPL: Sending a multicast-DIO with rank 639
556899855	ID:36	RPL: Sending a multicast-DIO with rank 602
560451246	ID:32	RPL: Sending a multicast-DIO with rank 592
561319997	ID:34	RPL: Sending a multicast-DIO with rank 592
561814702	ID:33	RPL: Sending a multicast-DIO with rank 639
561899855	ID:36	RPL: Sending a multicast-DIO with rank 602
565451246	ID:32	RPL: Sending a multicast-DIO with rank 592
566319997	ID:34	RPL: Sending a multicast-DIO with rank 592
566814702	ID:33	RPL: Sending a multicast-DIO with rank 639
566899855	ID:36	RPL: Sending a multicast-DIO with rank 602
570451246	ID:32	RPL: Sending a multicast-DIO with rank 592
571319997	ID:34	RPL: Sending a multicast-DIO with rank 592
571814702	ID:33	RPL: Sending a multicast-DIO with rank 639
571899855	ID:36	RPL: Sending a multicast-DIO with rank 602
575451246	ID:32	RPL: Sending a multicast-DIO with rank 592
576319997	ID:34	RPL: Sending a multicast-DIO with rank 592
576814702	ID:33	RPL: Sending a multicast-DIO with rank 639
576899855	ID:36	RPL: Sending a multicast-DIO with rank 602
580451246	ID:32	RPL: Sending a multicast-DIO with rank 592
581319997	ID:34	RPL: Sending a multicast-DIO with rank 592
581814702	ID:33	RPL: Sending a multicast-DIO with rank 639
581899855	ID:36	RPL: Sending a multicast-DIO with rank 602
585451246	ID:32	RPL: Sending a multicast-DIO with rank 592
586319997	ID:34	RPL: Sending a multicast-DIO with rank 592
586814702	ID:33	RPL: Sending a multicast-DIO with rank 639
586899855	ID:36	RPL: Sending a multicast-DIO with rank 602
590451246	ID:32	RPL: Sending a multicast-DIO with rank 592
591319997	ID:34	RPL: Sending a multicast-DIO with rank 592
591814702	ID:33	RPL: Sending a multicast-DIO with rank 639
591899855	ID:36	RPL: Sending a multicast-DIO with rank 602
595451246	ID:32	RPL: Sending a multicast-DIO with rank 592
596319997	ID:34	RPL: Sending a multicast-DIO with rank 592
596814702	ID:33	RPL: Sending a multicast-DIO with rank 639
596899855	ID:36	RPL: Sending a multicast-DIO with rank 602
600451246	ID:32	RPL: Sending a multicast-DIO with rank 592
601319997	ID:34	RPL: Sending a multicast-DIO with rank 592
601814702	ID:33	RPL: Sending a multicast-DIO with rank 639
601899855	ID:36	RPL: Sending a multicast-DIO with rank 602
602873899	ID:35	RPL: Sending a DIS to fe80::c30c:0:0:7
605451246	ID:32	RPL: Sending a multicast-DIO with rank 592
606319997	ID:34	RPL: Sending a multicast-DIO with rank 592
606814702	ID:33	RPL: Sending a multicast-DIO with rank 639
606899855	ID:36	RPL: Sending a multicast-DIO with rank 602
610451246	ID:32	RPL: Sending a multicast-DIO with rank 592
611319997	ID:34	RPL: Sending a multicast-DIO with rank 592
611814702	ID:33	RPL: Sending a multicast-DIO with rank 639
611899855	ID:36	RPL: Sending a multicast-DIO with rank 602
615451246	ID:32	RPL: Sending a multicast-DIO with rank 592
616319997	ID:34	RPL: Sending a multicast-DIO with rank 592
616814702	ID:33	RPL: Sending a multicast-DIO with rank 639
616899855	ID:36	RPL: Sending a multicast-DIO with rank 602
620451246	ID:32	RPL: Sending a multicast-DIO with rank 592
621319997	ID:34	RPL: Sending a multicast-DIO with rank 592
621814702	ID:33	RPL: Sending a multicast-DIO with rank 639
621899855	ID:36	RPL: Sending a multicast-DIO with rank 602
625451246	ID:32	RPL: Sending a multicast-DIO with rank 592
626319997	ID:34	RPL: Sending a multicast-DIO with rank 592
626814702	ID:33	RPL: Sending a multicast-DIO with rank 639
626899855	ID:36	RPL: Sending a multicast-DIO with rank 602
630451246	ID:32	RPL: Sending a multicast-DIO with rank 592
631319997	ID:34	RPL: Sending a multicast-DIO with rank 592
631814702	ID:33	RPL: Sending a multicast-DIO with rank 639
631899855	ID:36	RPL: Sending a multicast-DIO with rank 602
635451246	ID:32	RPL: Sending a multicast-DIO with rank 592
636319997	ID:34	RPL: Sending a multicast-DIO with rank 592
636814702	ID:33	RPL: Sending a multicast-DIO with rank 639
636899855	ID:36	RPL: Sending a multicast-DIO with rank 602
640451246	ID:32	RPL: Sending a multicast-DIO with rank 592
641319997	ID:34	RPL: Sending a multicast-DIO with rank 592
641814702	ID:33	RPL: Sending a multicast-DIO with rank 639
641899855	ID:36	RPL: Sending a multicast-DIO with rank 602
645451246	ID:32	RPL: Sending a multicast-DIO with rank 592
646319997	ID:34	RPL: Sending a multicast-DIO with rank 592
646814702	ID:33	RPL: Sending a multicast-DIO with rank 639
646899855	ID:36	RPL: Sending a multicast-DIO with rank 602
650451246	ID:32	RPL: Sending a multicast-DIO with rank 592
651319997	ID:34	RPL: Sending a multicast-DIO with rank 592
651814702	ID:33	RPL: Sending a multicast-DIO with rank 639
651899855	ID:36	RPL: Sending a multicast-DIO with rank 602
655451246	ID:32	RPL: Sending a multicast-DIO with rank 592
656319997	ID:34	RPL: Sending a multicast-DIO with rank 592
656814702	ID:33	RPL: Sending a multicast-DIO with rank 639
656899855	ID:36	RPL: Sending a multicast-DIO with rank 602
660451246	ID:32	RPL: Sending a multicast-DIO with rank 592
661319997	ID:34	RPL: Sending a multicast-DIO with rank 592
661814702	ID:33	RPL: Sending a multicast-DIO with rank 639
661899855	ID:36	RPL: Sending a multicast-DIO with rank 602
662873899	ID:35	RPL: Sending a DIS to fe80::c30c:0:0:7
665451246	ID:32	RPL: Sending a multicast-DIO with rank 592
666319997	ID:34	RPL: Sending a multicast-DIO with rank 592
666814702	ID:33	RPL: Sending a multicast-DIO with rank 639
666899855	ID:36	RPL: Sending a multicast-DIO with rank 602
670451246	ID:32	RPL: Sending a multicast-DIO with rank 592
671319997	ID:34	RPL: Sending a multicast-DIO with rank 592
671814702	ID:33	RPL: Sending a multicast-DIO with rank 639
671899855	ID:36	RPL: Sending a multicast-DIO with rank 602
675451246	ID:32	RPL: Sending a multicast-DIO with rank 592
676319997	ID:34	RPL: Sending a multicast-DIO with rank 592
676814702	ID:33	RPL: Sending a multicast-DIO with rank 639
676899855	ID:36	RPL: Sending a multicast-DIO with rank 602
680451246	ID:32	RPL: Sending a multicast-DIO with rank 592
681319997	ID:34	RPL: Sending a multicast-DIO with rank 592
681814709	ID:33	RPL: Sending a multicast-DIO with rank 639
681899855	ID:36	RPL: Sending a multicast-DIO with rank 602
685451246	ID:32	RPL: Sending a multicast-DIO with rank 592
686319997	ID:34	RPL: Sending a multicast-DIO with rank 592
686814702	ID:33	RPL: Sending a multicast-DIO with rank 639
686899855	ID:36	RPL: Sending a multicast-DIO with rank 602
690451247	ID:32	RPL: Sending a multicast-DIO with rank 592
691319998	ID:34	RPL: Sending a multicast-DIO with rank 592
691814702	ID:33	RPL: Sending a multicast-DIO with rank 639
691899855	ID:36	RPL: Sending a multicast-DIO with rank 602
695451247	ID:32	RPL: Sending a multicast-DIO with rank 592
696319998	ID:34	RPL: Sending a multicast-DIO with rank 592
696814702	ID:33	RPL: Sending a multicast-DIO with rank 639
696899855	ID:36	RPL: Sending a multicast-DIO with rank 602
700451246	ID:32	RPL: Sending a multicast-DIO with rank 592
701319998	ID:34	RPL: Sending a multicast-DIO with rank 592
701814702	ID:33	RPL: Sending a multicast-DIO with rank 639
701899855	ID:36	RPL: Sending a multicast-DIO with rank 602
705451247	ID:32	RPL: Sending a multicast-DIO with rank 592
706319998	ID:34	RPL: Sending a multicast-DIO with rank 592
706814702	ID:33	RPL: Sending a multicast-DIO with rank 639
706899855	ID:36	RPL: Sending a multicast-DIO with rank 602
710451247	ID:32	RPL: Sending a multicast-DIO with rank 592
711319998	ID:34	RPL: Sending a multicast-DIO with rank 592
711814702	ID:33	RPL: Sending a multicast-DIO with rank 639
711899855	ID:36	RPL: Sending a multicast-DIO with rank 602
715451247	ID:32	RPL: Sending a multicast-DIO with rank 592
716319998	ID:34	RPL: Sending a multicast-DIO with rank 592
716814702	ID:33	RPL: Sending a multicast-DIO with rank 639
716899855	ID:36	RPL: Sending a multicast-DIO with rank 602
720451247	ID:32	RPL: Sending a multicast-DIO with rank 592
721319998	ID:34	RPL: Sending a multicast-DIO with rank 592
721814702	ID:33	RPL: Sending a multicast-DIO with rank 639
721899855	ID:36	RPL: Sending a multicast-DIO with rank 602
722873899	ID:35	RPL: Sending a DIS to fe80::c30c:0:0:7
725451247	ID:32	RPL: Sending a multicast-DIO with rank 592
726319997	ID:34	RPL: Sending a multicast-DIO with rank 592
726814702	ID:33	RPL: Sending a multicast-DIO with rank 639
726899855	ID:36	RPL: Sending a multicast-DIO with rank 602
730451247	ID:32	RPL: Sending a multicast-DIO with rank 592
731319998	ID:34	RPL: Sending a multicast-DIO with rank 592
731814702	ID:33	RPL: Sending a multicast-DIO with rank 639
731899855	ID:36	RPL: Sending a multicast-DIO with rank 602
735451247	ID:32	RPL: Sending a multicast-DIO with rank 592
736319998	ID:34	RPL: Sending a multicast-DIO with rank 592
736814702	ID:33	RPL: Sending a multicast-DIO with rank 639
736899855	ID:36	RPL: Sending a multicast-DIO with rank 602
740451247	ID:32	RPL: Sending a multicast-DIO with rank 592
741319998	ID:34	RPL: Sending a multicast-DIO with rank 592
741814702	ID:33	RPL: Sending a multicast-DIO with rank 639
741899855	ID:36	RPL: Sending a multicast-DIO with rank 602
745451247	ID:32	RPL: Sending a multicast-DIO with rank 592
746319998	ID:34	RPL: Sending a multicast-DIO with rank 592
746814702	ID:33	RPL: Sending a multicast-DIO with rank 639
746899862	ID:36	RPL: Sending a multicast-DIO with rank 602
750451247	ID:32	RPL: Sending a multicast-DIO with rank 592
751319998	ID:34	RPL: Sending a multicast-DIO with rank 592
751814702	ID:33	RPL: Sending a multicast-DIO with rank 639
751899855	ID:36	RPL: Sending a multicast-DIO with rank 602
755451247	ID:32	RPL: Sending a multicast-DIO with rank 592
756319998	ID:34	RPL: Sending a multicast-DIO with rank 592
756814702	ID:33	RPL: Sending a multicast-DIO with rank 639
756899855	ID:36	RPL: Sending a multicast-DIO with rank 602
760451246	ID:32	RPL: Sending a multicast-DIO with rank 592
761319998	ID:34	RPL: Sending a multicast-DIO with rank 592
761814702	ID:33	RPL: Sending a multicast-DIO with rank 639
761899855	ID:36	RPL: Sending a multicast-DIO with rank 602
765451247	ID:32	RPL: Sending a multicast-DIO with rank 592
766319998	ID:34	RPL: Sending a multicast-DIO with rank 592
766814702	ID:33	RPL: Sending a multicast-DIO with rank 639
766899855	ID:36	RPL: Sending a multicast-DIO with rank 602
770451247	ID:32	RPL: Sending a multicast-DIO with rank 592
771319998	ID:34	RPL: Sending a multicast-DIO with rank 592
771814702	ID:33	RPL: Sending a multicast-DIO with rank 639
771899855	ID:36	RPL: Sending a multicast-DIO with rank 602
775451247	ID:32	RPL: Sending a multicast-DIO with rank 592
776319997	ID:34	RPL: Sending a multicast-DIO with rank 592
776814702	ID:33	RPL: Sending a multicast-DIO with rank 639
776899855	ID:36	RPL: Sending a multicast-DIO with rank 602
780451247	ID:32	RPL: Sending a multicast-DIO with rank 592
781320004	ID:34	RPL: Sending a multicast-DIO with rank 592
781814702	ID:33	RPL: Sending a multicast-DIO with rank 639
781899855	ID:36	RPL: Sending a multicast-DIO with rank 602
782873899	ID:35	RPL: Sending a DIS to fe80::c30c:0:0:7
785451247	ID:32	RPL: Sending a multicast-DIO with rank 592
786319998	ID:34	RPL: Sending a multicast-DIO with rank 592
786814702	ID:33	RPL: Sending a multicast-DIO with rank 639
786899855	ID:36	RPL: Sending a multicast-DIO with rank 602
790451247	ID:32	RPL: Sending a multicast-DIO with rank 592
791319998	ID:34	RPL: Sending a multicast-DIO with rank 592
791814702	ID:33	RPL: Sending a multicast-DIO with rank 639
791899855	ID:36	RPL: Sending a multicast-DIO with rank 602
795451253	ID:32	RPL: Sending a multicast-DIO with rank 592
796319998	ID:34	RPL: Sending a multicast-DIO with rank 592
796814702	ID:33	RPL: Sending a multicast-DIO with rank 639
796899855	ID:36	RPL: Sending a multicast-DIO with rank 602
800451247	ID:32	RPL: Sending a multicast-DIO with rank 592
801319998	ID:34	RPL: Sending a multicast-DIO with rank 592
801814702	ID:33	RPL: Sending a multicast-DIO with rank 639
801899855	ID:36	RPL: Sending a multicast-DIO with rank 602
805451247	ID:32	RPL: Sending a multicast-DIO with rank 592
806319998	ID:34	RPL: Sending a multicast-DIO with rank 592
806814702	ID:33	RPL: Sending a multicast-DIO with rank 639
806899855	ID:36	RPL: Sending a multicast-DIO with rank 602
810451247	ID:32	RPL: Sending a multicast-DIO with rank 592
811319998	ID:34	RPL: Sending a multicast-DIO with rank 592
811814702	ID:33	RPL: Sending a multicast-DIO with rank 639
811899855	ID:36	RPL: Sending a multicast-DIO with rank 602
815451247	ID:32	RPL: Sending a multicast-DIO with rank 592
816319997	ID:34	RPL: Sending a multicast-DIO with rank 592
816814702	ID:33	RPL: Sending a multicast-DIO with rank 639
816899855	ID:36	RPL: Sending a multicast-DIO with rank 602
820451247	ID:32	RPL: Sending a multicast-DIO with rank 592
821319998	ID:34	RPL: Sending a multicast-DIO with rank 592
821814702	ID:33	RPL: Sending a multicast-DIO with rank 639
821899855	ID:36	RPL: Sending a multicast-DIO with rank 602
825451247	ID:32	RPL: Sending a multicast-DIO with rank 592
826319998	ID:34	RPL: Sending a multicast-DIO with rank 592
826814702	ID:33	RPL: Sending a multicast-DIO with rank 639
826899855	ID:36	RPL: Sending a multicast-DIO with rank 602
830451247	ID:32	RPL: Sending a multicast-DIO with rank 592
831319998	ID:34	RPL: Sending a multicast-DIO with rank 592
831814702	ID:33	RPL: Sending a multicast-DIO with rank 639
831899855	ID:36	RPL: Sending a multicast-DIO with rank 602
835451247	ID:32	RPL: Sending a multicast-DIO with rank 592
836319998	ID:34	RPL: Sending a multicast-DIO with rank 592
836814702	ID:33	RPL: Sending a multicast-DIO with rank 639
836899855	ID:36	RPL: Sending a multicast-DIO with rank 602
840451247	ID:32	RPL: Sending a multicast-DIO with rank 592
841319998	ID:34	RPL: Sending a multicast-DIO with rank 592
841814702	ID:33	RPL: Sending a multicast-DIO with rank 639
841899855	ID:36	RPL: Sending a multicast-DIO with rank 602
842873899	ID:35	RPL: Sending a DIS to fe80::c30c:0:0:7
845451247	ID:32	RPL: Sending a multicast-DIO with rank 592
846319998	ID:34	RPL: Sending a multicast-DIO with rank 592
846814702	ID:33	RPL: Sending a multicast-DIO with rank 639
846899855	ID:36	RPL: Sending a multicast-DIO with rank 602
850451247	ID:32	RPL: Sending a multicast-DIO with rank 592
851319998	ID:34	RPL: Sending a multicast-DIO with rank 592
851814702	ID:33	RPL: Sending a multicast-DIO with rank 639
851899855	ID:36	RPL: Sending a multicast-DIO with rank 602
855451247	ID:32	RPL: Sending a multicast-DIO with rank 592
856319998	ID:34	RPL: Sending a multicast-DIO with rank 592
856814702	ID:33	RPL: Sending a multicast-DIO with rank 639
856899855	ID:36	RPL: Sending a multicast-DIO with rank 602
860451247	ID:32	RPL: Sending a multicast-DIO with rank 592
861319998	ID:34	RPL: Sending a multicast-DIO with rank 592
861814702	ID:33	RPL: Sending a multicast-DIO with rank 639
861899855	ID:36	RPL: Sending a multicast-DIO with rank 602
865451247	ID:32	RPL: Sending a multicast-DIO with rank 592
866319998	ID:34	RPL: Sending a multicast-DIO with rank 592
866814702	ID:33	RPL: Sending a multicast-DIO with rank 639
866899855	ID:36	RPL: Sending a multicast-DIO with rank 602
870451247	ID:32	RPL: Sending a multicast-DIO with rank 592
871319998	ID:34	RPL: Sending a multicast-DIO with rank 592
871814702	ID:33	RPL: Sending a multicast-DIO with rank 639
871899855	ID:36	RPL: Sending a multicast-DIO with rank 602
875451247	ID:32	RPL: Sending a multicast-DIO with rank 592
876319998	ID:34	RPL: Sending a multicast-DIO with rank 592
876814702	ID:33	RPL: Sending a multicast-DIO with rank 639
876899855	ID:36	RPL: Sending a multicast-DIO with rank 602
880451247	ID:32	RPL: Sending a multicast-DIO with rank 592
881319998	ID:34	RPL: Sending a multicast-DIO with rank 592
881814702	ID:33	RPL: Sending a multicast-DIO with rank 639
881899855	ID:36	RPL: Sending a multicast-DIO with rank 602
885451247	ID:32	RPL: Sending a multicast-DIO with rank 592
886319998	ID:34	RPL: Sending a multicast-DIO with rank 592
886814702	ID:33	RPL: Sending a multicast-DIO with rank 639
886899855	ID:36	RPL: Sending a multicast-DIO with rank 602
890451247	ID:32	RPL: Sending a multicast-DIO with rank 592
891319998	ID:34	RPL: Sending a multicast-DIO with rank 592
891814702	ID:33	RPL: Sending a multicast-DIO with rank 639
891899855	ID:36	RPL: Sending a multicast-DIO with rank 602
895451247	ID:32	RPL: Sending a multicast-DIO with rank 592
896319998	ID:34	RPL: Sending a multicast-DIO with rank 592
896814702	ID:33	RPL: Sending a multicast-DIO with rank 639
896899855	ID:36	RPL: Sending a multicast-DIO with rank 602
900451247	ID:32	RPL: Sending a multicast-DIO with rank 592
901319998	ID:34	RPL: Sending a multicast-DIO with rank 592
901814702	ID:33	RPL: Sending a multicast-DIO with rank 639
901899855	ID:36	RPL: Sending a multicast-DIO with rank 602
902873899	ID:35	RPL: Sending a DIS to fe80::c30c:0:0:7
905451247	ID:32	RPL: Sending a multicast-DIO with rank 592
906319998	ID:34	RPL: Sending a multicast-DIO with rank 592
906814702	ID:33	RPL: Sending a multicast-DIO with rank 639
906899855	ID:36	RPL: Sending a multicast-DIO with rank 602
910451247	ID:32	RPL: Sending a multicast-DIO with rank 592
911319998	ID:34	RPL: Sending a multicast-DIO with rank 592
911814702	ID:33	RPL: Sending a multicast-DIO with rank 639
911899855	ID:36	RPL: Sending a multicast-DIO with rank 602
915451247	ID:32	RPL: Sending a multicast-DIO with rank 592
916319998	ID:34	RPL: Sending a multicast-DIO with rank 592
916814702	ID:33	RPL: Sending a multicast-DIO with rank 639
916899855	ID:36	RPL: Sending a multicast-DIO with rank 602
920451247	ID:32	RPL: Sending a multicast-DIO with rank 592
921319998	ID:34	RPL: Sending a multicast-DIO with rank 592
921814702	ID:33	RPL: Sending a multicast-DIO with rank 639
921899855	ID:36	RPL: Sending a multicast-DIO with rank 602
925451247	ID:32	RPL: Sending a multicast-DIO with rank 592
926319998	ID:34	RPL: Sending a multicast-DIO with rank 592
926814702	ID:33	RPL: Sending a multicast-DIO with rank 639
926899855	ID:36	RPL: Sending a multicast-DIO with rank 602
930451247	ID:32	RPL: Sending a multicast-DIO with rank 592
931319998	ID:34	RPL: Sending a multicast-DIO with rank 592
931814702	ID:33	RPL: Sending a multicast-DIO with rank 639
931899855	ID:36	RPL: Sending a multicast-DIO with rank 602
935451247	ID:32	RPL: Sending a multicast-DIO with rank 592
936319998	ID:34	RPL: Sending a multicast-DIO with rank 592
936814702	ID:33	RPL: Sending a multicast-DIO with rank 639
936899855	ID:36	RPL: Sending a multicast-DIO with rank 602
940451247	ID:32	RPL: Sending a multicast-DIO with rank 592
941319998	ID:34	RPL: Sending a multicast-DIO with rank 592
941814702	ID:33	RPL: Sending a multicast-DIO with rank 639
941899855	ID:36	RPL: Sending a multicast-DIO with rank 602
945451247	ID:32	RPL: Sending a multicast-DIO with rank 592
946319997	ID:34	RPL: Sending a multicast-DIO with rank 592
946814702	ID:33	RPL: Sending a multicast-DIO with rank 639
946899855	ID:36	RPL: Sending a multicast-DIO with rank 602
950451247	ID:32	RPL: Sending a multicast-DIO with rank 592
951319998	ID:34	RPL: Sending a multicast-DIO with rank 592
951814702	ID:33	RPL: Sending a multicast-DIO with rank 639
951899855	ID:36	RPL: Sending a multicast-DIO with rank 602
955451246	ID:32	RPL: Sending a multicast-DIO with rank 592
956319998	ID:34	RPL: Sending a multicast-DIO with rank 592
956814702	ID:33	RPL: Sending a multicast-DIO with rank 639
956899855	ID:36	RPL: Sending a multicast-DIO with rank 602
960451247	ID:32	RPL: Sending a multicast-DIO with rank 592
961319998	ID:34	RPL: Sending a multicast-DIO with rank 592
961814702	ID:33	RPL: Sending a multicast-DIO with rank 639
961899855	ID:36	RPL: Sending a multicast-DIO with rank 602
962873899	ID:35	RPL: Sending a DIS to fe80::c30c:0:0:7
965451247	ID:32	RPL: Sending a multicast-DIO with rank 592
966319998	ID:34	RPL: Sending a multicast-DIO with rank 592
966814702	ID:33	RPL: Sending a multicast-DIO with rank 639
966899855	ID:36	RPL: Sending a multicast-DIO with rank 602
970451247	ID:32	RPL: Sending a multicast-DIO with rank 592
971319998	ID:34	RPL: Sending a multicast-DIO with rank 592
971814702	ID:33	RPL: Sending a multicast-DIO with rank 639
971899855	ID:36	RPL: Sending a multicast-DIO with rank 602
975451247	ID:32	RPL: Sending a multicast-DIO with rank 592
976319998	ID:34	RPL: Sending a multicast-DIO with rank 592
976814702	ID:33	RPL: Sending a multicast-DIO with rank 639
976899855	ID:36	RPL: Sending a multicast-DIO with rank 602
980451247	ID:32	RPL: Sending a multicast-DIO with rank 592
981319998	ID:34	RPL: Sending a multicast-DIO with rank 592
981814702	ID:33	RPL: Sending a multicast-DIO with rank 639
981899855	ID:36	RPL: Sending a multicast-DIO with rank 602
985451247	ID:32	RPL: Sending a multicast-DIO with rank 592
986319998	ID:34	RPL: Sending a multicast-DIO with rank 592
986814702	ID:33	RPL: Sending a multicast-DIO with rank 639
986899855	ID:36	RPL: Sending a multicast-DIO with rank 602
990451247	ID:32	RPL: Sending a multicast-DIO with rank 592
991319998	ID:34	RPL: Sending a multicast-DIO with rank 592
991814702	ID:33	RPL: Sending a multicast-DIO with rank 639
991899855	ID:36	RPL: Sending a multicast-DIO with rank 602
995451247	ID:32	RPL: Sending a multicast-DIO with rank 592
996319998	ID:34	RPL: Sending a multicast-DIO with rank 592
996814702	ID:33	RPL: Sending a multicast-DIO with rank 639
996899855	ID:36	RPL: Sending a multicast-DIO with rank 602
1000451247	ID:32	RPL: Sending a multicast-DIO with rank 592
1001319998	ID:34	RPL: Sending a multicast-DIO with rank 592
1001814702	ID:33	RPL: Sending a multicast-DIO with rank 639
1001899855	ID:36	RPL: Sending a multicast-DIO with rank 602
1005451247	ID:32	RPL: Sending a multicast-DIO with rank 592
1006319998	ID:34	RPL: Sending a multicast-DIO with rank 592
1006814702	ID:33	RPL: Sending a multicast-DIO with rank 639
1006899855	ID:36	RPL: Sending a multicast-DIO with rank 602
1010451247	ID:32	RPL: Sending a multicast-DIO with rank 592
1011319998	ID:34	RPL: Sending a multicast-DIO with rank 592
1011814702	ID:33	RPL: Sending a multicast-DIO with rank 639
1011899855	ID:36	RPL: Sending a multicast-DIO with rank 602
1015451247	ID:32	RPL: Sending a multicast-DIO with rank 592
1016319998	ID:34	RPL: Sending a multicast-DIO with rank 592
1016814702	ID:33	RPL: Sending a multicast-DIO with rank 639
1016899855	ID:36	RPL: Sending a multicast-DIO with rank 602
1020451247	ID:32	RPL: Sending a multicast-DIO with rank 592
1021319998	ID:34	RPL: Sending a multicast-DIO with rank 592
1021814702	ID:33	RPL: Sending a multicast-DIO with rank 639
1021899855	ID:36	RPL: Sending a multicast-DIO with rank 602
1022873899	ID:35	RPL: Sending a DIS to fe80::c30c:0:0:7
1025451247	ID:32	RPL: Sending a multicast-DIO with rank 592
1026319998	ID:34	RPL: Sending a multicast-DIO with rank 592
1026814710	ID:33	RPL: Sending a multicast-DIO with rank 639
1026899856	ID:36	RPL: Sending a multicast-DIO with rank 602
1030451247	ID:32	RPL: Sending a multicast-DIO with rank 592
1031319998	ID:34	RPL: Sending a multicast-DIO with rank 592
1031814703	ID:33	RPL: Sending a multicast-DIO with rank 639
1031899856	ID:36	RPL: Sending a multicast-DIO with rank 602
1035451247	ID:32	RPL: Sending a multicast-DIO with rank 592
1036319998	ID:34	RPL: Sending a multicast-DIO with rank 592
1036814703	ID:33	RPL: Sending a multicast-DIO with rank 639
1036899856	ID:36	RPL: Sending a multicast-DIO with rank 602
1040451247	ID:32	RPL: Sending a multicast-DIO with rank 592
1041319998	ID:34	RPL: Sending a multicast-DIO with rank 592
1041814703	ID:33	RPL: Sending a multicast-DIO with rank 639
1041899856	ID:36	RPL: Sending a multicast-DIO with rank 602
1045451247	ID:32	RPL: Sending a multicast-DIO with rank 592
1046319998	ID:34	RPL: Sending a multicast-DIO with rank 592
1046814703	ID:33	RPL: Sending a multicast-DIO with rank 639
1046899856	ID:36	RPL: Sending a multicast-DIO with rank 602
1050451247	ID:32	RPL: Sending a multicast-DIO with rank 592
1051319998	ID:34	RPL: Sending a multicast-DIO with rank 592
1051814703	ID:33	RPL: Sending a multicast-DIO with rank 639
1051899856	ID:36	RPL: Sending a multicast-DIO with rank 602
1055451247	ID:32	RPL: Sending a multicast-DIO with rank 592
1056319998	ID:34	RPL: Sending a multicast-DIO with rank 592
1056814703	ID:33	RPL: Sending a multicast-DIO with rank 639
1056899856	ID:36	RPL: Sending a multicast-DIO with rank 602
1060451247	ID:32	RPL: Sending a multicast-DIO with rank 592
1061319998	ID:34	RPL: Sending a multicast-DIO with rank 592
1061814703	ID:33	RPL: Sending a multicast-DIO with rank 639
1061899856	ID:36	RPL: Sending a multicast-DIO with rank 602
1065451247	ID:32	RPL: Sending a multicast-DIO with rank 592
1066319998	ID:34	RPL: Sending a multicast-DIO with rank 592
1066814703	ID:33	RPL: Sending a multicast-DIO with rank 639
1066899856	ID:36	RPL: Sending a multicast-DIO with rank 602
1070451247	ID:32	RPL: Sending a multicast-DIO with rank 592
1071319998	ID:34	RPL: Sending a multicast-DIO with rank 592
1071814703	ID:33	RPL: Sending a multicast-DIO with rank 639
1071899856	ID:36	RPL: Sending a multicast-DIO with rank 602
1075451247	ID:32	RPL: Sending a multicast-DIO with rank 592
1076319998	ID:34	RPL: Sending a multicast-DIO with rank 592
1076814703	ID:33	RPL: Sending a multicast-DIO with rank 639
1076899856	ID:36	RPL: Sending a multicast-DIO with rank 602
1080451247	ID:32	RPL: Sending a multicast-DIO with rank 592
1081319998	ID:34	RPL: Sending a multicast-DIO with rank 592
1081814703	ID:33	RPL: Sending a multicast-DIO with rank 639
1081899856	ID:36	RPL: Sending a multicast-DIO with rank 602
1082873900	ID:35	RPL: Sending a DIS to fe80::c30c:0:0:7
1085451247	ID:32	RPL: Sending a multicast-DIO with rank 592
1086319998	ID:34	RPL: Sending a multicast-DIO with rank 592
1086814703	ID:33	RPL: Sending a multicast-DIO with rank 639
1086899856	ID:36	RPL: Sending a multicast-DIO with rank 602
1090451247	ID:32	RPL: Sending a multicast-DIO with rank 592
1091319998	ID:34	RPL: Sending a multicast-DIO with rank 592
1091814703	ID:33	RPL: Sending a multicast-DIO with rank 639
1091899856	ID:36	RPL: Sending a multicast-DIO with rank 602
1095451247	ID:32	RPL: Sending a multicast-DIO with rank 592
1096319998	ID:34	RPL: Sending a multicast-DIO with rank 592
1096814703	ID:33	RPL: Sending a multicast-DIO with rank 639
1096899856	ID:36	RPL: Sending a multicast-DIO with rank 602
1100451247	ID:32	RPL: Sending a multicast-DIO with rank 592
1101319998	ID:34	RPL: Sending a multicast-DIO with rank 592
1101814703	ID:33	RPL: Sending a multicast-DIO with rank 639
1101899856	ID:36	RPL: Sending a multicast-DIO with rank 602
1105451247	ID:32	RPL: Sending a multicast-DIO with rank 592
1106319998	ID:34	RPL: Sending a multicast-DIO with rank 592
1106814703	ID:33	RPL: Sending a multicast-DIO with rank 639
1106899856	ID:36	RPL: Sending a multicast-DIO with rank 602
1110451247	ID:32	RPL: Sending a multicast-DIO with rank 592
1111319998	ID:34	RPL: Sending a multicast-DIO with rank 592
1111814703	ID:33	RPL: Sending a multicast-DIO with rank 639
1111899856	ID:36	RPL: Sending a multicast-DIO with rank 602
1115451247	ID:32	RPL: Sending a multicast-DIO with rank 592
1116319998	ID:34	RPL: Sending a multicast-DIO with rank 592
1116814703	ID:33	RPL: Sending a multicast-DIO with rank 639
1116899856	ID:36	RPL: Sending a multicast-DIO with rank 602
1120451247	ID:32	RPL: Sending a multicast-DIO with rank 592
1121319998	ID:34	RPL: Sending a multicast-DIO with rank 592
1121814703	ID:33	RPL: Sending a multicast-DIO with rank 639
1121899856	ID:36	RPL: Sending a multicast-DIO with rank 602
1125451247	ID:32	RPL: Sending a multicast-DIO with rank 592
1126319998	ID:34	RPL: Sending a multicast-DIO with rank 592
1126814703	ID:33	RPL: Sending a multicast-DIO with rank 639
1126899856	ID:36	RPL: Sending a multicast-DIO with rank 602
1130451247	ID:32	RPL: Sending a multicast-DIO with rank 592
1131319998	ID:34	RPL: Sending a multicast-DIO with rank 592
1131814703	ID:33	RPL: Sending a multicast-DIO with rank 639
1131899856	ID:36	RPL: Sending a multicast-DIO with rank 602
1135451247	ID:32	RPL: Sending a multicast-DIO with rank 592
1136319998	ID:34	RPL: Sending a multicast-DIO with rank 592
1136814703	ID:33	RPL: Sending a multicast-DIO with rank 639
1136899856	ID:36	RPL: Sending a multicast-DIO with rank 602
1140451254	ID:32	RPL: Sending a multicast-DIO with rank 592
1141319998	ID:34	RPL: Sending a multicast-DIO with rank 592
1141814703	ID:33	RPL: Sending a multicast-DIO with rank 639
1141899856	ID:36	RPL: Sending a multicast-DIO with rank 602
1142873900	ID:35	RPL: Sending a DIS to fe80::c30c:0:0:7
1145451247	ID:32	RPL: Sending a multicast-DIO with rank 592
1146319998	ID:34	RPL: Sending a multicast-DIO with rank 592
1146814703	ID:33	RPL: Sending a multicast-DIO with rank 639
1146899856	ID:36	RPL: Sending a multicast-DIO with rank 602
1150451247	ID:32	RPL: Sending a multicast-DIO with rank 592
1151319998	ID:34	RPL: Sending a multicast-DIO with rank 592
1151814703	ID:33	RPL: Sending a multicast-DIO with rank 639
1151899856	ID:36	RPL: Sending a multicast-DIO with rank 602
1155451247	ID:32	RPL: Sending a multicast-DIO with rank 592
1156319998	ID:34	RPL: Sending a multicast-DIO with rank 592
1156814703	ID:33	RPL: Sending a multicast-DIO with rank 639
1156899856	ID:36	RPL: Sending a multicast-DIO with rank 602
1160451247	ID:32	RPL: Sending a multicast-DIO with rank 592
1161319998	ID:34	RPL: Sending a multicast-DIO with rank 592
1161814703	ID:33	RPL: Sending a multicast-DIO with rank 639
1161899856	ID:36	RPL: Sending a multicast-DIO with rank 602
1165451247	ID:32	RPL: Sending a multicast-DIO with rank 592
1166319998	ID:34	RPL: Sending a multicast-DIO with rank 592
1166814703	ID:33	RPL: Sending a multicast-DIO with rank 639
1166899863	ID:36	RPL: Sending a multicast-DIO with rank 602
1170451247	ID:32	RPL: Sending a multicast-DIO with rank 592
1171319998	ID:34	RPL: Sending a multicast-DIO with rank 592
1171814703	ID:33	RPL: Sending a multicast-DIO with rank 639
1171899856	ID:36	RPL: Sending a multicast-DIO with rank 602
1175451247	ID:32	RPL: Sending a multicast-DIO with rank 592
1176319998	ID:34	RPL: Sending a multicast-DIO with rank 592
1176814703	ID:33	RPL: Sending a multicast-DIO with rank 639
1176899856	ID:36	RPL: Sending a multicast-DIO with rank 602
1180451247	ID:32	RPL: Sending a multicast-DIO with rank 592
1181319998	ID:34	RPL: Sending a multicast-DIO with rank 592
1181814703	ID:33	RPL: Sending a multicast-DIO with rank 639
1181899856	ID:36	RPL: Sending a multicast-DIO with rank 602
1185451247	ID:32	RPL: Sending a multicast-DIO with rank 592
1186319998	ID:34	RPL: Sending a multicast-DIO with rank 592
1186814703	ID:33	RPL: Sending a multicast-DIO with rank 639
1186899856	ID:36	RPL: Sending a multicast-DIO with rank 602
1190451247	ID:32	RPL: Sending a multicast-DIO with rank 592
1191319998	ID:34	RPL: Sending a multicast-DIO with rank 592
1191814703	ID:33	RPL: Sending a multicast-DIO with rank 639
1191899856	ID:36	RPL: Sending a multicast-DIO with rank 602
1195451247	ID:32	RPL: Sending a multicast-DIO with rank 592
1196319998	ID:34	RPL: Sending a multicast-DIO with rank 592
1196814703	ID:33	RPL: Sending a multicast-DIO with rank 639
1196899856	ID:36	RPL: Sending a multicast-DIO with rank 602
1200451247	ID:32	RPL: Sending a multicast-DIO with rank 592
1201320003	ID:34	RPL: Sending a multicast-DIO with rank 592
1201814708	ID:33	RPL: Sending a multicast-DIO with rank 639
1201899861	ID:36	RPL: Sending a multicast-DIO with rank 602
1202873905	ID:35	RPL: Sending a DIS to fe80::c30c:0:0:7
1205451252	ID:32	RPL: Sending a multicast-DIO with rank 592
1206319997	ID:34	RPL: Sending a multicast-DIO with rank 592
1206814702	ID:33	RPL: Sending a multicast-DIO with rank 639
1206899855	ID:36	RPL: Sending a multicast-DIO with rank 602
1210451246	ID:32	RPL: Sending a multicast-DIO with rank 592
1211319997	ID:34	RPL: Sending a multicast-DIO with rank 592
1211814702	ID:33	RPL: Sending a multicast-DIO with rank 639
1211899855	ID:36	RPL: Sending a multicast-DIO with rank 602
1215451246	ID:32	RPL: Sending a multicast-DIO with rank 592
1216319997	ID:34	RPL: Sending a multicast-DIO with rank 592
1216814702	ID:33	RPL: Sending a multicast-DIO with rank 639
1216899855	ID:36	RPL: Sending a multicast-DIO with rank 602
1220451246	ID:32	RPL: Sending a multicast-DIO with rank 592
1221319997	ID:34	RPL: Sending a multicast-DIO with rank 592
1221814702	ID:33	RPL: Sending a multicast-DIO with rank 639
1221899855	ID:36	RPL: Sending a multicast-DIO with rank 602
1225451246	ID:32	RPL: Sending a multicast-DIO with rank 592
1226319997	ID:34	RPL: Sending a multicast-DIO with rank 592
1226814702	ID:33	RPL: Sending a multicast-DIO with rank 639
1226899855	ID:36	RPL: Sending a multicast-DIO with rank 602
1230451246	ID:32	RPL: Sending a multicast-DIO with rank 592
1231320004	ID:34	RPL: Sending a multicast-DIO with rank 592
1231814702	ID:33	RPL: Sending a multicast-DIO with rank 639
1231899855	ID:36	RPL: Sending a multicast-DIO with rank 602
1235451246	ID:32	RPL: Sending a multicast-DIO with rank 592
1236319997	ID:34	RPL: Sending a multicast-DIO with rank 592
1236814702	ID:33	RPL: Sending a multicast-DIO with rank 639
1236899855	ID:36	RPL: Sending a multicast-DIO with rank 602
1240451246	ID:32	RPL: Sending a multicast-DIO with rank 592
1241319997	ID:34	RPL: Sending a multicast-DIO with rank 592
1241814702	ID:33	RPL: Sending a multicast-DIO with rank 639
1241899855	ID:36	RPL: Sending a multicast-DIO with rank 602
1245451246	ID:32	RPL: Sending a multicast-DIO with rank 592
1246319997	ID:34	RPL: Sending a multicast-DIO with rank 592
1246814702	ID:33	RPL: Sending a multicast-DIO with rank 639
1246899855	ID:36	RPL: Sending a multicast-DIO with rank 602
1250451246	ID:32	RPL: Sending a multicast-DIO with rank 592
1251319997	ID:34	RPL: Sending a multicast-DIO with rank 592
1251814702	ID:33	RPL: Sending a multicast-DIO with rank 639
1251899855	ID:36	RPL: Sending a multicast-DIO with rank 602
1255451246	ID:32	RPL: Sending a multicast-DIO with rank 592
1256319997	ID:34	RPL: Sending a multicast-DIO with rank 592
1256814702	ID:33	RPL: Sending a multicast-DIO with rank 639
1256899855	ID:36	RPL: Sending a multicast-DIO with rank 602
1260451246	ID:32	RPL: Sending a multicast-DIO with rank 592
1261319997	ID:34	RPL: Sending a multicast-DIO with rank 592
1261814702	ID:33	RPL: Sending a multicast-DIO with rank 639
1261899855	ID:36	RPL: Sending a multicast-DIO with rank 602
1262873899	ID:35	RPL: Sending a DIS to fe80::c30c:0:0:7
1265451246	ID:32	RPL: Sending a multicast-DIO with rank 592
1266319997	ID:34	RPL: Sending a multicast-DIO with rank 592
1266814702	ID:33	RPL: Sending a multicast-DIO with rank 639
1266899855	ID:36	RPL: Sending a multicast-DIO with rank 602
1270451246	ID:32	RPL: Sending a multicast-DIO with rank 592
1271319997	ID:34	RPL: Sending a multicast-DIO with rank 592
1271814702	ID:33	RPL: Sending a multicast-DIO with rank 639
1271899855	ID:36	RPL: Sending a multicast-DIO with rank 602
1275451246	ID:32	RPL: Sending a multicast-DIO with rank 592
1276319997	ID:34	RPL: Sending a multicast-DIO with rank 592
1276814702	ID:33	RPL: Sending a multicast-DIO with rank 639
1276899855	ID:36	RPL: Sending a multicast-DIO with rank 602
1280451246	ID:32	RPL: Sending a multicast-DIO with rank 592
1281319997	ID:34	RPL: Sending a multicast-DIO with rank 592
1281814702	ID:33	RPL: Sending a multicast-DIO with rank 639
1281899855	ID:36	RPL: Sending a multicast-DIO with rank 602
1285451246	ID:32	RPL: Sending a multicast-DIO with rank 592
1286319997	ID:34	RPL: Sending a multicast-DIO with rank 592
1286814702	ID:33	RPL: Sending a multicast-DIO with rank 639
1286899855	ID:36	RPL: Sending a multicast-DIO with rank 602
1290451246	ID:32	RPL: Sending a multicast-DIO with rank 592
1291319997	ID:34	RPL: Sending a multicast-DIO with rank 592
1291814702	ID:33	RPL: Sending a multicast-DIO with rank 639
1291899855	ID:36	RPL: Sending a multicast-DIO with rank 602
1295451246	ID:32	RPL: Sending a multicast-DIO with rank 592
1296319997	ID:34	RPL: Sending a multicast-DIO with rank 592
1296814702	ID:33	RPL: Sending a multicast-DIO with rank 639
1296899855	ID:36	RPL: Sending a multicast-DIO with rank 602
1300451246	ID:32	RPL: Sending a multicast-DIO with rank 592
1301319997	ID:34	RPL: Sending a multicast-DIO with rank 592
1301814702	ID:33	RPL: Sending a multicast-DIO with rank 639
1301899855	ID:36	RPL: Sending a multicast-DIO with rank 602
1305451246	ID:32	RPL: Sending a multicast-DIO with rank 592
1306319997	ID:34	RPL: Sending a multicast-DIO with rank 592
1306814702	ID:33	RPL: Sending a multicast-DIO with rank 639
1306899855	ID:36	RPL: Sending a multicast-DIO with rank 602
1310451246	ID:32	RPL: Sending a multicast-DIO with rank 592
1311319997	ID:34	RPL: Sending a multicast-DIO with rank 592
1311814702	ID:33	RPL: Sending a multicast-DIO with rank 639
1311899855	ID:36	RPL: Sending a multicast-DIO with rank 602
1315451246	ID:32	RPL: Sending a multicast-DIO with rank 592
1316319997	ID:34	RPL: Sending a multicast-DIO with rank 592
1316814702	ID:33	RPL: Sending a multicast-DIO with rank 639
1316899855	ID:36	RPL: Sending a multicast-DIO with rank 602
1320451246	ID:32	RPL: Sending a multicast-DIO with rank 592
1321319997	ID:34	RPL: Sending a multicast-DIO with rank 592
1321814702	ID:33	RPL: Sending a multicast-DIO with rank 639
1321899855	ID:36	RPL: Sending a multicast-DIO with rank 602
1322873899	ID:35	RPL: Sending a DIS to fe80::c30c:0:0:7
1325451246	ID:32	RPL: Sending a multicast-DIO with rank 592
1326319997	ID:34	RPL: Sending a multicast-DIO with rank 592
1326814702	ID:33	RPL: Sending a multicast-DIO with rank 639
1326899855	ID:36	RPL: Sending a multicast-DIO with rank 602
1330451246	ID:32	RPL: Sending a multicast-DIO with rank 592
1331319997	ID:34	RPL: Sending a multicast-DIO with rank 592
1331814702	ID:33	RPL: Sending a multicast-DIO with rank 639
1331899855	ID:36	RPL: Sending a multicast-DIO with rank 602
1335451246	ID:32	RPL: Sending a multicast-DIO with rank 592
1336319997	ID:34	RPL: Sending a multicast-DIO with rank 592
1336814702	ID:33	RPL: Sending a multicast-DIO with rank 639
1336899855	ID:36	RPL: Sending a multicast-DIO with rank 602
1340451246	ID:32	RPL: Sending a multicast-DIO with rank 592
1341319997	ID:34	RPL: Sending a multicast-DIO with rank 592
1341814702	ID:33	RPL: Sending a multicast-DIO with rank 639
1341899855	ID:36	RPL: Sending a multicast-DIO with rank 602
1345451246	ID:32	RPL: Sending a multicast-DIO with rank 592
1346319997	ID:34	RPL: Sending a multicast-DIO with rank 592
1346814702	ID:33	RPL: Sending a multicast-DIO with rank 639
1346899855	ID:36	RPL: Sending a multicast-DIO with rank 602
1350451246	ID:32	RPL: Sending a multicast-DIO with rank 592
1351319997	ID:34	RPL: Sending a multicast-DIO with rank 592
1351814702	ID:33	RPL: Sending a multicast-DIO with rank 639
1351899855	ID:36	RPL: Sending a multicast-DIO with rank 602
1355451246	ID:32	RPL: Sending a multicast-DIO with rank 592
1356319997	ID:34	RPL: Sending a multicast-DIO with rank 592
1356814702	ID:33	RPL: Sending a multicast-DIO with rank 639
1356899855	ID:36	RPL: Sending a multicast-DIO with rank 602
1360451246	ID:32	RPL: Sending a multicast-DIO with rank 592
1361319997	ID:34	RPL: Sending a multicast-DIO with rank 592
1361814709	ID:33	RPL: Sending a multicast-DIO with rank 639
1361899855	ID:36	RPL: Sending a multicast-DIO with rank 602
1365451246	ID:32	RPL: Sending a multicast-DIO with rank 592
1366319997	ID:34	RPL: Sending a multicast-DIO with rank 592
1366814702	ID:33	RPL: Sending a multicast-DIO with rank 639
1366899855	ID:36	RPL: Sending a multicast-DIO with rank 602
1370451246	ID:32	RPL: Sending a multicast-DIO with rank 592
1371319997	ID:34	RPL: Sending a multicast-DIO with rank 592
1371814702	ID:33	RPL: Sending a multicast-DIO with rank 639
1371899855	ID:36	RPL: Sending a multicast-DIO with rank 602
1375451246	ID:32	RPL: Sending a multicast-DIO with rank 592
1376319997	ID:34	RPL: Sending a multicast-DIO with rank 592
1376814702	ID:33	RPL: Sending a multicast-DIO with rank 639
1376899855	ID:36	RPL: Sending a multicast-DIO with rank 602
1380451246	ID:32	RPL: Sending a multicast-DIO with rank 592
1381319997	ID:34	RPL: Sending a multicast-DIO with rank 592
1381814702	ID:33	RPL: Sending a multicast-DIO with rank 639
1381899855	ID:36	RPL: Sending a multicast-DIO with rank 602
1382873899	ID:35	RPL: Sending a DIS to fe80::c30c:0:0:7
1385451246	ID:32	RPL: Sending a multicast-DIO with rank 592
1386319997	ID:34	RPL: Sending a multicast-DIO with rank 592
1386814702	ID:33	RPL: Sending a multicast-DIO with rank 639
1386899855	ID:36	RPL: Sending a multicast-DIO with rank 602
1390451246	ID:32	RPL: Sending a multicast-DIO with rank 592
1391319997	ID:34	RPL: Sending a multicast-DIO with rank 592
1391814702	ID:33	RPL: Sending a multicast-DIO with rank 639
1391899855	ID:36	RPL: Sending a multicast-DIO with rank 602
1395451246	ID:32	RPL: Sending a multicast-DIO with rank 592
1396319997	ID:34	RPL: Sending a multicast-DIO with rank 592
1396814702	ID:33	RPL: Sending a multicast-DIO with rank 639
1396899855	ID:36	RPL: Sending a multicast-DIO with rank 602
1400451246	ID:32	RPL: Sending a multicast-DIO with rank 592
1401319997	ID:34	RPL: Sending a multicast-DIO with rank 592
1401814702	ID:33	RPL: Sending a multicast-DIO with rank 639
1401899855	ID:36	RPL: Sending a multicast-DIO with rank 602
1405451246	ID:32	RPL: Sending a multicast-DIO with rank 592
1406319997	ID:34	RPL: Sending a multicast-DIO with rank 592
1406814702	ID:33	RPL: Sending a multicast-DIO with rank 639
1406899855	ID:36	RPL: Sending a multicast-DIO with rank 602
1410451246	ID:32	RPL: Sending a multicast-DIO with rank 592
1411319997	ID:34	RPL: Sending a multicast-DIO with rank 592
1411814702	ID:33	RPL: Sending a multicast-DIO with rank 639
1411899855	ID:36	RPL: Sending a multicast-DIO with rank 602
1415451246	ID:32	RPL: Sending a multicast-DIO with rank 592
1416319997	ID:34	RPL: Sending a multicast-DIO with rank 592
1416814702	ID:33	RPL: Sending a multicast-DIO with rank 639
1416899855	ID:36	RPL: Sending a multicast-DIO with rank 602
1420451246	ID:32	RPL: Sending a multicast-DIO with rank 592
1421319997	ID:34	RPL: Sending a multicast-DIO with rank 592
1421814702	ID:33	RPL: Sending a multicast-DIO with rank 639
1421899855	ID:36	RPL: Sending a multicast-DIO with rank 602
1425451246	ID:32	RPL: Sending a multicast-DIO with rank 592
1426319997	ID:34	RPL: Sending a multicast-DIO with rank 592
1426814702	ID:33	RPL: Sending a multicast-DIO with rank 639
1426899855	ID:36	RPL: Sending a multicast-DIO with rank 602
1430451246	ID:32	RPL: Sending a multicast-DIO with rank 592
1431319997	ID:34	RPL: Sending a multicast-DIO with rank 592
1431814702	ID:33	RPL: Sending a multicast-DIO with rank 639
1431899855	ID:36	RPL: Sending a multicast-DIO with rank 602
1435451246	ID:32	RPL: Sending a multicast-DIO with rank 592
1436319997	ID:34	RPL: Sending a multicast-DIO with rank 592
1436814702	ID:33	RPL: Sending a multicast-DIO with rank 639
1436899855	ID:36	RPL: Sending a multicast-DIO with rank 602
1440451246	ID:32	RPL: Sending a multicast-DIO with rank 592
1441319997	ID:34	RPL: Sending a multicast-DIO with rank 592
1441814702	ID:33	RPL: Sending a multicast-DIO with rank 639
1441899855	ID:36	RPL: Sending a multicast-DIO with rank 602
1442873899	ID:35	RPL: Sending a DIS to fe80::c30c:0:0:7
1445451246	ID:32	RPL: Sending a multicast-DIO with rank 592
1446319997	ID:34	RPL: Sending a multicast-DIO with rank 592
1446814702	ID:33	RPL: Sending a multicast-DIO with rank 639
1446899855	ID:36	RPL: Sending a multicast-DIO with rank 602
1450451246	ID:32	RPL: Sending a multicast-DIO with rank 592
1451319997	ID:34	RPL: Sending a multicast-DIO with rank 592
1451814702	ID:33	RPL: Sending a multicast-DIO with rank 639
1451899855	ID:36	RPL: Sending a multicast-DIO with rank 602
1455451253	ID:32	RPL: Sending a multicast-DIO with rank 592
1456319997	ID:34	RPL: Sending a multicast-DIO with rank 592
1456814702	ID:33	RPL: Sending a multicast-DIO with rank 639
1456899855	ID:36	RPL: Sending a multicast-DIO with rank 602
1460451246	ID:32	RPL: Sending a multicast-DIO with rank 592
1461319997	ID:34	RPL: Sending a multicast-DIO with rank 592
1461814702	ID:33	RPL: Sending a multicast-DIO with rank 639
1461899855	ID:36	RPL: Sending a multicast-DIO with rank 602
1465451246	ID:32	RPL: Sending a multicast-DIO with rank 592
1466319997	ID:34	RPL: Sending a multicast-DIO with rank 592
1466814702	ID:33	RPL: Sending a multicast-DIO with rank 639
1466899855	ID:36	RPL: Sending a multicast-DIO with rank 602
1470451246	ID:32	RPL: Sending a multicast-DIO with rank 592
1471319997	ID:34	RPL: Sending a multicast-DIO with rank 592
1471814702	ID:33	RPL: Sending a multicast-DIO with rank 639
1471899855	ID:36	RPL: Sending a multicast-DIO with rank 602
1475451246	ID:32	RPL: Sending a multicast-DIO with rank 592
1476319997	ID:34	RPL: Sending a multicast-DIO with rank 592
1476814702	ID:33	RPL: Sending a multicast-DIO with rank 639
1476899855	ID:36	RPL: Sending a multicast-DIO with rank 602
1480451246	ID:32	RPL: Sending a multicast-DIO with rank 592
1481319997	ID:34	RPL: Sending a multicast-DIO with rank 592
1481814702	ID:33	RPL: Sending a multicast-DIO with rank 639
1481899855	ID:36	RPL: Sending a multicast-DIO with rank 602
1485451246	ID:32	RPL: Sending a multicast-DIO with rank 592
1486319997	ID:34	RPL: Sending a multicast-DIO with rank 592
1486814702	ID:33	RPL: Sending a multicast-DIO with rank 639
1486899855	ID:36	RPL: Sending a multicast-DIO with rank 602
1490451246	ID:32	RPL: Sending a multicast-DIO with rank 592
1491319997	ID:34	RPL: Sending a multicast-DIO with rank 592
1491814702	ID:33	RPL: Sending a multicast-DIO with rank 639
1491899855	ID:36	RPL: Sending a multicast-DIO with rank 602
1495451246	ID:32	RPL: Sending a multicast-DIO with rank 592
1496319997	ID:34	RPL: Sending a multicast-DIO with rank 592
1496814702	ID:33	RPL: Sending a multicast-DIO with rank 639
1496899855	ID:36	RPL: Sending a multicast-DIO with rank 602
1500451246	ID:32	RPL: Sending a multicast-DIO with rank 592
1501319997	ID:34	RPL: Sending a multicast-DIO with rank 592
1501814702	ID:33	RPL: Sending a multicast-DIO with rank 639
1501899855	ID:36	RPL: Sending a multicast-DIO with rank 602
1502873899	ID:35	RPL: Sending a DIS to fe80::c30c:0:0:7
1505451246	ID:32	RPL: Sending a multicast-DIO with rank 592
1506319997	ID:34	RPL: Sending a multicast-DIO with rank 592
1506814702	ID:33	RPL: Sending a multicast-DIO with rank 639
1506899855	ID:36	RPL: Sending a multicast-DIO with rank 602
1510451246	ID:32	RPL: Sending a multicast-DIO with rank 592
1511319997	ID:34	RPL: Sending a multicast-DIO with rank 592
1511814702	ID:33	RPL: Sending a multicast-DIO with rank 639
1511899855	ID:36	RPL: Sending a multicast-DIO with rank 602
1515451246	ID:32	RPL: Sending a multicast-DIO with rank 592
1516319997	ID:34	RPL: Sending a multicast-DIO with rank 592
1516814702	ID:33	RPL: Sending a multicast-DIO with rank 639
1516899855	ID:36	RPL: Sending a multicast-DIO with rank 602
1520451246	ID:32	RPL: Sending a multicast-DIO with rank 592
1521319997	ID:34	RPL: Sending a multicast-DIO with rank 592
1521814702	ID:33	RPL: Sending a multicast-DIO with rank 639
1521899855	ID:36	RPL: Sending a multicast-DIO with rank 602
1525451246	ID:32	RPL: Sending a multicast-DIO with rank 592
1526319997	ID:34	RPL: Sending a multicast-DIO with rank 592
1526814702	ID:33	RPL: Sending a multicast-DIO with rank 639
1526899855	ID:36	RPL: Sending a multicast-DIO with rank 602
1530451246	ID:32	RPL: Sending a multicast-DIO with rank 592
1531319997	ID:34	RPL: Sending a multicast-DIO with rank 592
1531814702	ID:33	RPL: Sending a multicast-DIO with rank 639
1531899855	ID:36	RPL: Sending a multicast-DIO with rank 602
1535451246	ID:32	RPL: Sending a multicast-DIO with rank 592
1536320004	ID:34	RPL: Sending a multicast-DIO with rank 592
1536814702	ID:33	RPL: Sending a multicast-DIO with rank 639
1536899855	ID:36	RPL: Sending a multicast-DIO with rank 602
1540451246	ID:32	RPL: Sending a multicast-DIO with rank 592
1541319997	ID:34	RPL: Sending a multicast-DIO with rank 592
1541814702	ID:33	RPL: Sending a multicast-DIO with rank 639
1541899862	ID:36	RPL: Sending a multicast-DIO with rank 602
1545451246	ID:32	RPL: Sending a multicast-DIO with rank 592
1546319997	ID:34	RPL: Sending a multicast-DIO with rank 592
1546814702	ID:33	RPL: Sending a multicast-DIO with rank 639
1546899855	ID:36	RPL: Sending a multicast-DIO with rank 602
1550451246	ID:32	RPL: Sending a multicast-DIO with rank 592
1551319997	ID:34	RPL: Sending a multicast-DIO with rank 592
1551814702	ID:33	RPL: Sending a multicast-DIO with rank 639
1551899855	ID:36	RPL: Sending a multicast-DIO with rank 602
1555451246	ID:32	RPL: Sending a multicast-DIO with rank 592
1556319997	ID:34	RPL: Sending a multicast-DIO with rank 592
1556814702	ID:33	RPL: Sending a multicast-DIO with rank 639
1556899855	ID:36	RPL: Sending a multicast-DIO with rank 602
1560451246	ID:32	RPL: Sending a multicast-DIO with rank 592
1561319997	ID:34	RPL: Sending a multicast-DIO with rank 592
1561814702	ID:33	RPL: Sending a multicast-DIO with rank 639
1561899855	ID:36	RPL: Sending a multicast-DIO with rank 602
1562873899	ID:35	RPL: Sending a DIS to fe80::c30c:0:0:7
1565451246	ID:32	RPL: Sending a multicast-DIO with rank 592
1566319997	ID:34	RPL: Sending a multicast-DIO with rank 592
1566814702	ID:33	RPL: Sending a multicast-DIO with rank 639
1566899855	ID:36	RPL: Sending a multicast-DIO with rank 602
1570451246	ID:32	RPL: Sending a multicast-DIO with rank 592
1571319997	ID:34	RPL: Sending a multicast-DIO with rank 592
1571814702	ID:33	RPL: Sending a multicast-DIO with rank 639
1571899855	ID:36	RPL: Sending a multicast-DIO with rank 602
1575451246	ID:32	RPL: Sending a multicast-DIO with rank 592
1576319997	ID:34	RPL: Sending a multicast-DIO with rank 592
1576814702	ID:33	RPL: Sending a multicast-DIO with rank 639
1576899855	ID:36	RPL: Sending a multicast-DIO with rank 602
1580451246	ID:32	RPL: Sending a multicast-DIO with rank 592
1581319997	ID:34	RPL: Sending a multicast-DIO with rank 592
1581814702	ID:33	RPL: Sending a multicast-DIO with rank 639
1581899855	ID:36	RPL: Sending a multicast-DIO with rank 602
1585451246	ID:32	RPL: Sending a multicast-DIO with rank 592
1586319997	ID:34	RPL: Sending a multicast-DIO with rank 592
1586814702	ID:33	RPL: Sending a multicast-DIO with rank 639
1586899855	ID:36	RPL: Sending a multicast-DIO with rank 602
1590451246	ID:32	RPL: Sending a multicast-DIO with rank 592
1591319997	ID:34	RPL: Sending a multicast-DIO with rank 592
1591814702	ID:33	RPL: Sending a multicast-DIO with rank 639
1591899855	ID:36	RPL: Sending a multicast-DIO with rank 602
1595451246	ID:32	RPL: Sending a multicast-DIO with rank 592
1596319997	ID:34	RPL: Sending a multicast-DIO with rank 592
1596814702	ID:33	RPL: Sending a multicast-DIO with rank 639
1596899855	ID:36	RPL: Sending a multicast-DIO with rank 602
1600451246	ID:32	RPL: Sending a multicast-DIO with rank 592
1601319997	ID:34	RPL: Sending a multicast-DIO with rank 592
1601814702	ID:33	RPL: Sending a multicast-DIO with rank 639
1601899855	ID:36	RPL: Sending a multicast-DIO with rank 602
1605451246	ID:32	RPL: Sending a multicast-DIO with rank 592
1606319997	ID:34	RPL: Sending a multicast-DIO with rank 592
1606814702	ID:33	RPL: Sending a multicast-DIO with rank 639
1606899855	ID:36	RPL: Sending a multicast-DIO with rank 602
1610451246	ID:32	RPL: Sending a multicast-DIO with rank 592
1611319997	ID:34	RPL: Sending a multicast-DIO with rank 592
1611814702	ID:33	RPL: Sending a multicast-DIO with rank 639
1611899855	ID:36	RPL: Sending a multicast-DIO with rank 602
1615451246	ID:32	RPL: Sending a multicast-DIO with rank 592
1616319997	ID:34	RPL: Sending a multicast-DIO with rank 592
1616814702	ID:33	RPL: Sending a multicast-DIO with rank 639
1616899855	ID:36	RPL: Sending a multicast-DIO with rank 602
1620451246	ID:32	RPL: Sending a multicast-DIO with rank 592
1621319997	ID:34	RPL: Sending a multicast-DIO with rank 592
1621814702	ID:33	RPL: Sending a multicast-DIO with rank 639
1621899855	ID:36	RPL: Sending a multicast-DIO with rank 602
1622873899	ID:35	RPL: Sending a DIS to fe80::c30c:0:0:7
1625451246	ID:32	RPL: Sending a multicast-DIO with rank 592
1626319997	ID:34	RPL: Sending a multicast-DIO with rank 592
1626814702	ID:33	RPL: Sending a multicast-DIO with rank 639
1626899855	ID:36	RPL: Sending a multicast-DIO with rank 602
1630451246	ID:32	RPL: Sending a multicast-DIO with rank 592
1631319997	ID:34	RPL: Sending a multicast-DIO with rank 592
1631814702	ID:33	RPL: Sending a multicast-DIO with rank 639
1631899855	ID:36	RPL: Sending a multicast-DIO with rank 602
1635451246	ID:32	RPL: Sending a multicast-DIO with rank 592
1636319997	ID:34	RPL: Sending a multicast-DIO with rank 592
1636814702	ID:33	RPL: Sending a multicast-DIO with rank 639
1636899855	ID:36	RPL: Sending a multicast-DIO with rank 602
1640451246	ID:32	RPL: Sending a multicast-DIO with rank 592
1641319997	ID:34	RPL: Sending a multicast-DIO with rank 592
1641814702	ID:33	RPL: Sending a multicast-DIO with rank 639
1641899855	ID:36	RPL: Sending a multicast-DIO with rank 602
1645451246	ID:32	RPL: Sending a multicast-DIO with rank 592
1646319997	ID:34	RPL: Sending a multicast-DIO with rank 592
1646814702	ID:33	RPL: Sending a multicast-DIO with rank 639
1646899855	ID:36	RPL: Sending a multicast-DIO with rank 602
1650451246	ID:32	RPL: Sending a multicast-DIO with rank 592
1651319997	ID:34	RPL: Sending a multicast-DIO with rank 592
1651814702	ID:33	RPL: Sending a multicast-DIO with rank 639
1651899855	ID:36	RPL: Sending a multicast-DIO with rank 602
1655451246	ID:32	RPL: Sending a multicast-DIO with rank 592
1656319997	ID:34	RPL: Sending a multicast-DIO with rank 592
1656814702	ID:33	RPL: Sending a multicast-DIO with rank 639
1656899855	ID:36	RPL: Sending a multicast-DIO with rank 602
1660451246	ID:32	RPL: Sending a multicast-DIO with rank 592
1661319997	ID:34	RPL: Sending a multicast-DIO with rank 592
1661814702	ID:33	RPL: Sending a multicast-DIO with rank 639
1661899855	ID:36	RPL: Sending a multicast-DIO with rank 602
1665451246	ID:32	RPL: Sending a multicast-DIO with rank 592
1666319997	ID:34	RPL: Sending a multicast-DIO with rank 592
1666814702	ID:33	RPL: Sending a multicast-DIO with rank 639
1666899855	ID:36	RPL: Sending a multicast-DIO with rank 602
1670451246	ID:32	RPL: Sending a multicast-DIO with rank 592
1671319997	ID:34	RPL: Sending a multicast-DIO with rank 592
1671814702	ID:33	RPL: Sending a multicast-DIO with rank 639
1671899855	ID:36	RPL: Sending a multicast-DIO with rank 602
1675451246	ID:32	RPL: Sending a multicast-DIO with rank 592
1676319997	ID:34	RPL: Sending a multicast-DIO with rank 592
1676814702	ID:33	RPL: Sending a multicast-DIO with rank 639
1676899855	ID:36	RPL: Sending a multicast-DIO with rank 602
1680451246	ID:32	RPL: Sending a multicast-DIO with rank 592
1681319997	ID:34	RPL: Sending a multicast-DIO with rank 592
1681814702	ID:33	RPL: Sending a multicast-DIO with rank 639
1681899855	ID:36	RPL: Sending a multicast-DIO with rank 602
1682874467	ID:35	RPL: Sending a DIS to fe80::c30c:0:0:7
1685451246	ID:32	RPL: Sending a multicast-DIO with rank 592
1686319997	ID:34	RPL: Sending a multicast-DIO with rank 592
1686814702	ID:33	RPL: Sending a multicast-DIO with rank 639
1686899855	ID:36	RPL: Sending a multicast-DIO with rank 602
1690451246	ID:32	RPL: Sending a multicast-DIO with rank 592
1691319997	ID:34	RPL: Sending a multicast-DIO with rank 592
1691814702	ID:33	RPL: Sending a multicast-DIO with rank 639
1691899855	ID:36	RPL: Sending a multicast-DIO with rank 602
1695451246	ID:32	RPL: Sending a multicast-DIO with rank 592
1696319997	ID:34	RPL: Sending a multicast-DIO with rank 592
1696814702	ID:33	RPL: Sending a multicast-DIO with rank 639
1696899855	ID:36	RPL: Sending a multicast-DIO with rank 602
1700451246	ID:32	RPL: Sending a multicast-DIO with rank 592
1701319997	ID:34	RPL: Sending a multicast-DIO with rank 592
1701814702	ID:33	RPL: Sending a multicast-DIO with rank 639
1701899855	ID:36	RPL: Sending a multicast-DIO with rank 602
1705451246	ID:32	RPL: Sending a multicast-DIO with rank 592
1706319997	ID:34	RPL: Sending a multicast-DIO with rank 592
1706814702	ID:33	RPL: Sending a multicast-DIO with rank 639
1706899855	ID:36	RPL: Sending a multicast-DIO with rank 602
1710451246	ID:32	RPL: Sending a multicast-DIO with rank 592
1711319997	ID:34	RPL: Sending a multicast-DIO with rank 592
1711814702	ID:33	RPL: Sending a multicast-DIO with rank 639
1711899855	ID:36	RPL: Sending a multicast-DIO with rank 602
1715451246	ID:32	RPL: Sending a multicast-DIO with rank 592
1716319997	ID:34	RPL: Sending a multicast-DIO with rank 592
1716814702	ID:33	RPL: Sending a multicast-DIO with rank 639
1716899855	ID:36	RPL: Sending a multicast-DIO with rank 602
1720451246	ID:32	RPL: Sending a multicast-DIO with rank 592
1721319997	ID:34	RPL: Sending a multicast-DIO with rank 592
1721814702	ID:33	RPL: Sending a multicast-DIO with rank 639
1721899855	ID:36	RPL: Sending a multicast-DIO with rank 602
1725451246	ID:32	RPL: Sending a multicast-DIO with rank 592
1726319997	ID:34	RPL: Sending a multicast-DIO with rank 592
1726814702	ID:33	RPL: Sending a multicast-DIO with rank 639
1726899855	ID:36	RPL: Sending a multicast-DIO with rank 602
1730451246	ID:32	RPL: Sending a multicast-DIO with rank 592
1731319997	ID:34	RPL: Sending a multicast-DIO with rank 592
1731814702	ID:33	RPL: Sending a multicast-DIO with rank 639
1731899855	ID:36	RPL: Sending a multicast-DIO with rank 602
1735451246	ID:32	RPL: Sending a multicast-DIO with rank 592
1736319997	ID:34	RPL: Sending a multicast-DIO with rank 592
1736814702	ID:33	RPL: Sending a multicast-DIO with rank 639
1736899855	ID:36	RPL: Sending a multicast-DIO with rank 602
1740451246	ID:32	RPL: Sending a multicast-DIO with rank 592
1741319997	ID:34	RPL: Sending a multicast-DIO with rank 592
1741814702	ID:33	RPL: Sending a multicast-DIO with rank 639
1741899855	ID:36	RPL: Sending a multicast-DIO with rank 602
1742873899	ID:35	RPL: Sending a DIS to fe80::c30c:0:0:7
1745451246	ID:32	RPL: Sending a multicast-DIO with rank 592
1746319997	ID:34	RPL: Sending a multicast-DIO with rank 592
1746814702	ID:33	RPL: Sending a multicast-DIO with rank 639
1746899855	ID:36	RPL: Sending a multicast-DIO with rank 602
1750451246	ID:32	RPL: Sending a multicast-DIO with rank 592
1751319997	ID:34	RPL: Sending a multicast-DIO with rank 592
1751814702	ID:33	RPL: Sending a multicast-DIO with rank 639
1751899855	ID:36	RPL: Sending a multicast-DIO with rank 602
1755451246	ID:32	RPL: Sending a multicast-DIO with rank 592
1756319997	ID:34	RPL: Sending a multicast-DIO with rank 592
1756814702	ID:33	RPL: Sending a multicast-DIO with rank 639
1756899855	ID:36	RPL: Sending a multicast-DIO with rank 602
1760451246	ID:32	RPL: Sending a multicast-DIO with rank 592
1761319997	ID:34	RPL: Sending a multicast-DIO with rank 592
1761814702	ID:33	RPL: Sending a multicast-DIO with rank 639
1761899855	ID:36	RPL: Sending a multicast-DIO with rank 602
1765451246	ID:32	RPL: Sending a multicast-DIO with rank 592
1766319997	ID:34	RPL: Sending a multicast-DIO with rank 592
1766814702	ID:33	RPL: Sending a multicast-DIO with rank 639
1766899855	ID:36	RPL: Sending a multicast-DIO with rank 602
1770451246	ID:32	RPL: Sending a multicast-DIO with rank 592
1771319997	ID:34	RPL: Sending a multicast-DIO with rank 592
1771814702	ID:33	RPL: Sending a multicast-DIO with rank 639
1771899855	ID:36	RPL: Sending a multicast-DIO with rank 602
1775451246	ID:32	RPL: Sending a multicast-DIO with rank 592
1776319997	ID:34	RPL: Sending a multicast-DIO with rank 592
1776814702	ID:33	RPL: Sending a multicast-DIO with rank 639
1776899855	ID:36	RPL: Sending a multicast-DIO with rank 602
1780451246	ID:32	RPL: Sending a multicast-DIO with rank 592
1781319997	ID:34	RPL: Sending a multicast-DIO with rank 592
1781814702	ID:33	RPL: Sending a multicast-DIO with rank 639
1781899855	ID:36	RPL: Sending a multicast-DIO with rank 602
1785451246	ID:32	RPL: Sending a multicast-DIO with rank 592
1786319997	ID:34	RPL: Sending a multicast-DIO with rank 592
1786814702	ID:33	RPL: Sending a multicast-DIO with rank 639
1786899855	ID:36	RPL: Sending a multicast-DIO with rank 602
1790451246	ID:32	RPL: Sending a multicast-DIO with rank 592
1791319997	ID:34	RPL: Sending a multicast-DIO with rank 592
1791814702	ID:33	RPL: Sending a multicast-DIO with rank 639
1791899855	ID:36	RPL: Sending a multicast-DIO with rank 602
1795451246	ID:32	RPL: Sending a multicast-DIO with rank 592
1796319997	ID:34	RPL: Sending a multicast-DIO with rank 592
1796814702	ID:33	RPL: Sending a multicast-DIO with rank 639
1796899855	ID:36	RPL: Sending a multicast-DIO with rank 602
