Generated Packets 1 | ReceivedPackets 1
TL = 230000 |  AE2ED = 0.23 |  PDR = 1
Generated Packets 2 | ReceivedPackets 2
TL = 585947 |  AE2ED = 0.2929735 |  PDR = 1
Generated Packets 3 | ReceivedPackets 3
TL = 723714 |  AE2ED = 0.241238 |  PDR = 1
Generated Packets 4 | ReceivedPackets 4
TL = 854885 |  AE2ED = 0.21372125 |  PDR = 1
Generated Packets 5 | ReceivedPackets 5
TL = 1025482 |  AE2ED = 0.20509639999999998 |  PDR = 1
Generated Packets 6 | ReceivedPackets 6
TL = 1219920 |  AE2ED = 0.20332 |  PDR = 1
Generated Packets 7 | ReceivedPackets 7
TL = 1338411 |  AE2ED = 0.19120157142857142 |  PDR = 1
Generated Packets 8 | ReceivedPackets 8
TL = 1505541 |  AE2ED = 0.188192625 |  PDR = 1
Generated Packets 9 | ReceivedPackets 9
TL = 1646946 |  AE2ED = 0.182994 |  PDR = 1
Generated Packets 10 | ReceivedPackets 10
TL = 1793885 |  AE2ED = 0.1793885 |  PDR = 1
Generated Packets 11 | ReceivedPackets 11
TL = 1965156 |  AE2ED = 0.17865054545454545 |  PDR = 1
Generated Packets 12 | ReceivedPackets 12
TL = 2142233 |  AE2ED = 0.17851941666666665 |  PDR = 1
Generated Packets 13 | ReceivedPackets 13
TL = 2323891 |  AE2ED = 0.17876084615384616 |  PDR = 1
Generated Packets 14 | ReceivedPackets 14
TL = 2577212 |  AE2ED = 0.18408657142857143 |  PDR = 1
Generated Packets 15 | ReceivedPackets 15
TL = 2727574 |  AE2ED = 0.18183826666666666 |  PDR = 1
Generated Packets 16 | ReceivedPackets 16
TL = 2918173 |  AE2ED = 0.1823858125 |  PDR = 1
Generated Packets 17 | ReceivedPackets 17
TL = 3218579 |  AE2ED = 0.18932817647058822 |  PDR = 1
Generated Packets 18 | ReceivedPackets 18
TL = 3434643 |  AE2ED = 0.1908135 |  PDR = 1
Generated Packets 19 | ReceivedPackets 19
TL = 3556215 |  AE2ED = 0.1871692105263158 |  PDR = 1
Generated Packets 20 | ReceivedPackets 20
TL = 3729634 |  AE2ED = 0.1864817 |  PDR = 1
Generated Packets 21 | ReceivedPackets 21
TL = 3932844 |  AE2ED = 0.1872782857142857 |  PDR = 1
Generated Packets 22 | ReceivedPackets 22
TL = 3998591 |  AE2ED = 0.18175413636363635 |  PDR = 1
Generated Packets 24 | ReceivedPackets 23
TL = 4231818 |  AE2ED = 0.18399208695652172 |  PDR = 0.9583333333333334
Generated Packets 25 | ReceivedPackets 24
TL = 4288167 |  AE2ED = 0.178673625 |  PDR = 0.96
Generated Packets 25 | ReceivedPackets 25
TL = 5225530 |  AE2ED = 0.20902120000000002 |  PDR = 1
Generated Packets 27 | ReceivedPackets 26
TL = 5347234 |  AE2ED = 0.20566284615384617 |  PDR = 0.9629629629629629
Generated Packets 28 | ReceivedPackets 27
TL = 5723177 |  AE2ED = 0.2119695185185185 |  PDR = 0.9642857142857143
Generated Packets 29 | ReceivedPackets 28
TL = 5835191 |  AE2ED = 0.20839967857142858 |  PDR = 0.9655172413793104
Generated Packets 30 | ReceivedPackets 29
TL = 5859451 |  AE2ED = 0.2020500344827586 |  PDR = 0.9666666666666667
Generated Packets 31 | ReceivedPackets 30
TL = 6036694 |  AE2ED = 0.20122313333333333 |  PDR = 0.967741935483871
Generated Packets 32 | ReceivedPackets 31
TL = 6216348 |  AE2ED = 0.20052735483870968 |  PDR = 0.96875
Generated Packets 33 | ReceivedPackets 32
TL = 6437207 |  AE2ED = 0.20116271875 |  PDR = 0.9696969696969697
Generated Packets 34 | ReceivedPackets 33
TL = 6637744 |  AE2ED = 0.20114375757575756 |  PDR = 0.9705882352941176
Generated Packets 35 | ReceivedPackets 34
TL = 6861276 |  AE2ED = 0.20180223529411764 |  PDR = 0.9714285714285714
Generated Packets 36 | ReceivedPackets 35
TL = 7152274 |  AE2ED = 0.20435068571428572 |  PDR = 0.9722222222222222
Generated Packets 37 | ReceivedPackets 36
TL = 7613674 |  AE2ED = 0.21149094444444444 |  PDR = 0.972972972972973
Generated Packets 38 | ReceivedPackets 37
TL = 7797389 |  AE2ED = 0.21074024324324325 |  PDR = 0.9736842105263158
Generated Packets 40 | ReceivedPackets 38
TL = 8065581 |  AE2ED = 0.21225213157894737 |  PDR = 0.95
Generated Packets 40 | ReceivedPackets 39
TL = 8516167 |  AE2ED = 0.21836325641025642 |  PDR = 0.975
Generated Packets 41 | ReceivedPackets 40
TL = 8716903 |  AE2ED = 0.217922575 |  PDR = 0.975609756097561
Generated Packets 42 | ReceivedPackets 41
TL = 8808297 |  AE2ED = 0.21483651219512195 |  PDR = 0.9761904761904762
Generated Packets 43 | ReceivedPackets 42
TL = 8955697 |  AE2ED = 0.21323088095238094 |  PDR = 0.9767441860465116
Generated Packets 44 | ReceivedPackets 43
TL = 9251963 |  AE2ED = 0.21516193023255814 |  PDR = 0.9772727272727273
Generated Packets 45 | ReceivedPackets 44
TL = 9461998 |  AE2ED = 0.21504540909090908 |  PDR = 0.9777777777777777
Generated Packets 46 | ReceivedPackets 45
TL = 9599892 |  AE2ED = 0.21333093333333333 |  PDR = 0.9782608695652174
Generated Packets 47 | ReceivedPackets 46
TL = 9776765 |  AE2ED = 0.21253836956521738 |  PDR = 0.9787234042553191
Generated Packets 48 | ReceivedPackets 47
TL = 11381101 |  AE2ED = 0.242151085106383 |  PDR = 0.9791666666666666
Generated Packets 50 | ReceivedPackets 48
TL = 11405601 |  AE2ED = 0.2376166875 |  PDR = 0.96
Generated Packets 51 | ReceivedPackets 49
TL = 12483030 |  AE2ED = 0.2547557142857143 |  PDR = 0.9607843137254902
Generated Packets 52 | ReceivedPackets 50
TL = 12636982 |  AE2ED = 0.25273964 |  PDR = 0.9615384615384616
Generated Packets 54 | ReceivedPackets 51
TL = 12850253 |  AE2ED = 0.2519657450980392 |  PDR = 0.9444444444444444
Generated Packets 54 | ReceivedPackets 52
TL = 13476271 |  AE2ED = 0.2591590576923077 |  PDR = 0.9629629629629629
Generated Packets 55 | ReceivedPackets 53
TL = 13708393 |  AE2ED = 0.2586489245283019 |  PDR = 0.9636363636363636
Generated Packets 56 | ReceivedPackets 54
TL = 13861416 |  AE2ED = 0.25669288888888886 |  PDR = 0.9642857142857143
Generated Packets 57 | ReceivedPackets 55
TL = 14856193 |  AE2ED = 0.2701126 |  PDR = 0.9649122807017544
Generated Packets 58 | ReceivedPackets 56
TL = 15055683 |  AE2ED = 0.26885148214285715 |  PDR = 0.9655172413793104
Generated Packets 60 | ReceivedPackets 57
TL = 15180371 |  AE2ED = 0.26632229824561404 |  PDR = 0.95
Generated Packets 60 | ReceivedPackets 58
TL = 15784081 |  AE2ED = 0.2721393275862069 |  PDR = 0.9666666666666667
Generated Packets 61 | ReceivedPackets 59
TL = 15961488 |  AE2ED = 0.27053369491525425 |  PDR = 0.9672131147540983
Generated Packets 62 | ReceivedPackets 60
TL = 16190590 |  AE2ED = 0.2698431666666667 |  PDR = 0.967741935483871
Generated Packets 64 | ReceivedPackets 61
TL = 16320891 |  AE2ED = 0.26755559016393443 |  PDR = 0.953125
Generated Packets 66 | ReceivedPackets 62
TL = 16710096 |  AE2ED = 0.26951767741935484 |  PDR = 0.9393939393939394
Generated Packets 67 | ReceivedPackets 63
TL = 17342180 |  AE2ED = 0.2752726984126984 |  PDR = 0.9402985074626866
Generated Packets 68 | ReceivedPackets 64
TL = 17366474 |  AE2ED = 0.27135115625 |  PDR = 0.9411764705882353
Generated Packets 69 | ReceivedPackets 65
TL = 17566365 |  AE2ED = 0.27025176923076927 |  PDR = 0.9420289855072463
Generated Packets 70 | ReceivedPackets 66
TL = 17911876 |  AE2ED = 0.2713920606060606 |  PDR = 0.9428571428571428
Generated Packets 73 | ReceivedPackets 67
TL = 19172940 |  AE2ED = 0.28616328358208953 |  PDR = 0.9178082191780822
Generated Packets 73 | ReceivedPackets 68
TL = 20416300 |  AE2ED = 0.30023970588235294 |  PDR = 0.9315068493150684
Generated Packets 73 | ReceivedPackets 69
TL = 21528902 |  AE2ED = 0.31201307246376814 |  PDR = 0.9452054794520548
Generated Packets 76 | ReceivedPackets 70
TL = 21656023 |  AE2ED = 0.30937175714285714 |  PDR = 0.9210526315789473
Generated Packets 76 | ReceivedPackets 71
TL = 22387940 |  AE2ED = 0.31532309859154933 |  PDR = 0.9342105263157895
Generated Packets 78 | ReceivedPackets 72
TL = 22618735 |  AE2ED = 0.31414909722222223 |  PDR = 0.9230769230769231
Generated Packets 79 | ReceivedPackets 73
TL = 22839419 |  AE2ED = 0.31286875342465753 |  PDR = 0.9240506329113924
Generated Packets 80 | ReceivedPackets 74
TL = 22970495 |  AE2ED = 0.3104120945945946 |  PDR = 0.925
Generated Packets 82 | ReceivedPackets 75
TL = 23085734 |  AE2ED = 0.3078097866666667 |  PDR = 0.9146341463414634
Generated Packets 84 | ReceivedPackets 76
TL = 23197585 |  AE2ED = 0.30523138157894736 |  PDR = 0.9047619047619048
Generated Packets 85 | ReceivedPackets 77
TL = 23358333 |  AE2ED = 0.30335497402597406 |  PDR = 0.9058823529411765
Generated Packets 87 | ReceivedPackets 78
TL = 23402050 |  AE2ED = 0.30002628205128207 |  PDR = 0.896551724137931
Generated Packets 90 | ReceivedPackets 79
TL = 23485414 |  AE2ED = 0.2972837215189873 |  PDR = 0.8777777777777778
Generated Packets 96 | ReceivedPackets 80
TL = 23756231 |  AE2ED = 0.2969528875 |  PDR = 0.8333333333333334
Generated Packets 99 | ReceivedPackets 81
TL = 24019018 |  AE2ED = 0.29653108641975306 |  PDR = 0.8181818181818182
Generated Packets 103 | ReceivedPackets 82
TL = 24236489 |  AE2ED = 0.29556693902439024 |  PDR = 0.7961165048543689
Generated Packets 103 | ReceivedPackets 83
TL = 24351047 |  AE2ED = 0.2933861084337349 |  PDR = 0.8058252427184466
Generated Packets 104 | ReceivedPackets 84
TL = 24498273 |  AE2ED = 0.29164610714285716 |  PDR = 0.8076923076923077
Generated Packets 105 | ReceivedPackets 85
TL = 24722213 |  AE2ED = 0.29084956470588236 |  PDR = 0.8095238095238095
Generated Packets 107 | ReceivedPackets 86
TL = 24880764 |  AE2ED = 0.28931120930232557 |  PDR = 0.8037383177570093
Generated Packets 109 | ReceivedPackets 87
TL = 25127473 |  AE2ED = 0.2888215287356322 |  PDR = 0.7981651376146789
Generated Packets 112 | ReceivedPackets 88
TL = 25300600 |  AE2ED = 0.28750681818181817 |  PDR = 0.7857142857142857
Generated Packets 113 | ReceivedPackets 89
TL = 25523273 |  AE2ED = 0.28677834831460675 |  PDR = 0.7876106194690266
Generated Packets 114 | ReceivedPackets 90
TL = 25756138 |  AE2ED = 0.2861793111111111 |  PDR = 0.7894736842105263
Generated Packets 116 | ReceivedPackets 91
TL = 25917590 |  AE2ED = 0.2848086813186813 |  PDR = 0.7844827586206896
Generated Packets 117 | ReceivedPackets 92
TL = 25942012 |  AE2ED = 0.2819783913043478 |  PDR = 0.7863247863247863
Generated Packets 120 | ReceivedPackets 93
TL = 26063956 |  AE2ED = 0.28025759139784945 |  PDR = 0.775
Generated Packets 120 | ReceivedPackets 94
TL = 26353233 |  AE2ED = 0.2803535425531915 |  PDR = 0.7833333333333333
Generated Packets 123 | ReceivedPackets 95
TL = 26559125 |  AE2ED = 0.2795697368421053 |  PDR = 0.7723577235772358
Generated Packets 123 | ReceivedPackets 96
TL = 26954957 |  AE2ED = 0.28078080208333334 |  PDR = 0.7804878048780488
Generated Packets 124 | ReceivedPackets 97
TL = 27126140 |  AE2ED = 0.2796509278350516 |  PDR = 0.782258064516129
Generated Packets 125 | ReceivedPackets 98
TL = 27296247 |  AE2ED = 0.27853313265306123 |  PDR = 0.784
Generated Packets 126 | ReceivedPackets 99
TL = 27684940 |  AE2ED = 0.2796458585858586 |  PDR = 0.7857142857142857
Generated Packets 129 | ReceivedPackets 100
TL = 27800215 |  AE2ED = 0.27800215 |  PDR = 0.7751937984496124
Generated Packets 132 | ReceivedPackets 101
TL = 28032908 |  AE2ED = 0.2775535445544554 |  PDR = 0.7651515151515151
Generated Packets 134 | ReceivedPackets 102
TL = 28249657 |  AE2ED = 0.27695742156862746 |  PDR = 0.7611940298507462
Generated Packets 137 | ReceivedPackets 103
TL = 28387066 |  AE2ED = 0.27560258252427183 |  PDR = 0.7518248175182481
Generated Packets 140 | ReceivedPackets 104
TL = 28559991 |  AE2ED = 0.2746152980769231 |  PDR = 0.7428571428571429
Generated Packets 141 | ReceivedPackets 105
TL = 28713805 |  AE2ED = 0.2734648095238095 |  PDR = 0.7446808510638298
Generated Packets 142 | ReceivedPackets 106
TL = 28864780 |  AE2ED = 0.27230924528301886 |  PDR = 0.7464788732394366
Generated Packets 145 | ReceivedPackets 107
TL = 29012038 |  AE2ED = 0.2711405420560748 |  PDR = 0.7379310344827587
Generated Packets 146 | ReceivedPackets 108
TL = 29037278 |  AE2ED = 0.26886368518518516 |  PDR = 0.7397260273972602
Generated Packets 150 | ReceivedPackets 109
TL = 29205033 |  AE2ED = 0.26793608256880735 |  PDR = 0.7266666666666667
Generated Packets 154 | ReceivedPackets 110
TL = 29335909 |  AE2ED = 0.2666900818181818 |  PDR = 0.7142857142857143
Generated Packets 155 | ReceivedPackets 111
TL = 29536771 |  AE2ED = 0.266097036036036 |  PDR = 0.7161290322580646
Generated Packets 157 | ReceivedPackets 112
TL = 29616350 |  AE2ED = 0.2644316964285714 |  PDR = 0.7133757961783439
Generated Packets 158 | ReceivedPackets 113
TL = 29803206 |  AE2ED = 0.263745185840708 |  PDR = 0.7151898734177216
Generated Packets 162 | ReceivedPackets 114
TL = 30370628 |  AE2ED = 0.26640901754385965 |  PDR = 0.7037037037037037
Generated Packets 165 | ReceivedPackets 115
TL = 30451995 |  AE2ED = 0.26479995652173915 |  PDR = 0.696969696969697
Generated Packets 166 | ReceivedPackets 116
TL = 30476454 |  AE2ED = 0.26272805172413793 |  PDR = 0.6987951807228916
Generated Packets 169 | ReceivedPackets 117
TL = 30678188 |  AE2ED = 0.26220673504273506 |  PDR = 0.6923076923076923
Generated Packets 170 | ReceivedPackets 118
TL = 30890708 |  AE2ED = 0.26178566101694917 |  PDR = 0.6941176470588235
Generated Packets 171 | ReceivedPackets 119
TL = 31045605 |  AE2ED = 0.26088743697478994 |  PDR = 0.695906432748538
Generated Packets 175 | ReceivedPackets 120
TL = 31225134 |  AE2ED = 0.26020945 |  PDR = 0.6857142857142857
Generated Packets 178 | ReceivedPackets 121
TL = 31382478 |  AE2ED = 0.25935932231404957 |  PDR = 0.6797752808988764
Generated Packets 180 | ReceivedPackets 122
TL = 31539515 |  AE2ED = 0.2585206147540984 |  PDR = 0.6777777777777778
Generated Packets 181 | ReceivedPackets 123
TL = 31625795 |  AE2ED = 0.2571202845528455 |  PDR = 0.6795580110497238
Generated Packets 182 | ReceivedPackets 124
TL = 31883625 |  AE2ED = 0.25712600806451613 |  PDR = 0.6813186813186813
Generated Packets 184 | ReceivedPackets 125
TL = 32099679 |  AE2ED = 0.256797432 |  PDR = 0.6793478260869565
Generated Packets 186 | ReceivedPackets 126
TL = 32262841 |  AE2ED = 0.25605429365079363 |  PDR = 0.6774193548387096
Generated Packets 187 | ReceivedPackets 127
TL = 32397337 |  AE2ED = 0.2550971417322835 |  PDR = 0.679144385026738
Generated Packets 192 | ReceivedPackets 128
TL = 32555490 |  AE2ED = 0.254339765625 |  PDR = 0.6666666666666666
Generated Packets 200 | ReceivedPackets 129
TL = 32579982 |  AE2ED = 0.252558 |  PDR = 0.645
Generated Packets 202 | ReceivedPackets 130
TL = 32740534 |  AE2ED = 0.2518502615384616 |  PDR = 0.6435643564356436
Generated Packets 203 | ReceivedPackets 131
TL = 32900267 |  AE2ED = 0.25114707633587785 |  PDR = 0.645320197044335
Generated Packets 207 | ReceivedPackets 132
TL = 32991732 |  AE2ED = 0.24993736363636365 |  PDR = 0.6376811594202898
Generated Packets 208 | ReceivedPackets 133
TL = 33136747 |  AE2ED = 0.24914847368421053 |  PDR = 0.6394230769230769
Generated Packets 209 | ReceivedPackets 134
TL = 33557634 |  AE2ED = 0.25043010447761194 |  PDR = 0.6411483253588517
Generated Packets 211 | ReceivedPackets 135
TL = 33582144 |  AE2ED = 0.24875662222222222 |  PDR = 0.6398104265402843
Generated Packets 212 | ReceivedPackets 136
TL = 33782113 |  AE2ED = 0.24839788970588236 |  PDR = 0.6415094339622641
Generated Packets 215 | ReceivedPackets 137
TL = 33912545 |  AE2ED = 0.24753682481751824 |  PDR = 0.6372093023255814
Generated Packets 216 | ReceivedPackets 138
TL = 34077920 |  AE2ED = 0.2469414492753623 |  PDR = 0.6388888888888888
Generated Packets 217 | ReceivedPackets 139
TL = 34198264 |  AE2ED = 0.2460306762589928 |  PDR = 0.6405529953917051
Generated Packets 218 | ReceivedPackets 140
TL = 34408846 |  AE2ED = 0.24577747142857143 |  PDR = 0.6422018348623854
Generated Packets 221 | ReceivedPackets 141
TL = 34569284 |  AE2ED = 0.24517222695035462 |  PDR = 0.6380090497737556
Generated Packets 223 | ReceivedPackets 142
TL = 34749711 |  AE2ED = 0.24471627464788734 |  PDR = 0.6367713004484304
Generated Packets 228 | ReceivedPackets 143
TL = 34966108 |  AE2ED = 0.24451823776223774 |  PDR = 0.6271929824561403
Generated Packets 237 | ReceivedPackets 144
TL = 35113463 |  AE2ED = 0.24384349305555555 |  PDR = 0.6075949367088608
Generated Packets 238 | ReceivedPackets 145
TL = 35350160 |  AE2ED = 0.2437942068965517 |  PDR = 0.6092436974789915
Generated Packets 240 | ReceivedPackets 146
TL = 35449235 |  AE2ED = 0.2428029794520548 |  PDR = 0.6083333333333333
Generated Packets 242 | ReceivedPackets 147
TL = 35658627 |  AE2ED = 0.242575693877551 |  PDR = 0.6074380165289256
Generated Packets 245 | ReceivedPackets 148
TL = 35875093 |  AE2ED = 0.24239927702702704 |  PDR = 0.6040816326530613
Generated Packets 247 | ReceivedPackets 149
TL = 35996526 |  AE2ED = 0.24158742281879195 |  PDR = 0.6032388663967612
Generated Packets 249 | ReceivedPackets 150
TL = 36124838 |  AE2ED = 0.24083225333333333 |  PDR = 0.6024096385542169
Generated Packets 254 | ReceivedPackets 151
TL = 36149288 |  AE2ED = 0.23939925827814568 |  PDR = 0.594488188976378
Generated Packets 257 | ReceivedPackets 152
TL = 36359004 |  AE2ED = 0.23920397368421054 |  PDR = 0.5914396887159533
Generated Packets 258 | ReceivedPackets 153
TL = 36519428 |  AE2ED = 0.23868907189542482 |  PDR = 0.5930232558139535
Generated Packets 259 | ReceivedPackets 154
TL = 36652827 |  AE2ED = 0.23800537012987014 |  PDR = 0.5945945945945946
Generated Packets 260 | ReceivedPackets 155
TL = 36770654 |  AE2ED = 0.2372300258064516 |  PDR = 0.5961538461538461
Generated Packets 264 | ReceivedPackets 156
TL = 36885139 |  AE2ED = 0.23644319871794872 |  PDR = 0.5909090909090909
Generated Packets 266 | ReceivedPackets 157
TL = 37065502 |  AE2ED = 0.236086 |  PDR = 0.5902255639097744
Generated Packets 268 | ReceivedPackets 158
TL = 37180032 |  AE2ED = 0.23531665822784809 |  PDR = 0.5895522388059702
Generated Packets 276 | ReceivedPackets 159
TL = 37318347 |  AE2ED = 0.2347065849056604 |  PDR = 0.5760869565217391
Generated Packets 278 | ReceivedPackets 160
TL = 37463752 |  AE2ED = 0.23414845 |  PDR = 0.5755395683453237
Generated Packets 278 | ReceivedPackets 161
TL = 37683885 |  AE2ED = 0.23406139751552796 |  PDR = 0.579136690647482
Generated Packets 280 | ReceivedPackets 162
TL = 37822914 |  AE2ED = 0.23347477777777778 |  PDR = 0.5785714285714286
Generated Packets 282 | ReceivedPackets 163
TL = 37915328 |  AE2ED = 0.23260937423312883 |  PDR = 0.5780141843971631
Generated Packets 283 | ReceivedPackets 164
TL = 37939874 |  AE2ED = 0.23134069512195124 |  PDR = 0.5795053003533569
Generated Packets 285 | ReceivedPackets 165
TL = 38029451 |  AE2ED = 0.2304815212121212 |  PDR = 0.5789473684210527
Generated Packets 286 | ReceivedPackets 166
TL = 38310406 |  AE2ED = 0.230785578313253 |  PDR = 0.5804195804195804
Generated Packets 291 | ReceivedPackets 167
TL = 38511998 |  AE2ED = 0.23061076646706588 |  PDR = 0.5738831615120275
Generated Packets 292 | ReceivedPackets 168
TL = 38633511 |  AE2ED = 0.229961375 |  PDR = 0.5753424657534246
Generated Packets 293 | ReceivedPackets 169
TL = 38778396 |  AE2ED = 0.22945796449704142 |  PDR = 0.5767918088737202
Generated Packets 296 | ReceivedPackets 170
TL = 38928242 |  AE2ED = 0.2289896588235294 |  PDR = 0.5743243243243243
Generated Packets 304 | ReceivedPackets 171
TL = 38991585 |  AE2ED = 0.22802096491228072 |  PDR = 0.5625
Generated Packets 305 | ReceivedPackets 172
TL = 39186257 |  AE2ED = 0.22782707558139537 |  PDR = 0.5639344262295082
Generated Packets 308 | ReceivedPackets 173
TL = 39317711 |  AE2ED = 0.2272700057803468 |  PDR = 0.5616883116883117
Generated Packets 312 | ReceivedPackets 174
TL = 39343250 |  AE2ED = 0.22611063218390806 |  PDR = 0.5576923076923077
Generated Packets 315 | ReceivedPackets 175
TL = 39536110 |  AE2ED = 0.22592062857142856 |  PDR = 0.5555555555555556
Generated Packets 316 | ReceivedPackets 176
TL = 39698696 |  AE2ED = 0.22556077272727273 |  PDR = 0.5569620253164557
Generated Packets 326 | ReceivedPackets 177
TL = 40060986 |  AE2ED = 0.22633325423728815 |  PDR = 0.5429447852760736
Generated Packets 326 | ReceivedPackets 178
TL = 40235692 |  AE2ED = 0.22604321348314607 |  PDR = 0.5460122699386503
Generated Packets 329 | ReceivedPackets 179
TL = 40384151 |  AE2ED = 0.22560978212290503 |  PDR = 0.5440729483282675
Generated Packets 330 | ReceivedPackets 180
TL = 40453063 |  AE2ED = 0.2247392388888889 |  PDR = 0.5454545454545454
Generated Packets 333 | ReceivedPackets 181
TL = 40586114 |  AE2ED = 0.22423267403314917 |  PDR = 0.5435435435435435
Generated Packets 333 | ReceivedPackets 182
TL = 40832357 |  AE2ED = 0.22435360989010988 |  PDR = 0.5465465465465466
Generated Packets 334 | ReceivedPackets 183
TL = 41033895 |  AE2ED = 0.22422893442622951 |  PDR = 0.5479041916167665
Generated Packets 346 | ReceivedPackets 184
TL = 41359561 |  AE2ED = 0.22478022282608695 |  PDR = 0.5317919075144508
Generated Packets 350 | ReceivedPackets 185
TL = 41481807 |  AE2ED = 0.22422598378378378 |  PDR = 0.5285714285714286
Generated Packets 352 | ReceivedPackets 186
TL = 41709963 |  AE2ED = 0.22424711290322583 |  PDR = 0.5284090909090909
Generated Packets 356 | ReceivedPackets 187
TL = 41734637 |  AE2ED = 0.2231798770053476 |  PDR = 0.5252808988764045
Generated Packets 357 | ReceivedPackets 188
TL = 41949361 |  AE2ED = 0.22313489893617022 |  PDR = 0.5266106442577031
Generated Packets 365 | ReceivedPackets 189
TL = 42114439 |  AE2ED = 0.22282771957671957 |  PDR = 0.5178082191780822
Generated Packets 368 | ReceivedPackets 190
TL = 42316956 |  AE2ED = 0.22272082105263158 |  PDR = 0.5163043478260869
Generated Packets 376 | ReceivedPackets 191
TL = 42771352 |  AE2ED = 0.22393378010471204 |  PDR = 0.5079787234042553
Generated Packets 378 | ReceivedPackets 192
TL = 42795973 |  AE2ED = 0.22289569270833334 |  PDR = 0.5079365079365079
Generated Packets 381 | ReceivedPackets 193
TL = 42948816 |  AE2ED = 0.22253272538860105 |  PDR = 0.5065616797900262
Generated Packets 382 | ReceivedPackets 194
TL = 43727689 |  AE2ED = 0.22540045876288659 |  PDR = 0.5078534031413613
Generated Packets 388 | ReceivedPackets 195
TL = 43820553 |  AE2ED = 0.2247207846153846 |  PDR = 0.5025773195876289
Generated Packets 392 | ReceivedPackets 196
TL = 43880287 |  AE2ED = 0.22387901530612245 |  PDR = 0.5
Generated Packets 393 | ReceivedPackets 197
TL = 43904855 |  AE2ED = 0.22286728426395938 |  PDR = 0.5012722646310432
Generated Packets 394 | ReceivedPackets 198
TL = 44036255 |  AE2ED = 0.2224053282828283 |  PDR = 0.5025380710659898
Generated Packets 397 | ReceivedPackets 199
TL = 44291758 |  AE2ED = 0.22257164824120604 |  PDR = 0.5012594458438288
Generated Packets 401 | ReceivedPackets 200
TL = 44519167 |  AE2ED = 0.222595835 |  PDR = 0.49875311720698257
Generated Packets 407 | ReceivedPackets 201
TL = 44658178 |  AE2ED = 0.22217999004975125 |  PDR = 0.49385749385749383
Generated Packets 419 | ReceivedPackets 202
TL = 44798890 |  AE2ED = 0.22177668316831683 |  PDR = 0.4821002386634845
Generated Packets 424 | ReceivedPackets 203
TL = 45156421 |  AE2ED = 0.2224454236453202 |  PDR = 0.47877358490566035
Generated Packets 424 | ReceivedPackets 204
TL = 45299038 |  AE2ED = 0.22205410784313726 |  PDR = 0.4811320754716981
Generated Packets 425 | ReceivedPackets 205
TL = 45398417 |  AE2ED = 0.22145569268292684 |  PDR = 0.4823529411764706
Generated Packets 436 | ReceivedPackets 206
TL = 45907444 |  AE2ED = 0.22285166990291264 |  PDR = 0.4724770642201835
Generated Packets 438 | ReceivedPackets 207
TL = 46103729 |  AE2ED = 0.22272332850241544 |  PDR = 0.4726027397260274
Generated Packets 447 | ReceivedPackets 208
TL = 46156919 |  AE2ED = 0.22190826442307693 |  PDR = 0.465324384787472
Generated Packets 459 | ReceivedPackets 209
TL = 46202952 |  AE2ED = 0.22106675598086126 |  PDR = 0.4553376906318083
Generated Packets 467 | ReceivedPackets 210
TL = 46292605 |  AE2ED = 0.22044097619047617 |  PDR = 0.44967880085653106
Generated Packets 471 | ReceivedPackets 211
TL = 46437338 |  AE2ED = 0.22008217061611376 |  PDR = 0.44798301486199577
Generated Packets 477 | ReceivedPackets 212
TL = 46462929 |  AE2ED = 0.21916475943396227 |  PDR = 0.4444444444444444
Generated Packets 480 | ReceivedPackets 213
TL = 46566100 |  AE2ED = 0.21862018779342723 |  PDR = 0.44375
Generated Packets 483 | ReceivedPackets 214
TL = 46648592 |  AE2ED = 0.21798407476635512 |  PDR = 0.44306418219461696
Generated Packets 487 | ReceivedPackets 215
TL = 47153495 |  AE2ED = 0.21931858139534882 |  PDR = 0.4414784394250513
Generated Packets 494 | ReceivedPackets 216
TL = 47342266 |  AE2ED = 0.21917715740740742 |  PDR = 0.43724696356275305
Generated Packets 502 | ReceivedPackets 217
TL = 47366943 |  AE2ED = 0.21828084331797235 |  PDR = 0.43227091633466136
Generated Packets 506 | ReceivedPackets 218
TL = 47587660 |  AE2ED = 0.21829201834862386 |  PDR = 0.4308300395256917
Generated Packets 515 | ReceivedPackets 219
TL = 47700588 |  AE2ED = 0.21781090410958903 |  PDR = 0.42524271844660194
Generated Packets 522 | ReceivedPackets 220
TL = 47842342 |  AE2ED = 0.21746519090909092 |  PDR = 0.421455938697318
Generated Packets 534 | ReceivedPackets 221
TL = 48046889 |  AE2ED = 0.2174067375565611 |  PDR = 0.41385767790262173
Generated Packets 535 | ReceivedPackets 222
TL = 48071435 |  AE2ED = 0.21653799549549552 |  PDR = 0.41495327102803736
Generated Packets 538 | ReceivedPackets 223
TL = 48193975 |  AE2ED = 0.21611647982062782 |  PDR = 0.4144981412639405
Generated Packets 544 | ReceivedPackets 224
TL = 48299742 |  AE2ED = 0.2156238482142857 |  PDR = 0.4117647058823529
Generated Packets 549 | ReceivedPackets 225
TL = 48417696 |  AE2ED = 0.21518976 |  PDR = 0.4098360655737705
Generated Packets 553 | ReceivedPackets 226
TL = 48442385 |  AE2ED = 0.21434683628318585 |  PDR = 0.40867992766726946
Generated Packets 559 | ReceivedPackets 227
TL = 48605193 |  AE2ED = 0.21411979295154185 |  PDR = 0.40608228980322003
Generated Packets 561 | ReceivedPackets 228
TL = 48757117 |  AE2ED = 0.2138470043859649 |  PDR = 0.40641711229946526
Generated Packets 571 | ReceivedPackets 229
TL = 48810135 |  AE2ED = 0.2131446943231441 |  PDR = 0.4010507880910683
Generated Packets 575 | ReceivedPackets 230
TL = 48869405 |  AE2ED = 0.21247567391304348 |  PDR = 0.4
Generated Packets 590 | ReceivedPackets 231
TL = 49033969 |  AE2ED = 0.21226826406926405 |  PDR = 0.39152542372881355
Generated Packets 595 | ReceivedPackets 232
TL = 49058651 |  AE2ED = 0.2114597025862069 |  PDR = 0.3899159663865546
Generated Packets 596 | ReceivedPackets 233
TL = 49169728 |  AE2ED = 0.2110288755364807 |  PDR = 0.39093959731543626
Generated Packets 601 | ReceivedPackets 234
TL = 49321219 |  AE2ED = 0.21077444017094016 |  PDR = 0.389351081530782
Generated Packets 603 | ReceivedPackets 235
TL = 49482325 |  AE2ED = 0.210563085106383 |  PDR = 0.38971807628524047
Generated Packets 607 | ReceivedPackets 236
TL = 49632035 |  AE2ED = 0.21030523305084745 |  PDR = 0.38879736408566723
Generated Packets 616 | ReceivedPackets 237
TL = 49708457 |  AE2ED = 0.20974032489451477 |  PDR = 0.3847402597402597
Generated Packets 624 | ReceivedPackets 238
TL = 49733132 |  AE2ED = 0.2089627394957983 |  PDR = 0.3814102564102564
Generated Packets 634 | ReceivedPackets 239
TL = 49813099 |  AE2ED = 0.20842300836820082 |  PDR = 0.37697160883280756
Generated Packets 638 | ReceivedPackets 240
TL = 49896057 |  AE2ED = 0.2079002375 |  PDR = 0.3761755485893417
Generated Packets 643 | ReceivedPackets 241
TL = 49948705 |  AE2ED = 0.20725603734439832 |  PDR = 0.374805598755832
Generated Packets 658 | ReceivedPackets 242
TL = 49973394 |  AE2ED = 0.20650162809917355 |  PDR = 0.3677811550151976
Generated Packets 659 | ReceivedPackets 243
TL = 50194050 |  AE2ED = 0.2065598765432099 |  PDR = 0.36874051593323215
Generated Packets 664 | ReceivedPackets 244
TL = 50218748 |  AE2ED = 0.20581454098360658 |  PDR = 0.3674698795180723
Generated Packets 668 | ReceivedPackets 245
TL = 50355694 |  AE2ED = 0.2055334448979592 |  PDR = 0.36676646706586824
Generated Packets 682 | ReceivedPackets 246
TL = 50488773 |  AE2ED = 0.20523891463414634 |  PDR = 0.36070381231671556
Generated Packets 684 | ReceivedPackets 247
TL = 50669925 |  AE2ED = 0.2051413967611336 |  PDR = 0.3611111111111111
Generated Packets 690 | ReceivedPackets 248
TL = 50715761 |  AE2ED = 0.20449903629032257 |  PDR = 0.35942028985507246
Generated Packets 694 | ReceivedPackets 249
TL = 50782118 |  AE2ED = 0.20394424899598396 |  PDR = 0.35878962536023057
Generated Packets 701 | ReceivedPackets 250
TL = 50807695 |  AE2ED = 0.20323078 |  PDR = 0.3566333808844508
Generated Packets 702 | ReceivedPackets 251
TL = 51068526 |  AE2ED = 0.20346026294820718 |  PDR = 0.3575498575498576
Generated Packets 708 | ReceivedPackets 252
TL = 51283008 |  AE2ED = 0.203504 |  PDR = 0.3559322033898305
Generated Packets 709 | ReceivedPackets 253
TL = 51365533 |  AE2ED = 0.20302582213438736 |  PDR = 0.35684062059238364
Generated Packets 721 | ReceivedPackets 254
TL = 51868152 |  AE2ED = 0.20420532283464565 |  PDR = 0.3522884882108183
Generated Packets 723 | ReceivedPackets 255
TL = 52034411 |  AE2ED = 0.2040565137254902 |  PDR = 0.35269709543568467
Generated Packets 724 | ReceivedPackets 256
TL = 52169979 |  AE2ED = 0.20378898046875 |  PDR = 0.35359116022099446
Generated Packets 732 | ReceivedPackets 257
TL = 52194661 |  AE2ED = 0.20309206614785993 |  PDR = 0.3510928961748634
Generated Packets 740 | ReceivedPackets 258
TL = 52237796 |  AE2ED = 0.20247207751937984 |  PDR = 0.34864864864864864
Generated Packets 758 | ReceivedPackets 259
TL = 52355847 |  AE2ED = 0.20214612741312743 |  PDR = 0.341688654353562
Generated Packets 760 | ReceivedPackets 260
TL = 52570217 |  AE2ED = 0.2021931423076923 |  PDR = 0.34210526315789475
Generated Packets 761 | ReceivedPackets 261
TL = 52594749 |  AE2ED = 0.20151244827586207 |  PDR = 0.34296977660972405
Generated Packets 762 | ReceivedPackets 262
TL = 53079747 |  AE2ED = 0.20259445419847327 |  PDR = 0.3438320209973753
Generated Packets 764 | ReceivedPackets 263
TL = 53185657 |  AE2ED = 0.20222683269961975 |  PDR = 0.34424083769633507
Generated Packets 782 | ReceivedPackets 264
TL = 53315873 |  AE2ED = 0.2019540643939394 |  PDR = 0.3375959079283887
Generated Packets 790 | ReceivedPackets 265
TL = 54272311 |  AE2ED = 0.20480117358490565 |  PDR = 0.33544303797468356
Generated Packets 793 | ReceivedPackets 266
TL = 54428630 |  AE2ED = 0.2046189097744361 |  PDR = 0.3354350567465322
Generated Packets 802 | ReceivedPackets 267
TL = 54591203 |  AE2ED = 0.20446143445692883 |  PDR = 0.3329177057356609
Generated Packets 808 | ReceivedPackets 268
TL = 54780608 |  AE2ED = 0.20440525373134327 |  PDR = 0.3316831683168317
Generated Packets 822 | ReceivedPackets 269
TL = 54903485 |  AE2ED = 0.2041021747211896 |  PDR = 0.32725060827250607
Generated Packets 825 | ReceivedPackets 270
TL = 55054846 |  AE2ED = 0.20390683703703705 |  PDR = 0.32727272727272727
Generated Packets 828 | ReceivedPackets 271
TL = 55204406 |  AE2ED = 0.20370629520295203 |  PDR = 0.3272946859903382
Generated Packets 832 | ReceivedPackets 272
TL = 55229081 |  AE2ED = 0.2030480919117647 |  PDR = 0.3269230769230769
Generated Packets 838 | ReceivedPackets 273
TL = 55368023 |  AE2ED = 0.20281327106227107 |  PDR = 0.32577565632458233
Generated Packets 842 | ReceivedPackets 274
TL = 55555028 |  AE2ED = 0.20275557664233576 |  PDR = 0.3254156769596199
Generated Packets 844 | ReceivedPackets 275
TL = 55579537 |  AE2ED = 0.20210740727272727 |  PDR = 0.32582938388625593
Generated Packets 851 | ReceivedPackets 276
TL = 55845992 |  AE2ED = 0.2023405507246377 |  PDR = 0.32432432432432434
Generated Packets 853 | ReceivedPackets 277
TL = 55912259 |  AE2ED = 0.20184931046931406 |  PDR = 0.324736225087925
Generated Packets 861 | ReceivedPackets 278
TL = 55978172 |  AE2ED = 0.20136033093525182 |  PDR = 0.3228803716608595
Script timed out
Performance Calculation
Generated Packets 870 | ReceivedPackets 278
TL = 55978172 |  AE2ED = 0.20136033093525182 |  PDR = 0.3195402298850575
