30523777	ID:36	RPL: Sending a DIS to fe80::c30c:0:0:8
30641815	ID:35	RPL: Sending a DIS to fe80::c30c:0:0:7
30657520	ID:33	RPL: Sending a DIS to fe80::c30c:0:0:2
30817198	ID:34	RPL: Sending a DIS to fe80::c30c:0:0:6
30890626	ID:32	RPL: Sending a DIS to fe80::c30c:0:0:3
31805116	ID:32	RPL: Received a DIO from fe80::c30c:0:0:3
31808886	ID:32	RPL: Incoming DIO (id, ver, rank) = (30,240,506)
31813384	ID:32	RPL: Incoming DIO (dag_id, pref) = (fd00::ff:fe00:1, 0)
31815610	ID:32	RPL: DIO option 4, length: 14
31821518	ID:32	RPL: DAG conf:dbl=8, min=12 red=3 maxinc=896 mininc=128 ocp=1 d_l=10 l_u=60
31823744	ID:32	RPL: DIO option 8, length: 30
31826012	ID:32	RPL: Copying prefix information
31833782	ID:32	RPL: Neighbor added to neighbor cache fe80::c30c:0:0:3, c1:0c:00:00:00:00:00:03
34693848	ID:33	RPL: Received a DIO from fe80::c30c:0:0:2
34697617	ID:33	RPL: Incoming DIO (id, ver, rank) = (30,240,495)
34702116	ID:33	RPL: Incoming DIO (dag_id, pref) = (fd00::ff:fe00:1, 0)
34704341	ID:33	RPL: DIO option 4, length: 14
34710249	ID:33	RPL: DAG conf:dbl=8, min=12 red=3 maxinc=896 mininc=128 ocp=1 d_l=10 l_u=60
34712508	ID:33	RPL: DIO option 8, length: 30
34714776	ID:33	RPL: Copying prefix information
34724069	ID:33	RPL: Neighbor added to neighbor cache fe80::c30c:0:0:2, c1:0c:00:00:00:00:00:02
35189585	ID:36	RPL: Received a DIO from fe80::c30c:0:0:8
35193358	ID:36	RPL: Incoming DIO (id, ver, rank) = (30,240,497)
35197857	ID:36	RPL: Incoming DIO (dag_id, pref) = (fd00::ff:fe00:1, 0)
35200083	ID:36	RPL: DIO option 4, length: 14
35206028	ID:36	RPL: DAG conf:dbl=8, min=12 red=3 maxinc=896 mininc=128 ocp=1 d_l=10 l_u=60
35208254	ID:36	RPL: DIO option 8, length: 30
35210523	ID:36	RPL: Copying prefix information
35220414	ID:36	RPL: Neighbor added to neighbor cache fe80::c30c:0:0:8, c1:0c:00:00:00:00:00:08
36432197	ID:35	RPL: Received a DIO from fe80::c30c:0:0:7
36435971	ID:35	RPL: Incoming DIO (id, ver, rank) = (30,240,524)
36440469	ID:35	RPL: Incoming DIO (dag_id, pref) = (fd00::ff:fe00:1, 0)
36442695	ID:35	RPL: DIO option 4, length: 14
36448602	ID:35	RPL: DAG conf:dbl=8, min=12 red=3 maxinc=896 mininc=128 ocp=1 d_l=10 l_u=60
36450835	ID:35	RPL: DIO option 8, length: 30
36453103	ID:35	RPL: Copying prefix information
36463096	ID:35	RPL: Neighbor added to neighbor cache fe80::c30c:0:0:7, c1:0c:00:00:00:00:00:07
36834614	ID:32	RPL: Sending a multicast-DIO with rank 506
39731375	ID:33	RPL: Sending a multicast-DIO with rank 495
40225577	ID:36	RPL: Sending a multicast-DIO with rank 497
41468544	ID:35	RPL: Sending a multicast-DIO with rank 524
41834594	ID:32	RPL: Sending a multicast-DIO with rank 506
44731354	ID:33	RPL: Sending a multicast-DIO with rank 495
45225556	ID:36	RPL: Sending a multicast-DIO with rank 497
46468523	ID:35	RPL: Sending a multicast-DIO with rank 524
46834594	ID:32	RPL: Sending a multicast-DIO with rank 506
49731354	ID:33	RPL: Sending a multicast-DIO with rank 495
50225556	ID:36	RPL: Sending a multicast-DIO with rank 497
51468523	ID:35	RPL: Sending a multicast-DIO with rank 524
51834593	ID:32	RPL: Sending a multicast-DIO with rank 506
54731354	ID:33	RPL: Sending a multicast-DIO with rank 495
55225556	ID:36	RPL: Sending a multicast-DIO with rank 497
56468523	ID:35	RPL: Sending a multicast-DIO with rank 524
56834594	ID:32	RPL: Sending a multicast-DIO with rank 506
59731354	ID:33	RPL: Sending a multicast-DIO with rank 495
60225556	ID:36	RPL: Sending a multicast-DIO with rank 497
61468523	ID:35	RPL: Sending a multicast-DIO with rank 524
61834594	ID:32	RPL: Sending a multicast-DIO with rank 506
64731353	ID:33	RPL: Sending a multicast-DIO with rank 495
65225555	ID:36	RPL: Sending a multicast-DIO with rank 497
66468523	ID:35	RPL: Sending a multicast-DIO with rank 524
66834593	ID:32	RPL: Sending a multicast-DIO with rank 506
69731353	ID:33	RPL: Sending a multicast-DIO with rank 495
70225555	ID:36	RPL: Sending a multicast-DIO with rank 497
71468523	ID:35	RPL: Sending a multicast-DIO with rank 524
71834593	ID:32	RPL: Sending a multicast-DIO with rank 506
74731353	ID:33	RPL: Sending a multicast-DIO with rank 495
75225555	ID:36	RPL: Sending a multicast-DIO with rank 497
76468523	ID:35	RPL: Sending a multicast-DIO with rank 524
76834593	ID:32	RPL: Sending a multicast-DIO with rank 506
79731353	ID:33	RPL: Sending a multicast-DIO with rank 495
80225555	ID:36	RPL: Sending a multicast-DIO with rank 497
81468523	ID:35	RPL: Sending a multicast-DIO with rank 524
81834593	ID:32	RPL: Sending a multicast-DIO with rank 506
83589728	ID:34	RPL: Sending a DIS to fe80::c30c:0:0:6
84731353	ID:33	RPL: Sending a multicast-DIO with rank 495
85225555	ID:36	RPL: Sending a multicast-DIO with rank 497
86468523	ID:35	RPL: Sending a multicast-DIO with rank 524
86834593	ID:32	RPL: Sending a multicast-DIO with rank 506
89731353	ID:33	RPL: Sending a multicast-DIO with rank 495
90225555	ID:36	RPL: Sending a multicast-DIO with rank 497
91468510	ID:35	RPL: Sending a multicast-DIO with rank 524
91834581	ID:32	RPL: Sending a multicast-DIO with rank 506
94731341	ID:33	RPL: Sending a multicast-DIO with rank 495
95225543	ID:36	RPL: Sending a multicast-DIO with rank 497
96468510	ID:35	RPL: Sending a multicast-DIO with rank 524
96834581	ID:32	RPL: Sending a multicast-DIO with rank 506
99731341	ID:33	RPL: Sending a multicast-DIO with rank 495
100225543	ID:36	RPL: Sending a multicast-DIO with rank 497
101468510	ID:35	RPL: Sending a multicast-DIO with rank 524
101834581	ID:32	RPL: Sending a multicast-DIO with rank 506
104731341	ID:33	RPL: Sending a multicast-DIO with rank 495
105225543	ID:36	RPL: Sending a multicast-DIO with rank 497
106468510	ID:35	RPL: Sending a multicast-DIO with rank 524
106834581	ID:32	RPL: Sending a multicast-DIO with rank 506
109731341	ID:33	RPL: Sending a multicast-DIO with rank 495
110225543	ID:36	RPL: Sending a multicast-DIO with rank 497
111468510	ID:35	RPL: Sending a multicast-DIO with rank 524
111834581	ID:32	RPL: Sending a multicast-DIO with rank 506
114731341	ID:33	RPL: Sending a multicast-DIO with rank 495
115225543	ID:36	RPL: Sending a multicast-DIO with rank 497
116468510	ID:35	RPL: Sending a multicast-DIO with rank 524
116834581	ID:32	RPL: Sending a multicast-DIO with rank 506
119731341	ID:33	RPL: Sending a multicast-DIO with rank 495
120225543	ID:36	RPL: Sending a multicast-DIO with rank 497
121468510	ID:35	RPL: Sending a multicast-DIO with rank 524
121834581	ID:32	RPL: Sending a multicast-DIO with rank 506
124731341	ID:33	RPL: Sending a multicast-DIO with rank 495
125225543	ID:36	RPL: Sending a multicast-DIO with rank 497
126468510	ID:35	RPL: Sending a multicast-DIO with rank 524
126834581	ID:32	RPL: Sending a multicast-DIO with rank 506
129731341	ID:33	RPL: Sending a multicast-DIO with rank 495
130225543	ID:36	RPL: Sending a multicast-DIO with rank 497
131468510	ID:35	RPL: Sending a multicast-DIO with rank 524
131834581	ID:32	RPL: Sending a multicast-DIO with rank 506
134731341	ID:33	RPL: Sending a multicast-DIO with rank 495
135225543	ID:36	RPL: Sending a multicast-DIO with rank 497
136468510	ID:35	RPL: Sending a multicast-DIO with rank 524
136834581	ID:32	RPL: Sending a multicast-DIO with rank 506
139731341	ID:33	RPL: Sending a multicast-DIO with rank 495
140225543	ID:36	RPL: Sending a multicast-DIO with rank 497
141468510	ID:35	RPL: Sending a multicast-DIO with rank 524
141834581	ID:32	RPL: Sending a multicast-DIO with rank 506
143589716	ID:34	RPL: Sending a DIS to fe80::c30c:0:0:6
144731341	ID:33	RPL: Sending a multicast-DIO with rank 495
145225543	ID:36	RPL: Sending a multicast-DIO with rank 497
146468510	ID:35	RPL: Sending a multicast-DIO with rank 524
146834581	ID:32	RPL: Sending a multicast-DIO with rank 506
149731341	ID:33	RPL: Sending a multicast-DIO with rank 495
150225543	ID:36	RPL: Sending a multicast-DIO with rank 497
151468510	ID:35	RPL: Sending a multicast-DIO with rank 524
151834581	ID:32	RPL: Sending a multicast-DIO with rank 506
154731341	ID:33	RPL: Sending a multicast-DIO with rank 495
155225543	ID:36	RPL: Sending a multicast-DIO with rank 497
156468510	ID:35	RPL: Sending a multicast-DIO with rank 524
156834581	ID:32	RPL: Sending a multicast-DIO with rank 506
159731341	ID:33	RPL: Sending a multicast-DIO with rank 495
160225543	ID:36	RPL: Sending a multicast-DIO with rank 497
161468510	ID:35	RPL: Sending a multicast-DIO with rank 524
161834581	ID:32	RPL: Sending a multicast-DIO with rank 506
164731341	ID:33	RPL: Sending a multicast-DIO with rank 495
165225543	ID:36	RPL: Sending a multicast-DIO with rank 497
166468510	ID:35	RPL: Sending a multicast-DIO with rank 524
166834581	ID:32	RPL: Sending a multicast-DIO with rank 506
169731341	ID:33	RPL: Sending a multicast-DIO with rank 495
170225543	ID:36	RPL: Sending a multicast-DIO with rank 497
171468510	ID:35	RPL: Sending a multicast-DIO with rank 524
171834581	ID:32	RPL: Sending a multicast-DIO with rank 506
174731341	ID:33	RPL: Sending a multicast-DIO with rank 495
175225543	ID:36	RPL: Sending a multicast-DIO with rank 497
176468510	ID:35	RPL: Sending a multicast-DIO with rank 524
176834581	ID:32	RPL: Sending a multicast-DIO with rank 506
179731341	ID:33	RPL: Sending a multicast-DIO with rank 495
180225543	ID:36	RPL: Sending a multicast-DIO with rank 497
181468510	ID:35	RPL: Sending a multicast-DIO with rank 524
181834581	ID:32	RPL: Sending a multicast-DIO with rank 506
184731341	ID:33	RPL: Sending a multicast-DIO with rank 495
185225543	ID:36	RPL: Sending a multicast-DIO with rank 497
186468510	ID:35	RPL: Sending a multicast-DIO with rank 524
186834581	ID:32	RPL: Sending a multicast-DIO with rank 506
189731341	ID:33	RPL: Sending a multicast-DIO with rank 495
190225543	ID:36	RPL: Sending a multicast-DIO with rank 497
191468510	ID:35	RPL: Sending a multicast-DIO with rank 524
191834581	ID:32	RPL: Sending a multicast-DIO with rank 506
194731341	ID:33	RPL: Sending a multicast-DIO with rank 495
195225543	ID:36	RPL: Sending a multicast-DIO with rank 497
196468510	ID:35	RPL: Sending a multicast-DIO with rank 524
196834581	ID:32	RPL: Sending a multicast-DIO with rank 506
199731341	ID:33	RPL: Sending a multicast-DIO with rank 495
200225543	ID:36	RPL: Sending a multicast-DIO with rank 497
201468510	ID:35	RPL: Sending a multicast-DIO with rank 524
201834581	ID:32	RPL: Sending a multicast-DIO with rank 506
203589716	ID:34	RPL: Sending a DIS to fe80::c30c:0:0:6
204731341	ID:33	RPL: Sending a multicast-DIO with rank 495
205225543	ID:36	RPL: Sending a multicast-DIO with rank 497
206468510	ID:35	RPL: Sending a multicast-DIO with rank 524
206834581	ID:32	RPL: Sending a multicast-DIO with rank 506
209731341	ID:33	RPL: Sending a multicast-DIO with rank 495
210225543	ID:36	RPL: Sending a multicast-DIO with rank 497
211468510	ID:35	RPL: Sending a multicast-DIO with rank 524
211834581	ID:32	RPL: Sending a multicast-DIO with rank 506
214731341	ID:33	RPL: Sending a multicast-DIO with rank 495
215225543	ID:36	RPL: Sending a multicast-DIO with rank 497
216468510	ID:35	RPL: Sending a multicast-DIO with rank 524
216834581	ID:32	RPL: Sending a multicast-DIO with rank 506
219731341	ID:33	RPL: Sending a multicast-DIO with rank 495
220225543	ID:36	RPL: Sending a multicast-DIO with rank 497
221468510	ID:35	RPL: Sending a multicast-DIO with rank 524
221834581	ID:32	RPL: Sending a multicast-DIO with rank 506
224731341	ID:33	RPL: Sending a multicast-DIO with rank 495
225225543	ID:36	RPL: Sending a multicast-DIO with rank 497
226468510	ID:35	RPL: Sending a multicast-DIO with rank 524
226834581	ID:32	RPL: Sending a multicast-DIO with rank 506
229731341	ID:33	RPL: Sending a multicast-DIO with rank 495
230225543	ID:36	RPL: Sending a multicast-DIO with rank 497
231468510	ID:35	RPL: Sending a multicast-DIO with rank 524
231834581	ID:32	RPL: Sending a multicast-DIO with rank 506
234731341	ID:33	RPL: Sending a multicast-DIO with rank 495
235225543	ID:36	RPL: Sending a multicast-DIO with rank 497
236468510	ID:35	RPL: Sending a multicast-DIO with rank 524
236834581	ID:32	RPL: Sending a multicast-DIO with rank 506
239731341	ID:33	RPL: Sending a multicast-DIO with rank 495
240225543	ID:36	RPL: Sending a multicast-DIO with rank 497
241468510	ID:35	RPL: Sending a multicast-DIO with rank 524
241834581	ID:32	RPL: Sending a multicast-DIO with rank 506
244731341	ID:33	RPL: Sending a multicast-DIO with rank 495
245225543	ID:36	RPL: Sending a multicast-DIO with rank 497
246468510	ID:35	RPL: Sending a multicast-DIO with rank 524
246834581	ID:32	RPL: Sending a multicast-DIO with rank 506
249731341	ID:33	RPL: Sending a multicast-DIO with rank 495
250225543	ID:36	RPL: Sending a multicast-DIO with rank 497
251468510	ID:35	RPL: Sending a multicast-DIO with rank 524
251834581	ID:32	RPL: Sending a multicast-DIO with rank 506
254731341	ID:33	RPL: Sending a multicast-DIO with rank 495
255225543	ID:36	RPL: Sending a multicast-DIO with rank 497
256468510	ID:35	RPL: Sending a multicast-DIO with rank 524
256834581	ID:32	RPL: Sending a multicast-DIO with rank 506
259731341	ID:33	RPL: Sending a multicast-DIO with rank 495
260225543	ID:36	RPL: Sending a multicast-DIO with rank 497
261468510	ID:35	RPL: Sending a multicast-DIO with rank 524
261834581	ID:32	RPL: Sending a multicast-DIO with rank 506
263589716	ID:34	RPL: Sending a DIS to fe80::c30c:0:0:6
264731341	ID:33	RPL: Sending a multicast-DIO with rank 495
265225543	ID:36	RPL: Sending a multicast-DIO with rank 497
266468510	ID:35	RPL: Sending a multicast-DIO with rank 524
266834581	ID:32	RPL: Sending a multicast-DIO with rank 506
269731341	ID:33	RPL: Sending a multicast-DIO with rank 495
270225543	ID:36	RPL: Sending a multicast-DIO with rank 497
271468510	ID:35	RPL: Sending a multicast-DIO with rank 524
271834581	ID:32	RPL: Sending a multicast-DIO with rank 506
274731341	ID:33	RPL: Sending a multicast-DIO with rank 495
275225543	ID:36	RPL: Sending a multicast-DIO with rank 497
276468510	ID:35	RPL: Sending a multicast-DIO with rank 524
276834581	ID:32	RPL: Sending a multicast-DIO with rank 506
279731341	ID:33	RPL: Sending a multicast-DIO with rank 495
280225543	ID:36	RPL: Sending a multicast-DIO with rank 497
281468510	ID:35	RPL: Sending a multicast-DIO with rank 524
281834581	ID:32	RPL: Sending a multicast-DIO with rank 506
284731341	ID:33	RPL: Sending a multicast-DIO with rank 495
285225543	ID:36	RPL: Sending a multicast-DIO with rank 497
286468510	ID:35	RPL: Sending a multicast-DIO with rank 524
286834581	ID:32	RPL: Sending a multicast-DIO with rank 506
289731341	ID:33	RPL: Sending a multicast-DIO with rank 495
290225543	ID:36	RPL: Sending a multicast-DIO with rank 497
291468510	ID:35	RPL: Sending a multicast-DIO with rank 524
291834581	ID:32	RPL: Sending a multicast-DIO with rank 506
294731341	ID:33	RPL: Sending a multicast-DIO with rank 495
295225543	ID:36	RPL: Sending a multicast-DIO with rank 497
296468510	ID:35	RPL: Sending a multicast-DIO with rank 524
296834581	ID:32	RPL: Sending a multicast-DIO with rank 506
299731341	ID:33	RPL: Sending a multicast-DIO with rank 495
300225543	ID:36	RPL: Sending a multicast-DIO with rank 497
301468510	ID:35	RPL: Sending a multicast-DIO with rank 524
301834581	ID:32	RPL: Sending a multicast-DIO with rank 506
304731341	ID:33	RPL: Sending a multicast-DIO with rank 495
305225543	ID:36	RPL: Sending a multicast-DIO with rank 497
306468510	ID:35	RPL: Sending a multicast-DIO with rank 524
306834581	ID:32	RPL: Sending a multicast-DIO with rank 506
309731341	ID:33	RPL: Sending a multicast-DIO with rank 495
310225543	ID:36	RPL: Sending a multicast-DIO with rank 497
311468510	ID:35	RPL: Sending a multicast-DIO with rank 524
311834581	ID:32	RPL: Sending a multicast-DIO with rank 506
314731341	ID:33	RPL: Sending a multicast-DIO with rank 495
315225543	ID:36	RPL: Sending a multicast-DIO with rank 497
316468510	ID:35	RPL: Sending a multicast-DIO with rank 524
316834581	ID:32	RPL: Sending a multicast-DIO with rank 506
319731341	ID:33	RPL: Sending a multicast-DIO with rank 495
320225543	ID:36	RPL: Sending a multicast-DIO with rank 497
321468510	ID:35	RPL: Sending a multicast-DIO with rank 524
321834581	ID:32	RPL: Sending a multicast-DIO with rank 506
323589716	ID:34	RPL: Sending a DIS to fe80::c30c:0:0:6
324731341	ID:33	RPL: Sending a multicast-DIO with rank 495
325225543	ID:36	RPL: Sending a multicast-DIO with rank 497
326468510	ID:35	RPL: Sending a multicast-DIO with rank 524
326834581	ID:32	RPL: Sending a multicast-DIO with rank 506
329731341	ID:33	RPL: Sending a multicast-DIO with rank 495
330225543	ID:36	RPL: Sending a multicast-DIO with rank 497
331468510	ID:35	RPL: Sending a multicast-DIO with rank 524
331834581	ID:32	RPL: Sending a multicast-DIO with rank 506
334731341	ID:33	RPL: Sending a multicast-DIO with rank 495
335225543	ID:36	RPL: Sending a multicast-DIO with rank 497
336468510	ID:35	RPL: Sending a multicast-DIO with rank 524
336834581	ID:32	RPL: Sending a multicast-DIO with rank 506
339731341	ID:33	RPL: Sending a multicast-DIO with rank 495
340225543	ID:36	RPL: Sending a multicast-DIO with rank 497
341468510	ID:35	RPL: Sending a multicast-DIO with rank 524
341834581	ID:32	RPL: Sending a multicast-DIO with rank 506
344731341	ID:33	RPL: Sending a multicast-DIO with rank 495
345225543	ID:36	RPL: Sending a multicast-DIO with rank 497
346468510	ID:35	RPL: Sending a multicast-DIO with rank 524
346834581	ID:32	RPL: Sending a multicast-DIO with rank 506
349731347	ID:33	RPL: Sending a multicast-DIO with rank 495
350225543	ID:36	RPL: Sending a multicast-DIO with rank 497
351468510	ID:35	RPL: Sending a multicast-DIO with rank 524
351834587	ID:32	RPL: Sending a multicast-DIO with rank 506
354731341	ID:33	RPL: Sending a multicast-DIO with rank 495
355225543	ID:36	RPL: Sending a multicast-DIO with rank 497
356468510	ID:35	RPL: Sending a multicast-DIO with rank 524
356834581	ID:32	RPL: Sending a multicast-DIO with rank 506
359731341	ID:33	RPL: Sending a multicast-DIO with rank 495
360225543	ID:36	RPL: Sending a multicast-DIO with rank 497
361468510	ID:35	RPL: Sending a multicast-DIO with rank 524
361834581	ID:32	RPL: Sending a multicast-DIO with rank 506
364731341	ID:33	RPL: Sending a multicast-DIO with rank 495
365225543	ID:36	RPL: Sending a multicast-DIO with rank 497
366468510	ID:35	RPL: Sending a multicast-DIO with rank 524
366834581	ID:32	RPL: Sending a multicast-DIO with rank 506
369731341	ID:33	RPL: Sending a multicast-DIO with rank 495
370225543	ID:36	RPL: Sending a multicast-DIO with rank 497
371468510	ID:35	RPL: Sending a multicast-DIO with rank 524
371834581	ID:32	RPL: Sending a multicast-DIO with rank 506
374731341	ID:33	RPL: Sending a multicast-DIO with rank 495
375225543	ID:36	RPL: Sending a multicast-DIO with rank 497
376468510	ID:35	RPL: Sending a multicast-DIO with rank 524
376834581	ID:32	RPL: Sending a multicast-DIO with rank 506
379731341	ID:33	RPL: Sending a multicast-DIO with rank 495
380225543	ID:36	RPL: Sending a multicast-DIO with rank 497
381468510	ID:35	RPL: Sending a multicast-DIO with rank 524
381834581	ID:32	RPL: Sending a multicast-DIO with rank 506
383589716	ID:34	RPL: Sending a DIS to fe80::c30c:0:0:6
384731341	ID:33	RPL: Sending a multicast-DIO with rank 495
385225543	ID:36	RPL: Sending a multicast-DIO with rank 497
386468510	ID:35	RPL: Sending a multicast-DIO with rank 524
386834581	ID:32	RPL: Sending a multicast-DIO with rank 506
389731341	ID:33	RPL: Sending a multicast-DIO with rank 495
390225543	ID:36	RPL: Sending a multicast-DIO with rank 497
391468510	ID:35	RPL: Sending a multicast-DIO with rank 524
391834581	ID:32	RPL: Sending a multicast-DIO with rank 506
394731341	ID:33	RPL: Sending a multicast-DIO with rank 495
395225543	ID:36	RPL: Sending a multicast-DIO with rank 497
396468510	ID:35	RPL: Sending a multicast-DIO with rank 524
396834581	ID:32	RPL: Sending a multicast-DIO with rank 506
399731341	ID:33	RPL: Sending a multicast-DIO with rank 495
400225543	ID:36	RPL: Sending a multicast-DIO with rank 497
401468510	ID:35	RPL: Sending a multicast-DIO with rank 524
401834581	ID:32	RPL: Sending a multicast-DIO with rank 506
404731341	ID:33	RPL: Sending a multicast-DIO with rank 495
405225543	ID:36	RPL: Sending a multicast-DIO with rank 497
406468510	ID:35	RPL: Sending a multicast-DIO with rank 524
406834581	ID:32	RPL: Sending a multicast-DIO with rank 506
409731341	ID:33	RPL: Sending a multicast-DIO with rank 495
410225543	ID:36	RPL: Sending a multicast-DIO with rank 497
411468510	ID:35	RPL: Sending a multicast-DIO with rank 524
411834581	ID:32	RPL: Sending a multicast-DIO with rank 506
414731341	ID:33	RPL: Sending a multicast-DIO with rank 495
415225543	ID:36	RPL: Sending a multicast-DIO with rank 497
416468510	ID:35	RPL: Sending a multicast-DIO with rank 524
416834581	ID:32	RPL: Sending a multicast-DIO with rank 506
419731341	ID:33	RPL: Sending a multicast-DIO with rank 495
420225550	ID:36	RPL: Sending a multicast-DIO with rank 497
421468510	ID:35	RPL: Sending a multicast-DIO with rank 524
421834581	ID:32	RPL: Sending a multicast-DIO with rank 506
424731341	ID:33	RPL: Sending a multicast-DIO with rank 495
425225543	ID:36	RPL: Sending a multicast-DIO with rank 497
426468517	ID:35	RPL: Sending a multicast-DIO with rank 524
426834581	ID:32	RPL: Sending a multicast-DIO with rank 506
429731341	ID:33	RPL: Sending a multicast-DIO with rank 495
430225543	ID:36	RPL: Sending a multicast-DIO with rank 497
431468510	ID:35	RPL: Sending a multicast-DIO with rank 524
431834581	ID:32	RPL: Sending a multicast-DIO with rank 506
434731341	ID:33	RPL: Sending a multicast-DIO with rank 495
435225543	ID:36	RPL: Sending a multicast-DIO with rank 497
436468510	ID:35	RPL: Sending a multicast-DIO with rank 524
436834581	ID:32	RPL: Sending a multicast-DIO with rank 506
439731341	ID:33	RPL: Sending a multicast-DIO with rank 495
440225543	ID:36	RPL: Sending a multicast-DIO with rank 497
441468510	ID:35	RPL: Sending a multicast-DIO with rank 524
441834581	ID:32	RPL: Sending a multicast-DIO with rank 506
443589716	ID:34	RPL: Sending a DIS to fe80::c30c:0:0:6
444731341	ID:33	RPL: Sending a multicast-DIO with rank 495
445225543	ID:36	RPL: Sending a multicast-DIO with rank 497
446468510	ID:35	RPL: Sending a multicast-DIO with rank 524
446834581	ID:32	RPL: Sending a multicast-DIO with rank 506
449731341	ID:33	RPL: Sending a multicast-DIO with rank 495
450225543	ID:36	RPL: Sending a multicast-DIO with rank 497
451468510	ID:35	RPL: Sending a multicast-DIO with rank 524
451834581	ID:32	RPL: Sending a multicast-DIO with rank 506
454731341	ID:33	RPL: Sending a multicast-DIO with rank 495
455225543	ID:36	RPL: Sending a multicast-DIO with rank 497
456468510	ID:35	RPL: Sending a multicast-DIO with rank 524
456834581	ID:32	RPL: Sending a multicast-DIO with rank 506
459731341	ID:33	RPL: Sending a multicast-DIO with rank 495
460225543	ID:36	RPL: Sending a multicast-DIO with rank 497
461468510	ID:35	RPL: Sending a multicast-DIO with rank 524
461834581	ID:32	RPL: Sending a multicast-DIO with rank 506
464731341	ID:33	RPL: Sending a multicast-DIO with rank 495
465225543	ID:36	RPL: Sending a multicast-DIO with rank 497
466468510	ID:35	RPL: Sending a multicast-DIO with rank 524
466834581	ID:32	RPL: Sending a multicast-DIO with rank 506
469731341	ID:33	RPL: Sending a multicast-DIO with rank 495
470225543	ID:36	RPL: Sending a multicast-DIO with rank 497
471468510	ID:35	RPL: Sending a multicast-DIO with rank 524
471834581	ID:32	RPL: Sending a multicast-DIO with rank 506
474731341	ID:33	RPL: Sending a multicast-DIO with rank 495
475225543	ID:36	RPL: Sending a multicast-DIO with rank 497
476468510	ID:35	RPL: Sending a multicast-DIO with rank 524
476834581	ID:32	RPL: Sending a multicast-DIO with rank 506
479731341	ID:33	RPL: Sending a multicast-DIO with rank 495
480225543	ID:36	RPL: Sending a multicast-DIO with rank 497
481468510	ID:35	RPL: Sending a multicast-DIO with rank 524
481834581	ID:32	RPL: Sending a multicast-DIO with rank 506
484731341	ID:33	RPL: Sending a multicast-DIO with rank 495
485225543	ID:36	RPL: Sending a multicast-DIO with rank 497
486468510	ID:35	RPL: Sending a multicast-DIO with rank 524
486834581	ID:32	RPL: Sending a multicast-DIO with rank 506
489731341	ID:33	RPL: Sending a multicast-DIO with rank 495
490225543	ID:36	RPL: Sending a multicast-DIO with rank 497
491468510	ID:35	RPL: Sending a multicast-DIO with rank 524
491834581	ID:32	RPL: Sending a multicast-DIO with rank 506
494731341	ID:33	RPL: Sending a multicast-DIO with rank 495
495225543	ID:36	RPL: Sending a multicast-DIO with rank 497
496468510	ID:35	RPL: Sending a multicast-DIO with rank 524
496834581	ID:32	RPL: Sending a multicast-DIO with rank 506
499731341	ID:33	RPL: Sending a multicast-DIO with rank 495
500225543	ID:36	RPL: Sending a multicast-DIO with rank 497
501468510	ID:35	RPL: Sending a multicast-DIO with rank 524
501834581	ID:32	RPL: Sending a multicast-DIO with rank 506
503589716	ID:34	RPL: Sending a DIS to fe80::c30c:0:0:6
504731341	ID:33	RPL: Sending a multicast-DIO with rank 495
505225543	ID:36	RPL: Sending a multicast-DIO with rank 497
506468510	ID:35	RPL: Sending a multicast-DIO with rank 524
506834581	ID:32	RPL: Sending a multicast-DIO with rank 506
509731341	ID:33	RPL: Sending a multicast-DIO with rank 495
510225543	ID:36	RPL: Sending a multicast-DIO with rank 497
511468510	ID:35	RPL: Sending a multicast-DIO with rank 524
511834581	ID:32	RPL: Sending a multicast-DIO with rank 506
514731341	ID:33	RPL: Sending a multicast-DIO with rank 495
515225543	ID:36	RPL: Sending a multicast-DIO with rank 497
516468510	ID:35	RPL: Sending a multicast-DIO with rank 524
516834581	ID:32	RPL: Sending a multicast-DIO with rank 506
519731341	ID:33	RPL: Sending a multicast-DIO with rank 495
520225543	ID:36	RPL: Sending a multicast-DIO with rank 497
521468510	ID:35	RPL: Sending a multicast-DIO with rank 524
521834581	ID:32	RPL: Sending a multicast-DIO with rank 506
524731341	ID:33	RPL: Sending a multicast-DIO with rank 495
525225543	ID:36	RPL: Sending a multicast-DIO with rank 497
526468510	ID:35	RPL: Sending a multicast-DIO with rank 524
526834581	ID:32	RPL: Sending a multicast-DIO with rank 506
529731341	ID:33	RPL: Sending a multicast-DIO with rank 495
530225543	ID:36	RPL: Sending a multicast-DIO with rank 497
531468510	ID:35	RPL: Sending a multicast-DIO with rank 524
531834581	ID:32	RPL: Sending a multicast-DIO with rank 506
534731341	ID:33	RPL: Sending a multicast-DIO with rank 495
535225543	ID:36	RPL: Sending a multicast-DIO with rank 497
536468510	ID:35	RPL: Sending a multicast-DIO with rank 524
536834581	ID:32	RPL: Sending a multicast-DIO with rank 506
539731341	ID:33	RPL: Sending a multicast-DIO with rank 495
540225543	ID:36	RPL: Sending a multicast-DIO with rank 497
541468510	ID:35	RPL: Sending a multicast-DIO with rank 524
541834581	ID:32	RPL: Sending a multicast-DIO with rank 506
544731341	ID:33	RPL: Sending a multicast-DIO with rank 495
545225543	ID:36	RPL: Sending a multicast-DIO with rank 497
546468510	ID:35	RPL: Sending a multicast-DIO with rank 524
546834581	ID:32	RPL: Sending a multicast-DIO with rank 506
549731341	ID:33	RPL: Sending a multicast-DIO with rank 495
550225543	ID:36	RPL: Sending a multicast-DIO with rank 497
551468510	ID:35	RPL: Sending a multicast-DIO with rank 524
551834581	ID:32	RPL: Sending a multicast-DIO with rank 506
554731341	ID:33	RPL: Sending a multicast-DIO with rank 495
555225543	ID:36	RPL: Sending a multicast-DIO with rank 497
556468510	ID:35	RPL: Sending a multicast-DIO with rank 524
556834581	ID:32	RPL: Sending a multicast-DIO with rank 506
559731341	ID:33	RPL: Sending a multicast-DIO with rank 495
560225543	ID:36	RPL: Sending a multicast-DIO with rank 497
561468510	ID:35	RPL: Sending a multicast-DIO with rank 524
561834581	ID:32	RPL: Sending a multicast-DIO with rank 506
563589716	ID:34	RPL: Sending a DIS to fe80::c30c:0:0:6
564731341	ID:33	RPL: Sending a multicast-DIO with rank 495
565225543	ID:36	RPL: Sending a multicast-DIO with rank 497
566468510	ID:35	RPL: Sending a multicast-DIO with rank 524
566834581	ID:32	RPL: Sending a multicast-DIO with rank 506
569731341	ID:33	RPL: Sending a multicast-DIO with rank 495
570225543	ID:36	RPL: Sending a multicast-DIO with rank 497
571468510	ID:35	RPL: Sending a multicast-DIO with rank 524
571834581	ID:32	RPL: Sending a multicast-DIO with rank 506
574731341	ID:33	RPL: Sending a multicast-DIO with rank 495
575225543	ID:36	RPL: Sending a multicast-DIO with rank 497
576468510	ID:35	RPL: Sending a multicast-DIO with rank 524
576834581	ID:32	RPL: Sending a multicast-DIO with rank 506
579731341	ID:33	RPL: Sending a multicast-DIO with rank 495
580225543	ID:36	RPL: Sending a multicast-DIO with rank 497
581468510	ID:35	RPL: Sending a multicast-DIO with rank 524
581834581	ID:32	RPL: Sending a multicast-DIO with rank 506
584731341	ID:33	RPL: Sending a multicast-DIO with rank 495
585225543	ID:36	RPL: Sending a multicast-DIO with rank 497
586468510	ID:35	RPL: Sending a multicast-DIO with rank 524
586834581	ID:32	RPL: Sending a multicast-DIO with rank 506
589731341	ID:33	RPL: Sending a multicast-DIO with rank 495
590225543	ID:36	RPL: Sending a multicast-DIO with rank 497
591468510	ID:35	RPL: Sending a multicast-DIO with rank 524
591834581	ID:32	RPL: Sending a multicast-DIO with rank 506
594731341	ID:33	RPL: Sending a multicast-DIO with rank 495
595225543	ID:36	RPL: Sending a multicast-DIO with rank 497
596468510	ID:35	RPL: Sending a multicast-DIO with rank 524
596834581	ID:32	RPL: Sending a multicast-DIO with rank 506
599731341	ID:33	RPL: Sending a multicast-DIO with rank 495
600225543	ID:36	RPL: Sending a multicast-DIO with rank 497
601468510	ID:35	RPL: Sending a multicast-DIO with rank 524
601834581	ID:32	RPL: Sending a multicast-DIO with rank 506
604731341	ID:33	RPL: Sending a multicast-DIO with rank 495
605225543	ID:36	RPL: Sending a multicast-DIO with rank 497
606468510	ID:35	RPL: Sending a multicast-DIO with rank 524
606834581	ID:32	RPL: Sending a multicast-DIO with rank 506
609731341	ID:33	RPL: Sending a multicast-DIO with rank 495
610225543	ID:36	RPL: Sending a multicast-DIO with rank 497
611468510	ID:35	RPL: Sending a multicast-DIO with rank 524
611834581	ID:32	RPL: Sending a multicast-DIO with rank 506
614731341	ID:33	RPL: Sending a multicast-DIO with rank 495
615225543	ID:36	RPL: Sending a multicast-DIO with rank 497
616468510	ID:35	RPL: Sending a multicast-DIO with rank 524
616834581	ID:32	RPL: Sending a multicast-DIO with rank 506
619731341	ID:33	RPL: Sending a multicast-DIO with rank 495
620225543	ID:36	RPL: Sending a multicast-DIO with rank 497
621468510	ID:35	RPL: Sending a multicast-DIO with rank 524
621834581	ID:32	RPL: Sending a multicast-DIO with rank 506
623589716	ID:34	RPL: Sending a DIS to fe80::c30c:0:0:6
624731341	ID:33	RPL: Sending a multicast-DIO with rank 495
625225543	ID:36	RPL: Sending a multicast-DIO with rank 497
626468510	ID:35	RPL: Sending a multicast-DIO with rank 524
626834581	ID:32	RPL: Sending a multicast-DIO with rank 506
629731341	ID:33	RPL: Sending a multicast-DIO with rank 495
630225543	ID:36	RPL: Sending a multicast-DIO with rank 497
631468510	ID:35	RPL: Sending a multicast-DIO with rank 524
631834581	ID:32	RPL: Sending a multicast-DIO with rank 506
634731341	ID:33	RPL: Sending a multicast-DIO with rank 495
635225543	ID:36	RPL: Sending a multicast-DIO with rank 497
636468510	ID:35	RPL: Sending a multicast-DIO with rank 524
636834581	ID:32	RPL: Sending a multicast-DIO with rank 506
639731341	ID:33	RPL: Sending a multicast-DIO with rank 495
640225543	ID:36	RPL: Sending a multicast-DIO with rank 497
641468510	ID:35	RPL: Sending a multicast-DIO with rank 524
641834581	ID:32	RPL: Sending a multicast-DIO with rank 506
644731341	ID:33	RPL: Sending a multicast-DIO with rank 495
645225543	ID:36	RPL: Sending a multicast-DIO with rank 497
646468510	ID:35	RPL: Sending a multicast-DIO with rank 524
646834581	ID:32	RPL: Sending a multicast-DIO with rank 506
649731341	ID:33	RPL: Sending a multicast-DIO with rank 495
650225543	ID:36	RPL: Sending a multicast-DIO with rank 497
651468510	ID:35	RPL: Sending a multicast-DIO with rank 524
651834581	ID:32	RPL: Sending a multicast-DIO with rank 506
654731341	ID:33	RPL: Sending a multicast-DIO with rank 495
655225543	ID:36	RPL: Sending a multicast-DIO with rank 497
656468510	ID:35	RPL: Sending a multicast-DIO with rank 524
656834581	ID:32	RPL: Sending a multicast-DIO with rank 506
659731341	ID:33	RPL: Sending a multicast-DIO with rank 495
660225543	ID:36	RPL: Sending a multicast-DIO with rank 497
661468510	ID:35	RPL: Sending a multicast-DIO with rank 524
661834581	ID:32	RPL: Sending a multicast-DIO with rank 506
664731341	ID:33	RPL: Sending a multicast-DIO with rank 495
665225543	ID:36	RPL: Sending a multicast-DIO with rank 497
666468510	ID:35	RPL: Sending a multicast-DIO with rank 524
666834581	ID:32	RPL: Sending a multicast-DIO with rank 506
669731341	ID:33	RPL: Sending a multicast-DIO with rank 495
670225543	ID:36	RPL: Sending a multicast-DIO with rank 497
671468510	ID:35	RPL: Sending a multicast-DIO with rank 524
671834581	ID:32	RPL: Sending a multicast-DIO with rank 506
674731341	ID:33	RPL: Sending a multicast-DIO with rank 495
675225543	ID:36	RPL: Sending a multicast-DIO with rank 497
676468510	ID:35	RPL: Sending a multicast-DIO with rank 524
676834581	ID:32	RPL: Sending a multicast-DIO with rank 506
679731341	ID:33	RPL: Sending a multicast-DIO with rank 495
680225543	ID:36	RPL: Sending a multicast-DIO with rank 497
681468510	ID:35	RPL: Sending a multicast-DIO with rank 524
681834581	ID:32	RPL: Sending a multicast-DIO with rank 506
683590435	ID:34	RPL: Sending a DIS to fe80::c30c:0:0:6
684731341	ID:33	RPL: Sending a multicast-DIO with rank 495
685225543	ID:36	RPL: Sending a multicast-DIO with rank 497
686468510	ID:35	RPL: Sending a multicast-DIO with rank 524
686834581	ID:32	RPL: Sending a multicast-DIO with rank 506
689731341	ID:33	RPL: Sending a multicast-DIO with rank 495
690225543	ID:36	RPL: Sending a multicast-DIO with rank 497
691468511	ID:35	RPL: Sending a multicast-DIO with rank 524
691834581	ID:32	RPL: Sending a multicast-DIO with rank 506
694731341	ID:33	RPL: Sending a multicast-DIO with rank 495
695225543	ID:36	RPL: Sending a multicast-DIO with rank 497
696468511	ID:35	RPL: Sending a multicast-DIO with rank 524
696834581	ID:32	RPL: Sending a multicast-DIO with rank 506
699731341	ID:33	RPL: Sending a multicast-DIO with rank 495
700225543	ID:36	RPL: Sending a multicast-DIO with rank 497
701468511	ID:35	RPL: Sending a multicast-DIO with rank 524
701834581	ID:32	RPL: Sending a multicast-DIO with rank 506
704731341	ID:33	RPL: Sending a multicast-DIO with rank 495
705225543	ID:36	RPL: Sending a multicast-DIO with rank 497
706468511	ID:35	RPL: Sending a multicast-DIO with rank 524
706834581	ID:32	RPL: Sending a multicast-DIO with rank 506
709731348	ID:33	RPL: Sending a multicast-DIO with rank 495
710225543	ID:36	RPL: Sending a multicast-DIO with rank 497
711468511	ID:35	RPL: Sending a multicast-DIO with rank 524
711834581	ID:32	RPL: Sending a multicast-DIO with rank 506
714731341	ID:33	RPL: Sending a multicast-DIO with rank 495
715225543	ID:36	RPL: Sending a multicast-DIO with rank 497
716468511	ID:35	RPL: Sending a multicast-DIO with rank 524
716834581	ID:32	RPL: Sending a multicast-DIO with rank 506
719731341	ID:33	RPL: Sending a multicast-DIO with rank 495
720225543	ID:36	RPL: Sending a multicast-DIO with rank 497
721468511	ID:35	RPL: Sending a multicast-DIO with rank 524
721834581	ID:32	RPL: Sending a multicast-DIO with rank 506
724731341	ID:33	RPL: Sending a multicast-DIO with rank 495
725225543	ID:36	RPL: Sending a multicast-DIO with rank 497
726468511	ID:35	RPL: Sending a multicast-DIO with rank 524
726834581	ID:32	RPL: Sending a multicast-DIO with rank 506
729731341	ID:33	RPL: Sending a multicast-DIO with rank 495
730225543	ID:36	RPL: Sending a multicast-DIO with rank 497
731468510	ID:35	RPL: Sending a multicast-DIO with rank 524
731834581	ID:32	RPL: Sending a multicast-DIO with rank 506
734731341	ID:33	RPL: Sending a multicast-DIO with rank 495
735225543	ID:36	RPL: Sending a multicast-DIO with rank 497
736468511	ID:35	RPL: Sending a multicast-DIO with rank 524
736834588	ID:32	RPL: Sending a multicast-DIO with rank 506
739731341	ID:33	RPL: Sending a multicast-DIO with rank 495
740225543	ID:36	RPL: Sending a multicast-DIO with rank 497
741468511	ID:35	RPL: Sending a multicast-DIO with rank 524
741834581	ID:32	RPL: Sending a multicast-DIO with rank 506
743589716	ID:34	RPL: Sending a DIS to fe80::c30c:0:0:6
744731341	ID:33	RPL: Sending a multicast-DIO with rank 495
745225543	ID:36	RPL: Sending a multicast-DIO with rank 497
746468511	ID:35	RPL: Sending a multicast-DIO with rank 524
746834581	ID:32	RPL: Sending a multicast-DIO with rank 506
749731341	ID:33	RPL: Sending a multicast-DIO with rank 495
750225543	ID:36	RPL: Sending a multicast-DIO with rank 497
751468511	ID:35	RPL: Sending a multicast-DIO with rank 524
751834581	ID:32	RPL: Sending a multicast-DIO with rank 506
754731341	ID:33	RPL: Sending a multicast-DIO with rank 495
755225543	ID:36	RPL: Sending a multicast-DIO with rank 497
756468511	ID:35	RPL: Sending a multicast-DIO with rank 524
756834581	ID:32	RPL: Sending a multicast-DIO with rank 506
759731341	ID:33	RPL: Sending a multicast-DIO with rank 495
760225543	ID:36	RPL: Sending a multicast-DIO with rank 497
761468511	ID:35	RPL: Sending a multicast-DIO with rank 524
761834581	ID:32	RPL: Sending a multicast-DIO with rank 506
764731341	ID:33	RPL: Sending a multicast-DIO with rank 495
765225543	ID:36	RPL: Sending a multicast-DIO with rank 497
766468511	ID:35	RPL: Sending a multicast-DIO with rank 524
766834581	ID:32	RPL: Sending a multicast-DIO with rank 506
769731341	ID:33	RPL: Sending a multicast-DIO with rank 495
770225543	ID:36	RPL: Sending a multicast-DIO with rank 497
771468511	ID:35	RPL: Sending a multicast-DIO with rank 524
771834581	ID:32	RPL: Sending a multicast-DIO with rank 506
774731341	ID:33	RPL: Sending a multicast-DIO with rank 495
775225543	ID:36	RPL: Sending a multicast-DIO with rank 497
776468511	ID:35	RPL: Sending a multicast-DIO with rank 524
776834581	ID:32	RPL: Sending a multicast-DIO with rank 506
779731341	ID:33	RPL: Sending a multicast-DIO with rank 495
780225543	ID:36	RPL: Sending a multicast-DIO with rank 497
781468511	ID:35	RPL: Sending a multicast-DIO with rank 524
781834581	ID:32	RPL: Sending a multicast-DIO with rank 506
784731341	ID:33	RPL: Sending a multicast-DIO with rank 495
785225543	ID:36	RPL: Sending a multicast-DIO with rank 497
786468511	ID:35	RPL: Sending a multicast-DIO with rank 524
786834581	ID:32	RPL: Sending a multicast-DIO with rank 506
789731341	ID:33	RPL: Sending a multicast-DIO with rank 495
790225543	ID:36	RPL: Sending a multicast-DIO with rank 497
791468511	ID:35	RPL: Sending a multicast-DIO with rank 524
791834581	ID:32	RPL: Sending a multicast-DIO with rank 506
794731341	ID:33	RPL: Sending a multicast-DIO with rank 495
795225550	ID:36	RPL: Sending a multicast-DIO with rank 497
796468511	ID:35	RPL: Sending a multicast-DIO with rank 524
796834581	ID:32	RPL: Sending a multicast-DIO with rank 506
799731341	ID:33	RPL: Sending a multicast-DIO with rank 495
800225543	ID:36	RPL: Sending a multicast-DIO with rank 497
801468511	ID:35	RPL: Sending a multicast-DIO with rank 524
801834581	ID:32	RPL: Sending a multicast-DIO with rank 506
803589716	ID:34	RPL: Sending a DIS to fe80::c30c:0:0:6
804731341	ID:33	RPL: Sending a multicast-DIO with rank 495
805225543	ID:36	RPL: Sending a multicast-DIO with rank 497
806468511	ID:35	RPL: Sending a multicast-DIO with rank 524
806834581	ID:32	RPL: Sending a multicast-DIO with rank 506
809731341	ID:33	RPL: Sending a multicast-DIO with rank 495
810225543	ID:36	RPL: Sending a multicast-DIO with rank 497
811468511	ID:35	RPL: Sending a multicast-DIO with rank 524
811834581	ID:32	RPL: Sending a multicast-DIO with rank 506
814731341	ID:33	RPL: Sending a multicast-DIO with rank 495
815225543	ID:36	RPL: Sending a multicast-DIO with rank 497
816468518	ID:35	RPL: Sending a multicast-DIO with rank 524
816834581	ID:32	RPL: Sending a multicast-DIO with rank 506
819731341	ID:33	RPL: Sending a multicast-DIO with rank 495
820225543	ID:36	RPL: Sending a multicast-DIO with rank 497
821468511	ID:35	RPL: Sending a multicast-DIO with rank 524
821834581	ID:32	RPL: Sending a multicast-DIO with rank 506
824731341	ID:33	RPL: Sending a multicast-DIO with rank 495
825225543	ID:36	RPL: Sending a multicast-DIO with rank 497
826468511	ID:35	RPL: Sending a multicast-DIO with rank 524
826834581	ID:32	RPL: Sending a multicast-DIO with rank 506
829731341	ID:33	RPL: Sending a multicast-DIO with rank 495
830225543	ID:36	RPL: Sending a multicast-DIO with rank 497
831468511	ID:35	RPL: Sending a multicast-DIO with rank 524
831834581	ID:32	RPL: Sending a multicast-DIO with rank 506
834731341	ID:33	RPL: Sending a multicast-DIO with rank 495
835225543	ID:36	RPL: Sending a multicast-DIO with rank 497
836468511	ID:35	RPL: Sending a multicast-DIO with rank 524
836834581	ID:32	RPL: Sending a multicast-DIO with rank 506
839731341	ID:33	RPL: Sending a multicast-DIO with rank 495
840225543	ID:36	RPL: Sending a multicast-DIO with rank 497
841468511	ID:35	RPL: Sending a multicast-DIO with rank 524
841834581	ID:32	RPL: Sending a multicast-DIO with rank 506
844731341	ID:33	RPL: Sending a multicast-DIO with rank 495
845225543	ID:36	RPL: Sending a multicast-DIO with rank 497
846468511	ID:35	RPL: Sending a multicast-DIO with rank 524
846834581	ID:32	RPL: Sending a multicast-DIO with rank 506
849731341	ID:33	RPL: Sending a multicast-DIO with rank 495
850225543	ID:36	RPL: Sending a multicast-DIO with rank 497
851468511	ID:35	RPL: Sending a multicast-DIO with rank 524
851834581	ID:32	RPL: Sending a multicast-DIO with rank 506
854731341	ID:33	RPL: Sending a multicast-DIO with rank 495
855225543	ID:36	RPL: Sending a multicast-DIO with rank 497
856468511	ID:35	RPL: Sending a multicast-DIO with rank 524
856834581	ID:32	RPL: Sending a multicast-DIO with rank 506
859731341	ID:33	RPL: Sending a multicast-DIO with rank 495
860225543	ID:36	RPL: Sending a multicast-DIO with rank 497
861468511	ID:35	RPL: Sending a multicast-DIO with rank 524
861834581	ID:32	RPL: Sending a multicast-DIO with rank 506
863589716	ID:34	RPL: Sending a DIS to fe80::c30c:0:0:6
864731341	ID:33	RPL: Sending a multicast-DIO with rank 495
865225543	ID:36	RPL: Sending a multicast-DIO with rank 497
866468511	ID:35	RPL: Sending a multicast-DIO with rank 524
866834581	ID:32	RPL: Sending a multicast-DIO with rank 506
869731341	ID:33	RPL: Sending a multicast-DIO with rank 495
870225543	ID:36	RPL: Sending a multicast-DIO with rank 497
871468511	ID:35	RPL: Sending a multicast-DIO with rank 524
871834581	ID:32	RPL: Sending a multicast-DIO with rank 506
874731341	ID:33	RPL: Sending a multicast-DIO with rank 495
875225543	ID:36	RPL: Sending a multicast-DIO with rank 497
876468511	ID:35	RPL: Sending a multicast-DIO with rank 524
876834581	ID:32	RPL: Sending a multicast-DIO with rank 506
879731341	ID:33	RPL: Sending a multicast-DIO with rank 495
880225543	ID:36	RPL: Sending a multicast-DIO with rank 497
881468511	ID:35	RPL: Sending a multicast-DIO with rank 524
881834581	ID:32	RPL: Sending a multicast-DIO with rank 506
884731341	ID:33	RPL: Sending a multicast-DIO with rank 495
885225543	ID:36	RPL: Sending a multicast-DIO with rank 497
886468511	ID:35	RPL: Sending a multicast-DIO with rank 524
886834581	ID:32	RPL: Sending a multicast-DIO with rank 506
889731341	ID:33	RPL: Sending a multicast-DIO with rank 495
890225543	ID:36	RPL: Sending a multicast-DIO with rank 497
891468511	ID:35	RPL: Sending a multicast-DIO with rank 524
891834581	ID:32	RPL: Sending a multicast-DIO with rank 506
894731341	ID:33	RPL: Sending a multicast-DIO with rank 495
895225543	ID:36	RPL: Sending a multicast-DIO with rank 497
896468511	ID:35	RPL: Sending a multicast-DIO with rank 524
896834581	ID:32	RPL: Sending a multicast-DIO with rank 506
899731341	ID:33	RPL: Sending a multicast-DIO with rank 495
900225543	ID:36	RPL: Sending a multicast-DIO with rank 497
901468511	ID:35	RPL: Sending a multicast-DIO with rank 524
901834581	ID:32	RPL: Sending a multicast-DIO with rank 506
904731341	ID:33	RPL: Sending a multicast-DIO with rank 495
905225543	ID:36	RPL: Sending a multicast-DIO with rank 497
906468511	ID:35	RPL: Sending a multicast-DIO with rank 524
906834581	ID:32	RPL: Sending a multicast-DIO with rank 506
909731341	ID:33	RPL: Sending a multicast-DIO with rank 495
910225543	ID:36	RPL: Sending a multicast-DIO with rank 497
911468511	ID:35	RPL: Sending a multicast-DIO with rank 524
911834581	ID:32	RPL: Sending a multicast-DIO with rank 506
914731341	ID:33	RPL: Sending a multicast-DIO with rank 495
915225543	ID:36	RPL: Sending a multicast-DIO with rank 497
916468511	ID:35	RPL: Sending a multicast-DIO with rank 524
916834581	ID:32	RPL: Sending a multicast-DIO with rank 506
919731341	ID:33	RPL: Sending a multicast-DIO with rank 495
920225543	ID:36	RPL: Sending a multicast-DIO with rank 497
921468511	ID:35	RPL: Sending a multicast-DIO with rank 524
921834581	ID:32	RPL: Sending a multicast-DIO with rank 506
923589716	ID:34	RPL: Sending a DIS to fe80::c30c:0:0:6
924731341	ID:33	RPL: Sending a multicast-DIO with rank 495
925225543	ID:36	RPL: Sending a multicast-DIO with rank 497
926468510	ID:35	RPL: Sending a multicast-DIO with rank 524
926834581	ID:32	RPL: Sending a multicast-DIO with rank 506
929731341	ID:33	RPL: Sending a multicast-DIO with rank 495
930225543	ID:36	RPL: Sending a multicast-DIO with rank 497
931468511	ID:35	RPL: Sending a multicast-DIO with rank 524
931834581	ID:32	RPL: Sending a multicast-DIO with rank 506
934731341	ID:33	RPL: Sending a multicast-DIO with rank 495
935225543	ID:36	RPL: Sending a multicast-DIO with rank 497
936468511	ID:35	RPL: Sending a multicast-DIO with rank 524
936834581	ID:32	RPL: Sending a multicast-DIO with rank 506
939731341	ID:33	RPL: Sending a multicast-DIO with rank 495
940225543	ID:36	RPL: Sending a multicast-DIO with rank 497
941468511	ID:35	RPL: Sending a multicast-DIO with rank 524
941834581	ID:32	RPL: Sending a multicast-DIO with rank 506
944731341	ID:33	RPL: Sending a multicast-DIO with rank 495
945225543	ID:36	RPL: Sending a multicast-DIO with rank 497
946468511	ID:35	RPL: Sending a multicast-DIO with rank 524
946834581	ID:32	RPL: Sending a multicast-DIO with rank 506
949731341	ID:33	RPL: Sending a multicast-DIO with rank 495
950225543	ID:36	RPL: Sending a multicast-DIO with rank 497
951468511	ID:35	RPL: Sending a multicast-DIO with rank 524
951834581	ID:32	RPL: Sending a multicast-DIO with rank 506
954731341	ID:33	RPL: Sending a multicast-DIO with rank 495
955225543	ID:36	RPL: Sending a multicast-DIO with rank 497
956468511	ID:35	RPL: Sending a multicast-DIO with rank 524
956834581	ID:32	RPL: Sending a multicast-DIO with rank 506
959731341	ID:33	RPL: Sending a multicast-DIO with rank 495
960225543	ID:36	RPL: Sending a multicast-DIO with rank 497
961468511	ID:35	RPL: Sending a multicast-DIO with rank 524
961834581	ID:32	RPL: Sending a multicast-DIO with rank 506
964731341	ID:33	RPL: Sending a multicast-DIO with rank 495
965225543	ID:36	RPL: Sending a multicast-DIO with rank 497
966468511	ID:35	RPL: Sending a multicast-DIO with rank 524
966834581	ID:32	RPL: Sending a multicast-DIO with rank 506
969731341	ID:33	RPL: Sending a multicast-DIO with rank 495
970225543	ID:36	RPL: Sending a multicast-DIO with rank 497
971468511	ID:35	RPL: Sending a multicast-DIO with rank 524
971834581	ID:32	RPL: Sending a multicast-DIO with rank 506
974731341	ID:33	RPL: Sending a multicast-DIO with rank 495
975225543	ID:36	RPL: Sending a multicast-DIO with rank 497
976468511	ID:35	RPL: Sending a multicast-DIO with rank 524
976834581	ID:32	RPL: Sending a multicast-DIO with rank 506
979731341	ID:33	RPL: Sending a multicast-DIO with rank 495
980225543	ID:36	RPL: Sending a multicast-DIO with rank 497
981468511	ID:35	RPL: Sending a multicast-DIO with rank 524
981834581	ID:32	RPL: Sending a multicast-DIO with rank 506
983589716	ID:34	RPL: Sending a DIS to fe80::c30c:0:0:6
984731341	ID:33	RPL: Sending a multicast-DIO with rank 495
985225543	ID:36	RPL: Sending a multicast-DIO with rank 497
986468511	ID:35	RPL: Sending a multicast-DIO with rank 524
986834581	ID:32	RPL: Sending a multicast-DIO with rank 506
989731341	ID:33	RPL: Sending a multicast-DIO with rank 495
990225543	ID:36	RPL: Sending a multicast-DIO with rank 497
991468511	ID:35	RPL: Sending a multicast-DIO with rank 524
991834581	ID:32	RPL: Sending a multicast-DIO with rank 506
994731341	ID:33	RPL: Sending a multicast-DIO with rank 495
995225543	ID:36	RPL: Sending a multicast-DIO with rank 497
996468511	ID:35	RPL: Sending a multicast-DIO with rank 524
996834581	ID:32	RPL: Sending a multicast-DIO with rank 506
999731341	ID:33	RPL: Sending a multicast-DIO with rank 495
1000225543	ID:36	RPL: Sending a multicast-DIO with rank 497
1001468511	ID:35	RPL: Sending a multicast-DIO with rank 524
1001834581	ID:32	RPL: Sending a multicast-DIO with rank 506
1004731341	ID:33	RPL: Sending a multicast-DIO with rank 495
1005225543	ID:36	RPL: Sending a multicast-DIO with rank 497
1006468511	ID:35	RPL: Sending a multicast-DIO with rank 524
1006834581	ID:32	RPL: Sending a multicast-DIO with rank 506
1009731341	ID:33	RPL: Sending a multicast-DIO with rank 495
1010225543	ID:36	RPL: Sending a multicast-DIO with rank 497
1011468511	ID:35	RPL: Sending a multicast-DIO with rank 524
1011834581	ID:32	RPL: Sending a multicast-DIO with rank 506
1014731341	ID:33	RPL: Sending a multicast-DIO with rank 495
1015225543	ID:36	RPL: Sending a multicast-DIO with rank 497
1016468511	ID:35	RPL: Sending a multicast-DIO with rank 524
1016834581	ID:32	RPL: Sending a multicast-DIO with rank 506
1019731341	ID:33	RPL: Sending a multicast-DIO with rank 495
1020225543	ID:36	RPL: Sending a multicast-DIO with rank 497
1021468511	ID:35	RPL: Sending a multicast-DIO with rank 524
1021834581	ID:32	RPL: Sending a multicast-DIO with rank 506
1024731341	ID:33	RPL: Sending a multicast-DIO with rank 495
1025225543	ID:36	RPL: Sending a multicast-DIO with rank 497
1026468512	ID:35	RPL: Sending a multicast-DIO with rank 524
1026834582	ID:32	RPL: Sending a multicast-DIO with rank 506
1029731342	ID:33	RPL: Sending a multicast-DIO with rank 495
1030225544	ID:36	RPL: Sending a multicast-DIO with rank 497
1031468511	ID:35	RPL: Sending a multicast-DIO with rank 524
1031834582	ID:32	RPL: Sending a multicast-DIO with rank 506
1034731342	ID:33	RPL: Sending a multicast-DIO with rank 495
1035225544	ID:36	RPL: Sending a multicast-DIO with rank 497
1036468512	ID:35	RPL: Sending a multicast-DIO with rank 524
1036834582	ID:32	RPL: Sending a multicast-DIO with rank 506
1039731342	ID:33	RPL: Sending a multicast-DIO with rank 495
1040225544	ID:36	RPL: Sending a multicast-DIO with rank 497
1041468512	ID:35	RPL: Sending a multicast-DIO with rank 524
1041834582	ID:32	RPL: Sending a multicast-DIO with rank 506
1043590284	ID:34	RPL: Sending a DIS to fe80::c30c:0:0:6
1044731349	ID:33	RPL: Sending a multicast-DIO with rank 495
1045225544	ID:36	RPL: Sending a multicast-DIO with rank 497
1046468511	ID:35	RPL: Sending a multicast-DIO with rank 524
1046834582	ID:32	RPL: Sending a multicast-DIO with rank 506
1049731342	ID:33	RPL: Sending a multicast-DIO with rank 495
1050225544	ID:36	RPL: Sending a multicast-DIO with rank 497
1051468512	ID:35	RPL: Sending a multicast-DIO with rank 524
1051834582	ID:32	RPL: Sending a multicast-DIO with rank 506
1054731342	ID:33	RPL: Sending a multicast-DIO with rank 495
1055225544	ID:36	RPL: Sending a multicast-DIO with rank 497
1056468512	ID:35	RPL: Sending a multicast-DIO with rank 524
1056834582	ID:32	RPL: Sending a multicast-DIO with rank 506
1059731342	ID:33	RPL: Sending a multicast-DIO with rank 495
1060225544	ID:36	RPL: Sending a multicast-DIO with rank 497
1061468511	ID:35	RPL: Sending a multicast-DIO with rank 524
1061834582	ID:32	RPL: Sending a multicast-DIO with rank 506
1064731342	ID:33	RPL: Sending a multicast-DIO with rank 495
1065225544	ID:36	RPL: Sending a multicast-DIO with rank 497
1066468512	ID:35	RPL: Sending a multicast-DIO with rank 524
1066834589	ID:32	RPL: Sending a multicast-DIO with rank 506
1069731342	ID:33	RPL: Sending a multicast-DIO with rank 495
1070225544	ID:36	RPL: Sending a multicast-DIO with rank 497
1071468512	ID:35	RPL: Sending a multicast-DIO with rank 524
1071834582	ID:32	RPL: Sending a multicast-DIO with rank 506
1074731342	ID:33	RPL: Sending a multicast-DIO with rank 495
1075225544	ID:36	RPL: Sending a multicast-DIO with rank 497
1076468511	ID:35	RPL: Sending a multicast-DIO with rank 524
1076834582	ID:32	RPL: Sending a multicast-DIO with rank 506
1079731342	ID:33	RPL: Sending a multicast-DIO with rank 495
1080225544	ID:36	RPL: Sending a multicast-DIO with rank 497
1081468512	ID:35	RPL: Sending a multicast-DIO with rank 524
1081834582	ID:32	RPL: Sending a multicast-DIO with rank 506
1084731342	ID:33	RPL: Sending a multicast-DIO with rank 495
1085225544	ID:36	RPL: Sending a multicast-DIO with rank 497
1086468512	ID:35	RPL: Sending a multicast-DIO with rank 524
1086834582	ID:32	RPL: Sending a multicast-DIO with rank 506
1089731342	ID:33	RPL: Sending a multicast-DIO with rank 495
1090225544	ID:36	RPL: Sending a multicast-DIO with rank 497
1091468511	ID:35	RPL: Sending a multicast-DIO with rank 524
1091834582	ID:32	RPL: Sending a multicast-DIO with rank 506
1094731342	ID:33	RPL: Sending a multicast-DIO with rank 495
1095225544	ID:36	RPL: Sending a multicast-DIO with rank 497
1096468512	ID:35	RPL: Sending a multicast-DIO with rank 524
1096834582	ID:32	RPL: Sending a multicast-DIO with rank 506
1099731342	ID:33	RPL: Sending a multicast-DIO with rank 495
1100225544	ID:36	RPL: Sending a multicast-DIO with rank 497
1101468512	ID:35	RPL: Sending a multicast-DIO with rank 524
1101834582	ID:32	RPL: Sending a multicast-DIO with rank 506
1103589717	ID:34	RPL: Sending a DIS to fe80::c30c:0:0:6
1104731342	ID:33	RPL: Sending a multicast-DIO with rank 495
1105225544	ID:36	RPL: Sending a multicast-DIO with rank 497
1106468511	ID:35	RPL: Sending a multicast-DIO with rank 524
1106834582	ID:32	RPL: Sending a multicast-DIO with rank 506
1109731342	ID:33	RPL: Sending a multicast-DIO with rank 495
1110225544	ID:36	RPL: Sending a multicast-DIO with rank 497
1111468512	ID:35	RPL: Sending a multicast-DIO with rank 524
1111834582	ID:32	RPL: Sending a multicast-DIO with rank 506
1114731342	ID:33	RPL: Sending a multicast-DIO with rank 495
1115225544	ID:36	RPL: Sending a multicast-DIO with rank 497
1116468512	ID:35	RPL: Sending a multicast-DIO with rank 524
1116834582	ID:32	RPL: Sending a multicast-DIO with rank 506
1119731342	ID:33	RPL: Sending a multicast-DIO with rank 495
1120225544	ID:36	RPL: Sending a multicast-DIO with rank 497
1121468511	ID:35	RPL: Sending a multicast-DIO with rank 524
1121834582	ID:32	RPL: Sending a multicast-DIO with rank 506
1124731342	ID:33	RPL: Sending a multicast-DIO with rank 495
1125225544	ID:36	RPL: Sending a multicast-DIO with rank 497
1126468512	ID:35	RPL: Sending a multicast-DIO with rank 524
1126834582	ID:32	RPL: Sending a multicast-DIO with rank 506
1129731342	ID:33	RPL: Sending a multicast-DIO with rank 495
1130225544	ID:36	RPL: Sending a multicast-DIO with rank 497
1131468512	ID:35	RPL: Sending a multicast-DIO with rank 524
1131834582	ID:32	RPL: Sending a multicast-DIO with rank 506
1134731342	ID:33	RPL: Sending a multicast-DIO with rank 495
1135225544	ID:36	RPL: Sending a multicast-DIO with rank 497
1136468511	ID:35	RPL: Sending a multicast-DIO with rank 524
1136834582	ID:32	RPL: Sending a multicast-DIO with rank 506
1139731342	ID:33	RPL: Sending a multicast-DIO with rank 495
1140225544	ID:36	RPL: Sending a multicast-DIO with rank 497
1141468512	ID:35	RPL: Sending a multicast-DIO with rank 524
1141834582	ID:32	RPL: Sending a multicast-DIO with rank 506
1144731342	ID:33	RPL: Sending a multicast-DIO with rank 495
1145225544	ID:36	RPL: Sending a multicast-DIO with rank 497
1146468512	ID:35	RPL: Sending a multicast-DIO with rank 524
1146834582	ID:32	RPL: Sending a multicast-DIO with rank 506
1149731342	ID:33	RPL: Sending a multicast-DIO with rank 495
1150225544	ID:36	RPL: Sending a multicast-DIO with rank 497
1151468518	ID:35	RPL: Sending a multicast-DIO with rank 524
1151834582	ID:32	RPL: Sending a multicast-DIO with rank 506
1154731342	ID:33	RPL: Sending a multicast-DIO with rank 495
1155225551	ID:36	RPL: Sending a multicast-DIO with rank 497
1156468512	ID:35	RPL: Sending a multicast-DIO with rank 524
1156834582	ID:32	RPL: Sending a multicast-DIO with rank 506
1159731342	ID:33	RPL: Sending a multicast-DIO with rank 495
1160225544	ID:36	RPL: Sending a multicast-DIO with rank 497
1161468512	ID:35	RPL: Sending a multicast-DIO with rank 524
1161834582	ID:32	RPL: Sending a multicast-DIO with rank 506
1163590435	ID:34	RPL: Sending a DIS to fe80::c30c:0:0:6
1164731342	ID:33	RPL: Sending a multicast-DIO with rank 495
1165225544	ID:36	RPL: Sending a multicast-DIO with rank 497
1166468511	ID:35	RPL: Sending a multicast-DIO with rank 524
1166834582	ID:32	RPL: Sending a multicast-DIO with rank 506
1169731342	ID:33	RPL: Sending a multicast-DIO with rank 495
1170225544	ID:36	RPL: Sending a multicast-DIO with rank 497
1171468512	ID:35	RPL: Sending a multicast-DIO with rank 524
1171834582	ID:32	RPL: Sending a multicast-DIO with rank 506
1174731342	ID:33	RPL: Sending a multicast-DIO with rank 495
1175225544	ID:36	RPL: Sending a multicast-DIO with rank 497
1176468512	ID:35	RPL: Sending a multicast-DIO with rank 524
1176834582	ID:32	RPL: Sending a multicast-DIO with rank 506
1179731342	ID:33	RPL: Sending a multicast-DIO with rank 495
1180225544	ID:36	RPL: Sending a multicast-DIO with rank 497
1181468511	ID:35	RPL: Sending a multicast-DIO with rank 524
1181834582	ID:32	RPL: Sending a multicast-DIO with rank 506
1184731342	ID:33	RPL: Sending a multicast-DIO with rank 495
1185225544	ID:36	RPL: Sending a multicast-DIO with rank 497
1186468512	ID:35	RPL: Sending a multicast-DIO with rank 524
1186834582	ID:32	RPL: Sending a multicast-DIO with rank 506
1189731342	ID:33	RPL: Sending a multicast-DIO with rank 495
1190225544	ID:36	RPL: Sending a multicast-DIO with rank 497
1191468512	ID:35	RPL: Sending a multicast-DIO with rank 524
1191834582	ID:32	RPL: Sending a multicast-DIO with rank 506
1194731342	ID:33	RPL: Sending a multicast-DIO with rank 495
1195225544	ID:36	RPL: Sending a multicast-DIO with rank 497
1196468511	ID:35	RPL: Sending a multicast-DIO with rank 524
1196834582	ID:32	RPL: Sending a multicast-DIO with rank 506
1199731342	ID:33	RPL: Sending a multicast-DIO with rank 495
1200225544	ID:36	RPL: Sending a multicast-DIO with rank 497
1201468516	ID:35	RPL: Sending a multicast-DIO with rank 524
1201834587	ID:32	RPL: Sending a multicast-DIO with rank 506
1204731347	ID:33	RPL: Sending a multicast-DIO with rank 495
1205225549	ID:36	RPL: Sending a multicast-DIO with rank 497
1206468510	ID:35	RPL: Sending a multicast-DIO with rank 524
1206834581	ID:32	RPL: Sending a multicast-DIO with rank 506
1209731341	ID:33	RPL: Sending a multicast-DIO with rank 495
1210225543	ID:36	RPL: Sending a multicast-DIO with rank 497
1211468510	ID:35	RPL: Sending a multicast-DIO with rank 524
1211834581	ID:32	RPL: Sending a multicast-DIO with rank 506
1214731341	ID:33	RPL: Sending a multicast-DIO with rank 495
1215225543	ID:36	RPL: Sending a multicast-DIO with rank 497
1216468510	ID:35	RPL: Sending a multicast-DIO with rank 524
1216834581	ID:32	RPL: Sending a multicast-DIO with rank 506
1219731341	ID:33	RPL: Sending a multicast-DIO with rank 495
1220225543	ID:36	RPL: Sending a multicast-DIO with rank 497
1221468510	ID:35	RPL: Sending a multicast-DIO with rank 524
1221834581	ID:32	RPL: Sending a multicast-DIO with rank 506
1223589716	ID:34	RPL: Sending a DIS to fe80::c30c:0:0:6
1224731341	ID:33	RPL: Sending a multicast-DIO with rank 495
1225225543	ID:36	RPL: Sending a multicast-DIO with rank 497
1226468510	ID:35	RPL: Sending a multicast-DIO with rank 524
1226834581	ID:32	RPL: Sending a multicast-DIO with rank 506
1229731341	ID:33	RPL: Sending a multicast-DIO with rank 495
1230225543	ID:36	RPL: Sending a multicast-DIO with rank 497
1231468510	ID:35	RPL: Sending a multicast-DIO with rank 524
1231834581	ID:32	RPL: Sending a multicast-DIO with rank 506
1234731341	ID:33	RPL: Sending a multicast-DIO with rank 495
1235225543	ID:36	RPL: Sending a multicast-DIO with rank 497
1236468510	ID:35	RPL: Sending a multicast-DIO with rank 524
1236834581	ID:32	RPL: Sending a multicast-DIO with rank 506
1239731341	ID:33	RPL: Sending a multicast-DIO with rank 495
1240225543	ID:36	RPL: Sending a multicast-DIO with rank 497
1241468510	ID:35	RPL: Sending a multicast-DIO with rank 524
1241834581	ID:32	RPL: Sending a multicast-DIO with rank 506
1244731341	ID:33	RPL: Sending a multicast-DIO with rank 495
1245225543	ID:36	RPL: Sending a multicast-DIO with rank 497
1246468510	ID:35	RPL: Sending a multicast-DIO with rank 524
1246834581	ID:32	RPL: Sending a multicast-DIO with rank 506
1249731341	ID:33	RPL: Sending a multicast-DIO with rank 495
1250225543	ID:36	RPL: Sending a multicast-DIO with rank 497
1251468510	ID:35	RPL: Sending a multicast-DIO with rank 524
1251834581	ID:32	RPL: Sending a multicast-DIO with rank 506
1254731341	ID:33	RPL: Sending a multicast-DIO with rank 495
1255225543	ID:36	RPL: Sending a multicast-DIO with rank 497
1256468510	ID:35	RPL: Sending a multicast-DIO with rank 524
1256834581	ID:32	RPL: Sending a multicast-DIO with rank 506
1259731341	ID:33	RPL: Sending a multicast-DIO with rank 495
1260225543	ID:36	RPL: Sending a multicast-DIO with rank 497
1261468510	ID:35	RPL: Sending a multicast-DIO with rank 524
1261834581	ID:32	RPL: Sending a multicast-DIO with rank 506
1264731341	ID:33	RPL: Sending a multicast-DIO with rank 495
1265225543	ID:36	RPL: Sending a multicast-DIO with rank 497
1266468510	ID:35	RPL: Sending a multicast-DIO with rank 524
1266834581	ID:32	RPL: Sending a multicast-DIO with rank 506
1269731341	ID:33	RPL: Sending a multicast-DIO with rank 495
1270225543	ID:36	RPL: Sending a multicast-DIO with rank 497
1271468510	ID:35	RPL: Sending a multicast-DIO with rank 524
1271834581	ID:32	RPL: Sending a multicast-DIO with rank 506
1274731341	ID:33	RPL: Sending a multicast-DIO with rank 495
1275225543	ID:36	RPL: Sending a multicast-DIO with rank 497
1276468510	ID:35	RPL: Sending a multicast-DIO with rank 524
1276834581	ID:32	RPL: Sending a multicast-DIO with rank 506
1279731341	ID:33	RPL: Sending a multicast-DIO with rank 495
1280225543	ID:36	RPL: Sending a multicast-DIO with rank 497
1281468510	ID:35	RPL: Sending a multicast-DIO with rank 524
1281834581	ID:32	RPL: Sending a multicast-DIO with rank 506
1283589716	ID:34	RPL: Sending a DIS to fe80::c30c:0:0:6
1284731341	ID:33	RPL: Sending a multicast-DIO with rank 495
1285225543	ID:36	RPL: Sending a multicast-DIO with rank 497
1286468510	ID:35	RPL: Sending a multicast-DIO with rank 524
1286834581	ID:32	RPL: Sending a multicast-DIO with rank 506
1289731341	ID:33	RPL: Sending a multicast-DIO with rank 495
1290225543	ID:36	RPL: Sending a multicast-DIO with rank 497
1291468510	ID:35	RPL: Sending a multicast-DIO with rank 524
1291834581	ID:32	RPL: Sending a multicast-DIO with rank 506
1294731341	ID:33	RPL: Sending a multicast-DIO with rank 495
1295225543	ID:36	RPL: Sending a multicast-DIO with rank 497
1296468510	ID:35	RPL: Sending a multicast-DIO with rank 524
1296834581	ID:32	RPL: Sending a multicast-DIO with rank 506
1299731341	ID:33	RPL: Sending a multicast-DIO with rank 495
1300225543	ID:36	RPL: Sending a multicast-DIO with rank 497
1301468510	ID:35	RPL: Sending a multicast-DIO with rank 524
1301834581	ID:32	RPL: Sending a multicast-DIO with rank 506
1304731341	ID:33	RPL: Sending a multicast-DIO with rank 495
1305225543	ID:36	RPL: Sending a multicast-DIO with rank 497
1306468510	ID:35	RPL: Sending a multicast-DIO with rank 524
1306834581	ID:32	RPL: Sending a multicast-DIO with rank 506
1309731341	ID:33	RPL: Sending a multicast-DIO with rank 495
1310225543	ID:36	RPL: Sending a multicast-DIO with rank 497
1311468510	ID:35	RPL: Sending a multicast-DIO with rank 524
1311834581	ID:32	RPL: Sending a multicast-DIO with rank 506
1314731341	ID:33	RPL: Sending a multicast-DIO with rank 495
1315225543	ID:36	RPL: Sending a multicast-DIO with rank 497
1316468510	ID:35	RPL: Sending a multicast-DIO with rank 524
1316834581	ID:32	RPL: Sending a multicast-DIO with rank 506
1319731341	ID:33	RPL: Sending a multicast-DIO with rank 495
1320225543	ID:36	RPL: Sending a multicast-DIO with rank 497
1321468510	ID:35	RPL: Sending a multicast-DIO with rank 524
1321834581	ID:32	RPL: Sending a multicast-DIO with rank 506
1324731341	ID:33	RPL: Sending a multicast-DIO with rank 495
1325225543	ID:36	RPL: Sending a multicast-DIO with rank 497
1326468510	ID:35	RPL: Sending a multicast-DIO with rank 524
1326834581	ID:32	RPL: Sending a multicast-DIO with rank 506
1329731341	ID:33	RPL: Sending a multicast-DIO with rank 495
1330225543	ID:36	RPL: Sending a multicast-DIO with rank 497
1331468510	ID:35	RPL: Sending a multicast-DIO with rank 524
1331834581	ID:32	RPL: Sending a multicast-DIO with rank 506
1334731341	ID:33	RPL: Sending a multicast-DIO with rank 495
1335225543	ID:36	RPL: Sending a multicast-DIO with rank 497
1336468510	ID:35	RPL: Sending a multicast-DIO with rank 524
1336834581	ID:32	RPL: Sending a multicast-DIO with rank 506
1339731341	ID:33	RPL: Sending a multicast-DIO with rank 495
1340225543	ID:36	RPL: Sending a multicast-DIO with rank 497
1341468510	ID:35	RPL: Sending a multicast-DIO with rank 524
1341834581	ID:32	RPL: Sending a multicast-DIO with rank 506
1343589716	ID:34	RPL: Sending a DIS to fe80::c30c:0:0:6
1344731341	ID:33	RPL: Sending a multicast-DIO with rank 495
1345225543	ID:36	RPL: Sending a multicast-DIO with rank 497
1346468510	ID:35	RPL: Sending a multicast-DIO with rank 524
1346834581	ID:32	RPL: Sending a multicast-DIO with rank 506
1349731341	ID:33	RPL: Sending a multicast-DIO with rank 495
1350225543	ID:36	RPL: Sending a multicast-DIO with rank 497
1351468510	ID:35	RPL: Sending a multicast-DIO with rank 524
1351834581	ID:32	RPL: Sending a multicast-DIO with rank 506
1354731341	ID:33	RPL: Sending a multicast-DIO with rank 495
1355225543	ID:36	RPL: Sending a multicast-DIO with rank 497
1356468510	ID:35	RPL: Sending a multicast-DIO with rank 524
1356834581	ID:32	RPL: Sending a multicast-DIO with rank 506
1359731341	ID:33	RPL: Sending a multicast-DIO with rank 495
1360225543	ID:36	RPL: Sending a multicast-DIO with rank 497
1361468510	ID:35	RPL: Sending a multicast-DIO with rank 524
1361834581	ID:32	RPL: Sending a multicast-DIO with rank 506
1364731341	ID:33	RPL: Sending a multicast-DIO with rank 495
1365225543	ID:36	RPL: Sending a multicast-DIO with rank 497
1366468510	ID:35	RPL: Sending a multicast-DIO with rank 524
1366834581	ID:32	RPL: Sending a multicast-DIO with rank 506
1369731341	ID:33	RPL: Sending a multicast-DIO with rank 495
1370225543	ID:36	RPL: Sending a multicast-DIO with rank 497
1371468510	ID:35	RPL: Sending a multicast-DIO with rank 524
1371834581	ID:32	RPL: Sending a multicast-DIO with rank 506
1374731341	ID:33	RPL: Sending a multicast-DIO with rank 495
1375225543	ID:36	RPL: Sending a multicast-DIO with rank 497
1376468510	ID:35	RPL: Sending a multicast-DIO with rank 524
1376834581	ID:32	RPL: Sending a multicast-DIO with rank 506
1379731341	ID:33	RPL: Sending a multicast-DIO with rank 495
1380225543	ID:36	RPL: Sending a multicast-DIO with rank 497
1381468510	ID:35	RPL: Sending a multicast-DIO with rank 524
1381834581	ID:32	RPL: Sending a multicast-DIO with rank 506
1384731341	ID:33	RPL: Sending a multicast-DIO with rank 495
1385225543	ID:36	RPL: Sending a multicast-DIO with rank 497
1386468510	ID:35	RPL: Sending a multicast-DIO with rank 524
1386834581	ID:32	RPL: Sending a multicast-DIO with rank 506
1389731341	ID:33	RPL: Sending a multicast-DIO with rank 495
1390225543	ID:36	RPL: Sending a multicast-DIO with rank 497
1391468510	ID:35	RPL: Sending a multicast-DIO with rank 524
1391834581	ID:32	RPL: Sending a multicast-DIO with rank 506
1394731341	ID:33	RPL: Sending a multicast-DIO with rank 495
1395225543	ID:36	RPL: Sending a multicast-DIO with rank 497
1396468510	ID:35	RPL: Sending a multicast-DIO with rank 524
1396834581	ID:32	RPL: Sending a multicast-DIO with rank 506
1399731341	ID:33	RPL: Sending a multicast-DIO with rank 495
1400225543	ID:36	RPL: Sending a multicast-DIO with rank 497
1401468510	ID:35	RPL: Sending a multicast-DIO with rank 524
1401834581	ID:32	RPL: Sending a multicast-DIO with rank 506
1403589716	ID:34	RPL: Sending a DIS to fe80::c30c:0:0:6
1404731341	ID:33	RPL: Sending a multicast-DIO with rank 495
1405225543	ID:36	RPL: Sending a multicast-DIO with rank 497
1406468510	ID:35	RPL: Sending a multicast-DIO with rank 524
1406834581	ID:32	RPL: Sending a multicast-DIO with rank 506
1409731341	ID:33	RPL: Sending a multicast-DIO with rank 495
1410225543	ID:36	RPL: Sending a multicast-DIO with rank 497
1411468510	ID:35	RPL: Sending a multicast-DIO with rank 524
1411834581	ID:32	RPL: Sending a multicast-DIO with rank 506
1414731341	ID:33	RPL: Sending a multicast-DIO with rank 495
1415225543	ID:36	RPL: Sending a multicast-DIO with rank 497
1416468510	ID:35	RPL: Sending a multicast-DIO with rank 524
1416834581	ID:32	RPL: Sending a multicast-DIO with rank 506
1419731341	ID:33	RPL: Sending a multicast-DIO with rank 495
1420225543	ID:36	RPL: Sending a multicast-DIO with rank 497
1421468510	ID:35	RPL: Sending a multicast-DIO with rank 524
1421834581	ID:32	RPL: Sending a multicast-DIO with rank 506
1424731341	ID:33	RPL: Sending a multicast-DIO with rank 495
1425225543	ID:36	RPL: Sending a multicast-DIO with rank 497
1426468510	ID:35	RPL: Sending a multicast-DIO with rank 524
1426834588	ID:32	RPL: Sending a multicast-DIO with rank 506
1429731341	ID:33	RPL: Sending a multicast-DIO with rank 495
1430225543	ID:36	RPL: Sending a multicast-DIO with rank 497
1431468510	ID:35	RPL: Sending a multicast-DIO with rank 524
1431834581	ID:32	RPL: Sending a multicast-DIO with rank 506
1434731341	ID:33	RPL: Sending a multicast-DIO with rank 495
1435225543	ID:36	RPL: Sending a multicast-DIO with rank 497
1436468510	ID:35	RPL: Sending a multicast-DIO with rank 524
1436834581	ID:32	RPL: Sending a multicast-DIO with rank 506
1439731341	ID:33	RPL: Sending a multicast-DIO with rank 495
1440225543	ID:36	RPL: Sending a multicast-DIO with rank 497
1441468510	ID:35	RPL: Sending a multicast-DIO with rank 524
1441834581	ID:32	RPL: Sending a multicast-DIO with rank 506
1444731341	ID:33	RPL: Sending a multicast-DIO with rank 495
1445225543	ID:36	RPL: Sending a multicast-DIO with rank 497
1446468510	ID:35	RPL: Sending a multicast-DIO with rank 524
1446834581	ID:32	RPL: Sending a multicast-DIO with rank 506
1449731341	ID:33	RPL: Sending a multicast-DIO with rank 495
1450225543	ID:36	RPL: Sending a multicast-DIO with rank 497
1451468510	ID:35	RPL: Sending a multicast-DIO with rank 524
1451834581	ID:32	RPL: Sending a multicast-DIO with rank 506
1454731341	ID:33	RPL: Sending a multicast-DIO with rank 495
1455225543	ID:36	RPL: Sending a multicast-DIO with rank 497
1456468510	ID:35	RPL: Sending a multicast-DIO with rank 524
1456834581	ID:32	RPL: Sending a multicast-DIO with rank 506
1459731341	ID:33	RPL: Sending a multicast-DIO with rank 495
1460225543	ID:36	RPL: Sending a multicast-DIO with rank 497
1461468510	ID:35	RPL: Sending a multicast-DIO with rank 524
1461834581	ID:32	RPL: Sending a multicast-DIO with rank 506
1463589716	ID:34	RPL: Sending a DIS to fe80::c30c:0:0:6
1464731341	ID:33	RPL: Sending a multicast-DIO with rank 495
1465225543	ID:36	RPL: Sending a multicast-DIO with rank 497
1466468510	ID:35	RPL: Sending a multicast-DIO with rank 524
1466834581	ID:32	RPL: Sending a multicast-DIO with rank 506
1469731341	ID:33	RPL: Sending a multicast-DIO with rank 495
1470225543	ID:36	RPL: Sending a multicast-DIO with rank 497
1471468510	ID:35	RPL: Sending a multicast-DIO with rank 524
1471834581	ID:32	RPL: Sending a multicast-DIO with rank 506
1474731341	ID:33	RPL: Sending a multicast-DIO with rank 495
1475225543	ID:36	RPL: Sending a multicast-DIO with rank 497
1476468510	ID:35	RPL: Sending a multicast-DIO with rank 524
1476834581	ID:32	RPL: Sending a multicast-DIO with rank 506
1479731348	ID:33	RPL: Sending a multicast-DIO with rank 495
1480225543	ID:36	RPL: Sending a multicast-DIO with rank 497
1481468510	ID:35	RPL: Sending a multicast-DIO with rank 524
1481834581	ID:32	RPL: Sending a multicast-DIO with rank 506
1484731341	ID:33	RPL: Sending a multicast-DIO with rank 495
1485225543	ID:36	RPL: Sending a multicast-DIO with rank 497
1486468510	ID:35	RPL: Sending a multicast-DIO with rank 524
1486834581	ID:32	RPL: Sending a multicast-DIO with rank 506
1489731341	ID:33	RPL: Sending a multicast-DIO with rank 495
1490225543	ID:36	RPL: Sending a multicast-DIO with rank 497
1491468510	ID:35	RPL: Sending a multicast-DIO with rank 524
1491834581	ID:32	RPL: Sending a multicast-DIO with rank 506
1494731341	ID:33	RPL: Sending a multicast-DIO with rank 495
1495225543	ID:36	RPL: Sending a multicast-DIO with rank 497
1496468510	ID:35	RPL: Sending a multicast-DIO with rank 524
1496834581	ID:32	RPL: Sending a multicast-DIO with rank 506
1499731341	ID:33	RPL: Sending a multicast-DIO with rank 495
1500225550	ID:36	RPL: Sending a multicast-DIO with rank 497
1501468510	ID:35	RPL: Sending a multicast-DIO with rank 524
1501834581	ID:32	RPL: Sending a multicast-DIO with rank 506
1504731341	ID:33	RPL: Sending a multicast-DIO with rank 495
1505225543	ID:36	RPL: Sending a multicast-DIO with rank 497
1506468510	ID:35	RPL: Sending a multicast-DIO with rank 524
1506834581	ID:32	RPL: Sending a multicast-DIO with rank 506
1509731341	ID:33	RPL: Sending a multicast-DIO with rank 495
1510225543	ID:36	RPL: Sending a multicast-DIO with rank 497
1511468510	ID:35	RPL: Sending a multicast-DIO with rank 524
1511834581	ID:32	RPL: Sending a multicast-DIO with rank 506
1514731341	ID:33	RPL: Sending a multicast-DIO with rank 495
1515225543	ID:36	RPL: Sending a multicast-DIO with rank 497
1516468510	ID:35	RPL: Sending a multicast-DIO with rank 524
1516834581	ID:32	RPL: Sending a multicast-DIO with rank 506
1519731341	ID:33	RPL: Sending a multicast-DIO with rank 495
1520225543	ID:36	RPL: Sending a multicast-DIO with rank 497
1521468510	ID:35	RPL: Sending a multicast-DIO with rank 524
1521834581	ID:32	RPL: Sending a multicast-DIO with rank 506
1523589716	ID:34	RPL: Sending a DIS to fe80::c30c:0:0:6
1524731341	ID:33	RPL: Sending a multicast-DIO with rank 495
1525225543	ID:36	RPL: Sending a multicast-DIO with rank 497
1526468510	ID:35	RPL: Sending a multicast-DIO with rank 524
1526834581	ID:32	RPL: Sending a multicast-DIO with rank 506
1529731341	ID:33	RPL: Sending a multicast-DIO with rank 495
1530225543	ID:36	RPL: Sending a multicast-DIO with rank 497
1531468510	ID:35	RPL: Sending a multicast-DIO with rank 524
1531834581	ID:32	RPL: Sending a multicast-DIO with rank 506
1534731341	ID:33	RPL: Sending a multicast-DIO with rank 495
1535225543	ID:36	RPL: Sending a multicast-DIO with rank 497
1536468510	ID:35	RPL: Sending a multicast-DIO with rank 524
1536834581	ID:32	RPL: Sending a multicast-DIO with rank 506
1539731341	ID:33	RPL: Sending a multicast-DIO with rank 495
1540225543	ID:36	RPL: Sending a multicast-DIO with rank 497
1541468510	ID:35	RPL: Sending a multicast-DIO with rank 524
1541834581	ID:32	RPL: Sending a multicast-DIO with rank 506
1544731341	ID:33	RPL: Sending a multicast-DIO with rank 495
1545225543	ID:36	RPL: Sending a multicast-DIO with rank 497
1546468510	ID:35	RPL: Sending a multicast-DIO with rank 524
1546834581	ID:32	RPL: Sending a multicast-DIO with rank 506
1549731341	ID:33	RPL: Sending a multicast-DIO with rank 495
1550225543	ID:36	RPL: Sending a multicast-DIO with rank 497
1551468510	ID:35	RPL: Sending a multicast-DIO with rank 524
1551834581	ID:32	RPL: Sending a multicast-DIO with rank 506
1554731341	ID:33	RPL: Sending a multicast-DIO with rank 495
1555225543	ID:36	RPL: Sending a multicast-DIO with rank 497
1556468510	ID:35	RPL: Sending a multicast-DIO with rank 524
1556834581	ID:32	RPL: Sending a multicast-DIO with rank 506
1559731341	ID:33	RPL: Sending a multicast-DIO with rank 495
1560225543	ID:36	RPL: Sending a multicast-DIO with rank 497
1561468510	ID:35	RPL: Sending a multicast-DIO with rank 524
1561834581	ID:32	RPL: Sending a multicast-DIO with rank 506
1564731341	ID:33	RPL: Sending a multicast-DIO with rank 495
1565225543	ID:36	RPL: Sending a multicast-DIO with rank 497
1566468510	ID:35	RPL: Sending a multicast-DIO with rank 524
1566834581	ID:32	RPL: Sending a multicast-DIO with rank 506
1569731341	ID:33	RPL: Sending a multicast-DIO with rank 495
1570225543	ID:36	RPL: Sending a multicast-DIO with rank 497
1571468510	ID:35	RPL: Sending a multicast-DIO with rank 524
1571834581	ID:32	RPL: Sending a multicast-DIO with rank 506
1574731341	ID:33	RPL: Sending a multicast-DIO with rank 495
1575225543	ID:36	RPL: Sending a multicast-DIO with rank 497
1576468518	ID:35	RPL: Sending a multicast-DIO with rank 524
1576834581	ID:32	RPL: Sending a multicast-DIO with rank 506
1579731341	ID:33	RPL: Sending a multicast-DIO with rank 495
1580225543	ID:36	RPL: Sending a multicast-DIO with rank 497
1581468510	ID:35	RPL: Sending a multicast-DIO with rank 524
1581834581	ID:32	RPL: Sending a multicast-DIO with rank 506
1583589716	ID:34	RPL: Sending a DIS to fe80::c30c:0:0:6
1584731341	ID:33	RPL: Sending a multicast-DIO with rank 495
1585225543	ID:36	RPL: Sending a multicast-DIO with rank 497
1586468510	ID:35	RPL: Sending a multicast-DIO with rank 524
1586834581	ID:32	RPL: Sending a multicast-DIO with rank 506
1589731341	ID:33	RPL: Sending a multicast-DIO with rank 495
1590225543	ID:36	RPL: Sending a multicast-DIO with rank 497
1591468510	ID:35	RPL: Sending a multicast-DIO with rank 524
1591834581	ID:32	RPL: Sending a multicast-DIO with rank 506
1594731341	ID:33	RPL: Sending a multicast-DIO with rank 495
1595225543	ID:36	RPL: Sending a multicast-DIO with rank 497
1596468510	ID:35	RPL: Sending a multicast-DIO with rank 524
1596834581	ID:32	RPL: Sending a multicast-DIO with rank 506
1599731341	ID:33	RPL: Sending a multicast-DIO with rank 495
1600225543	ID:36	RPL: Sending a multicast-DIO with rank 497
1601468510	ID:35	RPL: Sending a multicast-DIO with rank 524
1601834581	ID:32	RPL: Sending a multicast-DIO with rank 506
1604731341	ID:33	RPL: Sending a multicast-DIO with rank 495
1605225543	ID:36	RPL: Sending a multicast-DIO with rank 497
1606468510	ID:35	RPL: Sending a multicast-DIO with rank 524
1606834581	ID:32	RPL: Sending a multicast-DIO with rank 506
1609731341	ID:33	RPL: Sending a multicast-DIO with rank 495
1610225543	ID:36	RPL: Sending a multicast-DIO with rank 497
1611468510	ID:35	RPL: Sending a multicast-DIO with rank 524
1611834581	ID:32	RPL: Sending a multicast-DIO with rank 506
1614731341	ID:33	RPL: Sending a multicast-DIO with rank 495
1615225543	ID:36	RPL: Sending a multicast-DIO with rank 497
1616468510	ID:35	RPL: Sending a multicast-DIO with rank 524
1616834581	ID:32	RPL: Sending a multicast-DIO with rank 506
1619731341	ID:33	RPL: Sending a multicast-DIO with rank 495
1620225543	ID:36	RPL: Sending a multicast-DIO with rank 497
1621468510	ID:35	RPL: Sending a multicast-DIO with rank 524
1621834581	ID:32	RPL: Sending a multicast-DIO with rank 506
1624731341	ID:33	RPL: Sending a multicast-DIO with rank 495
1625225543	ID:36	RPL: Sending a multicast-DIO with rank 497
1626468510	ID:35	RPL: Sending a multicast-DIO with rank 524
1626834581	ID:32	RPL: Sending a multicast-DIO with rank 506
1629731341	ID:33	RPL: Sending a multicast-DIO with rank 495
1630225543	ID:36	RPL: Sending a multicast-DIO with rank 497
1631468510	ID:35	RPL: Sending a multicast-DIO with rank 524
1631834581	ID:32	RPL: Sending a multicast-DIO with rank 506
1634731341	ID:33	RPL: Sending a multicast-DIO with rank 495
1635225543	ID:36	RPL: Sending a multicast-DIO with rank 497
1636468510	ID:35	RPL: Sending a multicast-DIO with rank 524
1636834581	ID:32	RPL: Sending a multicast-DIO with rank 506
1639731341	ID:33	RPL: Sending a multicast-DIO with rank 495
1640225543	ID:36	RPL: Sending a multicast-DIO with rank 497
1641468510	ID:35	RPL: Sending a multicast-DIO with rank 524
1641834581	ID:32	RPL: Sending a multicast-DIO with rank 506
1643589716	ID:34	RPL: Sending a DIS to fe80::c30c:0:0:6
1644731341	ID:33	RPL: Sending a multicast-DIO with rank 495
1645225543	ID:36	RPL: Sending a multicast-DIO with rank 497
1646468510	ID:35	RPL: Sending a multicast-DIO with rank 524
1646834581	ID:32	RPL: Sending a multicast-DIO with rank 506
1649731341	ID:33	RPL: Sending a multicast-DIO with rank 495
1650225543	ID:36	RPL: Sending a multicast-DIO with rank 497
1651468510	ID:35	RPL: Sending a multicast-DIO with rank 524
1651834581	ID:32	RPL: Sending a multicast-DIO with rank 506
1654731341	ID:33	RPL: Sending a multicast-DIO with rank 495
1655225543	ID:36	RPL: Sending a multicast-DIO with rank 497
1656468510	ID:35	RPL: Sending a multicast-DIO with rank 524
1656834581	ID:32	RPL: Sending a multicast-DIO with rank 506
1659731341	ID:33	RPL: Sending a multicast-DIO with rank 495
1660225543	ID:36	RPL: Sending a multicast-DIO with rank 497
1661468510	ID:35	RPL: Sending a multicast-DIO with rank 524
1661834581	ID:32	RPL: Sending a multicast-DIO with rank 506
1664731341	ID:33	RPL: Sending a multicast-DIO with rank 495
1665225543	ID:36	RPL: Sending a multicast-DIO with rank 497
1666468510	ID:35	RPL: Sending a multicast-DIO with rank 524
1666834581	ID:32	RPL: Sending a multicast-DIO with rank 506
1669731341	ID:33	RPL: Sending a multicast-DIO with rank 495
1670225543	ID:36	RPL: Sending a multicast-DIO with rank 497
1671468510	ID:35	RPL: Sending a multicast-DIO with rank 524
1671834581	ID:32	RPL: Sending a multicast-DIO with rank 506
1674731341	ID:33	RPL: Sending a multicast-DIO with rank 495
1675225543	ID:36	RPL: Sending a multicast-DIO with rank 497
1676468510	ID:35	RPL: Sending a multicast-DIO with rank 524
1676834581	ID:32	RPL: Sending a multicast-DIO with rank 506
1679731341	ID:33	RPL: Sending a multicast-DIO with rank 495
1680225543	ID:36	RPL: Sending a multicast-DIO with rank 497
1681468510	ID:35	RPL: Sending a multicast-DIO with rank 524
1681834581	ID:32	RPL: Sending a multicast-DIO with rank 506
1684731341	ID:33	RPL: Sending a multicast-DIO with rank 495
1685225543	ID:36	RPL: Sending a multicast-DIO with rank 497
1686468510	ID:35	RPL: Sending a multicast-DIO with rank 524
1686834581	ID:32	RPL: Sending a multicast-DIO with rank 506
1689731341	ID:33	RPL: Sending a multicast-DIO with rank 495
1690225543	ID:36	RPL: Sending a multicast-DIO with rank 497
1691468510	ID:35	RPL: Sending a multicast-DIO with rank 524
1691834581	ID:32	RPL: Sending a multicast-DIO with rank 506
1694731341	ID:33	RPL: Sending a multicast-DIO with rank 495
1695225543	ID:36	RPL: Sending a multicast-DIO with rank 497
1696468510	ID:35	RPL: Sending a multicast-DIO with rank 524
1696834581	ID:32	RPL: Sending a multicast-DIO with rank 506
1699731341	ID:33	RPL: Sending a multicast-DIO with rank 495
1700225543	ID:36	RPL: Sending a multicast-DIO with rank 497
1701468510	ID:35	RPL: Sending a multicast-DIO with rank 524
1701834581	ID:32	RPL: Sending a multicast-DIO with rank 506
1703589716	ID:34	RPL: Sending a DIS to fe80::c30c:0:0:6
1704731341	ID:33	RPL: Sending a multicast-DIO with rank 495
1705225543	ID:36	RPL: Sending a multicast-DIO with rank 497
1706468510	ID:35	RPL: Sending a multicast-DIO with rank 524
1706834581	ID:32	RPL: Sending a multicast-DIO with rank 506
1709731341	ID:33	RPL: Sending a multicast-DIO with rank 495
1710225543	ID:36	RPL: Sending a multicast-DIO with rank 497
1711468510	ID:35	RPL: Sending a multicast-DIO with rank 524
1711834581	ID:32	RPL: Sending a multicast-DIO with rank 506
1714731341	ID:33	RPL: Sending a multicast-DIO with rank 495
1715225543	ID:36	RPL: Sending a multicast-DIO with rank 497
1716468510	ID:35	RPL: Sending a multicast-DIO with rank 524
1716834581	ID:32	RPL: Sending a multicast-DIO with rank 506
1719731341	ID:33	RPL: Sending a multicast-DIO with rank 495
1720225543	ID:36	RPL: Sending a multicast-DIO with rank 497
1721468510	ID:35	RPL: Sending a multicast-DIO with rank 524
1721834581	ID:32	RPL: Sending a multicast-DIO with rank 506
1724731341	ID:33	RPL: Sending a multicast-DIO with rank 495
1725225543	ID:36	RPL: Sending a multicast-DIO with rank 497
1726468510	ID:35	RPL: Sending a multicast-DIO with rank 524
1726834581	ID:32	RPL: Sending a multicast-DIO with rank 506
1729731341	ID:33	RPL: Sending a multicast-DIO with rank 495
1730225543	ID:36	RPL: Sending a multicast-DIO with rank 497
1731468510	ID:35	RPL: Sending a multicast-DIO with rank 524
1731834581	ID:32	RPL: Sending a multicast-DIO with rank 506
1734731341	ID:33	RPL: Sending a multicast-DIO with rank 495
1735225543	ID:36	RPL: Sending a multicast-DIO with rank 497
1736468510	ID:35	RPL: Sending a multicast-DIO with rank 524
1736834581	ID:32	RPL: Sending a multicast-DIO with rank 506
1739731341	ID:33	RPL: Sending a multicast-DIO with rank 495
1740225543	ID:36	RPL: Sending a multicast-DIO with rank 497
1741468510	ID:35	RPL: Sending a multicast-DIO with rank 524
1741834581	ID:32	RPL: Sending a multicast-DIO with rank 506
1744731341	ID:33	RPL: Sending a multicast-DIO with rank 495
1745225543	ID:36	RPL: Sending a multicast-DIO with rank 497
1746468510	ID:35	RPL: Sending a multicast-DIO with rank 524
1746834581	ID:32	RPL: Sending a multicast-DIO with rank 506
1749731341	ID:33	RPL: Sending a multicast-DIO with rank 495
1750225543	ID:36	RPL: Sending a multicast-DIO with rank 497
1751468510	ID:35	RPL: Sending a multicast-DIO with rank 524
1751834581	ID:32	RPL: Sending a multicast-DIO with rank 506
1754731341	ID:33	RPL: Sending a multicast-DIO with rank 495
1755225543	ID:36	RPL: Sending a multicast-DIO with rank 497
1756468510	ID:35	RPL: Sending a multicast-DIO with rank 524
1756834581	ID:32	RPL: Sending a multicast-DIO with rank 506
1759731341	ID:33	RPL: Sending a multicast-DIO with rank 495
1760225543	ID:36	RPL: Sending a multicast-DIO with rank 497
1761468510	ID:35	RPL: Sending a multicast-DIO with rank 524
1761834581	ID:32	RPL: Sending a multicast-DIO with rank 506
1763589716	ID:34	RPL: Sending a DIS to fe80::c30c:0:0:6
1764731341	ID:33	RPL: Sending a multicast-DIO with rank 495
1765225543	ID:36	RPL: Sending a multicast-DIO with rank 497
1766468510	ID:35	RPL: Sending a multicast-DIO with rank 524
1766834581	ID:32	RPL: Sending a multicast-DIO with rank 506
1769731341	ID:33	RPL: Sending a multicast-DIO with rank 495
1770225543	ID:36	RPL: Sending a multicast-DIO with rank 497
1771468510	ID:35	RPL: Sending a multicast-DIO with rank 524
1771834581	ID:32	RPL: Sending a multicast-DIO with rank 506
1774731341	ID:33	RPL: Sending a multicast-DIO with rank 495
1775225543	ID:36	RPL: Sending a multicast-DIO with rank 497
1776468510	ID:35	RPL: Sending a multicast-DIO with rank 524
1776834581	ID:32	RPL: Sending a multicast-DIO with rank 506
1779731341	ID:33	RPL: Sending a multicast-DIO with rank 495
1780225543	ID:36	RPL: Sending a multicast-DIO with rank 497
1781468510	ID:35	RPL: Sending a multicast-DIO with rank 524
1781834581	ID:32	RPL: Sending a multicast-DIO with rank 506
1784731341	ID:33	RPL: Sending a multicast-DIO with rank 495
1785225543	ID:36	RPL: Sending a multicast-DIO with rank 497
1786468510	ID:35	RPL: Sending a multicast-DIO with rank 524
1786834581	ID:32	RPL: Sending a multicast-DIO with rank 506
1789731341	ID:33	RPL: Sending a multicast-DIO with rank 495
1790225543	ID:36	RPL: Sending a multicast-DIO with rank 497
1791468510	ID:35	RPL: Sending a multicast-DIO with rank 524
1791834581	ID:32	RPL: Sending a multicast-DIO with rank 506
1794731341	ID:33	RPL: Sending a multicast-DIO with rank 495
1795225543	ID:36	RPL: Sending a multicast-DIO with rank 497
1796468510	ID:35	RPL: Sending a multicast-DIO with rank 524
1796834581	ID:32	RPL: Sending a multicast-DIO with rank 506
1799731341	ID:33	RPL: Sending a multicast-DIO with rank 495
