AVG ON 0 us 0.00 %
AVG TX 0 us 0.00 %
AVG RX 0 us 0.00 %
AVG INT 0 us 0.00 %
Z1_1 MONITORED 0 us
Z1_1 ON 0 us NaN %
Z1_1 TX 0 us NaN %
Z1_1 RX 0 us NaN %
Z1_1 INT 0 us NaN %
Z1_2 MONITORED 0 us
Z1_2 ON 0 us NaN %
Z1_2 TX 0 us NaN %
Z1_2 RX 0 us NaN %
Z1_2 INT 0 us NaN %
Z1_3 MONITORED 0 us
Z1_3 ON 0 us NaN %
Z1_3 TX 0 us NaN %
Z1_3 RX 0 us NaN %
Z1_3 INT 0 us NaN %
Z1_4 MONITORED 0 us
Z1_4 ON 0 us NaN %
Z1_4 TX 0 us NaN %
Z1_4 RX 0 us NaN %
Z1_4 INT 0 us NaN %
Z1_5 MONITORED 0 us
Z1_5 ON 0 us NaN %
Z1_5 TX 0 us NaN %
Z1_5 RX 0 us NaN %
Z1_5 INT 0 us NaN %
Z1_6 MONITORED 927512 us
Z1_6 ON 0 us 0.00 %
Z1_6 TX 0 us 0.00 %
Z1_6 RX 0 us 0.00 %
Z1_6 INT 0 us 0.00 %
Z1_7 MONITORED 0 us
Z1_7 ON 0 us NaN %
Z1_7 TX 0 us NaN %
Z1_7 RX 0 us NaN %
Z1_7 INT 0 us NaN %
Z1_8 MONITORED 0 us
Z1_8 ON 0 us NaN %
Z1_8 TX 0 us NaN %
Z1_8 RX 0 us NaN %
Z1_8 INT 0 us NaN %
Z1_9 MONITORED 0 us
Z1_9 ON 0 us NaN %
Z1_9 TX 0 us NaN %
Z1_9 RX 0 us NaN %
Z1_9 INT 0 us NaN %
Z1_10 MONITORED 0 us
Z1_10 ON 0 us NaN %
Z1_10 TX 0 us NaN %
Z1_10 RX 0 us NaN %
Z1_10 INT 0 us NaN %
Z1_11 MONITORED 0 us
Z1_11 ON 0 us NaN %
Z1_11 TX 0 us NaN %
Z1_11 RX 0 us NaN %
Z1_11 INT 0 us NaN %
Z1_12 MONITORED 0 us
Z1_12 ON 0 us NaN %
Z1_12 TX 0 us NaN %
Z1_12 RX 0 us NaN %
Z1_12 INT 0 us NaN %
Z1_13 MONITORED 0 us
Z1_13 ON 0 us NaN %
Z1_13 TX 0 us NaN %
Z1_13 RX 0 us NaN %
Z1_13 INT 0 us NaN %
Z1_14 MONITORED 0 us
Z1_14 ON 0 us NaN %
Z1_14 TX 0 us NaN %
Z1_14 RX 0 us NaN %
Z1_14 INT 0 us NaN %
Z1_15 MONITORED 0 us
Z1_15 ON 0 us NaN %
Z1_15 TX 0 us NaN %
Z1_15 RX 0 us NaN %
Z1_15 INT 0 us NaN %
Z1_16 MONITORED 0 us
Z1_16 ON 0 us NaN %
Z1_16 TX 0 us NaN %
Z1_16 RX 0 us NaN %
Z1_16 INT 0 us NaN %
Z1_17 MONITORED 0 us
Z1_17 ON 0 us NaN %
Z1_17 TX 0 us NaN %
Z1_17 RX 0 us NaN %
Z1_17 INT 0 us NaN %
Z1_18 MONITORED 0 us
Z1_18 ON 0 us NaN %
Z1_18 TX 0 us NaN %
Z1_18 RX 0 us NaN %
Z1_18 INT 0 us NaN %
Z1_19 MONITORED 0 us
Z1_19 ON 0 us NaN %
Z1_19 TX 0 us NaN %
Z1_19 RX 0 us NaN %
Z1_19 INT 0 us NaN %
Z1_20 MONITORED 0 us
Z1_20 ON 0 us NaN %
Z1_20 TX 0 us NaN %
Z1_20 RX 0 us NaN %
Z1_20 INT 0 us NaN %
Z1_21 MONITORED 0 us
Z1_21 ON 0 us NaN %
Z1_21 TX 0 us NaN %
Z1_21 RX 0 us NaN %
Z1_21 INT 0 us NaN %
AVG ON 39519808 us 10.38 %
AVG TX 5636523 us 1.48 %
AVG RX 4603740 us 1.21 %
AVG INT 8624011 us 2.27 %
Z1_1 MONITORED 18075482 us
Z1_1 ON 17062917 us 94.40 %
Z1_1 TX 220391 us 1.22 %
Z1_1 RX 1066994 us 5.90 %
Z1_1 INT 2432378 us 13.46 %
Z1_2 MONITORED 18076091 us
Z1_2 ON 830034 us 4.59 %
Z1_2 TX 446939 us 2.47 %
Z1_2 RX 50163 us 0.28 %
Z1_2 INT 149888 us 0.83 %
Z1_3 MONITORED 18075450 us
Z1_3 ON 565349 us 3.13 %
Z1_3 TX 302196 us 1.67 %
Z1_3 RX 38640 us 0.21 %
Z1_3 INT 68151 us 0.38 %
Z1_4 MONITORED 18121862 us
Z1_4 ON 136159 us 0.75 %
Z1_4 TX 0 us 0.00 %
Z1_4 RX 5662 us 0.03 %
Z1_4 INT 47902 us 0.26 %
Z1_5 MONITORED 18074875 us
Z1_5 ON 218826 us 1.21 %
Z1_5 TX 85908 us 0.48 %
Z1_5 RX 2203 us 0.01 %
Z1_5 INT 16390 us 0.09 %
Z1_6 MONITORED 18075450 us
Z1_6 ON 797116 us 4.41 %
Z1_6 TX 467848 us 2.59 %
Z1_6 RX 37094 us 0.21 %
Z1_6 INT 109587 us 0.61 %
Z1_7 MONITORED 18151597 us
Z1_7 ON 1623812 us 8.95 %
Z1_7 TX 1142977 us 6.30 %
Z1_7 RX 39099 us 0.22 %
Z1_7 INT 225683 us 1.24 %
Z1_8 MONITORED 18151597 us
Z1_8 ON 412914 us 2.27 %
Z1_8 TX 201146 us 1.11 %
Z1_8 RX 17746 us 0.10 %
Z1_8 INT 86512 us 0.48 %
Z1_9 MONITORED 18151597 us
Z1_9 ON 233822 us 1.29 %
Z1_9 TX 85905 us 0.47 %
Z1_9 RX 5129 us 0.03 %
Z1_9 INT 38468 us 0.21 %
Z1_10 MONITORED 18151597 us
Z1_10 ON 782147 us 4.31 %
Z1_10 TX 486894 us 2.68 %
Z1_10 RX 21823 us 0.12 %
Z1_10 INT 63224 us 0.35 %
Z1_11 MONITORED 18151597 us
Z1_11 ON 1235468 us 6.81 %
Z1_11 TX 830424 us 4.57 %
Z1_11 RX 45266 us 0.25 %
Z1_11 INT 154884 us 0.85 %
Z1_12 MONITORED 18151597 us
Z1_12 ON 227514 us 1.25 %
Z1_12 TX 24138 us 0.13 %
Z1_12 RX 27300 us 0.15 %
Z1_12 INT 80051 us 0.44 %
Z1_13 MONITORED 18151597 us
Z1_13 ON 227427 us 1.25 %
Z1_13 TX 85912 us 0.47 %
Z1_13 RX 9501 us 0.05 %
Z1_13 INT 23386 us 0.13 %
Z1_14 MONITORED 18151597 us
Z1_14 ON 271378 us 1.50 %
Z1_14 TX 85906 us 0.47 %
Z1_14 RX 13470 us 0.07 %
Z1_14 INT 85632 us 0.47 %
Z1_15 MONITORED 18151597 us
Z1_15 ON 1326922 us 7.31 %
Z1_15 TX 952852 us 5.25 %
Z1_15 RX 18087 us 0.10 %
Z1_15 INT 178705 us 0.98 %
Z1_16 MONITORED 18154534 us
Z1_16 ON 323059 us 1.78 %
Z1_16 TX 131179 us 0.72 %
Z1_16 RX 9676 us 0.05 %
Z1_16 INT 61951 us 0.34 %
Z1_17 MONITORED 18151597 us
Z1_17 ON 224726 us 1.24 %
Z1_17 TX 85908 us 0.47 %
Z1_17 RX 3740 us 0.02 %
Z1_17 INT 21683 us 0.12 %
Z1_18 MONITORED 18151597 us
Z1_18 ON 2827003 us 15.57 %
Z1_18 TX 0 us 0.00 %
Z1_18 RX 657729 us 3.62 %
Z1_18 INT 849304 us 4.68 %
Z1_19 MONITORED 18151597 us
Z1_19 ON 4047402 us 22.30 %
Z1_19 TX 0 us 0.00 %
Z1_19 RX 801295 us 4.41 %
Z1_19 INT 1549388 us 8.54 %
Z1_20 MONITORED 18078433 us
Z1_20 ON 2328670 us 12.88 %
Z1_20 TX 0 us 0.00 %
Z1_20 RX 502191 us 2.78 %
Z1_20 INT 1088795 us 6.02 %
Z1_21 MONITORED 18151597 us
Z1_21 ON 3817143 us 21.03 %
Z1_21 TX 0 us 0.00 %
Z1_21 RX 1230932 us 6.78 %
Z1_21 INT 1292049 us 7.12 %
AVG ON 96452254 us 12.27 %
AVG TX 20458521 us 2.60 %
AVG RX 10283214 us 1.31 %
AVG INT 24659211 us 3.14 %
Z1_1 MONITORED 35972130 us
Z1_1 ON 34959565 us 97.19 %
Z1_1 TX 330743 us 0.92 %
Z1_1 RX 1522295 us 4.23 %
Z1_1 INT 6419496 us 17.85 %
Z1_2 MONITORED 37430488 us
Z1_2 ON 1340637 us 3.58 %
Z1_2 TX 665171 us 1.78 %
Z1_2 RX 85875 us 0.23 %
Z1_2 INT 316583 us 0.85 %
Z1_3 MONITORED 37435887 us
Z1_3 ON 1005957 us 2.69 %
Z1_3 TX 486742 us 1.30 %
Z1_3 RX 77034 us 0.21 %
Z1_3 INT 164087 us 0.44 %
Z1_4 MONITORED 37496862 us
Z1_4 ON 733496 us 1.96 %
Z1_4 TX 316850 us 0.85 %
Z1_4 RX 34835 us 0.09 %
Z1_4 INT 145777 us 0.39 %
Z1_5 MONITORED 37406681 us
Z1_5 ON 724897 us 1.94 %
Z1_5 TX 348520 us 0.93 %
Z1_5 RX 31382 us 0.08 %
Z1_5 INT 65584 us 0.18 %
Z1_6 MONITORED 37436012 us
Z1_6 ON 1181347 us 3.16 %
Z1_6 TX 568587 us 1.52 %
Z1_6 RX 82314 us 0.22 %
Z1_6 INT 253287 us 0.68 %
Z1_7 MONITORED 37529862 us
Z1_7 ON 3113765 us 8.30 %
Z1_7 TX 2131576 us 5.68 %
Z1_7 RX 96505 us 0.26 %
Z1_7 INT 527129 us 1.40 %
Z1_8 MONITORED 37529862 us
Z1_8 ON 1319447 us 3.52 %
Z1_8 TX 704684 us 1.88 %
Z1_8 RX 42859 us 0.11 %
Z1_8 INT 345008 us 0.92 %
Z1_9 MONITORED 37529862 us
Z1_9 ON 1774101 us 4.73 %
Z1_9 TX 1189378 us 3.17 %
Z1_9 RX 30110 us 0.08 %
Z1_9 INT 285731 us 0.76 %
Z1_10 MONITORED 37529862 us
Z1_10 ON 1932534 us 5.15 %
Z1_10 TX 1204248 us 3.21 %
Z1_10 RX 67406 us 0.18 %
Z1_10 INT 289228 us 0.77 %
Z1_11 MONITORED 37529862 us
Z1_11 ON 3775990 us 10.06 %
Z1_11 TX 2566507 us 6.84 %
Z1_11 RX 123413 us 0.33 %
Z1_11 INT 614483 us 1.64 %
Z1_12 MONITORED 37529862 us
Z1_12 ON 1337863 us 3.56 %
Z1_12 TX 600024 us 1.60 %
Z1_12 RX 80938 us 0.22 %
Z1_12 INT 433293 us 1.15 %
Z1_13 MONITORED 37529862 us
Z1_13 ON 1073572 us 2.86 %
Z1_13 TX 576137 us 1.54 %
Z1_13 RX 27376 us 0.07 %
Z1_13 INT 220807 us 0.59 %
Z1_14 MONITORED 37529862 us
Z1_14 ON 1222353 us 3.26 %
Z1_14 TX 602813 us 1.61 %
Z1_14 RX 77839 us 0.21 %
Z1_14 INT 301964 us 0.80 %
Z1_15 MONITORED 37529862 us
Z1_15 ON 6251588 us 16.66 %
Z1_15 TX 4737939 us 12.62 %
Z1_15 RX 93641 us 0.25 %
Z1_15 INT 560715 us 1.49 %
Z1_16 MONITORED 37530117 us
Z1_16 ON 3358906 us 8.95 %
Z1_16 TX 2296981 us 6.12 %
Z1_16 RX 96185 us 0.26 %
Z1_16 INT 597780 us 1.59 %
Z1_17 MONITORED 37529862 us
Z1_17 ON 1728873 us 4.61 %
Z1_17 TX 1131621 us 3.02 %
Z1_17 RX 36133 us 0.10 %
Z1_17 INT 286468 us 0.76 %
Z1_18 MONITORED 37529862 us
Z1_18 ON 8396134 us 22.37 %
Z1_18 TX 0 us 0.00 %
Z1_18 RX 2469734 us 6.58 %
Z1_18 INT 3163960 us 8.43 %
Z1_19 MONITORED 37529862 us
Z1_19 ON 8769204 us 23.37 %
Z1_19 TX 0 us 0.00 %
Z1_19 RX 2253902 us 6.01 %
Z1_19 INT 3640401 us 9.70 %
Z1_20 MONITORED 37529862 us
Z1_20 ON 5544252 us 14.77 %
Z1_20 TX 0 us 0.00 %
Z1_20 RX 1072409 us 2.86 %
Z1_20 INT 2875992 us 7.66 %
Z1_21 MONITORED 37494750 us
Z1_21 ON 6907773 us 18.42 %
Z1_21 TX 0 us 0.00 %
Z1_21 RX 1881029 us 5.02 %
Z1_21 INT 3151438 us 8.41 %
AVG ON 131650661 us 11.25 %
AVG TX 26775803 us 2.29 %
AVG RX 11635205 us 0.99 %
AVG INT 29148142 us 2.49 %
Z1_1 MONITORED 55758475 us
Z1_1 ON 54745910 us 98.18 %
Z1_1 TX 331383 us 0.59 %
Z1_1 RX 1688524 us 3.03 %
Z1_1 INT 7310368 us 13.11 %
Z1_2 MONITORED 55758475 us
Z1_2 ON 1477030 us 2.65 %
Z1_2 TX 665171 us 1.19 %
Z1_2 RX 88744 us 0.16 %
Z1_2 INT 355870 us 0.64 %
Z1_3 MONITORED 55759329 us
Z1_3 ON 1179082 us 2.11 %
Z1_3 TX 498589 us 0.89 %
Z1_3 RX 98242 us 0.18 %
Z1_3 INT 194212 us 0.35 %
Z1_4 MONITORED 55758475 us
Z1_4 ON 1326516 us 2.38 %
Z1_4 TX 647761 us 1.16 %
Z1_4 RX 47627 us 0.09 %
Z1_4 INT 241097 us 0.43 %
Z1_5 MONITORED 55758475 us
Z1_5 ON 2384786 us 4.28 %
Z1_5 TX 1597197 us 2.86 %
Z1_5 RX 41051 us 0.07 %
Z1_5 INT 302391 us 0.54 %
Z1_6 MONITORED 55758475 us
Z1_6 ON 1322296 us 2.37 %
Z1_6 TX 572642 us 1.03 %
Z1_6 RX 89917 us 0.16 %
Z1_6 INT 276686 us 0.50 %
Z1_7 MONITORED 55759368 us
Z1_7 ON 3754241 us 6.73 %
Z1_7 TX 2548370 us 4.57 %
Z1_7 RX 103813 us 0.19 %
Z1_7 INT 623337 us 1.12 %
Z1_8 MONITORED 55758475 us
Z1_8 ON 1631906 us 2.93 %
Z1_8 TX 802389 us 1.44 %
Z1_8 RX 53416 us 0.10 %
Z1_8 INT 436915 us 0.78 %
Z1_9 MONITORED 55758475 us
Z1_9 ON 2140783 us 3.84 %
Z1_9 TX 1287075 us 2.31 %
Z1_9 RX 77682 us 0.14 %
Z1_9 INT 387224 us 0.69 %
Z1_10 MONITORED 55758475 us
Z1_10 ON 2169413 us 3.89 %
Z1_10 TX 1286752 us 2.31 %
Z1_10 RX 78314 us 0.14 %
Z1_10 INT 307220 us 0.55 %
Z1_11 MONITORED 55758475 us
Z1_11 ON 4079659 us 7.32 %
Z1_11 TX 2679792 us 4.81 %
Z1_11 RX 141854 us 0.25 %
Z1_11 INT 668787 us 1.20 %
Z1_12 MONITORED 55758475 us
Z1_12 ON 1732130 us 3.11 %
Z1_12 TX 698044 us 1.25 %
Z1_12 RX 133254 us 0.24 %
Z1_12 INT 555967 us 1.00 %
Z1_13 MONITORED 55694625 us
Z1_13 ON 4653875 us 8.36 %
Z1_13 TX 3372754 us 6.06 %
Z1_13 RX 41145 us 0.07 %
Z1_13 INT 452453 us 0.81 %
Z1_14 MONITORED 55661673 us
Z1_14 ON 1374321 us 2.47 %
Z1_14 TX 602813 us 1.08 %
Z1_14 RX 92377 us 0.17 %
Z1_14 INT 330538 us 0.59 %
Z1_15 MONITORED 55692506 us
Z1_15 ON 7339857 us 13.18 %
Z1_15 TX 5525244 us 9.92 %
Z1_15 RX 100162 us 0.18 %
Z1_15 INT 637267 us 1.14 %
Z1_16 MONITORED 55733450 us
Z1_16 ON 3653794 us 6.56 %
Z1_16 TX 2355346 us 4.23 %
Z1_16 RX 129504 us 0.23 %
Z1_16 INT 685425 us 1.23 %
Z1_17 MONITORED 55645822 us
Z1_17 ON 2168899 us 3.90 %
Z1_17 TX 1304481 us 2.34 %
Z1_17 RX 107447 us 0.19 %
Z1_17 INT 337759 us 0.61 %
Z1_18 MONITORED 55758475 us
Z1_18 ON 9124991 us 16.37 %
Z1_18 TX 0 us 0.00 %
Z1_18 RX 2519366 us 4.52 %
Z1_18 INT 3488517 us 6.26 %
Z1_19 MONITORED 55758475 us
Z1_19 ON 10117455 us 18.15 %
Z1_19 TX 0 us 0.00 %
Z1_19 RX 2621014 us 4.70 %
Z1_19 INT 3957309 us 7.10 %
Z1_20 MONITORED 55758475 us
Z1_20 ON 7635815 us 13.69 %
Z1_20 TX 0 us 0.00 %
Z1_20 RX 1441688 us 2.59 %
Z1_20 INT 3951128 us 7.09 %
Z1_21 MONITORED 55758475 us
Z1_21 ON 7637902 us 13.70 %
Z1_21 TX 0 us 0.00 %
Z1_21 RX 1940064 us 3.48 %
Z1_21 INT 3647672 us 6.54 %
AVG ON 177329033 us 11.46 %
AVG TX 36425812 us 2.35 %
AVG RX 15416178 us 1.00 %
AVG INT 41737111 us 2.70 %
Z1_1 MONITORED 73665823 us
Z1_1 ON 72653258 us 98.63 %
Z1_1 TX 442385 us 0.60 %
Z1_1 RX 2524457 us 3.43 %
Z1_1 INT 10123107 us 13.74 %
Z1_2 MONITORED 73665823 us
Z1_2 ON 1865621 us 2.53 %
Z1_2 TX 775763 us 1.05 %
Z1_2 RX 114111 us 0.15 %
Z1_2 INT 481705 us 0.65 %
Z1_3 MONITORED 73665823 us
Z1_3 ON 1570685 us 2.13 %
Z1_3 TX 606420 us 0.82 %
Z1_3 RX 154800 us 0.21 %
Z1_3 INT 284529 us 0.39 %
Z1_4 MONITORED 73621862 us
Z1_4 ON 1713075 us 2.33 %
Z1_4 TX 799739 us 1.09 %
Z1_4 RX 80401 us 0.11 %
Z1_4 INT 306229 us 0.42 %
Z1_5 MONITORED 73656681 us
Z1_5 ON 2656249 us 3.61 %
Z1_5 TX 1695534 us 2.30 %
Z1_5 RX 58571 us 0.08 %
Z1_5 INT 348236 us 0.47 %
Z1_6 MONITORED 73665823 us
Z1_6 ON 1720405 us 2.34 %
Z1_6 TX 703740 us 0.96 %
Z1_6 RX 122947 us 0.17 %
Z1_6 INT 381333 us 0.52 %
Z1_7 MONITORED 73665823 us
Z1_7 ON 6352663 us 8.62 %
Z1_7 TX 4519561 us 6.14 %
Z1_7 RX 120444 us 0.16 %
Z1_7 INT 983171 us 1.33 %
Z1_8 MONITORED 73665823 us
Z1_8 ON 3053441 us 4.14 %
Z1_8 TX 1771136 us 2.40 %
Z1_8 RX 80876 us 0.11 %
Z1_8 INT 684709 us 0.93 %
Z1_9 MONITORED 73640663 us
Z1_9 ON 2839285 us 3.86 %
Z1_9 TX 1703863 us 2.31 %
Z1_9 RX 86014 us 0.12 %
Z1_9 INT 534295 us 0.73 %
Z1_10 MONITORED 73669047 us
Z1_10 ON 2659443 us 3.61 %
Z1_10 TX 1531882 us 2.08 %
Z1_10 RX 95202 us 0.13 %
Z1_10 INT 397746 us 0.54 %
Z1_11 MONITORED 73665823 us
Z1_11 ON 4411772 us 5.99 %
Z1_11 TX 2709899 us 3.68 %
Z1_11 RX 179589 us 0.24 %
Z1_11 INT 836554 us 1.14 %
Z1_12 MONITORED 73665823 us
Z1_12 ON 2824799 us 3.83 %
Z1_12 TX 1300170 us 1.76 %
Z1_12 RX 206687 us 0.28 %
Z1_12 INT 827421 us 1.12 %
Z1_13 MONITORED 73583593 us
Z1_13 ON 5918541 us 8.04 %
Z1_13 TX 4219847 us 5.73 %
Z1_13 RX 66037 us 0.09 %
Z1_13 INT 710327 us 0.97 %
Z1_14 MONITORED 73665823 us
Z1_14 ON 1740325 us 2.36 %
Z1_14 TX 764369 us 1.04 %
Z1_14 RX 105801 us 0.14 %
Z1_14 INT 401705 us 0.55 %
Z1_15 MONITORED 73665823 us
Z1_15 ON 8741363 us 11.87 %
Z1_15 TX 6441585 us 8.74 %
Z1_15 RX 157411 us 0.21 %
Z1_15 INT 921816 us 1.25 %
Z1_16 MONITORED 73665823 us
Z1_16 ON 7087904 us 9.62 %
Z1_16 TX 4952329 us 6.72 %
Z1_16 RX 142516 us 0.19 %
Z1_16 INT 958874 us 1.30 %
Z1_17 MONITORED 73645822 us
Z1_17 ON 2657276 us 3.61 %
Z1_17 TX 1487590 us 2.02 %
Z1_17 RX 159181 us 0.22 %
Z1_17 INT 463230 us 0.63 %
Z1_18 MONITORED 73665823 us
Z1_18 ON 11838124 us 16.07 %
Z1_18 TX 0 us 0.00 %
Z1_18 RX 3028777 us 4.11 %
Z1_18 INT 4813033 us 6.53 %
Z1_19 MONITORED 73668839 us
Z1_19 ON 13200827 us 17.92 %
Z1_19 TX 0 us 0.00 %
Z1_19 RX 3118102 us 4.23 %
Z1_19 INT 5919170 us 8.03 %
Z1_20 MONITORED 73665823 us
Z1_20 ON 11178978 us 15.18 %
Z1_20 TX 0 us 0.00 %
Z1_20 RX 2067574 us 2.81 %
Z1_20 INT 6250080 us 8.48 %
Z1_21 MONITORED 73665823 us
Z1_21 ON 10644999 us 14.45 %
Z1_21 TX 0 us 0.00 %
Z1_21 RX 2746680 us 3.73 %
Z1_21 INT 5109841 us 6.94 %
AVG ON 212757801 us 11.21 %
AVG TX 42575157 us 2.24 %
AVG RX 18411261 us 0.97 %
AVG INT 49419108 us 2.60 %
Z1_1 MONITORED 88956550 us
Z1_1 ON 87943985 us 98.86 %
Z1_1 TX 445265 us 0.50 %
Z1_1 RX 2781190 us 3.13 %
Z1_1 INT 12222897 us 13.74 %
Z1_2 MONITORED 90430488 us
Z1_2 ON 2032540 us 2.25 %
Z1_2 TX 775763 us 0.86 %
Z1_2 RX 143691 us 0.16 %
Z1_2 INT 526915 us 0.58 %
Z1_3 MONITORED 90435887 us
Z1_3 ON 1766437 us 1.95 %
Z1_3 TX 624014 us 0.69 %
Z1_3 RX 183236 us 0.20 %
Z1_3 INT 319731 us 0.35 %
Z1_4 MONITORED 90496862 us
Z1_4 ON 2122058 us 2.34 %
Z1_4 TX 989009 us 1.09 %
Z1_4 RX 112223 us 0.12 %
Z1_4 INT 354952 us 0.39 %
Z1_5 MONITORED 90406681 us
Z1_5 ON 2901630 us 3.21 %
Z1_5 TX 1793239 us 1.98 %
Z1_5 RX 66181 us 0.07 %
Z1_5 INT 377398 us 0.42 %
Z1_6 MONITORED 90436012 us
Z1_6 ON 2194679 us 2.43 %
Z1_6 TX 934538 us 1.03 %
Z1_6 RX 157921 us 0.17 %
Z1_6 INT 478039 us 0.53 %
Z1_7 MONITORED 90378166 us
Z1_7 ON 7497611 us 8.30 %
Z1_7 TX 5299743 us 5.86 %
Z1_7 RX 136670 us 0.15 %
Z1_7 INT 1134673 us 1.26 %
Z1_8 MONITORED 90463746 us
Z1_8 ON 4251989 us 4.70 %
Z1_8 TX 2571730 us 2.84 %
Z1_8 RX 118270 us 0.13 %
Z1_8 INT 859493 us 0.95 %
Z1_9 MONITORED 90390663 us
Z1_9 ON 3177872 us 3.52 %
Z1_9 TX 1842553 us 2.04 %
Z1_9 RX 114902 us 0.13 %
Z1_9 INT 577957 us 0.64 %
Z1_10 MONITORED 90451763 us
Z1_10 ON 3794195 us 4.19 %
Z1_10 TX 2326087 us 2.57 %
Z1_10 RX 120392 us 0.13 %
Z1_10 INT 532527 us 0.59 %
Z1_11 MONITORED 90425245 us
Z1_11 ON 4819450 us 5.33 %
Z1_11 TX 2831126 us 3.13 %
Z1_11 RX 221420 us 0.24 %
Z1_11 INT 959219 us 1.06 %
Z1_12 MONITORED 90451618 us
Z1_12 ON 3600624 us 3.98 %
Z1_12 TX 1732110 us 1.91 %
Z1_12 RX 249265 us 0.28 %
Z1_12 INT 927007 us 1.02 %
Z1_13 MONITORED 90444625 us
Z1_13 ON 6575665 us 7.27 %
Z1_13 TX 4613667 us 5.10 %
Z1_13 RX 93864 us 0.10 %
Z1_13 INT 781367 us 0.86 %
Z1_14 MONITORED 90411673 us
Z1_14 ON 2920371 us 3.23 %
Z1_14 TX 1611621 us 1.78 %
Z1_14 RX 129027 us 0.14 %
Z1_14 INT 427272 us 0.47 %
Z1_15 MONITORED 90442506 us
Z1_15 ON 8946740 us 9.89 %
Z1_15 TX 6441585 us 7.12 %
Z1_15 RX 190773 us 0.21 %
Z1_15 INT 1007333 us 1.11 %
Z1_16 MONITORED 90483450 us
Z1_16 ON 8305190 us 9.18 %
Z1_16 TX 5820751 us 6.43 %
Z1_16 RX 164381 us 0.18 %
Z1_16 INT 1101453 us 1.22 %
Z1_17 MONITORED 90395822 us
Z1_17 ON 3359166 us 3.72 %
Z1_17 TX 1922356 us 2.13 %
Z1_17 RX 193844 us 0.21 %
Z1_17 INT 513219 us 0.57 %
Z1_18 MONITORED 90414300 us
Z1_18 ON 14167054 us 15.67 %
Z1_18 TX 0 us 0.00 %
Z1_18 RX 3913738 us 4.33 %
Z1_18 INT 5229235 us 5.78 %
Z1_19 MONITORED 90420041 us
Z1_19 ON 15778265 us 17.45 %
Z1_19 TX 0 us 0.00 %
Z1_19 RX 3787540 us 4.19 %
Z1_19 INT 6889925 us 7.62 %
Z1_20 MONITORED 90453738 us
Z1_20 ON 13794514 us 15.25 %
Z1_20 TX 0 us 0.00 %
Z1_20 RX 2359109 us 2.61 %
Z1_20 INT 7865212 us 8.70 %
Z1_21 MONITORED 90494750 us
Z1_21 ON 12807766 us 14.15 %
Z1_21 TX 0 us 0.00 %
Z1_21 RX 3173624 us 3.51 %
Z1_21 INT 6333284 us 7.00 %
AVG ON 258757328 us 11.39 %
AVG TX 58507074 us 2.57 %
AVG RX 20880478 us 0.92 %
AVG INT 61746615 us 2.72 %
Z1_1 MONITORED 108209432 us
Z1_1 ON 107196867 us 99.06 %
Z1_1 TX 665340 us 0.61 %
Z1_1 RX 3762611 us 3.48 %
Z1_1 INT 19143993 us 17.69 %
Z1_2 MONITORED 108209432 us
Z1_2 ON 2635141 us 2.44 %
Z1_2 TX 971165 us 0.90 %
Z1_2 RX 195442 us 0.18 %
Z1_2 INT 804115 us 0.74 %
Z1_3 MONITORED 108209432 us
Z1_3 ON 2499888 us 2.31 %
Z1_3 TX 858636 us 0.79 %
Z1_3 RX 323840 us 0.30 %
Z1_3 INT 484026 us 0.45 %
Z1_4 MONITORED 108210260 us
Z1_4 ON 2886748 us 2.67 %
Z1_4 TX 1365592 us 1.26 %
Z1_4 RX 179757 us 0.17 %
Z1_4 INT 489289 us 0.45 %
Z1_5 MONITORED 108210260 us
Z1_5 ON 3470948 us 3.21 %
Z1_5 TX 2137673 us 1.98 %
Z1_5 RX 79460 us 0.07 %
Z1_5 INT 457885 us 0.42 %
Z1_6 MONITORED 108209432 us
Z1_6 ON 3106706 us 2.87 %
Z1_6 TX 1371726 us 1.27 %
Z1_6 RX 223255 us 0.21 %
Z1_6 INT 771748 us 0.71 %
Z1_7 MONITORED 108210260 us
Z1_7 ON 8715044 us 8.05 %
Z1_7 TX 5946846 us 5.50 %
Z1_7 RX 189137 us 0.17 %
Z1_7 INT 1480018 us 1.37 %
Z1_8 MONITORED 108210554 us
Z1_8 ON 5566647 us 5.14 %
Z1_8 TX 3287808 us 3.04 %
Z1_8 RX 247900 us 0.23 %
Z1_8 INT 1176736 us 1.09 %
Z1_9 MONITORED 108210260 us
Z1_9 ON 3468627 us 3.21 %
Z1_9 TX 1907466 us 1.76 %
Z1_9 RX 136704 us 0.13 %
Z1_9 INT 692165 us 0.64 %
Z1_10 MONITORED 108210550 us
Z1_10 ON 7136881 us 6.60 %
Z1_10 TX 4731762 us 4.37 %
Z1_10 RX 204316 us 0.19 %
Z1_10 INT 981270 us 0.91 %
Z1_11 MONITORED 108210260 us
Z1_11 ON 5984462 us 5.53 %
Z1_11 TX 3390417 us 3.13 %
Z1_11 RX 316802 us 0.29 %
Z1_11 INT 1255102 us 1.16 %
Z1_12 MONITORED 108210260 us
Z1_12 ON 5034883 us 4.65 %
Z1_12 TX 2643100 us 2.44 %
Z1_12 RX 296320 us 0.27 %
Z1_12 INT 1245148 us 1.15 %
Z1_13 MONITORED 108210547 us
Z1_13 ON 7855406 us 7.26 %
Z1_13 TX 5501059 us 5.08 %
Z1_13 RX 115227 us 0.11 %
Z1_13 INT 994388 us 0.92 %
Z1_14 MONITORED 108209432 us
Z1_14 ON 7131307 us 6.59 %
Z1_14 TX 4819214 us 4.45 %
Z1_14 RX 191446 us 0.18 %
Z1_14 INT 769713 us 0.71 %
Z1_15 MONITORED 108210260 us
Z1_15 ON 10204310 us 9.43 %
Z1_15 TX 7196971 us 6.65 %
Z1_15 RX 240470 us 0.22 %
Z1_15 INT 1228942 us 1.14 %
Z1_16 MONITORED 108210260 us
Z1_16 ON 8515096 us 7.87 %
Z1_16 TX 5821710 us 5.38 %
Z1_16 RX 188773 us 0.17 %
Z1_16 INT 1228389 us 1.14 %
Z1_17 MONITORED 108210260 us
Z1_17 ON 3631032 us 3.36 %
Z1_17 TX 2020054 us 1.87 %
Z1_17 RX 204002 us 0.19 %
Z1_17 INT 585757 us 0.54 %
Z1_18 MONITORED 108210260 us
Z1_18 ON 15829941 us 14.63 %
Z1_18 TX 1004733 us 0.93 %
Z1_18 RX 3986208 us 3.68 %
Z1_18 INT 5613965 us 5.19 %
Z1_19 MONITORED 108210260 us
Z1_19 ON 17343792 us 16.03 %
Z1_19 TX 831021 us 0.77 %
Z1_19 RX 3911751 us 3.61 %
Z1_19 INT 7294021 us 6.74 %
Z1_20 MONITORED 108210260 us
Z1_20 ON 15912275 us 14.70 %
Z1_20 TX 1109032 us 1.02 %
Z1_20 RX 2547726 us 2.35 %
Z1_20 INT 8270251 us 7.64 %
Z1_21 MONITORED 108210260 us
Z1_21 ON 14631327 us 13.52 %
Z1_21 TX 925749 us 0.86 %
Z1_21 RX 3339331 us 3.09 %
Z1_21 INT 6779694 us 6.27 %
AVG ON 294898995 us 11.12 %
AVG TX 69151873 us 2.61 %
AVG RX 22211716 us 0.84 %
AVG INT 70937245 us 2.68 %
Z1_1 MONITORED 125874363 us
Z1_1 ON 124861798 us 99.20 %
Z1_1 TX 777623 us 0.62 %
Z1_1 RX 3981177 us 3.16 %
Z1_1 INT 24883971 us 19.77 %
Z1_2 MONITORED 126280857 us
Z1_2 ON 3002536 us 2.38 %
Z1_2 TX 1068867 us 0.85 %
Z1_2 RX 227372 us 0.18 %
Z1_2 INT 943226 us 0.75 %
Z1_3 MONITORED 126280857 us
Z1_3 ON 3011693 us 2.38 %
Z1_3 TX 1030190 us 0.82 %
Z1_3 RX 379846 us 0.30 %
Z1_3 INT 649547 us 0.51 %
Z1_4 MONITORED 126280857 us
Z1_4 ON 3417150 us 2.71 %
Z1_4 TX 1493969 us 1.18 %
Z1_4 RX 280505 us 0.22 %
Z1_4 INT 635098 us 0.50 %
Z1_5 MONITORED 126280857 us
Z1_5 ON 3647779 us 2.89 %
Z1_5 TX 2137673 us 1.69 %
Z1_5 RX 88739 us 0.07 %
Z1_5 INT 548288 us 0.43 %
Z1_6 MONITORED 126280857 us
Z1_6 ON 3576538 us 2.83 %
Z1_6 TX 1589927 us 1.26 %
Z1_6 RX 241701 us 0.19 %
Z1_6 INT 890218 us 0.70 %
Z1_7 MONITORED 126280857 us
Z1_7 ON 9236754 us 7.31 %
Z1_7 TX 6044549 us 4.79 %
Z1_7 RX 282833 us 0.22 %
Z1_7 INT 1690464 us 1.34 %
Z1_8 MONITORED 126280857 us
Z1_8 ON 7199841 us 5.70 %
Z1_8 TX 4294420 us 3.40 %
Z1_8 RX 351294 us 0.28 %
Z1_8 INT 1523941 us 1.21 %
Z1_9 MONITORED 126280857 us
Z1_9 ON 3900626 us 3.09 %
Z1_9 TX 2056412 us 1.63 %
Z1_9 RX 193017 us 0.15 %
Z1_9 INT 800637 us 0.63 %
Z1_10 MONITORED 126280857 us
Z1_10 ON 9453159 us 7.49 %
Z1_10 TX 6489672 us 5.14 %
Z1_10 RX 217075 us 0.17 %
Z1_10 INT 1274683 us 1.01 %
Z1_11 MONITORED 126280857 us
Z1_11 ON 6792220 us 5.38 %
Z1_11 TX 3797912 us 3.01 %
Z1_11 RX 375912 us 0.30 %
Z1_11 INT 1447491 us 1.15 %
Z1_12 MONITORED 126280926 us
Z1_12 ON 6259068 us 4.96 %
Z1_12 TX 3319336 us 2.63 %
Z1_12 RX 387852 us 0.31 %
Z1_12 INT 1488831 us 1.18 %
Z1_13 MONITORED 126280857 us
Z1_13 ON 9960343 us 7.89 %
Z1_13 TX 7085509 us 5.61 %
Z1_13 RX 133981 us 0.11 %
Z1_13 INT 1194312 us 0.95 %
Z1_14 MONITORED 126280857 us
Z1_14 ON 7445609 us 5.90 %
Z1_14 TX 4917237 us 3.89 %
Z1_14 RX 235220 us 0.19 %
Z1_14 INT 827961 us 0.66 %
Z1_15 MONITORED 126280857 us
Z1_15 ON 10526069 us 8.34 %
Z1_15 TX 7319959 us 5.80 %
Z1_15 RX 260137 us 0.21 %
Z1_15 INT 1302029 us 1.03 %
Z1_16 MONITORED 126280857 us
Z1_16 ON 9062889 us 7.18 %
Z1_16 TX 6110218 us 4.84 %
Z1_16 RX 222246 us 0.18 %
Z1_16 INT 1316253 us 1.04 %
Z1_17 MONITORED 126280857 us
Z1_17 ON 4112962 us 3.26 %
Z1_17 TX 2230385 us 1.77 %
Z1_17 RX 247790 us 0.20 %
Z1_17 INT 676108 us 0.54 %
Z1_18 MONITORED 126280857 us
Z1_18 ON 17262404 us 13.67 %
Z1_18 TX 1884027 us 1.49 %
Z1_18 RX 4068788 us 3.22 %
Z1_18 INT 5829456 us 4.62 %
Z1_19 MONITORED 126280857 us
Z1_19 ON 18791407 us 14.88 %
Z1_19 TX 1707722 us 1.35 %
Z1_19 RX 4003181 us 3.17 %
Z1_19 INT 7529503 us 5.96 %
Z1_20 MONITORED 126280857 us
Z1_20 ON 17304284 us 13.70 %
Z1_20 TX 1988337 us 1.57 %
Z1_20 RX 2608285 us 2.07 %
Z1_20 INT 8492926 us 6.73 %
Z1_21 MONITORED 126280857 us
Z1_21 ON 16073866 us 12.73 %
Z1_21 TX 1807929 us 1.43 %
Z1_21 RX 3424765 us 2.71 %
Z1_21 INT 6992302 us 5.54 %
AVG ON 328633750 us 10.86 %
AVG TX 77530867 us 2.56 %
AVG RX 23780969 us 0.79 %
AVG INT 78048106 us 2.58 %
Z1_1 MONITORED 144064508 us
Z1_1 ON 143051943 us 99.30 %
Z1_1 TX 886381 us 0.62 %
Z1_1 RX 4250278 us 2.95 %
Z1_1 INT 29556965 us 20.52 %
Z1_2 MONITORED 144064508 us
Z1_2 ON 3307420 us 2.30 %
Z1_2 TX 1112288 us 0.77 %
Z1_2 RX 262355 us 0.18 %
Z1_2 INT 1070692 us 0.74 %
Z1_3 MONITORED 144064508 us
Z1_3 ON 4372387 us 3.04 %
Z1_3 TX 1884065 us 1.31 %
Z1_3 RX 468051 us 0.32 %
Z1_3 INT 858543 us 0.60 %
Z1_4 MONITORED 144064508 us
Z1_4 ON 3882428 us 2.69 %
Z1_4 TX 1590993 us 1.10 %
Z1_4 RX 404556 us 0.28 %
Z1_4 INT 724037 us 0.50 %
Z1_5 MONITORED 144031681 us
Z1_5 ON 3973117 us 2.76 %
Z1_5 TX 2235377 us 1.55 %
Z1_5 RX 130080 us 0.09 %
Z1_5 INT 618205 us 0.43 %
Z1_6 MONITORED 144064508 us
Z1_6 ON 3775214 us 2.62 %
Z1_6 TX 1599604 us 1.11 %
Z1_6 RX 258564 us 0.18 %
Z1_6 INT 974906 us 0.68 %
Z1_7 MONITORED 144064508 us
Z1_7 ON 9597425 us 6.66 %
Z1_7 TX 6044549 us 4.20 %
Z1_7 RX 387517 us 0.27 %
Z1_7 INT 1820459 us 1.26 %
Z1_8 MONITORED 144064508 us
Z1_8 ON 7949213 us 5.52 %
Z1_8 TX 4304636 us 2.99 %
Z1_8 RX 671561 us 0.47 %
Z1_8 INT 1672652 us 1.16 %
Z1_9 MONITORED 144015663 us
Z1_9 ON 4605750 us 3.20 %
Z1_9 TX 2477981 us 1.72 %
Z1_9 RX 216944 us 0.15 %
Z1_9 INT 875769 us 0.61 %
Z1_10 MONITORED 144064508 us
Z1_10 ON 10607922 us 7.36 %
Z1_10 TX 7254302 us 5.04 %
Z1_10 RX 239371 us 0.17 %
Z1_10 INT 1477824 us 1.03 %
Z1_11 MONITORED 144064508 us
Z1_11 ON 7635917 us 5.30 %
Z1_11 TX 4261859 us 2.96 %
Z1_11 RX 423265 us 0.29 %
Z1_11 INT 1635362 us 1.14 %
Z1_12 MONITORED 144064508 us
Z1_12 ON 7017434 us 4.87 %
Z1_12 TX 3711158 us 2.58 %
Z1_12 RX 441808 us 0.31 %
Z1_12 INT 1628481 us 1.13 %
Z1_13 MONITORED 143944625 us
Z1_13 ON 10256927 us 7.13 %
Z1_13 TX 7183215 us 4.99 %
Z1_13 RX 166663 us 0.12 %
Z1_13 INT 1254552 us 0.87 %
Z1_14 MONITORED 144064508 us
Z1_14 ON 7731360 us 5.37 %
Z1_14 TX 5014929 us 3.48 %
Z1_14 RX 265186 us 0.18 %
Z1_14 INT 864657 us 0.60 %
Z1_15 MONITORED 144064508 us
Z1_15 ON 11159582 us 7.75 %
Z1_15 TX 7682087 us 5.33 %
Z1_15 RX 284024 us 0.20 %
Z1_15 INT 1398762 us 0.97 %
Z1_16 MONITORED 143983450 us
Z1_16 ON 9357722 us 6.50 %
Z1_16 TX 6207919 us 4.31 %
Z1_16 RX 255289 us 0.18 %
Z1_16 INT 1385641 us 0.96 %
Z1_17 MONITORED 144020822 us
Z1_17 ON 5402075 us 3.75 %
Z1_17 TX 3175338 us 2.20 %
Z1_17 RX 254305 us 0.18 %
Z1_17 INT 732036 us 0.51 %
Z1_18 MONITORED 144064508 us
Z1_18 ON 18630416 us 12.93 %
Z1_18 TX 2763307 us 1.92 %
Z1_18 RX 4133259 us 2.87 %
Z1_18 INT 5981337 us 4.15 %
Z1_19 MONITORED 144064508 us
Z1_19 ON 20180271 us 14.01 %
Z1_19 TX 2587998 us 1.80 %
Z1_19 RX 4090736 us 2.84 %
Z1_19 INT 7703185 us 5.35 %
Z1_20 MONITORED 144064508 us
Z1_20 ON 18706549 us 12.98 %
Z1_20 TX 2867960 us 1.99 %
Z1_20 RX 2687106 us 1.87 %
Z1_20 INT 8652050 us 6.01 %
Z1_21 MONITORED 144064508 us
Z1_21 ON 17432678 us 12.10 %
Z1_21 TX 2684921 us 1.86 %
Z1_21 RX 3490051 us 2.42 %
Z1_21 INT 7161991 us 4.97 %
