30148649	ID:33	RPL: Sending a DIS to fe80::c30c:0:0:2
30204049	ID:35	RPL: Sending a DIS to fe80::c30c:0:0:7
30401520	ID:32	RPL: Sending a DIS to fe80::c30c:0:0:3
30495474	ID:36	RPL: Sending a DIS to fe80::c30c:0:0:8
30765967	ID:34	RPL: Sending a DIS to fe80::c30c:0:0:6
32812989	ID:33	RPL: Received a DIO from fe80::c30c:0:0:2
32816760	ID:33	RPL: Incoming DIO (id, ver, rank) = (30,240,636)
32821297	ID:33	RPL: Incoming DIO (dag_id, pref) = (fd00::ff:fe00:1, 0)
32823523	ID:33	RPL: DIO option 4, length: 14
32829435	ID:33	RPL: DAG conf:dbl=8, min=12 red=3 maxinc=896 mininc=128 ocp=1 d_l=10 l_u=60
32831661	ID:33	RPL: DIO option 8, length: 30
32833930	ID:33	RPL: Copying prefix information
32841543	ID:33	RPL: Neighbor added to neighbor cache fe80::c30c:0:0:2, c1:0c:00:00:00:00:00:02
37847577	ID:33	RPL: Sending a multicast-DIO with rank 636
42847556	ID:33	RPL: Sending a multicast-DIO with rank 636
47847556	ID:33	RPL: Sending a multicast-DIO with rank 636
52847556	ID:33	RPL: Sending a multicast-DIO with rank 636
57847555	ID:33	RPL: Sending a multicast-DIO with rank 636
61984040	ID:35	RPL: Sending a DIS to fe80::c30c:0:0:7
62181390	ID:32	RPL: Sending a DIS to fe80::c30c:0:0:3
62275344	ID:36	RPL: Sending a DIS to fe80::c30c:0:0:8
62847556	ID:33	RPL: Sending a multicast-DIO with rank 636
67847555	ID:33	RPL: Sending a multicast-DIO with rank 636
72847555	ID:33	RPL: Sending a multicast-DIO with rank 636
77847555	ID:33	RPL: Sending a multicast-DIO with rank 636
82847555	ID:33	RPL: Sending a multicast-DIO with rank 636
83535830	ID:34	RPL: Sending a DIS to fe80::c30c:0:0:6
87847555	ID:33	RPL: Sending a multicast-DIO with rank 636
92847543	ID:33	RPL: Sending a multicast-DIO with rank 636
97847543	ID:33	RPL: Sending a multicast-DIO with rank 636
102847543	ID:33	RPL: Sending a multicast-DIO with rank 636
107847543	ID:33	RPL: Sending a multicast-DIO with rank 636
112847543	ID:33	RPL: Sending a multicast-DIO with rank 636
117847543	ID:33	RPL: Sending a multicast-DIO with rank 636
121984027	ID:35	RPL: Sending a DIS to fe80::c30c:0:0:7
122181377	ID:32	RPL: Sending a DIS to fe80::c30c:0:0:3
122275331	ID:36	RPL: Sending a DIS to fe80::c30c:0:0:8
122847543	ID:33	RPL: Sending a multicast-DIO with rank 636
127847543	ID:33	RPL: Sending a multicast-DIO with rank 636
132847543	ID:33	RPL: Sending a multicast-DIO with rank 636
137847543	ID:33	RPL: Sending a multicast-DIO with rank 636
142847543	ID:33	RPL: Sending a multicast-DIO with rank 636
143535817	ID:34	RPL: Sending a DIS to fe80::c30c:0:0:6
147847543	ID:33	RPL: Sending a multicast-DIO with rank 636
152847543	ID:33	RPL: Sending a multicast-DIO with rank 636
157847543	ID:33	RPL: Sending a multicast-DIO with rank 636
162847543	ID:33	RPL: Sending a multicast-DIO with rank 636
167847543	ID:33	RPL: Sending a multicast-DIO with rank 636
172847543	ID:33	RPL: Sending a multicast-DIO with rank 636
177847543	ID:33	RPL: Sending a multicast-DIO with rank 636
181984027	ID:35	RPL: Sending a DIS to fe80::c30c:0:0:7
182181377	ID:32	RPL: Sending a DIS to fe80::c30c:0:0:3
182275331	ID:36	RPL: Sending a DIS to fe80::c30c:0:0:8
182847543	ID:33	RPL: Sending a multicast-DIO with rank 636
187847543	ID:33	RPL: Sending a multicast-DIO with rank 636
192847543	ID:33	RPL: Sending a multicast-DIO with rank 636
197847543	ID:33	RPL: Sending a multicast-DIO with rank 636
202847543	ID:33	RPL: Sending a multicast-DIO with rank 636
203535817	ID:34	RPL: Sending a DIS to fe80::c30c:0:0:6
207847543	ID:33	RPL: Sending a multicast-DIO with rank 636
212847543	ID:33	RPL: Sending a multicast-DIO with rank 636
217847543	ID:33	RPL: Sending a multicast-DIO with rank 636
222847543	ID:33	RPL: Sending a multicast-DIO with rank 636
227847543	ID:33	RPL: Sending a multicast-DIO with rank 636
232847543	ID:33	RPL: Sending a multicast-DIO with rank 636
237847543	ID:33	RPL: Sending a multicast-DIO with rank 636
241984577	ID:35	RPL: Sending a DIS to fe80::c30c:0:0:7
242181377	ID:32	RPL: Sending a DIS to fe80::c30c:0:0:3
242275331	ID:36	RPL: Sending a DIS to fe80::c30c:0:0:8
242847543	ID:33	RPL: Sending a multicast-DIO with rank 636
247847543	ID:33	RPL: Sending a multicast-DIO with rank 636
252847543	ID:33	RPL: Sending a multicast-DIO with rank 636
257847543	ID:33	RPL: Sending a multicast-DIO with rank 636
262847543	ID:33	RPL: Sending a multicast-DIO with rank 636
263535817	ID:34	RPL: Sending a DIS to fe80::c30c:0:0:6
267847543	ID:33	RPL: Sending a multicast-DIO with rank 636
272847543	ID:33	RPL: Sending a multicast-DIO with rank 636
277847543	ID:33	RPL: Sending a multicast-DIO with rank 636
282847543	ID:33	RPL: Sending a multicast-DIO with rank 636
287847543	ID:33	RPL: Sending a multicast-DIO with rank 636
292847543	ID:33	RPL: Sending a multicast-DIO with rank 636
297847543	ID:33	RPL: Sending a multicast-DIO with rank 636
301984027	ID:35	RPL: Sending a DIS to fe80::c30c:0:0:7
302181377	ID:32	RPL: Sending a DIS to fe80::c30c:0:0:3
302275331	ID:36	RPL: Sending a DIS to fe80::c30c:0:0:8
302847543	ID:33	RPL: Sending a multicast-DIO with rank 636
307847543	ID:33	RPL: Sending a multicast-DIO with rank 636
312847543	ID:33	RPL: Sending a multicast-DIO with rank 636
317847543	ID:33	RPL: Sending a multicast-DIO with rank 636
322847543	ID:33	RPL: Sending a multicast-DIO with rank 636
323535817	ID:34	RPL: Sending a DIS to fe80::c30c:0:0:6
327847543	ID:33	RPL: Sending a multicast-DIO with rank 636
332847543	ID:33	RPL: Sending a multicast-DIO with rank 636
337847543	ID:33	RPL: Sending a multicast-DIO with rank 636
342847543	ID:33	RPL: Sending a multicast-DIO with rank 636
347847549	ID:33	RPL: Sending a multicast-DIO with rank 636
352847543	ID:33	RPL: Sending a multicast-DIO with rank 636
357847543	ID:33	RPL: Sending a multicast-DIO with rank 636
361984027	ID:35	RPL: Sending a DIS to fe80::c30c:0:0:7
362181377	ID:32	RPL: Sending a DIS to fe80::c30c:0:0:3
362275331	ID:36	RPL: Sending a DIS to fe80::c30c:0:0:8
362847543	ID:33	RPL: Sending a multicast-DIO with rank 636
367847543	ID:33	RPL: Sending a multicast-DIO with rank 636
372847543	ID:33	RPL: Sending a multicast-DIO with rank 636
377847543	ID:33	RPL: Sending a multicast-DIO with rank 636
382847543	ID:33	RPL: Sending a multicast-DIO with rank 636
383535817	ID:34	RPL: Sending a DIS to fe80::c30c:0:0:6
387847543	ID:33	RPL: Sending a multicast-DIO with rank 636
392847543	ID:33	RPL: Sending a multicast-DIO with rank 636
397847543	ID:33	RPL: Sending a multicast-DIO with rank 636
402847543	ID:33	RPL: Sending a multicast-DIO with rank 636
407847543	ID:33	RPL: Sending a multicast-DIO with rank 636
412847543	ID:33	RPL: Sending a multicast-DIO with rank 636
417847543	ID:33	RPL: Sending a multicast-DIO with rank 636
421984027	ID:35	RPL: Sending a DIS to fe80::c30c:0:0:7
422181377	ID:32	RPL: Sending a DIS to fe80::c30c:0:0:3
422275814	ID:36	RPL: Sending a DIS to fe80::c30c:0:0:8
422847543	ID:33	RPL: Sending a multicast-DIO with rank 636
427847543	ID:33	RPL: Sending a multicast-DIO with rank 636
432847543	ID:33	RPL: Sending a multicast-DIO with rank 636
437847543	ID:33	RPL: Sending a multicast-DIO with rank 636
442847543	ID:33	RPL: Sending a multicast-DIO with rank 636
443536054	ID:34	RPL: Sending a DIS to fe80::c30c:0:0:6
447847543	ID:33	RPL: Sending a multicast-DIO with rank 636
452847543	ID:33	RPL: Sending a multicast-DIO with rank 636
457847543	ID:33	RPL: Sending a multicast-DIO with rank 636
462847543	ID:33	RPL: Sending a multicast-DIO with rank 636
467847543	ID:33	RPL: Sending a multicast-DIO with rank 636
472847543	ID:33	RPL: Sending a multicast-DIO with rank 636
477847543	ID:33	RPL: Sending a multicast-DIO with rank 636
481984027	ID:35	RPL: Sending a DIS to fe80::c30c:0:0:7
482181377	ID:32	RPL: Sending a DIS to fe80::c30c:0:0:3
482275331	ID:36	RPL: Sending a DIS to fe80::c30c:0:0:8
482847543	ID:33	RPL: Sending a multicast-DIO with rank 636
487847543	ID:33	RPL: Sending a multicast-DIO with rank 636
492847543	ID:33	RPL: Sending a multicast-DIO with rank 636
497847543	ID:33	RPL: Sending a multicast-DIO with rank 636
502847543	ID:33	RPL: Sending a multicast-DIO with rank 636
503535817	ID:34	RPL: Sending a DIS to fe80::c30c:0:0:6
507847543	ID:33	RPL: Sending a multicast-DIO with rank 636
512847543	ID:33	RPL: Sending a multicast-DIO with rank 636
517847543	ID:33	RPL: Sending a multicast-DIO with rank 636
522847543	ID:33	RPL: Sending a multicast-DIO with rank 636
527847543	ID:33	RPL: Sending a multicast-DIO with rank 636
532847543	ID:33	RPL: Sending a multicast-DIO with rank 636
537847543	ID:33	RPL: Sending a multicast-DIO with rank 636
541984027	ID:35	RPL: Sending a DIS to fe80::c30c:0:0:7
542181377	ID:32	RPL: Sending a DIS to fe80::c30c:0:0:3
542275331	ID:36	RPL: Sending a DIS to fe80::c30c:0:0:8
542847543	ID:33	RPL: Sending a multicast-DIO with rank 636
547847543	ID:33	RPL: Sending a multicast-DIO with rank 636
552847543	ID:33	RPL: Sending a multicast-DIO with rank 636
557847543	ID:33	RPL: Sending a multicast-DIO with rank 636
562847543	ID:33	RPL: Sending a multicast-DIO with rank 636
563535817	ID:34	RPL: Sending a DIS to fe80::c30c:0:0:6
567847543	ID:33	RPL: Sending a multicast-DIO with rank 636
572847543	ID:33	RPL: Sending a multicast-DIO with rank 636
577847543	ID:33	RPL: Sending a multicast-DIO with rank 636
582847543	ID:33	RPL: Sending a multicast-DIO with rank 636
587847543	ID:33	RPL: Sending a multicast-DIO with rank 636
592847543	ID:33	RPL: Sending a multicast-DIO with rank 636
597847543	ID:33	RPL: Sending a multicast-DIO with rank 636
601984027	ID:35	RPL: Sending a DIS to fe80::c30c:0:0:7
602181377	ID:32	RPL: Sending a DIS to fe80::c30c:0:0:3
602275331	ID:36	RPL: Sending a DIS to fe80::c30c:0:0:8
602847543	ID:33	RPL: Sending a multicast-DIO with rank 636
607847543	ID:33	RPL: Sending a multicast-DIO with rank 636
612847543	ID:33	RPL: Sending a multicast-DIO with rank 636
617847543	ID:33	RPL: Sending a multicast-DIO with rank 636
622847543	ID:33	RPL: Sending a multicast-DIO with rank 636
623535817	ID:34	RPL: Sending a DIS to fe80::c30c:0:0:6
627847543	ID:33	RPL: Sending a multicast-DIO with rank 636
632847543	ID:33	RPL: Sending a multicast-DIO with rank 636
637847543	ID:33	RPL: Sending a multicast-DIO with rank 636
642847543	ID:33	RPL: Sending a multicast-DIO with rank 636
647847543	ID:33	RPL: Sending a multicast-DIO with rank 636
652847543	ID:33	RPL: Sending a multicast-DIO with rank 636
657847543	ID:33	RPL: Sending a multicast-DIO with rank 636
661984027	ID:35	RPL: Sending a DIS to fe80::c30c:0:0:7
662181377	ID:32	RPL: Sending a DIS to fe80::c30c:0:0:3
662275331	ID:36	RPL: Sending a DIS to fe80::c30c:0:0:8
662847543	ID:33	RPL: Sending a multicast-DIO with rank 636
667847543	ID:33	RPL: Sending a multicast-DIO with rank 636
672847543	ID:33	RPL: Sending a multicast-DIO with rank 636
677847543	ID:33	RPL: Sending a multicast-DIO with rank 636
682847543	ID:33	RPL: Sending a multicast-DIO with rank 636
683535817	ID:34	RPL: Sending a DIS to fe80::c30c:0:0:6
687847543	ID:33	RPL: Sending a multicast-DIO with rank 636
692847543	ID:33	RPL: Sending a multicast-DIO with rank 636
697847543	ID:33	RPL: Sending a multicast-DIO with rank 636
702847550	ID:33	RPL: Sending a multicast-DIO with rank 636
707847543	ID:33	RPL: Sending a multicast-DIO with rank 636
712847543	ID:33	RPL: Sending a multicast-DIO with rank 636
717847543	ID:33	RPL: Sending a multicast-DIO with rank 636
721984027	ID:35	RPL: Sending a DIS to fe80::c30c:0:0:7
722181378	ID:32	RPL: Sending a DIS to fe80::c30c:0:0:3
722275332	ID:36	RPL: Sending a DIS to fe80::c30c:0:0:8
722847543	ID:33	RPL: Sending a multicast-DIO with rank 636
727847543	ID:33	RPL: Sending a multicast-DIO with rank 636
732847543	ID:33	RPL: Sending a multicast-DIO with rank 636
737847543	ID:33	RPL: Sending a multicast-DIO with rank 636
742847543	ID:33	RPL: Sending a multicast-DIO with rank 636
743535818	ID:34	RPL: Sending a DIS to fe80::c30c:0:0:6
747847543	ID:33	RPL: Sending a multicast-DIO with rank 636
752847543	ID:33	RPL: Sending a multicast-DIO with rank 636
757847543	ID:33	RPL: Sending a multicast-DIO with rank 636
762847543	ID:33	RPL: Sending a multicast-DIO with rank 636
767847543	ID:33	RPL: Sending a multicast-DIO with rank 636
772847543	ID:33	RPL: Sending a multicast-DIO with rank 636
777847543	ID:33	RPL: Sending a multicast-DIO with rank 636
781984027	ID:35	RPL: Sending a DIS to fe80::c30c:0:0:7
782181378	ID:32	RPL: Sending a DIS to fe80::c30c:0:0:3
782275332	ID:36	RPL: Sending a DIS to fe80::c30c:0:0:8
782847543	ID:33	RPL: Sending a multicast-DIO with rank 636
787847543	ID:33	RPL: Sending a multicast-DIO with rank 636
792847543	ID:33	RPL: Sending a multicast-DIO with rank 636
797847543	ID:33	RPL: Sending a multicast-DIO with rank 636
802847543	ID:33	RPL: Sending a multicast-DIO with rank 636
803535818	ID:34	RPL: Sending a DIS to fe80::c30c:0:0:6
807847543	ID:33	RPL: Sending a multicast-DIO with rank 636
812847543	ID:33	RPL: Sending a multicast-DIO with rank 636
817847543	ID:33	RPL: Sending a multicast-DIO with rank 636
822847543	ID:33	RPL: Sending a multicast-DIO with rank 636
827847543	ID:33	RPL: Sending a multicast-DIO with rank 636
832847543	ID:33	RPL: Sending a multicast-DIO with rank 636
837847543	ID:33	RPL: Sending a multicast-DIO with rank 636
841984027	ID:35	RPL: Sending a DIS to fe80::c30c:0:0:7
842181378	ID:32	RPL: Sending a DIS to fe80::c30c:0:0:3
842275332	ID:36	RPL: Sending a DIS to fe80::c30c:0:0:8
842847543	ID:33	RPL: Sending a multicast-DIO with rank 636
847847543	ID:33	RPL: Sending a multicast-DIO with rank 636
852847543	ID:33	RPL: Sending a multicast-DIO with rank 636
857847543	ID:33	RPL: Sending a multicast-DIO with rank 636
862847543	ID:33	RPL: Sending a multicast-DIO with rank 636
863535818	ID:34	RPL: Sending a DIS to fe80::c30c:0:0:6
867847543	ID:33	RPL: Sending a multicast-DIO with rank 636
872847543	ID:33	RPL: Sending a multicast-DIO with rank 636
877847543	ID:33	RPL: Sending a multicast-DIO with rank 636
882847543	ID:33	RPL: Sending a multicast-DIO with rank 636
887847543	ID:33	RPL: Sending a multicast-DIO with rank 636
892847543	ID:33	RPL: Sending a multicast-DIO with rank 636
897847543	ID:33	RPL: Sending a multicast-DIO with rank 636
901984027	ID:35	RPL: Sending a DIS to fe80::c30c:0:0:7
902181378	ID:32	RPL: Sending a DIS to fe80::c30c:0:0:3
902275332	ID:36	RPL: Sending a DIS to fe80::c30c:0:0:8
902847543	ID:33	RPL: Sending a multicast-DIO with rank 636
907847543	ID:33	RPL: Sending a multicast-DIO with rank 636
912847543	ID:33	RPL: Sending a multicast-DIO with rank 636
917847543	ID:33	RPL: Sending a multicast-DIO with rank 636
922847543	ID:33	RPL: Sending a multicast-DIO with rank 636
923535818	ID:34	RPL: Sending a DIS to fe80::c30c:0:0:6
927847543	ID:33	RPL: Sending a multicast-DIO with rank 636
932847543	ID:33	RPL: Sending a multicast-DIO with rank 636
937847543	ID:33	RPL: Sending a multicast-DIO with rank 636
942847543	ID:33	RPL: Sending a multicast-DIO with rank 636
947847543	ID:33	RPL: Sending a multicast-DIO with rank 636
952847543	ID:33	RPL: Sending a multicast-DIO with rank 636
957847543	ID:33	RPL: Sending a multicast-DIO with rank 636
961984027	ID:35	RPL: Sending a DIS to fe80::c30c:0:0:7
962181378	ID:32	RPL: Sending a DIS to fe80::c30c:0:0:3
962275332	ID:36	RPL: Sending a DIS to fe80::c30c:0:0:8
962847543	ID:33	RPL: Sending a multicast-DIO with rank 636
967847543	ID:33	RPL: Sending a multicast-DIO with rank 636
972847543	ID:33	RPL: Sending a multicast-DIO with rank 636
977847543	ID:33	RPL: Sending a multicast-DIO with rank 636
982847543	ID:33	RPL: Sending a multicast-DIO with rank 636
983535818	ID:34	RPL: Sending a DIS to fe80::c30c:0:0:6
987847543	ID:33	RPL: Sending a multicast-DIO with rank 636
992847543	ID:33	RPL: Sending a multicast-DIO with rank 636
997847543	ID:33	RPL: Sending a multicast-DIO with rank 636
1002847543	ID:33	RPL: Sending a multicast-DIO with rank 636
1007847543	ID:33	RPL: Sending a multicast-DIO with rank 636
1012847543	ID:33	RPL: Sending a multicast-DIO with rank 636
1017847550	ID:33	RPL: Sending a multicast-DIO with rank 636
1021984027	ID:35	RPL: Sending a DIS to fe80::c30c:0:0:7
1022181378	ID:32	RPL: Sending a DIS to fe80::c30c:0:0:3
1022275332	ID:36	RPL: Sending a DIS to fe80::c30c:0:0:8
1022847543	ID:33	RPL: Sending a multicast-DIO with rank 636
1027847544	ID:33	RPL: Sending a multicast-DIO with rank 636
1032847544	ID:33	RPL: Sending a multicast-DIO with rank 636
1037847544	ID:33	RPL: Sending a multicast-DIO with rank 636
1042847544	ID:33	RPL: Sending a multicast-DIO with rank 636
1043535818	ID:34	RPL: Sending a DIS to fe80::c30c:0:0:6
1047847544	ID:33	RPL: Sending a multicast-DIO with rank 636
1052847544	ID:33	RPL: Sending a multicast-DIO with rank 636
1057847544	ID:33	RPL: Sending a multicast-DIO with rank 636
1062847544	ID:33	RPL: Sending a multicast-DIO with rank 636
1067847544	ID:33	RPL: Sending a multicast-DIO with rank 636
1072847544	ID:33	RPL: Sending a multicast-DIO with rank 636
1077847544	ID:33	RPL: Sending a multicast-DIO with rank 636
1081984028	ID:35	RPL: Sending a DIS to fe80::c30c:0:0:7
1082181378	ID:32	RPL: Sending a DIS to fe80::c30c:0:0:3
1082275332	ID:36	RPL: Sending a DIS to fe80::c30c:0:0:8
1082847544	ID:33	RPL: Sending a multicast-DIO with rank 636
1087847544	ID:33	RPL: Sending a multicast-DIO with rank 636
1092847544	ID:33	RPL: Sending a multicast-DIO with rank 636
1097847544	ID:33	RPL: Sending a multicast-DIO with rank 636
1102847544	ID:33	RPL: Sending a multicast-DIO with rank 636
1103535818	ID:34	RPL: Sending a DIS to fe80::c30c:0:0:6
1107847544	ID:33	RPL: Sending a multicast-DIO with rank 636
1112847544	ID:33	RPL: Sending a multicast-DIO with rank 636
1117847544	ID:33	RPL: Sending a multicast-DIO with rank 636
1122847544	ID:33	RPL: Sending a multicast-DIO with rank 636
1127847544	ID:33	RPL: Sending a multicast-DIO with rank 636
1132847544	ID:33	RPL: Sending a multicast-DIO with rank 636
1137847544	ID:33	RPL: Sending a multicast-DIO with rank 636
1141984028	ID:35	RPL: Sending a DIS to fe80::c30c:0:0:7
1142181378	ID:32	RPL: Sending a DIS to fe80::c30c:0:0:3
1142275332	ID:36	RPL: Sending a DIS to fe80::c30c:0:0:8
1142847544	ID:33	RPL: Sending a multicast-DIO with rank 636
1147847544	ID:33	RPL: Sending a multicast-DIO with rank 636
1152847544	ID:33	RPL: Sending a multicast-DIO with rank 636
1157847544	ID:33	RPL: Sending a multicast-DIO with rank 636
1162847544	ID:33	RPL: Sending a multicast-DIO with rank 636
1163535818	ID:34	RPL: Sending a DIS to fe80::c30c:0:0:6
1167847544	ID:33	RPL: Sending a multicast-DIO with rank 636
1172847544	ID:33	RPL: Sending a multicast-DIO with rank 636
1177847544	ID:33	RPL: Sending a multicast-DIO with rank 636
1182847544	ID:33	RPL: Sending a multicast-DIO with rank 636
1187847544	ID:33	RPL: Sending a multicast-DIO with rank 636
1192847544	ID:33	RPL: Sending a multicast-DIO with rank 636
1197847544	ID:33	RPL: Sending a multicast-DIO with rank 636
1201984532	ID:35	RPL: Sending a DIS to fe80::c30c:0:0:7
1202181384	ID:32	RPL: Sending a DIS to fe80::c30c:0:0:3
1202275338	ID:36	RPL: Sending a DIS to fe80::c30c:0:0:8
1202847549	ID:33	RPL: Sending a multicast-DIO with rank 636
1207847543	ID:33	RPL: Sending a multicast-DIO with rank 636
1212847543	ID:33	RPL: Sending a multicast-DIO with rank 636
1217847543	ID:33	RPL: Sending a multicast-DIO with rank 636
1222847543	ID:33	RPL: Sending a multicast-DIO with rank 636
1223535817	ID:34	RPL: Sending a DIS to fe80::c30c:0:0:6
1227847543	ID:33	RPL: Sending a multicast-DIO with rank 636
1232847543	ID:33	RPL: Sending a multicast-DIO with rank 636
1237847543	ID:33	RPL: Sending a multicast-DIO with rank 636
1242847543	ID:33	RPL: Sending a multicast-DIO with rank 636
1247847543	ID:33	RPL: Sending a multicast-DIO with rank 636
1252847543	ID:33	RPL: Sending a multicast-DIO with rank 636
1257847543	ID:33	RPL: Sending a multicast-DIO with rank 636
1261984027	ID:35	RPL: Sending a DIS to fe80::c30c:0:0:7
1262181377	ID:32	RPL: Sending a DIS to fe80::c30c:0:0:3
1262275331	ID:36	RPL: Sending a DIS to fe80::c30c:0:0:8
1262847543	ID:33	RPL: Sending a multicast-DIO with rank 636
1267847543	ID:33	RPL: Sending a multicast-DIO with rank 636
1272847543	ID:33	RPL: Sending a multicast-DIO with rank 636
1277847543	ID:33	RPL: Sending a multicast-DIO with rank 636
1282847543	ID:33	RPL: Sending a multicast-DIO with rank 636
1283535817	ID:34	RPL: Sending a DIS to fe80::c30c:0:0:6
1287847543	ID:33	RPL: Sending a multicast-DIO with rank 636
1292847543	ID:33	RPL: Sending a multicast-DIO with rank 636
1297847543	ID:33	RPL: Sending a multicast-DIO with rank 636
1302847543	ID:33	RPL: Sending a multicast-DIO with rank 636
1307847543	ID:33	RPL: Sending a multicast-DIO with rank 636
1312847543	ID:33	RPL: Sending a multicast-DIO with rank 636
1317847543	ID:33	RPL: Sending a multicast-DIO with rank 636
1321984027	ID:35	RPL: Sending a DIS to fe80::c30c:0:0:7
1322181377	ID:32	RPL: Sending a DIS to fe80::c30c:0:0:3
1322275331	ID:36	RPL: Sending a DIS to fe80::c30c:0:0:8
1322847543	ID:33	RPL: Sending a multicast-DIO with rank 636
1327847543	ID:33	RPL: Sending a multicast-DIO with rank 636
1332847543	ID:33	RPL: Sending a multicast-DIO with rank 636
1337847543	ID:33	RPL: Sending a multicast-DIO with rank 636
1342847543	ID:33	RPL: Sending a multicast-DIO with rank 636
1343535817	ID:34	RPL: Sending a DIS to fe80::c30c:0:0:6
1347847543	ID:33	RPL: Sending a multicast-DIO with rank 636
1352847543	ID:33	RPL: Sending a multicast-DIO with rank 636
1357847543	ID:33	RPL: Sending a multicast-DIO with rank 636
1362847543	ID:33	RPL: Sending a multicast-DIO with rank 636
1367847543	ID:33	RPL: Sending a multicast-DIO with rank 636
1372847543	ID:33	RPL: Sending a multicast-DIO with rank 636
1377847543	ID:33	RPL: Sending a multicast-DIO with rank 636
1381984577	ID:35	RPL: Sending a DIS to fe80::c30c:0:0:7
1382181377	ID:32	RPL: Sending a DIS to fe80::c30c:0:0:3
1382275331	ID:36	RPL: Sending a DIS to fe80::c30c:0:0:8
1382847543	ID:33	RPL: Sending a multicast-DIO with rank 636
1387847543	ID:33	RPL: Sending a multicast-DIO with rank 636
1392847543	ID:33	RPL: Sending a multicast-DIO with rank 636
1397847543	ID:33	RPL: Sending a multicast-DIO with rank 636
1402847543	ID:33	RPL: Sending a multicast-DIO with rank 636
1403535817	ID:34	RPL: Sending a DIS to fe80::c30c:0:0:6
1407847543	ID:33	RPL: Sending a multicast-DIO with rank 636
1412847543	ID:33	RPL: Sending a multicast-DIO with rank 636
1417847543	ID:33	RPL: Sending a multicast-DIO with rank 636
1422847543	ID:33	RPL: Sending a multicast-DIO with rank 636
1427847543	ID:33	RPL: Sending a multicast-DIO with rank 636
1432847543	ID:33	RPL: Sending a multicast-DIO with rank 636
1437847543	ID:33	RPL: Sending a multicast-DIO with rank 636
1441984027	ID:35	RPL: Sending a DIS to fe80::c30c:0:0:7
1442181377	ID:32	RPL: Sending a DIS to fe80::c30c:0:0:3
1442275331	ID:36	RPL: Sending a DIS to fe80::c30c:0:0:8
1442847550	ID:33	RPL: Sending a multicast-DIO with rank 636
1447847543	ID:33	RPL: Sending a multicast-DIO with rank 636
1452847543	ID:33	RPL: Sending a multicast-DIO with rank 636
1457847543	ID:33	RPL: Sending a multicast-DIO with rank 636
1462847543	ID:33	RPL: Sending a multicast-DIO with rank 636
1463535817	ID:34	RPL: Sending a DIS to fe80::c30c:0:0:6
1467847543	ID:33	RPL: Sending a multicast-DIO with rank 636
1472847543	ID:33	RPL: Sending a multicast-DIO with rank 636
1477847543	ID:33	RPL: Sending a multicast-DIO with rank 636
1482847543	ID:33	RPL: Sending a multicast-DIO with rank 636
1487847543	ID:33	RPL: Sending a multicast-DIO with rank 636
1492847543	ID:33	RPL: Sending a multicast-DIO with rank 636
1497847543	ID:33	RPL: Sending a multicast-DIO with rank 636
1501984027	ID:35	RPL: Sending a DIS to fe80::c30c:0:0:7
1502181923	ID:32	RPL: Sending a DIS to fe80::c30c:0:0:3
1502275814	ID:36	RPL: Sending a DIS to fe80::c30c:0:0:8
1502847543	ID:33	RPL: Sending a multicast-DIO with rank 636
1507847543	ID:33	RPL: Sending a multicast-DIO with rank 636
1512847543	ID:33	RPL: Sending a multicast-DIO with rank 636
1517847543	ID:33	RPL: Sending a multicast-DIO with rank 636
1522847543	ID:33	RPL: Sending a multicast-DIO with rank 636
1523535817	ID:34	RPL: Sending a DIS to fe80::c30c:0:0:6
1527847543	ID:33	RPL: Sending a multicast-DIO with rank 636
1532847543	ID:33	RPL: Sending a multicast-DIO with rank 636
1537847543	ID:33	RPL: Sending a multicast-DIO with rank 636
1542847543	ID:33	RPL: Sending a multicast-DIO with rank 636
1547847543	ID:33	RPL: Sending a multicast-DIO with rank 636
1552847543	ID:33	RPL: Sending a multicast-DIO with rank 636
1557847543	ID:33	RPL: Sending a multicast-DIO with rank 636
1561984027	ID:35	RPL: Sending a DIS to fe80::c30c:0:0:7
1562181377	ID:32	RPL: Sending a DIS to fe80::c30c:0:0:3
1562275331	ID:36	RPL: Sending a DIS to fe80::c30c:0:0:8
1562847543	ID:33	RPL: Sending a multicast-DIO with rank 636
1567847543	ID:33	RPL: Sending a multicast-DIO with rank 636
1572847543	ID:33	RPL: Sending a multicast-DIO with rank 636
1577847543	ID:33	RPL: Sending a multicast-DIO with rank 636
1582847543	ID:33	RPL: Sending a multicast-DIO with rank 636
1583535817	ID:34	RPL: Sending a DIS to fe80::c30c:0:0:6
1587847543	ID:33	RPL: Sending a multicast-DIO with rank 636
1592847543	ID:33	RPL: Sending a multicast-DIO with rank 636
1597847543	ID:33	RPL: Sending a multicast-DIO with rank 636
1602847543	ID:33	RPL: Sending a multicast-DIO with rank 636
1607847543	ID:33	RPL: Sending a multicast-DIO with rank 636
1612847543	ID:33	RPL: Sending a multicast-DIO with rank 636
1617847543	ID:33	RPL: Sending a multicast-DIO with rank 636
1621984027	ID:35	RPL: Sending a DIS to fe80::c30c:0:0:7
1622181377	ID:32	RPL: Sending a DIS to fe80::c30c:0:0:3
1622275331	ID:36	RPL: Sending a DIS to fe80::c30c:0:0:8
1622847543	ID:33	RPL: Sending a multicast-DIO with rank 636
1627847543	ID:33	RPL: Sending a multicast-DIO with rank 636
1632847543	ID:33	RPL: Sending a multicast-DIO with rank 636
1637847543	ID:33	RPL: Sending a multicast-DIO with rank 636
1642847543	ID:33	RPL: Sending a multicast-DIO with rank 636
1643535817	ID:34	RPL: Sending a DIS to fe80::c30c:0:0:6
1647847543	ID:33	RPL: Sending a multicast-DIO with rank 636
1652847543	ID:33	RPL: Sending a multicast-DIO with rank 636
1657847543	ID:33	RPL: Sending a multicast-DIO with rank 636
1662847543	ID:33	RPL: Sending a multicast-DIO with rank 636
1667847543	ID:33	RPL: Sending a multicast-DIO with rank 636
1672847543	ID:33	RPL: Sending a multicast-DIO with rank 636
1677847543	ID:33	RPL: Sending a multicast-DIO with rank 636
1681984027	ID:35	RPL: Sending a DIS to fe80::c30c:0:0:7
1682181377	ID:32	RPL: Sending a DIS to fe80::c30c:0:0:3
1682275331	ID:36	RPL: Sending a DIS to fe80::c30c:0:0:8
1682847543	ID:33	RPL: Sending a multicast-DIO with rank 636
1687847543	ID:33	RPL: Sending a multicast-DIO with rank 636
1692847543	ID:33	RPL: Sending a multicast-DIO with rank 636
1697847543	ID:33	RPL: Sending a multicast-DIO with rank 636
1702847543	ID:33	RPL: Sending a multicast-DIO with rank 636
1703535817	ID:34	RPL: Sending a DIS to fe80::c30c:0:0:6
1707847543	ID:33	RPL: Sending a multicast-DIO with rank 636
1712847543	ID:33	RPL: Sending a multicast-DIO with rank 636
1717847543	ID:33	RPL: Sending a multicast-DIO with rank 636
1722847543	ID:33	RPL: Sending a multicast-DIO with rank 636
1727847543	ID:33	RPL: Sending a multicast-DIO with rank 636
1732847543	ID:33	RPL: Sending a multicast-DIO with rank 636
1737847543	ID:33	RPL: Sending a multicast-DIO with rank 636
1741984027	ID:35	RPL: Sending a DIS to fe80::c30c:0:0:7
1742181377	ID:32	RPL: Sending a DIS to fe80::c30c:0:0:3
1742275331	ID:36	RPL: Sending a DIS to fe80::c30c:0:0:8
1742847543	ID:33	RPL: Sending a multicast-DIO with rank 636
1747847543	ID:33	RPL: Sending a multicast-DIO with rank 636
1752847543	ID:33	RPL: Sending a multicast-DIO with rank 636
1757847543	ID:33	RPL: Sending a multicast-DIO with rank 636
1762847543	ID:33	RPL: Sending a multicast-DIO with rank 636
1763535817	ID:34	RPL: Sending a DIS to fe80::c30c:0:0:6
1767847543	ID:33	RPL: Sending a multicast-DIO with rank 636
1772847543	ID:33	RPL: Sending a multicast-DIO with rank 636
1777847543	ID:33	RPL: Sending a multicast-DIO with rank 636
1782847543	ID:33	RPL: Sending a multicast-DIO with rank 636
1787847543	ID:33	RPL: Sending a multicast-DIO with rank 636
1792847543	ID:33	RPL: Sending a multicast-DIO with rank 636
1797847543	ID:33	RPL: Sending a multicast-DIO with rank 636
