30203665	ID:35	RPL: Sending a DIS to fe80::c30c:0:0:7
30226007	ID:33	RPL: Sending a DIS to fe80::c30c:0:0:2
30245046	ID:34	RPL: Sending a DIS to fe80::c30c:0:0:6
30658683	ID:36	RPL: Sending a DIS to fe80::c30c:0:0:8
30995517	ID:35	RPL: Received a DIO from fe80::c30c:0:0:7
30999287	ID:35	RPL: Incoming DIO (id, ver, rank) = (30,240,574)
31003805	ID:35	RPL: Incoming DIO (dag_id, pref) = (fd00::ff:fe00:1, 0)
31006030	ID:35	RPL: DIO option 4, length: 14
31011970	ID:35	RPL: DAG conf:dbl=8, min=12 red=3 maxinc=896 mininc=128 ocp=1 d_l=10 l_u=60
31014196	ID:35	RPL: DIO option 8, length: 30
31016465	ID:35	RPL: Copying prefix information
31023799	ID:35	RPL: Neighbor added to neighbor cache fe80::c30c:0:0:7, c1:0c:00:00:00:00:00:07
31054844	ID:32	RPL: Sending a DIS to fe80::c30c:0:0:3
34015977	ID:33	RPL: Received a DIO from fe80::c30c:0:0:2
34019748	ID:33	RPL: Incoming DIO (id, ver, rank) = (30,240,631)
34024265	ID:33	RPL: Incoming DIO (dag_id, pref) = (fd00::ff:fe00:1, 0)
34026491	ID:33	RPL: DIO option 4, length: 14
34032401	ID:33	RPL: DAG conf:dbl=8, min=12 red=3 maxinc=896 mininc=128 ocp=1 d_l=10 l_u=60
34034627	ID:33	RPL: DIO option 8, length: 30
34036896	ID:33	RPL: Copying prefix information
34045527	ID:33	RPL: Neighbor added to neighbor cache fe80::c30c:0:0:2, c1:0c:00:00:00:00:00:02
36030395	ID:35	RPL: Sending a multicast-DIO with rank 574
36595324	ID:32	RPL: Received a DIO from fe80::c30c:0:0:3
36599092	ID:32	RPL: Incoming DIO (id, ver, rank) = (30,240,480)
36603591	ID:32	RPL: Incoming DIO (dag_id, pref) = (fd00::ff:fe00:1, 0)
36605838	ID:32	RPL: DIO option 4, length: 14
36611786	ID:32	RPL: DAG conf:dbl=8, min=12 red=3 maxinc=896 mininc=128 ocp=1 d_l=10 l_u=60
36614012	ID:32	RPL: DIO option 8, length: 30
36616281	ID:32	RPL: Copying prefix information
36625607	ID:32	RPL: Neighbor added to neighbor cache fe80::c30c:0:0:3, c1:0c:00:00:00:00:00:03
36951514	ID:36	RPL: Received a DIO from fe80::c30c:0:0:8
36955284	ID:36	RPL: Incoming DIO (id, ver, rank) = (30,240,608)
36959816	ID:36	RPL: Incoming DIO (dag_id, pref) = (fd00::ff:fe00:1, 0)
36962042	ID:36	RPL: DIO option 4, length: 14
36967957	ID:36	RPL: DAG conf:dbl=8, min=12 red=3 maxinc=896 mininc=128 ocp=1 d_l=10 l_u=60
36970183	ID:36	RPL: DIO option 8, length: 30
36972452	ID:36	RPL: Copying prefix information
36982208	ID:36	RPL: Neighbor added to neighbor cache fe80::c30c:0:0:8, c1:0c:00:00:00:00:00:08
39049864	ID:33	RPL: Sending a multicast-DIO with rank 631
41030373	ID:35	RPL: Sending a multicast-DIO with rank 574
41631573	ID:32	RPL: Sending a multicast-DIO with rank 480
41985484	ID:36	RPL: Sending a multicast-DIO with rank 608
44049843	ID:33	RPL: Sending a multicast-DIO with rank 631
46030374	ID:35	RPL: Sending a multicast-DIO with rank 574
46631552	ID:32	RPL: Sending a multicast-DIO with rank 480
46985464	ID:36	RPL: Sending a multicast-DIO with rank 608
49049843	ID:33	RPL: Sending a multicast-DIO with rank 631
51030374	ID:35	RPL: Sending a multicast-DIO with rank 574
51631552	ID:32	RPL: Sending a multicast-DIO with rank 480
51985464	ID:36	RPL: Sending a multicast-DIO with rank 608
54049843	ID:33	RPL: Sending a multicast-DIO with rank 631
56030374	ID:35	RPL: Sending a multicast-DIO with rank 574
56631552	ID:32	RPL: Sending a multicast-DIO with rank 480
56985464	ID:36	RPL: Sending a multicast-DIO with rank 608
59049843	ID:33	RPL: Sending a multicast-DIO with rank 631
61030374	ID:35	RPL: Sending a multicast-DIO with rank 574
61631552	ID:32	RPL: Sending a multicast-DIO with rank 480
61985464	ID:36	RPL: Sending a multicast-DIO with rank 608
64049843	ID:33	RPL: Sending a multicast-DIO with rank 631
66030374	ID:35	RPL: Sending a multicast-DIO with rank 574
66631552	ID:32	RPL: Sending a multicast-DIO with rank 480
66985463	ID:36	RPL: Sending a multicast-DIO with rank 608
69049843	ID:33	RPL: Sending a multicast-DIO with rank 631
71030373	ID:35	RPL: Sending a multicast-DIO with rank 574
71631552	ID:32	RPL: Sending a multicast-DIO with rank 480
71985463	ID:36	RPL: Sending a multicast-DIO with rank 608
74049842	ID:33	RPL: Sending a multicast-DIO with rank 631
76030374	ID:35	RPL: Sending a multicast-DIO with rank 574
76631552	ID:32	RPL: Sending a multicast-DIO with rank 480
76985463	ID:36	RPL: Sending a multicast-DIO with rank 608
79049843	ID:33	RPL: Sending a multicast-DIO with rank 631
81030374	ID:35	RPL: Sending a multicast-DIO with rank 574
81631552	ID:32	RPL: Sending a multicast-DIO with rank 480
81985463	ID:36	RPL: Sending a multicast-DIO with rank 608
83017262	ID:34	RPL: Sending a DIS to fe80::c30c:0:0:6
84049843	ID:33	RPL: Sending a multicast-DIO with rank 631
86030373	ID:35	RPL: Sending a multicast-DIO with rank 574
86631552	ID:32	RPL: Sending a multicast-DIO with rank 480
86985463	ID:36	RPL: Sending a multicast-DIO with rank 608
89049842	ID:33	RPL: Sending a multicast-DIO with rank 631
91030361	ID:35	RPL: Sending a multicast-DIO with rank 574
91631539	ID:32	RPL: Sending a multicast-DIO with rank 480
91985451	ID:36	RPL: Sending a multicast-DIO with rank 608
94049830	ID:33	RPL: Sending a multicast-DIO with rank 631
96030361	ID:35	RPL: Sending a multicast-DIO with rank 574
96631539	ID:32	RPL: Sending a multicast-DIO with rank 480
96985451	ID:36	RPL: Sending a multicast-DIO with rank 608
99049830	ID:33	RPL: Sending a multicast-DIO with rank 631
101030361	ID:35	RPL: Sending a multicast-DIO with rank 574
101631539	ID:32	RPL: Sending a multicast-DIO with rank 480
101985451	ID:36	RPL: Sending a multicast-DIO with rank 608
104049830	ID:33	RPL: Sending a multicast-DIO with rank 631
106030361	ID:35	RPL: Sending a multicast-DIO with rank 574
106631539	ID:32	RPL: Sending a multicast-DIO with rank 480
106985451	ID:36	RPL: Sending a multicast-DIO with rank 608
109049830	ID:33	RPL: Sending a multicast-DIO with rank 631
111030361	ID:35	RPL: Sending a multicast-DIO with rank 574
111631539	ID:32	RPL: Sending a multicast-DIO with rank 480
111985451	ID:36	RPL: Sending a multicast-DIO with rank 608
114049830	ID:33	RPL: Sending a multicast-DIO with rank 631
116030361	ID:35	RPL: Sending a multicast-DIO with rank 574
116631539	ID:32	RPL: Sending a multicast-DIO with rank 480
116985451	ID:36	RPL: Sending a multicast-DIO with rank 608
119049830	ID:33	RPL: Sending a multicast-DIO with rank 631
121030361	ID:35	RPL: Sending a multicast-DIO with rank 574
121631539	ID:32	RPL: Sending a multicast-DIO with rank 480
121985451	ID:36	RPL: Sending a multicast-DIO with rank 608
124049830	ID:33	RPL: Sending a multicast-DIO with rank 631
126030361	ID:35	RPL: Sending a multicast-DIO with rank 574
126631539	ID:32	RPL: Sending a multicast-DIO with rank 480
126985451	ID:36	RPL: Sending a multicast-DIO with rank 608
129049830	ID:33	RPL: Sending a multicast-DIO with rank 631
131030361	ID:35	RPL: Sending a multicast-DIO with rank 574
131631539	ID:32	RPL: Sending a multicast-DIO with rank 480
131985451	ID:36	RPL: Sending a multicast-DIO with rank 608
134049830	ID:33	RPL: Sending a multicast-DIO with rank 631
136030361	ID:35	RPL: Sending a multicast-DIO with rank 574
136631539	ID:32	RPL: Sending a multicast-DIO with rank 480
136985451	ID:36	RPL: Sending a multicast-DIO with rank 608
139049830	ID:33	RPL: Sending a multicast-DIO with rank 631
141030361	ID:35	RPL: Sending a multicast-DIO with rank 574
141631539	ID:32	RPL: Sending a multicast-DIO with rank 480
141985451	ID:36	RPL: Sending a multicast-DIO with rank 608
143017249	ID:34	RPL: Sending a DIS to fe80::c30c:0:0:6
144049830	ID:33	RPL: Sending a multicast-DIO with rank 631
146030361	ID:35	RPL: Sending a multicast-DIO with rank 574
146631539	ID:32	RPL: Sending a multicast-DIO with rank 480
146985451	ID:36	RPL: Sending a multicast-DIO with rank 608
149049830	ID:33	RPL: Sending a multicast-DIO with rank 631
151030361	ID:35	RPL: Sending a multicast-DIO with rank 574
151631539	ID:32	RPL: Sending a multicast-DIO with rank 480
151985451	ID:36	RPL: Sending a multicast-DIO with rank 608
154049830	ID:33	RPL: Sending a multicast-DIO with rank 631
156030361	ID:35	RPL: Sending a multicast-DIO with rank 574
156631539	ID:32	RPL: Sending a multicast-DIO with rank 480
156985451	ID:36	RPL: Sending a multicast-DIO with rank 608
159049830	ID:33	RPL: Sending a multicast-DIO with rank 631
161030361	ID:35	RPL: Sending a multicast-DIO with rank 574
161631539	ID:32	RPL: Sending a multicast-DIO with rank 480
161985451	ID:36	RPL: Sending a multicast-DIO with rank 608
164049830	ID:33	RPL: Sending a multicast-DIO with rank 631
166030361	ID:35	RPL: Sending a multicast-DIO with rank 574
166631539	ID:32	RPL: Sending a multicast-DIO with rank 480
166985451	ID:36	RPL: Sending a multicast-DIO with rank 608
169049830	ID:33	RPL: Sending a multicast-DIO with rank 631
171030361	ID:35	RPL: Sending a multicast-DIO with rank 574
171631539	ID:32	RPL: Sending a multicast-DIO with rank 480
171985451	ID:36	RPL: Sending a multicast-DIO with rank 608
174049830	ID:33	RPL: Sending a multicast-DIO with rank 631
176030361	ID:35	RPL: Sending a multicast-DIO with rank 574
176631539	ID:32	RPL: Sending a multicast-DIO with rank 480
176985451	ID:36	RPL: Sending a multicast-DIO with rank 608
179049830	ID:33	RPL: Sending a multicast-DIO with rank 631
181030361	ID:35	RPL: Sending a multicast-DIO with rank 574
181631539	ID:32	RPL: Sending a multicast-DIO with rank 480
181985451	ID:36	RPL: Sending a multicast-DIO with rank 608
184049830	ID:33	RPL: Sending a multicast-DIO with rank 631
186030361	ID:35	RPL: Sending a multicast-DIO with rank 574
186631539	ID:32	RPL: Sending a multicast-DIO with rank 480
186985451	ID:36	RPL: Sending a multicast-DIO with rank 608
189049830	ID:33	RPL: Sending a multicast-DIO with rank 631
191030361	ID:35	RPL: Sending a multicast-DIO with rank 574
191631539	ID:32	RPL: Sending a multicast-DIO with rank 480
191985451	ID:36	RPL: Sending a multicast-DIO with rank 608
194049830	ID:33	RPL: Sending a multicast-DIO with rank 631
196030361	ID:35	RPL: Sending a multicast-DIO with rank 574
196631539	ID:32	RPL: Sending a multicast-DIO with rank 480
196985451	ID:36	RPL: Sending a multicast-DIO with rank 608
199049830	ID:33	RPL: Sending a multicast-DIO with rank 631
201030361	ID:35	RPL: Sending a multicast-DIO with rank 574
201631539	ID:32	RPL: Sending a multicast-DIO with rank 480
201985451	ID:36	RPL: Sending a multicast-DIO with rank 608
203017523	ID:34	RPL: Sending a DIS to fe80::c30c:0:0:6
204049830	ID:33	RPL: Sending a multicast-DIO with rank 631
206030361	ID:35	RPL: Sending a multicast-DIO with rank 574
206631539	ID:32	RPL: Sending a multicast-DIO with rank 480
206985451	ID:36	RPL: Sending a multicast-DIO with rank 608
209049830	ID:33	RPL: Sending a multicast-DIO with rank 631
211030361	ID:35	RPL: Sending a multicast-DIO with rank 574
211631539	ID:32	RPL: Sending a multicast-DIO with rank 480
211985451	ID:36	RPL: Sending a multicast-DIO with rank 608
214049830	ID:33	RPL: Sending a multicast-DIO with rank 631
216030361	ID:35	RPL: Sending a multicast-DIO with rank 574
216631539	ID:32	RPL: Sending a multicast-DIO with rank 480
216985451	ID:36	RPL: Sending a multicast-DIO with rank 608
219049830	ID:33	RPL: Sending a multicast-DIO with rank 631
221030361	ID:35	RPL: Sending a multicast-DIO with rank 574
221631539	ID:32	RPL: Sending a multicast-DIO with rank 480
221985451	ID:36	RPL: Sending a multicast-DIO with rank 608
224049830	ID:33	RPL: Sending a multicast-DIO with rank 631
226030361	ID:35	RPL: Sending a multicast-DIO with rank 574
226631539	ID:32	RPL: Sending a multicast-DIO with rank 480
226985451	ID:36	RPL: Sending a multicast-DIO with rank 608
229049830	ID:33	RPL: Sending a multicast-DIO with rank 631
231030361	ID:35	RPL: Sending a multicast-DIO with rank 574
231631539	ID:32	RPL: Sending a multicast-DIO with rank 480
231985451	ID:36	RPL: Sending a multicast-DIO with rank 608
234049830	ID:33	RPL: Sending a multicast-DIO with rank 631
236030361	ID:35	RPL: Sending a multicast-DIO with rank 574
236631539	ID:32	RPL: Sending a multicast-DIO with rank 480
236985451	ID:36	RPL: Sending a multicast-DIO with rank 608
239049830	ID:33	RPL: Sending a multicast-DIO with rank 631
241030361	ID:35	RPL: Sending a multicast-DIO with rank 574
241631539	ID:32	RPL: Sending a multicast-DIO with rank 480
241985451	ID:36	RPL: Sending a multicast-DIO with rank 608
244049830	ID:33	RPL: Sending a multicast-DIO with rank 631
246030361	ID:35	RPL: Sending a multicast-DIO with rank 574
246631539	ID:32	RPL: Sending a multicast-DIO with rank 480
246985451	ID:36	RPL: Sending a multicast-DIO with rank 608
249049830	ID:33	RPL: Sending a multicast-DIO with rank 631
251030361	ID:35	RPL: Sending a multicast-DIO with rank 574
251631539	ID:32	RPL: Sending a multicast-DIO with rank 480
251985451	ID:36	RPL: Sending a multicast-DIO with rank 608
254049830	ID:33	RPL: Sending a multicast-DIO with rank 631
256030361	ID:35	RPL: Sending a multicast-DIO with rank 574
256631539	ID:32	RPL: Sending a multicast-DIO with rank 480
256985451	ID:36	RPL: Sending a multicast-DIO with rank 608
259049830	ID:33	RPL: Sending a multicast-DIO with rank 631
261030361	ID:35	RPL: Sending a multicast-DIO with rank 574
261631539	ID:32	RPL: Sending a multicast-DIO with rank 480
261985451	ID:36	RPL: Sending a multicast-DIO with rank 608
263017249	ID:34	RPL: Sending a DIS to fe80::c30c:0:0:6
264049830	ID:33	RPL: Sending a multicast-DIO with rank 631
266030361	ID:35	RPL: Sending a multicast-DIO with rank 574
266631539	ID:32	RPL: Sending a multicast-DIO with rank 480
266985451	ID:36	RPL: Sending a multicast-DIO with rank 608
269049830	ID:33	RPL: Sending a multicast-DIO with rank 631
271030361	ID:35	RPL: Sending a multicast-DIO with rank 574
271631539	ID:32	RPL: Sending a multicast-DIO with rank 480
271985451	ID:36	RPL: Sending a multicast-DIO with rank 608
274049830	ID:33	RPL: Sending a multicast-DIO with rank 631
276030361	ID:35	RPL: Sending a multicast-DIO with rank 574
276631539	ID:32	RPL: Sending a multicast-DIO with rank 480
276985451	ID:36	RPL: Sending a multicast-DIO with rank 608
279049830	ID:33	RPL: Sending a multicast-DIO with rank 631
281030361	ID:35	RPL: Sending a multicast-DIO with rank 574
281631539	ID:32	RPL: Sending a multicast-DIO with rank 480
281985451	ID:36	RPL: Sending a multicast-DIO with rank 608
284049830	ID:33	RPL: Sending a multicast-DIO with rank 631
286030361	ID:35	RPL: Sending a multicast-DIO with rank 574
286631539	ID:32	RPL: Sending a multicast-DIO with rank 480
286985451	ID:36	RPL: Sending a multicast-DIO with rank 608
289049830	ID:33	RPL: Sending a multicast-DIO with rank 631
291030361	ID:35	RPL: Sending a multicast-DIO with rank 574
291631539	ID:32	RPL: Sending a multicast-DIO with rank 480
291985451	ID:36	RPL: Sending a multicast-DIO with rank 608
294049830	ID:33	RPL: Sending a multicast-DIO with rank 631
296030361	ID:35	RPL: Sending a multicast-DIO with rank 574
296631539	ID:32	RPL: Sending a multicast-DIO with rank 480
296985451	ID:36	RPL: Sending a multicast-DIO with rank 608
299049830	ID:33	RPL: Sending a multicast-DIO with rank 631
301030361	ID:35	RPL: Sending a multicast-DIO with rank 574
301631539	ID:32	RPL: Sending a multicast-DIO with rank 480
301985451	ID:36	RPL: Sending a multicast-DIO with rank 608
304049830	ID:33	RPL: Sending a multicast-DIO with rank 631
306030361	ID:35	RPL: Sending a multicast-DIO with rank 574
306631539	ID:32	RPL: Sending a multicast-DIO with rank 480
306985451	ID:36	RPL: Sending a multicast-DIO with rank 608
309049830	ID:33	RPL: Sending a multicast-DIO with rank 631
311030361	ID:35	RPL: Sending a multicast-DIO with rank 574
311631539	ID:32	RPL: Sending a multicast-DIO with rank 480
311985451	ID:36	RPL: Sending a multicast-DIO with rank 608
314049830	ID:33	RPL: Sending a multicast-DIO with rank 631
316030361	ID:35	RPL: Sending a multicast-DIO with rank 574
316631539	ID:32	RPL: Sending a multicast-DIO with rank 480
316985451	ID:36	RPL: Sending a multicast-DIO with rank 608
319049830	ID:33	RPL: Sending a multicast-DIO with rank 631
321030361	ID:35	RPL: Sending a multicast-DIO with rank 574
321631539	ID:32	RPL: Sending a multicast-DIO with rank 480
321985451	ID:36	RPL: Sending a multicast-DIO with rank 608
323017249	ID:34	RPL: Sending a DIS to fe80::c30c:0:0:6
324049830	ID:33	RPL: Sending a multicast-DIO with rank 631
326030361	ID:35	RPL: Sending a multicast-DIO with rank 574
326631539	ID:32	RPL: Sending a multicast-DIO with rank 480
326985451	ID:36	RPL: Sending a multicast-DIO with rank 608
329049830	ID:33	RPL: Sending a multicast-DIO with rank 631
331030361	ID:35	RPL: Sending a multicast-DIO with rank 574
331631539	ID:32	RPL: Sending a multicast-DIO with rank 480
331985451	ID:36	RPL: Sending a multicast-DIO with rank 608
334049830	ID:33	RPL: Sending a multicast-DIO with rank 631
336030361	ID:35	RPL: Sending a multicast-DIO with rank 574
336631539	ID:32	RPL: Sending a multicast-DIO with rank 480
336985451	ID:36	RPL: Sending a multicast-DIO with rank 608
339049830	ID:33	RPL: Sending a multicast-DIO with rank 631
341030361	ID:35	RPL: Sending a multicast-DIO with rank 574
341631539	ID:32	RPL: Sending a multicast-DIO with rank 480
341985451	ID:36	RPL: Sending a multicast-DIO with rank 608
344049830	ID:33	RPL: Sending a multicast-DIO with rank 631
346030361	ID:35	RPL: Sending a multicast-DIO with rank 574
346631539	ID:32	RPL: Sending a multicast-DIO with rank 480
346985451	ID:36	RPL: Sending a multicast-DIO with rank 608
349049837	ID:33	RPL: Sending a multicast-DIO with rank 631
351030361	ID:35	RPL: Sending a multicast-DIO with rank 574
351631539	ID:32	RPL: Sending a multicast-DIO with rank 480
351985451	ID:36	RPL: Sending a multicast-DIO with rank 608
354049830	ID:33	RPL: Sending a multicast-DIO with rank 631
356030361	ID:35	RPL: Sending a multicast-DIO with rank 574
356631546	ID:32	RPL: Sending a multicast-DIO with rank 480
356985451	ID:36	RPL: Sending a multicast-DIO with rank 608
359049830	ID:33	RPL: Sending a multicast-DIO with rank 631
361030361	ID:35	RPL: Sending a multicast-DIO with rank 574
361631539	ID:32	RPL: Sending a multicast-DIO with rank 480
361985451	ID:36	RPL: Sending a multicast-DIO with rank 608
364049830	ID:33	RPL: Sending a multicast-DIO with rank 631
366030361	ID:35	RPL: Sending a multicast-DIO with rank 574
366631539	ID:32	RPL: Sending a multicast-DIO with rank 480
366985451	ID:36	RPL: Sending a multicast-DIO with rank 608
369049830	ID:33	RPL: Sending a multicast-DIO with rank 631
371030361	ID:35	RPL: Sending a multicast-DIO with rank 574
371631539	ID:32	RPL: Sending a multicast-DIO with rank 480
371985451	ID:36	RPL: Sending a multicast-DIO with rank 608
374049830	ID:33	RPL: Sending a multicast-DIO with rank 631
376030361	ID:35	RPL: Sending a multicast-DIO with rank 574
376631539	ID:32	RPL: Sending a multicast-DIO with rank 480
376985451	ID:36	RPL: Sending a multicast-DIO with rank 608
379049830	ID:33	RPL: Sending a multicast-DIO with rank 631
381030361	ID:35	RPL: Sending a multicast-DIO with rank 574
381631539	ID:32	RPL: Sending a multicast-DIO with rank 480
381985451	ID:36	RPL: Sending a multicast-DIO with rank 608
383017249	ID:34	RPL: Sending a DIS to fe80::c30c:0:0:6
384049830	ID:33	RPL: Sending a multicast-DIO with rank 631
386030361	ID:35	RPL: Sending a multicast-DIO with rank 574
386631539	ID:32	RPL: Sending a multicast-DIO with rank 480
386985451	ID:36	RPL: Sending a multicast-DIO with rank 608
389049830	ID:33	RPL: Sending a multicast-DIO with rank 631
391030361	ID:35	RPL: Sending a multicast-DIO with rank 574
391631539	ID:32	RPL: Sending a multicast-DIO with rank 480
391985451	ID:36	RPL: Sending a multicast-DIO with rank 608
394049830	ID:33	RPL: Sending a multicast-DIO with rank 631
396030361	ID:35	RPL: Sending a multicast-DIO with rank 574
396631539	ID:32	RPL: Sending a multicast-DIO with rank 480
396985451	ID:36	RPL: Sending a multicast-DIO with rank 608
399049830	ID:33	RPL: Sending a multicast-DIO with rank 631
401030361	ID:35	RPL: Sending a multicast-DIO with rank 574
401631539	ID:32	RPL: Sending a multicast-DIO with rank 480
401985451	ID:36	RPL: Sending a multicast-DIO with rank 608
404049830	ID:33	RPL: Sending a multicast-DIO with rank 631
406030361	ID:35	RPL: Sending a multicast-DIO with rank 574
406631539	ID:32	RPL: Sending a multicast-DIO with rank 480
406985451	ID:36	RPL: Sending a multicast-DIO with rank 608
409049830	ID:33	RPL: Sending a multicast-DIO with rank 631
411030361	ID:35	RPL: Sending a multicast-DIO with rank 574
411631539	ID:32	RPL: Sending a multicast-DIO with rank 480
411985451	ID:36	RPL: Sending a multicast-DIO with rank 608
414049830	ID:33	RPL: Sending a multicast-DIO with rank 631
416030361	ID:35	RPL: Sending a multicast-DIO with rank 574
416631539	ID:32	RPL: Sending a multicast-DIO with rank 480
416985451	ID:36	RPL: Sending a multicast-DIO with rank 608
419049830	ID:33	RPL: Sending a multicast-DIO with rank 631
421030368	ID:35	RPL: Sending a multicast-DIO with rank 574
421631539	ID:32	RPL: Sending a multicast-DIO with rank 480
421985457	ID:36	RPL: Sending a multicast-DIO with rank 608
424049830	ID:33	RPL: Sending a multicast-DIO with rank 631
426030361	ID:35	RPL: Sending a multicast-DIO with rank 574
426631539	ID:32	RPL: Sending a multicast-DIO with rank 480
426985451	ID:36	RPL: Sending a multicast-DIO with rank 608
429049830	ID:33	RPL: Sending a multicast-DIO with rank 631
431030361	ID:35	RPL: Sending a multicast-DIO with rank 574
431631539	ID:32	RPL: Sending a multicast-DIO with rank 480
431985451	ID:36	RPL: Sending a multicast-DIO with rank 608
434049830	ID:33	RPL: Sending a multicast-DIO with rank 631
436030361	ID:35	RPL: Sending a multicast-DIO with rank 574
436631539	ID:32	RPL: Sending a multicast-DIO with rank 480
436985451	ID:36	RPL: Sending a multicast-DIO with rank 608
439049830	ID:33	RPL: Sending a multicast-DIO with rank 631
441030361	ID:35	RPL: Sending a multicast-DIO with rank 574
441631539	ID:32	RPL: Sending a multicast-DIO with rank 480
441985451	ID:36	RPL: Sending a multicast-DIO with rank 608
443017249	ID:34	RPL: Sending a DIS to fe80::c30c:0:0:6
444049830	ID:33	RPL: Sending a multicast-DIO with rank 631
446030361	ID:35	RPL: Sending a multicast-DIO with rank 574
446631539	ID:32	RPL: Sending a multicast-DIO with rank 480
446985451	ID:36	RPL: Sending a multicast-DIO with rank 608
449049830	ID:33	RPL: Sending a multicast-DIO with rank 631
451030361	ID:35	RPL: Sending a multicast-DIO with rank 574
451631539	ID:32	RPL: Sending a multicast-DIO with rank 480
451985451	ID:36	RPL: Sending a multicast-DIO with rank 608
454049830	ID:33	RPL: Sending a multicast-DIO with rank 631
456030361	ID:35	RPL: Sending a multicast-DIO with rank 574
456631539	ID:32	RPL: Sending a multicast-DIO with rank 480
456985451	ID:36	RPL: Sending a multicast-DIO with rank 608
459049830	ID:33	RPL: Sending a multicast-DIO with rank 631
461030361	ID:35	RPL: Sending a multicast-DIO with rank 574
461631539	ID:32	RPL: Sending a multicast-DIO with rank 480
461985451	ID:36	RPL: Sending a multicast-DIO with rank 608
464049830	ID:33	RPL: Sending a multicast-DIO with rank 631
466030361	ID:35	RPL: Sending a multicast-DIO with rank 574
466631539	ID:32	RPL: Sending a multicast-DIO with rank 480
466985451	ID:36	RPL: Sending a multicast-DIO with rank 608
469049830	ID:33	RPL: Sending a multicast-DIO with rank 631
471030361	ID:35	RPL: Sending a multicast-DIO with rank 574
471631539	ID:32	RPL: Sending a multicast-DIO with rank 480
471985451	ID:36	RPL: Sending a multicast-DIO with rank 608
474049830	ID:33	RPL: Sending a multicast-DIO with rank 631
476030361	ID:35	RPL: Sending a multicast-DIO with rank 574
476631539	ID:32	RPL: Sending a multicast-DIO with rank 480
476985451	ID:36	RPL: Sending a multicast-DIO with rank 608
479049830	ID:33	RPL: Sending a multicast-DIO with rank 631
481030361	ID:35	RPL: Sending a multicast-DIO with rank 574
481631539	ID:32	RPL: Sending a multicast-DIO with rank 480
481985451	ID:36	RPL: Sending a multicast-DIO with rank 608
484049830	ID:33	RPL: Sending a multicast-DIO with rank 631
486030361	ID:35	RPL: Sending a multicast-DIO with rank 574
486631539	ID:32	RPL: Sending a multicast-DIO with rank 480
486985451	ID:36	RPL: Sending a multicast-DIO with rank 608
489049830	ID:33	RPL: Sending a multicast-DIO with rank 631
491030361	ID:35	RPL: Sending a multicast-DIO with rank 574
491631539	ID:32	RPL: Sending a multicast-DIO with rank 480
491985451	ID:36	RPL: Sending a multicast-DIO with rank 608
494049830	ID:33	RPL: Sending a multicast-DIO with rank 631
496030361	ID:35	RPL: Sending a multicast-DIO with rank 574
496631539	ID:32	RPL: Sending a multicast-DIO with rank 480
496985451	ID:36	RPL: Sending a multicast-DIO with rank 608
499049830	ID:33	RPL: Sending a multicast-DIO with rank 631
501030361	ID:35	RPL: Sending a multicast-DIO with rank 574
501631539	ID:32	RPL: Sending a multicast-DIO with rank 480
501985451	ID:36	RPL: Sending a multicast-DIO with rank 608
503017249	ID:34	RPL: Sending a DIS to fe80::c30c:0:0:6
504049830	ID:33	RPL: Sending a multicast-DIO with rank 631
506030361	ID:35	RPL: Sending a multicast-DIO with rank 574
506631539	ID:32	RPL: Sending a multicast-DIO with rank 480
506985451	ID:36	RPL: Sending a multicast-DIO with rank 608
509049830	ID:33	RPL: Sending a multicast-DIO with rank 631
511030361	ID:35	RPL: Sending a multicast-DIO with rank 574
511631539	ID:32	RPL: Sending a multicast-DIO with rank 480
511985451	ID:36	RPL: Sending a multicast-DIO with rank 608
514049830	ID:33	RPL: Sending a multicast-DIO with rank 631
516030361	ID:35	RPL: Sending a multicast-DIO with rank 574
516631539	ID:32	RPL: Sending a multicast-DIO with rank 480
516985451	ID:36	RPL: Sending a multicast-DIO with rank 608
519049830	ID:33	RPL: Sending a multicast-DIO with rank 631
521030361	ID:35	RPL: Sending a multicast-DIO with rank 574
521631539	ID:32	RPL: Sending a multicast-DIO with rank 480
521985451	ID:36	RPL: Sending a multicast-DIO with rank 608
524049830	ID:33	RPL: Sending a multicast-DIO with rank 631
526030361	ID:35	RPL: Sending a multicast-DIO with rank 574
526631539	ID:32	RPL: Sending a multicast-DIO with rank 480
526985451	ID:36	RPL: Sending a multicast-DIO with rank 608
529049830	ID:33	RPL: Sending a multicast-DIO with rank 631
531030361	ID:35	RPL: Sending a multicast-DIO with rank 574
531631539	ID:32	RPL: Sending a multicast-DIO with rank 480
531985451	ID:36	RPL: Sending a multicast-DIO with rank 608
534049830	ID:33	RPL: Sending a multicast-DIO with rank 631
536030361	ID:35	RPL: Sending a multicast-DIO with rank 574
536631539	ID:32	RPL: Sending a multicast-DIO with rank 480
536985451	ID:36	RPL: Sending a multicast-DIO with rank 608
539049830	ID:33	RPL: Sending a multicast-DIO with rank 631
541030361	ID:35	RPL: Sending a multicast-DIO with rank 574
541631539	ID:32	RPL: Sending a multicast-DIO with rank 480
541985451	ID:36	RPL: Sending a multicast-DIO with rank 608
544049830	ID:33	RPL: Sending a multicast-DIO with rank 631
546030361	ID:35	RPL: Sending a multicast-DIO with rank 574
546631539	ID:32	RPL: Sending a multicast-DIO with rank 480
546985451	ID:36	RPL: Sending a multicast-DIO with rank 608
549049830	ID:33	RPL: Sending a multicast-DIO with rank 631
551030361	ID:35	RPL: Sending a multicast-DIO with rank 574
551631539	ID:32	RPL: Sending a multicast-DIO with rank 480
551985451	ID:36	RPL: Sending a multicast-DIO with rank 608
554049830	ID:33	RPL: Sending a multicast-DIO with rank 631
556030361	ID:35	RPL: Sending a multicast-DIO with rank 574
556631539	ID:32	RPL: Sending a multicast-DIO with rank 480
556985451	ID:36	RPL: Sending a multicast-DIO with rank 608
559049830	ID:33	RPL: Sending a multicast-DIO with rank 631
561030361	ID:35	RPL: Sending a multicast-DIO with rank 574
561631539	ID:32	RPL: Sending a multicast-DIO with rank 480
561985451	ID:36	RPL: Sending a multicast-DIO with rank 608
563017249	ID:34	RPL: Sending a DIS to fe80::c30c:0:0:6
564049830	ID:33	RPL: Sending a multicast-DIO with rank 631
566030361	ID:35	RPL: Sending a multicast-DIO with rank 574
566631539	ID:32	RPL: Sending a multicast-DIO with rank 480
566985451	ID:36	RPL: Sending a multicast-DIO with rank 608
569049830	ID:33	RPL: Sending a multicast-DIO with rank 631
571030361	ID:35	RPL: Sending a multicast-DIO with rank 574
571631539	ID:32	RPL: Sending a multicast-DIO with rank 480
571985451	ID:36	RPL: Sending a multicast-DIO with rank 608
574049830	ID:33	RPL: Sending a multicast-DIO with rank 631
576030361	ID:35	RPL: Sending a multicast-DIO with rank 574
576631539	ID:32	RPL: Sending a multicast-DIO with rank 480
576985451	ID:36	RPL: Sending a multicast-DIO with rank 608
579049830	ID:33	RPL: Sending a multicast-DIO with rank 631
581030361	ID:35	RPL: Sending a multicast-DIO with rank 574
581631539	ID:32	RPL: Sending a multicast-DIO with rank 480
581985451	ID:36	RPL: Sending a multicast-DIO with rank 608
584049830	ID:33	RPL: Sending a multicast-DIO with rank 631
586030361	ID:35	RPL: Sending a multicast-DIO with rank 574
586631539	ID:32	RPL: Sending a multicast-DIO with rank 480
586985451	ID:36	RPL: Sending a multicast-DIO with rank 608
589049830	ID:33	RPL: Sending a multicast-DIO with rank 631
591030361	ID:35	RPL: Sending a multicast-DIO with rank 574
591631539	ID:32	RPL: Sending a multicast-DIO with rank 480
591985451	ID:36	RPL: Sending a multicast-DIO with rank 608
594049830	ID:33	RPL: Sending a multicast-DIO with rank 631
596030361	ID:35	RPL: Sending a multicast-DIO with rank 574
596631539	ID:32	RPL: Sending a multicast-DIO with rank 480
596985451	ID:36	RPL: Sending a multicast-DIO with rank 608
599049830	ID:33	RPL: Sending a multicast-DIO with rank 631
601030361	ID:35	RPL: Sending a multicast-DIO with rank 574
601631539	ID:32	RPL: Sending a multicast-DIO with rank 480
601985451	ID:36	RPL: Sending a multicast-DIO with rank 608
604049830	ID:33	RPL: Sending a multicast-DIO with rank 631
606030361	ID:35	RPL: Sending a multicast-DIO with rank 574
606631539	ID:32	RPL: Sending a multicast-DIO with rank 480
606985451	ID:36	RPL: Sending a multicast-DIO with rank 608
609049830	ID:33	RPL: Sending a multicast-DIO with rank 631
611030361	ID:35	RPL: Sending a multicast-DIO with rank 574
611631539	ID:32	RPL: Sending a multicast-DIO with rank 480
611985451	ID:36	RPL: Sending a multicast-DIO with rank 608
614049830	ID:33	RPL: Sending a multicast-DIO with rank 631
616030361	ID:35	RPL: Sending a multicast-DIO with rank 574
616631539	ID:32	RPL: Sending a multicast-DIO with rank 480
616985451	ID:36	RPL: Sending a multicast-DIO with rank 608
619049830	ID:33	RPL: Sending a multicast-DIO with rank 631
621030361	ID:35	RPL: Sending a multicast-DIO with rank 574
621631539	ID:32	RPL: Sending a multicast-DIO with rank 480
621985451	ID:36	RPL: Sending a multicast-DIO with rank 608
623017249	ID:34	RPL: Sending a DIS to fe80::c30c:0:0:6
624049830	ID:33	RPL: Sending a multicast-DIO with rank 631
626030361	ID:35	RPL: Sending a multicast-DIO with rank 574
626631539	ID:32	RPL: Sending a multicast-DIO with rank 480
626985451	ID:36	RPL: Sending a multicast-DIO with rank 608
629049830	ID:33	RPL: Sending a multicast-DIO with rank 631
631030361	ID:35	RPL: Sending a multicast-DIO with rank 574
631631539	ID:32	RPL: Sending a multicast-DIO with rank 480
631985451	ID:36	RPL: Sending a multicast-DIO with rank 608
634049830	ID:33	RPL: Sending a multicast-DIO with rank 631
636030361	ID:35	RPL: Sending a multicast-DIO with rank 574
636631539	ID:32	RPL: Sending a multicast-DIO with rank 480
636985451	ID:36	RPL: Sending a multicast-DIO with rank 608
639049830	ID:33	RPL: Sending a multicast-DIO with rank 631
641030361	ID:35	RPL: Sending a multicast-DIO with rank 574
641631539	ID:32	RPL: Sending a multicast-DIO with rank 480
641985451	ID:36	RPL: Sending a multicast-DIO with rank 608
644049830	ID:33	RPL: Sending a multicast-DIO with rank 631
646030361	ID:35	RPL: Sending a multicast-DIO with rank 574
646631539	ID:32	RPL: Sending a multicast-DIO with rank 480
646985451	ID:36	RPL: Sending a multicast-DIO with rank 608
649049830	ID:33	RPL: Sending a multicast-DIO with rank 631
651030361	ID:35	RPL: Sending a multicast-DIO with rank 574
651631539	ID:32	RPL: Sending a multicast-DIO with rank 480
651985451	ID:36	RPL: Sending a multicast-DIO with rank 608
654049830	ID:33	RPL: Sending a multicast-DIO with rank 631
656030361	ID:35	RPL: Sending a multicast-DIO with rank 574
656631539	ID:32	RPL: Sending a multicast-DIO with rank 480
656985451	ID:36	RPL: Sending a multicast-DIO with rank 608
659049830	ID:33	RPL: Sending a multicast-DIO with rank 631
661030361	ID:35	RPL: Sending a multicast-DIO with rank 574
661631539	ID:32	RPL: Sending a multicast-DIO with rank 480
661985451	ID:36	RPL: Sending a multicast-DIO with rank 608
664049830	ID:33	RPL: Sending a multicast-DIO with rank 631
666030361	ID:35	RPL: Sending a multicast-DIO with rank 574
666631539	ID:32	RPL: Sending a multicast-DIO with rank 480
666985451	ID:36	RPL: Sending a multicast-DIO with rank 608
669049830	ID:33	RPL: Sending a multicast-DIO with rank 631
671030361	ID:35	RPL: Sending a multicast-DIO with rank 574
671631539	ID:32	RPL: Sending a multicast-DIO with rank 480
671985451	ID:36	RPL: Sending a multicast-DIO with rank 608
674049830	ID:33	RPL: Sending a multicast-DIO with rank 631
676030361	ID:35	RPL: Sending a multicast-DIO with rank 574
676631539	ID:32	RPL: Sending a multicast-DIO with rank 480
676985451	ID:36	RPL: Sending a multicast-DIO with rank 608
679049830	ID:33	RPL: Sending a multicast-DIO with rank 631
681030361	ID:35	RPL: Sending a multicast-DIO with rank 574
681631539	ID:32	RPL: Sending a multicast-DIO with rank 480
681985451	ID:36	RPL: Sending a multicast-DIO with rank 608
683017249	ID:34	RPL: Sending a DIS to fe80::c30c:0:0:6
684049837	ID:33	RPL: Sending a multicast-DIO with rank 631
686030361	ID:35	RPL: Sending a multicast-DIO with rank 574
686631539	ID:32	RPL: Sending a multicast-DIO with rank 480
686985451	ID:36	RPL: Sending a multicast-DIO with rank 608
689049830	ID:33	RPL: Sending a multicast-DIO with rank 631
691030361	ID:35	RPL: Sending a multicast-DIO with rank 574
691631540	ID:32	RPL: Sending a multicast-DIO with rank 480
691985451	ID:36	RPL: Sending a multicast-DIO with rank 608
694049830	ID:33	RPL: Sending a multicast-DIO with rank 631
696030361	ID:35	RPL: Sending a multicast-DIO with rank 574
696631540	ID:32	RPL: Sending a multicast-DIO with rank 480
696985451	ID:36	RPL: Sending a multicast-DIO with rank 608
699049830	ID:33	RPL: Sending a multicast-DIO with rank 631
701030361	ID:35	RPL: Sending a multicast-DIO with rank 574
701631540	ID:32	RPL: Sending a multicast-DIO with rank 480
701985451	ID:36	RPL: Sending a multicast-DIO with rank 608
704049830	ID:33	RPL: Sending a multicast-DIO with rank 631
706030361	ID:35	RPL: Sending a multicast-DIO with rank 574
706631540	ID:32	RPL: Sending a multicast-DIO with rank 480
706985451	ID:36	RPL: Sending a multicast-DIO with rank 608
709049830	ID:33	RPL: Sending a multicast-DIO with rank 631
711030361	ID:35	RPL: Sending a multicast-DIO with rank 574
711631540	ID:32	RPL: Sending a multicast-DIO with rank 480
711985451	ID:36	RPL: Sending a multicast-DIO with rank 608
714049830	ID:33	RPL: Sending a multicast-DIO with rank 631
716030361	ID:35	RPL: Sending a multicast-DIO with rank 574
716631540	ID:32	RPL: Sending a multicast-DIO with rank 480
716985451	ID:36	RPL: Sending a multicast-DIO with rank 608
719049830	ID:33	RPL: Sending a multicast-DIO with rank 631
721030361	ID:35	RPL: Sending a multicast-DIO with rank 574
721631539	ID:32	RPL: Sending a multicast-DIO with rank 480
721985451	ID:36	RPL: Sending a multicast-DIO with rank 608
724049830	ID:33	RPL: Sending a multicast-DIO with rank 631
726030361	ID:35	RPL: Sending a multicast-DIO with rank 574
726631540	ID:32	RPL: Sending a multicast-DIO with rank 480
726985451	ID:36	RPL: Sending a multicast-DIO with rank 608
729049830	ID:33	RPL: Sending a multicast-DIO with rank 631
731030368	ID:35	RPL: Sending a multicast-DIO with rank 574
731631540	ID:32	RPL: Sending a multicast-DIO with rank 480
731985451	ID:36	RPL: Sending a multicast-DIO with rank 608
734049830	ID:33	RPL: Sending a multicast-DIO with rank 631
736030361	ID:35	RPL: Sending a multicast-DIO with rank 574
736631540	ID:32	RPL: Sending a multicast-DIO with rank 480
736985451	ID:36	RPL: Sending a multicast-DIO with rank 608
739049830	ID:33	RPL: Sending a multicast-DIO with rank 631
741030361	ID:35	RPL: Sending a multicast-DIO with rank 574
741631540	ID:32	RPL: Sending a multicast-DIO with rank 480
741985458	ID:36	RPL: Sending a multicast-DIO with rank 608
743017250	ID:34	RPL: Sending a DIS to fe80::c30c:0:0:6
744049830	ID:33	RPL: Sending a multicast-DIO with rank 631
746030361	ID:35	RPL: Sending a multicast-DIO with rank 574
746631540	ID:32	RPL: Sending a multicast-DIO with rank 480
746985451	ID:36	RPL: Sending a multicast-DIO with rank 608
749049830	ID:33	RPL: Sending a multicast-DIO with rank 631
751030361	ID:35	RPL: Sending a multicast-DIO with rank 574
751631540	ID:32	RPL: Sending a multicast-DIO with rank 480
751985451	ID:36	RPL: Sending a multicast-DIO with rank 608
754049830	ID:33	RPL: Sending a multicast-DIO with rank 631
756030361	ID:35	RPL: Sending a multicast-DIO with rank 574
756631540	ID:32	RPL: Sending a multicast-DIO with rank 480
756985451	ID:36	RPL: Sending a multicast-DIO with rank 608
759049830	ID:33	RPL: Sending a multicast-DIO with rank 631
761030361	ID:35	RPL: Sending a multicast-DIO with rank 574
761631540	ID:32	RPL: Sending a multicast-DIO with rank 480
761985451	ID:36	RPL: Sending a multicast-DIO with rank 608
764049830	ID:33	RPL: Sending a multicast-DIO with rank 631
766030361	ID:35	RPL: Sending a multicast-DIO with rank 574
766631540	ID:32	RPL: Sending a multicast-DIO with rank 480
766985451	ID:36	RPL: Sending a multicast-DIO with rank 608
769049830	ID:33	RPL: Sending a multicast-DIO with rank 631
771030361	ID:35	RPL: Sending a multicast-DIO with rank 574
771631540	ID:32	RPL: Sending a multicast-DIO with rank 480
771985451	ID:36	RPL: Sending a multicast-DIO with rank 608
774049830	ID:33	RPL: Sending a multicast-DIO with rank 631
776030361	ID:35	RPL: Sending a multicast-DIO with rank 574
776631540	ID:32	RPL: Sending a multicast-DIO with rank 480
776985451	ID:36	RPL: Sending a multicast-DIO with rank 608
779049830	ID:33	RPL: Sending a multicast-DIO with rank 631
781030361	ID:35	RPL: Sending a multicast-DIO with rank 574
781631540	ID:32	RPL: Sending a multicast-DIO with rank 480
781985451	ID:36	RPL: Sending a multicast-DIO with rank 608
784049830	ID:33	RPL: Sending a multicast-DIO with rank 631
786030361	ID:35	RPL: Sending a multicast-DIO with rank 574
786631540	ID:32	RPL: Sending a multicast-DIO with rank 480
786985451	ID:36	RPL: Sending a multicast-DIO with rank 608
789049830	ID:33	RPL: Sending a multicast-DIO with rank 631
791030361	ID:35	RPL: Sending a multicast-DIO with rank 574
791631540	ID:32	RPL: Sending a multicast-DIO with rank 480
791985451	ID:36	RPL: Sending a multicast-DIO with rank 608
794049830	ID:33	RPL: Sending a multicast-DIO with rank 631
796030361	ID:35	RPL: Sending a multicast-DIO with rank 574
796631546	ID:32	RPL: Sending a multicast-DIO with rank 480
796985451	ID:36	RPL: Sending a multicast-DIO with rank 608
799049830	ID:33	RPL: Sending a multicast-DIO with rank 631
801030361	ID:35	RPL: Sending a multicast-DIO with rank 574
801631539	ID:32	RPL: Sending a multicast-DIO with rank 480
801985451	ID:36	RPL: Sending a multicast-DIO with rank 608
803017817	ID:34	RPL: Sending a DIS to fe80::c30c:0:0:6
804049830	ID:33	RPL: Sending a multicast-DIO with rank 631
806030361	ID:35	RPL: Sending a multicast-DIO with rank 574
806631540	ID:32	RPL: Sending a multicast-DIO with rank 480
806985451	ID:36	RPL: Sending a multicast-DIO with rank 608
809049830	ID:33	RPL: Sending a multicast-DIO with rank 631
811030361	ID:35	RPL: Sending a multicast-DIO with rank 574
811631540	ID:32	RPL: Sending a multicast-DIO with rank 480
811985451	ID:36	RPL: Sending a multicast-DIO with rank 608
814049830	ID:33	RPL: Sending a multicast-DIO with rank 631
816030361	ID:35	RPL: Sending a multicast-DIO with rank 574
816631540	ID:32	RPL: Sending a multicast-DIO with rank 480
816985451	ID:36	RPL: Sending a multicast-DIO with rank 608
819049830	ID:33	RPL: Sending a multicast-DIO with rank 631
821030361	ID:35	RPL: Sending a multicast-DIO with rank 574
821631540	ID:32	RPL: Sending a multicast-DIO with rank 480
821985451	ID:36	RPL: Sending a multicast-DIO with rank 608
824049830	ID:33	RPL: Sending a multicast-DIO with rank 631
826030361	ID:35	RPL: Sending a multicast-DIO with rank 574
826631540	ID:32	RPL: Sending a multicast-DIO with rank 480
826985451	ID:36	RPL: Sending a multicast-DIO with rank 608
829049830	ID:33	RPL: Sending a multicast-DIO with rank 631
831030361	ID:35	RPL: Sending a multicast-DIO with rank 574
831631540	ID:32	RPL: Sending a multicast-DIO with rank 480
831985451	ID:36	RPL: Sending a multicast-DIO with rank 608
834049830	ID:33	RPL: Sending a multicast-DIO with rank 631
836030361	ID:35	RPL: Sending a multicast-DIO with rank 574
836631540	ID:32	RPL: Sending a multicast-DIO with rank 480
836985451	ID:36	RPL: Sending a multicast-DIO with rank 608
839049830	ID:33	RPL: Sending a multicast-DIO with rank 631
841030361	ID:35	RPL: Sending a multicast-DIO with rank 574
841631540	ID:32	RPL: Sending a multicast-DIO with rank 480
841985451	ID:36	RPL: Sending a multicast-DIO with rank 608
844049830	ID:33	RPL: Sending a multicast-DIO with rank 631
846030361	ID:35	RPL: Sending a multicast-DIO with rank 574
846631540	ID:32	RPL: Sending a multicast-DIO with rank 480
846985451	ID:36	RPL: Sending a multicast-DIO with rank 608
849049830	ID:33	RPL: Sending a multicast-DIO with rank 631
851030361	ID:35	RPL: Sending a multicast-DIO with rank 574
851631540	ID:32	RPL: Sending a multicast-DIO with rank 480
851985451	ID:36	RPL: Sending a multicast-DIO with rank 608
854049830	ID:33	RPL: Sending a multicast-DIO with rank 631
856030361	ID:35	RPL: Sending a multicast-DIO with rank 574
856631540	ID:32	RPL: Sending a multicast-DIO with rank 480
856985451	ID:36	RPL: Sending a multicast-DIO with rank 608
859049830	ID:33	RPL: Sending a multicast-DIO with rank 631
861030361	ID:35	RPL: Sending a multicast-DIO with rank 574
861631540	ID:32	RPL: Sending a multicast-DIO with rank 480
861985451	ID:36	RPL: Sending a multicast-DIO with rank 608
863017250	ID:34	RPL: Sending a DIS to fe80::c30c:0:0:6
864049830	ID:33	RPL: Sending a multicast-DIO with rank 631
866030361	ID:35	RPL: Sending a multicast-DIO with rank 574
866631540	ID:32	RPL: Sending a multicast-DIO with rank 480
866985451	ID:36	RPL: Sending a multicast-DIO with rank 608
869049830	ID:33	RPL: Sending a multicast-DIO with rank 631
871030361	ID:35	RPL: Sending a multicast-DIO with rank 574
871631540	ID:32	RPL: Sending a multicast-DIO with rank 480
871985451	ID:36	RPL: Sending a multicast-DIO with rank 608
874049830	ID:33	RPL: Sending a multicast-DIO with rank 631
876030361	ID:35	RPL: Sending a multicast-DIO with rank 574
876631540	ID:32	RPL: Sending a multicast-DIO with rank 480
876985451	ID:36	RPL: Sending a multicast-DIO with rank 608
879049830	ID:33	RPL: Sending a multicast-DIO with rank 631
881030361	ID:35	RPL: Sending a multicast-DIO with rank 574
881631540	ID:32	RPL: Sending a multicast-DIO with rank 480
881985451	ID:36	RPL: Sending a multicast-DIO with rank 608
884049830	ID:33	RPL: Sending a multicast-DIO with rank 631
886030361	ID:35	RPL: Sending a multicast-DIO with rank 574
886631539	ID:32	RPL: Sending a multicast-DIO with rank 480
886985451	ID:36	RPL: Sending a multicast-DIO with rank 608
889049830	ID:33	RPL: Sending a multicast-DIO with rank 631
891030361	ID:35	RPL: Sending a multicast-DIO with rank 574
891631540	ID:32	RPL: Sending a multicast-DIO with rank 480
891985451	ID:36	RPL: Sending a multicast-DIO with rank 608
894049830	ID:33	RPL: Sending a multicast-DIO with rank 631
896030361	ID:35	RPL: Sending a multicast-DIO with rank 574
896631540	ID:32	RPL: Sending a multicast-DIO with rank 480
896985451	ID:36	RPL: Sending a multicast-DIO with rank 608
899049830	ID:33	RPL: Sending a multicast-DIO with rank 631
901030361	ID:35	RPL: Sending a multicast-DIO with rank 574
901631540	ID:32	RPL: Sending a multicast-DIO with rank 480
901985451	ID:36	RPL: Sending a multicast-DIO with rank 608
904049830	ID:33	RPL: Sending a multicast-DIO with rank 631
906030361	ID:35	RPL: Sending a multicast-DIO with rank 574
906631540	ID:32	RPL: Sending a multicast-DIO with rank 480
906985451	ID:36	RPL: Sending a multicast-DIO with rank 608
909049830	ID:33	RPL: Sending a multicast-DIO with rank 631
911030361	ID:35	RPL: Sending a multicast-DIO with rank 574
911631540	ID:32	RPL: Sending a multicast-DIO with rank 480
911985451	ID:36	RPL: Sending a multicast-DIO with rank 608
914049830	ID:33	RPL: Sending a multicast-DIO with rank 631
916030361	ID:35	RPL: Sending a multicast-DIO with rank 574
916631540	ID:32	RPL: Sending a multicast-DIO with rank 480
916985451	ID:36	RPL: Sending a multicast-DIO with rank 608
919049830	ID:33	RPL: Sending a multicast-DIO with rank 631
921030361	ID:35	RPL: Sending a multicast-DIO with rank 574
921631540	ID:32	RPL: Sending a multicast-DIO with rank 480
921985451	ID:36	RPL: Sending a multicast-DIO with rank 608
923017250	ID:34	RPL: Sending a DIS to fe80::c30c:0:0:6
924049830	ID:33	RPL: Sending a multicast-DIO with rank 631
926030361	ID:35	RPL: Sending a multicast-DIO with rank 574
926631540	ID:32	RPL: Sending a multicast-DIO with rank 480
926985451	ID:36	RPL: Sending a multicast-DIO with rank 608
929049830	ID:33	RPL: Sending a multicast-DIO with rank 631
931030361	ID:35	RPL: Sending a multicast-DIO with rank 574
931631540	ID:32	RPL: Sending a multicast-DIO with rank 480
931985451	ID:36	RPL: Sending a multicast-DIO with rank 608
934049830	ID:33	RPL: Sending a multicast-DIO with rank 631
936030361	ID:35	RPL: Sending a multicast-DIO with rank 574
936631540	ID:32	RPL: Sending a multicast-DIO with rank 480
936985451	ID:36	RPL: Sending a multicast-DIO with rank 608
939049830	ID:33	RPL: Sending a multicast-DIO with rank 631
941030361	ID:35	RPL: Sending a multicast-DIO with rank 574
941631540	ID:32	RPL: Sending a multicast-DIO with rank 480
941985451	ID:36	RPL: Sending a multicast-DIO with rank 608
944049830	ID:33	RPL: Sending a multicast-DIO with rank 631
946030361	ID:35	RPL: Sending a multicast-DIO with rank 574
946631540	ID:32	RPL: Sending a multicast-DIO with rank 480
946985451	ID:36	RPL: Sending a multicast-DIO with rank 608
949049830	ID:33	RPL: Sending a multicast-DIO with rank 631
951030361	ID:35	RPL: Sending a multicast-DIO with rank 574
951631540	ID:32	RPL: Sending a multicast-DIO with rank 480
951985451	ID:36	RPL: Sending a multicast-DIO with rank 608
954049830	ID:33	RPL: Sending a multicast-DIO with rank 631
956030361	ID:35	RPL: Sending a multicast-DIO with rank 574
956631540	ID:32	RPL: Sending a multicast-DIO with rank 480
956985451	ID:36	RPL: Sending a multicast-DIO with rank 608
959049830	ID:33	RPL: Sending a multicast-DIO with rank 631
961030361	ID:35	RPL: Sending a multicast-DIO with rank 574
961631540	ID:32	RPL: Sending a multicast-DIO with rank 480
961985451	ID:36	RPL: Sending a multicast-DIO with rank 608
964049830	ID:33	RPL: Sending a multicast-DIO with rank 631
966030361	ID:35	RPL: Sending a multicast-DIO with rank 574
966631540	ID:32	RPL: Sending a multicast-DIO with rank 480
966985451	ID:36	RPL: Sending a multicast-DIO with rank 608
969049830	ID:33	RPL: Sending a multicast-DIO with rank 631
971030361	ID:35	RPL: Sending a multicast-DIO with rank 574
971631540	ID:32	RPL: Sending a multicast-DIO with rank 480
971985451	ID:36	RPL: Sending a multicast-DIO with rank 608
974049830	ID:33	RPL: Sending a multicast-DIO with rank 631
976030361	ID:35	RPL: Sending a multicast-DIO with rank 574
976631540	ID:32	RPL: Sending a multicast-DIO with rank 480
976985451	ID:36	RPL: Sending a multicast-DIO with rank 608
979049830	ID:33	RPL: Sending a multicast-DIO with rank 631
981030361	ID:35	RPL: Sending a multicast-DIO with rank 574
981631540	ID:32	RPL: Sending a multicast-DIO with rank 480
981985451	ID:36	RPL: Sending a multicast-DIO with rank 608
983017250	ID:34	RPL: Sending a DIS to fe80::c30c:0:0:6
984049830	ID:33	RPL: Sending a multicast-DIO with rank 631
986030361	ID:35	RPL: Sending a multicast-DIO with rank 574
986631540	ID:32	RPL: Sending a multicast-DIO with rank 480
986985451	ID:36	RPL: Sending a multicast-DIO with rank 608
989049830	ID:33	RPL: Sending a multicast-DIO with rank 631
991030361	ID:35	RPL: Sending a multicast-DIO with rank 574
991631540	ID:32	RPL: Sending a multicast-DIO with rank 480
991985451	ID:36	RPL: Sending a multicast-DIO with rank 608
994049830	ID:33	RPL: Sending a multicast-DIO with rank 631
996030361	ID:35	RPL: Sending a multicast-DIO with rank 574
996631540	ID:32	RPL: Sending a multicast-DIO with rank 480
996985451	ID:36	RPL: Sending a multicast-DIO with rank 608
999049830	ID:33	RPL: Sending a multicast-DIO with rank 631
1001030361	ID:35	RPL: Sending a multicast-DIO with rank 574
1001631540	ID:32	RPL: Sending a multicast-DIO with rank 480
1001985451	ID:36	RPL: Sending a multicast-DIO with rank 608
1004049830	ID:33	RPL: Sending a multicast-DIO with rank 631
1006030361	ID:35	RPL: Sending a multicast-DIO with rank 574
1006631540	ID:32	RPL: Sending a multicast-DIO with rank 480
1006985451	ID:36	RPL: Sending a multicast-DIO with rank 608
1009049830	ID:33	RPL: Sending a multicast-DIO with rank 631
1011030361	ID:35	RPL: Sending a multicast-DIO with rank 574
1011631540	ID:32	RPL: Sending a multicast-DIO with rank 480
1011985451	ID:36	RPL: Sending a multicast-DIO with rank 608
1014049830	ID:33	RPL: Sending a multicast-DIO with rank 631
1016030361	ID:35	RPL: Sending a multicast-DIO with rank 574
1016631540	ID:32	RPL: Sending a multicast-DIO with rank 480
1016985451	ID:36	RPL: Sending a multicast-DIO with rank 608
1019049830	ID:33	RPL: Sending a multicast-DIO with rank 631
1021030361	ID:35	RPL: Sending a multicast-DIO with rank 574
1021631540	ID:32	RPL: Sending a multicast-DIO with rank 480
1021985451	ID:36	RPL: Sending a multicast-DIO with rank 608
1024049830	ID:33	RPL: Sending a multicast-DIO with rank 631
1026030362	ID:35	RPL: Sending a multicast-DIO with rank 574
1026631540	ID:32	RPL: Sending a multicast-DIO with rank 480
1026985452	ID:36	RPL: Sending a multicast-DIO with rank 608
1029049831	ID:33	RPL: Sending a multicast-DIO with rank 631
1031030362	ID:35	RPL: Sending a multicast-DIO with rank 574
1031631540	ID:32	RPL: Sending a multicast-DIO with rank 480
1031985452	ID:36	RPL: Sending a multicast-DIO with rank 608
1034049838	ID:33	RPL: Sending a multicast-DIO with rank 631
1036030362	ID:35	RPL: Sending a multicast-DIO with rank 574
1036631540	ID:32	RPL: Sending a multicast-DIO with rank 480
1036985452	ID:36	RPL: Sending a multicast-DIO with rank 608
1039049831	ID:33	RPL: Sending a multicast-DIO with rank 631
1041030362	ID:35	RPL: Sending a multicast-DIO with rank 574
1041631540	ID:32	RPL: Sending a multicast-DIO with rank 480
1041985452	ID:36	RPL: Sending a multicast-DIO with rank 608
1043017250	ID:34	RPL: Sending a DIS to fe80::c30c:0:0:6
1044049831	ID:33	RPL: Sending a multicast-DIO with rank 631
1046030362	ID:35	RPL: Sending a multicast-DIO with rank 574
1046631540	ID:32	RPL: Sending a multicast-DIO with rank 480
1046985452	ID:36	RPL: Sending a multicast-DIO with rank 608
1049049831	ID:33	RPL: Sending a multicast-DIO with rank 631
1051030362	ID:35	RPL: Sending a multicast-DIO with rank 574
1051631540	ID:32	RPL: Sending a multicast-DIO with rank 480
1051985452	ID:36	RPL: Sending a multicast-DIO with rank 608
1054049831	ID:33	RPL: Sending a multicast-DIO with rank 631
1056030362	ID:35	RPL: Sending a multicast-DIO with rank 574
1056631540	ID:32	RPL: Sending a multicast-DIO with rank 480
1056985452	ID:36	RPL: Sending a multicast-DIO with rank 608
1059049831	ID:33	RPL: Sending a multicast-DIO with rank 631
1061030362	ID:35	RPL: Sending a multicast-DIO with rank 574
1061631540	ID:32	RPL: Sending a multicast-DIO with rank 480
1061985452	ID:36	RPL: Sending a multicast-DIO with rank 608
1064049831	ID:33	RPL: Sending a multicast-DIO with rank 631
1066030362	ID:35	RPL: Sending a multicast-DIO with rank 574
1066631540	ID:32	RPL: Sending a multicast-DIO with rank 480
1066985452	ID:36	RPL: Sending a multicast-DIO with rank 608
1069049831	ID:33	RPL: Sending a multicast-DIO with rank 631
1071030362	ID:35	RPL: Sending a multicast-DIO with rank 574
1071631540	ID:32	RPL: Sending a multicast-DIO with rank 480
1071985452	ID:36	RPL: Sending a multicast-DIO with rank 608
1074049831	ID:33	RPL: Sending a multicast-DIO with rank 631
1076030362	ID:35	RPL: Sending a multicast-DIO with rank 574
1076631540	ID:32	RPL: Sending a multicast-DIO with rank 480
1076985452	ID:36	RPL: Sending a multicast-DIO with rank 608
1079049831	ID:33	RPL: Sending a multicast-DIO with rank 631
1081030369	ID:35	RPL: Sending a multicast-DIO with rank 574
1081631540	ID:32	RPL: Sending a multicast-DIO with rank 480
1081985452	ID:36	RPL: Sending a multicast-DIO with rank 608
1084049831	ID:33	RPL: Sending a multicast-DIO with rank 631
1086030362	ID:35	RPL: Sending a multicast-DIO with rank 574
1086631540	ID:32	RPL: Sending a multicast-DIO with rank 480
1086985459	ID:36	RPL: Sending a multicast-DIO with rank 608
1089049831	ID:33	RPL: Sending a multicast-DIO with rank 631
1091030362	ID:35	RPL: Sending a multicast-DIO with rank 574
1091631540	ID:32	RPL: Sending a multicast-DIO with rank 480
1091985452	ID:36	RPL: Sending a multicast-DIO with rank 608
1094049831	ID:33	RPL: Sending a multicast-DIO with rank 631
1096030362	ID:35	RPL: Sending a multicast-DIO with rank 574
1096631540	ID:32	RPL: Sending a multicast-DIO with rank 480
1096985452	ID:36	RPL: Sending a multicast-DIO with rank 608
1099049831	ID:33	RPL: Sending a multicast-DIO with rank 631
1101030362	ID:35	RPL: Sending a multicast-DIO with rank 574
1101631540	ID:32	RPL: Sending a multicast-DIO with rank 480
1101985452	ID:36	RPL: Sending a multicast-DIO with rank 608
1103017250	ID:34	RPL: Sending a DIS to fe80::c30c:0:0:6
1104049831	ID:33	RPL: Sending a multicast-DIO with rank 631
1106030362	ID:35	RPL: Sending a multicast-DIO with rank 574
1106631540	ID:32	RPL: Sending a multicast-DIO with rank 480
1106985452	ID:36	RPL: Sending a multicast-DIO with rank 608
1109049831	ID:33	RPL: Sending a multicast-DIO with rank 631
1111030362	ID:35	RPL: Sending a multicast-DIO with rank 574
1111631540	ID:32	RPL: Sending a multicast-DIO with rank 480
1111985452	ID:36	RPL: Sending a multicast-DIO with rank 608
1114049831	ID:33	RPL: Sending a multicast-DIO with rank 631
1116030362	ID:35	RPL: Sending a multicast-DIO with rank 574
1116631540	ID:32	RPL: Sending a multicast-DIO with rank 480
1116985452	ID:36	RPL: Sending a multicast-DIO with rank 608
1119049831	ID:33	RPL: Sending a multicast-DIO with rank 631
1121030362	ID:35	RPL: Sending a multicast-DIO with rank 574
1121631540	ID:32	RPL: Sending a multicast-DIO with rank 480
1121985452	ID:36	RPL: Sending a multicast-DIO with rank 608
1124049831	ID:33	RPL: Sending a multicast-DIO with rank 631
1126030362	ID:35	RPL: Sending a multicast-DIO with rank 574
1126631540	ID:32	RPL: Sending a multicast-DIO with rank 480
1126985452	ID:36	RPL: Sending a multicast-DIO with rank 608
1129049831	ID:33	RPL: Sending a multicast-DIO with rank 631
1131030362	ID:35	RPL: Sending a multicast-DIO with rank 574
1131631540	ID:32	RPL: Sending a multicast-DIO with rank 480
1131985452	ID:36	RPL: Sending a multicast-DIO with rank 608
1134049831	ID:33	RPL: Sending a multicast-DIO with rank 631
1136030362	ID:35	RPL: Sending a multicast-DIO with rank 574
1136631540	ID:32	RPL: Sending a multicast-DIO with rank 480
1136985452	ID:36	RPL: Sending a multicast-DIO with rank 608
1139049831	ID:33	RPL: Sending a multicast-DIO with rank 631
1141030362	ID:35	RPL: Sending a multicast-DIO with rank 574
1141631540	ID:32	RPL: Sending a multicast-DIO with rank 480
1141985452	ID:36	RPL: Sending a multicast-DIO with rank 608
1144049831	ID:33	RPL: Sending a multicast-DIO with rank 631
1146030362	ID:35	RPL: Sending a multicast-DIO with rank 574
1146631540	ID:32	RPL: Sending a multicast-DIO with rank 480
1146985452	ID:36	RPL: Sending a multicast-DIO with rank 608
1149049831	ID:33	RPL: Sending a multicast-DIO with rank 631
1151030362	ID:35	RPL: Sending a multicast-DIO with rank 574
1151631547	ID:32	RPL: Sending a multicast-DIO with rank 480
1151985452	ID:36	RPL: Sending a multicast-DIO with rank 608
1154049831	ID:33	RPL: Sending a multicast-DIO with rank 631
1156030362	ID:35	RPL: Sending a multicast-DIO with rank 574
1156631540	ID:32	RPL: Sending a multicast-DIO with rank 480
1156985452	ID:36	RPL: Sending a multicast-DIO with rank 608
1159049831	ID:33	RPL: Sending a multicast-DIO with rank 631
1161030362	ID:35	RPL: Sending a multicast-DIO with rank 574
1161631540	ID:32	RPL: Sending a multicast-DIO with rank 480
1161985452	ID:36	RPL: Sending a multicast-DIO with rank 608
1163017250	ID:34	RPL: Sending a DIS to fe80::c30c:0:0:6
1164049831	ID:33	RPL: Sending a multicast-DIO with rank 631
1166030362	ID:35	RPL: Sending a multicast-DIO with rank 574
1166631540	ID:32	RPL: Sending a multicast-DIO with rank 480
1166985452	ID:36	RPL: Sending a multicast-DIO with rank 608
1169049831	ID:33	RPL: Sending a multicast-DIO with rank 631
1171030362	ID:35	RPL: Sending a multicast-DIO with rank 574
1171631540	ID:32	RPL: Sending a multicast-DIO with rank 480
1171985452	ID:36	RPL: Sending a multicast-DIO with rank 608
1174049831	ID:33	RPL: Sending a multicast-DIO with rank 631
1176030362	ID:35	RPL: Sending a multicast-DIO with rank 574
1176631540	ID:32	RPL: Sending a multicast-DIO with rank 480
1176985452	ID:36	RPL: Sending a multicast-DIO with rank 608
1179049831	ID:33	RPL: Sending a multicast-DIO with rank 631
1181030362	ID:35	RPL: Sending a multicast-DIO with rank 574
1181631540	ID:32	RPL: Sending a multicast-DIO with rank 480
1181985452	ID:36	RPL: Sending a multicast-DIO with rank 608
1184049831	ID:33	RPL: Sending a multicast-DIO with rank 631
1186030362	ID:35	RPL: Sending a multicast-DIO with rank 574
1186631540	ID:32	RPL: Sending a multicast-DIO with rank 480
1186985452	ID:36	RPL: Sending a multicast-DIO with rank 608
1189049831	ID:33	RPL: Sending a multicast-DIO with rank 631
1191030362	ID:35	RPL: Sending a multicast-DIO with rank 574
1191631540	ID:32	RPL: Sending a multicast-DIO with rank 480
1191985452	ID:36	RPL: Sending a multicast-DIO with rank 608
1194049831	ID:33	RPL: Sending a multicast-DIO with rank 631
1196030362	ID:35	RPL: Sending a multicast-DIO with rank 574
1196631540	ID:32	RPL: Sending a multicast-DIO with rank 480
1196985452	ID:36	RPL: Sending a multicast-DIO with rank 608
1199049831	ID:33	RPL: Sending a multicast-DIO with rank 631
1201030367	ID:35	RPL: Sending a multicast-DIO with rank 574
1201631540	ID:32	RPL: Sending a multicast-DIO with rank 480
1201985457	ID:36	RPL: Sending a multicast-DIO with rank 608
1204049836	ID:33	RPL: Sending a multicast-DIO with rank 631
1206030361	ID:35	RPL: Sending a multicast-DIO with rank 574
1206631545	ID:32	RPL: Sending a multicast-DIO with rank 480
1206985451	ID:36	RPL: Sending a multicast-DIO with rank 608
1209049830	ID:33	RPL: Sending a multicast-DIO with rank 631
1211030361	ID:35	RPL: Sending a multicast-DIO with rank 574
1211631539	ID:32	RPL: Sending a multicast-DIO with rank 480
1211985451	ID:36	RPL: Sending a multicast-DIO with rank 608
1214049830	ID:33	RPL: Sending a multicast-DIO with rank 631
1216030361	ID:35	RPL: Sending a multicast-DIO with rank 574
1216631539	ID:32	RPL: Sending a multicast-DIO with rank 480
1216985451	ID:36	RPL: Sending a multicast-DIO with rank 608
1219049830	ID:33	RPL: Sending a multicast-DIO with rank 631
1221030361	ID:35	RPL: Sending a multicast-DIO with rank 574
1221631539	ID:32	RPL: Sending a multicast-DIO with rank 480
1221985451	ID:36	RPL: Sending a multicast-DIO with rank 608
1223017249	ID:34	RPL: Sending a DIS to fe80::c30c:0:0:6
1224049830	ID:33	RPL: Sending a multicast-DIO with rank 631
1226030361	ID:35	RPL: Sending a multicast-DIO with rank 574
1226631539	ID:32	RPL: Sending a multicast-DIO with rank 480
1226985451	ID:36	RPL: Sending a multicast-DIO with rank 608
1229049830	ID:33	RPL: Sending a multicast-DIO with rank 631
1231030361	ID:35	RPL: Sending a multicast-DIO with rank 574
1231631539	ID:32	RPL: Sending a multicast-DIO with rank 480
1231985451	ID:36	RPL: Sending a multicast-DIO with rank 608
1234049830	ID:33	RPL: Sending a multicast-DIO with rank 631
1236030361	ID:35	RPL: Sending a multicast-DIO with rank 574
1236631539	ID:32	RPL: Sending a multicast-DIO with rank 480
1236985451	ID:36	RPL: Sending a multicast-DIO with rank 608
1239049830	ID:33	RPL: Sending a multicast-DIO with rank 631
1241030361	ID:35	RPL: Sending a multicast-DIO with rank 574
1241631539	ID:32	RPL: Sending a multicast-DIO with rank 480
1241985451	ID:36	RPL: Sending a multicast-DIO with rank 608
1244049830	ID:33	RPL: Sending a multicast-DIO with rank 631
1246030361	ID:35	RPL: Sending a multicast-DIO with rank 574
1246631539	ID:32	RPL: Sending a multicast-DIO with rank 480
1246985451	ID:36	RPL: Sending a multicast-DIO with rank 608
1249049830	ID:33	RPL: Sending a multicast-DIO with rank 631
1251030361	ID:35	RPL: Sending a multicast-DIO with rank 574
1251631539	ID:32	RPL: Sending a multicast-DIO with rank 480
1251985451	ID:36	RPL: Sending a multicast-DIO with rank 608
1254049830	ID:33	RPL: Sending a multicast-DIO with rank 631
1256030361	ID:35	RPL: Sending a multicast-DIO with rank 574
1256631539	ID:32	RPL: Sending a multicast-DIO with rank 480
1256985451	ID:36	RPL: Sending a multicast-DIO with rank 608
1259049830	ID:33	RPL: Sending a multicast-DIO with rank 631
1261030361	ID:35	RPL: Sending a multicast-DIO with rank 574
1261631539	ID:32	RPL: Sending a multicast-DIO with rank 480
1261985451	ID:36	RPL: Sending a multicast-DIO with rank 608
1264049830	ID:33	RPL: Sending a multicast-DIO with rank 631
1266030361	ID:35	RPL: Sending a multicast-DIO with rank 574
1266631539	ID:32	RPL: Sending a multicast-DIO with rank 480
1266985451	ID:36	RPL: Sending a multicast-DIO with rank 608
1269049830	ID:33	RPL: Sending a multicast-DIO with rank 631
1271030361	ID:35	RPL: Sending a multicast-DIO with rank 574
1271631539	ID:32	RPL: Sending a multicast-DIO with rank 480
1271985451	ID:36	RPL: Sending a multicast-DIO with rank 608
1274049830	ID:33	RPL: Sending a multicast-DIO with rank 631
1276030361	ID:35	RPL: Sending a multicast-DIO with rank 574
1276631539	ID:32	RPL: Sending a multicast-DIO with rank 480
1276985451	ID:36	RPL: Sending a multicast-DIO with rank 608
1279049830	ID:33	RPL: Sending a multicast-DIO with rank 631
1281030361	ID:35	RPL: Sending a multicast-DIO with rank 574
1281631539	ID:32	RPL: Sending a multicast-DIO with rank 480
1281985451	ID:36	RPL: Sending a multicast-DIO with rank 608
1283017249	ID:34	RPL: Sending a DIS to fe80::c30c:0:0:6
1284049830	ID:33	RPL: Sending a multicast-DIO with rank 631
1286030361	ID:35	RPL: Sending a multicast-DIO with rank 574
1286631539	ID:32	RPL: Sending a multicast-DIO with rank 480
1286985451	ID:36	RPL: Sending a multicast-DIO with rank 608
1289049830	ID:33	RPL: Sending a multicast-DIO with rank 631
1291030361	ID:35	RPL: Sending a multicast-DIO with rank 574
1291631539	ID:32	RPL: Sending a multicast-DIO with rank 480
1291985451	ID:36	RPL: Sending a multicast-DIO with rank 608
1294049830	ID:33	RPL: Sending a multicast-DIO with rank 631
1296030361	ID:35	RPL: Sending a multicast-DIO with rank 574
1296631539	ID:32	RPL: Sending a multicast-DIO with rank 480
1296985451	ID:36	RPL: Sending a multicast-DIO with rank 608
1299049830	ID:33	RPL: Sending a multicast-DIO with rank 631
1301030361	ID:35	RPL: Sending a multicast-DIO with rank 574
1301631539	ID:32	RPL: Sending a multicast-DIO with rank 480
1301985451	ID:36	RPL: Sending a multicast-DIO with rank 608
1304049830	ID:33	RPL: Sending a multicast-DIO with rank 631
1306030361	ID:35	RPL: Sending a multicast-DIO with rank 574
1306631539	ID:32	RPL: Sending a multicast-DIO with rank 480
1306985451	ID:36	RPL: Sending a multicast-DIO with rank 608
1309049830	ID:33	RPL: Sending a multicast-DIO with rank 631
1311030361	ID:35	RPL: Sending a multicast-DIO with rank 574
1311631539	ID:32	RPL: Sending a multicast-DIO with rank 480
1311985451	ID:36	RPL: Sending a multicast-DIO with rank 608
1314049830	ID:33	RPL: Sending a multicast-DIO with rank 631
1316030361	ID:35	RPL: Sending a multicast-DIO with rank 574
1316631539	ID:32	RPL: Sending a multicast-DIO with rank 480
1316985451	ID:36	RPL: Sending a multicast-DIO with rank 608
1319049830	ID:33	RPL: Sending a multicast-DIO with rank 631
1321030361	ID:35	RPL: Sending a multicast-DIO with rank 574
1321631539	ID:32	RPL: Sending a multicast-DIO with rank 480
1321985451	ID:36	RPL: Sending a multicast-DIO with rank 608
1324049830	ID:33	RPL: Sending a multicast-DIO with rank 631
1326030361	ID:35	RPL: Sending a multicast-DIO with rank 574
1326631539	ID:32	RPL: Sending a multicast-DIO with rank 480
1326985451	ID:36	RPL: Sending a multicast-DIO with rank 608
1329049830	ID:33	RPL: Sending a multicast-DIO with rank 631
1331030361	ID:35	RPL: Sending a multicast-DIO with rank 574
1331631539	ID:32	RPL: Sending a multicast-DIO with rank 480
1331985451	ID:36	RPL: Sending a multicast-DIO with rank 608
1334049830	ID:33	RPL: Sending a multicast-DIO with rank 631
1336030361	ID:35	RPL: Sending a multicast-DIO with rank 574
1336631539	ID:32	RPL: Sending a multicast-DIO with rank 480
1336985451	ID:36	RPL: Sending a multicast-DIO with rank 608
1339049830	ID:33	RPL: Sending a multicast-DIO with rank 631
1341030361	ID:35	RPL: Sending a multicast-DIO with rank 574
1341631539	ID:32	RPL: Sending a multicast-DIO with rank 480
1341985451	ID:36	RPL: Sending a multicast-DIO with rank 608
1343017249	ID:34	RPL: Sending a DIS to fe80::c30c:0:0:6
1344049830	ID:33	RPL: Sending a multicast-DIO with rank 631
1346030361	ID:35	RPL: Sending a multicast-DIO with rank 574
1346631539	ID:32	RPL: Sending a multicast-DIO with rank 480
1346985451	ID:36	RPL: Sending a multicast-DIO with rank 608
1349049830	ID:33	RPL: Sending a multicast-DIO with rank 631
1351030361	ID:35	RPL: Sending a multicast-DIO with rank 574
1351631539	ID:32	RPL: Sending a multicast-DIO with rank 480
1351985451	ID:36	RPL: Sending a multicast-DIO with rank 608
1354049830	ID:33	RPL: Sending a multicast-DIO with rank 631
1356030361	ID:35	RPL: Sending a multicast-DIO with rank 574
1356631539	ID:32	RPL: Sending a multicast-DIO with rank 480
1356985451	ID:36	RPL: Sending a multicast-DIO with rank 608
1359049830	ID:33	RPL: Sending a multicast-DIO with rank 631
1361030361	ID:35	RPL: Sending a multicast-DIO with rank 574
1361631539	ID:32	RPL: Sending a multicast-DIO with rank 480
1361985451	ID:36	RPL: Sending a multicast-DIO with rank 608
1364049830	ID:33	RPL: Sending a multicast-DIO with rank 631
1366030361	ID:35	RPL: Sending a multicast-DIO with rank 574
1366631539	ID:32	RPL: Sending a multicast-DIO with rank 480
1366985451	ID:36	RPL: Sending a multicast-DIO with rank 608
1369049830	ID:33	RPL: Sending a multicast-DIO with rank 631
1371030361	ID:35	RPL: Sending a multicast-DIO with rank 574
1371631539	ID:32	RPL: Sending a multicast-DIO with rank 480
1371985451	ID:36	RPL: Sending a multicast-DIO with rank 608
1374049830	ID:33	RPL: Sending a multicast-DIO with rank 631
1376030361	ID:35	RPL: Sending a multicast-DIO with rank 574
1376631539	ID:32	RPL: Sending a multicast-DIO with rank 480
1376985451	ID:36	RPL: Sending a multicast-DIO with rank 608
1379049830	ID:33	RPL: Sending a multicast-DIO with rank 631
1381030361	ID:35	RPL: Sending a multicast-DIO with rank 574
1381631539	ID:32	RPL: Sending a multicast-DIO with rank 480
1381985451	ID:36	RPL: Sending a multicast-DIO with rank 608
1384049830	ID:33	RPL: Sending a multicast-DIO with rank 631
1386030361	ID:35	RPL: Sending a multicast-DIO with rank 574
1386631539	ID:32	RPL: Sending a multicast-DIO with rank 480
1386985451	ID:36	RPL: Sending a multicast-DIO with rank 608
1389049830	ID:33	RPL: Sending a multicast-DIO with rank 631
1391030361	ID:35	RPL: Sending a multicast-DIO with rank 574
1391631539	ID:32	RPL: Sending a multicast-DIO with rank 480
1391985451	ID:36	RPL: Sending a multicast-DIO with rank 608
1394049830	ID:33	RPL: Sending a multicast-DIO with rank 631
1396030361	ID:35	RPL: Sending a multicast-DIO with rank 574
1396631539	ID:32	RPL: Sending a multicast-DIO with rank 480
1396985451	ID:36	RPL: Sending a multicast-DIO with rank 608
1399049830	ID:33	RPL: Sending a multicast-DIO with rank 631
1401030361	ID:35	RPL: Sending a multicast-DIO with rank 574
1401631539	ID:32	RPL: Sending a multicast-DIO with rank 480
1401985451	ID:36	RPL: Sending a multicast-DIO with rank 608
1403017249	ID:34	RPL: Sending a DIS to fe80::c30c:0:0:6
1404049830	ID:33	RPL: Sending a multicast-DIO with rank 631
1406030361	ID:35	RPL: Sending a multicast-DIO with rank 574
1406631539	ID:32	RPL: Sending a multicast-DIO with rank 480
1406985451	ID:36	RPL: Sending a multicast-DIO with rank 608
1409049830	ID:33	RPL: Sending a multicast-DIO with rank 631
1411030361	ID:35	RPL: Sending a multicast-DIO with rank 574
1411631539	ID:32	RPL: Sending a multicast-DIO with rank 480
1411985451	ID:36	RPL: Sending a multicast-DIO with rank 608
1414049830	ID:33	RPL: Sending a multicast-DIO with rank 631
1416030361	ID:35	RPL: Sending a multicast-DIO with rank 574
1416631539	ID:32	RPL: Sending a multicast-DIO with rank 480
1416985451	ID:36	RPL: Sending a multicast-DIO with rank 608
1419049830	ID:33	RPL: Sending a multicast-DIO with rank 631
1421030361	ID:35	RPL: Sending a multicast-DIO with rank 574
1421631539	ID:32	RPL: Sending a multicast-DIO with rank 480
1421985451	ID:36	RPL: Sending a multicast-DIO with rank 608
1424049837	ID:33	RPL: Sending a multicast-DIO with rank 631
1426030361	ID:35	RPL: Sending a multicast-DIO with rank 574
1426631539	ID:32	RPL: Sending a multicast-DIO with rank 480
1426985451	ID:36	RPL: Sending a multicast-DIO with rank 608
1429049830	ID:33	RPL: Sending a multicast-DIO with rank 631
1431030361	ID:35	RPL: Sending a multicast-DIO with rank 574
1431631539	ID:32	RPL: Sending a multicast-DIO with rank 480
1431985451	ID:36	RPL: Sending a multicast-DIO with rank 608
1434049830	ID:33	RPL: Sending a multicast-DIO with rank 631
1436030361	ID:35	RPL: Sending a multicast-DIO with rank 574
1436631539	ID:32	RPL: Sending a multicast-DIO with rank 480
1436985451	ID:36	RPL: Sending a multicast-DIO with rank 608
1439049830	ID:33	RPL: Sending a multicast-DIO with rank 631
1441030361	ID:35	RPL: Sending a multicast-DIO with rank 574
1441631539	ID:32	RPL: Sending a multicast-DIO with rank 480
1441985451	ID:36	RPL: Sending a multicast-DIO with rank 608
1444049830	ID:33	RPL: Sending a multicast-DIO with rank 631
1446030361	ID:35	RPL: Sending a multicast-DIO with rank 574
1446631539	ID:32	RPL: Sending a multicast-DIO with rank 480
1446985451	ID:36	RPL: Sending a multicast-DIO with rank 608
1449049830	ID:33	RPL: Sending a multicast-DIO with rank 631
1451030361	ID:35	RPL: Sending a multicast-DIO with rank 574
1451631539	ID:32	RPL: Sending a multicast-DIO with rank 480
1451985451	ID:36	RPL: Sending a multicast-DIO with rank 608
1454049830	ID:33	RPL: Sending a multicast-DIO with rank 631
1456030361	ID:35	RPL: Sending a multicast-DIO with rank 574
1456631539	ID:32	RPL: Sending a multicast-DIO with rank 480
1456985451	ID:36	RPL: Sending a multicast-DIO with rank 608
1459049830	ID:33	RPL: Sending a multicast-DIO with rank 631
1461030361	ID:35	RPL: Sending a multicast-DIO with rank 574
1461631539	ID:32	RPL: Sending a multicast-DIO with rank 480
1461985451	ID:36	RPL: Sending a multicast-DIO with rank 608
1463017249	ID:34	RPL: Sending a DIS to fe80::c30c:0:0:6
1464049830	ID:33	RPL: Sending a multicast-DIO with rank 631
1466030361	ID:35	RPL: Sending a multicast-DIO with rank 574
1466631539	ID:32	RPL: Sending a multicast-DIO with rank 480
1466985451	ID:36	RPL: Sending a multicast-DIO with rank 608
1469049830	ID:33	RPL: Sending a multicast-DIO with rank 631
1471030361	ID:35	RPL: Sending a multicast-DIO with rank 574
1471631539	ID:32	RPL: Sending a multicast-DIO with rank 480
1471985451	ID:36	RPL: Sending a multicast-DIO with rank 608
1474049830	ID:33	RPL: Sending a multicast-DIO with rank 631
1476030361	ID:35	RPL: Sending a multicast-DIO with rank 574
1476631539	ID:32	RPL: Sending a multicast-DIO with rank 480
1476985451	ID:36	RPL: Sending a multicast-DIO with rank 608
1479049830	ID:33	RPL: Sending a multicast-DIO with rank 631
1481030361	ID:35	RPL: Sending a multicast-DIO with rank 574
1481631539	ID:32	RPL: Sending a multicast-DIO with rank 480
1481985451	ID:36	RPL: Sending a multicast-DIO with rank 608
1484049830	ID:33	RPL: Sending a multicast-DIO with rank 631
1486030361	ID:35	RPL: Sending a multicast-DIO with rank 574
1486631539	ID:32	RPL: Sending a multicast-DIO with rank 480
1486985451	ID:36	RPL: Sending a multicast-DIO with rank 608
1489049830	ID:33	RPL: Sending a multicast-DIO with rank 631
1491030361	ID:35	RPL: Sending a multicast-DIO with rank 574
1491631539	ID:32	RPL: Sending a multicast-DIO with rank 480
1491985451	ID:36	RPL: Sending a multicast-DIO with rank 608
1494049830	ID:33	RPL: Sending a multicast-DIO with rank 631
1496030368	ID:35	RPL: Sending a multicast-DIO with rank 574
1496631539	ID:32	RPL: Sending a multicast-DIO with rank 480
1496985458	ID:36	RPL: Sending a multicast-DIO with rank 608
1499049830	ID:33	RPL: Sending a multicast-DIO with rank 631
1501030361	ID:35	RPL: Sending a multicast-DIO with rank 574
1501631546	ID:32	RPL: Sending a multicast-DIO with rank 480
1501985451	ID:36	RPL: Sending a multicast-DIO with rank 608
1504049830	ID:33	RPL: Sending a multicast-DIO with rank 631
1506030361	ID:35	RPL: Sending a multicast-DIO with rank 574
1506631539	ID:32	RPL: Sending a multicast-DIO with rank 480
1506985451	ID:36	RPL: Sending a multicast-DIO with rank 608
1509049830	ID:33	RPL: Sending a multicast-DIO with rank 631
1511030361	ID:35	RPL: Sending a multicast-DIO with rank 574
1511631539	ID:32	RPL: Sending a multicast-DIO with rank 480
1511985451	ID:36	RPL: Sending a multicast-DIO with rank 608
1514049830	ID:33	RPL: Sending a multicast-DIO with rank 631
1516030361	ID:35	RPL: Sending a multicast-DIO with rank 574
1516631539	ID:32	RPL: Sending a multicast-DIO with rank 480
1516985451	ID:36	RPL: Sending a multicast-DIO with rank 608
1519049830	ID:33	RPL: Sending a multicast-DIO with rank 631
1521030361	ID:35	RPL: Sending a multicast-DIO with rank 574
1521631539	ID:32	RPL: Sending a multicast-DIO with rank 480
1521985451	ID:36	RPL: Sending a multicast-DIO with rank 608
1523017249	ID:34	RPL: Sending a DIS to fe80::c30c:0:0:6
1524049830	ID:33	RPL: Sending a multicast-DIO with rank 631
1526030361	ID:35	RPL: Sending a multicast-DIO with rank 574
1526631539	ID:32	RPL: Sending a multicast-DIO with rank 480
1526985451	ID:36	RPL: Sending a multicast-DIO with rank 608
1529049830	ID:33	RPL: Sending a multicast-DIO with rank 631
1531030361	ID:35	RPL: Sending a multicast-DIO with rank 574
1531631539	ID:32	RPL: Sending a multicast-DIO with rank 480
1531985451	ID:36	RPL: Sending a multicast-DIO with rank 608
1534049830	ID:33	RPL: Sending a multicast-DIO with rank 631
1536030361	ID:35	RPL: Sending a multicast-DIO with rank 574
1536631539	ID:32	RPL: Sending a multicast-DIO with rank 480
1536985451	ID:36	RPL: Sending a multicast-DIO with rank 608
1539049830	ID:33	RPL: Sending a multicast-DIO with rank 631
1541030361	ID:35	RPL: Sending a multicast-DIO with rank 574
1541631539	ID:32	RPL: Sending a multicast-DIO with rank 480
1541985451	ID:36	RPL: Sending a multicast-DIO with rank 608
1544049830	ID:33	RPL: Sending a multicast-DIO with rank 631
1546030361	ID:35	RPL: Sending a multicast-DIO with rank 574
1546631539	ID:32	RPL: Sending a multicast-DIO with rank 480
1546985451	ID:36	RPL: Sending a multicast-DIO with rank 608
1549049830	ID:33	RPL: Sending a multicast-DIO with rank 631
1551030361	ID:35	RPL: Sending a multicast-DIO with rank 574
1551631539	ID:32	RPL: Sending a multicast-DIO with rank 480
1551985451	ID:36	RPL: Sending a multicast-DIO with rank 608
1554049830	ID:33	RPL: Sending a multicast-DIO with rank 631
1556030361	ID:35	RPL: Sending a multicast-DIO with rank 574
1556631539	ID:32	RPL: Sending a multicast-DIO with rank 480
1556985451	ID:36	RPL: Sending a multicast-DIO with rank 608
1559049830	ID:33	RPL: Sending a multicast-DIO with rank 631
1561030361	ID:35	RPL: Sending a multicast-DIO with rank 574
1561631539	ID:32	RPL: Sending a multicast-DIO with rank 480
1561985451	ID:36	RPL: Sending a multicast-DIO with rank 608
1564049830	ID:33	RPL: Sending a multicast-DIO with rank 631
1566030361	ID:35	RPL: Sending a multicast-DIO with rank 574
1566631539	ID:32	RPL: Sending a multicast-DIO with rank 480
1566985451	ID:36	RPL: Sending a multicast-DIO with rank 608
1569049830	ID:33	RPL: Sending a multicast-DIO with rank 631
1571030361	ID:35	RPL: Sending a multicast-DIO with rank 574
1571631539	ID:32	RPL: Sending a multicast-DIO with rank 480
1571985451	ID:36	RPL: Sending a multicast-DIO with rank 608
1574049830	ID:33	RPL: Sending a multicast-DIO with rank 631
1576030361	ID:35	RPL: Sending a multicast-DIO with rank 574
1576631539	ID:32	RPL: Sending a multicast-DIO with rank 480
1576985451	ID:36	RPL: Sending a multicast-DIO with rank 608
1579049830	ID:33	RPL: Sending a multicast-DIO with rank 631
1581030361	ID:35	RPL: Sending a multicast-DIO with rank 574
1581631539	ID:32	RPL: Sending a multicast-DIO with rank 480
1581985451	ID:36	RPL: Sending a multicast-DIO with rank 608
1583017249	ID:34	RPL: Sending a DIS to fe80::c30c:0:0:6
1584049830	ID:33	RPL: Sending a multicast-DIO with rank 631
1586030361	ID:35	RPL: Sending a multicast-DIO with rank 574
1586631539	ID:32	RPL: Sending a multicast-DIO with rank 480
1586985451	ID:36	RPL: Sending a multicast-DIO with rank 608
1589049830	ID:33	RPL: Sending a multicast-DIO with rank 631
1591030361	ID:35	RPL: Sending a multicast-DIO with rank 574
1591631539	ID:32	RPL: Sending a multicast-DIO with rank 480
1591985451	ID:36	RPL: Sending a multicast-DIO with rank 608
1594049830	ID:33	RPL: Sending a multicast-DIO with rank 631
1596030361	ID:35	RPL: Sending a multicast-DIO with rank 574
1596631539	ID:32	RPL: Sending a multicast-DIO with rank 480
1596985451	ID:36	RPL: Sending a multicast-DIO with rank 608
1599049830	ID:33	RPL: Sending a multicast-DIO with rank 631
1601030361	ID:35	RPL: Sending a multicast-DIO with rank 574
1601631539	ID:32	RPL: Sending a multicast-DIO with rank 480
1601985451	ID:36	RPL: Sending a multicast-DIO with rank 608
1604049830	ID:33	RPL: Sending a multicast-DIO with rank 631
1606030361	ID:35	RPL: Sending a multicast-DIO with rank 574
1606631539	ID:32	RPL: Sending a multicast-DIO with rank 480
1606985451	ID:36	RPL: Sending a multicast-DIO with rank 608
1609049830	ID:33	RPL: Sending a multicast-DIO with rank 631
1611030361	ID:35	RPL: Sending a multicast-DIO with rank 574
1611631539	ID:32	RPL: Sending a multicast-DIO with rank 480
1611985451	ID:36	RPL: Sending a multicast-DIO with rank 608
1614049830	ID:33	RPL: Sending a multicast-DIO with rank 631
1616030361	ID:35	RPL: Sending a multicast-DIO with rank 574
1616631539	ID:32	RPL: Sending a multicast-DIO with rank 480
1616985451	ID:36	RPL: Sending a multicast-DIO with rank 608
1619049830	ID:33	RPL: Sending a multicast-DIO with rank 631
1621030361	ID:35	RPL: Sending a multicast-DIO with rank 574
1621631539	ID:32	RPL: Sending a multicast-DIO with rank 480
1621985451	ID:36	RPL: Sending a multicast-DIO with rank 608
1624049830	ID:33	RPL: Sending a multicast-DIO with rank 631
1626030361	ID:35	RPL: Sending a multicast-DIO with rank 574
1626631539	ID:32	RPL: Sending a multicast-DIO with rank 480
1626985451	ID:36	RPL: Sending a multicast-DIO with rank 608
1629049830	ID:33	RPL: Sending a multicast-DIO with rank 631
1631030361	ID:35	RPL: Sending a multicast-DIO with rank 574
1631631539	ID:32	RPL: Sending a multicast-DIO with rank 480
1631985451	ID:36	RPL: Sending a multicast-DIO with rank 608
1634049830	ID:33	RPL: Sending a multicast-DIO with rank 631
1636030361	ID:35	RPL: Sending a multicast-DIO with rank 574
1636631539	ID:32	RPL: Sending a multicast-DIO with rank 480
1636985451	ID:36	RPL: Sending a multicast-DIO with rank 608
1639049830	ID:33	RPL: Sending a multicast-DIO with rank 631
1641030361	ID:35	RPL: Sending a multicast-DIO with rank 574
1641631539	ID:32	RPL: Sending a multicast-DIO with rank 480
1641985451	ID:36	RPL: Sending a multicast-DIO with rank 608
1643017249	ID:34	RPL: Sending a DIS to fe80::c30c:0:0:6
1644049830	ID:33	RPL: Sending a multicast-DIO with rank 631
1646030361	ID:35	RPL: Sending a multicast-DIO with rank 574
1646631539	ID:32	RPL: Sending a multicast-DIO with rank 480
1646985451	ID:36	RPL: Sending a multicast-DIO with rank 608
1649049830	ID:33	RPL: Sending a multicast-DIO with rank 631
1651030361	ID:35	RPL: Sending a multicast-DIO with rank 574
1651631539	ID:32	RPL: Sending a multicast-DIO with rank 480
1651985451	ID:36	RPL: Sending a multicast-DIO with rank 608
1654049830	ID:33	RPL: Sending a multicast-DIO with rank 631
1656030361	ID:35	RPL: Sending a multicast-DIO with rank 574
1656631539	ID:32	RPL: Sending a multicast-DIO with rank 480
1656985451	ID:36	RPL: Sending a multicast-DIO with rank 608
1659049830	ID:33	RPL: Sending a multicast-DIO with rank 631
1661030361	ID:35	RPL: Sending a multicast-DIO with rank 574
1661631539	ID:32	RPL: Sending a multicast-DIO with rank 480
1661985451	ID:36	RPL: Sending a multicast-DIO with rank 608
1664049830	ID:33	RPL: Sending a multicast-DIO with rank 631
1666030361	ID:35	RPL: Sending a multicast-DIO with rank 574
1666631539	ID:32	RPL: Sending a multicast-DIO with rank 480
1666985451	ID:36	RPL: Sending a multicast-DIO with rank 608
1669049830	ID:33	RPL: Sending a multicast-DIO with rank 631
1671030361	ID:35	RPL: Sending a multicast-DIO with rank 574
1671631539	ID:32	RPL: Sending a multicast-DIO with rank 480
1671985451	ID:36	RPL: Sending a multicast-DIO with rank 608
1674049830	ID:33	RPL: Sending a multicast-DIO with rank 631
1676030361	ID:35	RPL: Sending a multicast-DIO with rank 574
1676631539	ID:32	RPL: Sending a multicast-DIO with rank 480
1676985451	ID:36	RPL: Sending a multicast-DIO with rank 608
1679049830	ID:33	RPL: Sending a multicast-DIO with rank 631
1681030361	ID:35	RPL: Sending a multicast-DIO with rank 574
1681631539	ID:32	RPL: Sending a multicast-DIO with rank 480
1681985451	ID:36	RPL: Sending a multicast-DIO with rank 608
1684049830	ID:33	RPL: Sending a multicast-DIO with rank 631
1686030361	ID:35	RPL: Sending a multicast-DIO with rank 574
1686631539	ID:32	RPL: Sending a multicast-DIO with rank 480
1686985451	ID:36	RPL: Sending a multicast-DIO with rank 608
1689049830	ID:33	RPL: Sending a multicast-DIO with rank 631
1691030361	ID:35	RPL: Sending a multicast-DIO with rank 574
1691631539	ID:32	RPL: Sending a multicast-DIO with rank 480
1691985451	ID:36	RPL: Sending a multicast-DIO with rank 608
1694049830	ID:33	RPL: Sending a multicast-DIO with rank 631
1696030361	ID:35	RPL: Sending a multicast-DIO with rank 574
1696631539	ID:32	RPL: Sending a multicast-DIO with rank 480
1696985451	ID:36	RPL: Sending a multicast-DIO with rank 608
1699049830	ID:33	RPL: Sending a multicast-DIO with rank 631
1701030361	ID:35	RPL: Sending a multicast-DIO with rank 574
1701631539	ID:32	RPL: Sending a multicast-DIO with rank 480
1701985451	ID:36	RPL: Sending a multicast-DIO with rank 608
1703017249	ID:34	RPL: Sending a DIS to fe80::c30c:0:0:6
1704049830	ID:33	RPL: Sending a multicast-DIO with rank 631
1706030361	ID:35	RPL: Sending a multicast-DIO with rank 574
1706631539	ID:32	RPL: Sending a multicast-DIO with rank 480
1706985451	ID:36	RPL: Sending a multicast-DIO with rank 608
1709049830	ID:33	RPL: Sending a multicast-DIO with rank 631
1711030361	ID:35	RPL: Sending a multicast-DIO with rank 574
1711631539	ID:32	RPL: Sending a multicast-DIO with rank 480
1711985451	ID:36	RPL: Sending a multicast-DIO with rank 608
1714049830	ID:33	RPL: Sending a multicast-DIO with rank 631
1716030361	ID:35	RPL: Sending a multicast-DIO with rank 574
1716631539	ID:32	RPL: Sending a multicast-DIO with rank 480
1716985451	ID:36	RPL: Sending a multicast-DIO with rank 608
1719049830	ID:33	RPL: Sending a multicast-DIO with rank 631
1721030361	ID:35	RPL: Sending a multicast-DIO with rank 574
1721631539	ID:32	RPL: Sending a multicast-DIO with rank 480
1721985451	ID:36	RPL: Sending a multicast-DIO with rank 608
1724049830	ID:33	RPL: Sending a multicast-DIO with rank 631
1726030361	ID:35	RPL: Sending a multicast-DIO with rank 574
1726631539	ID:32	RPL: Sending a multicast-DIO with rank 480
1726985451	ID:36	RPL: Sending a multicast-DIO with rank 608
1729049830	ID:33	RPL: Sending a multicast-DIO with rank 631
1731030361	ID:35	RPL: Sending a multicast-DIO with rank 574
1731631539	ID:32	RPL: Sending a multicast-DIO with rank 480
1731985451	ID:36	RPL: Sending a multicast-DIO with rank 608
1734049830	ID:33	RPL: Sending a multicast-DIO with rank 631
1736030361	ID:35	RPL: Sending a multicast-DIO with rank 574
1736631539	ID:32	RPL: Sending a multicast-DIO with rank 480
1736985451	ID:36	RPL: Sending a multicast-DIO with rank 608
1739049830	ID:33	RPL: Sending a multicast-DIO with rank 631
1741030361	ID:35	RPL: Sending a multicast-DIO with rank 574
1741631539	ID:32	RPL: Sending a multicast-DIO with rank 480
1741985451	ID:36	RPL: Sending a multicast-DIO with rank 608
1744049830	ID:33	RPL: Sending a multicast-DIO with rank 631
1746030361	ID:35	RPL: Sending a multicast-DIO with rank 574
1746631539	ID:32	RPL: Sending a multicast-DIO with rank 480
1746985451	ID:36	RPL: Sending a multicast-DIO with rank 608
1749049830	ID:33	RPL: Sending a multicast-DIO with rank 631
1751030361	ID:35	RPL: Sending a multicast-DIO with rank 574
1751631539	ID:32	RPL: Sending a multicast-DIO with rank 480
1751985451	ID:36	RPL: Sending a multicast-DIO with rank 608
1754049830	ID:33	RPL: Sending a multicast-DIO with rank 631
1756030361	ID:35	RPL: Sending a multicast-DIO with rank 574
1756631539	ID:32	RPL: Sending a multicast-DIO with rank 480
1756985451	ID:36	RPL: Sending a multicast-DIO with rank 608
1759049830	ID:33	RPL: Sending a multicast-DIO with rank 631
1761030361	ID:35	RPL: Sending a multicast-DIO with rank 574
1761631539	ID:32	RPL: Sending a multicast-DIO with rank 480
1761985451	ID:36	RPL: Sending a multicast-DIO with rank 608
1763017249	ID:34	RPL: Sending a DIS to fe80::c30c:0:0:6
1764049830	ID:33	RPL: Sending a multicast-DIO with rank 631
1766030361	ID:35	RPL: Sending a multicast-DIO with rank 574
1766631539	ID:32	RPL: Sending a multicast-DIO with rank 480
1766985451	ID:36	RPL: Sending a multicast-DIO with rank 608
1769049830	ID:33	RPL: Sending a multicast-DIO with rank 631
1771030361	ID:35	RPL: Sending a multicast-DIO with rank 574
1771631539	ID:32	RPL: Sending a multicast-DIO with rank 480
1771985451	ID:36	RPL: Sending a multicast-DIO with rank 608
1774049830	ID:33	RPL: Sending a multicast-DIO with rank 631
1776030361	ID:35	RPL: Sending a multicast-DIO with rank 574
1776631539	ID:32	RPL: Sending a multicast-DIO with rank 480
1776985451	ID:36	RPL: Sending a multicast-DIO with rank 608
1779049830	ID:33	RPL: Sending a multicast-DIO with rank 631
1781030361	ID:35	RPL: Sending a multicast-DIO with rank 574
1781631539	ID:32	RPL: Sending a multicast-DIO with rank 480
1781985451	ID:36	RPL: Sending a multicast-DIO with rank 608
1784049830	ID:33	RPL: Sending a multicast-DIO with rank 631
1786030361	ID:35	RPL: Sending a multicast-DIO with rank 574
1786631539	ID:32	RPL: Sending a multicast-DIO with rank 480
1786985451	ID:36	RPL: Sending a multicast-DIO with rank 608
1789049830	ID:33	RPL: Sending a multicast-DIO with rank 631
1791030361	ID:35	RPL: Sending a multicast-DIO with rank 574
1791631539	ID:32	RPL: Sending a multicast-DIO with rank 480
1791985451	ID:36	RPL: Sending a multicast-DIO with rank 608
1794049830	ID:33	RPL: Sending a multicast-DIO with rank 631
1796030368	ID:35	RPL: Sending a multicast-DIO with rank 574
1796631539	ID:32	RPL: Sending a multicast-DIO with rank 480
1796985451	ID:36	RPL: Sending a multicast-DIO with rank 608
1799049830	ID:33	RPL: Sending a multicast-DIO with rank 631
