30557318	ID:36	RPL: Sending a DIS to fe80::c30c:0:0:8
30905771	ID:33	RPL: Sending a DIS to fe80::c30c:0:0:2
30976856	ID:34	RPL: Sending a DIS to fe80::c30c:0:0:6
30993294	ID:35	RPL: Sending a DIS to fe80::c30c:0:0:7
31060496	ID:32	RPL: Sending a DIS to fe80::c30c:0:0:3
31350095	ID:32	RPL: Received a DIO from fe80::c30c:0:0:3
31353871	ID:32	RPL: Incoming DIO (id, ver, rank) = (30,240,597)
31358369	ID:32	RPL: Incoming DIO (dag_id, pref) = (fd00::ff:fe00:1, 0)
31360633	ID:32	RPL: DIO option 4, length: 14
31366541	ID:32	RPL: DAG conf:dbl=8, min=12 red=6 maxinc=896 mininc=128 ocp=1 d_l=10 l_u=60
31368810	ID:32	RPL: DIO option 8, length: 30
31371079	ID:32	RPL: Copying prefix information
31378457	ID:32	RPL: Neighbor added to neighbor cache fe80::c30c:0:0:3, c1:0c:00:00:00:00:00:03
32567784	ID:33	RPL: Received a DIO from fe80::c30c:0:0:2
32571554	ID:33	RPL: Incoming DIO (id, ver, rank) = (30,240,672)
32576053	ID:33	RPL: Incoming DIO (dag_id, pref) = (fd00::ff:fe00:1, 0)
32578279	ID:33	RPL: DIO option 4, length: 14
32584186	ID:33	RPL: DAG conf:dbl=8, min=12 red=6 maxinc=896 mininc=128 ocp=1 d_l=10 l_u=60
32586419	ID:33	RPL: DIO option 8, length: 30
32588687	ID:33	RPL: Copying prefix information
32596590	ID:33	RPL: Neighbor added to neighbor cache fe80::c30c:0:0:2, c1:0c:00:00:00:00:00:02
34850342	ID:36	RPL: Received a DIO from fe80::c30c:0:0:8
34854112	ID:36	RPL: Incoming DIO (id, ver, rank) = (30,240,555)
34858611	ID:36	RPL: Incoming DIO (dag_id, pref) = (fd00::ff:fe00:1, 0)
34860836	ID:36	RPL: DIO option 4, length: 14
34866744	ID:36	RPL: DAG conf:dbl=8, min=12 red=6 maxinc=896 mininc=128 ocp=1 d_l=10 l_u=60
34868970	ID:36	RPL: DIO option 8, length: 30
34871238	ID:36	RPL: Copying prefix information
34880431	ID:36	RPL: Neighbor added to neighbor cache fe80::c30c:0:0:8, c1:0c:00:00:00:00:00:08
35160896	ID:35	RPL: Received a DIO from fe80::c30c:0:0:7
35164666	ID:35	RPL: Incoming DIO (id, ver, rank) = (30,240,587)
35169203	ID:35	RPL: Incoming DIO (dag_id, pref) = (fd00::ff:fe00:1, 0)
35171429	ID:35	RPL: DIO option 4, length: 14
35177350	ID:35	RPL: DAG conf:dbl=8, min=12 red=6 maxinc=896 mininc=128 ocp=1 d_l=10 l_u=60
35179576	ID:35	RPL: DIO option 8, length: 30
35181845	ID:35	RPL: Copying prefix information
35191075	ID:35	RPL: Neighbor added to neighbor cache fe80::c30c:0:0:7, c1:0c:00:00:00:00:00:07
36379415	ID:32	RPL: Sending a multicast-DIO with rank 597
37596814	ID:33	RPL: Sending a multicast-DIO with rank 672
39884048	ID:36	RPL: Sending a multicast-DIO with rank 555
40195025	ID:35	RPL: Sending a multicast-DIO with rank 587
41379394	ID:32	RPL: Sending a multicast-DIO with rank 597
42596793	ID:33	RPL: Sending a multicast-DIO with rank 672
44884027	ID:36	RPL: Sending a multicast-DIO with rank 555
45195004	ID:35	RPL: Sending a multicast-DIO with rank 587
46379394	ID:32	RPL: Sending a multicast-DIO with rank 597
47596793	ID:33	RPL: Sending a multicast-DIO with rank 672
49884027	ID:36	RPL: Sending a multicast-DIO with rank 555
50195004	ID:35	RPL: Sending a multicast-DIO with rank 587
51379394	ID:32	RPL: Sending a multicast-DIO with rank 597
52596793	ID:33	RPL: Sending a multicast-DIO with rank 672
54884027	ID:36	RPL: Sending a multicast-DIO with rank 555
55195004	ID:35	RPL: Sending a multicast-DIO with rank 587
56379394	ID:32	RPL: Sending a multicast-DIO with rank 597
57596793	ID:33	RPL: Sending a multicast-DIO with rank 672
59884027	ID:36	RPL: Sending a multicast-DIO with rank 555
60195004	ID:35	RPL: Sending a multicast-DIO with rank 587
61379393	ID:32	RPL: Sending a multicast-DIO with rank 597
62596793	ID:33	RPL: Sending a multicast-DIO with rank 672
64884027	ID:36	RPL: Sending a multicast-DIO with rank 555
65195003	ID:35	RPL: Sending a multicast-DIO with rank 587
66379393	ID:32	RPL: Sending a multicast-DIO with rank 597
67596792	ID:33	RPL: Sending a multicast-DIO with rank 672
68758457	ID:34	RPL: Received a DIO from fe80::c30c:0:0:6
68762227	ID:34	RPL: Incoming DIO (id, ver, rank) = (30,240,479)
68766763	ID:34	RPL: Incoming DIO (dag_id, pref) = (fd00::ff:fe00:1, 0)
68768989	ID:34	RPL: DIO option 4, length: 14
68774921	ID:34	RPL: DAG conf:dbl=8, min=12 red=6 maxinc=896 mininc=128 ocp=1 d_l=10 l_u=60
68777147	ID:34	RPL: DIO option 8, length: 30
68779416	ID:34	RPL: Copying prefix information
69884027	ID:36	RPL: Sending a multicast-DIO with rank 555
70195003	ID:35	RPL: Sending a multicast-DIO with rank 587
71379393	ID:32	RPL: Sending a multicast-DIO with rank 597
72596792	ID:33	RPL: Sending a multicast-DIO with rank 672
74884027	ID:36	RPL: Sending a multicast-DIO with rank 555
75195003	ID:35	RPL: Sending a multicast-DIO with rank 587
76379393	ID:32	RPL: Sending a multicast-DIO with rank 597
77596792	ID:33	RPL: Sending a multicast-DIO with rank 672
79884027	ID:36	RPL: Sending a multicast-DIO with rank 555
80195003	ID:35	RPL: Sending a multicast-DIO with rank 587
81379393	ID:32	RPL: Sending a multicast-DIO with rank 597
82596792	ID:33	RPL: Sending a multicast-DIO with rank 672
83749696	ID:34	RPL: Sending a DIS to fe80::c30c:0:0:6
84884027	ID:36	RPL: Sending a multicast-DIO with rank 555
85195003	ID:35	RPL: Sending a multicast-DIO with rank 587
86379393	ID:32	RPL: Sending a multicast-DIO with rank 597
87596792	ID:33	RPL: Sending a multicast-DIO with rank 672
89884027	ID:36	RPL: Sending a multicast-DIO with rank 555
90195003	ID:35	RPL: Sending a multicast-DIO with rank 587
91379381	ID:32	RPL: Sending a multicast-DIO with rank 597
92596780	ID:33	RPL: Sending a multicast-DIO with rank 672
94884014	ID:36	RPL: Sending a multicast-DIO with rank 555
95194991	ID:35	RPL: Sending a multicast-DIO with rank 587
96379381	ID:32	RPL: Sending a multicast-DIO with rank 597
97596780	ID:33	RPL: Sending a multicast-DIO with rank 672
99884014	ID:36	RPL: Sending a multicast-DIO with rank 555
100194991	ID:35	RPL: Sending a multicast-DIO with rank 587
101379381	ID:32	RPL: Sending a multicast-DIO with rank 597
102596780	ID:33	RPL: Sending a multicast-DIO with rank 672
104884014	ID:36	RPL: Sending a multicast-DIO with rank 555
105194991	ID:35	RPL: Sending a multicast-DIO with rank 587
106379381	ID:32	RPL: Sending a multicast-DIO with rank 597
107596780	ID:33	RPL: Sending a multicast-DIO with rank 672
109884014	ID:36	RPL: Sending a multicast-DIO with rank 555
110194991	ID:35	RPL: Sending a multicast-DIO with rank 587
111379381	ID:32	RPL: Sending a multicast-DIO with rank 597
112596780	ID:33	RPL: Sending a multicast-DIO with rank 672
114884014	ID:36	RPL: Sending a multicast-DIO with rank 555
115194991	ID:35	RPL: Sending a multicast-DIO with rank 587
116379381	ID:32	RPL: Sending a multicast-DIO with rank 597
117596780	ID:33	RPL: Sending a multicast-DIO with rank 672
119884014	ID:36	RPL: Sending a multicast-DIO with rank 555
120194991	ID:35	RPL: Sending a multicast-DIO with rank 587
121379381	ID:32	RPL: Sending a multicast-DIO with rank 597
122596780	ID:33	RPL: Sending a multicast-DIO with rank 672
124884014	ID:36	RPL: Sending a multicast-DIO with rank 555
125194991	ID:35	RPL: Sending a multicast-DIO with rank 587
126379381	ID:32	RPL: Sending a multicast-DIO with rank 597
127596780	ID:33	RPL: Sending a multicast-DIO with rank 672
129884014	ID:36	RPL: Sending a multicast-DIO with rank 555
130194991	ID:35	RPL: Sending a multicast-DIO with rank 587
131379381	ID:32	RPL: Sending a multicast-DIO with rank 597
132596780	ID:33	RPL: Sending a multicast-DIO with rank 672
134884014	ID:36	RPL: Sending a multicast-DIO with rank 555
135194991	ID:35	RPL: Sending a multicast-DIO with rank 587
136379381	ID:32	RPL: Sending a multicast-DIO with rank 597
137596780	ID:33	RPL: Sending a multicast-DIO with rank 672
139884014	ID:36	RPL: Sending a multicast-DIO with rank 555
140194991	ID:35	RPL: Sending a multicast-DIO with rank 587
141379381	ID:32	RPL: Sending a multicast-DIO with rank 597
142596780	ID:33	RPL: Sending a multicast-DIO with rank 672
143749683	ID:34	RPL: Sending a DIS to fe80::c30c:0:0:6
144884014	ID:36	RPL: Sending a multicast-DIO with rank 555
145194991	ID:35	RPL: Sending a multicast-DIO with rank 587
146379381	ID:32	RPL: Sending a multicast-DIO with rank 597
147596780	ID:33	RPL: Sending a multicast-DIO with rank 672
149884014	ID:36	RPL: Sending a multicast-DIO with rank 555
150194991	ID:35	RPL: Sending a multicast-DIO with rank 587
151379381	ID:32	RPL: Sending a multicast-DIO with rank 597
152596780	ID:33	RPL: Sending a multicast-DIO with rank 672
154884014	ID:36	RPL: Sending a multicast-DIO with rank 555
155194991	ID:35	RPL: Sending a multicast-DIO with rank 587
156379381	ID:32	RPL: Sending a multicast-DIO with rank 597
157596780	ID:33	RPL: Sending a multicast-DIO with rank 672
159884014	ID:36	RPL: Sending a multicast-DIO with rank 555
160194991	ID:35	RPL: Sending a multicast-DIO with rank 587
161379381	ID:32	RPL: Sending a multicast-DIO with rank 597
162596780	ID:33	RPL: Sending a multicast-DIO with rank 672
164884014	ID:36	RPL: Sending a multicast-DIO with rank 555
165194991	ID:35	RPL: Sending a multicast-DIO with rank 587
166379381	ID:32	RPL: Sending a multicast-DIO with rank 597
167596780	ID:33	RPL: Sending a multicast-DIO with rank 672
169884014	ID:36	RPL: Sending a multicast-DIO with rank 555
170194991	ID:35	RPL: Sending a multicast-DIO with rank 587
171379381	ID:32	RPL: Sending a multicast-DIO with rank 597
172596780	ID:33	RPL: Sending a multicast-DIO with rank 672
174884014	ID:36	RPL: Sending a multicast-DIO with rank 555
175194991	ID:35	RPL: Sending a multicast-DIO with rank 587
176379381	ID:32	RPL: Sending a multicast-DIO with rank 597
177596780	ID:33	RPL: Sending a multicast-DIO with rank 672
179884014	ID:36	RPL: Sending a multicast-DIO with rank 555
180194991	ID:35	RPL: Sending a multicast-DIO with rank 587
181379381	ID:32	RPL: Sending a multicast-DIO with rank 597
182596780	ID:33	RPL: Sending a multicast-DIO with rank 672
184884014	ID:36	RPL: Sending a multicast-DIO with rank 555
185194991	ID:35	RPL: Sending a multicast-DIO with rank 587
186379381	ID:32	RPL: Sending a multicast-DIO with rank 597
187596780	ID:33	RPL: Sending a multicast-DIO with rank 672
189884014	ID:36	RPL: Sending a multicast-DIO with rank 555
190194991	ID:35	RPL: Sending a multicast-DIO with rank 587
191379381	ID:32	RPL: Sending a multicast-DIO with rank 597
192596780	ID:33	RPL: Sending a multicast-DIO with rank 672
194884014	ID:36	RPL: Sending a multicast-DIO with rank 555
195194991	ID:35	RPL: Sending a multicast-DIO with rank 587
196379381	ID:32	RPL: Sending a multicast-DIO with rank 597
197596780	ID:33	RPL: Sending a multicast-DIO with rank 672
199884014	ID:36	RPL: Sending a multicast-DIO with rank 555
200194991	ID:35	RPL: Sending a multicast-DIO with rank 587
201379381	ID:32	RPL: Sending a multicast-DIO with rank 597
202596780	ID:33	RPL: Sending a multicast-DIO with rank 672
203749683	ID:34	RPL: Sending a DIS to fe80::c30c:0:0:6
204884014	ID:36	RPL: Sending a multicast-DIO with rank 555
205194991	ID:35	RPL: Sending a multicast-DIO with rank 587
206379381	ID:32	RPL: Sending a multicast-DIO with rank 597
207596780	ID:33	RPL: Sending a multicast-DIO with rank 672
209884014	ID:36	RPL: Sending a multicast-DIO with rank 555
210194991	ID:35	RPL: Sending a multicast-DIO with rank 587
211379381	ID:32	RPL: Sending a multicast-DIO with rank 597
212596780	ID:33	RPL: Sending a multicast-DIO with rank 672
214884014	ID:36	RPL: Sending a multicast-DIO with rank 555
215194991	ID:35	RPL: Sending a multicast-DIO with rank 587
216379381	ID:32	RPL: Sending a multicast-DIO with rank 597
217596780	ID:33	RPL: Sending a multicast-DIO with rank 672
219884014	ID:36	RPL: Sending a multicast-DIO with rank 555
220194991	ID:35	RPL: Sending a multicast-DIO with rank 587
221379381	ID:32	RPL: Sending a multicast-DIO with rank 597
222596780	ID:33	RPL: Sending a multicast-DIO with rank 672
224884014	ID:36	RPL: Sending a multicast-DIO with rank 555
225194991	ID:35	RPL: Sending a multicast-DIO with rank 587
226379381	ID:32	RPL: Sending a multicast-DIO with rank 597
227596780	ID:33	RPL: Sending a multicast-DIO with rank 672
229884014	ID:36	RPL: Sending a multicast-DIO with rank 555
230194991	ID:35	RPL: Sending a multicast-DIO with rank 587
231379381	ID:32	RPL: Sending a multicast-DIO with rank 597
232596780	ID:33	RPL: Sending a multicast-DIO with rank 672
234884014	ID:36	RPL: Sending a multicast-DIO with rank 555
235194991	ID:35	RPL: Sending a multicast-DIO with rank 587
236379381	ID:32	RPL: Sending a multicast-DIO with rank 597
237596780	ID:33	RPL: Sending a multicast-DIO with rank 672
239884014	ID:36	RPL: Sending a multicast-DIO with rank 555
240194991	ID:35	RPL: Sending a multicast-DIO with rank 587
241379381	ID:32	RPL: Sending a multicast-DIO with rank 597
242596780	ID:33	RPL: Sending a multicast-DIO with rank 672
244884014	ID:36	RPL: Sending a multicast-DIO with rank 555
245194991	ID:35	RPL: Sending a multicast-DIO with rank 587
246379381	ID:32	RPL: Sending a multicast-DIO with rank 597
247596780	ID:33	RPL: Sending a multicast-DIO with rank 672
249884014	ID:36	RPL: Sending a multicast-DIO with rank 555
250194991	ID:35	RPL: Sending a multicast-DIO with rank 587
251379381	ID:32	RPL: Sending a multicast-DIO with rank 597
252596780	ID:33	RPL: Sending a multicast-DIO with rank 672
254884014	ID:36	RPL: Sending a multicast-DIO with rank 555
255194991	ID:35	RPL: Sending a multicast-DIO with rank 587
256379381	ID:32	RPL: Sending a multicast-DIO with rank 597
257596780	ID:33	RPL: Sending a multicast-DIO with rank 672
259884014	ID:36	RPL: Sending a multicast-DIO with rank 555
260194991	ID:35	RPL: Sending a multicast-DIO with rank 587
261379381	ID:32	RPL: Sending a multicast-DIO with rank 597
262596780	ID:33	RPL: Sending a multicast-DIO with rank 672
263749683	ID:34	RPL: Sending a DIS to fe80::c30c:0:0:6
264884014	ID:36	RPL: Sending a multicast-DIO with rank 555
265194991	ID:35	RPL: Sending a multicast-DIO with rank 587
266379381	ID:32	RPL: Sending a multicast-DIO with rank 597
267596780	ID:33	RPL: Sending a multicast-DIO with rank 672
269884014	ID:36	RPL: Sending a multicast-DIO with rank 555
270194991	ID:35	RPL: Sending a multicast-DIO with rank 587
271379381	ID:32	RPL: Sending a multicast-DIO with rank 597
272596780	ID:33	RPL: Sending a multicast-DIO with rank 672
274884014	ID:36	RPL: Sending a multicast-DIO with rank 555
275194991	ID:35	RPL: Sending a multicast-DIO with rank 587
276379381	ID:32	RPL: Sending a multicast-DIO with rank 597
277596780	ID:33	RPL: Sending a multicast-DIO with rank 672
279884014	ID:36	RPL: Sending a multicast-DIO with rank 555
280194991	ID:35	RPL: Sending a multicast-DIO with rank 587
281379381	ID:32	RPL: Sending a multicast-DIO with rank 597
282596780	ID:33	RPL: Sending a multicast-DIO with rank 672
284884014	ID:36	RPL: Sending a multicast-DIO with rank 555
285194991	ID:35	RPL: Sending a multicast-DIO with rank 587
286379381	ID:32	RPL: Sending a multicast-DIO with rank 597
287596780	ID:33	RPL: Sending a multicast-DIO with rank 672
289884014	ID:36	RPL: Sending a multicast-DIO with rank 555
290194991	ID:35	RPL: Sending a multicast-DIO with rank 587
291379381	ID:32	RPL: Sending a multicast-DIO with rank 597
292596780	ID:33	RPL: Sending a multicast-DIO with rank 672
294884014	ID:36	RPL: Sending a multicast-DIO with rank 555
295194991	ID:35	RPL: Sending a multicast-DIO with rank 587
296379381	ID:32	RPL: Sending a multicast-DIO with rank 597
297596780	ID:33	RPL: Sending a multicast-DIO with rank 672
299884014	ID:36	RPL: Sending a multicast-DIO with rank 555
300194991	ID:35	RPL: Sending a multicast-DIO with rank 587
301379381	ID:32	RPL: Sending a multicast-DIO with rank 597
302596780	ID:33	RPL: Sending a multicast-DIO with rank 672
304884014	ID:36	RPL: Sending a multicast-DIO with rank 555
305194991	ID:35	RPL: Sending a multicast-DIO with rank 587
306379381	ID:32	RPL: Sending a multicast-DIO with rank 597
307596780	ID:33	RPL: Sending a multicast-DIO with rank 672
309884014	ID:36	RPL: Sending a multicast-DIO with rank 555
310194991	ID:35	RPL: Sending a multicast-DIO with rank 587
311379381	ID:32	RPL: Sending a multicast-DIO with rank 597
312596780	ID:33	RPL: Sending a multicast-DIO with rank 672
314884014	ID:36	RPL: Sending a multicast-DIO with rank 555
315194991	ID:35	RPL: Sending a multicast-DIO with rank 587
316379381	ID:32	RPL: Sending a multicast-DIO with rank 597
317596780	ID:33	RPL: Sending a multicast-DIO with rank 672
319884014	ID:36	RPL: Sending a multicast-DIO with rank 555
320194991	ID:35	RPL: Sending a multicast-DIO with rank 587
321379381	ID:32	RPL: Sending a multicast-DIO with rank 597
322596780	ID:33	RPL: Sending a multicast-DIO with rank 672
323750250	ID:34	RPL: Sending a DIS to fe80::c30c:0:0:6
324884014	ID:36	RPL: Sending a multicast-DIO with rank 555
325194991	ID:35	RPL: Sending a multicast-DIO with rank 587
326379381	ID:32	RPL: Sending a multicast-DIO with rank 597
327596780	ID:33	RPL: Sending a multicast-DIO with rank 672
329884014	ID:36	RPL: Sending a multicast-DIO with rank 555
330194991	ID:35	RPL: Sending a multicast-DIO with rank 587
331379381	ID:32	RPL: Sending a multicast-DIO with rank 597
332596780	ID:33	RPL: Sending a multicast-DIO with rank 672
334884014	ID:36	RPL: Sending a multicast-DIO with rank 555
335194991	ID:35	RPL: Sending a multicast-DIO with rank 587
336379381	ID:32	RPL: Sending a multicast-DIO with rank 597
337596780	ID:33	RPL: Sending a multicast-DIO with rank 672
339884014	ID:36	RPL: Sending a multicast-DIO with rank 555
340194991	ID:35	RPL: Sending a multicast-DIO with rank 587
341379381	ID:32	RPL: Sending a multicast-DIO with rank 597
342596780	ID:33	RPL: Sending a multicast-DIO with rank 672
344884014	ID:36	RPL: Sending a multicast-DIO with rank 555
345194991	ID:35	RPL: Sending a multicast-DIO with rank 587
346379381	ID:32	RPL: Sending a multicast-DIO with rank 597
347596787	ID:33	RPL: Sending a multicast-DIO with rank 672
349884014	ID:36	RPL: Sending a multicast-DIO with rank 555
350194991	ID:35	RPL: Sending a multicast-DIO with rank 587
351379388	ID:32	RPL: Sending a multicast-DIO with rank 597
352596780	ID:33	RPL: Sending a multicast-DIO with rank 672
354884014	ID:36	RPL: Sending a multicast-DIO with rank 555
355194991	ID:35	RPL: Sending a multicast-DIO with rank 587
356379381	ID:32	RPL: Sending a multicast-DIO with rank 597
357596780	ID:33	RPL: Sending a multicast-DIO with rank 672
359884014	ID:36	RPL: Sending a multicast-DIO with rank 555
360194991	ID:35	RPL: Sending a multicast-DIO with rank 587
361379381	ID:32	RPL: Sending a multicast-DIO with rank 597
362596780	ID:33	RPL: Sending a multicast-DIO with rank 672
364884014	ID:36	RPL: Sending a multicast-DIO with rank 555
365194991	ID:35	RPL: Sending a multicast-DIO with rank 587
366379381	ID:32	RPL: Sending a multicast-DIO with rank 597
367596780	ID:33	RPL: Sending a multicast-DIO with rank 672
369884014	ID:36	RPL: Sending a multicast-DIO with rank 555
370194991	ID:35	RPL: Sending a multicast-DIO with rank 587
371379381	ID:32	RPL: Sending a multicast-DIO with rank 597
372596780	ID:33	RPL: Sending a multicast-DIO with rank 672
374884014	ID:36	RPL: Sending a multicast-DIO with rank 555
375194991	ID:35	RPL: Sending a multicast-DIO with rank 587
376379381	ID:32	RPL: Sending a multicast-DIO with rank 597
377596780	ID:33	RPL: Sending a multicast-DIO with rank 672
379884014	ID:36	RPL: Sending a multicast-DIO with rank 555
380194991	ID:35	RPL: Sending a multicast-DIO with rank 587
381379381	ID:32	RPL: Sending a multicast-DIO with rank 597
382596780	ID:33	RPL: Sending a multicast-DIO with rank 672
383749683	ID:34	RPL: Sending a DIS to fe80::c30c:0:0:6
384884014	ID:36	RPL: Sending a multicast-DIO with rank 555
385194991	ID:35	RPL: Sending a multicast-DIO with rank 587
386379381	ID:32	RPL: Sending a multicast-DIO with rank 597
387596780	ID:33	RPL: Sending a multicast-DIO with rank 672
389884014	ID:36	RPL: Sending a multicast-DIO with rank 555
390194991	ID:35	RPL: Sending a multicast-DIO with rank 587
391379381	ID:32	RPL: Sending a multicast-DIO with rank 597
392596780	ID:33	RPL: Sending a multicast-DIO with rank 672
394884014	ID:36	RPL: Sending a multicast-DIO with rank 555
395194991	ID:35	RPL: Sending a multicast-DIO with rank 587
396379381	ID:32	RPL: Sending a multicast-DIO with rank 597
397596780	ID:33	RPL: Sending a multicast-DIO with rank 672
399884014	ID:36	RPL: Sending a multicast-DIO with rank 555
400194991	ID:35	RPL: Sending a multicast-DIO with rank 587
401379381	ID:32	RPL: Sending a multicast-DIO with rank 597
402596780	ID:33	RPL: Sending a multicast-DIO with rank 672
404884014	ID:36	RPL: Sending a multicast-DIO with rank 555
405194991	ID:35	RPL: Sending a multicast-DIO with rank 587
406379381	ID:32	RPL: Sending a multicast-DIO with rank 597
407596780	ID:33	RPL: Sending a multicast-DIO with rank 672
409884014	ID:36	RPL: Sending a multicast-DIO with rank 555
410194991	ID:35	RPL: Sending a multicast-DIO with rank 587
411379381	ID:32	RPL: Sending a multicast-DIO with rank 597
412596780	ID:33	RPL: Sending a multicast-DIO with rank 672
414884014	ID:36	RPL: Sending a multicast-DIO with rank 555
415194991	ID:35	RPL: Sending a multicast-DIO with rank 587
416379381	ID:32	RPL: Sending a multicast-DIO with rank 597
417596780	ID:33	RPL: Sending a multicast-DIO with rank 672
419884021	ID:36	RPL: Sending a multicast-DIO with rank 555
420194991	ID:35	RPL: Sending a multicast-DIO with rank 587
421379381	ID:32	RPL: Sending a multicast-DIO with rank 597
422596780	ID:33	RPL: Sending a multicast-DIO with rank 672
424884014	ID:36	RPL: Sending a multicast-DIO with rank 555
425194997	ID:35	RPL: Sending a multicast-DIO with rank 587
426379381	ID:32	RPL: Sending a multicast-DIO with rank 597
427596780	ID:33	RPL: Sending a multicast-DIO with rank 672
429884014	ID:36	RPL: Sending a multicast-DIO with rank 555
430194991	ID:35	RPL: Sending a multicast-DIO with rank 587
431379381	ID:32	RPL: Sending a multicast-DIO with rank 597
432596780	ID:33	RPL: Sending a multicast-DIO with rank 672
434884014	ID:36	RPL: Sending a multicast-DIO with rank 555
435194991	ID:35	RPL: Sending a multicast-DIO with rank 587
436379381	ID:32	RPL: Sending a multicast-DIO with rank 597
437596780	ID:33	RPL: Sending a multicast-DIO with rank 672
439884014	ID:36	RPL: Sending a multicast-DIO with rank 555
440194991	ID:35	RPL: Sending a multicast-DIO with rank 587
441379381	ID:32	RPL: Sending a multicast-DIO with rank 597
442596780	ID:33	RPL: Sending a multicast-DIO with rank 672
443749683	ID:34	RPL: Sending a DIS to fe80::c30c:0:0:6
444884014	ID:36	RPL: Sending a multicast-DIO with rank 555
445194991	ID:35	RPL: Sending a multicast-DIO with rank 587
446379381	ID:32	RPL: Sending a multicast-DIO with rank 597
447596780	ID:33	RPL: Sending a multicast-DIO with rank 672
449884014	ID:36	RPL: Sending a multicast-DIO with rank 555
450194991	ID:35	RPL: Sending a multicast-DIO with rank 587
451379381	ID:32	RPL: Sending a multicast-DIO with rank 597
452596780	ID:33	RPL: Sending a multicast-DIO with rank 672
454884014	ID:36	RPL: Sending a multicast-DIO with rank 555
455194991	ID:35	RPL: Sending a multicast-DIO with rank 587
456379381	ID:32	RPL: Sending a multicast-DIO with rank 597
457596780	ID:33	RPL: Sending a multicast-DIO with rank 672
459884014	ID:36	RPL: Sending a multicast-DIO with rank 555
460194991	ID:35	RPL: Sending a multicast-DIO with rank 587
461379381	ID:32	RPL: Sending a multicast-DIO with rank 597
462596780	ID:33	RPL: Sending a multicast-DIO with rank 672
464884014	ID:36	RPL: Sending a multicast-DIO with rank 555
465194991	ID:35	RPL: Sending a multicast-DIO with rank 587
466379381	ID:32	RPL: Sending a multicast-DIO with rank 597
467596780	ID:33	RPL: Sending a multicast-DIO with rank 672
469884014	ID:36	RPL: Sending a multicast-DIO with rank 555
470194991	ID:35	RPL: Sending a multicast-DIO with rank 587
471379381	ID:32	RPL: Sending a multicast-DIO with rank 597
472596780	ID:33	RPL: Sending a multicast-DIO with rank 672
474884014	ID:36	RPL: Sending a multicast-DIO with rank 555
475194991	ID:35	RPL: Sending a multicast-DIO with rank 587
476379381	ID:32	RPL: Sending a multicast-DIO with rank 597
477596780	ID:33	RPL: Sending a multicast-DIO with rank 672
479884014	ID:36	RPL: Sending a multicast-DIO with rank 555
480194991	ID:35	RPL: Sending a multicast-DIO with rank 587
481379381	ID:32	RPL: Sending a multicast-DIO with rank 597
482596780	ID:33	RPL: Sending a multicast-DIO with rank 672
484884014	ID:36	RPL: Sending a multicast-DIO with rank 555
485194991	ID:35	RPL: Sending a multicast-DIO with rank 587
486379381	ID:32	RPL: Sending a multicast-DIO with rank 597
487596780	ID:33	RPL: Sending a multicast-DIO with rank 672
489884014	ID:36	RPL: Sending a multicast-DIO with rank 555
490194991	ID:35	RPL: Sending a multicast-DIO with rank 587
491379381	ID:32	RPL: Sending a multicast-DIO with rank 597
492596780	ID:33	RPL: Sending a multicast-DIO with rank 672
494884014	ID:36	RPL: Sending a multicast-DIO with rank 555
495194991	ID:35	RPL: Sending a multicast-DIO with rank 587
496379381	ID:32	RPL: Sending a multicast-DIO with rank 597
497596780	ID:33	RPL: Sending a multicast-DIO with rank 672
499884014	ID:36	RPL: Sending a multicast-DIO with rank 555
500194991	ID:35	RPL: Sending a multicast-DIO with rank 587
501379381	ID:32	RPL: Sending a multicast-DIO with rank 597
502596780	ID:33	RPL: Sending a multicast-DIO with rank 672
503750037	ID:34	RPL: Sending a DIS to fe80::c30c:0:0:6
504884014	ID:36	RPL: Sending a multicast-DIO with rank 555
505194991	ID:35	RPL: Sending a multicast-DIO with rank 587
506379381	ID:32	RPL: Sending a multicast-DIO with rank 597
507596780	ID:33	RPL: Sending a multicast-DIO with rank 672
509884014	ID:36	RPL: Sending a multicast-DIO with rank 555
510194991	ID:35	RPL: Sending a multicast-DIO with rank 587
511379381	ID:32	RPL: Sending a multicast-DIO with rank 597
512596780	ID:33	RPL: Sending a multicast-DIO with rank 672
514884014	ID:36	RPL: Sending a multicast-DIO with rank 555
515194991	ID:35	RPL: Sending a multicast-DIO with rank 587
516379381	ID:32	RPL: Sending a multicast-DIO with rank 597
517596780	ID:33	RPL: Sending a multicast-DIO with rank 672
519884014	ID:36	RPL: Sending a multicast-DIO with rank 555
520194991	ID:35	RPL: Sending a multicast-DIO with rank 587
521379381	ID:32	RPL: Sending a multicast-DIO with rank 597
522596780	ID:33	RPL: Sending a multicast-DIO with rank 672
524884014	ID:36	RPL: Sending a multicast-DIO with rank 555
525194991	ID:35	RPL: Sending a multicast-DIO with rank 587
526379381	ID:32	RPL: Sending a multicast-DIO with rank 597
527596780	ID:33	RPL: Sending a multicast-DIO with rank 672
529884014	ID:36	RPL: Sending a multicast-DIO with rank 555
530194991	ID:35	RPL: Sending a multicast-DIO with rank 587
531379381	ID:32	RPL: Sending a multicast-DIO with rank 597
532596780	ID:33	RPL: Sending a multicast-DIO with rank 672
534884014	ID:36	RPL: Sending a multicast-DIO with rank 555
535194991	ID:35	RPL: Sending a multicast-DIO with rank 587
536379381	ID:32	RPL: Sending a multicast-DIO with rank 597
537596780	ID:33	RPL: Sending a multicast-DIO with rank 672
539884014	ID:36	RPL: Sending a multicast-DIO with rank 555
540194991	ID:35	RPL: Sending a multicast-DIO with rank 587
541379381	ID:32	RPL: Sending a multicast-DIO with rank 597
542596780	ID:33	RPL: Sending a multicast-DIO with rank 672
544884014	ID:36	RPL: Sending a multicast-DIO with rank 555
545194991	ID:35	RPL: Sending a multicast-DIO with rank 587
546379381	ID:32	RPL: Sending a multicast-DIO with rank 597
547596780	ID:33	RPL: Sending a multicast-DIO with rank 672
549884014	ID:36	RPL: Sending a multicast-DIO with rank 555
550194991	ID:35	RPL: Sending a multicast-DIO with rank 587
551379381	ID:32	RPL: Sending a multicast-DIO with rank 597
552596780	ID:33	RPL: Sending a multicast-DIO with rank 672
554884014	ID:36	RPL: Sending a multicast-DIO with rank 555
555194991	ID:35	RPL: Sending a multicast-DIO with rank 587
556379381	ID:32	RPL: Sending a multicast-DIO with rank 597
557596780	ID:33	RPL: Sending a multicast-DIO with rank 672
559884014	ID:36	RPL: Sending a multicast-DIO with rank 555
560194991	ID:35	RPL: Sending a multicast-DIO with rank 587
561379381	ID:32	RPL: Sending a multicast-DIO with rank 597
562596780	ID:33	RPL: Sending a multicast-DIO with rank 672
563749683	ID:34	RPL: Sending a DIS to fe80::c30c:0:0:6
564884014	ID:36	RPL: Sending a multicast-DIO with rank 555
565194991	ID:35	RPL: Sending a multicast-DIO with rank 587
566379381	ID:32	RPL: Sending a multicast-DIO with rank 597
567596780	ID:33	RPL: Sending a multicast-DIO with rank 672
569884014	ID:36	RPL: Sending a multicast-DIO with rank 555
570194991	ID:35	RPL: Sending a multicast-DIO with rank 587
571379381	ID:32	RPL: Sending a multicast-DIO with rank 597
572596780	ID:33	RPL: Sending a multicast-DIO with rank 672
574884014	ID:36	RPL: Sending a multicast-DIO with rank 555
575194991	ID:35	RPL: Sending a multicast-DIO with rank 587
576379381	ID:32	RPL: Sending a multicast-DIO with rank 597
577596780	ID:33	RPL: Sending a multicast-DIO with rank 672
579884014	ID:36	RPL: Sending a multicast-DIO with rank 555
580194991	ID:35	RPL: Sending a multicast-DIO with rank 587
581379381	ID:32	RPL: Sending a multicast-DIO with rank 597
582596780	ID:33	RPL: Sending a multicast-DIO with rank 672
584884014	ID:36	RPL: Sending a multicast-DIO with rank 555
585194991	ID:35	RPL: Sending a multicast-DIO with rank 587
586379381	ID:32	RPL: Sending a multicast-DIO with rank 597
587596780	ID:33	RPL: Sending a multicast-DIO with rank 672
589884014	ID:36	RPL: Sending a multicast-DIO with rank 555
590194991	ID:35	RPL: Sending a multicast-DIO with rank 587
591379381	ID:32	RPL: Sending a multicast-DIO with rank 597
592596780	ID:33	RPL: Sending a multicast-DIO with rank 672
594884014	ID:36	RPL: Sending a multicast-DIO with rank 555
595194991	ID:35	RPL: Sending a multicast-DIO with rank 587
596379381	ID:32	RPL: Sending a multicast-DIO with rank 597
597596780	ID:33	RPL: Sending a multicast-DIO with rank 672
599884014	ID:36	RPL: Sending a multicast-DIO with rank 555
600194991	ID:35	RPL: Sending a multicast-DIO with rank 587
601379381	ID:32	RPL: Sending a multicast-DIO with rank 597
602596780	ID:33	RPL: Sending a multicast-DIO with rank 672
604884014	ID:36	RPL: Sending a multicast-DIO with rank 555
605194991	ID:35	RPL: Sending a multicast-DIO with rank 587
606379381	ID:32	RPL: Sending a multicast-DIO with rank 597
607596780	ID:33	RPL: Sending a multicast-DIO with rank 672
609884014	ID:36	RPL: Sending a multicast-DIO with rank 555
610194991	ID:35	RPL: Sending a multicast-DIO with rank 587
611379381	ID:32	RPL: Sending a multicast-DIO with rank 597
612596780	ID:33	RPL: Sending a multicast-DIO with rank 672
614884014	ID:36	RPL: Sending a multicast-DIO with rank 555
615194991	ID:35	RPL: Sending a multicast-DIO with rank 587
616379381	ID:32	RPL: Sending a multicast-DIO with rank 597
617596780	ID:33	RPL: Sending a multicast-DIO with rank 672
619884014	ID:36	RPL: Sending a multicast-DIO with rank 555
620194991	ID:35	RPL: Sending a multicast-DIO with rank 587
621379381	ID:32	RPL: Sending a multicast-DIO with rank 597
622596780	ID:33	RPL: Sending a multicast-DIO with rank 672
623749683	ID:34	RPL: Sending a DIS to fe80::c30c:0:0:6
624884014	ID:36	RPL: Sending a multicast-DIO with rank 555
625194991	ID:35	RPL: Sending a multicast-DIO with rank 587
626379381	ID:32	RPL: Sending a multicast-DIO with rank 597
627596780	ID:33	RPL: Sending a multicast-DIO with rank 672
629884014	ID:36	RPL: Sending a multicast-DIO with rank 555
630194991	ID:35	RPL: Sending a multicast-DIO with rank 587
631379381	ID:32	RPL: Sending a multicast-DIO with rank 597
632596780	ID:33	RPL: Sending a multicast-DIO with rank 672
634884014	ID:36	RPL: Sending a multicast-DIO with rank 555
635194991	ID:35	RPL: Sending a multicast-DIO with rank 587
636379381	ID:32	RPL: Sending a multicast-DIO with rank 597
637596780	ID:33	RPL: Sending a multicast-DIO with rank 672
639884014	ID:36	RPL: Sending a multicast-DIO with rank 555
640194991	ID:35	RPL: Sending a multicast-DIO with rank 587
641379381	ID:32	RPL: Sending a multicast-DIO with rank 597
642596780	ID:33	RPL: Sending a multicast-DIO with rank 672
644884014	ID:36	RPL: Sending a multicast-DIO with rank 555
645194991	ID:35	RPL: Sending a multicast-DIO with rank 587
646379381	ID:32	RPL: Sending a multicast-DIO with rank 597
647596780	ID:33	RPL: Sending a multicast-DIO with rank 672
649884014	ID:36	RPL: Sending a multicast-DIO with rank 555
650194991	ID:35	RPL: Sending a multicast-DIO with rank 587
651379381	ID:32	RPL: Sending a multicast-DIO with rank 597
652596780	ID:33	RPL: Sending a multicast-DIO with rank 672
654884014	ID:36	RPL: Sending a multicast-DIO with rank 555
655194991	ID:35	RPL: Sending a multicast-DIO with rank 587
656379381	ID:32	RPL: Sending a multicast-DIO with rank 597
657596780	ID:33	RPL: Sending a multicast-DIO with rank 672
659884014	ID:36	RPL: Sending a multicast-DIO with rank 555
660194991	ID:35	RPL: Sending a multicast-DIO with rank 587
661379381	ID:32	RPL: Sending a multicast-DIO with rank 597
662596780	ID:33	RPL: Sending a multicast-DIO with rank 672
664884014	ID:36	RPL: Sending a multicast-DIO with rank 555
665194991	ID:35	RPL: Sending a multicast-DIO with rank 587
666379381	ID:32	RPL: Sending a multicast-DIO with rank 597
667596780	ID:33	RPL: Sending a multicast-DIO with rank 672
669884014	ID:36	RPL: Sending a multicast-DIO with rank 555
670194991	ID:35	RPL: Sending a multicast-DIO with rank 587
671379387	ID:32	RPL: Sending a multicast-DIO with rank 597
672596780	ID:33	RPL: Sending a multicast-DIO with rank 672
674884014	ID:36	RPL: Sending a multicast-DIO with rank 555
675194991	ID:35	RPL: Sending a multicast-DIO with rank 587
676379381	ID:32	RPL: Sending a multicast-DIO with rank 597
677596780	ID:33	RPL: Sending a multicast-DIO with rank 672
679884014	ID:36	RPL: Sending a multicast-DIO with rank 555
680194991	ID:35	RPL: Sending a multicast-DIO with rank 587
681379381	ID:32	RPL: Sending a multicast-DIO with rank 597
682596780	ID:33	RPL: Sending a multicast-DIO with rank 672
683749683	ID:34	RPL: Sending a DIS to fe80::c30c:0:0:6
684884014	ID:36	RPL: Sending a multicast-DIO with rank 555
685194991	ID:35	RPL: Sending a multicast-DIO with rank 587
686379381	ID:32	RPL: Sending a multicast-DIO with rank 597
687596780	ID:33	RPL: Sending a multicast-DIO with rank 672
689884015	ID:36	RPL: Sending a multicast-DIO with rank 555
690194991	ID:35	RPL: Sending a multicast-DIO with rank 587
691379381	ID:32	RPL: Sending a multicast-DIO with rank 597
692596780	ID:33	RPL: Sending a multicast-DIO with rank 672
694884015	ID:36	RPL: Sending a multicast-DIO with rank 555
695194991	ID:35	RPL: Sending a multicast-DIO with rank 587
696379381	ID:32	RPL: Sending a multicast-DIO with rank 597
697596780	ID:33	RPL: Sending a multicast-DIO with rank 672
699884015	ID:36	RPL: Sending a multicast-DIO with rank 555
700194991	ID:35	RPL: Sending a multicast-DIO with rank 587
701379381	ID:32	RPL: Sending a multicast-DIO with rank 597
702596780	ID:33	RPL: Sending a multicast-DIO with rank 672
704884015	ID:36	RPL: Sending a multicast-DIO with rank 555
705194991	ID:35	RPL: Sending a multicast-DIO with rank 587
706379381	ID:32	RPL: Sending a multicast-DIO with rank 597
707596780	ID:33	RPL: Sending a multicast-DIO with rank 672
709884015	ID:36	RPL: Sending a multicast-DIO with rank 555
710194991	ID:35	RPL: Sending a multicast-DIO with rank 587
711379381	ID:32	RPL: Sending a multicast-DIO with rank 597
712596780	ID:33	RPL: Sending a multicast-DIO with rank 672
714884015	ID:36	RPL: Sending a multicast-DIO with rank 555
715194991	ID:35	RPL: Sending a multicast-DIO with rank 587
716379381	ID:32	RPL: Sending a multicast-DIO with rank 597
717596780	ID:33	RPL: Sending a multicast-DIO with rank 672
719884015	ID:36	RPL: Sending a multicast-DIO with rank 555
720194991	ID:35	RPL: Sending a multicast-DIO with rank 587
721379381	ID:32	RPL: Sending a multicast-DIO with rank 597
722596780	ID:33	RPL: Sending a multicast-DIO with rank 672
724884015	ID:36	RPL: Sending a multicast-DIO with rank 555
725194991	ID:35	RPL: Sending a multicast-DIO with rank 587
726379381	ID:32	RPL: Sending a multicast-DIO with rank 597
727596780	ID:33	RPL: Sending a multicast-DIO with rank 672
729884015	ID:36	RPL: Sending a multicast-DIO with rank 555
730194991	ID:35	RPL: Sending a multicast-DIO with rank 587
731379381	ID:32	RPL: Sending a multicast-DIO with rank 597
732596780	ID:33	RPL: Sending a multicast-DIO with rank 672
734884021	ID:36	RPL: Sending a multicast-DIO with rank 555
735194991	ID:35	RPL: Sending a multicast-DIO with rank 587
736379381	ID:32	RPL: Sending a multicast-DIO with rank 597
737596787	ID:33	RPL: Sending a multicast-DIO with rank 672
739884015	ID:36	RPL: Sending a multicast-DIO with rank 555
740194991	ID:35	RPL: Sending a multicast-DIO with rank 587
741379381	ID:32	RPL: Sending a multicast-DIO with rank 597
742596780	ID:33	RPL: Sending a multicast-DIO with rank 672
743749683	ID:34	RPL: Sending a DIS to fe80::c30c:0:0:6
744884015	ID:36	RPL: Sending a multicast-DIO with rank 555
745194991	ID:35	RPL: Sending a multicast-DIO with rank 587
746379381	ID:32	RPL: Sending a multicast-DIO with rank 597
747596780	ID:33	RPL: Sending a multicast-DIO with rank 672
749884015	ID:36	RPL: Sending a multicast-DIO with rank 555
750194991	ID:35	RPL: Sending a multicast-DIO with rank 587
751379381	ID:32	RPL: Sending a multicast-DIO with rank 597
752596780	ID:33	RPL: Sending a multicast-DIO with rank 672
754884015	ID:36	RPL: Sending a multicast-DIO with rank 555
755194998	ID:35	RPL: Sending a multicast-DIO with rank 587
756379381	ID:32	RPL: Sending a multicast-DIO with rank 597
757596780	ID:33	RPL: Sending a multicast-DIO with rank 672
759884015	ID:36	RPL: Sending a multicast-DIO with rank 555
760194991	ID:35	RPL: Sending a multicast-DIO with rank 587
761379381	ID:32	RPL: Sending a multicast-DIO with rank 597
762596780	ID:33	RPL: Sending a multicast-DIO with rank 672
764884015	ID:36	RPL: Sending a multicast-DIO with rank 555
765194991	ID:35	RPL: Sending a multicast-DIO with rank 587
766379381	ID:32	RPL: Sending a multicast-DIO with rank 597
767596780	ID:33	RPL: Sending a multicast-DIO with rank 672
769884015	ID:36	RPL: Sending a multicast-DIO with rank 555
770194991	ID:35	RPL: Sending a multicast-DIO with rank 587
771379381	ID:32	RPL: Sending a multicast-DIO with rank 597
772596780	ID:33	RPL: Sending a multicast-DIO with rank 672
774884015	ID:36	RPL: Sending a multicast-DIO with rank 555
775194991	ID:35	RPL: Sending a multicast-DIO with rank 587
776379381	ID:32	RPL: Sending a multicast-DIO with rank 597
777596780	ID:33	RPL: Sending a multicast-DIO with rank 672
779884015	ID:36	RPL: Sending a multicast-DIO with rank 555
780194991	ID:35	RPL: Sending a multicast-DIO with rank 587
781379381	ID:32	RPL: Sending a multicast-DIO with rank 597
782596780	ID:33	RPL: Sending a multicast-DIO with rank 672
784884015	ID:36	RPL: Sending a multicast-DIO with rank 555
785194991	ID:35	RPL: Sending a multicast-DIO with rank 587
786379381	ID:32	RPL: Sending a multicast-DIO with rank 597
787596780	ID:33	RPL: Sending a multicast-DIO with rank 672
789884015	ID:36	RPL: Sending a multicast-DIO with rank 555
790194991	ID:35	RPL: Sending a multicast-DIO with rank 587
791379381	ID:32	RPL: Sending a multicast-DIO with rank 597
792596780	ID:33	RPL: Sending a multicast-DIO with rank 672
794884015	ID:36	RPL: Sending a multicast-DIO with rank 555
795194991	ID:35	RPL: Sending a multicast-DIO with rank 587
796379381	ID:32	RPL: Sending a multicast-DIO with rank 597
797596780	ID:33	RPL: Sending a multicast-DIO with rank 672
799884015	ID:36	RPL: Sending a multicast-DIO with rank 555
800194991	ID:35	RPL: Sending a multicast-DIO with rank 587
801379381	ID:32	RPL: Sending a multicast-DIO with rank 597
802596780	ID:33	RPL: Sending a multicast-DIO with rank 672
803749684	ID:34	RPL: Sending a DIS to fe80::c30c:0:0:6
804884015	ID:36	RPL: Sending a multicast-DIO with rank 555
805194991	ID:35	RPL: Sending a multicast-DIO with rank 587
806379381	ID:32	RPL: Sending a multicast-DIO with rank 597
807596780	ID:33	RPL: Sending a multicast-DIO with rank 672
809884015	ID:36	RPL: Sending a multicast-DIO with rank 555
810194991	ID:35	RPL: Sending a multicast-DIO with rank 587
811379381	ID:32	RPL: Sending a multicast-DIO with rank 597
812596780	ID:33	RPL: Sending a multicast-DIO with rank 672
814884015	ID:36	RPL: Sending a multicast-DIO with rank 555
815194991	ID:35	RPL: Sending a multicast-DIO with rank 587
816379381	ID:32	RPL: Sending a multicast-DIO with rank 597
817596780	ID:33	RPL: Sending a multicast-DIO with rank 672
819884015	ID:36	RPL: Sending a multicast-DIO with rank 555
820194991	ID:35	RPL: Sending a multicast-DIO with rank 587
821379381	ID:32	RPL: Sending a multicast-DIO with rank 597
822596780	ID:33	RPL: Sending a multicast-DIO with rank 672
824884015	ID:36	RPL: Sending a multicast-DIO with rank 555
825194991	ID:35	RPL: Sending a multicast-DIO with rank 587
826379381	ID:32	RPL: Sending a multicast-DIO with rank 597
827596780	ID:33	RPL: Sending a multicast-DIO with rank 672
829884015	ID:36	RPL: Sending a multicast-DIO with rank 555
830194991	ID:35	RPL: Sending a multicast-DIO with rank 587
831379381	ID:32	RPL: Sending a multicast-DIO with rank 597
832596780	ID:33	RPL: Sending a multicast-DIO with rank 672
834884015	ID:36	RPL: Sending a multicast-DIO with rank 555
835194991	ID:35	RPL: Sending a multicast-DIO with rank 587
836379381	ID:32	RPL: Sending a multicast-DIO with rank 597
837596780	ID:33	RPL: Sending a multicast-DIO with rank 672
839884015	ID:36	RPL: Sending a multicast-DIO with rank 555
840194991	ID:35	RPL: Sending a multicast-DIO with rank 587
841379381	ID:32	RPL: Sending a multicast-DIO with rank 597
842596780	ID:33	RPL: Sending a multicast-DIO with rank 672
844884015	ID:36	RPL: Sending a multicast-DIO with rank 555
845194991	ID:35	RPL: Sending a multicast-DIO with rank 587
846379381	ID:32	RPL: Sending a multicast-DIO with rank 597
847596780	ID:33	RPL: Sending a multicast-DIO with rank 672
849884015	ID:36	RPL: Sending a multicast-DIO with rank 555
850194991	ID:35	RPL: Sending a multicast-DIO with rank 587
851379381	ID:32	RPL: Sending a multicast-DIO with rank 597
852596780	ID:33	RPL: Sending a multicast-DIO with rank 672
854884015	ID:36	RPL: Sending a multicast-DIO with rank 555
855194991	ID:35	RPL: Sending a multicast-DIO with rank 587
856379381	ID:32	RPL: Sending a multicast-DIO with rank 597
857596780	ID:33	RPL: Sending a multicast-DIO with rank 672
859884015	ID:36	RPL: Sending a multicast-DIO with rank 555
860194991	ID:35	RPL: Sending a multicast-DIO with rank 587
861379381	ID:32	RPL: Sending a multicast-DIO with rank 597
862596780	ID:33	RPL: Sending a multicast-DIO with rank 672
863749684	ID:34	RPL: Sending a DIS to fe80::c30c:0:0:6
864884015	ID:36	RPL: Sending a multicast-DIO with rank 555
865194991	ID:35	RPL: Sending a multicast-DIO with rank 587
866379381	ID:32	RPL: Sending a multicast-DIO with rank 597
867596780	ID:33	RPL: Sending a multicast-DIO with rank 672
869884015	ID:36	RPL: Sending a multicast-DIO with rank 555
870194991	ID:35	RPL: Sending a multicast-DIO with rank 587
871379381	ID:32	RPL: Sending a multicast-DIO with rank 597
872596780	ID:33	RPL: Sending a multicast-DIO with rank 672
874884015	ID:36	RPL: Sending a multicast-DIO with rank 555
875194991	ID:35	RPL: Sending a multicast-DIO with rank 587
876379381	ID:32	RPL: Sending a multicast-DIO with rank 597
877596780	ID:33	RPL: Sending a multicast-DIO with rank 672
879884015	ID:36	RPL: Sending a multicast-DIO with rank 555
880194991	ID:35	RPL: Sending a multicast-DIO with rank 587
881379381	ID:32	RPL: Sending a multicast-DIO with rank 597
882596780	ID:33	RPL: Sending a multicast-DIO with rank 672
884884014	ID:36	RPL: Sending a multicast-DIO with rank 555
885194991	ID:35	RPL: Sending a multicast-DIO with rank 587
886379381	ID:32	RPL: Sending a multicast-DIO with rank 597
887596780	ID:33	RPL: Sending a multicast-DIO with rank 672
889884015	ID:36	RPL: Sending a multicast-DIO with rank 555
890194991	ID:35	RPL: Sending a multicast-DIO with rank 587
891379381	ID:32	RPL: Sending a multicast-DIO with rank 597
892596780	ID:33	RPL: Sending a multicast-DIO with rank 672
894884014	ID:36	RPL: Sending a multicast-DIO with rank 555
895194991	ID:35	RPL: Sending a multicast-DIO with rank 587
896379381	ID:32	RPL: Sending a multicast-DIO with rank 597
897596780	ID:33	RPL: Sending a multicast-DIO with rank 672
899884015	ID:36	RPL: Sending a multicast-DIO with rank 555
900194991	ID:35	RPL: Sending a multicast-DIO with rank 587
901379381	ID:32	RPL: Sending a multicast-DIO with rank 597
902596780	ID:33	RPL: Sending a multicast-DIO with rank 672
904884015	ID:36	RPL: Sending a multicast-DIO with rank 555
905194991	ID:35	RPL: Sending a multicast-DIO with rank 587
906379381	ID:32	RPL: Sending a multicast-DIO with rank 597
907596780	ID:33	RPL: Sending a multicast-DIO with rank 672
909884015	ID:36	RPL: Sending a multicast-DIO with rank 555
910194991	ID:35	RPL: Sending a multicast-DIO with rank 587
911379381	ID:32	RPL: Sending a multicast-DIO with rank 597
912596780	ID:33	RPL: Sending a multicast-DIO with rank 672
914884015	ID:36	RPL: Sending a multicast-DIO with rank 555
915194991	ID:35	RPL: Sending a multicast-DIO with rank 587
916379381	ID:32	RPL: Sending a multicast-DIO with rank 597
917596780	ID:33	RPL: Sending a multicast-DIO with rank 672
919884015	ID:36	RPL: Sending a multicast-DIO with rank 555
920194991	ID:35	RPL: Sending a multicast-DIO with rank 587
921379381	ID:32	RPL: Sending a multicast-DIO with rank 597
922596780	ID:33	RPL: Sending a multicast-DIO with rank 672
923749684	ID:34	RPL: Sending a DIS to fe80::c30c:0:0:6
924884015	ID:36	RPL: Sending a multicast-DIO with rank 555
925194991	ID:35	RPL: Sending a multicast-DIO with rank 587
926379381	ID:32	RPL: Sending a multicast-DIO with rank 597
927596780	ID:33	RPL: Sending a multicast-DIO with rank 672
929884015	ID:36	RPL: Sending a multicast-DIO with rank 555
930194991	ID:35	RPL: Sending a multicast-DIO with rank 587
931379381	ID:32	RPL: Sending a multicast-DIO with rank 597
932596780	ID:33	RPL: Sending a multicast-DIO with rank 672
934884015	ID:36	RPL: Sending a multicast-DIO with rank 555
935194991	ID:35	RPL: Sending a multicast-DIO with rank 587
936379381	ID:32	RPL: Sending a multicast-DIO with rank 597
937596780	ID:33	RPL: Sending a multicast-DIO with rank 672
939884015	ID:36	RPL: Sending a multicast-DIO with rank 555
940194991	ID:35	RPL: Sending a multicast-DIO with rank 587
941379381	ID:32	RPL: Sending a multicast-DIO with rank 597
942596780	ID:33	RPL: Sending a multicast-DIO with rank 672
944884015	ID:36	RPL: Sending a multicast-DIO with rank 555
945194991	ID:35	RPL: Sending a multicast-DIO with rank 587
946379381	ID:32	RPL: Sending a multicast-DIO with rank 597
947596780	ID:33	RPL: Sending a multicast-DIO with rank 672
949884015	ID:36	RPL: Sending a multicast-DIO with rank 555
950194991	ID:35	RPL: Sending a multicast-DIO with rank 587
951379381	ID:32	RPL: Sending a multicast-DIO with rank 597
952596780	ID:33	RPL: Sending a multicast-DIO with rank 672
954884015	ID:36	RPL: Sending a multicast-DIO with rank 555
955194991	ID:35	RPL: Sending a multicast-DIO with rank 587
956379381	ID:32	RPL: Sending a multicast-DIO with rank 597
957596780	ID:33	RPL: Sending a multicast-DIO with rank 672
959884015	ID:36	RPL: Sending a multicast-DIO with rank 555
960194991	ID:35	RPL: Sending a multicast-DIO with rank 587
961379381	ID:32	RPL: Sending a multicast-DIO with rank 597
962596780	ID:33	RPL: Sending a multicast-DIO with rank 672
964884015	ID:36	RPL: Sending a multicast-DIO with rank 555
965194991	ID:35	RPL: Sending a multicast-DIO with rank 587
966379381	ID:32	RPL: Sending a multicast-DIO with rank 597
967596780	ID:33	RPL: Sending a multicast-DIO with rank 672
969884015	ID:36	RPL: Sending a multicast-DIO with rank 555
970194991	ID:35	RPL: Sending a multicast-DIO with rank 587
971379381	ID:32	RPL: Sending a multicast-DIO with rank 597
972596780	ID:33	RPL: Sending a multicast-DIO with rank 672
974884015	ID:36	RPL: Sending a multicast-DIO with rank 555
975194991	ID:35	RPL: Sending a multicast-DIO with rank 587
976379381	ID:32	RPL: Sending a multicast-DIO with rank 597
977596780	ID:33	RPL: Sending a multicast-DIO with rank 672
979884014	ID:36	RPL: Sending a multicast-DIO with rank 555
980194991	ID:35	RPL: Sending a multicast-DIO with rank 587
981379381	ID:32	RPL: Sending a multicast-DIO with rank 597
982596780	ID:33	RPL: Sending a multicast-DIO with rank 672
983749684	ID:34	RPL: Sending a DIS to fe80::c30c:0:0:6
984884015	ID:36	RPL: Sending a multicast-DIO with rank 555
985194991	ID:35	RPL: Sending a multicast-DIO with rank 587
986379381	ID:32	RPL: Sending a multicast-DIO with rank 597
987596780	ID:33	RPL: Sending a multicast-DIO with rank 672
989884015	ID:36	RPL: Sending a multicast-DIO with rank 555
990194991	ID:35	RPL: Sending a multicast-DIO with rank 587
991379381	ID:32	RPL: Sending a multicast-DIO with rank 597
992596780	ID:33	RPL: Sending a multicast-DIO with rank 672
994884014	ID:36	RPL: Sending a multicast-DIO with rank 555
995194991	ID:35	RPL: Sending a multicast-DIO with rank 587
996379381	ID:32	RPL: Sending a multicast-DIO with rank 597
997596780	ID:33	RPL: Sending a multicast-DIO with rank 672
999884015	ID:36	RPL: Sending a multicast-DIO with rank 555
1000194991	ID:35	RPL: Sending a multicast-DIO with rank 587
1001379381	ID:32	RPL: Sending a multicast-DIO with rank 597
1002596780	ID:33	RPL: Sending a multicast-DIO with rank 672
1004884015	ID:36	RPL: Sending a multicast-DIO with rank 555
1005194991	ID:35	RPL: Sending a multicast-DIO with rank 587
1006379381	ID:32	RPL: Sending a multicast-DIO with rank 597
1007596780	ID:33	RPL: Sending a multicast-DIO with rank 672
1009884015	ID:36	RPL: Sending a multicast-DIO with rank 555
1010194991	ID:35	RPL: Sending a multicast-DIO with rank 587
1011379381	ID:32	RPL: Sending a multicast-DIO with rank 597
1012596780	ID:33	RPL: Sending a multicast-DIO with rank 672
1014884014	ID:36	RPL: Sending a multicast-DIO with rank 555
1015194991	ID:35	RPL: Sending a multicast-DIO with rank 587
1016379388	ID:32	RPL: Sending a multicast-DIO with rank 597
1017596780	ID:33	RPL: Sending a multicast-DIO with rank 672
1019884015	ID:36	RPL: Sending a multicast-DIO with rank 555
1020194991	ID:35	RPL: Sending a multicast-DIO with rank 587
1021379381	ID:32	RPL: Sending a multicast-DIO with rank 597
1022596780	ID:33	RPL: Sending a multicast-DIO with rank 672
1024884015	ID:36	RPL: Sending a multicast-DIO with rank 555
1025194991	ID:35	RPL: Sending a multicast-DIO with rank 587
1026379382	ID:32	RPL: Sending a multicast-DIO with rank 597
1027596781	ID:33	RPL: Sending a multicast-DIO with rank 672
1029884015	ID:36	RPL: Sending a multicast-DIO with rank 555
1030194992	ID:35	RPL: Sending a multicast-DIO with rank 587
1031379382	ID:32	RPL: Sending a multicast-DIO with rank 597
1032596781	ID:33	RPL: Sending a multicast-DIO with rank 672
1034884022	ID:36	RPL: Sending a multicast-DIO with rank 555
1035194992	ID:35	RPL: Sending a multicast-DIO with rank 587
1036379382	ID:32	RPL: Sending a multicast-DIO with rank 597
1037596781	ID:33	RPL: Sending a multicast-DIO with rank 672
1039884015	ID:36	RPL: Sending a multicast-DIO with rank 555
1040194992	ID:35	RPL: Sending a multicast-DIO with rank 587
1041379382	ID:32	RPL: Sending a multicast-DIO with rank 597
1042596781	ID:33	RPL: Sending a multicast-DIO with rank 672
1043749684	ID:34	RPL: Sending a DIS to fe80::c30c:0:0:6
1044884015	ID:36	RPL: Sending a multicast-DIO with rank 555
1045194992	ID:35	RPL: Sending a multicast-DIO with rank 587
1046379382	ID:32	RPL: Sending a multicast-DIO with rank 597
1047596781	ID:33	RPL: Sending a multicast-DIO with rank 672
1049884015	ID:36	RPL: Sending a multicast-DIO with rank 555
1050194992	ID:35	RPL: Sending a multicast-DIO with rank 587
1051379382	ID:32	RPL: Sending a multicast-DIO with rank 597
1052596781	ID:33	RPL: Sending a multicast-DIO with rank 672
1054884015	ID:36	RPL: Sending a multicast-DIO with rank 555
1055194992	ID:35	RPL: Sending a multicast-DIO with rank 587
1056379382	ID:32	RPL: Sending a multicast-DIO with rank 597
1057596781	ID:33	RPL: Sending a multicast-DIO with rank 672
1059884015	ID:36	RPL: Sending a multicast-DIO with rank 555
1060194992	ID:35	RPL: Sending a multicast-DIO with rank 587
1061379382	ID:32	RPL: Sending a multicast-DIO with rank 597
1062596788	ID:33	RPL: Sending a multicast-DIO with rank 672
1064884015	ID:36	RPL: Sending a multicast-DIO with rank 555
1065194992	ID:35	RPL: Sending a multicast-DIO with rank 587
1066379382	ID:32	RPL: Sending a multicast-DIO with rank 597
1067596781	ID:33	RPL: Sending a multicast-DIO with rank 672
1069884015	ID:36	RPL: Sending a multicast-DIO with rank 555
1070194992	ID:35	RPL: Sending a multicast-DIO with rank 587
1071379382	ID:32	RPL: Sending a multicast-DIO with rank 597
1072596781	ID:33	RPL: Sending a multicast-DIO with rank 672
1074884015	ID:36	RPL: Sending a multicast-DIO with rank 555
1075194992	ID:35	RPL: Sending a multicast-DIO with rank 587
1076379382	ID:32	RPL: Sending a multicast-DIO with rank 597
1077596781	ID:33	RPL: Sending a multicast-DIO with rank 672
1079884015	ID:36	RPL: Sending a multicast-DIO with rank 555
1080194992	ID:35	RPL: Sending a multicast-DIO with rank 587
1081379382	ID:32	RPL: Sending a multicast-DIO with rank 597
1082596781	ID:33	RPL: Sending a multicast-DIO with rank 672
1084884015	ID:36	RPL: Sending a multicast-DIO with rank 555
1085194992	ID:35	RPL: Sending a multicast-DIO with rank 587
1086379382	ID:32	RPL: Sending a multicast-DIO with rank 597
1087596781	ID:33	RPL: Sending a multicast-DIO with rank 672
1089884015	ID:36	RPL: Sending a multicast-DIO with rank 555
1090194992	ID:35	RPL: Sending a multicast-DIO with rank 587
1091379382	ID:32	RPL: Sending a multicast-DIO with rank 597
1092596781	ID:33	RPL: Sending a multicast-DIO with rank 672
1094884015	ID:36	RPL: Sending a multicast-DIO with rank 555
1095194992	ID:35	RPL: Sending a multicast-DIO with rank 587
1096379382	ID:32	RPL: Sending a multicast-DIO with rank 597
1097596781	ID:33	RPL: Sending a multicast-DIO with rank 672
1099884015	ID:36	RPL: Sending a multicast-DIO with rank 555
1100194992	ID:35	RPL: Sending a multicast-DIO with rank 587
1101379382	ID:32	RPL: Sending a multicast-DIO with rank 597
1102596781	ID:33	RPL: Sending a multicast-DIO with rank 672
1103749684	ID:34	RPL: Sending a DIS to fe80::c30c:0:0:6
1104884015	ID:36	RPL: Sending a multicast-DIO with rank 555
1105194992	ID:35	RPL: Sending a multicast-DIO with rank 587
1106379382	ID:32	RPL: Sending a multicast-DIO with rank 597
1107596781	ID:33	RPL: Sending a multicast-DIO with rank 672
1109884015	ID:36	RPL: Sending a multicast-DIO with rank 555
1110194992	ID:35	RPL: Sending a multicast-DIO with rank 587
1111379382	ID:32	RPL: Sending a multicast-DIO with rank 597
1112596781	ID:33	RPL: Sending a multicast-DIO with rank 672
1114884015	ID:36	RPL: Sending a multicast-DIO with rank 555
1115194992	ID:35	RPL: Sending a multicast-DIO with rank 587
1116379382	ID:32	RPL: Sending a multicast-DIO with rank 597
1117596781	ID:33	RPL: Sending a multicast-DIO with rank 672
1119884015	ID:36	RPL: Sending a multicast-DIO with rank 555
1120194999	ID:35	RPL: Sending a multicast-DIO with rank 587
1121379382	ID:32	RPL: Sending a multicast-DIO with rank 597
1122596781	ID:33	RPL: Sending a multicast-DIO with rank 672
1124884015	ID:36	RPL: Sending a multicast-DIO with rank 555
1125194992	ID:35	RPL: Sending a multicast-DIO with rank 587
1126379382	ID:32	RPL: Sending a multicast-DIO with rank 597
1127596781	ID:33	RPL: Sending a multicast-DIO with rank 672
1129884015	ID:36	RPL: Sending a multicast-DIO with rank 555
1130194992	ID:35	RPL: Sending a multicast-DIO with rank 587
1131379382	ID:32	RPL: Sending a multicast-DIO with rank 597
1132596781	ID:33	RPL: Sending a multicast-DIO with rank 672
1134884015	ID:36	RPL: Sending a multicast-DIO with rank 555
1135194992	ID:35	RPL: Sending a multicast-DIO with rank 587
1136379382	ID:32	RPL: Sending a multicast-DIO with rank 597
1137596781	ID:33	RPL: Sending a multicast-DIO with rank 672
1139884015	ID:36	RPL: Sending a multicast-DIO with rank 555
1140194992	ID:35	RPL: Sending a multicast-DIO with rank 587
1141379382	ID:32	RPL: Sending a multicast-DIO with rank 597
1142596781	ID:33	RPL: Sending a multicast-DIO with rank 672
1144884015	ID:36	RPL: Sending a multicast-DIO with rank 555
1145194992	ID:35	RPL: Sending a multicast-DIO with rank 587
1146379382	ID:32	RPL: Sending a multicast-DIO with rank 597
1147596781	ID:33	RPL: Sending a multicast-DIO with rank 672
1149884015	ID:36	RPL: Sending a multicast-DIO with rank 555
1150194992	ID:35	RPL: Sending a multicast-DIO with rank 587
1151379382	ID:32	RPL: Sending a multicast-DIO with rank 597
1152596781	ID:33	RPL: Sending a multicast-DIO with rank 672
1154884015	ID:36	RPL: Sending a multicast-DIO with rank 555
1155194992	ID:35	RPL: Sending a multicast-DIO with rank 587
1156379382	ID:32	RPL: Sending a multicast-DIO with rank 597
1157596781	ID:33	RPL: Sending a multicast-DIO with rank 672
1159884015	ID:36	RPL: Sending a multicast-DIO with rank 555
1160194992	ID:35	RPL: Sending a multicast-DIO with rank 587
1161379382	ID:32	RPL: Sending a multicast-DIO with rank 597
1162596781	ID:33	RPL: Sending a multicast-DIO with rank 672
1163749684	ID:34	RPL: Sending a DIS to fe80::c30c:0:0:6
1164884015	ID:36	RPL: Sending a multicast-DIO with rank 555
1165194992	ID:35	RPL: Sending a multicast-DIO with rank 587
1166379382	ID:32	RPL: Sending a multicast-DIO with rank 597
1167596781	ID:33	RPL: Sending a multicast-DIO with rank 672
1169884015	ID:36	RPL: Sending a multicast-DIO with rank 555
1170194992	ID:35	RPL: Sending a multicast-DIO with rank 587
1171379382	ID:32	RPL: Sending a multicast-DIO with rank 597
1172596781	ID:33	RPL: Sending a multicast-DIO with rank 672
1174884015	ID:36	RPL: Sending a multicast-DIO with rank 555
1175194992	ID:35	RPL: Sending a multicast-DIO with rank 587
1176379382	ID:32	RPL: Sending a multicast-DIO with rank 597
1177596781	ID:33	RPL: Sending a multicast-DIO with rank 672
1179884015	ID:36	RPL: Sending a multicast-DIO with rank 555
1180194992	ID:35	RPL: Sending a multicast-DIO with rank 587
1181379382	ID:32	RPL: Sending a multicast-DIO with rank 597
1182596781	ID:33	RPL: Sending a multicast-DIO with rank 672
1184884015	ID:36	RPL: Sending a multicast-DIO with rank 555
1185194992	ID:35	RPL: Sending a multicast-DIO with rank 587
1186379382	ID:32	RPL: Sending a multicast-DIO with rank 597
1187596781	ID:33	RPL: Sending a multicast-DIO with rank 672
1189884015	ID:36	RPL: Sending a multicast-DIO with rank 555
1190194992	ID:35	RPL: Sending a multicast-DIO with rank 587
1191379382	ID:32	RPL: Sending a multicast-DIO with rank 597
1192596781	ID:33	RPL: Sending a multicast-DIO with rank 672
1194884015	ID:36	RPL: Sending a multicast-DIO with rank 555
1195194992	ID:35	RPL: Sending a multicast-DIO with rank 587
1196379382	ID:32	RPL: Sending a multicast-DIO with rank 597
1197596781	ID:33	RPL: Sending a multicast-DIO with rank 672
1199884015	ID:36	RPL: Sending a multicast-DIO with rank 555
1200194992	ID:35	RPL: Sending a multicast-DIO with rank 587
1201379382	ID:32	RPL: Sending a multicast-DIO with rank 597
1202596786	ID:33	RPL: Sending a multicast-DIO with rank 672
1204884020	ID:36	RPL: Sending a multicast-DIO with rank 555
1205194997	ID:35	RPL: Sending a multicast-DIO with rank 587
1206379387	ID:32	RPL: Sending a multicast-DIO with rank 597
1207596780	ID:33	RPL: Sending a multicast-DIO with rank 672
1209884014	ID:36	RPL: Sending a multicast-DIO with rank 555
1210194991	ID:35	RPL: Sending a multicast-DIO with rank 587
1211379381	ID:32	RPL: Sending a multicast-DIO with rank 597
1212596780	ID:33	RPL: Sending a multicast-DIO with rank 672
1214884014	ID:36	RPL: Sending a multicast-DIO with rank 555
1215194991	ID:35	RPL: Sending a multicast-DIO with rank 587
1216379381	ID:32	RPL: Sending a multicast-DIO with rank 597
1217596780	ID:33	RPL: Sending a multicast-DIO with rank 672
1219884014	ID:36	RPL: Sending a multicast-DIO with rank 555
1220194991	ID:35	RPL: Sending a multicast-DIO with rank 587
1221379381	ID:32	RPL: Sending a multicast-DIO with rank 597
1222596780	ID:33	RPL: Sending a multicast-DIO with rank 672
1223749683	ID:34	RPL: Sending a DIS to fe80::c30c:0:0:6
1224884014	ID:36	RPL: Sending a multicast-DIO with rank 555
1225194991	ID:35	RPL: Sending a multicast-DIO with rank 587
1226379381	ID:32	RPL: Sending a multicast-DIO with rank 597
1227596780	ID:33	RPL: Sending a multicast-DIO with rank 672
1229884014	ID:36	RPL: Sending a multicast-DIO with rank 555
1230194991	ID:35	RPL: Sending a multicast-DIO with rank 587
1231379381	ID:32	RPL: Sending a multicast-DIO with rank 597
1232596780	ID:33	RPL: Sending a multicast-DIO with rank 672
1234884014	ID:36	RPL: Sending a multicast-DIO with rank 555
1235194991	ID:35	RPL: Sending a multicast-DIO with rank 587
1236379381	ID:32	RPL: Sending a multicast-DIO with rank 597
1237596780	ID:33	RPL: Sending a multicast-DIO with rank 672
1239884014	ID:36	RPL: Sending a multicast-DIO with rank 555
1240194991	ID:35	RPL: Sending a multicast-DIO with rank 587
1241379381	ID:32	RPL: Sending a multicast-DIO with rank 597
1242596780	ID:33	RPL: Sending a multicast-DIO with rank 672
1244884014	ID:36	RPL: Sending a multicast-DIO with rank 555
1245194991	ID:35	RPL: Sending a multicast-DIO with rank 587
1246379381	ID:32	RPL: Sending a multicast-DIO with rank 597
1247596780	ID:33	RPL: Sending a multicast-DIO with rank 672
1249884014	ID:36	RPL: Sending a multicast-DIO with rank 555
1250194991	ID:35	RPL: Sending a multicast-DIO with rank 587
1251379381	ID:32	RPL: Sending a multicast-DIO with rank 597
1252596780	ID:33	RPL: Sending a multicast-DIO with rank 672
1254884014	ID:36	RPL: Sending a multicast-DIO with rank 555
1255194991	ID:35	RPL: Sending a multicast-DIO with rank 587
1256379381	ID:32	RPL: Sending a multicast-DIO with rank 597
1257596780	ID:33	RPL: Sending a multicast-DIO with rank 672
1259884014	ID:36	RPL: Sending a multicast-DIO with rank 555
1260194991	ID:35	RPL: Sending a multicast-DIO with rank 587
1261379381	ID:32	RPL: Sending a multicast-DIO with rank 597
1262596780	ID:33	RPL: Sending a multicast-DIO with rank 672
1264884014	ID:36	RPL: Sending a multicast-DIO with rank 555
1265194991	ID:35	RPL: Sending a multicast-DIO with rank 587
1266379381	ID:32	RPL: Sending a multicast-DIO with rank 597
1267596780	ID:33	RPL: Sending a multicast-DIO with rank 672
1269884014	ID:36	RPL: Sending a multicast-DIO with rank 555
1270194991	ID:35	RPL: Sending a multicast-DIO with rank 587
1271379381	ID:32	RPL: Sending a multicast-DIO with rank 597
1272596780	ID:33	RPL: Sending a multicast-DIO with rank 672
1274884014	ID:36	RPL: Sending a multicast-DIO with rank 555
1275194991	ID:35	RPL: Sending a multicast-DIO with rank 587
1276379381	ID:32	RPL: Sending a multicast-DIO with rank 597
1277596780	ID:33	RPL: Sending a multicast-DIO with rank 672
1279884014	ID:36	RPL: Sending a multicast-DIO with rank 555
1280194991	ID:35	RPL: Sending a multicast-DIO with rank 587
1281379381	ID:32	RPL: Sending a multicast-DIO with rank 597
1282596780	ID:33	RPL: Sending a multicast-DIO with rank 672
1283749683	ID:34	RPL: Sending a DIS to fe80::c30c:0:0:6
1284884014	ID:36	RPL: Sending a multicast-DIO with rank 555
1285194991	ID:35	RPL: Sending a multicast-DIO with rank 587
1286379381	ID:32	RPL: Sending a multicast-DIO with rank 597
1287596780	ID:33	RPL: Sending a multicast-DIO with rank 672
1289884014	ID:36	RPL: Sending a multicast-DIO with rank 555
1290194991	ID:35	RPL: Sending a multicast-DIO with rank 587
1291379381	ID:32	RPL: Sending a multicast-DIO with rank 597
1292596780	ID:33	RPL: Sending a multicast-DIO with rank 672
1294884014	ID:36	RPL: Sending a multicast-DIO with rank 555
1295194991	ID:35	RPL: Sending a multicast-DIO with rank 587
1296379381	ID:32	RPL: Sending a multicast-DIO with rank 597
1297596780	ID:33	RPL: Sending a multicast-DIO with rank 672
1299884014	ID:36	RPL: Sending a multicast-DIO with rank 555
1300194991	ID:35	RPL: Sending a multicast-DIO with rank 587
1301379381	ID:32	RPL: Sending a multicast-DIO with rank 597
1302596780	ID:33	RPL: Sending a multicast-DIO with rank 672
1304884014	ID:36	RPL: Sending a multicast-DIO with rank 555
1305194991	ID:35	RPL: Sending a multicast-DIO with rank 587
1306379381	ID:32	RPL: Sending a multicast-DIO with rank 597
1307596780	ID:33	RPL: Sending a multicast-DIO with rank 672
1309884014	ID:36	RPL: Sending a multicast-DIO with rank 555
1310194991	ID:35	RPL: Sending a multicast-DIO with rank 587
1311379381	ID:32	RPL: Sending a multicast-DIO with rank 597
1312596780	ID:33	RPL: Sending a multicast-DIO with rank 672
1314884014	ID:36	RPL: Sending a multicast-DIO with rank 555
1315194991	ID:35	RPL: Sending a multicast-DIO with rank 587
1316379381	ID:32	RPL: Sending a multicast-DIO with rank 597
1317596780	ID:33	RPL: Sending a multicast-DIO with rank 672
1319884014	ID:36	RPL: Sending a multicast-DIO with rank 555
1320194991	ID:35	RPL: Sending a multicast-DIO with rank 587
1321379381	ID:32	RPL: Sending a multicast-DIO with rank 597
1322596780	ID:33	RPL: Sending a multicast-DIO with rank 672
1324884014	ID:36	RPL: Sending a multicast-DIO with rank 555
1325194991	ID:35	RPL: Sending a multicast-DIO with rank 587
1326379381	ID:32	RPL: Sending a multicast-DIO with rank 597
1327596780	ID:33	RPL: Sending a multicast-DIO with rank 672
1329884014	ID:36	RPL: Sending a multicast-DIO with rank 555
1330194991	ID:35	RPL: Sending a multicast-DIO with rank 587
1331379381	ID:32	RPL: Sending a multicast-DIO with rank 597
1332596780	ID:33	RPL: Sending a multicast-DIO with rank 672
1334884014	ID:36	RPL: Sending a multicast-DIO with rank 555
1335194991	ID:35	RPL: Sending a multicast-DIO with rank 587
1336379381	ID:32	RPL: Sending a multicast-DIO with rank 597
1337596780	ID:33	RPL: Sending a multicast-DIO with rank 672
1339884014	ID:36	RPL: Sending a multicast-DIO with rank 555
1340194991	ID:35	RPL: Sending a multicast-DIO with rank 587
1341379381	ID:32	RPL: Sending a multicast-DIO with rank 597
1342596780	ID:33	RPL: Sending a multicast-DIO with rank 672
1343750528	ID:34	RPL: Sending a DIS to fe80::c30c:0:0:6
1344884014	ID:36	RPL: Sending a multicast-DIO with rank 555
1345194991	ID:35	RPL: Sending a multicast-DIO with rank 587
1346379381	ID:32	RPL: Sending a multicast-DIO with rank 597
1347596780	ID:33	RPL: Sending a multicast-DIO with rank 672
1349884014	ID:36	RPL: Sending a multicast-DIO with rank 555
1350194991	ID:35	RPL: Sending a multicast-DIO with rank 587
1351379381	ID:32	RPL: Sending a multicast-DIO with rank 597
1352596780	ID:33	RPL: Sending a multicast-DIO with rank 672
1354884014	ID:36	RPL: Sending a multicast-DIO with rank 555
1355194991	ID:35	RPL: Sending a multicast-DIO with rank 587
1356379381	ID:32	RPL: Sending a multicast-DIO with rank 597
1357596780	ID:33	RPL: Sending a multicast-DIO with rank 672
1359884014	ID:36	RPL: Sending a multicast-DIO with rank 555
1360194991	ID:35	RPL: Sending a multicast-DIO with rank 587
1361379381	ID:32	RPL: Sending a multicast-DIO with rank 597
1362596780	ID:33	RPL: Sending a multicast-DIO with rank 672
1364884014	ID:36	RPL: Sending a multicast-DIO with rank 555
1365194991	ID:35	RPL: Sending a multicast-DIO with rank 587
1366379381	ID:32	RPL: Sending a multicast-DIO with rank 597
1367596780	ID:33	RPL: Sending a multicast-DIO with rank 672
1369884014	ID:36	RPL: Sending a multicast-DIO with rank 555
1370194991	ID:35	RPL: Sending a multicast-DIO with rank 587
1371379381	ID:32	RPL: Sending a multicast-DIO with rank 597
1372596780	ID:33	RPL: Sending a multicast-DIO with rank 672
1374884014	ID:36	RPL: Sending a multicast-DIO with rank 555
1375194991	ID:35	RPL: Sending a multicast-DIO with rank 587
1376379381	ID:32	RPL: Sending a multicast-DIO with rank 597
1377596780	ID:33	RPL: Sending a multicast-DIO with rank 672
1379884014	ID:36	RPL: Sending a multicast-DIO with rank 555
1380194991	ID:35	RPL: Sending a multicast-DIO with rank 587
1381379381	ID:32	RPL: Sending a multicast-DIO with rank 597
1382596780	ID:33	RPL: Sending a multicast-DIO with rank 672
1384884021	ID:36	RPL: Sending a multicast-DIO with rank 555
1385194991	ID:35	RPL: Sending a multicast-DIO with rank 587
1386379381	ID:32	RPL: Sending a multicast-DIO with rank 597
1387596780	ID:33	RPL: Sending a multicast-DIO with rank 672
1389884014	ID:36	RPL: Sending a multicast-DIO with rank 555
1390194991	ID:35	RPL: Sending a multicast-DIO with rank 587
1391379381	ID:32	RPL: Sending a multicast-DIO with rank 597
1392596780	ID:33	RPL: Sending a multicast-DIO with rank 672
1394884014	ID:36	RPL: Sending a multicast-DIO with rank 555
1395194991	ID:35	RPL: Sending a multicast-DIO with rank 587
1396379381	ID:32	RPL: Sending a multicast-DIO with rank 597
1397596780	ID:33	RPL: Sending a multicast-DIO with rank 672
1399884014	ID:36	RPL: Sending a multicast-DIO with rank 555
1400194991	ID:35	RPL: Sending a multicast-DIO with rank 587
1401379381	ID:32	RPL: Sending a multicast-DIO with rank 597
1402596780	ID:33	RPL: Sending a multicast-DIO with rank 672
1403749683	ID:34	RPL: Sending a DIS to fe80::c30c:0:0:6
1404884014	ID:36	RPL: Sending a multicast-DIO with rank 555
1405194991	ID:35	RPL: Sending a multicast-DIO with rank 587
1406379381	ID:32	RPL: Sending a multicast-DIO with rank 597
1407596780	ID:33	RPL: Sending a multicast-DIO with rank 672
1409884014	ID:36	RPL: Sending a multicast-DIO with rank 555
1410194991	ID:35	RPL: Sending a multicast-DIO with rank 587
1411379388	ID:32	RPL: Sending a multicast-DIO with rank 597
1412596780	ID:33	RPL: Sending a multicast-DIO with rank 672
1414884014	ID:36	RPL: Sending a multicast-DIO with rank 555
1415194991	ID:35	RPL: Sending a multicast-DIO with rank 587
1416379381	ID:32	RPL: Sending a multicast-DIO with rank 597
1417596780	ID:33	RPL: Sending a multicast-DIO with rank 672
1419884014	ID:36	RPL: Sending a multicast-DIO with rank 555
1420194991	ID:35	RPL: Sending a multicast-DIO with rank 587
1421379381	ID:32	RPL: Sending a multicast-DIO with rank 597
1422596780	ID:33	RPL: Sending a multicast-DIO with rank 672
1424884014	ID:36	RPL: Sending a multicast-DIO with rank 555
1425194991	ID:35	RPL: Sending a multicast-DIO with rank 587
1426379381	ID:32	RPL: Sending a multicast-DIO with rank 597
1427596780	ID:33	RPL: Sending a multicast-DIO with rank 672
1429884014	ID:36	RPL: Sending a multicast-DIO with rank 555
1430194991	ID:35	RPL: Sending a multicast-DIO with rank 587
1431379381	ID:32	RPL: Sending a multicast-DIO with rank 597
1432596780	ID:33	RPL: Sending a multicast-DIO with rank 672
1434884014	ID:36	RPL: Sending a multicast-DIO with rank 555
1435194991	ID:35	RPL: Sending a multicast-DIO with rank 587
1436379381	ID:32	RPL: Sending a multicast-DIO with rank 597
1437596780	ID:33	RPL: Sending a multicast-DIO with rank 672
1439884014	ID:36	RPL: Sending a multicast-DIO with rank 555
1440194991	ID:35	RPL: Sending a multicast-DIO with rank 587
1441379381	ID:32	RPL: Sending a multicast-DIO with rank 597
1442596780	ID:33	RPL: Sending a multicast-DIO with rank 672
1444884014	ID:36	RPL: Sending a multicast-DIO with rank 555
1445194991	ID:35	RPL: Sending a multicast-DIO with rank 587
1446379381	ID:32	RPL: Sending a multicast-DIO with rank 597
1447596780	ID:33	RPL: Sending a multicast-DIO with rank 672
1449884014	ID:36	RPL: Sending a multicast-DIO with rank 555
1450194991	ID:35	RPL: Sending a multicast-DIO with rank 587
1451379381	ID:32	RPL: Sending a multicast-DIO with rank 597
1452596780	ID:33	RPL: Sending a multicast-DIO with rank 672
1454884014	ID:36	RPL: Sending a multicast-DIO with rank 555
1455194991	ID:35	RPL: Sending a multicast-DIO with rank 587
1456379381	ID:32	RPL: Sending a multicast-DIO with rank 597
1457596780	ID:33	RPL: Sending a multicast-DIO with rank 672
1459884014	ID:36	RPL: Sending a multicast-DIO with rank 555
1460194998	ID:35	RPL: Sending a multicast-DIO with rank 587
1461379381	ID:32	RPL: Sending a multicast-DIO with rank 597
1462596780	ID:33	RPL: Sending a multicast-DIO with rank 672
1463749683	ID:34	RPL: Sending a DIS to fe80::c30c:0:0:6
1464884014	ID:36	RPL: Sending a multicast-DIO with rank 555
1465194991	ID:35	RPL: Sending a multicast-DIO with rank 587
1466379381	ID:32	RPL: Sending a multicast-DIO with rank 597
1467596780	ID:33	RPL: Sending a multicast-DIO with rank 672
1469884014	ID:36	RPL: Sending a multicast-DIO with rank 555
1470194991	ID:35	RPL: Sending a multicast-DIO with rank 587
1471379381	ID:32	RPL: Sending a multicast-DIO with rank 597
1472596780	ID:33	RPL: Sending a multicast-DIO with rank 672
1474884014	ID:36	RPL: Sending a multicast-DIO with rank 555
1475194991	ID:35	RPL: Sending a multicast-DIO with rank 587
1476379381	ID:32	RPL: Sending a multicast-DIO with rank 597
1477596787	ID:33	RPL: Sending a multicast-DIO with rank 672
1479884014	ID:36	RPL: Sending a multicast-DIO with rank 555
1480194991	ID:35	RPL: Sending a multicast-DIO with rank 587
1481379381	ID:32	RPL: Sending a multicast-DIO with rank 597
1482596780	ID:33	RPL: Sending a multicast-DIO with rank 672
1484884014	ID:36	RPL: Sending a multicast-DIO with rank 555
1485194991	ID:35	RPL: Sending a multicast-DIO with rank 587
1486379381	ID:32	RPL: Sending a multicast-DIO with rank 597
1487596780	ID:33	RPL: Sending a multicast-DIO with rank 672
1489884014	ID:36	RPL: Sending a multicast-DIO with rank 555
1490194991	ID:35	RPL: Sending a multicast-DIO with rank 587
1491379381	ID:32	RPL: Sending a multicast-DIO with rank 597
1492596780	ID:33	RPL: Sending a multicast-DIO with rank 672
1494884014	ID:36	RPL: Sending a multicast-DIO with rank 555
1495194991	ID:35	RPL: Sending a multicast-DIO with rank 587
1496379381	ID:32	RPL: Sending a multicast-DIO with rank 597
1497596780	ID:33	RPL: Sending a multicast-DIO with rank 672
1499884014	ID:36	RPL: Sending a multicast-DIO with rank 555
1500194991	ID:35	RPL: Sending a multicast-DIO with rank 587
1501379381	ID:32	RPL: Sending a multicast-DIO with rank 597
1502596780	ID:33	RPL: Sending a multicast-DIO with rank 672
1504884014	ID:36	RPL: Sending a multicast-DIO with rank 555
1505194991	ID:35	RPL: Sending a multicast-DIO with rank 587
1506379381	ID:32	RPL: Sending a multicast-DIO with rank 597
1507596780	ID:33	RPL: Sending a multicast-DIO with rank 672
1509884014	ID:36	RPL: Sending a multicast-DIO with rank 555
1510194991	ID:35	RPL: Sending a multicast-DIO with rank 587
1511379381	ID:32	RPL: Sending a multicast-DIO with rank 597
1512596780	ID:33	RPL: Sending a multicast-DIO with rank 672
1514884014	ID:36	RPL: Sending a multicast-DIO with rank 555
1515194991	ID:35	RPL: Sending a multicast-DIO with rank 587
1516379381	ID:32	RPL: Sending a multicast-DIO with rank 597
1517596780	ID:33	RPL: Sending a multicast-DIO with rank 672
1519884014	ID:36	RPL: Sending a multicast-DIO with rank 555
1520194991	ID:35	RPL: Sending a multicast-DIO with rank 587
1521379381	ID:32	RPL: Sending a multicast-DIO with rank 597
1522596780	ID:33	RPL: Sending a multicast-DIO with rank 672
1523750251	ID:34	RPL: Sending a DIS to fe80::c30c:0:0:6
1524884014	ID:36	RPL: Sending a multicast-DIO with rank 555
1525194991	ID:35	RPL: Sending a multicast-DIO with rank 587
1526379381	ID:32	RPL: Sending a multicast-DIO with rank 597
1527596780	ID:33	RPL: Sending a multicast-DIO with rank 672
1529884014	ID:36	RPL: Sending a multicast-DIO with rank 555
1530194991	ID:35	RPL: Sending a multicast-DIO with rank 587
1531379381	ID:32	RPL: Sending a multicast-DIO with rank 597
1532596780	ID:33	RPL: Sending a multicast-DIO with rank 672
1534884014	ID:36	RPL: Sending a multicast-DIO with rank 555
1535194991	ID:35	RPL: Sending a multicast-DIO with rank 587
1536379381	ID:32	RPL: Sending a multicast-DIO with rank 597
1537596780	ID:33	RPL: Sending a multicast-DIO with rank 672
1539884014	ID:36	RPL: Sending a multicast-DIO with rank 555
1540194991	ID:35	RPL: Sending a multicast-DIO with rank 587
1541379381	ID:32	RPL: Sending a multicast-DIO with rank 597
1542596780	ID:33	RPL: Sending a multicast-DIO with rank 672
1544884014	ID:36	RPL: Sending a multicast-DIO with rank 555
1545194991	ID:35	RPL: Sending a multicast-DIO with rank 587
1546379381	ID:32	RPL: Sending a multicast-DIO with rank 597
1547596780	ID:33	RPL: Sending a multicast-DIO with rank 672
1549884014	ID:36	RPL: Sending a multicast-DIO with rank 555
1550194991	ID:35	RPL: Sending a multicast-DIO with rank 587
1551379381	ID:32	RPL: Sending a multicast-DIO with rank 597
1552596780	ID:33	RPL: Sending a multicast-DIO with rank 672
1554884014	ID:36	RPL: Sending a multicast-DIO with rank 555
1555194991	ID:35	RPL: Sending a multicast-DIO with rank 587
1556379381	ID:32	RPL: Sending a multicast-DIO with rank 597
1557596780	ID:33	RPL: Sending a multicast-DIO with rank 672
1559884014	ID:36	RPL: Sending a multicast-DIO with rank 555
1560194991	ID:35	RPL: Sending a multicast-DIO with rank 587
1561379381	ID:32	RPL: Sending a multicast-DIO with rank 597
1562596780	ID:33	RPL: Sending a multicast-DIO with rank 672
1564884014	ID:36	RPL: Sending a multicast-DIO with rank 555
1565194991	ID:35	RPL: Sending a multicast-DIO with rank 587
1566379381	ID:32	RPL: Sending a multicast-DIO with rank 597
1567596780	ID:33	RPL: Sending a multicast-DIO with rank 672
1569884014	ID:36	RPL: Sending a multicast-DIO with rank 555
1570194991	ID:35	RPL: Sending a multicast-DIO with rank 587
1571379381	ID:32	RPL: Sending a multicast-DIO with rank 597
1572596780	ID:33	RPL: Sending a multicast-DIO with rank 672
1574884014	ID:36	RPL: Sending a multicast-DIO with rank 555
1575194991	ID:35	RPL: Sending a multicast-DIO with rank 587
1576379381	ID:32	RPL: Sending a multicast-DIO with rank 597
1577596780	ID:33	RPL: Sending a multicast-DIO with rank 672
1579884014	ID:36	RPL: Sending a multicast-DIO with rank 555
1580194991	ID:35	RPL: Sending a multicast-DIO with rank 587
1581379381	ID:32	RPL: Sending a multicast-DIO with rank 597
1582596780	ID:33	RPL: Sending a multicast-DIO with rank 672
1583750447	ID:34	RPL: Sending a DIS to fe80::c30c:0:0:6
1584884014	ID:36	RPL: Sending a multicast-DIO with rank 555
1585194991	ID:35	RPL: Sending a multicast-DIO with rank 587
1586379381	ID:32	RPL: Sending a multicast-DIO with rank 597
1587596780	ID:33	RPL: Sending a multicast-DIO with rank 672
1589884014	ID:36	RPL: Sending a multicast-DIO with rank 555
1590194991	ID:35	RPL: Sending a multicast-DIO with rank 587
1591379381	ID:32	RPL: Sending a multicast-DIO with rank 597
1592596780	ID:33	RPL: Sending a multicast-DIO with rank 672
1594884014	ID:36	RPL: Sending a multicast-DIO with rank 555
1595194991	ID:35	RPL: Sending a multicast-DIO with rank 587
1596379381	ID:32	RPL: Sending a multicast-DIO with rank 597
1597596780	ID:33	RPL: Sending a multicast-DIO with rank 672
1599884014	ID:36	RPL: Sending a multicast-DIO with rank 555
1600194991	ID:35	RPL: Sending a multicast-DIO with rank 587
1601379381	ID:32	RPL: Sending a multicast-DIO with rank 597
1602596780	ID:33	RPL: Sending a multicast-DIO with rank 672
1604884014	ID:36	RPL: Sending a multicast-DIO with rank 555
1605194991	ID:35	RPL: Sending a multicast-DIO with rank 587
1606379381	ID:32	RPL: Sending a multicast-DIO with rank 597
1607596780	ID:33	RPL: Sending a multicast-DIO with rank 672
1609884014	ID:36	RPL: Sending a multicast-DIO with rank 555
1610194991	ID:35	RPL: Sending a multicast-DIO with rank 587
1611379381	ID:32	RPL: Sending a multicast-DIO with rank 597
1612596780	ID:33	RPL: Sending a multicast-DIO with rank 672
1614884014	ID:36	RPL: Sending a multicast-DIO with rank 555
1615194991	ID:35	RPL: Sending a multicast-DIO with rank 587
1616379381	ID:32	RPL: Sending a multicast-DIO with rank 597
1617596780	ID:33	RPL: Sending a multicast-DIO with rank 672
1619884014	ID:36	RPL: Sending a multicast-DIO with rank 555
1620194991	ID:35	RPL: Sending a multicast-DIO with rank 587
1621379381	ID:32	RPL: Sending a multicast-DIO with rank 597
1622596780	ID:33	RPL: Sending a multicast-DIO with rank 672
1624884014	ID:36	RPL: Sending a multicast-DIO with rank 555
1625194991	ID:35	RPL: Sending a multicast-DIO with rank 587
1626379381	ID:32	RPL: Sending a multicast-DIO with rank 597
1627596780	ID:33	RPL: Sending a multicast-DIO with rank 672
1629884014	ID:36	RPL: Sending a multicast-DIO with rank 555
1630194991	ID:35	RPL: Sending a multicast-DIO with rank 587
1631379381	ID:32	RPL: Sending a multicast-DIO with rank 597
1632596780	ID:33	RPL: Sending a multicast-DIO with rank 672
1634884014	ID:36	RPL: Sending a multicast-DIO with rank 555
1635194991	ID:35	RPL: Sending a multicast-DIO with rank 587
1636379381	ID:32	RPL: Sending a multicast-DIO with rank 597
1637596780	ID:33	RPL: Sending a multicast-DIO with rank 672
1639884014	ID:36	RPL: Sending a multicast-DIO with rank 555
1640194991	ID:35	RPL: Sending a multicast-DIO with rank 587
1641379381	ID:32	RPL: Sending a multicast-DIO with rank 597
1642596780	ID:33	RPL: Sending a multicast-DIO with rank 672
1643749683	ID:34	RPL: Sending a DIS to fe80::c30c:0:0:6
1644884014	ID:36	RPL: Sending a multicast-DIO with rank 555
1645194991	ID:35	RPL: Sending a multicast-DIO with rank 587
1646379381	ID:32	RPL: Sending a multicast-DIO with rank 597
1647596780	ID:33	RPL: Sending a multicast-DIO with rank 672
1649884014	ID:36	RPL: Sending a multicast-DIO with rank 555
1650194991	ID:35	RPL: Sending a multicast-DIO with rank 587
1651379381	ID:32	RPL: Sending a multicast-DIO with rank 597
1652596780	ID:33	RPL: Sending a multicast-DIO with rank 672
1654884014	ID:36	RPL: Sending a multicast-DIO with rank 555
1655194991	ID:35	RPL: Sending a multicast-DIO with rank 587
1656379381	ID:32	RPL: Sending a multicast-DIO with rank 597
1657596780	ID:33	RPL: Sending a multicast-DIO with rank 672
1659884014	ID:36	RPL: Sending a multicast-DIO with rank 555
1660194991	ID:35	RPL: Sending a multicast-DIO with rank 587
1661379381	ID:32	RPL: Sending a multicast-DIO with rank 597
1662596780	ID:33	RPL: Sending a multicast-DIO with rank 672
1664884014	ID:36	RPL: Sending a multicast-DIO with rank 555
1665194991	ID:35	RPL: Sending a multicast-DIO with rank 587
1666379381	ID:32	RPL: Sending a multicast-DIO with rank 597
1667596780	ID:33	RPL: Sending a multicast-DIO with rank 672
1669884014	ID:36	RPL: Sending a multicast-DIO with rank 555
1670194991	ID:35	RPL: Sending a multicast-DIO with rank 587
1671379381	ID:32	RPL: Sending a multicast-DIO with rank 597
1672596780	ID:33	RPL: Sending a multicast-DIO with rank 672
1674884014	ID:36	RPL: Sending a multicast-DIO with rank 555
1675194991	ID:35	RPL: Sending a multicast-DIO with rank 587
1676379381	ID:32	RPL: Sending a multicast-DIO with rank 597
1677596780	ID:33	RPL: Sending a multicast-DIO with rank 672
1679884014	ID:36	RPL: Sending a multicast-DIO with rank 555
1680194991	ID:35	RPL: Sending a multicast-DIO with rank 587
1681379381	ID:32	RPL: Sending a multicast-DIO with rank 597
1682596780	ID:33	RPL: Sending a multicast-DIO with rank 672
1684884014	ID:36	RPL: Sending a multicast-DIO with rank 555
1685194991	ID:35	RPL: Sending a multicast-DIO with rank 587
1686379381	ID:32	RPL: Sending a multicast-DIO with rank 597
1687596780	ID:33	RPL: Sending a multicast-DIO with rank 672
1689884014	ID:36	RPL: Sending a multicast-DIO with rank 555
1690194991	ID:35	RPL: Sending a multicast-DIO with rank 587
1691379381	ID:32	RPL: Sending a multicast-DIO with rank 597
1692596780	ID:33	RPL: Sending a multicast-DIO with rank 672
1694884014	ID:36	RPL: Sending a multicast-DIO with rank 555
1695194991	ID:35	RPL: Sending a multicast-DIO with rank 587
1696379381	ID:32	RPL: Sending a multicast-DIO with rank 597
1697596780	ID:33	RPL: Sending a multicast-DIO with rank 672
1699884014	ID:36	RPL: Sending a multicast-DIO with rank 555
1700194991	ID:35	RPL: Sending a multicast-DIO with rank 587
1701379381	ID:32	RPL: Sending a multicast-DIO with rank 597
1702596780	ID:33	RPL: Sending a multicast-DIO with rank 672
1703749683	ID:34	RPL: Sending a DIS to fe80::c30c:0:0:6
1704884014	ID:36	RPL: Sending a multicast-DIO with rank 555
1705194991	ID:35	RPL: Sending a multicast-DIO with rank 587
1706379381	ID:32	RPL: Sending a multicast-DIO with rank 597
1707596780	ID:33	RPL: Sending a multicast-DIO with rank 672
1709884014	ID:36	RPL: Sending a multicast-DIO with rank 555
1710194991	ID:35	RPL: Sending a multicast-DIO with rank 587
1711379381	ID:32	RPL: Sending a multicast-DIO with rank 597
1712596780	ID:33	RPL: Sending a multicast-DIO with rank 672
1714884014	ID:36	RPL: Sending a multicast-DIO with rank 555
1715194991	ID:35	RPL: Sending a multicast-DIO with rank 587
1716379381	ID:32	RPL: Sending a multicast-DIO with rank 597
1717596780	ID:33	RPL: Sending a multicast-DIO with rank 672
1719884014	ID:36	RPL: Sending a multicast-DIO with rank 555
1720194991	ID:35	RPL: Sending a multicast-DIO with rank 587
1721379381	ID:32	RPL: Sending a multicast-DIO with rank 597
1722596780	ID:33	RPL: Sending a multicast-DIO with rank 672
1724884014	ID:36	RPL: Sending a multicast-DIO with rank 555
1725194991	ID:35	RPL: Sending a multicast-DIO with rank 587
1726379381	ID:32	RPL: Sending a multicast-DIO with rank 597
1727596780	ID:33	RPL: Sending a multicast-DIO with rank 672
1729884014	ID:36	RPL: Sending a multicast-DIO with rank 555
1730194991	ID:35	RPL: Sending a multicast-DIO with rank 587
1731379381	ID:32	RPL: Sending a multicast-DIO with rank 597
1732596780	ID:33	RPL: Sending a multicast-DIO with rank 672
1734884014	ID:36	RPL: Sending a multicast-DIO with rank 555
1735194991	ID:35	RPL: Sending a multicast-DIO with rank 587
1736379381	ID:32	RPL: Sending a multicast-DIO with rank 597
1737596780	ID:33	RPL: Sending a multicast-DIO with rank 672
1739884014	ID:36	RPL: Sending a multicast-DIO with rank 555
1740194991	ID:35	RPL: Sending a multicast-DIO with rank 587
1741379381	ID:32	RPL: Sending a multicast-DIO with rank 597
1742596780	ID:33	RPL: Sending a multicast-DIO with rank 672
1744884014	ID:36	RPL: Sending a multicast-DIO with rank 555
1745194991	ID:35	RPL: Sending a multicast-DIO with rank 587
1746379381	ID:32	RPL: Sending a multicast-DIO with rank 597
1747596780	ID:33	RPL: Sending a multicast-DIO with rank 672
1749884014	ID:36	RPL: Sending a multicast-DIO with rank 555
1750194991	ID:35	RPL: Sending a multicast-DIO with rank 587
1751379381	ID:32	RPL: Sending a multicast-DIO with rank 597
1752596780	ID:33	RPL: Sending a multicast-DIO with rank 672
1754884014	ID:36	RPL: Sending a multicast-DIO with rank 555
1755194991	ID:35	RPL: Sending a multicast-DIO with rank 587
1756379388	ID:32	RPL: Sending a multicast-DIO with rank 597
1757596780	ID:33	RPL: Sending a multicast-DIO with rank 672
1759884014	ID:36	RPL: Sending a multicast-DIO with rank 555
1760194991	ID:35	RPL: Sending a multicast-DIO with rank 587
1761379381	ID:32	RPL: Sending a multicast-DIO with rank 597
1762596780	ID:33	RPL: Sending a multicast-DIO with rank 672
1763749683	ID:34	RPL: Sending a DIS to fe80::c30c:0:0:6
1764884014	ID:36	RPL: Sending a multicast-DIO with rank 555
1765194991	ID:35	RPL: Sending a multicast-DIO with rank 587
1766379381	ID:32	RPL: Sending a multicast-DIO with rank 597
1767596780	ID:33	RPL: Sending a multicast-DIO with rank 672
1769884014	ID:36	RPL: Sending a multicast-DIO with rank 555
1770194991	ID:35	RPL: Sending a multicast-DIO with rank 587
1771379381	ID:32	RPL: Sending a multicast-DIO with rank 597
1772596780	ID:33	RPL: Sending a multicast-DIO with rank 672
1774884014	ID:36	RPL: Sending a multicast-DIO with rank 555
1775194991	ID:35	RPL: Sending a multicast-DIO with rank 587
1776379381	ID:32	RPL: Sending a multicast-DIO with rank 597
1777596780	ID:33	RPL: Sending a multicast-DIO with rank 672
1779884014	ID:36	RPL: Sending a multicast-DIO with rank 555
1780194991	ID:35	RPL: Sending a multicast-DIO with rank 587
1781379381	ID:32	RPL: Sending a multicast-DIO with rank 597
1782596780	ID:33	RPL: Sending a multicast-DIO with rank 672
1784884014	ID:36	RPL: Sending a multicast-DIO with rank 555
1785194991	ID:35	RPL: Sending a multicast-DIO with rank 587
1786379381	ID:32	RPL: Sending a multicast-DIO with rank 597
1787596780	ID:33	RPL: Sending a multicast-DIO with rank 672
1789884014	ID:36	RPL: Sending a multicast-DIO with rank 555
1790194991	ID:35	RPL: Sending a multicast-DIO with rank 587
1791379381	ID:32	RPL: Sending a multicast-DIO with rank 597
1792596780	ID:33	RPL: Sending a multicast-DIO with rank 672
1794884014	ID:36	RPL: Sending a multicast-DIO with rank 555
1795194991	ID:35	RPL: Sending a multicast-DIO with rank 587
1796379381	ID:32	RPL: Sending a multicast-DIO with rank 597
1797596780	ID:33	RPL: Sending a multicast-DIO with rank 672
1799884021	ID:36	RPL: Sending a multicast-DIO with rank 555
