30216239	ID:34	RPL: Sending a DIS to fe80::c30c:0:0:6
30276344	ID:32	RPL: Sending a DIS to fe80::c30c:0:0:3
30435264	ID:35	RPL: Sending a DIS to fe80::c30c:0:0:7
30443737	ID:33	RPL: Sending a DIS to fe80::c30c:0:0:2
31052014	ID:36	RPL: Sending a DIS to fe80::c30c:0:0:8
33105960	ID:33	RPL: Received a DIO from fe80::c30c:0:0:2
33109733	ID:33	RPL: Incoming DIO (id, ver, rank) = (30,240,341)
33114232	ID:33	RPL: Incoming DIO (dag_id, pref) = (fd00::ff:fe00:1, 0)
33116458	ID:33	RPL: DIO option 4, length: 14
33122365	ID:33	RPL: DAG conf:dbl=8, min=12 red=6 maxinc=896 mininc=128 ocp=1 d_l=10 l_u=60
33124598	ID:33	RPL: DIO option 8, length: 30
33126866	ID:33	RPL: Copying prefix information
33135338	ID:33	RPL: Neighbor added to neighbor cache fe80::c30c:0:0:2, c1:0c:00:00:00:00:00:02
35969980	ID:36	RPL: Received a DIO from fe80::c30c:0:0:8
35973748	ID:36	RPL: Incoming DIO (id, ver, rank) = (30,240,489)
35978247	ID:36	RPL: Incoming DIO (dag_id, pref) = (fd00::ff:fe00:1, 0)
35980472	ID:36	RPL: DIO option 4, length: 14
35986380	ID:36	RPL: DAG conf:dbl=8, min=12 red=6 maxinc=896 mininc=128 ocp=1 d_l=10 l_u=60
35988606	ID:36	RPL: DIO option 8, length: 30
35990874	ID:36	RPL: Copying prefix information
36000206	ID:36	RPL: Neighbor added to neighbor cache fe80::c30c:0:0:8, c1:0c:00:00:00:00:00:08
36120693	ID:34	RPL: Received a DIO from fe80::c30c:0:0:6
36124464	ID:34	RPL: Incoming DIO (id, ver, rank) = (30,240,429)
36128963	ID:34	RPL: Incoming DIO (dag_id, pref) = (fd00::ff:fe00:1, 0)
36131206	ID:34	RPL: DIO option 4, length: 14
36137113	ID:34	RPL: DAG conf:dbl=8, min=12 red=6 maxinc=896 mininc=128 ocp=1 d_l=10 l_u=60
36139339	ID:34	RPL: DIO option 8, length: 30
36141608	ID:34	RPL: Copying prefix information
36151355	ID:34	RPL: Neighbor added to neighbor cache fe80::c30c:0:0:6, c1:0c:00:00:00:00:00:06
36475291	ID:35	RPL: Received a DIO from fe80::c30c:0:0:7
36479064	ID:35	RPL: Incoming DIO (id, ver, rank) = (30,240,482)
36483562	ID:35	RPL: Incoming DIO (dag_id, pref) = (fd00::ff:fe00:1, 0)
36485788	ID:35	RPL: DIO option 4, length: 14
36491696	ID:35	RPL: DAG conf:dbl=8, min=12 red=6 maxinc=896 mininc=128 ocp=1 d_l=10 l_u=60
36493929	ID:35	RPL: DIO option 8, length: 30
36496198	ID:35	RPL: Copying prefix information
36505808	ID:35	RPL: Neighbor added to neighbor cache fe80::c30c:0:0:7, c1:0c:00:00:00:00:00:07
38142663	ID:33	RPL: Sending a multicast-DIO with rank 341
41003743	ID:36	RPL: Sending a multicast-DIO with rank 489
41158034	ID:34	RPL: Sending a multicast-DIO with rank 429
41512064	ID:35	RPL: Sending a multicast-DIO with rank 482
43142642	ID:33	RPL: Sending a multicast-DIO with rank 341
46003722	ID:36	RPL: Sending a multicast-DIO with rank 489
46158013	ID:34	RPL: Sending a multicast-DIO with rank 429
46512043	ID:35	RPL: Sending a multicast-DIO with rank 482
48142642	ID:33	RPL: Sending a multicast-DIO with rank 341
51003722	ID:36	RPL: Sending a multicast-DIO with rank 489
51158013	ID:34	RPL: Sending a multicast-DIO with rank 429
51512043	ID:35	RPL: Sending a multicast-DIO with rank 482
53142642	ID:33	RPL: Sending a multicast-DIO with rank 341
56003722	ID:36	RPL: Sending a multicast-DIO with rank 489
56158012	ID:34	RPL: Sending a multicast-DIO with rank 429
56512043	ID:35	RPL: Sending a multicast-DIO with rank 482
58142642	ID:33	RPL: Sending a multicast-DIO with rank 341
61003722	ID:36	RPL: Sending a multicast-DIO with rank 489
61158013	ID:34	RPL: Sending a multicast-DIO with rank 429
61512043	ID:35	RPL: Sending a multicast-DIO with rank 482
62058931	ID:32	RPL: Sending a DIS to fe80::c30c:0:0:3
63142642	ID:33	RPL: Sending a multicast-DIO with rank 341
66003722	ID:36	RPL: Sending a multicast-DIO with rank 489
66158012	ID:34	RPL: Sending a multicast-DIO with rank 429
66512043	ID:35	RPL: Sending a multicast-DIO with rank 482
68142641	ID:33	RPL: Sending a multicast-DIO with rank 341
71003722	ID:36	RPL: Sending a multicast-DIO with rank 489
71158012	ID:34	RPL: Sending a multicast-DIO with rank 429
71512043	ID:35	RPL: Sending a multicast-DIO with rank 482
73142641	ID:33	RPL: Sending a multicast-DIO with rank 341
76003722	ID:36	RPL: Sending a multicast-DIO with rank 489
76158012	ID:34	RPL: Sending a multicast-DIO with rank 429
76512043	ID:35	RPL: Sending a multicast-DIO with rank 482
78142641	ID:33	RPL: Sending a multicast-DIO with rank 341
81003722	ID:36	RPL: Sending a multicast-DIO with rank 489
81158012	ID:34	RPL: Sending a multicast-DIO with rank 429
81512043	ID:35	RPL: Sending a multicast-DIO with rank 482
83142641	ID:33	RPL: Sending a multicast-DIO with rank 341
86003722	ID:36	RPL: Sending a multicast-DIO with rank 489
86158012	ID:34	RPL: Sending a multicast-DIO with rank 429
86512043	ID:35	RPL: Sending a multicast-DIO with rank 482
88142641	ID:33	RPL: Sending a multicast-DIO with rank 341
91003722	ID:36	RPL: Sending a multicast-DIO with rank 489
91158000	ID:34	RPL: Sending a multicast-DIO with rank 429
91512030	ID:35	RPL: Sending a multicast-DIO with rank 482
93142629	ID:33	RPL: Sending a multicast-DIO with rank 341
96003709	ID:36	RPL: Sending a multicast-DIO with rank 489
96158000	ID:34	RPL: Sending a multicast-DIO with rank 429
96512030	ID:35	RPL: Sending a multicast-DIO with rank 482
98142629	ID:33	RPL: Sending a multicast-DIO with rank 341
101003709	ID:36	RPL: Sending a multicast-DIO with rank 489
101158000	ID:34	RPL: Sending a multicast-DIO with rank 429
101512030	ID:35	RPL: Sending a multicast-DIO with rank 482
103142629	ID:33	RPL: Sending a multicast-DIO with rank 341
106003709	ID:36	RPL: Sending a multicast-DIO with rank 489
106158000	ID:34	RPL: Sending a multicast-DIO with rank 429
106512030	ID:35	RPL: Sending a multicast-DIO with rank 482
108142629	ID:33	RPL: Sending a multicast-DIO with rank 341
111003709	ID:36	RPL: Sending a multicast-DIO with rank 489
111158000	ID:34	RPL: Sending a multicast-DIO with rank 429
111512030	ID:35	RPL: Sending a multicast-DIO with rank 482
113142629	ID:33	RPL: Sending a multicast-DIO with rank 341
116003709	ID:36	RPL: Sending a multicast-DIO with rank 489
116158000	ID:34	RPL: Sending a multicast-DIO with rank 429
116512030	ID:35	RPL: Sending a multicast-DIO with rank 482
118142629	ID:33	RPL: Sending a multicast-DIO with rank 341
121003709	ID:36	RPL: Sending a multicast-DIO with rank 489
121158000	ID:34	RPL: Sending a multicast-DIO with rank 429
121512030	ID:35	RPL: Sending a multicast-DIO with rank 482
122059040	ID:32	RPL: Sending a DIS to fe80::c30c:0:0:3
123142629	ID:33	RPL: Sending a multicast-DIO with rank 341
126003709	ID:36	RPL: Sending a multicast-DIO with rank 489
126158000	ID:34	RPL: Sending a multicast-DIO with rank 429
126512030	ID:35	RPL: Sending a multicast-DIO with rank 482
128142629	ID:33	RPL: Sending a multicast-DIO with rank 341
131003709	ID:36	RPL: Sending a multicast-DIO with rank 489
131158000	ID:34	RPL: Sending a multicast-DIO with rank 429
131512030	ID:35	RPL: Sending a multicast-DIO with rank 482
133142629	ID:33	RPL: Sending a multicast-DIO with rank 341
136003709	ID:36	RPL: Sending a multicast-DIO with rank 489
136158000	ID:34	RPL: Sending a multicast-DIO with rank 429
136512030	ID:35	RPL: Sending a multicast-DIO with rank 482
138142629	ID:33	RPL: Sending a multicast-DIO with rank 341
141003709	ID:36	RPL: Sending a multicast-DIO with rank 489
141158000	ID:34	RPL: Sending a multicast-DIO with rank 429
141512030	ID:35	RPL: Sending a multicast-DIO with rank 482
143142629	ID:33	RPL: Sending a multicast-DIO with rank 341
146003709	ID:36	RPL: Sending a multicast-DIO with rank 489
146158000	ID:34	RPL: Sending a multicast-DIO with rank 429
146512030	ID:35	RPL: Sending a multicast-DIO with rank 482
148142629	ID:33	RPL: Sending a multicast-DIO with rank 341
151003709	ID:36	RPL: Sending a multicast-DIO with rank 489
151158000	ID:34	RPL: Sending a multicast-DIO with rank 429
151512030	ID:35	RPL: Sending a multicast-DIO with rank 482
153142629	ID:33	RPL: Sending a multicast-DIO with rank 341
156003709	ID:36	RPL: Sending a multicast-DIO with rank 489
156158000	ID:34	RPL: Sending a multicast-DIO with rank 429
156512030	ID:35	RPL: Sending a multicast-DIO with rank 482
158142629	ID:33	RPL: Sending a multicast-DIO with rank 341
161003709	ID:36	RPL: Sending a multicast-DIO with rank 489
161158000	ID:34	RPL: Sending a multicast-DIO with rank 429
161512030	ID:35	RPL: Sending a multicast-DIO with rank 482
163142629	ID:33	RPL: Sending a multicast-DIO with rank 341
166003709	ID:36	RPL: Sending a multicast-DIO with rank 489
166158000	ID:34	RPL: Sending a multicast-DIO with rank 429
166512030	ID:35	RPL: Sending a multicast-DIO with rank 482
168142629	ID:33	RPL: Sending a multicast-DIO with rank 341
171003709	ID:36	RPL: Sending a multicast-DIO with rank 489
171158000	ID:34	RPL: Sending a multicast-DIO with rank 429
171512030	ID:35	RPL: Sending a multicast-DIO with rank 482
173142629	ID:33	RPL: Sending a multicast-DIO with rank 341
176003709	ID:36	RPL: Sending a multicast-DIO with rank 489
176158000	ID:34	RPL: Sending a multicast-DIO with rank 429
176512030	ID:35	RPL: Sending a multicast-DIO with rank 482
178142629	ID:33	RPL: Sending a multicast-DIO with rank 341
181003709	ID:36	RPL: Sending a multicast-DIO with rank 489
181158000	ID:34	RPL: Sending a multicast-DIO with rank 429
181512030	ID:35	RPL: Sending a multicast-DIO with rank 482
182059040	ID:32	RPL: Sending a DIS to fe80::c30c:0:0:3
183142629	ID:33	RPL: Sending a multicast-DIO with rank 341
186003709	ID:36	RPL: Sending a multicast-DIO with rank 489
186158000	ID:34	RPL: Sending a multicast-DIO with rank 429
186512030	ID:35	RPL: Sending a multicast-DIO with rank 482
188142629	ID:33	RPL: Sending a multicast-DIO with rank 341
191003709	ID:36	RPL: Sending a multicast-DIO with rank 489
191158000	ID:34	RPL: Sending a multicast-DIO with rank 429
191512030	ID:35	RPL: Sending a multicast-DIO with rank 482
193142629	ID:33	RPL: Sending a multicast-DIO with rank 341
196003709	ID:36	RPL: Sending a multicast-DIO with rank 489
196158000	ID:34	RPL: Sending a multicast-DIO with rank 429
196512030	ID:35	RPL: Sending a multicast-DIO with rank 482
198142629	ID:33	RPL: Sending a multicast-DIO with rank 341
201003709	ID:36	RPL: Sending a multicast-DIO with rank 489
201158000	ID:34	RPL: Sending a multicast-DIO with rank 429
201512030	ID:35	RPL: Sending a multicast-DIO with rank 482
203142629	ID:33	RPL: Sending a multicast-DIO with rank 341
206003709	ID:36	RPL: Sending a multicast-DIO with rank 489
206158000	ID:34	RPL: Sending a multicast-DIO with rank 429
206512030	ID:35	RPL: Sending a multicast-DIO with rank 482
208142629	ID:33	RPL: Sending a multicast-DIO with rank 341
211003709	ID:36	RPL: Sending a multicast-DIO with rank 489
211158000	ID:34	RPL: Sending a multicast-DIO with rank 429
211512030	ID:35	RPL: Sending a multicast-DIO with rank 482
213142629	ID:33	RPL: Sending a multicast-DIO with rank 341
216003709	ID:36	RPL: Sending a multicast-DIO with rank 489
216158000	ID:34	RPL: Sending a multicast-DIO with rank 429
216512030	ID:35	RPL: Sending a multicast-DIO with rank 482
218142629	ID:33	RPL: Sending a multicast-DIO with rank 341
221003709	ID:36	RPL: Sending a multicast-DIO with rank 489
221158000	ID:34	RPL: Sending a multicast-DIO with rank 429
221512030	ID:35	RPL: Sending a multicast-DIO with rank 482
223142629	ID:33	RPL: Sending a multicast-DIO with rank 341
226003709	ID:36	RPL: Sending a multicast-DIO with rank 489
226158000	ID:34	RPL: Sending a multicast-DIO with rank 429
226512030	ID:35	RPL: Sending a multicast-DIO with rank 482
228142629	ID:33	RPL: Sending a multicast-DIO with rank 341
231003709	ID:36	RPL: Sending a multicast-DIO with rank 489
231158000	ID:34	RPL: Sending a multicast-DIO with rank 429
231512030	ID:35	RPL: Sending a multicast-DIO with rank 482
233142629	ID:33	RPL: Sending a multicast-DIO with rank 341
236003709	ID:36	RPL: Sending a multicast-DIO with rank 489
236158000	ID:34	RPL: Sending a multicast-DIO with rank 429
236512030	ID:35	RPL: Sending a multicast-DIO with rank 482
238142629	ID:33	RPL: Sending a multicast-DIO with rank 341
241003709	ID:36	RPL: Sending a multicast-DIO with rank 489
241158000	ID:34	RPL: Sending a multicast-DIO with rank 429
241512030	ID:35	RPL: Sending a multicast-DIO with rank 482
242059040	ID:32	RPL: Sending a DIS to fe80::c30c:0:0:3
243142629	ID:33	RPL: Sending a multicast-DIO with rank 341
246003709	ID:36	RPL: Sending a multicast-DIO with rank 489
246158000	ID:34	RPL: Sending a multicast-DIO with rank 429
246512030	ID:35	RPL: Sending a multicast-DIO with rank 482
248142629	ID:33	RPL: Sending a multicast-DIO with rank 341
251003709	ID:36	RPL: Sending a multicast-DIO with rank 489
251158000	ID:34	RPL: Sending a multicast-DIO with rank 429
251512030	ID:35	RPL: Sending a multicast-DIO with rank 482
253142629	ID:33	RPL: Sending a multicast-DIO with rank 341
256003709	ID:36	RPL: Sending a multicast-DIO with rank 489
256158000	ID:34	RPL: Sending a multicast-DIO with rank 429
256512030	ID:35	RPL: Sending a multicast-DIO with rank 482
258142629	ID:33	RPL: Sending a multicast-DIO with rank 341
261003709	ID:36	RPL: Sending a multicast-DIO with rank 489
261158000	ID:34	RPL: Sending a multicast-DIO with rank 429
261512030	ID:35	RPL: Sending a multicast-DIO with rank 482
263142629	ID:33	RPL: Sending a multicast-DIO with rank 341
266003709	ID:36	RPL: Sending a multicast-DIO with rank 489
266158000	ID:34	RPL: Sending a multicast-DIO with rank 429
266512030	ID:35	RPL: Sending a multicast-DIO with rank 482
268142629	ID:33	RPL: Sending a multicast-DIO with rank 341
271003709	ID:36	RPL: Sending a multicast-DIO with rank 489
271158000	ID:34	RPL: Sending a multicast-DIO with rank 429
271512030	ID:35	RPL: Sending a multicast-DIO with rank 482
273142629	ID:33	RPL: Sending a multicast-DIO with rank 341
276003709	ID:36	RPL: Sending a multicast-DIO with rank 489
276158000	ID:34	RPL: Sending a multicast-DIO with rank 429
276512030	ID:35	RPL: Sending a multicast-DIO with rank 482
278142629	ID:33	RPL: Sending a multicast-DIO with rank 341
281003709	ID:36	RPL: Sending a multicast-DIO with rank 489
281158000	ID:34	RPL: Sending a multicast-DIO with rank 429
281512030	ID:35	RPL: Sending a multicast-DIO with rank 482
283142629	ID:33	RPL: Sending a multicast-DIO with rank 341
286003709	ID:36	RPL: Sending a multicast-DIO with rank 489
286158000	ID:34	RPL: Sending a multicast-DIO with rank 429
286512030	ID:35	RPL: Sending a multicast-DIO with rank 482
288142629	ID:33	RPL: Sending a multicast-DIO with rank 341
291003709	ID:36	RPL: Sending a multicast-DIO with rank 489
291158000	ID:34	RPL: Sending a multicast-DIO with rank 429
291512030	ID:35	RPL: Sending a multicast-DIO with rank 482
293142629	ID:33	RPL: Sending a multicast-DIO with rank 341
296003709	ID:36	RPL: Sending a multicast-DIO with rank 489
296158000	ID:34	RPL: Sending a multicast-DIO with rank 429
296512030	ID:35	RPL: Sending a multicast-DIO with rank 482
298142629	ID:33	RPL: Sending a multicast-DIO with rank 341
301003709	ID:36	RPL: Sending a multicast-DIO with rank 489
301158000	ID:34	RPL: Sending a multicast-DIO with rank 429
301512030	ID:35	RPL: Sending a multicast-DIO with rank 482
302059040	ID:32	RPL: Sending a DIS to fe80::c30c:0:0:3
303142629	ID:33	RPL: Sending a multicast-DIO with rank 341
306003709	ID:36	RPL: Sending a multicast-DIO with rank 489
306158000	ID:34	RPL: Sending a multicast-DIO with rank 429
306512030	ID:35	RPL: Sending a multicast-DIO with rank 482
308142629	ID:33	RPL: Sending a multicast-DIO with rank 341
311003709	ID:36	RPL: Sending a multicast-DIO with rank 489
311158000	ID:34	RPL: Sending a multicast-DIO with rank 429
311512030	ID:35	RPL: Sending a multicast-DIO with rank 482
313142629	ID:33	RPL: Sending a multicast-DIO with rank 341
316003709	ID:36	RPL: Sending a multicast-DIO with rank 489
316158000	ID:34	RPL: Sending a multicast-DIO with rank 429
316512030	ID:35	RPL: Sending a multicast-DIO with rank 482
318142629	ID:33	RPL: Sending a multicast-DIO with rank 341
321003709	ID:36	RPL: Sending a multicast-DIO with rank 489
321158000	ID:34	RPL: Sending a multicast-DIO with rank 429
321512030	ID:35	RPL: Sending a multicast-DIO with rank 482
323142629	ID:33	RPL: Sending a multicast-DIO with rank 341
326003709	ID:36	RPL: Sending a multicast-DIO with rank 489
326158000	ID:34	RPL: Sending a multicast-DIO with rank 429
326512030	ID:35	RPL: Sending a multicast-DIO with rank 482
328142629	ID:33	RPL: Sending a multicast-DIO with rank 341
331003709	ID:36	RPL: Sending a multicast-DIO with rank 489
331158000	ID:34	RPL: Sending a multicast-DIO with rank 429
331512030	ID:35	RPL: Sending a multicast-DIO with rank 482
333142629	ID:33	RPL: Sending a multicast-DIO with rank 341
336003709	ID:36	RPL: Sending a multicast-DIO with rank 489
336158000	ID:34	RPL: Sending a multicast-DIO with rank 429
336512030	ID:35	RPL: Sending a multicast-DIO with rank 482
338142629	ID:33	RPL: Sending a multicast-DIO with rank 341
341003709	ID:36	RPL: Sending a multicast-DIO with rank 489
341158000	ID:34	RPL: Sending a multicast-DIO with rank 429
341512030	ID:35	RPL: Sending a multicast-DIO with rank 482
343142629	ID:33	RPL: Sending a multicast-DIO with rank 341
346003709	ID:36	RPL: Sending a multicast-DIO with rank 489
346158000	ID:34	RPL: Sending a multicast-DIO with rank 429
346512030	ID:35	RPL: Sending a multicast-DIO with rank 482
348142635	ID:33	RPL: Sending a multicast-DIO with rank 341
351003709	ID:36	RPL: Sending a multicast-DIO with rank 489
351158000	ID:34	RPL: Sending a multicast-DIO with rank 429
351512030	ID:35	RPL: Sending a multicast-DIO with rank 482
353142629	ID:33	RPL: Sending a multicast-DIO with rank 341
356003709	ID:36	RPL: Sending a multicast-DIO with rank 489
356158000	ID:34	RPL: Sending a multicast-DIO with rank 429
356512030	ID:35	RPL: Sending a multicast-DIO with rank 482
358142629	ID:33	RPL: Sending a multicast-DIO with rank 341
361003709	ID:36	RPL: Sending a multicast-DIO with rank 489
361158000	ID:34	RPL: Sending a multicast-DIO with rank 429
361512030	ID:35	RPL: Sending a multicast-DIO with rank 482
362059608	ID:32	RPL: Sending a DIS to fe80::c30c:0:0:3
363142629	ID:33	RPL: Sending a multicast-DIO with rank 341
366003709	ID:36	RPL: Sending a multicast-DIO with rank 489
366158000	ID:34	RPL: Sending a multicast-DIO with rank 429
366512030	ID:35	RPL: Sending a multicast-DIO with rank 482
368142629	ID:33	RPL: Sending a multicast-DIO with rank 341
371003709	ID:36	RPL: Sending a multicast-DIO with rank 489
371158000	ID:34	RPL: Sending a multicast-DIO with rank 429
371512030	ID:35	RPL: Sending a multicast-DIO with rank 482
373142629	ID:33	RPL: Sending a multicast-DIO with rank 341
376003709	ID:36	RPL: Sending a multicast-DIO with rank 489
376158000	ID:34	RPL: Sending a multicast-DIO with rank 429
376512030	ID:35	RPL: Sending a multicast-DIO with rank 482
378142629	ID:33	RPL: Sending a multicast-DIO with rank 341
381003709	ID:36	RPL: Sending a multicast-DIO with rank 489
381158000	ID:34	RPL: Sending a multicast-DIO with rank 429
381512030	ID:35	RPL: Sending a multicast-DIO with rank 482
383142629	ID:33	RPL: Sending a multicast-DIO with rank 341
386003709	ID:36	RPL: Sending a multicast-DIO with rank 489
386158000	ID:34	RPL: Sending a multicast-DIO with rank 429
386512030	ID:35	RPL: Sending a multicast-DIO with rank 482
388142629	ID:33	RPL: Sending a multicast-DIO with rank 341
391003709	ID:36	RPL: Sending a multicast-DIO with rank 489
391158000	ID:34	RPL: Sending a multicast-DIO with rank 429
391512030	ID:35	RPL: Sending a multicast-DIO with rank 482
393142629	ID:33	RPL: Sending a multicast-DIO with rank 341
396003709	ID:36	RPL: Sending a multicast-DIO with rank 489
396158000	ID:34	RPL: Sending a multicast-DIO with rank 429
396512030	ID:35	RPL: Sending a multicast-DIO with rank 482
398142629	ID:33	RPL: Sending a multicast-DIO with rank 341
401003709	ID:36	RPL: Sending a multicast-DIO with rank 489
401158000	ID:34	RPL: Sending a multicast-DIO with rank 429
401512030	ID:35	RPL: Sending a multicast-DIO with rank 482
403142629	ID:33	RPL: Sending a multicast-DIO with rank 341
406003709	ID:36	RPL: Sending a multicast-DIO with rank 489
406158000	ID:34	RPL: Sending a multicast-DIO with rank 429
406512030	ID:35	RPL: Sending a multicast-DIO with rank 482
408142629	ID:33	RPL: Sending a multicast-DIO with rank 341
411003709	ID:36	RPL: Sending a multicast-DIO with rank 489
411158000	ID:34	RPL: Sending a multicast-DIO with rank 429
411512030	ID:35	RPL: Sending a multicast-DIO with rank 482
413142629	ID:33	RPL: Sending a multicast-DIO with rank 341
416003709	ID:36	RPL: Sending a multicast-DIO with rank 489
416158000	ID:34	RPL: Sending a multicast-DIO with rank 429
416512030	ID:35	RPL: Sending a multicast-DIO with rank 482
418142629	ID:33	RPL: Sending a multicast-DIO with rank 341
421003716	ID:36	RPL: Sending a multicast-DIO with rank 489
421158000	ID:34	RPL: Sending a multicast-DIO with rank 429
421512030	ID:35	RPL: Sending a multicast-DIO with rank 482
422059040	ID:32	RPL: Sending a DIS to fe80::c30c:0:0:3
423142629	ID:33	RPL: Sending a multicast-DIO with rank 341
426003709	ID:36	RPL: Sending a multicast-DIO with rank 489
426158000	ID:34	RPL: Sending a multicast-DIO with rank 429
426512037	ID:35	RPL: Sending a multicast-DIO with rank 482
428142629	ID:33	RPL: Sending a multicast-DIO with rank 341
431003709	ID:36	RPL: Sending a multicast-DIO with rank 489
431158006	ID:34	RPL: Sending a multicast-DIO with rank 429
431512030	ID:35	RPL: Sending a multicast-DIO with rank 482
433142629	ID:33	RPL: Sending a multicast-DIO with rank 341
436003709	ID:36	RPL: Sending a multicast-DIO with rank 489
436158000	ID:34	RPL: Sending a multicast-DIO with rank 429
436512030	ID:35	RPL: Sending a multicast-DIO with rank 482
438142629	ID:33	RPL: Sending a multicast-DIO with rank 341
441003709	ID:36	RPL: Sending a multicast-DIO with rank 489
441158000	ID:34	RPL: Sending a multicast-DIO with rank 429
441512030	ID:35	RPL: Sending a multicast-DIO with rank 482
443142629	ID:33	RPL: Sending a multicast-DIO with rank 341
446003709	ID:36	RPL: Sending a multicast-DIO with rank 489
446158000	ID:34	RPL: Sending a multicast-DIO with rank 429
446512030	ID:35	RPL: Sending a multicast-DIO with rank 482
448142629	ID:33	RPL: Sending a multicast-DIO with rank 341
451003709	ID:36	RPL: Sending a multicast-DIO with rank 489
451158000	ID:34	RPL: Sending a multicast-DIO with rank 429
451512030	ID:35	RPL: Sending a multicast-DIO with rank 482
453142629	ID:33	RPL: Sending a multicast-DIO with rank 341
456003709	ID:36	RPL: Sending a multicast-DIO with rank 489
456158000	ID:34	RPL: Sending a multicast-DIO with rank 429
456512030	ID:35	RPL: Sending a multicast-DIO with rank 482
458142629	ID:33	RPL: Sending a multicast-DIO with rank 341
461003709	ID:36	RPL: Sending a multicast-DIO with rank 489
461158000	ID:34	RPL: Sending a multicast-DIO with rank 429
461512030	ID:35	RPL: Sending a multicast-DIO with rank 482
463142629	ID:33	RPL: Sending a multicast-DIO with rank 341
466003709	ID:36	RPL: Sending a multicast-DIO with rank 489
466158000	ID:34	RPL: Sending a multicast-DIO with rank 429
466512030	ID:35	RPL: Sending a multicast-DIO with rank 482
468142629	ID:33	RPL: Sending a multicast-DIO with rank 341
471003709	ID:36	RPL: Sending a multicast-DIO with rank 489
471158000	ID:34	RPL: Sending a multicast-DIO with rank 429
471512030	ID:35	RPL: Sending a multicast-DIO with rank 482
473142629	ID:33	RPL: Sending a multicast-DIO with rank 341
476003709	ID:36	RPL: Sending a multicast-DIO with rank 489
476158000	ID:34	RPL: Sending a multicast-DIO with rank 429
476512030	ID:35	RPL: Sending a multicast-DIO with rank 482
478142629	ID:33	RPL: Sending a multicast-DIO with rank 341
481003709	ID:36	RPL: Sending a multicast-DIO with rank 489
481158000	ID:34	RPL: Sending a multicast-DIO with rank 429
481512030	ID:35	RPL: Sending a multicast-DIO with rank 482
482059040	ID:32	RPL: Sending a DIS to fe80::c30c:0:0:3
483142629	ID:33	RPL: Sending a multicast-DIO with rank 341
486003709	ID:36	RPL: Sending a multicast-DIO with rank 489
486158000	ID:34	RPL: Sending a multicast-DIO with rank 429
486512030	ID:35	RPL: Sending a multicast-DIO with rank 482
488142629	ID:33	RPL: Sending a multicast-DIO with rank 341
491003709	ID:36	RPL: Sending a multicast-DIO with rank 489
491158000	ID:34	RPL: Sending a multicast-DIO with rank 429
491512030	ID:35	RPL: Sending a multicast-DIO with rank 482
493142629	ID:33	RPL: Sending a multicast-DIO with rank 341
496003709	ID:36	RPL: Sending a multicast-DIO with rank 489
496158000	ID:34	RPL: Sending a multicast-DIO with rank 429
496512030	ID:35	RPL: Sending a multicast-DIO with rank 482
498142629	ID:33	RPL: Sending a multicast-DIO with rank 341
501003709	ID:36	RPL: Sending a multicast-DIO with rank 489
501158000	ID:34	RPL: Sending a multicast-DIO with rank 429
501512030	ID:35	RPL: Sending a multicast-DIO with rank 482
503142629	ID:33	RPL: Sending a multicast-DIO with rank 341
506003709	ID:36	RPL: Sending a multicast-DIO with rank 489
506158000	ID:34	RPL: Sending a multicast-DIO with rank 429
506512030	ID:35	RPL: Sending a multicast-DIO with rank 482
508142629	ID:33	RPL: Sending a multicast-DIO with rank 341
511003709	ID:36	RPL: Sending a multicast-DIO with rank 489
511158000	ID:34	RPL: Sending a multicast-DIO with rank 429
511512030	ID:35	RPL: Sending a multicast-DIO with rank 482
513142629	ID:33	RPL: Sending a multicast-DIO with rank 341
516003709	ID:36	RPL: Sending a multicast-DIO with rank 489
516158000	ID:34	RPL: Sending a multicast-DIO with rank 429
516512030	ID:35	RPL: Sending a multicast-DIO with rank 482
518142629	ID:33	RPL: Sending a multicast-DIO with rank 341
521003709	ID:36	RPL: Sending a multicast-DIO with rank 489
521158000	ID:34	RPL: Sending a multicast-DIO with rank 429
521512030	ID:35	RPL: Sending a multicast-DIO with rank 482
523142629	ID:33	RPL: Sending a multicast-DIO with rank 341
526003709	ID:36	RPL: Sending a multicast-DIO with rank 489
526158000	ID:34	RPL: Sending a multicast-DIO with rank 429
526512030	ID:35	RPL: Sending a multicast-DIO with rank 482
528142629	ID:33	RPL: Sending a multicast-DIO with rank 341
531003709	ID:36	RPL: Sending a multicast-DIO with rank 489
531158000	ID:34	RPL: Sending a multicast-DIO with rank 429
531512030	ID:35	RPL: Sending a multicast-DIO with rank 482
533142629	ID:33	RPL: Sending a multicast-DIO with rank 341
536003709	ID:36	RPL: Sending a multicast-DIO with rank 489
536158000	ID:34	RPL: Sending a multicast-DIO with rank 429
536512030	ID:35	RPL: Sending a multicast-DIO with rank 482
538142629	ID:33	RPL: Sending a multicast-DIO with rank 341
541003709	ID:36	RPL: Sending a multicast-DIO with rank 489
541158000	ID:34	RPL: Sending a multicast-DIO with rank 429
541512030	ID:35	RPL: Sending a multicast-DIO with rank 482
542059040	ID:32	RPL: Sending a DIS to fe80::c30c:0:0:3
543142629	ID:33	RPL: Sending a multicast-DIO with rank 341
546003709	ID:36	RPL: Sending a multicast-DIO with rank 489
546158000	ID:34	RPL: Sending a multicast-DIO with rank 429
546512030	ID:35	RPL: Sending a multicast-DIO with rank 482
548142629	ID:33	RPL: Sending a multicast-DIO with rank 341
551003709	ID:36	RPL: Sending a multicast-DIO with rank 489
551158000	ID:34	RPL: Sending a multicast-DIO with rank 429
551512030	ID:35	RPL: Sending a multicast-DIO with rank 482
553142629	ID:33	RPL: Sending a multicast-DIO with rank 341
556003709	ID:36	RPL: Sending a multicast-DIO with rank 489
556158000	ID:34	RPL: Sending a multicast-DIO with rank 429
556512030	ID:35	RPL: Sending a multicast-DIO with rank 482
558142629	ID:33	RPL: Sending a multicast-DIO with rank 341
561003709	ID:36	RPL: Sending a multicast-DIO with rank 489
561158000	ID:34	RPL: Sending a multicast-DIO with rank 429
561512030	ID:35	RPL: Sending a multicast-DIO with rank 482
563142629	ID:33	RPL: Sending a multicast-DIO with rank 341
566003709	ID:36	RPL: Sending a multicast-DIO with rank 489
566158000	ID:34	RPL: Sending a multicast-DIO with rank 429
566512030	ID:35	RPL: Sending a multicast-DIO with rank 482
568142629	ID:33	RPL: Sending a multicast-DIO with rank 341
571003709	ID:36	RPL: Sending a multicast-DIO with rank 489
571158000	ID:34	RPL: Sending a multicast-DIO with rank 429
571512030	ID:35	RPL: Sending a multicast-DIO with rank 482
573142629	ID:33	RPL: Sending a multicast-DIO with rank 341
576003709	ID:36	RPL: Sending a multicast-DIO with rank 489
576158000	ID:34	RPL: Sending a multicast-DIO with rank 429
576512030	ID:35	RPL: Sending a multicast-DIO with rank 482
578142629	ID:33	RPL: Sending a multicast-DIO with rank 341
581003709	ID:36	RPL: Sending a multicast-DIO with rank 489
581158000	ID:34	RPL: Sending a multicast-DIO with rank 429
581512030	ID:35	RPL: Sending a multicast-DIO with rank 482
583142629	ID:33	RPL: Sending a multicast-DIO with rank 341
586003709	ID:36	RPL: Sending a multicast-DIO with rank 489
586158000	ID:34	RPL: Sending a multicast-DIO with rank 429
586512030	ID:35	RPL: Sending a multicast-DIO with rank 482
588142629	ID:33	RPL: Sending a multicast-DIO with rank 341
591003709	ID:36	RPL: Sending a multicast-DIO with rank 489
591158000	ID:34	RPL: Sending a multicast-DIO with rank 429
591512030	ID:35	RPL: Sending a multicast-DIO with rank 482
593142629	ID:33	RPL: Sending a multicast-DIO with rank 341
596003709	ID:36	RPL: Sending a multicast-DIO with rank 489
596158000	ID:34	RPL: Sending a multicast-DIO with rank 429
596512030	ID:35	RPL: Sending a multicast-DIO with rank 482
598142629	ID:33	RPL: Sending a multicast-DIO with rank 341
601003709	ID:36	RPL: Sending a multicast-DIO with rank 489
601158000	ID:34	RPL: Sending a multicast-DIO with rank 429
601512030	ID:35	RPL: Sending a multicast-DIO with rank 482
602059040	ID:32	RPL: Sending a DIS to fe80::c30c:0:0:3
603142629	ID:33	RPL: Sending a multicast-DIO with rank 341
606003709	ID:36	RPL: Sending a multicast-DIO with rank 489
606158000	ID:34	RPL: Sending a multicast-DIO with rank 429
606512030	ID:35	RPL: Sending a multicast-DIO with rank 482
608142629	ID:33	RPL: Sending a multicast-DIO with rank 341
611003709	ID:36	RPL: Sending a multicast-DIO with rank 489
611158000	ID:34	RPL: Sending a multicast-DIO with rank 429
611512030	ID:35	RPL: Sending a multicast-DIO with rank 482
613142629	ID:33	RPL: Sending a multicast-DIO with rank 341
616003709	ID:36	RPL: Sending a multicast-DIO with rank 489
616158000	ID:34	RPL: Sending a multicast-DIO with rank 429
616512030	ID:35	RPL: Sending a multicast-DIO with rank 482
618142629	ID:33	RPL: Sending a multicast-DIO with rank 341
621003709	ID:36	RPL: Sending a multicast-DIO with rank 489
621158000	ID:34	RPL: Sending a multicast-DIO with rank 429
621512030	ID:35	RPL: Sending a multicast-DIO with rank 482
623142629	ID:33	RPL: Sending a multicast-DIO with rank 341
626003709	ID:36	RPL: Sending a multicast-DIO with rank 489
626158000	ID:34	RPL: Sending a multicast-DIO with rank 429
626512030	ID:35	RPL: Sending a multicast-DIO with rank 482
628142629	ID:33	RPL: Sending a multicast-DIO with rank 341
631003709	ID:36	RPL: Sending a multicast-DIO with rank 489
631158000	ID:34	RPL: Sending a multicast-DIO with rank 429
631512030	ID:35	RPL: Sending a multicast-DIO with rank 482
633142629	ID:33	RPL: Sending a multicast-DIO with rank 341
636003709	ID:36	RPL: Sending a multicast-DIO with rank 489
636158000	ID:34	RPL: Sending a multicast-DIO with rank 429
636512030	ID:35	RPL: Sending a multicast-DIO with rank 482
638142629	ID:33	RPL: Sending a multicast-DIO with rank 341
641003709	ID:36	RPL: Sending a multicast-DIO with rank 489
641158000	ID:34	RPL: Sending a multicast-DIO with rank 429
641512030	ID:35	RPL: Sending a multicast-DIO with rank 482
643142629	ID:33	RPL: Sending a multicast-DIO with rank 341
646003709	ID:36	RPL: Sending a multicast-DIO with rank 489
646158000	ID:34	RPL: Sending a multicast-DIO with rank 429
646512030	ID:35	RPL: Sending a multicast-DIO with rank 482
648142629	ID:33	RPL: Sending a multicast-DIO with rank 341
651003709	ID:36	RPL: Sending a multicast-DIO with rank 489
651158000	ID:34	RPL: Sending a multicast-DIO with rank 429
651512030	ID:35	RPL: Sending a multicast-DIO with rank 482
653142629	ID:33	RPL: Sending a multicast-DIO with rank 341
656003709	ID:36	RPL: Sending a multicast-DIO with rank 489
656158000	ID:34	RPL: Sending a multicast-DIO with rank 429
656512030	ID:35	RPL: Sending a multicast-DIO with rank 482
658142629	ID:33	RPL: Sending a multicast-DIO with rank 341
661003709	ID:36	RPL: Sending a multicast-DIO with rank 489
661158000	ID:34	RPL: Sending a multicast-DIO with rank 429
661512030	ID:35	RPL: Sending a multicast-DIO with rank 482
662059040	ID:32	RPL: Sending a DIS to fe80::c30c:0:0:3
663142629	ID:33	RPL: Sending a multicast-DIO with rank 341
666003709	ID:36	RPL: Sending a multicast-DIO with rank 489
666158000	ID:34	RPL: Sending a multicast-DIO with rank 429
666512030	ID:35	RPL: Sending a multicast-DIO with rank 482
668142629	ID:33	RPL: Sending a multicast-DIO with rank 341
671003709	ID:36	RPL: Sending a multicast-DIO with rank 489
671158000	ID:34	RPL: Sending a multicast-DIO with rank 429
671512030	ID:35	RPL: Sending a multicast-DIO with rank 482
673142629	ID:33	RPL: Sending a multicast-DIO with rank 341
676003709	ID:36	RPL: Sending a multicast-DIO with rank 489
676158000	ID:34	RPL: Sending a multicast-DIO with rank 429
676512030	ID:35	RPL: Sending a multicast-DIO with rank 482
678142629	ID:33	RPL: Sending a multicast-DIO with rank 341
681003709	ID:36	RPL: Sending a multicast-DIO with rank 489
681158000	ID:34	RPL: Sending a multicast-DIO with rank 429
681512030	ID:35	RPL: Sending a multicast-DIO with rank 482
683142635	ID:33	RPL: Sending a multicast-DIO with rank 341
686003709	ID:36	RPL: Sending a multicast-DIO with rank 489
686158000	ID:34	RPL: Sending a multicast-DIO with rank 429
686512030	ID:35	RPL: Sending a multicast-DIO with rank 482
688142629	ID:33	RPL: Sending a multicast-DIO with rank 341
691003710	ID:36	RPL: Sending a multicast-DIO with rank 489
691158000	ID:34	RPL: Sending a multicast-DIO with rank 429
691512031	ID:35	RPL: Sending a multicast-DIO with rank 482
693142629	ID:33	RPL: Sending a multicast-DIO with rank 341
696003710	ID:36	RPL: Sending a multicast-DIO with rank 489
696158000	ID:34	RPL: Sending a multicast-DIO with rank 429
696512031	ID:35	RPL: Sending a multicast-DIO with rank 482
698142629	ID:33	RPL: Sending a multicast-DIO with rank 341
701003710	ID:36	RPL: Sending a multicast-DIO with rank 489
701158000	ID:34	RPL: Sending a multicast-DIO with rank 429
701512031	ID:35	RPL: Sending a multicast-DIO with rank 482
703142629	ID:33	RPL: Sending a multicast-DIO with rank 341
706003710	ID:36	RPL: Sending a multicast-DIO with rank 489
706158000	ID:34	RPL: Sending a multicast-DIO with rank 429
706512031	ID:35	RPL: Sending a multicast-DIO with rank 482
708142629	ID:33	RPL: Sending a multicast-DIO with rank 341
711003710	ID:36	RPL: Sending a multicast-DIO with rank 489
711158000	ID:34	RPL: Sending a multicast-DIO with rank 429
711512031	ID:35	RPL: Sending a multicast-DIO with rank 482
713142629	ID:33	RPL: Sending a multicast-DIO with rank 341
716003710	ID:36	RPL: Sending a multicast-DIO with rank 489
716158000	ID:34	RPL: Sending a multicast-DIO with rank 429
716512031	ID:35	RPL: Sending a multicast-DIO with rank 482
718142629	ID:33	RPL: Sending a multicast-DIO with rank 341
721003710	ID:36	RPL: Sending a multicast-DIO with rank 489
721158000	ID:34	RPL: Sending a multicast-DIO with rank 429
721512031	ID:35	RPL: Sending a multicast-DIO with rank 482
722059040	ID:32	RPL: Sending a DIS to fe80::c30c:0:0:3
723142629	ID:33	RPL: Sending a multicast-DIO with rank 341
726003709	ID:36	RPL: Sending a multicast-DIO with rank 489
726158000	ID:34	RPL: Sending a multicast-DIO with rank 429
726512031	ID:35	RPL: Sending a multicast-DIO with rank 482
728142629	ID:33	RPL: Sending a multicast-DIO with rank 341
731003710	ID:36	RPL: Sending a multicast-DIO with rank 489
731158000	ID:34	RPL: Sending a multicast-DIO with rank 429
731512031	ID:35	RPL: Sending a multicast-DIO with rank 482
733142629	ID:33	RPL: Sending a multicast-DIO with rank 341
736003710	ID:36	RPL: Sending a multicast-DIO with rank 489
736158000	ID:34	RPL: Sending a multicast-DIO with rank 429
736512031	ID:35	RPL: Sending a multicast-DIO with rank 482
738142629	ID:33	RPL: Sending a multicast-DIO with rank 341
741003710	ID:36	RPL: Sending a multicast-DIO with rank 489
741158000	ID:34	RPL: Sending a multicast-DIO with rank 429
741512031	ID:35	RPL: Sending a multicast-DIO with rank 482
743142629	ID:33	RPL: Sending a multicast-DIO with rank 341
746003710	ID:36	RPL: Sending a multicast-DIO with rank 489
746158000	ID:34	RPL: Sending a multicast-DIO with rank 429
746512031	ID:35	RPL: Sending a multicast-DIO with rank 482
748142629	ID:33	RPL: Sending a multicast-DIO with rank 341
751003710	ID:36	RPL: Sending a multicast-DIO with rank 489
751158000	ID:34	RPL: Sending a multicast-DIO with rank 429
751512031	ID:35	RPL: Sending a multicast-DIO with rank 482
753142629	ID:33	RPL: Sending a multicast-DIO with rank 341
756003710	ID:36	RPL: Sending a multicast-DIO with rank 489
756158000	ID:34	RPL: Sending a multicast-DIO with rank 429
756512031	ID:35	RPL: Sending a multicast-DIO with rank 482
758142629	ID:33	RPL: Sending a multicast-DIO with rank 341
761003710	ID:36	RPL: Sending a multicast-DIO with rank 489
761158000	ID:34	RPL: Sending a multicast-DIO with rank 429
761512031	ID:35	RPL: Sending a multicast-DIO with rank 482
763142629	ID:33	RPL: Sending a multicast-DIO with rank 341
766003710	ID:36	RPL: Sending a multicast-DIO with rank 489
766158000	ID:34	RPL: Sending a multicast-DIO with rank 429
766512031	ID:35	RPL: Sending a multicast-DIO with rank 482
768142629	ID:33	RPL: Sending a multicast-DIO with rank 341
771003710	ID:36	RPL: Sending a multicast-DIO with rank 489
771158000	ID:34	RPL: Sending a multicast-DIO with rank 429
771512031	ID:35	RPL: Sending a multicast-DIO with rank 482
773142629	ID:33	RPL: Sending a multicast-DIO with rank 341
776003710	ID:36	RPL: Sending a multicast-DIO with rank 489
776158000	ID:34	RPL: Sending a multicast-DIO with rank 429
776512031	ID:35	RPL: Sending a multicast-DIO with rank 482
778142629	ID:33	RPL: Sending a multicast-DIO with rank 341
781003710	ID:36	RPL: Sending a multicast-DIO with rank 489
781158000	ID:34	RPL: Sending a multicast-DIO with rank 429
781512037	ID:35	RPL: Sending a multicast-DIO with rank 482
782059040	ID:32	RPL: Sending a DIS to fe80::c30c:0:0:3
783142629	ID:33	RPL: Sending a multicast-DIO with rank 341
786003710	ID:36	RPL: Sending a multicast-DIO with rank 489
786158000	ID:34	RPL: Sending a multicast-DIO with rank 429
786512031	ID:35	RPL: Sending a multicast-DIO with rank 482
788142629	ID:33	RPL: Sending a multicast-DIO with rank 341
791003710	ID:36	RPL: Sending a multicast-DIO with rank 489
791158007	ID:34	RPL: Sending a multicast-DIO with rank 429
791512031	ID:35	RPL: Sending a multicast-DIO with rank 482
793142629	ID:33	RPL: Sending a multicast-DIO with rank 341
796003709	ID:36	RPL: Sending a multicast-DIO with rank 489
796158000	ID:34	RPL: Sending a multicast-DIO with rank 429
796512031	ID:35	RPL: Sending a multicast-DIO with rank 482
798142629	ID:33	RPL: Sending a multicast-DIO with rank 341
801003710	ID:36	RPL: Sending a multicast-DIO with rank 489
801158000	ID:34	RPL: Sending a multicast-DIO with rank 429
801512031	ID:35	RPL: Sending a multicast-DIO with rank 482
803142629	ID:33	RPL: Sending a multicast-DIO with rank 341
806003710	ID:36	RPL: Sending a multicast-DIO with rank 489
806158000	ID:34	RPL: Sending a multicast-DIO with rank 429
806512031	ID:35	RPL: Sending a multicast-DIO with rank 482
808142629	ID:33	RPL: Sending a multicast-DIO with rank 341
811003710	ID:36	RPL: Sending a multicast-DIO with rank 489
811158000	ID:34	RPL: Sending a multicast-DIO with rank 429
811512031	ID:35	RPL: Sending a multicast-DIO with rank 482
813142629	ID:33	RPL: Sending a multicast-DIO with rank 341
816003710	ID:36	RPL: Sending a multicast-DIO with rank 489
816158000	ID:34	RPL: Sending a multicast-DIO with rank 429
816512031	ID:35	RPL: Sending a multicast-DIO with rank 482
818142629	ID:33	RPL: Sending a multicast-DIO with rank 341
821003710	ID:36	RPL: Sending a multicast-DIO with rank 489
821158000	ID:34	RPL: Sending a multicast-DIO with rank 429
821512031	ID:35	RPL: Sending a multicast-DIO with rank 482
823142629	ID:33	RPL: Sending a multicast-DIO with rank 341
826003710	ID:36	RPL: Sending a multicast-DIO with rank 489
826158000	ID:34	RPL: Sending a multicast-DIO with rank 429
826512031	ID:35	RPL: Sending a multicast-DIO with rank 482
828142629	ID:33	RPL: Sending a multicast-DIO with rank 341
831003710	ID:36	RPL: Sending a multicast-DIO with rank 489
831158000	ID:34	RPL: Sending a multicast-DIO with rank 429
831512031	ID:35	RPL: Sending a multicast-DIO with rank 482
833142629	ID:33	RPL: Sending a multicast-DIO with rank 341
836003710	ID:36	RPL: Sending a multicast-DIO with rank 489
836158000	ID:34	RPL: Sending a multicast-DIO with rank 429
836512031	ID:35	RPL: Sending a multicast-DIO with rank 482
838142629	ID:33	RPL: Sending a multicast-DIO with rank 341
841003710	ID:36	RPL: Sending a multicast-DIO with rank 489
841158000	ID:34	RPL: Sending a multicast-DIO with rank 429
841512031	ID:35	RPL: Sending a multicast-DIO with rank 482
842059040	ID:32	RPL: Sending a DIS to fe80::c30c:0:0:3
843142629	ID:33	RPL: Sending a multicast-DIO with rank 341
846003710	ID:36	RPL: Sending a multicast-DIO with rank 489
846158000	ID:34	RPL: Sending a multicast-DIO with rank 429
846512031	ID:35	RPL: Sending a multicast-DIO with rank 482
848142629	ID:33	RPL: Sending a multicast-DIO with rank 341
851003716	ID:36	RPL: Sending a multicast-DIO with rank 489
851158000	ID:34	RPL: Sending a multicast-DIO with rank 429
851512031	ID:35	RPL: Sending a multicast-DIO with rank 482
853142629	ID:33	RPL: Sending a multicast-DIO with rank 341
856003710	ID:36	RPL: Sending a multicast-DIO with rank 489
856158000	ID:34	RPL: Sending a multicast-DIO with rank 429
856512031	ID:35	RPL: Sending a multicast-DIO with rank 482
858142629	ID:33	RPL: Sending a multicast-DIO with rank 341
861003709	ID:36	RPL: Sending a multicast-DIO with rank 489
861158000	ID:34	RPL: Sending a multicast-DIO with rank 429
861512031	ID:35	RPL: Sending a multicast-DIO with rank 482
863142629	ID:33	RPL: Sending a multicast-DIO with rank 341
866003710	ID:36	RPL: Sending a multicast-DIO with rank 489
866158000	ID:34	RPL: Sending a multicast-DIO with rank 429
866512031	ID:35	RPL: Sending a multicast-DIO with rank 482
868142629	ID:33	RPL: Sending a multicast-DIO with rank 341
871003710	ID:36	RPL: Sending a multicast-DIO with rank 489
871158000	ID:34	RPL: Sending a multicast-DIO with rank 429
871512031	ID:35	RPL: Sending a multicast-DIO with rank 482
873142629	ID:33	RPL: Sending a multicast-DIO with rank 341
876003710	ID:36	RPL: Sending a multicast-DIO with rank 489
876158000	ID:34	RPL: Sending a multicast-DIO with rank 429
876512031	ID:35	RPL: Sending a multicast-DIO with rank 482
878142629	ID:33	RPL: Sending a multicast-DIO with rank 341
881003710	ID:36	RPL: Sending a multicast-DIO with rank 489
881158000	ID:34	RPL: Sending a multicast-DIO with rank 429
881512031	ID:35	RPL: Sending a multicast-DIO with rank 482
883142629	ID:33	RPL: Sending a multicast-DIO with rank 341
886003710	ID:36	RPL: Sending a multicast-DIO with rank 489
886158000	ID:34	RPL: Sending a multicast-DIO with rank 429
886512031	ID:35	RPL: Sending a multicast-DIO with rank 482
888142629	ID:33	RPL: Sending a multicast-DIO with rank 341
891003710	ID:36	RPL: Sending a multicast-DIO with rank 489
891158000	ID:34	RPL: Sending a multicast-DIO with rank 429
891512031	ID:35	RPL: Sending a multicast-DIO with rank 482
893142629	ID:33	RPL: Sending a multicast-DIO with rank 341
896003710	ID:36	RPL: Sending a multicast-DIO with rank 489
896158000	ID:34	RPL: Sending a multicast-DIO with rank 429
896512031	ID:35	RPL: Sending a multicast-DIO with rank 482
898142629	ID:33	RPL: Sending a multicast-DIO with rank 341
901003710	ID:36	RPL: Sending a multicast-DIO with rank 489
901158000	ID:34	RPL: Sending a multicast-DIO with rank 429
901512031	ID:35	RPL: Sending a multicast-DIO with rank 482
902059040	ID:32	RPL: Sending a DIS to fe80::c30c:0:0:3
903142629	ID:33	RPL: Sending a multicast-DIO with rank 341
906003709	ID:36	RPL: Sending a multicast-DIO with rank 489
906158000	ID:34	RPL: Sending a multicast-DIO with rank 429
906512031	ID:35	RPL: Sending a multicast-DIO with rank 482
908142629	ID:33	RPL: Sending a multicast-DIO with rank 341
911003710	ID:36	RPL: Sending a multicast-DIO with rank 489
911158000	ID:34	RPL: Sending a multicast-DIO with rank 429
911512031	ID:35	RPL: Sending a multicast-DIO with rank 482
913142629	ID:33	RPL: Sending a multicast-DIO with rank 341
916003710	ID:36	RPL: Sending a multicast-DIO with rank 489
916158000	ID:34	RPL: Sending a multicast-DIO with rank 429
916512031	ID:35	RPL: Sending a multicast-DIO with rank 482
918142629	ID:33	RPL: Sending a multicast-DIO with rank 341
921003710	ID:36	RPL: Sending a multicast-DIO with rank 489
921158000	ID:34	RPL: Sending a multicast-DIO with rank 429
921512031	ID:35	RPL: Sending a multicast-DIO with rank 482
923142629	ID:33	RPL: Sending a multicast-DIO with rank 341
926003710	ID:36	RPL: Sending a multicast-DIO with rank 489
926158000	ID:34	RPL: Sending a multicast-DIO with rank 429
926512031	ID:35	RPL: Sending a multicast-DIO with rank 482
928142629	ID:33	RPL: Sending a multicast-DIO with rank 341
931003710	ID:36	RPL: Sending a multicast-DIO with rank 489
931158000	ID:34	RPL: Sending a multicast-DIO with rank 429
931512031	ID:35	RPL: Sending a multicast-DIO with rank 482
933142629	ID:33	RPL: Sending a multicast-DIO with rank 341
936003710	ID:36	RPL: Sending a multicast-DIO with rank 489
936158000	ID:34	RPL: Sending a multicast-DIO with rank 429
936512031	ID:35	RPL: Sending a multicast-DIO with rank 482
938142629	ID:33	RPL: Sending a multicast-DIO with rank 341
941003710	ID:36	RPL: Sending a multicast-DIO with rank 489
941158000	ID:34	RPL: Sending a multicast-DIO with rank 429
941512030	ID:35	RPL: Sending a multicast-DIO with rank 482
943142629	ID:33	RPL: Sending a multicast-DIO with rank 341
946003710	ID:36	RPL: Sending a multicast-DIO with rank 489
946158000	ID:34	RPL: Sending a multicast-DIO with rank 429
946512031	ID:35	RPL: Sending a multicast-DIO with rank 482
948142629	ID:33	RPL: Sending a multicast-DIO with rank 341
951003710	ID:36	RPL: Sending a multicast-DIO with rank 489
951158000	ID:34	RPL: Sending a multicast-DIO with rank 429
951512031	ID:35	RPL: Sending a multicast-DIO with rank 482
953142629	ID:33	RPL: Sending a multicast-DIO with rank 341
956003710	ID:36	RPL: Sending a multicast-DIO with rank 489
956158000	ID:34	RPL: Sending a multicast-DIO with rank 429
956512031	ID:35	RPL: Sending a multicast-DIO with rank 482
958142629	ID:33	RPL: Sending a multicast-DIO with rank 341
961003710	ID:36	RPL: Sending a multicast-DIO with rank 489
961158000	ID:34	RPL: Sending a multicast-DIO with rank 429
961512031	ID:35	RPL: Sending a multicast-DIO with rank 482
962059040	ID:32	RPL: Sending a DIS to fe80::c30c:0:0:3
963142629	ID:33	RPL: Sending a multicast-DIO with rank 341
966003710	ID:36	RPL: Sending a multicast-DIO with rank 489
966158000	ID:34	RPL: Sending a multicast-DIO with rank 429
966512031	ID:35	RPL: Sending a multicast-DIO with rank 482
968142629	ID:33	RPL: Sending a multicast-DIO with rank 341
971003710	ID:36	RPL: Sending a multicast-DIO with rank 489
971158000	ID:34	RPL: Sending a multicast-DIO with rank 429
971512031	ID:35	RPL: Sending a multicast-DIO with rank 482
973142629	ID:33	RPL: Sending a multicast-DIO with rank 341
976003710	ID:36	RPL: Sending a multicast-DIO with rank 489
976158000	ID:34	RPL: Sending a multicast-DIO with rank 429
976512031	ID:35	RPL: Sending a multicast-DIO with rank 482
978142629	ID:33	RPL: Sending a multicast-DIO with rank 341
981003709	ID:36	RPL: Sending a multicast-DIO with rank 489
981158000	ID:34	RPL: Sending a multicast-DIO with rank 429
981512031	ID:35	RPL: Sending a multicast-DIO with rank 482
983142629	ID:33	RPL: Sending a multicast-DIO with rank 341
986003710	ID:36	RPL: Sending a multicast-DIO with rank 489
986158000	ID:34	RPL: Sending a multicast-DIO with rank 429
986512031	ID:35	RPL: Sending a multicast-DIO with rank 482
988142629	ID:33	RPL: Sending a multicast-DIO with rank 341
991003710	ID:36	RPL: Sending a multicast-DIO with rank 489
991158000	ID:34	RPL: Sending a multicast-DIO with rank 429
991512031	ID:35	RPL: Sending a multicast-DIO with rank 482
993142629	ID:33	RPL: Sending a multicast-DIO with rank 341
996003710	ID:36	RPL: Sending a multicast-DIO with rank 489
996158000	ID:34	RPL: Sending a multicast-DIO with rank 429
996512031	ID:35	RPL: Sending a multicast-DIO with rank 482
998142629	ID:33	RPL: Sending a multicast-DIO with rank 341
1001003710	ID:36	RPL: Sending a multicast-DIO with rank 489
1001158000	ID:34	RPL: Sending a multicast-DIO with rank 429
1001512031	ID:35	RPL: Sending a multicast-DIO with rank 482
1003142629	ID:33	RPL: Sending a multicast-DIO with rank 341
1006003710	ID:36	RPL: Sending a multicast-DIO with rank 489
1006158000	ID:34	RPL: Sending a multicast-DIO with rank 429
1006512031	ID:35	RPL: Sending a multicast-DIO with rank 482
1008142629	ID:33	RPL: Sending a multicast-DIO with rank 341
1011003710	ID:36	RPL: Sending a multicast-DIO with rank 489
1011158000	ID:34	RPL: Sending a multicast-DIO with rank 429
1011512031	ID:35	RPL: Sending a multicast-DIO with rank 482
1013142629	ID:33	RPL: Sending a multicast-DIO with rank 341
1016003710	ID:36	RPL: Sending a multicast-DIO with rank 489
1016158000	ID:34	RPL: Sending a multicast-DIO with rank 429
1016512031	ID:35	RPL: Sending a multicast-DIO with rank 482
1018142629	ID:33	RPL: Sending a multicast-DIO with rank 341
1021003710	ID:36	RPL: Sending a multicast-DIO with rank 489
1021158000	ID:34	RPL: Sending a multicast-DIO with rank 429
1021512031	ID:35	RPL: Sending a multicast-DIO with rank 482
1022059040	ID:32	RPL: Sending a DIS to fe80::c30c:0:0:3
1023142629	ID:33	RPL: Sending a multicast-DIO with rank 341
1026003710	ID:36	RPL: Sending a multicast-DIO with rank 489
1026158001	ID:34	RPL: Sending a multicast-DIO with rank 429
1026512031	ID:35	RPL: Sending a multicast-DIO with rank 482
1028142630	ID:33	RPL: Sending a multicast-DIO with rank 341
1031003710	ID:36	RPL: Sending a multicast-DIO with rank 489
1031158001	ID:34	RPL: Sending a multicast-DIO with rank 429
1031512031	ID:35	RPL: Sending a multicast-DIO with rank 482
1033142630	ID:33	RPL: Sending a multicast-DIO with rank 341
1036003710	ID:36	RPL: Sending a multicast-DIO with rank 489
1036158001	ID:34	RPL: Sending a multicast-DIO with rank 429
1036512031	ID:35	RPL: Sending a multicast-DIO with rank 482
1038142630	ID:33	RPL: Sending a multicast-DIO with rank 341
1041003710	ID:36	RPL: Sending a multicast-DIO with rank 489
1041158001	ID:34	RPL: Sending a multicast-DIO with rank 429
1041512031	ID:35	RPL: Sending a multicast-DIO with rank 482
1043142637	ID:33	RPL: Sending a multicast-DIO with rank 341
1046003710	ID:36	RPL: Sending a multicast-DIO with rank 489
1046158001	ID:34	RPL: Sending a multicast-DIO with rank 429
1046512031	ID:35	RPL: Sending a multicast-DIO with rank 482
1048142630	ID:33	RPL: Sending a multicast-DIO with rank 341
1051003710	ID:36	RPL: Sending a multicast-DIO with rank 489
1051158001	ID:34	RPL: Sending a multicast-DIO with rank 429
1051512031	ID:35	RPL: Sending a multicast-DIO with rank 482
1053142630	ID:33	RPL: Sending a multicast-DIO with rank 341
1056003710	ID:36	RPL: Sending a multicast-DIO with rank 489
1056158001	ID:34	RPL: Sending a multicast-DIO with rank 429
1056512031	ID:35	RPL: Sending a multicast-DIO with rank 482
1058142630	ID:33	RPL: Sending a multicast-DIO with rank 341
1061003710	ID:36	RPL: Sending a multicast-DIO with rank 489
1061158001	ID:34	RPL: Sending a multicast-DIO with rank 429
1061512031	ID:35	RPL: Sending a multicast-DIO with rank 482
1063142630	ID:33	RPL: Sending a multicast-DIO with rank 341
1066003710	ID:36	RPL: Sending a multicast-DIO with rank 489
1066158001	ID:34	RPL: Sending a multicast-DIO with rank 429
1066512031	ID:35	RPL: Sending a multicast-DIO with rank 482
1068142630	ID:33	RPL: Sending a multicast-DIO with rank 341
1071003710	ID:36	RPL: Sending a multicast-DIO with rank 489
1071158001	ID:34	RPL: Sending a multicast-DIO with rank 429
1071512031	ID:35	RPL: Sending a multicast-DIO with rank 482
1073142630	ID:33	RPL: Sending a multicast-DIO with rank 341
1076003710	ID:36	RPL: Sending a multicast-DIO with rank 489
1076158001	ID:34	RPL: Sending a multicast-DIO with rank 429
1076512031	ID:35	RPL: Sending a multicast-DIO with rank 482
1078142630	ID:33	RPL: Sending a multicast-DIO with rank 341
1081003710	ID:36	RPL: Sending a multicast-DIO with rank 489
1081158001	ID:34	RPL: Sending a multicast-DIO with rank 429
1081512031	ID:35	RPL: Sending a multicast-DIO with rank 482
1082059041	ID:32	RPL: Sending a DIS to fe80::c30c:0:0:3
1083142630	ID:33	RPL: Sending a multicast-DIO with rank 341
1086003710	ID:36	RPL: Sending a multicast-DIO with rank 489
1086158001	ID:34	RPL: Sending a multicast-DIO with rank 429
1086512031	ID:35	RPL: Sending a multicast-DIO with rank 482
1088142630	ID:33	RPL: Sending a multicast-DIO with rank 341
1091003710	ID:36	RPL: Sending a multicast-DIO with rank 489
1091158001	ID:34	RPL: Sending a multicast-DIO with rank 429
1091512031	ID:35	RPL: Sending a multicast-DIO with rank 482
1093142630	ID:33	RPL: Sending a multicast-DIO with rank 341
1096003710	ID:36	RPL: Sending a multicast-DIO with rank 489
1096158001	ID:34	RPL: Sending a multicast-DIO with rank 429
1096512031	ID:35	RPL: Sending a multicast-DIO with rank 482
1098142630	ID:33	RPL: Sending a multicast-DIO with rank 341
1101003710	ID:36	RPL: Sending a multicast-DIO with rank 489
1101158008	ID:34	RPL: Sending a multicast-DIO with rank 429
1101512031	ID:35	RPL: Sending a multicast-DIO with rank 482
1103142630	ID:33	RPL: Sending a multicast-DIO with rank 341
1106003710	ID:36	RPL: Sending a multicast-DIO with rank 489
1106158001	ID:34	RPL: Sending a multicast-DIO with rank 429
1106512031	ID:35	RPL: Sending a multicast-DIO with rank 482
1108142630	ID:33	RPL: Sending a multicast-DIO with rank 341
1111003710	ID:36	RPL: Sending a multicast-DIO with rank 489
1111158001	ID:34	RPL: Sending a multicast-DIO with rank 429
1111512031	ID:35	RPL: Sending a multicast-DIO with rank 482
1113142630	ID:33	RPL: Sending a multicast-DIO with rank 341
1116003710	ID:36	RPL: Sending a multicast-DIO with rank 489
1116158001	ID:34	RPL: Sending a multicast-DIO with rank 429
1116512031	ID:35	RPL: Sending a multicast-DIO with rank 482
1118142630	ID:33	RPL: Sending a multicast-DIO with rank 341
1121003710	ID:36	RPL: Sending a multicast-DIO with rank 489
1121158001	ID:34	RPL: Sending a multicast-DIO with rank 429
1121512031	ID:35	RPL: Sending a multicast-DIO with rank 482
1123142630	ID:33	RPL: Sending a multicast-DIO with rank 341
1126003710	ID:36	RPL: Sending a multicast-DIO with rank 489
1126158001	ID:34	RPL: Sending a multicast-DIO with rank 429
1126512031	ID:35	RPL: Sending a multicast-DIO with rank 482
1128142630	ID:33	RPL: Sending a multicast-DIO with rank 341
1131003710	ID:36	RPL: Sending a multicast-DIO with rank 489
1131158001	ID:34	RPL: Sending a multicast-DIO with rank 429
1131512031	ID:35	RPL: Sending a multicast-DIO with rank 482
1133142630	ID:33	RPL: Sending a multicast-DIO with rank 341
1136003710	ID:36	RPL: Sending a multicast-DIO with rank 489
1136158001	ID:34	RPL: Sending a multicast-DIO with rank 429
1136512031	ID:35	RPL: Sending a multicast-DIO with rank 482
1138142630	ID:33	RPL: Sending a multicast-DIO with rank 341
1141003710	ID:36	RPL: Sending a multicast-DIO with rank 489
1141158001	ID:34	RPL: Sending a multicast-DIO with rank 429
1141512031	ID:35	RPL: Sending a multicast-DIO with rank 482
1142059041	ID:32	RPL: Sending a DIS to fe80::c30c:0:0:3
1143142630	ID:33	RPL: Sending a multicast-DIO with rank 341
1146003710	ID:36	RPL: Sending a multicast-DIO with rank 489
1146158001	ID:34	RPL: Sending a multicast-DIO with rank 429
1146512031	ID:35	RPL: Sending a multicast-DIO with rank 482
1148142630	ID:33	RPL: Sending a multicast-DIO with rank 341
1151003710	ID:36	RPL: Sending a multicast-DIO with rank 489
1151158001	ID:34	RPL: Sending a multicast-DIO with rank 429
1151512031	ID:35	RPL: Sending a multicast-DIO with rank 482
1153142630	ID:33	RPL: Sending a multicast-DIO with rank 341
1156003710	ID:36	RPL: Sending a multicast-DIO with rank 489
1156158001	ID:34	RPL: Sending a multicast-DIO with rank 429
1156512031	ID:35	RPL: Sending a multicast-DIO with rank 482
1158142630	ID:33	RPL: Sending a multicast-DIO with rank 341
1161003710	ID:36	RPL: Sending a multicast-DIO with rank 489
1161158001	ID:34	RPL: Sending a multicast-DIO with rank 429
1161512031	ID:35	RPL: Sending a multicast-DIO with rank 482
1163142630	ID:33	RPL: Sending a multicast-DIO with rank 341
1166003710	ID:36	RPL: Sending a multicast-DIO with rank 489
1166158001	ID:34	RPL: Sending a multicast-DIO with rank 429
1166512038	ID:35	RPL: Sending a multicast-DIO with rank 482
1168142630	ID:33	RPL: Sending a multicast-DIO with rank 341
1171003710	ID:36	RPL: Sending a multicast-DIO with rank 489
1171158001	ID:34	RPL: Sending a multicast-DIO with rank 429
1171512031	ID:35	RPL: Sending a multicast-DIO with rank 482
1173142630	ID:33	RPL: Sending a multicast-DIO with rank 341
1176003710	ID:36	RPL: Sending a multicast-DIO with rank 489
1176158001	ID:34	RPL: Sending a multicast-DIO with rank 429
1176512031	ID:35	RPL: Sending a multicast-DIO with rank 482
1178142630	ID:33	RPL: Sending a multicast-DIO with rank 341
1181003710	ID:36	RPL: Sending a multicast-DIO with rank 489
1181158001	ID:34	RPL: Sending a multicast-DIO with rank 429
1181512031	ID:35	RPL: Sending a multicast-DIO with rank 482
1183142630	ID:33	RPL: Sending a multicast-DIO with rank 341
1186003710	ID:36	RPL: Sending a multicast-DIO with rank 489
1186158001	ID:34	RPL: Sending a multicast-DIO with rank 429
1186512031	ID:35	RPL: Sending a multicast-DIO with rank 482
1188142630	ID:33	RPL: Sending a multicast-DIO with rank 341
1191003710	ID:36	RPL: Sending a multicast-DIO with rank 489
1191158001	ID:34	RPL: Sending a multicast-DIO with rank 429
1191512031	ID:35	RPL: Sending a multicast-DIO with rank 482
1193142630	ID:33	RPL: Sending a multicast-DIO with rank 341
1196003710	ID:36	RPL: Sending a multicast-DIO with rank 489
1196158001	ID:34	RPL: Sending a multicast-DIO with rank 429
1196512031	ID:35	RPL: Sending a multicast-DIO with rank 482
1198142630	ID:33	RPL: Sending a multicast-DIO with rank 341
1201003710	ID:36	RPL: Sending a multicast-DIO with rank 489
1201158006	ID:34	RPL: Sending a multicast-DIO with rank 429
1201512036	ID:35	RPL: Sending a multicast-DIO with rank 482
1202059046	ID:32	RPL: Sending a DIS to fe80::c30c:0:0:3
1203142635	ID:33	RPL: Sending a multicast-DIO with rank 341
1206003715	ID:36	RPL: Sending a multicast-DIO with rank 489
1206158000	ID:34	RPL: Sending a multicast-DIO with rank 429
1206512030	ID:35	RPL: Sending a multicast-DIO with rank 482
1208142629	ID:33	RPL: Sending a multicast-DIO with rank 341
1211003709	ID:36	RPL: Sending a multicast-DIO with rank 489
1211158000	ID:34	RPL: Sending a multicast-DIO with rank 429
1211512030	ID:35	RPL: Sending a multicast-DIO with rank 482
1213142629	ID:33	RPL: Sending a multicast-DIO with rank 341
1216003709	ID:36	RPL: Sending a multicast-DIO with rank 489
1216158000	ID:34	RPL: Sending a multicast-DIO with rank 429
1216512030	ID:35	RPL: Sending a multicast-DIO with rank 482
1218142629	ID:33	RPL: Sending a multicast-DIO with rank 341
1221003709	ID:36	RPL: Sending a multicast-DIO with rank 489
1221158000	ID:34	RPL: Sending a multicast-DIO with rank 429
1221512030	ID:35	RPL: Sending a multicast-DIO with rank 482
1223142629	ID:33	RPL: Sending a multicast-DIO with rank 341
1226003709	ID:36	RPL: Sending a multicast-DIO with rank 489
1226158000	ID:34	RPL: Sending a multicast-DIO with rank 429
1226512030	ID:35	RPL: Sending a multicast-DIO with rank 482
1228142629	ID:33	RPL: Sending a multicast-DIO with rank 341
1231003709	ID:36	RPL: Sending a multicast-DIO with rank 489
1231158000	ID:34	RPL: Sending a multicast-DIO with rank 429
1231512030	ID:35	RPL: Sending a multicast-DIO with rank 482
1233142629	ID:33	RPL: Sending a multicast-DIO with rank 341
1236003709	ID:36	RPL: Sending a multicast-DIO with rank 489
1236158000	ID:34	RPL: Sending a multicast-DIO with rank 429
1236512030	ID:35	RPL: Sending a multicast-DIO with rank 482
1238142629	ID:33	RPL: Sending a multicast-DIO with rank 341
1241003709	ID:36	RPL: Sending a multicast-DIO with rank 489
1241158000	ID:34	RPL: Sending a multicast-DIO with rank 429
1241512030	ID:35	RPL: Sending a multicast-DIO with rank 482
1243142629	ID:33	RPL: Sending a multicast-DIO with rank 341
1246003709	ID:36	RPL: Sending a multicast-DIO with rank 489
1246158000	ID:34	RPL: Sending a multicast-DIO with rank 429
1246512030	ID:35	RPL: Sending a multicast-DIO with rank 482
1248142629	ID:33	RPL: Sending a multicast-DIO with rank 341
1251003709	ID:36	RPL: Sending a multicast-DIO with rank 489
1251158000	ID:34	RPL: Sending a multicast-DIO with rank 429
1251512030	ID:35	RPL: Sending a multicast-DIO with rank 482
1253142629	ID:33	RPL: Sending a multicast-DIO with rank 341
1256003709	ID:36	RPL: Sending a multicast-DIO with rank 489
1256158000	ID:34	RPL: Sending a multicast-DIO with rank 429
1256512030	ID:35	RPL: Sending a multicast-DIO with rank 482
1258142629	ID:33	RPL: Sending a multicast-DIO with rank 341
1261003709	ID:36	RPL: Sending a multicast-DIO with rank 489
1261158000	ID:34	RPL: Sending a multicast-DIO with rank 429
1261512030	ID:35	RPL: Sending a multicast-DIO with rank 482
1262059040	ID:32	RPL: Sending a DIS to fe80::c30c:0:0:3
1263142629	ID:33	RPL: Sending a multicast-DIO with rank 341
1266003709	ID:36	RPL: Sending a multicast-DIO with rank 489
1266158000	ID:34	RPL: Sending a multicast-DIO with rank 429
1266512030	ID:35	RPL: Sending a multicast-DIO with rank 482
1268142629	ID:33	RPL: Sending a multicast-DIO with rank 341
1271003709	ID:36	RPL: Sending a multicast-DIO with rank 489
1271158000	ID:34	RPL: Sending a multicast-DIO with rank 429
1271512030	ID:35	RPL: Sending a multicast-DIO with rank 482
1273142629	ID:33	RPL: Sending a multicast-DIO with rank 341
1276003709	ID:36	RPL: Sending a multicast-DIO with rank 489
1276158000	ID:34	RPL: Sending a multicast-DIO with rank 429
1276512030	ID:35	RPL: Sending a multicast-DIO with rank 482
1278142629	ID:33	RPL: Sending a multicast-DIO with rank 341
1281003709	ID:36	RPL: Sending a multicast-DIO with rank 489
1281158000	ID:34	RPL: Sending a multicast-DIO with rank 429
1281512030	ID:35	RPL: Sending a multicast-DIO with rank 482
1283142629	ID:33	RPL: Sending a multicast-DIO with rank 341
1286003709	ID:36	RPL: Sending a multicast-DIO with rank 489
1286158000	ID:34	RPL: Sending a multicast-DIO with rank 429
1286512030	ID:35	RPL: Sending a multicast-DIO with rank 482
1288142629	ID:33	RPL: Sending a multicast-DIO with rank 341
1291003716	ID:36	RPL: Sending a multicast-DIO with rank 489
1291158000	ID:34	RPL: Sending a multicast-DIO with rank 429
1291512030	ID:35	RPL: Sending a multicast-DIO with rank 482
1293142629	ID:33	RPL: Sending a multicast-DIO with rank 341
1296003709	ID:36	RPL: Sending a multicast-DIO with rank 489
1296158000	ID:34	RPL: Sending a multicast-DIO with rank 429
1296512030	ID:35	RPL: Sending a multicast-DIO with rank 482
1298142629	ID:33	RPL: Sending a multicast-DIO with rank 341
1301003709	ID:36	RPL: Sending a multicast-DIO with rank 489
1301158000	ID:34	RPL: Sending a multicast-DIO with rank 429
1301512030	ID:35	RPL: Sending a multicast-DIO with rank 482
1303142629	ID:33	RPL: Sending a multicast-DIO with rank 341
1306003709	ID:36	RPL: Sending a multicast-DIO with rank 489
1306158000	ID:34	RPL: Sending a multicast-DIO with rank 429
1306512030	ID:35	RPL: Sending a multicast-DIO with rank 482
1308142629	ID:33	RPL: Sending a multicast-DIO with rank 341
1311003709	ID:36	RPL: Sending a multicast-DIO with rank 489
1311158000	ID:34	RPL: Sending a multicast-DIO with rank 429
1311512030	ID:35	RPL: Sending a multicast-DIO with rank 482
1313142629	ID:33	RPL: Sending a multicast-DIO with rank 341
1316003709	ID:36	RPL: Sending a multicast-DIO with rank 489
1316158000	ID:34	RPL: Sending a multicast-DIO with rank 429
1316512030	ID:35	RPL: Sending a multicast-DIO with rank 482
1318142629	ID:33	RPL: Sending a multicast-DIO with rank 341
1321003709	ID:36	RPL: Sending a multicast-DIO with rank 489
1321158000	ID:34	RPL: Sending a multicast-DIO with rank 429
1321512030	ID:35	RPL: Sending a multicast-DIO with rank 482
1322059040	ID:32	RPL: Sending a DIS to fe80::c30c:0:0:3
1323142629	ID:33	RPL: Sending a multicast-DIO with rank 341
1326003709	ID:36	RPL: Sending a multicast-DIO with rank 489
1326158000	ID:34	RPL: Sending a multicast-DIO with rank 429
1326512030	ID:35	RPL: Sending a multicast-DIO with rank 482
1328142629	ID:33	RPL: Sending a multicast-DIO with rank 341
1331003709	ID:36	RPL: Sending a multicast-DIO with rank 489
1331158000	ID:34	RPL: Sending a multicast-DIO with rank 429
1331512030	ID:35	RPL: Sending a multicast-DIO with rank 482
1333142629	ID:33	RPL: Sending a multicast-DIO with rank 341
1336003709	ID:36	RPL: Sending a multicast-DIO with rank 489
1336158000	ID:34	RPL: Sending a multicast-DIO with rank 429
1336512030	ID:35	RPL: Sending a multicast-DIO with rank 482
1338142629	ID:33	RPL: Sending a multicast-DIO with rank 341
1341003709	ID:36	RPL: Sending a multicast-DIO with rank 489
1341158000	ID:34	RPL: Sending a multicast-DIO with rank 429
1341512030	ID:35	RPL: Sending a multicast-DIO with rank 482
1343142629	ID:33	RPL: Sending a multicast-DIO with rank 341
1346003709	ID:36	RPL: Sending a multicast-DIO with rank 489
1346158000	ID:34	RPL: Sending a multicast-DIO with rank 429
1346512030	ID:35	RPL: Sending a multicast-DIO with rank 482
1348142629	ID:33	RPL: Sending a multicast-DIO with rank 341
1351003709	ID:36	RPL: Sending a multicast-DIO with rank 489
1351158000	ID:34	RPL: Sending a multicast-DIO with rank 429
1351512030	ID:35	RPL: Sending a multicast-DIO with rank 482
1353142629	ID:33	RPL: Sending a multicast-DIO with rank 341
1356003709	ID:36	RPL: Sending a multicast-DIO with rank 489
1356158000	ID:34	RPL: Sending a multicast-DIO with rank 429
1356512030	ID:35	RPL: Sending a multicast-DIO with rank 482
1358142629	ID:33	RPL: Sending a multicast-DIO with rank 341
1361003709	ID:36	RPL: Sending a multicast-DIO with rank 489
1361158000	ID:34	RPL: Sending a multicast-DIO with rank 429
1361512030	ID:35	RPL: Sending a multicast-DIO with rank 482
1363142629	ID:33	RPL: Sending a multicast-DIO with rank 341
1366003709	ID:36	RPL: Sending a multicast-DIO with rank 489
1366158000	ID:34	RPL: Sending a multicast-DIO with rank 429
1366512030	ID:35	RPL: Sending a multicast-DIO with rank 482
1368142629	ID:33	RPL: Sending a multicast-DIO with rank 341
1371003709	ID:36	RPL: Sending a multicast-DIO with rank 489
1371158000	ID:34	RPL: Sending a multicast-DIO with rank 429
1371512030	ID:35	RPL: Sending a multicast-DIO with rank 482
1373142629	ID:33	RPL: Sending a multicast-DIO with rank 341
1376003709	ID:36	RPL: Sending a multicast-DIO with rank 489
1376158000	ID:34	RPL: Sending a multicast-DIO with rank 429
1376512030	ID:35	RPL: Sending a multicast-DIO with rank 482
1378142629	ID:33	RPL: Sending a multicast-DIO with rank 341
1381003709	ID:36	RPL: Sending a multicast-DIO with rank 489
1381158000	ID:34	RPL: Sending a multicast-DIO with rank 429
1381512030	ID:35	RPL: Sending a multicast-DIO with rank 482
1382059040	ID:32	RPL: Sending a DIS to fe80::c30c:0:0:3
1383142629	ID:33	RPL: Sending a multicast-DIO with rank 341
1386003709	ID:36	RPL: Sending a multicast-DIO with rank 489
1386158000	ID:34	RPL: Sending a multicast-DIO with rank 429
1386512030	ID:35	RPL: Sending a multicast-DIO with rank 482
1388142629	ID:33	RPL: Sending a multicast-DIO with rank 341
1391003709	ID:36	RPL: Sending a multicast-DIO with rank 489
1391158000	ID:34	RPL: Sending a multicast-DIO with rank 429
1391512030	ID:35	RPL: Sending a multicast-DIO with rank 482
1393142629	ID:33	RPL: Sending a multicast-DIO with rank 341
1396003709	ID:36	RPL: Sending a multicast-DIO with rank 489
1396158000	ID:34	RPL: Sending a multicast-DIO with rank 429
1396512030	ID:35	RPL: Sending a multicast-DIO with rank 482
1398142629	ID:33	RPL: Sending a multicast-DIO with rank 341
1401003709	ID:36	RPL: Sending a multicast-DIO with rank 489
1401158000	ID:34	RPL: Sending a multicast-DIO with rank 429
1401512030	ID:35	RPL: Sending a multicast-DIO with rank 482
1403142629	ID:33	RPL: Sending a multicast-DIO with rank 341
1406003709	ID:36	RPL: Sending a multicast-DIO with rank 489
1406158000	ID:34	RPL: Sending a multicast-DIO with rank 429
1406512030	ID:35	RPL: Sending a multicast-DIO with rank 482
1408142629	ID:33	RPL: Sending a multicast-DIO with rank 341
1411003709	ID:36	RPL: Sending a multicast-DIO with rank 489
1411158000	ID:34	RPL: Sending a multicast-DIO with rank 429
1411512030	ID:35	RPL: Sending a multicast-DIO with rank 482
1413142629	ID:33	RPL: Sending a multicast-DIO with rank 341
1416003709	ID:36	RPL: Sending a multicast-DIO with rank 489
1416158000	ID:34	RPL: Sending a multicast-DIO with rank 429
1416512030	ID:35	RPL: Sending a multicast-DIO with rank 482
1418142629	ID:33	RPL: Sending a multicast-DIO with rank 341
1421003709	ID:36	RPL: Sending a multicast-DIO with rank 489
1421158000	ID:34	RPL: Sending a multicast-DIO with rank 429
1421512030	ID:35	RPL: Sending a multicast-DIO with rank 482
1423142629	ID:33	RPL: Sending a multicast-DIO with rank 341
1426003709	ID:36	RPL: Sending a multicast-DIO with rank 489
1426158000	ID:34	RPL: Sending a multicast-DIO with rank 429
1426512030	ID:35	RPL: Sending a multicast-DIO with rank 482
1428142629	ID:33	RPL: Sending a multicast-DIO with rank 341
1431003709	ID:36	RPL: Sending a multicast-DIO with rank 489
1431158000	ID:34	RPL: Sending a multicast-DIO with rank 429
1431512030	ID:35	RPL: Sending a multicast-DIO with rank 482
1433142636	ID:33	RPL: Sending a multicast-DIO with rank 341
1436003709	ID:36	RPL: Sending a multicast-DIO with rank 489
1436158000	ID:34	RPL: Sending a multicast-DIO with rank 429
1436512030	ID:35	RPL: Sending a multicast-DIO with rank 482
1438142629	ID:33	RPL: Sending a multicast-DIO with rank 341
1441003709	ID:36	RPL: Sending a multicast-DIO with rank 489
1441158000	ID:34	RPL: Sending a multicast-DIO with rank 429
1441512030	ID:35	RPL: Sending a multicast-DIO with rank 482
1442059040	ID:32	RPL: Sending a DIS to fe80::c30c:0:0:3
1443142629	ID:33	RPL: Sending a multicast-DIO with rank 341
1446003709	ID:36	RPL: Sending a multicast-DIO with rank 489
1446158000	ID:34	RPL: Sending a multicast-DIO with rank 429
1446512030	ID:35	RPL: Sending a multicast-DIO with rank 482
1448142629	ID:33	RPL: Sending a multicast-DIO with rank 341
1451003709	ID:36	RPL: Sending a multicast-DIO with rank 489
1451158000	ID:34	RPL: Sending a multicast-DIO with rank 429
1451512030	ID:35	RPL: Sending a multicast-DIO with rank 482
1453142629	ID:33	RPL: Sending a multicast-DIO with rank 341
1456003709	ID:36	RPL: Sending a multicast-DIO with rank 489
1456158000	ID:34	RPL: Sending a multicast-DIO with rank 429
1456512030	ID:35	RPL: Sending a multicast-DIO with rank 482
1458142629	ID:33	RPL: Sending a multicast-DIO with rank 341
1461003709	ID:36	RPL: Sending a multicast-DIO with rank 489
1461158000	ID:34	RPL: Sending a multicast-DIO with rank 429
1461512030	ID:35	RPL: Sending a multicast-DIO with rank 482
1463142629	ID:33	RPL: Sending a multicast-DIO with rank 341
1466003709	ID:36	RPL: Sending a multicast-DIO with rank 489
1466158000	ID:34	RPL: Sending a multicast-DIO with rank 429
1466512030	ID:35	RPL: Sending a multicast-DIO with rank 482
1468142629	ID:33	RPL: Sending a multicast-DIO with rank 341
1471003709	ID:36	RPL: Sending a multicast-DIO with rank 489
1471158007	ID:34	RPL: Sending a multicast-DIO with rank 429
1471512030	ID:35	RPL: Sending a multicast-DIO with rank 482
1473142629	ID:33	RPL: Sending a multicast-DIO with rank 341
1476003709	ID:36	RPL: Sending a multicast-DIO with rank 489
1476158000	ID:34	RPL: Sending a multicast-DIO with rank 429
1476512030	ID:35	RPL: Sending a multicast-DIO with rank 482
1478142629	ID:33	RPL: Sending a multicast-DIO with rank 341
1481003709	ID:36	RPL: Sending a multicast-DIO with rank 489
1481158000	ID:34	RPL: Sending a multicast-DIO with rank 429
1481512030	ID:35	RPL: Sending a multicast-DIO with rank 482
1483142629	ID:33	RPL: Sending a multicast-DIO with rank 341
1486003709	ID:36	RPL: Sending a multicast-DIO with rank 489
1486158000	ID:34	RPL: Sending a multicast-DIO with rank 429
1486512030	ID:35	RPL: Sending a multicast-DIO with rank 482
1488142629	ID:33	RPL: Sending a multicast-DIO with rank 341
1491003709	ID:36	RPL: Sending a multicast-DIO with rank 489
1491158000	ID:34	RPL: Sending a multicast-DIO with rank 429
1491512030	ID:35	RPL: Sending a multicast-DIO with rank 482
1493142629	ID:33	RPL: Sending a multicast-DIO with rank 341
1496003709	ID:36	RPL: Sending a multicast-DIO with rank 489
1496158000	ID:34	RPL: Sending a multicast-DIO with rank 429
1496512030	ID:35	RPL: Sending a multicast-DIO with rank 482
1498142629	ID:33	RPL: Sending a multicast-DIO with rank 341
1501003709	ID:36	RPL: Sending a multicast-DIO with rank 489
1501158000	ID:34	RPL: Sending a multicast-DIO with rank 429
1501512030	ID:35	RPL: Sending a multicast-DIO with rank 482
1502059040	ID:32	RPL: Sending a DIS to fe80::c30c:0:0:3
1503142629	ID:33	RPL: Sending a multicast-DIO with rank 341
1506003709	ID:36	RPL: Sending a multicast-DIO with rank 489
1506158000	ID:34	RPL: Sending a multicast-DIO with rank 429
1506512030	ID:35	RPL: Sending a multicast-DIO with rank 482
1508142629	ID:33	RPL: Sending a multicast-DIO with rank 341
1511003709	ID:36	RPL: Sending a multicast-DIO with rank 489
1511158000	ID:34	RPL: Sending a multicast-DIO with rank 429
1511512030	ID:35	RPL: Sending a multicast-DIO with rank 482
1513142629	ID:33	RPL: Sending a multicast-DIO with rank 341
1516003709	ID:36	RPL: Sending a multicast-DIO with rank 489
1516158000	ID:34	RPL: Sending a multicast-DIO with rank 429
1516512030	ID:35	RPL: Sending a multicast-DIO with rank 482
1518142629	ID:33	RPL: Sending a multicast-DIO with rank 341
1521003709	ID:36	RPL: Sending a multicast-DIO with rank 489
1521158000	ID:34	RPL: Sending a multicast-DIO with rank 429
1521512030	ID:35	RPL: Sending a multicast-DIO with rank 482
1523142629	ID:33	RPL: Sending a multicast-DIO with rank 341
1526003709	ID:36	RPL: Sending a multicast-DIO with rank 489
1526158000	ID:34	RPL: Sending a multicast-DIO with rank 429
1526512030	ID:35	RPL: Sending a multicast-DIO with rank 482
1528142629	ID:33	RPL: Sending a multicast-DIO with rank 341
1531003709	ID:36	RPL: Sending a multicast-DIO with rank 489
1531158000	ID:34	RPL: Sending a multicast-DIO with rank 429
1531512030	ID:35	RPL: Sending a multicast-DIO with rank 482
1533142629	ID:33	RPL: Sending a multicast-DIO with rank 341
1536003709	ID:36	RPL: Sending a multicast-DIO with rank 489
1536158000	ID:34	RPL: Sending a multicast-DIO with rank 429
1536512030	ID:35	RPL: Sending a multicast-DIO with rank 482
1538142629	ID:33	RPL: Sending a multicast-DIO with rank 341
1541003709	ID:36	RPL: Sending a multicast-DIO with rank 489
1541158000	ID:34	RPL: Sending a multicast-DIO with rank 429
1541512030	ID:35	RPL: Sending a multicast-DIO with rank 482
1543142629	ID:33	RPL: Sending a multicast-DIO with rank 341
1546003709	ID:36	RPL: Sending a multicast-DIO with rank 489
1546158000	ID:34	RPL: Sending a multicast-DIO with rank 429
1546512030	ID:35	RPL: Sending a multicast-DIO with rank 482
1548142629	ID:33	RPL: Sending a multicast-DIO with rank 341
1551003709	ID:36	RPL: Sending a multicast-DIO with rank 489
1551158000	ID:34	RPL: Sending a multicast-DIO with rank 429
1551512030	ID:35	RPL: Sending a multicast-DIO with rank 482
1553142629	ID:33	RPL: Sending a multicast-DIO with rank 341
1556003709	ID:36	RPL: Sending a multicast-DIO with rank 489
1556158000	ID:34	RPL: Sending a multicast-DIO with rank 429
1556512030	ID:35	RPL: Sending a multicast-DIO with rank 482
1558142629	ID:33	RPL: Sending a multicast-DIO with rank 341
1561003709	ID:36	RPL: Sending a multicast-DIO with rank 489
1561158000	ID:34	RPL: Sending a multicast-DIO with rank 429
1561512030	ID:35	RPL: Sending a multicast-DIO with rank 482
1562059607	ID:32	RPL: Sending a DIS to fe80::c30c:0:0:3
1563142629	ID:33	RPL: Sending a multicast-DIO with rank 341
1566003709	ID:36	RPL: Sending a multicast-DIO with rank 489
1566158000	ID:34	RPL: Sending a multicast-DIO with rank 429
1566512030	ID:35	RPL: Sending a multicast-DIO with rank 482
1568142629	ID:33	RPL: Sending a multicast-DIO with rank 341
1571003709	ID:36	RPL: Sending a multicast-DIO with rank 489
1571158000	ID:34	RPL: Sending a multicast-DIO with rank 429
1571512030	ID:35	RPL: Sending a multicast-DIO with rank 482
1573142629	ID:33	RPL: Sending a multicast-DIO with rank 341
1576003709	ID:36	RPL: Sending a multicast-DIO with rank 489
1576158000	ID:34	RPL: Sending a multicast-DIO with rank 429
1576512030	ID:35	RPL: Sending a multicast-DIO with rank 482
1578142629	ID:33	RPL: Sending a multicast-DIO with rank 341
1581003709	ID:36	RPL: Sending a multicast-DIO with rank 489
1581158000	ID:34	RPL: Sending a multicast-DIO with rank 429
1581512030	ID:35	RPL: Sending a multicast-DIO with rank 482
1583142629	ID:33	RPL: Sending a multicast-DIO with rank 341
1586003709	ID:36	RPL: Sending a multicast-DIO with rank 489
1586158000	ID:34	RPL: Sending a multicast-DIO with rank 429
1586512030	ID:35	RPL: Sending a multicast-DIO with rank 482
1588142629	ID:33	RPL: Sending a multicast-DIO with rank 341
1591003709	ID:36	RPL: Sending a multicast-DIO with rank 489
1591158000	ID:34	RPL: Sending a multicast-DIO with rank 429
1591512037	ID:35	RPL: Sending a multicast-DIO with rank 482
1593142629	ID:33	RPL: Sending a multicast-DIO with rank 341
1596003709	ID:36	RPL: Sending a multicast-DIO with rank 489
1596158000	ID:34	RPL: Sending a multicast-DIO with rank 429
1596512030	ID:35	RPL: Sending a multicast-DIO with rank 482
1598142629	ID:33	RPL: Sending a multicast-DIO with rank 341
1601003709	ID:36	RPL: Sending a multicast-DIO with rank 489
1601158000	ID:34	RPL: Sending a multicast-DIO with rank 429
1601512030	ID:35	RPL: Sending a multicast-DIO with rank 482
1603142629	ID:33	RPL: Sending a multicast-DIO with rank 341
1606003709	ID:36	RPL: Sending a multicast-DIO with rank 489
1606158000	ID:34	RPL: Sending a multicast-DIO with rank 429
1606512030	ID:35	RPL: Sending a multicast-DIO with rank 482
1608142629	ID:33	RPL: Sending a multicast-DIO with rank 341
1611003709	ID:36	RPL: Sending a multicast-DIO with rank 489
1611158000	ID:34	RPL: Sending a multicast-DIO with rank 429
1611512030	ID:35	RPL: Sending a multicast-DIO with rank 482
1613142629	ID:33	RPL: Sending a multicast-DIO with rank 341
1616003709	ID:36	RPL: Sending a multicast-DIO with rank 489
1616158000	ID:34	RPL: Sending a multicast-DIO with rank 429
1616512030	ID:35	RPL: Sending a multicast-DIO with rank 482
1618142629	ID:33	RPL: Sending a multicast-DIO with rank 341
1621003709	ID:36	RPL: Sending a multicast-DIO with rank 489
1621158000	ID:34	RPL: Sending a multicast-DIO with rank 429
1621512030	ID:35	RPL: Sending a multicast-DIO with rank 482
1622059040	ID:32	RPL: Sending a DIS to fe80::c30c:0:0:3
1623142629	ID:33	RPL: Sending a multicast-DIO with rank 341
1626003709	ID:36	RPL: Sending a multicast-DIO with rank 489
1626158000	ID:34	RPL: Sending a multicast-DIO with rank 429
1626512030	ID:35	RPL: Sending a multicast-DIO with rank 482
1628142629	ID:33	RPL: Sending a multicast-DIO with rank 341
1631003709	ID:36	RPL: Sending a multicast-DIO with rank 489
1631158000	ID:34	RPL: Sending a multicast-DIO with rank 429
1631512030	ID:35	RPL: Sending a multicast-DIO with rank 482
1633142629	ID:33	RPL: Sending a multicast-DIO with rank 341
1636003709	ID:36	RPL: Sending a multicast-DIO with rank 489
1636158000	ID:34	RPL: Sending a multicast-DIO with rank 429
1636512030	ID:35	RPL: Sending a multicast-DIO with rank 482
1638142629	ID:33	RPL: Sending a multicast-DIO with rank 341
1641003709	ID:36	RPL: Sending a multicast-DIO with rank 489
1641158000	ID:34	RPL: Sending a multicast-DIO with rank 429
1641512030	ID:35	RPL: Sending a multicast-DIO with rank 482
1643142629	ID:33	RPL: Sending a multicast-DIO with rank 341
1646003709	ID:36	RPL: Sending a multicast-DIO with rank 489
1646158000	ID:34	RPL: Sending a multicast-DIO with rank 429
1646512030	ID:35	RPL: Sending a multicast-DIO with rank 482
1648142629	ID:33	RPL: Sending a multicast-DIO with rank 341
1651003709	ID:36	RPL: Sending a multicast-DIO with rank 489
1651158000	ID:34	RPL: Sending a multicast-DIO with rank 429
1651512030	ID:35	RPL: Sending a multicast-DIO with rank 482
1653142629	ID:33	RPL: Sending a multicast-DIO with rank 341
1656003709	ID:36	RPL: Sending a multicast-DIO with rank 489
1656158000	ID:34	RPL: Sending a multicast-DIO with rank 429
1656512030	ID:35	RPL: Sending a multicast-DIO with rank 482
1658142629	ID:33	RPL: Sending a multicast-DIO with rank 341
1661003709	ID:36	RPL: Sending a multicast-DIO with rank 489
1661158000	ID:34	RPL: Sending a multicast-DIO with rank 429
1661512030	ID:35	RPL: Sending a multicast-DIO with rank 482
1663142629	ID:33	RPL: Sending a multicast-DIO with rank 341
1666003709	ID:36	RPL: Sending a multicast-DIO with rank 489
1666158000	ID:34	RPL: Sending a multicast-DIO with rank 429
1666512030	ID:35	RPL: Sending a multicast-DIO with rank 482
1668142629	ID:33	RPL: Sending a multicast-DIO with rank 341
1671003709	ID:36	RPL: Sending a multicast-DIO with rank 489
1671158000	ID:34	RPL: Sending a multicast-DIO with rank 429
1671512030	ID:35	RPL: Sending a multicast-DIO with rank 482
1673142629	ID:33	RPL: Sending a multicast-DIO with rank 341
1676003709	ID:36	RPL: Sending a multicast-DIO with rank 489
1676158000	ID:34	RPL: Sending a multicast-DIO with rank 429
1676512030	ID:35	RPL: Sending a multicast-DIO with rank 482
1678142629	ID:33	RPL: Sending a multicast-DIO with rank 341
1681003709	ID:36	RPL: Sending a multicast-DIO with rank 489
1681158000	ID:34	RPL: Sending a multicast-DIO with rank 429
1681512030	ID:35	RPL: Sending a multicast-DIO with rank 482
1682059040	ID:32	RPL: Sending a DIS to fe80::c30c:0:0:3
1683142629	ID:33	RPL: Sending a multicast-DIO with rank 341
1686003709	ID:36	RPL: Sending a multicast-DIO with rank 489
1686158000	ID:34	RPL: Sending a multicast-DIO with rank 429
1686512030	ID:35	RPL: Sending a multicast-DIO with rank 482
1688142629	ID:33	RPL: Sending a multicast-DIO with rank 341
1691003709	ID:36	RPL: Sending a multicast-DIO with rank 489
1691158000	ID:34	RPL: Sending a multicast-DIO with rank 429
1691512030	ID:35	RPL: Sending a multicast-DIO with rank 482
1693142629	ID:33	RPL: Sending a multicast-DIO with rank 341
1696003709	ID:36	RPL: Sending a multicast-DIO with rank 489
1696158000	ID:34	RPL: Sending a multicast-DIO with rank 429
1696512030	ID:35	RPL: Sending a multicast-DIO with rank 482
1698142629	ID:33	RPL: Sending a multicast-DIO with rank 341
1701003709	ID:36	RPL: Sending a multicast-DIO with rank 489
1701158000	ID:34	RPL: Sending a multicast-DIO with rank 429
1701512030	ID:35	RPL: Sending a multicast-DIO with rank 482
1703142629	ID:33	RPL: Sending a multicast-DIO with rank 341
1706003709	ID:36	RPL: Sending a multicast-DIO with rank 489
1706158000	ID:34	RPL: Sending a multicast-DIO with rank 429
1706512030	ID:35	RPL: Sending a multicast-DIO with rank 482
1708142629	ID:33	RPL: Sending a multicast-DIO with rank 341
1711003709	ID:36	RPL: Sending a multicast-DIO with rank 489
1711158000	ID:34	RPL: Sending a multicast-DIO with rank 429
1711512030	ID:35	RPL: Sending a multicast-DIO with rank 482
1713142629	ID:33	RPL: Sending a multicast-DIO with rank 341
1716003709	ID:36	RPL: Sending a multicast-DIO with rank 489
1716158000	ID:34	RPL: Sending a multicast-DIO with rank 429
1716512030	ID:35	RPL: Sending a multicast-DIO with rank 482
1718142629	ID:33	RPL: Sending a multicast-DIO with rank 341
1721003709	ID:36	RPL: Sending a multicast-DIO with rank 489
1721158000	ID:34	RPL: Sending a multicast-DIO with rank 429
1721512030	ID:35	RPL: Sending a multicast-DIO with rank 482
1723142629	ID:33	RPL: Sending a multicast-DIO with rank 341
1726003709	ID:36	RPL: Sending a multicast-DIO with rank 489
1726158000	ID:34	RPL: Sending a multicast-DIO with rank 429
1726512030	ID:35	RPL: Sending a multicast-DIO with rank 482
1728142629	ID:33	RPL: Sending a multicast-DIO with rank 341
1731003709	ID:36	RPL: Sending a multicast-DIO with rank 489
1731158000	ID:34	RPL: Sending a multicast-DIO with rank 429
1731512030	ID:35	RPL: Sending a multicast-DIO with rank 482
1733142629	ID:33	RPL: Sending a multicast-DIO with rank 341
1736003709	ID:36	RPL: Sending a multicast-DIO with rank 489
1736158000	ID:34	RPL: Sending a multicast-DIO with rank 429
1736512030	ID:35	RPL: Sending a multicast-DIO with rank 482
1738142636	ID:33	RPL: Sending a multicast-DIO with rank 341
1741003716	ID:36	RPL: Sending a multicast-DIO with rank 489
1741158000	ID:34	RPL: Sending a multicast-DIO with rank 429
1741512030	ID:35	RPL: Sending a multicast-DIO with rank 482
1742059040	ID:32	RPL: Sending a DIS to fe80::c30c:0:0:3
1743142629	ID:33	RPL: Sending a multicast-DIO with rank 341
1746003709	ID:36	RPL: Sending a multicast-DIO with rank 489
1746158000	ID:34	RPL: Sending a multicast-DIO with rank 429
1746512030	ID:35	RPL: Sending a multicast-DIO with rank 482
1748142629	ID:33	RPL: Sending a multicast-DIO with rank 341
1751003709	ID:36	RPL: Sending a multicast-DIO with rank 489
1751158000	ID:34	RPL: Sending a multicast-DIO with rank 429
1751512030	ID:35	RPL: Sending a multicast-DIO with rank 482
1753142629	ID:33	RPL: Sending a multicast-DIO with rank 341
1756003709	ID:36	RPL: Sending a multicast-DIO with rank 489
1756158000	ID:34	RPL: Sending a multicast-DIO with rank 429
1756512030	ID:35	RPL: Sending a multicast-DIO with rank 482
1758142629	ID:33	RPL: Sending a multicast-DIO with rank 341
1761003709	ID:36	RPL: Sending a multicast-DIO with rank 489
1761158000	ID:34	RPL: Sending a multicast-DIO with rank 429
1761512030	ID:35	RPL: Sending a multicast-DIO with rank 482
1763142629	ID:33	RPL: Sending a multicast-DIO with rank 341
1766003709	ID:36	RPL: Sending a multicast-DIO with rank 489
1766158000	ID:34	RPL: Sending a multicast-DIO with rank 429
1766512030	ID:35	RPL: Sending a multicast-DIO with rank 482
1768142629	ID:33	RPL: Sending a multicast-DIO with rank 341
1771003709	ID:36	RPL: Sending a multicast-DIO with rank 489
1771158000	ID:34	RPL: Sending a multicast-DIO with rank 429
1771512030	ID:35	RPL: Sending a multicast-DIO with rank 482
1773142629	ID:33	RPL: Sending a multicast-DIO with rank 341
1776003709	ID:36	RPL: Sending a multicast-DIO with rank 489
1776158000	ID:34	RPL: Sending a multicast-DIO with rank 429
1776512030	ID:35	RPL: Sending a multicast-DIO with rank 482
1778142629	ID:33	RPL: Sending a multicast-DIO with rank 341
1781003709	ID:36	RPL: Sending a multicast-DIO with rank 489
1781158000	ID:34	RPL: Sending a multicast-DIO with rank 429
1781512030	ID:35	RPL: Sending a multicast-DIO with rank 482
1783142629	ID:33	RPL: Sending a multicast-DIO with rank 341
1786003709	ID:36	RPL: Sending a multicast-DIO with rank 489
1786158000	ID:34	RPL: Sending a multicast-DIO with rank 429
1786512030	ID:35	RPL: Sending a multicast-DIO with rank 482
1788142629	ID:33	RPL: Sending a multicast-DIO with rank 341
1791003709	ID:36	RPL: Sending a multicast-DIO with rank 489
1791158007	ID:34	RPL: Sending a multicast-DIO with rank 429
1791512030	ID:35	RPL: Sending a multicast-DIO with rank 482
1793142629	ID:33	RPL: Sending a multicast-DIO with rank 341
1796003709	ID:36	RPL: Sending a multicast-DIO with rank 489
1796158000	ID:34	RPL: Sending a multicast-DIO with rank 429
1796512030	ID:35	RPL: Sending a multicast-DIO with rank 482
1798142629	ID:33	RPL: Sending a multicast-DIO with rank 341
