Generated Packets 2 | ReceivedPackets 1
TL = 207480 |  AE2ED = 0.20748 |  PDR = 0.5
Generated Packets 2 | ReceivedPackets 2
TL = 2757493 |  AE2ED = 1.3787465 |  PDR = 1
Generated Packets 4 | ReceivedPackets 3
TL = 2986575 |  AE2ED = 0.995525 |  PDR = 0.75
Generated Packets 4 | ReceivedPackets 4
TL = 4089031 |  AE2ED = 1.02225775 |  PDR = 1
Generated Packets 6 | ReceivedPackets 5
TL = 4393281 |  AE2ED = 0.8786562 |  PDR = 0.8333333333333334
Generated Packets 10 | ReceivedPackets 6
TL = 4825568 |  AE2ED = 0.8042613333333334 |  PDR = 0.6
Generated Packets 11 | ReceivedPackets 7
TL = 4978802 |  AE2ED = 0.7112574285714285 |  PDR = 0.6363636363636364
Generated Packets 12 | ReceivedPackets 8
TL = 5092812 |  AE2ED = 0.6366015 |  PDR = 0.6666666666666666
Generated Packets 13 | ReceivedPackets 9
TL = 5789727 |  AE2ED = 0.643303 |  PDR = 0.6923076923076923
Generated Packets 18 | ReceivedPackets 10
TL = 7010864 |  AE2ED = 0.7010864 |  PDR = 0.5555555555555556
Generated Packets 18 | ReceivedPackets 11
TL = 7730892 |  AE2ED = 0.7028083636363637 |  PDR = 0.6111111111111112
Generated Packets 22 | ReceivedPackets 12
TL = 7836682 |  AE2ED = 0.6530568333333334 |  PDR = 0.5454545454545454
Generated Packets 27 | ReceivedPackets 13
TL = 8007730 |  AE2ED = 0.6159792307692308 |  PDR = 0.48148148148148145
Generated Packets 28 | ReceivedPackets 14
TL = 8138484 |  AE2ED = 0.5813202857142857 |  PDR = 0.5
Generated Packets 30 | ReceivedPackets 15
TL = 8406060 |  AE2ED = 0.560404 |  PDR = 0.5
Generated Packets 33 | ReceivedPackets 16
TL = 8430681 |  AE2ED = 0.5269175625 |  PDR = 0.48484848484848486
Generated Packets 46 | ReceivedPackets 17
TL = 8516868 |  AE2ED = 0.5009922352941176 |  PDR = 0.3695652173913043
Generated Packets 48 | ReceivedPackets 18
TL = 8713308 |  AE2ED = 0.4840726666666667 |  PDR = 0.375
Generated Packets 57 | ReceivedPackets 19
TL = 8835079 |  AE2ED = 0.46500415789473687 |  PDR = 0.3333333333333333
Generated Packets 64 | ReceivedPackets 20
TL = 9214108 |  AE2ED = 0.46070540000000004 |  PDR = 0.3125
Generated Packets 66 | ReceivedPackets 21
TL = 9238682 |  AE2ED = 0.4399372380952381 |  PDR = 0.3181818181818182
Generated Packets 83 | ReceivedPackets 22
TL = 9377446 |  AE2ED = 0.42624754545454546 |  PDR = 0.26506024096385544
Generated Packets 85 | ReceivedPackets 23
TL = 9495692 |  AE2ED = 0.41285617391304347 |  PDR = 0.27058823529411763
Generated Packets 104 | ReceivedPackets 24
TL = 9640412 |  AE2ED = 0.4016838333333333 |  PDR = 0.23076923076923078
Generated Packets 106 | ReceivedPackets 25
TL = 9972746 |  AE2ED = 0.39890984 |  PDR = 0.2358490566037736
Generated Packets 107 | ReceivedPackets 26
TL = 10154441 |  AE2ED = 0.39055542307692304 |  PDR = 0.24299065420560748
Generated Packets 112 | ReceivedPackets 27
TL = 10179853 |  AE2ED = 0.37703159259259256 |  PDR = 0.24107142857142858
Generated Packets 126 | ReceivedPackets 28
TL = 10271174 |  AE2ED = 0.36682764285714287 |  PDR = 0.2222222222222222
Generated Packets 133 | ReceivedPackets 29
TL = 10369792 |  AE2ED = 0.35757903448275863 |  PDR = 0.21804511278195488
Generated Packets 137 | ReceivedPackets 30
TL = 10394295 |  AE2ED = 0.3464765 |  PDR = 0.21897810218978103
Generated Packets 142 | ReceivedPackets 31
TL = 10496307 |  AE2ED = 0.3385905483870968 |  PDR = 0.21830985915492956
Generated Packets 160 | ReceivedPackets 32
TL = 10558766 |  AE2ED = 0.3299614375 |  PDR = 0.2
Generated Packets 168 | ReceivedPackets 33
TL = 10583369 |  AE2ED = 0.3207081515151515 |  PDR = 0.19642857142857142
Generated Packets 170 | ReceivedPackets 34
TL = 10704304 |  AE2ED = 0.3148324705882353 |  PDR = 0.2
Generated Packets 172 | ReceivedPackets 35
TL = 10779841 |  AE2ED = 0.30799545714285714 |  PDR = 0.20348837209302326
Generated Packets 181 | ReceivedPackets 36
TL = 10804352 |  AE2ED = 0.3001208888888889 |  PDR = 0.19889502762430938
Generated Packets 189 | ReceivedPackets 37
TL = 10860297 |  AE2ED = 0.2935215405405405 |  PDR = 0.19576719576719576
Generated Packets 198 | ReceivedPackets 38
TL = 11020578 |  AE2ED = 0.2900152105263158 |  PDR = 0.1919191919191919
Generated Packets 202 | ReceivedPackets 39
TL = 11181481 |  AE2ED = 0.286704641025641 |  PDR = 0.19306930693069307
Generated Packets 213 | ReceivedPackets 40
TL = 11267110 |  AE2ED = 0.28167775 |  PDR = 0.18779342723004694
Generated Packets 221 | ReceivedPackets 41
TL = 11431263 |  AE2ED = 0.2788112926829268 |  PDR = 0.18552036199095023
Generated Packets 225 | ReceivedPackets 42
TL = 11455766 |  AE2ED = 0.2727563333333333 |  PDR = 0.18666666666666668
Generated Packets 227 | ReceivedPackets 43
TL = 11609509 |  AE2ED = 0.2699885813953488 |  PDR = 0.1894273127753304
Generated Packets 241 | ReceivedPackets 44
TL = 12645990 |  AE2ED = 0.28740886363636364 |  PDR = 0.1825726141078838
Generated Packets 251 | ReceivedPackets 45
TL = 12704524 |  AE2ED = 0.2823227555555556 |  PDR = 0.17928286852589642
Generated Packets 256 | ReceivedPackets 46
TL = 12729932 |  AE2ED = 0.27673765217391305 |  PDR = 0.1796875
Generated Packets 270 | ReceivedPackets 47
TL = 12875638 |  AE2ED = 0.27394974468085104 |  PDR = 0.17407407407407408
Generated Packets 274 | ReceivedPackets 48
TL = 12900417 |  AE2ED = 0.2687586875 |  PDR = 0.17518248175182483
Generated Packets 287 | ReceivedPackets 49
TL = 12982625 |  AE2ED = 0.2649515306122449 |  PDR = 0.17073170731707318
Generated Packets 292 | ReceivedPackets 50
TL = 13257549 |  AE2ED = 0.26515098 |  PDR = 0.17123287671232876
Generated Packets 300 | ReceivedPackets 51
TL = 13310476 |  AE2ED = 0.2609897254901961 |  PDR = 0.17
Generated Packets 312 | ReceivedPackets 52
TL = 13335292 |  AE2ED = 0.25644792307692305 |  PDR = 0.16666666666666666
Generated Packets 320 | ReceivedPackets 53
TL = 13474225 |  AE2ED = 0.2542306603773585 |  PDR = 0.165625
Generated Packets 322 | ReceivedPackets 54
TL = 13553978 |  AE2ED = 0.2509995925925926 |  PDR = 0.16770186335403728
Generated Packets 324 | ReceivedPackets 55
TL = 13630193 |  AE2ED = 0.24782169090909092 |  PDR = 0.1697530864197531
Generated Packets 332 | ReceivedPackets 56
TL = 13763154 |  AE2ED = 0.24577060714285712 |  PDR = 0.1686746987951807
Generated Packets 336 | ReceivedPackets 57
TL = 13926280 |  AE2ED = 0.24432070175438594 |  PDR = 0.16964285714285715
Generated Packets 347 | ReceivedPackets 58
TL = 13951020 |  AE2ED = 0.2405348275862069 |  PDR = 0.16714697406340057
Generated Packets 355 | ReceivedPackets 59
TL = 14033764 |  AE2ED = 0.23786040677966103 |  PDR = 0.16619718309859155
Generated Packets 375 | ReceivedPackets 60
TL = 14058516 |  AE2ED = 0.2343086 |  PDR = 0.16
Generated Packets 384 | ReceivedPackets 61
TL = 14220860 |  AE2ED = 0.2331288524590164 |  PDR = 0.15885416666666666
Generated Packets 386 | ReceivedPackets 62
TL = 14359639 |  AE2ED = 0.2316070806451613 |  PDR = 0.16062176165803108
Generated Packets 388 | ReceivedPackets 63
TL = 14452600 |  AE2ED = 0.2294063492063492 |  PDR = 0.16237113402061856
Generated Packets 394 | ReceivedPackets 64
TL = 14477423 |  AE2ED = 0.226209734375 |  PDR = 0.16243654822335024
Generated Packets 404 | ReceivedPackets 65
TL = 14529856 |  AE2ED = 0.22353624615384615 |  PDR = 0.1608910891089109
Generated Packets 411 | ReceivedPackets 66
TL = 14740836 |  AE2ED = 0.223346 |  PDR = 0.16058394160583941
Generated Packets 416 | ReceivedPackets 67
TL = 15058301 |  AE2ED = 0.22475076119402984 |  PDR = 0.16105769230769232
Generated Packets 428 | ReceivedPackets 68
TL = 15104124 |  AE2ED = 0.2221194705882353 |  PDR = 0.1588785046728972
Generated Packets 436 | ReceivedPackets 69
TL = 15249949 |  AE2ED = 0.22101375362318842 |  PDR = 0.15825688073394495
Generated Packets 438 | ReceivedPackets 70
TL = 15274675 |  AE2ED = 0.21820964285714287 |  PDR = 0.1598173515981735
Generated Packets 446 | ReceivedPackets 71
TL = 15415211 |  AE2ED = 0.21711564788732396 |  PDR = 0.1591928251121076
Generated Packets 454 | ReceivedPackets 72
TL = 15474754 |  AE2ED = 0.21492713888888887 |  PDR = 0.15859030837004406
Generated Packets 461 | ReceivedPackets 73
TL = 15683508 |  AE2ED = 0.21484257534246576 |  PDR = 0.15835140997830802
Generated Packets 478 | ReceivedPackets 74
TL = 15833074 |  AE2ED = 0.21396045945945946 |  PDR = 0.15481171548117154
Generated Packets 479 | ReceivedPackets 75
TL = 16830974 |  AE2ED = 0.22441298666666668 |  PDR = 0.15657620041753653
Generated Packets 498 | ReceivedPackets 76
TL = 16855721 |  AE2ED = 0.22178580263157896 |  PDR = 0.15261044176706828
Generated Packets 506 | ReceivedPackets 77
TL = 17021407 |  AE2ED = 0.22105723376623376 |  PDR = 0.15217391304347827
Generated Packets 507 | ReceivedPackets 78
TL = 17074347 |  AE2ED = 0.21890188461538462 |  PDR = 0.15384615384615385
Generated Packets 508 | ReceivedPackets 79
TL = 17120920 |  AE2ED = 0.21672050632911394 |  PDR = 0.15551181102362205
Generated Packets 517 | ReceivedPackets 80
TL = 17203665 |  AE2ED = 0.2150458125 |  PDR = 0.15473887814313347
Generated Packets 523 | ReceivedPackets 81
TL = 17266747 |  AE2ED = 0.21316971604938273 |  PDR = 0.15487571701720843
Generated Packets 531 | ReceivedPackets 82
TL = 17291547 |  AE2ED = 0.2108725243902439 |  PDR = 0.1544256120527307
Generated Packets 538 | ReceivedPackets 83
TL = 17453782 |  AE2ED = 0.21028653012048193 |  PDR = 0.15427509293680297
Generated Packets 551 | ReceivedPackets 84
TL = 17936482 |  AE2ED = 0.21352954761904763 |  PDR = 0.15245009074410162
Generated Packets 559 | ReceivedPackets 85
TL = 18012273 |  AE2ED = 0.21190909411764708 |  PDR = 0.1520572450805009
Generated Packets 561 | ReceivedPackets 86
TL = 18037007 |  AE2ED = 0.20973263953488372 |  PDR = 0.1532976827094474
Generated Packets 569 | ReceivedPackets 87
TL = 18156615 |  AE2ED = 0.20869672413793106 |  PDR = 0.15289982425307558
Generated Packets 573 | ReceivedPackets 88
TL = 18208978 |  AE2ED = 0.20692020454545457 |  PDR = 0.15357766143106458
Generated Packets 584 | ReceivedPackets 89
TL = 18416164 |  AE2ED = 0.20692319101123596 |  PDR = 0.1523972602739726
Generated Packets 594 | ReceivedPackets 90
TL = 18552949 |  AE2ED = 0.2061438777777778 |  PDR = 0.15151515151515152
Generated Packets 597 | ReceivedPackets 91
TL = 18577698 |  AE2ED = 0.20415052747252746 |  PDR = 0.152428810720268
Generated Packets 608 | ReceivedPackets 92
TL = 18810062 |  AE2ED = 0.2044571956521739 |  PDR = 0.1513157894736842
Generated Packets 610 | ReceivedPackets 93
TL = 18902274 |  AE2ED = 0.20325025806451613 |  PDR = 0.15245901639344261
Generated Packets 618 | ReceivedPackets 94
TL = 20048376 |  AE2ED = 0.21328059574468083 |  PDR = 0.15210355987055016
Generated Packets 627 | ReceivedPackets 95
TL = 20563403 |  AE2ED = 0.21645687368421052 |  PDR = 0.15151515151515152
Generated Packets 633 | ReceivedPackets 96
TL = 20739607 |  AE2ED = 0.21603757291666667 |  PDR = 0.15165876777251186
Generated Packets 643 | ReceivedPackets 97
TL = 20764401 |  AE2ED = 0.21406598969072166 |  PDR = 0.15085536547433903
Generated Packets 656 | ReceivedPackets 98
TL = 20937826 |  AE2ED = 0.2136512857142857 |  PDR = 0.14939024390243902
Generated Packets 657 | ReceivedPackets 99
TL = 20983390 |  AE2ED = 0.21195343434343433 |  PDR = 0.1506849315068493
Generated Packets 667 | ReceivedPackets 100
TL = 21065578 |  AE2ED = 0.21065578 |  PDR = 0.14992503748125938
Generated Packets 673 | ReceivedPackets 101
TL = 21090373 |  AE2ED = 0.20881557425742572 |  PDR = 0.150074294205052
Generated Packets 686 | ReceivedPackets 102
TL = 21213037 |  AE2ED = 0.20797095098039217 |  PDR = 0.14868804664723032
Generated Packets 688 | ReceivedPackets 103
TL = 21345981 |  AE2ED = 0.2072425339805825 |  PDR = 0.14970930232558138
Generated Packets 705 | ReceivedPackets 104
TL = 22480959 |  AE2ED = 0.2161630673076923 |  PDR = 0.1475177304964539
Generated Packets 708 | ReceivedPackets 105
TL = 22573910 |  AE2ED = 0.21498961904761904 |  PDR = 0.1483050847457627
Generated Packets 714 | ReceivedPackets 106
TL = 22839015 |  AE2ED = 0.21546240566037736 |  PDR = 0.1484593837535014
Generated Packets 718 | ReceivedPackets 107
TL = 22967793 |  AE2ED = 0.21465227102803738 |  PDR = 0.149025069637883
Generated Packets 721 | ReceivedPackets 108
TL = 22992550 |  AE2ED = 0.21289398148148148 |  PDR = 0.14979195561719832
Generated Packets 724 | ReceivedPackets 109
TL = 23089372 |  AE2ED = 0.2118291009174312 |  PDR = 0.1505524861878453
Generated Packets 727 | ReceivedPackets 110
TL = 23215573 |  AE2ED = 0.21105066363636363 |  PDR = 0.15130674002751032
Generated Packets 731 | ReceivedPackets 111
TL = 23291228 |  AE2ED = 0.20983088288288287 |  PDR = 0.1518467852257182
Generated Packets 762 | ReceivedPackets 112
TL = 23315961 |  AE2ED = 0.20817822321428572 |  PDR = 0.14698162729658792
Generated Packets 766 | ReceivedPackets 113
TL = 23486691 |  AE2ED = 0.20784682300884955 |  PDR = 0.1475195822454308
Generated Packets 768 | ReceivedPackets 114
TL = 24241960 |  AE2ED = 0.21264877192982454 |  PDR = 0.1484375
Generated Packets 777 | ReceivedPackets 115
TL = 24324691 |  AE2ED = 0.21151905217391304 |  PDR = 0.148005148005148
Generated Packets 793 | ReceivedPackets 116
TL = 24416013 |  AE2ED = 0.21048287068965515 |  PDR = 0.14627994955863807
Generated Packets 798 | ReceivedPackets 117
TL = 24655653 |  AE2ED = 0.21073207692307694 |  PDR = 0.14661654135338345
Generated Packets 799 | ReceivedPackets 118
TL = 24771304 |  AE2ED = 0.20992630508474575 |  PDR = 0.1476846057571965
Generated Packets 800 | ReceivedPackets 119
TL = 24874351 |  AE2ED = 0.20902815966386554 |  PDR = 0.14875
Generated Packets 814 | ReceivedPackets 120
TL = 25013101 |  AE2ED = 0.20844250833333333 |  PDR = 0.14742014742014742
Generated Packets 819 | ReceivedPackets 121
TL = 25149983 |  AE2ED = 0.20785109917355374 |  PDR = 0.14774114774114774
Generated Packets 826 | ReceivedPackets 122
TL = 25229736 |  AE2ED = 0.20680111475409835 |  PDR = 0.14769975786924938
Generated Packets 840 | ReceivedPackets 123
TL = 25390228 |  AE2ED = 0.20642461788617886 |  PDR = 0.14642857142857144
Generated Packets 844 | ReceivedPackets 124
TL = 25414985 |  AE2ED = 0.2049595564516129 |  PDR = 0.14691943127962084
Generated Packets 851 | ReceivedPackets 125
TL = 25507138 |  AE2ED = 0.204057104 |  PDR = 0.14688601645123384
Generated Packets 852 | ReceivedPackets 126
TL = 25637732 |  AE2ED = 0.20347406349206348 |  PDR = 0.14788732394366197
Generated Packets 864 | ReceivedPackets 127
TL = 25782977 |  AE2ED = 0.20301556692913386 |  PDR = 0.14699074074074073
Script timed out
Performance Calculation
Generated Packets 869 | ReceivedPackets 127
TL = 25782977 |  AE2ED = 0.20301556692913386 |  PDR = 0.14614499424626007
