30340678	ID:33	RPL: Sending a DIS to fe80::c30c:0:0:2
30693783	ID:32	RPL: Sending a DIS to fe80::c30c:0:0:3
30699469	ID:34	RPL: Sending a DIS to fe80::c30c:0:0:6
30762968	ID:36	RPL: Sending a DIS to fe80::c30c:0:0:8
31039160	ID:35	RPL: Sending a DIS to fe80::c30c:0:0:7
32860971	ID:32	RPL: Received a DIO from fe80::c30c:0:0:3
32864740	ID:32	RPL: Incoming DIO (id, ver, rank) = (30,240,299)
32869239	ID:32	RPL: Incoming DIO (dag_id, pref) = (fd00::ff:fe00:1, 0)
32871465	ID:32	RPL: DIO option 4, length: 14
32877378	ID:32	RPL: DAG conf:dbl=8, min=12 red=3 maxinc=896 mininc=128 ocp=1 d_l=10 l_u=60
32879604	ID:32	RPL: DIO option 8, length: 30
32881873	ID:32	RPL: Copying prefix information
32889626	ID:32	RPL: Neighbor added to neighbor cache fe80::c30c:0:0:3, c1:0c:00:00:00:00:00:03
34927497	ID:36	RPL: Received a DIO from fe80::c30c:0:0:8
34931270	ID:36	RPL: Incoming DIO (id, ver, rank) = (30,240,487)
34935768	ID:36	RPL: Incoming DIO (dag_id, pref) = (fd00::ff:fe00:1, 0)
34938012	ID:36	RPL: DIO option 4, length: 14
34943919	ID:36	RPL: DAG conf:dbl=8, min=12 red=3 maxinc=896 mininc=128 ocp=1 d_l=10 l_u=60
34946146	ID:36	RPL: DIO option 8, length: 30
34948414	ID:36	RPL: Copying prefix information
34957160	ID:36	RPL: Neighbor added to neighbor cache fe80::c30c:0:0:8, c1:0c:00:00:00:00:00:08
36380971	ID:33	RPL: Received a DIO from fe80::c30c:0:0:2
36384740	ID:33	RPL: Incoming DIO (id, ver, rank) = (30,240,498)
36389239	ID:33	RPL: Incoming DIO (dag_id, pref) = (fd00::ff:fe00:1, 0)
36391465	ID:33	RPL: DIO option 4, length: 14
36397372	ID:33	RPL: DAG conf:dbl=8, min=12 red=3 maxinc=896 mininc=128 ocp=1 d_l=10 l_u=60
36399598	ID:33	RPL: DIO option 8, length: 30
36401866	ID:33	RPL: Copying prefix information
36411769	ID:33	RPL: Neighbor added to neighbor cache fe80::c30c:0:0:2, c1:0c:00:00:00:00:00:02
37895513	ID:32	RPL: Sending a multicast-DIO with rank 299
39964697	ID:36	RPL: Sending a multicast-DIO with rank 487
41414533	ID:33	RPL: Sending a multicast-DIO with rank 498
42895492	ID:32	RPL: Sending a multicast-DIO with rank 299
44964676	ID:36	RPL: Sending a multicast-DIO with rank 487
46414512	ID:33	RPL: Sending a multicast-DIO with rank 498
47895492	ID:32	RPL: Sending a multicast-DIO with rank 299
49964676	ID:36	RPL: Sending a multicast-DIO with rank 487
51414512	ID:33	RPL: Sending a multicast-DIO with rank 498
52895492	ID:32	RPL: Sending a multicast-DIO with rank 299
54964676	ID:36	RPL: Sending a multicast-DIO with rank 487
56414512	ID:33	RPL: Sending a multicast-DIO with rank 498
57895492	ID:32	RPL: Sending a multicast-DIO with rank 299
59964676	ID:36	RPL: Sending a multicast-DIO with rank 487
61414512	ID:33	RPL: Sending a multicast-DIO with rank 498
62821089	ID:35	RPL: Sending a DIS to fe80::c30c:0:0:7
62895492	ID:32	RPL: Sending a multicast-DIO with rank 299
64964676	ID:36	RPL: Sending a multicast-DIO with rank 487
66414511	ID:33	RPL: Sending a multicast-DIO with rank 498
67895492	ID:32	RPL: Sending a multicast-DIO with rank 299
69964676	ID:36	RPL: Sending a multicast-DIO with rank 487
71414511	ID:33	RPL: Sending a multicast-DIO with rank 498
72895492	ID:32	RPL: Sending a multicast-DIO with rank 299
74964676	ID:36	RPL: Sending a multicast-DIO with rank 487
76414511	ID:33	RPL: Sending a multicast-DIO with rank 498
77895492	ID:32	RPL: Sending a multicast-DIO with rank 299
79964676	ID:36	RPL: Sending a multicast-DIO with rank 487
81414511	ID:33	RPL: Sending a multicast-DIO with rank 498
82895492	ID:32	RPL: Sending a multicast-DIO with rank 299
83471443	ID:34	RPL: Sending a DIS to fe80::c30c:0:0:6
84964676	ID:36	RPL: Sending a multicast-DIO with rank 487
86414511	ID:33	RPL: Sending a multicast-DIO with rank 498
87895492	ID:32	RPL: Sending a multicast-DIO with rank 299
89964676	ID:36	RPL: Sending a multicast-DIO with rank 487
91414499	ID:33	RPL: Sending a multicast-DIO with rank 498
92895479	ID:32	RPL: Sending a multicast-DIO with rank 299
94964663	ID:36	RPL: Sending a multicast-DIO with rank 487
96414499	ID:33	RPL: Sending a multicast-DIO with rank 498
97895479	ID:32	RPL: Sending a multicast-DIO with rank 299
99964663	ID:36	RPL: Sending a multicast-DIO with rank 487
101414499	ID:33	RPL: Sending a multicast-DIO with rank 498
102895479	ID:32	RPL: Sending a multicast-DIO with rank 299
104964663	ID:36	RPL: Sending a multicast-DIO with rank 487
106414499	ID:33	RPL: Sending a multicast-DIO with rank 498
107895479	ID:32	RPL: Sending a multicast-DIO with rank 299
109964663	ID:36	RPL: Sending a multicast-DIO with rank 487
111414499	ID:33	RPL: Sending a multicast-DIO with rank 498
112895479	ID:32	RPL: Sending a multicast-DIO with rank 299
114964663	ID:36	RPL: Sending a multicast-DIO with rank 487
116414499	ID:33	RPL: Sending a multicast-DIO with rank 498
117895479	ID:32	RPL: Sending a multicast-DIO with rank 299
119964663	ID:36	RPL: Sending a multicast-DIO with rank 487
121414499	ID:33	RPL: Sending a multicast-DIO with rank 498
122821198	ID:35	RPL: Sending a DIS to fe80::c30c:0:0:7
122895479	ID:32	RPL: Sending a multicast-DIO with rank 299
124964663	ID:36	RPL: Sending a multicast-DIO with rank 487
126414499	ID:33	RPL: Sending a multicast-DIO with rank 498
127895479	ID:32	RPL: Sending a multicast-DIO with rank 299
129964663	ID:36	RPL: Sending a multicast-DIO with rank 487
131414499	ID:33	RPL: Sending a multicast-DIO with rank 498
132895479	ID:32	RPL: Sending a multicast-DIO with rank 299
134964663	ID:36	RPL: Sending a multicast-DIO with rank 487
136414499	ID:33	RPL: Sending a multicast-DIO with rank 498
137895479	ID:32	RPL: Sending a multicast-DIO with rank 299
139964663	ID:36	RPL: Sending a multicast-DIO with rank 487
141414499	ID:33	RPL: Sending a multicast-DIO with rank 498
142895479	ID:32	RPL: Sending a multicast-DIO with rank 299
143471551	ID:34	RPL: Sending a DIS to fe80::c30c:0:0:6
144964663	ID:36	RPL: Sending a multicast-DIO with rank 487
146414499	ID:33	RPL: Sending a multicast-DIO with rank 498
147895479	ID:32	RPL: Sending a multicast-DIO with rank 299
149964663	ID:36	RPL: Sending a multicast-DIO with rank 487
151414499	ID:33	RPL: Sending a multicast-DIO with rank 498
152895479	ID:32	RPL: Sending a multicast-DIO with rank 299
154964663	ID:36	RPL: Sending a multicast-DIO with rank 487
156414499	ID:33	RPL: Sending a multicast-DIO with rank 498
157895479	ID:32	RPL: Sending a multicast-DIO with rank 299
159964663	ID:36	RPL: Sending a multicast-DIO with rank 487
161414499	ID:33	RPL: Sending a multicast-DIO with rank 498
162895479	ID:32	RPL: Sending a multicast-DIO with rank 299
164964663	ID:36	RPL: Sending a multicast-DIO with rank 487
166414499	ID:33	RPL: Sending a multicast-DIO with rank 498
167895479	ID:32	RPL: Sending a multicast-DIO with rank 299
169964663	ID:36	RPL: Sending a multicast-DIO with rank 487
171414499	ID:33	RPL: Sending a multicast-DIO with rank 498
172895479	ID:32	RPL: Sending a multicast-DIO with rank 299
174964663	ID:36	RPL: Sending a multicast-DIO with rank 487
176414499	ID:33	RPL: Sending a multicast-DIO with rank 498
177895479	ID:32	RPL: Sending a multicast-DIO with rank 299
179964663	ID:36	RPL: Sending a multicast-DIO with rank 487
181414499	ID:33	RPL: Sending a multicast-DIO with rank 498
182821198	ID:35	RPL: Sending a DIS to fe80::c30c:0:0:7
182895479	ID:32	RPL: Sending a multicast-DIO with rank 299
184964663	ID:36	RPL: Sending a multicast-DIO with rank 487
186414499	ID:33	RPL: Sending a multicast-DIO with rank 498
187895479	ID:32	RPL: Sending a multicast-DIO with rank 299
189964663	ID:36	RPL: Sending a multicast-DIO with rank 487
191414499	ID:33	RPL: Sending a multicast-DIO with rank 498
192895479	ID:32	RPL: Sending a multicast-DIO with rank 299
194964663	ID:36	RPL: Sending a multicast-DIO with rank 487
196414499	ID:33	RPL: Sending a multicast-DIO with rank 498
197895479	ID:32	RPL: Sending a multicast-DIO with rank 299
199964663	ID:36	RPL: Sending a multicast-DIO with rank 487
201414499	ID:33	RPL: Sending a multicast-DIO with rank 498
202895479	ID:32	RPL: Sending a multicast-DIO with rank 299
203471551	ID:34	RPL: Sending a DIS to fe80::c30c:0:0:6
204964663	ID:36	RPL: Sending a multicast-DIO with rank 487
206414499	ID:33	RPL: Sending a multicast-DIO with rank 498
207895479	ID:32	RPL: Sending a multicast-DIO with rank 299
209964663	ID:36	RPL: Sending a multicast-DIO with rank 487
211414499	ID:33	RPL: Sending a multicast-DIO with rank 498
212895479	ID:32	RPL: Sending a multicast-DIO with rank 299
214964663	ID:36	RPL: Sending a multicast-DIO with rank 487
216414499	ID:33	RPL: Sending a multicast-DIO with rank 498
217895479	ID:32	RPL: Sending a multicast-DIO with rank 299
219964663	ID:36	RPL: Sending a multicast-DIO with rank 487
221414499	ID:33	RPL: Sending a multicast-DIO with rank 498
222895479	ID:32	RPL: Sending a multicast-DIO with rank 299
224964663	ID:36	RPL: Sending a multicast-DIO with rank 487
226414499	ID:33	RPL: Sending a multicast-DIO with rank 498
227895479	ID:32	RPL: Sending a multicast-DIO with rank 299
229964663	ID:36	RPL: Sending a multicast-DIO with rank 487
231414499	ID:33	RPL: Sending a multicast-DIO with rank 498
232895479	ID:32	RPL: Sending a multicast-DIO with rank 299
234964663	ID:36	RPL: Sending a multicast-DIO with rank 487
236414499	ID:33	RPL: Sending a multicast-DIO with rank 498
237895479	ID:32	RPL: Sending a multicast-DIO with rank 299
239964663	ID:36	RPL: Sending a multicast-DIO with rank 487
241414499	ID:33	RPL: Sending a multicast-DIO with rank 498
242821198	ID:35	RPL: Sending a DIS to fe80::c30c:0:0:7
242895479	ID:32	RPL: Sending a multicast-DIO with rank 299
244964663	ID:36	RPL: Sending a multicast-DIO with rank 487
246414499	ID:33	RPL: Sending a multicast-DIO with rank 498
247895479	ID:32	RPL: Sending a multicast-DIO with rank 299
249964663	ID:36	RPL: Sending a multicast-DIO with rank 487
251414499	ID:33	RPL: Sending a multicast-DIO with rank 498
252895479	ID:32	RPL: Sending a multicast-DIO with rank 299
254964663	ID:36	RPL: Sending a multicast-DIO with rank 487
256414499	ID:33	RPL: Sending a multicast-DIO with rank 498
257895479	ID:32	RPL: Sending a multicast-DIO with rank 299
259964663	ID:36	RPL: Sending a multicast-DIO with rank 487
261414499	ID:33	RPL: Sending a multicast-DIO with rank 498
262895479	ID:32	RPL: Sending a multicast-DIO with rank 299
263471551	ID:34	RPL: Sending a DIS to fe80::c30c:0:0:6
264964663	ID:36	RPL: Sending a multicast-DIO with rank 487
266414499	ID:33	RPL: Sending a multicast-DIO with rank 498
267895479	ID:32	RPL: Sending a multicast-DIO with rank 299
269964663	ID:36	RPL: Sending a multicast-DIO with rank 487
271414499	ID:33	RPL: Sending a multicast-DIO with rank 498
272895479	ID:32	RPL: Sending a multicast-DIO with rank 299
274964663	ID:36	RPL: Sending a multicast-DIO with rank 487
276414499	ID:33	RPL: Sending a multicast-DIO with rank 498
277895479	ID:32	RPL: Sending a multicast-DIO with rank 299
279964663	ID:36	RPL: Sending a multicast-DIO with rank 487
281414499	ID:33	RPL: Sending a multicast-DIO with rank 498
282895479	ID:32	RPL: Sending a multicast-DIO with rank 299
284964663	ID:36	RPL: Sending a multicast-DIO with rank 487
286414499	ID:33	RPL: Sending a multicast-DIO with rank 498
287895479	ID:32	RPL: Sending a multicast-DIO with rank 299
289964663	ID:36	RPL: Sending a multicast-DIO with rank 487
291414499	ID:33	RPL: Sending a multicast-DIO with rank 498
292895479	ID:32	RPL: Sending a multicast-DIO with rank 299
294964663	ID:36	RPL: Sending a multicast-DIO with rank 487
296414499	ID:33	RPL: Sending a multicast-DIO with rank 498
297895479	ID:32	RPL: Sending a multicast-DIO with rank 299
299964663	ID:36	RPL: Sending a multicast-DIO with rank 487
301414499	ID:33	RPL: Sending a multicast-DIO with rank 498
302821198	ID:35	RPL: Sending a DIS to fe80::c30c:0:0:7
302895479	ID:32	RPL: Sending a multicast-DIO with rank 299
304964663	ID:36	RPL: Sending a multicast-DIO with rank 487
306414499	ID:33	RPL: Sending a multicast-DIO with rank 498
307895479	ID:32	RPL: Sending a multicast-DIO with rank 299
309964663	ID:36	RPL: Sending a multicast-DIO with rank 487
311414499	ID:33	RPL: Sending a multicast-DIO with rank 498
312895479	ID:32	RPL: Sending a multicast-DIO with rank 299
314964663	ID:36	RPL: Sending a multicast-DIO with rank 487
316414499	ID:33	RPL: Sending a multicast-DIO with rank 498
317895479	ID:32	RPL: Sending a multicast-DIO with rank 299
319964663	ID:36	RPL: Sending a multicast-DIO with rank 487
321414499	ID:33	RPL: Sending a multicast-DIO with rank 498
322895479	ID:32	RPL: Sending a multicast-DIO with rank 299
323471551	ID:34	RPL: Sending a DIS to fe80::c30c:0:0:6
324964663	ID:36	RPL: Sending a multicast-DIO with rank 487
326414499	ID:33	RPL: Sending a multicast-DIO with rank 498
327895479	ID:32	RPL: Sending a multicast-DIO with rank 299
329964663	ID:36	RPL: Sending a multicast-DIO with rank 487
331414499	ID:33	RPL: Sending a multicast-DIO with rank 498
332895479	ID:32	RPL: Sending a multicast-DIO with rank 299
334964663	ID:36	RPL: Sending a multicast-DIO with rank 487
336414499	ID:33	RPL: Sending a multicast-DIO with rank 498
337895479	ID:32	RPL: Sending a multicast-DIO with rank 299
339964663	ID:36	RPL: Sending a multicast-DIO with rank 487
341414499	ID:33	RPL: Sending a multicast-DIO with rank 498
342895479	ID:32	RPL: Sending a multicast-DIO with rank 299
344964663	ID:36	RPL: Sending a multicast-DIO with rank 487
346414499	ID:33	RPL: Sending a multicast-DIO with rank 498
347895479	ID:32	RPL: Sending a multicast-DIO with rank 299
349964663	ID:36	RPL: Sending a multicast-DIO with rank 487
351414505	ID:33	RPL: Sending a multicast-DIO with rank 498
352895486	ID:32	RPL: Sending a multicast-DIO with rank 299
354964663	ID:36	RPL: Sending a multicast-DIO with rank 487
356414499	ID:33	RPL: Sending a multicast-DIO with rank 498
357895479	ID:32	RPL: Sending a multicast-DIO with rank 299
359964663	ID:36	RPL: Sending a multicast-DIO with rank 487
361414499	ID:33	RPL: Sending a multicast-DIO with rank 498
362821198	ID:35	RPL: Sending a DIS to fe80::c30c:0:0:7
362895479	ID:32	RPL: Sending a multicast-DIO with rank 299
364964663	ID:36	RPL: Sending a multicast-DIO with rank 487
366414499	ID:33	RPL: Sending a multicast-DIO with rank 498
367895479	ID:32	RPL: Sending a multicast-DIO with rank 299
369964663	ID:36	RPL: Sending a multicast-DIO with rank 487
371414499	ID:33	RPL: Sending a multicast-DIO with rank 498
372895479	ID:32	RPL: Sending a multicast-DIO with rank 299
374964663	ID:36	RPL: Sending a multicast-DIO with rank 487
376414499	ID:33	RPL: Sending a multicast-DIO with rank 498
377895479	ID:32	RPL: Sending a multicast-DIO with rank 299
379964663	ID:36	RPL: Sending a multicast-DIO with rank 487
381414499	ID:33	RPL: Sending a multicast-DIO with rank 498
382895479	ID:32	RPL: Sending a multicast-DIO with rank 299
383471551	ID:34	RPL: Sending a DIS to fe80::c30c:0:0:6
384964663	ID:36	RPL: Sending a multicast-DIO with rank 487
386414499	ID:33	RPL: Sending a multicast-DIO with rank 498
387895479	ID:32	RPL: Sending a multicast-DIO with rank 299
389964663	ID:36	RPL: Sending a multicast-DIO with rank 487
391414499	ID:33	RPL: Sending a multicast-DIO with rank 498
392895479	ID:32	RPL: Sending a multicast-DIO with rank 299
394964663	ID:36	RPL: Sending a multicast-DIO with rank 487
396414499	ID:33	RPL: Sending a multicast-DIO with rank 498
397895479	ID:32	RPL: Sending a multicast-DIO with rank 299
399964663	ID:36	RPL: Sending a multicast-DIO with rank 487
401414499	ID:33	RPL: Sending a multicast-DIO with rank 498
402895479	ID:32	RPL: Sending a multicast-DIO with rank 299
404964663	ID:36	RPL: Sending a multicast-DIO with rank 487
406414499	ID:33	RPL: Sending a multicast-DIO with rank 498
407895479	ID:32	RPL: Sending a multicast-DIO with rank 299
409964663	ID:36	RPL: Sending a multicast-DIO with rank 487
411414499	ID:33	RPL: Sending a multicast-DIO with rank 498
412895479	ID:32	RPL: Sending a multicast-DIO with rank 299
414964663	ID:36	RPL: Sending a multicast-DIO with rank 487
416414499	ID:33	RPL: Sending a multicast-DIO with rank 498
417895479	ID:32	RPL: Sending a multicast-DIO with rank 299
419964670	ID:36	RPL: Sending a multicast-DIO with rank 487
421414499	ID:33	RPL: Sending a multicast-DIO with rank 498
422821198	ID:35	RPL: Sending a DIS to fe80::c30c:0:0:7
422895479	ID:32	RPL: Sending a multicast-DIO with rank 299
424964663	ID:36	RPL: Sending a multicast-DIO with rank 487
426414499	ID:33	RPL: Sending a multicast-DIO with rank 498
427895479	ID:32	RPL: Sending a multicast-DIO with rank 299
429964663	ID:36	RPL: Sending a multicast-DIO with rank 487
431414499	ID:33	RPL: Sending a multicast-DIO with rank 498
432895479	ID:32	RPL: Sending a multicast-DIO with rank 299
434964663	ID:36	RPL: Sending a multicast-DIO with rank 487
436414499	ID:33	RPL: Sending a multicast-DIO with rank 498
437895479	ID:32	RPL: Sending a multicast-DIO with rank 299
439964663	ID:36	RPL: Sending a multicast-DIO with rank 487
441414499	ID:33	RPL: Sending a multicast-DIO with rank 498
442895479	ID:32	RPL: Sending a multicast-DIO with rank 299
443471551	ID:34	RPL: Sending a DIS to fe80::c30c:0:0:6
444964663	ID:36	RPL: Sending a multicast-DIO with rank 487
446414499	ID:33	RPL: Sending a multicast-DIO with rank 498
447895479	ID:32	RPL: Sending a multicast-DIO with rank 299
449964663	ID:36	RPL: Sending a multicast-DIO with rank 487
451414499	ID:33	RPL: Sending a multicast-DIO with rank 498
452895479	ID:32	RPL: Sending a multicast-DIO with rank 299
454964663	ID:36	RPL: Sending a multicast-DIO with rank 487
456414499	ID:33	RPL: Sending a multicast-DIO with rank 498
457895479	ID:32	RPL: Sending a multicast-DIO with rank 299
459964663	ID:36	RPL: Sending a multicast-DIO with rank 487
461414499	ID:33	RPL: Sending a multicast-DIO with rank 498
462895479	ID:32	RPL: Sending a multicast-DIO with rank 299
464964663	ID:36	RPL: Sending a multicast-DIO with rank 487
466414499	ID:33	RPL: Sending a multicast-DIO with rank 498
467895479	ID:32	RPL: Sending a multicast-DIO with rank 299
469964663	ID:36	RPL: Sending a multicast-DIO with rank 487
471414499	ID:33	RPL: Sending a multicast-DIO with rank 498
472895479	ID:32	RPL: Sending a multicast-DIO with rank 299
474964663	ID:36	RPL: Sending a multicast-DIO with rank 487
476414499	ID:33	RPL: Sending a multicast-DIO with rank 498
477895479	ID:32	RPL: Sending a multicast-DIO with rank 299
479964663	ID:36	RPL: Sending a multicast-DIO with rank 487
481414499	ID:33	RPL: Sending a multicast-DIO with rank 498
482821706	ID:35	RPL: Sending a DIS to fe80::c30c:0:0:7
482895479	ID:32	RPL: Sending a multicast-DIO with rank 299
484964663	ID:36	RPL: Sending a multicast-DIO with rank 487
486414499	ID:33	RPL: Sending a multicast-DIO with rank 498
487895479	ID:32	RPL: Sending a multicast-DIO with rank 299
489964663	ID:36	RPL: Sending a multicast-DIO with rank 487
491414499	ID:33	RPL: Sending a multicast-DIO with rank 498
492895479	ID:32	RPL: Sending a multicast-DIO with rank 299
494964663	ID:36	RPL: Sending a multicast-DIO with rank 487
496414499	ID:33	RPL: Sending a multicast-DIO with rank 498
497895479	ID:32	RPL: Sending a multicast-DIO with rank 299
499964663	ID:36	RPL: Sending a multicast-DIO with rank 487
501414499	ID:33	RPL: Sending a multicast-DIO with rank 498
502895479	ID:32	RPL: Sending a multicast-DIO with rank 299
503471551	ID:34	RPL: Sending a DIS to fe80::c30c:0:0:6
504964663	ID:36	RPL: Sending a multicast-DIO with rank 487
506414499	ID:33	RPL: Sending a multicast-DIO with rank 498
507895479	ID:32	RPL: Sending a multicast-DIO with rank 299
509964663	ID:36	RPL: Sending a multicast-DIO with rank 487
511414499	ID:33	RPL: Sending a multicast-DIO with rank 498
512895479	ID:32	RPL: Sending a multicast-DIO with rank 299
514964663	ID:36	RPL: Sending a multicast-DIO with rank 487
516414499	ID:33	RPL: Sending a multicast-DIO with rank 498
517895479	ID:32	RPL: Sending a multicast-DIO with rank 299
519964663	ID:36	RPL: Sending a multicast-DIO with rank 487
521414499	ID:33	RPL: Sending a multicast-DIO with rank 498
522895479	ID:32	RPL: Sending a multicast-DIO with rank 299
524964663	ID:36	RPL: Sending a multicast-DIO with rank 487
526414499	ID:33	RPL: Sending a multicast-DIO with rank 498
527895479	ID:32	RPL: Sending a multicast-DIO with rank 299
529964663	ID:36	RPL: Sending a multicast-DIO with rank 487
531414499	ID:33	RPL: Sending a multicast-DIO with rank 498
532895479	ID:32	RPL: Sending a multicast-DIO with rank 299
534964663	ID:36	RPL: Sending a multicast-DIO with rank 487
536414499	ID:33	RPL: Sending a multicast-DIO with rank 498
537895479	ID:32	RPL: Sending a multicast-DIO with rank 299
539964663	ID:36	RPL: Sending a multicast-DIO with rank 487
541414499	ID:33	RPL: Sending a multicast-DIO with rank 498
542821198	ID:35	RPL: Sending a DIS to fe80::c30c:0:0:7
542895479	ID:32	RPL: Sending a multicast-DIO with rank 299
544964663	ID:36	RPL: Sending a multicast-DIO with rank 487
546414499	ID:33	RPL: Sending a multicast-DIO with rank 498
547895479	ID:32	RPL: Sending a multicast-DIO with rank 299
549964663	ID:36	RPL: Sending a multicast-DIO with rank 487
551414499	ID:33	RPL: Sending a multicast-DIO with rank 498
552895479	ID:32	RPL: Sending a multicast-DIO with rank 299
554964663	ID:36	RPL: Sending a multicast-DIO with rank 487
556414499	ID:33	RPL: Sending a multicast-DIO with rank 498
557895479	ID:32	RPL: Sending a multicast-DIO with rank 299
559964663	ID:36	RPL: Sending a multicast-DIO with rank 487
561414499	ID:33	RPL: Sending a multicast-DIO with rank 498
562895479	ID:32	RPL: Sending a multicast-DIO with rank 299
563471551	ID:34	RPL: Sending a DIS to fe80::c30c:0:0:6
564964663	ID:36	RPL: Sending a multicast-DIO with rank 487
566414499	ID:33	RPL: Sending a multicast-DIO with rank 498
567895479	ID:32	RPL: Sending a multicast-DIO with rank 299
569964663	ID:36	RPL: Sending a multicast-DIO with rank 487
571414499	ID:33	RPL: Sending a multicast-DIO with rank 498
572895479	ID:32	RPL: Sending a multicast-DIO with rank 299
574964663	ID:36	RPL: Sending a multicast-DIO with rank 487
576414499	ID:33	RPL: Sending a multicast-DIO with rank 498
577895479	ID:32	RPL: Sending a multicast-DIO with rank 299
579964663	ID:36	RPL: Sending a multicast-DIO with rank 487
581414499	ID:33	RPL: Sending a multicast-DIO with rank 498
582895479	ID:32	RPL: Sending a multicast-DIO with rank 299
584964663	ID:36	RPL: Sending a multicast-DIO with rank 487
586414499	ID:33	RPL: Sending a multicast-DIO with rank 498
587895479	ID:32	RPL: Sending a multicast-DIO with rank 299
589964663	ID:36	RPL: Sending a multicast-DIO with rank 487
591414499	ID:33	RPL: Sending a multicast-DIO with rank 498
592895479	ID:32	RPL: Sending a multicast-DIO with rank 299
594964663	ID:36	RPL: Sending a multicast-DIO with rank 487
596414499	ID:33	RPL: Sending a multicast-DIO with rank 498
597895479	ID:32	RPL: Sending a multicast-DIO with rank 299
599964663	ID:36	RPL: Sending a multicast-DIO with rank 487
601414499	ID:33	RPL: Sending a multicast-DIO with rank 498
602821198	ID:35	RPL: Sending a DIS to fe80::c30c:0:0:7
602895479	ID:32	RPL: Sending a multicast-DIO with rank 299
604964663	ID:36	RPL: Sending a multicast-DIO with rank 487
606414499	ID:33	RPL: Sending a multicast-DIO with rank 498
607895479	ID:32	RPL: Sending a multicast-DIO with rank 299
609964663	ID:36	RPL: Sending a multicast-DIO with rank 487
611414499	ID:33	RPL: Sending a multicast-DIO with rank 498
612895479	ID:32	RPL: Sending a multicast-DIO with rank 299
614964663	ID:36	RPL: Sending a multicast-DIO with rank 487
616414499	ID:33	RPL: Sending a multicast-DIO with rank 498
617895479	ID:32	RPL: Sending a multicast-DIO with rank 299
619964663	ID:36	RPL: Sending a multicast-DIO with rank 487
621414499	ID:33	RPL: Sending a multicast-DIO with rank 498
622895479	ID:32	RPL: Sending a multicast-DIO with rank 299
623471551	ID:34	RPL: Sending a DIS to fe80::c30c:0:0:6
624964663	ID:36	RPL: Sending a multicast-DIO with rank 487
626414499	ID:33	RPL: Sending a multicast-DIO with rank 498
627895479	ID:32	RPL: Sending a multicast-DIO with rank 299
629964663	ID:36	RPL: Sending a multicast-DIO with rank 487
631414499	ID:33	RPL: Sending a multicast-DIO with rank 498
632895479	ID:32	RPL: Sending a multicast-DIO with rank 299
634964663	ID:36	RPL: Sending a multicast-DIO with rank 487
636414499	ID:33	RPL: Sending a multicast-DIO with rank 498
637895479	ID:32	RPL: Sending a multicast-DIO with rank 299
639964663	ID:36	RPL: Sending a multicast-DIO with rank 487
641414499	ID:33	RPL: Sending a multicast-DIO with rank 498
642895479	ID:32	RPL: Sending a multicast-DIO with rank 299
644964663	ID:36	RPL: Sending a multicast-DIO with rank 487
646414499	ID:33	RPL: Sending a multicast-DIO with rank 498
647895479	ID:32	RPL: Sending a multicast-DIO with rank 299
649964663	ID:36	RPL: Sending a multicast-DIO with rank 487
651414499	ID:33	RPL: Sending a multicast-DIO with rank 498
652895479	ID:32	RPL: Sending a multicast-DIO with rank 299
654964663	ID:36	RPL: Sending a multicast-DIO with rank 487
656414499	ID:33	RPL: Sending a multicast-DIO with rank 498
657895479	ID:32	RPL: Sending a multicast-DIO with rank 299
659964663	ID:36	RPL: Sending a multicast-DIO with rank 487
661414499	ID:33	RPL: Sending a multicast-DIO with rank 498
662821198	ID:35	RPL: Sending a DIS to fe80::c30c:0:0:7
662895479	ID:32	RPL: Sending a multicast-DIO with rank 299
664964663	ID:36	RPL: Sending a multicast-DIO with rank 487
666414499	ID:33	RPL: Sending a multicast-DIO with rank 498
667895479	ID:32	RPL: Sending a multicast-DIO with rank 299
669964663	ID:36	RPL: Sending a multicast-DIO with rank 487
671414499	ID:33	RPL: Sending a multicast-DIO with rank 498
672895479	ID:32	RPL: Sending a multicast-DIO with rank 299
674964663	ID:36	RPL: Sending a multicast-DIO with rank 487
676414499	ID:33	RPL: Sending a multicast-DIO with rank 498
677895479	ID:32	RPL: Sending a multicast-DIO with rank 299
679964663	ID:36	RPL: Sending a multicast-DIO with rank 487
681414499	ID:33	RPL: Sending a multicast-DIO with rank 498
682895479	ID:32	RPL: Sending a multicast-DIO with rank 299
683471551	ID:34	RPL: Sending a DIS to fe80::c30c:0:0:6
684964663	ID:36	RPL: Sending a multicast-DIO with rank 487
686414499	ID:33	RPL: Sending a multicast-DIO with rank 498
687895479	ID:32	RPL: Sending a multicast-DIO with rank 299
689964664	ID:36	RPL: Sending a multicast-DIO with rank 487
691414499	ID:33	RPL: Sending a multicast-DIO with rank 498
692895480	ID:32	RPL: Sending a multicast-DIO with rank 299
694964664	ID:36	RPL: Sending a multicast-DIO with rank 487
696414499	ID:33	RPL: Sending a multicast-DIO with rank 498
697895480	ID:32	RPL: Sending a multicast-DIO with rank 299
699964664	ID:36	RPL: Sending a multicast-DIO with rank 487
701414499	ID:33	RPL: Sending a multicast-DIO with rank 498
702895480	ID:32	RPL: Sending a multicast-DIO with rank 299
704964664	ID:36	RPL: Sending a multicast-DIO with rank 487
706414499	ID:33	RPL: Sending a multicast-DIO with rank 498
707895480	ID:32	RPL: Sending a multicast-DIO with rank 299
709964664	ID:36	RPL: Sending a multicast-DIO with rank 487
711414506	ID:33	RPL: Sending a multicast-DIO with rank 498
712895480	ID:32	RPL: Sending a multicast-DIO with rank 299
714964664	ID:36	RPL: Sending a multicast-DIO with rank 487
716414499	ID:33	RPL: Sending a multicast-DIO with rank 498
717895480	ID:32	RPL: Sending a multicast-DIO with rank 299
719964664	ID:36	RPL: Sending a multicast-DIO with rank 487
721414499	ID:33	RPL: Sending a multicast-DIO with rank 498
722821198	ID:35	RPL: Sending a DIS to fe80::c30c:0:0:7
722895480	ID:32	RPL: Sending a multicast-DIO with rank 299
724964664	ID:36	RPL: Sending a multicast-DIO with rank 487
726414499	ID:33	RPL: Sending a multicast-DIO with rank 498
727895480	ID:32	RPL: Sending a multicast-DIO with rank 299
729964664	ID:36	RPL: Sending a multicast-DIO with rank 487
731414499	ID:33	RPL: Sending a multicast-DIO with rank 498
732895480	ID:32	RPL: Sending a multicast-DIO with rank 299
734964664	ID:36	RPL: Sending a multicast-DIO with rank 487
736414499	ID:33	RPL: Sending a multicast-DIO with rank 498
737895480	ID:32	RPL: Sending a multicast-DIO with rank 299
739964664	ID:36	RPL: Sending a multicast-DIO with rank 487
741414499	ID:33	RPL: Sending a multicast-DIO with rank 498
742895480	ID:32	RPL: Sending a multicast-DIO with rank 299
743471551	ID:34	RPL: Sending a DIS to fe80::c30c:0:0:6
744964664	ID:36	RPL: Sending a multicast-DIO with rank 487
746414499	ID:33	RPL: Sending a multicast-DIO with rank 498
747895480	ID:32	RPL: Sending a multicast-DIO with rank 299
749964664	ID:36	RPL: Sending a multicast-DIO with rank 487
751414499	ID:33	RPL: Sending a multicast-DIO with rank 498
752895480	ID:32	RPL: Sending a multicast-DIO with rank 299
754964663	ID:36	RPL: Sending a multicast-DIO with rank 487
756414499	ID:33	RPL: Sending a multicast-DIO with rank 498
757895480	ID:32	RPL: Sending a multicast-DIO with rank 299
759964664	ID:36	RPL: Sending a multicast-DIO with rank 487
761414499	ID:33	RPL: Sending a multicast-DIO with rank 498
762895480	ID:32	RPL: Sending a multicast-DIO with rank 299
764964664	ID:36	RPL: Sending a multicast-DIO with rank 487
766414499	ID:33	RPL: Sending a multicast-DIO with rank 498
767895480	ID:32	RPL: Sending a multicast-DIO with rank 299
769964664	ID:36	RPL: Sending a multicast-DIO with rank 487
771414499	ID:33	RPL: Sending a multicast-DIO with rank 498
772895480	ID:32	RPL: Sending a multicast-DIO with rank 299
774964664	ID:36	RPL: Sending a multicast-DIO with rank 487
776414499	ID:33	RPL: Sending a multicast-DIO with rank 498
777895480	ID:32	RPL: Sending a multicast-DIO with rank 299
779964664	ID:36	RPL: Sending a multicast-DIO with rank 487
781414499	ID:33	RPL: Sending a multicast-DIO with rank 498
782821198	ID:35	RPL: Sending a DIS to fe80::c30c:0:0:7
782895480	ID:32	RPL: Sending a multicast-DIO with rank 299
784964664	ID:36	RPL: Sending a multicast-DIO with rank 487
786414499	ID:33	RPL: Sending a multicast-DIO with rank 498
787895480	ID:32	RPL: Sending a multicast-DIO with rank 299
789964664	ID:36	RPL: Sending a multicast-DIO with rank 487
791414499	ID:33	RPL: Sending a multicast-DIO with rank 498
792895480	ID:32	RPL: Sending a multicast-DIO with rank 299
794964664	ID:36	RPL: Sending a multicast-DIO with rank 487
796414499	ID:33	RPL: Sending a multicast-DIO with rank 498
797895486	ID:32	RPL: Sending a multicast-DIO with rank 299
799964664	ID:36	RPL: Sending a multicast-DIO with rank 487
801414499	ID:33	RPL: Sending a multicast-DIO with rank 498
802895479	ID:32	RPL: Sending a multicast-DIO with rank 299
803472208	ID:34	RPL: Sending a DIS to fe80::c30c:0:0:6
804964664	ID:36	RPL: Sending a multicast-DIO with rank 487
806414499	ID:33	RPL: Sending a multicast-DIO with rank 498
807895480	ID:32	RPL: Sending a multicast-DIO with rank 299
809964664	ID:36	RPL: Sending a multicast-DIO with rank 487
811414499	ID:33	RPL: Sending a multicast-DIO with rank 498
812895480	ID:32	RPL: Sending a multicast-DIO with rank 299
814964664	ID:36	RPL: Sending a multicast-DIO with rank 487
816414499	ID:33	RPL: Sending a multicast-DIO with rank 498
817895480	ID:32	RPL: Sending a multicast-DIO with rank 299
819964664	ID:36	RPL: Sending a multicast-DIO with rank 487
821414499	ID:33	RPL: Sending a multicast-DIO with rank 498
822895480	ID:32	RPL: Sending a multicast-DIO with rank 299
824964663	ID:36	RPL: Sending a multicast-DIO with rank 487
826414499	ID:33	RPL: Sending a multicast-DIO with rank 498
827895480	ID:32	RPL: Sending a multicast-DIO with rank 299
829964664	ID:36	RPL: Sending a multicast-DIO with rank 487
831414499	ID:33	RPL: Sending a multicast-DIO with rank 498
832895480	ID:32	RPL: Sending a multicast-DIO with rank 299
834964664	ID:36	RPL: Sending a multicast-DIO with rank 487
836414499	ID:33	RPL: Sending a multicast-DIO with rank 498
837895480	ID:32	RPL: Sending a multicast-DIO with rank 299
839964664	ID:36	RPL: Sending a multicast-DIO with rank 487
841414499	ID:33	RPL: Sending a multicast-DIO with rank 498
842821198	ID:35	RPL: Sending a DIS to fe80::c30c:0:0:7
842895480	ID:32	RPL: Sending a multicast-DIO with rank 299
844964664	ID:36	RPL: Sending a multicast-DIO with rank 487
846414499	ID:33	RPL: Sending a multicast-DIO with rank 498
847895480	ID:32	RPL: Sending a multicast-DIO with rank 299
849964670	ID:36	RPL: Sending a multicast-DIO with rank 487
851414499	ID:33	RPL: Sending a multicast-DIO with rank 498
852895480	ID:32	RPL: Sending a multicast-DIO with rank 299
854964664	ID:36	RPL: Sending a multicast-DIO with rank 487
856414499	ID:33	RPL: Sending a multicast-DIO with rank 498
857895480	ID:32	RPL: Sending a multicast-DIO with rank 299
859964664	ID:36	RPL: Sending a multicast-DIO with rank 487
861414499	ID:33	RPL: Sending a multicast-DIO with rank 498
862895480	ID:32	RPL: Sending a multicast-DIO with rank 299
863471551	ID:34	RPL: Sending a DIS to fe80::c30c:0:0:6
864964664	ID:36	RPL: Sending a multicast-DIO with rank 487
866414499	ID:33	RPL: Sending a multicast-DIO with rank 498
867895480	ID:32	RPL: Sending a multicast-DIO with rank 299
869964664	ID:36	RPL: Sending a multicast-DIO with rank 487
871414499	ID:33	RPL: Sending a multicast-DIO with rank 498
872895480	ID:32	RPL: Sending a multicast-DIO with rank 299
874964664	ID:36	RPL: Sending a multicast-DIO with rank 487
876414499	ID:33	RPL: Sending a multicast-DIO with rank 498
877895480	ID:32	RPL: Sending a multicast-DIO with rank 299
879964664	ID:36	RPL: Sending a multicast-DIO with rank 487
881414499	ID:33	RPL: Sending a multicast-DIO with rank 498
882895480	ID:32	RPL: Sending a multicast-DIO with rank 299
884964664	ID:36	RPL: Sending a multicast-DIO with rank 487
886414499	ID:33	RPL: Sending a multicast-DIO with rank 498
887895480	ID:32	RPL: Sending a multicast-DIO with rank 299
889964664	ID:36	RPL: Sending a multicast-DIO with rank 487
891414499	ID:33	RPL: Sending a multicast-DIO with rank 498
892895480	ID:32	RPL: Sending a multicast-DIO with rank 299
894964664	ID:36	RPL: Sending a multicast-DIO with rank 487
896414499	ID:33	RPL: Sending a multicast-DIO with rank 498
897895480	ID:32	RPL: Sending a multicast-DIO with rank 299
899964664	ID:36	RPL: Sending a multicast-DIO with rank 487
901414499	ID:33	RPL: Sending a multicast-DIO with rank 498
902821198	ID:35	RPL: Sending a DIS to fe80::c30c:0:0:7
902895480	ID:32	RPL: Sending a multicast-DIO with rank 299
904964664	ID:36	RPL: Sending a multicast-DIO with rank 487
906414499	ID:33	RPL: Sending a multicast-DIO with rank 498
907895480	ID:32	RPL: Sending a multicast-DIO with rank 299
909964664	ID:36	RPL: Sending a multicast-DIO with rank 487
911414499	ID:33	RPL: Sending a multicast-DIO with rank 498
912895480	ID:32	RPL: Sending a multicast-DIO with rank 299
914964664	ID:36	RPL: Sending a multicast-DIO with rank 487
916414499	ID:33	RPL: Sending a multicast-DIO with rank 498
917895480	ID:32	RPL: Sending a multicast-DIO with rank 299
919964664	ID:36	RPL: Sending a multicast-DIO with rank 487
921414499	ID:33	RPL: Sending a multicast-DIO with rank 498
922895480	ID:32	RPL: Sending a multicast-DIO with rank 299
923471551	ID:34	RPL: Sending a DIS to fe80::c30c:0:0:6
924964664	ID:36	RPL: Sending a multicast-DIO with rank 487
926414499	ID:33	RPL: Sending a multicast-DIO with rank 498
927895480	ID:32	RPL: Sending a multicast-DIO with rank 299
929964664	ID:36	RPL: Sending a multicast-DIO with rank 487
931414499	ID:33	RPL: Sending a multicast-DIO with rank 498
932895480	ID:32	RPL: Sending a multicast-DIO with rank 299
934964664	ID:36	RPL: Sending a multicast-DIO with rank 487
936414499	ID:33	RPL: Sending a multicast-DIO with rank 498
937895480	ID:32	RPL: Sending a multicast-DIO with rank 299
939964664	ID:36	RPL: Sending a multicast-DIO with rank 487
941414499	ID:33	RPL: Sending a multicast-DIO with rank 498
942895480	ID:32	RPL: Sending a multicast-DIO with rank 299
944964664	ID:36	RPL: Sending a multicast-DIO with rank 487
946414499	ID:33	RPL: Sending a multicast-DIO with rank 498
947895480	ID:32	RPL: Sending a multicast-DIO with rank 299
949964664	ID:36	RPL: Sending a multicast-DIO with rank 487
951414499	ID:33	RPL: Sending a multicast-DIO with rank 498
952895480	ID:32	RPL: Sending a multicast-DIO with rank 299
954964663	ID:36	RPL: Sending a multicast-DIO with rank 487
956414499	ID:33	RPL: Sending a multicast-DIO with rank 498
957895480	ID:32	RPL: Sending a multicast-DIO with rank 299
959964664	ID:36	RPL: Sending a multicast-DIO with rank 487
961414499	ID:33	RPL: Sending a multicast-DIO with rank 498
962821198	ID:35	RPL: Sending a DIS to fe80::c30c:0:0:7
962895480	ID:32	RPL: Sending a multicast-DIO with rank 299
964964664	ID:36	RPL: Sending a multicast-DIO with rank 487
966414499	ID:33	RPL: Sending a multicast-DIO with rank 498
967895480	ID:32	RPL: Sending a multicast-DIO with rank 299
969964664	ID:36	RPL: Sending a multicast-DIO with rank 487
971414499	ID:33	RPL: Sending a multicast-DIO with rank 498
972895480	ID:32	RPL: Sending a multicast-DIO with rank 299
974964664	ID:36	RPL: Sending a multicast-DIO with rank 487
976414499	ID:33	RPL: Sending a multicast-DIO with rank 498
977895480	ID:32	RPL: Sending a multicast-DIO with rank 299
979964664	ID:36	RPL: Sending a multicast-DIO with rank 487
981414499	ID:33	RPL: Sending a multicast-DIO with rank 498
982895480	ID:32	RPL: Sending a multicast-DIO with rank 299
983471551	ID:34	RPL: Sending a DIS to fe80::c30c:0:0:6
984964664	ID:36	RPL: Sending a multicast-DIO with rank 487
986414499	ID:33	RPL: Sending a multicast-DIO with rank 498
987895480	ID:32	RPL: Sending a multicast-DIO with rank 299
989964664	ID:36	RPL: Sending a multicast-DIO with rank 487
991414499	ID:33	RPL: Sending a multicast-DIO with rank 498
992895480	ID:32	RPL: Sending a multicast-DIO with rank 299
994964664	ID:36	RPL: Sending a multicast-DIO with rank 487
996414499	ID:33	RPL: Sending a multicast-DIO with rank 498
997895480	ID:32	RPL: Sending a multicast-DIO with rank 299
999964664	ID:36	RPL: Sending a multicast-DIO with rank 487
1001414499	ID:33	RPL: Sending a multicast-DIO with rank 498
1002895480	ID:32	RPL: Sending a multicast-DIO with rank 299
1004964663	ID:36	RPL: Sending a multicast-DIO with rank 487
1006414499	ID:33	RPL: Sending a multicast-DIO with rank 498
1007895480	ID:32	RPL: Sending a multicast-DIO with rank 299
1009964664	ID:36	RPL: Sending a multicast-DIO with rank 487
1011414499	ID:33	RPL: Sending a multicast-DIO with rank 498
1012895480	ID:32	RPL: Sending a multicast-DIO with rank 299
1014964664	ID:36	RPL: Sending a multicast-DIO with rank 487
1016414499	ID:33	RPL: Sending a multicast-DIO with rank 498
1017895480	ID:32	RPL: Sending a multicast-DIO with rank 299
1019964664	ID:36	RPL: Sending a multicast-DIO with rank 487
1021414499	ID:33	RPL: Sending a multicast-DIO with rank 498
1022821198	ID:35	RPL: Sending a DIS to fe80::c30c:0:0:7
1022895480	ID:32	RPL: Sending a multicast-DIO with rank 299
1024964664	ID:36	RPL: Sending a multicast-DIO with rank 487
1026414500	ID:33	RPL: Sending a multicast-DIO with rank 498
1027895480	ID:32	RPL: Sending a multicast-DIO with rank 299
1029964664	ID:36	RPL: Sending a multicast-DIO with rank 487
1031414500	ID:33	RPL: Sending a multicast-DIO with rank 498
1032895480	ID:32	RPL: Sending a multicast-DIO with rank 299
1034964664	ID:36	RPL: Sending a multicast-DIO with rank 487
1036414500	ID:33	RPL: Sending a multicast-DIO with rank 498
1037895480	ID:32	RPL: Sending a multicast-DIO with rank 299
1039964664	ID:36	RPL: Sending a multicast-DIO with rank 487
1041414500	ID:33	RPL: Sending a multicast-DIO with rank 498
1042895480	ID:32	RPL: Sending a multicast-DIO with rank 299
1043471552	ID:34	RPL: Sending a DIS to fe80::c30c:0:0:6
1044964664	ID:36	RPL: Sending a multicast-DIO with rank 487
1046414500	ID:33	RPL: Sending a multicast-DIO with rank 498
1047895480	ID:32	RPL: Sending a multicast-DIO with rank 299
1049964664	ID:36	RPL: Sending a multicast-DIO with rank 487
1051414500	ID:33	RPL: Sending a multicast-DIO with rank 498
1052895480	ID:32	RPL: Sending a multicast-DIO with rank 299
1054964664	ID:36	RPL: Sending a multicast-DIO with rank 487
1056414500	ID:33	RPL: Sending a multicast-DIO with rank 498
1057895480	ID:32	RPL: Sending a multicast-DIO with rank 299
1059964664	ID:36	RPL: Sending a multicast-DIO with rank 487
1061414507	ID:33	RPL: Sending a multicast-DIO with rank 498
1062895480	ID:32	RPL: Sending a multicast-DIO with rank 299
1064964664	ID:36	RPL: Sending a multicast-DIO with rank 487
1066414500	ID:33	RPL: Sending a multicast-DIO with rank 498
1067895480	ID:32	RPL: Sending a multicast-DIO with rank 299
1069964664	ID:36	RPL: Sending a multicast-DIO with rank 487
1071414500	ID:33	RPL: Sending a multicast-DIO with rank 498
1072895480	ID:32	RPL: Sending a multicast-DIO with rank 299
1074964664	ID:36	RPL: Sending a multicast-DIO with rank 487
1076414500	ID:33	RPL: Sending a multicast-DIO with rank 498
1077895480	ID:32	RPL: Sending a multicast-DIO with rank 299
1079964664	ID:36	RPL: Sending a multicast-DIO with rank 487
1081414500	ID:33	RPL: Sending a multicast-DIO with rank 498
1082821199	ID:35	RPL: Sending a DIS to fe80::c30c:0:0:7
1082895480	ID:32	RPL: Sending a multicast-DIO with rank 299
1084964664	ID:36	RPL: Sending a multicast-DIO with rank 487
1086414500	ID:33	RPL: Sending a multicast-DIO with rank 498
1087895480	ID:32	RPL: Sending a multicast-DIO with rank 299
1089964664	ID:36	RPL: Sending a multicast-DIO with rank 487
1091414500	ID:33	RPL: Sending a multicast-DIO with rank 498
1092895480	ID:32	RPL: Sending a multicast-DIO with rank 299
1094964664	ID:36	RPL: Sending a multicast-DIO with rank 487
1096414500	ID:33	RPL: Sending a multicast-DIO with rank 498
1097895480	ID:32	RPL: Sending a multicast-DIO with rank 299
1099964664	ID:36	RPL: Sending a multicast-DIO with rank 487
1101414500	ID:33	RPL: Sending a multicast-DIO with rank 498
1102895480	ID:32	RPL: Sending a multicast-DIO with rank 299
1103471552	ID:34	RPL: Sending a DIS to fe80::c30c:0:0:6
1104964664	ID:36	RPL: Sending a multicast-DIO with rank 487
1106414500	ID:33	RPL: Sending a multicast-DIO with rank 498
1107895480	ID:32	RPL: Sending a multicast-DIO with rank 299
1109964664	ID:36	RPL: Sending a multicast-DIO with rank 487
1111414500	ID:33	RPL: Sending a multicast-DIO with rank 498
1112895480	ID:32	RPL: Sending a multicast-DIO with rank 299
1114964664	ID:36	RPL: Sending a multicast-DIO with rank 487
1116414500	ID:33	RPL: Sending a multicast-DIO with rank 498
1117895480	ID:32	RPL: Sending a multicast-DIO with rank 299
1119964664	ID:36	RPL: Sending a multicast-DIO with rank 487
1121414500	ID:33	RPL: Sending a multicast-DIO with rank 498
1122895480	ID:32	RPL: Sending a multicast-DIO with rank 299
1124964664	ID:36	RPL: Sending a multicast-DIO with rank 487
1126414500	ID:33	RPL: Sending a multicast-DIO with rank 498
1127895480	ID:32	RPL: Sending a multicast-DIO with rank 299
1129964664	ID:36	RPL: Sending a multicast-DIO with rank 487
1131414500	ID:33	RPL: Sending a multicast-DIO with rank 498
1132895480	ID:32	RPL: Sending a multicast-DIO with rank 299
1134964664	ID:36	RPL: Sending a multicast-DIO with rank 487
1136414500	ID:33	RPL: Sending a multicast-DIO with rank 498
1137895480	ID:32	RPL: Sending a multicast-DIO with rank 299
1139964664	ID:36	RPL: Sending a multicast-DIO with rank 487
1141414500	ID:33	RPL: Sending a multicast-DIO with rank 498
1142821199	ID:35	RPL: Sending a DIS to fe80::c30c:0:0:7
1142895487	ID:32	RPL: Sending a multicast-DIO with rank 299
1144964664	ID:36	RPL: Sending a multicast-DIO with rank 487
1146414500	ID:33	RPL: Sending a multicast-DIO with rank 498
1147895480	ID:32	RPL: Sending a multicast-DIO with rank 299
1149964664	ID:36	RPL: Sending a multicast-DIO with rank 487
1151414500	ID:33	RPL: Sending a multicast-DIO with rank 498
1152895480	ID:32	RPL: Sending a multicast-DIO with rank 299
1154964664	ID:36	RPL: Sending a multicast-DIO with rank 487
1156414500	ID:33	RPL: Sending a multicast-DIO with rank 498
1157895480	ID:32	RPL: Sending a multicast-DIO with rank 299
1159964664	ID:36	RPL: Sending a multicast-DIO with rank 487
1161414500	ID:33	RPL: Sending a multicast-DIO with rank 498
1162895480	ID:32	RPL: Sending a multicast-DIO with rank 299
1163471552	ID:34	RPL: Sending a DIS to fe80::c30c:0:0:6
1164964664	ID:36	RPL: Sending a multicast-DIO with rank 487
1166414500	ID:33	RPL: Sending a multicast-DIO with rank 498
1167895480	ID:32	RPL: Sending a multicast-DIO with rank 299
1169964664	ID:36	RPL: Sending a multicast-DIO with rank 487
1171414500	ID:33	RPL: Sending a multicast-DIO with rank 498
1172895480	ID:32	RPL: Sending a multicast-DIO with rank 299
1174964664	ID:36	RPL: Sending a multicast-DIO with rank 487
1176414500	ID:33	RPL: Sending a multicast-DIO with rank 498
1177895480	ID:32	RPL: Sending a multicast-DIO with rank 299
1179964671	ID:36	RPL: Sending a multicast-DIO with rank 487
1181414500	ID:33	RPL: Sending a multicast-DIO with rank 498
1182895480	ID:32	RPL: Sending a multicast-DIO with rank 299
1184964664	ID:36	RPL: Sending a multicast-DIO with rank 487
1186414500	ID:33	RPL: Sending a multicast-DIO with rank 498
1187895480	ID:32	RPL: Sending a multicast-DIO with rank 299
1189964664	ID:36	RPL: Sending a multicast-DIO with rank 487
1191414500	ID:33	RPL: Sending a multicast-DIO with rank 498
1192895480	ID:32	RPL: Sending a multicast-DIO with rank 299
1194964664	ID:36	RPL: Sending a multicast-DIO with rank 487
1196414500	ID:33	RPL: Sending a multicast-DIO with rank 498
1197895480	ID:32	RPL: Sending a multicast-DIO with rank 299
1199964664	ID:36	RPL: Sending a multicast-DIO with rank 487
1201414505	ID:33	RPL: Sending a multicast-DIO with rank 498
1202821204	ID:35	RPL: Sending a DIS to fe80::c30c:0:0:7
1202895485	ID:32	RPL: Sending a multicast-DIO with rank 299
1204964669	ID:36	RPL: Sending a multicast-DIO with rank 487
1206414499	ID:33	RPL: Sending a multicast-DIO with rank 498
1207895479	ID:32	RPL: Sending a multicast-DIO with rank 299
1209964663	ID:36	RPL: Sending a multicast-DIO with rank 487
1211414499	ID:33	RPL: Sending a multicast-DIO with rank 498
1212895479	ID:32	RPL: Sending a multicast-DIO with rank 299
1214964663	ID:36	RPL: Sending a multicast-DIO with rank 487
1216414499	ID:33	RPL: Sending a multicast-DIO with rank 498
1217895479	ID:32	RPL: Sending a multicast-DIO with rank 299
1219964663	ID:36	RPL: Sending a multicast-DIO with rank 487
1221414499	ID:33	RPL: Sending a multicast-DIO with rank 498
1222895479	ID:32	RPL: Sending a multicast-DIO with rank 299
1223471551	ID:34	RPL: Sending a DIS to fe80::c30c:0:0:6
1224964663	ID:36	RPL: Sending a multicast-DIO with rank 487
1226414499	ID:33	RPL: Sending a multicast-DIO with rank 498
1227895479	ID:32	RPL: Sending a multicast-DIO with rank 299
1229964663	ID:36	RPL: Sending a multicast-DIO with rank 487
1231414499	ID:33	RPL: Sending a multicast-DIO with rank 498
1232895479	ID:32	RPL: Sending a multicast-DIO with rank 299
1234964663	ID:36	RPL: Sending a multicast-DIO with rank 487
1236414499	ID:33	RPL: Sending a multicast-DIO with rank 498
1237895479	ID:32	RPL: Sending a multicast-DIO with rank 299
1239964663	ID:36	RPL: Sending a multicast-DIO with rank 487
1241414499	ID:33	RPL: Sending a multicast-DIO with rank 498
1242895479	ID:32	RPL: Sending a multicast-DIO with rank 299
1244964663	ID:36	RPL: Sending a multicast-DIO with rank 487
1246414499	ID:33	RPL: Sending a multicast-DIO with rank 498
1247895479	ID:32	RPL: Sending a multicast-DIO with rank 299
1249964663	ID:36	RPL: Sending a multicast-DIO with rank 487
1251414499	ID:33	RPL: Sending a multicast-DIO with rank 498
1252895479	ID:32	RPL: Sending a multicast-DIO with rank 299
1254964663	ID:36	RPL: Sending a multicast-DIO with rank 487
1256414499	ID:33	RPL: Sending a multicast-DIO with rank 498
1257895479	ID:32	RPL: Sending a multicast-DIO with rank 299
1259964663	ID:36	RPL: Sending a multicast-DIO with rank 487
1261414499	ID:33	RPL: Sending a multicast-DIO with rank 498
1262821198	ID:35	RPL: Sending a DIS to fe80::c30c:0:0:7
1262895479	ID:32	RPL: Sending a multicast-DIO with rank 299
1264964663	ID:36	RPL: Sending a multicast-DIO with rank 487
1266414499	ID:33	RPL: Sending a multicast-DIO with rank 498
1267895479	ID:32	RPL: Sending a multicast-DIO with rank 299
1269964663	ID:36	RPL: Sending a multicast-DIO with rank 487
1271414499	ID:33	RPL: Sending a multicast-DIO with rank 498
1272895479	ID:32	RPL: Sending a multicast-DIO with rank 299
1274964663	ID:36	RPL: Sending a multicast-DIO with rank 487
1276414499	ID:33	RPL: Sending a multicast-DIO with rank 498
1277895479	ID:32	RPL: Sending a multicast-DIO with rank 299
1279964663	ID:36	RPL: Sending a multicast-DIO with rank 487
1281414499	ID:33	RPL: Sending a multicast-DIO with rank 498
1282895479	ID:32	RPL: Sending a multicast-DIO with rank 299
1283471551	ID:34	RPL: Sending a DIS to fe80::c30c:0:0:6
1284964663	ID:36	RPL: Sending a multicast-DIO with rank 487
1286414499	ID:33	RPL: Sending a multicast-DIO with rank 498
1287895479	ID:32	RPL: Sending a multicast-DIO with rank 299
1289964663	ID:36	RPL: Sending a multicast-DIO with rank 487
1291414499	ID:33	RPL: Sending a multicast-DIO with rank 498
1292895479	ID:32	RPL: Sending a multicast-DIO with rank 299
1294964663	ID:36	RPL: Sending a multicast-DIO with rank 487
1296414499	ID:33	RPL: Sending a multicast-DIO with rank 498
1297895479	ID:32	RPL: Sending a multicast-DIO with rank 299
1299964663	ID:36	RPL: Sending a multicast-DIO with rank 487
1301414499	ID:33	RPL: Sending a multicast-DIO with rank 498
1302895479	ID:32	RPL: Sending a multicast-DIO with rank 299
1304964663	ID:36	RPL: Sending a multicast-DIO with rank 487
1306414499	ID:33	RPL: Sending a multicast-DIO with rank 498
1307895479	ID:32	RPL: Sending a multicast-DIO with rank 299
1309964663	ID:36	RPL: Sending a multicast-DIO with rank 487
1311414499	ID:33	RPL: Sending a multicast-DIO with rank 498
1312895479	ID:32	RPL: Sending a multicast-DIO with rank 299
1314964663	ID:36	RPL: Sending a multicast-DIO with rank 487
1316414499	ID:33	RPL: Sending a multicast-DIO with rank 498
1317895479	ID:32	RPL: Sending a multicast-DIO with rank 299
1319964663	ID:36	RPL: Sending a multicast-DIO with rank 487
1321414499	ID:33	RPL: Sending a multicast-DIO with rank 498
1322821198	ID:35	RPL: Sending a DIS to fe80::c30c:0:0:7
1322895479	ID:32	RPL: Sending a multicast-DIO with rank 299
1324964663	ID:36	RPL: Sending a multicast-DIO with rank 487
1326414499	ID:33	RPL: Sending a multicast-DIO with rank 498
1327895479	ID:32	RPL: Sending a multicast-DIO with rank 299
1329964663	ID:36	RPL: Sending a multicast-DIO with rank 487
1331414499	ID:33	RPL: Sending a multicast-DIO with rank 498
1332895479	ID:32	RPL: Sending a multicast-DIO with rank 299
1334964663	ID:36	RPL: Sending a multicast-DIO with rank 487
1336414499	ID:33	RPL: Sending a multicast-DIO with rank 498
1337895479	ID:32	RPL: Sending a multicast-DIO with rank 299
1339964663	ID:36	RPL: Sending a multicast-DIO with rank 487
1341414499	ID:33	RPL: Sending a multicast-DIO with rank 498
1342895479	ID:32	RPL: Sending a multicast-DIO with rank 299
1343471551	ID:34	RPL: Sending a DIS to fe80::c30c:0:0:6
1344964663	ID:36	RPL: Sending a multicast-DIO with rank 487
1346414499	ID:33	RPL: Sending a multicast-DIO with rank 498
1347895479	ID:32	RPL: Sending a multicast-DIO with rank 299
1349964663	ID:36	RPL: Sending a multicast-DIO with rank 487
1351414499	ID:33	RPL: Sending a multicast-DIO with rank 498
1352895479	ID:32	RPL: Sending a multicast-DIO with rank 299
1354964663	ID:36	RPL: Sending a multicast-DIO with rank 487
1356414499	ID:33	RPL: Sending a multicast-DIO with rank 498
1357895479	ID:32	RPL: Sending a multicast-DIO with rank 299
1359964663	ID:36	RPL: Sending a multicast-DIO with rank 487
1361414499	ID:33	RPL: Sending a multicast-DIO with rank 498
1362895479	ID:32	RPL: Sending a multicast-DIO with rank 299
1364964663	ID:36	RPL: Sending a multicast-DIO with rank 487
1366414499	ID:33	RPL: Sending a multicast-DIO with rank 498
1367895479	ID:32	RPL: Sending a multicast-DIO with rank 299
1369964663	ID:36	RPL: Sending a multicast-DIO with rank 487
1371414499	ID:33	RPL: Sending a multicast-DIO with rank 498
1372895479	ID:32	RPL: Sending a multicast-DIO with rank 299
1374964663	ID:36	RPL: Sending a multicast-DIO with rank 487
1376414499	ID:33	RPL: Sending a multicast-DIO with rank 498
1377895479	ID:32	RPL: Sending a multicast-DIO with rank 299
1379964663	ID:36	RPL: Sending a multicast-DIO with rank 487
1381414499	ID:33	RPL: Sending a multicast-DIO with rank 498
1382821198	ID:35	RPL: Sending a DIS to fe80::c30c:0:0:7
1382895479	ID:32	RPL: Sending a multicast-DIO with rank 299
1384964663	ID:36	RPL: Sending a multicast-DIO with rank 487
1386414499	ID:33	RPL: Sending a multicast-DIO with rank 498
1387895479	ID:32	RPL: Sending a multicast-DIO with rank 299
1389964663	ID:36	RPL: Sending a multicast-DIO with rank 487
1391414499	ID:33	RPL: Sending a multicast-DIO with rank 498
1392895479	ID:32	RPL: Sending a multicast-DIO with rank 299
1394964663	ID:36	RPL: Sending a multicast-DIO with rank 487
1396414506	ID:33	RPL: Sending a multicast-DIO with rank 498
1397895479	ID:32	RPL: Sending a multicast-DIO with rank 299
1399964663	ID:36	RPL: Sending a multicast-DIO with rank 487
1401414499	ID:33	RPL: Sending a multicast-DIO with rank 498
1402895479	ID:32	RPL: Sending a multicast-DIO with rank 299
1403471551	ID:34	RPL: Sending a DIS to fe80::c30c:0:0:6
1404964663	ID:36	RPL: Sending a multicast-DIO with rank 487
1406414499	ID:33	RPL: Sending a multicast-DIO with rank 498
1407895479	ID:32	RPL: Sending a multicast-DIO with rank 299
1409964663	ID:36	RPL: Sending a multicast-DIO with rank 487
1411414499	ID:33	RPL: Sending a multicast-DIO with rank 498
1412895479	ID:32	RPL: Sending a multicast-DIO with rank 299
1414964663	ID:36	RPL: Sending a multicast-DIO with rank 487
1416414499	ID:33	RPL: Sending a multicast-DIO with rank 498
1417895479	ID:32	RPL: Sending a multicast-DIO with rank 299
1419964663	ID:36	RPL: Sending a multicast-DIO with rank 487
1421414499	ID:33	RPL: Sending a multicast-DIO with rank 498
1422895479	ID:32	RPL: Sending a multicast-DIO with rank 299
1424964663	ID:36	RPL: Sending a multicast-DIO with rank 487
1426414499	ID:33	RPL: Sending a multicast-DIO with rank 498
1427895479	ID:32	RPL: Sending a multicast-DIO with rank 299
1429964663	ID:36	RPL: Sending a multicast-DIO with rank 487
1431414499	ID:33	RPL: Sending a multicast-DIO with rank 498
1432895479	ID:32	RPL: Sending a multicast-DIO with rank 299
1434964663	ID:36	RPL: Sending a multicast-DIO with rank 487
1436414499	ID:33	RPL: Sending a multicast-DIO with rank 498
1437895479	ID:32	RPL: Sending a multicast-DIO with rank 299
1439964663	ID:36	RPL: Sending a multicast-DIO with rank 487
1441414499	ID:33	RPL: Sending a multicast-DIO with rank 498
1442821198	ID:35	RPL: Sending a DIS to fe80::c30c:0:0:7
1442895479	ID:32	RPL: Sending a multicast-DIO with rank 299
1444964663	ID:36	RPL: Sending a multicast-DIO with rank 487
1446414499	ID:33	RPL: Sending a multicast-DIO with rank 498
1447895479	ID:32	RPL: Sending a multicast-DIO with rank 299
1449964663	ID:36	RPL: Sending a multicast-DIO with rank 487
1451414499	ID:33	RPL: Sending a multicast-DIO with rank 498
1452895479	ID:32	RPL: Sending a multicast-DIO with rank 299
1454964663	ID:36	RPL: Sending a multicast-DIO with rank 487
1456414499	ID:33	RPL: Sending a multicast-DIO with rank 498
1457895479	ID:32	RPL: Sending a multicast-DIO with rank 299
1459964663	ID:36	RPL: Sending a multicast-DIO with rank 487
1461414499	ID:33	RPL: Sending a multicast-DIO with rank 498
1462895479	ID:32	RPL: Sending a multicast-DIO with rank 299
1463471551	ID:34	RPL: Sending a DIS to fe80::c30c:0:0:6
1464964663	ID:36	RPL: Sending a multicast-DIO with rank 487
1466414499	ID:33	RPL: Sending a multicast-DIO with rank 498
1467895479	ID:32	RPL: Sending a multicast-DIO with rank 299
1469964663	ID:36	RPL: Sending a multicast-DIO with rank 487
1471414499	ID:33	RPL: Sending a multicast-DIO with rank 498
1472895479	ID:32	RPL: Sending a multicast-DIO with rank 299
1474964663	ID:36	RPL: Sending a multicast-DIO with rank 487
1476414499	ID:33	RPL: Sending a multicast-DIO with rank 498
1477895479	ID:32	RPL: Sending a multicast-DIO with rank 299
1479964663	ID:36	RPL: Sending a multicast-DIO with rank 487
1481414499	ID:33	RPL: Sending a multicast-DIO with rank 498
1482895479	ID:32	RPL: Sending a multicast-DIO with rank 299
1484964663	ID:36	RPL: Sending a multicast-DIO with rank 487
1486414499	ID:33	RPL: Sending a multicast-DIO with rank 498
1487895479	ID:32	RPL: Sending a multicast-DIO with rank 299
1489964663	ID:36	RPL: Sending a multicast-DIO with rank 487
1491414499	ID:33	RPL: Sending a multicast-DIO with rank 498
1492895479	ID:32	RPL: Sending a multicast-DIO with rank 299
1494964670	ID:36	RPL: Sending a multicast-DIO with rank 487
1496414499	ID:33	RPL: Sending a multicast-DIO with rank 498
1497895479	ID:32	RPL: Sending a multicast-DIO with rank 299
1499964663	ID:36	RPL: Sending a multicast-DIO with rank 487
1501414499	ID:33	RPL: Sending a multicast-DIO with rank 498
1502821198	ID:35	RPL: Sending a DIS to fe80::c30c:0:0:7
1502895479	ID:32	RPL: Sending a multicast-DIO with rank 299
1504964663	ID:36	RPL: Sending a multicast-DIO with rank 487
1506414499	ID:33	RPL: Sending a multicast-DIO with rank 498
1507895479	ID:32	RPL: Sending a multicast-DIO with rank 299
1509964663	ID:36	RPL: Sending a multicast-DIO with rank 487
1511414499	ID:33	RPL: Sending a multicast-DIO with rank 498
1512895479	ID:32	RPL: Sending a multicast-DIO with rank 299
1514964663	ID:36	RPL: Sending a multicast-DIO with rank 487
1516414499	ID:33	RPL: Sending a multicast-DIO with rank 498
1517895479	ID:32	RPL: Sending a multicast-DIO with rank 299
1519964663	ID:36	RPL: Sending a multicast-DIO with rank 487
1521414499	ID:33	RPL: Sending a multicast-DIO with rank 498
1522895479	ID:32	RPL: Sending a multicast-DIO with rank 299
1523471551	ID:34	RPL: Sending a DIS to fe80::c30c:0:0:6
1524964663	ID:36	RPL: Sending a multicast-DIO with rank 487
1526414499	ID:33	RPL: Sending a multicast-DIO with rank 498
1527895479	ID:32	RPL: Sending a multicast-DIO with rank 299
1529964663	ID:36	RPL: Sending a multicast-DIO with rank 487
1531414499	ID:33	RPL: Sending a multicast-DIO with rank 498
1532895486	ID:32	RPL: Sending a multicast-DIO with rank 299
1534964663	ID:36	RPL: Sending a multicast-DIO with rank 487
1536414499	ID:33	RPL: Sending a multicast-DIO with rank 498
1537895479	ID:32	RPL: Sending a multicast-DIO with rank 299
1539964663	ID:36	RPL: Sending a multicast-DIO with rank 487
1541414499	ID:33	RPL: Sending a multicast-DIO with rank 498
1542895479	ID:32	RPL: Sending a multicast-DIO with rank 299
1544964663	ID:36	RPL: Sending a multicast-DIO with rank 487
1546414499	ID:33	RPL: Sending a multicast-DIO with rank 498
1547895479	ID:32	RPL: Sending a multicast-DIO with rank 299
1549964663	ID:36	RPL: Sending a multicast-DIO with rank 487
1551414499	ID:33	RPL: Sending a multicast-DIO with rank 498
1552895479	ID:32	RPL: Sending a multicast-DIO with rank 299
1554964663	ID:36	RPL: Sending a multicast-DIO with rank 487
1556414499	ID:33	RPL: Sending a multicast-DIO with rank 498
1557895479	ID:32	RPL: Sending a multicast-DIO with rank 299
1559964663	ID:36	RPL: Sending a multicast-DIO with rank 487
1561414499	ID:33	RPL: Sending a multicast-DIO with rank 498
1562821707	ID:35	RPL: Sending a DIS to fe80::c30c:0:0:7
1562895479	ID:32	RPL: Sending a multicast-DIO with rank 299
1564964663	ID:36	RPL: Sending a multicast-DIO with rank 487
1566414499	ID:33	RPL: Sending a multicast-DIO with rank 498
1567895479	ID:32	RPL: Sending a multicast-DIO with rank 299
1569964663	ID:36	RPL: Sending a multicast-DIO with rank 487
1571414499	ID:33	RPL: Sending a multicast-DIO with rank 498
1572895479	ID:32	RPL: Sending a multicast-DIO with rank 299
1574964663	ID:36	RPL: Sending a multicast-DIO with rank 487
1576414499	ID:33	RPL: Sending a multicast-DIO with rank 498
1577895479	ID:32	RPL: Sending a multicast-DIO with rank 299
1579964663	ID:36	RPL: Sending a multicast-DIO with rank 487
1581414499	ID:33	RPL: Sending a multicast-DIO with rank 498
1582895479	ID:32	RPL: Sending a multicast-DIO with rank 299
1583471551	ID:34	RPL: Sending a DIS to fe80::c30c:0:0:6
1584964663	ID:36	RPL: Sending a multicast-DIO with rank 487
1586414499	ID:33	RPL: Sending a multicast-DIO with rank 498
1587895479	ID:32	RPL: Sending a multicast-DIO with rank 299
1589964663	ID:36	RPL: Sending a multicast-DIO with rank 487
1591414499	ID:33	RPL: Sending a multicast-DIO with rank 498
1592895479	ID:32	RPL: Sending a multicast-DIO with rank 299
1594964663	ID:36	RPL: Sending a multicast-DIO with rank 487
1596414499	ID:33	RPL: Sending a multicast-DIO with rank 498
1597895479	ID:32	RPL: Sending a multicast-DIO with rank 299
1599964663	ID:36	RPL: Sending a multicast-DIO with rank 487
1601414499	ID:33	RPL: Sending a multicast-DIO with rank 498
1602895479	ID:32	RPL: Sending a multicast-DIO with rank 299
1604964663	ID:36	RPL: Sending a multicast-DIO with rank 487
1606414499	ID:33	RPL: Sending a multicast-DIO with rank 498
1607895479	ID:32	RPL: Sending a multicast-DIO with rank 299
1609964663	ID:36	RPL: Sending a multicast-DIO with rank 487
1611414499	ID:33	RPL: Sending a multicast-DIO with rank 498
1612895479	ID:32	RPL: Sending a multicast-DIO with rank 299
1614964663	ID:36	RPL: Sending a multicast-DIO with rank 487
1616414499	ID:33	RPL: Sending a multicast-DIO with rank 498
1617895479	ID:32	RPL: Sending a multicast-DIO with rank 299
1619964663	ID:36	RPL: Sending a multicast-DIO with rank 487
1621414499	ID:33	RPL: Sending a multicast-DIO with rank 498
1622821198	ID:35	RPL: Sending a DIS to fe80::c30c:0:0:7
1622895479	ID:32	RPL: Sending a multicast-DIO with rank 299
1624964663	ID:36	RPL: Sending a multicast-DIO with rank 487
1626414499	ID:33	RPL: Sending a multicast-DIO with rank 498
1627895479	ID:32	RPL: Sending a multicast-DIO with rank 299
1629964663	ID:36	RPL: Sending a multicast-DIO with rank 487
1631414499	ID:33	RPL: Sending a multicast-DIO with rank 498
1632895479	ID:32	RPL: Sending a multicast-DIO with rank 299
1634964663	ID:36	RPL: Sending a multicast-DIO with rank 487
1636414499	ID:33	RPL: Sending a multicast-DIO with rank 498
1637895479	ID:32	RPL: Sending a multicast-DIO with rank 299
1639964663	ID:36	RPL: Sending a multicast-DIO with rank 487
1641414499	ID:33	RPL: Sending a multicast-DIO with rank 498
1642895479	ID:32	RPL: Sending a multicast-DIO with rank 299
1643471551	ID:34	RPL: Sending a DIS to fe80::c30c:0:0:6
1644964663	ID:36	RPL: Sending a multicast-DIO with rank 487
1646414499	ID:33	RPL: Sending a multicast-DIO with rank 498
1647895479	ID:32	RPL: Sending a multicast-DIO with rank 299
1649964663	ID:36	RPL: Sending a multicast-DIO with rank 487
1651414499	ID:33	RPL: Sending a multicast-DIO with rank 498
1652895479	ID:32	RPL: Sending a multicast-DIO with rank 299
1654964663	ID:36	RPL: Sending a multicast-DIO with rank 487
1656414499	ID:33	RPL: Sending a multicast-DIO with rank 498
1657895479	ID:32	RPL: Sending a multicast-DIO with rank 299
1659964663	ID:36	RPL: Sending a multicast-DIO with rank 487
1661414499	ID:33	RPL: Sending a multicast-DIO with rank 498
1662895479	ID:32	RPL: Sending a multicast-DIO with rank 299
1664964663	ID:36	RPL: Sending a multicast-DIO with rank 487
1666414499	ID:33	RPL: Sending a multicast-DIO with rank 498
1667895479	ID:32	RPL: Sending a multicast-DIO with rank 299
1669964663	ID:36	RPL: Sending a multicast-DIO with rank 487
1671414499	ID:33	RPL: Sending a multicast-DIO with rank 498
1672895479	ID:32	RPL: Sending a multicast-DIO with rank 299
1674964663	ID:36	RPL: Sending a multicast-DIO with rank 487
1676414499	ID:33	RPL: Sending a multicast-DIO with rank 498
1677895479	ID:32	RPL: Sending a multicast-DIO with rank 299
1679964663	ID:36	RPL: Sending a multicast-DIO with rank 487
1681414499	ID:33	RPL: Sending a multicast-DIO with rank 498
1682821198	ID:35	RPL: Sending a DIS to fe80::c30c:0:0:7
1682895479	ID:32	RPL: Sending a multicast-DIO with rank 299
1684964663	ID:36	RPL: Sending a multicast-DIO with rank 487
1686414499	ID:33	RPL: Sending a multicast-DIO with rank 498
1687895479	ID:32	RPL: Sending a multicast-DIO with rank 299
1689964663	ID:36	RPL: Sending a multicast-DIO with rank 487
1691414499	ID:33	RPL: Sending a multicast-DIO with rank 498
1692895479	ID:32	RPL: Sending a multicast-DIO with rank 299
1694964663	ID:36	RPL: Sending a multicast-DIO with rank 487
1696414499	ID:33	RPL: Sending a multicast-DIO with rank 498
1697895479	ID:32	RPL: Sending a multicast-DIO with rank 299
1699964663	ID:36	RPL: Sending a multicast-DIO with rank 487
1701414499	ID:33	RPL: Sending a multicast-DIO with rank 498
1702895479	ID:32	RPL: Sending a multicast-DIO with rank 299
1703471551	ID:34	RPL: Sending a DIS to fe80::c30c:0:0:6
1704964663	ID:36	RPL: Sending a multicast-DIO with rank 487
1706414499	ID:33	RPL: Sending a multicast-DIO with rank 498
1707895479	ID:32	RPL: Sending a multicast-DIO with rank 299
1709964663	ID:36	RPL: Sending a multicast-DIO with rank 487
1711414499	ID:33	RPL: Sending a multicast-DIO with rank 498
1712895479	ID:32	RPL: Sending a multicast-DIO with rank 299
1714964663	ID:36	RPL: Sending a multicast-DIO with rank 487
1716414499	ID:33	RPL: Sending a multicast-DIO with rank 498
1717895479	ID:32	RPL: Sending a multicast-DIO with rank 299
1719964663	ID:36	RPL: Sending a multicast-DIO with rank 487
1721414499	ID:33	RPL: Sending a multicast-DIO with rank 498
1722895479	ID:32	RPL: Sending a multicast-DIO with rank 299
1724964663	ID:36	RPL: Sending a multicast-DIO with rank 487
1726414499	ID:33	RPL: Sending a multicast-DIO with rank 498
1727895479	ID:32	RPL: Sending a multicast-DIO with rank 299
1729964663	ID:36	RPL: Sending a multicast-DIO with rank 487
1731414499	ID:33	RPL: Sending a multicast-DIO with rank 498
1732895479	ID:32	RPL: Sending a multicast-DIO with rank 299
1734964663	ID:36	RPL: Sending a multicast-DIO with rank 487
1736414499	ID:33	RPL: Sending a multicast-DIO with rank 498
1737895479	ID:32	RPL: Sending a multicast-DIO with rank 299
1739964663	ID:36	RPL: Sending a multicast-DIO with rank 487
1741414506	ID:33	RPL: Sending a multicast-DIO with rank 498
1742821198	ID:35	RPL: Sending a DIS to fe80::c30c:0:0:7
1742895479	ID:32	RPL: Sending a multicast-DIO with rank 299
1744964663	ID:36	RPL: Sending a multicast-DIO with rank 487
1746414499	ID:33	RPL: Sending a multicast-DIO with rank 498
1747895479	ID:32	RPL: Sending a multicast-DIO with rank 299
1749964663	ID:36	RPL: Sending a multicast-DIO with rank 487
1751414499	ID:33	RPL: Sending a multicast-DIO with rank 498
1752895479	ID:32	RPL: Sending a multicast-DIO with rank 299
1754964663	ID:36	RPL: Sending a multicast-DIO with rank 487
1756414499	ID:33	RPL: Sending a multicast-DIO with rank 498
1757895479	ID:32	RPL: Sending a multicast-DIO with rank 299
1759964663	ID:36	RPL: Sending a multicast-DIO with rank 487
1761414499	ID:33	RPL: Sending a multicast-DIO with rank 498
1762895479	ID:32	RPL: Sending a multicast-DIO with rank 299
1763471551	ID:34	RPL: Sending a DIS to fe80::c30c:0:0:6
1764964663	ID:36	RPL: Sending a multicast-DIO with rank 487
1766414499	ID:33	RPL: Sending a multicast-DIO with rank 498
1767895479	ID:32	RPL: Sending a multicast-DIO with rank 299
1769964663	ID:36	RPL: Sending a multicast-DIO with rank 487
1771414499	ID:33	RPL: Sending a multicast-DIO with rank 498
1772895479	ID:32	RPL: Sending a multicast-DIO with rank 299
1774964663	ID:36	RPL: Sending a multicast-DIO with rank 487
1776414499	ID:33	RPL: Sending a multicast-DIO with rank 498
1777895479	ID:32	RPL: Sending a multicast-DIO with rank 299
1779964663	ID:36	RPL: Sending a multicast-DIO with rank 487
1781414499	ID:33	RPL: Sending a multicast-DIO with rank 498
1782895479	ID:32	RPL: Sending a multicast-DIO with rank 299
1784964663	ID:36	RPL: Sending a multicast-DIO with rank 487
1786414499	ID:33	RPL: Sending a multicast-DIO with rank 498
1787895479	ID:32	RPL: Sending a multicast-DIO with rank 299
1789964663	ID:36	RPL: Sending a multicast-DIO with rank 487
1791414499	ID:33	RPL: Sending a multicast-DIO with rank 498
1792895479	ID:32	RPL: Sending a multicast-DIO with rank 299
1794964663	ID:36	RPL: Sending a multicast-DIO with rank 487
1796414499	ID:33	RPL: Sending a multicast-DIO with rank 498
1797895479	ID:32	RPL: Sending a multicast-DIO with rank 299
1799964663	ID:36	RPL: Sending a multicast-DIO with rank 487
